>>> lua-cmsgpack: Validating /home/packager/oily-pine/main/lua-cmsgpack/APKBUILD...
>>> lua-cmsgpack: Cleaning up srcdir
>>> lua-cmsgpack: Cleaning up pkgdir
>>> lua-cmsgpack: Cleaning up tmpdir
>>> lua-cmsgpack: Fetching lua-cmsgpack-0.4.0.tar.gz::https://github.com/antirez/lua-cmsgpack/archive/0.4.0.tar.gz
  % Total    % Received % Xferd  Average Speed   Time    Time     Time  Current
                                 Dload  Upload   Total   Spent    Left  Speed
  0     0    0     0    0     0      0      0 --:--:-- --:--:-- --:--:--     0  0     0    0     0    0     0      0      0 --:--:-- --:--:-- --:--:--     0
  0     0    0     0    0     0      0      0 --:--:-- --:--:-- --:--:--     0100 18121    0 18121    0     0  27023      0 --:--:-- --:--:-- --:--:-- 69429
>>> lua-cmsgpack: Fetching lua-cmsgpack-0.4.0.tar.gz::https://github.com/antirez/lua-cmsgpack/archive/0.4.0.tar.gz
>>> lua-cmsgpack: Checking sha512sums...
lua-cmsgpack-0.4.0.tar.gz: OK
>>> lua-cmsgpack: Preparing build chroot...
fetch http://dl-cdn.alpinelinux.org/alpine/edge/main/x86_64/APKINDEX.tar.gz
(1/71) Installing musl (1.2.5-r10)
(2/71) Installing libcrypto3 (3.5.0-r0)
(3/71) Installing ca-certificates-bundle (20241121-r2)
(4/71) Installing libssl3 (3.5.0-r0)
(5/71) Installing zlib (1.3.1-r2)
(6/71) Installing libapk2 (2.14.9-r2)
(7/71) Installing apk-tools (2.14.9-r2)
(8/71) Installing libcap2 (2.76-r0)
(9/71) Installing libcap-getcap (2.76-r0)
(10/71) Installing fakeroot (1.37.1.1-r0)
(11/71) Installing scanelf (1.3.8-r1)
(12/71) Installing musl-utils (1.2.5-r10)
(13/71) Installing libgcc (14.3.0-r0)
(14/71) Installing libstdc++ (14.3.0-r0)
(15/71) Installing lzip (1.25-r0)
(16/71) Installing openssl (3.5.0-r0)
(17/71) Installing patch (2.8-r0)
(18/71) Installing pkgconf (2.4.3-r0)
(19/71) Installing acl-libs (2.3.2-r1)
(20/71) Installing tar (1.35-r3)
(21/71) Installing busybox (1.37.0-r18)
Executing busybox-1.37.0-r18.post-install
(22/71) Installing ssl_client (1.37.0-r18)
(23/71) Installing busybox-binsh (1.37.0-r18)
(24/71) Installing abuild (3.15.0-r0)
Executing abuild-3.15.0-r0.pre-install
(25/71) Installing abuild-sudo (3.15.0-r0)
(26/71) Installing alpine-baselayout-data (3.7.0-r0)
(27/71) Installing alpine-baselayout (3.7.0-r0)
Executing alpine-baselayout-3.7.0-r0.pre-install
Executing alpine-baselayout-3.7.0-r0.post-install
(28/71) Installing bridge (1.5-r5)
(29/71) Installing ifupdown-ng (0.12.1-r7)
(30/71) Installing openrc-user (0.62.2-r2)
(31/71) Installing openrc (0.62.2-r2)
Executing openrc-0.62.2-r2.post-install
(32/71) Installing mdev-conf (4.8-r0)
(33/71) Installing busybox-mdev-openrc (1.37.0-r18)
(34/71) Installing alpine-conf (3.20.0-r0)
(35/71) Installing alpine-keys (2.5-r0)
(36/71) Installing alpine-release (3.22.0-r0)
(37/71) Installing busybox-openrc (1.37.0-r18)
(38/71) Installing busybox-suid (1.37.0-r18)
(39/71) Installing alpine-base (3.22.0-r0)
(40/71) Installing jansson (2.14.1-r0)
(41/71) Installing zstd-libs (1.5.7-r0)
(42/71) Installing binutils (2.44-r0)
(43/71) Installing libmagic (5.46-r2)
(44/71) Installing file (5.46-r2)
(45/71) Installing libgomp (14.3.0-r0)
(46/71) Installing libatomic (14.3.0-r0)
(47/71) Installing gmp (6.3.0-r3)
(48/71) Installing isl26 (0.26-r1)
(49/71) Installing mpfr4 (4.2.1_p1-r0)
(50/71) Installing mpc1 (1.3.1-r1)
(51/71) Installing gcc (14.3.0-r0)
(52/71) Installing libstdc++-dev (14.3.0-r0)
(53/71) Installing musl-dev (1.2.5-r10)
(54/71) Installing g++ (14.3.0-r0)
(55/71) Installing make (4.4.1-r3)
(56/71) Installing fortify-headers (1.1-r5)
(57/71) Installing build-base (0.5-r3)
(58/71) Installing brotli-libs (1.1.0-r2)
(59/71) Installing c-ares (1.34.5-r0)
(60/71) Installing libunistring (1.3-r0)
(61/71) Installing libidn2 (2.3.7-r0)
(62/71) Installing nghttp2-libs (1.65.0-r0)
(63/71) Installing libpsl (0.21.5-r3)
(64/71) Installing libcurl (8.14.0-r2)
(65/71) Installing libexpat (2.7.1-r0)
(66/71) Installing pcre2 (10.43-r1)
(67/71) Installing git (2.49.0-r0)
(68/71) Installing git-init-template (2.49.0-r0)
(69/71) Installing lua5.1-libs (5.1.5-r13)
(70/71) Installing lua5.1 (5.1.5-r13)
(71/71) Installing lua5.1-dev (5.1.5-r13)
Executing busybox-1.37.0-r18.trigger
OK: 261 MiB in 71 packages
>>> lua-cmsgpack: Fetching lua-cmsgpack-0.4.0.tar.gz::https://github.com/antirez/lua-cmsgpack/archive/0.4.0.tar.gz
>>> lua-cmsgpack: Checking sha512sums...
lua-cmsgpack-0.4.0.tar.gz: OK
>>> lua-cmsgpack: Unpacking /var/cache/distfiles/lua-cmsgpack-0.4.0.tar.gz...
>>> lua-cmsgpack: Entering fakeroot...
>>> lua-cmsgpack*: Running postcheck for lua-cmsgpack
>>> lua-cmsgpack*: Preparing package lua-cmsgpack...
>>> lua-cmsgpack*: Stripping binaries
>>> lua-cmsgpack*: Scanning shared objects
>>> lua-cmsgpack*: Tracing dependencies...
	so:libc.musl-x86_64.so.1
>>> lua-cmsgpack*: Package size: 21.6 KB
>>> lua-cmsgpack*: Compressing data...
>>> lua-cmsgpack*: Create checksum...
>>> lua-cmsgpack*: Create lua-cmsgpack-0.4.0-r2.apk
>>> lua-cmsgpack: Updating the main/x86_64 repository index...
>>> lua-cmsgpack: Signing the index...
>>> lua-cmsgpack: Cleaning up srcdir
>>> lua-cmsgpack: Cleaning up build chroot
>>> lua-cmsgpack: Cleaning up pkgdir
