pigz: not found
>>> font-micro-misc: Building main/font-micro-misc 1.0.4-r1 (using abuild 3.14.1-r4) started Fri, 23 May 2025 03:30:19 +0000
>>> font-micro-misc: Validating /home/packager/aports/main/font-micro-misc/APKBUILD...
>>> font-micro-misc: Analyzing dependencies...
>>> font-micro-misc: Installing for build: build-base encodings font-alias mkfontscale fontconfig font-util-dev bdftopcf
(1/11) Installing encodings (1.0.7-r1)
(2/11) Installing font-alias (1.0.5-r0)
(3/11) Installing libfontenc (1.1.8-r0)
(4/11) Installing libpng (1.6.47-r0)
(5/11) Installing freetype (2.13.3-r0)
(6/11) Installing mkfontscale (1.2.3-r1)
(7/11) Installing fontconfig (2.15.0-r1)
(8/11) Installing font-util (1.4.1-r0)
(9/11) Installing font-util-dev (1.4.1-r0)
(10/11) Installing bdftopcf (1.1.2-r0)
(11/11) Installing .makedepends-font-micro-misc (20250523.033023)
Executing mkfontscale-1.2.3-r1.trigger
Executing fontconfig-2.15.0-r1.trigger
Executing busybox-1.37.0-r12.trigger
OK: 315 MiB in 125 packages
>>> font-micro-misc: Cleaning up srcdir
>>> font-micro-misc: Cleaning up pkgdir
>>> font-micro-misc: Cleaning up tmpdir
>>> font-micro-misc: Fetching https://www.x.org/releases/individual/font/font-micro-misc-1.0.4.tar.xz
Connecting to www.x.org (131.252.210.176:443)
saving to '/var/cache/distfiles/font-micro-misc-1.0.4.tar.xz.part'
font-micro-misc-1.0. 100% |********************************| 94544  0:00:00 ETA
'/var/cache/distfiles/font-micro-misc-1.0.4.tar.xz.part' saved
>>> font-micro-misc: Fetching https://www.x.org/releases/individual/font/font-micro-misc-1.0.4.tar.xz
>>> font-micro-misc: Checking sha512sums...
font-micro-misc-1.0.4.tar.xz: OK
>>> font-micro-misc: Unpacking /var/cache/distfiles/font-micro-misc-1.0.4.tar.xz...
configure: WARNING: unrecognized options: --with-mapfiles
checking for a BSD-compatible install... /usr/bin/install -c
checking whether build environment is sane... yes
checking for a race-free mkdir -p... /bin/mkdir -p
checking for gawk... gawk
checking whether make sets $(MAKE)... yes
checking whether make supports nested variables... yes
checking for x86_64-alpine-linux-musl-pkg-config... no
checking for pkg-config... /usr/bin/pkg-config
checking pkg-config is at least version 0.9.0... yes
checking build system type... x86_64-alpine-linux-musl
checking host system type... x86_64-alpine-linux-musl
checking for a sed that does not truncate output... /bin/sed
Package xorg-macros was not found in the pkg-config search path.
Perhaps you should add the directory containing `xorg-macros.pc'
to the PKG_CONFIG_PATH environment variable
Package 'xorg-macros' not found
checking whether make supports nested variables... (cached) yes
checking for root directory for font files... /usr/share/fonts/X11
checking for directory for misc files... /usr/share/fonts/mis
checking for fc-cache... /usr/bin/fc-cache
checking for mkfontdir... /usr/bin/mkfontdir
checking for bdftopcf... /usr/bin/bdftopcf
checking font compression method... gzip
checking for gzip... /usr/bin/gzip
checking options to font compression command... -n
checking that generated files are newer than configure... done
configure: creating ./config.status
config.status: creating Makefile
configure: WARNING: unrecognized options: --with-mapfiles
  GEN      micro.pcf.gz
>>> font-micro-misc: Entering fakeroot...
make[1]: Entering directory '/home/packager/aports/main/font-micro-misc/src/font-micro-misc-1.0.4'
make[1]: Nothing to be done for 'install-exec-am'.
 /bin/mkdir -p '/home/packager/aports/main/font-micro-misc/pkg/font-micro-misc/usr/share/fonts/mis'
 /usr/bin/install -c -m 644 micro.pcf.gz '/home/packager/aports/main/font-micro-misc/pkg/font-micro-misc/usr/share/fonts/mis'
make  install-data-hook
make[2]: Entering directory '/home/packager/aports/main/font-micro-misc/src/font-micro-misc-1.0.4'
: /home/packager/aports/main/font-micro-misc/pkg/font-micro-misc/usr/share/fonts/mis
** Warning: fonts.cache not built
** Generate this file manually on host system using fc-cache
make[2]: Leaving directory '/home/packager/aports/main/font-micro-misc/src/font-micro-misc-1.0.4'
make[1]: Leaving directory '/home/packager/aports/main/font-micro-misc/src/font-micro-misc-1.0.4'
>>> font-micro-misc*: Running postcheck for font-micro-misc
>>> font-micro-misc*: Preparing package font-micro-misc...
libfakeroot internal error: payload not recognized!
>>> font-micro-misc*: Tracing dependencies...
	encodings
	font-alias
	mkfontscale
	fontconfig
>>> font-micro-misc*: Package size: 1.8 KB
>>> font-micro-misc*: Compressing data...
>>> font-micro-misc*: Create checksum...
pigz: not found
>>> font-micro-misc*: Create font-micro-misc-1.0.4-r1.apk
>>> font-micro-misc: Build complete at Fri, 23 May 2025 03:30:32 +0000 elapsed time 0h 0m 13s
>>> font-micro-misc: Cleaning up srcdir
>>> font-micro-misc: Cleaning up pkgdir
>>> font-micro-misc: Uninstalling dependencies...
(1/11) Purging .makedepends-font-micro-misc (20250523.033023)
(2/11) Purging encodings (1.0.7-r1)
(3/11) Purging font-alias (1.0.5-r0)
(4/11) Purging mkfontscale (1.2.3-r1)
(5/11) Purging fontconfig (2.15.0-r1)
(6/11) Purging font-util-dev (1.4.1-r0)
(7/11) Purging font-util (1.4.1-r0)
(8/11) Purging bdftopcf (1.1.2-r0)
(9/11) Purging freetype (2.13.3-r0)
(10/11) Purging libfontenc (1.1.8-r0)
(11/11) Purging libpng (1.6.47-r0)
Executing busybox-1.37.0-r12.trigger
OK: 313 MiB in 114 packages
>>> font-micro-misc: Updating the main/x86_64 repository index...
>>> font-micro-misc: Signing the index...
pigz: not found
