>>> dialog: Validating /home/packager/oily-pine/main/dialog/APKBUILD...
>>> dialog: Cleaning up srcdir
>>> dialog: Cleaning up pkgdir
>>> dialog: Cleaning up tmpdir
>>> dialog: Fetching https://invisible-mirror.net/archives/dialog/dialog-1.3-20250116.tgz
  % Total    % Received % Xferd  Average Speed   Time    Time     Time  Current
                                 Dload  Upload   Total   Spent    Left  Speed
  0     0    0     0    0     0      0      0 --:--:-- --:--:-- --:--:--     0  0     0    0     0    0     0      0      0 --:--:-- --:--:-- --:--:--     0 11  561k   11 65536    0     0  57588      0  0:00:09  0:00:01  0:00:08 57588100  561k  100  561k    0     0   344k      0  0:00:01  0:00:01 --:--:--  344k
>>> dialog: Fetching https://invisible-mirror.net/archives/dialog/dialog-1.3-20250116.tgz
>>> dialog: Checking sha512sums...
dialog-1.3-20250116.tgz: OK
>>> dialog: Preparing build chroot...
fetch http://dl-cdn.alpinelinux.org/alpine/edge/main/x86_64/APKINDEX.tar.gz
(1/75) Installing musl (1.2.5-r10)
(2/75) Installing libcrypto3 (3.5.0-r0)
(3/75) Installing ca-certificates-bundle (20241121-r2)
(4/75) Installing libssl3 (3.5.0-r0)
(5/75) Installing zlib (1.3.1-r2)
(6/75) Installing libapk2 (2.14.9-r2)
(7/75) Installing apk-tools (2.14.9-r2)
(8/75) Installing libcap2 (2.76-r0)
(9/75) Installing libcap-getcap (2.76-r0)
(10/75) Installing fakeroot (1.37.1.1-r0)
(11/75) Installing scanelf (1.3.8-r1)
(12/75) Installing musl-utils (1.2.5-r10)
(13/75) Installing libgcc (14.3.0-r1)
(14/75) Installing libstdc++ (14.3.0-r1)
(15/75) Installing lzip (1.25-r0)
(16/75) Installing openssl (3.5.0-r0)
(17/75) Installing patch (2.8-r0)
(18/75) Installing pkgconf (2.4.3-r0)
(19/75) Installing acl-libs (2.3.2-r1)
(20/75) Installing tar (1.35-r3)
(21/75) Installing busybox (1.37.0-r18)
Executing busybox-1.37.0-r18.post-install
(22/75) Installing ssl_client (1.37.0-r18)
(23/75) Installing busybox-binsh (1.37.0-r18)
(24/75) Installing abuild (3.15.0-r0)
Executing abuild-3.15.0-r0.pre-install
(25/75) Installing abuild-sudo (3.15.0-r0)
(26/75) Installing alpine-baselayout-data (3.7.0-r0)
(27/75) Installing alpine-baselayout (3.7.0-r0)
Executing alpine-baselayout-3.7.0-r0.pre-install
Executing alpine-baselayout-3.7.0-r0.post-install
(28/75) Installing bridge (1.5-r5)
(29/75) Installing ifupdown-ng (0.12.1-r7)
(30/75) Installing openrc-user (0.62.2-r2)
(31/75) Installing openrc (0.62.2-r2)
Executing openrc-0.62.2-r2.post-install
(32/75) Installing mdev-conf (4.8-r0)
(33/75) Installing busybox-mdev-openrc (1.37.0-r18)
(34/75) Installing alpine-conf (3.20.0-r0)
(35/75) Installing alpine-keys (2.5-r0)
(36/75) Installing alpine-release (3.22.0-r0)
(37/75) Installing busybox-openrc (1.37.0-r18)
(38/75) Installing busybox-suid (1.37.0-r18)
(39/75) Installing alpine-base (3.22.0-r0)
(40/75) Installing jansson (2.14.1-r0)
(41/75) Installing zstd-libs (1.5.7-r0)
(42/75) Installing binutils (2.44-r0)
(43/75) Installing libmagic (5.46-r2)
(44/75) Installing file (5.46-r2)
(45/75) Installing libgomp (14.3.0-r1)
(46/75) Installing libatomic (14.3.0-r1)
(47/75) Installing gmp (6.3.0-r3)
(48/75) Installing isl26 (0.26-r1)
(49/75) Installing mpfr4 (4.2.1_p1-r0)
(50/75) Installing mpc1 (1.3.1-r1)
(51/75) Installing gcc (14.3.0-r1)
(52/75) Installing libstdc++-dev (14.3.0-r1)
(53/75) Installing musl-dev (1.2.5-r10)
(54/75) Installing g++ (14.3.0-r1)
(55/75) Installing make (4.4.1-r3)
(56/75) Installing fortify-headers (1.1-r5)
(57/75) Installing build-base (0.5-r3)
(58/75) Installing brotli-libs (1.1.0-r2)
(59/75) Installing c-ares (1.34.5-r0)
(60/75) Installing libunistring (1.3-r0)
(61/75) Installing libidn2 (2.3.7-r0)
(62/75) Installing nghttp2-libs (1.65.0-r0)
(63/75) Installing libpsl (0.21.5-r3)
(64/75) Installing libcurl (8.14.0-r2)
(65/75) Installing libexpat (2.7.1-r0)
(66/75) Installing pcre2 (10.43-r1)
(67/75) Installing git (2.49.0-r0)
(68/75) Installing git-init-template (2.49.0-r0)
(69/75) Installing ncurses-terminfo-base (6.5_p20250503-r0)
(70/75) Installing libncursesw (6.5_p20250503-r0)
(71/75) Installing libformw (6.5_p20250503-r0)
(72/75) Installing libmenuw (6.5_p20250503-r0)
(73/75) Installing libpanelw (6.5_p20250503-r0)
(74/75) Installing libncurses++ (6.5_p20250503-r0)
(75/75) Installing ncurses-dev (6.5_p20250503-r0)
Executing busybox-1.37.0-r18.trigger
OK: 260 MiB in 75 packages
>>> dialog: Fetching https://invisible-mirror.net/archives/dialog/dialog-1.3-20250116.tgz
>>> dialog: Checking sha512sums...
dialog-1.3-20250116.tgz: OK
>>> dialog: Unpacking /var/cache/distfiles/dialog-1.3-20250116.tgz...
checking build system type... x86_64-alpine-linux-musl
checking host system type... x86_64-alpine-linux-musl
checking target system type... x86_64-alpine-linux-musl
Configuring for linux-musl
checking for x86_64-alpine-linux-musl-gcc... cc
checking for C compiler default output... a.out
checking whether the C compiler works... yes
checking whether we are cross compiling... no
checking for executable suffix... 
checking for object suffix... o
checking whether we are using the GNU C compiler... yes
checking whether cc accepts -g... yes
checking version of cc... 14.3.0
checking if this is really Intel C compiler... no
checking if this is really Clang C compiler... no
checking for cc option to accept ANSI C... none needed
checking $CFLAGS variable... ok
checking $CC variable... ok
checking for ggrep... no
checking for grep... grep
checking for egrep... grep -E
checking how to run the C preprocessor... cc -E
checking whether make sets ${MAKE}... yes
checking for x86_64-alpine-linux-musl-ranlib... no
checking for ranlib... ranlib
checking for a BSD compatible install... /usr/bin/install -c
checking whether ln -s works... yes
checking if ln -s -f options work... yes
checking for lint... no
checking for cppcheck... no
checking for splint... no
checking for groff... no
checking for nroff... no
checking for mandoc... no
checking for tbl... cat
checking for x86_64-alpine-linux-musl-ar... no
checking for ar... ar
checking for options to update archives... -curvU
checking for fgrep... grep -F
checking for makeflags variable... 
checking if filesystem supports mixed-case filenames... yes
checking for exctags... no
checking for ctags... no
checking for exetags... no
checking for etags... no
checking for ctags... no
checking for etags... no
checking if you want to see long compiling messages... yes
checking for PATH separator... :
checking if the POSIX test-macros are already defined... no
checking if _XOPEN_SOURCE really is set... no
checking if we should define _XOPEN_SOURCE... no
checking for special C compiler options needed for large files... no
checking for _FILE_OFFSET_BITS value needed for large files... no
checking for _LARGE_FILES value needed for large files... no
checking for _LARGEFILE_SOURCE value needed for large files... no
checking for fseeko... yes
checking whether to use struct dirent64... no
checking for install-prefix... no
checking if you want to use C11 _Noreturn feature... no
checking if you want to turn on gcc warnings... no
configure: checking for cc __attribute__ directives...
... scanf
... printf
... unused
... noreturn
checking if you want to use pkg-config... yes
checking for x86_64-alpine-linux-musl-pkg-config... no
checking for pkg-config... /usr/bin/pkg-config
checking for /usr/bin/pkg-config library directory... auto
checking for search-list... /usr/local/lib/pkgconfig /usr/local/share/pkgconfig /usr/lib/pkgconfig /usr/share/pkgconfig
checking for first directory... /usr/lib/pkgconfig
checking if we should install .pc files for /usr/bin/pkg-config... no
checking for this package's name... dialog
checking for package version... 1.3
checking for package patch date... 20250116
checking if we should install dlg_XXX headers to subdirectory... no
checking for man2html... no
checking for program to convert manpage to html... no
checking for iconv... yes
checking if the declaration of iconv() needs const.... no
checking for nl_langinfo and CODESET... yes
checking whether NLS is requested... no
checking if -lm needed for math functions... no
checking if you want to use dmalloc for testing... no
checking if you want to use dbmalloc for testing... no
checking if you want to use purify for testing... no
checking if you want to use valgrind for testing... no
checking if you want to perform memory-leak testing... no
checking if you want --trace option... yes
checking if rpath option should be used... no
checking for x86_64-alpine-linux-musl-readelf... no
checking for readelf... /usr/bin/readelf
checking if -fPIC option is needed in CFLAGS... no
checking if libtool -version-number should be used... yes
checking if you want to build libraries with libtool... no
checking if you want to build shared libraries... no
checking for specific curses-directory... no
checking for specific curses-directory... no
checking for specified curses library type... ncursesw
checking for wchar.h... yes
checking for multibyte character support... yes
checking pkg-config for ncursesw... yes
checking if the ncursesw package files work... yes
checking for terminfo header... term.h
checking for _nc_init_pthreads... no
checking if curses supports wide characters... yes
checking if we must include wchar.h to declare mbstate_t... no
checking if you want extra dialogs... yes
checking if you want config-file support... yes
checking if you want extra attributes in config-file... yes
checking if you want Xdialog-style dialogs... yes
checking if you want extra Xdialog-style dialogs (1.2)... yes
checking if you want compatibility with whiptail options... yes
checking if you want the form dialog... yes
checking if you want the gauge dialog... yes
checking if you want the tailbox dialog... yes
checking if you want the mixedform dialog... yes
checking if you want the mixedgauge dialog... yes
checking if you want the wide-curses features... yes
checking for ANSI C header files... yes
checking for sys/types.h... yes
checking for sys/stat.h... yes
checking for stdlib.h... yes
checking for string.h... yes
checking for memory.h... yes
checking for strings.h... yes
checking for inttypes.h... yes
checking for stdint.h... yes
checking for unistd.h... yes
checking whether exit is declared... yes
checking whether time.h and sys/time.h may both be included... yes
checking for dirent.h that defines DIR... yes
checking for opendir in -ldir... no
checking for search.h... yes
checking for sys/param.h... yes
checking for term.h... (cached) term.h
checking return type of signal handlers... void
checking for btowc... yes
checking for mblen... yes
checking for mbrlen... yes
checking for mbrtowc... yes
checking for mbtowc... yes
checking for strcasecmp... yes
checking for strftime... yes
checking for tsearch... yes
checking for waitpid... yes
checking for wcsrtombs... yes
checking for wcstombs... yes
checking for wctob... yes
checking for wctomb... yes
checking for mktime... yes
checking definition to turn on extended curses functions... _XOPEN_SOURCE_EXTENDED
checking for unctrl.h... unctrl.h
checking for flushinp... yes
checking for getattrs... yes
checking for getbegx... yes
checking for getbegy... yes
checking for getbegyx... yes
checking for getcurx... yes
checking for getcury... yes
checking for getmaxx... yes
checking for getmaxy... yes
checking for getmaxyx... yes
checking for getparx... yes
checking for getpary... yes
checking for getparyx... yes
checking for use_default_colors... yes
checking for wchgat... yes
checking for wcursyncup... yes
checking for wget_wch... yes
checking for wsyncup... yes
checking for exit_curses... yes
checking for _nc_free_and_exit... no
checking for start_color... yes
checking for chtype typedef... yes
checking if chtype is scalar or struct... scalar
checking for wide alternate character set array... _nc_wacs
checking for wide alternate character constants... yes
checking for wgetparent... yes
checking for sys/wait.h... yes
checking for union wait... no
checking if we must include wchar.h to declare mbstate_t... yes
checking for termio.h... no
checking for termios.h... yes
checking for unistd.h... (cached) yes
checking for sys/ioctl.h... yes
checking for sys/termio.h... no
checking whether termios.h needs _POSIX_SOURCE... no
checking declaration of size-change... yes
checking if runtime has nl_langinfo support for first weekday... no
checking if rpath-hack should be disabled... no
checking for updated LDFLAGS... no
checking for linker search path... /usr/x86_64-alpine-linux-musl/lib /usr/local/lib /lib /usr/lib
configure: creating ./config.status
config.status: creating dialog-config
config.status: creating gen-pkgconfig
config.status: creating makefile
config.status: creating headers-sh
config.status: creating dlg_config.h
cc -Os -fstack-clash-protection -Wformat -Werror=format-security -fno-plt   -I. -I. -D_BSD_SOURCE -DNCURSES_WIDECHAR -D_XOPEN_SOURCE_EXTENDED -DHAVE_CONFIG_H -DLOCALEDIR=\"/usr/share/locale\" -c trace.c
cc -Os -fstack-clash-protection -Wformat -Werror=format-security -fno-plt   -I. -I. -D_BSD_SOURCE -DNCURSES_WIDECHAR -D_XOPEN_SOURCE_EXTENDED -DHAVE_CONFIG_H -DLOCALEDIR=\"/usr/share/locale\" -c rc.c
cc -Os -fstack-clash-protection -Wformat -Werror=format-security -fno-plt   -I. -I. -D_BSD_SOURCE -DNCURSES_WIDECHAR -D_XOPEN_SOURCE_EXTENDED -DHAVE_CONFIG_H -DLOCALEDIR=\"/usr/share/locale\" -c calendar.c
cc -Os -fstack-clash-protection -Wformat -Werror=format-security -fno-plt   -I. -I. -D_BSD_SOURCE -DNCURSES_WIDECHAR -D_XOPEN_SOURCE_EXTENDED -DHAVE_CONFIG_H -DLOCALEDIR=\"/usr/share/locale\" -c fselect.c
cc -Os -fstack-clash-protection -Wformat -Werror=format-security -fno-plt   -I. -I. -D_BSD_SOURCE -DNCURSES_WIDECHAR -D_XOPEN_SOURCE_EXTENDED -DHAVE_CONFIG_H -DLOCALEDIR=\"/usr/share/locale\" -c timebox.c
cc -Os -fstack-clash-protection -Wformat -Werror=format-security -fno-plt   -I. -I. -D_BSD_SOURCE -DNCURSES_WIDECHAR -D_XOPEN_SOURCE_EXTENDED -DHAVE_CONFIG_H -DLOCALEDIR=\"/usr/share/locale\" -c buildlist.c
cc -Os -fstack-clash-protection -Wformat -Werror=format-security -fno-plt   -I. -I. -D_BSD_SOURCE -DNCURSES_WIDECHAR -D_XOPEN_SOURCE_EXTENDED -DHAVE_CONFIG_H -DLOCALEDIR=\"/usr/share/locale\" -c rangebox.c
cc -Os -fstack-clash-protection -Wformat -Werror=format-security -fno-plt   -I. -I. -D_BSD_SOURCE -DNCURSES_WIDECHAR -D_XOPEN_SOURCE_EXTENDED -DHAVE_CONFIG_H -DLOCALEDIR=\"/usr/share/locale\" -c treeview.c
cc -Os -fstack-clash-protection -Wformat -Werror=format-security -fno-plt   -I. -I. -D_BSD_SOURCE -DNCURSES_WIDECHAR -D_XOPEN_SOURCE_EXTENDED -DHAVE_CONFIG_H -DLOCALEDIR=\"/usr/share/locale\" -c formbox.c
cc -Os -fstack-clash-protection -Wformat -Werror=format-security -fno-plt   -I. -I. -D_BSD_SOURCE -DNCURSES_WIDECHAR -D_XOPEN_SOURCE_EXTENDED -DHAVE_CONFIG_H -DLOCALEDIR=\"/usr/share/locale\" -c guage.c
cc -Os -fstack-clash-protection -Wformat -Werror=format-security -fno-plt   -I. -I. -D_BSD_SOURCE -DNCURSES_WIDECHAR -D_XOPEN_SOURCE_EXTENDED -DHAVE_CONFIG_H -DLOCALEDIR=\"/usr/share/locale\" -c pause.c
cc -Os -fstack-clash-protection -Wformat -Werror=format-security -fno-plt   -I. -I. -D_BSD_SOURCE -DNCURSES_WIDECHAR -D_XOPEN_SOURCE_EXTENDED -DHAVE_CONFIG_H -DLOCALEDIR=\"/usr/share/locale\" -c prgbox.c
cc -Os -fstack-clash-protection -Wformat -Werror=format-security -fno-plt   -I. -I. -D_BSD_SOURCE -DNCURSES_WIDECHAR -D_XOPEN_SOURCE_EXTENDED -DHAVE_CONFIG_H -DLOCALEDIR=\"/usr/share/locale\" -c progressbox.c
cc -Os -fstack-clash-protection -Wformat -Werror=format-security -fno-plt   -I. -I. -D_BSD_SOURCE -DNCURSES_WIDECHAR -D_XOPEN_SOURCE_EXTENDED -DHAVE_CONFIG_H -DLOCALEDIR=\"/usr/share/locale\" -c tailbox.c
cc -Os -fstack-clash-protection -Wformat -Werror=format-security -fno-plt   -I. -I. -D_BSD_SOURCE -DNCURSES_WIDECHAR -D_XOPEN_SOURCE_EXTENDED -DHAVE_CONFIG_H -DLOCALEDIR=\"/usr/share/locale\" -c mixedform.c
cc -Os -fstack-clash-protection -Wformat -Werror=format-security -fno-plt   -I. -I. -D_BSD_SOURCE -DNCURSES_WIDECHAR -D_XOPEN_SOURCE_EXTENDED -DHAVE_CONFIG_H -DLOCALEDIR=\"/usr/share/locale\" -c mixedgauge.c
cc -Os -fstack-clash-protection -Wformat -Werror=format-security -fno-plt   -I. -I. -D_BSD_SOURCE -DNCURSES_WIDECHAR -D_XOPEN_SOURCE_EXTENDED -DHAVE_CONFIG_H -DLOCALEDIR=\"/usr/share/locale\" -c argv.c
cc -Os -fstack-clash-protection -Wformat -Werror=format-security -fno-plt   -I. -I. -D_BSD_SOURCE -DNCURSES_WIDECHAR -D_XOPEN_SOURCE_EXTENDED -DHAVE_CONFIG_H -DLOCALEDIR=\"/usr/share/locale\" -c arrows.c
cc -Os -fstack-clash-protection -Wformat -Werror=format-security -fno-plt   -I. -I. -D_BSD_SOURCE -DNCURSES_WIDECHAR -D_XOPEN_SOURCE_EXTENDED -DHAVE_CONFIG_H -DLOCALEDIR=\"/usr/share/locale\" -c buttons.c
cc -Os -fstack-clash-protection -Wformat -Werror=format-security -fno-plt   -I. -I. -D_BSD_SOURCE -DNCURSES_WIDECHAR -D_XOPEN_SOURCE_EXTENDED -DHAVE_CONFIG_H -DLOCALEDIR=\"/usr/share/locale\" -c checklist.c
cc -Os -fstack-clash-protection -Wformat -Werror=format-security -fno-plt   -I. -I. -D_BSD_SOURCE -DNCURSES_WIDECHAR -D_XOPEN_SOURCE_EXTENDED -DHAVE_CONFIG_H -DLOCALEDIR=\"/usr/share/locale\" -c columns.c
cc -Os -fstack-clash-protection -Wformat -Werror=format-security -fno-plt   -I. -I. -D_BSD_SOURCE -DNCURSES_WIDECHAR -D_XOPEN_SOURCE_EXTENDED -DHAVE_CONFIG_H -DLOCALEDIR=\"/usr/share/locale\" -c dlg_keys.c
cc -Os -fstack-clash-protection -Wformat -Werror=format-security -fno-plt   -I. -I. -D_BSD_SOURCE -DNCURSES_WIDECHAR -D_XOPEN_SOURCE_EXTENDED -DHAVE_CONFIG_H -DLOCALEDIR=\"/usr/share/locale\" -c editbox.c
cc -Os -fstack-clash-protection -Wformat -Werror=format-security -fno-plt   -I. -I. -D_BSD_SOURCE -DNCURSES_WIDECHAR -D_XOPEN_SOURCE_EXTENDED -DHAVE_CONFIG_H -DLOCALEDIR=\"/usr/share/locale\" -c help.c
cc -Os -fstack-clash-protection -Wformat -Werror=format-security -fno-plt   -I. -I. -D_BSD_SOURCE -DNCURSES_WIDECHAR -D_XOPEN_SOURCE_EXTENDED -DHAVE_CONFIG_H -DLOCALEDIR=\"/usr/share/locale\" -c inputbox.c
cc -Os -fstack-clash-protection -Wformat -Werror=format-security -fno-plt   -I. -I. -D_BSD_SOURCE -DNCURSES_WIDECHAR -D_XOPEN_SOURCE_EXTENDED -DHAVE_CONFIG_H -DLOCALEDIR=\"/usr/share/locale\" -c inputstr.c
cc -Os -fstack-clash-protection -Wformat -Werror=format-security -fno-plt   -I. -I. -D_BSD_SOURCE -DNCURSES_WIDECHAR -D_XOPEN_SOURCE_EXTENDED -DHAVE_CONFIG_H -DLOCALEDIR=\"/usr/share/locale\" -c menubox.c
cc -Os -fstack-clash-protection -Wformat -Werror=format-security -fno-plt   -I. -I. -D_BSD_SOURCE -DNCURSES_WIDECHAR -D_XOPEN_SOURCE_EXTENDED -DHAVE_CONFIG_H -DLOCALEDIR=\"/usr/share/locale\" -c mouse.c
cc -Os -fstack-clash-protection -Wformat -Werror=format-security -fno-plt   -I. -I. -D_BSD_SOURCE -DNCURSES_WIDECHAR -D_XOPEN_SOURCE_EXTENDED -DHAVE_CONFIG_H -DLOCALEDIR=\"/usr/share/locale\" -c mousewget.c
cc -Os -fstack-clash-protection -Wformat -Werror=format-security -fno-plt   -I. -I. -D_BSD_SOURCE -DNCURSES_WIDECHAR -D_XOPEN_SOURCE_EXTENDED -DHAVE_CONFIG_H -DLOCALEDIR=\"/usr/share/locale\" -c msgbox.c
cc -Os -fstack-clash-protection -Wformat -Werror=format-security -fno-plt   -I. -I. -D_BSD_SOURCE -DNCURSES_WIDECHAR -D_XOPEN_SOURCE_EXTENDED -DHAVE_CONFIG_H -DLOCALEDIR=\"/usr/share/locale\" -c textbox.c
cc -Os -fstack-clash-protection -Wformat -Werror=format-security -fno-plt   -I. -I. -D_BSD_SOURCE -DNCURSES_WIDECHAR -D_XOPEN_SOURCE_EXTENDED -DHAVE_CONFIG_H -DLOCALEDIR=\"/usr/share/locale\" -c ttysize.c
cc -Os -fstack-clash-protection -Wformat -Werror=format-security -fno-plt   -I. -I. -D_BSD_SOURCE -DNCURSES_WIDECHAR -D_XOPEN_SOURCE_EXTENDED -DHAVE_CONFIG_H -DLOCALEDIR=\"/usr/share/locale\" -c ui_getc.c
cc -Os -fstack-clash-protection -Wformat -Werror=format-security -fno-plt   -I. -I. -D_BSD_SOURCE -DNCURSES_WIDECHAR -D_XOPEN_SOURCE_EXTENDED -DHAVE_CONFIG_H -DLOCALEDIR=\"/usr/share/locale\" -c util.c
cc -Os -fstack-clash-protection -Wformat -Werror=format-security -fno-plt   -I. -I. -D_BSD_SOURCE -DNCURSES_WIDECHAR -D_XOPEN_SOURCE_EXTENDED -DHAVE_CONFIG_H -DLOCALEDIR=\"/usr/share/locale\" -c version.c
cc -Os -fstack-clash-protection -Wformat -Werror=format-security -fno-plt   -I. -I. -D_BSD_SOURCE -DNCURSES_WIDECHAR -D_XOPEN_SOURCE_EXTENDED -DHAVE_CONFIG_H -DLOCALEDIR=\"/usr/share/locale\" -c yesno.c
cc -Os -fstack-clash-protection -Wformat -Werror=format-security -fno-plt   -I. -I. -D_BSD_SOURCE -DNCURSES_WIDECHAR -D_XOPEN_SOURCE_EXTENDED -DHAVE_CONFIG_H -DLOCALEDIR=\"/usr/share/locale\" -c dialog.c
linking libdialog.a
ar -cr libdialog.a trace.o rc.o calendar.o fselect.o timebox.o buildlist.o rangebox.o treeview.o formbox.o guage.o pause.o prgbox.o progressbox.o tailbox.o mixedform.o mixedgauge.o argv.o arrows.o buttons.o checklist.o columns.o dlg_keys.o editbox.o help.o inputbox.o inputstr.o menubox.o mouse.o mousewget.o msgbox.o textbox.o ttysize.o ui_getc.o util.o version.o yesno.o 
cc -o dialog dialog.o -L. -ldialog -Os -fstack-clash-protection -Wformat -Werror=format-security -fno-plt  -Wl,--as-needed,-O1,--sort-common -Wl,-z,pack-relative-relocs -lncursesw 
Verify that create-rc works
/bin/sh -c "DIALOG=./dialog ./run_test.sh ./samples"
** ./samples/debian.rc
** ./samples/slackware.rc
** ./samples/sourcemage.rc
** ./samples/suse.rc
** ./samples/whiptail.rc
>>> dialog: Entering fakeroot...
making install
mkdir -p /tmp/pkg/dialog/usr/bin
mkdir -p /tmp/pkg/dialog/usr/share/man/man1
/usr/bin/install -c dialog /tmp/pkg/dialog/usr/bin/`echo dialog |sed s,x,x,`
** installing dialog.1
made install
mkdir -p /tmp/pkg/dialog/usr/lib
linking /tmp/pkg/dialog/usr/lib/libdialog.a
ar -cr /tmp/pkg/dialog/usr/lib/libdialog.a trace.o rc.o calendar.o fselect.o timebox.o buildlist.o rangebox.o treeview.o formbox.o guage.o pause.o prgbox.o progressbox.o tailbox.o mixedform.o mixedgauge.o argv.o arrows.o buttons.o checklist.o columns.o dlg_keys.o editbox.o help.o inputbox.o inputstr.o menubox.o mouse.o mousewget.o msgbox.o textbox.o ttysize.o ui_getc.o util.o version.o yesno.o 
>>> dialog-doc*: Running split function doc...
'usr/share/man' -> '/tmp/pkg/dialog-doc/usr/share/man'
>>> dialog-doc*: Preparing subpackage dialog-doc...
>>> dialog-doc*: Running postcheck for dialog-doc
>>> dialog-static*: Running split function static...
'usr/lib/libdialog.a' -> '/tmp/pkg/dialog-static/usr/lib/libdialog.a'
>>> dialog-static*: Preparing subpackage dialog-static...
>>> dialog-static*: Stripping binaries
>>> dialog-static*: Running postcheck for dialog-static
>>> dialog*: Running postcheck for dialog
>>> dialog*: Preparing package dialog...
>>> dialog*: Stripping binaries
>>> dialog-doc*: Scanning shared objects
>>> dialog-static*: Scanning shared objects
>>> dialog*: Scanning shared objects
>>> dialog-doc*: Tracing dependencies...
>>> dialog-doc*: Package size: 19.7 KB
>>> dialog-doc*: Compressing data...
>>> dialog-doc*: Create checksum...
>>> dialog-doc*: Create dialog-doc-1.3.20250116-r0.apk
>>> dialog-static*: Tracing dependencies...
>>> dialog-static*: Package size: 415.2 KB
>>> dialog-static*: Compressing data...
>>> dialog-static*: Create checksum...
>>> dialog-static*: Create dialog-static-1.3.20250116-r0.apk
>>> dialog*: Tracing dependencies...
	so:libc.musl-x86_64.so.1
	so:libncursesw.so.6
>>> dialog*: Package size: 190.2 KB
>>> dialog*: Compressing data...
>>> dialog*: Create checksum...
>>> dialog*: Create dialog-1.3.20250116-r0.apk
>>> dialog: Updating the main/x86_64 repository index...
>>> dialog: Signing the index...
>>> dialog: Cleaning up srcdir
>>> dialog: Cleaning up build chroot
>>> dialog: Cleaning up pkgdir
