pigz: not found
>>> perl-class-mix: Building main/perl-class-mix 0.006-r4 (using abuild 3.14.1-r4) started Sun, 18 May 2025 07:02:28 +0000
>>> perl-class-mix: Validating /home/packager/aports/main/perl-class-mix/APKBUILD...
>>> perl-class-mix: Analyzing dependencies...
>>> perl-class-mix: Installing for build: build-base perl perl-params-classify perl-dev perl-module-build
(1/10) Installing libbz2 (1.0.8-r6)
(2/10) Installing perl (5.40.2-r0)
(3/10) Installing perl-params-classify (0.015-r10)
(4/10) Installing perl-utils (5.40.2-r0)
(5/10) Installing perl-dev (5.40.2-r0)
(6/10) Installing perl-module-build (0.4234-r1)
(7/10) Installing .makedepends-perl-class-mix (20250518.070229)
(8/10) Installing perl-error (0.17029-r2)
(9/10) Installing perl-git (2.47.2-r0)
(10/10) Installing git-perl (2.47.2-r0)
Executing busybox-1.37.0-r12.trigger
OK: 306 MiB in 91 packages
>>> perl-class-mix: Cleaning up srcdir
>>> perl-class-mix: Cleaning up pkgdir
>>> perl-class-mix: Cleaning up tmpdir
>>> perl-class-mix: Fetching https://cpan.metacpan.org/authors/id/Z/ZE/ZEFRAM/Class-Mix-0.006.tar.gz
Connecting to cpan.metacpan.org (146.75.122.217:443)
saving to '/var/cache/distfiles/Class-Mix-0.006.tar.gz.part'
Class-Mix-0.006.tar. 100% |********************************|  8328  0:00:00 ETA
'/var/cache/distfiles/Class-Mix-0.006.tar.gz.part' saved
>>> perl-class-mix: Fetching https://cpan.metacpan.org/authors/id/Z/ZE/ZEFRAM/Class-Mix-0.006.tar.gz
>>> perl-class-mix: Checking sha512sums...
Class-Mix-0.006.tar.gz: OK
>>> perl-class-mix: Unpacking /var/cache/distfiles/Class-Mix-0.006.tar.gz...
Created MYMETA.yml and MYMETA.json
Creating new 'Build' script for 'Class-Mix' version '0.006'
Building Class-Mix
t/genpkg.t ... ok
t/mix.t ...... ok
t/mro_no.t ... skipped: MRO available on this Perl
t/mro_yes.t .. ok
t/pod_cvg.t .. skipped: Test::Pod::Coverage not available
t/pod_syn.t .. skipped: Test::Pod not available
All tests successful.
Files=6, Tests=92,  1 wallclock secs ( 0.03 usr  0.02 sys +  0.41 cusr  0.05 csys =  0.51 CPU)
Result: PASS
>>> perl-class-mix: Entering fakeroot...
Building Class-Mix
Installing /home/packager/aports/main/perl-class-mix/pkg/perl-class-mix/usr/share/perl5/vendor_perl/Class/Mix.pm
Installing /home/packager/aports/main/perl-class-mix/pkg/perl-class-mix/usr/share/man/man3/Class::Mix.3pm
>>> perl-class-mix-doc*: Running split function doc...
'usr/share/man' -> '/home/packager/aports/main/perl-class-mix/pkg/perl-class-mix-doc/usr/share/man'
>>> perl-class-mix-doc*: Preparing subpackage perl-class-mix-doc...
>>> perl-class-mix-doc*: Running postcheck for perl-class-mix-doc
>>> perl-class-mix*: Running postcheck for perl-class-mix
>>> perl-class-mix*: Preparing package perl-class-mix...
>>> perl-class-mix-doc*: Tracing dependencies...
>>> perl-class-mix-doc*: Package size: 2.7 KB
>>> perl-class-mix-doc*: Compressing data...
>>> perl-class-mix-doc*: Create checksum...
pigz: not found
>>> perl-class-mix-doc*: Create perl-class-mix-doc-0.006-r4.apk
>>> perl-class-mix*: Tracing dependencies...
	perl
	perl-params-classify
>>> perl-class-mix*: Package size: 6.7 KB
>>> perl-class-mix*: Compressing data...
>>> perl-class-mix*: Create checksum...
pigz: not found
>>> perl-class-mix*: Create perl-class-mix-0.006-r4.apk
>>> perl-class-mix: Build complete at Sun, 18 May 2025 07:02:32 +0000 elapsed time 0h 0m 4s
>>> perl-class-mix: Cleaning up srcdir
>>> perl-class-mix: Cleaning up pkgdir
>>> perl-class-mix: Uninstalling dependencies...
(1/10) Purging .makedepends-perl-class-mix (20250518.070229)
(2/10) Purging perl-params-classify (0.015-r10)
(3/10) Purging perl-dev (5.40.2-r0)
(4/10) Purging perl-utils (5.40.2-r0)
(5/10) Purging perl-module-build (0.4234-r1)
(6/10) Purging git-perl (2.47.2-r0)
(7/10) Purging perl-git (2.47.2-r0)
(8/10) Purging perl-error (0.17029-r2)
(9/10) Purging perl (5.40.2-r0)
(10/10) Purging libbz2 (1.0.8-r6)
Executing busybox-1.37.0-r12.trigger
OK: 260 MiB in 81 packages
>>> perl-class-mix: Updating the main/x86_64 repository index...
>>> perl-class-mix: Signing the index...
pigz: not found
