>>> aaudit: Validating /home/packager/oily-pine/main/aaudit/APKBUILD...
>>> aaudit: Cleaning up srcdir
>>> aaudit: Cleaning up pkgdir
>>> aaudit: Cleaning up tmpdir
>>> aaudit: Checking sha512sums...
aaudit-common.lua: OK
aaudit-server.lua: OK
aaudit: OK
aaudit-shell: OK
aaudit-update-keys: OK
aaudit-repo: OK
aaudit.json: OK
aaudit-server.json: OK
>>> aaudit: Preparing build chroot...
fetch http://dl-cdn.alpinelinux.org/alpine/edge/main/x86_64/APKINDEX.tar.gz
(1/74) Installing musl (1.2.5-r10)
(2/74) Installing libcrypto3 (3.5.0-r0)
(3/74) Installing ca-certificates-bundle (20241121-r2)
(4/74) Installing libssl3 (3.5.0-r0)
(5/74) Installing zlib (1.3.1-r2)
(6/74) Installing libapk2 (2.14.9-r2)
(7/74) Installing apk-tools (2.14.9-r2)
(8/74) Installing libcap2 (2.76-r0)
(9/74) Installing libcap-getcap (2.76-r0)
(10/74) Installing fakeroot (1.37.1.1-r0)
(11/74) Installing scanelf (1.3.8-r1)
(12/74) Installing musl-utils (1.2.5-r10)
(13/74) Installing libgcc (14.3.0-r1)
(14/74) Installing libstdc++ (14.3.0-r1)
(15/74) Installing lzip (1.25-r0)
(16/74) Installing openssl (3.5.0-r0)
(17/74) Installing patch (2.8-r0)
(18/74) Installing pkgconf (2.4.3-r0)
(19/74) Installing acl-libs (2.3.2-r1)
(20/74) Installing tar (1.35-r3)
(21/74) Installing busybox (1.37.0-r18)
Executing busybox-1.37.0-r18.post-install
(22/74) Installing ssl_client (1.37.0-r18)
(23/74) Installing busybox-binsh (1.37.0-r18)
(24/74) Installing abuild (3.15.0-r0)
Executing abuild-3.15.0-r0.pre-install
(25/74) Installing abuild-sudo (3.15.0-r0)
(26/74) Installing alpine-baselayout-data (3.7.0-r0)
(27/74) Installing alpine-baselayout (3.7.0-r0)
Executing alpine-baselayout-3.7.0-r0.pre-install
Executing alpine-baselayout-3.7.0-r0.post-install
(28/74) Installing bridge (1.5-r5)
(29/74) Installing ifupdown-ng (0.12.1-r7)
(30/74) Installing openrc-user (0.62.2-r2)
(31/74) Installing openrc (0.62.2-r2)
Executing openrc-0.62.2-r2.post-install
(32/74) Installing mdev-conf (4.8-r0)
(33/74) Installing busybox-mdev-openrc (1.37.0-r18)
(34/74) Installing alpine-conf (3.20.0-r0)
(35/74) Installing alpine-keys (2.5-r0)
(36/74) Installing alpine-release (3.22.0-r0)
(37/74) Installing busybox-openrc (1.37.0-r18)
(38/74) Installing busybox-suid (1.37.0-r18)
(39/74) Installing alpine-base (3.22.0-r0)
(40/74) Installing jansson (2.14.1-r0)
(41/74) Installing zstd-libs (1.5.7-r0)
(42/74) Installing binutils (2.44-r0)
(43/74) Installing libmagic (5.46-r2)
(44/74) Installing file (5.46-r2)
(45/74) Installing libgomp (14.3.0-r1)
(46/74) Installing libatomic (14.3.0-r1)
(47/74) Installing gmp (6.3.0-r3)
(48/74) Installing isl26 (0.26-r1)
(49/74) Installing mpfr4 (4.2.1_p1-r0)
(50/74) Installing mpc1 (1.3.1-r1)
(51/74) Installing gcc (14.3.0-r1)
(52/74) Installing libstdc++-dev (14.3.0-r1)
(53/74) Installing musl-dev (1.2.5-r10)
(54/74) Installing g++ (14.3.0-r1)
(55/74) Installing make (4.4.1-r3)
(56/74) Installing fortify-headers (1.1-r5)
(57/74) Installing build-base (0.5-r3)
(58/74) Installing brotli-libs (1.1.0-r2)
(59/74) Installing c-ares (1.34.5-r0)
(60/74) Installing libunistring (1.3-r0)
(61/74) Installing libidn2 (2.3.7-r0)
(62/74) Installing nghttp2-libs (1.65.0-r0)
(63/74) Installing libpsl (0.21.5-r3)
(64/74) Installing libcurl (8.14.0-r2)
(65/74) Installing libexpat (2.7.1-r0)
(66/74) Installing pcre2 (10.43-r1)
(67/74) Installing git (2.49.0-r0)
(68/74) Installing git-init-template (2.49.0-r0)
(69/74) Installing lua5.2-libs (5.2.4-r13)
(70/74) Installing lua5.2 (5.2.4-r13)
(71/74) Installing lua5.2-cjson (2.1.0-r11)
(72/74) Installing lua5.2-pc (1.0.0-r12)
(73/74) Installing lua5.2-posix (36.3-r0)
(74/74) Installing lua5.2-socket (3.1.0-r1)
Executing busybox-1.37.0-r18.trigger
OK: 261 MiB in 74 packages
>>> aaudit: Checking sha512sums...
aaudit-common.lua: OK
aaudit-server.lua: OK
aaudit: OK
aaudit-shell: OK
aaudit-update-keys: OK
aaudit-repo: OK
aaudit.json: OK
aaudit-server.json: OK
>>> aaudit: Entering fakeroot...
>>> aaudit-server*: Running split function server...
>>> aaudit-server*: Preparing subpackage aaudit-server...
>>> aaudit-server*: Running postcheck for aaudit-server
>>> aaudit*: Running postcheck for aaudit
>>> aaudit*: Preparing package aaudit...
>>> aaudit-server*: Tracing dependencies...
	aaudit
	git
	lua5.2
	lua5.2-posix
	lua5.2-cjson
	lua5.2-lzlib
>>> aaudit-server*: Package size: 14.2 KB
>>> aaudit-server*: Compressing data...
>>> aaudit-server*: Create checksum...
>>> aaudit-server*: Create aaudit-server-0.7.2-r3.apk
>>> aaudit*: Tracing dependencies...
	lua5.2
	lua5.2-posix
	lua5.2-cjson
	lua5.2-pc
	lua5.2-socket
>>> aaudit*: Package size: 3.0 KB
>>> aaudit*: Compressing data...
>>> aaudit*: Create checksum...
>>> aaudit*: Create aaudit-0.7.2-r3.apk
>>> aaudit: Updating the main/x86_64 repository index...
>>> aaudit: Signing the index...
>>> aaudit: Cleaning up srcdir
>>> aaudit: Cleaning up build chroot
>>> aaudit: Cleaning up pkgdir
