>>> fail2ban: Validating /home/packager/oily-pine/main/fail2ban/APKBUILD...
>>> fail2ban: Cleaning up srcdir
>>> fail2ban: Cleaning up pkgdir
>>> fail2ban: Cleaning up tmpdir
>>> fail2ban: Fetching fail2ban-1.1.0.tar.gz::https://github.com/fail2ban/fail2ban/archive/1.1.0.tar.gz
  % Total    % Received % Xferd  Average Speed   Time    Time     Time  Current
                                 Dload  Upload   Total   Spent    Left  Speed
  0     0    0     0    0     0      0      0 --:--:-- --:--:-- --:--:--     0  0     0    0     0    0     0      0      0 --:--:-- --:--:-- --:--:--     0
100  317k    0  317k    0     0   389k      0 --:--:-- --:--:-- --:--:--  389k100  589k    0  589k    0     0   715k      0 --:--:-- --:--:-- --:--:-- 29.5M
>>> fail2ban: Fetching fail2ban-1.1.0.tar.gz::https://github.com/fail2ban/fail2ban/archive/1.1.0.tar.gz
>>> fail2ban: Checking sha512sums...
fail2ban-1.1.0.tar.gz: OK
fail2ban.initd: OK
fail2ban.confd: OK
fail2ban.logrotate: OK
alpine-ssh.jaild: OK
alpine-sshd.filterd: OK
alpine-sshd-ddos.filterd: OK
>>> fail2ban: Preparing build chroot...
fetch http://dl-cdn.alpinelinux.org/alpine/edge/main/x86_64/APKINDEX.tar.gz
(1/98) Installing musl (1.2.5-r10)
(2/98) Installing libcrypto3 (3.5.0-r0)
(3/98) Installing ca-certificates-bundle (20241121-r2)
(4/98) Installing libssl3 (3.5.0-r0)
(5/98) Installing zlib (1.3.1-r2)
(6/98) Installing libapk2 (2.14.9-r2)
(7/98) Installing apk-tools (2.14.9-r2)
(8/98) Installing libcap2 (2.76-r0)
(9/98) Installing libcap-getcap (2.76-r0)
(10/98) Installing fakeroot (1.37.1.1-r0)
(11/98) Installing scanelf (1.3.8-r1)
(12/98) Installing musl-utils (1.2.5-r10)
(13/98) Installing libgcc (14.3.0-r1)
(14/98) Installing libstdc++ (14.3.0-r1)
(15/98) Installing lzip (1.25-r0)
(16/98) Installing openssl (3.5.0-r0)
(17/98) Installing patch (2.8-r0)
(18/98) Installing pkgconf (2.4.3-r0)
(19/98) Installing acl-libs (2.3.2-r1)
(20/98) Installing tar (1.35-r3)
(21/98) Installing busybox (1.37.0-r18)
Executing busybox-1.37.0-r18.post-install
(22/98) Installing ssl_client (1.37.0-r18)
(23/98) Installing busybox-binsh (1.37.0-r18)
(24/98) Installing abuild (3.15.0-r0)
Executing abuild-3.15.0-r0.pre-install
(25/98) Installing abuild-sudo (3.15.0-r0)
(26/98) Installing alpine-baselayout-data (3.7.0-r0)
(27/98) Installing alpine-baselayout (3.7.0-r0)
Executing alpine-baselayout-3.7.0-r0.pre-install
Executing alpine-baselayout-3.7.0-r0.post-install
(28/98) Installing bridge (1.5-r5)
(29/98) Installing ifupdown-ng (0.12.1-r7)
(30/98) Installing openrc-user (0.62.2-r2)
(31/98) Installing openrc (0.62.2-r2)
Executing openrc-0.62.2-r2.post-install
(32/98) Installing mdev-conf (4.8-r0)
(33/98) Installing busybox-mdev-openrc (1.37.0-r18)
(34/98) Installing alpine-conf (3.20.0-r0)
(35/98) Installing alpine-keys (2.5-r0)
(36/98) Installing alpine-release (3.22.0-r0)
(37/98) Installing busybox-openrc (1.37.0-r18)
(38/98) Installing busybox-suid (1.37.0-r18)
(39/98) Installing alpine-base (3.22.0-r0)
(40/98) Installing ncurses-terminfo-base (6.5_p20250503-r0)
(41/98) Installing libncursesw (6.5_p20250503-r0)
(42/98) Installing readline (8.2.13-r1)
(43/98) Installing bash (5.2.37-r0)
Executing bash-5.2.37-r0.post-install
(44/98) Installing jansson (2.14.1-r0)
(45/98) Installing zstd-libs (1.5.7-r0)
(46/98) Installing binutils (2.44-r0)
(47/98) Installing libmagic (5.46-r2)
(48/98) Installing file (5.46-r2)
(49/98) Installing libgomp (14.3.0-r1)
(50/98) Installing libatomic (14.3.0-r1)
(51/98) Installing gmp (6.3.0-r3)
(52/98) Installing isl26 (0.26-r1)
(53/98) Installing mpfr4 (4.2.1_p1-r0)
(54/98) Installing mpc1 (1.3.1-r1)
(55/98) Installing gcc (14.3.0-r1)
(56/98) Installing libstdc++-dev (14.3.0-r1)
(57/98) Installing musl-dev (1.2.5-r10)
(58/98) Installing g++ (14.3.0-r1)
(59/98) Installing make (4.4.1-r3)
(60/98) Installing fortify-headers (1.1-r5)
(61/98) Installing build-base (0.5-r3)
(62/98) Installing brotli-libs (1.1.0-r2)
(63/98) Installing c-ares (1.34.5-r0)
(64/98) Installing libunistring (1.3-r0)
(65/98) Installing libidn2 (2.3.7-r0)
(66/98) Installing nghttp2-libs (1.65.0-r0)
(67/98) Installing libpsl (0.21.5-r3)
(68/98) Installing libcurl (8.14.0-r2)
(69/98) Installing libexpat (2.7.1-r0)
(70/98) Installing pcre2 (10.43-r1)
(71/98) Installing git (2.49.0-r0)
(72/98) Installing git-init-template (2.49.0-r0)
(73/98) Installing libmnl (1.0.5-r2)
(74/98) Installing libnftnl (1.2.9-r0)
(75/98) Installing libxtables (1.8.11-r1)
(76/98) Installing iptables (1.8.11-r1)
(77/98) Installing iptables-openrc (1.8.11-r1)
(78/98) Installing popt (1.19-r4)
(79/98) Installing logrotate (3.21.0-r1)
(80/98) Installing logrotate-openrc (3.21.0-r1)
(81/98) Installing libbz2 (1.0.8-r6)
(82/98) Installing libffi (3.4.8-r0)
(83/98) Installing gdbm (1.24-r0)
(84/98) Installing xz-libs (5.8.1-r0)
(85/98) Installing mpdecimal (4.0.1-r0)
(86/98) Installing libpanelw (6.5_p20250503-r0)
(87/98) Installing sqlite-libs (3.50.0-r0)
(88/98) Installing python3 (3.12.10-r1)
(89/98) Installing python3-pycache-pyc0 (3.12.10-r1)
(90/98) Installing pyc (3.12.10-r1)
(91/98) Installing py3-setuptools-pyc (80.9.0-r0)
(92/98) Installing py3-parsing (3.2.3-r0)
(93/98) Installing py3-parsing-pyc (3.2.3-r0)
(94/98) Installing py3-packaging-pyc (25.0-r0)
(95/98) Installing python3-pyc (3.12.10-r1)
(96/98) Installing py3-packaging (25.0-r0)
(97/98) Installing py3-setuptools (80.9.0-r0)
(98/98) Installing python3-dev (3.12.10-r1)
Executing busybox-1.37.0-r18.trigger
OK: 352 MiB in 98 packages
>>> fail2ban: Fetching fail2ban-1.1.0.tar.gz::https://github.com/fail2ban/fail2ban/archive/1.1.0.tar.gz
>>> fail2ban: Checking sha512sums...
fail2ban-1.1.0.tar.gz: OK
fail2ban.initd: OK
fail2ban.confd: OK
fail2ban.logrotate: OK
alpine-ssh.jaild: OK
alpine-sshd.filterd: OK
alpine-sshd-ddos.filterd: OK
>>> fail2ban: Unpacking /var/cache/distfiles/fail2ban-1.1.0.tar.gz...
/usr/lib/python3.12/site-packages/setuptools/_distutils/dist.py:289: UserWarning: Unknown distribution option: 'test_suite'
  warnings.warn(msg)
running build
running build_py
creating build/lib/fail2ban
copying fail2ban/version.py -> build/lib/fail2ban
copying fail2ban/protocol.py -> build/lib/fail2ban
copying fail2ban/setup.py -> build/lib/fail2ban
copying fail2ban/__init__.py -> build/lib/fail2ban
copying fail2ban/exceptions.py -> build/lib/fail2ban
copying fail2ban/helpers.py -> build/lib/fail2ban
creating build/lib/fail2ban/client
copying fail2ban/client/fail2banserver.py -> build/lib/fail2ban/client
copying fail2ban/client/jailsreader.py -> build/lib/fail2ban/client
copying fail2ban/client/configreader.py -> build/lib/fail2ban/client
copying fail2ban/client/actionreader.py -> build/lib/fail2ban/client
copying fail2ban/client/fail2banregex.py -> build/lib/fail2ban/client
copying fail2ban/client/jailreader.py -> build/lib/fail2ban/client
copying fail2ban/client/fail2bancmdline.py -> build/lib/fail2ban/client
copying fail2ban/client/configurator.py -> build/lib/fail2ban/client
copying fail2ban/client/filterreader.py -> build/lib/fail2ban/client
copying fail2ban/client/beautifier.py -> build/lib/fail2ban/client
copying fail2ban/client/__init__.py -> build/lib/fail2ban/client
copying fail2ban/client/configparserinc.py -> build/lib/fail2ban/client
copying fail2ban/client/fail2banclient.py -> build/lib/fail2ban/client
copying fail2ban/client/csocket.py -> build/lib/fail2ban/client
copying fail2ban/client/fail2banreader.py -> build/lib/fail2ban/client
creating build/lib/fail2ban/compat
copying fail2ban/compat/asyncore.py -> build/lib/fail2ban/compat
copying fail2ban/compat/asynchat.py -> build/lib/fail2ban/compat
creating build/lib/fail2ban/server
copying fail2ban/server/failmanager.py -> build/lib/fail2ban/server
copying fail2ban/server/utils.py -> build/lib/fail2ban/server
copying fail2ban/server/ticket.py -> build/lib/fail2ban/server
copying fail2ban/server/failregex.py -> build/lib/fail2ban/server
copying fail2ban/server/filterpyinotify.py -> build/lib/fail2ban/server
copying fail2ban/server/transmitter.py -> build/lib/fail2ban/server
copying fail2ban/server/strptime.py -> build/lib/fail2ban/server
copying fail2ban/server/jail.py -> build/lib/fail2ban/server
copying fail2ban/server/asyncserver.py -> build/lib/fail2ban/server
copying fail2ban/server/datetemplate.py -> build/lib/fail2ban/server
copying fail2ban/server/jailthread.py -> build/lib/fail2ban/server
copying fail2ban/server/filterpoll.py -> build/lib/fail2ban/server
copying fail2ban/server/observer.py -> build/lib/fail2ban/server
copying fail2ban/server/ipdns.py -> build/lib/fail2ban/server
copying fail2ban/server/filter.py -> build/lib/fail2ban/server
copying fail2ban/server/action.py -> build/lib/fail2ban/server
copying fail2ban/server/datedetector.py -> build/lib/fail2ban/server
copying fail2ban/server/actions.py -> build/lib/fail2ban/server
copying fail2ban/server/jails.py -> build/lib/fail2ban/server
copying fail2ban/server/__init__.py -> build/lib/fail2ban/server
copying fail2ban/server/mytime.py -> build/lib/fail2ban/server
copying fail2ban/server/server.py -> build/lib/fail2ban/server
copying fail2ban/server/banmanager.py -> build/lib/fail2ban/server
copying fail2ban/server/database.py -> build/lib/fail2ban/server
copying fail2ban/server/filtersystemd.py -> build/lib/fail2ban/server
creating build/lib/fail2ban/tests
copying fail2ban/tests/utils.py -> build/lib/fail2ban/tests
copying fail2ban/tests/sockettestcase.py -> build/lib/fail2ban/tests
copying fail2ban/tests/failmanagertestcase.py -> build/lib/fail2ban/tests
copying fail2ban/tests/actiontestcase.py -> build/lib/fail2ban/tests
copying fail2ban/tests/actionstestcase.py -> build/lib/fail2ban/tests
copying fail2ban/tests/banmanagertestcase.py -> build/lib/fail2ban/tests
copying fail2ban/tests/misctestcase.py -> build/lib/fail2ban/tests
copying fail2ban/tests/databasetestcase.py -> build/lib/fail2ban/tests
copying fail2ban/tests/samplestestcase.py -> build/lib/fail2ban/tests
copying fail2ban/tests/datedetectortestcase.py -> build/lib/fail2ban/tests
copying fail2ban/tests/fail2banregextestcase.py -> build/lib/fail2ban/tests
copying fail2ban/tests/tickettestcase.py -> build/lib/fail2ban/tests
copying fail2ban/tests/servertestcase.py -> build/lib/fail2ban/tests
copying fail2ban/tests/__init__.py -> build/lib/fail2ban/tests
copying fail2ban/tests/clientbeautifiertestcase.py -> build/lib/fail2ban/tests
copying fail2ban/tests/dummyjail.py -> build/lib/fail2ban/tests
copying fail2ban/tests/fail2banclienttestcase.py -> build/lib/fail2ban/tests
copying fail2ban/tests/observertestcase.py -> build/lib/fail2ban/tests
copying fail2ban/tests/clientreadertestcase.py -> build/lib/fail2ban/tests
copying fail2ban/tests/filtertestcase.py -> build/lib/fail2ban/tests
creating build/lib/fail2ban/tests/action_d
copying fail2ban/tests/action_d/test_smtp.py -> build/lib/fail2ban/tests/action_d
copying fail2ban/tests/action_d/__init__.py -> build/lib/fail2ban/tests/action_d
creating build/lib/fail2ban/tests/files
copying fail2ban/tests/files/testcase04.log -> build/lib/fail2ban/tests/files
copying fail2ban/tests/files/testcase-multiline.log -> build/lib/fail2ban/tests/files
copying fail2ban/tests/files/database_v2.db -> build/lib/fail2ban/tests/files
copying fail2ban/tests/files/ignorecommand.py -> build/lib/fail2ban/tests/files
copying fail2ban/tests/files/testcase-journal.log -> build/lib/fail2ban/tests/files
copying fail2ban/tests/files/testcase-usedns.log -> build/lib/fail2ban/tests/files
copying fail2ban/tests/files/zzz-sshd-obsolete-multiline.log -> build/lib/fail2ban/tests/files
copying fail2ban/tests/files/testcase-wrong-char.log -> build/lib/fail2ban/tests/files
copying fail2ban/tests/files/testcase03.log -> build/lib/fail2ban/tests/files
copying fail2ban/tests/files/database_v1.db -> build/lib/fail2ban/tests/files
copying fail2ban/tests/files/testcase02.log -> build/lib/fail2ban/tests/files
copying fail2ban/tests/files/testcase01a.log -> build/lib/fail2ban/tests/files
copying fail2ban/tests/files/testcase01.log -> build/lib/fail2ban/tests/files
creating build/lib/fail2ban/tests/files/action.d
copying fail2ban/tests/files/action.d/action_errors.py -> build/lib/fail2ban/tests/files/action.d
copying fail2ban/tests/files/action.d/action_noAction.py -> build/lib/fail2ban/tests/files/action.d
copying fail2ban/tests/files/action.d/action_nomethod.py -> build/lib/fail2ban/tests/files/action.d
copying fail2ban/tests/files/action.d/action_checkainfo.py -> build/lib/fail2ban/tests/files/action.d
copying fail2ban/tests/files/action.d/action.py -> build/lib/fail2ban/tests/files/action.d
copying fail2ban/tests/files/action.d/action_modifyainfo.py -> build/lib/fail2ban/tests/files/action.d
creating build/lib/fail2ban/tests/files/filter.d
copying fail2ban/tests/files/filter.d/substitution.conf -> build/lib/fail2ban/tests/files/filter.d
copying fail2ban/tests/files/filter.d/testcase-common.conf -> build/lib/fail2ban/tests/files/filter.d
copying fail2ban/tests/files/filter.d/testcase02.local -> build/lib/fail2ban/tests/files/filter.d
copying fail2ban/tests/files/filter.d/testcase02.conf -> build/lib/fail2ban/tests/files/filter.d
copying fail2ban/tests/files/filter.d/testcase01.conf -> build/lib/fail2ban/tests/files/filter.d
creating build/lib/fail2ban/tests/files/config/apache-auth
copying fail2ban/tests/files/config/apache-auth/README -> build/lib/fail2ban/tests/files/config/apache-auth
copying fail2ban/tests/files/config/apache-auth/digest.py -> build/lib/fail2ban/tests/files/config/apache-auth
creating build/lib/fail2ban/tests/files/config/apache-auth/basic/file
copying fail2ban/tests/files/config/apache-auth/basic/file/.htpasswd -> build/lib/fail2ban/tests/files/config/apache-auth/basic/file
copying fail2ban/tests/files/config/apache-auth/basic/file/.htaccess -> build/lib/fail2ban/tests/files/config/apache-auth/basic/file
creating build/lib/fail2ban/tests/files/config/apache-auth/basic/authz_owner
copying fail2ban/tests/files/config/apache-auth/basic/authz_owner/.htpasswd -> build/lib/fail2ban/tests/files/config/apache-auth/basic/authz_owner
copying fail2ban/tests/files/config/apache-auth/basic/authz_owner/cant_get_me.html -> build/lib/fail2ban/tests/files/config/apache-auth/basic/authz_owner
copying fail2ban/tests/files/config/apache-auth/basic/authz_owner/.htaccess -> build/lib/fail2ban/tests/files/config/apache-auth/basic/authz_owner
creating build/lib/fail2ban/tests/files/config/apache-auth/digest_wrongrelm
copying fail2ban/tests/files/config/apache-auth/digest_wrongrelm/.htpasswd -> build/lib/fail2ban/tests/files/config/apache-auth/digest_wrongrelm
copying fail2ban/tests/files/config/apache-auth/digest_wrongrelm/.htaccess -> build/lib/fail2ban/tests/files/config/apache-auth/digest_wrongrelm
creating build/lib/fail2ban/tests/files/config/apache-auth/digest_anon
copying fail2ban/tests/files/config/apache-auth/digest_anon/.htpasswd -> build/lib/fail2ban/tests/files/config/apache-auth/digest_anon
copying fail2ban/tests/files/config/apache-auth/digest_anon/.htaccess -> build/lib/fail2ban/tests/files/config/apache-auth/digest_anon
creating build/lib/fail2ban/tests/files/config/apache-auth/digest_time
copying fail2ban/tests/files/config/apache-auth/digest_time/.htpasswd -> build/lib/fail2ban/tests/files/config/apache-auth/digest_time
copying fail2ban/tests/files/config/apache-auth/digest_time/.htaccess -> build/lib/fail2ban/tests/files/config/apache-auth/digest_time
creating build/lib/fail2ban/tests/files/config/apache-auth/digest
copying fail2ban/tests/files/config/apache-auth/digest/.htpasswd -> build/lib/fail2ban/tests/files/config/apache-auth/digest
copying fail2ban/tests/files/config/apache-auth/digest/.htaccess -> build/lib/fail2ban/tests/files/config/apache-auth/digest
creating build/lib/fail2ban/tests/files/config/apache-auth/noentry
copying fail2ban/tests/files/config/apache-auth/noentry/.htaccess -> build/lib/fail2ban/tests/files/config/apache-auth/noentry
creating build/lib/fail2ban/tests/files/logs
copying fail2ban/tests/files/logs/zoneminder -> build/lib/fail2ban/tests/files/logs
copying fail2ban/tests/files/logs/solid-pop3d -> build/lib/fail2ban/tests/files/logs
copying fail2ban/tests/files/logs/tine20 -> build/lib/fail2ban/tests/files/logs
copying fail2ban/tests/files/logs/asterisk -> build/lib/fail2ban/tests/files/logs
copying fail2ban/tests/files/logs/squid -> build/lib/fail2ban/tests/files/logs
copying fail2ban/tests/files/logs/openhab -> build/lib/fail2ban/tests/files/logs
copying fail2ban/tests/files/logs/mysqld-auth -> build/lib/fail2ban/tests/files/logs
copying fail2ban/tests/files/logs/scanlogd -> build/lib/fail2ban/tests/files/logs
copying fail2ban/tests/files/logs/wuftpd -> build/lib/fail2ban/tests/files/logs
copying fail2ban/tests/files/logs/nginx-http-auth -> build/lib/fail2ban/tests/files/logs
copying fail2ban/tests/files/logs/selinux-ssh -> build/lib/fail2ban/tests/files/logs
copying fail2ban/tests/files/logs/apache-botsearch -> build/lib/fail2ban/tests/files/logs
copying fail2ban/tests/files/logs/monit -> build/lib/fail2ban/tests/files/logs
copying fail2ban/tests/files/logs/qmail -> build/lib/fail2ban/tests/files/logs
copying fail2ban/tests/files/logs/froxlor-auth -> build/lib/fail2ban/tests/files/logs
copying fail2ban/tests/files/logs/domino-smtp -> build/lib/fail2ban/tests/files/logs
copying fail2ban/tests/files/logs/znc-adminlog -> build/lib/fail2ban/tests/files/logs
copying fail2ban/tests/files/logs/nagios -> build/lib/fail2ban/tests/files/logs
copying fail2ban/tests/files/logs/sendmail-reject -> build/lib/fail2ban/tests/files/logs
copying fail2ban/tests/files/logs/nginx-bad-request -> build/lib/fail2ban/tests/files/logs
copying fail2ban/tests/files/logs/proftpd -> build/lib/fail2ban/tests/files/logs
copying fail2ban/tests/files/logs/xinetd-fail -> build/lib/fail2ban/tests/files/logs
copying fail2ban/tests/files/logs/zzz-generic-example -> build/lib/fail2ban/tests/files/logs
copying fail2ban/tests/files/logs/apache-modsecurity -> build/lib/fail2ban/tests/files/logs
copying fail2ban/tests/files/logs/mongodb-auth -> build/lib/fail2ban/tests/files/logs
copying fail2ban/tests/files/logs/traefik-auth -> build/lib/fail2ban/tests/files/logs
copying fail2ban/tests/files/logs/dovecot -> build/lib/fail2ban/tests/files/logs
copying fail2ban/tests/files/logs/monitorix -> build/lib/fail2ban/tests/files/logs
copying fail2ban/tests/files/logs/php-url-fopen -> build/lib/fail2ban/tests/files/logs
copying fail2ban/tests/files/logs/roundcube-auth -> build/lib/fail2ban/tests/files/logs
copying fail2ban/tests/files/logs/freeswitch -> build/lib/fail2ban/tests/files/logs
copying fail2ban/tests/files/logs/sshd-journal -> build/lib/fail2ban/tests/files/logs
copying fail2ban/tests/files/logs/apache-badbots -> build/lib/fail2ban/tests/files/logs
copying fail2ban/tests/files/logs/courier-smtp -> build/lib/fail2ban/tests/files/logs
copying fail2ban/tests/files/logs/grafana -> build/lib/fail2ban/tests/files/logs
copying fail2ban/tests/files/logs/dante -> build/lib/fail2ban/tests/files/logs
copying fail2ban/tests/files/logs/exim -> build/lib/fail2ban/tests/files/logs
copying fail2ban/tests/files/logs/sogo-auth -> build/lib/fail2ban/tests/files/logs
copying fail2ban/tests/files/logs/apache-overflows -> build/lib/fail2ban/tests/files/logs
copying fail2ban/tests/files/logs/nginx-limit-req -> build/lib/fail2ban/tests/files/logs
copying fail2ban/tests/files/logs/apache-shellshock -> build/lib/fail2ban/tests/files/logs
copying fail2ban/tests/files/logs/haproxy-http-auth -> build/lib/fail2ban/tests/files/logs
copying fail2ban/tests/files/logs/apache-fakegooglebot -> build/lib/fail2ban/tests/files/logs
copying fail2ban/tests/files/logs/webmin-auth -> build/lib/fail2ban/tests/files/logs
copying fail2ban/tests/files/logs/ejabberd-auth -> build/lib/fail2ban/tests/files/logs
copying fail2ban/tests/files/logs/sieve -> build/lib/fail2ban/tests/files/logs
copying fail2ban/tests/files/logs/centreon -> build/lib/fail2ban/tests/files/logs
copying fail2ban/tests/files/logs/counter-strike -> build/lib/fail2ban/tests/files/logs
copying fail2ban/tests/files/logs/directadmin -> build/lib/fail2ban/tests/files/logs
copying fail2ban/tests/files/logs/apache-nohome -> build/lib/fail2ban/tests/files/logs
copying fail2ban/tests/files/logs/oracleims -> build/lib/fail2ban/tests/files/logs
copying fail2ban/tests/files/logs/stunnel -> build/lib/fail2ban/tests/files/logs
copying fail2ban/tests/files/logs/assp -> build/lib/fail2ban/tests/files/logs
copying fail2ban/tests/files/logs/pure-ftpd -> build/lib/fail2ban/tests/files/logs
copying fail2ban/tests/files/logs/recidive -> build/lib/fail2ban/tests/files/logs
copying fail2ban/tests/files/logs/sendmail-auth -> build/lib/fail2ban/tests/files/logs
copying fail2ban/tests/files/logs/slapd -> build/lib/fail2ban/tests/files/logs
copying fail2ban/tests/files/logs/portsentry -> build/lib/fail2ban/tests/files/logs
copying fail2ban/tests/files/logs/murmur -> build/lib/fail2ban/tests/files/logs
copying fail2ban/tests/files/logs/nginx-forbidden -> build/lib/fail2ban/tests/files/logs
copying fail2ban/tests/files/logs/cyrus-imap -> build/lib/fail2ban/tests/files/logs
copying fail2ban/tests/files/logs/routeros-auth -> build/lib/fail2ban/tests/files/logs
copying fail2ban/tests/files/logs/3proxy -> build/lib/fail2ban/tests/files/logs
copying fail2ban/tests/files/logs/mssql-auth -> build/lib/fail2ban/tests/files/logs
copying fail2ban/tests/files/logs/gssftpd -> build/lib/fail2ban/tests/files/logs
copying fail2ban/tests/files/logs/zzz-sshd-obsolete-multiline -> build/lib/fail2ban/tests/files/logs
copying fail2ban/tests/files/logs/courier-auth -> build/lib/fail2ban/tests/files/logs
copying fail2ban/tests/files/logs/uwimap-auth -> build/lib/fail2ban/tests/files/logs
copying fail2ban/tests/files/logs/postfix -> build/lib/fail2ban/tests/files/logs
copying fail2ban/tests/files/logs/screensharingd -> build/lib/fail2ban/tests/files/logs
copying fail2ban/tests/files/logs/guacamole -> build/lib/fail2ban/tests/files/logs
copying fail2ban/tests/files/logs/perdition -> build/lib/fail2ban/tests/files/logs
copying fail2ban/tests/files/logs/phpmyadmin-syslog -> build/lib/fail2ban/tests/files/logs
copying fail2ban/tests/files/logs/pam-generic -> build/lib/fail2ban/tests/files/logs
copying fail2ban/tests/files/logs/dropbear -> build/lib/fail2ban/tests/files/logs
copying fail2ban/tests/files/logs/kerio -> build/lib/fail2ban/tests/files/logs
copying fail2ban/tests/files/logs/vsftpd -> build/lib/fail2ban/tests/files/logs
copying fail2ban/tests/files/logs/groupoffice -> build/lib/fail2ban/tests/files/logs
copying fail2ban/tests/files/logs/nginx-botsearch -> build/lib/fail2ban/tests/files/logs
copying fail2ban/tests/files/logs/apache-pass -> build/lib/fail2ban/tests/files/logs
copying fail2ban/tests/files/logs/softethervpn -> build/lib/fail2ban/tests/files/logs
copying fail2ban/tests/files/logs/apache-noscript -> build/lib/fail2ban/tests/files/logs
copying fail2ban/tests/files/logs/named-refused -> build/lib/fail2ban/tests/files/logs
copying fail2ban/tests/files/logs/sshd -> build/lib/fail2ban/tests/files/logs
copying fail2ban/tests/files/logs/horde -> build/lib/fail2ban/tests/files/logs
copying fail2ban/tests/files/logs/exim-spam -> build/lib/fail2ban/tests/files/logs
copying fail2ban/tests/files/logs/nsd -> build/lib/fail2ban/tests/files/logs
copying fail2ban/tests/files/logs/apache-auth -> build/lib/fail2ban/tests/files/logs
copying fail2ban/tests/files/logs/gitlab -> build/lib/fail2ban/tests/files/logs
copying fail2ban/tests/files/logs/squirrelmail -> build/lib/fail2ban/tests/files/logs
copying fail2ban/tests/files/logs/suhosin -> build/lib/fail2ban/tests/files/logs
copying fail2ban/tests/files/logs/bitwarden -> build/lib/fail2ban/tests/files/logs
copying fail2ban/tests/files/logs/openwebmail -> build/lib/fail2ban/tests/files/logs
copying fail2ban/tests/files/logs/drupal-auth -> build/lib/fail2ban/tests/files/logs
copying fail2ban/tests/files/logs/lighttpd-auth -> build/lib/fail2ban/tests/files/logs
creating build/lib/fail2ban/tests/files/logs/bsd
copying fail2ban/tests/files/logs/bsd/syslog-vv.txt -> build/lib/fail2ban/tests/files/logs/bsd
copying fail2ban/tests/files/logs/bsd/syslog-v.txt -> build/lib/fail2ban/tests/files/logs/bsd
copying fail2ban/tests/files/logs/bsd/syslog-plain.txt -> build/lib/fail2ban/tests/files/logs/bsd
creating build/lib/fail2ban/tests/config
copying fail2ban/tests/config/jail.conf -> build/lib/fail2ban/tests/config
copying fail2ban/tests/config/fail2ban.conf -> build/lib/fail2ban/tests/config
creating build/lib/fail2ban/tests/config/action.d
copying fail2ban/tests/config/action.d/action.conf -> build/lib/fail2ban/tests/config/action.d
copying fail2ban/tests/config/action.d/brokenaction.conf -> build/lib/fail2ban/tests/config/action.d
creating build/lib/fail2ban/tests/config/filter.d
copying fail2ban/tests/config/filter.d/checklogtype_test.conf -> build/lib/fail2ban/tests/config/filter.d
copying fail2ban/tests/config/filter.d/simple.conf -> build/lib/fail2ban/tests/config/filter.d
copying fail2ban/tests/config/filter.d/test.conf -> build/lib/fail2ban/tests/config/filter.d
copying fail2ban/tests/config/filter.d/zzz-generic-example.conf -> build/lib/fail2ban/tests/config/filter.d
copying fail2ban/tests/config/filter.d/test.local -> build/lib/fail2ban/tests/config/filter.d
copying fail2ban/tests/config/filter.d/checklogtype.conf -> build/lib/fail2ban/tests/config/filter.d
copying fail2ban/tests/config/filter.d/zzz-sshd-obsolete-multiline.conf -> build/lib/fail2ban/tests/config/filter.d
running build_scripts
creating build/scripts-3.12
copying and adjusting bin/fail2ban-client -> build/scripts-3.12
copying and adjusting bin/fail2ban-server -> build/scripts-3.12
copying and adjusting bin/fail2ban-regex -> build/scripts-3.12
copying and adjusting bin/fail2ban-testcases -> build/scripts-3.12
changing mode of build/scripts-3.12/fail2ban-client from 644 to 755
changing mode of build/scripts-3.12/fail2ban-server from 644 to 755
changing mode of build/scripts-3.12/fail2ban-regex from 644 to 755
changing mode of build/scripts-3.12/fail2ban-testcases from 644 to 755
>>> fail2ban: Entering fakeroot...
/usr/lib/python3.12/site-packages/setuptools/_distutils/dist.py:289: UserWarning: Unknown distribution option: 'test_suite'
  warnings.warn(msg)
running install
/tmp/src/fail2ban-1.1.0/setup.py:124: SetuptoolsDeprecationWarning: setup.py install is deprecated.
!!

        ********************************************************************************
        Please avoid running ``setup.py`` directly.
        Instead, use pypa/build, pypa/installer or other
        standards-based tools.

        By 2025-Oct-31, you need to update your project and remove deprecated calls
        or your builds will no longer be supported.

        See https://blog.ganssle.io/articles/2021/10/setup-py-deprecated.html for details.
        ********************************************************************************

!!
  install.initialize_options(self)
running build
running build_py
running build_scripts
running install_lib
creating /tmp/pkg/fail2ban/usr/lib/python3.12/site-packages
creating /tmp/pkg/fail2ban/usr/lib/python3.12/site-packages/fail2ban
copying build/lib/fail2ban/version.py -> /tmp/pkg/fail2ban/usr/lib/python3.12/site-packages/fail2ban
copying build/lib/fail2ban/protocol.py -> /tmp/pkg/fail2ban/usr/lib/python3.12/site-packages/fail2ban
creating /tmp/pkg/fail2ban/usr/lib/python3.12/site-packages/fail2ban/server
copying build/lib/fail2ban/server/failmanager.py -> /tmp/pkg/fail2ban/usr/lib/python3.12/site-packages/fail2ban/server
copying build/lib/fail2ban/server/utils.py -> /tmp/pkg/fail2ban/usr/lib/python3.12/site-packages/fail2ban/server
copying build/lib/fail2ban/server/ticket.py -> /tmp/pkg/fail2ban/usr/lib/python3.12/site-packages/fail2ban/server
copying build/lib/fail2ban/server/failregex.py -> /tmp/pkg/fail2ban/usr/lib/python3.12/site-packages/fail2ban/server
copying build/lib/fail2ban/server/filterpyinotify.py -> /tmp/pkg/fail2ban/usr/lib/python3.12/site-packages/fail2ban/server
copying build/lib/fail2ban/server/transmitter.py -> /tmp/pkg/fail2ban/usr/lib/python3.12/site-packages/fail2ban/server
copying build/lib/fail2ban/server/strptime.py -> /tmp/pkg/fail2ban/usr/lib/python3.12/site-packages/fail2ban/server
copying build/lib/fail2ban/server/jail.py -> /tmp/pkg/fail2ban/usr/lib/python3.12/site-packages/fail2ban/server
copying build/lib/fail2ban/server/asyncserver.py -> /tmp/pkg/fail2ban/usr/lib/python3.12/site-packages/fail2ban/server
copying build/lib/fail2ban/server/datetemplate.py -> /tmp/pkg/fail2ban/usr/lib/python3.12/site-packages/fail2ban/server
copying build/lib/fail2ban/server/jailthread.py -> /tmp/pkg/fail2ban/usr/lib/python3.12/site-packages/fail2ban/server
copying build/lib/fail2ban/server/filterpoll.py -> /tmp/pkg/fail2ban/usr/lib/python3.12/site-packages/fail2ban/server
copying build/lib/fail2ban/server/observer.py -> /tmp/pkg/fail2ban/usr/lib/python3.12/site-packages/fail2ban/server
copying build/lib/fail2ban/server/ipdns.py -> /tmp/pkg/fail2ban/usr/lib/python3.12/site-packages/fail2ban/server
copying build/lib/fail2ban/server/filter.py -> /tmp/pkg/fail2ban/usr/lib/python3.12/site-packages/fail2ban/server
copying build/lib/fail2ban/server/action.py -> /tmp/pkg/fail2ban/usr/lib/python3.12/site-packages/fail2ban/server
copying build/lib/fail2ban/server/datedetector.py -> /tmp/pkg/fail2ban/usr/lib/python3.12/site-packages/fail2ban/server
copying build/lib/fail2ban/server/actions.py -> /tmp/pkg/fail2ban/usr/lib/python3.12/site-packages/fail2ban/server
copying build/lib/fail2ban/server/jails.py -> /tmp/pkg/fail2ban/usr/lib/python3.12/site-packages/fail2ban/server
copying build/lib/fail2ban/server/__init__.py -> /tmp/pkg/fail2ban/usr/lib/python3.12/site-packages/fail2ban/server
copying build/lib/fail2ban/server/mytime.py -> /tmp/pkg/fail2ban/usr/lib/python3.12/site-packages/fail2ban/server
copying build/lib/fail2ban/server/server.py -> /tmp/pkg/fail2ban/usr/lib/python3.12/site-packages/fail2ban/server
copying build/lib/fail2ban/server/banmanager.py -> /tmp/pkg/fail2ban/usr/lib/python3.12/site-packages/fail2ban/server
copying build/lib/fail2ban/server/database.py -> /tmp/pkg/fail2ban/usr/lib/python3.12/site-packages/fail2ban/server
copying build/lib/fail2ban/server/filtersystemd.py -> /tmp/pkg/fail2ban/usr/lib/python3.12/site-packages/fail2ban/server
creating /tmp/pkg/fail2ban/usr/lib/python3.12/site-packages/fail2ban/tests
creating /tmp/pkg/fail2ban/usr/lib/python3.12/site-packages/fail2ban/tests/action_d
copying build/lib/fail2ban/tests/action_d/test_smtp.py -> /tmp/pkg/fail2ban/usr/lib/python3.12/site-packages/fail2ban/tests/action_d
copying build/lib/fail2ban/tests/action_d/__init__.py -> /tmp/pkg/fail2ban/usr/lib/python3.12/site-packages/fail2ban/tests/action_d
copying build/lib/fail2ban/tests/utils.py -> /tmp/pkg/fail2ban/usr/lib/python3.12/site-packages/fail2ban/tests
copying build/lib/fail2ban/tests/sockettestcase.py -> /tmp/pkg/fail2ban/usr/lib/python3.12/site-packages/fail2ban/tests
copying build/lib/fail2ban/tests/failmanagertestcase.py -> /tmp/pkg/fail2ban/usr/lib/python3.12/site-packages/fail2ban/tests
copying build/lib/fail2ban/tests/actiontestcase.py -> /tmp/pkg/fail2ban/usr/lib/python3.12/site-packages/fail2ban/tests
copying build/lib/fail2ban/tests/actionstestcase.py -> /tmp/pkg/fail2ban/usr/lib/python3.12/site-packages/fail2ban/tests
copying build/lib/fail2ban/tests/banmanagertestcase.py -> /tmp/pkg/fail2ban/usr/lib/python3.12/site-packages/fail2ban/tests
copying build/lib/fail2ban/tests/misctestcase.py -> /tmp/pkg/fail2ban/usr/lib/python3.12/site-packages/fail2ban/tests
copying build/lib/fail2ban/tests/databasetestcase.py -> /tmp/pkg/fail2ban/usr/lib/python3.12/site-packages/fail2ban/tests
creating /tmp/pkg/fail2ban/usr/lib/python3.12/site-packages/fail2ban/tests/files
copying build/lib/fail2ban/tests/files/testcase04.log -> /tmp/pkg/fail2ban/usr/lib/python3.12/site-packages/fail2ban/tests/files
copying build/lib/fail2ban/tests/files/testcase-multiline.log -> /tmp/pkg/fail2ban/usr/lib/python3.12/site-packages/fail2ban/tests/files
copying build/lib/fail2ban/tests/files/database_v2.db -> /tmp/pkg/fail2ban/usr/lib/python3.12/site-packages/fail2ban/tests/files
copying build/lib/fail2ban/tests/files/ignorecommand.py -> /tmp/pkg/fail2ban/usr/lib/python3.12/site-packages/fail2ban/tests/files
copying build/lib/fail2ban/tests/files/testcase-journal.log -> /tmp/pkg/fail2ban/usr/lib/python3.12/site-packages/fail2ban/tests/files
creating /tmp/pkg/fail2ban/usr/lib/python3.12/site-packages/fail2ban/tests/files/action.d
copying build/lib/fail2ban/tests/files/action.d/action_errors.py -> /tmp/pkg/fail2ban/usr/lib/python3.12/site-packages/fail2ban/tests/files/action.d
copying build/lib/fail2ban/tests/files/action.d/action_noAction.py -> /tmp/pkg/fail2ban/usr/lib/python3.12/site-packages/fail2ban/tests/files/action.d
copying build/lib/fail2ban/tests/files/action.d/action_nomethod.py -> /tmp/pkg/fail2ban/usr/lib/python3.12/site-packages/fail2ban/tests/files/action.d
copying build/lib/fail2ban/tests/files/action.d/action_checkainfo.py -> /tmp/pkg/fail2ban/usr/lib/python3.12/site-packages/fail2ban/tests/files/action.d
copying build/lib/fail2ban/tests/files/action.d/action.py -> /tmp/pkg/fail2ban/usr/lib/python3.12/site-packages/fail2ban/tests/files/action.d
copying build/lib/fail2ban/tests/files/action.d/action_modifyainfo.py -> /tmp/pkg/fail2ban/usr/lib/python3.12/site-packages/fail2ban/tests/files/action.d
copying build/lib/fail2ban/tests/files/testcase-usedns.log -> /tmp/pkg/fail2ban/usr/lib/python3.12/site-packages/fail2ban/tests/files
copying build/lib/fail2ban/tests/files/zzz-sshd-obsolete-multiline.log -> /tmp/pkg/fail2ban/usr/lib/python3.12/site-packages/fail2ban/tests/files
copying build/lib/fail2ban/tests/files/testcase-wrong-char.log -> /tmp/pkg/fail2ban/usr/lib/python3.12/site-packages/fail2ban/tests/files
copying build/lib/fail2ban/tests/files/testcase03.log -> /tmp/pkg/fail2ban/usr/lib/python3.12/site-packages/fail2ban/tests/files
copying build/lib/fail2ban/tests/files/database_v1.db -> /tmp/pkg/fail2ban/usr/lib/python3.12/site-packages/fail2ban/tests/files
creating /tmp/pkg/fail2ban/usr/lib/python3.12/site-packages/fail2ban/tests/files/filter.d
copying build/lib/fail2ban/tests/files/filter.d/substitution.conf -> /tmp/pkg/fail2ban/usr/lib/python3.12/site-packages/fail2ban/tests/files/filter.d
copying build/lib/fail2ban/tests/files/filter.d/testcase-common.conf -> /tmp/pkg/fail2ban/usr/lib/python3.12/site-packages/fail2ban/tests/files/filter.d
copying build/lib/fail2ban/tests/files/filter.d/testcase02.local -> /tmp/pkg/fail2ban/usr/lib/python3.12/site-packages/fail2ban/tests/files/filter.d
copying build/lib/fail2ban/tests/files/filter.d/testcase02.conf -> /tmp/pkg/fail2ban/usr/lib/python3.12/site-packages/fail2ban/tests/files/filter.d
copying build/lib/fail2ban/tests/files/filter.d/testcase01.conf -> /tmp/pkg/fail2ban/usr/lib/python3.12/site-packages/fail2ban/tests/files/filter.d
creating /tmp/pkg/fail2ban/usr/lib/python3.12/site-packages/fail2ban/tests/files/config
creating /tmp/pkg/fail2ban/usr/lib/python3.12/site-packages/fail2ban/tests/files/config/apache-auth
creating /tmp/pkg/fail2ban/usr/lib/python3.12/site-packages/fail2ban/tests/files/config/apache-auth/basic
creating /tmp/pkg/fail2ban/usr/lib/python3.12/site-packages/fail2ban/tests/files/config/apache-auth/basic/file
copying build/lib/fail2ban/tests/files/config/apache-auth/basic/file/.htpasswd -> /tmp/pkg/fail2ban/usr/lib/python3.12/site-packages/fail2ban/tests/files/config/apache-auth/basic/file
copying build/lib/fail2ban/tests/files/config/apache-auth/basic/file/.htaccess -> /tmp/pkg/fail2ban/usr/lib/python3.12/site-packages/fail2ban/tests/files/config/apache-auth/basic/file
creating /tmp/pkg/fail2ban/usr/lib/python3.12/site-packages/fail2ban/tests/files/config/apache-auth/basic/authz_owner
copying build/lib/fail2ban/tests/files/config/apache-auth/basic/authz_owner/.htpasswd -> /tmp/pkg/fail2ban/usr/lib/python3.12/site-packages/fail2ban/tests/files/config/apache-auth/basic/authz_owner
copying build/lib/fail2ban/tests/files/config/apache-auth/basic/authz_owner/cant_get_me.html -> /tmp/pkg/fail2ban/usr/lib/python3.12/site-packages/fail2ban/tests/files/config/apache-auth/basic/authz_owner
copying build/lib/fail2ban/tests/files/config/apache-auth/basic/authz_owner/.htaccess -> /tmp/pkg/fail2ban/usr/lib/python3.12/site-packages/fail2ban/tests/files/config/apache-auth/basic/authz_owner
creating /tmp/pkg/fail2ban/usr/lib/python3.12/site-packages/fail2ban/tests/files/config/apache-auth/digest_wrongrelm
copying build/lib/fail2ban/tests/files/config/apache-auth/digest_wrongrelm/.htpasswd -> /tmp/pkg/fail2ban/usr/lib/python3.12/site-packages/fail2ban/tests/files/config/apache-auth/digest_wrongrelm
copying build/lib/fail2ban/tests/files/config/apache-auth/digest_wrongrelm/.htaccess -> /tmp/pkg/fail2ban/usr/lib/python3.12/site-packages/fail2ban/tests/files/config/apache-auth/digest_wrongrelm
creating /tmp/pkg/fail2ban/usr/lib/python3.12/site-packages/fail2ban/tests/files/config/apache-auth/digest_anon
copying build/lib/fail2ban/tests/files/config/apache-auth/digest_anon/.htpasswd -> /tmp/pkg/fail2ban/usr/lib/python3.12/site-packages/fail2ban/tests/files/config/apache-auth/digest_anon
copying build/lib/fail2ban/tests/files/config/apache-auth/digest_anon/.htaccess -> /tmp/pkg/fail2ban/usr/lib/python3.12/site-packages/fail2ban/tests/files/config/apache-auth/digest_anon
creating /tmp/pkg/fail2ban/usr/lib/python3.12/site-packages/fail2ban/tests/files/config/apache-auth/digest_time
copying build/lib/fail2ban/tests/files/config/apache-auth/digest_time/.htpasswd -> /tmp/pkg/fail2ban/usr/lib/python3.12/site-packages/fail2ban/tests/files/config/apache-auth/digest_time
copying build/lib/fail2ban/tests/files/config/apache-auth/digest_time/.htaccess -> /tmp/pkg/fail2ban/usr/lib/python3.12/site-packages/fail2ban/tests/files/config/apache-auth/digest_time
copying build/lib/fail2ban/tests/files/config/apache-auth/README -> /tmp/pkg/fail2ban/usr/lib/python3.12/site-packages/fail2ban/tests/files/config/apache-auth
creating /tmp/pkg/fail2ban/usr/lib/python3.12/site-packages/fail2ban/tests/files/config/apache-auth/digest
copying build/lib/fail2ban/tests/files/config/apache-auth/digest/.htpasswd -> /tmp/pkg/fail2ban/usr/lib/python3.12/site-packages/fail2ban/tests/files/config/apache-auth/digest
copying build/lib/fail2ban/tests/files/config/apache-auth/digest/.htaccess -> /tmp/pkg/fail2ban/usr/lib/python3.12/site-packages/fail2ban/tests/files/config/apache-auth/digest
copying build/lib/fail2ban/tests/files/config/apache-auth/digest.py -> /tmp/pkg/fail2ban/usr/lib/python3.12/site-packages/fail2ban/tests/files/config/apache-auth
creating /tmp/pkg/fail2ban/usr/lib/python3.12/site-packages/fail2ban/tests/files/config/apache-auth/noentry
copying build/lib/fail2ban/tests/files/config/apache-auth/noentry/.htaccess -> /tmp/pkg/fail2ban/usr/lib/python3.12/site-packages/fail2ban/tests/files/config/apache-auth/noentry
copying build/lib/fail2ban/tests/files/testcase02.log -> /tmp/pkg/fail2ban/usr/lib/python3.12/site-packages/fail2ban/tests/files
copying build/lib/fail2ban/tests/files/testcase01a.log -> /tmp/pkg/fail2ban/usr/lib/python3.12/site-packages/fail2ban/tests/files
creating /tmp/pkg/fail2ban/usr/lib/python3.12/site-packages/fail2ban/tests/files/logs
copying build/lib/fail2ban/tests/files/logs/zoneminder -> /tmp/pkg/fail2ban/usr/lib/python3.12/site-packages/fail2ban/tests/files/logs
copying build/lib/fail2ban/tests/files/logs/solid-pop3d -> /tmp/pkg/fail2ban/usr/lib/python3.12/site-packages/fail2ban/tests/files/logs
copying build/lib/fail2ban/tests/files/logs/tine20 -> /tmp/pkg/fail2ban/usr/lib/python3.12/site-packages/fail2ban/tests/files/logs
copying build/lib/fail2ban/tests/files/logs/asterisk -> /tmp/pkg/fail2ban/usr/lib/python3.12/site-packages/fail2ban/tests/files/logs
copying build/lib/fail2ban/tests/files/logs/squid -> /tmp/pkg/fail2ban/usr/lib/python3.12/site-packages/fail2ban/tests/files/logs
copying build/lib/fail2ban/tests/files/logs/openhab -> /tmp/pkg/fail2ban/usr/lib/python3.12/site-packages/fail2ban/tests/files/logs
copying build/lib/fail2ban/tests/files/logs/mysqld-auth -> /tmp/pkg/fail2ban/usr/lib/python3.12/site-packages/fail2ban/tests/files/logs
copying build/lib/fail2ban/tests/files/logs/scanlogd -> /tmp/pkg/fail2ban/usr/lib/python3.12/site-packages/fail2ban/tests/files/logs
copying build/lib/fail2ban/tests/files/logs/wuftpd -> /tmp/pkg/fail2ban/usr/lib/python3.12/site-packages/fail2ban/tests/files/logs
copying build/lib/fail2ban/tests/files/logs/nginx-http-auth -> /tmp/pkg/fail2ban/usr/lib/python3.12/site-packages/fail2ban/tests/files/logs
copying build/lib/fail2ban/tests/files/logs/selinux-ssh -> /tmp/pkg/fail2ban/usr/lib/python3.12/site-packages/fail2ban/tests/files/logs
copying build/lib/fail2ban/tests/files/logs/apache-botsearch -> /tmp/pkg/fail2ban/usr/lib/python3.12/site-packages/fail2ban/tests/files/logs
copying build/lib/fail2ban/tests/files/logs/monit -> /tmp/pkg/fail2ban/usr/lib/python3.12/site-packages/fail2ban/tests/files/logs
copying build/lib/fail2ban/tests/files/logs/qmail -> /tmp/pkg/fail2ban/usr/lib/python3.12/site-packages/fail2ban/tests/files/logs
copying build/lib/fail2ban/tests/files/logs/froxlor-auth -> /tmp/pkg/fail2ban/usr/lib/python3.12/site-packages/fail2ban/tests/files/logs
copying build/lib/fail2ban/tests/files/logs/domino-smtp -> /tmp/pkg/fail2ban/usr/lib/python3.12/site-packages/fail2ban/tests/files/logs
copying build/lib/fail2ban/tests/files/logs/znc-adminlog -> /tmp/pkg/fail2ban/usr/lib/python3.12/site-packages/fail2ban/tests/files/logs
copying build/lib/fail2ban/tests/files/logs/nagios -> /tmp/pkg/fail2ban/usr/lib/python3.12/site-packages/fail2ban/tests/files/logs
copying build/lib/fail2ban/tests/files/logs/sendmail-reject -> /tmp/pkg/fail2ban/usr/lib/python3.12/site-packages/fail2ban/tests/files/logs
copying build/lib/fail2ban/tests/files/logs/nginx-bad-request -> /tmp/pkg/fail2ban/usr/lib/python3.12/site-packages/fail2ban/tests/files/logs
copying build/lib/fail2ban/tests/files/logs/proftpd -> /tmp/pkg/fail2ban/usr/lib/python3.12/site-packages/fail2ban/tests/files/logs
copying build/lib/fail2ban/tests/files/logs/xinetd-fail -> /tmp/pkg/fail2ban/usr/lib/python3.12/site-packages/fail2ban/tests/files/logs
copying build/lib/fail2ban/tests/files/logs/zzz-generic-example -> /tmp/pkg/fail2ban/usr/lib/python3.12/site-packages/fail2ban/tests/files/logs
copying build/lib/fail2ban/tests/files/logs/apache-modsecurity -> /tmp/pkg/fail2ban/usr/lib/python3.12/site-packages/fail2ban/tests/files/logs
copying build/lib/fail2ban/tests/files/logs/mongodb-auth -> /tmp/pkg/fail2ban/usr/lib/python3.12/site-packages/fail2ban/tests/files/logs
copying build/lib/fail2ban/tests/files/logs/traefik-auth -> /tmp/pkg/fail2ban/usr/lib/python3.12/site-packages/fail2ban/tests/files/logs
copying build/lib/fail2ban/tests/files/logs/dovecot -> /tmp/pkg/fail2ban/usr/lib/python3.12/site-packages/fail2ban/tests/files/logs
copying build/lib/fail2ban/tests/files/logs/monitorix -> /tmp/pkg/fail2ban/usr/lib/python3.12/site-packages/fail2ban/tests/files/logs
copying build/lib/fail2ban/tests/files/logs/php-url-fopen -> /tmp/pkg/fail2ban/usr/lib/python3.12/site-packages/fail2ban/tests/files/logs
copying build/lib/fail2ban/tests/files/logs/roundcube-auth -> /tmp/pkg/fail2ban/usr/lib/python3.12/site-packages/fail2ban/tests/files/logs
copying build/lib/fail2ban/tests/files/logs/freeswitch -> /tmp/pkg/fail2ban/usr/lib/python3.12/site-packages/fail2ban/tests/files/logs
copying build/lib/fail2ban/tests/files/logs/sshd-journal -> /tmp/pkg/fail2ban/usr/lib/python3.12/site-packages/fail2ban/tests/files/logs
copying build/lib/fail2ban/tests/files/logs/apache-badbots -> /tmp/pkg/fail2ban/usr/lib/python3.12/site-packages/fail2ban/tests/files/logs
copying build/lib/fail2ban/tests/files/logs/courier-smtp -> /tmp/pkg/fail2ban/usr/lib/python3.12/site-packages/fail2ban/tests/files/logs
copying build/lib/fail2ban/tests/files/logs/grafana -> /tmp/pkg/fail2ban/usr/lib/python3.12/site-packages/fail2ban/tests/files/logs
creating /tmp/pkg/fail2ban/usr/lib/python3.12/site-packages/fail2ban/tests/files/logs/bsd
copying build/lib/fail2ban/tests/files/logs/bsd/syslog-vv.txt -> /tmp/pkg/fail2ban/usr/lib/python3.12/site-packages/fail2ban/tests/files/logs/bsd
copying build/lib/fail2ban/tests/files/logs/bsd/syslog-v.txt -> /tmp/pkg/fail2ban/usr/lib/python3.12/site-packages/fail2ban/tests/files/logs/bsd
copying build/lib/fail2ban/tests/files/logs/bsd/syslog-plain.txt -> /tmp/pkg/fail2ban/usr/lib/python3.12/site-packages/fail2ban/tests/files/logs/bsd
copying build/lib/fail2ban/tests/files/logs/dante -> /tmp/pkg/fail2ban/usr/lib/python3.12/site-packages/fail2ban/tests/files/logs
copying build/lib/fail2ban/tests/files/logs/exim -> /tmp/pkg/fail2ban/usr/lib/python3.12/site-packages/fail2ban/tests/files/logs
copying build/lib/fail2ban/tests/files/logs/sogo-auth -> /tmp/pkg/fail2ban/usr/lib/python3.12/site-packages/fail2ban/tests/files/logs
copying build/lib/fail2ban/tests/files/logs/apache-overflows -> /tmp/pkg/fail2ban/usr/lib/python3.12/site-packages/fail2ban/tests/files/logs
copying build/lib/fail2ban/tests/files/logs/nginx-limit-req -> /tmp/pkg/fail2ban/usr/lib/python3.12/site-packages/fail2ban/tests/files/logs
copying build/lib/fail2ban/tests/files/logs/apache-shellshock -> /tmp/pkg/fail2ban/usr/lib/python3.12/site-packages/fail2ban/tests/files/logs
copying build/lib/fail2ban/tests/files/logs/haproxy-http-auth -> /tmp/pkg/fail2ban/usr/lib/python3.12/site-packages/fail2ban/tests/files/logs
copying build/lib/fail2ban/tests/files/logs/apache-fakegooglebot -> /tmp/pkg/fail2ban/usr/lib/python3.12/site-packages/fail2ban/tests/files/logs
copying build/lib/fail2ban/tests/files/logs/webmin-auth -> /tmp/pkg/fail2ban/usr/lib/python3.12/site-packages/fail2ban/tests/files/logs
copying build/lib/fail2ban/tests/files/logs/ejabberd-auth -> /tmp/pkg/fail2ban/usr/lib/python3.12/site-packages/fail2ban/tests/files/logs
copying build/lib/fail2ban/tests/files/logs/sieve -> /tmp/pkg/fail2ban/usr/lib/python3.12/site-packages/fail2ban/tests/files/logs
copying build/lib/fail2ban/tests/files/logs/centreon -> /tmp/pkg/fail2ban/usr/lib/python3.12/site-packages/fail2ban/tests/files/logs
copying build/lib/fail2ban/tests/files/logs/counter-strike -> /tmp/pkg/fail2ban/usr/lib/python3.12/site-packages/fail2ban/tests/files/logs
copying build/lib/fail2ban/tests/files/logs/directadmin -> /tmp/pkg/fail2ban/usr/lib/python3.12/site-packages/fail2ban/tests/files/logs
copying build/lib/fail2ban/tests/files/logs/apache-nohome -> /tmp/pkg/fail2ban/usr/lib/python3.12/site-packages/fail2ban/tests/files/logs
copying build/lib/fail2ban/tests/files/logs/oracleims -> /tmp/pkg/fail2ban/usr/lib/python3.12/site-packages/fail2ban/tests/files/logs
copying build/lib/fail2ban/tests/files/logs/stunnel -> /tmp/pkg/fail2ban/usr/lib/python3.12/site-packages/fail2ban/tests/files/logs
copying build/lib/fail2ban/tests/files/logs/assp -> /tmp/pkg/fail2ban/usr/lib/python3.12/site-packages/fail2ban/tests/files/logs
copying build/lib/fail2ban/tests/files/logs/pure-ftpd -> /tmp/pkg/fail2ban/usr/lib/python3.12/site-packages/fail2ban/tests/files/logs
copying build/lib/fail2ban/tests/files/logs/recidive -> /tmp/pkg/fail2ban/usr/lib/python3.12/site-packages/fail2ban/tests/files/logs
copying build/lib/fail2ban/tests/files/logs/sendmail-auth -> /tmp/pkg/fail2ban/usr/lib/python3.12/site-packages/fail2ban/tests/files/logs
copying build/lib/fail2ban/tests/files/logs/slapd -> /tmp/pkg/fail2ban/usr/lib/python3.12/site-packages/fail2ban/tests/files/logs
copying build/lib/fail2ban/tests/files/logs/portsentry -> /tmp/pkg/fail2ban/usr/lib/python3.12/site-packages/fail2ban/tests/files/logs
copying build/lib/fail2ban/tests/files/logs/murmur -> /tmp/pkg/fail2ban/usr/lib/python3.12/site-packages/fail2ban/tests/files/logs
copying build/lib/fail2ban/tests/files/logs/nginx-forbidden -> /tmp/pkg/fail2ban/usr/lib/python3.12/site-packages/fail2ban/tests/files/logs
copying build/lib/fail2ban/tests/files/logs/cyrus-imap -> /tmp/pkg/fail2ban/usr/lib/python3.12/site-packages/fail2ban/tests/files/logs
copying build/lib/fail2ban/tests/files/logs/routeros-auth -> /tmp/pkg/fail2ban/usr/lib/python3.12/site-packages/fail2ban/tests/files/logs
copying build/lib/fail2ban/tests/files/logs/3proxy -> /tmp/pkg/fail2ban/usr/lib/python3.12/site-packages/fail2ban/tests/files/logs
copying build/lib/fail2ban/tests/files/logs/mssql-auth -> /tmp/pkg/fail2ban/usr/lib/python3.12/site-packages/fail2ban/tests/files/logs
copying build/lib/fail2ban/tests/files/logs/gssftpd -> /tmp/pkg/fail2ban/usr/lib/python3.12/site-packages/fail2ban/tests/files/logs
copying build/lib/fail2ban/tests/files/logs/zzz-sshd-obsolete-multiline -> /tmp/pkg/fail2ban/usr/lib/python3.12/site-packages/fail2ban/tests/files/logs
copying build/lib/fail2ban/tests/files/logs/courier-auth -> /tmp/pkg/fail2ban/usr/lib/python3.12/site-packages/fail2ban/tests/files/logs
copying build/lib/fail2ban/tests/files/logs/uwimap-auth -> /tmp/pkg/fail2ban/usr/lib/python3.12/site-packages/fail2ban/tests/files/logs
copying build/lib/fail2ban/tests/files/logs/postfix -> /tmp/pkg/fail2ban/usr/lib/python3.12/site-packages/fail2ban/tests/files/logs
copying build/lib/fail2ban/tests/files/logs/screensharingd -> /tmp/pkg/fail2ban/usr/lib/python3.12/site-packages/fail2ban/tests/files/logs
copying build/lib/fail2ban/tests/files/logs/guacamole -> /tmp/pkg/fail2ban/usr/lib/python3.12/site-packages/fail2ban/tests/files/logs
copying build/lib/fail2ban/tests/files/logs/perdition -> /tmp/pkg/fail2ban/usr/lib/python3.12/site-packages/fail2ban/tests/files/logs
copying build/lib/fail2ban/tests/files/logs/phpmyadmin-syslog -> /tmp/pkg/fail2ban/usr/lib/python3.12/site-packages/fail2ban/tests/files/logs
copying build/lib/fail2ban/tests/files/logs/pam-generic -> /tmp/pkg/fail2ban/usr/lib/python3.12/site-packages/fail2ban/tests/files/logs
copying build/lib/fail2ban/tests/files/logs/dropbear -> /tmp/pkg/fail2ban/usr/lib/python3.12/site-packages/fail2ban/tests/files/logs
copying build/lib/fail2ban/tests/files/logs/kerio -> /tmp/pkg/fail2ban/usr/lib/python3.12/site-packages/fail2ban/tests/files/logs
copying build/lib/fail2ban/tests/files/logs/vsftpd -> /tmp/pkg/fail2ban/usr/lib/python3.12/site-packages/fail2ban/tests/files/logs
copying build/lib/fail2ban/tests/files/logs/groupoffice -> /tmp/pkg/fail2ban/usr/lib/python3.12/site-packages/fail2ban/tests/files/logs
copying build/lib/fail2ban/tests/files/logs/nginx-botsearch -> /tmp/pkg/fail2ban/usr/lib/python3.12/site-packages/fail2ban/tests/files/logs
copying build/lib/fail2ban/tests/files/logs/apache-pass -> /tmp/pkg/fail2ban/usr/lib/python3.12/site-packages/fail2ban/tests/files/logs
copying build/lib/fail2ban/tests/files/logs/softethervpn -> /tmp/pkg/fail2ban/usr/lib/python3.12/site-packages/fail2ban/tests/files/logs
copying build/lib/fail2ban/tests/files/logs/apache-noscript -> /tmp/pkg/fail2ban/usr/lib/python3.12/site-packages/fail2ban/tests/files/logs
copying build/lib/fail2ban/tests/files/logs/named-refused -> /tmp/pkg/fail2ban/usr/lib/python3.12/site-packages/fail2ban/tests/files/logs
copying build/lib/fail2ban/tests/files/logs/sshd -> /tmp/pkg/fail2ban/usr/lib/python3.12/site-packages/fail2ban/tests/files/logs
copying build/lib/fail2ban/tests/files/logs/horde -> /tmp/pkg/fail2ban/usr/lib/python3.12/site-packages/fail2ban/tests/files/logs
copying build/lib/fail2ban/tests/files/logs/exim-spam -> /tmp/pkg/fail2ban/usr/lib/python3.12/site-packages/fail2ban/tests/files/logs
copying build/lib/fail2ban/tests/files/logs/nsd -> /tmp/pkg/fail2ban/usr/lib/python3.12/site-packages/fail2ban/tests/files/logs
copying build/lib/fail2ban/tests/files/logs/apache-auth -> /tmp/pkg/fail2ban/usr/lib/python3.12/site-packages/fail2ban/tests/files/logs
copying build/lib/fail2ban/tests/files/logs/gitlab -> /tmp/pkg/fail2ban/usr/lib/python3.12/site-packages/fail2ban/tests/files/logs
copying build/lib/fail2ban/tests/files/logs/squirrelmail -> /tmp/pkg/fail2ban/usr/lib/python3.12/site-packages/fail2ban/tests/files/logs
copying build/lib/fail2ban/tests/files/logs/suhosin -> /tmp/pkg/fail2ban/usr/lib/python3.12/site-packages/fail2ban/tests/files/logs
copying build/lib/fail2ban/tests/files/logs/bitwarden -> /tmp/pkg/fail2ban/usr/lib/python3.12/site-packages/fail2ban/tests/files/logs
copying build/lib/fail2ban/tests/files/logs/openwebmail -> /tmp/pkg/fail2ban/usr/lib/python3.12/site-packages/fail2ban/tests/files/logs
copying build/lib/fail2ban/tests/files/logs/drupal-auth -> /tmp/pkg/fail2ban/usr/lib/python3.12/site-packages/fail2ban/tests/files/logs
copying build/lib/fail2ban/tests/files/logs/lighttpd-auth -> /tmp/pkg/fail2ban/usr/lib/python3.12/site-packages/fail2ban/tests/files/logs
copying build/lib/fail2ban/tests/files/testcase01.log -> /tmp/pkg/fail2ban/usr/lib/python3.12/site-packages/fail2ban/tests/files
copying build/lib/fail2ban/tests/samplestestcase.py -> /tmp/pkg/fail2ban/usr/lib/python3.12/site-packages/fail2ban/tests
copying build/lib/fail2ban/tests/datedetectortestcase.py -> /tmp/pkg/fail2ban/usr/lib/python3.12/site-packages/fail2ban/tests
copying build/lib/fail2ban/tests/fail2banregextestcase.py -> /tmp/pkg/fail2ban/usr/lib/python3.12/site-packages/fail2ban/tests
copying build/lib/fail2ban/tests/tickettestcase.py -> /tmp/pkg/fail2ban/usr/lib/python3.12/site-packages/fail2ban/tests
copying build/lib/fail2ban/tests/servertestcase.py -> /tmp/pkg/fail2ban/usr/lib/python3.12/site-packages/fail2ban/tests
copying build/lib/fail2ban/tests/__init__.py -> /tmp/pkg/fail2ban/usr/lib/python3.12/site-packages/fail2ban/tests
copying build/lib/fail2ban/tests/clientbeautifiertestcase.py -> /tmp/pkg/fail2ban/usr/lib/python3.12/site-packages/fail2ban/tests
copying build/lib/fail2ban/tests/dummyjail.py -> /tmp/pkg/fail2ban/usr/lib/python3.12/site-packages/fail2ban/tests
copying build/lib/fail2ban/tests/fail2banclienttestcase.py -> /tmp/pkg/fail2ban/usr/lib/python3.12/site-packages/fail2ban/tests
copying build/lib/fail2ban/tests/observertestcase.py -> /tmp/pkg/fail2ban/usr/lib/python3.12/site-packages/fail2ban/tests
creating /tmp/pkg/fail2ban/usr/lib/python3.12/site-packages/fail2ban/tests/config
creating /tmp/pkg/fail2ban/usr/lib/python3.12/site-packages/fail2ban/tests/config/action.d
copying build/lib/fail2ban/tests/config/action.d/action.conf -> /tmp/pkg/fail2ban/usr/lib/python3.12/site-packages/fail2ban/tests/config/action.d
copying build/lib/fail2ban/tests/config/action.d/brokenaction.conf -> /tmp/pkg/fail2ban/usr/lib/python3.12/site-packages/fail2ban/tests/config/action.d
copying build/lib/fail2ban/tests/config/jail.conf -> /tmp/pkg/fail2ban/usr/lib/python3.12/site-packages/fail2ban/tests/config
creating /tmp/pkg/fail2ban/usr/lib/python3.12/site-packages/fail2ban/tests/config/filter.d
copying build/lib/fail2ban/tests/config/filter.d/checklogtype_test.conf -> /tmp/pkg/fail2ban/usr/lib/python3.12/site-packages/fail2ban/tests/config/filter.d
copying build/lib/fail2ban/tests/config/filter.d/simple.conf -> /tmp/pkg/fail2ban/usr/lib/python3.12/site-packages/fail2ban/tests/config/filter.d
copying build/lib/fail2ban/tests/config/filter.d/test.conf -> /tmp/pkg/fail2ban/usr/lib/python3.12/site-packages/fail2ban/tests/config/filter.d
copying build/lib/fail2ban/tests/config/filter.d/zzz-generic-example.conf -> /tmp/pkg/fail2ban/usr/lib/python3.12/site-packages/fail2ban/tests/config/filter.d
copying build/lib/fail2ban/tests/config/filter.d/test.local -> /tmp/pkg/fail2ban/usr/lib/python3.12/site-packages/fail2ban/tests/config/filter.d
copying build/lib/fail2ban/tests/config/filter.d/checklogtype.conf -> /tmp/pkg/fail2ban/usr/lib/python3.12/site-packages/fail2ban/tests/config/filter.d
copying build/lib/fail2ban/tests/config/filter.d/zzz-sshd-obsolete-multiline.conf -> /tmp/pkg/fail2ban/usr/lib/python3.12/site-packages/fail2ban/tests/config/filter.d
copying build/lib/fail2ban/tests/config/fail2ban.conf -> /tmp/pkg/fail2ban/usr/lib/python3.12/site-packages/fail2ban/tests/config
copying build/lib/fail2ban/tests/clientreadertestcase.py -> /tmp/pkg/fail2ban/usr/lib/python3.12/site-packages/fail2ban/tests
copying build/lib/fail2ban/tests/filtertestcase.py -> /tmp/pkg/fail2ban/usr/lib/python3.12/site-packages/fail2ban/tests
creating /tmp/pkg/fail2ban/usr/lib/python3.12/site-packages/fail2ban/compat
copying build/lib/fail2ban/compat/asyncore.py -> /tmp/pkg/fail2ban/usr/lib/python3.12/site-packages/fail2ban/compat
copying build/lib/fail2ban/compat/asynchat.py -> /tmp/pkg/fail2ban/usr/lib/python3.12/site-packages/fail2ban/compat
copying build/lib/fail2ban/setup.py -> /tmp/pkg/fail2ban/usr/lib/python3.12/site-packages/fail2ban
copying build/lib/fail2ban/__init__.py -> /tmp/pkg/fail2ban/usr/lib/python3.12/site-packages/fail2ban
copying build/lib/fail2ban/exceptions.py -> /tmp/pkg/fail2ban/usr/lib/python3.12/site-packages/fail2ban
creating /tmp/pkg/fail2ban/usr/lib/python3.12/site-packages/fail2ban/client
copying build/lib/fail2ban/client/fail2banserver.py -> /tmp/pkg/fail2ban/usr/lib/python3.12/site-packages/fail2ban/client
copying build/lib/fail2ban/client/jailsreader.py -> /tmp/pkg/fail2ban/usr/lib/python3.12/site-packages/fail2ban/client
copying build/lib/fail2ban/client/configreader.py -> /tmp/pkg/fail2ban/usr/lib/python3.12/site-packages/fail2ban/client
copying build/lib/fail2ban/client/actionreader.py -> /tmp/pkg/fail2ban/usr/lib/python3.12/site-packages/fail2ban/client
copying build/lib/fail2ban/client/fail2banregex.py -> /tmp/pkg/fail2ban/usr/lib/python3.12/site-packages/fail2ban/client
copying build/lib/fail2ban/client/jailreader.py -> /tmp/pkg/fail2ban/usr/lib/python3.12/site-packages/fail2ban/client
copying build/lib/fail2ban/client/fail2bancmdline.py -> /tmp/pkg/fail2ban/usr/lib/python3.12/site-packages/fail2ban/client
copying build/lib/fail2ban/client/configurator.py -> /tmp/pkg/fail2ban/usr/lib/python3.12/site-packages/fail2ban/client
copying build/lib/fail2ban/client/filterreader.py -> /tmp/pkg/fail2ban/usr/lib/python3.12/site-packages/fail2ban/client
copying build/lib/fail2ban/client/beautifier.py -> /tmp/pkg/fail2ban/usr/lib/python3.12/site-packages/fail2ban/client
copying build/lib/fail2ban/client/__init__.py -> /tmp/pkg/fail2ban/usr/lib/python3.12/site-packages/fail2ban/client
copying build/lib/fail2ban/client/configparserinc.py -> /tmp/pkg/fail2ban/usr/lib/python3.12/site-packages/fail2ban/client
copying build/lib/fail2ban/client/fail2banclient.py -> /tmp/pkg/fail2ban/usr/lib/python3.12/site-packages/fail2ban/client
copying build/lib/fail2ban/client/csocket.py -> /tmp/pkg/fail2ban/usr/lib/python3.12/site-packages/fail2ban/client
copying build/lib/fail2ban/client/fail2banreader.py -> /tmp/pkg/fail2ban/usr/lib/python3.12/site-packages/fail2ban/client
copying build/lib/fail2ban/helpers.py -> /tmp/pkg/fail2ban/usr/lib/python3.12/site-packages/fail2ban
byte-compiling /tmp/pkg/fail2ban/usr/lib/python3.12/site-packages/fail2ban/version.py to version.cpython-312.pyc
byte-compiling /tmp/pkg/fail2ban/usr/lib/python3.12/site-packages/fail2ban/protocol.py to protocol.cpython-312.pyc
byte-compiling /tmp/pkg/fail2ban/usr/lib/python3.12/site-packages/fail2ban/server/failmanager.py to failmanager.cpython-312.pyc
byte-compiling /tmp/pkg/fail2ban/usr/lib/python3.12/site-packages/fail2ban/server/utils.py to utils.cpython-312.pyc
byte-compiling /tmp/pkg/fail2ban/usr/lib/python3.12/site-packages/fail2ban/server/ticket.py to ticket.cpython-312.pyc
byte-compiling /tmp/pkg/fail2ban/usr/lib/python3.12/site-packages/fail2ban/server/failregex.py to failregex.cpython-312.pyc
byte-compiling /tmp/pkg/fail2ban/usr/lib/python3.12/site-packages/fail2ban/server/filterpyinotify.py to filterpyinotify.cpython-312.pyc
byte-compiling /tmp/pkg/fail2ban/usr/lib/python3.12/site-packages/fail2ban/server/transmitter.py to transmitter.cpython-312.pyc
byte-compiling /tmp/pkg/fail2ban/usr/lib/python3.12/site-packages/fail2ban/server/strptime.py to strptime.cpython-312.pyc
byte-compiling /tmp/pkg/fail2ban/usr/lib/python3.12/site-packages/fail2ban/server/jail.py to jail.cpython-312.pyc
byte-compiling /tmp/pkg/fail2ban/usr/lib/python3.12/site-packages/fail2ban/server/asyncserver.py to asyncserver.cpython-312.pyc
byte-compiling /tmp/pkg/fail2ban/usr/lib/python3.12/site-packages/fail2ban/server/datetemplate.py to datetemplate.cpython-312.pyc
byte-compiling /tmp/pkg/fail2ban/usr/lib/python3.12/site-packages/fail2ban/server/jailthread.py to jailthread.cpython-312.pyc
byte-compiling /tmp/pkg/fail2ban/usr/lib/python3.12/site-packages/fail2ban/server/filterpoll.py to filterpoll.cpython-312.pyc
byte-compiling /tmp/pkg/fail2ban/usr/lib/python3.12/site-packages/fail2ban/server/observer.py to observer.cpython-312.pyc
byte-compiling /tmp/pkg/fail2ban/usr/lib/python3.12/site-packages/fail2ban/server/ipdns.py to ipdns.cpython-312.pyc
byte-compiling /tmp/pkg/fail2ban/usr/lib/python3.12/site-packages/fail2ban/server/filter.py to filter.cpython-312.pyc
byte-compiling /tmp/pkg/fail2ban/usr/lib/python3.12/site-packages/fail2ban/server/action.py to action.cpython-312.pyc
byte-compiling /tmp/pkg/fail2ban/usr/lib/python3.12/site-packages/fail2ban/server/datedetector.py to datedetector.cpython-312.pyc
byte-compiling /tmp/pkg/fail2ban/usr/lib/python3.12/site-packages/fail2ban/server/actions.py to actions.cpython-312.pyc
byte-compiling /tmp/pkg/fail2ban/usr/lib/python3.12/site-packages/fail2ban/server/jails.py to jails.cpython-312.pyc
byte-compiling /tmp/pkg/fail2ban/usr/lib/python3.12/site-packages/fail2ban/server/__init__.py to __init__.cpython-312.pyc
byte-compiling /tmp/pkg/fail2ban/usr/lib/python3.12/site-packages/fail2ban/server/mytime.py to mytime.cpython-312.pyc
byte-compiling /tmp/pkg/fail2ban/usr/lib/python3.12/site-packages/fail2ban/server/server.py to server.cpython-312.pyc
byte-compiling /tmp/pkg/fail2ban/usr/lib/python3.12/site-packages/fail2ban/server/banmanager.py to banmanager.cpython-312.pyc
byte-compiling /tmp/pkg/fail2ban/usr/lib/python3.12/site-packages/fail2ban/server/database.py to database.cpython-312.pyc
byte-compiling /tmp/pkg/fail2ban/usr/lib/python3.12/site-packages/fail2ban/server/filtersystemd.py to filtersystemd.cpython-312.pyc
byte-compiling /tmp/pkg/fail2ban/usr/lib/python3.12/site-packages/fail2ban/tests/action_d/test_smtp.py to test_smtp.cpython-312.pyc
byte-compiling /tmp/pkg/fail2ban/usr/lib/python3.12/site-packages/fail2ban/tests/action_d/__init__.py to __init__.cpython-312.pyc
byte-compiling /tmp/pkg/fail2ban/usr/lib/python3.12/site-packages/fail2ban/tests/utils.py to utils.cpython-312.pyc
byte-compiling /tmp/pkg/fail2ban/usr/lib/python3.12/site-packages/fail2ban/tests/sockettestcase.py to sockettestcase.cpython-312.pyc
byte-compiling /tmp/pkg/fail2ban/usr/lib/python3.12/site-packages/fail2ban/tests/failmanagertestcase.py to failmanagertestcase.cpython-312.pyc
byte-compiling /tmp/pkg/fail2ban/usr/lib/python3.12/site-packages/fail2ban/tests/actiontestcase.py to actiontestcase.cpython-312.pyc
byte-compiling /tmp/pkg/fail2ban/usr/lib/python3.12/site-packages/fail2ban/tests/actionstestcase.py to actionstestcase.cpython-312.pyc
byte-compiling /tmp/pkg/fail2ban/usr/lib/python3.12/site-packages/fail2ban/tests/banmanagertestcase.py to banmanagertestcase.cpython-312.pyc
byte-compiling /tmp/pkg/fail2ban/usr/lib/python3.12/site-packages/fail2ban/tests/misctestcase.py to misctestcase.cpython-312.pyc
byte-compiling /tmp/pkg/fail2ban/usr/lib/python3.12/site-packages/fail2ban/tests/databasetestcase.py to databasetestcase.cpython-312.pyc
byte-compiling /tmp/pkg/fail2ban/usr/lib/python3.12/site-packages/fail2ban/tests/files/ignorecommand.py to ignorecommand.cpython-312.pyc
byte-compiling /tmp/pkg/fail2ban/usr/lib/python3.12/site-packages/fail2ban/tests/files/action.d/action_errors.py to action_errors.cpython-312.pyc
byte-compiling /tmp/pkg/fail2ban/usr/lib/python3.12/site-packages/fail2ban/tests/files/action.d/action_noAction.py to action_noAction.cpython-312.pyc
byte-compiling /tmp/pkg/fail2ban/usr/lib/python3.12/site-packages/fail2ban/tests/files/action.d/action_nomethod.py to action_nomethod.cpython-312.pyc
byte-compiling /tmp/pkg/fail2ban/usr/lib/python3.12/site-packages/fail2ban/tests/files/action.d/action_checkainfo.py to action_checkainfo.cpython-312.pyc
byte-compiling /tmp/pkg/fail2ban/usr/lib/python3.12/site-packages/fail2ban/tests/files/action.d/action.py to action.cpython-312.pyc
byte-compiling /tmp/pkg/fail2ban/usr/lib/python3.12/site-packages/fail2ban/tests/files/action.d/action_modifyainfo.py to action_modifyainfo.cpython-312.pyc
byte-compiling /tmp/pkg/fail2ban/usr/lib/python3.12/site-packages/fail2ban/tests/files/config/apache-auth/digest.py to digest.cpython-312.pyc
byte-compiling /tmp/pkg/fail2ban/usr/lib/python3.12/site-packages/fail2ban/tests/samplestestcase.py to samplestestcase.cpython-312.pyc
byte-compiling /tmp/pkg/fail2ban/usr/lib/python3.12/site-packages/fail2ban/tests/datedetectortestcase.py to datedetectortestcase.cpython-312.pyc
byte-compiling /tmp/pkg/fail2ban/usr/lib/python3.12/site-packages/fail2ban/tests/fail2banregextestcase.py to fail2banregextestcase.cpython-312.pyc
byte-compiling /tmp/pkg/fail2ban/usr/lib/python3.12/site-packages/fail2ban/tests/tickettestcase.py to tickettestcase.cpython-312.pyc
byte-compiling /tmp/pkg/fail2ban/usr/lib/python3.12/site-packages/fail2ban/tests/servertestcase.py to servertestcase.cpython-312.pyc
byte-compiling /tmp/pkg/fail2ban/usr/lib/python3.12/site-packages/fail2ban/tests/__init__.py to __init__.cpython-312.pyc
byte-compiling /tmp/pkg/fail2ban/usr/lib/python3.12/site-packages/fail2ban/tests/clientbeautifiertestcase.py to clientbeautifiertestcase.cpython-312.pyc
byte-compiling /tmp/pkg/fail2ban/usr/lib/python3.12/site-packages/fail2ban/tests/dummyjail.py to dummyjail.cpython-312.pyc
byte-compiling /tmp/pkg/fail2ban/usr/lib/python3.12/site-packages/fail2ban/tests/fail2banclienttestcase.py to fail2banclienttestcase.cpython-312.pyc
byte-compiling /tmp/pkg/fail2ban/usr/lib/python3.12/site-packages/fail2ban/tests/observertestcase.py to observertestcase.cpython-312.pyc
byte-compiling /tmp/pkg/fail2ban/usr/lib/python3.12/site-packages/fail2ban/tests/clientreadertestcase.py to clientreadertestcase.cpython-312.pyc
byte-compiling /tmp/pkg/fail2ban/usr/lib/python3.12/site-packages/fail2ban/tests/filtertestcase.py to filtertestcase.cpython-312.pyc
byte-compiling /tmp/pkg/fail2ban/usr/lib/python3.12/site-packages/fail2ban/compat/asyncore.py to asyncore.cpython-312.pyc
byte-compiling /tmp/pkg/fail2ban/usr/lib/python3.12/site-packages/fail2ban/compat/asynchat.py to asynchat.cpython-312.pyc
byte-compiling /tmp/pkg/fail2ban/usr/lib/python3.12/site-packages/fail2ban/setup.py to setup.cpython-312.pyc
byte-compiling /tmp/pkg/fail2ban/usr/lib/python3.12/site-packages/fail2ban/__init__.py to __init__.cpython-312.pyc
byte-compiling /tmp/pkg/fail2ban/usr/lib/python3.12/site-packages/fail2ban/exceptions.py to exceptions.cpython-312.pyc
byte-compiling /tmp/pkg/fail2ban/usr/lib/python3.12/site-packages/fail2ban/client/fail2banserver.py to fail2banserver.cpython-312.pyc
byte-compiling /tmp/pkg/fail2ban/usr/lib/python3.12/site-packages/fail2ban/client/jailsreader.py to jailsreader.cpython-312.pyc
byte-compiling /tmp/pkg/fail2ban/usr/lib/python3.12/site-packages/fail2ban/client/configreader.py to configreader.cpython-312.pyc
byte-compiling /tmp/pkg/fail2ban/usr/lib/python3.12/site-packages/fail2ban/client/actionreader.py to actionreader.cpython-312.pyc
byte-compiling /tmp/pkg/fail2ban/usr/lib/python3.12/site-packages/fail2ban/client/fail2banregex.py to fail2banregex.cpython-312.pyc
byte-compiling /tmp/pkg/fail2ban/usr/lib/python3.12/site-packages/fail2ban/client/jailreader.py to jailreader.cpython-312.pyc
byte-compiling /tmp/pkg/fail2ban/usr/lib/python3.12/site-packages/fail2ban/client/fail2bancmdline.py to fail2bancmdline.cpython-312.pyc
byte-compiling /tmp/pkg/fail2ban/usr/lib/python3.12/site-packages/fail2ban/client/configurator.py to configurator.cpython-312.pyc
byte-compiling /tmp/pkg/fail2ban/usr/lib/python3.12/site-packages/fail2ban/client/filterreader.py to filterreader.cpython-312.pyc
byte-compiling /tmp/pkg/fail2ban/usr/lib/python3.12/site-packages/fail2ban/client/beautifier.py to beautifier.cpython-312.pyc
byte-compiling /tmp/pkg/fail2ban/usr/lib/python3.12/site-packages/fail2ban/client/__init__.py to __init__.cpython-312.pyc
byte-compiling /tmp/pkg/fail2ban/usr/lib/python3.12/site-packages/fail2ban/client/configparserinc.py to configparserinc.cpython-312.pyc
byte-compiling /tmp/pkg/fail2ban/usr/lib/python3.12/site-packages/fail2ban/client/fail2banclient.py to fail2banclient.cpython-312.pyc
byte-compiling /tmp/pkg/fail2ban/usr/lib/python3.12/site-packages/fail2ban/client/csocket.py to csocket.cpython-312.pyc
byte-compiling /tmp/pkg/fail2ban/usr/lib/python3.12/site-packages/fail2ban/client/fail2banreader.py to fail2banreader.cpython-312.pyc
byte-compiling /tmp/pkg/fail2ban/usr/lib/python3.12/site-packages/fail2ban/helpers.py to helpers.cpython-312.pyc
running install_data
creating /tmp/pkg/fail2ban/etc/fail2ban
copying config/paths-osx.conf -> /tmp/pkg/fail2ban/etc/fail2ban
copying config/paths-freebsd.conf -> /tmp/pkg/fail2ban/etc/fail2ban
copying config/paths-debian.conf -> /tmp/pkg/fail2ban/etc/fail2ban
copying config/paths-opensuse.conf -> /tmp/pkg/fail2ban/etc/fail2ban
copying config/paths-arch.conf -> /tmp/pkg/fail2ban/etc/fail2ban
copying config/paths-fedora.conf -> /tmp/pkg/fail2ban/etc/fail2ban
copying config/jail.conf -> /tmp/pkg/fail2ban/etc/fail2ban
copying config/fail2ban.conf -> /tmp/pkg/fail2ban/etc/fail2ban
copying config/paths-common.conf -> /tmp/pkg/fail2ban/etc/fail2ban
creating /tmp/pkg/fail2ban/etc/fail2ban/filter.d
copying config/filter.d/pure-ftpd.conf -> /tmp/pkg/fail2ban/etc/fail2ban/filter.d
copying config/filter.d/domino-smtp.conf -> /tmp/pkg/fail2ban/etc/fail2ban/filter.d
copying config/filter.d/perdition.conf -> /tmp/pkg/fail2ban/etc/fail2ban/filter.d
copying config/filter.d/mssql-auth.conf -> /tmp/pkg/fail2ban/etc/fail2ban/filter.d
copying config/filter.d/asterisk.conf -> /tmp/pkg/fail2ban/etc/fail2ban/filter.d
copying config/filter.d/sendmail-reject.conf -> /tmp/pkg/fail2ban/etc/fail2ban/filter.d
copying config/filter.d/zoneminder.conf -> /tmp/pkg/fail2ban/etc/fail2ban/filter.d
copying config/filter.d/mysqld-auth.conf -> /tmp/pkg/fail2ban/etc/fail2ban/filter.d
copying config/filter.d/exim-common.conf -> /tmp/pkg/fail2ban/etc/fail2ban/filter.d
copying config/filter.d/murmur.conf -> /tmp/pkg/fail2ban/etc/fail2ban/filter.d
copying config/filter.d/oracleims.conf -> /tmp/pkg/fail2ban/etc/fail2ban/filter.d
copying config/filter.d/apache-modsecurity.conf -> /tmp/pkg/fail2ban/etc/fail2ban/filter.d
copying config/filter.d/guacamole.conf -> /tmp/pkg/fail2ban/etc/fail2ban/filter.d
copying config/filter.d/qmail.conf -> /tmp/pkg/fail2ban/etc/fail2ban/filter.d
copying config/filter.d/nginx-error-common.conf -> /tmp/pkg/fail2ban/etc/fail2ban/filter.d
copying config/filter.d/drupal-auth.conf -> /tmp/pkg/fail2ban/etc/fail2ban/filter.d
copying config/filter.d/bitwarden.conf -> /tmp/pkg/fail2ban/etc/fail2ban/filter.d
copying config/filter.d/sendmail-auth.conf -> /tmp/pkg/fail2ban/etc/fail2ban/filter.d
copying config/filter.d/selinux-ssh.conf -> /tmp/pkg/fail2ban/etc/fail2ban/filter.d
copying config/filter.d/apache-noscript.conf -> /tmp/pkg/fail2ban/etc/fail2ban/filter.d
copying config/filter.d/pam-generic.conf -> /tmp/pkg/fail2ban/etc/fail2ban/filter.d
copying config/filter.d/3proxy.conf -> /tmp/pkg/fail2ban/etc/fail2ban/filter.d
copying config/filter.d/softethervpn.conf -> /tmp/pkg/fail2ban/etc/fail2ban/filter.d
copying config/filter.d/dropbear.conf -> /tmp/pkg/fail2ban/etc/fail2ban/filter.d
copying config/filter.d/vsftpd.conf -> /tmp/pkg/fail2ban/etc/fail2ban/filter.d
copying config/filter.d/traefik-auth.conf -> /tmp/pkg/fail2ban/etc/fail2ban/filter.d
copying config/filter.d/lighttpd-auth.conf -> /tmp/pkg/fail2ban/etc/fail2ban/filter.d
copying config/filter.d/directadmin.conf -> /tmp/pkg/fail2ban/etc/fail2ban/filter.d
copying config/filter.d/dovecot.conf -> /tmp/pkg/fail2ban/etc/fail2ban/filter.d
copying config/filter.d/sogo-auth.conf -> /tmp/pkg/fail2ban/etc/fail2ban/filter.d
copying config/filter.d/suhosin.conf -> /tmp/pkg/fail2ban/etc/fail2ban/filter.d
copying config/filter.d/stunnel.conf -> /tmp/pkg/fail2ban/etc/fail2ban/filter.d
copying config/filter.d/cyrus-imap.conf -> /tmp/pkg/fail2ban/etc/fail2ban/filter.d
copying config/filter.d/assp.conf -> /tmp/pkg/fail2ban/etc/fail2ban/filter.d
copying config/filter.d/exim.conf -> /tmp/pkg/fail2ban/etc/fail2ban/filter.d
copying config/filter.d/nagios.conf -> /tmp/pkg/fail2ban/etc/fail2ban/filter.d
copying config/filter.d/postfix.conf -> /tmp/pkg/fail2ban/etc/fail2ban/filter.d
copying config/filter.d/named-refused.conf -> /tmp/pkg/fail2ban/etc/fail2ban/filter.d
copying config/filter.d/squirrelmail.conf -> /tmp/pkg/fail2ban/etc/fail2ban/filter.d
copying config/filter.d/monitorix.conf -> /tmp/pkg/fail2ban/etc/fail2ban/filter.d
copying config/filter.d/apache-badbots.conf -> /tmp/pkg/fail2ban/etc/fail2ban/filter.d
copying config/filter.d/routeros-auth.conf -> /tmp/pkg/fail2ban/etc/fail2ban/filter.d
copying config/filter.d/apache-fakegooglebot.conf -> /tmp/pkg/fail2ban/etc/fail2ban/filter.d
copying config/filter.d/recidive.conf -> /tmp/pkg/fail2ban/etc/fail2ban/filter.d
copying config/filter.d/nginx-forbidden.conf -> /tmp/pkg/fail2ban/etc/fail2ban/filter.d
copying config/filter.d/apache-auth.conf -> /tmp/pkg/fail2ban/etc/fail2ban/filter.d
copying config/filter.d/apache-botsearch.conf -> /tmp/pkg/fail2ban/etc/fail2ban/filter.d
copying config/filter.d/webmin-auth.conf -> /tmp/pkg/fail2ban/etc/fail2ban/filter.d
copying config/filter.d/courier-auth.conf -> /tmp/pkg/fail2ban/etc/fail2ban/filter.d
copying config/filter.d/solid-pop3d.conf -> /tmp/pkg/fail2ban/etc/fail2ban/filter.d
copying config/filter.d/mongodb-auth.conf -> /tmp/pkg/fail2ban/etc/fail2ban/filter.d
copying config/filter.d/grafana.conf -> /tmp/pkg/fail2ban/etc/fail2ban/filter.d
copying config/filter.d/openwebmail.conf -> /tmp/pkg/fail2ban/etc/fail2ban/filter.d
copying config/filter.d/openhab.conf -> /tmp/pkg/fail2ban/etc/fail2ban/filter.d
copying config/filter.d/apache-shellshock.conf -> /tmp/pkg/fail2ban/etc/fail2ban/filter.d
copying config/filter.d/roundcube-auth.conf -> /tmp/pkg/fail2ban/etc/fail2ban/filter.d
copying config/filter.d/portsentry.conf -> /tmp/pkg/fail2ban/etc/fail2ban/filter.d
copying config/filter.d/squid.conf -> /tmp/pkg/fail2ban/etc/fail2ban/filter.d
copying config/filter.d/selinux-common.conf -> /tmp/pkg/fail2ban/etc/fail2ban/filter.d
copying config/filter.d/centreon.conf -> /tmp/pkg/fail2ban/etc/fail2ban/filter.d
copying config/filter.d/apache-overflows.conf -> /tmp/pkg/fail2ban/etc/fail2ban/filter.d
copying config/filter.d/php-url-fopen.conf -> /tmp/pkg/fail2ban/etc/fail2ban/filter.d
copying config/filter.d/counter-strike.conf -> /tmp/pkg/fail2ban/etc/fail2ban/filter.d
copying config/filter.d/exim-spam.conf -> /tmp/pkg/fail2ban/etc/fail2ban/filter.d
copying config/filter.d/scanlogd.conf -> /tmp/pkg/fail2ban/etc/fail2ban/filter.d
copying config/filter.d/nginx-limit-req.conf -> /tmp/pkg/fail2ban/etc/fail2ban/filter.d
copying config/filter.d/phpmyadmin-syslog.conf -> /tmp/pkg/fail2ban/etc/fail2ban/filter.d
copying config/filter.d/znc-adminlog.conf -> /tmp/pkg/fail2ban/etc/fail2ban/filter.d
copying config/filter.d/nsd.conf -> /tmp/pkg/fail2ban/etc/fail2ban/filter.d
copying config/filter.d/wuftpd.conf -> /tmp/pkg/fail2ban/etc/fail2ban/filter.d
copying config/filter.d/monit.conf -> /tmp/pkg/fail2ban/etc/fail2ban/filter.d
copying config/filter.d/sshd.conf -> /tmp/pkg/fail2ban/etc/fail2ban/filter.d
copying config/filter.d/nginx-http-auth.conf -> /tmp/pkg/fail2ban/etc/fail2ban/filter.d
copying config/filter.d/slapd.conf -> /tmp/pkg/fail2ban/etc/fail2ban/filter.d
copying config/filter.d/gitlab.conf -> /tmp/pkg/fail2ban/etc/fail2ban/filter.d
copying config/filter.d/nginx-bad-request.conf -> /tmp/pkg/fail2ban/etc/fail2ban/filter.d
copying config/filter.d/botsearch-common.conf -> /tmp/pkg/fail2ban/etc/fail2ban/filter.d
copying config/filter.d/nginx-botsearch.conf -> /tmp/pkg/fail2ban/etc/fail2ban/filter.d
copying config/filter.d/haproxy-http-auth.conf -> /tmp/pkg/fail2ban/etc/fail2ban/filter.d
copying config/filter.d/groupoffice.conf -> /tmp/pkg/fail2ban/etc/fail2ban/filter.d
copying config/filter.d/xinetd-fail.conf -> /tmp/pkg/fail2ban/etc/fail2ban/filter.d
copying config/filter.d/froxlor-auth.conf -> /tmp/pkg/fail2ban/etc/fail2ban/filter.d
copying config/filter.d/common.conf -> /tmp/pkg/fail2ban/etc/fail2ban/filter.d
copying config/filter.d/tine20.conf -> /tmp/pkg/fail2ban/etc/fail2ban/filter.d
copying config/filter.d/courier-smtp.conf -> /tmp/pkg/fail2ban/etc/fail2ban/filter.d
copying config/filter.d/apache-common.conf -> /tmp/pkg/fail2ban/etc/fail2ban/filter.d
copying config/filter.d/dante.conf -> /tmp/pkg/fail2ban/etc/fail2ban/filter.d
copying config/filter.d/apache-nohome.conf -> /tmp/pkg/fail2ban/etc/fail2ban/filter.d
copying config/filter.d/sieve.conf -> /tmp/pkg/fail2ban/etc/fail2ban/filter.d
copying config/filter.d/gssftpd.conf -> /tmp/pkg/fail2ban/etc/fail2ban/filter.d
copying config/filter.d/uwimap-auth.conf -> /tmp/pkg/fail2ban/etc/fail2ban/filter.d
copying config/filter.d/kerio.conf -> /tmp/pkg/fail2ban/etc/fail2ban/filter.d
copying config/filter.d/proftpd.conf -> /tmp/pkg/fail2ban/etc/fail2ban/filter.d
copying config/filter.d/screensharingd.conf -> /tmp/pkg/fail2ban/etc/fail2ban/filter.d
copying config/filter.d/apache-pass.conf -> /tmp/pkg/fail2ban/etc/fail2ban/filter.d
copying config/filter.d/horde.conf -> /tmp/pkg/fail2ban/etc/fail2ban/filter.d
copying config/filter.d/freeswitch.conf -> /tmp/pkg/fail2ban/etc/fail2ban/filter.d
copying config/filter.d/ejabberd-auth.conf -> /tmp/pkg/fail2ban/etc/fail2ban/filter.d
creating /tmp/pkg/fail2ban/etc/fail2ban/filter.d/ignorecommands
copying config/filter.d/ignorecommands/apache-fakegooglebot -> /tmp/pkg/fail2ban/etc/fail2ban/filter.d/ignorecommands
creating /tmp/pkg/fail2ban/etc/fail2ban/action.d
copying config/action.d/firewallcmd-ipset.conf -> /tmp/pkg/fail2ban/etc/fail2ban/action.d
copying config/action.d/iptables-multiport-log.conf -> /tmp/pkg/fail2ban/etc/fail2ban/action.d
copying config/action.d/nftables.conf -> /tmp/pkg/fail2ban/etc/fail2ban/action.d
copying config/action.d/apf.conf -> /tmp/pkg/fail2ban/etc/fail2ban/action.d
copying config/action.d/osx-afctl.conf -> /tmp/pkg/fail2ban/etc/fail2ban/action.d
copying config/action.d/nftables-multiport.conf -> /tmp/pkg/fail2ban/etc/fail2ban/action.d
copying config/action.d/iptables-new.conf -> /tmp/pkg/fail2ban/etc/fail2ban/action.d
copying config/action.d/netscaler.conf -> /tmp/pkg/fail2ban/etc/fail2ban/action.d
copying config/action.d/sendmail-geoip-lines.conf -> /tmp/pkg/fail2ban/etc/fail2ban/action.d
copying config/action.d/sendmail-whois.conf -> /tmp/pkg/fail2ban/etc/fail2ban/action.d
copying config/action.d/mail.conf -> /tmp/pkg/fail2ban/etc/fail2ban/action.d
copying config/action.d/blocklist_de.conf -> /tmp/pkg/fail2ban/etc/fail2ban/action.d
copying config/action.d/iptables-multiport.conf -> /tmp/pkg/fail2ban/etc/fail2ban/action.d
copying config/action.d/mail-whois-common.conf -> /tmp/pkg/fail2ban/etc/fail2ban/action.d
copying config/action.d/ufw.conf -> /tmp/pkg/fail2ban/etc/fail2ban/action.d
copying config/action.d/dshield.conf -> /tmp/pkg/fail2ban/etc/fail2ban/action.d
copying config/action.d/firewallcmd-rich-rules.conf -> /tmp/pkg/fail2ban/etc/fail2ban/action.d
copying config/action.d/iptables-ipset-proto4.conf -> /tmp/pkg/fail2ban/etc/fail2ban/action.d
copying config/action.d/symbiosis-blacklist-allports.conf -> /tmp/pkg/fail2ban/etc/fail2ban/action.d
copying config/action.d/sendmail-whois-matches.conf -> /tmp/pkg/fail2ban/etc/fail2ban/action.d
copying config/action.d/sendmail-whois-lines.conf -> /tmp/pkg/fail2ban/etc/fail2ban/action.d
copying config/action.d/iptables.conf -> /tmp/pkg/fail2ban/etc/fail2ban/action.d
copying config/action.d/bsd-ipfw.conf -> /tmp/pkg/fail2ban/etc/fail2ban/action.d
copying config/action.d/ipfw.conf -> /tmp/pkg/fail2ban/etc/fail2ban/action.d
copying config/action.d/nftables-allports.conf -> /tmp/pkg/fail2ban/etc/fail2ban/action.d
copying config/action.d/firewallcmd-common.conf -> /tmp/pkg/fail2ban/etc/fail2ban/action.d
copying config/action.d/iptables-xt_recent-echo.conf -> /tmp/pkg/fail2ban/etc/fail2ban/action.d
copying config/action.d/shorewall-ipset-proto6.conf -> /tmp/pkg/fail2ban/etc/fail2ban/action.d
copying config/action.d/dummy.conf -> /tmp/pkg/fail2ban/etc/fail2ban/action.d
copying config/action.d/complain.conf -> /tmp/pkg/fail2ban/etc/fail2ban/action.d
copying config/action.d/iptables-allports.conf -> /tmp/pkg/fail2ban/etc/fail2ban/action.d
copying config/action.d/firewallcmd-new.conf -> /tmp/pkg/fail2ban/etc/fail2ban/action.d
copying config/action.d/helpers-common.conf -> /tmp/pkg/fail2ban/etc/fail2ban/action.d
copying config/action.d/iptables-ipset-proto6.conf -> /tmp/pkg/fail2ban/etc/fail2ban/action.d
copying config/action.d/mail-whois-lines.conf -> /tmp/pkg/fail2ban/etc/fail2ban/action.d
copying config/action.d/sendmail.conf -> /tmp/pkg/fail2ban/etc/fail2ban/action.d
copying config/action.d/mail-whois.conf -> /tmp/pkg/fail2ban/etc/fail2ban/action.d
copying config/action.d/sendmail-buffered.conf -> /tmp/pkg/fail2ban/etc/fail2ban/action.d
copying config/action.d/iptables-ipset-proto6-allports.conf -> /tmp/pkg/fail2ban/etc/fail2ban/action.d
copying config/action.d/xarf-login-attack.conf -> /tmp/pkg/fail2ban/etc/fail2ban/action.d
copying config/action.d/osx-ipfw.conf -> /tmp/pkg/fail2ban/etc/fail2ban/action.d
copying config/action.d/pf.conf -> /tmp/pkg/fail2ban/etc/fail2ban/action.d
copying config/action.d/mail-buffered.conf -> /tmp/pkg/fail2ban/etc/fail2ban/action.d
copying config/action.d/cloudflare.conf -> /tmp/pkg/fail2ban/etc/fail2ban/action.d
copying config/action.d/ipfilter.conf -> /tmp/pkg/fail2ban/etc/fail2ban/action.d
copying config/action.d/shorewall.conf -> /tmp/pkg/fail2ban/etc/fail2ban/action.d
copying config/action.d/mynetwatchman.conf -> /tmp/pkg/fail2ban/etc/fail2ban/action.d
copying config/action.d/firewallcmd-rich-logging.conf -> /tmp/pkg/fail2ban/etc/fail2ban/action.d
copying config/action.d/mikrotik.conf -> /tmp/pkg/fail2ban/etc/fail2ban/action.d
copying config/action.d/apprise.conf -> /tmp/pkg/fail2ban/etc/fail2ban/action.d
copying config/action.d/ipthreat.conf -> /tmp/pkg/fail2ban/etc/fail2ban/action.d
copying config/action.d/sendmail-common.conf -> /tmp/pkg/fail2ban/etc/fail2ban/action.d
copying config/action.d/firewallcmd-multiport.conf -> /tmp/pkg/fail2ban/etc/fail2ban/action.d
copying config/action.d/abuseipdb.conf -> /tmp/pkg/fail2ban/etc/fail2ban/action.d
copying config/action.d/nginx-block-map.conf -> /tmp/pkg/fail2ban/etc/fail2ban/action.d
copying config/action.d/hostsdeny.conf -> /tmp/pkg/fail2ban/etc/fail2ban/action.d
copying config/action.d/firewallcmd-allports.conf -> /tmp/pkg/fail2ban/etc/fail2ban/action.d
copying config/action.d/nsupdate.conf -> /tmp/pkg/fail2ban/etc/fail2ban/action.d
copying config/action.d/route.conf -> /tmp/pkg/fail2ban/etc/fail2ban/action.d
copying config/action.d/iptables-ipset.conf -> /tmp/pkg/fail2ban/etc/fail2ban/action.d
copying config/action.d/cloudflare-token.conf -> /tmp/pkg/fail2ban/etc/fail2ban/action.d
copying config/action.d/sendmail-whois-ipmatches.conf -> /tmp/pkg/fail2ban/etc/fail2ban/action.d
copying config/action.d/npf.conf -> /tmp/pkg/fail2ban/etc/fail2ban/action.d
copying config/action.d/sendmail-whois-ipjailmatches.conf -> /tmp/pkg/fail2ban/etc/fail2ban/action.d
copying config/action.d/smtp.py -> /tmp/pkg/fail2ban/etc/fail2ban/action.d
creating /tmp/pkg/fail2ban/etc/fail2ban/fail2ban.d
creating /tmp/pkg/fail2ban/etc/fail2ban/jail.d
creating /tmp/pkg/fail2ban/var/lib/fail2ban
creating /tmp/pkg/fail2ban/run/fail2ban
creating /tmp/pkg/fail2ban/usr/share/doc/fail2ban
copying README.md -> /tmp/pkg/fail2ban/usr/share/doc/fail2ban
copying DEVELOP -> /tmp/pkg/fail2ban/usr/share/doc/fail2ban
copying FILTERS -> /tmp/pkg/fail2ban/usr/share/doc/fail2ban
copying doc/run-rootless.txt -> /tmp/pkg/fail2ban/usr/share/doc/fail2ban
running install_egg_info
running egg_info
creating fail2ban.egg-info
writing fail2ban.egg-info/PKG-INFO
writing dependency_links to fail2ban.egg-info/dependency_links.txt
writing top-level names to fail2ban.egg-info/top_level.txt
writing manifest file 'fail2ban.egg-info/SOURCES.txt'
reading manifest file 'fail2ban.egg-info/SOURCES.txt'
reading manifest template 'MANIFEST.in'
adding license file 'COPYING'
writing manifest file 'fail2ban.egg-info/SOURCES.txt'
Copying fail2ban.egg-info to /tmp/pkg/fail2ban/usr/lib/python3.12/site-packages/fail2ban-1.1.0-py3.12.egg-info
running install_scripts
creating /tmp/pkg/fail2ban/usr/bin
copying build/scripts-3.12/fail2ban-client -> /tmp/pkg/fail2ban/usr/bin
copying build/scripts-3.12/fail2ban-testcases -> /tmp/pkg/fail2ban/usr/bin
copying build/scripts-3.12/fail2ban-regex -> /tmp/pkg/fail2ban/usr/bin
copying build/scripts-3.12/fail2ban-server -> /tmp/pkg/fail2ban/usr/bin
Creating build/fail2ban.service (from fail2ban.service.in): @BINDIR@ -> /usr/bin
Creating build/fail2ban-openrc.init (from fail2ban-openrc.init.in): @BINDIR@ -> /usr/bin
creating fail2ban-python binding -> /tmp/pkg/fail2ban/usr/bin
changing mode of /tmp/pkg/fail2ban/usr/bin/fail2ban-client to 755
changing mode of /tmp/pkg/fail2ban/usr/bin/fail2ban-testcases to 755
changing mode of /tmp/pkg/fail2ban/usr/bin/fail2ban-regex to 755
changing mode of /tmp/pkg/fail2ban/usr/bin/fail2ban-server to 755

Please do not forget to update your configuration files.
They are in "/etc/fail2ban/".

You can also install systemd service-unit file from "build/fail2ban.service"
resp. corresponding init script from "files/*-initd".

'/tmp/pkg/fail2ban/usr/bin/fail2ban-python' -> 'python3'
>>> fail2ban-pyc*: Running split function pyc...
'usr/lib/python3.12/site-packages/fail2ban/server/__pycache__' -> '/tmp/pkg/fail2ban-pyc/usr/lib/python3.12/site-packages/fail2ban/server/__pycache__'
'usr/lib/python3.12/site-packages/fail2ban/tests/action_d/__pycache__' -> '/tmp/pkg/fail2ban-pyc/usr/lib/python3.12/site-packages/fail2ban/tests/action_d/__pycache__'
'usr/lib/python3.12/site-packages/fail2ban/tests/files/action.d/__pycache__' -> '/tmp/pkg/fail2ban-pyc/usr/lib/python3.12/site-packages/fail2ban/tests/files/action.d/__pycache__'
'usr/lib/python3.12/site-packages/fail2ban/tests/files/__pycache__' -> '/tmp/pkg/fail2ban-pyc/usr/lib/python3.12/site-packages/fail2ban/tests/files/__pycache__'
'usr/lib/python3.12/site-packages/fail2ban/tests/files/config/apache-auth/__pycache__' -> '/tmp/pkg/fail2ban-pyc/usr/lib/python3.12/site-packages/fail2ban/tests/files/config/apache-auth/__pycache__'
'usr/lib/python3.12/site-packages/fail2ban/tests/__pycache__' -> '/tmp/pkg/fail2ban-pyc/usr/lib/python3.12/site-packages/fail2ban/tests/__pycache__'
'usr/lib/python3.12/site-packages/fail2ban/__pycache__' -> '/tmp/pkg/fail2ban-pyc/usr/lib/python3.12/site-packages/fail2ban/__pycache__'
'usr/lib/python3.12/site-packages/fail2ban/compat/__pycache__' -> '/tmp/pkg/fail2ban-pyc/usr/lib/python3.12/site-packages/fail2ban/compat/__pycache__'
'usr/lib/python3.12/site-packages/fail2ban/client/__pycache__' -> '/tmp/pkg/fail2ban-pyc/usr/lib/python3.12/site-packages/fail2ban/client/__pycache__'
>>> fail2ban-pyc*: Preparing subpackage fail2ban-pyc...
>>> fail2ban-pyc*: Running postcheck for fail2ban-pyc
>>> fail2ban-tests*: Running split function tests...
'usr/bin/fail2ban-testcases' -> '/tmp/pkg/fail2ban-tests/usr/bin/fail2ban-testcases'
'usr/lib/python3.12/site-packages/fail2ban/tests' -> '/tmp/pkg/fail2ban-tests/usr/lib/python3.12/site-packages/fail2ban/tests'
>>> fail2ban-tests*: Preparing subpackage fail2ban-tests...
>>> fail2ban-tests*: Running postcheck for fail2ban-tests
>>> fail2ban-doc*: Running split function doc...
'usr/share/doc' -> '/tmp/pkg/fail2ban-doc/usr/share/doc'
'usr/share/man' -> '/tmp/pkg/fail2ban-doc/usr/share/man'
>>> fail2ban-doc*: Preparing subpackage fail2ban-doc...
>>> fail2ban-doc*: Running postcheck for fail2ban-doc
>>> fail2ban-openrc*: Running split function openrc...
'etc/conf.d' -> '/tmp/pkg/fail2ban-openrc/etc/conf.d'
'etc/init.d' -> '/tmp/pkg/fail2ban-openrc/etc/init.d'
>>> fail2ban-openrc*: Preparing subpackage fail2ban-openrc...
>>> fail2ban-openrc*: Running postcheck for fail2ban-openrc
>>> fail2ban*: Running postcheck for fail2ban
>>> fail2ban*: Preparing package fail2ban...
>>> fail2ban-doc*: Tracing dependencies...
>>> fail2ban-doc*: Package size: 55.9 KB
>>> fail2ban-doc*: Compressing data...
>>> fail2ban-doc*: Create checksum...
>>> fail2ban-doc*: Create fail2ban-doc-1.1.0-r2.apk
>>> fail2ban-openrc*: Tracing dependencies...
>>> fail2ban-openrc*: Package size: 1.9 KB
>>> fail2ban-openrc*: Compressing data...
>>> fail2ban-openrc*: Create checksum...
>>> fail2ban-openrc*: Create fail2ban-openrc-1.1.0-r2.apk
>>> fail2ban-pyc*: Tracing dependencies...
	python3
	iptables
	logrotate
	python3~3.12
>>> fail2ban-pyc*: Package size: 1.5 MB
>>> fail2ban-pyc*: Compressing data...
>>> fail2ban-pyc*: Create checksum...
>>> fail2ban-pyc*: Create fail2ban-pyc-1.1.0-r2.apk
>>> fail2ban-tests*: Tracing dependencies...
	fail2ban=1.1.0-r2
	python3~3.12
>>> fail2ban-tests*: Package size: 882.7 KB
>>> fail2ban-tests*: Compressing data...
>>> fail2ban-tests*: Create checksum...
>>> fail2ban-tests*: Create fail2ban-tests-1.1.0-r2.apk
>>> fail2ban*: Tracing dependencies...
	python3
	iptables
	logrotate
	python3~3.12
>>> fail2ban*: Package size: 878.3 KB
>>> fail2ban*: Compressing data...
>>> fail2ban*: Create checksum...
>>> fail2ban*: Create fail2ban-1.1.0-r2.apk
>>> fail2ban: Updating the main/x86_64 repository index...
>>> fail2ban: Signing the index...
>>> fail2ban: Cleaning up srcdir
>>> fail2ban: Cleaning up build chroot
>>> fail2ban: Cleaning up pkgdir
