pigz: not found
>>> libxau: Building main/libxau 1.0.12-r0 (using abuild 3.14.1-r4) started Sun, 18 May 2025 06:19:01 +0000
>>> libxau: Validating /home/packager/aports/main/libxau/APKBUILD...
>>> libxau: Analyzing dependencies...
>>> libxau: Installing for build: build-base meson xorgproto util-macros
(1/17) Installing samurai (1.2-r6)
(2/17) Installing libbz2 (1.0.8-r6)
(3/17) Installing libffi (3.4.7-r0)
(4/17) Installing gdbm (1.24-r0)
(5/17) Installing xz-libs (5.6.3-r1)
(6/17) Installing mpdecimal (4.0.0-r0)
(7/17) Installing sqlite-libs (3.49.2-r0)
(8/17) Installing python3 (3.12.10-r0)
(9/17) Installing python3-pycache-pyc0 (3.12.10-r0)
(10/17) Installing pyc (3.12.10-r0)
(11/17) Installing meson-pyc (1.6.1-r4)
(12/17) Installing python3-pyc (3.12.10-r0)
(13/17) Installing meson (1.6.1-r4)
(14/17) Installing xorgproto (2024.1-r0)
(15/17) Installing util-macros (1.20.1-r0)
(16/17) Installing .makedepends-libxau (20250518.061902)
(17/17) Installing abuild-meson (1.6.1-r4)
Executing busybox-1.37.0-r12.trigger
OK: 305 MiB in 98 packages
>>> libxau: Cleaning up srcdir
>>> libxau: Cleaning up pkgdir
>>> libxau: Cleaning up tmpdir
>>> libxau: Fetching https://www.x.org/releases/individual/lib/libXau-1.0.12.tar.xz
Connecting to www.x.org (131.252.210.176:443)
saving to '/var/cache/distfiles/libXau-1.0.12.tar.xz.part'
libXau-1.0.12.tar.xz  82% |**************************      |  226k  0:00:00 ETA
libXau-1.0.12.tar.xz 100% |********************************|  276k  0:00:00 ETA
'/var/cache/distfiles/libXau-1.0.12.tar.xz.part' saved
>>> libxau: Fetching https://www.x.org/releases/individual/lib/libXau-1.0.12.tar.xz
>>> libxau: Checking sha512sums...
libXau-1.0.12.tar.xz: OK
>>> libxau: Unpacking /var/cache/distfiles/libXau-1.0.12.tar.xz...
The Meson build system
Version: 1.6.1
Source dir: /home/packager/aports/main/libxau/src/libXau-1.0.12
Build dir: /home/packager/aports/main/libxau/src/libXau-1.0.12/output
Build type: native build
Project name: libXau
Project version: 1.0.12
C compiler for the host machine: gcc (gcc 14.2.0 "gcc (Alpine 14.2.0) 14.2.0")
C linker for the host machine: gcc ld.bfd 2.43.1
Host machine cpu family: x86_64
Host machine cpu: x86_64
Checking for function "explicit_bzero" : YES 
Checking for function "explicit_memset" : NO 
Checking for function "pathconf" : YES 
Has header "unistd.h" : YES 
Found pkg-config: YES (/usr/bin/pkg-config) 2.3.0
Run-time dependency xproto found: YES 7.0.33
Checking for function "gethostbyname_r" : YES 
Program sed found: YES (/bin/sed)
Build targets in project: 11

libXau 1.0.12

  User defined options
    auto_features     : auto
    b_lto             : false
    b_pie             : true
    b_staticpic       : true
    bindir            : /usr/bin
    buildtype         : plain
    datadir           : /usr/share
    includedir        : /usr/include
    infodir           : /usr/share/info
    libdir            : /usr/lib
    libexecdir        : /usr/libexec
    localedir         : /usr/share/locale
    localstatedir     : /var
    mandir            : /usr/share/man
    prefix            : /usr
    python.bytecompile: 0
    sbindir           : /usr/sbin
    sharedstatedir    : /var/lib
    sysconfdir        : /etc
    werror            : false
    wrap_mode         : nodownload

Found ninja-1.9 at /usr/bin/ninja
ninja: entering directory '/home/packager/aports/main/libxau/src/libXau-1.0.12/output'
[1/21] Generating man/XauWriteAuth.man with a custom command (wrapped by meson to capture output)
[2/21] Generating man/XauUnlockAuth.man with a custom command (wrapped by meson to capture output)
[3/21] Generating man/XauReadAuth.man with a custom command (wrapped by meson to capture output)
[4/21] Generating man/XauLockAuth.man with a custom command (wrapped by meson to capture output)
[5/21] Generating man/XauGetBestAuthByAddr.man with a custom command (wrapped by meson to capture output)
[6/21] Generating man/XauGetAuthByAddr.man with a custom command (wrapped by meson to capture output)
[7/21] Generating man/XauFileName.man with a custom command (wrapped by meson to capture output)
[8/21] Generating man/XauDisposeAuth.man with a custom command (wrapped by meson to capture output)
[9/21] Generating man/Xau.man with a custom command (wrapped by meson to capture output)
[10/21] Compiling C object libXau.so.6.0.0.p/AuWrite.c.o
[11/21] Compiling C object libXau.so.6.0.0.p/AuUnlock.c.o
[12/21] Compiling C object libXau.so.6.0.0.p/AuRead.c.o
[13/21] Compiling C object libXau.so.6.0.0.p/AuLock.c.o
[14/21] Compiling C object libXau.so.6.0.0.p/AuGetBest.c.o
[15/21] Compiling C object libXau.so.6.0.0.p/AuGetAddr.c.o
[16/21] Compiling C object libXau.so.6.0.0.p/AuFileName.c.o
[17/21] Compiling C object libXau.so.6.0.0.p/AuDispose.c.o
[18/21] Compiling C object autest.p/Autest.c.o
[19/21] Linking target libXau.so.6.0.0
[20/21] Generating symbol file libXau.so.6.0.0.p/libXau.so.6.0.0.symbols
[21/21] Linking target autest
INFO: autodetecting backend as ninja
INFO: calculating backend command to run: /usr/bin/ninja -C /home/packager/aports/main/libxau/src/libXau-1.0.12/output
1/1 autest OK              0.00s

Ok:                 1   
Expected Fail:      0   
Fail:               0   
Unexpected Pass:    0   
Skipped:            0   
Timeout:            0   

Full log written to /home/packager/aports/main/libxau/src/libXau-1.0.12/output/meson-logs/testlog.txt
>>> libxau: Entering fakeroot...
Installing libXau.so.6.0.0 to /home/packager/aports/main/libxau/pkg/libxau/usr/lib
Installing man/Xau.3 to /home/packager/aports/main/libxau/pkg/libxau/usr/share/man/man3
Installing man/XauDisposeAuth.3 to /home/packager/aports/main/libxau/pkg/libxau/usr/share/man/man3
Installing man/XauFileName.3 to /home/packager/aports/main/libxau/pkg/libxau/usr/share/man/man3
Installing man/XauGetAuthByAddr.3 to /home/packager/aports/main/libxau/pkg/libxau/usr/share/man/man3
Installing man/XauGetBestAuthByAddr.3 to /home/packager/aports/main/libxau/pkg/libxau/usr/share/man/man3
Installing man/XauLockAuth.3 to /home/packager/aports/main/libxau/pkg/libxau/usr/share/man/man3
Installing man/XauReadAuth.3 to /home/packager/aports/main/libxau/pkg/libxau/usr/share/man/man3
Installing man/XauUnlockAuth.3 to /home/packager/aports/main/libxau/pkg/libxau/usr/share/man/man3
Installing man/XauWriteAuth.3 to /home/packager/aports/main/libxau/pkg/libxau/usr/share/man/man3
Installing /home/packager/aports/main/libxau/src/libXau-1.0.12/include/X11/Xauth.h to /home/packager/aports/main/libxau/pkg/libxau/usr/include/X11
Installing /home/packager/aports/main/libxau/src/libXau-1.0.12/output/meson-private/xau.pc to /home/packager/aports/main/libxau/pkg/libxau/usr/lib/pkgconfig
Installing symlink pointing to libXau.so.6.0.0 to /home/packager/aports/main/libxau/pkg/libxau/usr/lib/libXau.so.6
Installing symlink pointing to libXau.so.6 to /home/packager/aports/main/libxau/pkg/libxau/usr/lib/libXau.so
>>> libxau-dev*: Running split function dev...
'usr/include' -> '/home/packager/aports/main/libxau/pkg/libxau-dev/usr/include'
'usr/lib/pkgconfig' -> '/home/packager/aports/main/libxau/pkg/libxau-dev/usr/lib/pkgconfig'
'usr/lib/libXau.so' -> '/home/packager/aports/main/libxau/pkg/libxau-dev/usr/lib/libXau.so'
>>> libxau-dev*: Preparing subpackage libxau-dev...
>>> libxau-dev*: Stripping binaries
>>> libxau-dev*: Running postcheck for libxau-dev
>>> libxau-doc*: Running split function doc...
'usr/share/man' -> '/home/packager/aports/main/libxau/pkg/libxau-doc/usr/share/man'
'usr/share/licenses' -> '/home/packager/aports/main/libxau/pkg/libxau-doc/usr/share/licenses'
>>> libxau-doc*: Preparing subpackage libxau-doc...
>>> libxau-doc*: Running postcheck for libxau-doc
>>> libxau*: Running postcheck for libxau
>>> libxau*: Preparing package libxau...
>>> libxau*: Stripping binaries
>>> libxau-dev*: Scanning shared objects
>>> libxau-doc*: Scanning shared objects
>>> libxau*: Scanning shared objects
>>> libxau-dev*: Tracing dependencies...
	libxau=1.0.12-r0
	pc:xproto
	pkgconfig
>>> libxau-dev*: Package size: 5.1 KB
>>> libxau-dev*: Compressing data...
>>> libxau-dev*: Create checksum...
pigz: not found
>>> libxau-dev*: Create libxau-dev-1.0.12-r0.apk
>>> libxau-doc*: Tracing dependencies...
>>> libxau-doc*: Package size: 3.7 KB
>>> libxau-doc*: Compressing data...
>>> libxau-doc*: Create checksum...
pigz: not found
>>> libxau-doc*: Create libxau-doc-1.0.12-r0.apk
>>> libxau*: Tracing dependencies...
	so:libc.musl-x86_64.so.1
>>> libxau*: Package size: 13.6 KB
>>> libxau*: Compressing data...
>>> libxau*: Create checksum...
pigz: not found
>>> libxau*: Create libxau-1.0.12-r0.apk
>>> libxau: Build complete at Sun, 18 May 2025 06:19:08 +0000 elapsed time 0h 0m 7s
>>> libxau: Cleaning up srcdir
>>> libxau: Cleaning up pkgdir
>>> libxau: Uninstalling dependencies...
(1/17) Purging .makedepends-libxau (20250518.061902)
(2/17) Purging xorgproto (2024.1-r0)
(3/17) Purging util-macros (1.20.1-r0)
(4/17) Purging abuild-meson (1.6.1-r4)
(5/17) Purging meson-pyc (1.6.1-r4)
(6/17) Purging meson (1.6.1-r4)
(7/17) Purging samurai (1.2-r6)
(8/17) Purging python3-pyc (3.12.10-r0)
(9/17) Purging python3-pycache-pyc0 (3.12.10-r0)
(10/17) Purging pyc (3.12.10-r0)
(11/17) Purging python3 (3.12.10-r0)
(12/17) Purging gdbm (1.24-r0)
(13/17) Purging libbz2 (1.0.8-r6)
(14/17) Purging libffi (3.4.7-r0)
(15/17) Purging mpdecimal (4.0.0-r0)
(16/17) Purging sqlite-libs (3.49.2-r0)
(17/17) Purging xz-libs (5.6.3-r1)
Executing busybox-1.37.0-r12.trigger
OK: 260 MiB in 81 packages
>>> libxau: Updating the main/x86_64 repository index...
>>> libxau: Signing the index...
pigz: not found
