pigz: not found
>>> py3-flit-core: Building main/py3-flit-core 3.12.0-r0 (using abuild 3.14.1-r4) started Fri, 16 May 2025 20:28:24 +0000
>>> py3-flit-core: Validating /home/packager/aports/main/py3-flit-core/APKBUILD...
>>> py3-flit-core: Analyzing dependencies...
>>> py3-flit-core: Installing for build: build-base py3-installer
(1/14) Installing libbz2 (1.0.8-r6)
(2/14) Installing libffi (3.4.7-r0)
(3/14) Installing gdbm (1.24-r0)
(4/14) Installing xz-libs (5.6.3-r1)
(5/14) Installing mpdecimal (4.0.0-r0)
(6/14) Installing libpanelw (6.5_p20250503-r0)
(7/14) Installing sqlite-libs (3.49.2-r0)
(8/14) Installing python3 (3.12.10-r0)
(9/14) Installing python3-pycache-pyc0 (3.12.10-r0)
(10/14) Installing pyc (3.12.10-r0)
(11/14) Installing py3-installer-pyc (0.7.0-r2)
(12/14) Installing python3-pyc (3.12.10-r0)
(13/14) Installing py3-installer (0.7.0-r2)
(14/14) Installing .makedepends-py3-flit-core (20250516.202825)
Executing busybox-1.37.0-r12.trigger
OK: 295 MiB in 88 packages
>>> py3-flit-core: Cleaning up srcdir
>>> py3-flit-core: Cleaning up pkgdir
>>> py3-flit-core: Cleaning up tmpdir
>>> py3-flit-core: Fetching https://files.pythonhosted.org/packages/source/f/flit/flit-3.12.0.tar.gz
Connecting to files.pythonhosted.org (151.101.128.223:443)
Connecting to files.pythonhosted.org (151.101.0.223:443)
saving to '/var/cache/distfiles/flit-3.12.0.tar.gz.part'
flit-3.12.0.tar.gz.p 100% |********************************|  151k  0:00:00 ETA
'/var/cache/distfiles/flit-3.12.0.tar.gz.part' saved
>>> py3-flit-core: Fetching https://files.pythonhosted.org/packages/source/f/flit/flit-3.12.0.tar.gz
>>> py3-flit-core: Checking sha512sums...
flit-3.12.0.tar.gz: OK
vendor-licenses.patch: OK
>>> py3-flit-core: Unpacking /var/cache/distfiles/flit-3.12.0.tar.gz...
>>> py3-flit-core: vendor-licenses.patch
patching file pyproject.toml
Building sdist
dist/flit_core-3.12.0.tar.gz

Building wheel
dist/flit_core-3.12.0-py3-none-any.whl
>>> py3-flit-core: Entering fakeroot...
>>> py3-flit-core-pyc*: Running split function pyc...
'usr/lib/python3.12/site-packages/flit_core/__pycache__' -> '/home/packager/aports/main/py3-flit-core/pkg/py3-flit-core-pyc/usr/lib/python3.12/site-packages/flit_core/__pycache__'
>>> py3-flit-core-pyc*: Preparing subpackage py3-flit-core-pyc...
>>> py3-flit-core-pyc*: Running postcheck for py3-flit-core-pyc
>>> py3-flit-core*: Running postcheck for py3-flit-core
>>> py3-flit-core*: Preparing package py3-flit-core...
>>> py3-flit-core-pyc*: Tracing dependencies...
	python3~3.12
>>> py3-flit-core-pyc*: Package size: 134.0 KB
>>> py3-flit-core-pyc*: Compressing data...
>>> py3-flit-core-pyc*: Create checksum...
pigz: not found
>>> py3-flit-core-pyc*: Create py3-flit-core-pyc-3.12.0-r0.apk
>>> py3-flit-core*: Tracing dependencies...
	python3~3.12
>>> py3-flit-core*: Package size: 101.9 KB
>>> py3-flit-core*: Compressing data...
>>> py3-flit-core*: Create checksum...
pigz: not found
>>> py3-flit-core*: Create py3-flit-core-3.12.0-r0.apk
>>> py3-flit-core: Build complete at Fri, 16 May 2025 20:28:27 +0000 elapsed time 0h 0m 3s
>>> py3-flit-core: Cleaning up srcdir
>>> py3-flit-core: Cleaning up pkgdir
>>> py3-flit-core: Uninstalling dependencies...
(1/14) Purging .makedepends-py3-flit-core (20250516.202825)
(2/14) Purging py3-installer-pyc (0.7.0-r2)
(3/14) Purging py3-installer (0.7.0-r2)
(4/14) Purging python3-pyc (3.12.10-r0)
(5/14) Purging python3-pycache-pyc0 (3.12.10-r0)
(6/14) Purging pyc (3.12.10-r0)
(7/14) Purging python3 (3.12.10-r0)
(8/14) Purging gdbm (1.24-r0)
(9/14) Purging libbz2 (1.0.8-r6)
(10/14) Purging libffi (3.4.7-r0)
(11/14) Purging libpanelw (6.5_p20250503-r0)
(12/14) Purging mpdecimal (4.0.0-r0)
(13/14) Purging sqlite-libs (3.49.2-r0)
(14/14) Purging xz-libs (5.6.3-r1)
Executing busybox-1.37.0-r12.trigger
OK: 259 MiB in 74 packages
>>> py3-flit-core: Updating the main/x86_64 repository index...
>>> py3-flit-core: Signing the index...
pigz: not found
