pigz: not found
>>> acf-lib: Building main/acf-lib 0.11.1-r0 (using abuild 3.14.1-r4) started Thu, 22 May 2025 22:14:50 +0000
>>> acf-lib: Validating /home/packager/aports/main/acf-lib/APKBUILD...
>>> acf-lib: Analyzing dependencies...
>>> acf-lib: Installing for build: build-base lua-subprocess
(1/3) Installing lua-subprocess (0_git20230625-r1)
(2/3) Installing .makedepends-acf-lib (20250522.221452)
(3/3) Installing lua5.4-subprocess (0_git20230625-r1)
OK: 314 MiB in 117 packages
>>> acf-lib: Cleaning up srcdir
>>> acf-lib: Cleaning up pkgdir
>>> acf-lib: Cleaning up tmpdir
>>> acf-lib: Fetching https://gitlab.alpinelinux.org/acf/acf-lib/-/archive/v0.11.1/acf-lib-v0.11.1.tar.gz
Connecting to gitlab.alpinelinux.org (172.105.69.85:443)
saving to '/var/cache/distfiles/acf-lib-v0.11.1.tar.gz.part'
acf-lib-v0.11.1.tar. 100% |********************************| 18296  0:00:00 ETA
'/var/cache/distfiles/acf-lib-v0.11.1.tar.gz.part' saved
>>> acf-lib: Fetching https://gitlab.alpinelinux.org/acf/acf-lib/-/archive/v0.11.1/acf-lib-v0.11.1.tar.gz
>>> acf-lib: Checking sha512sums...
acf-lib-v0.11.1.tar.gz: OK
>>> acf-lib: Unpacking /var/cache/distfiles/acf-lib-v0.11.1.tar.gz...
>>> acf-lib: Entering fakeroot...
package with pkgdir=/home/packager/aports/main/acf-lib/pkg/acf-lib
mkdir -p "/home/packager/aports/main/acf-lib/pkg/acf-lib-lua5.1//usr/share/lua/5.1/acf"
cp -a *.lua  "/home/packager/aports/main/acf-lib/pkg/acf-lib-lua5.1//usr/share/lua/5.1/acf"
# compatibility symlinks
for lib in *.lua ; do \
	ln -sf acf/$lib "/home/packager/aports/main/acf-lib/pkg/acf-lib-lua5.1//usr/share/lua/5.1/acf"/../$lib; \
done
mkdir -p "/home/packager/aports/main/acf-lib/pkg/acf-lib-lua5.2//usr/share/lua/5.2/acf"
cp -a *.lua  "/home/packager/aports/main/acf-lib/pkg/acf-lib-lua5.2//usr/share/lua/5.2/acf"
# compatibility symlinks
for lib in *.lua ; do \
	ln -sf acf/$lib "/home/packager/aports/main/acf-lib/pkg/acf-lib-lua5.2//usr/share/lua/5.2/acf"/../$lib; \
done
mkdir -p "/home/packager/aports/main/acf-lib/pkg/acf-lib-lua5.3//usr/share/lua/5.3/acf"
cp -a *.lua  "/home/packager/aports/main/acf-lib/pkg/acf-lib-lua5.3//usr/share/lua/5.3/acf"
# compatibility symlinks
for lib in *.lua ; do \
	ln -sf acf/$lib "/home/packager/aports/main/acf-lib/pkg/acf-lib-lua5.3//usr/share/lua/5.3/acf"/../$lib; \
done
mkdir -p "/home/packager/aports/main/acf-lib/pkg/acf-lib-lua5.4//usr/share/lua/5.4/acf"
cp -a *.lua  "/home/packager/aports/main/acf-lib/pkg/acf-lib-lua5.4//usr/share/lua/5.4/acf"
# compatibility symlinks
for lib in *.lua ; do \
	ln -sf acf/$lib "/home/packager/aports/main/acf-lib/pkg/acf-lib-lua5.4//usr/share/lua/5.4/acf"/../$lib; \
done
>>> acf-lib-lua5.1*: Running split function _split...
>>> acf-lib-lua5.1*: Preparing subpackage acf-lib-lua5.1...
>>> acf-lib-lua5.1*: Running postcheck for acf-lib-lua5.1
>>> acf-lib-lua5.2*: Running split function _split...
>>> acf-lib-lua5.2*: Preparing subpackage acf-lib-lua5.2...
>>> acf-lib-lua5.2*: Running postcheck for acf-lib-lua5.2
>>> acf-lib-lua5.3*: Running split function _split...
>>> acf-lib-lua5.3*: Preparing subpackage acf-lib-lua5.3...
>>> acf-lib-lua5.3*: Running postcheck for acf-lib-lua5.3
>>> acf-lib-lua5.4*: Running split function _split...
>>> acf-lib-lua5.4*: Preparing subpackage acf-lib-lua5.4...
>>> acf-lib-lua5.4*: Running postcheck for acf-lib-lua5.4
>>> acf-lib*: Running postcheck for acf-lib
>>> acf-lib*: Preparing package acf-lib...
libfakeroot internal error: payload not recognized!
>>> acf-lib-lua5.1*: Tracing dependencies...
>>> acf-lib-lua5.1*: Package size: 65.0 KB
>>> acf-lib-lua5.1*: Compressing data...
>>> acf-lib-lua5.1*: Create checksum...
pigz: not found
>>> acf-lib-lua5.1*: Create acf-lib-lua5.1-0.11.1-r0.apk
>>> acf-lib-lua5.2*: Tracing dependencies...
>>> acf-lib-lua5.2*: Package size: 65.0 KB
>>> acf-lib-lua5.2*: Compressing data...
>>> acf-lib-lua5.2*: Create checksum...
libfakeroot internal error: payload not recognized!
pigz: not found
>>> acf-lib-lua5.2*: Create acf-lib-lua5.2-0.11.1-r0.apk
>>> acf-lib-lua5.3*: Tracing dependencies...
>>> acf-lib-lua5.3*: Package size: 65.0 KB
>>> acf-lib-lua5.3*: Compressing data...
>>> acf-lib-lua5.3*: Create checksum...
pigz: not found
>>> acf-lib-lua5.3*: Create acf-lib-lua5.3-0.11.1-r0.apk
>>> acf-lib-lua5.4*: Tracing dependencies...
>>> acf-lib-lua5.4*: Package size: 65.0 KB
>>> acf-lib-lua5.4*: Compressing data...
>>> acf-lib-lua5.4*: Create checksum...
libfakeroot internal error: payload not recognized!
pigz: not found
>>> acf-lib-lua5.4*: Create acf-lib-lua5.4-0.11.1-r0.apk
>>> acf-lib*: Tracing dependencies...
	lua-subprocess
>>> acf-lib*: Package size: 0.0 
>>> acf-lib*: Compressing data...
>>> acf-lib*: Create checksum...
pigz: not found
>>> acf-lib*: Create acf-lib-0.11.1-r0.apk
>>> acf-lib: Build complete at Thu, 22 May 2025 22:15:06 +0000 elapsed time 0h 0m 16s
>>> acf-lib: Cleaning up srcdir
>>> acf-lib: Cleaning up pkgdir
>>> acf-lib: Uninstalling dependencies...
(1/3) Purging .makedepends-acf-lib (20250522.221452)
(2/3) Purging lua5.4-subprocess (0_git20230625-r1)
(3/3) Purging lua-subprocess (0_git20230625-r1)
OK: 314 MiB in 114 packages
>>> acf-lib: Updating the main/x86_64 repository index...
>>> acf-lib: Signing the index...
pigz: not found
