>>> perl-class-load: Validating /home/packager/oily-pine/main/perl-class-load/APKBUILD...
>>> perl-class-load: Cleaning up srcdir
>>> perl-class-load: Cleaning up pkgdir
>>> perl-class-load: Cleaning up tmpdir
>>> perl-class-load: Fetching https://cpan.metacpan.org/authors/id/E/ET/ETHER/Class-Load-0.25.tar.gz
  % Total    % Received % Xferd  Average Speed   Time    Time     Time  Current
                                 Dload  Upload   Total   Spent    Left  Speed
  0     0    0     0    0     0      0      0 --:--:-- --:--:-- --:--:--     0  0     0    0     0    0     0      0      0 --:--:-- --:--:-- --:--:--     0100 36644  100 36644    0     0   229k      0 --:--:-- --:--:-- --:--:--  227k
>>> perl-class-load: Fetching https://cpan.metacpan.org/authors/id/E/ET/ETHER/Class-Load-0.25.tar.gz
>>> perl-class-load: Checking sha512sums...
Class-Load-0.25.tar.gz: OK
>>> perl-class-load: Preparing build chroot...
fetch http://dl-cdn.alpinelinux.org/alpine/edge/main/x86_64/APKINDEX.tar.gz
(1/85) Installing musl (1.2.5-r10)
(2/85) Installing libcrypto3 (3.5.0-r0)
(3/85) Installing ca-certificates-bundle (20241121-r2)
(4/85) Installing libssl3 (3.5.0-r0)
(5/85) Installing zlib (1.3.1-r2)
(6/85) Installing libapk2 (2.14.9-r2)
(7/85) Installing apk-tools (2.14.9-r2)
(8/85) Installing libcap2 (2.76-r0)
(9/85) Installing libcap-getcap (2.76-r0)
(10/85) Installing fakeroot (1.37.1.1-r0)
(11/85) Installing scanelf (1.3.8-r1)
(12/85) Installing musl-utils (1.2.5-r10)
(13/85) Installing libgcc (14.3.0-r1)
(14/85) Installing libstdc++ (14.3.0-r1)
(15/85) Installing lzip (1.25-r0)
(16/85) Installing openssl (3.5.0-r0)
(17/85) Installing patch (2.8-r0)
(18/85) Installing pkgconf (2.4.3-r0)
(19/85) Installing acl-libs (2.3.2-r1)
(20/85) Installing tar (1.35-r3)
(21/85) Installing busybox (1.37.0-r18)
Executing busybox-1.37.0-r18.post-install
(22/85) Installing ssl_client (1.37.0-r18)
(23/85) Installing busybox-binsh (1.37.0-r18)
(24/85) Installing abuild (3.15.0-r0)
Executing abuild-3.15.0-r0.pre-install
(25/85) Installing abuild-sudo (3.15.0-r0)
(26/85) Installing alpine-baselayout-data (3.7.0-r0)
(27/85) Installing alpine-baselayout (3.7.0-r0)
Executing alpine-baselayout-3.7.0-r0.pre-install
Executing alpine-baselayout-3.7.0-r0.post-install
(28/85) Installing bridge (1.5-r5)
(29/85) Installing ifupdown-ng (0.12.1-r7)
(30/85) Installing openrc-user (0.62.2-r2)
(31/85) Installing openrc (0.62.2-r2)
Executing openrc-0.62.2-r2.post-install
(32/85) Installing mdev-conf (4.8-r0)
(33/85) Installing busybox-mdev-openrc (1.37.0-r18)
(34/85) Installing alpine-conf (3.20.0-r0)
(35/85) Installing alpine-keys (2.5-r0)
(36/85) Installing alpine-release (3.22.0-r0)
(37/85) Installing busybox-openrc (1.37.0-r18)
(38/85) Installing busybox-suid (1.37.0-r18)
(39/85) Installing alpine-base (3.22.0-r0)
(40/85) Installing jansson (2.14.1-r0)
(41/85) Installing zstd-libs (1.5.7-r0)
(42/85) Installing binutils (2.44-r0)
(43/85) Installing libmagic (5.46-r2)
(44/85) Installing file (5.46-r2)
(45/85) Installing libgomp (14.3.0-r1)
(46/85) Installing libatomic (14.3.0-r1)
(47/85) Installing gmp (6.3.0-r3)
(48/85) Installing isl26 (0.26-r1)
(49/85) Installing mpfr4 (4.2.1_p1-r0)
(50/85) Installing mpc1 (1.3.1-r1)
(51/85) Installing gcc (14.3.0-r1)
(52/85) Installing libstdc++-dev (14.3.0-r1)
(53/85) Installing musl-dev (1.2.5-r10)
(54/85) Installing g++ (14.3.0-r1)
(55/85) Installing make (4.4.1-r3)
(56/85) Installing fortify-headers (1.1-r5)
(57/85) Installing build-base (0.5-r3)
(58/85) Installing brotli-libs (1.1.0-r2)
(59/85) Installing c-ares (1.34.5-r0)
(60/85) Installing libunistring (1.3-r0)
(61/85) Installing libidn2 (2.3.7-r0)
(62/85) Installing nghttp2-libs (1.65.0-r0)
(63/85) Installing libpsl (0.21.5-r3)
(64/85) Installing libcurl (8.14.0-r2)
(65/85) Installing libexpat (2.7.1-r0)
(66/85) Installing pcre2 (10.43-r1)
(67/85) Installing git (2.49.0-r0)
(68/85) Installing git-init-template (2.49.0-r0)
(69/85) Installing libbz2 (1.0.8-r6)
(70/85) Installing perl (5.40.2-r0)
(71/85) Installing perl-error (0.17030-r0)
(72/85) Installing perl-git (2.49.0-r0)
(73/85) Installing git-perl (2.49.0-r0)
(74/85) Installing perl-params-util (1.102-r5)
(75/85) Installing perl-sub-install (0.929-r2)
(76/85) Installing perl-data-optlist (0.114-r1)
(77/85) Installing perl-utils (5.40.2-r0)
(78/85) Installing perl-dev (5.40.2-r0)
(79/85) Installing perl-module-runtime (0.016-r6)
(80/85) Installing perl-try-tiny (0.32-r0)
(81/85) Installing perl-module-implementation (0.09-r5)
(82/85) Installing perl-dist-checkconflicts (0.11-r4)
(83/85) Installing perl-package-stash (0.40-r1)
(84/85) Installing perl-test-fatal (0.017-r1)
(85/85) Installing perl-test-needs (0.002010-r1)
Executing busybox-1.37.0-r18.trigger
OK: 306 MiB in 85 packages
>>> perl-class-load: Fetching https://cpan.metacpan.org/authors/id/E/ET/ETHER/Class-Load-0.25.tar.gz
>>> perl-class-load: Checking sha512sums...
Class-Load-0.25.tar.gz: OK
>>> perl-class-load: Unpacking /var/cache/distfiles/Class-Load-0.25.tar.gz...
Checking if your kit is complete...
Looks good
Generating a Unix-style Makefile
Writing Makefile for Class::Load
Writing MYMETA.yml and MYMETA.json
cp lib/Class/Load.pm blib/lib/Class/Load.pm
cp lib/Class/Load/PP.pm blib/lib/Class/Load/PP.pm
Manifying 1 pod document
PERL_DL_NONLAZY=1 "/usr/bin/perl" "-MExtUtils::Command::MM" "-MTest::Harness" "-e" "undef *Test::Harness::Switches; test_harness(0, 'blib/lib', 'blib/arch')" t/*.t
# 
# Versions for all modules listed in MYMETA.json (including optional ones):
# 
# === Configure Requires ===
# 
#     Module              Want Have
#     ------------------- ---- ----
#     ExtUtils::MakeMaker  any 7.70
# 
# === Configure Suggests ===
# 
#     Module      Want Have
#     -------- ------- ----
#     JSON::PP 2.27300 4.16
# 
# === Build Requires ===
# 
#     Module              Want Have
#     ------------------- ---- ----
#     ExtUtils::MakeMaker  any 7.70
# 
# === Test Requires ===
# 
#     Module              Want     Have
#     ------------------- ---- --------
#     ExtUtils::MakeMaker  any     7.70
#     File::Spec           any     3.91
#     Test::Fatal          any    0.017
#     Test::More          0.88 1.302199
#     Test::Needs          any 0.002010
#     constant             any     1.33
#     lib                  any     0.65
#     version              any   0.9930
# 
# === Test Recommends ===
# 
#     Module         Want     Have
#     ---------- -------- --------
#     CPAN::Meta 2.120900 2.150010
# 
# === Runtime Requires ===
# 
#     Module                  Want  Have
#     ---------------------- ----- -----
#     Carp                     any  1.54
#     Data::OptList          0.110 0.114
#     Exporter                 any  5.78
#     Module::Implementation  0.04  0.09
#     Module::Runtime        0.012 0.016
#     Package::Stash          0.14  0.40
#     Scalar::Util             any  1.63
#     Try::Tiny                any  0.32
#     base                     any  2.27
#     strict                   any  1.13
#     warnings                 any  1.70
# 
# === Other Modules ===
# 
#     Module       Have
#     --------- -------
#     Encode       3.21
#     JSON::PP     4.16
#     Sub::Name missing
#     YAML      missing
#     autodie      2.37
# 
t/00-report-prereqs.t ........... ok
# Using PP implementation
t/000-load.t .................... ok
t/001-is-class-loaded.t ......... ok
t/002-try-load-class.t .......... ok
t/003-load-class.t .............. ok
t/004-load-double.t ............. ok
t/005-load-optional.t ........... ok
t/006-returned-error.t .......... ok
t/007-first-existing.t .......... ok
t/008-gvstash-bug.t ............. ok
t/009-invalid-module-name.t ..... ok
t/010-isa-false-positive.t ...... ok
t/011-without-xs.t .............. skipped: Need Test::Without::Module
t/012-without-implementation.t .. skipped: Need Test::Without::Module
t/013-errors.t .................. ok
t/014-weird-constants.t ......... ok
All tests successful.
Files=16, Tests=125,  1 wallclock secs ( 0.02 usr  0.01 sys +  0.66 cusr  0.10 csys =  0.79 CPU)
Result: PASS
>>> perl-class-load: Entering fakeroot...
Manifying 1 pod document
Appending installation info to /tmp/pkg/perl-class-load/usr/lib/perl5/core_perl/perllocal.pod
Installing /tmp/pkg/perl-class-load/usr/share/perl5/vendor_perl/Class/Load.pm
Installing /tmp/pkg/perl-class-load/usr/share/perl5/vendor_perl/Class/Load/PP.pm
Installing /tmp/pkg/perl-class-load/usr/share/man/man3/Class::Load.3pm
>>> perl-class-load-doc*: Running split function doc...
'usr/share/man' -> '/tmp/pkg/perl-class-load-doc/usr/share/man'
>>> perl-class-load-doc*: Preparing subpackage perl-class-load-doc...
>>> perl-class-load-doc*: Running postcheck for perl-class-load-doc
>>> perl-class-load*: Running postcheck for perl-class-load
>>> perl-class-load*: Preparing package perl-class-load...
>>> perl-class-load-doc*: Tracing dependencies...
>>> perl-class-load-doc*: Package size: 3.6 KB
>>> perl-class-load-doc*: Compressing data...
>>> perl-class-load-doc*: Create checksum...
>>> perl-class-load-doc*: Create perl-class-load-doc-0.25-r4.apk
>>> perl-class-load*: Tracing dependencies...
	perl
	perl-data-optlist
	perl-module-runtime
	perl-module-implementation
	perl-try-tiny
	perl-package-stash
>>> perl-class-load*: Package size: 12.5 KB
>>> perl-class-load*: Compressing data...
>>> perl-class-load*: Create checksum...
>>> perl-class-load*: Create perl-class-load-0.25-r4.apk
>>> perl-class-load: Updating the main/x86_64 repository index...
>>> perl-class-load: Signing the index...
>>> perl-class-load: Cleaning up srcdir
>>> perl-class-load: Cleaning up build chroot
>>> perl-class-load: Cleaning up pkgdir
