pigz: not found
>>> net-snmp: Building main/net-snmp 5.9.4-r1 (using abuild 3.14.1-r4) started Fri, 23 May 2025 17:48:12 +0000
>>> net-snmp: Validating /home/packager/aports/main/net-snmp/APKBUILD...
>>> net-snmp: Analyzing dependencies...
>>> net-snmp: Installing for build: build-base file perl-dev openssl-dev>3 perl-net-snmp perl-tk linux-headers
(1/13) Installing perl-utils (5.40.2-r0)
(2/13) Installing perl-dev (5.40.2-r0)
(3/13) Installing openssl-dev (3.5.0-r0)
(4/13) Installing perl-net-snmp (6.0.1-r8)
(5/13) Installing libxau (1.0.12-r0)
(6/13) Installing libmd (1.1.0-r0)
(7/13) Installing libbsd (0.12.2-r0)
(8/13) Installing libxdmcp (1.1.5-r1)
(9/13) Installing libxcb (1.16.1-r0)
(10/13) Installing libx11 (1.8.10-r0)
(11/13) Installing libpng (1.6.47-r0)
(12/13) Installing perl-tk (804.036-r7)
(13/13) Installing .makedepends-net-snmp (20250523.174815)
Executing busybox-1.37.0-r12.trigger
OK: 586 MiB in 145 packages
>>> net-snmp: Cleaning up srcdir
>>> net-snmp: Cleaning up pkgdir
>>> net-snmp: Cleaning up tmpdir
>>> net-snmp: Fetching https://downloads.sourceforge.net/net-snmp/net-snmp-5.9.4.tar.gz
Connecting to downloads.sourceforge.net (104.18.12.149:443)
Connecting to downloads.sourceforge.net (104.18.13.149:443)
Connecting to deac-fra.dl.sourceforge.net (37.203.33.33:443)
saving to '/var/cache/distfiles/net-snmp-5.9.4.tar.gz.part'
net-snmp-5.9.4.tar.g 100% |********************************| 6525k  0:00:00 ETA
'/var/cache/distfiles/net-snmp-5.9.4.tar.gz.part' saved
>>> net-snmp: Fetching https://downloads.sourceforge.net/net-snmp/net-snmp-5.9.4.tar.gz
>>> net-snmp: Checking sha512sums...
net-snmp-5.9.4.tar.gz: OK
netsnmp-swinst-crash.patch: OK
fix-includes.patch: OK
fix-fd_mask.patch: OK
fix-pkgconf-version.patch: OK
snmpd.initd: OK
snmpd.confd: OK
snmptrapd.confd: OK
>>> net-snmp: Unpacking /var/cache/distfiles/net-snmp-5.9.4.tar.gz...
>>> net-snmp: netsnmp-swinst-crash.patch
patching file agent/mibgroup/host/data_access/swinst_pkginfo.c
Hunk #1 succeeded at 210 (offset 3 lines).
>>> net-snmp: fix-includes.patch
patching file agent/mibgroup/util_funcs/get_pid_from_inode.c
Hunk #1 succeeded at 5 with fuzz 1 (offset 1 line).
>>> net-snmp: fix-fd_mask.patch
patching file configure
>>> net-snmp: fix-pkgconf-version.patch
patching file configure
configure: WARNING: unrecognized options: --enable-pic
checking for x86_64-alpine-linux-musl-gcc... gcc
checking whether the C compiler works... no
configure: error: in `/home/packager/aports/main/net-snmp/src/net-snmp-5.9.4':
configure: error: C compiler cannot create executables
See `config.log' for more details
>>> ERROR: net-snmp: build failed
>>> net-snmp: Uninstalling dependencies...
(1/13) Purging .makedepends-net-snmp (20250523.174815)
(2/13) Purging perl-dev (5.40.2-r0)
(3/13) Purging perl-utils (5.40.2-r0)
(4/13) Purging openssl-dev (3.5.0-r0)
(5/13) Purging perl-net-snmp (6.0.1-r8)
(6/13) Purging perl-tk (804.036-r7)
(7/13) Purging libpng (1.6.47-r0)
(8/13) Purging libx11 (1.8.10-r0)
(9/13) Purging libxcb (1.16.1-r0)
(10/13) Purging libxdmcp (1.1.5-r1)
(11/13) Purging libbsd (0.12.2-r0)
(12/13) Purging libmd (1.1.0-r0)
(13/13) Purging libxau (1.0.12-r0)
Executing busybox-1.37.0-r12.trigger
OK: 564 MiB in 132 packages
