>>> npth: Validating /home/packager/oily-pine/main/npth/APKBUILD...
>>> npth: Cleaning up srcdir
>>> npth: Cleaning up pkgdir
>>> npth: Cleaning up tmpdir
>>> npth: Fetching https://gnupg.org/ftp/gcrypt/npth/npth-1.8.tar.bz2
  % Total    % Received % Xferd  Average Speed   Time    Time     Time  Current
                                 Dload  Upload   Total   Spent    Left  Speed
  0     0    0     0    0     0      0      0 --:--:-- --:--:-- --:--:--     0  0  310k    0     0    0     0      0      0 --:--:-- --:--:-- --:--:--     0100  310k  100  310k    0     0   967k      0 --:--:-- --:--:-- --:--:--  966k
>>> npth: Fetching https://gnupg.org/ftp/gcrypt/npth/npth-1.8.tar.bz2
>>> npth: Checking sha512sums...
npth-1.8.tar.bz2: OK
>>> npth: Preparing build chroot...
fetch http://dl-cdn.alpinelinux.org/alpine/edge/main/x86_64/APKINDEX.tar.gz
(1/68) Installing musl (1.2.5-r10)
(2/68) Installing libcrypto3 (3.5.0-r0)
(3/68) Installing ca-certificates-bundle (20241121-r2)
(4/68) Installing libssl3 (3.5.0-r0)
(5/68) Installing zlib (1.3.1-r2)
(6/68) Installing libapk2 (2.14.9-r2)
(7/68) Installing apk-tools (2.14.9-r2)
(8/68) Installing libcap2 (2.76-r0)
(9/68) Installing libcap-getcap (2.76-r0)
(10/68) Installing fakeroot (1.37.1.1-r0)
(11/68) Installing scanelf (1.3.8-r1)
(12/68) Installing musl-utils (1.2.5-r10)
(13/68) Installing libgcc (14.3.0-r0)
(14/68) Installing libstdc++ (14.3.0-r0)
(15/68) Installing lzip (1.25-r0)
(16/68) Installing openssl (3.5.0-r0)
(17/68) Installing patch (2.8-r0)
(18/68) Installing pkgconf (2.4.3-r0)
(19/68) Installing acl-libs (2.3.2-r1)
(20/68) Installing tar (1.35-r3)
(21/68) Installing busybox (1.37.0-r18)
Executing busybox-1.37.0-r18.post-install
(22/68) Installing ssl_client (1.37.0-r18)
(23/68) Installing busybox-binsh (1.37.0-r18)
(24/68) Installing abuild (3.15.0-r0)
Executing abuild-3.15.0-r0.pre-install
(25/68) Installing abuild-sudo (3.15.0-r0)
(26/68) Installing alpine-baselayout-data (3.7.0-r0)
(27/68) Installing alpine-baselayout (3.7.0-r0)
Executing alpine-baselayout-3.7.0-r0.pre-install
Executing alpine-baselayout-3.7.0-r0.post-install
(28/68) Installing bridge (1.5-r5)
(29/68) Installing ifupdown-ng (0.12.1-r7)
(30/68) Installing openrc-user (0.62.2-r2)
(31/68) Installing openrc (0.62.2-r2)
Executing openrc-0.62.2-r2.post-install
(32/68) Installing mdev-conf (4.8-r0)
(33/68) Installing busybox-mdev-openrc (1.37.0-r18)
(34/68) Installing alpine-conf (3.20.0-r0)
(35/68) Installing alpine-keys (2.5-r0)
(36/68) Installing alpine-release (3.22.0-r0)
(37/68) Installing busybox-openrc (1.37.0-r18)
(38/68) Installing busybox-suid (1.37.0-r18)
(39/68) Installing alpine-base (3.22.0-r0)
(40/68) Installing jansson (2.14.1-r0)
(41/68) Installing zstd-libs (1.5.7-r0)
(42/68) Installing binutils (2.44-r0)
(43/68) Installing libmagic (5.46-r2)
(44/68) Installing file (5.46-r2)
(45/68) Installing libgomp (14.3.0-r0)
(46/68) Installing libatomic (14.3.0-r0)
(47/68) Installing gmp (6.3.0-r3)
(48/68) Installing isl26 (0.26-r1)
(49/68) Installing mpfr4 (4.2.1_p1-r0)
(50/68) Installing mpc1 (1.3.1-r1)
(51/68) Installing gcc (14.3.0-r0)
(52/68) Installing libstdc++-dev (14.3.0-r0)
(53/68) Installing musl-dev (1.2.5-r10)
(54/68) Installing g++ (14.3.0-r0)
(55/68) Installing make (4.4.1-r3)
(56/68) Installing fortify-headers (1.1-r5)
(57/68) Installing build-base (0.5-r3)
(58/68) Installing brotli-libs (1.1.0-r2)
(59/68) Installing c-ares (1.34.5-r0)
(60/68) Installing libunistring (1.3-r0)
(61/68) Installing libidn2 (2.3.7-r0)
(62/68) Installing nghttp2-libs (1.65.0-r0)
(63/68) Installing libpsl (0.21.5-r3)
(64/68) Installing libcurl (8.14.0-r2)
(65/68) Installing libexpat (2.7.1-r0)
(66/68) Installing pcre2 (10.43-r1)
(67/68) Installing git (2.49.0-r0)
(68/68) Installing git-init-template (2.49.0-r0)
Executing busybox-1.37.0-r18.trigger
OK: 260 MiB in 68 packages
>>> npth: Fetching https://gnupg.org/ftp/gcrypt/npth/npth-1.8.tar.bz2
>>> npth: Checking sha512sums...
npth-1.8.tar.bz2: OK
>>> npth: Unpacking /var/cache/distfiles/npth-1.8.tar.bz2...
checking for a BSD-compatible install... /usr/bin/install -c
checking whether build environment is sane... yes
checking for a race-free mkdir -p... ./build-aux/install-sh -c -d
checking for gawk... no
checking for mawk... no
checking for nawk... no
checking for awk... awk
checking whether make sets $(MAKE)... yes
checking whether make supports nested variables... yes
checking whether to enable maintainer-specific portions of Makefiles... no
checking build system type... x86_64-alpine-linux-musl
checking host system type... x86_64-alpine-linux-musl
checking whether make supports nested variables... (cached) yes
checking whether make supports the include directive... yes (GNU style)
checking for x86_64-alpine-linux-musl-gcc... cc
checking whether the C compiler works... yes
checking for C compiler default output file name... a.out
checking for suffix of executables... 
checking whether we are cross compiling... no
checking for suffix of object files... o
checking whether the compiler supports GNU C... yes
checking whether cc accepts -g... yes
checking for cc option to enable C11 features... none needed
checking whether cc understands -c and -o together... yes
checking dependency style of cc... gcc3
checking for stdio.h... yes
checking for stdlib.h... yes
checking for string.h... yes
checking for inttypes.h... yes
checking for stdint.h... yes
checking for strings.h... yes
checking for sys/stat.h... yes
checking for sys/types.h... yes
checking for unistd.h... yes
checking for wchar.h... yes
checking for minix/config.h... no
checking for sys/socket.h... yes
checking whether it is safe to define __EXTENSIONS__... yes
checking whether _XOPEN_SOURCE should be defined... no
checking for x86_64-alpine-linux-musl-gcc... (cached) cc
checking whether the compiler supports GNU C... (cached) yes
checking whether cc accepts -g... (cached) yes
checking for cc option to enable C11 features... (cached) none needed
checking whether cc understands -c and -o together... (cached) yes
checking dependency style of cc... (cached) gcc3
checking if gcc supports -Wpointer-arith... yes
checking how to print strings... printf
checking for a sed that does not truncate output... /bin/sed
checking for grep that handles long lines and -e... /bin/grep
checking for egrep... /bin/grep -E
checking for fgrep... /bin/grep -F
checking for ld used by cc... /usr/x86_64-alpine-linux-musl/bin/ld
checking if the linker (/usr/x86_64-alpine-linux-musl/bin/ld) is GNU ld... yes
checking for BSD- or MS-compatible name lister (nm)... /usr/bin/nm -B
checking the name lister (/usr/bin/nm -B) interface... BSD nm
checking whether ln -s works... yes
checking the maximum length of command line arguments... 98304
checking whether the shell understands some XSI constructs... yes
checking whether the shell understands "+="... no
checking how to convert x86_64-alpine-linux-musl file names to x86_64-alpine-linux-musl format... func_convert_file_noop
checking how to convert x86_64-alpine-linux-musl file names to toolchain format... func_convert_file_noop
checking for /usr/x86_64-alpine-linux-musl/bin/ld option to reload object files... -r
checking for x86_64-alpine-linux-musl-objdump... no
checking for objdump... objdump
checking how to recognize dependent libraries... pass_all
checking for x86_64-alpine-linux-musl-dlltool... no
checking for dlltool... no
checking how to associate runtime and link libraries... printf %s\n
checking for x86_64-alpine-linux-musl-ar... no
checking for ar... ar
checking for archiver @FILE support... @
checking for x86_64-alpine-linux-musl-strip... no
checking for strip... strip
checking for x86_64-alpine-linux-musl-ranlib... no
checking for ranlib... ranlib
checking command to parse /usr/bin/nm -B output from cc object... ok
checking for sysroot... no
checking for x86_64-alpine-linux-musl-mt... no
checking for mt... no
checking if : is a manifest tool... no
checking for dlfcn.h... yes
checking for objdir... .libs
checking if cc supports -fno-rtti -fno-exceptions... no
checking for cc option to produce PIC... -fPIC -DPIC
checking if cc PIC flag -fPIC -DPIC works... yes
checking if cc static flag -static works... yes
checking if cc supports -c -o file.o... yes
checking if cc supports -c -o file.o... (cached) yes
checking whether the cc linker (/usr/x86_64-alpine-linux-musl/bin/ld -m elf_x86_64) supports shared libraries... yes
checking whether -lc should be explicitly linked in... no
checking dynamic linker characteristics... GNU/Linux ld.so
checking how to hardcode library paths into programs... immediate
checking whether stripping libraries is possible... yes
checking if libtool supports shared libraries... yes
checking whether to build shared libraries... yes
checking whether to build static libraries... no
checking for x86_64-alpine-linux-musl-windres... no
checking for windres... no
date: unrecognized option: iso-8601
BusyBox v1.37.0 (2025-05-26 20:04:45 UTC) multi-call binary.

Usage: date [OPTIONS] [+FMT] [[-s] TIME]

Display time (using +FMT), or set time

	-u		Work in UTC (don't convert to local time)
	[-s] TIME	Set time to TIME
	-d TIME		Display TIME, not 'now'
	-D FMT		FMT (strptime format) for -s/-d TIME conversion
	-r FILE		Display last modification time of FILE
	-R		Output RFC-2822 date
	-I[SPEC]	Output ISO-8601 date
			SPEC=date (default), hours, minutes, seconds or ns

Recognized TIME formats:
	@seconds_since_1970
	hh:mm[:ss]
	[YYYY.]MM.DD-hh:mm[:ss]
	YYYY-MM-DD hh:mm[:ss]
	[[[[[YY]YY]MM]DD]hh]mm[.ss]
	'date TIME' form accepts MMDDhhmm[[YY]YY][.ss] instead
checking for sys/socket.h... (cached) yes
checking for sys/select.h... yes
checking for unistd.h... (cached) yes
checking for sys/time.h... yes
checking for time.h... yes
checking for signal.h... yes
checking for poll.h... yes
checking for socklen_t... yes
checking for pid_t... yes
checking for size_t... yes
checking for ssize_t... yes
checking for library containing pthread_cancel... none required
checking for pthread_rwlock_t... yes
checking for pthread_tryjoin_np... yes
checking for pthread_setname_np... yes
checking for pthread_getname_np... yes
checking for pthread_mutex_timedlock... yes
checking for pthread_rwlock_rdlock... yes
checking for pthread_rwlock_wrlock... yes
checking for pthread_rwlock_timedrdlock... yes
checking for pthread_rwlock_timedwrlock... yes
checking for pthread_rwlock_tryrdlock... yes
checking for pthread_rwlock_trywrlock... yes
checking for pthread_atfork... yes
checking for select... yes
checking for pselect... yes
checking for gettimeofday... yes
checking for ppoll... yes
checking for library containing setsockopt... none needed
checking for library containing clock_gettime... none required
checking that generated files are newer than configure... done
configure: creating ./config.status
config.status: creating Makefile
config.status: creating npth.pc
config.status: creating src/npth.h
config.status: creating w32/npth.h
config.status: creating src/Makefile
config.status: creating w32/Makefile
config.status: creating w32/versioninfo.rc
config.status: creating tests/Makefile
config.status: creating npth-config
config.status: creating config.h
config.status: executing depfiles commands
config.status: executing libtool commands

        npth v1.8 prepared for make

        Revision: 64905e7  (25744)
        Platform: x86_64-alpine-linux-musl

make  all-recursive
make[1]: Entering directory '/tmp/src/npth-1.8'
Making all in src
make[2]: Entering directory '/tmp/src/npth-1.8/src'
/bin/sh ../libtool  --tag=CC   --mode=compile cc -DHAVE_CONFIG_H -I. -I..     -Os -fstack-clash-protection -Wformat -Werror=format-security -fno-plt -Wall -Wcast-align -Wshadow -Wstrict-prototypes -Wpointer-arith -MT npth.lo -MD -MP -MF .deps/npth.Tpo -c -o npth.lo npth.c
/bin/sh ../libtool  --tag=CC   --mode=compile cc -DHAVE_CONFIG_H -I. -I..     -Os -fstack-clash-protection -Wformat -Werror=format-security -fno-plt -Wall -Wcast-align -Wshadow -Wstrict-prototypes -Wpointer-arith -MT npth-sigev.lo -MD -MP -MF .deps/npth-sigev.Tpo -c -o npth-sigev.lo npth-sigev.c
libtool: compile:  cc -DHAVE_CONFIG_H -I. -I.. -Os -fstack-clash-protection -Wformat -Werror=format-security -fno-plt -Wall -Wcast-align -Wshadow -Wstrict-prototypes -Wpointer-arith -MT npth.lo -MD -MP -MF .deps/npth.Tpo -c npth.c  -fPIC -DPIC -o .libs/npth.o
libtool: compile:  cc -DHAVE_CONFIG_H -I. -I.. -Os -fstack-clash-protection -Wformat -Werror=format-security -fno-plt -Wall -Wcast-align -Wshadow -Wstrict-prototypes -Wpointer-arith -MT npth-sigev.lo -MD -MP -MF .deps/npth-sigev.Tpo -c npth-sigev.c  -fPIC -DPIC -o .libs/npth-sigev.o
mv -f .deps/npth-sigev.Tpo .deps/npth-sigev.Plo
mv -f .deps/npth.Tpo .deps/npth.Plo
/bin/sh ../libtool  --tag=CC   --mode=link cc  -Os -fstack-clash-protection -Wformat -Werror=format-security -fno-plt -Wall -Wcast-align -Wshadow -Wstrict-prototypes -Wpointer-arith   -Wl,--version-script=./libnpth.vers -version-info 3:0:3 -Wl,--as-needed,-O1,--sort-common -Wl,-z,pack-relative-relocs -o libnpth.la -rpath /usr/lib npth.lo npth-sigev.lo  
libtool: link: cc -shared  -fPIC -DPIC  .libs/npth.o .libs/npth-sigev.o    -Os -Wl,--version-script=./libnpth.vers -Wl,--as-needed -Wl,-O1 -Wl,--sort-common -Wl,-z -Wl,pack-relative-relocs   -Wl,-soname -Wl,libnpth.so.0 -o .libs/libnpth.so.0.3.0
libtool: link: (cd ".libs" && rm -f "libnpth.so.0" && ln -s "libnpth.so.0.3.0" "libnpth.so.0")
libtool: link: (cd ".libs" && rm -f "libnpth.so" && ln -s "libnpth.so.0.3.0" "libnpth.so")
libtool: link: ( cd ".libs" && rm -f "libnpth.la" && ln -s "../libnpth.la" "libnpth.la" )
make[2]: Leaving directory '/tmp/src/npth-1.8/src'
Making all in tests
make[2]: Entering directory '/tmp/src/npth-1.8/tests'
cc -DHAVE_CONFIG_H -I. -I..  -I../src   -Os -fstack-clash-protection -Wformat -Werror=format-security -fno-plt -Wall -Wcast-align -Wshadow -Wstrict-prototypes -Wpointer-arith -MT t-mutex.o -MD -MP -MF .deps/t-mutex.Tpo -c -o t-mutex.o t-mutex.c
cc -DHAVE_CONFIG_H -I. -I..  -I../src   -Os -fstack-clash-protection -Wformat -Werror=format-security -fno-plt -Wall -Wcast-align -Wshadow -Wstrict-prototypes -Wpointer-arith -MT t-thread.o -MD -MP -MF .deps/t-thread.Tpo -c -o t-thread.o t-thread.c
cc -DHAVE_CONFIG_H -I. -I..  -I../src   -Os -fstack-clash-protection -Wformat -Werror=format-security -fno-plt -Wall -Wcast-align -Wshadow -Wstrict-prototypes -Wpointer-arith -MT t-cond.o -MD -MP -MF .deps/t-cond.Tpo -c -o t-cond.o t-cond.c
cc -DHAVE_CONFIG_H -I. -I..  -I../src   -Os -fstack-clash-protection -Wformat -Werror=format-security -fno-plt -Wall -Wcast-align -Wshadow -Wstrict-prototypes -Wpointer-arith -MT t-fork.o -MD -MP -MF .deps/t-fork.Tpo -c -o t-fork.o t-fork.c
mv -f .deps/t-mutex.Tpo .deps/t-mutex.Po
/bin/sh ../libtool  --tag=CC   --mode=link cc  -Os -fstack-clash-protection -Wformat -Werror=format-security -fno-plt -Wall -Wcast-align -Wshadow -Wstrict-prototypes -Wpointer-arith -no-install -Wl,--as-needed,-O1,--sort-common -Wl,-z,pack-relative-relocs -o t-mutex t-mutex.o ../src/libnpth.la    
mv -f .deps/t-fork.Tpo .deps/t-fork.Po
/bin/sh ../libtool  --tag=CC   --mode=link cc  -Os -fstack-clash-protection -Wformat -Werror=format-security -fno-plt -Wall -Wcast-align -Wshadow -Wstrict-prototypes -Wpointer-arith -no-install -Wl,--as-needed,-O1,--sort-common -Wl,-z,pack-relative-relocs -o t-fork t-fork.o ../src/libnpth.la    
libtool: link: cc -Os -fstack-clash-protection -Wformat -Werror=format-security -fno-plt -Wall -Wcast-align -Wshadow -Wstrict-prototypes -Wpointer-arith -Wl,--as-needed -Wl,-O1 -Wl,--sort-common -Wl,-z -Wl,pack-relative-relocs -o t-mutex t-mutex.o  ../src/.libs/libnpth.so -Wl,-rpath -Wl,/tmp/src/npth-1.8/src/.libs
mv -f .deps/t-thread.Tpo .deps/t-thread.Po
libtool: link: cc -Os -fstack-clash-protection -Wformat -Werror=format-security -fno-plt -Wall -Wcast-align -Wshadow -Wstrict-prototypes -Wpointer-arith -Wl,--as-needed -Wl,-O1 -Wl,--sort-common -Wl,-z -Wl,pack-relative-relocs -o t-fork t-fork.o  ../src/.libs/libnpth.so -Wl,-rpath -Wl,/tmp/src/npth-1.8/src/.libs
/bin/sh ../libtool  --tag=CC   --mode=link cc  -Os -fstack-clash-protection -Wformat -Werror=format-security -fno-plt -Wall -Wcast-align -Wshadow -Wstrict-prototypes -Wpointer-arith -no-install -Wl,--as-needed,-O1,--sort-common -Wl,-z,pack-relative-relocs -o t-thread t-thread.o ../src/libnpth.la    
mv -f .deps/t-cond.Tpo .deps/t-cond.Po
/bin/sh ../libtool  --tag=CC   --mode=link cc  -Os -fstack-clash-protection -Wformat -Werror=format-security -fno-plt -Wall -Wcast-align -Wshadow -Wstrict-prototypes -Wpointer-arith -no-install -Wl,--as-needed,-O1,--sort-common -Wl,-z,pack-relative-relocs -o t-cond t-cond.o ../src/libnpth.la    
libtool: link: cc -Os -fstack-clash-protection -Wformat -Werror=format-security -fno-plt -Wall -Wcast-align -Wshadow -Wstrict-prototypes -Wpointer-arith -Wl,--as-needed -Wl,-O1 -Wl,--sort-common -Wl,-z -Wl,pack-relative-relocs -o t-thread t-thread.o  ../src/.libs/libnpth.so -Wl,-rpath -Wl,/tmp/src/npth-1.8/src/.libs
libtool: link: cc -Os -fstack-clash-protection -Wformat -Werror=format-security -fno-plt -Wall -Wcast-align -Wshadow -Wstrict-prototypes -Wpointer-arith -Wl,--as-needed -Wl,-O1 -Wl,--sort-common -Wl,-z -Wl,pack-relative-relocs -o t-cond t-cond.o  ../src/.libs/libnpth.so -Wl,-rpath -Wl,/tmp/src/npth-1.8/src/.libs
make[2]: Leaving directory '/tmp/src/npth-1.8/tests'
make[2]: Entering directory '/tmp/src/npth-1.8'
make[2]: Nothing to be done for 'all-am'.
make[2]: Leaving directory '/tmp/src/npth-1.8'
make[1]: Leaving directory '/tmp/src/npth-1.8'
Making check in src
make[1]: Entering directory '/tmp/src/npth-1.8/src'
make[1]: Nothing to be done for 'check'.
make[1]: Leaving directory '/tmp/src/npth-1.8/src'
Making check in tests
make[1]: Entering directory '/tmp/src/npth-1.8/tests'
make  check-TESTS
make[2]: Entering directory '/tmp/src/npth-1.8/tests'
PASS: t-mutex
PASS: t-thread
PASS: t-cond
PASS: t-fork
==================
All 4 tests passed
==================
make[2]: Leaving directory '/tmp/src/npth-1.8/tests'
make[1]: Leaving directory '/tmp/src/npth-1.8/tests'
make[1]: Entering directory '/tmp/src/npth-1.8'
make[1]: Nothing to be done for 'check-am'.
make[1]: Leaving directory '/tmp/src/npth-1.8'
>>> npth: Entering fakeroot...
Making install in src
make[1]: Entering directory '/tmp/src/npth-1.8/src'
make[2]: Entering directory '/tmp/src/npth-1.8/src'
 .././build-aux/install-sh -c -d '/tmp/pkg/npth/usr/lib'
 .././build-aux/install-sh -c -d '/tmp/pkg/npth/usr/include'
 /bin/sh ../libtool   --mode=install /usr/bin/install -c   libnpth.la '/tmp/pkg/npth/usr/lib'
 /usr/bin/install -c -m 644 npth.h '/tmp/pkg/npth/usr/include'
libtool: install: /usr/bin/install -c .libs/libnpth.so.0.3.0 /tmp/pkg/npth/usr/lib/libnpth.so.0.3.0
libtool: install: (cd /tmp/pkg/npth/usr/lib && { ln -s -f libnpth.so.0.3.0 libnpth.so.0 || { rm -f libnpth.so.0 && ln -s libnpth.so.0.3.0 libnpth.so.0; }; })
libtool: install: (cd /tmp/pkg/npth/usr/lib && { ln -s -f libnpth.so.0.3.0 libnpth.so || { rm -f libnpth.so && ln -s libnpth.so.0.3.0 libnpth.so; }; })
libtool: install: /usr/bin/install -c .libs/libnpth.lai /tmp/pkg/npth/usr/lib/libnpth.la
libtool: install: warning: remember to run `libtool --finish /usr/lib'
make[2]: Leaving directory '/tmp/src/npth-1.8/src'
make[1]: Leaving directory '/tmp/src/npth-1.8/src'
Making install in tests
make[1]: Entering directory '/tmp/src/npth-1.8/tests'
make[2]: Entering directory '/tmp/src/npth-1.8/tests'
make[2]: Nothing to be done for 'install-exec-am'.
make[2]: Nothing to be done for 'install-data-am'.
make[2]: Leaving directory '/tmp/src/npth-1.8/tests'
make[1]: Leaving directory '/tmp/src/npth-1.8/tests'
make[1]: Entering directory '/tmp/src/npth-1.8'
make[2]: Entering directory '/tmp/src/npth-1.8'
 ./build-aux/install-sh -c -d '/tmp/pkg/npth/usr/share/aclocal'
 ./build-aux/install-sh -c -d '/tmp/pkg/npth/usr/lib/pkgconfig'
 /usr/bin/install -c -m 644 npth.m4 '/tmp/pkg/npth/usr/share/aclocal'
 /usr/bin/install -c -m 644 npth.pc '/tmp/pkg/npth/usr/lib/pkgconfig'
make[2]: Leaving directory '/tmp/src/npth-1.8'
make[1]: Leaving directory '/tmp/src/npth-1.8'
>>> npth-dev*: Running split function dev...
'usr/include' -> '/tmp/pkg/npth-dev/usr/include'
'usr/lib/pkgconfig' -> '/tmp/pkg/npth-dev/usr/lib/pkgconfig'
'usr/share/aclocal' -> '/tmp/pkg/npth-dev/usr/share/aclocal'
'usr/lib/libnpth.so' -> '/tmp/pkg/npth-dev/usr/lib/libnpth.so'
>>> npth-dev*: Preparing subpackage npth-dev...
>>> npth-dev*: Stripping binaries
>>> npth-dev*: Running postcheck for npth-dev
>>> npth*: Running postcheck for npth
>>> npth*: Preparing package npth...
>>> npth*: Stripping binaries
>>> npth-dev*: Scanning shared objects
>>> npth*: Scanning shared objects
>>> npth-dev*: Tracing dependencies...
	npth=1.8-r0
	pkgconfig
>>> npth-dev*: Package size: 20.1 KB
>>> npth-dev*: Compressing data...
>>> npth-dev*: Create checksum...
>>> npth-dev*: Create npth-dev-1.8-r0.apk
>>> npth*: Tracing dependencies...
	so:libc.musl-x86_64.so.1
>>> npth*: Package size: 17.8 KB
>>> npth*: Compressing data...
>>> npth*: Create checksum...
>>> npth*: Create npth-1.8-r0.apk
>>> npth: Updating the main/x86_64 repository index...
>>> npth: Signing the index...
>>> npth: Cleaning up srcdir
>>> npth: Cleaning up build chroot
>>> npth: Cleaning up pkgdir
