>>> fsarchiver: Validating /home/packager/oily-pine/main/fsarchiver/APKBUILD...
>>> fsarchiver: Cleaning up srcdir
>>> fsarchiver: Cleaning up pkgdir
>>> fsarchiver: Cleaning up tmpdir
>>> fsarchiver: Fetching https://github.com/fdupoux/fsarchiver/releases/download/0.8.8/fsarchiver-0.8.8.tar.gz
  % Total    % Received % Xferd  Average Speed   Time    Time     Time  Current
                                 Dload  Upload   Total   Spent    Left  Speed
  0     0    0     0    0     0      0      0 --:--:-- --:--:-- --:--:--     0  0     0    0     0    0     0      0      0 --:--:-- --:--:-- --:--:--     0  0     0    0     0    0     0      0      0 --:--:-- --:--:-- --:--:--     0
100  268k  100  268k    0     0   276k      0 --:--:-- --:--:-- --:--:--  276k
>>> fsarchiver: Fetching https://github.com/fdupoux/fsarchiver/releases/download/0.8.8/fsarchiver-0.8.8.tar.gz
>>> fsarchiver: Checking sha512sums...
fsarchiver-0.8.8.tar.gz: OK
>>> fsarchiver: Preparing build chroot...
fetch http://dl-cdn.alpinelinux.org/alpine/edge/main/x86_64/APKINDEX.tar.gz
(1/105) Installing musl (1.2.5-r10)
(2/105) Installing libcrypto3 (3.5.0-r0)
(3/105) Installing ca-certificates-bundle (20241121-r2)
(4/105) Installing libssl3 (3.5.0-r0)
(5/105) Installing zlib (1.3.1-r2)
(6/105) Installing libapk2 (2.14.9-r2)
(7/105) Installing apk-tools (2.14.9-r2)
(8/105) Installing libcap2 (2.76-r0)
(9/105) Installing libcap-getcap (2.76-r0)
(10/105) Installing fakeroot (1.37.1.1-r0)
(11/105) Installing scanelf (1.3.8-r1)
(12/105) Installing musl-utils (1.2.5-r10)
(13/105) Installing libgcc (14.3.0-r1)
(14/105) Installing libstdc++ (14.3.0-r1)
(15/105) Installing lzip (1.25-r0)
(16/105) Installing openssl (3.5.0-r0)
(17/105) Installing patch (2.8-r0)
(18/105) Installing pkgconf (2.4.3-r0)
(19/105) Installing acl-libs (2.3.2-r1)
(20/105) Installing tar (1.35-r3)
(21/105) Installing busybox (1.37.0-r18)
Executing busybox-1.37.0-r18.post-install
(22/105) Installing ssl_client (1.37.0-r18)
(23/105) Installing busybox-binsh (1.37.0-r18)
(24/105) Installing abuild (3.15.0-r0)
Executing abuild-3.15.0-r0.pre-install
(25/105) Installing abuild-sudo (3.15.0-r0)
(26/105) Installing alpine-baselayout-data (3.7.0-r0)
(27/105) Installing alpine-baselayout (3.7.0-r0)
Executing alpine-baselayout-3.7.0-r0.pre-install
Executing alpine-baselayout-3.7.0-r0.post-install
(28/105) Installing bridge (1.5-r5)
(29/105) Installing ifupdown-ng (0.12.1-r7)
(30/105) Installing openrc-user (0.62.2-r2)
(31/105) Installing openrc (0.62.2-r2)
Executing openrc-0.62.2-r2.post-install
(32/105) Installing mdev-conf (4.8-r0)
(33/105) Installing busybox-mdev-openrc (1.37.0-r18)
(34/105) Installing alpine-conf (3.20.0-r0)
(35/105) Installing alpine-keys (2.5-r0)
(36/105) Installing alpine-release (3.22.0-r0)
(37/105) Installing busybox-openrc (1.37.0-r18)
(38/105) Installing busybox-suid (1.37.0-r18)
(39/105) Installing alpine-base (3.22.0-r0)
(40/105) Installing libattr (2.5.2-r2)
(41/105) Installing attr-dev (2.5.2-r2)
(42/105) Installing jansson (2.14.1-r0)
(43/105) Installing zstd-libs (1.5.7-r0)
(44/105) Installing binutils (2.44-r0)
(45/105) Installing libmagic (5.46-r2)
(46/105) Installing file (5.46-r2)
(47/105) Installing libgomp (14.3.0-r1)
(48/105) Installing libatomic (14.3.0-r1)
(49/105) Installing gmp (6.3.0-r3)
(50/105) Installing isl26 (0.26-r1)
(51/105) Installing mpfr4 (4.2.1_p1-r0)
(52/105) Installing mpc1 (1.3.1-r1)
(53/105) Installing gcc (14.3.0-r1)
(54/105) Installing libstdc++-dev (14.3.0-r1)
(55/105) Installing musl-dev (1.2.5-r10)
(56/105) Installing g++ (14.3.0-r1)
(57/105) Installing make (4.4.1-r3)
(58/105) Installing fortify-headers (1.1-r5)
(59/105) Installing build-base (0.5-r3)
(60/105) Installing libbz2 (1.0.8-r6)
(61/105) Installing bzip2-dev (1.0.8-r6)
(62/105) Installing libeconf (0.6.3-r0)
(63/105) Installing libblkid (2.41-r9)
(64/105) Installing libuuid (2.41-r9)
(65/105) Installing libfdisk (2.41-r9)
(66/105) Installing sqlite-libs (3.50.0-r0)
(67/105) Installing liblastlog2 (2.41-r9)
(68/105) Installing libmount (2.41-r9)
(69/105) Installing libsmartcols (2.41-r9)
(70/105) Installing ncurses-terminfo-base (6.5_p20250503-r0)
(71/105) Installing libncursesw (6.5_p20250503-r0)
(72/105) Installing readline (8.2.13-r1)
(73/105) Installing sqlite (3.50.0-r0)
(74/105) Installing sqlite-dev (3.50.0-r0)
(75/105) Installing util-linux-dev (2.41-r9)
(76/105) Installing gawk (5.3.2-r1)
(77/105) Installing libcom_err (1.47.2-r2)
(78/105) Installing e2fsprogs-libs (1.47.2-r2)
(79/105) Installing e2fsprogs-dev (1.47.2-r2)
(80/105) Installing brotli-libs (1.1.0-r2)
(81/105) Installing c-ares (1.34.5-r0)
(82/105) Installing libunistring (1.3-r0)
(83/105) Installing libidn2 (2.3.7-r0)
(84/105) Installing nghttp2-libs (1.65.0-r0)
(85/105) Installing libpsl (0.21.5-r3)
(86/105) Installing libcurl (8.14.0-r2)
(87/105) Installing libexpat (2.7.1-r0)
(88/105) Installing pcre2 (10.43-r1)
(89/105) Installing git (2.49.0-r0)
(90/105) Installing git-init-template (2.49.0-r0)
(91/105) Installing libgpg-error (1.55-r0)
(92/105) Installing libgcrypt (1.10.3-r1)
(93/105) Installing libgpg-error-dev (1.55-r0)
(94/105) Installing libgcrypt-dev (1.10.3-r1)
(95/105) Installing linux-headers (6.14.2-r0)
(96/105) Installing lz4-libs (1.10.0-r0)
(97/105) Installing lz4-dev (1.10.0-r0)
(98/105) Installing lzo (2.10-r5)
(99/105) Installing lzo-dev (2.10-r5)
(100/105) Installing xz-libs (5.8.1-r0)
(101/105) Installing xz (5.8.1-r0)
(102/105) Installing xz-dev (5.8.1-r0)
(103/105) Installing zlib-dev (1.3.1-r2)
(104/105) Installing zstd (1.5.7-r0)
(105/105) Installing zstd-dev (1.5.7-r0)
Executing busybox-1.37.0-r18.trigger
OK: 277 MiB in 105 packages
>>> fsarchiver: Fetching https://github.com/fdupoux/fsarchiver/releases/download/0.8.8/fsarchiver-0.8.8.tar.gz
>>> fsarchiver: Checking sha512sums...
fsarchiver-0.8.8.tar.gz: OK
>>> fsarchiver: Unpacking /var/cache/distfiles/fsarchiver-0.8.8.tar.gz...
checking build system type... x86_64-alpine-linux-musl
checking host system type... x86_64-alpine-linux-musl
checking target system type... x86_64-alpine-linux-musl
checking for a BSD-compatible install... /usr/bin/install -c
checking whether sleep supports fractional seconds... yes
checking filesystem timestamp resolution... 2
checking whether build environment is sane... yes
checking for a race-free mkdir -p... /bin/mkdir -p
checking for gawk... gawk
checking whether make sets $(MAKE)... yes
checking whether make supports nested variables... yes
checking xargs -n works... yes
checking whether make supports the include directive... yes (GNU style)
checking for x86_64-alpine-linux-musl-gcc... cc
checking whether the C compiler works... yes
checking for C compiler default output file name... a.out
checking for suffix of executables... 
checking whether we are cross compiling... no
checking for suffix of object files... o
checking whether the compiler supports GNU C... yes
checking whether cc accepts -g... yes
checking for cc option to enable C11 features... none needed
checking whether cc understands -c and -o together... yes
checking dependency style of cc... gcc3
checking for library containing strerror... none required
checking for x86_64-alpine-linux-musl-gcc... (cached) cc
checking whether the compiler supports GNU C... (cached) yes
checking whether cc accepts -g... (cached) yes
checking for cc option to enable C11 features... (cached) none needed
checking whether cc understands -c and -o together... (cached) yes
checking dependency style of cc... (cached) gcc3
checking for stdio.h... yes
checking for stdlib.h... yes
checking for string.h... yes
checking for inttypes.h... yes
checking for stdint.h... yes
checking for strings.h... yes
checking for sys/stat.h... yes
checking for sys/types.h... yes
checking for unistd.h... yes
checking for grep that handles long lines and -e... /bin/grep
checking for egrep... /bin/grep -E
checking for cc option to enable large file support... none needed
checking for x86_64-alpine-linux-musl-pkg-config... no
checking for pkg-config... /usr/bin/pkg-config
checking pkg-config is at least version 0.9.0... yes
checking for pthread_create in -lpthread... yes
configure: checking for libz (library and header files)...
checking for compress in -lz... yes
checking for zlib.h... yes
configure: checking for libbz2 (library and header files) ... ...
checking for BZ2_bzBuffToBuffCompress in -lbz2... yes
checking for bzlib.h... yes
checking for liblzma... yes
configure: checking for liblzo2 (library and header files)...
checking for lzo1x_1_compress in -llzo2... yes
checking for lzo/lzo1x.h... yes
configure: checking for lz4 (library and header files)...
checking for LZ4_compress in -llz4... yes
checking for lz4.h... yes
configure: checking for zstd (library and header files)...
checking for ZSTD_compress in -lzstd... yes
checking for zstd.h... yes
configure: checking for libgcrypt (library and header files)...
checking for gcry_cipher_encrypt in -lgcrypt... yes
checking for gcrypt.h... yes
checking for ext2fs... yes
checking for com_err... yes
checking for e2p... yes
checking for blkid... yes
checking for uuid... yes
checking for sys/xattr.h... yes
checking for malloc.h... yes
checking for unistd.h... (cached) yes
checking for pthread.h... yes
checking for sys/param.h... yes
checking for sys/statfs.h... yes
checking for sys/mount.h... yes
checking for stdint.h... (cached) yes
checking for endian.h... yes
checking for stdbool.h... yes
checking for stdlib.h... (cached) yes
checking for stdio.h... (cached) yes
checking for getopt.h... yes
checking for fcntl.h... yes
checking for time.h... yes
checking for wordexp.h... yes
checking for execinfo.h... no
checking for fnmatch.h... yes
checking for strerror... yes
checking for open64... no
checking for lstat64... no
checking for stat64... no
checking for fstatfs64... no
checking for fstatvfs64... no
checking for mempcpy... yes
checking for lutimes... yes
checking for egrep... (cached) /bin/grep -E
checking that generated files are newer than configure... done
configure: creating ./config.status
config.status: creating Makefile
config.status: creating src/Makefile
config.status: creating doc/Makefile
config.status: creating config.h
config.status: executing depfiles commands
make  all-recursive
make[1]: Entering directory '/tmp/src/fsarchiver-0.8.8'
Making all in src
make[2]: Entering directory '/tmp/src/fsarchiver-0.8.8/src'
  CC       fsarchiver-fsarchiver.o
  CC       fsarchiver-oper_save.o
  CC       fsarchiver-oper_restore.o
  CC       fsarchiver-oper_probe.o
  CC       fsarchiver-thread_archio.o
  CC       fsarchiver-archreader.o
  CC       fsarchiver-archwriter.o
  CC       fsarchiver-writebuf.o
  CC       fsarchiver-archinfo.o
  CC       fsarchiver-thread_comp.o
  CC       fsarchiver-comp_gzip.o
  CC       fsarchiver-comp_bzip2.o
  CC       fsarchiver-comp_lzma.o
  CC       fsarchiver-comp_lzo.o
  CC       fsarchiver-comp_lz4.o
  CC       fsarchiver-comp_zstd.o
  CC       fsarchiver-crypto.o
  CC       fsarchiver-fs_ntfs.o
oper_save.c: In function 'oper_save':
oper_save.c:1338:56: warning: the comparison will always evaluate as 'true' for the address of 'devpath' will never be NULL [-Waddress]
 1338 |             for (i=0; (i < argc) && (devinfo[i].devpath!=NULL) && (get_interrupted()==false); i++)
      |                                                        ^~
oper_save.c:80:17: note: 'devpath' declared here
   80 | {   char        devpath[PATH_MAX];
      |                 ^~~~~~~
  CC       fsarchiver-fs_ext2.o
  CC       fsarchiver-fs_reiserfs.o
  CC       fsarchiver-fs_reiser4.o
oper_restore.c: In function 'extractar_read_mainhead':
oper_restore.c:1156:39: warning: the comparison will always evaluate as 'false' for the address of 'encryptpass' will never be NULL [-Waddress]
 1156 |         passlen=(g_options.encryptpass==NULL)?(0):(strlen((char*)g_options.encryptpass));
      |                                       ^~
In file included from oper_restore.c:38:
options.h:43:14: note: 'encryptpass' declared here
   43 |     u8       encryptpass[FSA_MAX_PASSLEN+1];
      |              ^~~~~~~~~~~
oper_restore.c:1157:35: warning: the comparison will always evaluate as 'false' for the address of 'encryptpass' will never be NULL [-Waddress]
 1157 |         if ((g_options.encryptpass==NULL) || (passlen<FSA_MIN_PASSLEN) || (passlen>FSA_MAX_PASSLEN))
      |                                   ^~
options.h:43:14: note: 'encryptpass' declared here
   43 |     u8       encryptpass[FSA_MAX_PASSLEN+1];
      |              ^~~~~~~~~~~
  CC       fsarchiver-fs_btrfs.o
  CC       fsarchiver-fs_xfs.o
  CC       fsarchiver-fs_jfs.o
fs_ext2.c: In function 'extfs_getinfo':
fs_ext2.c:461:52: warning: argument to 'sizeof' in 'strncpy' call is the same expression as the source; did you mean to use the size of the destination? [-Wsizeof-pointer-memaccess]
  461 |         strncpy(label, super->s_volume_name, sizeof(super->s_volume_name));
      |                                                    ^
  CC       fsarchiver-fs_vfat.o
  CC       fsarchiver-common.o
  CC       fsarchiver-dico.o
  CC       fsarchiver-strdico.o
  CC       fsarchiver-dichl.o
  CC       fsarchiver-queue.o
  CC       fsarchiver-error.o
  CC       fsarchiver-syncthread.o
  CC       fsarchiver-datafile.o
  CC       fsarchiver-strlist.o
  CC       fsarchiver-regmulti.o
  CC       fsarchiver-options.o
  CC       fsarchiver-logfile.o
  CC       fsarchiver-filesys.o
  CC       fsarchiver-devinfo.o
  CCLD     fsarchiver
make[2]: Leaving directory '/tmp/src/fsarchiver-0.8.8/src'
Making all in doc
make[2]: Entering directory '/tmp/src/fsarchiver-0.8.8/doc'
make[2]: Nothing to be done for 'all'.
make[2]: Leaving directory '/tmp/src/fsarchiver-0.8.8/doc'
make[2]: Entering directory '/tmp/src/fsarchiver-0.8.8'
make[2]: Nothing to be done for 'all-am'.
make[2]: Leaving directory '/tmp/src/fsarchiver-0.8.8'
make[1]: Leaving directory '/tmp/src/fsarchiver-0.8.8'
>>> fsarchiver: Entering fakeroot...
Making install in src
make[1]: Entering directory '/tmp/src/fsarchiver-0.8.8/src'
make[2]: Entering directory '/tmp/src/fsarchiver-0.8.8/src'
make[2]: Nothing to be done for 'install-data-am'.
 /bin/mkdir -p '/tmp/pkg/fsarchiver/usr/sbin'
  /usr/bin/install -c fsarchiver '/tmp/pkg/fsarchiver/usr/sbin'
make[2]: Leaving directory '/tmp/src/fsarchiver-0.8.8/src'
make[1]: Leaving directory '/tmp/src/fsarchiver-0.8.8/src'
Making install in doc
make[1]: Entering directory '/tmp/src/fsarchiver-0.8.8/doc'
make[2]: Entering directory '/tmp/src/fsarchiver-0.8.8/doc'
make[2]: Nothing to be done for 'install-exec-am'.
 /bin/mkdir -p '/tmp/pkg/fsarchiver/usr/share/man/man8'
 /usr/bin/install -c -m 644 fsarchiver.8 '/tmp/pkg/fsarchiver/usr/share/man/man8'
make[2]: Leaving directory '/tmp/src/fsarchiver-0.8.8/doc'
make[1]: Leaving directory '/tmp/src/fsarchiver-0.8.8/doc'
make[1]: Entering directory '/tmp/src/fsarchiver-0.8.8'
make[2]: Entering directory '/tmp/src/fsarchiver-0.8.8'
make[2]: Nothing to be done for 'install-exec-am'.
make[2]: Nothing to be done for 'install-data-am'.
make[2]: Leaving directory '/tmp/src/fsarchiver-0.8.8'
make[1]: Leaving directory '/tmp/src/fsarchiver-0.8.8'
>>> fsarchiver-doc*: Running split function doc...
'usr/share/man' -> '/tmp/pkg/fsarchiver-doc/usr/share/man'
>>> fsarchiver-doc*: Preparing subpackage fsarchiver-doc...
>>> fsarchiver-doc*: Running postcheck for fsarchiver-doc
>>> fsarchiver*: Running postcheck for fsarchiver
>>> fsarchiver*: Preparing package fsarchiver...
>>> fsarchiver*: Stripping binaries
>>> fsarchiver-doc*: Scanning shared objects
>>> fsarchiver*: Scanning shared objects
>>> fsarchiver-doc*: Tracing dependencies...
>>> fsarchiver-doc*: Package size: 3.0 KB
>>> fsarchiver-doc*: Compressing data...
>>> fsarchiver-doc*: Create checksum...
>>> fsarchiver-doc*: Create fsarchiver-doc-0.8.8-r0.apk
>>> fsarchiver*: Tracing dependencies...
	so:libblkid.so.1
	so:libbz2.so.1
	so:libc.musl-x86_64.so.1
	so:libe2p.so.2
	so:libext2fs.so.2
	so:libgcrypt.so.20
	so:liblz4.so.1
	so:liblzma.so.5
	so:liblzo2.so.2
	so:libuuid.so.1
	so:libz.so.1
	so:libzstd.so.1
>>> fsarchiver*: Package size: 220.4 KB
>>> fsarchiver*: Compressing data...
>>> fsarchiver*: Create checksum...
>>> fsarchiver*: Create fsarchiver-0.8.8-r0.apk
>>> fsarchiver: Updating the main/x86_64 repository index...
>>> fsarchiver: Signing the index...
>>> fsarchiver: Cleaning up srcdir
>>> fsarchiver: Cleaning up build chroot
>>> fsarchiver: Cleaning up pkgdir
