>>> alpine-conf: Validating /home/packager/oily-pine/main/alpine-conf/APKBUILD...
>>> alpine-conf: Cleaning up srcdir
>>> alpine-conf: Cleaning up pkgdir
>>> alpine-conf: Cleaning up tmpdir
>>> alpine-conf: Fetching https://gitlab.alpinelinux.org/alpine/alpine-conf/-/archive/3.19.2/alpine-conf-3.19.2.tar.gz
  % Total    % Received % Xferd  Average Speed   Time    Time     Time  Current
                                 Dload  Upload   Total   Spent    Left  Speed
  0     0    0     0    0     0      0      0 --:--:-- --:--:-- --:--:--     0100 80155    0 80155    0     0   306k      0 --:--:-- --:--:-- --:--:--  306k
>>> alpine-conf: Fetching https://gitlab.alpinelinux.org/alpine/alpine-conf/-/archive/3.19.2/alpine-conf-3.19.2.tar.gz
>>> alpine-conf: Checking sha512sums...
alpine-conf-3.19.2.tar.gz: OK
0001-setup-wayland-base-explicit-start-cgroups-and-dbus.patch: OK
0002-setup-desktop-add-xfce-wayland.patch: OK
0003-setup-desktop-prefer-dark-gtk-theme-for-xfce.patch: OK
>>> alpine-conf: Preparing build chroot...
fetch http://dl-cdn.alpinelinux.org/alpine/edge/main/x86_64/APKINDEX.tar.gz
(1/81) Installing musl (1.2.5-r10)
(2/81) Installing libcrypto3 (3.5.0-r0)
(3/81) Installing ca-certificates-bundle (20241121-r2)
(4/81) Installing libssl3 (3.5.0-r0)
(5/81) Installing zlib (1.3.1-r2)
(6/81) Installing libapk2 (2.14.9-r2)
(7/81) Installing apk-tools (2.14.9-r2)
(8/81) Installing libcap2 (2.76-r0)
(9/81) Installing libcap-getcap (2.76-r0)
(10/81) Installing fakeroot (1.37.1.1-r0)
(11/81) Installing scanelf (1.3.8-r1)
(12/81) Installing musl-utils (1.2.5-r10)
(13/81) Installing libgcc (14.3.0-r1)
(14/81) Installing libstdc++ (14.3.0-r1)
(15/81) Installing lzip (1.25-r0)
(16/81) Installing openssl (3.5.0-r0)
(17/81) Installing patch (2.8-r0)
(18/81) Installing pkgconf (2.4.3-r0)
(19/81) Installing acl-libs (2.3.2-r1)
(20/81) Installing tar (1.35-r3)
(21/81) Installing busybox (1.37.0-r18)
Executing busybox-1.37.0-r18.post-install
(22/81) Installing ssl_client (1.37.0-r18)
(23/81) Installing busybox-binsh (1.37.0-r18)
(24/81) Installing abuild (3.15.0-r0)
Executing abuild-3.15.0-r0.pre-install
(25/81) Installing abuild-sudo (3.15.0-r0)
(26/81) Installing alpine-baselayout-data (3.7.0-r0)
(27/81) Installing alpine-baselayout (3.7.0-r0)
Executing alpine-baselayout-3.7.0-r0.pre-install
Executing alpine-baselayout-3.7.0-r0.post-install
(28/81) Installing bridge (1.5-r5)
(29/81) Installing ifupdown-ng (0.12.1-r7)
(30/81) Installing openrc-user (0.62.2-r2)
(31/81) Installing openrc (0.62.2-r2)
Executing openrc-0.62.2-r2.post-install
(32/81) Installing mdev-conf (4.8-r0)
(33/81) Installing busybox-mdev-openrc (1.37.0-r18)
(34/81) Installing alpine-conf (3.20.0-r0)
(35/81) Installing alpine-keys (2.5-r0)
(36/81) Installing alpine-release (3.22.0-r0)
(37/81) Installing busybox-openrc (1.37.0-r18)
(38/81) Installing busybox-suid (1.37.0-r18)
(39/81) Installing alpine-base (3.22.0-r0)
(40/81) Installing jansson (2.14.1-r0)
(41/81) Installing zstd-libs (1.5.7-r0)
(42/81) Installing binutils (2.44-r0)
(43/81) Installing libmagic (5.46-r2)
(44/81) Installing file (5.46-r2)
(45/81) Installing libgomp (14.3.0-r1)
(46/81) Installing libatomic (14.3.0-r1)
(47/81) Installing gmp (6.3.0-r3)
(48/81) Installing isl26 (0.26-r1)
(49/81) Installing mpfr4 (4.2.1_p1-r0)
(50/81) Installing mpc1 (1.3.1-r1)
(51/81) Installing gcc (14.3.0-r1)
(52/81) Installing libstdc++-dev (14.3.0-r1)
(53/81) Installing musl-dev (1.2.5-r10)
(54/81) Installing g++ (14.3.0-r1)
(55/81) Installing make (4.4.1-r3)
(56/81) Installing fortify-headers (1.1-r5)
(57/81) Installing build-base (0.5-r3)
(58/81) Installing brotli-libs (1.1.0-r2)
(59/81) Installing c-ares (1.34.5-r0)
(60/81) Installing libunistring (1.3-r0)
(61/81) Installing libidn2 (2.3.7-r0)
(62/81) Installing nghttp2-libs (1.65.0-r0)
(63/81) Installing libpsl (0.21.5-r3)
(64/81) Installing libcurl (8.14.0-r2)
(65/81) Installing libexpat (2.7.1-r0)
(66/81) Installing pcre2 (10.43-r1)
(67/81) Installing git (2.49.0-r0)
(68/81) Installing git-init-template (2.49.0-r0)
(69/81) Installing atf (0.23-r0)
(70/81) Installing lua5.4-libs (5.4.7-r0)
(71/81) Installing lutok (0.6.1-r0)
(72/81) Installing sqlite-libs (3.50.0-r0)
(73/81) Installing kyua (0.13-r8)
(74/81) Installing libeconf (0.6.3-r0)
(75/81) Installing libblkid (2.41-r9)
(76/81) Installing libuuid (2.41-r9)
(77/81) Installing libfdisk (2.41-r9)
(78/81) Installing ncurses-terminfo-base (6.5_p20250503-r0)
(79/81) Installing libncursesw (6.5_p20250503-r0)
(80/81) Installing libsmartcols (2.41-r9)
(81/81) Installing sfdisk (2.41-r9)
Executing busybox-1.37.0-r18.trigger
OK: 286 MiB in 81 packages
>>> alpine-conf: Fetching https://gitlab.alpinelinux.org/alpine/alpine-conf/-/archive/3.19.2/alpine-conf-3.19.2.tar.gz
>>> alpine-conf: Checking sha512sums...
alpine-conf-3.19.2.tar.gz: OK
0001-setup-wayland-base-explicit-start-cgroups-and-dbus.patch: OK
0002-setup-desktop-add-xfce-wayland.patch: OK
0003-setup-desktop-prefer-dark-gtk-theme-for-xfce.patch: OK
>>> alpine-conf: Unpacking /var/cache/distfiles/alpine-conf-3.19.2.tar.gz...
>>> alpine-conf: 0001-setup-wayland-base-explicit-start-cgroups-and-dbus.patch
patching file setup-wayland-base.in
patching file tests/setup_wayland_base_test
>>> alpine-conf: 0002-setup-desktop-add-xfce-wayland.patch
patching file setup-desktop.in
Hunk #2 succeeded at 80 (offset 1 line).
>>> alpine-conf: 0003-setup-desktop-prefer-dark-gtk-theme-for-xfce.patch
patching file setup-desktop.in
Hunk #3 succeeded at 90 (offset 1 line).
sed -e 's:@VERSION@:3.19.2-r0:g' -e 's:@PREFIX@:/usr:g' -e 's:@sysconfdir@:/etc/lbu:g'  libalpine.sh.in > libalpine.sh
sed -e 's:@VERSION@:3.19.2-r0:g' -e 's:@PREFIX@:/usr:g' -e 's:@sysconfdir@:/etc/lbu:g'  dasd-functions.sh.in > dasd-functions.sh
sed -e 's:@VERSION@:3.19.2-r0:g' -e 's:@PREFIX@:/usr:g' -e 's:@sysconfdir@:/etc/lbu:g'  copy-modloop.in > copy-modloop && chmod +x copy-modloop
sed -e 's:@VERSION@:3.19.2-r0:g' -e 's:@PREFIX@:/usr:g' -e 's:@sysconfdir@:/etc/lbu:g'  lbu.in > lbu && chmod +x lbu
sed -e 's:@VERSION@:3.19.2-r0:g' -e 's:@PREFIX@:/usr:g' -e 's:@sysconfdir@:/etc/lbu:g'  setup-acf.in > setup-acf && chmod +x setup-acf
sed -e 's:@VERSION@:3.19.2-r0:g' -e 's:@PREFIX@:/usr:g' -e 's:@sysconfdir@:/etc/lbu:g'  setup-alpine.in > setup-alpine && chmod +x setup-alpine
sed -e 's:@VERSION@:3.19.2-r0:g' -e 's:@PREFIX@:/usr:g' -e 's:@sysconfdir@:/etc/lbu:g'  setup-apkcache.in > setup-apkcache && chmod +x setup-apkcache
sed -e 's:@VERSION@:3.19.2-r0:g' -e 's:@PREFIX@:/usr:g' -e 's:@sysconfdir@:/etc/lbu:g'  setup-apkrepos.in > setup-apkrepos && chmod +x setup-apkrepos
sed -e 's:@VERSION@:3.19.2-r0:g' -e 's:@PREFIX@:/usr:g' -e 's:@sysconfdir@:/etc/lbu:g'  setup-bootable.in > setup-bootable && chmod +x setup-bootable
sed -e 's:@VERSION@:3.19.2-r0:g' -e 's:@PREFIX@:/usr:g' -e 's:@sysconfdir@:/etc/lbu:g'  setup-desktop.in > setup-desktop && chmod +x setup-desktop
sed -e 's:@VERSION@:3.19.2-r0:g' -e 's:@PREFIX@:/usr:g' -e 's:@sysconfdir@:/etc/lbu:g'  setup-devd.in > setup-devd && chmod +x setup-devd
sed -e 's:@VERSION@:3.19.2-r0:g' -e 's:@PREFIX@:/usr:g' -e 's:@sysconfdir@:/etc/lbu:g'  setup-disk.in > setup-disk && chmod +x setup-disk
sed -e 's:@VERSION@:3.19.2-r0:g' -e 's:@PREFIX@:/usr:g' -e 's:@sysconfdir@:/etc/lbu:g'  setup-dns.in > setup-dns && chmod +x setup-dns
sed -e 's:@VERSION@:3.19.2-r0:g' -e 's:@PREFIX@:/usr:g' -e 's:@sysconfdir@:/etc/lbu:g'  setup-hostname.in > setup-hostname && chmod +x setup-hostname
sed -e 's:@VERSION@:3.19.2-r0:g' -e 's:@PREFIX@:/usr:g' -e 's:@sysconfdir@:/etc/lbu:g'  setup-interfaces.in > setup-interfaces && chmod +x setup-interfaces
sed -e 's:@VERSION@:3.19.2-r0:g' -e 's:@PREFIX@:/usr:g' -e 's:@sysconfdir@:/etc/lbu:g'  setup-keymap.in > setup-keymap && chmod +x setup-keymap
sed -e 's:@VERSION@:3.19.2-r0:g' -e 's:@PREFIX@:/usr:g' -e 's:@sysconfdir@:/etc/lbu:g'  setup-lbu.in > setup-lbu && chmod +x setup-lbu
sed -e 's:@VERSION@:3.19.2-r0:g' -e 's:@PREFIX@:/usr:g' -e 's:@sysconfdir@:/etc/lbu:g'  setup-mta.in > setup-mta && chmod +x setup-mta
sed -e 's:@VERSION@:3.19.2-r0:g' -e 's:@PREFIX@:/usr:g' -e 's:@sysconfdir@:/etc/lbu:g'  setup-ntp.in > setup-ntp && chmod +x setup-ntp
sed -e 's:@VERSION@:3.19.2-r0:g' -e 's:@PREFIX@:/usr:g' -e 's:@sysconfdir@:/etc/lbu:g'  setup-proxy.in > setup-proxy && chmod +x setup-proxy
sed -e 's:@VERSION@:3.19.2-r0:g' -e 's:@PREFIX@:/usr:g' -e 's:@sysconfdir@:/etc/lbu:g'  setup-sshd.in > setup-sshd && chmod +x setup-sshd
sed -e 's:@VERSION@:3.19.2-r0:g' -e 's:@PREFIX@:/usr:g' -e 's:@sysconfdir@:/etc/lbu:g'  setup-timezone.in > setup-timezone && chmod +x setup-timezone
sed -e 's:@VERSION@:3.19.2-r0:g' -e 's:@PREFIX@:/usr:g' -e 's:@sysconfdir@:/etc/lbu:g'  setup-user.in > setup-user && chmod +x setup-user
sed -e 's:@VERSION@:3.19.2-r0:g' -e 's:@PREFIX@:/usr:g' -e 's:@sysconfdir@:/etc/lbu:g'  setup-wayland-base.in > setup-wayland-base && chmod +x setup-wayland-base
sed -e 's:@VERSION@:3.19.2-r0:g' -e 's:@PREFIX@:/usr:g' -e 's:@sysconfdir@:/etc/lbu:g'  setup-xen-dom0.in > setup-xen-dom0 && chmod +x setup-xen-dom0
sed -e 's:@VERSION@:3.19.2-r0:g' -e 's:@PREFIX@:/usr:g' -e 's:@sysconfdir@:/etc/lbu:g'  setup-xorg-base.in > setup-xorg-base && chmod +x setup-xorg-base
sed -e 's:@VERSION@:3.19.2-r0:g' -e 's:@PREFIX@:/usr:g' -e 's:@sysconfdir@:/etc/lbu:g'  update-conf.in > update-conf && chmod +x update-conf
sed -e 's:@VERSION@:3.19.2-r0:g' -e 's:@PREFIX@:/usr:g' -e 's:@sysconfdir@:/etc/lbu:g'  update-kernel.in > update-kernel && chmod +x update-kernel
cc -Os -fstack-clash-protection -Wformat -Werror=format-security -fno-plt -Wl,--as-needed,-O1,--sort-common -Wl,-z,pack-relative-relocs -o uniso uniso.c
echo "syntax(2)" > Kyuafile
echo "test_suite('alpine-conf')" >> Kyuafile
echo "syntax(2)" > tests/Kyuafile
echo "include('tests/Kyuafile')" >> Kyuafile
echo 'test_suite("alpine-conf")' >> tests/Kyuafile
for i in copy_modloop_test fake_adduser_test fake_apk_test fake_modinfo_test fake_rc_service_test fake_rc_update_test fake_wget_test lbu_test libalpine_test setup_acf_test setup_alpine_test setup_apkcache_test setup_apkrepos_test setup_desktop_test setup_devd_test setup_disk_test setup_dns_test setup_hostname_test setup_interfaces_test setup_keymap_test setup_lbu_test setup_mta_test setup_ntp_test setup_proxy_test setup_sshd_test setup_timezone_test setup_user_test setup_wayland_base_test setup_xen_dom0_test setup_xorg_base_test update_conf_test update_kernel_test; do \
	echo "atf_test_program{name='$i',timeout=30}" >> tests/Kyuafile ; \
done
kyua --variable parallelism=16 test || (kyua report --verbose && exit 1)
tests/copy_modloop_test:copy_modloop_usage  ->  passed  [0.030s]
tests/fake_adduser_test:fake_adduser_failure  ->  passed  [0.026s]
tests/fake_adduser_test:fake_adduser_usage  ->  passed  [0.027s]
tests/fake_apk_test:fake_apk_add  ->  passed  [0.023s]
tests/fake_modinfo_test:fake_modinfo  ->  passed  [0.020s]
tests/fake_rc_service_test:rc_service_exists  ->  passed  [0.008s]
tests/fake_rc_service_test:rc_service_already_stopped  ->  passed  [0.009s]
tests/fake_rc_service_test:rc_service_already_started  ->  passed  [0.019s]
tests/fake_rc_service_test:rc_service_ifstarted_start  ->  passed  [0.018s]
tests/fake_rc_service_test:rc_service_ifstarted_stop  ->  passed  [0.019s]
tests/fake_rc_service_test:rc_service_ifstopped_start  ->  passed  [0.019s]
tests/fake_rc_service_test:rc_service_ifstopped_stop  ->  passed  [0.019s]
tests/fake_rc_service_test:rc_service_not_exists  ->  passed  [0.019s]
tests/fake_rc_service_test:rc_service_restart_started  ->  passed  [0.031s]
tests/fake_rc_service_test:rc_service_restart_stopped  ->  passed  [0.032s]
tests/fake_rc_service_test:rc_service_start  ->  passed  [0.032s]
tests/fake_rc_service_test:rc_service_start_quiet  ->  passed  [0.032s]
tests/fake_rc_service_test:rc_service_status_started  ->  passed  [0.032s]
tests/fake_rc_service_test:rc_service_status_stopped  ->  passed  [0.032s]
tests/fake_rc_service_test:rc_service_stop  ->  passed  [0.031s]
tests/fake_rc_service_test:rc_service_stop_quiet  ->  passed  [0.031s]
tests/fake_rc_service_test:rc_service_usage  ->  passed  [0.030s]
tests/fake_rc_update_test:rc_update_add  ->  passed  [0.022s]
tests/fake_rc_update_test:rc_update_add_quiet  ->  passed  [0.042s]
tests/fake_rc_update_test:rc_update_del  ->  passed  [0.042s]
tests/fake_rc_update_test:rc_update_del_quiet  ->  passed  [0.042s]
tests/fake_rc_update_test:rc_update_runlevel  ->  passed  [0.043s]
tests/fake_rc_update_test:rc_update_usage  ->  passed  [0.043s]
tests/fake_wget_test:fake_wget  ->  passed  [0.032s]
tests/fake_wget_test:fake_wget_404  ->  passed  [0.032s]
tests/fake_wget_test:fake_wget_empty_url  ->  passed  [0.033s]
tests/fake_wget_test:fake_wget_fail  ->  passed  [0.033s]
tests/fake_wget_test:fake_wget_missing_url  ->  passed  [0.034s]
tests/fake_wget_test:fake_wget_outfile  ->  passed  [0.034s]
tests/fake_wget_test:fake_wget_quiet  ->  passed  [0.034s]
tests/fake_wget_test:fake_wget_spider  ->  passed  [0.035s]
tests/fake_wget_test:fake_wget_stdout  ->  passed  [0.035s]
tests/fake_wget_test:fake_wget_usage  ->  passed  [0.036s]
tests/lbu_test:lbu_add_usage  ->  passed  [0.015s]
tests/lbu_test:lbu_ci_usage  ->  passed  [0.015s]
tests/lbu_test:lbu_delete_usage  ->  passed  [0.014s]
tests/lbu_test:lbu_diff_usage  ->  passed  [0.015s]
tests/lbu_test:lbu_commit_usage  ->  passed  [0.019s]
tests/lbu_test:lbu_ex_usage  ->  passed  [0.016s]
tests/lbu_test:lbu_exclude_usage  ->  passed  [0.016s]
tests/lbu_test:lbu_lb_usage  ->  passed  [0.014s]
tests/lbu_test:lbu_add_delete  ->  passed  [0.025s]
tests/lbu_test:lbu_inc_usage  ->  passed  [0.028s]
tests/lbu_test:lbu_include_usage  ->  passed  [0.028s]
tests/lbu_test:lbu_list_backup_usage  ->  passed  [0.027s]
tests/lbu_test:lbu_list_usage  ->  passed  [0.027s]
tests/lbu_test:lbu_ls_usage  ->  passed  [0.027s]
tests/lbu_test:lbu_package  ->  passed  [0.032s]
tests/lbu_test:lbu_package_encrypted  ->  passed  [0.040s]
tests/lbu_test:lbu_package_pre_post_hooks  ->  passed  [0.040s]
tests/lbu_test:lbu_package_usage  ->  passed  [0.040s]
tests/lbu_test:lbu_pkg_usage  ->  passed  [0.039s]
tests/lbu_test:lbu_revert_usage  ->  passed  [0.038s]
tests/lbu_test:lbu_st_usage  ->  passed  [0.037s]
tests/lbu_test:lbu_stat_usage  ->  passed  [0.037s]
tests/lbu_test:lbu_status_usage  ->  passed  [0.036s]
tests/lbu_test:lbu_usage  ->  passed  [0.042s]
tests/libalpine_test:libalpine_askpass  ->  passed  [0.033s]
tests/libalpine_test:libalpine_available_ifaces  ->  passed  [0.032s]
tests/libalpine_test:libalpine_available_ifaces_bond  ->  passed  [0.032s]
tests/libalpine_test:libalpine_available_ifaces_bridge  ->  passed  [0.046s]
tests/libalpine_test:libalpine_isin  ->  passed  [0.047s]
tests/setup_acf_test:setup_acf_usage  ->  passed  [0.041s]
tests/setup_alpine_test:setup_alpine_usage  ->  passed  [0.029s]
tests/setup_apkcache_test:setup_apkcache_abspath  ->  failed: atf-check failed; see the output of the test for details  [0.022s]
tests/setup_apkcache_test:setup_apkcache_none  ->  passed  [0.023s]
tests/setup_apkcache_test:setup_apkcache_relpath_with_slash  ->  failed: atf-check failed; see the output of the test for details  [0.023s]
tests/setup_apkcache_test:setup_apkcache_usage  ->  passed  [0.023s]
tests/setup_apkrepos_test:setup_apkrepos_add_community  ->  passed  [0.013s]
tests/setup_apkrepos_test:setup_apkrepos_alpine_edge  ->  passed  [0.015s]
tests/setup_apkrepos_test:setup_apkrepos_alpine_stable  ->  passed  [0.016s]
tests/setup_apkrepos_test:setup_apkrepos_first  ->  passed  [0.013s]
tests/setup_apkrepos_test:setup_apkrepos_alpine_stable_preconfigured  ->  passed  [0.028s]
tests/setup_apkrepos_test:setup_apkrepos_https  ->  passed  [0.024s]
tests/setup_apkrepos_test:setup_apkrepos_exclusive_opts  ->  passed  [0.029s]
tests/setup_apkrepos_test:setup_apkrepos_interactive  ->  passed  [0.026s]
tests/setup_apkrepos_test:setup_apkrepos_network_failure  ->  passed  [0.023s]
tests/setup_apkrepos_test:setup_apkrepos_random  ->  passed  [0.019s]
tests/setup_apkrepos_test:setup_apkrepos_usage  ->  passed  [0.019s]
tests/setup_apkrepos_test:setup_apkrepos_fastest  ->  passed  [0.040s]
tests/setup_desktop_test:setup_desktop_unsupported  ->  passed  [0.011s]
tests/setup_desktop_test:setup_desktop_usage  ->  passed  [0.013s]
tests/setup_devd_test:setup_devd_usage  ->  passed  [0.010s]
tests/setup_desktop_test:setup_desktop_gnome  ->  passed  [0.047s]
tests/setup_desktop_test:setup_desktop_mate  ->  passed  [0.047s]
tests/setup_desktop_test:setup_desktop_plasma  ->  passed  [0.047s]
tests/setup_desktop_test:setup_desktop_sway  ->  passed  [0.046s]
tests/setup_desktop_test:setup_desktop_xfce  ->  passed  [0.043s]
tests/setup_devd_test:setup_devd_mdev  ->  passed  [0.037s]
tests/setup_devd_test:setup_devd_mdevd  ->  passed  [0.036s]
tests/setup_devd_test:setup_devd_udev  ->  passed  [0.042s]
tests/setup_disk_test:setup_disk_func_find_disks  ->  passed  [0.024s]
tests/setup_disk_test:setup_disk_func_uuid_or_device  ->  passed  [0.029s]
tests/setup_disk_test:setup_disk_install_mounted_root_bootloader_none  ->  passed  [0.040s]
tests/setup_disk_test:setup_disk_mode_none  ->  passed  [0.011s]
tests/setup_disk_test:setup_disk_func_find_efi_size  ->  passed  [0.060s]
tests/setup_disk_test:setup_disk_func_find_efi_size_multi  ->  passed  [0.061s]
tests/setup_disk_test:setup_disk_install_mounted_root_efi_boot  ->  passed  [0.053s]
tests/setup_disk_test:setup_disk_none  ->  passed  [0.010s]
tests/setup_disk_test:setup_disk_install_mounted_root_nvme  ->  passed  [0.053s]
tests/setup_disk_test:setup_disk_non_existing_block_dev  ->  passed  [0.020s]
tests/setup_disk_test:setup_disk_usage  ->  passed  [0.014s]
tests/setup_disk_test:setup_disk_install_mounted_root_zfs  ->  passed  [0.055s]
tests/setup_dns_test:setup_dns_usage  ->  passed  [0.009s]
tests/setup_hostname_test:setup_hostname_invalid_hostname  ->  passed  [0.018s]
tests/setup_hostname_test:setup_hostname_usage  ->  passed  [0.017s]
tests/setup_interfaces_test:setup_interfaces_auto_none  ->  passed  [0.011s]
tests/setup_disk_test:setup_disk_install_mounted_root_efi  ->  passed  [0.145s]
tests/setup_interfaces_test:setup_interfaces_auto_up  ->  passed  [0.017s]
tests/setup_interfaces_test:setup_interfaces_interactive_bond0  ->  passed  [0.022s]
tests/setup_interfaces_test:setup_interfaces_interactive_br0  ->  passed  [0.021s]
tests/setup_interfaces_test:setup_interfaces_interactive_dhcp  ->  passed  [0.020s]
tests/setup_interfaces_test:setup_interfaces_interactive_none  ->  passed  [0.012s]
tests/setup_interfaces_test:setup_interfaces_interactive_ssid_list  ->  passed  [0.044s]
tests/setup_interfaces_test:setup_interfaces_interactive_vlan  ->  passed  [0.022s]
tests/setup_interfaces_test:setup_interfaces_interactive_vlan0_ng  ->  passed  [0.023s]
tests/setup_interfaces_test:setup_interfaces_interactive_vlan_ng  ->  passed  [0.021s]
tests/setup_interfaces_test:setup_interfaces_interactive_wlan0_open  ->  passed  [0.040s]
tests/setup_interfaces_test:setup_interfaces_interactive_wlan0_psk  ->  passed  [0.044s]
tests/setup_interfaces_test:setup_interfaces_interactive_wlan0_psk_by_index  ->  passed  [0.040s]
tests/setup_interfaces_test:setup_interfaces_none  ->  passed  [0.010s]
tests/setup_interfaces_test:setup_interfaces_usage  ->  passed  [0.012s]
tests/setup_keymap_test:setup_keymap_none  ->  passed  [0.007s]
tests/setup_keymap_test:setup_keymap_usage  ->  passed  [0.010s]
tests/setup_lbu_test:setup_lbu_label  ->  passed  [0.011s]
tests/setup_disk_test:setup_disk_func_setup_partitions_dos  ->  passed  [0.564s]
tests/setup_lbu_test:setup_lbu_usage  ->  passed  [0.011s]
tests/setup_disk_test:setup_disk_func_setup_partitions_gpt  ->  passed  [0.571s]
tests/setup_lbu_test:setup_lbu_uuid  ->  passed  [0.014s]
tests/setup_mta_test:setup_mta_usage  ->  passed  [0.015s]
tests/setup_ntp_test:setup_ntp_busybox  ->  passed  [0.009s]
tests/setup_ntp_test:setup_ntp_chrony  ->  passed  [0.010s]
tests/setup_ntp_test:setup_ntp_invalid  ->  passed  [0.008s]
tests/setup_ntp_test:setup_ntp_interactive_datetime  ->  passed  [0.011s]
tests/setup_ntp_test:setup_ntp_none  ->  passed  [0.006s]
tests/setup_ntp_test:setup_ntp_none_backwards_compat  ->  passed  [0.006s]
tests/setup_ntp_test:setup_ntp_openntpd  ->  passed  [0.011s]
tests/setup_ntp_test:setup_ntp_usage  ->  passed  [0.016s]
tests/setup_proxy_test:setup_proxy_none  ->  passed  [0.006s]
tests/setup_proxy_test:setup_proxy_interactive_none  ->  passed  [0.008s]
tests/setup_disk_test:setup_disk_sys  ->  passed  [0.580s]
tests/setup_proxy_test:setup_proxy_url  ->  passed  [0.014s]
tests/setup_proxy_test:setup_proxy_usage  ->  passed  [0.014s]
tests/setup_sshd_test:setup_sshd_interactive_openssh_direct_key  ->  skipped: The required program ssh-keygen could not be found in the PATH  [0.006s]
tests/setup_sshd_test:setup_sshd_empty  ->  passed  [0.007s]
tests/setup_sshd_test:setup_sshd_dropbear  ->  passed  [0.010s]
tests/setup_sshd_test:setup_sshd_interactive_openssh_nokey  ->  passed  [0.013s]
tests/setup_sshd_test:setup_sshd_interactive_openssh_nologin  ->  passed  [0.014s]
tests/setup_sshd_test:setup_sshd_interactive_openssh_prohibitpass  ->  passed  [0.018s]
tests/setup_sshd_test:setup_sshd_interactive_openssh_user_exist  ->  passed  [0.011s]
tests/setup_sshd_test:setup_sshd_openssh_c_compat  ->  passed  [0.010s]
tests/setup_sshd_test:setup_sshd_openssh_ftp  ->  passed  [0.017s]
tests/setup_sshd_test:setup_sshd_openssh_https  ->  passed  [0.015s]
tests/setup_sshd_test:setup_sshd_openssh_ssh_key  ->  passed  [0.022s]
tests/setup_sshd_test:setup_sshd_usage  ->  passed  [0.010s]
tests/setup_timezone_test:setup_timezone_install  ->  passed  [0.009s]
tests/setup_timezone_test:setup_timezone_copy  ->  passed  [0.011s]
tests/setup_timezone_test:setup_timezone_none  ->  passed  [0.006s]
tests/setup_timezone_test:setup_timezone_interactive  ->  passed  [0.015s]
tests/setup_timezone_test:setup_timezone_usage  ->  passed  [0.010s]
tests/setup_timezone_test:setup_timezone_z_compat  ->  passed  [0.015s]
tests/setup_user_test:setup_user_admin  ->  passed  [0.008s]
tests/setup_user_test:setup_user_fullname  ->  passed  [0.008s]
tests/setup_user_test:setup_user_groups_commas  ->  passed  [0.007s]
tests/setup_user_test:setup_user_groups_spaces  ->  passed  [0.009s]
tests/setup_user_test:setup_user_interactive  ->  passed  [0.007s]
tests/setup_user_test:setup_user_interactive_fullname  ->  passed  [0.008s]
tests/setup_user_test:setup_user_interactive_fullname_existing  ->  passed  [0.010s]
tests/setup_user_test:setup_user_interactive_no  ->  passed  [0.008s]
tests/setup_user_test:setup_user_interactive_singlename  ->  passed  [0.008s]
tests/setup_user_test:setup_user_interactive_suggest_ssh  ->  passed  [0.014s]
tests/setup_user_test:setup_user_keys_opt  ->  passed  [0.012s]
tests/setup_user_test:setup_user_none  ->  passed  [0.005s]
tests/setup_user_test:setup_user_unlock  ->  passed  [0.007s]
tests/setup_user_test:setup_user_usage  ->  passed  [0.011s]
tests/setup_wayland_base_test:setup_wayland_base  ->  passed  [0.032s]
tests/setup_wayland_base_test:setup_wayland_base_community_duplicates  ->  passed  [0.034s]
tests/setup_wayland_base_test:setup_wayland_base_usage  ->  passed  [0.008s]
tests/setup_xen_dom0_test:setup_xen_dom0  ->  passed  [0.017s]
tests/setup_xorg_base_test:setup_xorg_base  ->  passed  [0.027s]
tests/setup_xorg_base_test:setup_xorg_base_usage  ->  passed  [0.009s]
tests/setup_xorg_base_test:setup_xorg_base_community_duplicates  ->  passed  [0.032s]
tests/update_conf_test:update_conf_usage  ->  passed  [0.013s]
tests/update_kernel_test:update_kernel_arch  ->  passed  [0.012s]
tests/update_kernel_test:update_kernel_builddir_and_flavor  ->  passed  [0.012s]
tests/update_kernel_test:update_kernel_firmware  ->  skipped: The required program mksquashfs could not be found in the PATH  [0.004s]
tests/update_kernel_test:update_kernel_flavor  ->  passed  [0.012s]
tests/update_kernel_test:update_kernel_usage  ->  passed  [0.021s]
tests/setup_timezone_test:setup_timezone_SIGINT  ->  passed  [0.510s]
tests/setup_interfaces_test:setup_interfaces_auto_restart  ->  passed  [1.228s]
tests/setup_interfaces_test:setup_interfaces_auto_first  ->  passed  [1.230s]
tests/setup_interfaces_test:setup_interfaces_auto_single  ->  passed  [1.223s]
tests/setup_alpine_test:setup_alpine_answerfile_apkcache  ->  failed: atf-check failed; see the output of the test for details  [5.061s]
tests/setup_alpine_test:setup_alpine_answerfile_none  ->  passed  [5.061s]
tests/setup_alpine_test:setup_alpine_create_answerfile  ->  passed  [5.089s]
tests/setup_dns_test:setup_dns_ip  ->  passed  [5.013s]
tests/setup_dns_test:setup_dns_domain  ->  passed  [5.016s]
tests/setup_mta_test:setup_mta  ->  passed  [5.015s]
tests/setup_alpine_test:setup_alpine_restart_network  ->  passed  [6.257s]
tests/setup_alpine_test:setup_alpine_quick  ->  passed  [6.264s]
tests/setup_alpine_test:setup_alpine_answerfile_network  ->  passed  [6.275s]
tests/setup_alpine_test:setup_alpine_kvm_clock  ->  passed  [10.076s]

Results file id is tmp_src_alpine-conf-3.19.2.20250601-010601-121431
Results saved to /home/packager/.kyua/store/results.tmp_src_alpine-conf-3.19.2.20250601-010601-121431.db

204/207 passed (3 failed)
===> Execution context
Current directory: /tmp/src/alpine-conf-3.19.2
Environment variables:
    ABUILD_LAST_COMMIT=408a49af744062e3622b7ffd5e6b060a59f1eb0d
    ABUILD_USERDIR=/home/packager/.abuild
    BUILDCC=cc
    BUILDCFLAGS=-Os -fstack-clash-protection -Wformat -Werror=format-security -fno-plt
    BUILDCPPFLAGS=
    BUILDCXX=c++
    BUILDCXXFLAGS=-Os -fstack-clash-protection -Wformat -Werror=format-security -D_GLIBCXX_ASSERTIONS=1 -D_LIBCPP_ENABLE_THREAD_SAFETY_ANNOTATIONS=1 -D_LIBCPP_ENABLE_HARDENED_MODE=1 -fno-plt
    BUILDLD=ld
    BUILDLDFLAGS=-Wl,--as-needed,-O1,--sort-common -Wl,-z,pack-relative-relocs
    CARCH=x86_64
    CARGO_BUILD_JOBS=16
    CARGO_PROFILE_RELEASE_CODEGEN_UNITS=1
    CARGO_PROFILE_RELEASE_LTO=true
    CARGO_PROFILE_RELEASE_OPT_LEVEL=s
    CARGO_PROFILE_RELEASE_PANIC=abort
    CC=cc
    CFLAGS=-Os -fstack-clash-protection -Wformat -Werror=format-security -fno-plt
    CMAKE_BUILD_PARALLEL_LEVEL=16
    CTEST_NO_TESTS_ACTION=error
    CTEST_OUTPUT_ON_FAILURE=ON
    CTEST_PARALLEL_LEVEL=16
    CXX=c++
    CXXFLAGS=-Os -fstack-clash-protection -Wformat -Werror=format-security -D_GLIBCXX_ASSERTIONS=1 -D_LIBCPP_ENABLE_THREAD_SAFETY_ANNOTATIONS=1 -D_LIBCPP_ENABLE_HARDENED_MODE=1 -fno-plt
    DFLAGS=-Os
    FAKEROOTDONTTRYCHOWN=1
    GIT_CEILING_DIRECTORIES=/home/packager/oily-pine/main/alpine-conf
    GOFLAGS=-buildmode=pie -modcacherw -trimpath -buildvcs=false
    HOME=/home/packager
    JOBS=16
    LDFLAGS=-Wl,--as-needed,-O1,--sort-common -Wl,-z,pack-relative-relocs
    MAKEFLAGS= -j16 --jobserver-auth=fifo:/tmp/GMfifo123
    MAKELEVEL=1
    MFLAGS=-j16 --jobserver-auth=fifo:/tmp/GMfifo123
    OLDPWD=/tmp/src/alpine-conf-3.19.2
    PATH=/bin:/usr/bin:/sbin:/usr/sbin
    PERL_MM_USE_DEFAULT=1
    PWD=/tmp/src/alpine-conf-3.19.2
    REPODEST=/home/packager/packages/
    RUSTFLAGS= -Clink-arg=-Wl,-z,pack-relative-relocs
    SAMUFLAGS=-j16
    SHLVL=2
    SOURCE_DATE_EPOCH=1735740754
    SRCDEST=/var/cache/distfiles
    abuild_srcdir=/tmp/src
    git=/usr/bin/git
    pkgbasedir=/tmp/pkg
    tmpdir=/tmp/tmp
===> tests/setup_alpine_test:setup_alpine_answerfile_apkcache
Result:     failed: atf-check failed; see the output of the test for details
Start time: 2025-06-01T01:06:01.275917Z
End time:   2025-06-01T01:06:06.337231Z
Duration:   5.061s

Metadata:
    allowed_architectures is empty
    allowed_platforms is empty
    description is empty
    has_cleanup = false
    is_exclusive = false
    required_configs is empty
    required_disk_space = 0
    required_files is empty
    required_memory = 0
    required_programs is empty
    required_user is empty
    timeout = 300

Standard output:
Executing command [ setup-alpine -e -f opts ]

Standard error:
Fail: stderr not empty
--- /dev/null
+++ /tmp/kyua.HiKbph/80/work/check.kBNfmp/stderr
@@ -0,0 +1,2 @@
+Illegal option -o
+fake mount not implemented: -o remount,rw /
Files left in work directory after failure: etc, opts, run
===> tests/setup_apkcache_test:setup_apkcache_abspath
Result:     failed: atf-check failed; see the output of the test for details
Start time: 2025-06-01T01:06:01.287714Z
End time:   2025-06-01T01:06:01.310124Z
Duration:   0.022s

Metadata:
    allowed_architectures is empty
    allowed_platforms is empty
    description is empty
    has_cleanup = false
    is_exclusive = false
    required_configs is empty
    required_disk_space = 0
    required_files is empty
    required_memory = 0
    required_programs is empty
    required_user is empty
    timeout = 300

Standard output:
Executing command [ setup-apkcache /media/LABEL=APKOVL/cache ]

Standard error:
Fail: incorrect exit status: 1, expected: 0
stdout:

stderr:
Illegal option -o
fake mount not implemented: -o remount,rw /

===> tests/setup_apkcache_test:setup_apkcache_relpath_with_slash
Result:     failed: atf-check failed; see the output of the test for details
Start time: 2025-06-01T01:06:01.289121Z
End time:   2025-06-01T01:06:01.312308Z
Duration:   0.023s

Metadata:
    allowed_architectures is empty
    allowed_platforms is empty
    description is empty
    has_cleanup = false
    is_exclusive = false
    required_configs is empty
    required_disk_space = 0
    required_files is empty
    required_memory = 0
    required_programs is empty
    required_user is empty
    timeout = 300

Standard output:
Executing command [ setup-apkcache media/LABEL=APKOVL/cache ]

Standard error:
Fail: incorrect exit status: 1, expected: 0
stdout:

stderr:
Illegal option -o
fake mount not implemented: -o remount,rw /

===> tests/setup_sshd_test:setup_sshd_interactive_openssh_direct_key
Result:     skipped: The required program ssh-keygen could not be found in the PATH
Start time: 2025-06-01T01:06:02.040138Z
End time:   2025-06-01T01:06:02.045964Z
Duration:   0.006s

Metadata:
    allowed_architectures is empty
    allowed_platforms is empty
    description is empty
    has_cleanup = false
    is_exclusive = false
    required_configs is empty
    required_disk_space = 0
    required_files is empty
    required_memory = 0
    required_programs is empty
    required_user is empty
    timeout = 300
===> tests/update_kernel_test:update_kernel_firmware
Result:     skipped: The required program mksquashfs could not be found in the PATH
Start time: 2025-06-01T01:06:02.318219Z
End time:   2025-06-01T01:06:02.321984Z
Duration:   0.004s

Metadata:
    allowed_architectures is empty
    allowed_platforms is empty
    description is empty
    has_cleanup = false
    is_exclusive = false
    required_configs is empty
    required_disk_space = 0
    required_files is empty
    required_memory = 0
    required_programs is empty
    required_user is empty
    timeout = 300
===> Skipped tests
tests/setup_sshd_test:setup_sshd_interactive_openssh_direct_key  ->  skipped: The required program ssh-keygen could not be found in the PATH  [0.006s]
tests/update_kernel_test:update_kernel_firmware  ->  skipped: The required program mksquashfs could not be found in the PATH  [0.004s]
===> Failed tests
tests/setup_alpine_test:setup_alpine_answerfile_apkcache  ->  failed: atf-check failed; see the output of the test for details  [5.061s]
tests/setup_apkcache_test:setup_apkcache_abspath  ->  failed: atf-check failed; see the output of the test for details  [0.022s]
tests/setup_apkcache_test:setup_apkcache_relpath_with_slash  ->  failed: atf-check failed; see the output of the test for details  [0.023s]
===> Summary
Results read from /home/packager/.kyua/store/results.tmp_src_alpine-conf-3.19.2.20250601-010601-121431.db
Test cases: 207 total, 2 skipped, 0 expected failures, 0 broken, 3 failed
Start time: 2025-06-01T01:06:01.131936Z
End time:   2025-06-01T01:06:11.354801Z
Total time: 69.550s
make: *** [Makefile:121: check] Error 1
>>> ERROR: alpine-conf: check failed
>>> ERROR: alpine-conf: rootbld failed
>>> alpine-conf: Cleaning up build chroot
