pigz: not found
>>> perl-crypt-x509: Building main/perl-crypt-x509 0.55-r1 (using abuild 3.14.1-r4) started Sat, 17 May 2025 06:01:31 +0000
>>> perl-crypt-x509: Validating /home/packager/aports/main/perl-crypt-x509/APKBUILD...
>>> perl-crypt-x509: Analyzing dependencies...
>>> perl-crypt-x509: Installing for build: build-base perl perl-convert-asn1 perl-dev
fetch https://dl-cdn.alpinelinux.org/alpine/v3.21/main/x86_64/APKINDEX.tar.gz
fetch https://dl-cdn.alpinelinux.org/alpine/v3.21/community/x86_64/APKINDEX.tar.gz
(1/9) Installing libbz2 (1.0.8-r6)
(2/9) Installing perl (5.40.2-r0)
(3/9) Installing perl-convert-asn1 (0.34-r0)
(4/9) Installing perl-utils (5.40.2-r0)
(5/9) Installing perl-dev (5.40.2-r0)
(6/9) Installing .makedepends-perl-crypt-x509 (20250517.060136)
(7/9) Installing perl-error (0.17029-r2)
(8/9) Installing perl-git (2.47.2-r0)
(9/9) Installing git-perl (2.47.2-r0)
Executing busybox-1.37.0-r12.trigger
OK: 305 MiB in 83 packages
>>> perl-crypt-x509: Cleaning up srcdir
>>> perl-crypt-x509: Cleaning up pkgdir
>>> perl-crypt-x509: Cleaning up tmpdir
>>> perl-crypt-x509: Fetching https://cpan.metacpan.org/authors/id/M/MR/MRSCOTTY/Crypt-X509-0.55.tar.gz
Connecting to cpan.metacpan.org (146.75.122.217:443)
saving to '/var/cache/distfiles/Crypt-X509-0.55.tar.gz.part'
Crypt-X509-0.55.tar. 100% |********************************| 21162  0:00:00 ETA
'/var/cache/distfiles/Crypt-X509-0.55.tar.gz.part' saved
>>> perl-crypt-x509: Fetching https://cpan.metacpan.org/authors/id/M/MR/MRSCOTTY/Crypt-X509-0.55.tar.gz
>>> perl-crypt-x509: Checking sha512sums...
Crypt-X509-0.55.tar.gz: OK
>>> perl-crypt-x509: Unpacking /var/cache/distfiles/Crypt-X509-0.55.tar.gz...
tar: Ignoring unknown extended header keyword 'LIBARCHIVE.xattr.com.apple.lastuseddate#PS'
tar: Ignoring unknown extended header keyword 'LIBARCHIVE.xattr.com.apple.lastuseddate#PS'
Checking if your kit is complete...
Warning: the following files are missing in your kit:
	t/Crypt-X509.t
Please inform the author.
Generating a Unix-style Makefile
Writing Makefile for Crypt::X509
Writing MYMETA.yml and MYMETA.json
cp lib/Crypt/X509.pm blib/lib/Crypt/X509.pm
Manifying 1 pod document
PERL_DL_NONLAZY=1 "/usr/bin/perl" "-MExtUtils::Command::MM" "-MTest::Harness" "-e" "undef *Test::Harness::Switches; test_harness(0, 'blib/lib', 'blib/arch')" t/*.t
Files=0, Tests=0,  0 wallclock secs ( 0.00 usr +  0.00 sys =  0.00 CPU)
Result: NOTESTS
>>> perl-crypt-x509: Entering fakeroot...
Manifying 1 pod document
Appending installation info to /home/packager/aports/main/perl-crypt-x509/pkg/perl-crypt-x509/usr/lib/perl5/core_perl/perllocal.pod
Installing /home/packager/aports/main/perl-crypt-x509/pkg/perl-crypt-x509/usr/share/perl5/vendor_perl/Crypt/X509.pm
Installing /home/packager/aports/main/perl-crypt-x509/pkg/perl-crypt-x509/usr/share/man/man3/Crypt::X509.3pm
>>> perl-crypt-x509-doc*: Running split function doc...
'usr/share/man' -> '/home/packager/aports/main/perl-crypt-x509/pkg/perl-crypt-x509-doc/usr/share/man'
>>> perl-crypt-x509-doc*: Preparing subpackage perl-crypt-x509-doc...
>>> perl-crypt-x509-doc*: Running postcheck for perl-crypt-x509-doc
>>> perl-crypt-x509*: Running postcheck for perl-crypt-x509
>>> perl-crypt-x509*: Preparing package perl-crypt-x509...
>>> perl-crypt-x509-doc*: Tracing dependencies...
>>> perl-crypt-x509-doc*: Package size: 5.3 KB
>>> perl-crypt-x509-doc*: Compressing data...
>>> perl-crypt-x509-doc*: Create checksum...
pigz: not found
>>> perl-crypt-x509-doc*: Create perl-crypt-x509-doc-0.55-r1.apk
>>> perl-crypt-x509*: Tracing dependencies...
	perl
	perl-convert-asn1
>>> perl-crypt-x509*: Package size: 52.8 KB
>>> perl-crypt-x509*: Compressing data...
>>> perl-crypt-x509*: Create checksum...
pigz: not found
>>> perl-crypt-x509*: Create perl-crypt-x509-0.55-r1.apk
>>> perl-crypt-x509: Build complete at Sat, 17 May 2025 06:01:39 +0000 elapsed time 0h 0m 8s
>>> perl-crypt-x509: Cleaning up srcdir
>>> perl-crypt-x509: Cleaning up pkgdir
>>> perl-crypt-x509: Uninstalling dependencies...
(1/9) Purging .makedepends-perl-crypt-x509 (20250517.060136)
(2/9) Purging perl-convert-asn1 (0.34-r0)
(3/9) Purging perl-dev (5.40.2-r0)
(4/9) Purging perl-utils (5.40.2-r0)
(5/9) Purging git-perl (2.47.2-r0)
(6/9) Purging perl-git (2.47.2-r0)
(7/9) Purging perl-error (0.17029-r2)
(8/9) Purging perl (5.40.2-r0)
(9/9) Purging libbz2 (1.0.8-r6)
Executing busybox-1.37.0-r12.trigger
OK: 259 MiB in 74 packages
>>> perl-crypt-x509: Updating the main/x86_64 repository index...
>>> perl-crypt-x509: Signing the index...
pigz: not found
