>>> libarchive: Validating /home/packager/oily-pine/main/libarchive/APKBUILD...
>>> libarchive: Cleaning up srcdir
>>> libarchive: Cleaning up pkgdir
>>> libarchive: Cleaning up tmpdir
>>> libarchive: Fetching https://libarchive.org/downloads/libarchive-3.7.9.tar.xz
  % Total    % Received % Xferd  Average Speed   Time    Time     Time  Current
                                 Dload  Upload   Total   Spent    Left  Speed
  0     0    0     0    0     0      0      0 --:--:-- --:--:-- --:--:--     0  0     0    0     0    0     0      0      0 --:--:-- --:--:-- --:--:--     0100 5365k  100 5365k    0     0  10.0M      0 --:--:-- --:--:-- --:--:-- 10.0M
>>> libarchive: Fetching https://libarchive.org/downloads/libarchive-3.7.9.tar.xz
>>> libarchive: Checking sha512sums...
libarchive-3.7.9.tar.xz: OK
>>> libarchive: Preparing build chroot...
fetch http://dl-cdn.alpinelinux.org/alpine/edge/main/x86_64/APKINDEX.tar.gz
(1/85) Installing musl (1.2.5-r10)
(2/85) Installing libcrypto3 (3.5.0-r0)
(3/85) Installing ca-certificates-bundle (20241121-r2)
(4/85) Installing libssl3 (3.5.0-r0)
(5/85) Installing zlib (1.3.1-r2)
(6/85) Installing libapk2 (2.14.9-r2)
(7/85) Installing apk-tools (2.14.9-r2)
(8/85) Installing libcap2 (2.76-r0)
(9/85) Installing libcap-getcap (2.76-r0)
(10/85) Installing fakeroot (1.37.1.1-r0)
(11/85) Installing scanelf (1.3.8-r1)
(12/85) Installing musl-utils (1.2.5-r10)
(13/85) Installing libgcc (14.3.0-r0)
(14/85) Installing libstdc++ (14.3.0-r0)
(15/85) Installing lzip (1.25-r0)
(16/85) Installing openssl (3.5.0-r0)
(17/85) Installing patch (2.8-r0)
(18/85) Installing pkgconf (2.4.3-r0)
(19/85) Installing acl-libs (2.3.2-r1)
(20/85) Installing tar (1.35-r3)
(21/85) Installing busybox (1.37.0-r18)
Executing busybox-1.37.0-r18.post-install
(22/85) Installing ssl_client (1.37.0-r18)
(23/85) Installing busybox-binsh (1.37.0-r18)
(24/85) Installing abuild (3.15.0-r0)
Executing abuild-3.15.0-r0.pre-install
(25/85) Installing abuild-sudo (3.15.0-r0)
(26/85) Installing acl-dev (2.3.2-r1)
(27/85) Installing alpine-baselayout-data (3.7.0-r0)
(28/85) Installing alpine-baselayout (3.7.0-r0)
Executing alpine-baselayout-3.7.0-r0.pre-install
Executing alpine-baselayout-3.7.0-r0.post-install
(29/85) Installing bridge (1.5-r5)
(30/85) Installing ifupdown-ng (0.12.1-r7)
(31/85) Installing openrc-user (0.62.2-r2)
(32/85) Installing openrc (0.62.2-r2)
Executing openrc-0.62.2-r2.post-install
(33/85) Installing mdev-conf (4.8-r0)
(34/85) Installing busybox-mdev-openrc (1.37.0-r18)
(35/85) Installing alpine-conf (3.20.0-r0)
(36/85) Installing alpine-keys (2.5-r0)
(37/85) Installing alpine-release (3.22.0-r0)
(38/85) Installing busybox-openrc (1.37.0-r18)
(39/85) Installing busybox-suid (1.37.0-r18)
(40/85) Installing alpine-base (3.22.0-r0)
(41/85) Installing libattr (2.5.2-r2)
(42/85) Installing attr-dev (2.5.2-r2)
(43/85) Installing bsd-compat-headers (0.7.2-r6)
(44/85) Installing jansson (2.14.1-r0)
(45/85) Installing zstd-libs (1.5.7-r0)
(46/85) Installing binutils (2.44-r0)
(47/85) Installing libmagic (5.46-r2)
(48/85) Installing file (5.46-r2)
(49/85) Installing libgomp (14.3.0-r0)
(50/85) Installing libatomic (14.3.0-r0)
(51/85) Installing gmp (6.3.0-r3)
(52/85) Installing isl26 (0.26-r1)
(53/85) Installing mpfr4 (4.2.1_p1-r0)
(54/85) Installing mpc1 (1.3.1-r1)
(55/85) Installing gcc (14.3.0-r0)
(56/85) Installing libstdc++-dev (14.3.0-r0)
(57/85) Installing musl-dev (1.2.5-r10)
(58/85) Installing g++ (14.3.0-r0)
(59/85) Installing make (4.4.1-r3)
(60/85) Installing fortify-headers (1.1-r5)
(61/85) Installing build-base (0.5-r3)
(62/85) Installing libbz2 (1.0.8-r6)
(63/85) Installing bzip2-dev (1.0.8-r6)
(64/85) Installing libexpat (2.7.1-r0)
(65/85) Installing expat (2.7.1-r0)
(66/85) Installing expat-dev (2.7.1-r0)
(67/85) Installing brotli-libs (1.1.0-r2)
(68/85) Installing c-ares (1.34.5-r0)
(69/85) Installing libunistring (1.3-r0)
(70/85) Installing libidn2 (2.3.7-r0)
(71/85) Installing nghttp2-libs (1.65.0-r0)
(72/85) Installing libpsl (0.21.5-r3)
(73/85) Installing libcurl (8.14.0-r2)
(74/85) Installing pcre2 (10.43-r1)
(75/85) Installing git (2.49.0-r0)
(76/85) Installing git-init-template (2.49.0-r0)
(77/85) Installing lz4-libs (1.10.0-r0)
(78/85) Installing lz4-dev (1.10.0-r0)
(79/85) Installing openssl-dev (3.5.0-r0)
(80/85) Installing xz-libs (5.8.1-r0)
(81/85) Installing xz (5.8.1-r0)
(82/85) Installing xz-dev (5.8.1-r0)
(83/85) Installing zlib-dev (1.3.1-r2)
(84/85) Installing zstd (1.5.7-r0)
(85/85) Installing zstd-dev (1.5.7-r0)
Executing busybox-1.37.0-r18.trigger
OK: 264 MiB in 85 packages
>>> libarchive: Fetching https://libarchive.org/downloads/libarchive-3.7.9.tar.xz
>>> libarchive: Checking sha512sums...
libarchive-3.7.9.tar.xz: OK
>>> libarchive: Unpacking /var/cache/distfiles/libarchive-3.7.9.tar.xz...
checking for a BSD-compatible install... /usr/bin/install -c
checking whether build environment is sane... yes
checking for a race-free mkdir -p... ./build/autoconf/install-sh -c -d
checking for gawk... no
checking for mawk... no
checking for nawk... no
checking for awk... awk
checking whether make sets $(MAKE)... yes
checking whether make supports nested variables... yes
checking whether to enable maintainer-specific portions of Makefiles... yes
checking whether make supports nested variables... (cached) yes
checking build system type... x86_64-alpine-linux-musl
checking host system type... x86_64-alpine-linux-musl
checking for x86_64-alpine-linux-musl-gcc... cc
checking whether the C compiler works... yes
checking for C compiler default output file name... a.out
checking for suffix of executables... 
checking whether we are cross compiling... no
checking for suffix of object files... o
checking whether the compiler supports GNU C... yes
checking whether cc accepts -g... yes
checking for cc option to enable C11 features... none needed
checking whether cc understands -c and -o together... yes
checking whether make supports the include directive... yes (GNU style)
checking dependency style of cc... gcc3
checking how to run the C preprocessor... cc -E
checking for stdio.h... yes
checking for stdlib.h... yes
checking for string.h... yes
checking for inttypes.h... yes
checking for stdint.h... yes
checking for strings.h... yes
checking for sys/stat.h... yes
checking for sys/types.h... yes
checking for unistd.h... yes
checking for wchar.h... yes
checking for minix/config.h... no
checking for sys/time.h... yes
checking whether it is safe to define __EXTENSIONS__... yes
checking whether _XOPEN_SOURCE should be defined... no
checking how to print strings... printf
checking for a sed that does not truncate output... /bin/sed
checking for grep that handles long lines and -e... /bin/grep
checking for egrep... /bin/grep -E
checking for fgrep... /bin/grep -F
checking for ld used by cc... /usr/x86_64-alpine-linux-musl/bin/ld
checking if the linker (/usr/x86_64-alpine-linux-musl/bin/ld) is GNU ld... yes
checking for BSD- or MS-compatible name lister (nm)... /usr/bin/nm -B
checking the name lister (/usr/bin/nm -B) interface... BSD nm
checking whether ln -s works... yes
checking the maximum length of command line arguments... 98304
checking how to convert x86_64-alpine-linux-musl file names to x86_64-alpine-linux-musl format... func_convert_file_noop
checking how to convert x86_64-alpine-linux-musl file names to toolchain format... func_convert_file_noop
checking for /usr/x86_64-alpine-linux-musl/bin/ld option to reload object files... -r
checking for x86_64-alpine-linux-musl-file... no
checking for file... file
checking for x86_64-alpine-linux-musl-objdump... no
checking for objdump... objdump
checking how to recognize dependent libraries... pass_all
checking for x86_64-alpine-linux-musl-dlltool... no
checking for dlltool... no
checking how to associate runtime and link libraries... printf %s\n
checking for x86_64-alpine-linux-musl-ar... no
checking for ar... ar
checking for archiver @FILE support... @
checking for x86_64-alpine-linux-musl-strip... no
checking for strip... strip
checking for x86_64-alpine-linux-musl-ranlib... no
checking for ranlib... ranlib
checking command to parse /usr/bin/nm -B output from cc object... ok
checking for sysroot... no
checking for a working dd... /bin/dd
checking how to truncate binary pipes... /bin/dd bs=4096 count=1
checking for x86_64-alpine-linux-musl-mt... no
checking for mt... no
checking if : is a manifest tool... no
checking for dlfcn.h... yes
checking for objdir... .libs
checking if cc supports -fno-rtti -fno-exceptions... no
checking for cc option to produce PIC... -fPIC -DPIC
checking if cc PIC flag -fPIC -DPIC works... yes
checking if cc static flag -static works... yes
checking if cc supports -c -o file.o... yes
checking if cc supports -c -o file.o... (cached) yes
checking whether the cc linker (/usr/x86_64-alpine-linux-musl/bin/ld -m elf_x86_64) supports shared libraries... yes
checking whether -lc should be explicitly linked in... no
checking dynamic linker characteristics... GNU/Linux ld.so
checking how to hardcode library paths into programs... immediate
checking whether stripping libraries is possible... yes
checking if libtool supports shared libraries... yes
checking whether to build shared libraries... yes
checking whether to build static libraries... yes
checking for x86_64-alpine-linux-musl-strip... strip
checking for dirent.h that defines DIR... yes
checking for library containing opendir... none required
checking for sys/wait.h that is POSIX.1 compatible... yes
checking for acl/libacl.h... yes
checking for attr/xattr.h... no
checking for copyfile.h... no
checking for ctype.h... yes
checking for errno.h... yes
checking for ext2fs/ext2_fs.h... no
checking for fcntl.h... yes
checking for fnmatch.h... yes
checking for grp.h... yes
checking whether EXT2_IOC_GETFLAGS is usable... no
checking for inttypes.h... (cached) yes
checking for io.h... no
checking for langinfo.h... yes
checking for limits.h... yes
checking for linux/fiemap.h... no
checking for linux/fs.h... no
checking for linux/magic.h... no
checking for linux/types.h... no
checking whether FS_IOC_GETFLAGS is usable... no
checking for locale.h... yes
checking for membership.h... no
checking for paths.h... yes
checking for poll.h... yes
checking for pthread.h... yes
checking for pwd.h... yes
checking for readpassphrase.h... no
checking for signal.h... yes
checking for spawn.h... yes
checking for stdarg.h... yes
checking for stdint.h... (cached) yes
checking for stdlib.h... (cached) yes
checking for string.h... (cached) yes
checking for sys/acl.h... yes
checking for sys/cdefs.h... yes
checking for sys/ea.h... no
checking for sys/extattr.h... no
checking for sys/ioctl.h... yes
checking for sys/mkdev.h... no
checking for sys/mount.h... yes
checking for sys/param.h... yes
checking for sys/poll.h... yes
checking for sys/richacl.h... no
checking for sys/select.h... yes
checking for sys/statfs.h... yes
checking for sys/statvfs.h... yes
checking for sys/sysmacros.h... yes
checking for sys/time.h... (cached) yes
checking for sys/utime.h... no
checking for sys/utsname.h... yes
checking for sys/vfs.h... yes
checking for sys/xattr.h... yes
checking for time.h... yes
checking for unistd.h... (cached) yes
checking for utime.h... yes
checking for wchar.h... (cached) yes
checking for wctype.h... yes
checking for suseconds_t... yes
checking for windows.h... no
checking for wincrypt.h... no
checking for winioctl.h... no
found a suitable version of zlib (>= 1.2.1)
checking for bzlib.h... yes
checking for BZ2_bzDecompressInit in -lbz2... yes
checking for blake2.h... no
checking for blake2sp_init in -lb2... no
checking for ld used by GCC... /usr/x86_64-alpine-linux-musl/bin/ld -m elf_x86_64
checking if the linker (/usr/x86_64-alpine-linux-musl/bin/ld -m elf_x86_64) is GNU ld... yes
checking for shared library run path origin... done
checking for iconv... yes
checking for working iconv... yes
checking for iconv declaration... 
         extern size_t iconv (iconv_t cd, char * *inbuf, size_t *inbytesleft, char * *outbuf, size_t *outbytesleft);
checking for iconv.h... yes
checking for localcharset.h... no
checking for locale_charset... no
checking for locale_charset in -lcharset... no
checking for lz4.h... yes
checking for lz4hc.h... yes
checking for LZ4_decompress_safe in -llz4... yes
checking for zstd.h... yes
checking for ZSTD_decompressStream in -lzstd... yes
checking for ZSTD_compressStream in -lzstd... yes
checking for x86_64-alpine-linux-musl-pkg-config... no
checking for pkg-config... /usr/bin/pkg-config
checking pkg-config is at least version 0.9.0... yes
checking for liblzma... yes
checking for lzma.h... yes
checking whether we have multithread support in lzma... yes
checking for expat.h... yes
checking for XML_ParserCreate in -lexpat... yes
checking for regex.h... yes
checking for regcomp... yes
checking whether C compiler accepts -Wall... yes
checking whether C compiler accepts -Wformat... yes
checking whether C compiler accepts -Wformat-security... yes
checking whether ld supports --gc-sections... yes
checking whether C compiler accepts -ffunction-sections... yes
checking whether C compiler accepts -fdata-sections... yes
checking for an ANSI C-conforming const... yes
checking for uid_t in sys/types.h... yes
checking for mode_t... yes
checking for off_t... yes
checking for size_t... yes
checking for id_t... yes
checking for uintptr_t... yes
checking for struct tm.tm_gmtoff... yes
checking for struct tm.__tm_gmtoff... yes
checking for struct statfs.f_namemax... no
checking for struct statfs.f_iosize... no
checking for struct statvfs.f_iosize... no
checking for struct stat.st_birthtime... no
checking for struct stat.st_birthtimespec.tv_nsec... no
checking for struct stat.st_mtimespec.tv_nsec... no
checking for struct stat.st_mtim.tv_nsec... yes
checking for struct stat.st_mtime_n... no
checking for struct stat.st_umtime... no
checking for struct stat.st_mtime_usec... no
checking for struct stat.st_blksize... yes
checking for struct stat.st_flags... no
checking for uintmax_t... yes
checking for unsigned long long... yes
checking for unsigned long long int... yes
checking for long long int... yes
checking for intmax_t... yes
checking for uintmax_t... (cached) yes
checking for int64_t... yes
checking for uint64_t... yes
checking for int32_t... yes
checking for uint32_t... yes
checking for int16_t... yes
checking for uint16_t... yes
checking for uint8_t... yes
checking for cc options needed to detect all undeclared functions... none needed
checking whether SIZE_MAX is declared... yes
checking whether INT32_MAX is declared... yes
checking whether INT32_MIN is declared... yes
checking whether INT64_MAX is declared... yes
checking whether INT64_MIN is declared... yes
checking whether UINT64_MAX is declared... yes
checking whether UINT32_MAX is declared... yes
checking whether INTMAX_MAX is declared... yes
checking whether INTMAX_MIN is declared... yes
checking whether UINTMAX_MAX is declared... yes
checking whether SSIZE_MAX is declared... yes
checking whether EFTYPE is declared... no
checking whether EILSEQ is declared... yes
checking for wchar_t... yes
checking size of wchar_t... 4
checking size of int... 4
checking size of long... 8
checking for sys/mkdev.h... (cached) no
checking for sys/sysmacros.h... (cached) yes
checking for _LARGEFILE_SOURCE value needed for large files... no
checking for working memcmp... yes
checking whether lstat correctly handles trailing slash... yes
checking whether lstat accepts an empty string... no
checking whether stat accepts an empty string... no
checking whether strerror_r is declared... yes
checking whether strerror_r returns char *... no
checking for strftime... yes
checking for vprintf... yes
checking for CreateHardLinkA... no
checking for arc4random_buf... no
checking for chflags... no
checking for chown... yes
checking for chroot... yes
checking for ctime_r... yes
checking for fchdir... yes
checking for fchflags... no
checking for fchmod... yes
checking for fchown... yes
checking for fcntl... yes
checking for fdopendir... yes
checking for fnmatch... yes
checking for fork... yes
checking for fstat... yes
checking for fstatat... yes
checking for fstatfs... yes
checking for fstatvfs... yes
checking for ftruncate... yes
checking for futimens... yes
checking for futimes... yes
checking for futimesat... yes
checking for geteuid... yes
checking for getline... yes
checking for getpid... yes
checking for getgrgid_r... yes
checking for getgrnam_r... yes
checking for getpwnam_r... yes
checking for getpwuid_r... yes
checking for getvfsbyname... no
checking for gmtime_r... yes
checking for lchflags... no
checking for lchmod... yes
checking for lchown... yes
checking for link... yes
checking for linkat... yes
checking for localtime_r... yes
checking for lstat... yes
checking for lutimes... yes
checking for mbrtowc... yes
checking for memmove... yes
checking for memset... yes
checking for mkdir... yes
checking for mkfifo... yes
checking for mknod... yes
checking for mkstemp... yes
checking for nl_langinfo... yes
checking for openat... yes
checking for pipe... yes
checking for poll... yes
checking for posix_spawnp... yes
checking for readlink... yes
checking for readlinkat... yes
checking for readpassphrase... no
checking for select... yes
checking for setenv... yes
checking for setlocale... yes
checking for sigaction... yes
checking for statfs... yes
checking for statvfs... yes
checking for strchr... yes
checking for strdup... yes
checking for strerror... yes
checking for strncpy_s... no
checking for strnlen... yes
checking for strrchr... yes
checking for symlink... yes
checking for sysconf... yes
checking for tcgetattr... yes
checking for tcsetattr... yes
checking for timegm... yes
checking for tzset... yes
checking for unlinkat... yes
checking for unsetenv... yes
checking for utime... yes
checking for utimensat... yes
checking for utimes... yes
checking for vfork... yes
checking for wcrtomb... yes
checking for wcscmp... yes
checking for wcscpy... yes
checking for wcslen... yes
checking for wctomb... yes
checking for wmemcmp... yes
checking for wmemcpy... yes
checking for wmemmove... yes
checking for _fseeki64... no
checking for _get_timezone... no
checking whether cmtime_s is declared... no
checking whether gmtime_s is declared... no
checking for localtime_s... no
checking whether _mkgmtime is declared... no
checking for cygwin_conv_path... no
checking for struct vfsconf... no
checking for struct xvfsconf... no
checking for struct statfs... no
checking whether D_MD_ORDER is declared... no
checking for struct dirent.d_namlen... no
checking for library containing setxattr... none required
checking whether EXTATTR_NAMESPACE_USER is declared... no
checking whether XATTR_NOFOLLOW is declared... no
checking for fgetxattr... yes
checking for flistxattr... yes
checking for fsetxattr... yes
checking for getxattr... yes
checking for lgetxattr... yes
checking for listxattr... yes
checking for llistxattr... yes
checking for lsetxattr... yes
checking for extended attributes support... Linux
checking for acl_get_file in -lacl... yes
checking for acl_t... yes
checking for acl_entry_t... yes
checking for acl_permset_t... yes
checking for acl_tag_t... yes
checking for richacl_get_file in -lrichacl... no
checking for struct richace... no
checking for struct richacl... no
checking for acl... no
checking for facl... no
checking for acl_add_perm... yes
checking for acl_clear_perms... yes
checking for acl_create_entry... yes
checking for acl_delete_def_file... yes
checking for acl_free... yes
checking for acl_get_entry... yes
checking for acl_get_fd... yes
checking for acl_get_file... yes
checking for acl_get_permset... yes
checking for acl_get_qualifier... yes
checking for acl_get_tag_type... yes
checking for acl_init... yes
checking for acl_set_fd... yes
checking for acl_set_file... yes
checking for acl_set_qualifier... yes
checking for acl_set_tag_type... yes
checking for acl_get_perm... yes
checking for ACL support... libacl (POSIX.1e)
checking for special C compiler options needed for large files... no
checking for _FILE_OFFSET_BITS value needed for large files... no
checking support for ARCHIVE_CRYPTO_MD5_LIBC... no
checking support for ARCHIVE_CRYPTO_MD5_LIBSYSTEM... no
checking support for ARCHIVE_CRYPTO_RMD160_LIBC... no
checking support for ARCHIVE_CRYPTO_SHA1_LIBC... no
checking support for ARCHIVE_CRYPTO_SHA1_LIBSYSTEM... no
checking support for ARCHIVE_CRYPTO_SHA256_LIBC... no
checking support for ARCHIVE_CRYPTO_SHA256_LIBC2... no
checking support for ARCHIVE_CRYPTO_SHA256_LIBC3... no
checking support for ARCHIVE_CRYPTO_SHA256_LIBSYSTEM... no
checking support for ARCHIVE_CRYPTO_SHA384_LIBC... no
checking support for ARCHIVE_CRYPTO_SHA384_LIBC2... no
checking support for ARCHIVE_CRYPTO_SHA384_LIBC3... no
checking support for ARCHIVE_CRYPTO_SHA384_LIBSYSTEM... no
checking support for ARCHIVE_CRYPTO_SHA512_LIBC... no
checking support for ARCHIVE_CRYPTO_SHA512_LIBC2... no
checking support for ARCHIVE_CRYPTO_SHA512_LIBC3... no
checking support for ARCHIVE_CRYPTO_SHA512_LIBSYSTEM... no
checking for bcrypt.h... no
checking for openssl/evp.h... yes
checking for OPENSSL_config in -lcrypto... yes
checking support for ARCHIVE_CRYPTO_MD5_OPENSSL... yes
checking support for ARCHIVE_CRYPTO_RMD160_OPENSSL... yes
checking support for ARCHIVE_CRYPTO_SHA1_OPENSSL... yes
checking support for ARCHIVE_CRYPTO_SHA256_OPENSSL... yes
checking support for ARCHIVE_CRYPTO_SHA384_OPENSSL... yes
checking support for ARCHIVE_CRYPTO_SHA512_OPENSSL... yes
checking for PKCS5_PBKDF2_HMAC_SHA1... yes
checking for md5.h... no
checking for ripemd.h... no
checking for sha.h... no
checking for sha256.h... no
checking for sha512.h... no
checking for MD5Init in -lmd... no
checking whether compiler supports visibility annotations... yes
checking that generated files are newer than configure... done
configure: creating ./config.status
config.status: creating Makefile
config.status: creating build/pkgconfig/libarchive.pc
config.status: creating config.h
config.status: executing depfiles commands
config.status: executing libtool commands
config.status: executing mkdirs commands
./build/autoconf/install-sh -c -d libarchive/test
./build/autoconf/install-sh -c -d tar/test
./build/autoconf/install-sh -c -d cpio/test
./build/autoconf/install-sh -c -d cat/test
cat ./libarchive/test/test_*.c | grep '^DEFINE_TEST' > libarchive/test/list.h
./build/autoconf/install-sh -c -d unzip/test
cat ./cpio/test/test_*.c | grep '^DEFINE_TEST' > cpio/test/list.h
cat ./tar/test/test_*.c | grep '^DEFINE_TEST' > tar/test/list.h
cat ./unzip/test/test_*.c | grep '^DEFINE_TEST' > unzip/test/list.h
cat ./cat/test/test_*.c | grep '^DEFINE_TEST' > cat/test/list.h
make  all-am
make[1]: Entering directory '/tmp/src/libarchive-3.7.9'
  CC       tar/bsdtar-bsdtar.o
  CC       tar/bsdtar-cmdline.o
  CC       tar/bsdtar-creation_set.o
  CC       tar/bsdtar-read.o
  CC       tar/bsdtar-subst.o
  CC       tar/bsdtar-write.o
  CC       tar/bsdtar-util.o
  CC       libarchive/archive_acl.lo
  CC       libarchive/archive_check_magic.lo
  CC       libarchive/archive_cmdline.lo
  CC       libarchive/archive_cryptor.lo
  CC       libarchive/archive_digest.lo
  CC       libarchive/archive_entry.lo
  CC       libarchive/archive_entry_copy_stat.lo
  CC       libarchive/archive_entry_link_resolver.lo
  CC       libarchive/archive_entry_sparse.lo
  CC       libarchive/archive_entry_stat.lo
  CC       libarchive/archive_entry_strmode.lo
  CC       libarchive/archive_entry_xattr.lo
  CC       libarchive/archive_getdate.lo
  CC       libarchive/archive_hmac.lo
  CC       libarchive/archive_match.lo
  CC       libarchive/archive_options.lo
  CC       libarchive/archive_pack_dev.lo
  CC       libarchive/archive_pathmatch.lo
  CC       libarchive/archive_ppmd7.lo
  CC       libarchive/archive_ppmd8.lo
  CC       libarchive/archive_random.lo
  CC       libarchive/archive_rb.lo
  CC       libarchive/archive_read.lo
  CC       libarchive/archive_read_add_passphrase.lo
  CC       libarchive/archive_read_append_filter.lo
  CC       libarchive/archive_read_data_into_fd.lo
  CC       libarchive/archive_read_disk_entry_from_file.lo
  CC       libarchive/archive_read_disk_posix.lo
  CC       libarchive/archive_read_disk_set_standard_lookup.lo
  CC       libarchive/archive_read_extract.lo
  CC       libarchive/archive_read_extract2.lo
  CC       libarchive/archive_read_open_fd.lo
  CC       libarchive/archive_read_open_file.lo
  CC       libarchive/archive_read_open_filename.lo
  CC       libarchive/archive_read_open_memory.lo
  CC       libarchive/archive_read_set_format.lo
  CC       libarchive/archive_read_set_options.lo
  CC       libarchive/archive_read_support_filter_all.lo
  CC       libarchive/archive_read_support_filter_bzip2.lo
  CC       libarchive/archive_read_support_filter_by_code.lo
  CC       libarchive/archive_read_support_filter_compress.lo
  CC       libarchive/archive_read_support_filter_grzip.lo
  CC       libarchive/archive_read_support_filter_gzip.lo
  CC       libarchive/archive_read_support_filter_lrzip.lo
  CC       libarchive/archive_read_support_filter_lz4.lo
  CC       libarchive/archive_read_support_filter_lzop.lo
  CC       libarchive/archive_read_support_filter_none.lo
  CC       libarchive/archive_read_support_filter_program.lo
  CC       libarchive/archive_read_support_filter_rpm.lo
  CC       libarchive/archive_read_support_filter_uu.lo
  CC       libarchive/archive_read_support_filter_xz.lo
  CC       libarchive/archive_read_support_filter_zstd.lo
  CC       libarchive/archive_read_support_format_7zip.lo
  CC       libarchive/archive_read_support_format_all.lo
  CC       libarchive/archive_read_support_format_ar.lo
  CC       libarchive/archive_read_support_format_by_code.lo
  CC       libarchive/archive_read_support_format_cab.lo
  CC       libarchive/archive_read_support_format_cpio.lo
  CC       libarchive/archive_read_support_format_empty.lo
  CC       libarchive/archive_read_support_format_iso9660.lo
  CC       libarchive/archive_read_support_format_lha.lo
  CC       libarchive/archive_read_support_format_mtree.lo
  CC       libarchive/archive_read_support_format_rar.lo
  CC       libarchive/archive_read_support_format_rar5.lo
  CC       libarchive/archive_read_support_format_raw.lo
  CC       libarchive/archive_read_support_format_tar.lo
  CC       libarchive/archive_read_support_format_warc.lo
  CC       libarchive/archive_read_support_format_xar.lo
  CC       libarchive/archive_read_support_format_zip.lo
  CC       libarchive/archive_string.lo
  CC       libarchive/archive_string_sprintf.lo
  CC       libarchive/archive_util.lo
  CC       libarchive/archive_version_details.lo
  CC       libarchive/archive_virtual.lo
  CC       libarchive/archive_write.lo
  CC       libarchive/archive_write_disk_posix.lo
  CC       libarchive/archive_write_disk_set_standard_lookup.lo
  CC       libarchive/archive_write_open_fd.lo
  CC       libarchive/archive_write_open_file.lo
  CC       libarchive/archive_write_open_filename.lo
  CC       libarchive/archive_write_open_memory.lo
  CC       libarchive/archive_write_add_filter.lo
  CC       libarchive/archive_write_add_filter_b64encode.lo
  CC       libarchive/archive_write_add_filter_by_name.lo
  CC       libarchive/archive_write_add_filter_bzip2.lo
  CC       libarchive/archive_write_add_filter_compress.lo
  CC       libarchive/archive_write_add_filter_grzip.lo
  CC       libarchive/archive_write_add_filter_gzip.lo
  CC       libarchive/archive_write_add_filter_lrzip.lo
  CC       libarchive/archive_write_add_filter_lz4.lo
  CC       libarchive/archive_write_add_filter_lzop.lo
  CC       libarchive/archive_write_add_filter_none.lo
  CC       libarchive/archive_write_add_filter_program.lo
  CC       libarchive/archive_write_add_filter_uuencode.lo
  CC       libarchive/archive_write_add_filter_xz.lo
  CC       libarchive/archive_write_add_filter_zstd.lo
  CC       libarchive/archive_write_set_format.lo
  CC       libarchive/archive_write_set_format_7zip.lo
  CC       libarchive/archive_write_set_format_ar.lo
  CC       libarchive/archive_write_set_format_by_name.lo
  CC       libarchive/archive_write_set_format_cpio.lo
  CC       libarchive/archive_write_set_format_cpio_binary.lo
  CC       libarchive/archive_write_set_format_cpio_newc.lo
  CC       libarchive/archive_write_set_format_cpio_odc.lo
  CC       libarchive/archive_write_set_format_filter_by_ext.lo
  CC       libarchive/archive_write_set_format_iso9660.lo
  CC       libarchive/archive_write_set_format_mtree.lo
  CC       libarchive/archive_write_set_format_pax.lo
  CC       libarchive/archive_write_set_format_raw.lo
  CC       libarchive/archive_write_set_format_shar.lo
  CC       libarchive/archive_write_set_format_ustar.lo
  CC       libarchive/archive_write_set_format_v7tar.lo
  CC       libarchive/archive_write_set_format_gnutar.lo
  CC       libarchive/archive_write_set_format_warc.lo
  CC       libarchive/archive_write_set_format_xar.lo
  CC       libarchive/archive_write_set_format_zip.lo
  CC       libarchive/archive_write_set_options.lo
  CC       libarchive/archive_write_set_passphrase.lo
  CC       libarchive/filter_fork_posix.lo
  CC       libarchive/xxhash.lo
  CC       libarchive/archive_blake2s_ref.lo
  CC       libarchive/archive_blake2sp_ref.lo
  CC       libarchive/archive_disk_acl_linux.lo
  CC       libarchive_fe/la-err.lo
  CC       libarchive_fe/la-line_reader.lo
  CC       libarchive_fe/la-passphrase.lo
  CC       cpio/bsdcpio-cmdline.o
  CC       cpio/bsdcpio-cpio.o
  CC       cat/bsdcat-bsdcat.o
  CC       cat/bsdcat-cmdline.o
  CC       unzip/bsdunzip-bsdunzip.o
  CC       unzip/bsdunzip-cmdline.o
  CC       unzip/bsdunzip-la_getline.o
  CCLD     libarchive_fe.la
  CCLD     libarchive.la
  CCLD     bsdtar
  CCLD     bsdcpio
  CCLD     bsdcat
  CCLD     bsdunzip
make[1]: Leaving directory '/tmp/src/libarchive-3.7.9'
>>> libarchive: Entering fakeroot...
make  install-am
make[1]: Entering directory '/tmp/src/libarchive-3.7.9'
make[2]: Entering directory '/tmp/src/libarchive-3.7.9'
 ./build/autoconf/install-sh -c -d '/tmp/pkg/libarchive/usr/include'
 ./build/autoconf/install-sh -c -d '/tmp/pkg/libarchive/usr/share/man/man1'
 ./build/autoconf/install-sh -c -d '/tmp/pkg/libarchive/usr/share/man/man3'
 ./build/autoconf/install-sh -c -d '/tmp/pkg/libarchive/usr/share/man/man5'
 ./build/autoconf/install-sh -c -d '/tmp/pkg/libarchive/usr/lib/pkgconfig'
 ./build/autoconf/install-sh -c -d '/tmp/pkg/libarchive/usr/lib'
 /usr/bin/install -c -m 644 libarchive/archive.h libarchive/archive_entry.h '/tmp/pkg/libarchive/usr/include'
 /usr/bin/install -c -m 644 build/pkgconfig/libarchive.pc '/tmp/pkg/libarchive/usr/lib/pkgconfig'
 /bin/sh ./libtool   --mode=install /usr/bin/install -c   libarchive.la '/tmp/pkg/libarchive/usr/lib'
 /usr/bin/install -c -m 644 tar/bsdtar.1 cpio/bsdcpio.1 cat/bsdcat.1 unzip/bsdunzip.1 '/tmp/pkg/libarchive/usr/share/man/man1'
 /usr/bin/install -c -m 644 libarchive/cpio.5 libarchive/libarchive-formats.5 libarchive/mtree.5 libarchive/tar.5 '/tmp/pkg/libarchive/usr/share/man/man5'
 /usr/bin/install -c -m 644 libarchive/archive_entry.3 libarchive/archive_entry_acl.3 libarchive/archive_entry_linkify.3 libarchive/archive_entry_misc.3 libarchive/archive_entry_paths.3 libarchive/archive_entry_perms.3 libarchive/archive_entry_stat.3 libarchive/archive_entry_time.3 libarchive/archive_read.3 libarchive/archive_read_add_passphrase.3 libarchive/archive_read_data.3 libarchive/archive_read_disk.3 libarchive/archive_read_extract.3 libarchive/archive_read_filter.3 libarchive/archive_read_format.3 libarchive/archive_read_free.3 libarchive/archive_read_header.3 libarchive/archive_read_new.3 libarchive/archive_read_open.3 libarchive/archive_read_set_options.3 libarchive/archive_util.3 libarchive/archive_write.3 libarchive/archive_write_blocksize.3 libarchive/archive_write_data.3 libarchive/archive_write_disk.3 libarchive/archive_write_filter.3 libarchive/archive_write_finish_entry.3 libarchive/archive_write_format.3 libarchive/archive_write_free.3 libarchive/archive_write_header.3 libarchive/archive_write_new.3 libarchive/archive_write_open.3 libarchive/archive_write_set_options.3 libarchive/archive_write_set_passphrase.3 libarchive/libarchive.3 libarchive/libarchive_changes.3 libarchive/libarchive_internals.3 '/tmp/pkg/libarchive/usr/share/man/man3'
libtool: install: /usr/bin/install -c .libs/libarchive.so.13.7.9 /tmp/pkg/libarchive/usr/lib/libarchive.so.13.7.9
libtool: install: (cd /tmp/pkg/libarchive/usr/lib && { ln -s -f libarchive.so.13.7.9 libarchive.so.13 || { rm -f libarchive.so.13 && ln -s libarchive.so.13.7.9 libarchive.so.13; }; })
libtool: install: (cd /tmp/pkg/libarchive/usr/lib && { ln -s -f libarchive.so.13.7.9 libarchive.so || { rm -f libarchive.so && ln -s libarchive.so.13.7.9 libarchive.so; }; })
libtool: install: /usr/bin/install -c .libs/libarchive.lai /tmp/pkg/libarchive/usr/lib/libarchive.la
libtool: install: /usr/bin/install -c .libs/libarchive.a /tmp/pkg/libarchive/usr/lib/libarchive.a
libtool: install: chmod 644 /tmp/pkg/libarchive/usr/lib/libarchive.a
libtool: install: ranlib /tmp/pkg/libarchive/usr/lib/libarchive.a
libtool: warning: remember to run 'libtool --finish /usr/lib'
 ./build/autoconf/install-sh -c -d '/tmp/pkg/libarchive/usr/bin'
  /bin/sh ./libtool   --mode=install /usr/bin/install -c bsdtar bsdcpio bsdcat bsdunzip '/tmp/pkg/libarchive/usr/bin'
libtool: install: /usr/bin/install -c bsdtar /tmp/pkg/libarchive/usr/bin/bsdtar
libtool: install: /usr/bin/install -c bsdcpio /tmp/pkg/libarchive/usr/bin/bsdcpio
libtool: install: /usr/bin/install -c bsdcat /tmp/pkg/libarchive/usr/bin/bsdcat
libtool: install: /usr/bin/install -c bsdunzip /tmp/pkg/libarchive/usr/bin/bsdunzip
make[2]: Leaving directory '/tmp/src/libarchive-3.7.9'
make[1]: Leaving directory '/tmp/src/libarchive-3.7.9'
>>> libarchive-static*: Running split function static...
'usr/lib/libarchive.a' -> '/tmp/pkg/libarchive-static/usr/lib/libarchive.a'
>>> libarchive-static*: Preparing subpackage libarchive-static...
>>> libarchive-static*: Stripping binaries
>>> libarchive-static*: Running postcheck for libarchive-static
>>> libarchive-dev*: Running split function dev...
'usr/include' -> '/tmp/pkg/libarchive-dev/usr/include'
'usr/lib/pkgconfig' -> '/tmp/pkg/libarchive-dev/usr/lib/pkgconfig'
'usr/lib/libarchive.so' -> '/tmp/pkg/libarchive-dev/usr/lib/libarchive.so'
>>> libarchive-dev*: Preparing subpackage libarchive-dev...
>>> libarchive-dev*: Stripping binaries
>>> libarchive-dev*: Running postcheck for libarchive-dev
>>> libarchive-doc*: Running split function doc...
'usr/share/man' -> '/tmp/pkg/libarchive-doc/usr/share/man'
>>> libarchive-doc*: Preparing subpackage libarchive-doc...
>>> libarchive-doc*: Running postcheck for libarchive-doc
>>> libarchive-tools*: Running split function tools...
'usr/bin' -> '/tmp/pkg/libarchive-tools/usr/bin'
>>> libarchive-tools*: Preparing subpackage libarchive-tools...
>>> libarchive-tools*: Stripping binaries
>>> libarchive-tools*: Running postcheck for libarchive-tools
>>> libarchive*: Running postcheck for libarchive
>>> libarchive*: Preparing package libarchive...
>>> libarchive*: Stripping binaries
>>> libarchive-dev*: Scanning shared objects
>>> libarchive-doc*: Scanning shared objects
>>> libarchive-static*: Scanning shared objects
>>> libarchive-tools*: Scanning shared objects
>>> libarchive*: Scanning shared objects
>>> libarchive-dev*: Tracing dependencies...
	libarchive=3.7.9-r0
	pc:libcrypto
	pkgconfig
>>> libarchive-dev*: Package size: 86.6 KB
>>> libarchive-dev*: Compressing data...
>>> libarchive-dev*: Create checksum...
>>> libarchive-dev*: Create libarchive-dev-3.7.9-r0.apk
>>> libarchive-doc*: Tracing dependencies...
>>> libarchive-doc*: Package size: 129.9 KB
>>> libarchive-doc*: Compressing data...
>>> libarchive-doc*: Create checksum...
>>> libarchive-doc*: Create libarchive-doc-3.7.9-r0.apk
>>> libarchive-static*: Tracing dependencies...
>>> libarchive-static*: Package size: 6.1 MB
>>> libarchive-static*: Compressing data...
>>> libarchive-static*: Create checksum...
>>> libarchive-static*: Create libarchive-static-3.7.9-r0.apk
>>> libarchive-tools*: Tracing dependencies...
	so:libacl.so.1
	so:libbz2.so.1
	so:libc.musl-x86_64.so.1
	so:libcrypto.so.3
	so:libexpat.so.1
	so:liblz4.so.1
	so:liblzma.so.5
	so:libz.so.1
	so:libzstd.so.1
>>> libarchive-tools*: Package size: 1.3 MB
>>> libarchive-tools*: Compressing data...
>>> libarchive-tools*: Create checksum...
>>> libarchive-tools*: Create libarchive-tools-3.7.9-r0.apk
>>> libarchive*: Tracing dependencies...
	so:libacl.so.1
	so:libbz2.so.1
	so:libc.musl-x86_64.so.1
	so:libcrypto.so.3
	so:libexpat.so.1
	so:liblz4.so.1
	so:liblzma.so.5
	so:libz.so.1
	so:libzstd.so.1
>>> libarchive*: Package size: 633.8 KB
>>> libarchive*: Compressing data...
>>> libarchive*: Create checksum...
>>> libarchive*: Create libarchive-3.7.9-r0.apk
>>> libarchive: Updating the main/x86_64 repository index...
>>> libarchive: Signing the index...
>>> libarchive: Cleaning up srcdir
>>> libarchive: Cleaning up build chroot
>>> libarchive: Cleaning up pkgdir
