>>> ruby-nkf: Validating /home/packager/oily-pine/main/ruby-nkf/APKBUILD...
>>> ruby-nkf: Cleaning up srcdir
>>> ruby-nkf: Cleaning up pkgdir
>>> ruby-nkf: Cleaning up tmpdir
>>> ruby-nkf: Fetching https://github.com/ruby/nkf/archive/v0.2.0/nkf-0.2.0.tar.gz
  % Total    % Received % Xferd  Average Speed   Time    Time     Time  Current
                                 Dload  Upload   Total   Spent    Left  Speed
  0     0    0     0    0     0      0      0 --:--:-- --:--:-- --:--:--     0  0     0    0     0    0     0      0      0 --:--:-- --:--:-- --:--:--     0  0     0    0     0    0     0      0      0 --:--:-- --:--:-- --:--:--     0
100  192k    0  192k    0     0   233k      0 --:--:-- --:--:-- --:--:--  233k
>>> ruby-nkf: Fetching https://github.com/ruby/nkf/archive/v0.2.0/nkf-0.2.0.tar.gz
>>> ruby-nkf: Checking sha512sums...
nkf-0.2.0.tar.gz: OK
gemspec.patch: OK
>>> ruby-nkf: Preparing build chroot...
fetch http://dl-cdn.alpinelinux.org/alpine/edge/main/x86_64/APKINDEX.tar.gz
(1/81) Installing musl (1.2.5-r10)
(2/81) Installing libcrypto3 (3.5.0-r0)
(3/81) Installing ca-certificates-bundle (20241121-r2)
(4/81) Installing libssl3 (3.5.0-r0)
(5/81) Installing zlib (1.3.1-r2)
(6/81) Installing libapk2 (2.14.9-r2)
(7/81) Installing apk-tools (2.14.9-r2)
(8/81) Installing libcap2 (2.76-r0)
(9/81) Installing libcap-getcap (2.76-r0)
(10/81) Installing fakeroot (1.37.1.1-r0)
(11/81) Installing scanelf (1.3.8-r1)
(12/81) Installing musl-utils (1.2.5-r10)
(13/81) Installing libgcc (14.3.0-r1)
(14/81) Installing libstdc++ (14.3.0-r1)
(15/81) Installing lzip (1.25-r0)
(16/81) Installing openssl (3.5.0-r0)
(17/81) Installing patch (2.8-r0)
(18/81) Installing pkgconf (2.4.3-r0)
(19/81) Installing acl-libs (2.3.2-r1)
(20/81) Installing tar (1.35-r3)
(21/81) Installing busybox (1.37.0-r18)
Executing busybox-1.37.0-r18.post-install
(22/81) Installing ssl_client (1.37.0-r18)
(23/81) Installing busybox-binsh (1.37.0-r18)
(24/81) Installing abuild (3.15.0-r0)
Executing abuild-3.15.0-r0.pre-install
(25/81) Installing abuild-sudo (3.15.0-r0)
(26/81) Installing alpine-baselayout-data (3.7.0-r0)
(27/81) Installing alpine-baselayout (3.7.0-r0)
Executing alpine-baselayout-3.7.0-r0.pre-install
Executing alpine-baselayout-3.7.0-r0.post-install
(28/81) Installing bridge (1.5-r5)
(29/81) Installing ifupdown-ng (0.12.1-r7)
(30/81) Installing openrc-user (0.62.2-r2)
(31/81) Installing openrc (0.62.2-r2)
Executing openrc-0.62.2-r2.post-install
(32/81) Installing mdev-conf (4.8-r0)
(33/81) Installing busybox-mdev-openrc (1.37.0-r18)
(34/81) Installing alpine-conf (3.20.0-r0)
(35/81) Installing alpine-keys (2.5-r0)
(36/81) Installing alpine-release (3.22.0-r0)
(37/81) Installing busybox-openrc (1.37.0-r18)
(38/81) Installing busybox-suid (1.37.0-r18)
(39/81) Installing alpine-base (3.22.0-r0)
(40/81) Installing jansson (2.14.1-r0)
(41/81) Installing zstd-libs (1.5.7-r0)
(42/81) Installing binutils (2.44-r0)
(43/81) Installing libmagic (5.46-r2)
(44/81) Installing file (5.46-r2)
(45/81) Installing libgomp (14.3.0-r1)
(46/81) Installing libatomic (14.3.0-r1)
(47/81) Installing gmp (6.3.0-r3)
(48/81) Installing isl26 (0.26-r1)
(49/81) Installing mpfr4 (4.2.1_p1-r0)
(50/81) Installing mpc1 (1.3.1-r1)
(51/81) Installing gcc (14.3.0-r1)
(52/81) Installing libstdc++-dev (14.3.0-r1)
(53/81) Installing musl-dev (1.2.5-r10)
(54/81) Installing g++ (14.3.0-r1)
(55/81) Installing make (4.4.1-r3)
(56/81) Installing fortify-headers (1.1-r5)
(57/81) Installing build-base (0.5-r3)
(58/81) Installing brotli-libs (1.1.0-r2)
(59/81) Installing c-ares (1.34.5-r0)
(60/81) Installing libunistring (1.3-r0)
(61/81) Installing libidn2 (2.3.7-r0)
(62/81) Installing nghttp2-libs (1.65.0-r0)
(63/81) Installing libpsl (0.21.5-r3)
(64/81) Installing libcurl (8.14.0-r2)
(65/81) Installing libexpat (2.7.1-r0)
(66/81) Installing pcre2 (10.43-r1)
(67/81) Installing git (2.49.0-r0)
(68/81) Installing git-init-template (2.49.0-r0)
(69/81) Installing ca-certificates (20241121-r2)
(70/81) Installing libffi (3.4.8-r0)
(71/81) Installing yaml (0.2.5-r2)
(72/81) Installing ruby-libs (3.4.4-r0)
(73/81) Installing libucontext (1.3.2-r0)
(74/81) Installing ruby (3.4.4-r0)
(75/81) Installing ruby-rdoc (3.4.4-r0)
(76/81) Installing libgmpxx (6.3.0-r3)
(77/81) Installing gmp-dev (6.3.0-r3)
(78/81) Installing libucontext-dev (1.3.2-r0)
(79/81) Installing ruby-dev (3.4.4-r0)
(80/81) Installing ruby-power_assert (2.0.5-r0)
(81/81) Installing ruby-test-unit (3.6.8-r0)
Executing busybox-1.37.0-r18.trigger
Executing ca-certificates-20241121-r2.trigger
OK: 281 MiB in 81 packages
>>> ruby-nkf: Fetching https://github.com/ruby/nkf/archive/v0.2.0/nkf-0.2.0.tar.gz
>>> ruby-nkf: Checking sha512sums...
nkf-0.2.0.tar.gz: OK
gemspec.patch: OK
>>> ruby-nkf: Unpacking /var/cache/distfiles/nkf-0.2.0.tar.gz...
>>> ruby-nkf: gemspec.patch
patching file nkf.gemspec
WARNING:  description and summary are identical
WARNING:  You have specified the uri:
  https://github.com/ruby/nkf
for all of the following keys:
  homepage_uri
  source_code_uri
Only the first one will be shown on rubygems.org
WARNING:  See https://guides.rubygems.org/specification-reference/ for help
  Successfully built RubyGem
  Name: nkf
  Version: 0.2.0
  File: nkf-0.2.0.gem
/tmp/src/nkf-0.2.0/dist/gems/nkf-0.2.0/ext/nkf/extconf.rb
/tmp/src/nkf-0.2.0/dist/gems/nkf-0.2.0/ext/nkf/nkf-utf8/config.h
/tmp/src/nkf-0.2.0/dist/gems/nkf-0.2.0/ext/nkf/nkf-utf8/nkf.c
/tmp/src/nkf-0.2.0/dist/gems/nkf-0.2.0/ext/nkf/nkf-utf8/nkf.h
/tmp/src/nkf-0.2.0/dist/gems/nkf-0.2.0/ext/nkf/nkf-utf8/utf8tbl.c
/tmp/src/nkf-0.2.0/dist/gems/nkf-0.2.0/ext/nkf/nkf-utf8/utf8tbl.h
/tmp/src/nkf-0.2.0/dist/gems/nkf-0.2.0/ext/nkf/nkf.c
/tmp/src/nkf-0.2.0/dist/gems/nkf-0.2.0/lib/kconv.rb
/tmp/src/nkf-0.2.0/dist/gems/nkf-0.2.0/lib/nkf.rb
Building native extensions. This could take a while...
current directory: /tmp/src/nkf-0.2.0/dist/gems/nkf-0.2.0/ext/nkf
["/usr/bin/ruby", "extconf.rb"]
creating Makefile
current directory: /tmp/src/nkf-0.2.0/dist/gems/nkf-0.2.0/ext/nkf
["make", "DESTDIR=", "sitearchdir=./.gem.20250601-46-oxxpkq", "sitelibdir=./.gem.20250601-46-oxxpkq", "clean"]
current directory: /tmp/src/nkf-0.2.0/dist/gems/nkf-0.2.0/ext/nkf
["make", "DESTDIR=", "sitearchdir=./.gem.20250601-46-oxxpkq", "sitelibdir=./.gem.20250601-46-oxxpkq"]
compiling nkf.c
linking shared-object nkf.so
current directory: /tmp/src/nkf-0.2.0/dist/gems/nkf-0.2.0/ext/nkf
["make", "DESTDIR=", "sitearchdir=./.gem.20250601-46-oxxpkq", "sitelibdir=./.gem.20250601-46-oxxpkq", "install"]
install -m 0755 nkf.so ./.gem.20250601-46-oxxpkq
current directory: /tmp/src/nkf-0.2.0/dist/gems/nkf-0.2.0/ext/nkf
["make", "DESTDIR=", "sitearchdir=./.gem.20250601-46-oxxpkq", "sitelibdir=./.gem.20250601-46-oxxpkq", "clean"]
current directory: /tmp/src/nkf-0.2.0/dist/gems/nkf-0.2.0/ext/nkf
/usr/bin/ruby extconf.rb
current directory: /tmp/src/nkf-0.2.0/dist/gems/nkf-0.2.0/ext/nkf
make DESTDIR\= sitearchdir\=./.gem.20250601-46-oxxpkq sitelibdir\=./.gem.20250601-46-oxxpkq clean
current directory: /tmp/src/nkf-0.2.0/dist/gems/nkf-0.2.0/ext/nkf
make DESTDIR\= sitearchdir\=./.gem.20250601-46-oxxpkq sitelibdir\=./.gem.20250601-46-oxxpkq
current directory: /tmp/src/nkf-0.2.0/dist/gems/nkf-0.2.0/ext/nkf
make DESTDIR\= sitearchdir\=./.gem.20250601-46-oxxpkq sitelibdir\=./.gem.20250601-46-oxxpkq install
current directory: /tmp/src/nkf-0.2.0/dist/gems/nkf-0.2.0/ext/nkf
make DESTDIR\= sitearchdir\=./.gem.20250601-46-oxxpkq sitelibdir\=./.gem.20250601-46-oxxpkq clean
Successfully installed nkf-0.2.0
1 gem installed
Loaded suite -e
Started
TestKconv: 
  test_eucjp:						.: (0.000156)
  test_jis:						.: (0.000067)
  test_kconv:						.: (0.000106)
  test_shiftjis:					.: (0.000068)
  test_utf8:						.: (0.000087)
TestNKF: 
  test_guess:						.: (0.000060)
  test_ruby_dev_36909:					.: (0.008067)

Finished in 0.008901652 seconds.
-------------------------------------------------------------------------------
7 tests, 44 assertions, 0 failures, 0 errors, 0 pendings, 0 omissions, 0 notifications
100% passed
-------------------------------------------------------------------------------
786.37 tests/s, 4942.90 assertions/s
>>> ruby-nkf: Entering fakeroot...
>>> ruby-nkf*: Running postcheck for ruby-nkf
>>> ruby-nkf*: Preparing package ruby-nkf...
>>> ruby-nkf*: Stripping binaries
>>> ruby-nkf*: Scanning shared objects
>>> ruby-nkf*: Tracing dependencies...
	ruby
	so:libc.musl-x86_64.so.1
	so:libruby.so.3.4
>>> ruby-nkf*: Package size: 548.3 KB
>>> ruby-nkf*: Compressing data...
>>> ruby-nkf*: Create checksum...
>>> ruby-nkf*: Create ruby-nkf-0.2.0-r0.apk
>>> ruby-nkf: Updating the main/x86_64 repository index...
>>> ruby-nkf: Signing the index...
>>> ruby-nkf: Cleaning up srcdir
>>> ruby-nkf: Cleaning up build chroot
>>> ruby-nkf: Cleaning up pkgdir
