pigz: not found
>>> zd1211-firmware: Building main/zd1211-firmware 1.5-r2 (using abuild 3.14.1-r4) started Sun, 18 May 2025 04:46:12 +0000
>>> zd1211-firmware: Validating /home/packager/aports/main/zd1211-firmware/APKBUILD...
>>> zd1211-firmware: Analyzing dependencies...
>>> zd1211-firmware: Installing for build: build-base
(1/1) Installing .makedepends-zd1211-firmware (20250518.044613)
OK: 260 MiB in 82 packages
>>> zd1211-firmware: Cleaning up srcdir
>>> zd1211-firmware: Cleaning up pkgdir
>>> zd1211-firmware: Cleaning up tmpdir
>>> zd1211-firmware: Fetching https://downloads.sourceforge.net/project/zd1211/zd1211-firmware/1.5/zd1211-firmware-1.5.tar.bz2
Connecting to downloads.sourceforge.net (104.18.12.149:443)
Connecting to altushost-swe.dl.sourceforge.net (79.142.76.130:443)
saving to '/var/cache/distfiles/zd1211-firmware-1.5.tar.bz2.part'
zd1211-firmware-1.5. 100% |********************************| 38291  0:00:00 ETA
'/var/cache/distfiles/zd1211-firmware-1.5.tar.bz2.part' saved
>>> zd1211-firmware: Fetching https://downloads.sourceforge.net/project/zd1211/zd1211-firmware/1.5/zd1211-firmware-1.5.tar.bz2
>>> zd1211-firmware: Checking sha512sums...
zd1211-firmware-1.5.tar.bz2: OK
>>> zd1211-firmware: Unpacking /var/cache/distfiles/zd1211-firmware-1.5.tar.bz2...
>>> zd1211-firmware: Entering fakeroot...
>>> zd1211-firmware*: Running postcheck for zd1211-firmware
>>> WARNING: zd1211-firmware*: Packages must not put anything under /lib, use /usr/lib instead
>>> zd1211-firmware*: Preparing package zd1211-firmware...
>>> zd1211-firmware*: Tracing dependencies...
>>> zd1211-firmware*: Package size: 24.8 KB
>>> zd1211-firmware*: Compressing data...
>>> zd1211-firmware*: Create checksum...
pigz: not found
>>> zd1211-firmware*: Create zd1211-firmware-1.5-r2.apk
>>> zd1211-firmware: Build complete at Sun, 18 May 2025 04:46:16 +0000 elapsed time 0h 0m 4s
>>> zd1211-firmware: Cleaning up srcdir
>>> zd1211-firmware: Cleaning up pkgdir
>>> zd1211-firmware: Uninstalling dependencies...
(1/1) Purging .makedepends-zd1211-firmware (20250518.044613)
OK: 260 MiB in 81 packages
>>> zd1211-firmware: Updating the main/x86_64 repository index...
>>> zd1211-firmware: Signing the index...
pigz: not found
