>>> policyd-spf-fs: Validating /home/packager/oily-pine/main/policyd-spf-fs/APKBUILD...
>>> policyd-spf-fs: Cleaning up srcdir
>>> policyd-spf-fs: Cleaning up pkgdir
>>> policyd-spf-fs: Cleaning up tmpdir
>>> policyd-spf-fs: Fetching https://www.freestone.net/ftp/policyd-spf-fs/policyd-spf-fs_23.tar.gz
  % Total    % Received % Xferd  Average Speed   Time    Time     Time  Current
                                 Dload  Upload   Total   Spent    Left  Speed
  0     0    0     0    0     0      0      0 --:--:-- --:--:-- --:--:--     0100 18228  100 18228    0     0  46167      0 --:--:-- --:--:-- --:--:-- 46263
>>> policyd-spf-fs: Fetching https://www.freestone.net/ftp/policyd-spf-fs/policyd-spf-fs_23.tar.gz
>>> policyd-spf-fs: Checking sha512sums...
policyd-spf-fs_23.tar.gz: OK
format-security.patch: OK
policyd-spf-fs-localpolicy-fix.patch: OK
fix-makefile.patch: OK
>>> policyd-spf-fs: Preparing build chroot...
fetch http://dl-cdn.alpinelinux.org/alpine/edge/main/x86_64/APKINDEX.tar.gz
(1/70) Installing musl (1.2.5-r10)
(2/70) Installing libcrypto3 (3.5.0-r0)
(3/70) Installing ca-certificates-bundle (20241121-r2)
(4/70) Installing libssl3 (3.5.0-r0)
(5/70) Installing zlib (1.3.1-r2)
(6/70) Installing libapk2 (2.14.9-r2)
(7/70) Installing apk-tools (2.14.9-r2)
(8/70) Installing libcap2 (2.76-r0)
(9/70) Installing libcap-getcap (2.76-r0)
(10/70) Installing fakeroot (1.37.1.1-r0)
(11/70) Installing scanelf (1.3.8-r1)
(12/70) Installing musl-utils (1.2.5-r10)
(13/70) Installing libgcc (14.3.0-r1)
(14/70) Installing libstdc++ (14.3.0-r1)
(15/70) Installing lzip (1.25-r0)
(16/70) Installing openssl (3.5.0-r0)
(17/70) Installing patch (2.8-r0)
(18/70) Installing pkgconf (2.4.3-r0)
(19/70) Installing acl-libs (2.3.2-r1)
(20/70) Installing tar (1.35-r3)
(21/70) Installing busybox (1.37.0-r18)
Executing busybox-1.37.0-r18.post-install
(22/70) Installing ssl_client (1.37.0-r18)
(23/70) Installing busybox-binsh (1.37.0-r18)
(24/70) Installing abuild (3.15.0-r0)
Executing abuild-3.15.0-r0.pre-install
(25/70) Installing abuild-sudo (3.15.0-r0)
(26/70) Installing alpine-baselayout-data (3.7.0-r0)
(27/70) Installing alpine-baselayout (3.7.0-r0)
Executing alpine-baselayout-3.7.0-r0.pre-install
Executing alpine-baselayout-3.7.0-r0.post-install
(28/70) Installing bridge (1.5-r5)
(29/70) Installing ifupdown-ng (0.12.1-r7)
(30/70) Installing openrc-user (0.62.2-r2)
(31/70) Installing openrc (0.62.2-r2)
Executing openrc-0.62.2-r2.post-install
(32/70) Installing mdev-conf (4.8-r0)
(33/70) Installing busybox-mdev-openrc (1.37.0-r18)
(34/70) Installing alpine-conf (3.20.0-r0)
(35/70) Installing alpine-keys (2.5-r0)
(36/70) Installing alpine-release (3.22.0-r0)
(37/70) Installing busybox-openrc (1.37.0-r18)
(38/70) Installing busybox-suid (1.37.0-r18)
(39/70) Installing alpine-base (3.22.0-r0)
(40/70) Installing jansson (2.14.1-r0)
(41/70) Installing zstd-libs (1.5.7-r0)
(42/70) Installing binutils (2.44-r0)
(43/70) Installing libmagic (5.46-r2)
(44/70) Installing file (5.46-r2)
(45/70) Installing libgomp (14.3.0-r1)
(46/70) Installing libatomic (14.3.0-r1)
(47/70) Installing gmp (6.3.0-r3)
(48/70) Installing isl26 (0.26-r1)
(49/70) Installing mpfr4 (4.2.1_p1-r0)
(50/70) Installing mpc1 (1.3.1-r1)
(51/70) Installing gcc (14.3.0-r1)
(52/70) Installing libstdc++-dev (14.3.0-r1)
(53/70) Installing musl-dev (1.2.5-r10)
(54/70) Installing g++ (14.3.0-r1)
(55/70) Installing make (4.4.1-r3)
(56/70) Installing fortify-headers (1.1-r5)
(57/70) Installing build-base (0.5-r3)
(58/70) Installing brotli-libs (1.1.0-r2)
(59/70) Installing c-ares (1.34.5-r0)
(60/70) Installing libunistring (1.3-r0)
(61/70) Installing libidn2 (2.3.7-r0)
(62/70) Installing nghttp2-libs (1.65.0-r0)
(63/70) Installing libpsl (0.21.5-r3)
(64/70) Installing libcurl (8.14.0-r2)
(65/70) Installing libexpat (2.7.1-r0)
(66/70) Installing pcre2 (10.43-r1)
(67/70) Installing git (2.49.0-r0)
(68/70) Installing git-init-template (2.49.0-r0)
(69/70) Installing libspf2 (1.2.11-r4)
(70/70) Installing libspf2-dev (1.2.11-r4)
Executing busybox-1.37.0-r18.trigger
OK: 260 MiB in 70 packages
>>> policyd-spf-fs: Fetching https://www.freestone.net/ftp/policyd-spf-fs/policyd-spf-fs_23.tar.gz
>>> policyd-spf-fs: Checking sha512sums...
policyd-spf-fs_23.tar.gz: OK
format-security.patch: OK
policyd-spf-fs-localpolicy-fix.patch: OK
fix-makefile.patch: OK
>>> policyd-spf-fs: Unpacking /var/cache/distfiles/policyd-spf-fs_23.tar.gz...
>>> policyd-spf-fs: format-security.patch
patching file policyd-spf-fs.c
>>> policyd-spf-fs: policyd-spf-fs-localpolicy-fix.patch
patching file policyd-spf-fs.c
>>> policyd-spf-fs: fix-makefile.patch
patching file Makefile
gcc -Os -fstack-clash-protection -Wformat -Werror=format-security -fno-plt -DHAVE_NS_TYPE -I /usr/include/spf2 -c -o policyd-spf-fs.o policyd-spf-fs.c
gcc -Os -fstack-clash-protection -Wformat -Werror=format-security -fno-plt -DHAVE_NS_TYPE policyd-spf-fs.o -lspf2 -o policyd-spf-fs
>>> policyd-spf-fs: Entering fakeroot...
strip policyd-spf-fs
install policyd-spf-fs /tmp/pkg/policyd-spf-fs/usr/bin
>>> policyd-spf-fs*: Running postcheck for policyd-spf-fs
>>> policyd-spf-fs*: Preparing package policyd-spf-fs...
>>> policyd-spf-fs*: Stripping binaries
>>> policyd-spf-fs*: Scanning shared objects
>>> policyd-spf-fs*: Tracing dependencies...
	so:libc.musl-x86_64.so.1
	so:libspf2.so.2
>>> policyd-spf-fs*: Package size: 22.5 KB
>>> policyd-spf-fs*: Compressing data...
>>> policyd-spf-fs*: Create checksum...
>>> policyd-spf-fs*: Create policyd-spf-fs-23-r8.apk
>>> policyd-spf-fs: Updating the main/x86_64 repository index...
>>> policyd-spf-fs: Signing the index...
>>> policyd-spf-fs: Cleaning up srcdir
>>> policyd-spf-fs: Cleaning up build chroot
>>> policyd-spf-fs: Cleaning up pkgdir
