pigz: not found
>>> py3-imagesize: Building main/py3-imagesize 1.4.1-r4 (using abuild 3.14.1-r4) started Fri, 16 May 2025 20:37:21 +0000
>>> py3-imagesize: Validating /home/packager/aports/main/py3-imagesize/APKBUILD...
>>> py3-imagesize: Analyzing dependencies...
>>> py3-imagesize: Installing for build: build-base python3 py3-gpep517 py3-setuptools py3-wheel py3-pytest
(1/32) Installing libbz2 (1.0.8-r6)
(2/32) Installing libffi (3.4.7-r0)
(3/32) Installing gdbm (1.24-r0)
(4/32) Installing xz-libs (5.6.3-r1)
(5/32) Installing mpdecimal (4.0.0-r0)
(6/32) Installing libpanelw (6.5_p20250503-r0)
(7/32) Installing sqlite-libs (3.49.2-r0)
(8/32) Installing python3 (3.12.10-r0)
(9/32) Installing python3-pycache-pyc0 (3.12.10-r0)
(10/32) Installing pyc (3.12.10-r0)
(11/32) Installing python3-pyc (3.12.10-r0)
(12/32) Installing py3-installer (0.7.0-r2)
(13/32) Installing py3-installer-pyc (0.7.0-r2)
(14/32) Installing py3-gpep517 (19-r0)
(15/32) Installing py3-gpep517-pyc (19-r0)
(16/32) Installing py3-parsing (3.2.3-r0)
(17/32) Installing py3-parsing-pyc (3.2.3-r0)
(18/32) Installing py3-packaging (25.0-r0)
(19/32) Installing py3-packaging-pyc (25.0-r0)
(20/32) Installing py3-setuptools (80.3.1-r0)
(21/32) Installing py3-setuptools-pyc (80.3.1-r0)
(22/32) Installing py3-wheel (0.46.1-r0)
(23/32) Installing py3-wheel-pyc (0.46.1-r0)
(24/32) Installing py3-iniconfig (2.1.0-r0)
(25/32) Installing py3-iniconfig-pyc (2.1.0-r0)
(26/32) Installing py3-pluggy (1.5.0-r0)
(27/32) Installing py3-pluggy-pyc (1.5.0-r0)
(28/32) Installing py3-py (1.11.0-r4)
(29/32) Installing py3-py-pyc (1.11.0-r4)
(30/32) Installing py3-pytest (8.3.5-r0)
(31/32) Installing py3-pytest-pyc (8.3.5-r0)
(32/32) Installing .makedepends-py3-imagesize (20250516.203723)
Executing busybox-1.37.0-r12.trigger
OK: 308 MiB in 106 packages
>>> py3-imagesize: Cleaning up srcdir
>>> py3-imagesize: Cleaning up pkgdir
>>> py3-imagesize: Cleaning up tmpdir
>>> py3-imagesize: Fetching https://files.pythonhosted.org/packages/source/i/imagesize/imagesize-1.4.1.tar.gz
Connecting to files.pythonhosted.org (151.101.64.223:443)
Connecting to files.pythonhosted.org (151.101.128.223:443)
saving to '/var/cache/distfiles/imagesize-1.4.1.tar.gz.part'
imagesize-1.4.1.tar. 100% |********************************| 1250k  0:00:00 ETA
'/var/cache/distfiles/imagesize-1.4.1.tar.gz.part' saved
>>> py3-imagesize: Fetching https://files.pythonhosted.org/packages/source/i/imagesize/imagesize-1.4.1.tar.gz
>>> py3-imagesize: Checking sha512sums...
imagesize-1.4.1.tar.gz: OK
>>> py3-imagesize: Unpacking /var/cache/distfiles/imagesize-1.4.1.tar.gz...
2025-05-16 20:37:24,878 gpep517 INFO Building wheel via backend setuptools.build_meta:__legacy__
/usr/lib/python3.12/site-packages/setuptools/dist.py:761: SetuptoolsDeprecationWarning: License classifiers are deprecated.
!!

        ********************************************************************************
        Please consider removing the following classifiers in favor of a SPDX license expression:

        License :: OSI Approved :: MIT License

        See https://packaging.python.org/en/latest/guides/writing-pyproject-toml/#license for details.
        ********************************************************************************

!!
  self._finalize_license_expression()
2025-05-16 20:37:24,906 root INFO running bdist_wheel
/usr/lib/python3.12/site-packages/setuptools/_distutils/cmd.py:135: SetuptoolsDeprecationWarning: bdist_wheel.universal is deprecated
!!

        ********************************************************************************
        With Python 2.7 end-of-life, support for building universal wheels
        (i.e., wheels that support both Python 2 and Python 3)
        is being obviated.
        Please discontinue using this option, or if you still need it,
        file an issue with pypa/setuptools describing your use case.

        By 2025-Aug-30, you need to update your project and remove deprecated calls
        or your builds will no longer be supported.
        ********************************************************************************

!!
  self.finalize_options()
2025-05-16 20:37:24,926 root INFO running build
2025-05-16 20:37:24,926 root INFO running build_py
2025-05-16 20:37:24,930 root INFO creating build/lib/imagesize
2025-05-16 20:37:24,930 root INFO copying imagesize/__init__.py -> build/lib/imagesize
2025-05-16 20:37:24,931 root INFO copying imagesize/imagesize.py -> build/lib/imagesize
2025-05-16 20:37:24,938 root INFO installing to build/bdist.linux-x86_64/wheel
2025-05-16 20:37:24,938 root INFO running install
2025-05-16 20:37:24,947 root INFO running install_lib
2025-05-16 20:37:24,951 root INFO creating build/bdist.linux-x86_64/wheel
2025-05-16 20:37:24,951 root INFO creating build/bdist.linux-x86_64/wheel/imagesize
2025-05-16 20:37:24,951 root INFO copying build/lib/imagesize/__init__.py -> build/bdist.linux-x86_64/wheel/./imagesize
2025-05-16 20:37:24,951 root INFO copying build/lib/imagesize/imagesize.py -> build/bdist.linux-x86_64/wheel/./imagesize
2025-05-16 20:37:24,951 root INFO running install_egg_info
2025-05-16 20:37:24,955 root INFO running egg_info
2025-05-16 20:37:24,958 root INFO writing imagesize.egg-info/PKG-INFO
2025-05-16 20:37:24,976 root INFO writing dependency_links to imagesize.egg-info/dependency_links.txt
2025-05-16 20:37:25,018 root INFO writing top-level names to imagesize.egg-info/top_level.txt
2025-05-16 20:37:25,026 root INFO reading manifest file 'imagesize.egg-info/SOURCES.txt'
2025-05-16 20:37:25,028 root INFO reading manifest template 'MANIFEST.in'
2025-05-16 20:37:25,029 root INFO adding license file 'LICENSE.rst'
2025-05-16 20:37:25,031 root INFO writing manifest file 'imagesize.egg-info/SOURCES.txt'
2025-05-16 20:37:25,031 root INFO Copying imagesize.egg-info to build/bdist.linux-x86_64/wheel/./imagesize-1.4.1-py3.12.egg-info
2025-05-16 20:37:25,032 root INFO running install_scripts
2025-05-16 20:37:25,033 root INFO creating build/bdist.linux-x86_64/wheel/imagesize-1.4.1.dist-info/WHEEL
2025-05-16 20:37:25,033 wheel INFO creating '/home/packager/aports/main/py3-imagesize/src/imagesize-1.4.1/.dist/.tmp-4jpq2aum/imagesize-1.4.1-py2.py3-none-any.whl' and adding 'build/bdist.linux-x86_64/wheel' to it
2025-05-16 20:37:25,033 wheel INFO adding 'imagesize/__init__.py'
2025-05-16 20:37:25,034 wheel INFO adding 'imagesize/imagesize.py'
2025-05-16 20:37:25,034 wheel INFO adding 'imagesize-1.4.1.dist-info/licenses/LICENSE.rst'
2025-05-16 20:37:25,034 wheel INFO adding 'imagesize-1.4.1.dist-info/METADATA'
2025-05-16 20:37:25,034 wheel INFO adding 'imagesize-1.4.1.dist-info/WHEEL'
2025-05-16 20:37:25,034 wheel INFO adding 'imagesize-1.4.1.dist-info/top_level.txt'
2025-05-16 20:37:25,035 wheel INFO adding 'imagesize-1.4.1.dist-info/RECORD'
2025-05-16 20:37:25,035 root INFO removing build/bdist.linux-x86_64/wheel
2025-05-16 20:37:25,035 gpep517 INFO The backend produced .dist/imagesize-1.4.1-py2.py3-none-any.whl
imagesize-1.4.1-py2.py3-none-any.whl
============================= test session starts ==============================
platform linux -- Python 3.12.10, pytest-8.3.5, pluggy-1.5.0 -- /home/packager/aports/main/py3-imagesize/src/imagesize-1.4.1/.testenv/bin/python3
cachedir: .pytest_cache
rootdir: /home/packager/aports/main/py3-imagesize/src/imagesize-1.4.1
collecting ... collected 45 items / 1 deselected / 44 selected

test/test_get.py::GetTest::test_bigendian_tiff PASSED                    [  2%]
test/test_get.py::GetTest::test_bigendian_tiff_bytes PASSED              [  4%]
test/test_get.py::GetTest::test_bigendian_tiff_path PASSED               [  6%]
test/test_get.py::GetTest::test_littleendian_tiff PASSED                 [  9%]
test/test_get.py::GetTest::test_littleendian_tiff_bytes PASSED           [ 11%]
test/test_get.py::GetTest::test_littleendian_tiff_path PASSED            [ 13%]
test/test_get.py::GetTest::test_load_gif PASSED                          [ 15%]
test/test_get.py::GetTest::test_load_gif_bytes PASSED                    [ 18%]
test/test_get.py::GetTest::test_load_gif_path PASSED                     [ 20%]
test/test_get.py::GetTest::test_load_jpeg PASSED                         [ 22%]
test/test_get.py::GetTest::test_load_jpeg2000 PASSED                     [ 25%]
test/test_get.py::GetTest::test_load_jpeg2000_bytes PASSED               [ 27%]
test/test_get.py::GetTest::test_load_jpeg2000_path PASSED                [ 29%]
test/test_get.py::GetTest::test_load_jpeg_bytes PASSED                   [ 31%]
test/test_get.py::GetTest::test_load_jpeg_path PASSED                    [ 34%]
test/test_get.py::GetTest::test_load_png PASSED                          [ 36%]
test/test_get.py::GetTest::test_load_png_bytes PASSED                    [ 38%]
test/test_get.py::GetTest::test_load_png_filelike PASSED                 [ 40%]
test/test_get.py::GetTest::test_load_png_path PASSED                     [ 43%]
test/test_get.py::GetTest::test_load_svg PASSED                          [ 45%]
test/test_get.py::GetTest::test_load_svg_bytes PASSED                    [ 47%]
test/test_get.py::GetTest::test_load_svg_path PASSED                     [ 50%]
test/test_get.py::GetTest::test_netpbm PASSED                            [ 52%]
test/test_getdpi.py::GetDPITest::test_bigendian_tiff PASSED              [ 54%]
test/test_getdpi.py::GetDPITest::test_bigendian_tiff_bytes PASSED        [ 56%]
test/test_getdpi.py::GetDPITest::test_bigendian_tiff_path PASSED         [ 59%]
test/test_getdpi.py::GetDPITest::test_gif PASSED                         [ 61%]
test/test_getdpi.py::GetDPITest::test_gif_bytes PASSED                   [ 63%]
test/test_getdpi.py::GetDPITest::test_gif_path PASSED                    [ 65%]
test/test_getdpi.py::GetDPITest::test_jpeg PASSED                        [ 68%]
test/test_getdpi.py::GetDPITest::test_jpeg2000 PASSED                    [ 70%]
test/test_getdpi.py::GetDPITest::test_jpeg2000_bytes PASSED              [ 72%]
test/test_getdpi.py::GetDPITest::test_jpeg2000_path PASSED               [ 75%]
test/test_getdpi.py::GetDPITest::test_jpeg_bytes PASSED                  [ 77%]
test/test_getdpi.py::GetDPITest::test_jpeg_path PASSED                   [ 79%]
test/test_getdpi.py::GetDPITest::test_littleendian_tiff PASSED           [ 81%]
test/test_getdpi.py::GetDPITest::test_littleendian_tiff_bytes PASSED     [ 84%]
test/test_getdpi.py::GetDPITest::test_littleendian_tiff_path PASSED      [ 86%]
test/test_getdpi.py::GetDPITest::test_png PASSED                         [ 88%]
test/test_getdpi.py::GetDPITest::test_png_bytes PASSED                   [ 90%]
test/test_getdpi.py::GetDPITest::test_png_path PASSED                    [ 93%]
test/test_getdpi.py::GetDPITest::test_svg PASSED                         [ 95%]
test/test_getdpi.py::GetDPITest::test_svg_bytes PASSED                   [ 97%]
test/test_getdpi.py::GetDPITest::test_svg_path PASSED                    [100%]

======================= 44 passed, 1 deselected in 0.08s =======================
>>> py3-imagesize: Entering fakeroot...
>>> py3-imagesize-pyc*: Running split function pyc...
'usr/lib/python3.12/site-packages/imagesize/__pycache__' -> '/home/packager/aports/main/py3-imagesize/pkg/py3-imagesize-pyc/usr/lib/python3.12/site-packages/imagesize/__pycache__'
>>> py3-imagesize-pyc*: Preparing subpackage py3-imagesize-pyc...
>>> py3-imagesize-pyc*: Running postcheck for py3-imagesize-pyc
>>> py3-imagesize*: Running postcheck for py3-imagesize
>>> py3-imagesize*: Preparing package py3-imagesize...
>>> py3-imagesize-pyc*: Tracing dependencies...
	python3
	python3~3.12
>>> py3-imagesize-pyc*: Package size: 15.5 KB
>>> py3-imagesize-pyc*: Compressing data...
>>> py3-imagesize-pyc*: Create checksum...
pigz: not found
>>> py3-imagesize-pyc*: Create py3-imagesize-pyc-1.4.1-r4.apk
>>> py3-imagesize*: Tracing dependencies...
	python3
	python3~3.12
>>> py3-imagesize*: Package size: 17.1 KB
>>> py3-imagesize*: Compressing data...
>>> py3-imagesize*: Create checksum...
pigz: not found
>>> py3-imagesize*: Create py3-imagesize-1.4.1-r4.apk
>>> py3-imagesize: Build complete at Fri, 16 May 2025 20:37:26 +0000 elapsed time 0h 0m 5s
>>> py3-imagesize: Cleaning up srcdir
>>> py3-imagesize: Cleaning up pkgdir
>>> py3-imagesize: Uninstalling dependencies...
(1/32) Purging .makedepends-py3-imagesize (20250516.203723)
(2/32) Purging py3-gpep517-pyc (19-r0)
(3/32) Purging py3-gpep517 (19-r0)
(4/32) Purging py3-installer-pyc (0.7.0-r2)
(5/32) Purging py3-installer (0.7.0-r2)
(6/32) Purging py3-setuptools-pyc (80.3.1-r0)
(7/32) Purging py3-setuptools (80.3.1-r0)
(8/32) Purging py3-wheel-pyc (0.46.1-r0)
(9/32) Purging py3-wheel (0.46.1-r0)
(10/32) Purging py3-pytest-pyc (8.3.5-r0)
(11/32) Purging py3-pytest (8.3.5-r0)
(12/32) Purging py3-iniconfig-pyc (2.1.0-r0)
(13/32) Purging py3-iniconfig (2.1.0-r0)
(14/32) Purging py3-packaging-pyc (25.0-r0)
(15/32) Purging py3-packaging (25.0-r0)
(16/32) Purging py3-parsing-pyc (3.2.3-r0)
(17/32) Purging py3-parsing (3.2.3-r0)
(18/32) Purging py3-pluggy-pyc (1.5.0-r0)
(19/32) Purging py3-pluggy (1.5.0-r0)
(20/32) Purging py3-py-pyc (1.11.0-r4)
(21/32) Purging py3-py (1.11.0-r4)
(22/32) Purging python3-pyc (3.12.10-r0)
(23/32) Purging python3-pycache-pyc0 (3.12.10-r0)
(24/32) Purging pyc (3.12.10-r0)
(25/32) Purging python3 (3.12.10-r0)
(26/32) Purging gdbm (1.24-r0)
(27/32) Purging libbz2 (1.0.8-r6)
(28/32) Purging libffi (3.4.7-r0)
(29/32) Purging libpanelw (6.5_p20250503-r0)
(30/32) Purging mpdecimal (4.0.0-r0)
(31/32) Purging sqlite-libs (3.49.2-r0)
(32/32) Purging xz-libs (5.6.3-r1)
Executing busybox-1.37.0-r12.trigger
OK: 259 MiB in 74 packages
>>> py3-imagesize: Updating the main/x86_64 repository index...
>>> py3-imagesize: Signing the index...
pigz: not found
