>>> liblognorm: Validating /home/packager/oily-pine/main/liblognorm/APKBUILD...
>>> liblognorm: Cleaning up srcdir
>>> liblognorm: Cleaning up pkgdir
>>> liblognorm: Cleaning up tmpdir
>>> liblognorm: Fetching http://www.liblognorm.com/files/download/liblognorm-2.0.6.tar.gz
  % Total    % Received % Xferd  Average Speed   Time    Time     Time  Current
                                 Dload  Upload   Total   Spent    Left  Speed
  0     0    0     0    0     0      0      0 --:--:-- --:--:-- --:--:--     0100   357  100   357    0     0   3373      0 --:--:-- --:--:-- --:--:--  3400
  0     0    0     0    0     0      0      0 --:--:-- --:--:-- --:--:--     0100  651k    0  651k    0     0  1981k      0 --:--:-- --:--:-- --:--:-- 3305k
>>> liblognorm: Fetching http://www.liblognorm.com/files/download/liblognorm-2.0.6.tar.gz
>>> liblognorm: Checking sha512sums...
liblognorm-2.0.6.tar.gz: OK
parse-name-value-quoting-support.patch: OK
>>> liblognorm: Preparing build chroot...
fetch http://dl-cdn.alpinelinux.org/alpine/edge/main/x86_64/APKINDEX.tar.gz
(1/76) Installing musl (1.2.5-r10)
(2/76) Installing libcrypto3 (3.5.0-r0)
(3/76) Installing ca-certificates-bundle (20241121-r2)
(4/76) Installing libssl3 (3.5.0-r0)
(5/76) Installing zlib (1.3.1-r2)
(6/76) Installing libapk2 (2.14.9-r2)
(7/76) Installing apk-tools (2.14.9-r2)
(8/76) Installing libcap2 (2.76-r0)
(9/76) Installing libcap-getcap (2.76-r0)
(10/76) Installing fakeroot (1.37.1.1-r0)
(11/76) Installing scanelf (1.3.8-r1)
(12/76) Installing musl-utils (1.2.5-r10)
(13/76) Installing libgcc (14.3.0-r1)
(14/76) Installing libstdc++ (14.3.0-r1)
(15/76) Installing lzip (1.25-r0)
(16/76) Installing openssl (3.5.0-r0)
(17/76) Installing patch (2.8-r0)
(18/76) Installing pkgconf (2.4.3-r0)
(19/76) Installing acl-libs (2.3.2-r1)
(20/76) Installing tar (1.35-r3)
(21/76) Installing busybox (1.37.0-r18)
Executing busybox-1.37.0-r18.post-install
(22/76) Installing ssl_client (1.37.0-r18)
(23/76) Installing busybox-binsh (1.37.0-r18)
(24/76) Installing abuild (3.15.0-r0)
Executing abuild-3.15.0-r0.pre-install
(25/76) Installing abuild-sudo (3.15.0-r0)
(26/76) Installing alpine-baselayout-data (3.7.0-r0)
(27/76) Installing alpine-baselayout (3.7.0-r0)
Executing alpine-baselayout-3.7.0-r0.pre-install
Executing alpine-baselayout-3.7.0-r0.post-install
(28/76) Installing bridge (1.5-r5)
(29/76) Installing ifupdown-ng (0.12.1-r7)
(30/76) Installing openrc-user (0.62.2-r2)
(31/76) Installing openrc (0.62.2-r2)
Executing openrc-0.62.2-r2.post-install
(32/76) Installing mdev-conf (4.8-r0)
(33/76) Installing busybox-mdev-openrc (1.37.0-r18)
(34/76) Installing alpine-conf (3.20.0-r0)
(35/76) Installing alpine-keys (2.5-r0)
(36/76) Installing alpine-release (3.22.0-r0)
(37/76) Installing busybox-openrc (1.37.0-r18)
(38/76) Installing busybox-suid (1.37.0-r18)
(39/76) Installing alpine-base (3.22.0-r0)
(40/76) Installing ncurses-terminfo-base (6.5_p20250503-r0)
(41/76) Installing libncursesw (6.5_p20250503-r0)
(42/76) Installing readline (8.2.13-r1)
(43/76) Installing bash (5.2.37-r0)
Executing bash-5.2.37-r0.post-install
(44/76) Installing jansson (2.14.1-r0)
(45/76) Installing zstd-libs (1.5.7-r0)
(46/76) Installing binutils (2.44-r0)
(47/76) Installing libmagic (5.46-r2)
(48/76) Installing file (5.46-r2)
(49/76) Installing libgomp (14.3.0-r1)
(50/76) Installing libatomic (14.3.0-r1)
(51/76) Installing gmp (6.3.0-r3)
(52/76) Installing isl26 (0.26-r1)
(53/76) Installing mpfr4 (4.2.1_p1-r0)
(54/76) Installing mpc1 (1.3.1-r1)
(55/76) Installing gcc (14.3.0-r1)
(56/76) Installing libstdc++-dev (14.3.0-r1)
(57/76) Installing musl-dev (1.2.5-r10)
(58/76) Installing g++ (14.3.0-r1)
(59/76) Installing make (4.4.1-r3)
(60/76) Installing fortify-headers (1.1-r5)
(61/76) Installing build-base (0.5-r3)
(62/76) Installing brotli-libs (1.1.0-r2)
(63/76) Installing c-ares (1.34.5-r0)
(64/76) Installing libunistring (1.3-r0)
(65/76) Installing libidn2 (2.3.7-r0)
(66/76) Installing nghttp2-libs (1.65.0-r0)
(67/76) Installing libpsl (0.21.5-r3)
(68/76) Installing libcurl (8.14.0-r2)
(69/76) Installing libexpat (2.7.1-r0)
(70/76) Installing pcre2 (10.43-r1)
(71/76) Installing git (2.49.0-r0)
(72/76) Installing git-init-template (2.49.0-r0)
(73/76) Installing libestr (0.1.11-r4)
(74/76) Installing libestr-dev (0.1.11-r4)
(75/76) Installing libfastjson (1.2304.0-r4)
(76/76) Installing libfastjson-dev (1.2304.0-r4)
Executing busybox-1.37.0-r18.trigger
OK: 262 MiB in 76 packages
>>> liblognorm: Fetching http://www.liblognorm.com/files/download/liblognorm-2.0.6.tar.gz
>>> liblognorm: Checking sha512sums...
liblognorm-2.0.6.tar.gz: OK
parse-name-value-quoting-support.patch: OK
>>> liblognorm: Unpacking /var/cache/distfiles/liblognorm-2.0.6.tar.gz...
>>> liblognorm: parse-name-value-quoting-support.patch
patching file src/parser.c
Hunk #1 succeeded at 2420 (offset 453 lines).
>>> liblognorm: Updating ./config.sub
checking for a BSD-compatible install... /usr/bin/install -c
checking whether build environment is sane... yes
checking for a thread-safe mkdir -p... ./install-sh -c -d
checking for gawk... no
checking for mawk... no
checking for nawk... no
checking for awk... awk
checking whether make sets $(MAKE)... yes
checking whether make supports nested variables... yes
checking whether make supports nested variables... (cached) yes
checking for style of include used by make... GNU
checking for x86_64-alpine-linux-musl-gcc... cc
checking whether the C compiler works... yes
checking for C compiler default output file name... a.out
checking for suffix of executables... 
checking whether we are cross compiling... no
checking for suffix of object files... o
checking whether we are using the GNU C compiler... yes
checking whether cc accepts -g... yes
checking for cc option to accept ISO C89... none needed
checking whether cc understands -c and -o together... yes
checking dependency style of cc... gcc3
checking how to run the C preprocessor... cc -E
checking for grep that handles long lines and -e... /bin/grep
checking for egrep... /bin/grep -E
checking for ANSI C header files... yes
checking for sys/types.h... yes
checking for sys/stat.h... yes
checking for stdlib.h... yes
checking for string.h... yes
checking for memory.h... yes
checking for strings.h... yes
checking for inttypes.h... yes
checking for stdint.h... yes
checking for unistd.h... yes
checking minix/config.h usability... no
checking minix/config.h presence... no
checking for minix/config.h... no
checking whether it is safe to define __EXTENSIONS__... yes
checking for x86_64-alpine-linux-musl-gcc... (cached) cc
checking whether we are using the GNU C compiler... (cached) yes
checking whether cc accepts -g... (cached) yes
checking for cc option to accept ISO C89... (cached) none needed
checking whether cc understands -c and -o together... (cached) yes
checking dependency style of cc... (cached) gcc3
checking for cc option to accept ISO C99... none needed
checking build system type... x86_64-alpine-linux-musl
checking host system type... x86_64-alpine-linux-musl
checking how to print strings... printf
checking for a sed that does not truncate output... /bin/sed
checking for fgrep... /bin/grep -F
checking for ld used by cc... /usr/x86_64-alpine-linux-musl/bin/ld
checking if the linker (/usr/x86_64-alpine-linux-musl/bin/ld) is GNU ld... yes
checking for BSD- or MS-compatible name lister (nm)... /usr/bin/nm -B
checking the name lister (/usr/bin/nm -B) interface... BSD nm
checking whether ln -s works... yes
checking the maximum length of command line arguments... 98304
checking how to convert x86_64-alpine-linux-musl file names to x86_64-alpine-linux-musl format... func_convert_file_noop
checking how to convert x86_64-alpine-linux-musl file names to toolchain format... func_convert_file_noop
checking for /usr/x86_64-alpine-linux-musl/bin/ld option to reload object files... -r
checking for x86_64-alpine-linux-musl-objdump... no
checking for objdump... objdump
checking how to recognize dependent libraries... pass_all
checking for x86_64-alpine-linux-musl-dlltool... no
checking for dlltool... no
checking how to associate runtime and link libraries... printf %s\n
checking for x86_64-alpine-linux-musl-ar... no
checking for ar... ar
checking for archiver @FILE support... @
checking for x86_64-alpine-linux-musl-strip... no
checking for strip... strip
checking for x86_64-alpine-linux-musl-ranlib... no
checking for ranlib... ranlib
checking command to parse /usr/bin/nm -B output from cc object... ok
checking for sysroot... no
checking for a working dd... /bin/dd
checking how to truncate binary pipes... /bin/dd bs=4096 count=1
checking for x86_64-alpine-linux-musl-mt... no
checking for mt... no
checking if : is a manifest tool... no
checking for dlfcn.h... yes
checking for objdir... .libs
checking if cc supports -fno-rtti -fno-exceptions... no
checking for cc option to produce PIC... -fPIC -DPIC
checking if cc PIC flag -fPIC -DPIC works... yes
checking if cc static flag -static works... yes
checking if cc supports -c -o file.o... yes
checking if cc supports -c -o file.o... (cached) yes
checking whether the cc linker (/usr/x86_64-alpine-linux-musl/bin/ld -m elf_x86_64) supports shared libraries... yes
checking whether -lc should be explicitly linked in... no
checking dynamic linker characteristics... GNU/Linux ld.so
checking how to hardcode library paths into programs... immediate
checking whether stripping libraries is possible... yes
checking if libtool supports shared libraries... yes
checking whether to build shared libraries... yes
checking whether to build static libraries... yes
checking whether C compiler accepts -Werror=unknown-warning-option... no
checking whether C compiler accepts -Wno-suggest-attribute=format... yes
checking whether C compiler accepts -fno-strict-aliasing... yes
checking whether C compiler accepts -Wall... yes
checking whether C compiler accepts -Wextra... yes
checking whether C compiler accepts -Wundef... yes
checking whether C compiler accepts -Wnested-externs... yes
checking whether C compiler accepts -Wwrite-strings... yes
checking whether C compiler accepts -Wpointer-arith... yes
checking whether C compiler accepts -Wmissing-declarations... yes
checking whether C compiler accepts -Wmissing-prototypes... yes
checking whether C compiler accepts -Wstrict-prototypes... yes
checking whether C compiler accepts -Wredundant-decls... yes
checking whether C compiler accepts -Wno-unused-parameter... yes
checking whether C compiler accepts -Wno-missing-field-initializers... yes
checking whether C compiler accepts -Wdeclaration-after-statement... yes
checking whether C compiler accepts -Wformat=2... yes
checking whether C compiler accepts -Wold-style-definition... yes
checking whether C compiler accepts -Wcast-align... yes
checking whether C compiler accepts -Wformat-nonliteral... yes
checking whether C compiler accepts -Wformat-security... yes
checking whether C compiler accepts -Wsign-compare... yes
checking whether C compiler accepts -Wstrict-aliasing... yes
checking whether C compiler accepts -Wshadow... yes
checking whether C compiler accepts -Winline... yes
checking whether C compiler accepts -Wpacked... yes
checking whether C compiler accepts -Wmissing-format-attribute... yes
checking whether C compiler accepts -Wmissing-noreturn... yes
checking whether C compiler accepts -Winit-self... yes
checking whether C compiler accepts -Wredundant-decls... (cached) yes
checking whether C compiler accepts -Wmissing-include-dirs... yes
checking whether C compiler accepts -Wunused-but-set-variable... yes
checking whether C compiler accepts -Warray-bounds... yes
checking whether C compiler accepts -Wimplicit-function-declaration... yes
checking whether C compiler accepts -Wreturn-type... yes
checking whether C compiler accepts -Wswitch-enum... yes
checking whether C compiler accepts -Wswitch-default... yes
checking whether C compiler accepts -Wno-error=unused-parameter... yes
checking whether C compiler accepts -Wno-error=missing-field-initializers... yes
checking whether C compiler accepts -Werror=unknown-warning-option... (cached) no
checking whether the linker accepts -Wl,--no-as-needed... yes
checking whether the linker accepts -Wl,--fatal-warnings... yes
checking whether the linker accepts -Wl,-fatal_warnings... no
checking whether the linker accepts -Wl,--no-as-needed... yes
checking for library containing clock_getm4_defn(2.69)... no
checking for ANSI C header files... (cached) yes
checking for an ANSI C-conforming const... yes
checking for size_t... yes
checking sys/select.h usability... yes
checking sys/select.h presence... yes
checking for sys/select.h... yes
checking sys/socket.h usability... yes
checking sys/socket.h presence... yes
checking for sys/socket.h... yes
checking types of arguments for select... int,fd_set *,struct timeval *
checking return type of signal handlers... void
checking whether strerror_r is declared... yes
checking for strerror_r... yes
checking whether strerror_r returns char *... no
checking for strdup... yes
checking for strndup... yes
checking for strtok_r... yes
checking for x86_64-alpine-linux-musl-pkg-config... no
checking for pkg-config... /usr/bin/pkg-config
checking pkg-config is at least version 0.9.0... yes
checking for LIBESTR... yes
checking for JSON_C... yes
checking that generated files are newer than configure... done
configure: creating ./config.status
config.status: creating Makefile
config.status: creating lognorm.pc
config.status: creating compat/Makefile
config.status: creating doc/Makefile
config.status: creating src/Makefile
config.status: creating src/lognorm-features.h
config.status: creating tools/Makefile
config.status: creating tests/Makefile
config.status: creating tests/options.sh
config.status: creating config.h
config.status: executing depfiles commands
config.status: executing libtool commands
*****************************************************
liblognorm will be compiled with the following settings:

Regex enabled:               no
Advanced Statistics enabled: no
Testbench enabled:           yes
Valgrind enabled:            no
Debug mode enabled:          no
Tools enabled:               yes
Docs enabled:                no
make  all-recursive
make[1]: Entering directory '/tmp/src/liblognorm-2.0.6'
Making all in compat
make[2]: Entering directory '/tmp/src/liblognorm-2.0.6/compat'
  CC       compat_la-strndup.lo
  CC       compat_la-asprintf.lo
  CCLD     compat.la
ar: `u' modifier ignored since `D' is the default (see `U')
make[2]: Leaving directory '/tmp/src/liblognorm-2.0.6/compat'
Making all in src
make[2]: Entering directory '/tmp/src/liblognorm-2.0.6/src'
  CC       liblognorm_la-liblognorm.lo
  CC       liblognorm_la-pdag.lo
  CC       liblognorm_la-annot.lo
  CC       liblognorm_la-samp.lo
  CC       liblognorm_la-lognorm.lo
  CC       liblognorm_la-parser.lo
  CC       liblognorm_la-enc_syslog.lo
  CC       liblognorm_la-enc_csv.lo
  CC       liblognorm_la-enc_xml.lo
  CC       liblognorm_la-v1_liblognorm.lo
  CC       liblognorm_la-v1_parser.lo
  CC       liblognorm_la-v1_ptree.lo
  CC       liblognorm_la-v1_samp.lo
  CC       lognormalizer-lognormalizer.o
pdag.c: In function 'ln_pdagComponentSetIDs':
pdag.c:107:1: warning: inlining failed in call to 'parserName': call is unlikely and code size would grow [-Winline]
  107 | parserName(const prsid_t id)
      | ^~~~~~~~~~
pdag.c:493:36: note: called from here
  493 |                                 if(asprintf(&id, "%s%%%s:%s:%s%%", prefix,
      |                                    ^~~~~~~~~~~~~~~~~~~~~~~~~~~~~~~~~~~~~~~
  494 |                                         prs->name,
      |                                         ~~~~~~~~~~
  495 |                                         parserName(prs->prsid),
      |                                         ~~~~~~~~~~~~~~~~~~~~~~~
  496 |                                         ln_DataForDisplayLiteral(dag->ctx, prs->parser_data)) == -1)
      |                                         ~~~~~~~~~~~~~~~~~~~~~~~~~~~~~~~~~~~~~~~~~~~~~~~~~~~~~
pdag.c:107:1: warning: inlining failed in call to 'parserName': call is unlikely and code size would grow [-Winline]
  107 | parserName(const prsid_t id)
      | ^~~~~~~~~~
pdag.c:500:28: note: called from here
  500 |                         if(asprintf(&id, "%s%%%s:%s%%", prefix,
      |                            ^~~~~~~~~~~~~~~~~~~~~~~~~~~~~~~~~~~~
  501 |                                 prs->name ? prs->name : "-",
      |                                 ~~~~~~~~~~~~~~~~~~~~~~~~~~~~
  502 |                                 parserName(prs->prsid)) == -1)
      |                                 ~~~~~~~~~~~~~~~~~~~~~~~
In file included from annot.c:40:
In function 'ln_annotateEventWithTag',
    inlined from 'ln_annotate' at annot.c:234:3:
internal.h:89:21: warning: inlining failed in call to 'ln_es_str2cstr': call is unlikely and code size would grow [-Winline]
   89 | static inline char* ln_es_str2cstr(es_str_t **str)
      |                     ^~~~~~~~~~~~~~
annot.c:201:37: note: called from here
  201 |                         CHKN(cstr = ln_es_str2cstr(&op->value));
      |                                     ^~~~~~~~~~~~~~~~~~~~~~~~~~
internal.h:82:13: note: in definition of macro 'CHKN'
   82 |         if((x) == NULL) { \
      |             ^
internal.h:89:21: warning: inlining failed in call to 'ln_es_str2cstr': call is unlikely and code size would grow [-Winline]
   89 | static inline char* ln_es_str2cstr(es_str_t **str)
      |                     ^~~~~~~~~~~~~~
annot.c:203:37: note: called from here
  203 |                         CHKN(cstr = ln_es_str2cstr(&op->name));
      |                                     ^~~~~~~~~~~~~~~~~~~~~~~~~
internal.h:82:13: note: in definition of macro 'CHKN'
   82 |         if((x) == NULL) { \
      |             ^
pdag.c: In function 'ln_genDotPDAGGraphRec':
pdag.c:1082:20: warning: inlining failed in call to 'dotAddPtr': call is unlikely and code size would grow [-Winline]
 1082 | static inline void dotAddPtr(es_str_t **str, void *p)
      |                    ^~~~~~~~~
pdag.c:1101:9: note: called from here
 1101 |         dotAddPtr(str, dag);
      |         ^~~~~~~~~~~~~~~~~~~
pdag.c:107:1: warning: inlining failed in call to 'parserName': call is unlikely and code size would grow [-Winline]
  107 | parserName(const prsid_t id)
      | ^~~~~~~~~~
pdag.c:1121:56: note: called from here
 1121 |                 es_addBuf(str, parserName(prs->prsid), strlen(parserName(prs->prsid)));
      |                                                        ^~~~~~~~~~~~~~~~~~~~~~~~~~~~~~
pdag.c:1082:20: warning: inlining failed in call to 'dotAddPtr': call is unlikely and code size would grow [-Winline]
 1082 | static inline void dotAddPtr(es_str_t **str, void *p)
      |                    ^~~~~~~~~
pdag.c:1119:17: note: called from here
 1119 |                 dotAddPtr(str, prs->node);
      |                 ^~~~~~~~~~~~~~~~~~~~~~~~~
pdag.c:1082:20: warning: inlining failed in call to 'dotAddPtr': call is unlikely and code size would grow [-Winline]
 1082 | static inline void dotAddPtr(es_str_t **str, void *p)
      |                    ^~~~~~~~~
pdag.c:1117:17: note: called from here
 1117 |                 dotAddPtr(str, dag);
      |                 ^~~~~~~~~~~~~~~~~~~
pdag.c: In function 'ln_genStatsDotPDAGGraphRec':
pdag.c:107:1: warning: inlining failed in call to 'parserName': call is unlikely and code size would grow [-Winline]
  107 | parserName(const prsid_t id)
      | ^~~~~~~~~~
pdag.c:1178:25: note: called from here
 1178 |                         fprintf(fp, "%s", parserName(prs->prsid));
      |                         ^~~~~~~~~~~~~~~~~~~~~~~~~~~~~~~~~~~~~~~~~
v1_ptree.c: In function 'ln_genDotPTreeGraphRec':
v1_ptree.c:464:20: warning: inlining failed in call to 'dotAddPtr': call is unlikely and code size would grow [-Winline]
  464 | static inline void dotAddPtr(es_str_t **str, void *p)
      |                    ^~~~~~~~~
v1_ptree.c:481:9: note: called from here
  481 |         dotAddPtr(str, tree);
      |         ^~~~~~~~~~~~~~~~~~~~
v1_ptree.c:464:20: warning: inlining failed in call to 'dotAddPtr': call is unlikely and code size would grow [-Winline]
  464 | static inline void dotAddPtr(es_str_t **str, void *p)
      |                    ^~~~~~~~~
v1_ptree.c:499:25: note: called from here
  499 |                         dotAddPtr(str, tree->subtree[i]);
      |                         ^~~~~~~~~~~~~~~~~~~~~~~~~~~~~~~~
v1_ptree.c:464:20: warning: inlining failed in call to 'dotAddPtr': call is unlikely and code size would grow [-Winline]
  464 | static inline void dotAddPtr(es_str_t **str, void *p)
      |                    ^~~~~~~~~
v1_ptree.c:497:25: note: called from here
  497 |                         dotAddPtr(str, tree);
      |                         ^~~~~~~~~~~~~~~~~~~~
v1_ptree.c:464:20: warning: inlining failed in call to 'dotAddPtr': call is unlikely and code size would grow [-Winline]
  464 | static inline void dotAddPtr(es_str_t **str, void *p)
      |                    ^~~~~~~~~
v1_ptree.c:511:17: note: called from here
  511 |                 dotAddPtr(str, node->subtree);
      |                 ^~~~~~~~~~~~~~~~~~~~~~~~~~~~~
v1_ptree.c:464:20: warning: inlining failed in call to 'dotAddPtr': call is unlikely and code size would grow [-Winline]
  464 | static inline void dotAddPtr(es_str_t **str, void *p)
      |                    ^~~~~~~~~
v1_ptree.c:509:17: note: called from here
  509 |                 dotAddPtr(str, tree);
      |                 ^~~~~~~~~~~~~~~~~~~~
pdag.c: In function 'ln_pdagStats.isra':
pdag.c:107:1: warning: inlining failed in call to 'parserName': call is unlikely and code size would grow [-Winline]
  107 | parserName(const prsid_t id)
      | ^~~~~~~~~~
pdag.c:626:25: note: called from here
  626 |                         fprintf(fp, "\t%20s: %d\n", parserName(i), stats->prs_cnt[i]);
      |                         ^~~~~~~~~~~~~~~~~~~~~~~~~~~~~~~~~~~~~~~~~~~~~~~~~~~~~~~~~~~~~
In file included from v1_ptree.c:40:
In function 'ln_iptablesParser',
    inlined from 'ln_v1_normalizeRec' at v1_ptree.c:710:13:
internal.h:89:21: warning: inlining failed in call to 'ln_es_str2cstr': call is unlikely and code size would grow [-Winline]
   89 | static inline char* ln_es_str2cstr(es_str_t **str)
      |                     ^~~~~~~~~~~~~~
v1_ptree.c:614:27: note: called from here
  614 |                 CHKN(cn = ln_es_str2cstr(&fname));
      |                           ^~~~~~~~~~~~~~~~~~~~~~
internal.h:82:13: note: in definition of macro 'CHKN'
   82 |         if((x) == NULL) { \
      |             ^
internal.h:89:21: warning: inlining failed in call to 'ln_es_str2cstr': call is unlikely and code size would grow [-Winline]
   89 | static inline char* ln_es_str2cstr(es_str_t **str)
      |                     ^~~~~~~~~~~~~~
v1_ptree.c:615:27: note: called from here
  615 |                 CHKN(cv = ln_es_str2cstr(&fval));
      |                           ^~~~~~~~~~~~~~~~~~~~~
internal.h:82:13: note: in definition of macro 'CHKN'
   82 |         if((x) == NULL) { \
      |             ^
internal.h: In function 'ln_v1_normalizeRec':
internal.h:89:21: warning: inlining failed in call to 'ln_es_str2cstr': call is unlikely and code size would grow [-Winline]
   89 | static inline char* ln_es_str2cstr(es_str_t **str)
      |                     ^~~~~~~~~~~~~~
v1_ptree.c:757:59: note: called from here
  757 |                                                 namestr = ln_es_str2cstr(&node->name);
      |                                                           ^~~~~~~~~~~~~~~~~~~~~~~~~~~
internal.h:89:21: warning: inlining failed in call to 'ln_es_str2cstr': call is unlikely and code size would grow [-Winline]
   89 | static inline char* ln_es_str2cstr(es_str_t **str)
      |                     ^~~~~~~~~~~~~~
v1_ptree.c:834:35: note: called from here
  834 |                         namestr = ln_es_str2cstr(&restMotifNode->name);
      |                                   ^~~~~~~~~~~~~~~~~~~~~~~~~~~~~~~~~~~~
pdag.c: In function 'ln_pdagComponentOptimize.isra':
pdag.c:107:1: warning: inlining failed in call to 'parserName': call is unlikely and code size would grow [-Winline]
  107 | parserName(const prsid_t id)
      | ^~~~~~~~~~
In file included from pdag.c:22:
lognorm.h:83:57: note: called from here
   83 | #define LN_DBGPRINTF(ctx, ...) if(ctx->dbgCB != NULL) { ln_dbgprintf(ctx, __VA_ARGS__); }
      |                                                         ^~~~~~~~~~~~~~~~~~~~~~~~~~~~~~
pdag.c:407:17: note: in expansion of macro 'LN_DBGPRINTF'
  407 |                 LN_DBGPRINTF(dag->ctx, "optimizing %p: field %d type '%s', name '%s': '%s':",
      |                 ^~~~~~~~~~~~
pdag.c: In function 'ln_displayPDAGComponent':
pdag.c:107:1: warning: inlining failed in call to 'parserName': call is unlikely and code size would grow [-Winline]
  107 | parserName(const prsid_t id)
      | ^~~~~~~~~~
lognorm.h:83:57: note: called from here
   83 | #define LN_DBGPRINTF(ctx, ...) if(ctx->dbgCB != NULL) { ln_dbgprintf(ctx, __VA_ARGS__); }
      |                                                         ^~~~~~~~~~~~~~~~~~~~~~~~~~~~~~
pdag.c:1015:9: note: in expansion of macro 'LN_DBGPRINTF'
 1015 |         LN_DBGPRINTF(dag->ctx, "%sfield type '%s', name '%s': '%s': called %u", indent,
      |         ^~~~~~~~~~~~
pdag.c:107:1: warning: inlining failed in call to 'parserName': call is unlikely and code size would grow [-Winline]
  107 | parserName(const prsid_t id)
      | ^~~~~~~~~~
lognorm.h:83:57: note: called from here
   83 | #define LN_DBGPRINTF(ctx, ...) if(ctx->dbgCB != NULL) { ln_dbgprintf(ctx, __VA_ARGS__); }
      |                                                         ^~~~~~~~~~~~~~~~~~~~~~~~~~~~~~
pdag.c:1023:17: note: in expansion of macro 'LN_DBGPRINTF'
 1023 |                 LN_DBGPRINTF(dag->ctx, "%sfield type '%s', name '%s': '%s':", indent,
      |                 ^~~~~~~~~~~~
pdag.c: In function 'ln_normalizeRec':
pdag.c:107:1: warning: inlining failed in call to 'parserName': call is unlikely and code size would grow [-Winline]
  107 | parserName(const prsid_t id)
      | ^~~~~~~~~~
lognorm.h:83:57: note: called from here
   83 | #define LN_DBGPRINTF(ctx, ...) if(ctx->dbgCB != NULL) { ln_dbgprintf(ctx, __VA_ARGS__); }
      |                                                         ^~~~~~~~~~~~~~~~~~~~~~~~~~~~~~
pdag.c:1562:25: note: in expansion of macro 'LN_DBGPRINTF'
 1562 |                         LN_DBGPRINTF(dag->ctx, "%zu/%d:trying '%s' parser for field '%s', "
      |                         ^~~~~~~~~~~~
In function 'add_rule_to_mockup',
    inlined from 'ln_normalizeRec' at pdag.c:1584:6:
pdag.c:107:1: warning: inlining failed in call to 'parserName': call is unlikely and code size would grow [-Winline]
  107 | parserName(const prsid_t id)
      | ^~~~~~~~~~
pdag.c:1504:17: note: called from here
 1504 |                 add_str_reversed(npb,
      |                 ^~~~~~~~~~~~~~~~~~~~~
 1505 |                         parserName(prs->prsid),
      |                         ~~~~~~~~~~~~~~~~~~~~~~~
 1506 |                         strlen(parserName(prs->prsid)) );
      |                         ~~~~~~~~~~~~~~~~~~~~~~~~~~~~~~~~
v1_parser.c: In function 'ln_parseRFC5424Date':
v1_parser.c:49:1: warning: inlining failed in call to 'hParseInt': call is unlikely and code size would grow [-Winline]
   49 | hParseInt(const unsigned char **buf, size_t *lenBuf)
      | ^~~~~~~~~
v1_parser.c:212:16: note: called from here
  212 |         year = hParseInt(&pszTS, &len);
      |                ^~~~~~~~~~~~~~~~~~~~~~~
v1_parser.c:49:1: warning: inlining failed in call to 'hParseInt': call is unlikely and code size would grow [-Winline]
   49 | hParseInt(const unsigned char **buf, size_t *lenBuf)
      | ^~~~~~~~~
v1_parser.c:218:17: note: called from here
  218 |         month = hParseInt(&pszTS, &len);
      |                 ^~~~~~~~~~~~~~~~~~~~~~~
v1_parser.c:49:1: warning: inlining failed in call to 'hParseInt': call is unlikely and code size would grow [-Winline]
   49 | hParseInt(const unsigned char **buf, size_t *lenBuf)
      | ^~~~~~~~~
v1_parser.c:224:15: note: called from here
  224 |         day = hParseInt(&pszTS, &len);
      |               ^~~~~~~~~~~~~~~~~~~~~~~
v1_parser.c:49:1: warning: inlining failed in call to 'hParseInt': call is unlikely and code size would grow [-Winline]
   49 | hParseInt(const unsigned char **buf, size_t *lenBuf)
      | ^~~~~~~~~
v1_parser.c:230:16: note: called from here
  230 |         hour = hParseInt(&pszTS, &len);
      |                ^~~~~~~~~~~~~~~~~~~~~~~
v1_parser.c:49:1: warning: inlining failed in call to 'hParseInt': call is unlikely and code size would grow [-Winline]
   49 | hParseInt(const unsigned char **buf, size_t *lenBuf)
      | ^~~~~~~~~
v1_parser.c:236:18: note: called from here
  236 |         minute = hParseInt(&pszTS, &len);
      |                  ^~~~~~~~~~~~~~~~~~~~~~~
v1_parser.c:49:1: warning: inlining failed in call to 'hParseInt': call is unlikely and code size would grow [-Winline]
   49 | hParseInt(const unsigned char **buf, size_t *lenBuf)
      | ^~~~~~~~~
v1_parser.c:241:18: note: called from here
  241 |         second = hParseInt(&pszTS, &len);
      |                  ^~~~~~~~~~~~~~~~~~~~~~~
v1_parser.c:49:1: warning: inlining failed in call to 'hParseInt': call is unlikely and code size would grow [-Winline]
   49 | hParseInt(const unsigned char **buf, size_t *lenBuf)
      | ^~~~~~~~~
v1_parser.c:248:27: note: called from here
  248 |                 secfrac = hParseInt(&pszTS, &len);
      |                           ^~~~~~~~~~~~~~~~~~~~~~~
v1_parser.c:49:1: warning: inlining failed in call to 'hParseInt': call is unlikely and code size would grow [-Winline]
   49 | hParseInt(const unsigned char **buf, size_t *lenBuf)
      | ^~~~~~~~~
v1_parser.c:265:30: note: called from here
  265 |                 OffsetHour = hParseInt(&pszTS, &len);
      |                              ^~~~~~~~~~~~~~~~~~~~~~~
v1_parser.c:49:1: warning: inlining failed in call to 'hParseInt': call is unlikely and code size would grow [-Winline]
   49 | hParseInt(const unsigned char **buf, size_t *lenBuf)
      | ^~~~~~~~~
v1_parser.c:272:32: note: called from here
  272 |                 OffsetMinute = hParseInt(&pszTS, &len);
      |                                ^~~~~~~~~~~~~~~~~~~~~~~
v1_parser.c: In function 'ln_parseRFC3164Date':
v1_parser.c:49:1: warning: inlining failed in call to 'hParseInt': call is unlikely and code size would grow [-Winline]
   49 | hParseInt(const unsigned char **buf, size_t *lenBuf)
      | ^~~~~~~~~
v1_parser.c:460:15: note: called from here
  460 |         day = hParseInt(&p, &len);
      |               ^~~~~~~~~~~~~~~~~~~
v1_parser.c:49:1: warning: inlining failed in call to 'hParseInt': call is unlikely and code size would grow [-Winline]
   49 | hParseInt(const unsigned char **buf, size_t *lenBuf)
      | ^~~~~~~~~
v1_parser.c:469:16: note: called from here
  469 |         hour = hParseInt(&p, &len);
      |                ^~~~~~~~~~~~~~~~~~~
v1_parser.c:49:1: warning: inlining failed in call to 'hParseInt': call is unlikely and code size would grow [-Winline]
   49 | hParseInt(const unsigned char **buf, size_t *lenBuf)
      | ^~~~~~~~~
v1_parser.c:481:24: note: called from here
  481 |                 hour = hParseInt(&p, &len);
      |                        ^~~~~~~~~~~~~~~~~~~
v1_parser.c:49:1: warning: inlining failed in call to 'hParseInt': call is unlikely and code size would grow [-Winline]
   49 | hParseInt(const unsigned char **buf, size_t *lenBuf)
      | ^~~~~~~~~
v1_parser.c:490:18: note: called from here
  490 |         minute = hParseInt(&p, &len);
      |                  ^~~~~~~~~~~~~~~~~~~
v1_parser.c:49:1: warning: inlining failed in call to 'hParseInt': call is unlikely and code size would grow [-Winline]
   49 | hParseInt(const unsigned char **buf, size_t *lenBuf)
      | ^~~~~~~~~
v1_parser.c:497:18: note: called from here
  497 |         second = hParseInt(&p, &len);
      |                  ^~~~~~~~~~~~~~~~~~~
parser.c: In function 'ln_v2_parseRFC5424Date':
parser.c:61:1: warning: inlining failed in call to 'hParseInt': call is unlikely and code size would grow [-Winline]
   61 | hParseInt(const unsigned char **buf, size_t *lenBuf)
      | ^~~~~~~~~
parser.c:334:16: note: called from here
  334 |         year = hParseInt(&pszTS, &len);
      |                ^~~~~~~~~~~~~~~~~~~~~~~
parser.c:61:1: warning: inlining failed in call to 'hParseInt': call is unlikely and code size would grow [-Winline]
   61 | hParseInt(const unsigned char **buf, size_t *lenBuf)
      | ^~~~~~~~~
parser.c:340:17: note: called from here
  340 |         month = hParseInt(&pszTS, &len);
      |                 ^~~~~~~~~~~~~~~~~~~~~~~
parser.c:61:1: warning: inlining failed in call to 'hParseInt': call is unlikely and code size would grow [-Winline]
   61 | hParseInt(const unsigned char **buf, size_t *lenBuf)
      | ^~~~~~~~~
parser.c:346:15: note: called from here
  346 |         day = hParseInt(&pszTS, &len);
      |               ^~~~~~~~~~~~~~~~~~~~~~~
parser.c:61:1: warning: inlining failed in call to 'hParseInt': call is unlikely and code size would grow [-Winline]
   61 | hParseInt(const unsigned char **buf, size_t *lenBuf)
      | ^~~~~~~~~
parser.c:352:16: note: called from here
  352 |         hour = hParseInt(&pszTS, &len);
      |                ^~~~~~~~~~~~~~~~~~~~~~~
parser.c:61:1: warning: inlining failed in call to 'hParseInt': call is unlikely and code size would grow [-Winline]
   61 | hParseInt(const unsigned char **buf, size_t *lenBuf)
      | ^~~~~~~~~
parser.c:358:18: note: called from here
  358 |         minute = hParseInt(&pszTS, &len);
      |                  ^~~~~~~~~~~~~~~~~~~~~~~
parser.c:61:1: warning: inlining failed in call to 'hParseInt': call is unlikely and code size would grow [-Winline]
   61 | hParseInt(const unsigned char **buf, size_t *lenBuf)
      | ^~~~~~~~~
parser.c:363:18: note: called from here
  363 |         second = hParseInt(&pszTS, &len);
      |                  ^~~~~~~~~~~~~~~~~~~~~~~
parser.c:61:1: warning: inlining failed in call to 'hParseInt': call is unlikely and code size would grow [-Winline]
   61 | hParseInt(const unsigned char **buf, size_t *lenBuf)
      | ^~~~~~~~~
parser.c:370:27: note: called from here
  370 |                 secfrac = hParseInt(&pszTS, &len);
      |                           ^~~~~~~~~~~~~~~~~~~~~~~
parser.c:61:1: warning: inlining failed in call to 'hParseInt': call is unlikely and code size would grow [-Winline]
   61 | hParseInt(const unsigned char **buf, size_t *lenBuf)
      | ^~~~~~~~~
parser.c:391:30: note: called from here
  391 |                 OffsetHour = hParseInt(&pszTS, &len);
      |                              ^~~~~~~~~~~~~~~~~~~~~~~
parser.c:61:1: warning: inlining failed in call to 'hParseInt': call is unlikely and code size would grow [-Winline]
   61 | hParseInt(const unsigned char **buf, size_t *lenBuf)
      | ^~~~~~~~~
parser.c:398:32: note: called from here
  398 |                 OffsetMinute = hParseInt(&pszTS, &len);
      |                                ^~~~~~~~~~~~~~~~~~~~~~~
parser.c: In function 'ln_v2_parseRFC3164Date':
parser.c:61:1: warning: inlining failed in call to 'hParseInt': call is unlikely and code size would grow [-Winline]
   61 | hParseInt(const unsigned char **buf, size_t *lenBuf)
      | ^~~~~~~~~
parser.c:655:15: note: called from here
  655 |         day = hParseInt(&p, &len);
      |               ^~~~~~~~~~~~~~~~~~~
parser.c:61:1: warning: inlining failed in call to 'hParseInt': call is unlikely and code size would grow [-Winline]
   61 | hParseInt(const unsigned char **buf, size_t *lenBuf)
      | ^~~~~~~~~
parser.c:664:16: note: called from here
  664 |         hour = hParseInt(&p, &len);
      |                ^~~~~~~~~~~~~~~~~~~
parser.c:61:1: warning: inlining failed in call to 'hParseInt': call is unlikely and code size would grow [-Winline]
   61 | hParseInt(const unsigned char **buf, size_t *lenBuf)
      | ^~~~~~~~~
parser.c:676:24: note: called from here
  676 |                 hour = hParseInt(&p, &len);
      |                        ^~~~~~~~~~~~~~~~~~~
parser.c:61:1: warning: inlining failed in call to 'hParseInt': call is unlikely and code size would grow [-Winline]
   61 | hParseInt(const unsigned char **buf, size_t *lenBuf)
      | ^~~~~~~~~
parser.c:685:18: note: called from here
  685 |         minute = hParseInt(&p, &len);
      |                  ^~~~~~~~~~~~~~~~~~~
parser.c:61:1: warning: inlining failed in call to 'hParseInt': call is unlikely and code size would grow [-Winline]
   61 | hParseInt(const unsigned char **buf, size_t *lenBuf)
      | ^~~~~~~~~
parser.c:692:18: note: called from here
  692 |         second = hParseInt(&p, &len);
      |                  ^~~~~~~~~~~~~~~~~~~
  CCLD     liblognorm.la
ar: `u' modifier ignored since `D' is the default (see `U')
  CCLD     lognormalizer
make[2]: Leaving directory '/tmp/src/liblognorm-2.0.6/src'
Making all in tools
make[2]: Entering directory '/tmp/src/liblognorm-2.0.6/tools'
make[2]: Nothing to be done for 'all'.
make[2]: Leaving directory '/tmp/src/liblognorm-2.0.6/tools'
Making all in tests
make[2]: Entering directory '/tmp/src/liblognorm-2.0.6/tests'
make[2]: Nothing to be done for 'all'.
make[2]: Leaving directory '/tmp/src/liblognorm-2.0.6/tests'
make[2]: Entering directory '/tmp/src/liblognorm-2.0.6'
make[2]: Nothing to be done for 'all-am'.
make[2]: Leaving directory '/tmp/src/liblognorm-2.0.6'
make[1]: Leaving directory '/tmp/src/liblognorm-2.0.6'
Making check in compat
make[1]: Entering directory '/tmp/src/liblognorm-2.0.6/compat'
make[1]: Nothing to be done for 'check'.
make[1]: Leaving directory '/tmp/src/liblognorm-2.0.6/compat'
Making check in src
make[1]: Entering directory '/tmp/src/liblognorm-2.0.6/src'
make  ln_test
make[2]: Entering directory '/tmp/src/liblognorm-2.0.6/src'
  CC       ln_test-lognormalizer.o
  CCLD     ln_test
make[2]: Leaving directory '/tmp/src/liblognorm-2.0.6/src'
make[1]: Leaving directory '/tmp/src/liblognorm-2.0.6/src'
Making check in tools
make[1]: Entering directory '/tmp/src/liblognorm-2.0.6/tools'
make[1]: Nothing to be done for 'check'.
make[1]: Leaving directory '/tmp/src/liblognorm-2.0.6/tools'
Making check in tests
make[1]: Entering directory '/tmp/src/liblognorm-2.0.6/tests'
make  json_eq
make[2]: Entering directory '/tmp/src/liblognorm-2.0.6/tests'
  CC       json_eq-json_eq.o
  CCLD     json_eq
make[2]: Leaving directory '/tmp/src/liblognorm-2.0.6/tests'
make  check-TESTS
make[2]: Entering directory '/tmp/src/liblognorm-2.0.6/tests'
make[3]: Entering directory '/tmp/src/liblognorm-2.0.6/tests'
PASS: usrdef_simple.sh
PASS: usrdef_two.sh
PASS: usrdef_twotypes.sh
PASS: usrdef_actual1.sh
PASS: usrdef_ipaddr.sh
PASS: usrdef_ipaddr_dotdot.sh
PASS: usrdef_ipaddr_dotdot2.sh
PASS: usrdef_ipaddr_dotdot3.sh
PASS: usrdef_nested_segfault.sh
PASS: missing_line_ending.sh
PASS: lognormalizer-invld-call.sh
PASS: string_rb_simple.sh
PASS: string_rb_simple_2_lines.sh
PASS: names.sh
PASS: literal.sh
PASS: include.sh
PASS: include_RULEBASES.sh
PASS: seq_simple.sh
PASS: runaway_rule.sh
PASS: runaway_rule_comment.sh
PASS: annotate.sh
PASS: alternative_simple.sh
PASS: alternative_three.sh
PASS: alternative_nested.sh
PASS: alternative_segfault.sh
PASS: repeat_very_simple.sh
PASS: repeat_simple.sh
PASS: repeat_mismatch_in_while.sh
PASS: repeat_while_alternative.sh
PASS: repeat_alternative_nested.sh
PASS: parser_prios.sh
PASS: parser_whitespace.sh
PASS: parser_whitespace_jsoncnf.sh
PASS: parser_LF.sh
PASS: parser_LF_jsoncnf.sh
PASS: strict_prefix_actual_sample1.sh
PASS: strict_prefix_matching_1.sh
PASS: strict_prefix_matching_2.sh
PASS: field_string.sh
PASS: field_string_perm_chars.sh
PASS: field_string_lazy_matching.sh
PASS: field_string_doc_sample_lazy.sh
PASS: field_number.sh
PASS: field_number-fmt_number.sh
PASS: field_number_maxval.sh
PASS: field_hexnumber.sh
PASS: field_hexnumber-fmt_number.sh
PASS: field_hexnumber_jsoncnf.sh
PASS: field_hexnumber_range.sh
PASS: field_hexnumber_range_jsoncnf.sh
PASS: rule_last_str_short.sh
PASS: field_mac48.sh
PASS: field_mac48_jsoncnf.sh
PASS: field_name_value.sh
PASS: field_name_value_jsoncnf.sh
PASS: field_kernel_timestamp.sh
PASS: field_kernel_timestamp_jsoncnf.sh
PASS: field_whitespace.sh
PASS: rule_last_str_long.sh
PASS: field_whitespace_jsoncnf.sh
PASS: field_rest.sh
PASS: field_rest_jsoncnf.sh
PASS: field_json.sh
PASS: field_json_jsoncnf.sh
PASS: field_cee-syslog.sh
PASS: field_cee-syslog_jsoncnf.sh
PASS: field_ipv6.sh
PASS: field_ipv6_jsoncnf.sh
PASS: field_v2-iptables.sh
PASS: field_v2-iptables_jsoncnf.sh
PASS: field_cef.sh
PASS: field_cef_jsoncnf.sh
PASS: field_checkpoint-lea.sh
PASS: field_checkpoint-lea_jsoncnf.sh
PASS: field_checkpoint-lea-terminator.sh
PASS: field_duration.sh
PASS: field_duration_jsoncnf.sh
PASS: field_float.sh
PASS: field_float-fmt_number.sh
PASS: field_float_jsoncnf.sh
PASS: field_rfc5424timestamp-fmt_timestamp-unix.sh
PASS: field_rfc5424timestamp-fmt_timestamp-unix-ms.sh
PASS: very_long_logline_jsoncnf.sh
PASS: missing_line_ending_v1.sh
PASS: runaway_rule_v1.sh
PASS: runaway_rule_comment_v1.sh
PASS: field_hexnumber_v1.sh
PASS: field_mac48_v1.sh
PASS: field_name_value_v1.sh
PASS: field_kernel_timestamp_v1.sh
PASS: field_whitespace_v1.sh
PASS: field_rest_v1.sh
PASS: field_json_v1.sh
PASS: field_cee-syslog_v1.sh
PASS: field_ipv6_v1.sh
PASS: field_v2-iptables_v1.sh
PASS: field_cef_v1.sh
PASS: field_checkpoint-lea_v1.sh
PASS: field_duration_v1.sh
PASS: field_float_v1.sh
PASS: field_tokenized.sh
PASS: field_tokenized_with_invalid_ruledef.sh
PASS: field_recursive.sh
PASS: field_tokenized_recursive.sh
PASS: field_interpret.sh
PASS: field_interpret_with_invalid_ruledef.sh
PASS: field_descent.sh
PASS: field_descent_with_invalid_ruledef.sh
PASS: field_suffixed.sh
PASS: field_suffixed_with_invalid_ruledef.sh
PASS: field_cisco-interface-spec.sh
PASS: field_cisco-interface-spec-at-EOL.sh
PASS: field_float_with_invalid_ruledef.sh
PASS: very_long_logline.sh
============================================================================
Testsuite summary for liblognorm 2.0.6
============================================================================
# TOTAL: 115
# PASS:  115
# SKIP:  0
# XFAIL: 0
# FAIL:  0
# XPASS: 0
# ERROR: 0
============================================================================
make[3]: Leaving directory '/tmp/src/liblognorm-2.0.6/tests'
make[2]: Leaving directory '/tmp/src/liblognorm-2.0.6/tests'
make[1]: Leaving directory '/tmp/src/liblognorm-2.0.6/tests'
make[1]: Entering directory '/tmp/src/liblognorm-2.0.6'
make[1]: Nothing to be done for 'check-am'.
make[1]: Leaving directory '/tmp/src/liblognorm-2.0.6'
>>> liblognorm: Entering fakeroot...
Making install in compat
make[1]: Entering directory '/tmp/src/liblognorm-2.0.6/compat'
make[2]: Entering directory '/tmp/src/liblognorm-2.0.6/compat'
make[2]: Nothing to be done for 'install-exec-am'.
make[2]: Nothing to be done for 'install-data-am'.
make[2]: Leaving directory '/tmp/src/liblognorm-2.0.6/compat'
make[1]: Leaving directory '/tmp/src/liblognorm-2.0.6/compat'
Making install in src
make[1]: Entering directory '/tmp/src/liblognorm-2.0.6/src'
make[2]: Entering directory '/tmp/src/liblognorm-2.0.6/src'
 .././install-sh -c -d '/tmp/pkg/liblognorm/usr/lib'
 .././install-sh -c -d '/tmp/pkg/liblognorm/usr/include'
 /bin/sh ../libtool   --mode=install /usr/bin/install -c   liblognorm.la '/tmp/pkg/liblognorm/usr/lib'
 /usr/bin/install -c -m 644 liblognorm.h samp.h lognorm.h pdag.h annot.h enc.h parser.h lognorm-features.h '/tmp/pkg/liblognorm/usr/include'
libtool: install: /usr/bin/install -c .libs/liblognorm.so.5.1.0 /tmp/pkg/liblognorm/usr/lib/liblognorm.so.5.1.0
libtool: install: (cd /tmp/pkg/liblognorm/usr/lib && { ln -s -f liblognorm.so.5.1.0 liblognorm.so.5 || { rm -f liblognorm.so.5 && ln -s liblognorm.so.5.1.0 liblognorm.so.5; }; })
libtool: install: (cd /tmp/pkg/liblognorm/usr/lib && { ln -s -f liblognorm.so.5.1.0 liblognorm.so || { rm -f liblognorm.so && ln -s liblognorm.so.5.1.0 liblognorm.so; }; })
libtool: install: /usr/bin/install -c .libs/liblognorm.lai /tmp/pkg/liblognorm/usr/lib/liblognorm.la
libtool: install: /usr/bin/install -c .libs/liblognorm.a /tmp/pkg/liblognorm/usr/lib/liblognorm.a
libtool: install: chmod 644 /tmp/pkg/liblognorm/usr/lib/liblognorm.a
libtool: install: ranlib /tmp/pkg/liblognorm/usr/lib/liblognorm.a
libtool: warning: remember to run 'libtool --finish /usr/lib'
 .././install-sh -c -d '/tmp/pkg/liblognorm/usr/bin'
  /bin/sh ../libtool   --mode=install /usr/bin/install -c lognormalizer '/tmp/pkg/liblognorm/usr/bin'
libtool: warning: '../src/liblognorm.la' has not been installed in '/usr/lib'
libtool: install: /usr/bin/install -c .libs/lognormalizer /tmp/pkg/liblognorm/usr/bin/lognormalizer
make[2]: Leaving directory '/tmp/src/liblognorm-2.0.6/src'
make[1]: Leaving directory '/tmp/src/liblognorm-2.0.6/src'
Making install in tools
make[1]: Entering directory '/tmp/src/liblognorm-2.0.6/tools'
make[2]: Entering directory '/tmp/src/liblognorm-2.0.6/tools'
make[2]: Nothing to be done for 'install-exec-am'.
make[2]: Nothing to be done for 'install-data-am'.
make[2]: Leaving directory '/tmp/src/liblognorm-2.0.6/tools'
make[1]: Leaving directory '/tmp/src/liblognorm-2.0.6/tools'
Making install in tests
make[1]: Entering directory '/tmp/src/liblognorm-2.0.6/tests'
make[2]: Entering directory '/tmp/src/liblognorm-2.0.6/tests'
make[2]: Nothing to be done for 'install-exec-am'.
make[2]: Nothing to be done for 'install-data-am'.
make[2]: Leaving directory '/tmp/src/liblognorm-2.0.6/tests'
make[1]: Leaving directory '/tmp/src/liblognorm-2.0.6/tests'
make[1]: Entering directory '/tmp/src/liblognorm-2.0.6'
make[2]: Entering directory '/tmp/src/liblognorm-2.0.6'
make[2]: Nothing to be done for 'install-exec-am'.
 ./install-sh -c -d '/tmp/pkg/liblognorm/usr/lib/pkgconfig'
 /usr/bin/install -c -m 644 lognorm.pc '/tmp/pkg/liblognorm/usr/lib/pkgconfig'
make[2]: Leaving directory '/tmp/src/liblognorm-2.0.6'
make[1]: Leaving directory '/tmp/src/liblognorm-2.0.6'
>>> liblognorm-dev*: Running split function dev...
'usr/include' -> '/tmp/pkg/liblognorm-dev/usr/include'
'usr/lib/pkgconfig' -> '/tmp/pkg/liblognorm-dev/usr/lib/pkgconfig'
'usr/lib/liblognorm.a' -> '/tmp/pkg/liblognorm-dev/usr/lib/liblognorm.a'
'usr/lib/liblognorm.so' -> '/tmp/pkg/liblognorm-dev/usr/lib/liblognorm.so'
>>> liblognorm-dev*: Preparing subpackage liblognorm-dev...
>>> liblognorm-dev*: Stripping binaries
>>> liblognorm-dev*: Running postcheck for liblognorm-dev
>>> liblognorm*: Running postcheck for liblognorm
>>> liblognorm*: Preparing package liblognorm...
>>> liblognorm*: Stripping binaries
>>> liblognorm-dev*: Scanning shared objects
>>> liblognorm*: Scanning shared objects
>>> liblognorm-dev*: Tracing dependencies...
	libestr-dev
	liblognorm=2.0.6-r5
	pc:libfastjson
	pkgconfig
>>> liblognorm-dev*: Package size: 251.1 KB
>>> liblognorm-dev*: Compressing data...
>>> liblognorm-dev*: Create checksum...
>>> liblognorm-dev*: Create liblognorm-dev-2.0.6-r5.apk
>>> liblognorm*: Tracing dependencies...
	so:libc.musl-x86_64.so.1
	so:libestr.so.0
	so:libfastjson.so.4
>>> liblognorm*: Package size: 147.6 KB
>>> liblognorm*: Compressing data...
>>> liblognorm*: Create checksum...
>>> liblognorm*: Create liblognorm-2.0.6-r5.apk
>>> liblognorm: Updating the main/x86_64 repository index...
>>> liblognorm: Signing the index...
>>> liblognorm: Cleaning up srcdir
>>> liblognorm: Cleaning up build chroot
>>> liblognorm: Cleaning up pkgdir
