pigz: not found
>>> tcl-tls: Building main/tcl-tls 1.7.22-r5 (using abuild 3.14.1-r4) started Sun, 18 May 2025 10:04:02 +0000
>>> tcl-tls: Validating /home/packager/aports/main/tcl-tls/APKBUILD...
>>> tcl-tls: Analyzing dependencies...
>>> tcl-tls: Installing for build: build-base openssl-dev tcl-dev
(1/6) Installing openssl-dev (3.5.0-r0)
(2/6) Installing tzdata (2025b-r0)
(3/6) Installing tcl (8.6.16-r0)
(4/6) Installing zlib-dev (1.3.1-r2)
(5/6) Installing tcl-dev (8.6.16-r0)
(6/6) Installing .makedepends-tcl-tls (20250518.100404)
Executing busybox-1.37.0-r12.trigger
OK: 268 MiB in 87 packages
>>> tcl-tls: Cleaning up srcdir
>>> tcl-tls: Cleaning up pkgdir
>>> tcl-tls: Cleaning up tmpdir
>>> tcl-tls: Fetching https://core.tcl.tk/tcltls/uv/tcltls-1.7.22.tar.gz
Connecting to core.tcl.tk (104.16.74.106:443)
Connecting to core.tcl-lang.org (104.19.242.68:443)
saving to '/var/cache/distfiles/tcltls-1.7.22.tar.gz.part'
tcltls-1.7.22.tar.gz  17% |*****                           | 28989  0:00:04 ETA
tcltls-1.7.22.tar.gz 100% |********************************|  161k  0:00:00 ETA
'/var/cache/distfiles/tcltls-1.7.22.tar.gz.part' saved
>>> tcl-tls: Fetching https://core.tcl.tk/tcltls/uv/tcltls-1.7.22.tar.gz
>>> tcl-tls: Checking sha512sums...
tcltls-1.7.22.tar.gz: OK
>>> tcl-tls: Unpacking /var/cache/distfiles/tcltls-1.7.22.tar.gz...
>>> tcl-tls: Updating ./config.sub
checking for x86_64-alpine-linux-musl-gcc... gcc
checking whether the C compiler works... yes
checking for C compiler default output file name... a.out
checking for suffix of executables... 
checking whether we are cross compiling... no
checking for suffix of object files... o
checking whether we are using the GNU C compiler... yes
checking whether gcc accepts -g... yes
checking for gcc option to accept ISO C89... none needed
checking whether make sets $(MAKE)... yes
checking for a BSD-compatible install... /usr/bin/install -c
checking how to run the C preprocessor... gcc -E
checking for grep that handles long lines and -e... /bin/grep
checking for egrep... /bin/grep -E
checking for ANSI C header files... yes
checking for sys/types.h... yes
checking for sys/stat.h... yes
checking for stdlib.h... yes
checking for string.h... yes
checking for memory.h... yes
checking for strings.h... yes
checking for inttypes.h... yes
checking for stdint.h... yes
checking for unistd.h... yes
checking minix/config.h usability... no
checking minix/config.h presence... no
checking for minix/config.h... no
checking whether it is safe to define __EXTENSIONS__... yes
checking build system type... x86_64-alpine-linux-musl
checking host system type... x86_64-alpine-linux-musl
checking host operating system... linux-musl
checking for unistd.h... (cached) yes
checking for stdlib.h... (cached) yes
checking for string.h... (cached) yes
checking for strings.h... (cached) yes
checking for runnable tclsh... /usr/bin/tclsh
checking for path to tclConfig.sh... /usr/lib
checking for working tclConfig.sh... found
checking how to create shared objects... -DPIC -fPIC -shared
checking whether C compiler accepts -Wno-unused-value... yes
checking whether C compiler accepts -Wno-unused-parameter... yes
checking whether C compiler accepts -Wno-deprecated-declarations... yes
checking for x86_64-alpine-linux-musl-pkg-config... no
checking for pkg-config... pkg-config
checking whether C compiler accepts -Wall... yes
checking whether C compiler accepts -W... yes
checking whether C compiler accepts -Wno-self-assign... yes
checking whether C compiler accepts -fstack-protector-all... yes
checking whether C compiler accepts -fno-strict-overflow... yes
checking which TLS library to use... openssl
checking if a basic OpenSSL program works... yes
checking for TLS_method... yes
checking for SSLv2_method... no
checking for SSLv3_method... no
checking for TLSv1_method... yes
checking for TLSv1_1_method... yes
checking for TLSv1_2_method... yes
checking for tlsv1.3 protocol support... yes
checking for SSL_set_tlsext_host_name... yes
checking how to use openssl... -I/usr/include -I/usr/include -L/usr/lib -lssl -lcrypto
checking how to set rpath... -Wl,-rpath
checking for x86_64-alpine-linux-musl-objcopy... no
checking for x86_64-alpine-linux-musl-gobjcopy... no
checking for objcopy... objcopy
checking for x86_64-alpine-linux-musl-strip... no
checking for x86_64-alpine-linux-musl-gstrip... no
checking for strip... strip
checking for how to set version script... -Wl,--version-script,./tcltls.vers
configure: creating ./config.status
config.status: creating Makefile
config.status: creating pkgIndex.tcl
config.status: creating tcltls.syms
od -A n -v -t xC < './tls.tcl' > tls.tcl.h.new.1
sh ./gen_dh_params  > dh_params.h.new
gcc -I/usr/include  -I/usr/include -I/usr/include -I. -I. -DPACKAGE_NAME=\"tcltls\" -DPACKAGE_TARNAME=\"tcltls\" -DPACKAGE_VERSION=\"1.7.22\" -DPACKAGE_STRING=\"tcltls\ 1.7.22\" -DPACKAGE_BUGREPORT=\"\" -DPACKAGE_URL=\"\" -DSTDC_HEADERS=1 -DHAVE_SYS_TYPES_H=1 -DHAVE_SYS_STAT_H=1 -DHAVE_STDLIB_H=1 -DHAVE_STRING_H=1 -DHAVE_MEMORY_H=1 -DHAVE_STRINGS_H=1 -DHAVE_INTTYPES_H=1 -DHAVE_STDINT_H=1 -DHAVE_UNISTD_H=1 -D__EXTENSIONS__=1 -D_ALL_SOURCE=1 -D_GNU_SOURCE=1 -D_POSIX_PTHREAD_SEMANTICS=1 -D_TANDEM_SOURCE=1 -DHAVE_UNISTD_H=1 -DHAVE_STDLIB_H=1 -DHAVE_STRING_H=1 -DHAVE_STRINGS_H=1 -DMODULE_SCOPE=static -DUSE_TCL_STUBS=1 -D_FORTIFY_SOURCE=2 -DHAVE_TLS_METHOD=1 -DNO_SSL2=1 -DNO_SSL3=1 '-DTCL_THREADS=1' '-DTCL_CFGVAL_ENCODING="iso8859-1"' '-DTCL_CFG_DO64BIT=1' '-DTCL_SHLIB_EXT=".so"' '-DTCL_CFG_OPTIMIZED=1' '-DTCL_WIDE_INT_IS_LONG=1' '-DTCL_UNLOAD_DLLS=1'  -I/usr/include -Os -fstack-clash-protection -Wformat -Werror=format-security -fno-plt -I/usr/include -Wno-unused-value -Wno-unused-parameter -Wno-deprecated-declarations -Wall -W -Wno-self-assign -fstack-protector-all -fno-strict-overflow -I/usr/include -fPIC -o tlsBIO.o -c ./tlsBIO.c
gcc -I/usr/include  -I/usr/include -I/usr/include -I. -I. -DPACKAGE_NAME=\"tcltls\" -DPACKAGE_TARNAME=\"tcltls\" -DPACKAGE_VERSION=\"1.7.22\" -DPACKAGE_STRING=\"tcltls\ 1.7.22\" -DPACKAGE_BUGREPORT=\"\" -DPACKAGE_URL=\"\" -DSTDC_HEADERS=1 -DHAVE_SYS_TYPES_H=1 -DHAVE_SYS_STAT_H=1 -DHAVE_STDLIB_H=1 -DHAVE_STRING_H=1 -DHAVE_MEMORY_H=1 -DHAVE_STRINGS_H=1 -DHAVE_INTTYPES_H=1 -DHAVE_STDINT_H=1 -DHAVE_UNISTD_H=1 -D__EXTENSIONS__=1 -D_ALL_SOURCE=1 -D_GNU_SOURCE=1 -D_POSIX_PTHREAD_SEMANTICS=1 -D_TANDEM_SOURCE=1 -DHAVE_UNISTD_H=1 -DHAVE_STDLIB_H=1 -DHAVE_STRING_H=1 -DHAVE_STRINGS_H=1 -DMODULE_SCOPE=static -DUSE_TCL_STUBS=1 -D_FORTIFY_SOURCE=2 -DHAVE_TLS_METHOD=1 -DNO_SSL2=1 -DNO_SSL3=1 '-DTCL_THREADS=1' '-DTCL_CFGVAL_ENCODING="iso8859-1"' '-DTCL_CFG_DO64BIT=1' '-DTCL_SHLIB_EXT=".so"' '-DTCL_CFG_OPTIMIZED=1' '-DTCL_WIDE_INT_IS_LONG=1' '-DTCL_UNLOAD_DLLS=1'  -I/usr/include -Os -fstack-clash-protection -Wformat -Werror=format-security -fno-plt -I/usr/include -Wno-unused-value -Wno-unused-parameter -Wno-deprecated-declarations -Wall -W -Wno-self-assign -fstack-protector-all -fno-strict-overflow -I/usr/include -fPIC -o tlsIO.o -c ./tlsIO.c
gcc -I/usr/include  -I/usr/include -I/usr/include -I. -I. -DPACKAGE_NAME=\"tcltls\" -DPACKAGE_TARNAME=\"tcltls\" -DPACKAGE_VERSION=\"1.7.22\" -DPACKAGE_STRING=\"tcltls\ 1.7.22\" -DPACKAGE_BUGREPORT=\"\" -DPACKAGE_URL=\"\" -DSTDC_HEADERS=1 -DHAVE_SYS_TYPES_H=1 -DHAVE_SYS_STAT_H=1 -DHAVE_STDLIB_H=1 -DHAVE_STRING_H=1 -DHAVE_MEMORY_H=1 -DHAVE_STRINGS_H=1 -DHAVE_INTTYPES_H=1 -DHAVE_STDINT_H=1 -DHAVE_UNISTD_H=1 -D__EXTENSIONS__=1 -D_ALL_SOURCE=1 -D_GNU_SOURCE=1 -D_POSIX_PTHREAD_SEMANTICS=1 -D_TANDEM_SOURCE=1 -DHAVE_UNISTD_H=1 -DHAVE_STDLIB_H=1 -DHAVE_STRING_H=1 -DHAVE_STRINGS_H=1 -DMODULE_SCOPE=static -DUSE_TCL_STUBS=1 -D_FORTIFY_SOURCE=2 -DHAVE_TLS_METHOD=1 -DNO_SSL2=1 -DNO_SSL3=1 '-DTCL_THREADS=1' '-DTCL_CFGVAL_ENCODING="iso8859-1"' '-DTCL_CFG_DO64BIT=1' '-DTCL_SHLIB_EXT=".so"' '-DTCL_CFG_OPTIMIZED=1' '-DTCL_WIDE_INT_IS_LONG=1' '-DTCL_UNLOAD_DLLS=1'  -I/usr/include -Os -fstack-clash-protection -Wformat -Werror=format-security -fno-plt -I/usr/include -Wno-unused-value -Wno-unused-parameter -Wno-deprecated-declarations -Wall -W -Wno-self-assign -fstack-protector-all -fno-strict-overflow -I/usr/include -fPIC -o tlsX509.o -c ./tlsX509.c
sed 's@[^0-9A-Fa-f]@@g;s@..@0x&, @g' < tls.tcl.h.new.1 > tls.tcl.h.new.2
*****************************
** Generating DH Primes.   **
** This will take a while. **
*****************************
  	r_input="`curl -sS "${url}"`" || \
  	          ^
[ backticks in ./gen_dh_params ]:38: Command 'curl' not found (OILS-ERR-100)
rm -f tls.tcl.h.new.1
mv tls.tcl.h.new.2 tls.tcl.h
./tlsBIO.c: In function 'BioCtrl':
./tlsBIO.c:234:29: warning: this statement may fall through [-Wimplicit-fallthrough=]
  234 |                         num = 0;
      |                         ~~~~^~~
./tlsBIO.c:235:17: note: here
  235 |                 case BIO_C_FILE_SEEK:
      |                 ^~~~
In file included from ./tlsBIO.c:7:
./tlsInt.h:105:25: warning: this statement may fall through [-Wimplicit-fallthrough=]
  105 | #define dprintf(...) if (0) { fprintf(stderr, __VA_ARGS__); }
      |                         ^
./tlsBIO.c:236:25: note: in expansion of macro 'dprintf'
  236 |                         dprintf("Got BIO_C_FILE_SEEK");
      |                         ^~~~~~~
./tlsBIO.c:237:17: note: here
  237 |                 case BIO_C_FILE_TELL:
      |                 ^~~~
At top level:
cc1: note: unrecognized command-line option '-Wno-self-assign' may have been intended to silence earlier diagnostics
mv dh_params.h.new dh_params.h
gcc -I/usr/include  -I/usr/include -I/usr/include -I. -I. -DPACKAGE_NAME=\"tcltls\" -DPACKAGE_TARNAME=\"tcltls\" -DPACKAGE_VERSION=\"1.7.22\" -DPACKAGE_STRING=\"tcltls\ 1.7.22\" -DPACKAGE_BUGREPORT=\"\" -DPACKAGE_URL=\"\" -DSTDC_HEADERS=1 -DHAVE_SYS_TYPES_H=1 -DHAVE_SYS_STAT_H=1 -DHAVE_STDLIB_H=1 -DHAVE_STRING_H=1 -DHAVE_MEMORY_H=1 -DHAVE_STRINGS_H=1 -DHAVE_INTTYPES_H=1 -DHAVE_STDINT_H=1 -DHAVE_UNISTD_H=1 -D__EXTENSIONS__=1 -D_ALL_SOURCE=1 -D_GNU_SOURCE=1 -D_POSIX_PTHREAD_SEMANTICS=1 -D_TANDEM_SOURCE=1 -DHAVE_UNISTD_H=1 -DHAVE_STDLIB_H=1 -DHAVE_STRING_H=1 -DHAVE_STRINGS_H=1 -DMODULE_SCOPE=static -DUSE_TCL_STUBS=1 -D_FORTIFY_SOURCE=2 -DHAVE_TLS_METHOD=1 -DNO_SSL2=1 -DNO_SSL3=1 '-DTCL_THREADS=1' '-DTCL_CFGVAL_ENCODING="iso8859-1"' '-DTCL_CFG_DO64BIT=1' '-DTCL_SHLIB_EXT=".so"' '-DTCL_CFG_OPTIMIZED=1' '-DTCL_WIDE_INT_IS_LONG=1' '-DTCL_UNLOAD_DLLS=1'  -I/usr/include -Os -fstack-clash-protection -Wformat -Werror=format-security -fno-plt -I/usr/include -Wno-unused-value -Wno-unused-parameter -Wno-deprecated-declarations -Wall -W -Wno-self-assign -fstack-protector-all -fno-strict-overflow -I/usr/include -fPIC -o tls.o -c ./tls.c
./tls.c: In function 'StatusObjCmd':
./tls.c:1423:16: warning: this statement may fall through [-Wimplicit-fallthrough=]
 1423 |             if (!strcmp (Tcl_GetString (objv[1]), "-local")) {
      |                ^
./tls.c:1428:9: note: here
 1428 |         default:
      |         ^~~~~~~
At top level:
cc1: note: unrecognized command-line option '-Wno-self-assign' may have been intended to silence earlier diagnostics
gcc -I/usr/include  -I/usr/include -I/usr/include -I. -I. -DPACKAGE_NAME=\"tcltls\" -DPACKAGE_TARNAME=\"tcltls\" -DPACKAGE_VERSION=\"1.7.22\" -DPACKAGE_STRING=\"tcltls\ 1.7.22\" -DPACKAGE_BUGREPORT=\"\" -DPACKAGE_URL=\"\" -DSTDC_HEADERS=1 -DHAVE_SYS_TYPES_H=1 -DHAVE_SYS_STAT_H=1 -DHAVE_STDLIB_H=1 -DHAVE_STRING_H=1 -DHAVE_MEMORY_H=1 -DHAVE_STRINGS_H=1 -DHAVE_INTTYPES_H=1 -DHAVE_STDINT_H=1 -DHAVE_UNISTD_H=1 -D__EXTENSIONS__=1 -D_ALL_SOURCE=1 -D_GNU_SOURCE=1 -D_POSIX_PTHREAD_SEMANTICS=1 -D_TANDEM_SOURCE=1 -DHAVE_UNISTD_H=1 -DHAVE_STDLIB_H=1 -DHAVE_STRING_H=1 -DHAVE_STRINGS_H=1 -DMODULE_SCOPE=static -DUSE_TCL_STUBS=1 -D_FORTIFY_SOURCE=2 -DHAVE_TLS_METHOD=1 -DNO_SSL2=1 -DNO_SSL3=1 '-DTCL_THREADS=1' '-DTCL_CFGVAL_ENCODING="iso8859-1"' '-DTCL_CFG_DO64BIT=1' '-DTCL_SHLIB_EXT=".so"' '-DTCL_CFG_OPTIMIZED=1' '-DTCL_WIDE_INT_IS_LONG=1' '-DTCL_UNLOAD_DLLS=1'  -I/usr/include -Os -fstack-clash-protection -Wformat -Werror=format-security -fno-plt -I/usr/include -Wno-unused-value -Wno-unused-parameter -Wno-deprecated-declarations -Wall -W -Wno-self-assign -fstack-protector-all -fno-strict-overflow -I/usr/include -fPIC -Wl,--as-needed,-O1,--sort-common -Wl,-z,pack-relative-relocs  -Wl,-rpath -Wl,/usr/lib -Wl,-rpath -Wl,/usr/lib -Wl,-rpath -Wl,/usr/lib -shared -Wl,--version-script,./tcltls.vers -o shared-tcltls.so tls.o tlsBIO.o tlsIO.o tlsX509.o -L/usr/lib -lssl -lcrypto  -L/usr/lib -ltclstub8.6 -L/usr/lib -lssl -lcrypto
objcopy --keep-global-symbols=tcltls.syms shared-tcltls.so
objcopy --discard-all shared-tcltls.so
mv shared-tcltls.so tcltls.so
>>> tcl-tls: Entering fakeroot...
gcc -I/usr/include  -I/usr/include -I/usr/include -I. -I. -DPACKAGE_NAME=\"tcltls\" -DPACKAGE_TARNAME=\"tcltls\" -DPACKAGE_VERSION=\"1.7.22\" -DPACKAGE_STRING=\"tcltls\ 1.7.22\" -DPACKAGE_BUGREPORT=\"\" -DPACKAGE_URL=\"\" -DSTDC_HEADERS=1 -DHAVE_SYS_TYPES_H=1 -DHAVE_SYS_STAT_H=1 -DHAVE_STDLIB_H=1 -DHAVE_STRING_H=1 -DHAVE_MEMORY_H=1 -DHAVE_STRINGS_H=1 -DHAVE_INTTYPES_H=1 -DHAVE_STDINT_H=1 -DHAVE_UNISTD_H=1 -D__EXTENSIONS__=1 -D_ALL_SOURCE=1 -D_GNU_SOURCE=1 -D_POSIX_PTHREAD_SEMANTICS=1 -D_TANDEM_SOURCE=1 -DHAVE_UNISTD_H=1 -DHAVE_STDLIB_H=1 -DHAVE_STRING_H=1 -DHAVE_STRINGS_H=1 -DMODULE_SCOPE=static -DUSE_TCL_STUBS=1 -D_FORTIFY_SOURCE=2 -DHAVE_TLS_METHOD=1 -DNO_SSL2=1 -DNO_SSL3=1 '-DTCL_THREADS=1' '-DTCL_CFGVAL_ENCODING="iso8859-1"' '-DTCL_CFG_DO64BIT=1' '-DTCL_SHLIB_EXT=".so"' '-DTCL_CFG_OPTIMIZED=1' '-DTCL_WIDE_INT_IS_LONG=1' '-DTCL_UNLOAD_DLLS=1'  -I/usr/include -Os -fstack-clash-protection -Wformat -Werror=format-security -fno-plt -I/usr/include -Wno-unused-value -Wno-unused-parameter -Wno-deprecated-declarations -Wall -W -Wno-self-assign -fstack-protector-all -fno-strict-overflow -I/usr/include -fPIC -Wl,--as-needed,-O1,--sort-common -Wl,-z,pack-relative-relocs  -Wl,-rpath -Wl,/usr/lib -Wl,-rpath -Wl,/usr/lib -Wl,-rpath -Wl,/usr/lib -shared -Wl,--version-script,./tcltls.vers -o shared-tcltls.so tls.o tlsBIO.o tlsIO.o tlsX509.o -L/usr/lib -lssl -lcrypto  -L/usr/lib -ltclstub8.6 -L/usr/lib -lssl -lcrypto
objcopy --keep-global-symbols=tcltls.syms shared-tcltls.so
objcopy --discard-all shared-tcltls.so
mv shared-tcltls.so tcltls.so
/usr/bin/install -c -d '/home/packager/aports/main/tcl-tls/pkg/tcl-tls/usr/lib/tcltls1.7.22'
/usr/bin/install -c tcltls.so '/home/packager/aports/main/tcl-tls/pkg/tcl-tls/usr/lib/tcltls1.7.22'
/usr/bin/install -c -m 644    pkgIndex.tcl '/home/packager/aports/main/tcl-tls/pkg/tcl-tls/usr/lib/tcltls1.7.22'
>>> tcl-tls*: Running postcheck for tcl-tls
>>> tcl-tls*: Preparing package tcl-tls...
>>> tcl-tls*: Stripping binaries
>>> WARNING: tcl-tls*: Redundant /usr/lib in rpath found
>>> tcl-tls*: Scanning shared objects
>>> tcl-tls*: Tracing dependencies...
	so:libc.musl-x86_64.so.1
	so:libcrypto.so.3
	so:libssl.so.3
>>> tcl-tls*: Package size: 54.7 KB
>>> tcl-tls*: Compressing data...
>>> tcl-tls*: Create checksum...
pigz: not found
>>> tcl-tls*: Create tcl-tls-1.7.22-r5.apk
>>> tcl-tls: Build complete at Sun, 18 May 2025 10:04:12 +0000 elapsed time 0h 0m 10s
>>> tcl-tls: Cleaning up srcdir
>>> tcl-tls: Cleaning up pkgdir
>>> tcl-tls: Uninstalling dependencies...
(1/6) Purging .makedepends-tcl-tls (20250518.100404)
(2/6) Purging openssl-dev (3.5.0-r0)
(3/6) Purging tcl-dev (8.6.16-r0)
(4/6) Purging tcl (8.6.16-r0)
(5/6) Purging tzdata (2025b-r0)
(6/6) Purging zlib-dev (1.3.1-r2)
Executing busybox-1.37.0-r12.trigger
OK: 261 MiB in 81 packages
>>> tcl-tls: Updating the main/x86_64 repository index...
>>> tcl-tls: Signing the index...
pigz: not found
