pigz: not found
>>> simdutf: Building main/simdutf 7.0.0-r1 (using abuild 3.14.1-r4) started Sun, 18 May 2025 10:11:39 +0000
>>> simdutf: Validating /home/packager/aports/main/simdutf/APKBUILD...
>>> simdutf: Analyzing dependencies...
>>> simdutf: Installing for build: build-base cmake samurai
(1/9) Installing libbz2 (1.0.8-r6)
(2/9) Installing lz4-libs (1.10.0-r0)
(3/9) Installing xz-libs (5.6.3-r1)
(4/9) Installing libarchive (3.7.9-r0)
(5/9) Installing rhash-libs (1.4.5-r0)
(6/9) Installing libuv (1.49.2-r0)
(7/9) Installing cmake (3.31.7-r0)
(8/9) Installing samurai (1.2-r6)
(9/9) Installing .makedepends-simdutf (20250518.101140)
Executing busybox-1.37.0-r12.trigger
OK: 314 MiB in 90 packages
>>> simdutf: Cleaning up srcdir
>>> simdutf: Cleaning up pkgdir
>>> simdutf: Cleaning up tmpdir
>>> simdutf: Fetching https://github.com/simdutf/simdutf/archive/v7.0.0/simdutf-7.0.0.tar.gz
Connecting to github.com (140.82.121.4:443)
Connecting to codeload.github.com (140.82.121.10:443)
saving to '/var/cache/distfiles/simdutf-7.0.0.tar.gz.part'
simdutf-7.0.0.tar.gz 100% |********************************| 2115k  0:00:00 ETA
'/var/cache/distfiles/simdutf-7.0.0.tar.gz.part' saved
>>> simdutf: Fetching https://github.com/simdutf/simdutf/archive/v7.0.0/simdutf-7.0.0.tar.gz
>>> simdutf: Checking sha512sums...
simdutf-7.0.0.tar.gz: OK
0001-Fix-atomic_base64-test-on-big-endian.patch: OK
>>> simdutf: Unpacking /var/cache/distfiles/simdutf-7.0.0.tar.gz...
>>> simdutf: 0001-Fix-atomic_base64-test-on-big-endian.patch
patching file tests/atomic_base64_tests.cpp
Hunk #1 succeeded at 266 (offset -1775 lines).
-- The CXX compiler identification is GNU 14.2.0
-- Detecting CXX compiler ABI info
-- Detecting CXX compiler ABI info - done
-- Check for working CXX compiler: /usr/bin/g++ - skipped
-- Detecting CXX compile features
-- Detecting CXX compile features - done
-- Could NOT find Python3 (missing: Python3_EXECUTABLE Interpreter) 
-- Python not found, we are unable to test amalgamate.py.
-- The tests are enabled.
-- Could NOT find Python3 (missing: Python3_EXECUTABLE Interpreter) 
-- Performing Test Iconv_IS_BUILT_IN
-- Performing Test Iconv_IS_BUILT_IN - Success
-- Found Iconv: built in to C library
-- Iconv was found!
-- Iconv is part of the C library.
-- looking for static C++ library in /usr/lib/gcc/x86_64-alpine-linux-musl/14.2.0
-- libstdc++.a found
-- The tools require C++17. If your system does not support C++17, please set SIMDUTF_TOOLS to OFF.
-- The benchmarks can be enabled by setting SIMDUTF_BENCHMARKS, e.g., -D SIMDUTF_BENCHMARKS=ON.
-- Compiling using the C++ standard:20
-- Configuring done (0.5s)
-- Generating done (0.1s)
-- Build files have been written to: /home/packager/aports/main/simdutf/src/simdutf-7.0.0/build
[1/175] Building CXX object tools/CMakeFiles/fastbase64.dir/fastbase64.cpp.o
[2/175] Building CXX object tools/CMakeFiles/sutf.dir/sutf.cpp.o
[3/175] Building CXX object tests/CMakeFiles/to_well_formed_utf16_tests.dir/to_well_formed_utf16_tests.cpp.o
[4/175] Building CXX object tests/CMakeFiles/utf8_length_from_utf16_tests.dir/utf8_length_from_utf16_tests.cpp.o
[5/175] Building CXX object tests/CMakeFiles/internal_tests.dir/internal_tests.cpp.o
[6/175] Building CXX object tests/CMakeFiles/atomic_base64_tests.dir/atomic_base64_tests.cpp.o
[7/175] Building CXX object tests/CMakeFiles/span_tests.dir/span_tests.cpp.o
[8/175] Building CXX object tests/CMakeFiles/base64_tests.dir/base64_tests.cpp.o
[9/175] Building CXX object tests/CMakeFiles/basic_fuzzer.dir/basic_fuzzer.cpp.o
[10/175] Building CXX object tests/CMakeFiles/detect_encodings_tests.dir/detect_encodings_tests.cpp.o
[11/175] Building CXX object tests/CMakeFiles/count_utf16be.dir/count_utf16be.cpp.o
[12/175] Building CXX object tests/CMakeFiles/count_utf16le.dir/count_utf16le.cpp.o
[13/175] Building CXX object tests/CMakeFiles/count_utf8.dir/count_utf8.cpp.o
[14/175] Building CXX object tests/CMakeFiles/convert_valid_utf16be_to_utf32_tests.dir/convert_valid_utf16be_to_utf32_tests.cpp.o
[15/175] Building CXX object tests/CMakeFiles/convert_valid_utf16le_to_utf32_tests.dir/convert_valid_utf16le_to_utf32_tests.cpp.o
[16/175] Building CXX object tests/CMakeFiles/convert_utf16be_to_utf32_with_errors_tests.dir/convert_utf16be_to_utf32_with_errors_tests.cpp.o
[17/175] Building CXX object tests/CMakeFiles/convert_utf16le_to_utf32_with_errors_tests.dir/convert_utf16le_to_utf32_with_errors_tests.cpp.o
[18/175] Building CXX object tests/CMakeFiles/convert_utf16be_to_utf32_tests.dir/convert_utf16be_to_utf32_tests.cpp.o
[19/175] Building CXX object tests/CMakeFiles/convert_utf16le_to_utf32_tests.dir/convert_utf16le_to_utf32_tests.cpp.o
[20/175] Building CXX object tests/CMakeFiles/convert_valid_utf32_to_utf16be_tests.dir/convert_valid_utf32_to_utf16be_tests.cpp.o
[21/175] Building CXX object tests/CMakeFiles/convert_valid_utf32_to_utf16le_tests.dir/convert_valid_utf32_to_utf16le_tests.cpp.o
[22/175] Building CXX object tests/CMakeFiles/convert_valid_utf32_to_utf8_tests.dir/convert_valid_utf32_to_utf8_tests.cpp.o
[23/175] Building CXX object tests/CMakeFiles/convert_valid_utf16be_to_utf8_tests.dir/convert_valid_utf16be_to_utf8_tests.cpp.o
[24/175] Building CXX object tests/CMakeFiles/convert_valid_utf16le_to_utf8_tests.dir/convert_valid_utf16le_to_utf8_tests.cpp.o
[25/175] Building CXX object tests/CMakeFiles/convert_utf32_to_utf16be_with_errors_tests.dir/convert_utf32_to_utf16be_with_errors_tests.cpp.o
[26/175] Building CXX object tests/CMakeFiles/convert_utf32_to_utf16le_with_errors_tests.dir/convert_utf32_to_utf16le_with_errors_tests.cpp.o
[27/175] Building CXX object tests/CMakeFiles/convert_utf32_to_utf16be_tests.dir/convert_utf32_to_utf16be_tests.cpp.o
[28/175] Building CXX object tests/CMakeFiles/convert_utf32_to_utf16le_tests.dir/convert_utf32_to_utf16le_tests.cpp.o
[29/175] Building CXX object tests/CMakeFiles/convert_utf32_to_utf8_with_errors_tests.dir/convert_utf32_to_utf8_with_errors_tests.cpp.o
[30/175] Building CXX object tests/CMakeFiles/convert_utf32_to_utf8_tests.dir/convert_utf32_to_utf8_tests.cpp.o
[31/175] Building CXX object tests/CMakeFiles/convert_utf32_to_latin1_with_errors_tests.dir/convert_utf32_to_latin1_with_errors_tests.cpp.o
[32/175] Building CXX object tests/CMakeFiles/convert_valid_utf32_to_latin1_tests.dir/convert_valid_utf32_to_latin1_tests.cpp.o
[33/175] Building CXX object tests/CMakeFiles/convert_utf32_to_latin1_tests.dir/convert_utf32_to_latin1_tests.cpp.o
[34/175] Building CXX object tests/CMakeFiles/convert_utf16be_to_utf8_with_errors_tests.dir/convert_utf16be_to_utf8_with_errors_tests.cpp.o
[35/175] Building CXX object tests/CMakeFiles/convert_utf16le_to_utf8_with_errors_tests.dir/convert_utf16le_to_utf8_with_errors_tests.cpp.o
[36/175] Building CXX object tests/CMakeFiles/convert_utf16be_to_utf8_tests.dir/convert_utf16be_to_utf8_tests.cpp.o
[37/175] Building CXX object tests/CMakeFiles/convert_utf16le_to_utf8_tests.dir/convert_utf16le_to_utf8_tests.cpp.o
[38/175] Building CXX object tests/CMakeFiles/convert_valid_utf16be_to_latin1_tests.dir/convert_valid_utf16be_to_latin1_tests.cpp.o
[39/175] Building CXX object tests/CMakeFiles/convert_valid_utf16le_to_latin1_tests.dir/convert_valid_utf16le_to_latin1_tests.cpp.o
[40/175] Building CXX object tests/CMakeFiles/convert_utf16be_to_latin1_tests_with_errors.dir/convert_utf16be_to_latin1_tests_with_errors.cpp.o
[41/175] Building CXX object tests/CMakeFiles/convert_utf16le_to_latin1_tests_with_errors.dir/convert_utf16le_to_latin1_tests_with_errors.cpp.o
[42/175] Building CXX object tests/CMakeFiles/convert_utf16be_to_latin1_tests.dir/convert_utf16be_to_latin1_tests.cpp.o
[43/175] Building CXX object tests/CMakeFiles/convert_utf16le_to_latin1_tests.dir/convert_utf16le_to_latin1_tests.cpp.o
[44/175] Building CXX object tests/CMakeFiles/convert_utf8_to_utf32_with_errors_tests.dir/convert_utf8_to_utf32_with_errors_tests.cpp.o
[45/175] Building CXX object tests/CMakeFiles/convert_utf8_to_utf32_tests.dir/convert_utf8_to_utf32_tests.cpp.o
[46/175] Building CXX object tests/CMakeFiles/convert_utf8_to_utf16be_with_errors_tests.dir/convert_utf8_to_utf16be_with_errors_tests.cpp.o
[47/175] Building CXX object tests/CMakeFiles/convert_utf8_to_utf16le_with_errors_tests.dir/convert_utf8_to_utf16le_with_errors_tests.cpp.o
[48/175] Building CXX object tests/CMakeFiles/convert_utf8_to_utf16be_tests.dir/convert_utf8_to_utf16be_tests.cpp.o
[49/175] Building CXX object tests/CMakeFiles/convert_utf8_to_utf16le_tests.dir/convert_utf8_to_utf16le_tests.cpp.o
[50/175] Building CXX object tests/CMakeFiles/convert_valid_utf8_to_utf32_tests.dir/convert_valid_utf8_to_utf32_tests.cpp.o
[51/175] Building CXX object tests/CMakeFiles/convert_valid_utf8_to_utf16be_tests.dir/convert_valid_utf8_to_utf16be_tests.cpp.o
[52/175] Building CXX object tests/CMakeFiles/convert_valid_utf8_to_utf16le_tests.dir/convert_valid_utf8_to_utf16le_tests.cpp.o
[53/175] Building CXX object tests/CMakeFiles/convert_valid_utf8_to_latin1_tests.dir/convert_valid_utf8_to_latin1_tests.cpp.o
[54/175] Building CXX object tests/CMakeFiles/convert_utf8_to_latin1_with_errors_tests.dir/convert_utf8_to_latin1_with_errors_tests.cpp.o
[55/175] Building CXX object tests/CMakeFiles/convert_utf8_to_latin1_tests.dir/convert_utf8_to_latin1_tests.cpp.o
[56/175] Building CXX object tests/CMakeFiles/convert_latin1_to_utf32_tests.dir/convert_latin1_to_utf32_tests.cpp.o
[57/175] Building CXX object tests/CMakeFiles/convert_latin1_to_utf16be_tests.dir/convert_latin1_to_utf16be_tests.cpp.o
[58/175] Building CXX object tests/CMakeFiles/convert_latin1_to_utf16le_tests.dir/convert_latin1_to_utf16le_tests.cpp.o
[59/175] Building CXX object tests/CMakeFiles/convert_latin1_to_utf8_tests.dir/convert_latin1_to_utf8_tests.cpp.o
[60/175] Building CXX object tests/CMakeFiles/validate_utf32_with_errors_tests.dir/validate_utf32_with_errors_tests.cpp.o
[61/175] Building CXX object tests/CMakeFiles/validate_utf32_basic_tests.dir/validate_utf32_basic_tests.cpp.o
[62/175] Building CXX object tests/CMakeFiles/validate_utf16be_with_errors_tests.dir/validate_utf16be_with_errors_tests.cpp.o
[63/175] Building CXX object tests/CMakeFiles/validate_utf16le_with_errors_tests.dir/validate_utf16le_with_errors_tests.cpp.o
[64/175] Building CXX object tests/CMakeFiles/validate_utf16be_basic_tests.dir/validate_utf16be_basic_tests.cpp.o
[65/175] Building CXX object tests/CMakeFiles/validate_utf16le_basic_tests.dir/validate_utf16le_basic_tests.cpp.o
[66/175] Building CXX object tests/CMakeFiles/validate_utf8_with_errors_tests.dir/validate_utf8_with_errors_tests.cpp.o
[67/175] Building CXX object tests/CMakeFiles/validate_utf8_puzzler_tests.dir/validate_utf8_puzzler_tests.cpp.o
[68/175] Building CXX object tests/CMakeFiles/validate_utf8_brute_force_tests.dir/validate_utf8_brute_force_tests.cpp.o
[69/175] Building CXX object tests/CMakeFiles/select_implementation.dir/select_implementation.cpp.o
[70/175] Building CXX object tests/CMakeFiles/validate_utf8_basic_tests.dir/validate_utf8_basic_tests.cpp.o
[71/175] Building CXX object tests/CMakeFiles/bele_tests.dir/bele_tests.cpp.o
[72/175] Building CXX object tests/CMakeFiles/validate_ascii_with_errors_tests.dir/validate_ascii_with_errors_tests.cpp.o
[73/175] Building CXX object tests/CMakeFiles/validate_ascii_basic_tests.dir/validate_ascii_basic_tests.cpp.o
[74/175] Building CXX object tests/CMakeFiles/special_tests.dir/special_tests.cpp.o
[75/175] Building CXX object tests/CMakeFiles/random_fuzzer.dir/random_fuzzer.cpp.o
[76/175] Building CXX object tests/CMakeFiles/readme_tests.dir/readme_tests.cpp.o
[77/175] Building CXX object tests/reference/CMakeFiles/simdutf_tests_reference.dir/validate_utf32.cpp.o
[78/175] Building CXX object tests/reference/CMakeFiles/simdutf_tests_reference.dir/validate_utf16.cpp.o
[79/175] Building CXX object tests/reference/CMakeFiles/simdutf_tests_reference.dir/validate_utf8.cpp.o
[80/175] Building CXX object tests/reference/CMakeFiles/simdutf_tests_reference.dir/validate_utf32_to_latin1.cpp.o
[81/175] Building CXX object tests/reference/CMakeFiles/simdutf_tests_reference.dir/validate_utf16_to_latin1.cpp.o
[82/175] Building CXX object tests/reference/CMakeFiles/simdutf_tests_reference.dir/validate_utf8_to_latin1.cpp.o
[83/175] Building CXX object tests/reference/CMakeFiles/simdutf_tests_reference.dir/encode_latin1.cpp.o
[84/175] Building CXX object tests/reference/CMakeFiles/simdutf_tests_reference.dir/encode_utf32.cpp.o
[85/175] Building CXX object tests/reference/CMakeFiles/simdutf_tests_reference.dir/encode_utf16.cpp.o
[86/175] Building CXX object tests/reference/CMakeFiles/simdutf_tests_reference.dir/encode_utf8.cpp.o
[87/175] Building CXX object tests/helpers/CMakeFiles/simdutf_tests_helpers.dir/random_utf32.cpp.o
[88/175] Building CXX object tests/helpers/CMakeFiles/simdutf_tests_helpers.dir/random_utf16.cpp.o
[89/175] Building CXX object tests/helpers/CMakeFiles/simdutf_tests_helpers.dir/random_utf8.cpp.o
[90/175] Building CXX object tests/helpers/CMakeFiles/simdutf_tests_helpers.dir/transcode_test_base.cpp.o
[91/175] Building CXX object tests/helpers/CMakeFiles/simdutf_tests_helpers.dir/random_int.cpp.o
[92/175] Building CXX object tests/helpers/CMakeFiles/simdutf_tests_helpers.dir/test.cpp.o
[93/175] Building CXX object tests/CMakeFiles/null_safety_tests.dir/null_safety_tests.cpp.o
[94/175] Building CXX object src/CMakeFiles/simdutf.dir/simdutf.cpp.o
[95/175] Linking CXX shared library src/libsimdutf.so.21.0.0
[96/175] Creating library symlink src/libsimdutf.so.21 src/libsimdutf.so
[97/175] Linking CXX executable tools/fastbase64
[98/175] Linking CXX executable tools/sutf
[99/175] Linking CXX static library tests/reference/libsimdutf_tests_reference.a
[100/175] Linking CXX static library tests/helpers/libsimdutf_tests_helpers.a
[101/175] Linking CXX executable tests/to_well_formed_utf16_tests
[102/175] Linking CXX executable tests/utf8_length_from_utf16_tests
[103/175] Linking CXX executable tests/internal_tests
[104/175] Linking CXX executable tests/atomic_base64_tests
[105/175] Linking CXX executable tests/span_tests
[106/175] Linking CXX executable tests/base64_tests
[107/175] Linking CXX executable tests/basic_fuzzer
[108/175] Linking CXX executable tests/detect_encodings_tests
[109/175] Linking CXX executable tests/count_utf16be
[110/175] Linking CXX executable tests/count_utf16le
[111/175] Linking CXX executable tests/count_utf8
[112/175] Linking CXX executable tests/convert_valid_utf16be_to_utf32_tests
[113/175] Linking CXX executable tests/convert_valid_utf16le_to_utf32_tests
[114/175] Linking CXX executable tests/convert_utf16be_to_utf32_with_errors_tests
[115/175] Linking CXX executable tests/convert_utf16le_to_utf32_with_errors_tests
[116/175] Linking CXX executable tests/convert_utf16be_to_utf32_tests
[117/175] Linking CXX executable tests/convert_utf16le_to_utf32_tests
[118/175] Linking CXX executable tests/convert_valid_utf32_to_utf16be_tests
[119/175] Linking CXX executable tests/convert_valid_utf32_to_utf16le_tests
[120/175] Linking CXX executable tests/convert_valid_utf32_to_utf8_tests
[121/175] Linking CXX executable tests/convert_valid_utf16be_to_utf8_tests
[122/175] Linking CXX executable tests/convert_valid_utf16le_to_utf8_tests
[123/175] Linking CXX executable tests/convert_utf32_to_utf16be_with_errors_tests
[124/175] Linking CXX executable tests/convert_utf32_to_utf16le_with_errors_tests
[125/175] Linking CXX executable tests/convert_utf32_to_utf16be_tests
[126/175] Linking CXX executable tests/convert_utf32_to_utf16le_tests
[127/175] Linking CXX executable tests/convert_utf32_to_utf8_with_errors_tests
[128/175] Linking CXX executable tests/convert_utf32_to_utf8_tests
[129/175] Linking CXX executable tests/convert_utf32_to_latin1_with_errors_tests
[130/175] Linking CXX executable tests/convert_valid_utf32_to_latin1_tests
[131/175] Linking CXX executable tests/convert_utf32_to_latin1_tests
[132/175] Linking CXX executable tests/convert_utf16be_to_utf8_with_errors_tests
[133/175] Linking CXX executable tests/convert_utf16le_to_utf8_with_errors_tests
[134/175] Linking CXX executable tests/convert_utf16be_to_utf8_tests
[135/175] Linking CXX executable tests/convert_utf16le_to_utf8_tests
[136/175] Linking CXX executable tests/convert_valid_utf16be_to_latin1_tests
[137/175] Linking CXX executable tests/convert_valid_utf16le_to_latin1_tests
[138/175] Linking CXX executable tests/convert_utf16be_to_latin1_tests_with_errors
[139/175] Linking CXX executable tests/convert_utf16le_to_latin1_tests_with_errors
[140/175] Linking CXX executable tests/convert_utf16be_to_latin1_tests
[141/175] Linking CXX executable tests/convert_utf16le_to_latin1_tests
[142/175] Linking CXX executable tests/convert_utf8_to_utf32_with_errors_tests
[143/175] Linking CXX executable tests/convert_utf8_to_utf32_tests
[144/175] Linking CXX executable tests/convert_utf8_to_utf16be_with_errors_tests
[145/175] Linking CXX executable tests/convert_utf8_to_utf16le_with_errors_tests
[146/175] Linking CXX executable tests/convert_utf8_to_utf16be_tests
[147/175] Linking CXX executable tests/convert_utf8_to_utf16le_tests
[148/175] Linking CXX executable tests/convert_valid_utf8_to_utf32_tests
[149/175] Linking CXX executable tests/convert_valid_utf8_to_utf16be_tests
[150/175] Linking CXX executable tests/convert_valid_utf8_to_utf16le_tests
[151/175] Linking CXX executable tests/convert_valid_utf8_to_latin1_tests
[152/175] Linking CXX executable tests/convert_utf8_to_latin1_with_errors_tests
[153/175] Linking CXX executable tests/convert_utf8_to_latin1_tests
[154/175] Linking CXX executable tests/convert_latin1_to_utf32_tests
[155/175] Linking CXX executable tests/convert_latin1_to_utf16be_tests
[156/175] Linking CXX executable tests/convert_latin1_to_utf16le_tests
[157/175] Linking CXX executable tests/convert_latin1_to_utf8_tests
[158/175] Linking CXX executable tests/validate_utf32_with_errors_tests
[159/175] Linking CXX executable tests/validate_utf32_basic_tests
[160/175] Linking CXX executable tests/validate_utf16be_with_errors_tests
[161/175] Linking CXX executable tests/validate_utf16le_with_errors_tests
[162/175] Linking CXX executable tests/validate_utf16be_basic_tests
[163/175] Linking CXX executable tests/validate_utf16le_basic_tests
[164/175] Linking CXX executable tests/validate_utf8_with_errors_tests
[165/175] Linking CXX executable tests/validate_utf8_puzzler_tests
[166/175] Linking CXX executable tests/validate_utf8_brute_force_tests
[167/175] Linking CXX executable tests/select_implementation
[168/175] Linking CXX executable tests/validate_utf8_basic_tests
[169/175] Linking CXX executable tests/bele_tests
[170/175] Linking CXX executable tests/validate_ascii_with_errors_tests
[171/175] Linking CXX executable tests/validate_ascii_basic_tests
[172/175] Linking CXX executable tests/special_tests
[173/175] Linking CXX executable tests/random_fuzzer
[174/175] Linking CXX executable tests/readme_tests
[175/175] Linking CXX executable tests/null_safety_tests
Internal ctest changing into directory: /home/packager/aports/main/simdutf/src/simdutf-7.0.0/build
Test project /home/packager/aports/main/simdutf/src/simdutf-7.0.0/build
      Start  1: avoid_abort
      Start  2: avoid_cout
      Start  3: avoid_cerr
      Start  4: avoid_printf
      Start  5: avoid_stdout
      Start  6: avoid_stderr
      Start  7: null_safety_tests
      Start  8: readme_tests
 1/81 Test  #1: avoid_abort ...................................   Passed    0.01 sec
      Start  9: random_fuzzer
 2/81 Test  #2: avoid_cout ....................................   Passed    0.01 sec
 3/81 Test  #3: avoid_cerr ....................................   Passed    0.01 sec
      Start 10: special_tests
      Start 11: validate_ascii_basic_tests
 4/81 Test  #4: avoid_printf ..................................   Passed    0.01 sec
 5/81 Test  #5: avoid_stdout ..................................   Passed    0.01 sec
 6/81 Test  #7: null_safety_tests .............................   Passed    0.01 sec
 7/81 Test  #8: readme_tests ..................................   Passed    0.01 sec
      Start 12: validate_ascii_with_errors_tests
      Start 13: bele_tests
      Start 14: validate_utf8_basic_tests
      Start 15: select_implementation
 8/81 Test  #6: avoid_stderr ..................................   Passed    0.01 sec
 9/81 Test #10: special_tests .................................   Passed    0.01 sec
10/81 Test #11: validate_ascii_basic_tests ....................   Passed    0.01 sec
      Start 16: validate_utf8_brute_force_tests
      Start 17: validate_utf8_puzzler_tests
      Start 18: validate_utf8_with_errors_tests
11/81 Test #13: bele_tests ....................................   Passed    0.01 sec
12/81 Test #14: validate_utf8_basic_tests .....................   Passed    0.00 sec
13/81 Test #15: select_implementation .........................   Passed    0.00 sec
      Start 19: validate_utf16le_basic_tests
      Start 20: validate_utf16be_basic_tests
      Start 21: validate_utf16le_with_errors_tests
14/81 Test #17: validate_utf8_puzzler_tests ...................   Passed    0.00 sec
      Start 22: validate_utf16be_with_errors_tests
15/81 Test #12: validate_ascii_with_errors_tests ..............   Passed    0.16 sec
      Start 23: validate_utf32_basic_tests
16/81 Test #20: validate_utf16be_basic_tests ..................   Passed    0.47 sec
      Start 24: validate_utf32_with_errors_tests
17/81 Test #19: validate_utf16le_basic_tests ..................   Passed    0.47 sec
      Start 25: convert_latin1_to_utf8_tests
18/81 Test #21: validate_utf16le_with_errors_tests ............   Passed    0.50 sec
      Start 26: convert_latin1_to_utf16le_tests
19/81 Test #22: validate_utf16be_with_errors_tests ............   Passed    0.51 sec
      Start 27: convert_latin1_to_utf16be_tests
20/81 Test #16: validate_utf8_brute_force_tests ...............   Passed    0.54 sec
      Start 28: convert_latin1_to_utf32_tests
21/81 Test #26: convert_latin1_to_utf16le_tests ...............   Passed    0.11 sec
      Start 29: convert_utf8_to_latin1_tests
22/81 Test #27: convert_latin1_to_utf16be_tests ...............   Passed    0.12 sec
      Start 30: convert_utf8_to_latin1_with_errors_tests
23/81 Test #25: convert_latin1_to_utf8_tests ..................   Passed    0.20 sec
      Start 31: convert_valid_utf8_to_latin1_tests
24/81 Test  #9: random_fuzzer .................................   Passed    1.23 sec
      Start 32: convert_valid_utf8_to_utf16le_tests
25/81 Test #24: validate_utf32_with_errors_tests ..............   Passed    0.86 sec
      Start 33: convert_valid_utf8_to_utf16be_tests
26/81 Test #18: validate_utf8_with_errors_tests ...............   Passed    1.81 sec
      Start 34: convert_valid_utf8_to_utf32_tests
27/81 Test #23: validate_utf32_basic_tests ....................   Passed    1.73 sec
      Start 35: convert_utf8_to_utf16le_tests
28/81 Test #31: convert_valid_utf8_to_latin1_tests ............   Passed    1.37 sec
      Start 36: convert_utf8_to_utf16be_tests
29/81 Test #29: convert_utf8_to_latin1_tests ..................   Passed    1.50 sec
      Start 37: convert_utf8_to_utf16le_with_errors_tests
30/81 Test #28: convert_latin1_to_utf32_tests .................   Passed    2.98 sec
      Start 38: convert_utf8_to_utf16be_with_errors_tests
31/81 Test #33: convert_valid_utf8_to_utf16be_tests ...........   Passed    3.05 sec
      Start 39: convert_utf8_to_utf32_tests
32/81 Test #36: convert_utf8_to_utf16be_tests .................   Passed    4.77 sec
      Start 40: convert_utf8_to_utf32_with_errors_tests
33/81 Test #39: convert_utf8_to_utf32_tests ...................   Passed    3.70 sec
      Start 41: convert_utf16le_to_latin1_tests
34/81 Test #37: convert_utf8_to_utf16le_with_errors_tests .....   Passed    5.98 sec
      Start 42: convert_utf16be_to_latin1_tests
35/81 Test #42: convert_utf16be_to_latin1_tests ...............   Passed    0.25 sec
      Start 43: convert_utf16le_to_latin1_tests_with_errors
36/81 Test #41: convert_utf16le_to_latin1_tests ...............   Passed    0.38 sec
      Start 44: convert_utf16be_to_latin1_tests_with_errors
37/81 Test #34: convert_valid_utf8_to_utf32_tests .............   Passed    6.75 sec
      Start 45: convert_valid_utf16le_to_latin1_tests
38/81 Test #43: convert_utf16le_to_latin1_tests_with_errors ...   Passed    0.24 sec
      Start 46: convert_valid_utf16be_to_latin1_tests
39/81 Test #45: convert_valid_utf16le_to_latin1_tests .........   Passed    0.11 sec
      Start 47: convert_utf16le_to_utf8_tests
40/81 Test #46: convert_valid_utf16be_to_latin1_tests .........   Passed    0.11 sec
      Start 48: convert_utf16be_to_utf8_tests
41/81 Test #44: convert_utf16be_to_latin1_tests_with_errors ...   Passed    0.23 sec
      Start 49: convert_utf16le_to_utf8_with_errors_tests
42/81 Test #40: convert_utf8_to_utf32_with_errors_tests .......   Passed    2.31 sec
      Start 50: convert_utf16be_to_utf8_with_errors_tests
43/81 Test #49: convert_utf16le_to_utf8_with_errors_tests .....   Passed    0.72 sec
      Start 51: convert_utf32_to_latin1_tests
44/81 Test #48: convert_utf16be_to_utf8_tests .................   Passed    1.12 sec
      Start 52: convert_valid_utf32_to_latin1_tests
45/81 Test #52: convert_valid_utf32_to_latin1_tests ...........   Passed    0.01 sec
      Start 53: convert_utf32_to_latin1_with_errors_tests
46/81 Test #50: convert_utf16be_to_utf8_with_errors_tests .....   Passed    0.72 sec
      Start 54: convert_utf32_to_utf8_tests
47/81 Test #54: convert_utf32_to_utf8_tests ...................   Passed    0.42 sec
      Start 55: convert_utf32_to_utf8_with_errors_tests
48/81 Test #47: convert_utf16le_to_utf8_tests .................   Passed    1.78 sec
      Start 56: convert_utf32_to_utf16le_tests
49/81 Test #55: convert_utf32_to_utf8_with_errors_tests .......   Passed    0.42 sec
      Start 57: convert_utf32_to_utf16be_tests
50/81 Test #56: convert_utf32_to_utf16le_tests ................   Passed    0.45 sec
      Start 58: convert_utf32_to_utf16le_with_errors_tests
51/81 Test #57: convert_utf32_to_utf16be_tests ................   Passed    0.44 sec
      Start 59: convert_utf32_to_utf16be_with_errors_tests
52/81 Test #58: convert_utf32_to_utf16le_with_errors_tests ....   Passed    0.45 sec
      Start 60: convert_valid_utf16le_to_utf8_tests
53/81 Test #59: convert_utf32_to_utf16be_with_errors_tests ....   Passed    0.44 sec
      Start 61: convert_valid_utf16be_to_utf8_tests
54/81 Test #32: convert_valid_utf8_to_utf16le_tests ...........   Passed   10.50 sec
      Start 62: convert_valid_utf32_to_utf8_tests
55/81 Test #62: convert_valid_utf32_to_utf8_tests .............   Passed    0.35 sec
      Start 63: convert_valid_utf32_to_utf16le_tests
56/81 Test #60: convert_valid_utf16le_to_utf8_tests ...........   Passed    1.04 sec
      Start 64: convert_valid_utf32_to_utf16be_tests
57/81 Test #63: convert_valid_utf32_to_utf16le_tests ..........   Passed    0.43 sec
      Start 65: convert_utf16le_to_utf32_tests
58/81 Test #61: convert_valid_utf16be_to_utf8_tests ...........   Passed    0.97 sec
      Start 66: convert_utf16be_to_utf32_tests
59/81 Test #64: convert_valid_utf32_to_utf16be_tests ..........   Passed    0.38 sec
      Start 67: convert_utf16le_to_utf32_with_errors_tests
60/81 Test #67: convert_utf16le_to_utf32_with_errors_tests ....   Passed    0.64 sec
      Start 68: convert_utf16be_to_utf32_with_errors_tests
61/81 Test #66: convert_utf16be_to_utf32_tests ................   Passed    1.01 sec
      Start 69: convert_valid_utf16le_to_utf32_tests
62/81 Test #65: convert_utf16le_to_utf32_tests ................   Passed    1.22 sec
      Start 70: convert_valid_utf16be_to_utf32_tests
63/81 Test #69: convert_valid_utf16le_to_utf32_tests ..........   Passed    0.33 sec
      Start 71: count_utf8
64/81 Test #68: convert_utf16be_to_utf32_with_errors_tests ....   Passed    0.59 sec
      Start 72: count_utf16le
65/81 Test #70: convert_valid_utf16be_to_utf32_tests ..........   Passed    0.67 sec
      Start 73: count_utf16be
66/81 Test #35: convert_utf8_to_utf16le_tests .................   Passed   13.87 sec
      Start 74: detect_encodings_tests
67/81 Test #73: count_utf16be .................................   Passed    1.39 sec
      Start 75: basic_fuzzer
68/81 Test #72: count_utf16le .................................   Passed    4.29 sec
      Start 76: base64_tests
69/81 Test #74: detect_encodings_tests ........................   Passed    2.54 sec
      Start 77: span_tests
70/81 Test #77: span_tests ....................................   Passed    0.01 sec
      Start 78: atomic_base64_tests
71/81 Test #78: atomic_base64_tests ...........................   Passed    0.23 sec
      Start 79: internal_tests
72/81 Test #79: internal_tests ................................   Passed    0.00 sec
      Start 80: utf8_length_from_utf16_tests
73/81 Test #80: utf8_length_from_utf16_tests ..................   Passed    0.01 sec
      Start 81: to_well_formed_utf16_tests
74/81 Test #81: to_well_formed_utf16_tests ....................   Passed    2.20 sec
75/81 Test #71: count_utf8 ....................................   Passed    8.86 sec
76/81 Test #51: convert_utf32_to_latin1_tests .................   Passed   15.34 sec
77/81 Test #53: convert_utf32_to_latin1_with_errors_tests .....   Passed   19.56 sec
78/81 Test #30: convert_utf8_to_latin1_with_errors_tests ......   Passed   29.76 sec
79/81 Test #76: base64_tests ..................................   Passed   16.95 sec
80/81 Test #75: basic_fuzzer ..................................   Passed   27.46 sec
81/81 Test #38: convert_utf8_to_utf16be_with_errors_tests .....   Passed   43.59 sec

100% tests passed, 0 tests failed out of 81

Total Test time (real) =  47.13 sec
>>> simdutf: Entering fakeroot...
-- Install configuration: "Release"
-- Installing: /home/packager/aports/main/simdutf/pkg/simdutf/usr/bin/sutf
-- Set non-toolchain portion of runtime path of "/home/packager/aports/main/simdutf/pkg/simdutf/usr/bin/sutf" to ""
-- Installing: /home/packager/aports/main/simdutf/pkg/simdutf/usr/bin/fastbase64
-- Set non-toolchain portion of runtime path of "/home/packager/aports/main/simdutf/pkg/simdutf/usr/bin/fastbase64" to ""
-- Installing: /home/packager/aports/main/simdutf/pkg/simdutf/usr/include/simdutf.h
-- Installing: /home/packager/aports/main/simdutf/pkg/simdutf/usr/include/simdutf
-- Installing: /home/packager/aports/main/simdutf/pkg/simdutf/usr/include/simdutf/compiler_check.h
-- Installing: /home/packager/aports/main/simdutf/pkg/simdutf/usr/include/simdutf/error.h
-- Installing: /home/packager/aports/main/simdutf/pkg/simdutf/usr/include/simdutf/implementation.h
-- Installing: /home/packager/aports/main/simdutf/pkg/simdutf/usr/include/simdutf/simdutf_version.h
-- Installing: /home/packager/aports/main/simdutf/pkg/simdutf/usr/include/simdutf/avx512.h
-- Installing: /home/packager/aports/main/simdutf/pkg/simdutf/usr/include/simdutf/internal
-- Installing: /home/packager/aports/main/simdutf/pkg/simdutf/usr/include/simdutf/internal/isadetection.h
-- Installing: /home/packager/aports/main/simdutf/pkg/simdutf/usr/include/simdutf/portability.h
-- Installing: /home/packager/aports/main/simdutf/pkg/simdutf/usr/include/simdutf/common_defs.h
-- Installing: /home/packager/aports/main/simdutf/pkg/simdutf/usr/include/simdutf/encoding_types.h
-- Installing: /home/packager/aports/main/simdutf/pkg/simdutf/usr/lib/libsimdutf.so.21.0.0
-- Installing: /home/packager/aports/main/simdutf/pkg/simdutf/usr/lib/libsimdutf.so.21
-- Installing: /home/packager/aports/main/simdutf/pkg/simdutf/usr/lib/libsimdutf.so
-- Installing: /home/packager/aports/main/simdutf/pkg/simdutf/usr/lib/cmake/simdutf/simdutf-config.cmake
-- Installing: /home/packager/aports/main/simdutf/pkg/simdutf/usr/lib/cmake/simdutf/simdutf-config-version.cmake
-- Installing: /home/packager/aports/main/simdutf/pkg/simdutf/usr/lib/cmake/simdutf/simdutfTargets.cmake
-- Installing: /home/packager/aports/main/simdutf/pkg/simdutf/usr/lib/cmake/simdutf/simdutfTargets-release.cmake
-- Installing: /home/packager/aports/main/simdutf/pkg/simdutf/usr/lib/pkgconfig/simdutf.pc
>>> simdutf-dev*: Running split function dev...
'usr/include' -> '/home/packager/aports/main/simdutf/pkg/simdutf-dev/usr/include'
'usr/lib/pkgconfig' -> '/home/packager/aports/main/simdutf/pkg/simdutf-dev/usr/lib/pkgconfig'
'usr/lib/cmake' -> '/home/packager/aports/main/simdutf/pkg/simdutf-dev/usr/lib/cmake'
'usr/lib/libsimdutf.so' -> '/home/packager/aports/main/simdutf/pkg/simdutf-dev/usr/lib/libsimdutf.so'
>>> simdutf-dev*: Preparing subpackage simdutf-dev...
>>> simdutf-dev*: Stripping binaries
>>> simdutf-dev*: Running postcheck for simdutf-dev
>>> simdutf-doc*: Running split function doc...
'usr/share/licenses' -> '/home/packager/aports/main/simdutf/pkg/simdutf-doc/usr/share/licenses'
>>> simdutf-doc*: Preparing subpackage simdutf-doc...
>>> simdutf-doc*: Running postcheck for simdutf-doc
>>> fastbase64*: Running split function fastbase64...
'usr/bin/fastbase64' -> '/home/packager/aports/main/simdutf/pkg/fastbase64/usr/bin/fastbase64'
>>> fastbase64*: Preparing subpackage fastbase64...
>>> fastbase64*: Stripping binaries
>>> fastbase64*: Running postcheck for fastbase64
>>> sutf*: Running split function sutf...
'usr/bin/sutf' -> '/home/packager/aports/main/simdutf/pkg/sutf/usr/bin/sutf'
>>> sutf*: Preparing subpackage sutf...
>>> sutf*: Stripping binaries
>>> sutf*: Running postcheck for sutf
>>> simdutf*: Running postcheck for simdutf
>>> simdutf*: Preparing package simdutf...
>>> simdutf*: Stripping binaries
>>> fastbase64*: Scanning shared objects
>>> simdutf-dev*: Scanning shared objects
>>> simdutf-doc*: Scanning shared objects
>>> simdutf*: Scanning shared objects
>>> sutf*: Scanning shared objects
>>> fastbase64*: Tracing dependencies...
	so:libc.musl-x86_64.so.1
	so:libgcc_s.so.1
	so:libsimdutf.so.21
>>> fastbase64*: Package size: 1.1 MB
>>> fastbase64*: Compressing data...
>>> fastbase64*: Create checksum...
pigz: not found
>>> fastbase64*: Create fastbase64-7.0.0-r1.apk
>>> simdutf-dev*: Tracing dependencies...
	pkgconfig
	simdutf=7.0.0-r1
>>> simdutf-dev*: Package size: 252.6 KB
>>> simdutf-dev*: Compressing data...
>>> simdutf-dev*: Create checksum...
pigz: not found
>>> simdutf-dev*: Create simdutf-dev-7.0.0-r1.apk
>>> simdutf-doc*: Tracing dependencies...
>>> simdutf-doc*: Package size: 1.0 KB
>>> simdutf-doc*: Compressing data...
>>> simdutf-doc*: Create checksum...
pigz: not found
>>> simdutf-doc*: Create simdutf-doc-7.0.0-r1.apk
>>> simdutf*: Tracing dependencies...
	so:libc.musl-x86_64.so.1
	so:libgcc_s.so.1
	so:libstdc++.so.6
>>> simdutf*: Package size: 598.0 KB
>>> simdutf*: Compressing data...
>>> simdutf*: Create checksum...
pigz: not found
>>> simdutf*: Create simdutf-7.0.0-r1.apk
>>> sutf*: Tracing dependencies...
	so:libc.musl-x86_64.so.1
	so:libgcc_s.so.1
	so:libsimdutf.so.21
>>> sutf*: Package size: 1.5 MB
>>> sutf*: Compressing data...
>>> sutf*: Create checksum...
pigz: not found
>>> sutf*: Create sutf-7.0.0-r1.apk
>>> simdutf: Build complete at Sun, 18 May 2025 10:13:34 +0000 elapsed time 0h 1m 55s
>>> simdutf: Cleaning up srcdir
>>> simdutf: Cleaning up pkgdir
>>> simdutf: Uninstalling dependencies...
(1/9) Purging .makedepends-simdutf (20250518.101140)
(2/9) Purging cmake (3.31.7-r0)
(3/9) Purging samurai (1.2-r6)
(4/9) Purging libarchive (3.7.9-r0)
(5/9) Purging libbz2 (1.0.8-r6)
(6/9) Purging libuv (1.49.2-r0)
(7/9) Purging lz4-libs (1.10.0-r0)
(8/9) Purging rhash-libs (1.4.5-r0)
(9/9) Purging xz-libs (5.6.3-r1)
Executing busybox-1.37.0-r12.trigger
OK: 261 MiB in 81 packages
>>> simdutf: Updating the main/x86_64 repository index...
>>> simdutf: Signing the index...
pigz: not found
