>>> acf-dansguardian: Validating /home/packager/oily-pine/main/acf-dansguardian/APKBUILD...
>>> acf-dansguardian: Cleaning up srcdir
>>> acf-dansguardian: Cleaning up pkgdir
>>> acf-dansguardian: Cleaning up tmpdir
>>> acf-dansguardian: Fetching https://gitlab.alpinelinux.org/acf/acf-dansguardian/-/archive/v0.8.0/acf-dansguardian-v0.8.0.tar.gz
  % Total    % Received % Xferd  Average Speed   Time    Time     Time  Current
                                 Dload  Upload   Total   Spent    Left  Speed
  0     0    0     0    0     0      0      0 --:--:-- --:--:-- --:--:--     0100  4663    0  4663    0     0  23305      0 --:--:-- --:--:-- --:--:-- 23432
>>> acf-dansguardian: Fetching https://gitlab.alpinelinux.org/acf/acf-dansguardian/-/archive/v0.8.0/acf-dansguardian-v0.8.0.tar.gz
>>> acf-dansguardian: Checking sha512sums...
acf-dansguardian-v0.8.0.tar.gz: OK
>>> acf-dansguardian: Preparing build chroot...
fetch http://dl-cdn.alpinelinux.org/alpine/edge/main/x86_64/APKINDEX.tar.gz
(1/91) Installing musl (1.2.5-r10)
(2/91) Installing libcrypto3 (3.5.0-r0)
(3/91) Installing ca-certificates-bundle (20241121-r2)
(4/91) Installing libssl3 (3.5.0-r0)
(5/91) Installing zlib (1.3.1-r2)
(6/91) Installing libapk2 (2.14.9-r2)
(7/91) Installing apk-tools (2.14.9-r2)
(8/91) Installing libcap2 (2.76-r0)
(9/91) Installing libcap-getcap (2.76-r0)
(10/91) Installing fakeroot (1.37.1.1-r0)
(11/91) Installing scanelf (1.3.8-r1)
(12/91) Installing musl-utils (1.2.5-r10)
(13/91) Installing libgcc (14.3.0-r1)
(14/91) Installing libstdc++ (14.3.0-r1)
(15/91) Installing lzip (1.25-r0)
(16/91) Installing openssl (3.5.0-r0)
(17/91) Installing patch (2.8-r0)
(18/91) Installing pkgconf (2.4.3-r0)
(19/91) Installing acl-libs (2.3.2-r1)
(20/91) Installing tar (1.35-r3)
(21/91) Installing busybox (1.37.0-r18)
Executing busybox-1.37.0-r18.post-install
(22/91) Installing ssl_client (1.37.0-r18)
(23/91) Installing busybox-binsh (1.37.0-r18)
(24/91) Installing abuild (3.15.0-r0)
Executing abuild-3.15.0-r0.pre-install
(25/91) Installing abuild-sudo (3.15.0-r0)
(26/91) Installing acf-jquery (0.4.3-r2)
(27/91) Installing lua-subprocess (0_git20230625-r1)
(28/91) Installing acf-lib (0.11.1-r0)
(29/91) Installing acf-skins (0.6.0-r3)
(30/91) Installing lua5.4-libs (5.4.7-r0)
(31/91) Installing haserl-lua5.4 (0.9.36-r4)
(32/91) Installing ncurses-terminfo-base (6.5_p20250503-r0)
(33/91) Installing libncursesw (6.5_p20250503-r0)
(34/91) Installing readline (8.2.13-r1)
(35/91) Installing lua5.4 (5.4.7-r0)
(36/91) Installing acf-lib-lua5.4 (0.11.1-r0)
(37/91) Installing lua5.4-subprocess (0_git20230625-r1)
(38/91) Installing lua5.4-bit32 (5.3.0-r6)
(39/91) Installing lua5.4-posix (36.3-r0)
(40/91) Installing lua5.4-md5 (1.3-r2)
(41/91) Installing lua-json4 (1.0.1-r0)
(42/91) Installing acf-core (0.24.1-r0)
(43/91) Installing alpine-baselayout-data (3.7.0-r0)
(44/91) Installing alpine-baselayout (3.7.0-r0)
Executing alpine-baselayout-3.7.0-r0.pre-install
Executing alpine-baselayout-3.7.0-r0.post-install
(45/91) Installing bridge (1.5-r5)
(46/91) Installing ifupdown-ng (0.12.1-r7)
(47/91) Installing openrc-user (0.62.2-r2)
(48/91) Installing openrc (0.62.2-r2)
Executing openrc-0.62.2-r2.post-install
(49/91) Installing mdev-conf (4.8-r0)
(50/91) Installing busybox-mdev-openrc (1.37.0-r18)
(51/91) Installing alpine-conf (3.20.0-r0)
(52/91) Installing alpine-keys (2.5-r0)
(53/91) Installing alpine-release (3.22.0-r0)
(54/91) Installing busybox-openrc (1.37.0-r18)
(55/91) Installing busybox-suid (1.37.0-r18)
(56/91) Installing alpine-base (3.22.0-r0)
(57/91) Installing jansson (2.14.1-r0)
(58/91) Installing zstd-libs (1.5.7-r0)
(59/91) Installing binutils (2.44-r0)
(60/91) Installing libmagic (5.46-r2)
(61/91) Installing file (5.46-r2)
(62/91) Installing libgomp (14.3.0-r1)
(63/91) Installing libatomic (14.3.0-r1)
(64/91) Installing gmp (6.3.0-r3)
(65/91) Installing isl26 (0.26-r1)
(66/91) Installing mpfr4 (4.2.1_p1-r0)
(67/91) Installing mpc1 (1.3.1-r1)
(68/91) Installing gcc (14.3.0-r1)
(69/91) Installing libstdc++-dev (14.3.0-r1)
(70/91) Installing musl-dev (1.2.5-r10)
(71/91) Installing g++ (14.3.0-r1)
(72/91) Installing make (4.4.1-r3)
(73/91) Installing fortify-headers (1.1-r5)
(74/91) Installing build-base (0.5-r3)
(75/91) Installing popt (1.19-r4)
(76/91) Installing logrotate (3.21.0-r1)
(77/91) Installing logrotate-openrc (3.21.0-r1)
(78/91) Installing pcre (8.45-r4)
(79/91) Installing dansguardian (2.12.0.3-r9)
Executing dansguardian-2.12.0.3-r9.pre-install
(80/91) Installing dansguardian-openrc (2.12.0.3-r9)
(81/91) Installing brotli-libs (1.1.0-r2)
(82/91) Installing c-ares (1.34.5-r0)
(83/91) Installing libunistring (1.3-r0)
(84/91) Installing libidn2 (2.3.7-r0)
(85/91) Installing nghttp2-libs (1.65.0-r0)
(86/91) Installing libpsl (0.21.5-r3)
(87/91) Installing libcurl (8.14.0-r2)
(88/91) Installing libexpat (2.7.1-r0)
(89/91) Installing pcre2 (10.43-r1)
(90/91) Installing git (2.49.0-r0)
(91/91) Installing git-init-template (2.49.0-r0)
Executing busybox-1.37.0-r18.trigger
OK: 265 MiB in 91 packages
>>> acf-dansguardian: Fetching https://gitlab.alpinelinux.org/acf/acf-dansguardian/-/archive/v0.8.0/acf-dansguardian-v0.8.0.tar.gz
>>> acf-dansguardian: Checking sha512sums...
acf-dansguardian-v0.8.0.tar.gz: OK
>>> acf-dansguardian: Unpacking /var/cache/distfiles/acf-dansguardian-v0.8.0.tar.gz...
>>> acf-dansguardian: Entering fakeroot...
mkdir -p "/tmp/pkg/acf-dansguardian//usr/share/acf/app/dansguardian"
cp -a dansguardian*  "/tmp/pkg/acf-dansguardian//usr/share/acf/app/dansguardian"
>>> acf-dansguardian*: Running postcheck for acf-dansguardian
>>> acf-dansguardian*: Preparing package acf-dansguardian...
>>> acf-dansguardian*: Tracing dependencies...
	acf-core
	dansguardian
>>> acf-dansguardian*: Package size: 13.3 KB
>>> acf-dansguardian*: Compressing data...
>>> acf-dansguardian*: Create checksum...
>>> acf-dansguardian*: Create acf-dansguardian-0.8.0-r4.apk
>>> acf-dansguardian: Updating the main/x86_64 repository index...
>>> acf-dansguardian: Signing the index...
>>> acf-dansguardian: Cleaning up srcdir
>>> acf-dansguardian: Cleaning up build chroot
>>> acf-dansguardian: Cleaning up pkgdir
