>>> perl-dbd-pg: Validating /home/packager/oily-pine/main/perl-dbd-pg/APKBUILD...
>>> perl-dbd-pg: Cleaning up srcdir
>>> perl-dbd-pg: Cleaning up pkgdir
>>> perl-dbd-pg: Cleaning up tmpdir
>>> perl-dbd-pg: Fetching https://cpan.metacpan.org/authors/id/T/TU/TURNSTEP/DBD-Pg-3.18.0.tar.gz
  % Total    % Received % Xferd  Average Speed   Time    Time     Time  Current
                                 Dload  Upload   Total   Spent    Left  Speed
  0     0    0     0    0     0      0      0 --:--:-- --:--:-- --:--:--     0100  282k  100  282k    0     0  1225k      0 --:--:-- --:--:-- --:--:-- 1226k100  282k  100  282k    0     0  1225k      0 --:--:-- --:--:-- --:--:-- 1226k
>>> perl-dbd-pg: Fetching https://cpan.metacpan.org/authors/id/T/TU/TURNSTEP/DBD-Pg-3.18.0.tar.gz
>>> perl-dbd-pg: Checking sha512sums...
DBD-Pg-3.18.0.tar.gz: OK
>>> perl-dbd-pg: Preparing build chroot...
fetch http://dl-cdn.alpinelinux.org/alpine/edge/main/x86_64/APKINDEX.tar.gz
(1/79) Installing musl (1.2.5-r10)
(2/79) Installing libcrypto3 (3.5.0-r0)
(3/79) Installing ca-certificates-bundle (20241121-r2)
(4/79) Installing libssl3 (3.5.0-r0)
(5/79) Installing zlib (1.3.1-r2)
(6/79) Installing libapk2 (2.14.9-r2)
(7/79) Installing apk-tools (2.14.9-r2)
(8/79) Installing libcap2 (2.76-r0)
(9/79) Installing libcap-getcap (2.76-r0)
(10/79) Installing fakeroot (1.37.1.1-r0)
(11/79) Installing scanelf (1.3.8-r1)
(12/79) Installing musl-utils (1.2.5-r10)
(13/79) Installing libgcc (14.3.0-r0)
(14/79) Installing libstdc++ (14.3.0-r0)
(15/79) Installing lzip (1.25-r0)
(16/79) Installing openssl (3.5.0-r0)
(17/79) Installing patch (2.8-r0)
(18/79) Installing pkgconf (2.4.3-r0)
(19/79) Installing acl-libs (2.3.2-r1)
(20/79) Installing tar (1.35-r3)
(21/79) Installing busybox (1.37.0-r18)
Executing busybox-1.37.0-r18.post-install
(22/79) Installing ssl_client (1.37.0-r18)
(23/79) Installing busybox-binsh (1.37.0-r18)
(24/79) Installing abuild (3.15.0-r0)
Executing abuild-3.15.0-r0.pre-install
(25/79) Installing abuild-sudo (3.15.0-r0)
(26/79) Installing alpine-baselayout-data (3.7.0-r0)
(27/79) Installing alpine-baselayout (3.7.0-r0)
Executing alpine-baselayout-3.7.0-r0.pre-install
Executing alpine-baselayout-3.7.0-r0.post-install
(28/79) Installing bridge (1.5-r5)
(29/79) Installing ifupdown-ng (0.12.1-r7)
(30/79) Installing openrc-user (0.62.2-r2)
(31/79) Installing openrc (0.62.2-r2)
Executing openrc-0.62.2-r2.post-install
(32/79) Installing mdev-conf (4.8-r0)
(33/79) Installing busybox-mdev-openrc (1.37.0-r18)
(34/79) Installing alpine-conf (3.20.0-r0)
(35/79) Installing alpine-keys (2.5-r0)
(36/79) Installing alpine-release (3.22.0-r0)
(37/79) Installing busybox-openrc (1.37.0-r18)
(38/79) Installing busybox-suid (1.37.0-r18)
(39/79) Installing alpine-base (3.22.0-r0)
(40/79) Installing jansson (2.14.1-r0)
(41/79) Installing zstd-libs (1.5.7-r0)
(42/79) Installing binutils (2.44-r0)
(43/79) Installing libmagic (5.46-r2)
(44/79) Installing file (5.46-r2)
(45/79) Installing libgomp (14.3.0-r0)
(46/79) Installing libatomic (14.3.0-r0)
(47/79) Installing gmp (6.3.0-r3)
(48/79) Installing isl26 (0.26-r1)
(49/79) Installing mpfr4 (4.2.1_p1-r0)
(50/79) Installing mpc1 (1.3.1-r1)
(51/79) Installing gcc (14.3.0-r0)
(52/79) Installing libstdc++-dev (14.3.0-r0)
(53/79) Installing musl-dev (1.2.5-r10)
(54/79) Installing g++ (14.3.0-r0)
(55/79) Installing make (4.4.1-r3)
(56/79) Installing fortify-headers (1.1-r5)
(57/79) Installing build-base (0.5-r3)
(58/79) Installing brotli-libs (1.1.0-r2)
(59/79) Installing c-ares (1.34.5-r0)
(60/79) Installing libunistring (1.3-r0)
(61/79) Installing libidn2 (2.3.7-r0)
(62/79) Installing nghttp2-libs (1.65.0-r0)
(63/79) Installing libpsl (0.21.5-r3)
(64/79) Installing libcurl (8.14.0-r2)
(65/79) Installing libexpat (2.7.1-r0)
(66/79) Installing pcre2 (10.43-r1)
(67/79) Installing git (2.49.0-r0)
(68/79) Installing git-init-template (2.49.0-r0)
(69/79) Installing libpq (17.5-r0)
(70/79) Installing openssl-dev (3.5.0-r0)
(71/79) Installing libpq-dev (17.5-r0)
(72/79) Installing libbz2 (1.0.8-r6)
(73/79) Installing perl (5.40.2-r0)
(74/79) Installing perl-error (0.17030-r0)
(75/79) Installing perl-git (2.49.0-r0)
(76/79) Installing git-perl (2.49.0-r0)
(77/79) Installing perl-dbi (1.647-r0)
(78/79) Installing perl-utils (5.40.2-r0)
(79/79) Installing perl-dev (5.40.2-r0)
Executing busybox-1.37.0-r18.trigger
OK: 311 MiB in 79 packages
>>> perl-dbd-pg: Fetching https://cpan.metacpan.org/authors/id/T/TU/TURNSTEP/DBD-Pg-3.18.0.tar.gz
>>> perl-dbd-pg: Checking sha512sums...
DBD-Pg-3.18.0.tar.gz: OK
>>> perl-dbd-pg: Unpacking /var/cache/distfiles/DBD-Pg-3.18.0.tar.gz...
Configuring DBD::Pg 3.18.0
PostgreSQL version: 170005 (default port: 5432)
POSTGRES_HOME: (not set)
POSTGRES_INCLUDE: /usr/include/postgresql
POSTGRES_LIB: /usr/lib
OS: linux
print() on unopened filehandle STDOUT at /usr/lib/perl5/vendor_perl/DBI/DBD.pm line 3454.
Checking if your kit is complete...
Looks good
Using DBI 1.647 (for perl 5.040002 on x86_64-linux-thread-multi) installed in /usr/lib/perl5/vendor_perl/auto/DBI/
Generating a Unix-style Makefile
Writing Makefile for DBD::Pg
Writing MYMETA.yml and MYMETA.json
Running Mkbootstrap for Pg ()
"/usr/bin/perl" -p -e "s/~DRIVER~/Pg/g; s/^do\(/dontdo\(/" /usr/lib/perl5/vendor_perl/auto/DBI/Driver.xst > Pg.xsi
cc -c  -I/usr/include/postgresql -I/usr/lib/perl5/vendor_perl/auto/DBI -D_REENTRANT -D_GNU_SOURCE -D_GNU_SOURCE -fwrapv -fno-strict-aliasing -pipe -fstack-protector-strong -D_LARGEFILE_SOURCE -D_FILE_OFFSET_BITS=64 -DPGLIBVERSION=170005 -DPGDEFPORT=5432 -DHAS64BITLO -Os -fstack-clash-protection -Wformat -Werror=format-security -fno-plt -O2  -DPERL_EXTMALLOC_DEF -Dmalloc=Perl_malloc -Dfree=Perl_mfree -Drealloc=Perl_realloc -Dcalloc=Perl_calloc -DVERSION=\"3.18.0\" -DXS_VERSION=\"3.18.0\" -fPIC "-I/usr/lib/perl5/core_perl/CORE"   dbdimp.c
cc -c  -I/usr/include/postgresql -I/usr/lib/perl5/vendor_perl/auto/DBI -D_REENTRANT -D_GNU_SOURCE -D_GNU_SOURCE -fwrapv -fno-strict-aliasing -pipe -fstack-protector-strong -D_LARGEFILE_SOURCE -D_FILE_OFFSET_BITS=64 -DPGLIBVERSION=170005 -DPGDEFPORT=5432 -DHAS64BITLO -Os -fstack-clash-protection -Wformat -Werror=format-security -fno-plt -O2  -DPERL_EXTMALLOC_DEF -Dmalloc=Perl_malloc -Dfree=Perl_mfree -Drealloc=Perl_realloc -Dcalloc=Perl_calloc -DVERSION=\"3.18.0\" -DXS_VERSION=\"3.18.0\" -fPIC "-I/usr/lib/perl5/core_perl/CORE"   quote.c
cc -c  -I/usr/include/postgresql -I/usr/lib/perl5/vendor_perl/auto/DBI -D_REENTRANT -D_GNU_SOURCE -D_GNU_SOURCE -fwrapv -fno-strict-aliasing -pipe -fstack-protector-strong -D_LARGEFILE_SOURCE -D_FILE_OFFSET_BITS=64 -DPGLIBVERSION=170005 -DPGDEFPORT=5432 -DHAS64BITLO -Os -fstack-clash-protection -Wformat -Werror=format-security -fno-plt -O2  -DPERL_EXTMALLOC_DEF -Dmalloc=Perl_malloc -Dfree=Perl_mfree -Drealloc=Perl_realloc -Dcalloc=Perl_calloc -DVERSION=\"3.18.0\" -DXS_VERSION=\"3.18.0\" -fPIC "-I/usr/lib/perl5/core_perl/CORE"   types.c
"/usr/bin/perl" "/usr/share/perl5/core_perl/ExtUtils/xsubpp"  -typemap '/usr/share/perl5/core_perl/ExtUtils/typemap'  Pg.xs > Pg.xsc
chmod 644 "Pg.bs"
"/usr/bin/perl" -MExtUtils::Command::MM -e 'cp_nonempty' -- Pg.bs blib/arch/auto/DBD/Pg/Pg.bs 644
cp lib/Bundle/DBD/Pg.pm blib/lib/Bundle/DBD/Pg.pm
cp Pg.pm blib/lib/DBD/Pg.pm
mv Pg.xsc Pg.c
cc -c  -I/usr/include/postgresql -I/usr/lib/perl5/vendor_perl/auto/DBI -D_REENTRANT -D_GNU_SOURCE -D_GNU_SOURCE -fwrapv -fno-strict-aliasing -pipe -fstack-protector-strong -D_LARGEFILE_SOURCE -D_FILE_OFFSET_BITS=64 -DPGLIBVERSION=170005 -DPGDEFPORT=5432 -DHAS64BITLO -Os -fstack-clash-protection -Wformat -Werror=format-security -fno-plt -O2  -DPERL_EXTMALLOC_DEF -Dmalloc=Perl_malloc -Dfree=Perl_mfree -Drealloc=Perl_realloc -Dcalloc=Perl_calloc -DVERSION=\"3.18.0\" -DXS_VERSION=\"3.18.0\" -fPIC "-I/usr/lib/perl5/core_perl/CORE"   Pg.c
rm -f blib/arch/auto/DBD/Pg/Pg.so
LD_RUN_PATH="/usr/lib" cc  -shared -Os -fstack-clash-protection -Wformat -Werror=format-security -fno-plt -O2 -L/usr/local/lib -fstack-protector-strong  Pg.o dbdimp.o quote.o types.o  -o blib/arch/auto/DBD/Pg/Pg.so  \
   -L/usr/lib -lpq -lm   \
  
chmod 755 blib/arch/auto/DBD/Pg/Pg.so
Manifying 2 pod documents
"/usr/bin/perl" -MExtUtils::Command::MM -e 'cp_nonempty' -- Pg.bs blib/arch/auto/DBD/Pg/Pg.bs 644
PGINITDB="" PERL_DL_NONLAZY=1 "/usr/bin/perl" "-MExtUtils::Command::MM" "-MTest::Harness" "-e" "undef *Test::Harness::Switches; test_harness(0, 'blib/lib', 'blib/arch')" t/*.t
t/00_signature.t ....... skipped: Set the environment variable TEST_SIGNATURE to enable this test
t/00basic.t ............ ok
# 
# DBI                         Version 1.647
# DBD::Pg                     Version 3.18.0
# Perl                        Version 5.40.2
# OS                          linux
# PostgreSQL (compiled)       ?
# PostgreSQL (target)         ?
# PostgreSQL (reported)       ?
# Default port                ?
# DBI_DSN                     ?
# DBI_USER                    <not set>
# Test schema                 dbd_pg_testschema
# LANG                        C
# Adjusted:                   initdb
# Error was: Failed to run initdb (executable probably not available) Final call was: initdb
t/01connect.t .......... skipped: Connection to database failed, cannot continue testing
t/01constants.t ........ ok
t/02attribs.t .......... skipped: Connection to database failed, cannot continue testing
t/03dbmethod.t ......... skipped: Connection to database failed, cannot continue testing
t/03smethod.t .......... skipped: Connection to database failed, cannot continue testing
t/04misc.t ............. skipped: Connection to database failed, cannot continue testing
t/06bytea.t ............ skipped: Connection to database failed, cannot continue testing
t/07copy.t ............. skipped: Connection to database failed, cannot continue testing
t/08async.t ............ skipped: Connection to database failed, cannot continue testing
t/09arrays.t ........... skipped: Connection to database failed, cannot continue testing
t/10_pg_error_field.t .. skipped: Connection to database failed, cannot continue testing
t/12placeholders.t ..... skipped: Connection to database failed, cannot continue testing
t/20savepoints.t ....... skipped: Connection to database failed, cannot continue testing
t/30unicode.t .......... skipped: Connection to database failed, cannot continue testing
t/99cleanup.t .......... ok
All tests successful.
Files=17, Tests=197,  2 wallclock secs ( 0.03 usr  0.01 sys +  0.86 cusr  0.14 csys =  1.04 CPU)
Result: PASS
>>> perl-dbd-pg: Entering fakeroot...
"/usr/bin/perl" -MExtUtils::Command::MM -e 'cp_nonempty' -- Pg.bs blib/arch/auto/DBD/Pg/Pg.bs 644
Manifying 2 pod documents
Files found in blib/arch: installing files in blib/lib into architecture dependent library tree
Installing /tmp/pkg/perl-dbd-pg/usr/lib/perl5/vendor_perl/auto/DBD/Pg/Pg.so
Installing /tmp/pkg/perl-dbd-pg/usr/lib/perl5/vendor_perl/Bundle/DBD/Pg.pm
Installing /tmp/pkg/perl-dbd-pg/usr/lib/perl5/vendor_perl/DBD/Pg.pm
Installing /tmp/pkg/perl-dbd-pg/usr/share/man/man3/DBD::Pg.3pm
Installing /tmp/pkg/perl-dbd-pg/usr/share/man/man3/Bundle::DBD::Pg.3pm
>>> perl-dbd-pg-doc*: Running split function doc...
'usr/share/man' -> '/tmp/pkg/perl-dbd-pg-doc/usr/share/man'
>>> perl-dbd-pg-doc*: Preparing subpackage perl-dbd-pg-doc...
>>> perl-dbd-pg-doc*: Running postcheck for perl-dbd-pg-doc
>>> perl-dbd-pg*: Running postcheck for perl-dbd-pg
>>> perl-dbd-pg*: Preparing package perl-dbd-pg...
>>> perl-dbd-pg*: Stripping binaries
>>> WARNING: perl-dbd-pg*: Redundant /usr/lib in rpath found
>>> perl-dbd-pg-doc*: Scanning shared objects
>>> perl-dbd-pg*: Scanning shared objects
>>> perl-dbd-pg-doc*: Tracing dependencies...
>>> perl-dbd-pg-doc*: Package size: 38.0 KB
>>> perl-dbd-pg-doc*: Compressing data...
>>> perl-dbd-pg-doc*: Create checksum...
>>> perl-dbd-pg-doc*: Create perl-dbd-pg-doc-3.18.0-r1.apk
>>> perl-dbd-pg*: Tracing dependencies...
	perl
	perl-dbi
	so:libc.musl-x86_64.so.1
	so:libpq.so.5
>>> perl-dbd-pg*: Package size: 458.9 KB
>>> perl-dbd-pg*: Compressing data...
>>> perl-dbd-pg*: Create checksum...
>>> perl-dbd-pg*: Create perl-dbd-pg-3.18.0-r1.apk
>>> perl-dbd-pg: Updating the main/x86_64 repository index...
>>> perl-dbd-pg: Signing the index...
>>> perl-dbd-pg: Cleaning up srcdir
>>> perl-dbd-pg: Cleaning up build chroot
>>> perl-dbd-pg: Cleaning up pkgdir
