>>> rarian: Validating /home/packager/oily-pine/main/rarian/APKBUILD...
>>> rarian: Cleaning up srcdir
>>> rarian: Cleaning up pkgdir
>>> rarian: Cleaning up tmpdir
>>> rarian: Fetching https://download.gnome.org/sources/rarian/0.8/rarian-0.8.1.tar.bz2
  % Total    % Received % Xferd  Average Speed   Time    Time     Time  Current
                                 Dload  Upload   Total   Spent    Left  Speed
  0     0    0     0    0     0      0      0 --:--:-- --:--:-- --:--:--     0100  316k  100  316k    0     0   944k      0 --:--:-- --:--:-- --:--:--  945k
>>> rarian: Fetching https://download.gnome.org/sources/rarian/0.8/rarian-0.8.1.tar.bz2
>>> rarian: Checking sha512sums...
rarian-0.8.1.tar.bz2: OK
user-segfault.patch: OK
gcc-14-implicit-int.patch: OK
>>> rarian: Preparing build chroot...
fetch http://dl-cdn.alpinelinux.org/alpine/edge/main/x86_64/APKINDEX.tar.gz
(1/81) Installing musl (1.2.5-r10)
(2/81) Installing libcrypto3 (3.5.0-r0)
(3/81) Installing ca-certificates-bundle (20241121-r2)
(4/81) Installing libssl3 (3.5.0-r0)
(5/81) Installing zlib (1.3.1-r2)
(6/81) Installing libapk2 (2.14.9-r2)
(7/81) Installing apk-tools (2.14.9-r2)
(8/81) Installing libcap2 (2.76-r0)
(9/81) Installing libcap-getcap (2.76-r0)
(10/81) Installing fakeroot (1.37.1.1-r0)
(11/81) Installing scanelf (1.3.8-r1)
(12/81) Installing musl-utils (1.2.5-r10)
(13/81) Installing libgcc (14.3.0-r0)
(14/81) Installing libstdc++ (14.3.0-r0)
(15/81) Installing lzip (1.25-r0)
(16/81) Installing openssl (3.5.0-r0)
(17/81) Installing patch (2.8-r0)
(18/81) Installing pkgconf (2.4.3-r0)
(19/81) Installing acl-libs (2.3.2-r1)
(20/81) Installing tar (1.35-r3)
(21/81) Installing busybox (1.37.0-r18)
Executing busybox-1.37.0-r18.post-install
(22/81) Installing ssl_client (1.37.0-r18)
(23/81) Installing busybox-binsh (1.37.0-r18)
(24/81) Installing abuild (3.15.0-r0)
Executing abuild-3.15.0-r0.pre-install
(25/81) Installing abuild-sudo (3.15.0-r0)
(26/81) Installing alpine-baselayout-data (3.7.0-r0)
(27/81) Installing alpine-baselayout (3.7.0-r0)
Executing alpine-baselayout-3.7.0-r0.pre-install
Executing alpine-baselayout-3.7.0-r0.post-install
(28/81) Installing bridge (1.5-r5)
(29/81) Installing ifupdown-ng (0.12.1-r7)
(30/81) Installing openrc-user (0.62.2-r2)
(31/81) Installing openrc (0.62.2-r2)
Executing openrc-0.62.2-r2.post-install
(32/81) Installing mdev-conf (4.8-r0)
(33/81) Installing busybox-mdev-openrc (1.37.0-r18)
(34/81) Installing alpine-conf (3.20.0-r0)
(35/81) Installing alpine-keys (2.5-r0)
(36/81) Installing alpine-release (3.22.0-r0)
(37/81) Installing busybox-openrc (1.37.0-r18)
(38/81) Installing busybox-suid (1.37.0-r18)
(39/81) Installing alpine-base (3.22.0-r0)
(40/81) Installing ncurses-terminfo-base (6.5_p20250503-r0)
(41/81) Installing libncursesw (6.5_p20250503-r0)
(42/81) Installing readline (8.2.13-r1)
(43/81) Installing bash (5.2.37-r0)
Executing bash-5.2.37-r0.post-install
(44/81) Installing jansson (2.14.1-r0)
(45/81) Installing zstd-libs (1.5.7-r0)
(46/81) Installing binutils (2.44-r0)
(47/81) Installing libmagic (5.46-r2)
(48/81) Installing file (5.46-r2)
(49/81) Installing libgomp (14.3.0-r0)
(50/81) Installing libatomic (14.3.0-r0)
(51/81) Installing gmp (6.3.0-r3)
(52/81) Installing isl26 (0.26-r1)
(53/81) Installing mpfr4 (4.2.1_p1-r0)
(54/81) Installing mpc1 (1.3.1-r1)
(55/81) Installing gcc (14.3.0-r0)
(56/81) Installing libstdc++-dev (14.3.0-r0)
(57/81) Installing musl-dev (1.2.5-r10)
(58/81) Installing g++ (14.3.0-r0)
(59/81) Installing make (4.4.1-r3)
(60/81) Installing fortify-headers (1.1-r5)
(61/81) Installing build-base (0.5-r3)
(62/81) Installing brotli-libs (1.1.0-r2)
(63/81) Installing c-ares (1.34.5-r0)
(64/81) Installing libunistring (1.3-r0)
(65/81) Installing libidn2 (2.3.7-r0)
(66/81) Installing nghttp2-libs (1.65.0-r0)
(67/81) Installing libpsl (0.21.5-r3)
(68/81) Installing libcurl (8.14.0-r2)
(69/81) Installing libexpat (2.7.1-r0)
(70/81) Installing pcre2 (10.43-r1)
(71/81) Installing git (2.49.0-r0)
(72/81) Installing git-init-template (2.49.0-r0)
(73/81) Installing xz-libs (5.8.1-r0)
(74/81) Installing libxml2 (2.13.8-r0)
(75/81) Installing libxslt (1.1.43-r3)
(76/81) Installing zlib-dev (1.3.1-r2)
(77/81) Installing xz (5.8.1-r0)
(78/81) Installing xz-dev (5.8.1-r0)
(79/81) Installing libxml2-utils (2.13.8-r0)
(80/81) Installing libxml2-dev (2.13.8-r0)
(81/81) Installing libxslt-dev (1.1.43-r3)
Executing busybox-1.37.0-r18.trigger
OK: 264 MiB in 81 packages
>>> rarian: Fetching https://download.gnome.org/sources/rarian/0.8/rarian-0.8.1.tar.bz2
>>> rarian: Checking sha512sums...
rarian-0.8.1.tar.bz2: OK
user-segfault.patch: OK
gcc-14-implicit-int.patch: OK
>>> rarian: Unpacking /var/cache/distfiles/rarian-0.8.1.tar.bz2...
>>> rarian: Updating ./config.sub
>>> rarian: user-segfault.patch
patching file util/rarian-sk-get-cl.cpp
>>> rarian: gcc-14-implicit-int.patch
patching file util/rarian-example.c
checking for a BSD-compatible install... /usr/bin/install -c
checking whether build environment is sane... yes
checking for a thread-safe mkdir -p... ./install-sh -c -d
checking for gawk... no
checking for mawk... no
checking for nawk... no
checking for awk... awk
checking whether make sets $(MAKE)... yes
./configure: line 2450: foreign: not found
checking whether to enable maintainer-specific portions of Makefiles... no
checking for x86_64-alpine-linux-musl-gcc... cc
checking for C compiler default output file name... a.out
checking whether the C compiler works... yes
checking whether we are cross compiling... no
checking for suffix of executables... 
checking for suffix of object files... o
checking whether we are using the GNU C compiler... yes
checking whether cc accepts -g... yes
checking for cc option to accept ISO C89... none needed
checking for style of include used by make... GNU
checking dependency style of cc... gcc3
checking for a BSD-compatible install... /usr/bin/install -c
checking build system type... x86_64-alpine-linux-musl
checking host system type... x86_64-alpine-linux-musl
checking for a sed that does not truncate output... /bin/sed
checking for grep that handles long lines and -e... /bin/grep
checking for egrep... /bin/grep -E
checking for ld used by cc... /usr/x86_64-alpine-linux-musl/bin/ld
checking if the linker (/usr/x86_64-alpine-linux-musl/bin/ld) is GNU ld... yes
checking for /usr/x86_64-alpine-linux-musl/bin/ld option to reload object files... -r
checking for BSD-compatible nm... /usr/bin/nm -B
checking whether ln -s works... yes
checking how to recognize dependent libraries... pass_all
checking how to run the C preprocessor... cc -E
checking for ANSI C header files... yes
checking for sys/types.h... yes
checking for sys/stat.h... yes
checking for stdlib.h... yes
checking for string.h... yes
checking for memory.h... yes
checking for strings.h... yes
checking for inttypes.h... yes
checking for stdint.h... yes
checking for unistd.h... yes
checking dlfcn.h usability... yes
checking dlfcn.h presence... yes
checking for dlfcn.h... yes
checking whether we are using the GNU C++ compiler... yes
checking whether c++ accepts -g... yes
checking dependency style of c++... gcc3
checking how to run the C++ preprocessor... c++ -E
checking for x86_64-alpine-linux-musl-g77... no
checking for x86_64-alpine-linux-musl-xlf... no
checking for x86_64-alpine-linux-musl-f77... no
checking for x86_64-alpine-linux-musl-frt... no
checking for x86_64-alpine-linux-musl-pgf77... no
checking for x86_64-alpine-linux-musl-cf77... no
checking for x86_64-alpine-linux-musl-fort77... no
checking for x86_64-alpine-linux-musl-fl32... no
checking for x86_64-alpine-linux-musl-af77... no
checking for x86_64-alpine-linux-musl-xlf90... no
checking for x86_64-alpine-linux-musl-f90... no
checking for x86_64-alpine-linux-musl-pgf90... no
checking for x86_64-alpine-linux-musl-pghpf... no
checking for x86_64-alpine-linux-musl-epcf90... no
checking for x86_64-alpine-linux-musl-gfortran... no
checking for x86_64-alpine-linux-musl-g95... no
checking for x86_64-alpine-linux-musl-xlf95... no
checking for x86_64-alpine-linux-musl-f95... no
checking for x86_64-alpine-linux-musl-fort... no
checking for x86_64-alpine-linux-musl-ifort... no
checking for x86_64-alpine-linux-musl-ifc... no
checking for x86_64-alpine-linux-musl-efc... no
checking for x86_64-alpine-linux-musl-pgf95... no
checking for x86_64-alpine-linux-musl-lf95... no
checking for x86_64-alpine-linux-musl-ftn... no
checking for g77... no
checking for xlf... no
checking for f77... no
checking for frt... no
checking for pgf77... no
checking for cf77... no
checking for fort77... no
checking for fl32... no
checking for af77... no
checking for xlf90... no
checking for f90... no
checking for pgf90... no
checking for pghpf... no
checking for epcf90... no
checking for gfortran... no
checking for g95... no
checking for xlf95... no
checking for f95... no
checking for fort... no
checking for ifort... no
checking for ifc... no
checking for efc... no
checking for pgf95... no
checking for lf95... no
checking for ftn... no
checking whether we are using the GNU Fortran 77 compiler... no
checking whether  accepts -g... no
checking the maximum length of command line arguments... 98304
checking command to parse /usr/bin/nm -B output from cc object... ok
checking for objdir... .libs
checking for x86_64-alpine-linux-musl-ar... no
checking for ar... ar
checking for x86_64-alpine-linux-musl-ranlib... no
checking for ranlib... ranlib
checking for x86_64-alpine-linux-musl-strip... no
checking for strip... strip
checking if cc supports -fno-rtti -fno-exceptions... no
checking for cc option to produce PIC... -fPIC
checking if cc PIC flag -fPIC works... yes
checking if cc static flag -static works... yes
checking if cc supports -c -o file.o... yes
checking whether the cc linker (/usr/x86_64-alpine-linux-musl/bin/ld -m elf_x86_64) supports shared libraries... yes
checking whether -lc should be explicitly linked in... no
checking dynamic linker characteristics... GNU/Linux ld.so
checking how to hardcode library paths into programs... immediate
checking whether stripping libraries is possible... yes
checking if libtool supports shared libraries... yes
checking whether to build shared libraries... yes
checking whether to build static libraries... no
configure: creating libtool
appending configuration tag "CXX" to libtool
checking for ld used by c++... /usr/x86_64-alpine-linux-musl/bin/ld -m elf_x86_64
checking if the linker (/usr/x86_64-alpine-linux-musl/bin/ld -m elf_x86_64) is GNU ld... yes
checking whether the c++ linker (/usr/x86_64-alpine-linux-musl/bin/ld -m elf_x86_64) supports shared libraries... yes
checking for c++ option to produce PIC... -fPIC
checking if c++ PIC flag -fPIC works... yes
checking if c++ static flag -static works... yes
checking if c++ supports -c -o file.o... yes
checking whether the c++ linker (/usr/x86_64-alpine-linux-musl/bin/ld -m elf_x86_64) supports shared libraries... yes
checking dynamic linker characteristics... GNU/Linux ld.so
(cached) (cached) checking how to hardcode library paths into programs... immediate
appending configuration tag "F77" to libtool
checking whether we are using the GNU C++ compiler... (cached) yes
checking whether c++ accepts -g... (cached) yes
checking dependency style of c++... (cached) gcc3
conv dir is /usr/share/omf
checking for xsltproc... yes
checking for bash... /bin/bash
checking malloc.h usability... yes
checking malloc.h presence... yes
checking for malloc.h... yes
configure: creating ./config.status
config.status: creating Makefile
config.status: creating rarian.pc
config.status: creating data/Makefile
config.status: creating docs/Makefile
config.status: creating librarian/Makefile
config.status: creating util/Makefile
config.status: creating util/rarian-sk-update
config.status: creating util/rarian-sk-install
config.status: creating util/rarian-sk-rebuild
config.status: creating util/rarian-sk-config
config.status: creating util/rarian-sk-get-scripts
config.status: creating util/rarian-sk-extract
config.status: creating util/rarian-sk-get-content-list
config.status: creating util/rarian-sk-get-extended-content-list
config.status: creating docs/rarian.document
config.status: creating config.h
config.status: executing depfiles commands

Rarian-0.8.1:
This is not API-stable yet.
Prefix......... /usr
make  all-recursive
make[1]: Entering directory '/tmp/src/rarian-0.8.1'
Making all in librarian
make[2]: Entering directory '/tmp/src/rarian-0.8.1/librarian'
/bin/sh ../libtool --tag=CC   --mode=compile cc -DHAVE_CONFIG_H -I. -I..    -DDATADIR=\""/usr/share"\" -DSYSCONFDIR=\""/etc"\" -DI_KNOW_RARIAN_0_8_IS_UNSTABLE -Os -fstack-clash-protection -Wformat -Werror=format-security -fno-plt -MT librarian_la-rarian-main.lo -MD -MP -MF .deps/librarian_la-rarian-main.Tpo -c -o librarian_la-rarian-main.lo `test -f 'rarian-main.c' || echo './'`rarian-main.c
/bin/sh ../libtool --tag=CC   --mode=compile cc -DHAVE_CONFIG_H -I. -I..    -DDATADIR=\""/usr/share"\" -DSYSCONFDIR=\""/etc"\" -DI_KNOW_RARIAN_0_8_IS_UNSTABLE -Os -fstack-clash-protection -Wformat -Werror=format-security -fno-plt -MT librarian_la-rarian-reg-utils.lo -MD -MP -MF .deps/librarian_la-rarian-reg-utils.Tpo -c -o librarian_la-rarian-reg-utils.lo `test -f 'rarian-reg-utils.c' || echo './'`rarian-reg-utils.c
/bin/sh ../libtool --tag=CC   --mode=compile cc -DHAVE_CONFIG_H -I. -I..    -DDATADIR=\""/usr/share"\" -DSYSCONFDIR=\""/etc"\" -DI_KNOW_RARIAN_0_8_IS_UNSTABLE -Os -fstack-clash-protection -Wformat -Werror=format-security -fno-plt -MT librarian_la-rarian-language.lo -MD -MP -MF .deps/librarian_la-rarian-language.Tpo -c -o librarian_la-rarian-language.lo `test -f 'rarian-language.c' || echo './'`rarian-language.c
/bin/sh ../libtool --tag=CC   --mode=compile cc -DHAVE_CONFIG_H -I. -I..    -DDATADIR=\""/usr/share"\" -DSYSCONFDIR=\""/etc"\" -DI_KNOW_RARIAN_0_8_IS_UNSTABLE -Os -fstack-clash-protection -Wformat -Werror=format-security -fno-plt -MT librarian_la-rarian-utils.lo -MD -MP -MF .deps/librarian_la-rarian-utils.Tpo -c -o librarian_la-rarian-utils.lo `test -f 'rarian-utils.c' || echo './'`rarian-utils.c
/bin/sh ../libtool --tag=CC   --mode=compile cc -DHAVE_CONFIG_H -I. -I..    -DDATADIR=\""/usr/share"\" -DSYSCONFDIR=\""/etc"\" -DI_KNOW_RARIAN_0_8_IS_UNSTABLE -Os -fstack-clash-protection -Wformat -Werror=format-security -fno-plt -MT librarian_la-rarian-info.lo -MD -MP -MF .deps/librarian_la-rarian-info.Tpo -c -o librarian_la-rarian-info.lo `test -f 'rarian-info.c' || echo './'`rarian-info.c
/bin/sh ../libtool --tag=CC   --mode=compile cc -DHAVE_CONFIG_H -I. -I..    -DDATADIR=\""/usr/share"\" -DSYSCONFDIR=\""/etc"\" -DI_KNOW_RARIAN_0_8_IS_UNSTABLE -Os -fstack-clash-protection -Wformat -Werror=format-security -fno-plt -MT librarian_la-rarian-man.lo -MD -MP -MF .deps/librarian_la-rarian-man.Tpo -c -o librarian_la-rarian-man.lo `test -f 'rarian-man.c' || echo './'`rarian-man.c
/bin/sh ../libtool --tag=CXX   --mode=compile c++ -DHAVE_CONFIG_H -I. -I..     -Os -fstack-clash-protection -Wformat -Werror=format-security -D_GLIBCXX_ASSERTIONS=1 -D_LIBCPP_ENABLE_THREAD_SAFETY_ANNOTATIONS=1 -D_LIBCPP_ENABLE_HARDENED_MODE=1 -fno-plt -MT rarian-omf.lo -MD -MP -MF .deps/rarian-omf.Tpo -c -o rarian-omf.lo rarian-omf.cpp
/bin/sh ../libtool --tag=CXX   --mode=compile c++ -DHAVE_CONFIG_H -I. -I..     -Os -fstack-clash-protection -Wformat -Werror=format-security -D_GLIBCXX_ASSERTIONS=1 -D_LIBCPP_ENABLE_THREAD_SAFETY_ANNOTATIONS=1 -D_LIBCPP_ENABLE_HARDENED_MODE=1 -fno-plt -MT tinyxml.lo -MD -MP -MF .deps/tinyxml.Tpo -c -o tinyxml.lo `test -f '../util/tinyxml.cpp' || echo './'`../util/tinyxml.cpp
/bin/sh ../libtool --tag=CXX   --mode=compile c++ -DHAVE_CONFIG_H -I. -I..     -Os -fstack-clash-protection -Wformat -Werror=format-security -D_GLIBCXX_ASSERTIONS=1 -D_LIBCPP_ENABLE_THREAD_SAFETY_ANNOTATIONS=1 -D_LIBCPP_ENABLE_HARDENED_MODE=1 -fno-plt -MT tinyxmlparser.lo -MD -MP -MF .deps/tinyxmlparser.Tpo -c -o tinyxmlparser.lo `test -f '../util/tinyxmlparser.cpp' || echo './'`../util/tinyxmlparser.cpp
/bin/sh ../libtool --tag=CXX   --mode=compile c++ -DHAVE_CONFIG_H -I. -I..     -Os -fstack-clash-protection -Wformat -Werror=format-security -D_GLIBCXX_ASSERTIONS=1 -D_LIBCPP_ENABLE_THREAD_SAFETY_ANNOTATIONS=1 -D_LIBCPP_ENABLE_HARDENED_MODE=1 -fno-plt -MT tinystr.lo -MD -MP -MF .deps/tinystr.Tpo -c -o tinystr.lo `test -f '../util/tinystr.cpp' || echo './'`../util/tinystr.cpp
/bin/sh ../libtool --tag=CXX   --mode=compile c++ -DHAVE_CONFIG_H -I. -I..     -Os -fstack-clash-protection -Wformat -Werror=format-security -D_GLIBCXX_ASSERTIONS=1 -D_LIBCPP_ENABLE_THREAD_SAFETY_ANNOTATIONS=1 -D_LIBCPP_ENABLE_HARDENED_MODE=1 -fno-plt -MT tinyxmlerror.lo -MD -MP -MF .deps/tinyxmlerror.Tpo -c -o tinyxmlerror.lo `test -f '../util/tinyxmlerror.cpp' || echo './'`../util/tinyxmlerror.cpp
mkdir .libs
 cc -DHAVE_CONFIG_H -I. -I.. "-DDATADIR=\"/usr/share\"" "-DSYSCONFDIR=\"/etc\"" -DI_KNOW_RARIAN_0_8_IS_UNSTABLE -Os -fstack-clash-protection -Wformat -Werror=format-security -fno-plt -MT librarian_la-rarian-language.lo -MD -MP -MF .deps/librarian_la-rarian-language.Tpo -c rarian-language.c  -fPIC -DPIC -o .libs/librarian_la-rarian-language.o
 cc -DHAVE_CONFIG_H -I. -I.. "-DDATADIR=\"/usr/share\"" "-DSYSCONFDIR=\"/etc\"" -DI_KNOW_RARIAN_0_8_IS_UNSTABLE -Os -fstack-clash-protection -Wformat -Werror=format-security -fno-plt -MT librarian_la-rarian-main.lo -MD -MP -MF .deps/librarian_la-rarian-main.Tpo -c rarian-main.c  -fPIC -DPIC -o .libs/librarian_la-rarian-main.o
 cc -DHAVE_CONFIG_H -I. -I.. "-DDATADIR=\"/usr/share\"" "-DSYSCONFDIR=\"/etc\"" -DI_KNOW_RARIAN_0_8_IS_UNSTABLE -Os -fstack-clash-protection -Wformat -Werror=format-security -fno-plt -MT librarian_la-rarian-man.lo -MD -MP -MF .deps/librarian_la-rarian-man.Tpo -c rarian-man.c  -fPIC -DPIC -o .libs/librarian_la-rarian-man.o
 cc -DHAVE_CONFIG_H -I. -I.. "-DDATADIR=\"/usr/share\"" "-DSYSCONFDIR=\"/etc\"" -DI_KNOW_RARIAN_0_8_IS_UNSTABLE -Os -fstack-clash-protection -Wformat -Werror=format-security -fno-plt -MT librarian_la-rarian-info.lo -MD -MP -MF .deps/librarian_la-rarian-info.Tpo -c rarian-info.c  -fPIC -DPIC -o .libs/librarian_la-rarian-info.o
 cc -DHAVE_CONFIG_H -I. -I.. "-DDATADIR=\"/usr/share\"" "-DSYSCONFDIR=\"/etc\"" -DI_KNOW_RARIAN_0_8_IS_UNSTABLE -Os -fstack-clash-protection -Wformat -Werror=format-security -fno-plt -MT librarian_la-rarian-reg-utils.lo -MD -MP -MF .deps/librarian_la-rarian-reg-utils.Tpo -c rarian-reg-utils.c  -fPIC -DPIC -o .libs/librarian_la-rarian-reg-utils.o
 cc -DHAVE_CONFIG_H -I. -I.. "-DDATADIR=\"/usr/share\"" "-DSYSCONFDIR=\"/etc\"" -DI_KNOW_RARIAN_0_8_IS_UNSTABLE -Os -fstack-clash-protection -Wformat -Werror=format-security -fno-plt -MT librarian_la-rarian-utils.lo -MD -MP -MF .deps/librarian_la-rarian-utils.Tpo -c rarian-utils.c  -fPIC -DPIC -o .libs/librarian_la-rarian-utils.o
 c++ -DHAVE_CONFIG_H -I. -I.. -Os -fstack-clash-protection -Wformat -Werror=format-security -D_GLIBCXX_ASSERTIONS=1 -D_LIBCPP_ENABLE_THREAD_SAFETY_ANNOTATIONS=1 -D_LIBCPP_ENABLE_HARDENED_MODE=1 -fno-plt -MT rarian-omf.lo -MD -MP -MF .deps/rarian-omf.Tpo -c rarian-omf.cpp  -fPIC -DPIC -o .libs/rarian-omf.o
 c++ -DHAVE_CONFIG_H -I. -I.. -Os -fstack-clash-protection -Wformat -Werror=format-security -D_GLIBCXX_ASSERTIONS=1 -D_LIBCPP_ENABLE_THREAD_SAFETY_ANNOTATIONS=1 -D_LIBCPP_ENABLE_HARDENED_MODE=1 -fno-plt -MT tinyxml.lo -MD -MP -MF .deps/tinyxml.Tpo -c ../util/tinyxml.cpp  -fPIC -DPIC -o .libs/tinyxml.o
 c++ -DHAVE_CONFIG_H -I. -I.. -Os -fstack-clash-protection -Wformat -Werror=format-security -D_GLIBCXX_ASSERTIONS=1 -D_LIBCPP_ENABLE_THREAD_SAFETY_ANNOTATIONS=1 -D_LIBCPP_ENABLE_HARDENED_MODE=1 -fno-plt -MT tinyxmlparser.lo -MD -MP -MF .deps/tinyxmlparser.Tpo -c ../util/tinyxmlparser.cpp  -fPIC -DPIC -o .libs/tinyxmlparser.o
mv -f .deps/librarian_la-rarian-utils.Tpo .deps/librarian_la-rarian-utils.Plo
 c++ -DHAVE_CONFIG_H -I. -I.. -Os -fstack-clash-protection -Wformat -Werror=format-security -D_GLIBCXX_ASSERTIONS=1 -D_LIBCPP_ENABLE_THREAD_SAFETY_ANNOTATIONS=1 -D_LIBCPP_ENABLE_HARDENED_MODE=1 -fno-plt -MT tinystr.lo -MD -MP -MF .deps/tinystr.Tpo -c ../util/tinystr.cpp  -fPIC -DPIC -o .libs/tinystr.o
 c++ -DHAVE_CONFIG_H -I. -I.. -Os -fstack-clash-protection -Wformat -Werror=format-security -D_GLIBCXX_ASSERTIONS=1 -D_LIBCPP_ENABLE_THREAD_SAFETY_ANNOTATIONS=1 -D_LIBCPP_ENABLE_HARDENED_MODE=1 -fno-plt -MT tinyxmlerror.lo -MD -MP -MF .deps/tinyxmlerror.Tpo -c ../util/tinyxmlerror.cpp  -fPIC -DPIC -o .libs/tinyxmlerror.o
mv -f .deps/librarian_la-rarian-language.Tpo .deps/librarian_la-rarian-language.Plo
mv -f .deps/tinyxmlerror.Tpo .deps/tinyxmlerror.Plo
mv -f .deps/tinystr.Tpo .deps/tinystr.Plo
mv -f .deps/librarian_la-rarian-main.Tpo .deps/librarian_la-rarian-main.Plo
mv -f .deps/librarian_la-rarian-info.Tpo .deps/librarian_la-rarian-info.Plo
mv -f .deps/librarian_la-rarian-man.Tpo .deps/librarian_la-rarian-man.Plo
mv -f .deps/librarian_la-rarian-reg-utils.Tpo .deps/librarian_la-rarian-reg-utils.Plo
mv -f .deps/rarian-omf.Tpo .deps/rarian-omf.Plo
mv -f .deps/tinyxmlparser.Tpo .deps/tinyxmlparser.Plo
mv -f .deps/tinyxml.Tpo .deps/tinyxml.Plo
/bin/sh ../libtool --tag=CXX   --mode=link c++  -Os -fstack-clash-protection -Wformat -Werror=format-security -D_GLIBCXX_ASSERTIONS=1 -D_LIBCPP_ENABLE_THREAD_SAFETY_ANNOTATIONS=1 -D_LIBCPP_ENABLE_HARDENED_MODE=1 -fno-plt -export-symbols-regex "^rrn_.*" -Wl,--as-needed,-O1,--sort-common -Wl,-z,pack-relative-relocs -o librarian.la -rpath /usr/lib librarian_la-rarian-main.lo librarian_la-rarian-reg-utils.lo librarian_la-rarian-language.lo librarian_la-rarian-utils.lo librarian_la-rarian-info.lo librarian_la-rarian-man.lo rarian-omf.lo tinyxml.lo tinyxmlparser.lo tinystr.lo tinyxmlerror.lo  
generating symbol list for `librarian.la'
/usr/bin/nm -B  .libs/librarian_la-rarian-main.o .libs/librarian_la-rarian-reg-utils.o .libs/librarian_la-rarian-language.o .libs/librarian_la-rarian-utils.o .libs/librarian_la-rarian-info.o .libs/librarian_la-rarian-man.o .libs/rarian-omf.o .libs/tinyxml.o .libs/tinyxmlparser.o .libs/tinystr.o .libs/tinyxmlerror.o  | sed -n -e 's/^.*[ 	]\([ABCDGIRSTW][ABCDGIRSTW]*\)[ 	][ 	]*\([_A-Za-z][_A-Za-z0-9]*\)$/\1 \2 \2/p' | /bin/sed 's/.* //' | sort | uniq > .libs/librarian.exp
/bin/grep -E -e "^rrn_.*" ".libs/librarian.exp" > ".libs/librarian.expT"
mv -f ".libs/librarian.expT" ".libs/librarian.exp"
c++ -shared -nostdlib /usr/lib/gcc/x86_64-alpine-linux-musl/14.3.0/../../../../lib/crti.o /usr/lib/gcc/x86_64-alpine-linux-musl/14.3.0/crtbeginS.o  .libs/librarian_la-rarian-main.o .libs/librarian_la-rarian-reg-utils.o .libs/librarian_la-rarian-language.o .libs/librarian_la-rarian-utils.o .libs/librarian_la-rarian-info.o .libs/librarian_la-rarian-man.o .libs/rarian-omf.o .libs/tinyxml.o .libs/tinyxmlparser.o .libs/tinystr.o .libs/tinyxmlerror.o  -L/usr/lib/gcc/x86_64-alpine-linux-musl/14.3.0 -L/usr/lib/gcc/x86_64-alpine-linux-musl/14.3.0/../../../../x86_64-alpine-linux-musl/lib/../lib -L/usr/lib/gcc/x86_64-alpine-linux-musl/14.3.0/../../../../lib -L/lib/../lib -L/usr/lib/../lib -L/usr/lib/gcc/x86_64-alpine-linux-musl/14.3.0/../../../../x86_64-alpine-linux-musl/lib -L/usr/lib/gcc/x86_64-alpine-linux-musl/14.3.0/../../.. -lstdc++ -lm -lssp_nonshared -lc -lgcc_s /usr/lib/gcc/x86_64-alpine-linux-musl/14.3.0/crtendS.o /usr/lib/gcc/x86_64-alpine-linux-musl/14.3.0/../../../../lib/crtn.o  -Wl,--as-needed -Wl,-O1 -Wl,--sort-common -Wl,-z -Wl,pack-relative-relocs -Wl,-soname -Wl,librarian.so.0 -Wl,-retain-symbols-file -Wl,.libs/librarian.exp -o .libs/librarian.so.0.0.0
(cd .libs && rm -f librarian.so.0 && ln -s librarian.so.0.0.0 librarian.so.0)
(cd .libs && rm -f librarian.so && ln -s librarian.so.0.0.0 librarian.so)
creating librarian.la
(cd .libs && rm -f librarian.la && ln -s ../librarian.la librarian.la)
make[2]: Leaving directory '/tmp/src/rarian-0.8.1/librarian'
Making all in util
make[2]: Entering directory '/tmp/src/rarian-0.8.1/util'
cc -DHAVE_CONFIG_H -I. -I.. -I./../librarian    -Os -fstack-clash-protection -Wformat -Werror=format-security -fno-plt -MT rarian-example.o -MD -MP -MF .deps/rarian-example.Tpo -c -o rarian-example.o rarian-example.c
c++ -DHAVE_CONFIG_H -I. -I.. -I./../librarian    -Os -fstack-clash-protection -Wformat -Werror=format-security -D_GLIBCXX_ASSERTIONS=1 -D_LIBCPP_ENABLE_THREAD_SAFETY_ANNOTATIONS=1 -D_LIBCPP_ENABLE_HARDENED_MODE=1 -fno-plt -MT rarian-sk-migrate.o -MD -MP -MF .deps/rarian-sk-migrate.Tpo -c -o rarian-sk-migrate.o rarian-sk-migrate.cpp
c++ -DHAVE_CONFIG_H -I. -I.. -I./../librarian    -Os -fstack-clash-protection -Wformat -Werror=format-security -D_GLIBCXX_ASSERTIONS=1 -D_LIBCPP_ENABLE_THREAD_SAFETY_ANNOTATIONS=1 -D_LIBCPP_ENABLE_HARDENED_MODE=1 -fno-plt -MT tinystr.o -MD -MP -MF .deps/tinystr.Tpo -c -o tinystr.o tinystr.cpp
c++ -DHAVE_CONFIG_H -I. -I.. -I./../librarian    -Os -fstack-clash-protection -Wformat -Werror=format-security -D_GLIBCXX_ASSERTIONS=1 -D_LIBCPP_ENABLE_THREAD_SAFETY_ANNOTATIONS=1 -D_LIBCPP_ENABLE_HARDENED_MODE=1 -fno-plt -MT tinyxml.o -MD -MP -MF .deps/tinyxml.Tpo -c -o tinyxml.o tinyxml.cpp
c++ -DHAVE_CONFIG_H -I. -I.. -I./../librarian    -Os -fstack-clash-protection -Wformat -Werror=format-security -D_GLIBCXX_ASSERTIONS=1 -D_LIBCPP_ENABLE_THREAD_SAFETY_ANNOTATIONS=1 -D_LIBCPP_ENABLE_HARDENED_MODE=1 -fno-plt -MT tinyxmlerror.o -MD -MP -MF .deps/tinyxmlerror.Tpo -c -o tinyxmlerror.o tinyxmlerror.cpp
c++ -DHAVE_CONFIG_H -I. -I.. -I./../librarian    -Os -fstack-clash-protection -Wformat -Werror=format-security -D_GLIBCXX_ASSERTIONS=1 -D_LIBCPP_ENABLE_THREAD_SAFETY_ANNOTATIONS=1 -D_LIBCPP_ENABLE_HARDENED_MODE=1 -fno-plt -MT tinyxmlparser.o -MD -MP -MF .deps/tinyxmlparser.Tpo -c -o tinyxmlparser.o tinyxmlparser.cpp
cc -DHAVE_CONFIG_H -I. -I.. -I./../librarian    -Os -fstack-clash-protection -Wformat -Werror=format-security -fno-plt -MT rarian-reg-full.o -MD -MP -MF .deps/rarian-reg-full.Tpo -c -o rarian-reg-full.o `test -f '../librarian/rarian-reg-full.c' || echo './'`../librarian/rarian-reg-full.c
c++ -DHAVE_CONFIG_H -I. -I.. -I./../librarian    -Os -fstack-clash-protection -Wformat -Werror=format-security -D_GLIBCXX_ASSERTIONS=1 -D_LIBCPP_ENABLE_THREAD_SAFETY_ANNOTATIONS=1 -D_LIBCPP_ENABLE_HARDENED_MODE=1 -fno-plt -MT rarian-sk-preinstall.o -MD -MP -MF .deps/rarian-sk-preinstall.Tpo -c -o rarian-sk-preinstall.o rarian-sk-preinstall.cpp
cc -DHAVE_CONFIG_H -I. -I.. -I./../librarian    -Os -fstack-clash-protection -Wformat -Werror=format-security -fno-plt -MT rarian-sk-gen-uuid.o -MD -MP -MF .deps/rarian-sk-gen-uuid.Tpo -c -o rarian-sk-gen-uuid.o rarian-sk-gen-uuid.c
c++ -DHAVE_CONFIG_H -I. -I.. -I./../librarian   -DDATADIR=\""/usr/share"\" -DLOCALSTATEDIR=\""/var"\" -Os -fstack-clash-protection -Wformat -Werror=format-security -D_GLIBCXX_ASSERTIONS=1 -D_LIBCPP_ENABLE_THREAD_SAFETY_ANNOTATIONS=1 -D_LIBCPP_ENABLE_HARDENED_MODE=1 -fno-plt -MT rarian_sk_get_cl-rarian-sk-get-cl.o -MD -MP -MF .deps/rarian_sk_get_cl-rarian-sk-get-cl.Tpo -c -o rarian_sk_get_cl-rarian-sk-get-cl.o `test -f 'rarian-sk-get-cl.cpp' || echo './'`rarian-sk-get-cl.cpp
c++ -DHAVE_CONFIG_H -I. -I.. -I./../librarian   -DDATADIR=\""/usr/share"\" -DLOCALSTATEDIR=\""/var"\" -Os -fstack-clash-protection -Wformat -Werror=format-security -D_GLIBCXX_ASSERTIONS=1 -D_LIBCPP_ENABLE_THREAD_SAFETY_ANNOTATIONS=1 -D_LIBCPP_ENABLE_HARDENED_MODE=1 -fno-plt -MT rarian_sk_get_cl-tinystr.o -MD -MP -MF .deps/rarian_sk_get_cl-tinystr.Tpo -c -o rarian_sk_get_cl-tinystr.o `test -f 'tinystr.cpp' || echo './'`tinystr.cpp
c++ -DHAVE_CONFIG_H -I. -I.. -I./../librarian   -DDATADIR=\""/usr/share"\" -DLOCALSTATEDIR=\""/var"\" -Os -fstack-clash-protection -Wformat -Werror=format-security -D_GLIBCXX_ASSERTIONS=1 -D_LIBCPP_ENABLE_THREAD_SAFETY_ANNOTATIONS=1 -D_LIBCPP_ENABLE_HARDENED_MODE=1 -fno-plt -MT rarian_sk_get_cl-tinyxml.o -MD -MP -MF .deps/rarian_sk_get_cl-tinyxml.Tpo -c -o rarian_sk_get_cl-tinyxml.o `test -f 'tinyxml.cpp' || echo './'`tinyxml.cpp
c++ -DHAVE_CONFIG_H -I. -I.. -I./../librarian   -DDATADIR=\""/usr/share"\" -DLOCALSTATEDIR=\""/var"\" -Os -fstack-clash-protection -Wformat -Werror=format-security -D_GLIBCXX_ASSERTIONS=1 -D_LIBCPP_ENABLE_THREAD_SAFETY_ANNOTATIONS=1 -D_LIBCPP_ENABLE_HARDENED_MODE=1 -fno-plt -MT rarian_sk_get_cl-tinyxmlerror.o -MD -MP -MF .deps/rarian_sk_get_cl-tinyxmlerror.Tpo -c -o rarian_sk_get_cl-tinyxmlerror.o `test -f 'tinyxmlerror.cpp' || echo './'`tinyxmlerror.cpp
c++ -DHAVE_CONFIG_H -I. -I.. -I./../librarian   -DDATADIR=\""/usr/share"\" -DLOCALSTATEDIR=\""/var"\" -Os -fstack-clash-protection -Wformat -Werror=format-security -D_GLIBCXX_ASSERTIONS=1 -D_LIBCPP_ENABLE_THREAD_SAFETY_ANNOTATIONS=1 -D_LIBCPP_ENABLE_HARDENED_MODE=1 -fno-plt -MT rarian_sk_get_cl-tinyxmlparser.o -MD -MP -MF .deps/rarian_sk_get_cl-tinyxmlparser.Tpo -c -o rarian_sk_get_cl-tinyxmlparser.o `test -f 'tinyxmlparser.cpp' || echo './'`tinyxmlparser.cpp
../librarian/rarian-reg-full.c: In function 'rrn_reg_parse_file_full':
../librarian/rarian-reg-full.c:166:60: warning: format '%s' expects argument of type 'char *', but argument 3 has type 'RrnListEntry *' {aka 'struct _RrnListEntry *'} [-Wformat=]
  166 |                 fprintf (stderr, "Error: Orphaned section %s not added.\n",
      |                                                           ~^
      |                                                            |
      |                                                            char *
  167 |                                  sect->name);
      |                                  ~~~~~~~~~~                 
      |                                      |
      |                                      RrnListEntry * {aka struct _RrnListEntry *}
mv -f .deps/rarian_sk_get_cl-tinyxmlerror.Tpo .deps/rarian_sk_get_cl-tinyxmlerror.Po
mv -f .deps/tinyxmlerror.Tpo .deps/tinyxmlerror.Po
mv -f .deps/rarian-sk-gen-uuid.Tpo .deps/rarian-sk-gen-uuid.Po
/bin/sh ../libtool --tag=CC   --mode=link cc  -Os -fstack-clash-protection -Wformat -Werror=format-security -fno-plt  -Wl,--as-needed,-O1,--sort-common -Wl,-z,pack-relative-relocs -o rarian-sk-gen-uuid rarian-sk-gen-uuid.o ../librarian/librarian.la 
rarian-sk-migrate.cpp: In function 'int main(int, char**)':
rarian-sk-migrate.cpp:308:59: warning: format '%d' expects argument of type 'int', but argument 3 has type 'time_t' {aka 'long int'} [-Wformat=]
  308 |         sprintf (new_series, "org.scrollkeeper.undefined.%d", (long) t1);
      |                                                          ~^   ~~~~~~~~~
      |                                                           |   |
      |                                                           int time_t {aka long int}
      |                                                          %ld
mkdir .libs
mv -f .deps/rarian-sk-preinstall.Tpo .deps/rarian-sk-preinstall.Po
mv -f .deps/rarian-example.Tpo .deps/rarian-example.Po
/bin/sh ../libtool --tag=CC   --mode=link cc  -Os -fstack-clash-protection -Wformat -Werror=format-security -fno-plt  -Wl,--as-needed,-O1,--sort-common -Wl,-z,pack-relative-relocs -o rarian-example rarian-example.o ../librarian/librarian.la 
cc -Os -fstack-clash-protection -Wformat -Werror=format-security -fno-plt -Wl,--as-needed -Wl,-O1 -Wl,--sort-common -Wl,-z -Wl,pack-relative-relocs -o .libs/rarian-sk-gen-uuid rarian-sk-gen-uuid.o  ../librarian/.libs/librarian.so 
creating rarian-sk-gen-uuid
mv -f .deps/rarian_sk_get_cl-tinystr.Tpo .deps/rarian_sk_get_cl-tinystr.Po
cc -Os -fstack-clash-protection -Wformat -Werror=format-security -fno-plt -Wl,--as-needed -Wl,-O1 -Wl,--sort-common -Wl,-z -Wl,pack-relative-relocs -o .libs/rarian-example rarian-example.o  ../librarian/.libs/librarian.so 
mv -f .deps/rarian_sk_get_cl-rarian-sk-get-cl.Tpo .deps/rarian_sk_get_cl-rarian-sk-get-cl.Po
mv -f .deps/tinystr.Tpo .deps/tinystr.Po
creating rarian-example
mv -f .deps/rarian-sk-migrate.Tpo .deps/rarian-sk-migrate.Po
mv -f .deps/rarian-reg-full.Tpo .deps/rarian-reg-full.Po
mv -f .deps/rarian_sk_get_cl-tinyxmlparser.Tpo .deps/rarian_sk_get_cl-tinyxmlparser.Po
mv -f .deps/tinyxmlparser.Tpo .deps/tinyxmlparser.Po
mv -f .deps/tinyxml.Tpo .deps/tinyxml.Po
/bin/sh ../libtool --tag=CXX   --mode=link c++  -Os -fstack-clash-protection -Wformat -Werror=format-security -D_GLIBCXX_ASSERTIONS=1 -D_LIBCPP_ENABLE_THREAD_SAFETY_ANNOTATIONS=1 -D_LIBCPP_ENABLE_HARDENED_MODE=1 -fno-plt  -Wl,--as-needed,-O1,--sort-common -Wl,-z,pack-relative-relocs -o rarian-sk-migrate rarian-sk-migrate.o tinystr.o tinyxml.o tinyxmlerror.o tinyxmlparser.o rarian-reg-full.o ../librarian/librarian.la 
/bin/sh ../libtool --tag=CXX   --mode=link c++  -Os -fstack-clash-protection -Wformat -Werror=format-security -D_GLIBCXX_ASSERTIONS=1 -D_LIBCPP_ENABLE_THREAD_SAFETY_ANNOTATIONS=1 -D_LIBCPP_ENABLE_HARDENED_MODE=1 -fno-plt  -Wl,--as-needed,-O1,--sort-common -Wl,-z,pack-relative-relocs -o rarian-sk-preinstall rarian-sk-preinstall.o tinystr.o tinyxml.o tinyxmlerror.o tinyxmlparser.o ../librarian/librarian.la 
mv -f .deps/rarian_sk_get_cl-tinyxml.Tpo .deps/rarian_sk_get_cl-tinyxml.Po
/bin/sh ../libtool --tag=CXX   --mode=link c++ -DDATADIR=\""/usr/share"\" -DLOCALSTATEDIR=\""/var"\" -Os -fstack-clash-protection -Wformat -Werror=format-security -D_GLIBCXX_ASSERTIONS=1 -D_LIBCPP_ENABLE_THREAD_SAFETY_ANNOTATIONS=1 -D_LIBCPP_ENABLE_HARDENED_MODE=1 -fno-plt  -Wl,--as-needed,-O1,--sort-common -Wl,-z,pack-relative-relocs -o rarian-sk-get-cl rarian_sk_get_cl-rarian-sk-get-cl.o rarian_sk_get_cl-tinystr.o rarian_sk_get_cl-tinyxml.o rarian_sk_get_cl-tinyxmlerror.o rarian_sk_get_cl-tinyxmlparser.o ../librarian/librarian.la 
c++ -Os -fstack-clash-protection -Wformat -Werror=format-security -D_GLIBCXX_ASSERTIONS=1 -D_LIBCPP_ENABLE_THREAD_SAFETY_ANNOTATIONS=1 -D_LIBCPP_ENABLE_HARDENED_MODE=1 -fno-plt -Wl,--as-needed -Wl,-O1 -Wl,--sort-common -Wl,-z -Wl,pack-relative-relocs -o .libs/rarian-sk-preinstall rarian-sk-preinstall.o tinystr.o tinyxml.o tinyxmlerror.o tinyxmlparser.o  ../librarian/.libs/librarian.so 
c++ "-DDATADIR=\"/usr/share\"" "-DLOCALSTATEDIR=\"/var\"" -Os -fstack-clash-protection -Wformat -Werror=format-security -D_GLIBCXX_ASSERTIONS=1 -D_LIBCPP_ENABLE_THREAD_SAFETY_ANNOTATIONS=1 -D_LIBCPP_ENABLE_HARDENED_MODE=1 -fno-plt -Wl,--as-needed -Wl,-O1 -Wl,--sort-common -Wl,-z -Wl,pack-relative-relocs -o .libs/rarian-sk-get-cl rarian_sk_get_cl-rarian-sk-get-cl.o rarian_sk_get_cl-tinystr.o rarian_sk_get_cl-tinyxml.o rarian_sk_get_cl-tinyxmlerror.o rarian_sk_get_cl-tinyxmlparser.o  ../librarian/.libs/librarian.so 
c++ -Os -fstack-clash-protection -Wformat -Werror=format-security -D_GLIBCXX_ASSERTIONS=1 -D_LIBCPP_ENABLE_THREAD_SAFETY_ANNOTATIONS=1 -D_LIBCPP_ENABLE_HARDENED_MODE=1 -fno-plt -Wl,--as-needed -Wl,-O1 -Wl,--sort-common -Wl,-z -Wl,pack-relative-relocs -o .libs/rarian-sk-migrate rarian-sk-migrate.o tinystr.o tinyxml.o tinyxmlerror.o tinyxmlparser.o rarian-reg-full.o  ../librarian/.libs/librarian.so 
creating rarian-sk-preinstall
creating rarian-sk-get-cl
creating rarian-sk-migrate
make[2]: Leaving directory '/tmp/src/rarian-0.8.1/util'
Making all in data
make[2]: Entering directory '/tmp/src/rarian-0.8.1/data'
make[2]: Nothing to be done for 'all'.
make[2]: Leaving directory '/tmp/src/rarian-0.8.1/data'
Making all in docs
make[2]: Entering directory '/tmp/src/rarian-0.8.1/docs'
make[2]: Nothing to be done for 'all'.
make[2]: Leaving directory '/tmp/src/rarian-0.8.1/docs'
make[2]: Entering directory '/tmp/src/rarian-0.8.1'
make[2]: Nothing to be done for 'all-am'.
make[2]: Leaving directory '/tmp/src/rarian-0.8.1'
make[1]: Leaving directory '/tmp/src/rarian-0.8.1'
>>> rarian: Entering fakeroot...
Making install in librarian
make[1]: Entering directory '/tmp/src/rarian-0.8.1/librarian'
make[2]: Entering directory '/tmp/src/rarian-0.8.1/librarian'
test -z "/usr/lib" || .././install-sh -c -d "/tmp/pkg/rarian/usr/lib"
 /bin/sh ../libtool   --mode=install /usr/bin/install -c  'librarian.la' '/tmp/pkg/rarian/usr/lib/librarian.la'
/usr/bin/install -c .libs/librarian.so.0.0.0 /tmp/pkg/rarian/usr/lib/librarian.so.0.0.0
(cd /tmp/pkg/rarian/usr/lib && { ln -s -f librarian.so.0.0.0 librarian.so.0 || { rm -f librarian.so.0 && ln -s librarian.so.0.0.0 librarian.so.0; }; })
(cd /tmp/pkg/rarian/usr/lib && { ln -s -f librarian.so.0.0.0 librarian.so || { rm -f librarian.so && ln -s librarian.so.0.0.0 librarian.so; }; })
/usr/bin/install -c .libs/librarian.lai /tmp/pkg/rarian/usr/lib/librarian.la
libtool: install: warning: remember to run `libtool --finish /usr/lib'
test -z "/usr/include/rarian" || .././install-sh -c -d "/tmp/pkg/rarian/usr/include/rarian"
 /usr/bin/install -c -m 644 'rarian.h' '/tmp/pkg/rarian/usr/include/rarian/rarian.h'
 /usr/bin/install -c -m 644 'rarian-main.h' '/tmp/pkg/rarian/usr/include/rarian/rarian-main.h'
 /usr/bin/install -c -m 644 'rarian-reg-utils.h' '/tmp/pkg/rarian/usr/include/rarian/rarian-reg-utils.h'
 /usr/bin/install -c -m 644 'rarian-info.h' '/tmp/pkg/rarian/usr/include/rarian/rarian-info.h'
 /usr/bin/install -c -m 644 'rarian-man.h' '/tmp/pkg/rarian/usr/include/rarian/rarian-man.h'
make[2]: Leaving directory '/tmp/src/rarian-0.8.1/librarian'
make[1]: Leaving directory '/tmp/src/rarian-0.8.1/librarian'
Making install in util
make[1]: Entering directory '/tmp/src/rarian-0.8.1/util'
make[2]: Entering directory '/tmp/src/rarian-0.8.1/util'
test -z "/usr/bin" || .././install-sh -c -d "/tmp/pkg/rarian/usr/bin"
  /bin/sh ../libtool   --mode=install /usr/bin/install -c 'rarian-example' '/tmp/pkg/rarian/usr/bin/rarian-example'
libtool: install: warning: `../librarian/librarian.la' has not been installed in `/usr/lib'
/usr/bin/install -c .libs/rarian-example /tmp/pkg/rarian/usr/bin/rarian-example
  /bin/sh ../libtool   --mode=install /usr/bin/install -c 'rarian-sk-migrate' '/tmp/pkg/rarian/usr/bin/rarian-sk-migrate'
libtool: install: warning: `../librarian/librarian.la' has not been installed in `/usr/lib'
/usr/bin/install -c .libs/rarian-sk-migrate /tmp/pkg/rarian/usr/bin/rarian-sk-migrate
  /bin/sh ../libtool   --mode=install /usr/bin/install -c 'rarian-sk-preinstall' '/tmp/pkg/rarian/usr/bin/rarian-sk-preinstall'
libtool: install: warning: `../librarian/librarian.la' has not been installed in `/usr/lib'
/usr/bin/install -c .libs/rarian-sk-preinstall /tmp/pkg/rarian/usr/bin/rarian-sk-preinstall
  /bin/sh ../libtool   --mode=install /usr/bin/install -c 'rarian-sk-gen-uuid' '/tmp/pkg/rarian/usr/bin/rarian-sk-gen-uuid'
libtool: install: warning: `../librarian/librarian.la' has not been installed in `/usr/lib'
/usr/bin/install -c .libs/rarian-sk-gen-uuid /tmp/pkg/rarian/usr/bin/rarian-sk-gen-uuid
  /bin/sh ../libtool   --mode=install /usr/bin/install -c 'rarian-sk-get-cl' '/tmp/pkg/rarian/usr/bin/rarian-sk-get-cl'
libtool: install: warning: `../librarian/librarian.la' has not been installed in `/usr/lib'
/usr/bin/install -c .libs/rarian-sk-get-cl /tmp/pkg/rarian/usr/bin/rarian-sk-get-cl
test -z "/usr/bin" || .././install-sh -c -d "/tmp/pkg/rarian/usr/bin"
 /usr/bin/install -c 'rarian-sk-update' '/tmp/pkg/rarian/usr/bin/rarian-sk-update'
 /usr/bin/install -c 'rarian-sk-install' '/tmp/pkg/rarian/usr/bin/rarian-sk-install'
 /usr/bin/install -c 'rarian-sk-rebuild' '/tmp/pkg/rarian/usr/bin/rarian-sk-rebuild'
 /usr/bin/install -c 'rarian-sk-config' '/tmp/pkg/rarian/usr/bin/rarian-sk-config'
 /usr/bin/install -c 'rarian-sk-get-scripts' '/tmp/pkg/rarian/usr/bin/rarian-sk-get-scripts'
 /usr/bin/install -c 'rarian-sk-get-content-list' '/tmp/pkg/rarian/usr/bin/rarian-sk-get-content-list'
 /usr/bin/install -c 'rarian-sk-get-extended-content-list' '/tmp/pkg/rarian/usr/bin/rarian-sk-get-extended-content-list'
 /usr/bin/install -c 'rarian-sk-extract' '/tmp/pkg/rarian/usr/bin/rarian-sk-extract'
make  install-exec-hook
make[3]: Entering directory '/tmp/src/rarian-0.8.1/util'
Moving Files if needed
Translating current database
make[3]: Leaving directory '/tmp/src/rarian-0.8.1/util'
make[2]: Nothing to be done for 'install-data-am'.
make[2]: Leaving directory '/tmp/src/rarian-0.8.1/util'
make[1]: Leaving directory '/tmp/src/rarian-0.8.1/util'
Making install in data
make[1]: Entering directory '/tmp/src/rarian-0.8.1/data'
make[2]: Entering directory '/tmp/src/rarian-0.8.1/data'
make[2]: Nothing to be done for 'install-exec-am'.
test -z "/usr/share/librarian/Templates/C" || .././install-sh -c -d "/tmp/pkg/rarian/usr/share/librarian/Templates/C"
 /usr/bin/install -c -m 644 'scrollkeeper_cl.xml' '/tmp/pkg/rarian/usr/share/librarian/Templates/C/scrollkeeper_cl.xml'
test -z "/usr/share/librarian" || .././install-sh -c -d "/tmp/pkg/rarian/usr/share/librarian"
 /usr/bin/install -c -m 644 'rarian-sk-cl.xml' '/tmp/pkg/rarian/usr/share/librarian/rarian-sk-cl.xml'
make[2]: Leaving directory '/tmp/src/rarian-0.8.1/data'
make[1]: Leaving directory '/tmp/src/rarian-0.8.1/data'
Making install in docs
make[1]: Entering directory '/tmp/src/rarian-0.8.1/docs'
make[2]: Entering directory '/tmp/src/rarian-0.8.1/docs'
make[2]: Nothing to be done for 'install-exec-am'.
test -z "/usr/share/librarian/manual" || .././install-sh -c -d "/tmp/pkg/rarian/usr/share/librarian/manual"
 /usr/bin/install -c -m 644 'help-spec-0.2.xml' '/tmp/pkg/rarian/usr/share/librarian/manual/help-spec-0.2.xml'
 /usr/bin/install -c -m 644 'index.xhtml' '/tmp/pkg/rarian/usr/share/librarian/manual/index.xhtml'
 /usr/bin/install -c -m 644 'rar-mdf.xhtml' '/tmp/pkg/rarian/usr/share/librarian/manual/rar-mdf.xhtml'
 /usr/bin/install -c -m 644 'rar-lib.xhtml' '/tmp/pkg/rarian/usr/share/librarian/manual/rar-lib.xhtml'
 /usr/bin/install -c -m 644 'rar-skcompat.xhtml' '/tmp/pkg/rarian/usr/share/librarian/manual/rar-skcompat.xhtml'
test -z "/usr/share/help" || .././install-sh -c -d "/tmp/pkg/rarian/usr/share/help"
 /usr/bin/install -c -m 644 'rarian.document' '/tmp/pkg/rarian/usr/share/help/rarian.document'
make[2]: Leaving directory '/tmp/src/rarian-0.8.1/docs'
make[1]: Leaving directory '/tmp/src/rarian-0.8.1/docs'
make[1]: Entering directory '/tmp/src/rarian-0.8.1'
make[2]: Entering directory '/tmp/src/rarian-0.8.1'
make[2]: Nothing to be done for 'install-exec-am'.
test -z "/usr/lib/pkgconfig" || ./install-sh -c -d "/tmp/pkg/rarian/usr/lib/pkgconfig"
 /usr/bin/install -c -m 644 'rarian.pc' '/tmp/pkg/rarian/usr/lib/pkgconfig/rarian.pc'
make[2]: Leaving directory '/tmp/src/rarian-0.8.1'
make[1]: Leaving directory '/tmp/src/rarian-0.8.1'
>>> rarian-dev*: Running split function dev...
'usr/include' -> '/tmp/pkg/rarian-dev/usr/include'
'usr/lib/pkgconfig' -> '/tmp/pkg/rarian-dev/usr/lib/pkgconfig'
'usr/bin/rarian-sk-config' -> '/tmp/pkg/rarian-dev/usr/bin/rarian-sk-config'
'usr/bin/scrollkeeper-config' -> '/tmp/pkg/rarian-dev/usr/bin/scrollkeeper-config'
'usr/lib/librarian.so' -> '/tmp/pkg/rarian-dev/usr/lib/librarian.so'
>>> rarian-dev*: Preparing subpackage rarian-dev...
>>> rarian-dev*: Stripping binaries
>>> rarian-dev*: Running postcheck for rarian-dev
>>> rarian*: Running postcheck for rarian
>>> rarian*: Preparing package rarian...
>>> rarian*: Stripping binaries
>>> rarian-dev*: Scanning shared objects
>>> rarian*: Scanning shared objects
>>> rarian-dev*: Tracing dependencies...
	pkgconfig
	rarian=0.8.1-r12
>>> rarian-dev*: Package size: 10.1 KB
>>> rarian-dev*: Compressing data...
>>> rarian-dev*: Create checksum...
>>> rarian-dev*: Create rarian-dev-0.8.1-r12.apk
>>> rarian*: Tracing dependencies...
	bash
	so:libc.musl-x86_64.so.1
	so:libgcc_s.so.1
	so:libstdc++.so.6
>>> rarian*: Package size: 439.4 KB
>>> rarian*: Compressing data...
>>> rarian*: Create checksum...
>>> rarian*: Create rarian-0.8.1-r12.apk
>>> rarian: Updating the main/x86_64 repository index...
>>> rarian: Signing the index...
>>> rarian: Cleaning up srcdir
>>> rarian: Cleaning up build chroot
>>> rarian: Cleaning up pkgdir
