pigz: not found
>>> lighttpd: Building main/lighttpd 1.4.79-r0 (using abuild 3.14.1-r4) started Fri, 23 May 2025 17:18:52 +0000
>>> lighttpd: Validating /home/packager/aports/main/lighttpd/APKBUILD...
>>> lighttpd: Analyzing dependencies...
>>> lighttpd: Installing for build: build-base brotli-dev libdbi-dev libxml2-dev lua5.4-dev meson openldap-dev openssl-dev pcre2-dev sqlite-dev zlib-dev zstd-dev perl
(1/45) Installing brotli (1.1.0-r2)
(2/45) Installing brotli-dev (1.1.0-r2)
(3/45) Installing libdbi (0.9.0-r5)
(4/45) Installing libdbi-dev (0.9.0-r5)
(5/45) Installing xz-libs (5.6.3-r1)
(6/45) Installing xz (5.6.3-r1)
(7/45) Installing xz-dev (5.6.3-r1)
(8/45) Installing libxml2 (2.13.4-r6)
(9/45) Installing libxml2-utils (2.13.4-r6)
(10/45) Installing libxml2-dev (2.13.4-r6)
(11/45) Installing lua5.4-dev (5.4.7-r0)
(12/45) Installing samurai (1.2-r6)
(13/45) Installing libffi (3.4.7-r0)
(14/45) Installing gdbm (1.24-r0)
(15/45) Installing mpdecimal (4.0.0-r0)
(16/45) Installing sqlite-libs (3.49.2-r0)
(17/45) Installing python3 (3.12.10-r1)
(18/45) Installing python3-pycache-pyc0 (3.12.10-r1)
(19/45) Installing pyc (3.12.10-r1)
(20/45) Installing meson-pyc (1.6.1-r4)
(21/45) Installing python3-pyc (3.12.10-r1)
(22/45) Installing meson (1.6.1-r4)
(23/45) Installing libsasl (2.1.28-r8)
(24/45) Installing cyrus-sasl-dev (2.1.28-r8)
(25/45) Installing libevent (2.1.12-r8)
(26/45) Installing libevent-dev (2.1.12-r8)
(27/45) Installing libsodium (1.0.20-r0)
(28/45) Installing libsodium-dev (1.0.20-r0)
(29/45) Installing libeconf (0.6.3-r0)
(30/45) Installing libblkid (2.40.4-r1)
(31/45) Installing libuuid (2.40.4-r1)
(32/45) Installing libfdisk (2.40.4-r1)
(33/45) Installing liblastlog2 (2.40.4-r1)
(34/45) Installing libmount (2.40.4-r1)
(35/45) Installing libsmartcols (2.40.4-r1)
(36/45) Installing sqlite (3.49.2-r0)
(37/45) Installing sqlite-dev (3.49.2-r0)
(38/45) Installing util-linux-dev (2.40.4-r1)
(39/45) Installing libldap (2.6.8-r0)
(40/45) Installing openldap-dev (2.6.8-r0)
(41/45) Installing openssl-dev (3.5.0-r0)
(42/45) Installing zstd (1.5.7-r0)
(43/45) Installing zstd-dev (1.5.7-r0)
(44/45) Installing .makedepends-lighttpd (20250523.171854)
(45/45) Installing abuild-meson (1.6.1-r4)
Executing busybox-1.37.0-r12.trigger
OK: 620 MiB in 177 packages
>>> lighttpd: Cleaning up srcdir
>>> lighttpd: Cleaning up pkgdir
>>> lighttpd: Cleaning up tmpdir
>>> lighttpd: Fetching https://download.lighttpd.net/lighttpd/releases-1.4.x/lighttpd-1.4.79.tar.xz
Connecting to download.lighttpd.net (5.9.70.195:443)
saving to '/var/cache/distfiles/lighttpd-1.4.79.tar.xz.part'
lighttpd-1.4.79.tar. 100% |********************************|  845k  0:00:00 ETA
'/var/cache/distfiles/lighttpd-1.4.79.tar.xz.part' saved
>>> lighttpd: Fetching https://download.lighttpd.net/lighttpd/releases-1.4.x/lighttpd-1.4.79.tar.xz
>>> lighttpd: Checking sha512sums...
lighttpd-1.4.79.tar.xz: OK
lighttpd.initd: OK
lighttpd.confd: OK
lighttpd.logrotate: OK
lighttpd.conf: OK
mod_cgi.conf: OK
mod_fastcgi.conf: OK
mod_fastcgi_fpm.conf: OK
>>> lighttpd: Unpacking /var/cache/distfiles/lighttpd-1.4.79.tar.xz...
>>> lighttpd: Creating group lighttpd
>>> lighttpd: Creating user lighttpd
The Meson build system
Version: 1.6.1
Source dir: /home/packager/aports/main/lighttpd/src/lighttpd-1.4.79
Build dir: /home/packager/aports/main/lighttpd/src/lighttpd-1.4.79/output
Build type: native build
Project name: lighttpd
Project version: 1.4.79

meson.build:1:0: ERROR: Compiler gcc cannot compile programs.

A full log can be found at /home/packager/aports/main/lighttpd/src/lighttpd-1.4.79/output/meson-logs/meson-log.txt
>>> ERROR: lighttpd: build failed
>>> lighttpd: Uninstalling dependencies...
(1/45) Purging .makedepends-lighttpd (20250523.171854)
(2/45) Purging brotli-dev (1.1.0-r2)
(3/45) Purging brotli (1.1.0-r2)
(4/45) Purging libdbi-dev (0.9.0-r5)
(5/45) Purging libdbi (0.9.0-r5)
(6/45) Purging libxml2-dev (2.13.4-r6)
(7/45) Purging libxml2-utils (2.13.4-r6)
(8/45) Purging libxml2 (2.13.4-r6)
(9/45) Purging lua5.4-dev (5.4.7-r0)
(10/45) Purging openldap-dev (2.6.8-r0)
(11/45) Purging cyrus-sasl-dev (2.1.28-r8)
(12/45) Purging libevent-dev (2.1.12-r8)
(13/45) Purging libevent (2.1.12-r8)
(14/45) Purging libsodium-dev (1.0.20-r0)
(15/45) Purging libsodium (1.0.20-r0)
(16/45) Purging util-linux-dev (2.40.4-r1)
(17/45) Purging libfdisk (2.40.4-r1)
(18/45) Purging liblastlog2 (2.40.4-r1)
(19/45) Purging libmount (2.40.4-r1)
(20/45) Purging libsmartcols (2.40.4-r1)
(21/45) Purging libuuid (2.40.4-r1)
(22/45) Purging libldap (2.6.8-r0)
(23/45) Purging openssl-dev (3.5.0-r0)
(24/45) Purging sqlite-dev (3.49.2-r0)
(25/45) Purging sqlite (3.49.2-r0)
(26/45) Purging zstd-dev (1.5.7-r0)
(27/45) Purging zstd (1.5.7-r0)
(28/45) Purging abuild-meson (1.6.1-r4)
(29/45) Purging meson-pyc (1.6.1-r4)
(30/45) Purging meson (1.6.1-r4)
(31/45) Purging samurai (1.2-r6)
(32/45) Purging python3-pyc (3.12.10-r1)
(33/45) Purging python3-pycache-pyc0 (3.12.10-r1)
(34/45) Purging pyc (3.12.10-r1)
(35/45) Purging python3 (3.12.10-r1)
(36/45) Purging libblkid (2.40.4-r1)
(37/45) Purging libeconf (0.6.3-r0)
(38/45) Purging libffi (3.4.7-r0)
(39/45) Purging libsasl (2.1.28-r8)
(40/45) Purging mpdecimal (4.0.0-r0)
(41/45) Purging sqlite-libs (3.49.2-r0)
(42/45) Purging xz-dev (5.6.3-r1)
(43/45) Purging xz (5.6.3-r1)
(44/45) Purging xz-libs (5.6.3-r1)
(45/45) Purging gdbm (1.24-r0)
Executing busybox-1.37.0-r12.trigger
OK: 564 MiB in 132 packages
