/home/packager
using /home/packager/.abuild/-682737bd.rsa
  			cd "$dir";
  			   ^
[ -c flag ]:26: cd '/main/*': No such file or directory
  			. ./APKBUILD;
  			  ^
[ -c flag ]:27: source './APKBUILD' failed: No such file or directory
main built:	0
main tried:	0
main deleted:	0
main total built:	0
main total relevant aports:	0
main total aports:	1
  			cd "$dir";
  			   ^
[ -c flag ]:26: cd '/community/*': No such file or directory
  			. ./APKBUILD;
  			  ^
[ -c flag ]:27: source './APKBUILD' failed: No such file or directory
community built:	0
community tried:	0
community deleted:	0
community total built:	0
community total relevant aports:	0
community total aports:	1
  			cd "$dir";
  			   ^
[ -c flag ]:26: cd '/testing/*': No such file or directory
  			. ./APKBUILD;
  			  ^
[ -c flag ]:27: source './APKBUILD' failed: No such file or directory
testing built:	0
testing tried:	0
testing deleted:	0
testing total built:	0
testing total relevant aports:	0
testing total aports:	1
