/home/packager
using /home/packager/.abuild/-682737bd.rsa
pigz: not found
1/781 799/1580 main/lsof 4.99.4-r0
oils: PID 245 exited, but oils didn't start it
oils: PID 246 exited, but oils didn't start it
oils: PID 275 exited, but oils didn't start it
oils: PID 277 exited, but oils didn't start it
oils: PID 279 exited, but oils didn't start it
oils: PID 281 exited, but oils didn't start it
oils: PID 282 exited, but oils didn't start it
oils: PID 345 exited, but oils didn't start it
oils: PID 346 exited, but oils didn't start it
oils: PID 401 exited, but oils didn't start it
oils: PID 402 exited, but oils didn't start it
oils: PID 403 exited, but oils didn't start it
oils: PID 480 exited, but oils didn't start it
oils: PID 482 exited, but oils didn't start it
oils: PID 484 exited, but oils didn't start it
oils: PID 486 exited, but oils didn't start it
oils: PID 488 exited, but oils didn't start it
oils: PID 503 exited, but oils didn't start it
oils: PID 504 exited, but oils didn't start it
oils: PID 505 exited, but oils didn't start it
oils: PID 534 exited, but oils didn't start it
oils: PID 536 exited, but oils didn't start it
oils: PID 596 exited, but oils didn't start it
oils: PID 598 exited, but oils didn't start it
oils: PID 600 exited, but oils didn't start it
oils: PID 602 exited, but oils didn't start it
oils: PID 604 exited, but oils didn't start it
oils: PID 619 exited, but oils didn't start it
