>>> newt: Validating /home/packager/oily-pine/main/newt/APKBUILD...
>>> newt: Cleaning up srcdir
>>> newt: Cleaning up pkgdir
>>> newt: Cleaning up tmpdir
>>> newt: Fetching https://releases.pagure.org/newt/newt-0.52.25.tar.gz
  % Total    % Received % Xferd  Average Speed   Time    Time     Time  Current
                                 Dload  Upload   Total   Spent    Left  Speed
  0     0    0     0    0     0      0      0 --:--:-- --:--:-- --:--:--     0  0     0    0     0    0     0      0      0 --:--:-- --:--:-- --:--:--     0100  172k  100  172k    0     0   238k      0 --:--:-- --:--:-- --:--:--  238k
>>> newt: Fetching https://releases.pagure.org/newt/newt-0.52.25.tar.gz
>>> newt: Checking sha512sums...
newt-0.52.25.tar.gz: OK
>>> newt: Preparing build chroot...
fetch http://dl-cdn.alpinelinux.org/alpine/edge/main/x86_64/APKINDEX.tar.gz
(1/91) Installing musl (1.2.5-r10)
(2/91) Installing libcrypto3 (3.5.0-r0)
(3/91) Installing ca-certificates-bundle (20241121-r2)
(4/91) Installing libssl3 (3.5.0-r0)
(5/91) Installing zlib (1.3.1-r2)
(6/91) Installing libapk2 (2.14.9-r2)
(7/91) Installing apk-tools (2.14.9-r2)
(8/91) Installing libcap2 (2.76-r0)
(9/91) Installing libcap-getcap (2.76-r0)
(10/91) Installing fakeroot (1.37.1.1-r0)
(11/91) Installing scanelf (1.3.8-r1)
(12/91) Installing musl-utils (1.2.5-r10)
(13/91) Installing libgcc (14.3.0-r1)
(14/91) Installing libstdc++ (14.3.0-r1)
(15/91) Installing lzip (1.25-r0)
(16/91) Installing openssl (3.5.0-r0)
(17/91) Installing patch (2.8-r0)
(18/91) Installing pkgconf (2.4.3-r0)
(19/91) Installing acl-libs (2.3.2-r1)
(20/91) Installing tar (1.35-r3)
(21/91) Installing busybox (1.37.0-r18)
Executing busybox-1.37.0-r18.post-install
(22/91) Installing ssl_client (1.37.0-r18)
(23/91) Installing busybox-binsh (1.37.0-r18)
(24/91) Installing abuild (3.15.0-r0)
Executing abuild-3.15.0-r0.pre-install
(25/91) Installing abuild-sudo (3.15.0-r0)
(26/91) Installing alpine-baselayout-data (3.7.0-r0)
(27/91) Installing alpine-baselayout (3.7.0-r0)
Executing alpine-baselayout-3.7.0-r0.pre-install
Executing alpine-baselayout-3.7.0-r0.post-install
(28/91) Installing bridge (1.5-r5)
(29/91) Installing ifupdown-ng (0.12.1-r7)
(30/91) Installing openrc-user (0.62.2-r2)
(31/91) Installing openrc (0.62.2-r2)
Executing openrc-0.62.2-r2.post-install
(32/91) Installing mdev-conf (4.8-r0)
(33/91) Installing busybox-mdev-openrc (1.37.0-r18)
(34/91) Installing alpine-conf (3.20.0-r0)
(35/91) Installing alpine-keys (2.5-r0)
(36/91) Installing alpine-release (3.22.0-r0)
(37/91) Installing busybox-openrc (1.37.0-r18)
(38/91) Installing busybox-suid (1.37.0-r18)
(39/91) Installing alpine-base (3.22.0-r0)
(40/91) Installing jansson (2.14.1-r0)
(41/91) Installing zstd-libs (1.5.7-r0)
(42/91) Installing binutils (2.44-r0)
(43/91) Installing libmagic (5.46-r2)
(44/91) Installing file (5.46-r2)
(45/91) Installing libgomp (14.3.0-r1)
(46/91) Installing libatomic (14.3.0-r1)
(47/91) Installing gmp (6.3.0-r3)
(48/91) Installing isl26 (0.26-r1)
(49/91) Installing mpfr4 (4.2.1_p1-r0)
(50/91) Installing mpc1 (1.3.1-r1)
(51/91) Installing gcc (14.3.0-r1)
(52/91) Installing libstdc++-dev (14.3.0-r1)
(53/91) Installing musl-dev (1.2.5-r10)
(54/91) Installing g++ (14.3.0-r1)
(55/91) Installing make (4.4.1-r3)
(56/91) Installing fortify-headers (1.1-r5)
(57/91) Installing build-base (0.5-r3)
(58/91) Installing brotli-libs (1.1.0-r2)
(59/91) Installing c-ares (1.34.5-r0)
(60/91) Installing libunistring (1.3-r0)
(61/91) Installing libidn2 (2.3.7-r0)
(62/91) Installing nghttp2-libs (1.65.0-r0)
(63/91) Installing libpsl (0.21.5-r3)
(64/91) Installing libcurl (8.14.0-r2)
(65/91) Installing libexpat (2.7.1-r0)
(66/91) Installing pcre2 (10.43-r1)
(67/91) Installing git (2.49.0-r0)
(68/91) Installing git-init-template (2.49.0-r0)
(69/91) Installing ncurses-terminfo-base (6.5_p20250503-r0)
(70/91) Installing libncursesw (6.5_p20250503-r0)
(71/91) Installing libformw (6.5_p20250503-r0)
(72/91) Installing libmenuw (6.5_p20250503-r0)
(73/91) Installing libpanelw (6.5_p20250503-r0)
(74/91) Installing libncurses++ (6.5_p20250503-r0)
(75/91) Installing ncurses-dev (6.5_p20250503-r0)
(76/91) Installing popt (1.19-r4)
(77/91) Installing popt-dev (1.19-r4)
(78/91) Installing libbz2 (1.0.8-r6)
(79/91) Installing libffi (3.4.8-r0)
(80/91) Installing gdbm (1.24-r0)
(81/91) Installing xz-libs (5.8.1-r0)
(82/91) Installing mpdecimal (4.0.1-r0)
(83/91) Installing readline (8.2.13-r1)
(84/91) Installing sqlite-libs (3.50.0-r0)
(85/91) Installing python3 (3.12.10-r1)
(86/91) Installing python3-pycache-pyc0 (3.12.10-r1)
(87/91) Installing pyc (3.12.10-r1)
(88/91) Installing python3-pyc (3.12.10-r1)
(89/91) Installing python3-dev (3.12.10-r1)
(90/91) Installing slang (2.3.3-r3)
(91/91) Installing slang-dev (2.3.3-r3)
Executing busybox-1.37.0-r18.trigger
OK: 342 MiB in 91 packages
>>> newt: Fetching https://releases.pagure.org/newt/newt-0.52.25.tar.gz
>>> newt: Checking sha512sums...
newt-0.52.25.tar.gz: OK
>>> newt: Unpacking /var/cache/distfiles/newt-0.52.25.tar.gz...
checking for x86_64-alpine-linux-musl-gcc... cc
checking whether the C compiler works... yes
checking for C compiler default output file name... a.out
checking for suffix of executables... 
checking whether we are cross compiling... no
checking for suffix of object files... o
checking whether the compiler supports GNU C... yes
checking whether cc accepts -g... yes
checking for cc option to enable C11 features... none needed
checking whether ln -s works... yes
checking for grep that handles long lines and -e... /bin/grep
checking for cc option to enable large file support... none needed
checking for stdio.h... yes
checking for stdlib.h... yes
checking for string.h... yes
checking for inttypes.h... yes
checking for stdint.h... yes
checking for strings.h... yes
checking for sys/stat.h... yes
checking for sys/types.h... yes
checking for unistd.h... yes
checking size of long... 8
checking size of long long... 8
checking size of void *... 8
checking for GNU ld... yes
checking for sys/select.h... yes
checking for alloca.h... yes
checking for slang.h... yes
checking for popt.h... yes
checking for libintl.h... no
checking for python versions... python3.12 
configure: creating ./config.status
config.status: creating Makefile
config.status: creating libnewt.pc
config.status: creating config.h
cc -Os -fstack-clash-protection -Wformat -Werror=format-security -fno-plt -D_GNU_SOURCE  -M test.c testgrid.c testtree.c showchars.c showkey.c whiptail.c dialogboxes.c newt.c button.c form.c checkbox.c entry.c label.c listbox.c scrollbar.c textbox.c scale.c grid.c windows.c buttonbar.c checkboxtree.c > .depend
cc -Os -fstack-clash-protection -Wformat -Werror=format-security -fno-plt -D_GNU_SOURCE   -c -o test.o test.c
cc -Os -fstack-clash-protection -Wformat -Werror=format-security -fno-plt -D_GNU_SOURCE   -c -o newt.o newt.c
cc -Os -fstack-clash-protection -Wformat -Werror=format-security -fno-plt -D_GNU_SOURCE   -c -o button.o button.c
cc -Os -fstack-clash-protection -Wformat -Werror=format-security -fno-plt -D_GNU_SOURCE   -c -o form.o form.c
cc -Os -fstack-clash-protection -Wformat -Werror=format-security -fno-plt -D_GNU_SOURCE   -c -o checkbox.o checkbox.c
cc -Os -fstack-clash-protection -Wformat -Werror=format-security -fno-plt -D_GNU_SOURCE   -c -o entry.o entry.c
cc -Os -fstack-clash-protection -Wformat -Werror=format-security -fno-plt -D_GNU_SOURCE   -c -o label.o label.c
cc -Os -fstack-clash-protection -Wformat -Werror=format-security -fno-plt -D_GNU_SOURCE   -c -o listbox.o listbox.c
cc -Os -fstack-clash-protection -Wformat -Werror=format-security -fno-plt -D_GNU_SOURCE   -c -o scrollbar.o scrollbar.c
cc -Os -fstack-clash-protection -Wformat -Werror=format-security -fno-plt -D_GNU_SOURCE   -c -o textbox.o textbox.c
cc -Os -fstack-clash-protection -Wformat -Werror=format-security -fno-plt -D_GNU_SOURCE   -c -o scale.o scale.c
cc -Os -fstack-clash-protection -Wformat -Werror=format-security -fno-plt -D_GNU_SOURCE   -c -o grid.o grid.c
cc -Os -fstack-clash-protection -Wformat -Werror=format-security -fno-plt -D_GNU_SOURCE   -c -o windows.o windows.c
cc -Os -fstack-clash-protection -Wformat -Werror=format-security -fno-plt -D_GNU_SOURCE   -c -o buttonbar.o buttonbar.c
cc -Os -fstack-clash-protection -Wformat -Werror=format-security -fno-plt -D_GNU_SOURCE   -c -o checkboxtree.o checkboxtree.c
In file included from newt.c:7:
/usr/include/sys/signal.h:1:2: warning: #warning redirecting incorrect #include <sys/signal.h> to <signal.h> [-Wcpp]
    1 | #warning redirecting incorrect #include <sys/signal.h> to <signal.h>
      |  ^~~~~~~
cc -Os -fstack-clash-protection -Wformat -Werror=format-security -fno-plt -D_GNU_SOURCE   -c -o whiptail.o whiptail.c
cc -Os -fstack-clash-protection -Wformat -Werror=format-security -fno-plt -D_GNU_SOURCE   -c -o dialogboxes.o dialogboxes.c
cc -fPIC -c -Os -fstack-clash-protection -Wformat -Werror=format-security -fno-plt -D_GNU_SOURCE  -o shared/newt.o newt.c
cc -fPIC -c -Os -fstack-clash-protection -Wformat -Werror=format-security -fno-plt -D_GNU_SOURCE  -o shared/button.o button.c
cc -fPIC -c -Os -fstack-clash-protection -Wformat -Werror=format-security -fno-plt -D_GNU_SOURCE  -o shared/form.o form.c
cc -fPIC -c -Os -fstack-clash-protection -Wformat -Werror=format-security -fno-plt -D_GNU_SOURCE  -o shared/checkbox.o checkbox.c
In file included from newt.c:7:
/usr/include/sys/signal.h:1:2: warning: #warning redirecting incorrect #include <sys/signal.h> to <signal.h> [-Wcpp]
    1 | #warning redirecting incorrect #include <sys/signal.h> to <signal.h>
      |  ^~~~~~~
cc -fPIC -c -Os -fstack-clash-protection -Wformat -Werror=format-security -fno-plt -D_GNU_SOURCE  -o shared/entry.o entry.c
cc -fPIC -c -Os -fstack-clash-protection -Wformat -Werror=format-security -fno-plt -D_GNU_SOURCE  -o shared/label.o label.c
cc -fPIC -c -Os -fstack-clash-protection -Wformat -Werror=format-security -fno-plt -D_GNU_SOURCE  -o shared/listbox.o listbox.c
cc -fPIC -c -Os -fstack-clash-protection -Wformat -Werror=format-security -fno-plt -D_GNU_SOURCE  -o shared/scrollbar.o scrollbar.c
cc -fPIC -c -Os -fstack-clash-protection -Wformat -Werror=format-security -fno-plt -D_GNU_SOURCE  -o shared/textbox.o textbox.c
cc -fPIC -c -Os -fstack-clash-protection -Wformat -Werror=format-security -fno-plt -D_GNU_SOURCE  -o shared/scale.o scale.c
cc -fPIC -c -Os -fstack-clash-protection -Wformat -Werror=format-security -fno-plt -D_GNU_SOURCE  -o shared/grid.o grid.c
cc -fPIC -c -Os -fstack-clash-protection -Wformat -Werror=format-security -fno-plt -D_GNU_SOURCE  -o shared/windows.o windows.c
cc -fPIC -c -Os -fstack-clash-protection -Wformat -Werror=format-security -fno-plt -D_GNU_SOURCE  -o shared/buttonbar.o buttonbar.c
cc -fPIC -c -Os -fstack-clash-protection -Wformat -Werror=format-security -fno-plt -D_GNU_SOURCE  -o shared/checkboxtree.o checkboxtree.c
cc -Os -fstack-clash-protection -Wformat -Werror=format-security -fno-plt -D_GNU_SOURCE   -c -o testgrid.o testgrid.c
cc -Os -fstack-clash-protection -Wformat -Werror=format-security -fno-plt -D_GNU_SOURCE   -c -o testtree.o testtree.c
cc -Os -fstack-clash-protection -Wformat -Werror=format-security -fno-plt -D_GNU_SOURCE   -c -o showchars.o showchars.c
cc -Os -fstack-clash-protection -Wformat -Werror=format-security -fno-plt -D_GNU_SOURCE   -c -o showkey.o showkey.c
ar rv libnewt.a newt.o button.o form.o checkbox.o entry.o label.o listbox.o scrollbar.o textbox.o scale.o grid.o windows.o buttonbar.o checkboxtree.o
ar: creating libnewt.a
a - newt.o
a - button.o
a - form.o
a - checkbox.o
a - entry.o
a - label.o
a - listbox.o
a - scrollbar.o
a - textbox.o
a - scale.o
a - grid.o
a - windows.o
a - buttonbar.o
a - checkboxtree.o
cc -g -o test test.o libnewt.a -Wl,--as-needed,-O1,--sort-common -Wl,-z,pack-relative-relocs -lslang -lncurses 
cc -g -o testgrid testgrid.o libnewt.a -Wl,--as-needed,-O1,--sort-common -Wl,-z,pack-relative-relocs -lslang -lncurses 
cc -g -o testtree testtree.o libnewt.a -Wl,--as-needed,-O1,--sort-common -Wl,-z,pack-relative-relocs -lslang -lncurses 
cc -g -o showchars showchars.o libnewt.a -Wl,--as-needed,-O1,--sort-common -Wl,-z,pack-relative-relocs -lslang -lncurses 
cc -g -o showkey showkey.o libnewt.a -Wl,--as-needed,-O1,--sort-common -Wl,-z,pack-relative-relocs -lslang -lncurses 
cc -shared -o libnewt.so.0.52.25 -Wl,--version-script,newt.0.52.ver -Wl,-soname,libnewt.so.0.52 shared/newt.o shared/button.o shared/form.o shared/checkbox.o shared/entry.o shared/label.o shared/listbox.o shared/scrollbar.o shared/textbox.o shared/scale.o shared/grid.o shared/windows.o shared/buttonbar.o shared/checkboxtree.o -Wl,--as-needed,-O1,--sort-common -Wl,-z,pack-relative-relocs -lslang -lncurses 
ln -fs libnewt.so.0.52 libnewt.so
ln -fs libnewt.so.0.52.25 libnewt.so.0.52
cc -g -o whiptail whiptail.o dialogboxes.o -L. -Wl,--as-needed,-O1,--sort-common -Wl,-z,pack-relative-relocs -lnewt -lslang -lncurses  -lpopt
cc -fPIC -Os -fstack-clash-protection -Wformat -Werror=format-security -fno-plt -D_GNU_SOURCE -I/usr/include/python3.12 -I/usr/include/python3.12 -fno-strict-overflow -Wsign-compare -DNDEBUG -g -O3 -Wall -c -o python3.12/snack.o snack.c
cc --shared -Wl,--as-needed,-O1,--sort-common -Wl,-z,pack-relative-relocs -L/usr/lib -lpython3.12 -ldl -lm -o python3.12/_snack.so python3.12/snack.o -L. -lnewt -lslang -lncurses
touch _snack.so
>>> newt: Entering fakeroot...
install -m 755 python3.12/_snack.so /tmp/pkg/newt//usr/lib/python3.12/site-packages
install -m 644 snack.py /tmp/pkg/newt//usr/lib/python3.12/site-packages
[ -d /tmp/pkg/newt//usr/lib ] || install -m 755 -d /tmp/pkg/newt//usr/lib
[ -d /tmp/pkg/newt//usr/include ] || install -m 755 -d /tmp/pkg/newt//usr/include
[ -d /tmp/pkg/newt//usr/lib/pkgconfig ] || install -m 755 -d /tmp/pkg/newt//usr/lib/pkgconfig
install -m 644 newt.h /tmp/pkg/newt//usr/include
install -m 755 libnewt.so.0.52.25 /tmp/pkg/newt//usr/lib
ln -sf libnewt.so.0.52 /tmp/pkg/newt//usr/lib/libnewt.so
ln -sf libnewt.so.0.52.25 /tmp/pkg/newt//usr/lib/libnewt.so.0.52
install -m 644 libnewt.pc /tmp/pkg/newt//usr/lib/pkgconfig
[ -d /tmp/pkg/newt//usr/bin ] || install -m 755 -d /tmp/pkg/newt//usr/bin
[ -d /tmp/pkg/newt//usr/lib ] || install -m 755 -d /tmp/pkg/newt//usr/lib
[ -d /tmp/pkg/newt//usr/share/man/man1 ] || install -m 755 -d /tmp/pkg/newt//usr/share/man/man1
install -m 644 libnewt.a /tmp/pkg/newt//usr/lib
install -m 755 whiptail /tmp/pkg/newt//usr/bin
install -m 644 whiptail.1 /tmp/pkg/newt//usr/share/man/man1
make -C po datadir=/tmp/pkg/newt//usr/share install
make[1]: Entering directory '/tmp/src/newt-0.52.25/po'
mkdir -p /tmp/pkg/newt//usr/share/locale
for n in ar.po as.po ast.po bal.po bg.po bn.po bn_IN.po bs.po ca.po cs.po cy.po da.po de.po dz.po el.po eo.po es.po et.po eu.po fa.po fi.po fr.po ga.po gl.po gu.po he.po hi.po hr.po hu.po ia.po id.po it.po ja.po ka.po km.po kn.po ko.po ku.po lt.po lv.po mg.po mk.po ml.po mr.po ms.po nb.po nds.po ne.po nl.po nn.po pa.po pl.po pt.po pt_BR.po ro.po ru.po sk.po sl.po sq.po sr.po sr@latin.po sv.po ta.po te.po tg.po th.po tl.po tr.po uk.po vi.po wo.po xh.po zh_CN.po zh_TW.po; do \
    l=`basename $n .po`; \
    mo=$l.mo; \
    /usr/bin/install -c -m 755 -d /tmp/pkg/newt//usr/share/locale/$l; \
    /usr/bin/install -c -m 755 -d /tmp/pkg/newt//usr/share/locale/$l/LC_MESSAGES; \
    if [ -f $n ]; then \
        /usr/bin/install -c -m 644 $mo /tmp/pkg/newt//usr/share/locale/$l/LC_MESSAGES/newt.mo; \
    fi; \
done
make[1]: Leaving directory '/tmp/src/newt-0.52.25/po'
>>> newt-dev*: Running split function dev...
'usr/include' -> '/tmp/pkg/newt-dev/usr/include'
'usr/lib/pkgconfig' -> '/tmp/pkg/newt-dev/usr/lib/pkgconfig'
'usr/lib/libnewt.so' -> '/tmp/pkg/newt-dev/usr/lib/libnewt.so'
>>> newt-dev*: Preparing subpackage newt-dev...
>>> newt-dev*: Stripping binaries
>>> newt-dev*: Running postcheck for newt-dev
>>> newt-doc*: Running split function doc...
'usr/share/man' -> '/tmp/pkg/newt-doc/usr/share/man'
>>> newt-doc*: Preparing subpackage newt-doc...
>>> newt-doc*: Running postcheck for newt-doc
>>> newt-lang*: Running split function lang...
'usr/share/locale' -> '/tmp/pkg/newt-lang/usr/share/locale'
>>> newt-lang*: Preparing subpackage newt-lang...
>>> newt-lang*: Running postcheck for newt-lang
>>> py3-newt*: Running split function py3...
'usr/lib/python3.12' -> '/tmp/pkg/py3-newt/usr/lib/python3.12'
>>> py3-newt*: Preparing subpackage py3-newt...
>>> py3-newt*: Stripping binaries
>>> py3-newt*: Running postcheck for py3-newt
>>> newt*: Running postcheck for newt
>>> newt*: Preparing package newt...
>>> newt*: Stripping binaries
>>> newt-dev*: Scanning shared objects
>>> newt-doc*: Scanning shared objects
>>> newt-lang*: Scanning shared objects
>>> newt*: Scanning shared objects
>>> py3-newt*: Scanning shared objects
>>> newt-dev*: Tracing dependencies...
	newt=0.52.25-r0
	pc:slang
	pkgconfig
>>> newt-dev*: Package size: 16.1 KB
>>> newt-dev*: Compressing data...
>>> newt-dev*: Create checksum...
>>> newt-dev*: Create newt-dev-0.52.25-r0.apk
>>> newt-doc*: Tracing dependencies...
>>> newt-doc*: Package size: 3.5 KB
>>> newt-doc*: Compressing data...
>>> newt-doc*: Create checksum...
>>> newt-doc*: Create newt-doc-0.52.25-r0.apk
>>> newt-lang*: Tracing dependencies...
>>> newt-lang*: Package size: 40.5 KB
>>> newt-lang*: Compressing data...
>>> newt-lang*: Create checksum...
>>> newt-lang*: Create newt-lang-0.52.25-r0.apk
>>> newt*: Tracing dependencies...
	so:libc.musl-x86_64.so.1
	so:libpopt.so.0
	so:libslang.so.2
>>> newt*: Package size: 100.6 KB
>>> newt*: Compressing data...
>>> newt*: Create checksum...
>>> newt*: Create newt-0.52.25-r0.apk
>>> py3-newt*: Tracing dependencies...
	newt=0.52.25-r0
	python3
	python3~3.12
	so:libc.musl-x86_64.so.1
	so:libnewt.so.0.52
>>> py3-newt*: Package size: 72.1 KB
>>> py3-newt*: Compressing data...
>>> py3-newt*: Create checksum...
>>> py3-newt*: Create py3-newt-0.52.25-r0.apk
>>> newt: Updating the main/x86_64 repository index...
>>> newt: Signing the index...
>>> newt: Cleaning up srcdir
>>> newt: Cleaning up build chroot
>>> newt: Cleaning up pkgdir
