>>> cracklib: Validating /home/packager/oily-pine/main/cracklib/APKBUILD...
>>> cracklib: Cleaning up srcdir
>>> cracklib: Cleaning up pkgdir
>>> cracklib: Cleaning up tmpdir
>>> cracklib: Fetching https://github.com/cracklib/cracklib/releases/download/v2.10.3/cracklib-2.10.3.tar.xz
  % Total    % Received % Xferd  Average Speed   Time    Time     Time  Current
                                 Dload  Upload   Total   Spent    Left  Speed
  0     0    0     0    0     0      0      0 --:--:-- --:--:-- --:--:--     0  0     0    0     0    0     0      0      0 --:--:-- --:--:-- --:--:--     0
  0  455k    0     0    0     0      0      0 --:--:-- --:--:-- --:--:--     0100  455k  100  455k    0     0   423k      0  0:00:01  0:00:01 --:--:-- 4105k
>>> cracklib: Fetching https://github.com/cracklib/cracklib/releases/download/v2.10.3/cracklib-words-2.10.3.gz
  % Total    % Received % Xferd  Average Speed   Time    Time     Time  Current
                                 Dload  Upload   Total   Spent    Left  Speed
  0     0    0     0    0     0      0      0 --:--:-- --:--:-- --:--:--     0  0     0    0     0    0     0      0      0 --:--:-- --:--:-- --:--:--     0
  0 5407k    0 28777    0     0  32654      0  0:02:49 --:--:--  0:02:49 32654100 5407k  100 5407k    0     0  4823k      0  0:00:01  0:00:01 --:--:-- 21.9M
>>> cracklib: Fetching https://github.com/cracklib/cracklib/releases/download/v2.10.3/cracklib-2.10.3.tar.xz
>>> cracklib: Fetching https://github.com/cracklib/cracklib/releases/download/v2.10.3/cracklib-words-2.10.3.gz
>>> cracklib: Checking sha512sums...
cracklib-2.10.3.tar.xz: OK
cracklib-words-2.10.3.gz: OK
>>> cracklib: Preparing build chroot...
fetch http://dl-cdn.alpinelinux.org/alpine/edge/main/x86_64/APKINDEX.tar.gz
(1/101) Installing musl (1.2.5-r10)
(2/101) Installing libcrypto3 (3.5.0-r0)
(3/101) Installing ca-certificates-bundle (20241121-r2)
(4/101) Installing libssl3 (3.5.0-r0)
(5/101) Installing zlib (1.3.1-r2)
(6/101) Installing libapk2 (2.14.9-r2)
(7/101) Installing apk-tools (2.14.9-r2)
(8/101) Installing libcap2 (2.76-r0)
(9/101) Installing libcap-getcap (2.76-r0)
(10/101) Installing fakeroot (1.37.1.1-r0)
(11/101) Installing scanelf (1.3.8-r1)
(12/101) Installing musl-utils (1.2.5-r10)
(13/101) Installing libgcc (14.3.0-r1)
(14/101) Installing libstdc++ (14.3.0-r1)
(15/101) Installing lzip (1.25-r0)
(16/101) Installing openssl (3.5.0-r0)
(17/101) Installing patch (2.8-r0)
(18/101) Installing pkgconf (2.4.3-r0)
(19/101) Installing acl-libs (2.3.2-r1)
(20/101) Installing tar (1.35-r3)
(21/101) Installing busybox (1.37.0-r18)
Executing busybox-1.37.0-r18.post-install
(22/101) Installing ssl_client (1.37.0-r18)
(23/101) Installing busybox-binsh (1.37.0-r18)
(24/101) Installing abuild (3.15.0-r0)
Executing abuild-3.15.0-r0.pre-install
(25/101) Installing abuild-sudo (3.15.0-r0)
(26/101) Installing alpine-baselayout-data (3.7.0-r0)
(27/101) Installing alpine-baselayout (3.7.0-r0)
Executing alpine-baselayout-3.7.0-r0.pre-install
Executing alpine-baselayout-3.7.0-r0.post-install
(28/101) Installing bridge (1.5-r5)
(29/101) Installing ifupdown-ng (0.12.1-r7)
(30/101) Installing openrc-user (0.62.2-r2)
(31/101) Installing openrc (0.62.2-r2)
Executing openrc-0.62.2-r2.post-install
(32/101) Installing mdev-conf (4.8-r0)
(33/101) Installing busybox-mdev-openrc (1.37.0-r18)
(34/101) Installing alpine-conf (3.20.0-r0)
(35/101) Installing alpine-keys (2.5-r0)
(36/101) Installing alpine-release (3.22.0-r0)
(37/101) Installing busybox-openrc (1.37.0-r18)
(38/101) Installing busybox-suid (1.37.0-r18)
(39/101) Installing alpine-base (3.22.0-r0)
(40/101) Installing m4 (1.4.20-r0)
(41/101) Installing libbz2 (1.0.8-r6)
(42/101) Installing perl (5.40.2-r0)
(43/101) Installing autoconf (2.72-r1)
(44/101) Installing automake (1.18-r0)
(45/101) Installing jansson (2.14.1-r0)
(46/101) Installing zstd-libs (1.5.7-r0)
(47/101) Installing binutils (2.44-r0)
(48/101) Installing libmagic (5.46-r2)
(49/101) Installing file (5.46-r2)
(50/101) Installing libgomp (14.3.0-r1)
(51/101) Installing libatomic (14.3.0-r1)
(52/101) Installing gmp (6.3.0-r3)
(53/101) Installing isl26 (0.26-r1)
(54/101) Installing mpfr4 (4.2.1_p1-r0)
(55/101) Installing mpc1 (1.3.1-r1)
(56/101) Installing gcc (14.3.0-r1)
(57/101) Installing libstdc++-dev (14.3.0-r1)
(58/101) Installing musl-dev (1.2.5-r10)
(59/101) Installing g++ (14.3.0-r1)
(60/101) Installing make (4.4.1-r3)
(61/101) Installing fortify-headers (1.1-r5)
(62/101) Installing build-base (0.5-r3)
(63/101) Installing xz-libs (5.8.1-r0)
(64/101) Installing xz (5.8.1-r0)
(65/101) Installing gettext-asprintf (0.24.1-r0)
(66/101) Installing libintl (0.24.1-r0)
(67/101) Installing ncurses-terminfo-base (6.5_p20250503-r0)
(68/101) Installing libncursesw (6.5_p20250503-r0)
(69/101) Installing libunistring (1.3-r0)
(70/101) Installing gettext-libs (0.24.1-r0)
(71/101) Installing gettext-envsubst (0.24.1-r0)
(72/101) Installing libxml2 (2.13.8-r0)
(73/101) Installing gettext (0.24.1-r0)
(74/101) Installing gettext-dev (0.24.1-r0)
(75/101) Installing brotli-libs (1.1.0-r2)
(76/101) Installing c-ares (1.34.5-r0)
(77/101) Installing libidn2 (2.3.7-r0)
(78/101) Installing nghttp2-libs (1.65.0-r0)
(79/101) Installing libpsl (0.21.5-r3)
(80/101) Installing libcurl (8.14.0-r2)
(81/101) Installing libexpat (2.7.1-r0)
(82/101) Installing pcre2 (10.43-r1)
(83/101) Installing git (2.49.0-r0)
(84/101) Installing git-init-template (2.49.0-r0)
(85/101) Installing perl-error (0.17030-r0)
(86/101) Installing perl-git (2.49.0-r0)
(87/101) Installing git-perl (2.49.0-r0)
(88/101) Installing libltdl (2.5.4-r1)
(89/101) Installing libtool (2.5.4-r1)
(90/101) Installing libffi (3.4.8-r0)
(91/101) Installing gdbm (1.24-r0)
(92/101) Installing mpdecimal (4.0.1-r0)
(93/101) Installing libpanelw (6.5_p20250503-r0)
(94/101) Installing readline (8.2.13-r1)
(95/101) Installing sqlite-libs (3.50.0-r0)
(96/101) Installing python3 (3.12.10-r1)
(97/101) Installing python3-pycache-pyc0 (3.12.10-r1)
(98/101) Installing pyc (3.12.10-r1)
(99/101) Installing python3-pyc (3.12.10-r1)
(100/101) Installing python3-dev (3.12.10-r1)
(101/101) Installing zlib-dev (1.3.1-r2)
Executing busybox-1.37.0-r18.trigger
OK: 387 MiB in 101 packages
>>> cracklib: Fetching https://github.com/cracklib/cracklib/releases/download/v2.10.3/cracklib-2.10.3.tar.xz
>>> cracklib: Fetching https://github.com/cracklib/cracklib/releases/download/v2.10.3/cracklib-words-2.10.3.gz
>>> cracklib: Checking sha512sums...
cracklib-2.10.3.tar.xz: OK
cracklib-words-2.10.3.gz: OK
>>> cracklib: Unpacking /var/cache/distfiles/cracklib-2.10.3.tar.xz...
checking for a BSD-compatible install... /usr/bin/install -c
checking whether build environment is sane... yes
checking for a race-free mkdir -p... ./install-sh -c -d
checking for gawk... no
checking for mawk... no
checking for nawk... no
checking for awk... awk
checking whether make sets $(MAKE)... yes
checking whether make supports nested variables... yes
checking build system type... x86_64-alpine-linux-musl
checking host system type... x86_64-alpine-linux-musl
checking how to print strings... printf
checking whether make supports the include directive... yes (GNU style)
checking for x86_64-alpine-linux-musl-gcc... cc
checking whether the C compiler works... yes
checking for C compiler default output file name... a.out
checking for suffix of executables... 
checking whether we are cross compiling... no
checking for suffix of object files... o
checking whether the compiler supports GNU C... yes
checking whether cc accepts -g... yes
checking for cc option to enable C11 features... none needed
checking whether cc understands -c and -o together... yes
checking dependency style of cc... gcc3
checking for a sed that does not truncate output... /bin/sed
checking for grep that handles long lines and -e... /bin/grep
checking for egrep... /bin/grep -E
checking for fgrep... /bin/grep -F
checking for ld used by cc... /usr/x86_64-alpine-linux-musl/bin/ld
checking if the linker (/usr/x86_64-alpine-linux-musl/bin/ld) is GNU ld... yes
checking for BSD- or MS-compatible name lister (nm)... /usr/bin/nm -B
checking the name lister (/usr/bin/nm -B) interface... BSD nm
checking whether ln -s works... yes
checking the maximum length of command line arguments... 98304
checking how to convert x86_64-alpine-linux-musl file names to x86_64-alpine-linux-musl format... func_convert_file_noop
checking how to convert x86_64-alpine-linux-musl file names to toolchain format... func_convert_file_noop
checking for /usr/x86_64-alpine-linux-musl/bin/ld option to reload object files... -r
checking for x86_64-alpine-linux-musl-file... no
checking for file... file
checking for x86_64-alpine-linux-musl-objdump... no
checking for objdump... objdump
checking how to recognize dependent libraries... pass_all
checking for x86_64-alpine-linux-musl-dlltool... no
checking for dlltool... no
checking how to associate runtime and link libraries... printf %s\n
checking for x86_64-alpine-linux-musl-ar... no
checking for ar... ar
checking for archiver @FILE support... @
checking for x86_64-alpine-linux-musl-strip... no
checking for strip... strip
checking for x86_64-alpine-linux-musl-ranlib... no
checking for ranlib... ranlib
checking command to parse /usr/bin/nm -B output from cc object... ok
checking for sysroot... no
checking for a working dd... /bin/dd
checking how to truncate binary pipes... /bin/dd bs=4096 count=1
checking for x86_64-alpine-linux-musl-mt... no
checking for mt... no
checking if : is a manifest tool... no
checking for stdio.h... yes
checking for stdlib.h... yes
checking for string.h... yes
checking for inttypes.h... yes
checking for stdint.h... yes
checking for strings.h... yes
checking for sys/stat.h... yes
checking for sys/types.h... yes
checking for unistd.h... yes
checking for dlfcn.h... yes
checking for objdir... .libs
checking if cc supports -fno-rtti -fno-exceptions... no
checking for cc option to produce PIC... -fPIC -DPIC
checking if cc PIC flag -fPIC -DPIC works... yes
checking if cc static flag -static works... yes
checking if cc supports -c -o file.o... yes
checking if cc supports -c -o file.o... (cached) yes
checking whether the cc linker (/usr/x86_64-alpine-linux-musl/bin/ld -m elf_x86_64) supports shared libraries... yes
checking whether -lc should be explicitly linked in... no
checking dynamic linker characteristics... GNU/Linux ld.so
checking how to hardcode library paths into programs... immediate
checking whether stripping libraries is possible... yes
checking if libtool supports shared libraries... yes
checking whether to build shared libraries... yes
checking whether to build static libraries... no
checking for x86_64-alpine-linux-musl-gcc... (cached) cc
checking whether the compiler supports GNU C... (cached) yes
checking whether cc accepts -g... (cached) yes
checking for cc option to enable C11 features... (cached) none needed
checking whether cc understands -c and -o together... (cached) yes
checking dependency style of cc... (cached) gcc3
checking how to run the C preprocessor... cc -E
checking whether ln -s works... yes
checking whether make sets $(MAKE)... (cached) yes
checking for unistd.h... (cached) yes
checking for fcntl.h... yes
checking for inttypes.h... (cached) yes
checking for stdint.h... (cached) yes
checking for pthread.h... yes
checking for endian.h... yes
checking for zlib.h... yes
checking for library containing gzopen... -lz
checking if LINE_MAX is defined... yes
checking for an ANSI C-conforming const... yes
checking for strdup... yes
checking for getpwuid_r... yes
checking whether NLS is requested... no
checking for msgfmt... /usr/bin/msgfmt
checking for gmsgfmt... /usr/bin/msgfmt
checking for xgettext... /usr/bin/xgettext
checking for msgmerge... /usr/bin/msgmerge
checking for ld... /usr/x86_64-alpine-linux-musl/bin/ld -m elf_x86_64
checking if the linker (/usr/x86_64-alpine-linux-musl/bin/ld -m elf_x86_64) is GNU ld... yes
checking for shared library run path origin... done
checking 32-bit host C ABI... no
checking for ELF binary format... yes
checking for the common suffixes of directories in the library search path... lib,lib,lib
checking for CFPreferencesCopyAppValue... no
checking for CFLocaleCopyPreferredLanguages... no
checking whether to use NLS... no
checking default dict filename... $(pkgdatadir)/pw_dict
checking for python... /usr/bin/python
checking for python version... 3.12
checking for python platform... linux
checking for GNU default python prefix... ${prefix}
checking for GNU default python exec_prefix... ${exec_prefix}
checking for python script directory (pythondir)... ${PYTHON_PREFIX}/lib/python3.12/site-packages
checking for python extension module directory (pyexecdir)... ${PYTHON_EXEC_PREFIX}/lib/python3.12/site-packages
checking for python3.12/Python.h... yes
checking that generated files are newer than configure... done
configure: creating ./config.status
config.status: creating util/Makefile
config.status: creating lib/Makefile
config.status: creating doc/Makefile
config.status: creating python/Makefile
config.status: creating Makefile
config.status: creating python/setup.py
config.status: creating po/Makefile.in
config.status: creating dicts/Makefile
config.status: creating cracklib.spec
config.status: creating config.h
config.status: executing depfiles commands
config.status: executing libtool commands
config.status: executing po-directories commands
config.status: creating po/POTFILES
config.status: creating po/Makefile
make  all-recursive
make[1]: Entering directory '/tmp/src/cracklib-2.10.3'
Making all in lib
make[2]: Entering directory '/tmp/src/cracklib-2.10.3/lib'
/bin/sh ../libtool  --tag=CC   --mode=compile cc -DHAVE_CONFIG_H -I. -I..  -I. -I.. -I../lib -DIN_CRACKLIB '-DDEFAULT_CRACKLIB_DICT="/usr/share/cracklib/pw_dict"' -Wall   -Os -fstack-clash-protection -Wformat -Werror=format-security -fno-plt -MT fascist.lo -MD -MP -MF .deps/fascist.Tpo -c -o fascist.lo fascist.c
/bin/sh ../libtool  --tag=CC   --mode=compile cc -DHAVE_CONFIG_H -I. -I..  -I. -I.. -I../lib -DIN_CRACKLIB '-DDEFAULT_CRACKLIB_DICT="/usr/share/cracklib/pw_dict"' -Wall   -Os -fstack-clash-protection -Wformat -Werror=format-security -fno-plt -MT packlib.lo -MD -MP -MF .deps/packlib.Tpo -c -o packlib.lo packlib.c
/bin/sh ../libtool  --tag=CC   --mode=compile cc -DHAVE_CONFIG_H -I. -I..  -I. -I.. -I../lib -DIN_CRACKLIB '-DDEFAULT_CRACKLIB_DICT="/usr/share/cracklib/pw_dict"' -Wall   -Os -fstack-clash-protection -Wformat -Werror=format-security -fno-plt -MT rules.lo -MD -MP -MF .deps/rules.Tpo -c -o rules.lo rules.c
/bin/sh ../libtool  --tag=CC   --mode=compile cc -DHAVE_CONFIG_H -I. -I..  -I. -I.. -I../lib -DIN_CRACKLIB '-DDEFAULT_CRACKLIB_DICT="/usr/share/cracklib/pw_dict"' -Wall   -Os -fstack-clash-protection -Wformat -Werror=format-security -fno-plt -MT stringlib.lo -MD -MP -MF .deps/stringlib.Tpo -c -o stringlib.lo stringlib.c
libtool: compile:  cc -DHAVE_CONFIG_H -I. -I.. -I. -I.. -I../lib -DIN_CRACKLIB "-DDEFAULT_CRACKLIB_DICT=\"/usr/share/cracklib/pw_dict\"" -Wall -Os -fstack-clash-protection -Wformat -Werror=format-security -fno-plt -MT fascist.lo -MD -MP -MF .deps/fascist.Tpo -c fascist.c  -fPIC -DPIC -o .libs/fascist.o
libtool: compile:  cc -DHAVE_CONFIG_H -I. -I.. -I. -I.. -I../lib -DIN_CRACKLIB "-DDEFAULT_CRACKLIB_DICT=\"/usr/share/cracklib/pw_dict\"" -Wall -Os -fstack-clash-protection -Wformat -Werror=format-security -fno-plt -MT packlib.lo -MD -MP -MF .deps/packlib.Tpo -c packlib.c  -fPIC -DPIC -o .libs/packlib.o
libtool: compile:  cc -DHAVE_CONFIG_H -I. -I.. -I. -I.. -I../lib -DIN_CRACKLIB "-DDEFAULT_CRACKLIB_DICT=\"/usr/share/cracklib/pw_dict\"" -Wall -Os -fstack-clash-protection -Wformat -Werror=format-security -fno-plt -MT rules.lo -MD -MP -MF .deps/rules.Tpo -c rules.c  -fPIC -DPIC -o .libs/rules.o
libtool: compile:  cc -DHAVE_CONFIG_H -I. -I.. -I. -I.. -I../lib -DIN_CRACKLIB "-DDEFAULT_CRACKLIB_DICT=\"/usr/share/cracklib/pw_dict\"" -Wall -Os -fstack-clash-protection -Wformat -Werror=format-security -fno-plt -MT stringlib.lo -MD -MP -MF .deps/stringlib.Tpo -c stringlib.c  -fPIC -DPIC -o .libs/stringlib.o
mv -f .deps/stringlib.Tpo .deps/stringlib.Plo
mv -f .deps/packlib.Tpo .deps/packlib.Plo
mv -f .deps/fascist.Tpo .deps/fascist.Plo
mv -f .deps/rules.Tpo .deps/rules.Plo
/bin/sh ../libtool  --tag=CC   --mode=link cc  -Os -fstack-clash-protection -Wformat -Werror=format-security -fno-plt -version-info 11:0:9 -Wl,--as-needed,-O1,--sort-common -Wl,-z,pack-relative-relocs -o libcrack.la -rpath /usr/lib fascist.lo packlib.lo rules.lo stringlib.lo  -lz 
libtool: link: cc -shared  -fPIC -DPIC  .libs/fascist.o .libs/packlib.o .libs/rules.o .libs/stringlib.o   -lz  -Os -Wl,--as-needed -Wl,-O1 -Wl,--sort-common -Wl,-z -Wl,pack-relative-relocs   -Wl,-soname -Wl,libcrack.so.2 -o .libs/libcrack.so.2.9.0
libtool: link: (cd ".libs" && rm -f "libcrack.so.2" && ln -s "libcrack.so.2.9.0" "libcrack.so.2")
libtool: link: (cd ".libs" && rm -f "libcrack.so" && ln -s "libcrack.so.2.9.0" "libcrack.so")
libtool: link: ( cd ".libs" && rm -f "libcrack.la" && ln -s "../libcrack.la" "libcrack.la" )
make[2]: Leaving directory '/tmp/src/cracklib-2.10.3/lib'
Making all in util
make[2]: Entering directory '/tmp/src/cracklib-2.10.3/util'
cc -DHAVE_CONFIG_H -I. -I..  -I. -I.. -I../lib '-DDEFAULT_CRACKLIB_DICT="/usr/share/cracklib/pw_dict"' '-DLOCALEDIR="/usr/share/locale"' -Wall   -Os -fstack-clash-protection -Wformat -Werror=format-security -fno-plt -MT packer.o -MD -MP -MF .deps/packer.Tpo -c -o packer.o packer.c
cc -DHAVE_CONFIG_H -I. -I..  -I. -I.. -I../lib '-DDEFAULT_CRACKLIB_DICT="/usr/share/cracklib/pw_dict"' '-DLOCALEDIR="/usr/share/locale"' -Wall   -Os -fstack-clash-protection -Wformat -Werror=format-security -fno-plt -MT unpacker.o -MD -MP -MF .deps/unpacker.Tpo -c -o unpacker.o unpacker.c
cc -DHAVE_CONFIG_H -I. -I..  -I. -I.. -I../lib '-DDEFAULT_CRACKLIB_DICT="/usr/share/cracklib/pw_dict"' '-DLOCALEDIR="/usr/share/locale"' -Wall   -Os -fstack-clash-protection -Wformat -Werror=format-security -fno-plt -MT check.o -MD -MP -MF .deps/check.Tpo -c -o check.o check.c
mv -f .deps/unpacker.Tpo .deps/unpacker.Po
/bin/sh ../libtool  --tag=CC   --mode=link cc  -Os -fstack-clash-protection -Wformat -Werror=format-security -fno-plt  -Wl,--as-needed,-O1,--sort-common -Wl,-z,pack-relative-relocs -o cracklib-unpacker unpacker.o ../lib/libcrack.la -lz 
mv -f .deps/packer.Tpo .deps/packer.Po
/bin/sh ../libtool  --tag=CC   --mode=link cc  -Os -fstack-clash-protection -Wformat -Werror=format-security -fno-plt  -Wl,--as-needed,-O1,--sort-common -Wl,-z,pack-relative-relocs -o cracklib-packer packer.o ../lib/libcrack.la -lz 
mv -f .deps/check.Tpo .deps/check.Po
/bin/sh ../libtool  --tag=CC   --mode=link cc  -Os -fstack-clash-protection -Wformat -Werror=format-security -fno-plt  -Wl,--as-needed,-O1,--sort-common -Wl,-z,pack-relative-relocs -o cracklib-check check.o ../lib/libcrack.la  -lz 
libtool: link: cc -Os -fstack-clash-protection -Wformat -Werror=format-security -fno-plt -Wl,--as-needed -Wl,-O1 -Wl,--sort-common -Wl,-z -Wl,pack-relative-relocs -o .libs/cracklib-unpacker unpacker.o  ../lib/.libs/libcrack.so -lz
libtool: link: cc -Os -fstack-clash-protection -Wformat -Werror=format-security -fno-plt -Wl,--as-needed -Wl,-O1 -Wl,--sort-common -Wl,-z -Wl,pack-relative-relocs -o .libs/cracklib-packer packer.o  ../lib/.libs/libcrack.so -lz
libtool: link: cc -Os -fstack-clash-protection -Wformat -Werror=format-security -fno-plt -Wl,--as-needed -Wl,-O1 -Wl,--sort-common -Wl,-z -Wl,pack-relative-relocs -o .libs/cracklib-check check.o  ../lib/.libs/libcrack.so -lz
make[2]: Leaving directory '/tmp/src/cracklib-2.10.3/util'
Making all in po
make[2]: Entering directory '/tmp/src/cracklib-2.10.3/po'
make[2]: Nothing to be done for 'all'.
make[2]: Leaving directory '/tmp/src/cracklib-2.10.3/po'
Making all in doc
make[2]: Entering directory '/tmp/src/cracklib-2.10.3/doc'
make[2]: Nothing to be done for 'all'.
make[2]: Leaving directory '/tmp/src/cracklib-2.10.3/doc'
Making all in python
make[2]: Entering directory '/tmp/src/cracklib-2.10.3/python'
/bin/sh ../libtool  --tag=CC   --mode=compile cc -DHAVE_CONFIG_H '-DDEFAULT_CRACKLIB_DICT="/usr/share/cracklib/pw_dict"' '-DPYTHON_H="python3.12/Python.h"' -I. -I..  '-DLOCALEDIR="/usr/share/locale"'  -I../lib -Wall -Os -fstack-clash-protection -Wformat -Werror=format-security -fno-plt -MT _cracklib.lo -MD -MP -MF .deps/_cracklib.Tpo -c -o _cracklib.lo _cracklib.c
libtool: compile:  cc -DHAVE_CONFIG_H "-DDEFAULT_CRACKLIB_DICT=\"/usr/share/cracklib/pw_dict\"" "-DPYTHON_H=\"python3.12/Python.h\"" -I. -I.. "-DLOCALEDIR=\"/usr/share/locale\"" -I../lib -Wall -Os -fstack-clash-protection -Wformat -Werror=format-security -fno-plt -MT _cracklib.lo -MD -MP -MF .deps/_cracklib.Tpo -c _cracklib.c  -fPIC -DPIC -o .libs/_cracklib.o
mv -f .deps/_cracklib.Tpo .deps/_cracklib.Plo
/bin/sh ../libtool  --tag=CC   --mode=link cc -I../lib -Wall -Os -fstack-clash-protection -Wformat -Werror=format-security -fno-plt -module -avoid-version ../lib/libcrack.la -Wl,--as-needed,-O1,--sort-common -Wl,-z,pack-relative-relocs -o _cracklib.la -rpath /usr/lib/python3.12/site-packages _cracklib.lo  -lz 
libtool: link: cc -shared  -fPIC -DPIC  .libs/_cracklib.o   -Wl,-rpath -Wl,/tmp/src/cracklib-2.10.3/lib/.libs ../lib/.libs/libcrack.so -lz  -Os -Wl,--as-needed -Wl,-O1 -Wl,--sort-common -Wl,-z -Wl,pack-relative-relocs   -Wl,-soname -Wl,_cracklib.so -o .libs/_cracklib.so
libtool: link: ( cd ".libs" && rm -f "_cracklib.la" && ln -s "../_cracklib.la" "_cracklib.la" )
make[2]: Leaving directory '/tmp/src/cracklib-2.10.3/python'
Making all in dicts
make[2]: Entering directory '/tmp/src/cracklib-2.10.3/dicts'
make[2]: Nothing to be done for 'all'.
make[2]: Leaving directory '/tmp/src/cracklib-2.10.3/dicts'
make[2]: Entering directory '/tmp/src/cracklib-2.10.3'
make[2]: Nothing to be done for 'all-am'.
make[2]: Leaving directory '/tmp/src/cracklib-2.10.3'
make[1]: Leaving directory '/tmp/src/cracklib-2.10.3'
Making check in lib
make[1]: Entering directory '/tmp/src/cracklib-2.10.3/lib'
make[1]: Nothing to be done for 'check'.
make[1]: Leaving directory '/tmp/src/cracklib-2.10.3/lib'
Making check in util
make[1]: Entering directory '/tmp/src/cracklib-2.10.3/util'
make  testlib testnum teststr make-bad-endian both-endian.sh checkdict.sh \
  testdict baddict
make[2]: Entering directory '/tmp/src/cracklib-2.10.3/util'
cc -DHAVE_CONFIG_H -I. -I..  -I. -I.. -I../lib '-DDEFAULT_CRACKLIB_DICT="/usr/share/cracklib/pw_dict"' '-DLOCALEDIR="/usr/share/locale"' -Wall   -Os -fstack-clash-protection -Wformat -Werror=format-security -fno-plt -MT testlib.o -MD -MP -MF .deps/testlib.Tpo -c -o testlib.o testlib.c
cc -DHAVE_CONFIG_H -I. -I..  -I. -I.. -I../lib '-DDEFAULT_CRACKLIB_DICT="/usr/share/cracklib/pw_dict"' '-DLOCALEDIR="/usr/share/locale"' -Wall   -Os -fstack-clash-protection -Wformat -Werror=format-security -fno-plt -MT testnum.o -MD -MP -MF .deps/testnum.Tpo -c -o testnum.o testnum.c
cc -DHAVE_CONFIG_H -I. -I..  -I. -I.. -I../lib '-DDEFAULT_CRACKLIB_DICT="/usr/share/cracklib/pw_dict"' '-DLOCALEDIR="/usr/share/locale"' -Wall   -Os -fstack-clash-protection -Wformat -Werror=format-security -fno-plt -MT teststr.o -MD -MP -MF .deps/teststr.Tpo -c -o teststr.o teststr.c
cc -DHAVE_CONFIG_H -I. -I..  -I. -I.. -I../lib '-DDEFAULT_CRACKLIB_DICT="deleteme"' '-DLOCALEDIR="/usr/share/locale"' -DIN_CRACKLIB -Wall '-DSTORE_ORDER=STORE_ORDER_BE'   -Os -fstack-clash-protection -Wformat -Werror=format-security -fno-plt -MT make_bad_endian-packer.o -MD -MP -MF .deps/make_bad_endian-packer.Tpo -c -o make_bad_endian-packer.o `test -f 'packer.c' || echo './'`packer.c
cc -DHAVE_CONFIG_H -I. -I..  -I. -I.. -I../lib '-DDEFAULT_CRACKLIB_DICT="deleteme"' '-DLOCALEDIR="/usr/share/locale"' -DIN_CRACKLIB -Wall '-DSTORE_ORDER=STORE_ORDER_BE'   -Os -fstack-clash-protection -Wformat -Werror=format-security -fno-plt -MT make_bad_endian-packlib.o -MD -MP -MF .deps/make_bad_endian-packlib.Tpo -c -o make_bad_endian-packlib.o `test -f '../lib/packlib.c' || echo './'`../lib/packlib.c
echo '[ "" = "" ]' > "both-endian.sh"
echo '! ./cracklib-format ../dicts/cracklib-small | ./testlib ./testdict | grep -c ": ok"' > "checkdict.sh"
chmod +x "both-endian.sh"
chmod +x "checkdict.sh"
./cracklib-format "../dicts/cracklib-small" | ./cracklib-packer "testdict"
gzip: invalid magic
0 0
mv -f .deps/teststr.Tpo .deps/teststr.Po
/bin/sh ../libtool  --tag=CC   --mode=link cc  -Os -fstack-clash-protection -Wformat -Werror=format-security -fno-plt  -Wl,--as-needed,-O1,--sort-common -Wl,-z,pack-relative-relocs -o teststr teststr.o ../lib/libcrack.la -lz 
mv -f .deps/testnum.Tpo .deps/testnum.Po
/bin/sh ../libtool  --tag=CC   --mode=link cc  -Os -fstack-clash-protection -Wformat -Werror=format-security -fno-plt  -Wl,--as-needed,-O1,--sort-common -Wl,-z,pack-relative-relocs -o testnum testnum.o ../lib/libcrack.la -lz 
mv -f .deps/make_bad_endian-packer.Tpo .deps/make_bad_endian-packer.Po
mv -f .deps/testlib.Tpo .deps/testlib.Po
/bin/sh ../libtool  --tag=CC   --mode=link cc  -Os -fstack-clash-protection -Wformat -Werror=format-security -fno-plt  -Wl,--as-needed,-O1,--sort-common -Wl,-z,pack-relative-relocs -o testlib testlib.o ../lib/libcrack.la -lz 
libtool: link: cc -Os -fstack-clash-protection -Wformat -Werror=format-security -fno-plt -Wl,--as-needed -Wl,-O1 -Wl,--sort-common -Wl,-z -Wl,pack-relative-relocs -o .libs/teststr teststr.o  ../lib/.libs/libcrack.so -lz
libtool: link: cc -Os -fstack-clash-protection -Wformat -Werror=format-security -fno-plt -Wl,--as-needed -Wl,-O1 -Wl,--sort-common -Wl,-z -Wl,pack-relative-relocs -o .libs/testlib testlib.o  ../lib/.libs/libcrack.so -lz
libtool: link: cc -Os -fstack-clash-protection -Wformat -Werror=format-security -fno-plt -Wl,--as-needed -Wl,-O1 -Wl,--sort-common -Wl,-z -Wl,pack-relative-relocs -o .libs/testnum testnum.o  ../lib/.libs/libcrack.so -lz
mv -f .deps/make_bad_endian-packlib.Tpo .deps/make_bad_endian-packlib.Po
/bin/sh ../libtool  --tag=CC   --mode=link cc  -Os -fstack-clash-protection -Wformat -Werror=format-security -fno-plt  -Wl,--as-needed,-O1,--sort-common -Wl,-z,pack-relative-relocs -o make-bad-endian make_bad_endian-packer.o make_bad_endian-packlib.o ../lib/libcrack.la -lz 
libtool: link: cc -Os -fstack-clash-protection -Wformat -Werror=format-security -fno-plt -Wl,--as-needed -Wl,-O1 -Wl,--sort-common -Wl,-z -Wl,pack-relative-relocs -o .libs/make-bad-endian make_bad_endian-packer.o make_bad_endian-packlib.o  ../lib/.libs/libcrack.so -lz
./cracklib-format "../dicts/cracklib-small" | ./make-bad-endian "baddict"
gzip: invalid magic
0 0
make[2]: Leaving directory '/tmp/src/cracklib-2.10.3/util'
make  check-TESTS
make[2]: Entering directory '/tmp/src/cracklib-2.10.3/util'
./cracklib-format "../dicts/cracklib-small" | ./cracklib-packer "testdict"
./cracklib-format "../dicts/cracklib-small" | ./make-bad-endian "baddict"
gzip: invalid magic
gzip: invalid magic
0 0
0 0
make[3]: Entering directory '/tmp/src/cracklib-2.10.3/util'
PASS: both-endian.sh
PASS: checkdict.sh
============================================================================
Testsuite summary for cracklib 2.10.3
============================================================================
# TOTAL: 2
# PASS:  2
# SKIP:  0
# XFAIL: 0
# FAIL:  0
# XPASS: 0
# ERROR: 0
============================================================================
make[3]: Leaving directory '/tmp/src/cracklib-2.10.3/util'
make[2]: Leaving directory '/tmp/src/cracklib-2.10.3/util'
make[1]: Leaving directory '/tmp/src/cracklib-2.10.3/util'
Making check in po
make[1]: Entering directory '/tmp/src/cracklib-2.10.3/po'
make[1]: Nothing to be done for 'check'.
make[1]: Leaving directory '/tmp/src/cracklib-2.10.3/po'
Making check in doc
make[1]: Entering directory '/tmp/src/cracklib-2.10.3/doc'
make[1]: Nothing to be done for 'check'.
make[1]: Leaving directory '/tmp/src/cracklib-2.10.3/doc'
Making check in python
make[1]: Entering directory '/tmp/src/cracklib-2.10.3/python'
make[1]: Nothing to be done for 'check'.
make[1]: Leaving directory '/tmp/src/cracklib-2.10.3/python'
Making check in dicts
make[1]: Entering directory '/tmp/src/cracklib-2.10.3/dicts'
make[1]: Nothing to be done for 'check'.
make[1]: Leaving directory '/tmp/src/cracklib-2.10.3/dicts'
make[1]: Entering directory '/tmp/src/cracklib-2.10.3'
make[1]: Nothing to be done for 'check-am'.
make[1]: Leaving directory '/tmp/src/cracklib-2.10.3'
>>> cracklib: Entering fakeroot...
Making install in lib
make[1]: Entering directory '/tmp/src/cracklib-2.10.3/lib'
make[2]: Entering directory '/tmp/src/cracklib-2.10.3/lib'
 .././install-sh -c -d '/tmp/pkg/cracklib/usr/lib'
 .././install-sh -c -d '/tmp/pkg/cracklib/usr/include'
 /usr/bin/install -c -m 644 crack.h packer.h '/tmp/pkg/cracklib/usr/include'
 /bin/sh ../libtool   --mode=install /usr/bin/install -c   libcrack.la '/tmp/pkg/cracklib/usr/lib'
libtool: install: /usr/bin/install -c .libs/libcrack.so.2.9.0 /tmp/pkg/cracklib/usr/lib/libcrack.so.2.9.0
libtool: install: (cd /tmp/pkg/cracklib/usr/lib && { ln -s -f libcrack.so.2.9.0 libcrack.so.2 || { rm -f libcrack.so.2 && ln -s libcrack.so.2.9.0 libcrack.so.2; }; })
libtool: install: (cd /tmp/pkg/cracklib/usr/lib && { ln -s -f libcrack.so.2.9.0 libcrack.so || { rm -f libcrack.so && ln -s libcrack.so.2.9.0 libcrack.so; }; })
libtool: install: /usr/bin/install -c .libs/libcrack.lai /tmp/pkg/cracklib/usr/lib/libcrack.la
libtool: warning: remember to run 'libtool --finish /usr/lib'
make[2]: Leaving directory '/tmp/src/cracklib-2.10.3/lib'
make[1]: Leaving directory '/tmp/src/cracklib-2.10.3/lib'
Making install in util
make[1]: Entering directory '/tmp/src/cracklib-2.10.3/util'
make[2]: Entering directory '/tmp/src/cracklib-2.10.3/util'
 .././install-sh -c -d '/tmp/pkg/cracklib/usr/sbin'
 .././install-sh -c -d '/tmp/pkg/cracklib/usr/sbin'
make[2]: Nothing to be done for 'install-data-am'.
 .././install-sh -c -d '/tmp/pkg/cracklib/usr/sbin'
 /usr/bin/install -c create-cracklib-dict cracklib-format '/tmp/pkg/cracklib/usr/sbin'
 /usr/bin/install -c cracklib-update '/tmp/pkg/cracklib/usr/sbin'
  /bin/sh ../libtool   --mode=install /usr/bin/install -c cracklib-packer cracklib-unpacker cracklib-check '/tmp/pkg/cracklib/usr/sbin'
libtool: warning: '../lib/libcrack.la' has not been installed in '/usr/lib'
libtool: install: /usr/bin/install -c .libs/cracklib-packer /tmp/pkg/cracklib/usr/sbin/cracklib-packer
libtool: warning: '../lib/libcrack.la' has not been installed in '/usr/lib'
libtool: install: /usr/bin/install -c .libs/cracklib-unpacker /tmp/pkg/cracklib/usr/sbin/cracklib-unpacker
libtool: warning: '../lib/libcrack.la' has not been installed in '/usr/lib'
libtool: install: /usr/bin/install -c .libs/cracklib-check /tmp/pkg/cracklib/usr/sbin/cracklib-check
make[2]: Leaving directory '/tmp/src/cracklib-2.10.3/util'
make[1]: Leaving directory '/tmp/src/cracklib-2.10.3/util'
Making install in po
make[1]: Entering directory '/tmp/src/cracklib-2.10.3/po'
if test "cracklib" = "gettext-tools"; then \
  .././install-sh -c -d /tmp/pkg/cracklib/usr/share/gettext/po; \
  for file in Makefile.in.in remove-potcdate.sin quot.sed boldquot.sed en@quot.header en@boldquot.header insert-header.sin Rules-quot   Makevars.template; do \
    /usr/bin/install -c -m 644 ./$file \
		    /tmp/pkg/cracklib/usr/share/gettext/po/$file; \
  done; \
  for file in Makevars; do \
    rm -f /tmp/pkg/cracklib/usr/share/gettext/po/$file; \
  done; \
else \
  : ; \
fi
make[1]: Leaving directory '/tmp/src/cracklib-2.10.3/po'
Making install in doc
make[1]: Entering directory '/tmp/src/cracklib-2.10.3/doc'
make[2]: Entering directory '/tmp/src/cracklib-2.10.3/doc'
make[2]: Nothing to be done for 'install-exec-am'.
 .././install-sh -c -d '/tmp/pkg/cracklib/usr/share/cracklib'
 .././install-sh -c -d '/tmp/pkg/cracklib/usr/share/man/man3'
 .././install-sh -c -d '/tmp/pkg/cracklib/usr/share/man/man8'
 /usr/bin/install -c -m 644 cracklib.magic '/tmp/pkg/cracklib/usr/share/cracklib'
 /usr/bin/install -c -m 644 FascistCheck.3 '/tmp/pkg/cracklib/usr/share/man/man3'
 /usr/bin/install -c -m 644 cracklib-check.8 cracklib-format.8 cracklib-update.8 create-cracklib-dict.8 '/tmp/pkg/cracklib/usr/share/man/man8'
make[2]: Leaving directory '/tmp/src/cracklib-2.10.3/doc'
make[1]: Leaving directory '/tmp/src/cracklib-2.10.3/doc'
Making install in python
make[1]: Entering directory '/tmp/src/cracklib-2.10.3/python'
make[2]: Entering directory '/tmp/src/cracklib-2.10.3/python'
 .././install-sh -c -d '/tmp/pkg/cracklib/usr/lib/python3.12/site-packages'
 .././install-sh -c -d '/tmp/pkg/cracklib/usr/lib/python3.12/site-packages'
 /bin/sh ../libtool   --mode=install /usr/bin/install -c   _cracklib.la '/tmp/pkg/cracklib/usr/lib/python3.12/site-packages'
 /usr/bin/install -c -m 644 cracklib.py test_cracklib.py '/tmp/pkg/cracklib/usr/lib/python3.12/site-packages'
libtool: warning: relinking '_cracklib.la'
libtool: install: (cd /tmp/src/cracklib-2.10.3/python; /bin/sh "/tmp/src/cracklib-2.10.3/libtool"  --tag CC --mode=relink cc -I../lib -Wall -Os -fstack-clash-protection -Wformat -Werror=format-security -fno-plt -module -avoid-version ../lib/libcrack.la -Wl,--as-needed,-O1,--sort-common -Wl,-z,pack-relative-relocs -o _cracklib.la -rpath /usr/lib/python3.12/site-packages _cracklib.lo -lz -inst-prefix-dir /tmp/pkg/cracklib)
Byte-compiling python modules...
cracklib.pytest_cracklib.py
libtool: relink: cc -shared  -fPIC -DPIC  .libs/_cracklib.o   -L/tmp/pkg/cracklib/usr/lib -L/usr/lib -lcrack -lz  -Os -Wl,--as-needed -Wl,-O1 -Wl,--sort-common -Wl,-z -Wl,pack-relative-relocs   -Wl,-soname -Wl,_cracklib.so -o .libs/_cracklib.so
libtool: install: /usr/bin/install -c .libs/_cracklib.soT /tmp/pkg/cracklib/usr/lib/python3.12/site-packages/_cracklib.so
libtool: install: /usr/bin/install -c .libs/_cracklib.lai /tmp/pkg/cracklib/usr/lib/python3.12/site-packages/_cracklib.la
libtool: warning: remember to run 'libtool --finish /usr/lib/python3.12/site-packages'
Byte-compiling python modules (optimized versions) ...
cracklib.pytest_cracklib.py
make[2]: Leaving directory '/tmp/src/cracklib-2.10.3/python'
make[1]: Leaving directory '/tmp/src/cracklib-2.10.3/python'
Making install in dicts
make[1]: Entering directory '/tmp/src/cracklib-2.10.3/dicts'
make[2]: Entering directory '/tmp/src/cracklib-2.10.3/dicts'
make[2]: Nothing to be done for 'install-exec-am'.
 .././install-sh -c -d '/tmp/pkg/cracklib/usr/share/cracklib'
 /usr/bin/install -c -m 644 cracklib-small '/tmp/pkg/cracklib/usr/share/cracklib'
make[2]: Leaving directory '/tmp/src/cracklib-2.10.3/dicts'
make[1]: Leaving directory '/tmp/src/cracklib-2.10.3/dicts'
make[1]: Entering directory '/tmp/src/cracklib-2.10.3'
make[2]: Entering directory '/tmp/src/cracklib-2.10.3'
make[2]: Nothing to be done for 'install-exec-am'.
make[2]: Nothing to be done for 'install-data-am'.
make[2]: Leaving directory '/tmp/src/cracklib-2.10.3'
make[1]: Leaving directory '/tmp/src/cracklib-2.10.3'
>>> py3-cracklib-pyc*: Running split function pyc...
'usr/lib/python3.12/site-packages/__pycache__' -> '/tmp/pkg/py3-cracklib-pyc/usr/lib/python3.12/site-packages/__pycache__'
>>> py3-cracklib-pyc*: Preparing subpackage py3-cracklib-pyc...
>>> py3-cracklib-pyc*: Running postcheck for py3-cracklib-pyc
>>> py3-cracklib*: Running split function py...
'usr/lib/python3.12' -> '/tmp/pkg/py3-cracklib/usr/lib/python3.12'
>>> py3-cracklib*: Preparing subpackage py3-cracklib...
>>> py3-cracklib*: Stripping binaries
>>> py3-cracklib*: Running postcheck for py3-cracklib
>>> cracklib-doc*: Running split function doc...
'usr/share/man' -> '/tmp/pkg/cracklib-doc/usr/share/man'
>>> cracklib-doc*: Preparing subpackage cracklib-doc...
>>> cracklib-doc*: Running postcheck for cracklib-doc
>>> cracklib-dev*: Running split function dev...
'usr/include' -> '/tmp/pkg/cracklib-dev/usr/include'
'usr/lib/libcrack.so' -> '/tmp/pkg/cracklib-dev/usr/lib/libcrack.so'
>>> cracklib-dev*: Preparing subpackage cracklib-dev...
>>> cracklib-dev*: Stripping binaries
>>> cracklib-dev*: Running postcheck for cracklib-dev
>>> cracklib-words*: Running split function words...
'usr/share/cracklib/cracklib-words.gz' -> '/tmp/pkg/cracklib-words/usr/share/cracklib/cracklib-words.gz'
>>> cracklib-words*: Preparing subpackage cracklib-words...
>>> cracklib-words*: Running postcheck for cracklib-words
>>> cracklib*: Running postcheck for cracklib
>>> cracklib*: Preparing package cracklib...
>>> cracklib*: Stripping binaries
>>> cracklib*: Script found. /bin/sh added as a dependency for cracklib-2.10.3-r0.apk
>>> cracklib*: Adding .trigger
>>> cracklib-dev*: Scanning shared objects
>>> cracklib-doc*: Scanning shared objects
>>> cracklib-words*: Scanning shared objects
>>> cracklib*: Scanning shared objects
>>> py3-cracklib-pyc*: Scanning shared objects
>>> py3-cracklib*: Scanning shared objects
>>> cracklib-dev*: Tracing dependencies...
	cracklib=2.10.3-r0
>>> cracklib-dev*: Package size: 3.1 KB
>>> cracklib-dev*: Compressing data...
>>> cracklib-dev*: Create checksum...
>>> cracklib-dev*: Create cracklib-dev-2.10.3-r0.apk
>>> cracklib-doc*: Tracing dependencies...
>>> cracklib-doc*: Package size: 4.4 KB
>>> cracklib-doc*: Compressing data...
>>> cracklib-doc*: Create checksum...
>>> cracklib-doc*: Create cracklib-doc-2.10.3-r0.apk
>>> cracklib-words*: Tracing dependencies...
>>> cracklib-words*: Package size: 5.3 MB
>>> cracklib-words*: Compressing data...
>>> cracklib-words*: Create checksum...
>>> cracklib-words*: Create cracklib-words-2.10.3-r0.apk
>>> cracklib*: Tracing dependencies...
	/bin/sh
	so:libc.musl-x86_64.so.1
	so:libz.so.1
>>> cracklib*: Package size: 226.1 KB
>>> cracklib*: Compressing data...
>>> cracklib*: Create checksum...
>>> cracklib*: Create cracklib-2.10.3-r0.apk
>>> py3-cracklib-pyc*: Tracing dependencies...
	python3~3.12
>>> py3-cracklib-pyc*: Package size: 5.9 KB
>>> py3-cracklib-pyc*: Compressing data...
>>> py3-cracklib-pyc*: Create checksum...
>>> py3-cracklib-pyc*: Create py3-cracklib-pyc-2.10.3-r0.apk
>>> py3-cracklib*: Tracing dependencies...
	python3~3.12
	so:libc.musl-x86_64.so.1
	so:libcrack.so.2
>>> py3-cracklib*: Package size: 21.1 KB
>>> py3-cracklib*: Compressing data...
>>> py3-cracklib*: Create checksum...
>>> py3-cracklib*: Create py3-cracklib-2.10.3-r0.apk
>>> cracklib: Updating the main/x86_64 repository index...
>>> cracklib: Signing the index...
>>> cracklib: Cleaning up srcdir
>>> cracklib: Cleaning up build chroot
>>> cracklib: Cleaning up pkgdir
