pigz: not found
>>> utmps: Building main/utmps 0.1.3.0-r0 (using abuild 3.14.1-r4) started Fri, 16 May 2025 14:40:46 +0000
>>> utmps: Validating /home/packager/aports/main/utmps/APKBUILD...
>>> utmps: Analyzing dependencies...
>>> utmps: Installing for build: build-base s6-ipcserver>=2.13.2 skalibs-dev>=2.14.4
(1/4) Installing skalibs-libs (2.14.4.0-r0)
(2/4) Installing s6-ipcserver (2.13.2.0-r0)
(3/4) Installing skalibs-dev (2.14.4.0-r0)
(4/4) Installing .makedepends-utmps (20250516.144047)
Executing busybox-1.37.0-r12.trigger
OK: 260 MiB in 78 packages
>>> utmps: Cleaning up srcdir
>>> utmps: Cleaning up pkgdir
>>> utmps: Cleaning up tmpdir
>>> utmps: Fetching https://skarnet.org/software/utmps/utmps-0.1.3.0.tar.gz
Connecting to skarnet.org (95.142.172.232:443)
saving to '/var/cache/distfiles/utmps-0.1.3.0.tar.gz.part'
utmps-0.1.3.0.tar.gz 100% |********************************| 34647  0:00:00 ETA
'/var/cache/distfiles/utmps-0.1.3.0.tar.gz.part' saved
>>> utmps: Fetching https://skarnet.org/software/utmps/utmps-0.1.3.0.tar.gz
>>> utmps: Checking sha512sums...
utmps-0.1.3.0.tar.gz: OK
utmp-prepare.initd: OK
utmpd.initd: OK
wtmpd.initd: OK
btmpd.initd: OK
utmp-init.initd: OK
setup-utmp: OK
wtmpd.logrotate: OK
btmpd.logrotate: OK
>>> utmps: Unpacking /var/cache/distfiles/utmps-0.1.3.0.tar.gz...
Checking for C compiler...
  ... gcc
Checking whether C compiler works... 
  ... yes
Checking target system type...
  ... x86_64-alpine-linux-musl
Checking whether compiler accepts -fPIC ...
  ... yes
Checking whether compiler accepts -std=c99 ...
  ... yes
Checking whether compiler accepts -fomit-frame-pointer ...
  ... yes
Checking whether compiler accepts -fno-exceptions ...
  ... yes
Checking whether compiler accepts -fno-unwind-tables ...
  ... yes
Checking whether compiler accepts -fno-asynchronous-unwind-tables ...
  ... yes
Checking whether compiler accepts -Werror=implicit-function-declaration ...
  ... yes
Checking whether compiler accepts -Werror=implicit-int ...
  ... yes
Checking whether compiler accepts -Werror=pointer-sign ...
  ... yes
Checking whether compiler accepts -Werror=pointer-arith ...
  ... yes
Checking whether compiler accepts -ffunction-sections ...
  ... yes
Checking whether compiler accepts -fdata-sections ...
  ... yes
Checking whether linker accepts -Wl,--sort-section=alignment ...
  ... yes
Checking whether linker accepts -Wl,--sort-common ...
  ... yes
Checking whether linker accepts -Wl,--hash-style=both ...
  ... yes
Creating config.mak...
  ... done.
Creating src/include/utmps/config.h...
  ... done.
exec gcc -D_POSIX_C_SOURCE=200809L -D_XOPEN_SOURCE=700 -iquote src/include-local -Isrc/include -fPIC -Werror=implicit-function-declaration -Werror=implicit-int -Werror=pointer-sign -Werror=pointer-arith  -pipe -Wall -std=c99 -fno-exceptions -fno-unwind-tables -fno-asynchronous-unwind-tables -ffunction-sections -fdata-sections -O2 -fomit-frame-pointer -Os -fstack-clash-protection -Wformat -Werror=format-security -fno-plt  -c -o src/utmps/endutxent.lo src/utmps/endutxent.c
exec gcc -D_POSIX_C_SOURCE=200809L -D_XOPEN_SOURCE=700 -iquote src/include-local -Isrc/include -fPIC -Werror=implicit-function-declaration -Werror=implicit-int -Werror=pointer-sign -Werror=pointer-arith  -pipe -Wall -std=c99 -fno-exceptions -fno-unwind-tables -fno-asynchronous-unwind-tables -ffunction-sections -fdata-sections -O2 -fomit-frame-pointer -Os -fstack-clash-protection -Wformat -Werror=format-security -fno-plt  -c -o src/utmps/getutxent.lo src/utmps/getutxent.c
exec gcc -D_POSIX_C_SOURCE=200809L -D_XOPEN_SOURCE=700 -iquote src/include-local -Isrc/include -fPIC -Werror=implicit-function-declaration -Werror=implicit-int -Werror=pointer-sign -Werror=pointer-arith  -pipe -Wall -std=c99 -fno-exceptions -fno-unwind-tables -fno-asynchronous-unwind-tables -ffunction-sections -fdata-sections -O2 -fomit-frame-pointer -Os -fstack-clash-protection -Wformat -Werror=format-security -fno-plt  -c -o src/utmps/getutxent_r.lo src/utmps/getutxent_r.c
exec gcc -D_POSIX_C_SOURCE=200809L -D_XOPEN_SOURCE=700 -iquote src/include-local -Isrc/include -fPIC -Werror=implicit-function-declaration -Werror=implicit-int -Werror=pointer-sign -Werror=pointer-arith  -pipe -Wall -std=c99 -fno-exceptions -fno-unwind-tables -fno-asynchronous-unwind-tables -ffunction-sections -fdata-sections -O2 -fomit-frame-pointer -Os -fstack-clash-protection -Wformat -Werror=format-security -fno-plt  -c -o src/utmps/getutxid.lo src/utmps/getutxid.c
exec gcc -D_POSIX_C_SOURCE=200809L -D_XOPEN_SOURCE=700 -iquote src/include-local -Isrc/include -fPIC -Werror=implicit-function-declaration -Werror=implicit-int -Werror=pointer-sign -Werror=pointer-arith  -pipe -Wall -std=c99 -fno-exceptions -fno-unwind-tables -fno-asynchronous-unwind-tables -ffunction-sections -fdata-sections -O2 -fomit-frame-pointer -Os -fstack-clash-protection -Wformat -Werror=format-security -fno-plt  -c -o src/utmps/getutxid_r.lo src/utmps/getutxid_r.c
exec gcc -D_POSIX_C_SOURCE=200809L -D_XOPEN_SOURCE=700 -iquote src/include-local -Isrc/include -fPIC -Werror=implicit-function-declaration -Werror=implicit-int -Werror=pointer-sign -Werror=pointer-arith  -pipe -Wall -std=c99 -fno-exceptions -fno-unwind-tables -fno-asynchronous-unwind-tables -ffunction-sections -fdata-sections -O2 -fomit-frame-pointer -Os -fstack-clash-protection -Wformat -Werror=format-security -fno-plt  -c -o src/utmps/getutxline.lo src/utmps/getutxline.c
exec gcc -D_POSIX_C_SOURCE=200809L -D_XOPEN_SOURCE=700 -iquote src/include-local -Isrc/include -fPIC -Werror=implicit-function-declaration -Werror=implicit-int -Werror=pointer-sign -Werror=pointer-arith  -pipe -Wall -std=c99 -fno-exceptions -fno-unwind-tables -fno-asynchronous-unwind-tables -ffunction-sections -fdata-sections -O2 -fomit-frame-pointer -Os -fstack-clash-protection -Wformat -Werror=format-security -fno-plt  -c -o src/utmps/getutxline_r.lo src/utmps/getutxline_r.c
exec gcc -D_POSIX_C_SOURCE=200809L -D_XOPEN_SOURCE=700 -iquote src/include-local -Isrc/include -fPIC -Werror=implicit-function-declaration -Werror=implicit-int -Werror=pointer-sign -Werror=pointer-arith  -pipe -Wall -std=c99 -fno-exceptions -fno-unwind-tables -fno-asynchronous-unwind-tables -ffunction-sections -fdata-sections -O2 -fomit-frame-pointer -Os -fstack-clash-protection -Wformat -Werror=format-security -fno-plt  -c -o src/utmps/logwtmp.lo src/utmps/logwtmp.c
exec gcc -D_POSIX_C_SOURCE=200809L -D_XOPEN_SOURCE=700 -iquote src/include-local -Isrc/include -fPIC -Werror=implicit-function-declaration -Werror=implicit-int -Werror=pointer-sign -Werror=pointer-arith  -pipe -Wall -std=c99 -fno-exceptions -fno-unwind-tables -fno-asynchronous-unwind-tables -ffunction-sections -fdata-sections -O2 -fomit-frame-pointer -Os -fstack-clash-protection -Wformat -Werror=format-security -fno-plt  -c -o src/utmps/pututxline.lo src/utmps/pututxline.c
exec gcc -D_POSIX_C_SOURCE=200809L -D_XOPEN_SOURCE=700 -iquote src/include-local -Isrc/include -fPIC -Werror=implicit-function-declaration -Werror=implicit-int -Werror=pointer-sign -Werror=pointer-arith  -pipe -Wall -std=c99 -fno-exceptions -fno-unwind-tables -fno-asynchronous-unwind-tables -ffunction-sections -fdata-sections -O2 -fomit-frame-pointer -Os -fstack-clash-protection -Wformat -Werror=format-security -fno-plt  -c -o src/utmps/setutxent.lo src/utmps/setutxent.c
exec gcc -D_POSIX_C_SOURCE=200809L -D_XOPEN_SOURCE=700 -iquote src/include-local -Isrc/include -fPIC -Werror=implicit-function-declaration -Werror=implicit-int -Werror=pointer-sign -Werror=pointer-arith  -pipe -Wall -std=c99 -fno-exceptions -fno-unwind-tables -fno-asynchronous-unwind-tables -ffunction-sections -fdata-sections -O2 -fomit-frame-pointer -Os -fstack-clash-protection -Wformat -Werror=format-security -fno-plt  -c -o src/utmps/updwtmpx.lo src/utmps/updwtmpx.c
exec gcc -D_POSIX_C_SOURCE=200809L -D_XOPEN_SOURCE=700 -iquote src/include-local -Isrc/include -fPIC -Werror=implicit-function-declaration -Werror=implicit-int -Werror=pointer-sign -Werror=pointer-arith  -pipe -Wall -std=c99 -fno-exceptions -fno-unwind-tables -fno-asynchronous-unwind-tables -ffunction-sections -fdata-sections -O2 -fomit-frame-pointer -Os -fstack-clash-protection -Wformat -Werror=format-security -fno-plt  -c -o src/utmps/utmpxname.lo src/utmps/utmpxname.c
exec gcc -D_POSIX_C_SOURCE=200809L -D_XOPEN_SOURCE=700 -iquote src/include-local -Isrc/include -fPIC -Werror=implicit-function-declaration -Werror=implicit-int -Werror=pointer-sign -Werror=pointer-arith  -pipe -Wall -std=c99 -fno-exceptions -fno-unwind-tables -fno-asynchronous-unwind-tables -ffunction-sections -fdata-sections -O2 -fomit-frame-pointer -Os -fstack-clash-protection -Wformat -Werror=format-security -fno-plt  -c -o src/utmps/utmps_end.lo src/utmps/utmps_end.c
exec gcc -D_POSIX_C_SOURCE=200809L -D_XOPEN_SOURCE=700 -iquote src/include-local -Isrc/include -fPIC -Werror=implicit-function-declaration -Werror=implicit-int -Werror=pointer-sign -Werror=pointer-arith  -pipe -Wall -std=c99 -fno-exceptions -fno-unwind-tables -fno-asynchronous-unwind-tables -ffunction-sections -fdata-sections -O2 -fomit-frame-pointer -Os -fstack-clash-protection -Wformat -Werror=format-security -fno-plt  -c -o src/utmps/utmps_getent.lo src/utmps/utmps_getent.c
exec gcc -D_POSIX_C_SOURCE=200809L -D_XOPEN_SOURCE=700 -iquote src/include-local -Isrc/include -fPIC -Werror=implicit-function-declaration -Werror=implicit-int -Werror=pointer-sign -Werror=pointer-arith  -pipe -Wall -std=c99 -fno-exceptions -fno-unwind-tables -fno-asynchronous-unwind-tables -ffunction-sections -fdata-sections -O2 -fomit-frame-pointer -Os -fstack-clash-protection -Wformat -Werror=format-security -fno-plt  -c -o src/utmps/utmps_getid.lo src/utmps/utmps_getid.c
exec gcc -D_POSIX_C_SOURCE=200809L -D_XOPEN_SOURCE=700 -iquote src/include-local -Isrc/include -fPIC -Werror=implicit-function-declaration -Werror=implicit-int -Werror=pointer-sign -Werror=pointer-arith  -pipe -Wall -std=c99 -fno-exceptions -fno-unwind-tables -fno-asynchronous-unwind-tables -ffunction-sections -fdata-sections -O2 -fomit-frame-pointer -Os -fstack-clash-protection -Wformat -Werror=format-security -fno-plt  -c -o src/utmps/utmps_getline.lo src/utmps/utmps_getline.c
exec gcc -D_POSIX_C_SOURCE=200809L -D_XOPEN_SOURCE=700 -iquote src/include-local -Isrc/include -fPIC -Werror=implicit-function-declaration -Werror=implicit-int -Werror=pointer-sign -Werror=pointer-arith  -pipe -Wall -std=c99 -fno-exceptions -fno-unwind-tables -fno-asynchronous-unwind-tables -ffunction-sections -fdata-sections -O2 -fomit-frame-pointer -Os -fstack-clash-protection -Wformat -Werror=format-security -fno-plt  -c -o src/utmps/utmps_here.lo src/utmps/utmps_here.c
exec gcc -D_POSIX_C_SOURCE=200809L -D_XOPEN_SOURCE=700 -iquote src/include-local -Isrc/include -fPIC -Werror=implicit-function-declaration -Werror=implicit-int -Werror=pointer-sign -Werror=pointer-arith  -pipe -Wall -std=c99 -fno-exceptions -fno-unwind-tables -fno-asynchronous-unwind-tables -ffunction-sections -fdata-sections -O2 -fomit-frame-pointer -Os -fstack-clash-protection -Wformat -Werror=format-security -fno-plt  -c -o src/utmps/utmps_here_maybe_init.lo src/utmps/utmps_here_maybe_init.c
exec gcc -D_POSIX_C_SOURCE=200809L -D_XOPEN_SOURCE=700 -iquote src/include-local -Isrc/include -fPIC -Werror=implicit-function-declaration -Werror=implicit-int -Werror=pointer-sign -Werror=pointer-arith  -pipe -Wall -std=c99 -fno-exceptions -fno-unwind-tables -fno-asynchronous-unwind-tables -ffunction-sections -fdata-sections -O2 -fomit-frame-pointer -Os -fstack-clash-protection -Wformat -Werror=format-security -fno-plt  -c -o src/utmps/utmps_putline.lo src/utmps/utmps_putline.c
exec gcc -D_POSIX_C_SOURCE=200809L -D_XOPEN_SOURCE=700 -iquote src/include-local -Isrc/include -fPIC -Werror=implicit-function-declaration -Werror=implicit-int -Werror=pointer-sign -Werror=pointer-arith  -pipe -Wall -std=c99 -fno-exceptions -fno-unwind-tables -fno-asynchronous-unwind-tables -ffunction-sections -fdata-sections -O2 -fomit-frame-pointer -Os -fstack-clash-protection -Wformat -Werror=format-security -fno-plt  -c -o src/utmps/utmps_rewind.lo src/utmps/utmps_rewind.c
exec gcc -D_POSIX_C_SOURCE=200809L -D_XOPEN_SOURCE=700 -iquote src/include-local -Isrc/include -fPIC -Werror=implicit-function-declaration -Werror=implicit-int -Werror=pointer-sign -Werror=pointer-arith  -pipe -Wall -std=c99 -fno-exceptions -fno-unwind-tables -fno-asynchronous-unwind-tables -ffunction-sections -fdata-sections -O2 -fomit-frame-pointer -Os -fstack-clash-protection -Wformat -Werror=format-security -fno-plt  -c -o src/utmps/utmps_start.lo src/utmps/utmps_start.c
exec gcc -D_POSIX_C_SOURCE=200809L -D_XOPEN_SOURCE=700 -iquote src/include-local -Isrc/include -fPIC -Werror=implicit-function-declaration -Werror=implicit-int -Werror=pointer-sign -Werror=pointer-arith  -pipe -Wall -std=c99 -fno-exceptions -fno-unwind-tables -fno-asynchronous-unwind-tables -ffunction-sections -fdata-sections -O2 -fomit-frame-pointer -Os -fstack-clash-protection -Wformat -Werror=format-security -fno-plt  -c -o src/utmps/utmps_updwtmpx.lo src/utmps/utmps_updwtmpx.c
exec gcc -D_POSIX_C_SOURCE=200809L -D_XOPEN_SOURCE=700 -iquote src/include-local -Isrc/include -fPIC -Werror=implicit-function-declaration -Werror=implicit-int -Werror=pointer-sign -Werror=pointer-arith  -pipe -Wall -std=c99 -fno-exceptions -fno-unwind-tables -fno-asynchronous-unwind-tables -ffunction-sections -fdata-sections -O2 -fomit-frame-pointer -Os -fstack-clash-protection -Wformat -Werror=format-security -fno-plt  -c -o src/utmps/utmps_utmpx_pack.lo src/utmps/utmps_utmpx_pack.c
exec gcc -D_POSIX_C_SOURCE=200809L -D_XOPEN_SOURCE=700 -iquote src/include-local -Isrc/include -fPIC -Werror=implicit-function-declaration -Werror=implicit-int -Werror=pointer-sign -Werror=pointer-arith  -pipe -Wall -std=c99 -fno-exceptions -fno-unwind-tables -fno-asynchronous-unwind-tables -ffunction-sections -fdata-sections -O2 -fomit-frame-pointer -Os -fstack-clash-protection -Wformat -Werror=format-security -fno-plt  -c -o src/utmps/utmps_utmpx_unpack.lo src/utmps/utmps_utmpx_unpack.c
exec gcc -D_POSIX_C_SOURCE=200809L -D_XOPEN_SOURCE=700 -iquote src/include-local -Isrc/include -fPIC -Werror=implicit-function-declaration -Werror=implicit-int -Werror=pointer-sign -Werror=pointer-arith  -pipe -Wall -std=c99 -fno-exceptions -fno-unwind-tables -fno-asynchronous-unwind-tables -ffunction-sections -fdata-sections -O2 -fomit-frame-pointer -Os -fstack-clash-protection -Wformat -Werror=format-security -fno-plt -c -o src/utmps/utmps-utmpd.o src/utmps/utmps-utmpd.c
exec gcc -D_POSIX_C_SOURCE=200809L -D_XOPEN_SOURCE=700 -iquote src/include-local -Isrc/include -fPIC -Werror=implicit-function-declaration -Werror=implicit-int -Werror=pointer-sign -Werror=pointer-arith  -pipe -Wall -std=c99 -fno-exceptions -fno-unwind-tables -fno-asynchronous-unwind-tables -ffunction-sections -fdata-sections -O2 -fomit-frame-pointer -Os -fstack-clash-protection -Wformat -Werror=format-security -fno-plt -c -o src/utmps/utmps-wtmpd.o src/utmps/utmps-wtmpd.c
exec gcc -D_POSIX_C_SOURCE=200809L -D_XOPEN_SOURCE=700 -iquote src/include-local -Isrc/include -fPIC -Werror=implicit-function-declaration -Werror=implicit-int -Werror=pointer-sign -Werror=pointer-arith  -pipe -Wall -std=c99 -fno-exceptions -fno-unwind-tables -fno-asynchronous-unwind-tables -ffunction-sections -fdata-sections -O2 -fomit-frame-pointer -Os -fstack-clash-protection -Wformat -Werror=format-security -fno-plt -c -o src/utmps/utmps-write.o src/utmps/utmps-write.c
exec env library="utmps" includedir="/usr/include" dynlibdir="/usr/lib" libdir="/usr/lib" extra_includedirs="" extra_libdirs="" extra_libs="-lskarnet" description="The utmps library, a secure utmp implementation" url="" ldlibs="" ./tools/gen-dotpc.sh > libutmps.pc.tmp
exec mv -f libutmps.pc.tmp libutmps.pc
exec gcc -o libutmps.so.xyzzy -pipe -Wall -std=c99 -fno-exceptions -fno-unwind-tables -fno-asynchronous-unwind-tables -ffunction-sections -fdata-sections -O2 -fomit-frame-pointer -Os -fstack-clash-protection -Wformat -Werror=format-security -fno-plt  -Wl,--sort-section=alignment -Wl,--sort-common -Wl,--hash-style=both -Wl,--as-needed,-O1,--sort-common -Wl,-z,pack-relative-relocs -shared -Wl,-soname,libutmps.so.0.1 -Wl,-rpath=/usr/lib src/utmps/endutxent.lo src/utmps/getutxent.lo src/utmps/getutxent_r.lo src/utmps/getutxid.lo src/utmps/getutxid_r.lo src/utmps/getutxline.lo src/utmps/getutxline_r.lo src/utmps/logwtmp.lo src/utmps/pututxline.lo src/utmps/setutxent.lo src/utmps/updwtmpx.lo src/utmps/utmpxname.lo src/utmps/utmps_end.lo src/utmps/utmps_getent.lo src/utmps/utmps_getid.lo src/utmps/utmps_getline.lo src/utmps/utmps_here.lo src/utmps/utmps_here_maybe_init.lo src/utmps/utmps_putline.lo src/utmps/utmps_rewind.lo src/utmps/utmps_start.lo src/utmps/utmps_updwtmpx.lo src/utmps/utmps_utmpx_pack.lo src/utmps/utmps_utmpx_unpack.lo -lskarnet 
exec ar rc libutmps.a.xyzzy src/utmps/endutxent.lo src/utmps/getutxent.lo src/utmps/getutxent_r.lo src/utmps/getutxid.lo src/utmps/getutxid_r.lo src/utmps/getutxline.lo src/utmps/getutxline_r.lo src/utmps/logwtmp.lo src/utmps/pututxline.lo src/utmps/setutxent.lo src/utmps/updwtmpx.lo src/utmps/utmpxname.lo src/utmps/utmps_end.lo src/utmps/utmps_getent.lo src/utmps/utmps_getid.lo src/utmps/utmps_getline.lo src/utmps/utmps_here.lo src/utmps/utmps_here_maybe_init.lo src/utmps/utmps_putline.lo src/utmps/utmps_rewind.lo src/utmps/utmps_start.lo src/utmps/utmps_updwtmpx.lo src/utmps/utmps_utmpx_pack.lo src/utmps/utmps_utmpx_unpack.lo
exec ranlib libutmps.a.xyzzy
exec gcc -o utmps-wtmpd -pipe -Wall -std=c99 -fno-exceptions -fno-unwind-tables -fno-asynchronous-unwind-tables -ffunction-sections -fdata-sections -O2 -fomit-frame-pointer -Os -fstack-clash-protection -Wformat -Werror=format-security -fno-plt -Wl,--sort-section=alignment -Wl,--sort-common -Wl,--hash-style=both -Wl,--as-needed,-O1,--sort-common -Wl,-z,pack-relative-relocs  src/utmps/utmps-wtmpd.o libutmps.a.xyzzy /usr/lib/libskarnet.so  
exec gcc -o utmps-write -pipe -Wall -std=c99 -fno-exceptions -fno-unwind-tables -fno-asynchronous-unwind-tables -ffunction-sections -fdata-sections -O2 -fomit-frame-pointer -Os -fstack-clash-protection -Wformat -Werror=format-security -fno-plt -Wl,--sort-section=alignment -Wl,--sort-common -Wl,--hash-style=both -Wl,--as-needed,-O1,--sort-common -Wl,-z,pack-relative-relocs  src/utmps/utmps-write.o libutmps.a.xyzzy /usr/lib/libskarnet.so   
exec gcc -o utmps-utmpd -pipe -Wall -std=c99 -fno-exceptions -fno-unwind-tables -fno-asynchronous-unwind-tables -ffunction-sections -fdata-sections -O2 -fomit-frame-pointer -Os -fstack-clash-protection -Wformat -Werror=format-security -fno-plt -Wl,--sort-section=alignment -Wl,--sort-common -Wl,--hash-style=both -Wl,--as-needed,-O1,--sort-common -Wl,-z,pack-relative-relocs  src/utmps/utmps-utmpd.o libutmps.a.xyzzy /usr/lib/libskarnet.so  
>>> utmps: Entering fakeroot...
./tools/install.sh -D -m 755 libutmps.so.xyzzy /home/packager/aports/main/utmps/pkg/utmps/usr/lib/libutmps.so.0.1.3.0 && \
./tools/install.sh -l libutmps.so.0.1.3.0 /home/packager/aports/main/utmps/pkg/utmps/usr/lib/libutmps.so.0.1 && \
exec ./tools/install.sh -l libutmps.so.0.1 /home/packager/aports/main/utmps/pkg/utmps/usr/lib/libutmps.so
exec ./tools/install.sh -D -m 600 utmps-utmpd /home/packager/aports/main/utmps/pkg/utmps/usr/bin/utmps-utmpd
exec ./tools/install.sh -D -m 600 utmps-wtmpd /home/packager/aports/main/utmps/pkg/utmps/usr/bin/utmps-wtmpd
exec ./tools/install.sh -D -m 600 utmps-write /home/packager/aports/main/utmps/pkg/utmps/usr/bin/utmps-write
exec ./tools/install.sh -D -m 644 libutmps.a.xyzzy /home/packager/aports/main/utmps/pkg/utmps/usr/lib/libutmps.a
exec ./tools/install.sh -D -m 644 src/include/utmps/config.h /home/packager/aports/main/utmps/pkg/utmps/usr/include/utmps/config.h
exec ./tools/install.sh -D -m 644 src/include/utmps/utmp.h /home/packager/aports/main/utmps/pkg/utmps/usr/include/utmps/utmp.h
exec ./tools/install.sh -D -m 644 src/include/utmps/utmps.h /home/packager/aports/main/utmps/pkg/utmps/usr/include/utmps/utmps.h
grep -- ^utmps-utmpd < package/modes | { read name mode owner && if [ x$owner != x ] ; then chown -- $owner /home/packager/aports/main/utmps/pkg/utmps/usr/bin/utmps-utmpd ; fi && chmod $mode /home/packager/aports/main/utmps/pkg/utmps/usr/bin/utmps-utmpd ; }
grep -- ^utmps-write < package/modes | { read name mode owner && if [ x$owner != x ] ; then chown -- $owner /home/packager/aports/main/utmps/pkg/utmps/usr/bin/utmps-write ; fi && chmod $mode /home/packager/aports/main/utmps/pkg/utmps/usr/bin/utmps-write ; }
grep -- ^utmps-wtmpd < package/modes | { read name mode owner && if [ x$owner != x ] ; then chown -- $owner /home/packager/aports/main/utmps/pkg/utmps/usr/bin/utmps-wtmpd ; fi && chmod $mode /home/packager/aports/main/utmps/pkg/utmps/usr/bin/utmps-wtmpd ; }
exec ./tools/install.sh -D -m 644 src/include/utmps/utmpx.h /home/packager/aports/main/utmps/pkg/utmps/usr/include/utmps/utmpx.h
exec ./tools/install.sh -D -m 644 libutmps.pc /home/packager/aports/main/utmps/pkg/utmps/usr/lib/pkgconfig/libutmps.pc
>>> utmps-static*: Running split function static...
'./usr/lib/libutmps.a' -> '/home/packager/aports/main/utmps/pkg/utmps-static/./usr/lib/libutmps.a'
>>> utmps-static*: Preparing subpackage utmps-static...
>>> utmps-static*: Stripping binaries
>>> utmps-static*: Running postcheck for utmps-static
>>> utmps-libs*: Running split function libs...
'usr/lib/libutmps.so.0.1' -> '/home/packager/aports/main/utmps/pkg/utmps-libs/usr/lib/libutmps.so.0.1'
'usr/lib/libutmps.so.0.1.3.0' -> '/home/packager/aports/main/utmps/pkg/utmps-libs/usr/lib/libutmps.so.0.1.3.0'
>>> utmps-libs*: Preparing subpackage utmps-libs...
>>> utmps-libs*: Stripping binaries
>>> WARNING: utmps-libs*: Redundant /usr/lib in rpath found
>>> utmps-libs*: Running postcheck for utmps-libs
>>> utmps-dev*: Running split function dev...
'usr/include' -> '/home/packager/aports/main/utmps/pkg/utmps-dev/usr/include'
'usr/lib/pkgconfig' -> '/home/packager/aports/main/utmps/pkg/utmps-dev/usr/lib/pkgconfig'
'usr/lib/libutmps.so' -> '/home/packager/aports/main/utmps/pkg/utmps-dev/usr/lib/libutmps.so'
>>> utmps-dev*: Preparing subpackage utmps-dev...
>>> utmps-dev*: Stripping binaries
>>> utmps-dev*: Running postcheck for utmps-dev
>>> utmps-doc*: Running split function doc...
'usr/share/doc' -> '/home/packager/aports/main/utmps/pkg/utmps-doc/usr/share/doc'
>>> utmps-doc*: Preparing subpackage utmps-doc...
>>> utmps-doc*: Running postcheck for utmps-doc
>>> utmps-openrc*: Running split function openrc...
'etc/init.d' -> '/home/packager/aports/main/utmps/pkg/utmps-openrc/etc/init.d'
>>> utmps-openrc*: Preparing subpackage utmps-openrc...
>>> utmps-openrc*: Running postcheck for utmps-openrc
>>> utmps*: Running postcheck for utmps
>>> utmps*: Preparing package utmps...
>>> utmps*: Stripping binaries
>>> utmps*: Script found. /bin/sh added as a dependency for utmps-0.1.3.0-r0.apk
>>> utmps*: Adding .pre-install
>>> utmps-dev*: Scanning shared objects
>>> utmps-doc*: Scanning shared objects
>>> utmps-libs*: Scanning shared objects
>>> utmps-openrc*: Scanning shared objects
>>> utmps-static*: Scanning shared objects
>>> utmps*: Scanning shared objects
>>> utmps-dev*: Tracing dependencies...
	pc:libskarnet>=2.14.4.0
	pkgconfig
	utmps-libs=0.1.3.0-r0
>>> utmps-dev*: Package size: 5.2 KB
>>> utmps-dev*: Compressing data...
>>> utmps-dev*: Create checksum...
pigz: not found
>>> utmps-dev*: Create utmps-dev-0.1.3.0-r0.apk
>>> utmps-doc*: Tracing dependencies...
>>> utmps-doc*: Package size: 32.2 KB
>>> utmps-doc*: Compressing data...
>>> utmps-doc*: Create checksum...
pigz: not found
>>> utmps-doc*: Create utmps-doc-0.1.3.0-r0.apk
>>> utmps-libs*: Tracing dependencies...
	so:libc.musl-x86_64.so.1
	so:libskarnet.so.2.14
>>> utmps-libs*: Package size: 17.6 KB
>>> utmps-libs*: Compressing data...
>>> utmps-libs*: Create checksum...
pigz: not found
>>> utmps-libs*: Create utmps-libs-0.1.3.0-r0.apk
>>> utmps-openrc*: Tracing dependencies...
>>> utmps-openrc*: Package size: 2.8 KB
>>> utmps-openrc*: Compressing data...
>>> utmps-openrc*: Create checksum...
pigz: not found
>>> utmps-openrc*: Create utmps-openrc-0.1.3.0-r0.apk
>>> utmps-static*: Tracing dependencies...
	skalibs-static
>>> utmps-static*: Package size: 37.8 KB
>>> utmps-static*: Compressing data...
>>> utmps-static*: Create checksum...
pigz: not found
>>> utmps-static*: Create utmps-static-0.1.3.0-r0.apk
>>> utmps*: Tracing dependencies...
	s6-ipcserver>=2.13.2
	/bin/sh
	so:libc.musl-x86_64.so.1
	so:libskarnet.so.2.14
>>> utmps*: Package size: 43.4 KB
>>> utmps*: Compressing data...
>>> utmps*: Create checksum...
pigz: not found
>>> utmps*: Create utmps-0.1.3.0-r0.apk
>>> utmps: Build complete at Fri, 16 May 2025 14:40:51 +0000 elapsed time 0h 0m 5s
>>> utmps: Cleaning up srcdir
>>> utmps: Cleaning up pkgdir
>>> utmps: Uninstalling dependencies...
(1/4) Purging .makedepends-utmps (20250516.144047)
(2/4) Purging s6-ipcserver (2.13.2.0-r0)
(3/4) Purging skalibs-dev (2.14.4.0-r0)
(4/4) Purging skalibs-libs (2.14.4.0-r0)
Executing busybox-1.37.0-r12.trigger
OK: 259 MiB in 74 packages
>>> utmps: Updating the main/x86_64 repository index...
>>> utmps: Signing the index...
pigz: not found
