>>> acf-provisioning: Validating /home/packager/oily-pine/main/acf-provisioning/APKBUILD...
>>> acf-provisioning: Cleaning up srcdir
>>> acf-provisioning: Cleaning up pkgdir
>>> acf-provisioning: Cleaning up tmpdir
>>> acf-provisioning: Fetching https://gitlab.alpinelinux.org/acf/acf-provisioning/-/archive/v0.10.1/acf-provisioning-v0.10.1.tar.gz
  % Total    % Received % Xferd  Average Speed   Time    Time     Time  Current
                                 Dload  Upload   Total   Spent    Left  Speed
  0     0    0     0    0     0      0      0 --:--:-- --:--:-- --:--:--     0  0     0    0     0    0     0      0      0 --:--:-- --:--:-- --:--:--     0100 66132    0 66132    0     0   268k      0 --:--:-- --:--:-- --:--:--  267k
>>> acf-provisioning: Fetching https://gitlab.alpinelinux.org/acf/acf-provisioning/-/archive/v0.10.1/acf-provisioning-v0.10.1.tar.gz
>>> acf-provisioning: Checking sha512sums...
acf-provisioning-v0.10.1.tar.gz: OK
>>> acf-provisioning: Preparing build chroot...
fetch http://dl-cdn.alpinelinux.org/alpine/edge/main/x86_64/APKINDEX.tar.gz
(1/95) Installing musl (1.2.5-r10)
(2/95) Installing libcrypto3 (3.5.0-r0)
(3/95) Installing ca-certificates-bundle (20241121-r2)
(4/95) Installing libssl3 (3.5.0-r0)
(5/95) Installing zlib (1.3.1-r2)
(6/95) Installing libapk2 (2.14.9-r2)
(7/95) Installing apk-tools (2.14.9-r2)
(8/95) Installing libcap2 (2.76-r0)
(9/95) Installing libcap-getcap (2.76-r0)
(10/95) Installing fakeroot (1.37.1.1-r0)
(11/95) Installing scanelf (1.3.8-r1)
(12/95) Installing musl-utils (1.2.5-r10)
(13/95) Installing libgcc (14.3.0-r1)
(14/95) Installing libstdc++ (14.3.0-r1)
(15/95) Installing lzip (1.25-r0)
(16/95) Installing openssl (3.5.0-r0)
(17/95) Installing patch (2.8-r0)
(18/95) Installing pkgconf (2.4.3-r0)
(19/95) Installing acl-libs (2.3.2-r1)
(20/95) Installing tar (1.35-r3)
(21/95) Installing busybox (1.37.0-r18)
Executing busybox-1.37.0-r18.post-install
(22/95) Installing ssl_client (1.37.0-r18)
(23/95) Installing busybox-binsh (1.37.0-r18)
(24/95) Installing abuild (3.15.0-r0)
Executing abuild-3.15.0-r0.pre-install
(25/95) Installing abuild-sudo (3.15.0-r0)
(26/95) Installing acf-jquery (0.4.3-r2)
(27/95) Installing lua-subprocess (0_git20230625-r1)
(28/95) Installing acf-lib (0.11.1-r0)
(29/95) Installing acf-skins (0.6.0-r3)
(30/95) Installing lua5.4-libs (5.4.7-r0)
(31/95) Installing haserl-lua5.4 (0.9.36-r4)
(32/95) Installing ncurses-terminfo-base (6.5_p20250503-r0)
(33/95) Installing libncursesw (6.5_p20250503-r0)
(34/95) Installing readline (8.2.13-r1)
(35/95) Installing lua5.4 (5.4.7-r0)
(36/95) Installing acf-lib-lua5.4 (0.11.1-r0)
(37/95) Installing lua5.4-subprocess (0_git20230625-r1)
(38/95) Installing lua5.4-bit32 (5.3.0-r6)
(39/95) Installing lua5.4-posix (36.3-r0)
(40/95) Installing lua5.4-md5 (1.3-r2)
(41/95) Installing lua-json4 (1.0.1-r0)
(42/95) Installing acf-core (0.24.1-r0)
(43/95) Installing alpine-baselayout-data (3.7.0-r0)
(44/95) Installing alpine-baselayout (3.7.0-r0)
Executing alpine-baselayout-3.7.0-r0.pre-install
Executing alpine-baselayout-3.7.0-r0.post-install
(45/95) Installing bridge (1.5-r5)
(46/95) Installing ifupdown-ng (0.12.1-r7)
(47/95) Installing openrc-user (0.62.2-r2)
(48/95) Installing openrc (0.62.2-r2)
Executing openrc-0.62.2-r2.post-install
(49/95) Installing mdev-conf (4.8-r0)
(50/95) Installing busybox-mdev-openrc (1.37.0-r18)
(51/95) Installing alpine-conf (3.20.0-r0)
(52/95) Installing alpine-keys (2.5-r0)
(53/95) Installing alpine-release (3.22.0-r0)
(54/95) Installing busybox-openrc (1.37.0-r18)
(55/95) Installing busybox-suid (1.37.0-r18)
(56/95) Installing alpine-base (3.22.0-r0)
(57/95) Installing jansson (2.14.1-r0)
(58/95) Installing zstd-libs (1.5.7-r0)
(59/95) Installing binutils (2.44-r0)
(60/95) Installing libmagic (5.46-r2)
(61/95) Installing file (5.46-r2)
(62/95) Installing libgomp (14.3.0-r1)
(63/95) Installing libatomic (14.3.0-r1)
(64/95) Installing gmp (6.3.0-r3)
(65/95) Installing isl26 (0.26-r1)
(66/95) Installing mpfr4 (4.2.1_p1-r0)
(67/95) Installing mpc1 (1.3.1-r1)
(68/95) Installing gcc (14.3.0-r1)
(69/95) Installing libstdc++-dev (14.3.0-r1)
(70/95) Installing musl-dev (1.2.5-r10)
(71/95) Installing g++ (14.3.0-r1)
(72/95) Installing make (4.4.1-r3)
(73/95) Installing fortify-headers (1.1-r5)
(74/95) Installing build-base (0.5-r3)
(75/95) Installing brotli-libs (1.1.0-r2)
(76/95) Installing c-ares (1.34.5-r0)
(77/95) Installing libunistring (1.3-r0)
(78/95) Installing libidn2 (2.3.7-r0)
(79/95) Installing nghttp2-libs (1.65.0-r0)
(80/95) Installing libpsl (0.21.5-r3)
(81/95) Installing libcurl (8.14.0-r2)
(82/95) Installing libexpat (2.7.1-r0)
(83/95) Installing pcre2 (10.43-r1)
(84/95) Installing git (2.49.0-r0)
(85/95) Installing git-init-template (2.49.0-r0)
(86/95) Installing lua-luaxml (2.0.0-r1)
(87/95) Installing lua5.4-luaxml (2.0.0-r1)
(88/95) Installing lua-posixtz (0.5-r4)
(89/95) Installing lua5.4-posixtz (0.5-r4)
(90/95) Installing lua-sql-postgres (2.6.0-r5)
(91/95) Installing libpq (17.5-r0)
(92/95) Installing lua5.4-sql-postgres (2.6.0-r5)
(93/95) Installing postgresql-common (1.2-r1)
Executing postgresql-common-1.2-r1.pre-install
(94/95) Installing lz4-libs (1.10.0-r0)
(95/95) Installing postgresql17-client (17.5-r0)
Executing busybox-1.37.0-r18.trigger
Executing postgresql-common-1.2-r1.trigger
* Setting postgresql17 as the default version
WARNING: opening /home/packager/packages//main: No such file or directory
OK: 267 MiB in 95 packages
>>> acf-provisioning: Fetching https://gitlab.alpinelinux.org/acf/acf-provisioning/-/archive/v0.10.1/acf-provisioning-v0.10.1.tar.gz
>>> acf-provisioning: Checking sha512sums...
acf-provisioning-v0.10.1.tar.gz: OK
>>> acf-provisioning: Unpacking /var/cache/distfiles/acf-provisioning-v0.10.1.tar.gz...
>>> acf-provisioning: Entering fakeroot...
mkdir -p "/tmp/pkg/acf-provisioning//usr/share/acf/app/provisioning"
cp -a provisioning* upgradeprovisioning  "/tmp/pkg/acf-provisioning//usr/share/acf/app/provisioning"
mkdir -p "/tmp/pkg/acf-provisioning/etc/provisioning"
cp -a config/* "/tmp/pkg/acf-provisioning/etc/provisioning"
mkdir -p "/tmp/pkg/acf-provisioning/var/www/provisioning/htdocs/cgi-bin"
cp -a cgi-bin/* "/tmp/pkg/acf-provisioning/var/www/provisioning/htdocs/cgi-bin"
mkdir -p "/tmp/pkg/acf-provisioning/etc/logrotate.d"
cp -a provisioning "/tmp/pkg/acf-provisioning/etc/logrotate.d"
chmod 700 /tmp/pkg/acf-provisioning//usr/share/acf/app/provisioning/upgradeprovisioning
>>> acf-provisioning*: Running postcheck for acf-provisioning
>>> acf-provisioning*: Preparing package acf-provisioning...
>>> acf-provisioning*: Tracing dependencies...
	acf-core
	lua-sql-postgres
	postgresql-client
	lua-posixtz
	lua-luaxml
>>> acf-provisioning*: Package size: 610.2 KB
>>> acf-provisioning*: Compressing data...
>>> acf-provisioning*: Create checksum...
>>> acf-provisioning*: Create acf-provisioning-0.10.1-r3.apk
>>> acf-provisioning: Updating the main/x86_64 repository index...
>>> acf-provisioning: Signing the index...
>>> acf-provisioning: Cleaning up srcdir
>>> acf-provisioning: Cleaning up build chroot
>>> acf-provisioning: Cleaning up pkgdir
