>>> iputils: Validating /home/packager/oily-pine/main/iputils/APKBUILD...
>>> iputils: Cleaning up srcdir
>>> iputils: Cleaning up pkgdir
>>> iputils: Cleaning up tmpdir
>>> iputils: Fetching iputils-20240905.tar.xz::https://github.com/iputils/iputils/releases/download/20240905/iputils-20240905.tar.xz
  % Total    % Received % Xferd  Average Speed   Time    Time     Time  Current
                                 Dload  Upload   Total   Spent    Left  Speed
  0     0    0     0    0     0      0      0 --:--:-- --:--:-- --:--:--     0  0     0    0     0    0     0      0      0 --:--:-- --:--:-- --:--:--     0
  0     0    0     0    0     0      0      0 --:--:-- --:--:-- --:--:--     0100  448k  100  448k    0     0   454k      0 --:--:-- --:--:-- --:--:--  734k
>>> iputils: Fetching iputils-20240905.tar.xz::https://github.com/iputils/iputils/releases/download/20240905/iputils-20240905.tar.xz
>>> iputils: Checking sha512sums...
iputils-20240905.tar.xz: OK
>>> iputils: Preparing build chroot...
fetch http://dl-cdn.alpinelinux.org/alpine/edge/main/x86_64/APKINDEX.tar.gz
(1/88) Installing musl (1.2.5-r10)
(2/88) Installing libcrypto3 (3.5.0-r0)
(3/88) Installing ca-certificates-bundle (20241121-r2)
(4/88) Installing libssl3 (3.5.0-r0)
(5/88) Installing zlib (1.3.1-r2)
(6/88) Installing libapk2 (2.14.9-r2)
(7/88) Installing apk-tools (2.14.9-r2)
(8/88) Installing libcap2 (2.76-r0)
(9/88) Installing libcap-getcap (2.76-r0)
(10/88) Installing fakeroot (1.37.1.1-r0)
(11/88) Installing scanelf (1.3.8-r1)
(12/88) Installing musl-utils (1.2.5-r10)
(13/88) Installing libgcc (14.3.0-r1)
(14/88) Installing libstdc++ (14.3.0-r1)
(15/88) Installing lzip (1.25-r0)
(16/88) Installing openssl (3.5.0-r0)
(17/88) Installing patch (2.8-r0)
(18/88) Installing pkgconf (2.4.3-r0)
(19/88) Installing acl-libs (2.3.2-r1)
(20/88) Installing tar (1.35-r3)
(21/88) Installing busybox (1.37.0-r18)
Executing busybox-1.37.0-r18.post-install
(22/88) Installing ssl_client (1.37.0-r18)
(23/88) Installing busybox-binsh (1.37.0-r18)
(24/88) Installing abuild (3.15.0-r0)
Executing abuild-3.15.0-r0.pre-install
(25/88) Installing abuild-sudo (3.15.0-r0)
(26/88) Installing alpine-baselayout-data (3.7.0-r0)
(27/88) Installing alpine-baselayout (3.7.0-r0)
Executing alpine-baselayout-3.7.0-r0.pre-install
Executing alpine-baselayout-3.7.0-r0.post-install
(28/88) Installing bridge (1.5-r5)
(29/88) Installing ifupdown-ng (0.12.1-r7)
(30/88) Installing openrc-user (0.62.2-r2)
(31/88) Installing openrc (0.62.2-r2)
Executing openrc-0.62.2-r2.post-install
(32/88) Installing mdev-conf (4.8-r0)
(33/88) Installing busybox-mdev-openrc (1.37.0-r18)
(34/88) Installing alpine-conf (3.20.0-r0)
(35/88) Installing alpine-keys (2.5-r0)
(36/88) Installing alpine-release (3.22.0-r0)
(37/88) Installing busybox-openrc (1.37.0-r18)
(38/88) Installing busybox-suid (1.37.0-r18)
(39/88) Installing alpine-base (3.22.0-r0)
(40/88) Installing jansson (2.14.1-r0)
(41/88) Installing zstd-libs (1.5.7-r0)
(42/88) Installing binutils (2.44-r0)
(43/88) Installing libmagic (5.46-r2)
(44/88) Installing file (5.46-r2)
(45/88) Installing libgomp (14.3.0-r1)
(46/88) Installing libatomic (14.3.0-r1)
(47/88) Installing gmp (6.3.0-r3)
(48/88) Installing isl26 (0.26-r1)
(49/88) Installing mpfr4 (4.2.1_p1-r0)
(50/88) Installing mpc1 (1.3.1-r1)
(51/88) Installing gcc (14.3.0-r1)
(52/88) Installing libstdc++-dev (14.3.0-r1)
(53/88) Installing musl-dev (1.2.5-r10)
(54/88) Installing g++ (14.3.0-r1)
(55/88) Installing make (4.4.1-r3)
(56/88) Installing fortify-headers (1.1-r5)
(57/88) Installing build-base (0.5-r3)
(58/88) Installing brotli-libs (1.1.0-r2)
(59/88) Installing c-ares (1.34.5-r0)
(60/88) Installing libunistring (1.3-r0)
(61/88) Installing libidn2 (2.3.7-r0)
(62/88) Installing nghttp2-libs (1.65.0-r0)
(63/88) Installing libpsl (0.21.5-r3)
(64/88) Installing libcurl (8.14.0-r2)
(65/88) Installing libexpat (2.7.1-r0)
(66/88) Installing pcre2 (10.43-r1)
(67/88) Installing git (2.49.0-r0)
(68/88) Installing git-init-template (2.49.0-r0)
(69/88) Installing linux-headers (6.14.2-r0)
(70/88) Installing libcap-dev (2.76-r0)
(71/88) Installing samurai (1.2-r7)
(72/88) Installing libbz2 (1.0.8-r6)
(73/88) Installing libffi (3.4.8-r0)
(74/88) Installing gdbm (1.24-r0)
(75/88) Installing xz-libs (5.8.1-r0)
(76/88) Installing mpdecimal (4.0.1-r0)
(77/88) Installing ncurses-terminfo-base (6.5_p20250503-r0)
(78/88) Installing libncursesw (6.5_p20250503-r0)
(79/88) Installing libpanelw (6.5_p20250503-r0)
(80/88) Installing readline (8.2.13-r1)
(81/88) Installing sqlite-libs (3.50.0-r0)
(82/88) Installing python3 (3.12.10-r1)
(83/88) Installing python3-pycache-pyc0 (3.12.10-r1)
(84/88) Installing pyc (3.12.10-r1)
(85/88) Installing meson-pyc (1.8.1-r0)
(86/88) Installing python3-pyc (3.12.10-r1)
(87/88) Installing meson (1.8.1-r0)
(88/88) Installing abuild-meson (1.8.1-r0)
Executing busybox-1.37.0-r18.trigger
OK: 310 MiB in 88 packages
>>> iputils: Fetching iputils-20240905.tar.xz::https://github.com/iputils/iputils/releases/download/20240905/iputils-20240905.tar.xz
>>> iputils: Checking sha512sums...
iputils-20240905.tar.xz: OK
>>> iputils: Unpacking /var/cache/distfiles/iputils-20240905.tar.xz...
The Meson build system
Version: 1.8.1
Source dir: /tmp/src/iputils-20240905
Build dir: /tmp/src/iputils-20240905/output
Build type: native build
Project name: iputils
Project version: 20240905
C compiler for the host machine: cc (gcc 14.3.0 "cc (Alpine 14.3.0) 14.3.0")
C linker for the host machine: cc ld.bfd 2.44
Host machine cpu family: x86_64
Host machine cpu: x86_64
Found pkg-config: YES (/usr/bin/pkg-config) 2.4.3
Did not find CMake 'cmake'
Found CMake: NO
Run-time dependency systemd found: NO (tried pkgconfig and cmake)
Checking for function "__fpending" : YES 
Checking for function "getrandom" : YES 
Checking for function "nanosleep" : YES 
Checking if "struct icmp6_nodeinfo" compiles: NO 
Checking if "struct tm time;" compiles: YES 
Library m found: YES
Library resolv found: YES
Checking for function "clock_gettime" : YES 
Library disabler-appears-to-disable-executable-build found: NO
Library cap found: YES
Run-time dependency disabler-appears-to-disable-executable-build found: NO (tried pkgconfig and cmake)
Has header "error.h" : NO 
Configuring config.h using configuration
Program setcap /usr/sbin/setcap /sbin/setcap found: NO
Program ip found: YES (/sbin/ip)
WARNING: You should add the boolean check kwarg to the run_command call.
         It currently defaults to false,
         but it will default to true in meson 2.0.
         See also: https://github.com/mesonbuild/meson/issues/9300
Message: IPv6 enabled
Message: running as normal user
test/ping/meson.build:49: DEPRECATION: ":" is not allowed in test name "ping -c1 ::1", it has been replaced with "_"
test/ping/meson.build:49: DEPRECATION: ":" is not allowed in test name "ping -4 -c1 ::1", it has been replaced with "_"
test/ping/meson.build:49: DEPRECATION: ":" is not allowed in test name "ping -6 -c1 ::1", it has been replaced with "_"
test/ping/meson.build:65: DEPRECATION: ":" is not allowed in test name "ping -c1 ::1", it has been replaced with "_"
test/ping/meson.build:65: DEPRECATION: ":" is not allowed in test name "ping -c5 -i0.1 ::1", it has been replaced with "_"
test/ping/meson.build:65: DEPRECATION: ":" is not allowed in test name "ping -c1 -I lo ::1", it has been replaced with "_"
test/ping/meson.build:65: DEPRECATION: ":" is not allowed in test name "ping -c1 -w1 ::1", it has been replaced with "_"
test/ping/meson.build:65: DEPRECATION: ":" is not allowed in test name "ping -c1 -W1 ::1", it has been replaced with "_"
test/ping/meson.build:65: DEPRECATION: ":" is not allowed in test name "ping -c1 -W1.1 ::1", it has been replaced with "_"
test/ping/meson.build:79: DEPRECATION: ":" is not allowed in test name "ping -c1.1 ::1", it has been replaced with "_"
test/ping/meson.build:79: DEPRECATION: ":" is not allowed in test name "ping -I nonexisting ::1", it has been replaced with "_"
test/ping/meson.build:79: DEPRECATION: ":" is not allowed in test name "ping -w0.1 ::1", it has been replaced with "_"
test/ping/meson.build:79: DEPRECATION: ":" is not allowed in test name "ping -w0,1 ::1", it has been replaced with "_"
test/ping/meson.build:90: DEPRECATION: ":" is not allowed in test name "ping -c1 -i0.001 ::1", it has been replaced with "_"
Message: 

APPLICATIONS (build)
man: false
HTML man: false
arping: true (capability or suid: false)
clockdiff: true (capability or suid: false)
ping: true (capability or suid: false)
tracepath: true

CONFIGURATION
Capability (with libcap): true
IDN (with libidn2): false
I18N (with gettext): false
systemd: false
run tests: true

SYSTEM PATHS
prefix: /usr
bindir: /usr/bin
localedir: /usr/share/locale
sbindir: /usr/sbin
systemdunitdir: 

Build targets in project: 6

iputils 20240905

  User defined options
    BUILD_MANS        : false
    NO_SETCAP_OR_SUID : true
    USE_GETTEXT       : false
    USE_IDN           : false
    auto_features     : auto
    b_lto             : true
    b_pie             : true
    b_staticpic       : true
    bindir            : /usr/bin
    buildtype         : plain
    datadir           : /usr/share
    includedir        : /usr/include
    infodir           : /usr/share/info
    libdir            : /usr/lib
    libexecdir        : /usr/libexec
    localedir         : /usr/share/locale
    localstatedir     : /var
    mandir            : /usr/share/man
    prefix            : /usr
    python.bytecompile: 0
    sbindir           : /usr/sbin
    sharedstatedir    : /var/lib
    sysconfdir        : /etc
    werror            : false
    wrap_mode         : nodownload

Found ninja-1.9 at /usr/bin/ninja
ninja: entering directory '/tmp/src/iputils-20240905/output'
[1/15] Generating git-version.h with a custom command
[2/15] Compiling C object arping.p/arping.c.o
[3/15] Compiling C object clockdiff.p/clockdiff.c.o
[4/15] Compiling C object tracepath.p/tracepath.c.o
[5/15] Compiling C object ping/ping.p/node_info.c.o
[6/15] Compiling C object ping/ping.p/ping6_common.c.o
[7/15] Compiling C object ping/ping.p/ping_common.c.o
[8/15] Compiling C object ping/ping.p/ping.c.o
[9/15] Compiling C object libcommon.a.p/md5.c.o
[10/15] Compiling C object libcommon.a.p/iputils_common.c.o
[11/15] Linking static target libcommon.a
[12/15] Linking target clockdiff
[13/15] Linking target tracepath
[14/15] Linking target arping
[15/15] Linking target ping/ping
INFO: autodetecting backend as ninja
INFO: calculating backend command to run: /usr/bin/ninja -C /tmp/src/iputils-20240905/output
>>> iputils: Entering fakeroot...
>>> iputils-arping*: Running split function arping...
'usr/sbin/arping' -> '/tmp/pkg/iputils-arping/usr/sbin/arping'
>>> iputils-arping*: Preparing subpackage iputils-arping...
>>> iputils-arping*: Stripping binaries
>>> iputils-arping*: Running postcheck for iputils-arping
>>> iputils-clockdiff*: Running split function clockdiff...
'usr/sbin/clockdiff' -> '/tmp/pkg/iputils-clockdiff/usr/sbin/clockdiff'
>>> iputils-clockdiff*: Preparing subpackage iputils-clockdiff...
>>> iputils-clockdiff*: Stripping binaries
>>> iputils-clockdiff*: Running postcheck for iputils-clockdiff
>>> iputils-ping*: Running split function ping...
'bin/ping' -> '/tmp/pkg/iputils-ping/bin/ping'
'bin/ping6' -> '/tmp/pkg/iputils-ping/bin/ping6'
>>> iputils-ping*: Preparing subpackage iputils-ping...
>>> iputils-ping*: Stripping binaries
>>> iputils-ping*: Running postcheck for iputils-ping
>>> WARNING: iputils-ping*: Packages must not put anything under /bin, use /usr/bin instead
>>> iputils-tracepath*: Running split function tracepath...
'usr/sbin/tracepath' -> '/tmp/pkg/iputils-tracepath/usr/sbin/tracepath'
'usr/sbin/tracepath6' -> '/tmp/pkg/iputils-tracepath/usr/sbin/tracepath6'
>>> iputils-tracepath*: Preparing subpackage iputils-tracepath...
>>> iputils-tracepath*: Stripping binaries
>>> iputils-tracepath*: Running postcheck for iputils-tracepath
>>> iputils*: Running postcheck for iputils
>>> iputils*: Preparing package iputils...
>>> iputils*: Stripping binaries
>>> WARNING: iputils*: No arch specific binaries found so arch should probably be set to "noarch"
>>> iputils-arping*: Scanning shared objects
>>> iputils-clockdiff*: Scanning shared objects
>>> iputils-ping*: Scanning shared objects
>>> iputils-tracepath*: Scanning shared objects
>>> iputils*: Scanning shared objects
>>> iputils-arping*: Tracing dependencies...
	so:libc.musl-x86_64.so.1
	so:libcap.so.2
>>> iputils-arping*: Package size: 25.9 KB
>>> iputils-arping*: Compressing data...
>>> iputils-arping*: Create checksum...
>>> iputils-arping*: Create iputils-arping-20240905-r0.apk
>>> iputils-clockdiff*: Tracing dependencies...
	so:libc.musl-x86_64.so.1
	so:libcap.so.2
>>> iputils-clockdiff*: Package size: 21.9 KB
>>> iputils-clockdiff*: Compressing data...
>>> iputils-clockdiff*: Create checksum...
>>> iputils-clockdiff*: Create iputils-clockdiff-20240905-r0.apk
>>> iputils-ping*: Tracing dependencies...
	so:libc.musl-x86_64.so.1
	so:libcap.so.2
>>> iputils-ping*: Package size: 139.4 KB
>>> iputils-ping*: Compressing data...
>>> iputils-ping*: Create checksum...
>>> iputils-ping*: Create iputils-ping-20240905-r0.apk
>>> iputils-tracepath*: Tracing dependencies...
	so:libc.musl-x86_64.so.1
>>> iputils-tracepath*: Package size: 17.9 KB
>>> iputils-tracepath*: Compressing data...
>>> iputils-tracepath*: Create checksum...
>>> iputils-tracepath*: Create iputils-tracepath-20240905-r0.apk
>>> iputils*: Tracing dependencies...
	iputils-arping=20240905-r0
	iputils-clockdiff=20240905-r0
	iputils-ping=20240905-r0
	iputils-tracepath=20240905-r0
>>> iputils*: Package size: 0.0 
>>> iputils*: Compressing data...
>>> iputils*: Create checksum...
>>> iputils*: Create iputils-20240905-r0.apk
>>> iputils: Updating the main/x86_64 repository index...
>>> iputils: Signing the index...
>>> iputils: Cleaning up srcdir
>>> iputils: Cleaning up build chroot
>>> iputils: Cleaning up pkgdir
