pigz: not found
>>> libnfnetlink: Building main/libnfnetlink 1.0.2-r3 (using abuild 3.14.1-r4) started Sun, 18 May 2025 08:51:27 +0000
>>> libnfnetlink: Validating /home/packager/aports/main/libnfnetlink/APKBUILD...
>>> libnfnetlink: Analyzing dependencies...
>>> libnfnetlink: Installing for build: build-base linux-headers
(1/2) Installing linux-headers (6.14.2-r0)
(2/2) Installing .makedepends-libnfnetlink (20250518.085128)
OK: 267 MiB in 83 packages
>>> libnfnetlink: Cleaning up srcdir
>>> libnfnetlink: Cleaning up pkgdir
>>> libnfnetlink: Cleaning up tmpdir
>>> libnfnetlink: Fetching https://www.netfilter.org/projects/libnfnetlink/files/libnfnetlink-1.0.2.tar.bz2
Connecting to www.netfilter.org (92.243.20.29:443)
saving to '/var/cache/distfiles/libnfnetlink-1.0.2.tar.bz2.part'
libnfnetlink-1.0.2.t  66% |*********************           |  195k  0:00:00 ETA
libnfnetlink-1.0.2.t 100% |********************************|  291k  0:00:00 ETA
'/var/cache/distfiles/libnfnetlink-1.0.2.tar.bz2.part' saved
>>> libnfnetlink: Fetching https://www.netfilter.org/projects/libnfnetlink/files/libnfnetlink-1.0.2.tar.bz2
>>> libnfnetlink: Checking sha512sums...
libnfnetlink-1.0.2.tar.bz2: OK
>>> libnfnetlink: Unpacking /var/cache/distfiles/libnfnetlink-1.0.2.tar.bz2...
>>> libnfnetlink: Updating ./build-aux/config.sub
checking build system type... x86_64-alpine-linux-musl
checking host system type... x86_64-alpine-linux-musl
checking for a BSD-compatible install... /usr/bin/install -c
checking whether build environment is sane... yes
checking for a thread-safe mkdir -p... build-aux/install-sh -c -d
checking for gawk... no
checking for mawk... no
checking for nawk... no
checking for awk... awk
checking whether make sets $(MAKE)... yes
checking whether make supports nested variables... yes
checking how to create a pax tar archive... gnutar
checking whether make supports the include directive... yes (GNU style)
checking for x86_64-alpine-linux-musl-gcc... gcc
checking whether the C compiler works... yes
checking for C compiler default output file name... a.out
checking for suffix of executables... 
checking whether we are cross compiling... no
checking for suffix of object files... o
checking whether we are using the GNU C compiler... yes
checking whether gcc accepts -g... yes
checking for gcc option to accept ISO C89... none needed
checking whether gcc understands -c and -o together... yes
checking dependency style of gcc... gcc3
checking for x86_64-alpine-linux-musl-ar... no
checking for x86_64-alpine-linux-musl-lib... no
checking for x86_64-alpine-linux-musl-link... no
checking for ar... ar
checking the archiver (ar) interface... ar
checking whether make supports nested variables... (cached) yes
checking for x86_64-alpine-linux-musl-gcc... (cached) gcc
checking whether we are using the GNU C compiler... (cached) yes
checking whether gcc accepts -g... (cached) yes
checking for gcc option to accept ISO C89... (cached) none needed
checking whether gcc understands -c and -o together... (cached) yes
checking dependency style of gcc... (cached) gcc3
checking how to print strings... printf
checking for a sed that does not truncate output... /bin/sed
checking for grep that handles long lines and -e... /bin/grep
checking for egrep... /bin/grep -E
checking for fgrep... /bin/grep -F
checking for ld used by gcc... /usr/x86_64-alpine-linux-musl/bin/ld
checking if the linker (/usr/x86_64-alpine-linux-musl/bin/ld) is GNU ld... yes
checking for BSD- or MS-compatible name lister (nm)... /usr/bin/nm -B
checking the name lister (/usr/bin/nm -B) interface... BSD nm
checking whether ln -s works... yes
checking the maximum length of command line arguments... 98304
checking how to convert x86_64-alpine-linux-musl file names to x86_64-alpine-linux-musl format... func_convert_file_noop
checking how to convert x86_64-alpine-linux-musl file names to toolchain format... func_convert_file_noop
checking for /usr/x86_64-alpine-linux-musl/bin/ld option to reload object files... -r
checking for x86_64-alpine-linux-musl-objdump... no
checking for objdump... objdump
checking how to recognize dependent libraries... pass_all
checking for x86_64-alpine-linux-musl-dlltool... no
checking for dlltool... no
checking how to associate runtime and link libraries... printf %s\n
checking for x86_64-alpine-linux-musl-ar... ar
checking for archiver @FILE support... @
checking for x86_64-alpine-linux-musl-strip... no
checking for strip... strip
checking for x86_64-alpine-linux-musl-ranlib... no
checking for ranlib... ranlib
checking command to parse /usr/bin/nm -B output from gcc object... ok
checking for sysroot... no
checking for a working dd... /bin/dd
checking how to truncate binary pipes... /bin/dd bs=4096 count=1
checking for x86_64-alpine-linux-musl-mt... no
checking for mt... no
checking if : is a manifest tool... no
checking how to run the C preprocessor... gcc -E
checking for ANSI C header files... yes
checking for sys/types.h... yes
checking for sys/stat.h... yes
checking for stdlib.h... yes
checking for string.h... yes
checking for memory.h... yes
checking for strings.h... yes
checking for inttypes.h... yes
checking for stdint.h... yes
checking for unistd.h... yes
checking for dlfcn.h... yes
checking for objdir... .libs
checking if gcc supports -fno-rtti -fno-exceptions... no
checking for gcc option to produce PIC... -fPIC -DPIC
checking if gcc PIC flag -fPIC -DPIC works... yes
checking if gcc static flag -static works... yes
checking if gcc supports -c -o file.o... yes
checking if gcc supports -c -o file.o... (cached) yes
checking whether the gcc linker (/usr/x86_64-alpine-linux-musl/bin/ld -m elf_x86_64) supports shared libraries... yes
checking whether -lc should be explicitly linked in... no
checking dynamic linker characteristics... GNU/Linux ld.so
checking how to hardcode library paths into programs... immediate
checking whether stripping libraries is possible... yes
checking if libtool supports shared libraries... yes
checking whether to build shared libraries... yes
checking whether to build static libraries... yes
checking that generated files are newer than configure... done
configure: creating ./config.status
config.status: creating Makefile
config.status: creating src/Makefile
config.status: creating include/Makefile
config.status: creating doxygen.cfg
config.status: creating include/libnfnetlink/Makefile
config.status: creating utils/Makefile
config.status: creating libnfnetlink.pc
config.status: executing depfiles commands
config.status: executing libtool commands
Making all in src
make[1]: Entering directory '/home/packager/aports/main/libnfnetlink/src/libnfnetlink-1.0.2/src'
  CC       rtnl.lo
  CC       libnfnetlink.lo
  CC       iftable.lo
  CCLD     libnfnetlink.la
make[1]: Leaving directory '/home/packager/aports/main/libnfnetlink/src/libnfnetlink-1.0.2/src'
Making all in include
make[1]: Entering directory '/home/packager/aports/main/libnfnetlink/src/libnfnetlink-1.0.2/include'
Making all in libnfnetlink
make[2]: Entering directory '/home/packager/aports/main/libnfnetlink/src/libnfnetlink-1.0.2/include/libnfnetlink'
make[2]: Nothing to be done for 'all'.
make[2]: Leaving directory '/home/packager/aports/main/libnfnetlink/src/libnfnetlink-1.0.2/include/libnfnetlink'
make[2]: Entering directory '/home/packager/aports/main/libnfnetlink/src/libnfnetlink-1.0.2/include'
make[2]: Nothing to be done for 'all-am'.
make[2]: Leaving directory '/home/packager/aports/main/libnfnetlink/src/libnfnetlink-1.0.2/include'
make[1]: Leaving directory '/home/packager/aports/main/libnfnetlink/src/libnfnetlink-1.0.2/include'
Making all in utils
make[1]: Entering directory '/home/packager/aports/main/libnfnetlink/src/libnfnetlink-1.0.2/utils'
make[1]: Nothing to be done for 'all'.
make[1]: Leaving directory '/home/packager/aports/main/libnfnetlink/src/libnfnetlink-1.0.2/utils'
make[1]: Entering directory '/home/packager/aports/main/libnfnetlink/src/libnfnetlink-1.0.2'
make[1]: Nothing to be done for 'all-am'.
make[1]: Leaving directory '/home/packager/aports/main/libnfnetlink/src/libnfnetlink-1.0.2'
>>> libnfnetlink: Entering fakeroot...
Making install in src
make[1]: Entering directory '/home/packager/aports/main/libnfnetlink/src/libnfnetlink-1.0.2/src'
make[2]: Entering directory '/home/packager/aports/main/libnfnetlink/src/libnfnetlink-1.0.2/src'
make[2]: Nothing to be done for 'install-data-am'.
 ../build-aux/install-sh -c -d '/home/packager/aports/main/libnfnetlink/pkg/libnfnetlink/usr/lib'
 /bin/sh ../libtool   --mode=install /usr/bin/install -c   libnfnetlink.la '/home/packager/aports/main/libnfnetlink/pkg/libnfnetlink/usr/lib'
libtool: install: /usr/bin/install -c .libs/libnfnetlink.so.0.2.0 /home/packager/aports/main/libnfnetlink/pkg/libnfnetlink/usr/lib/libnfnetlink.so.0.2.0
libtool: install: (cd /home/packager/aports/main/libnfnetlink/pkg/libnfnetlink/usr/lib && { ln -s -f libnfnetlink.so.0.2.0 libnfnetlink.so.0 || { rm -f libnfnetlink.so.0 && ln -s libnfnetlink.so.0.2.0 libnfnetlink.so.0; }; })
libtool: install: (cd /home/packager/aports/main/libnfnetlink/pkg/libnfnetlink/usr/lib && { ln -s -f libnfnetlink.so.0.2.0 libnfnetlink.so || { rm -f libnfnetlink.so && ln -s libnfnetlink.so.0.2.0 libnfnetlink.so; }; })
libtool: install: /usr/bin/install -c .libs/libnfnetlink.lai /home/packager/aports/main/libnfnetlink/pkg/libnfnetlink/usr/lib/libnfnetlink.la
libtool: install: /usr/bin/install -c .libs/libnfnetlink.a /home/packager/aports/main/libnfnetlink/pkg/libnfnetlink/usr/lib/libnfnetlink.a
libtool: install: chmod 644 /home/packager/aports/main/libnfnetlink/pkg/libnfnetlink/usr/lib/libnfnetlink.a
libtool: install: ranlib /home/packager/aports/main/libnfnetlink/pkg/libnfnetlink/usr/lib/libnfnetlink.a
libtool: warning: remember to run 'libtool --finish /usr/lib'
make[2]: Leaving directory '/home/packager/aports/main/libnfnetlink/src/libnfnetlink-1.0.2/src'
make[1]: Leaving directory '/home/packager/aports/main/libnfnetlink/src/libnfnetlink-1.0.2/src'
Making install in include
make[1]: Entering directory '/home/packager/aports/main/libnfnetlink/src/libnfnetlink-1.0.2/include'
Making install in libnfnetlink
make[2]: Entering directory '/home/packager/aports/main/libnfnetlink/src/libnfnetlink-1.0.2/include/libnfnetlink'
make[3]: Entering directory '/home/packager/aports/main/libnfnetlink/src/libnfnetlink-1.0.2/include/libnfnetlink'
make[3]: Nothing to be done for 'install-exec-am'.
 ../../build-aux/install-sh -c -d '/home/packager/aports/main/libnfnetlink/pkg/libnfnetlink/usr/include/libnfnetlink'
 /usr/bin/install -c -m 644 libnfnetlink.h linux_nfnetlink.h linux_nfnetlink_compat.h '/home/packager/aports/main/libnfnetlink/pkg/libnfnetlink/usr/include/libnfnetlink'
make[3]: Leaving directory '/home/packager/aports/main/libnfnetlink/src/libnfnetlink-1.0.2/include/libnfnetlink'
make[2]: Leaving directory '/home/packager/aports/main/libnfnetlink/src/libnfnetlink-1.0.2/include/libnfnetlink'
make[2]: Entering directory '/home/packager/aports/main/libnfnetlink/src/libnfnetlink-1.0.2/include'
make[3]: Entering directory '/home/packager/aports/main/libnfnetlink/src/libnfnetlink-1.0.2/include'
make[3]: Nothing to be done for 'install-exec-am'.
make[3]: Nothing to be done for 'install-data-am'.
make[3]: Leaving directory '/home/packager/aports/main/libnfnetlink/src/libnfnetlink-1.0.2/include'
make[2]: Leaving directory '/home/packager/aports/main/libnfnetlink/src/libnfnetlink-1.0.2/include'
make[1]: Leaving directory '/home/packager/aports/main/libnfnetlink/src/libnfnetlink-1.0.2/include'
Making install in utils
make[1]: Entering directory '/home/packager/aports/main/libnfnetlink/src/libnfnetlink-1.0.2/utils'
make[2]: Entering directory '/home/packager/aports/main/libnfnetlink/src/libnfnetlink-1.0.2/utils'
make[2]: Nothing to be done for 'install-exec-am'.
make[2]: Nothing to be done for 'install-data-am'.
make[2]: Leaving directory '/home/packager/aports/main/libnfnetlink/src/libnfnetlink-1.0.2/utils'
make[1]: Leaving directory '/home/packager/aports/main/libnfnetlink/src/libnfnetlink-1.0.2/utils'
make[1]: Entering directory '/home/packager/aports/main/libnfnetlink/src/libnfnetlink-1.0.2'
make[2]: Entering directory '/home/packager/aports/main/libnfnetlink/src/libnfnetlink-1.0.2'
make[2]: Nothing to be done for 'install-exec-am'.
 build-aux/install-sh -c -d '/home/packager/aports/main/libnfnetlink/pkg/libnfnetlink/usr/lib/pkgconfig'
 /usr/bin/install -c -m 644 libnfnetlink.pc '/home/packager/aports/main/libnfnetlink/pkg/libnfnetlink/usr/lib/pkgconfig'
make[2]: Leaving directory '/home/packager/aports/main/libnfnetlink/src/libnfnetlink-1.0.2'
make[1]: Leaving directory '/home/packager/aports/main/libnfnetlink/src/libnfnetlink-1.0.2'
>>> libnfnetlink-static*: Running split function static...
'./usr/lib/libnfnetlink.a' -> '/home/packager/aports/main/libnfnetlink/pkg/libnfnetlink-static/./usr/lib/libnfnetlink.a'
>>> libnfnetlink-static*: Preparing subpackage libnfnetlink-static...
>>> libnfnetlink-static*: Stripping binaries
>>> libnfnetlink-static*: Running postcheck for libnfnetlink-static
>>> libnfnetlink-dev*: Running split function dev...
'usr/include' -> '/home/packager/aports/main/libnfnetlink/pkg/libnfnetlink-dev/usr/include'
'usr/lib/pkgconfig' -> '/home/packager/aports/main/libnfnetlink/pkg/libnfnetlink-dev/usr/lib/pkgconfig'
'usr/lib/libnfnetlink.so' -> '/home/packager/aports/main/libnfnetlink/pkg/libnfnetlink-dev/usr/lib/libnfnetlink.so'
>>> libnfnetlink-dev*: Preparing subpackage libnfnetlink-dev...
>>> libnfnetlink-dev*: Stripping binaries
>>> libnfnetlink-dev*: Running postcheck for libnfnetlink-dev
>>> libnfnetlink*: Running postcheck for libnfnetlink
>>> libnfnetlink*: Preparing package libnfnetlink...
>>> libnfnetlink*: Stripping binaries
>>> libnfnetlink-dev*: Scanning shared objects
>>> libnfnetlink-static*: Scanning shared objects
>>> libnfnetlink*: Scanning shared objects
>>> libnfnetlink-dev*: Tracing dependencies...
	libnfnetlink=1.0.2-r3
	pkgconfig
>>> libnfnetlink-dev*: Package size: 12.7 KB
>>> libnfnetlink-dev*: Compressing data...
>>> libnfnetlink-dev*: Create checksum...
pigz: not found
>>> libnfnetlink-dev*: Create libnfnetlink-dev-1.0.2-r3.apk
>>> libnfnetlink-static*: Tracing dependencies...
>>> libnfnetlink-static*: Package size: 38.0 KB
>>> libnfnetlink-static*: Compressing data...
>>> libnfnetlink-static*: Create checksum...
pigz: not found
>>> libnfnetlink-static*: Create libnfnetlink-static-1.0.2-r3.apk
>>> libnfnetlink*: Tracing dependencies...
	so:libc.musl-x86_64.so.1
>>> libnfnetlink*: Package size: 29.3 KB
>>> libnfnetlink*: Compressing data...
>>> libnfnetlink*: Create checksum...
pigz: not found
>>> libnfnetlink*: Create libnfnetlink-1.0.2-r3.apk
>>> libnfnetlink: Build complete at Sun, 18 May 2025 08:51:36 +0000 elapsed time 0h 0m 9s
>>> libnfnetlink: Cleaning up srcdir
>>> libnfnetlink: Cleaning up pkgdir
>>> libnfnetlink: Uninstalling dependencies...
(1/2) Purging .makedepends-libnfnetlink (20250518.085128)
(2/2) Purging linux-headers (6.14.2-r0)
OK: 261 MiB in 81 packages
>>> libnfnetlink: Updating the main/x86_64 repository index...
>>> libnfnetlink: Signing the index...
pigz: not found
