pigz: not found
>>> kyua: Building main/kyua 0.13-r8 (using abuild 3.14.1-r4) started Fri, 23 May 2025 15:57:56 +0000
>>> kyua: Validating /home/packager/aports/main/kyua/APKBUILD...
>>> kyua: Analyzing dependencies...
>>> kyua: Installing for build: build-base atf-dev lutok-dev sqlite-dev
(1/9) Installing atf (0.21-r7)
(2/9) Installing atf-dev (0.21-r7)
(3/9) Installing lua5.4-dev (5.4.7-r0)
(4/9) Installing lutok (0.4-r6)
(5/9) Installing lutok-dev (0.4-r6)
(6/9) Installing sqlite (3.49.2-r0)
(7/9) Installing sqlite-libs (3.49.2-r0)
(8/9) Installing sqlite-dev (3.49.2-r0)
(9/9) Installing .makedepends-kyua (20250523.155759)
Executing busybox-1.37.0-r12.trigger
OK: 572 MiB in 141 packages
>>> kyua: Cleaning up srcdir
>>> kyua: Cleaning up pkgdir
>>> kyua: Cleaning up tmpdir
>>> kyua: Fetching https://github.com/freebsd/kyua/releases/download/kyua-0.13/kyua-0.13.tar.gz
Connecting to github.com (140.82.121.3:443)
Connecting to objects.githubusercontent.com (185.199.109.133:443)
saving to '/var/cache/distfiles/kyua-0.13.tar.gz.part'
kyua-0.13.tar.gz.par 100% |********************************|  648k  0:00:00 ETA
'/var/cache/distfiles/kyua-0.13.tar.gz.part' saved
>>> kyua: Fetching https://github.com/freebsd/kyua/releases/download/kyua-0.13/kyua-0.13.tar.gz
>>> kyua: Checking sha512sums...
kyua-0.13.tar.gz: OK
>>> kyua: Unpacking /var/cache/distfiles/kyua-0.13.tar.gz...
checking for a BSD-compatible install... /usr/bin/install -c
checking whether build environment is sane... yes
checking for a thread-safe mkdir -p... /bin/mkdir -p
checking for gawk... gawk
checking whether make sets $(MAKE)... yes
checking whether make supports nested variables... yes
checking whether the C++ compiler works... no
configure: error: in `/home/packager/aports/main/kyua/src/kyua-0.13':
configure: error: C++ compiler cannot create executables
See `config.log' for more details
>>> ERROR: kyua: build failed
>>> kyua: Uninstalling dependencies...
(1/9) Purging .makedepends-kyua (20250523.155759)
(2/9) Purging atf-dev (0.21-r7)
(3/9) Purging atf (0.21-r7)
(4/9) Purging lutok-dev (0.4-r6)
(5/9) Purging lua5.4-dev (5.4.7-r0)
(6/9) Purging lutok (0.4-r6)
(7/9) Purging sqlite-dev (3.49.2-r0)
(8/9) Purging sqlite (3.49.2-r0)
(9/9) Purging sqlite-libs (3.49.2-r0)
Executing busybox-1.37.0-r12.trigger
OK: 564 MiB in 132 packages
