pigz: not found
>>> libnetfilter_cthelper: Building main/libnetfilter_cthelper 1.0.1-r2 (using abuild 3.14.1-r4) started Sun, 18 May 2025 09:34:54 +0000
>>> libnetfilter_cthelper: Validating /home/packager/aports/main/libnetfilter_cthelper/APKBUILD...
>>> libnetfilter_cthelper: Analyzing dependencies...
>>> libnetfilter_cthelper: Installing for build: build-base linux-headers libmnl-dev
(1/4) Installing linux-headers (6.14.2-r0)
(2/4) Installing libmnl (1.0.5-r2)
(3/4) Installing libmnl-dev (1.0.5-r2)
(4/4) Installing .makedepends-libnetfilter_cthelper (20250518.093456)
OK: 267 MiB in 85 packages
>>> libnetfilter_cthelper: Cleaning up srcdir
>>> libnetfilter_cthelper: Cleaning up pkgdir
>>> libnetfilter_cthelper: Cleaning up tmpdir
>>> libnetfilter_cthelper: Fetching https://www.netfilter.org/projects/libnetfilter_cthelper/files/libnetfilter_cthelper-1.0.1.tar.bz2
Connecting to www.netfilter.org (92.243.20.29:443)
saving to '/var/cache/distfiles/libnetfilter_cthelper-1.0.1.tar.bz2.part'
libnetfilter_cthelpe 100% |********************************|  284k  0:00:00 ETA
'/var/cache/distfiles/libnetfilter_cthelper-1.0.1.tar.bz2.part' saved
>>> libnetfilter_cthelper: Fetching https://www.netfilter.org/projects/libnetfilter_cthelper/files/libnetfilter_cthelper-1.0.1.tar.bz2
>>> libnetfilter_cthelper: Checking sha512sums...
libnetfilter_cthelper-1.0.1.tar.bz2: OK
>>> libnetfilter_cthelper: Unpacking /var/cache/distfiles/libnetfilter_cthelper-1.0.1.tar.bz2...
>>> libnetfilter_cthelper: Updating ./build-aux/config.sub
checking build system type... x86_64-alpine-linux-musl
checking host system type... x86_64-alpine-linux-musl
checking for a BSD-compatible install... /usr/bin/install -c
checking whether build environment is sane... yes
checking for a thread-safe mkdir -p... build-aux/install-sh -c -d
checking for gawk... no
checking for mawk... no
checking for nawk... no
checking for awk... awk
checking whether make sets $(MAKE)... yes
checking whether make supports nested variables... yes
checking how to create a pax tar archive... gnutar
checking whether make supports the include directive... yes (GNU style)
checking for x86_64-alpine-linux-musl-gcc... gcc
checking whether the C compiler works... yes
checking for C compiler default output file name... a.out
checking for suffix of executables... 
checking whether we are cross compiling... no
checking for suffix of object files... o
checking whether we are using the GNU C compiler... yes
checking whether gcc accepts -g... yes
checking for gcc option to accept ISO C89... none needed
checking whether gcc understands -c and -o together... yes
checking dependency style of gcc... gcc3
checking for x86_64-alpine-linux-musl-ar... no
checking for x86_64-alpine-linux-musl-lib... no
checking for x86_64-alpine-linux-musl-link... no
checking for ar... ar
checking the archiver (ar) interface... ar
checking whether make supports nested variables... (cached) yes
checking for x86_64-alpine-linux-musl-pkg-config... no
checking for pkg-config... /usr/bin/pkg-config
checking pkg-config is at least version 0.9.0... yes
checking for libmnl >= 1.0.0... yes
checking for x86_64-alpine-linux-musl-gcc... (cached) gcc
checking whether we are using the GNU C compiler... (cached) yes
checking whether gcc accepts -g... (cached) yes
checking for gcc option to accept ISO C89... (cached) none needed
checking whether gcc understands -c and -o together... (cached) yes
checking dependency style of gcc... (cached) gcc3
checking how to print strings... printf
checking for a sed that does not truncate output... /bin/sed
checking for grep that handles long lines and -e... /bin/grep
checking for egrep... /bin/grep -E
checking for fgrep... /bin/grep -F
checking for ld used by gcc... /usr/x86_64-alpine-linux-musl/bin/ld
checking if the linker (/usr/x86_64-alpine-linux-musl/bin/ld) is GNU ld... yes
checking for BSD- or MS-compatible name lister (nm)... /usr/bin/nm -B
checking the name lister (/usr/bin/nm -B) interface... BSD nm
checking whether ln -s works... yes
checking the maximum length of command line arguments... 98304
checking how to convert x86_64-alpine-linux-musl file names to x86_64-alpine-linux-musl format... func_convert_file_noop
checking how to convert x86_64-alpine-linux-musl file names to toolchain format... func_convert_file_noop
checking for /usr/x86_64-alpine-linux-musl/bin/ld option to reload object files... -r
checking for x86_64-alpine-linux-musl-objdump... no
checking for objdump... objdump
checking how to recognize dependent libraries... pass_all
checking for x86_64-alpine-linux-musl-dlltool... no
checking for dlltool... no
checking how to associate runtime and link libraries... printf %s\n
checking for x86_64-alpine-linux-musl-ar... ar
checking for archiver @FILE support... @
checking for x86_64-alpine-linux-musl-strip... no
checking for strip... strip
checking for x86_64-alpine-linux-musl-ranlib... no
checking for ranlib... ranlib
checking command to parse /usr/bin/nm -B output from gcc object... ok
checking for sysroot... no
checking for a working dd... /bin/dd
checking how to truncate binary pipes... /bin/dd bs=4096 count=1
checking for x86_64-alpine-linux-musl-mt... no
checking for mt... no
checking if : is a manifest tool... no
checking how to run the C preprocessor... gcc -E
checking for ANSI C header files... yes
checking for sys/types.h... yes
checking for sys/stat.h... yes
checking for stdlib.h... yes
checking for string.h... yes
checking for memory.h... yes
checking for strings.h... yes
checking for inttypes.h... yes
checking for stdint.h... yes
checking for unistd.h... yes
checking for dlfcn.h... yes
checking for objdir... .libs
checking if gcc supports -fno-rtti -fno-exceptions... no
checking for gcc option to produce PIC... -fPIC -DPIC
checking if gcc PIC flag -fPIC -DPIC works... yes
checking if gcc static flag -static works... yes
checking if gcc supports -c -o file.o... yes
checking if gcc supports -c -o file.o... (cached) yes
checking whether the gcc linker (/usr/x86_64-alpine-linux-musl/bin/ld -m elf_x86_64) supports shared libraries... yes
checking whether -lc should be explicitly linked in... no
checking dynamic linker characteristics... GNU/Linux ld.so
checking how to hardcode library paths into programs... immediate
checking whether stripping libraries is possible... yes
checking if libtool supports shared libraries... yes
checking whether to build shared libraries... yes
checking whether to build static libraries... no
checking whether compiler accepts -fvisibility=hidden... yes
checking that generated files are newer than configure... done
configure: creating ./config.status
config.status: creating Makefile
config.status: creating src/Makefile
config.status: creating include/Makefile
config.status: creating include/libnetfilter_cthelper/Makefile
config.status: creating include/linux/Makefile
config.status: creating include/linux/netfilter/Makefile
config.status: creating examples/Makefile
config.status: creating libnetfilter_cthelper.pc
config.status: creating doxygen.cfg
config.status: creating config.h
config.status: executing depfiles commands
config.status: executing libtool commands
make  all-recursive
make[1]: Entering directory '/home/packager/aports/main/libnetfilter_cthelper/src/libnetfilter_cthelper-1.0.1'
Making all in src
make[2]: Entering directory '/home/packager/aports/main/libnetfilter_cthelper/src/libnetfilter_cthelper-1.0.1/src'
  CC       libnetfilter_cthelper.lo
  CCLD     libnetfilter_cthelper.la
make[2]: Leaving directory '/home/packager/aports/main/libnetfilter_cthelper/src/libnetfilter_cthelper-1.0.1/src'
Making all in include
make[2]: Entering directory '/home/packager/aports/main/libnetfilter_cthelper/src/libnetfilter_cthelper-1.0.1/include'
Making all in libnetfilter_cthelper
make[3]: Entering directory '/home/packager/aports/main/libnetfilter_cthelper/src/libnetfilter_cthelper-1.0.1/include/libnetfilter_cthelper'
make[3]: Nothing to be done for 'all'.
make[3]: Leaving directory '/home/packager/aports/main/libnetfilter_cthelper/src/libnetfilter_cthelper-1.0.1/include/libnetfilter_cthelper'
Making all in linux
make[3]: Entering directory '/home/packager/aports/main/libnetfilter_cthelper/src/libnetfilter_cthelper-1.0.1/include/linux'
Making all in netfilter
make[4]: Entering directory '/home/packager/aports/main/libnetfilter_cthelper/src/libnetfilter_cthelper-1.0.1/include/linux/netfilter'
make[4]: Nothing to be done for 'all'.
make[4]: Leaving directory '/home/packager/aports/main/libnetfilter_cthelper/src/libnetfilter_cthelper-1.0.1/include/linux/netfilter'
make[4]: Entering directory '/home/packager/aports/main/libnetfilter_cthelper/src/libnetfilter_cthelper-1.0.1/include/linux'
make[4]: Nothing to be done for 'all-am'.
make[4]: Leaving directory '/home/packager/aports/main/libnetfilter_cthelper/src/libnetfilter_cthelper-1.0.1/include/linux'
make[3]: Leaving directory '/home/packager/aports/main/libnetfilter_cthelper/src/libnetfilter_cthelper-1.0.1/include/linux'
make[3]: Entering directory '/home/packager/aports/main/libnetfilter_cthelper/src/libnetfilter_cthelper-1.0.1/include'
make[3]: Nothing to be done for 'all-am'.
make[3]: Leaving directory '/home/packager/aports/main/libnetfilter_cthelper/src/libnetfilter_cthelper-1.0.1/include'
make[2]: Leaving directory '/home/packager/aports/main/libnetfilter_cthelper/src/libnetfilter_cthelper-1.0.1/include'
Making all in examples
make[2]: Entering directory '/home/packager/aports/main/libnetfilter_cthelper/src/libnetfilter_cthelper-1.0.1/examples'
make[2]: Nothing to be done for 'all'.
make[2]: Leaving directory '/home/packager/aports/main/libnetfilter_cthelper/src/libnetfilter_cthelper-1.0.1/examples'
make[2]: Entering directory '/home/packager/aports/main/libnetfilter_cthelper/src/libnetfilter_cthelper-1.0.1'
make[2]: Leaving directory '/home/packager/aports/main/libnetfilter_cthelper/src/libnetfilter_cthelper-1.0.1'
make[1]: Leaving directory '/home/packager/aports/main/libnetfilter_cthelper/src/libnetfilter_cthelper-1.0.1'
>>> libnetfilter_cthelper: Entering fakeroot...
Making install in src
make[1]: Entering directory '/home/packager/aports/main/libnetfilter_cthelper/src/libnetfilter_cthelper-1.0.1/src'
make[2]: Entering directory '/home/packager/aports/main/libnetfilter_cthelper/src/libnetfilter_cthelper-1.0.1/src'
make[2]: Nothing to be done for 'install-data-am'.
 ../build-aux/install-sh -c -d '/home/packager/aports/main/libnetfilter_cthelper/pkg/libnetfilter_cthelper/usr/lib'
 /bin/sh ../libtool   --mode=install /usr/bin/install -c   libnetfilter_cthelper.la '/home/packager/aports/main/libnetfilter_cthelper/pkg/libnetfilter_cthelper/usr/lib'
libtool: install: /usr/bin/install -c .libs/libnetfilter_cthelper.so.0.0.0 /home/packager/aports/main/libnetfilter_cthelper/pkg/libnetfilter_cthelper/usr/lib/libnetfilter_cthelper.so.0.0.0
libtool: install: (cd /home/packager/aports/main/libnetfilter_cthelper/pkg/libnetfilter_cthelper/usr/lib && { ln -s -f libnetfilter_cthelper.so.0.0.0 libnetfilter_cthelper.so.0 || { rm -f libnetfilter_cthelper.so.0 && ln -s libnetfilter_cthelper.so.0.0.0 libnetfilter_cthelper.so.0; }; })
libtool: install: (cd /home/packager/aports/main/libnetfilter_cthelper/pkg/libnetfilter_cthelper/usr/lib && { ln -s -f libnetfilter_cthelper.so.0.0.0 libnetfilter_cthelper.so || { rm -f libnetfilter_cthelper.so && ln -s libnetfilter_cthelper.so.0.0.0 libnetfilter_cthelper.so; }; })
libtool: install: /usr/bin/install -c .libs/libnetfilter_cthelper.lai /home/packager/aports/main/libnetfilter_cthelper/pkg/libnetfilter_cthelper/usr/lib/libnetfilter_cthelper.la
libtool: warning: remember to run 'libtool --finish /usr/lib'
make[2]: Leaving directory '/home/packager/aports/main/libnetfilter_cthelper/src/libnetfilter_cthelper-1.0.1/src'
make[1]: Leaving directory '/home/packager/aports/main/libnetfilter_cthelper/src/libnetfilter_cthelper-1.0.1/src'
Making install in include
make[1]: Entering directory '/home/packager/aports/main/libnetfilter_cthelper/src/libnetfilter_cthelper-1.0.1/include'
Making install in libnetfilter_cthelper
make[2]: Entering directory '/home/packager/aports/main/libnetfilter_cthelper/src/libnetfilter_cthelper-1.0.1/include/libnetfilter_cthelper'
make[3]: Entering directory '/home/packager/aports/main/libnetfilter_cthelper/src/libnetfilter_cthelper-1.0.1/include/libnetfilter_cthelper'
make[3]: Nothing to be done for 'install-exec-am'.
 ../../build-aux/install-sh -c -d '/home/packager/aports/main/libnetfilter_cthelper/pkg/libnetfilter_cthelper/usr/include/libnetfilter_cthelper'
 /usr/bin/install -c -m 644 libnetfilter_cthelper.h '/home/packager/aports/main/libnetfilter_cthelper/pkg/libnetfilter_cthelper/usr/include/libnetfilter_cthelper'
make[3]: Leaving directory '/home/packager/aports/main/libnetfilter_cthelper/src/libnetfilter_cthelper-1.0.1/include/libnetfilter_cthelper'
make[2]: Leaving directory '/home/packager/aports/main/libnetfilter_cthelper/src/libnetfilter_cthelper-1.0.1/include/libnetfilter_cthelper'
Making install in linux
make[2]: Entering directory '/home/packager/aports/main/libnetfilter_cthelper/src/libnetfilter_cthelper-1.0.1/include/linux'
Making install in netfilter
make[3]: Entering directory '/home/packager/aports/main/libnetfilter_cthelper/src/libnetfilter_cthelper-1.0.1/include/linux/netfilter'
make[4]: Entering directory '/home/packager/aports/main/libnetfilter_cthelper/src/libnetfilter_cthelper-1.0.1/include/linux/netfilter'
make[4]: Nothing to be done for 'install-exec-am'.
make[4]: Nothing to be done for 'install-data-am'.
make[4]: Leaving directory '/home/packager/aports/main/libnetfilter_cthelper/src/libnetfilter_cthelper-1.0.1/include/linux/netfilter'
make[3]: Leaving directory '/home/packager/aports/main/libnetfilter_cthelper/src/libnetfilter_cthelper-1.0.1/include/linux/netfilter'
make[3]: Entering directory '/home/packager/aports/main/libnetfilter_cthelper/src/libnetfilter_cthelper-1.0.1/include/linux'
make[4]: Entering directory '/home/packager/aports/main/libnetfilter_cthelper/src/libnetfilter_cthelper-1.0.1/include/linux'
make[4]: Nothing to be done for 'install-exec-am'.
make[4]: Nothing to be done for 'install-data-am'.
make[4]: Leaving directory '/home/packager/aports/main/libnetfilter_cthelper/src/libnetfilter_cthelper-1.0.1/include/linux'
make[3]: Leaving directory '/home/packager/aports/main/libnetfilter_cthelper/src/libnetfilter_cthelper-1.0.1/include/linux'
make[2]: Leaving directory '/home/packager/aports/main/libnetfilter_cthelper/src/libnetfilter_cthelper-1.0.1/include/linux'
make[2]: Entering directory '/home/packager/aports/main/libnetfilter_cthelper/src/libnetfilter_cthelper-1.0.1/include'
make[3]: Entering directory '/home/packager/aports/main/libnetfilter_cthelper/src/libnetfilter_cthelper-1.0.1/include'
make[3]: Nothing to be done for 'install-exec-am'.
make[3]: Nothing to be done for 'install-data-am'.
make[3]: Leaving directory '/home/packager/aports/main/libnetfilter_cthelper/src/libnetfilter_cthelper-1.0.1/include'
make[2]: Leaving directory '/home/packager/aports/main/libnetfilter_cthelper/src/libnetfilter_cthelper-1.0.1/include'
make[1]: Leaving directory '/home/packager/aports/main/libnetfilter_cthelper/src/libnetfilter_cthelper-1.0.1/include'
Making install in examples
make[1]: Entering directory '/home/packager/aports/main/libnetfilter_cthelper/src/libnetfilter_cthelper-1.0.1/examples'
make[2]: Entering directory '/home/packager/aports/main/libnetfilter_cthelper/src/libnetfilter_cthelper-1.0.1/examples'
make[2]: Nothing to be done for 'install-exec-am'.
make[2]: Nothing to be done for 'install-data-am'.
make[2]: Leaving directory '/home/packager/aports/main/libnetfilter_cthelper/src/libnetfilter_cthelper-1.0.1/examples'
make[1]: Leaving directory '/home/packager/aports/main/libnetfilter_cthelper/src/libnetfilter_cthelper-1.0.1/examples'
make[1]: Entering directory '/home/packager/aports/main/libnetfilter_cthelper/src/libnetfilter_cthelper-1.0.1'
make[2]: Entering directory '/home/packager/aports/main/libnetfilter_cthelper/src/libnetfilter_cthelper-1.0.1'
make[2]: Nothing to be done for 'install-exec-am'.
 build-aux/install-sh -c -d '/home/packager/aports/main/libnetfilter_cthelper/pkg/libnetfilter_cthelper/usr/lib/pkgconfig'
 /usr/bin/install -c -m 644 libnetfilter_cthelper.pc '/home/packager/aports/main/libnetfilter_cthelper/pkg/libnetfilter_cthelper/usr/lib/pkgconfig'
make[2]: Leaving directory '/home/packager/aports/main/libnetfilter_cthelper/src/libnetfilter_cthelper-1.0.1'
make[1]: Leaving directory '/home/packager/aports/main/libnetfilter_cthelper/src/libnetfilter_cthelper-1.0.1'
>>> libnetfilter_cthelper-dev*: Running split function dev...
'usr/include' -> '/home/packager/aports/main/libnetfilter_cthelper/pkg/libnetfilter_cthelper-dev/usr/include'
'usr/lib/pkgconfig' -> '/home/packager/aports/main/libnetfilter_cthelper/pkg/libnetfilter_cthelper-dev/usr/lib/pkgconfig'
'usr/lib/libnetfilter_cthelper.so' -> '/home/packager/aports/main/libnetfilter_cthelper/pkg/libnetfilter_cthelper-dev/usr/lib/libnetfilter_cthelper.so'
>>> libnetfilter_cthelper-dev*: Preparing subpackage libnetfilter_cthelper-dev...
>>> libnetfilter_cthelper-dev*: Stripping binaries
>>> libnetfilter_cthelper-dev*: Running postcheck for libnetfilter_cthelper-dev
>>> libnetfilter_cthelper*: Running postcheck for libnetfilter_cthelper
>>> libnetfilter_cthelper*: Preparing package libnetfilter_cthelper...
>>> libnetfilter_cthelper*: Stripping binaries
>>> libnetfilter_cthelper-dev*: Scanning shared objects
>>> libnetfilter_cthelper*: Scanning shared objects
>>> libnetfilter_cthelper-dev*: Tracing dependencies...
	libnetfilter_cthelper=1.0.1-r2
	pkgconfig
>>> libnetfilter_cthelper-dev*: Package size: 3.2 KB
>>> libnetfilter_cthelper-dev*: Compressing data...
>>> libnetfilter_cthelper-dev*: Create checksum...
pigz: not found
>>> libnetfilter_cthelper-dev*: Create libnetfilter_cthelper-dev-1.0.1-r2.apk
>>> libnetfilter_cthelper*: Tracing dependencies...
	so:libc.musl-x86_64.so.1
	so:libmnl.so.0
>>> libnetfilter_cthelper*: Package size: 17.8 KB
>>> libnetfilter_cthelper*: Compressing data...
>>> libnetfilter_cthelper*: Create checksum...
pigz: not found
>>> libnetfilter_cthelper*: Create libnetfilter_cthelper-1.0.1-r2.apk
>>> libnetfilter_cthelper: Build complete at Sun, 18 May 2025 09:35:02 +0000 elapsed time 0h 0m 8s
>>> libnetfilter_cthelper: Cleaning up srcdir
>>> libnetfilter_cthelper: Cleaning up pkgdir
>>> libnetfilter_cthelper: Uninstalling dependencies...
(1/4) Purging .makedepends-libnetfilter_cthelper (20250518.093456)
(2/4) Purging libmnl-dev (1.0.5-r2)
(3/4) Purging linux-headers (6.14.2-r0)
(4/4) Purging libmnl (1.0.5-r2)
OK: 261 MiB in 81 packages
>>> libnetfilter_cthelper: Updating the main/x86_64 repository index...
>>> libnetfilter_cthelper: Signing the index...
pigz: not found
