pigz: not found
>>> perl-css-squish: Building main/perl-css-squish 0.10-r5 (using abuild 3.14.1-r4) started Sun, 18 May 2025 09:11:15 +0000
>>> perl-css-squish: Validating /home/packager/aports/main/perl-css-squish/APKBUILD...
>>> perl-css-squish: Analyzing dependencies...
>>> perl-css-squish: Installing for build: build-base perl perl-uri perl-test-longstring
(1/8) Installing libbz2 (1.0.8-r6)
(2/8) Installing perl (5.40.2-r0)
(3/8) Installing perl-uri (5.28-r0)
(4/8) Installing perl-test-longstring (0.17-r4)
(5/8) Installing .makedepends-perl-css-squish (20250518.091116)
(6/8) Installing perl-error (0.17030-r0)
(7/8) Installing perl-git (2.47.2-r0)
(8/8) Installing git-perl (2.47.2-r0)
Executing busybox-1.37.0-r12.trigger
OK: 298 MiB in 89 packages
>>> perl-css-squish: Cleaning up srcdir
>>> perl-css-squish: Cleaning up pkgdir
>>> perl-css-squish: Cleaning up tmpdir
>>> perl-css-squish: Fetching https://cpan.metacpan.org/authors/id/T/TS/TSIBLEY/CSS-Squish-0.10.tar.gz
Connecting to cpan.metacpan.org (146.75.122.217:443)
saving to '/var/cache/distfiles/CSS-Squish-0.10.tar.gz.part'
CSS-Squish-0.10.tar. 100% |********************************|  8646  0:00:00 ETA
'/var/cache/distfiles/CSS-Squish-0.10.tar.gz.part' saved
>>> perl-css-squish: Fetching https://cpan.metacpan.org/authors/id/T/TS/TSIBLEY/CSS-Squish-0.10.tar.gz
>>> perl-css-squish: Checking sha512sums...
CSS-Squish-0.10.tar.gz: OK
>>> perl-css-squish: Unpacking /var/cache/distfiles/CSS-Squish-0.10.tar.gz...
Checking if your kit is complete...
Looks good
Generating a Unix-style Makefile
Writing Makefile for CSS::Squish
Writing MYMETA.yml and MYMETA.json
cp lib/CSS/Squish.pm blib/lib/CSS/Squish.pm
Manifying 1 pod document
PERL_DL_NONLAZY=1 "/usr/bin/perl" "-MExtUtils::Command::MM" "-MTest::Harness" "-e" "undef *Test::Harness::Switches; test_harness(0, 'blib/lib', 'blib/arch')" t/*.t
t/00-use.t .................... ok
t/01-basic.t .................. ok
t/02-edge-cases.t ............. ok
t/03-skip-http.t .............. ok
t/04-recursion.t .............. ok
t/05-basic-loop-prevention.t .. ok
t/06-server-relative-urls.t ... skipped: Functionality non-existant.  (and tests incomplete.)
t/07-basic-extra-roots.t ...... ok
t/99-pod-coverage.t ........... skipped: Test::Pod::Coverage 1.00 required for testing POD coverage
t/99-pod.t .................... skipped: Test::Pod 1.00 required for testing POD
All tests successful.
Files=10, Tests=14,  1 wallclock secs ( 0.04 usr  0.01 sys +  0.66 cusr  0.17 csys =  0.88 CPU)
Result: PASS
>>> perl-css-squish: Entering fakeroot...
Manifying 1 pod document
Appending installation info to /home/packager/aports/main/perl-css-squish/pkg/perl-css-squish/usr/lib/perl5/core_perl/perllocal.pod
Installing /home/packager/aports/main/perl-css-squish/pkg/perl-css-squish/usr/share/perl5/vendor_perl/CSS/Squish.pm
Installing /home/packager/aports/main/perl-css-squish/pkg/perl-css-squish/usr/share/man/man3/CSS::Squish.3pm
>>> perl-css-squish-doc*: Running split function doc...
'usr/share/man' -> '/home/packager/aports/main/perl-css-squish/pkg/perl-css-squish-doc/usr/share/man'
>>> perl-css-squish-doc*: Preparing subpackage perl-css-squish-doc...
>>> perl-css-squish-doc*: Running postcheck for perl-css-squish-doc
>>> perl-css-squish*: Running postcheck for perl-css-squish
>>> perl-css-squish*: Preparing package perl-css-squish...
>>> perl-css-squish-doc*: Tracing dependencies...
>>> perl-css-squish-doc*: Package size: 3.5 KB
>>> perl-css-squish-doc*: Compressing data...
>>> perl-css-squish-doc*: Create checksum...
pigz: not found
>>> perl-css-squish-doc*: Create perl-css-squish-doc-0.10-r5.apk
>>> perl-css-squish*: Tracing dependencies...
	perl
	perl-uri
	perl-test-longstring
>>> perl-css-squish*: Package size: 12.8 KB
>>> perl-css-squish*: Compressing data...
>>> perl-css-squish*: Create checksum...
pigz: not found
>>> perl-css-squish*: Create perl-css-squish-0.10-r5.apk
>>> perl-css-squish: Build complete at Sun, 18 May 2025 09:11:19 +0000 elapsed time 0h 0m 4s
>>> perl-css-squish: Cleaning up srcdir
>>> perl-css-squish: Cleaning up pkgdir
>>> perl-css-squish: Uninstalling dependencies...
(1/8) Purging .makedepends-perl-css-squish (20250518.091116)
(2/8) Purging perl-uri (5.28-r0)
(3/8) Purging perl-test-longstring (0.17-r4)
(4/8) Purging git-perl (2.47.2-r0)
(5/8) Purging perl-git (2.47.2-r0)
(6/8) Purging perl-error (0.17030-r0)
(7/8) Purging perl (5.40.2-r0)
(8/8) Purging libbz2 (1.0.8-r6)
Executing busybox-1.37.0-r12.trigger
OK: 261 MiB in 81 packages
>>> perl-css-squish: Updating the main/x86_64 repository index...
>>> perl-css-squish: Signing the index...
pigz: not found
