pigz: not found
>>> perl-posix-strftime-compiler: Building main/perl-posix-strftime-compiler 0.46-r0 (using abuild 3.14.1-r4) started Sun, 18 May 2025 09:41:05 +0000
>>> perl-posix-strftime-compiler: Validating /home/packager/aports/main/perl-posix-strftime-compiler/APKBUILD...
>>> perl-posix-strftime-compiler: Analyzing dependencies...
>>> perl-posix-strftime-compiler: Installing for build: build-base perl tzdata perl-module-build-tiny
(1/11) Installing libbz2 (1.0.8-r6)
(2/11) Installing perl (5.40.2-r0)
(3/11) Installing tzdata (2025b-r0)
(4/11) Installing perl-extutils-config (0.010-r0)
(5/11) Installing perl-extutils-helpers (0.028-r0)
(6/11) Installing perl-extutils-installpaths (0.014-r0)
(7/11) Installing perl-module-build-tiny (0.051-r0)
(8/11) Installing .makedepends-perl-posix-strftime-compiler (20250518.094106)
(9/11) Installing perl-error (0.17030-r0)
(10/11) Installing perl-git (2.47.2-r0)
(11/11) Installing git-perl (2.47.2-r0)
Executing busybox-1.37.0-r12.trigger
OK: 298 MiB in 92 packages
>>> perl-posix-strftime-compiler: Cleaning up srcdir
>>> perl-posix-strftime-compiler: Cleaning up pkgdir
>>> perl-posix-strftime-compiler: Cleaning up tmpdir
>>> perl-posix-strftime-compiler: Fetching https://cpan.metacpan.org/authors/id/K/KA/KAZEBURO/POSIX-strftime-Compiler-0.46.tar.gz
Connecting to cpan.metacpan.org (146.75.122.217:443)
saving to '/var/cache/distfiles/POSIX-strftime-Compiler-0.46.tar.gz.part'
POSIX-strftime-Compi 100% |********************************| 17189  0:00:00 ETA
'/var/cache/distfiles/POSIX-strftime-Compiler-0.46.tar.gz.part' saved
>>> perl-posix-strftime-compiler: Fetching https://cpan.metacpan.org/authors/id/K/KA/KAZEBURO/POSIX-strftime-Compiler-0.46.tar.gz
>>> perl-posix-strftime-compiler: Checking sha512sums...
POSIX-strftime-Compiler-0.46.tar.gz: OK
change-timezone-name.patch: OK
>>> perl-posix-strftime-compiler: Unpacking /var/cache/distfiles/POSIX-strftime-Compiler-0.46.tar.gz...
>>> perl-posix-strftime-compiler: change-timezone-name.patch
patching file t/02_timezone.t
Creating new 'Build' script for 'POSIX-strftime-Compiler' version '0.46'
cp lib/POSIX/strftime/Compiler.pm blib/lib/POSIX/strftime/Compiler.pm
t/00_compile.t ... ok
t/01_basic.t ..... ok
t/02_timezone.t .. ok
t/03_isoweek.t ... ok
t/04_tzset.t ..... skipped: tzdada is not enough: +0200 at t/04_tzset.t line 33.
All tests successful.
Files=5, Tests=375,  0 wallclock secs ( 0.05 usr  0.01 sys +  0.56 cusr  0.16 csys =  0.78 CPU)
Result: PASS
>>> perl-posix-strftime-compiler: Entering fakeroot...
Installing /home/packager/aports/main/perl-posix-strftime-compiler/pkg/perl-posix-strftime-compiler/usr/share/perl5/vendor_perl/POSIX/strftime/Compiler.pm
Installing /home/packager/aports/main/perl-posix-strftime-compiler/pkg/perl-posix-strftime-compiler/usr/share/man/man3/POSIX::strftime::Compiler.3pm
>>> perl-posix-strftime-compiler-doc*: Running split function doc...
'usr/share/man' -> '/home/packager/aports/main/perl-posix-strftime-compiler/pkg/perl-posix-strftime-compiler-doc/usr/share/man'
>>> perl-posix-strftime-compiler-doc*: Preparing subpackage perl-posix-strftime-compiler-doc...
>>> perl-posix-strftime-compiler-doc*: Running postcheck for perl-posix-strftime-compiler-doc
>>> perl-posix-strftime-compiler*: Running postcheck for perl-posix-strftime-compiler
>>> perl-posix-strftime-compiler*: Preparing package perl-posix-strftime-compiler...
>>> perl-posix-strftime-compiler-doc*: Tracing dependencies...
>>> perl-posix-strftime-compiler-doc*: Package size: 2.0 KB
>>> perl-posix-strftime-compiler-doc*: Compressing data...
>>> perl-posix-strftime-compiler-doc*: Create checksum...
pigz: not found
>>> perl-posix-strftime-compiler-doc*: Create perl-posix-strftime-compiler-doc-0.46-r0.apk
>>> perl-posix-strftime-compiler*: Tracing dependencies...
	perl
	tzdata
>>> perl-posix-strftime-compiler*: Package size: 14.5 KB
>>> perl-posix-strftime-compiler*: Compressing data...
>>> perl-posix-strftime-compiler*: Create checksum...
pigz: not found
>>> perl-posix-strftime-compiler*: Create perl-posix-strftime-compiler-0.46-r0.apk
>>> perl-posix-strftime-compiler: Build complete at Sun, 18 May 2025 09:41:09 +0000 elapsed time 0h 0m 4s
>>> perl-posix-strftime-compiler: Cleaning up srcdir
>>> perl-posix-strftime-compiler: Cleaning up pkgdir
>>> perl-posix-strftime-compiler: Uninstalling dependencies...
(1/11) Purging .makedepends-perl-posix-strftime-compiler (20250518.094106)
(2/11) Purging tzdata (2025b-r0)
(3/11) Purging perl-module-build-tiny (0.051-r0)
(4/11) Purging perl-extutils-helpers (0.028-r0)
(5/11) Purging perl-extutils-installpaths (0.014-r0)
(6/11) Purging perl-extutils-config (0.010-r0)
(7/11) Purging git-perl (2.47.2-r0)
(8/11) Purging perl-git (2.47.2-r0)
(9/11) Purging perl-error (0.17030-r0)
(10/11) Purging perl (5.40.2-r0)
(11/11) Purging libbz2 (1.0.8-r6)
Executing busybox-1.37.0-r12.trigger
OK: 261 MiB in 81 packages
>>> perl-posix-strftime-compiler: Updating the main/x86_64 repository index...
>>> perl-posix-strftime-compiler: Signing the index...
pigz: not found
