pigz: not found
>>> libburn: Building main/libburn 1.5.6-r0 (using abuild 3.14.1-r4) started Sun, 18 May 2025 09:43:49 +0000
>>> libburn: Validating /home/packager/aports/main/libburn/APKBUILD...
>>> libburn: Analyzing dependencies...
>>> libburn: Installing for build: build-base linux-headers
(1/2) Installing linux-headers (6.14.2-r0)
(2/2) Installing .makedepends-libburn (20250518.094351)
OK: 267 MiB in 83 packages
>>> libburn: Cleaning up srcdir
>>> libburn: Cleaning up pkgdir
>>> libburn: Cleaning up tmpdir
>>> libburn: Fetching https://files.libburnia-project.org/releases/libburn-1.5.6.tar.gz
Connecting to files.libburnia-project.org (104.248.140.207:443)
saving to '/var/cache/distfiles/libburn-1.5.6.tar.gz.part'
libburn-1.5.6.tar.gz  87% |***************************     |  847k  0:00:00 ETA
libburn-1.5.6.tar.gz 100% |********************************|  972k  0:00:00 ETA
'/var/cache/distfiles/libburn-1.5.6.tar.gz.part' saved
>>> libburn: Fetching https://files.libburnia-project.org/releases/libburn-1.5.6.tar.gz
>>> libburn: Checking sha512sums...
libburn-1.5.6.tar.gz: OK
>>> libburn: Unpacking /var/cache/distfiles/libburn-1.5.6.tar.gz...
>>> libburn: Updating ./config.sub
checking build system type... x86_64-alpine-linux-musl
checking host system type... x86_64-alpine-linux-musl
checking target system type... x86_64-alpine-linux-musl
checking for a BSD-compatible install... /usr/bin/install -c
checking whether build environment is sane... yes
checking for a thread-safe mkdir -p... ./install-sh -c -d
checking for gawk... no
checking for mawk... no
checking for nawk... no
checking for awk... awk
checking whether make sets $(MAKE)... yes
checking whether make supports nested variables... yes
checking for style of include used by make... GNU
checking for x86_64-alpine-linux-musl-gcc... gcc
checking whether the C compiler works... yes
checking for C compiler default output file name... a.out
checking for suffix of executables... 
checking whether we are cross compiling... no
checking for suffix of object files... o
checking whether we are using the GNU C compiler... yes
checking whether gcc accepts -g... yes
checking for gcc option to accept ISO C89... none needed
checking whether gcc understands -c and -o together... yes
checking dependency style of gcc... gcc3
checking for an ANSI C-conforming const... yes
checking for inline... inline
checking for special C compiler options needed for large files... no
checking for _FILE_OFFSET_BITS value needed for large files... no
checking for _LARGEFILE_SOURCE value needed for large files... no
checking for fseeko... yes
checking how to print strings... printf
checking for a sed that does not truncate output... /bin/sed
checking for grep that handles long lines and -e... /bin/grep
checking for egrep... /bin/grep -E
checking for fgrep... /bin/grep -F
checking for ld used by gcc... /usr/x86_64-alpine-linux-musl/bin/ld
checking if the linker (/usr/x86_64-alpine-linux-musl/bin/ld) is GNU ld... yes
checking for BSD- or MS-compatible name lister (nm)... /usr/bin/nm -B
checking the name lister (/usr/bin/nm -B) interface... BSD nm
checking whether ln -s works... yes
checking the maximum length of command line arguments... 98304
checking whether the shell understands some XSI constructs... yes
checking whether the shell understands "+="... yes
checking how to convert x86_64-alpine-linux-musl file names to x86_64-alpine-linux-musl format... func_convert_file_noop
checking how to convert x86_64-alpine-linux-musl file names to toolchain format... func_convert_file_noop
checking for /usr/x86_64-alpine-linux-musl/bin/ld option to reload object files... -r
checking for x86_64-alpine-linux-musl-objdump... no
checking for objdump... objdump
checking how to recognize dependent libraries... pass_all
checking for x86_64-alpine-linux-musl-dlltool... no
checking for dlltool... no
checking how to associate runtime and link libraries... printf %s\n
checking for x86_64-alpine-linux-musl-ar... no
checking for ar... ar
checking for archiver @FILE support... @
checking for x86_64-alpine-linux-musl-strip... no
checking for strip... strip
checking for x86_64-alpine-linux-musl-ranlib... no
checking for ranlib... ranlib
checking command to parse /usr/bin/nm -B output from gcc object... ok
checking for sysroot... no
checking for x86_64-alpine-linux-musl-mt... no
checking for mt... no
checking if : is a manifest tool... no
checking how to run the C preprocessor... gcc -E
checking for ANSI C header files... yes
checking for sys/types.h... yes
checking for sys/stat.h... yes
checking for stdlib.h... yes
checking for string.h... yes
checking for memory.h... yes
checking for strings.h... yes
checking for inttypes.h... yes
checking for stdint.h... yes
checking for unistd.h... yes
checking for dlfcn.h... yes
checking for objdir... .libs
checking if gcc supports -fno-rtti -fno-exceptions... no
checking for gcc option to produce PIC... -fPIC -DPIC
checking if gcc PIC flag -fPIC -DPIC works... yes
checking if gcc static flag -static works... yes
checking if gcc supports -c -o file.o... yes
checking if gcc supports -c -o file.o... (cached) yes
checking whether the gcc linker (/usr/x86_64-alpine-linux-musl/bin/ld -m elf_x86_64) supports shared libraries... yes
checking whether -lc should be explicitly linked in... no
checking dynamic linker characteristics... GNU/Linux ld.so
checking how to hardcode library paths into programs... immediate
checking whether stripping libraries is possible... yes
checking if libtool supports shared libraries... yes
checking whether to build shared libraries... yes
checking whether to build static libraries... no
checking dummy usability... no
checking dummy presence... no
checking for dummy... no
checking mt usability... no
checking mt presence... no
checking for mt... no
checking target operating system... linux
checking sys/statvfs.h usability... yes
checking sys/statvfs.h presence... yes
checking for sys/statvfs.h... yes
checking for statvfs... yes
disabled use of O_DIRECT with track input
disabled write size default 64 KB on DVD
disabled padding of DVD DAO sessions to 32 or 64 KB
checking for x86_64-alpine-linux-musl-pkg-config... no
checking for pkg-config... /usr/bin/pkg-config
checking pkg-config is at least version 0.9.0... yes
checking for missing scsi/scsi.h on Linux... no
enabled  strict symbol encapsulation
checking for overridden pkgconfig directory path... no
checking that generated files are newer than configure... done
configure: creating ./config.status
config.status: creating Makefile
config.status: creating doc/doxygen.conf
config.status: creating version.h
config.status: creating libburn-1.pc
config.status: executing depfiles commands
config.status: executing libtool commands
depbase=`echo libburn/async.lo | sed 's|[^/]*$|.deps/&|;s|\.lo$||'`;\
/bin/sh ./libtool  --tag=CC   --mode=compile gcc -DPACKAGE_NAME=\"libburn\" -DPACKAGE_TARNAME=\"libburn\" -DPACKAGE_VERSION=\"1.5.6\" -DPACKAGE_STRING=\"libburn\ 1.5.6\" -DPACKAGE_BUGREPORT=\"http://libburnia-project.org\" -DPACKAGE_URL=\"\" -DPACKAGE=\"libburn\" -DVERSION=\"1.5.6\" -DHAVE_FSEEKO=1 -DSTDC_HEADERS=1 -DHAVE_SYS_TYPES_H=1 -DHAVE_SYS_STAT_H=1 -DHAVE_STDLIB_H=1 -DHAVE_STRING_H=1 -DHAVE_MEMORY_H=1 -DHAVE_STRINGS_H=1 -DHAVE_INTTYPES_H=1 -DHAVE_STDINT_H=1 -DHAVE_UNISTD_H=1 -DHAVE_DLFCN_H=1 -DLT_OBJDIR=\".libs/\" -I.     -DDEBUG -g -pedantic -Wall -Wextra -Wno-unused-parameter -Wno-char-subscripts    -DLibburn_os_has_statvfS -Os -fstack-clash-protection -Wformat -Werror=format-security -fno-plt -flto=auto -MT libburn/async.lo -MD -MP -MF $depbase.Tpo -c -o libburn/async.lo libburn/async.c &&\
mv -f $depbase.Tpo $depbase.Plo
depbase=`echo libburn/cdtext.lo | sed 's|[^/]*$|.deps/&|;s|\.lo$||'`;\
/bin/sh ./libtool  --tag=CC   --mode=compile gcc -DPACKAGE_NAME=\"libburn\" -DPACKAGE_TARNAME=\"libburn\" -DPACKAGE_VERSION=\"1.5.6\" -DPACKAGE_STRING=\"libburn\ 1.5.6\" -DPACKAGE_BUGREPORT=\"http://libburnia-project.org\" -DPACKAGE_URL=\"\" -DPACKAGE=\"libburn\" -DVERSION=\"1.5.6\" -DHAVE_FSEEKO=1 -DSTDC_HEADERS=1 -DHAVE_SYS_TYPES_H=1 -DHAVE_SYS_STAT_H=1 -DHAVE_STDLIB_H=1 -DHAVE_STRING_H=1 -DHAVE_MEMORY_H=1 -DHAVE_STRINGS_H=1 -DHAVE_INTTYPES_H=1 -DHAVE_STDINT_H=1 -DHAVE_UNISTD_H=1 -DHAVE_DLFCN_H=1 -DLT_OBJDIR=\".libs/\" -I.     -DDEBUG -g -pedantic -Wall -Wextra -Wno-unused-parameter -Wno-char-subscripts    -DLibburn_os_has_statvfS -Os -fstack-clash-protection -Wformat -Werror=format-security -fno-plt -flto=auto -MT libburn/cdtext.lo -MD -MP -MF $depbase.Tpo -c -o libburn/cdtext.lo libburn/cdtext.c &&\
mv -f $depbase.Tpo $depbase.Plo
depbase=`echo libburn/cleanup.lo | sed 's|[^/]*$|.deps/&|;s|\.lo$||'`;\
/bin/sh ./libtool  --tag=CC   --mode=compile gcc -DPACKAGE_NAME=\"libburn\" -DPACKAGE_TARNAME=\"libburn\" -DPACKAGE_VERSION=\"1.5.6\" -DPACKAGE_STRING=\"libburn\ 1.5.6\" -DPACKAGE_BUGREPORT=\"http://libburnia-project.org\" -DPACKAGE_URL=\"\" -DPACKAGE=\"libburn\" -DVERSION=\"1.5.6\" -DHAVE_FSEEKO=1 -DSTDC_HEADERS=1 -DHAVE_SYS_TYPES_H=1 -DHAVE_SYS_STAT_H=1 -DHAVE_STDLIB_H=1 -DHAVE_STRING_H=1 -DHAVE_MEMORY_H=1 -DHAVE_STRINGS_H=1 -DHAVE_INTTYPES_H=1 -DHAVE_STDINT_H=1 -DHAVE_UNISTD_H=1 -DHAVE_DLFCN_H=1 -DLT_OBJDIR=\".libs/\" -I.     -DDEBUG -g -pedantic -Wall -Wextra -Wno-unused-parameter -Wno-char-subscripts    -DLibburn_os_has_statvfS -Os -fstack-clash-protection -Wformat -Werror=format-security -fno-plt -flto=auto -MT libburn/cleanup.lo -MD -MP -MF $depbase.Tpo -c -o libburn/cleanup.lo libburn/cleanup.c &&\
mv -f $depbase.Tpo $depbase.Plo
depbase=`echo libburn/crc.lo | sed 's|[^/]*$|.deps/&|;s|\.lo$||'`;\
/bin/sh ./libtool  --tag=CC   --mode=compile gcc -DPACKAGE_NAME=\"libburn\" -DPACKAGE_TARNAME=\"libburn\" -DPACKAGE_VERSION=\"1.5.6\" -DPACKAGE_STRING=\"libburn\ 1.5.6\" -DPACKAGE_BUGREPORT=\"http://libburnia-project.org\" -DPACKAGE_URL=\"\" -DPACKAGE=\"libburn\" -DVERSION=\"1.5.6\" -DHAVE_FSEEKO=1 -DSTDC_HEADERS=1 -DHAVE_SYS_TYPES_H=1 -DHAVE_SYS_STAT_H=1 -DHAVE_STDLIB_H=1 -DHAVE_STRING_H=1 -DHAVE_MEMORY_H=1 -DHAVE_STRINGS_H=1 -DHAVE_INTTYPES_H=1 -DHAVE_STDINT_H=1 -DHAVE_UNISTD_H=1 -DHAVE_DLFCN_H=1 -DLT_OBJDIR=\".libs/\" -I.     -DDEBUG -g -pedantic -Wall -Wextra -Wno-unused-parameter -Wno-char-subscripts    -DLibburn_os_has_statvfS -Os -fstack-clash-protection -Wformat -Werror=format-security -fno-plt -flto=auto -MT libburn/crc.lo -MD -MP -MF $depbase.Tpo -c -o libburn/crc.lo libburn/crc.c &&\
mv -f $depbase.Tpo $depbase.Plo
depbase=`echo libburn/debug.lo | sed 's|[^/]*$|.deps/&|;s|\.lo$||'`;\
/bin/sh ./libtool  --tag=CC   --mode=compile gcc -DPACKAGE_NAME=\"libburn\" -DPACKAGE_TARNAME=\"libburn\" -DPACKAGE_VERSION=\"1.5.6\" -DPACKAGE_STRING=\"libburn\ 1.5.6\" -DPACKAGE_BUGREPORT=\"http://libburnia-project.org\" -DPACKAGE_URL=\"\" -DPACKAGE=\"libburn\" -DVERSION=\"1.5.6\" -DHAVE_FSEEKO=1 -DSTDC_HEADERS=1 -DHAVE_SYS_TYPES_H=1 -DHAVE_SYS_STAT_H=1 -DHAVE_STDLIB_H=1 -DHAVE_STRING_H=1 -DHAVE_MEMORY_H=1 -DHAVE_STRINGS_H=1 -DHAVE_INTTYPES_H=1 -DHAVE_STDINT_H=1 -DHAVE_UNISTD_H=1 -DHAVE_DLFCN_H=1 -DLT_OBJDIR=\".libs/\" -I.     -DDEBUG -g -pedantic -Wall -Wextra -Wno-unused-parameter -Wno-char-subscripts    -DLibburn_os_has_statvfS -Os -fstack-clash-protection -Wformat -Werror=format-security -fno-plt -flto=auto -MT libburn/debug.lo -MD -MP -MF $depbase.Tpo -c -o libburn/debug.lo libburn/debug.c &&\
mv -f $depbase.Tpo $depbase.Plo
depbase=`echo libburn/drive.lo | sed 's|[^/]*$|.deps/&|;s|\.lo$||'`;\
/bin/sh ./libtool  --tag=CC   --mode=compile gcc -DPACKAGE_NAME=\"libburn\" -DPACKAGE_TARNAME=\"libburn\" -DPACKAGE_VERSION=\"1.5.6\" -DPACKAGE_STRING=\"libburn\ 1.5.6\" -DPACKAGE_BUGREPORT=\"http://libburnia-project.org\" -DPACKAGE_URL=\"\" -DPACKAGE=\"libburn\" -DVERSION=\"1.5.6\" -DHAVE_FSEEKO=1 -DSTDC_HEADERS=1 -DHAVE_SYS_TYPES_H=1 -DHAVE_SYS_STAT_H=1 -DHAVE_STDLIB_H=1 -DHAVE_STRING_H=1 -DHAVE_MEMORY_H=1 -DHAVE_STRINGS_H=1 -DHAVE_INTTYPES_H=1 -DHAVE_STDINT_H=1 -DHAVE_UNISTD_H=1 -DHAVE_DLFCN_H=1 -DLT_OBJDIR=\".libs/\" -I.     -DDEBUG -g -pedantic -Wall -Wextra -Wno-unused-parameter -Wno-char-subscripts    -DLibburn_os_has_statvfS -Os -fstack-clash-protection -Wformat -Werror=format-security -fno-plt -flto=auto -MT libburn/drive.lo -MD -MP -MF $depbase.Tpo -c -o libburn/drive.lo libburn/drive.c &&\
mv -f $depbase.Tpo $depbase.Plo
depbase=`echo libburn/ecma130ab.lo | sed 's|[^/]*$|.deps/&|;s|\.lo$||'`;\
/bin/sh ./libtool  --tag=CC   --mode=compile gcc -DPACKAGE_NAME=\"libburn\" -DPACKAGE_TARNAME=\"libburn\" -DPACKAGE_VERSION=\"1.5.6\" -DPACKAGE_STRING=\"libburn\ 1.5.6\" -DPACKAGE_BUGREPORT=\"http://libburnia-project.org\" -DPACKAGE_URL=\"\" -DPACKAGE=\"libburn\" -DVERSION=\"1.5.6\" -DHAVE_FSEEKO=1 -DSTDC_HEADERS=1 -DHAVE_SYS_TYPES_H=1 -DHAVE_SYS_STAT_H=1 -DHAVE_STDLIB_H=1 -DHAVE_STRING_H=1 -DHAVE_MEMORY_H=1 -DHAVE_STRINGS_H=1 -DHAVE_INTTYPES_H=1 -DHAVE_STDINT_H=1 -DHAVE_UNISTD_H=1 -DHAVE_DLFCN_H=1 -DLT_OBJDIR=\".libs/\" -I.     -DDEBUG -g -pedantic -Wall -Wextra -Wno-unused-parameter -Wno-char-subscripts    -DLibburn_os_has_statvfS -Os -fstack-clash-protection -Wformat -Werror=format-security -fno-plt -flto=auto -MT libburn/ecma130ab.lo -MD -MP -MF $depbase.Tpo -c -o libburn/ecma130ab.lo libburn/ecma130ab.c &&\
mv -f $depbase.Tpo $depbase.Plo
depbase=`echo libburn/file.lo | sed 's|[^/]*$|.deps/&|;s|\.lo$||'`;\
/bin/sh ./libtool  --tag=CC   --mode=compile gcc -DPACKAGE_NAME=\"libburn\" -DPACKAGE_TARNAME=\"libburn\" -DPACKAGE_VERSION=\"1.5.6\" -DPACKAGE_STRING=\"libburn\ 1.5.6\" -DPACKAGE_BUGREPORT=\"http://libburnia-project.org\" -DPACKAGE_URL=\"\" -DPACKAGE=\"libburn\" -DVERSION=\"1.5.6\" -DHAVE_FSEEKO=1 -DSTDC_HEADERS=1 -DHAVE_SYS_TYPES_H=1 -DHAVE_SYS_STAT_H=1 -DHAVE_STDLIB_H=1 -DHAVE_STRING_H=1 -DHAVE_MEMORY_H=1 -DHAVE_STRINGS_H=1 -DHAVE_INTTYPES_H=1 -DHAVE_STDINT_H=1 -DHAVE_UNISTD_H=1 -DHAVE_DLFCN_H=1 -DLT_OBJDIR=\".libs/\" -I.     -DDEBUG -g -pedantic -Wall -Wextra -Wno-unused-parameter -Wno-char-subscripts    -DLibburn_os_has_statvfS -Os -fstack-clash-protection -Wformat -Werror=format-security -fno-plt -flto=auto -MT libburn/file.lo -MD -MP -MF $depbase.Tpo -c -o libburn/file.lo libburn/file.c &&\
mv -f $depbase.Tpo $depbase.Plo
libtool: compile:  gcc "-DPACKAGE_NAME=\"libburn\"" "-DPACKAGE_TARNAME=\"libburn\"" "-DPACKAGE_VERSION=\"1.5.6\"" "-DPACKAGE_STRING=\"libburn 1.5.6\"" "-DPACKAGE_BUGREPORT=\"http://libburnia-project.org\"" "-DPACKAGE_URL=\"\"" "-DPACKAGE=\"libburn\"" "-DVERSION=\"1.5.6\"" -DHAVE_FSEEKO=1 -DSTDC_HEADERS=1 -DHAVE_SYS_TYPES_H=1 -DHAVE_SYS_STAT_H=1 -DHAVE_STDLIB_H=1 -DHAVE_STRING_H=1 -DHAVE_MEMORY_H=1 -DHAVE_STRINGS_H=1 -DHAVE_INTTYPES_H=1 -DHAVE_STDINT_H=1 -DHAVE_UNISTD_H=1 -DHAVE_DLFCN_H=1 "-DLT_OBJDIR=\".libs/\"" -I. -DDEBUG -g -pedantic -Wall -Wextra -Wno-unused-parameter -Wno-char-subscripts -DLibburn_os_has_statvfS -Os -fstack-clash-protection -Wformat -Werror=format-security -fno-plt -flto=auto -MT libburn/async.lo -MD -MP -MF libburn/.deps/async.Tpo -c libburn/async.c  -fPIC -DPIC -o libburn/.libs/async.o
libtool: compile:  gcc "-DPACKAGE_NAME=\"libburn\"" "-DPACKAGE_TARNAME=\"libburn\"" "-DPACKAGE_VERSION=\"1.5.6\"" "-DPACKAGE_STRING=\"libburn 1.5.6\"" "-DPACKAGE_BUGREPORT=\"http://libburnia-project.org\"" "-DPACKAGE_URL=\"\"" "-DPACKAGE=\"libburn\"" "-DVERSION=\"1.5.6\"" -DHAVE_FSEEKO=1 -DSTDC_HEADERS=1 -DHAVE_SYS_TYPES_H=1 -DHAVE_SYS_STAT_H=1 -DHAVE_STDLIB_H=1 -DHAVE_STRING_H=1 -DHAVE_MEMORY_H=1 -DHAVE_STRINGS_H=1 -DHAVE_INTTYPES_H=1 -DHAVE_STDINT_H=1 -DHAVE_UNISTD_H=1 -DHAVE_DLFCN_H=1 "-DLT_OBJDIR=\".libs/\"" -I. -DDEBUG -g -pedantic -Wall -Wextra -Wno-unused-parameter -Wno-char-subscripts -DLibburn_os_has_statvfS -Os -fstack-clash-protection -Wformat -Werror=format-security -fno-plt -flto=auto -MT libburn/crc.lo -MD -MP -MF libburn/.deps/crc.Tpo -c libburn/crc.c  -fPIC -DPIC -o libburn/.libs/crc.o
libtool: compile:  gcc "-DPACKAGE_NAME=\"libburn\"" "-DPACKAGE_TARNAME=\"libburn\"" "-DPACKAGE_VERSION=\"1.5.6\"" "-DPACKAGE_STRING=\"libburn 1.5.6\"" "-DPACKAGE_BUGREPORT=\"http://libburnia-project.org\"" "-DPACKAGE_URL=\"\"" "-DPACKAGE=\"libburn\"" "-DVERSION=\"1.5.6\"" -DHAVE_FSEEKO=1 -DSTDC_HEADERS=1 -DHAVE_SYS_TYPES_H=1 -DHAVE_SYS_STAT_H=1 -DHAVE_STDLIB_H=1 -DHAVE_STRING_H=1 -DHAVE_MEMORY_H=1 -DHAVE_STRINGS_H=1 -DHAVE_INTTYPES_H=1 -DHAVE_STDINT_H=1 -DHAVE_UNISTD_H=1 -DHAVE_DLFCN_H=1 "-DLT_OBJDIR=\".libs/\"" -I. -DDEBUG -g -pedantic -Wall -Wextra -Wno-unused-parameter -Wno-char-subscripts -DLibburn_os_has_statvfS -Os -fstack-clash-protection -Wformat -Werror=format-security -fno-plt -flto=auto -MT libburn/ecma130ab.lo -MD -MP -MF libburn/.deps/ecma130ab.Tpo -c libburn/ecma130ab.c  -fPIC -DPIC -o libburn/.libs/ecma130ab.o
libtool: compile:  gcc "-DPACKAGE_NAME=\"libburn\"" "-DPACKAGE_TARNAME=\"libburn\"" "-DPACKAGE_VERSION=\"1.5.6\"" "-DPACKAGE_STRING=\"libburn 1.5.6\"" "-DPACKAGE_BUGREPORT=\"http://libburnia-project.org\"" "-DPACKAGE_URL=\"\"" "-DPACKAGE=\"libburn\"" "-DVERSION=\"1.5.6\"" -DHAVE_FSEEKO=1 -DSTDC_HEADERS=1 -DHAVE_SYS_TYPES_H=1 -DHAVE_SYS_STAT_H=1 -DHAVE_STDLIB_H=1 -DHAVE_STRING_H=1 -DHAVE_MEMORY_H=1 -DHAVE_STRINGS_H=1 -DHAVE_INTTYPES_H=1 -DHAVE_STDINT_H=1 -DHAVE_UNISTD_H=1 -DHAVE_DLFCN_H=1 "-DLT_OBJDIR=\".libs/\"" -I. -DDEBUG -g -pedantic -Wall -Wextra -Wno-unused-parameter -Wno-char-subscripts -DLibburn_os_has_statvfS -Os -fstack-clash-protection -Wformat -Werror=format-security -fno-plt -flto=auto -MT libburn/cdtext.lo -MD -MP -MF libburn/.deps/cdtext.Tpo -c libburn/cdtext.c  -fPIC -DPIC -o libburn/.libs/cdtext.o
libtool: compile:  gcc "-DPACKAGE_NAME=\"libburn\"" "-DPACKAGE_TARNAME=\"libburn\"" "-DPACKAGE_VERSION=\"1.5.6\"" "-DPACKAGE_STRING=\"libburn 1.5.6\"" "-DPACKAGE_BUGREPORT=\"http://libburnia-project.org\"" "-DPACKAGE_URL=\"\"" "-DPACKAGE=\"libburn\"" "-DVERSION=\"1.5.6\"" -DHAVE_FSEEKO=1 -DSTDC_HEADERS=1 -DHAVE_SYS_TYPES_H=1 -DHAVE_SYS_STAT_H=1 -DHAVE_STDLIB_H=1 -DHAVE_STRING_H=1 -DHAVE_MEMORY_H=1 -DHAVE_STRINGS_H=1 -DHAVE_INTTYPES_H=1 -DHAVE_STDINT_H=1 -DHAVE_UNISTD_H=1 -DHAVE_DLFCN_H=1 "-DLT_OBJDIR=\".libs/\"" -I. -DDEBUG -g -pedantic -Wall -Wextra -Wno-unused-parameter -Wno-char-subscripts -DLibburn_os_has_statvfS -Os -fstack-clash-protection -Wformat -Werror=format-security -fno-plt -flto=auto -MT libburn/file.lo -MD -MP -MF libburn/.deps/file.Tpo -c libburn/file.c  -fPIC -DPIC -o libburn/.libs/file.o
libtool: compile:  gcc "-DPACKAGE_NAME=\"libburn\"" "-DPACKAGE_TARNAME=\"libburn\"" "-DPACKAGE_VERSION=\"1.5.6\"" "-DPACKAGE_STRING=\"libburn 1.5.6\"" "-DPACKAGE_BUGREPORT=\"http://libburnia-project.org\"" "-DPACKAGE_URL=\"\"" "-DPACKAGE=\"libburn\"" "-DVERSION=\"1.5.6\"" -DHAVE_FSEEKO=1 -DSTDC_HEADERS=1 -DHAVE_SYS_TYPES_H=1 -DHAVE_SYS_STAT_H=1 -DHAVE_STDLIB_H=1 -DHAVE_STRING_H=1 -DHAVE_MEMORY_H=1 -DHAVE_STRINGS_H=1 -DHAVE_INTTYPES_H=1 -DHAVE_STDINT_H=1 -DHAVE_UNISTD_H=1 -DHAVE_DLFCN_H=1 "-DLT_OBJDIR=\".libs/\"" -I. -DDEBUG -g -pedantic -Wall -Wextra -Wno-unused-parameter -Wno-char-subscripts -DLibburn_os_has_statvfS -Os -fstack-clash-protection -Wformat -Werror=format-security -fno-plt -flto=auto -MT libburn/cleanup.lo -MD -MP -MF libburn/.deps/cleanup.Tpo -c libburn/cleanup.c  -fPIC -DPIC -o libburn/.libs/cleanup.o
libtool: compile:  gcc "-DPACKAGE_NAME=\"libburn\"" "-DPACKAGE_TARNAME=\"libburn\"" "-DPACKAGE_VERSION=\"1.5.6\"" "-DPACKAGE_STRING=\"libburn 1.5.6\"" "-DPACKAGE_BUGREPORT=\"http://libburnia-project.org\"" "-DPACKAGE_URL=\"\"" "-DPACKAGE=\"libburn\"" "-DVERSION=\"1.5.6\"" -DHAVE_FSEEKO=1 -DSTDC_HEADERS=1 -DHAVE_SYS_TYPES_H=1 -DHAVE_SYS_STAT_H=1 -DHAVE_STDLIB_H=1 -DHAVE_STRING_H=1 -DHAVE_MEMORY_H=1 -DHAVE_STRINGS_H=1 -DHAVE_INTTYPES_H=1 -DHAVE_STDINT_H=1 -DHAVE_UNISTD_H=1 -DHAVE_DLFCN_H=1 "-DLT_OBJDIR=\".libs/\"" -I. -DDEBUG -g -pedantic -Wall -Wextra -Wno-unused-parameter -Wno-char-subscripts -DLibburn_os_has_statvfS -Os -fstack-clash-protection -Wformat -Werror=format-security -fno-plt -flto=auto -MT libburn/debug.lo -MD -MP -MF libburn/.deps/debug.Tpo -c libburn/debug.c  -fPIC -DPIC -o libburn/.libs/debug.o
libtool: compile:  gcc "-DPACKAGE_NAME=\"libburn\"" "-DPACKAGE_TARNAME=\"libburn\"" "-DPACKAGE_VERSION=\"1.5.6\"" "-DPACKAGE_STRING=\"libburn 1.5.6\"" "-DPACKAGE_BUGREPORT=\"http://libburnia-project.org\"" "-DPACKAGE_URL=\"\"" "-DPACKAGE=\"libburn\"" "-DVERSION=\"1.5.6\"" -DHAVE_FSEEKO=1 -DSTDC_HEADERS=1 -DHAVE_SYS_TYPES_H=1 -DHAVE_SYS_STAT_H=1 -DHAVE_STDLIB_H=1 -DHAVE_STRING_H=1 -DHAVE_MEMORY_H=1 -DHAVE_STRINGS_H=1 -DHAVE_INTTYPES_H=1 -DHAVE_STDINT_H=1 -DHAVE_UNISTD_H=1 -DHAVE_DLFCN_H=1 "-DLT_OBJDIR=\".libs/\"" -I. -DDEBUG -g -pedantic -Wall -Wextra -Wno-unused-parameter -Wno-char-subscripts -DLibburn_os_has_statvfS -Os -fstack-clash-protection -Wformat -Werror=format-security -fno-plt -flto=auto -MT libburn/drive.lo -MD -MP -MF libburn/.deps/drive.Tpo -c libburn/drive.c  -fPIC -DPIC -o libburn/.libs/drive.o
depbase=`echo libburn/init.lo | sed 's|[^/]*$|.deps/&|;s|\.lo$||'`;\
/bin/sh ./libtool  --tag=CC   --mode=compile gcc -DPACKAGE_NAME=\"libburn\" -DPACKAGE_TARNAME=\"libburn\" -DPACKAGE_VERSION=\"1.5.6\" -DPACKAGE_STRING=\"libburn\ 1.5.6\" -DPACKAGE_BUGREPORT=\"http://libburnia-project.org\" -DPACKAGE_URL=\"\" -DPACKAGE=\"libburn\" -DVERSION=\"1.5.6\" -DHAVE_FSEEKO=1 -DSTDC_HEADERS=1 -DHAVE_SYS_TYPES_H=1 -DHAVE_SYS_STAT_H=1 -DHAVE_STDLIB_H=1 -DHAVE_STRING_H=1 -DHAVE_MEMORY_H=1 -DHAVE_STRINGS_H=1 -DHAVE_INTTYPES_H=1 -DHAVE_STDINT_H=1 -DHAVE_UNISTD_H=1 -DHAVE_DLFCN_H=1 -DLT_OBJDIR=\".libs/\" -I.     -DDEBUG -g -pedantic -Wall -Wextra -Wno-unused-parameter -Wno-char-subscripts    -DLibburn_os_has_statvfS -Os -fstack-clash-protection -Wformat -Werror=format-security -fno-plt -flto=auto -MT libburn/init.lo -MD -MP -MF $depbase.Tpo -c -o libburn/init.lo libburn/init.c &&\
mv -f $depbase.Tpo $depbase.Plo
depbase=`echo libburn/libdax_audioxtr.lo | sed 's|[^/]*$|.deps/&|;s|\.lo$||'`;\
/bin/sh ./libtool  --tag=CC   --mode=compile gcc -DPACKAGE_NAME=\"libburn\" -DPACKAGE_TARNAME=\"libburn\" -DPACKAGE_VERSION=\"1.5.6\" -DPACKAGE_STRING=\"libburn\ 1.5.6\" -DPACKAGE_BUGREPORT=\"http://libburnia-project.org\" -DPACKAGE_URL=\"\" -DPACKAGE=\"libburn\" -DVERSION=\"1.5.6\" -DHAVE_FSEEKO=1 -DSTDC_HEADERS=1 -DHAVE_SYS_TYPES_H=1 -DHAVE_SYS_STAT_H=1 -DHAVE_STDLIB_H=1 -DHAVE_STRING_H=1 -DHAVE_MEMORY_H=1 -DHAVE_STRINGS_H=1 -DHAVE_INTTYPES_H=1 -DHAVE_STDINT_H=1 -DHAVE_UNISTD_H=1 -DHAVE_DLFCN_H=1 -DLT_OBJDIR=\".libs/\" -I.     -DDEBUG -g -pedantic -Wall -Wextra -Wno-unused-parameter -Wno-char-subscripts    -DLibburn_os_has_statvfS -Os -fstack-clash-protection -Wformat -Werror=format-security -fno-plt -flto=auto -MT libburn/libdax_audioxtr.lo -MD -MP -MF $depbase.Tpo -c -o libburn/libdax_audioxtr.lo libburn/libdax_audioxtr.c &&\
mv -f $depbase.Tpo $depbase.Plo
depbase=`echo libburn/libdax_msgs.lo | sed 's|[^/]*$|.deps/&|;s|\.lo$||'`;\
/bin/sh ./libtool  --tag=CC   --mode=compile gcc -DPACKAGE_NAME=\"libburn\" -DPACKAGE_TARNAME=\"libburn\" -DPACKAGE_VERSION=\"1.5.6\" -DPACKAGE_STRING=\"libburn\ 1.5.6\" -DPACKAGE_BUGREPORT=\"http://libburnia-project.org\" -DPACKAGE_URL=\"\" -DPACKAGE=\"libburn\" -DVERSION=\"1.5.6\" -DHAVE_FSEEKO=1 -DSTDC_HEADERS=1 -DHAVE_SYS_TYPES_H=1 -DHAVE_SYS_STAT_H=1 -DHAVE_STDLIB_H=1 -DHAVE_STRING_H=1 -DHAVE_MEMORY_H=1 -DHAVE_STRINGS_H=1 -DHAVE_INTTYPES_H=1 -DHAVE_STDINT_H=1 -DHAVE_UNISTD_H=1 -DHAVE_DLFCN_H=1 -DLT_OBJDIR=\".libs/\" -I.     -DDEBUG -g -pedantic -Wall -Wextra -Wno-unused-parameter -Wno-char-subscripts    -DLibburn_os_has_statvfS -Os -fstack-clash-protection -Wformat -Werror=format-security -fno-plt -flto=auto -MT libburn/libdax_msgs.lo -MD -MP -MF $depbase.Tpo -c -o libburn/libdax_msgs.lo libburn/libdax_msgs.c &&\
mv -f $depbase.Tpo $depbase.Plo
depbase=`echo libburn/mmc.lo | sed 's|[^/]*$|.deps/&|;s|\.lo$||'`;\
/bin/sh ./libtool  --tag=CC   --mode=compile gcc -DPACKAGE_NAME=\"libburn\" -DPACKAGE_TARNAME=\"libburn\" -DPACKAGE_VERSION=\"1.5.6\" -DPACKAGE_STRING=\"libburn\ 1.5.6\" -DPACKAGE_BUGREPORT=\"http://libburnia-project.org\" -DPACKAGE_URL=\"\" -DPACKAGE=\"libburn\" -DVERSION=\"1.5.6\" -DHAVE_FSEEKO=1 -DSTDC_HEADERS=1 -DHAVE_SYS_TYPES_H=1 -DHAVE_SYS_STAT_H=1 -DHAVE_STDLIB_H=1 -DHAVE_STRING_H=1 -DHAVE_MEMORY_H=1 -DHAVE_STRINGS_H=1 -DHAVE_INTTYPES_H=1 -DHAVE_STDINT_H=1 -DHAVE_UNISTD_H=1 -DHAVE_DLFCN_H=1 -DLT_OBJDIR=\".libs/\" -I.     -DDEBUG -g -pedantic -Wall -Wextra -Wno-unused-parameter -Wno-char-subscripts    -DLibburn_os_has_statvfS -Os -fstack-clash-protection -Wformat -Werror=format-security -fno-plt -flto=auto -MT libburn/mmc.lo -MD -MP -MF $depbase.Tpo -c -o libburn/mmc.lo libburn/mmc.c &&\
mv -f $depbase.Tpo $depbase.Plo
libtool: compile:  gcc "-DPACKAGE_NAME=\"libburn\"" "-DPACKAGE_TARNAME=\"libburn\"" "-DPACKAGE_VERSION=\"1.5.6\"" "-DPACKAGE_STRING=\"libburn 1.5.6\"" "-DPACKAGE_BUGREPORT=\"http://libburnia-project.org\"" "-DPACKAGE_URL=\"\"" "-DPACKAGE=\"libburn\"" "-DVERSION=\"1.5.6\"" -DHAVE_FSEEKO=1 -DSTDC_HEADERS=1 -DHAVE_SYS_TYPES_H=1 -DHAVE_SYS_STAT_H=1 -DHAVE_STDLIB_H=1 -DHAVE_STRING_H=1 -DHAVE_MEMORY_H=1 -DHAVE_STRINGS_H=1 -DHAVE_INTTYPES_H=1 -DHAVE_STDINT_H=1 -DHAVE_UNISTD_H=1 -DHAVE_DLFCN_H=1 "-DLT_OBJDIR=\".libs/\"" -I. -DDEBUG -g -pedantic -Wall -Wextra -Wno-unused-parameter -Wno-char-subscripts -DLibburn_os_has_statvfS -Os -fstack-clash-protection -Wformat -Werror=format-security -fno-plt -flto=auto -MT libburn/init.lo -MD -MP -MF libburn/.deps/init.Tpo -c libburn/init.c  -fPIC -DPIC -o libburn/.libs/init.o
libtool: compile:  gcc "-DPACKAGE_NAME=\"libburn\"" "-DPACKAGE_TARNAME=\"libburn\"" "-DPACKAGE_VERSION=\"1.5.6\"" "-DPACKAGE_STRING=\"libburn 1.5.6\"" "-DPACKAGE_BUGREPORT=\"http://libburnia-project.org\"" "-DPACKAGE_URL=\"\"" "-DPACKAGE=\"libburn\"" "-DVERSION=\"1.5.6\"" -DHAVE_FSEEKO=1 -DSTDC_HEADERS=1 -DHAVE_SYS_TYPES_H=1 -DHAVE_SYS_STAT_H=1 -DHAVE_STDLIB_H=1 -DHAVE_STRING_H=1 -DHAVE_MEMORY_H=1 -DHAVE_STRINGS_H=1 -DHAVE_INTTYPES_H=1 -DHAVE_STDINT_H=1 -DHAVE_UNISTD_H=1 -DHAVE_DLFCN_H=1 "-DLT_OBJDIR=\".libs/\"" -I. -DDEBUG -g -pedantic -Wall -Wextra -Wno-unused-parameter -Wno-char-subscripts -DLibburn_os_has_statvfS -Os -fstack-clash-protection -Wformat -Werror=format-security -fno-plt -flto=auto -MT libburn/libdax_audioxtr.lo -MD -MP -MF libburn/.deps/libdax_audioxtr.Tpo -c libburn/libdax_audioxtr.c  -fPIC -DPIC -o libburn/.libs/libdax_audioxtr.o
libtool: compile:  gcc "-DPACKAGE_NAME=\"libburn\"" "-DPACKAGE_TARNAME=\"libburn\"" "-DPACKAGE_VERSION=\"1.5.6\"" "-DPACKAGE_STRING=\"libburn 1.5.6\"" "-DPACKAGE_BUGREPORT=\"http://libburnia-project.org\"" "-DPACKAGE_URL=\"\"" "-DPACKAGE=\"libburn\"" "-DVERSION=\"1.5.6\"" -DHAVE_FSEEKO=1 -DSTDC_HEADERS=1 -DHAVE_SYS_TYPES_H=1 -DHAVE_SYS_STAT_H=1 -DHAVE_STDLIB_H=1 -DHAVE_STRING_H=1 -DHAVE_MEMORY_H=1 -DHAVE_STRINGS_H=1 -DHAVE_INTTYPES_H=1 -DHAVE_STDINT_H=1 -DHAVE_UNISTD_H=1 -DHAVE_DLFCN_H=1 "-DLT_OBJDIR=\".libs/\"" -I. -DDEBUG -g -pedantic -Wall -Wextra -Wno-unused-parameter -Wno-char-subscripts -DLibburn_os_has_statvfS -Os -fstack-clash-protection -Wformat -Werror=format-security -fno-plt -flto=auto -MT libburn/libdax_msgs.lo -MD -MP -MF libburn/.deps/libdax_msgs.Tpo -c libburn/libdax_msgs.c  -fPIC -DPIC -o libburn/.libs/libdax_msgs.o
depbase=`echo libburn/null.lo | sed 's|[^/]*$|.deps/&|;s|\.lo$||'`;\
/bin/sh ./libtool  --tag=CC   --mode=compile gcc -DPACKAGE_NAME=\"libburn\" -DPACKAGE_TARNAME=\"libburn\" -DPACKAGE_VERSION=\"1.5.6\" -DPACKAGE_STRING=\"libburn\ 1.5.6\" -DPACKAGE_BUGREPORT=\"http://libburnia-project.org\" -DPACKAGE_URL=\"\" -DPACKAGE=\"libburn\" -DVERSION=\"1.5.6\" -DHAVE_FSEEKO=1 -DSTDC_HEADERS=1 -DHAVE_SYS_TYPES_H=1 -DHAVE_SYS_STAT_H=1 -DHAVE_STDLIB_H=1 -DHAVE_STRING_H=1 -DHAVE_MEMORY_H=1 -DHAVE_STRINGS_H=1 -DHAVE_INTTYPES_H=1 -DHAVE_STDINT_H=1 -DHAVE_UNISTD_H=1 -DHAVE_DLFCN_H=1 -DLT_OBJDIR=\".libs/\" -I.     -DDEBUG -g -pedantic -Wall -Wextra -Wno-unused-parameter -Wno-char-subscripts    -DLibburn_os_has_statvfS -Os -fstack-clash-protection -Wformat -Werror=format-security -fno-plt -flto=auto -MT libburn/null.lo -MD -MP -MF $depbase.Tpo -c -o libburn/null.lo libburn/null.c &&\
mv -f $depbase.Tpo $depbase.Plo
libtool: compile:  gcc "-DPACKAGE_NAME=\"libburn\"" "-DPACKAGE_TARNAME=\"libburn\"" "-DPACKAGE_VERSION=\"1.5.6\"" "-DPACKAGE_STRING=\"libburn 1.5.6\"" "-DPACKAGE_BUGREPORT=\"http://libburnia-project.org\"" "-DPACKAGE_URL=\"\"" "-DPACKAGE=\"libburn\"" "-DVERSION=\"1.5.6\"" -DHAVE_FSEEKO=1 -DSTDC_HEADERS=1 -DHAVE_SYS_TYPES_H=1 -DHAVE_SYS_STAT_H=1 -DHAVE_STDLIB_H=1 -DHAVE_STRING_H=1 -DHAVE_MEMORY_H=1 -DHAVE_STRINGS_H=1 -DHAVE_INTTYPES_H=1 -DHAVE_STDINT_H=1 -DHAVE_UNISTD_H=1 -DHAVE_DLFCN_H=1 "-DLT_OBJDIR=\".libs/\"" -I. -DDEBUG -g -pedantic -Wall -Wextra -Wno-unused-parameter -Wno-char-subscripts -DLibburn_os_has_statvfS -Os -fstack-clash-protection -Wformat -Werror=format-security -fno-plt -flto=auto -MT libburn/mmc.lo -MD -MP -MF libburn/.deps/mmc.Tpo -c libburn/mmc.c  -fPIC -DPIC -o libburn/.libs/mmc.o
depbase=`echo libburn/options.lo | sed 's|[^/]*$|.deps/&|;s|\.lo$||'`;\
/bin/sh ./libtool  --tag=CC   --mode=compile gcc -DPACKAGE_NAME=\"libburn\" -DPACKAGE_TARNAME=\"libburn\" -DPACKAGE_VERSION=\"1.5.6\" -DPACKAGE_STRING=\"libburn\ 1.5.6\" -DPACKAGE_BUGREPORT=\"http://libburnia-project.org\" -DPACKAGE_URL=\"\" -DPACKAGE=\"libburn\" -DVERSION=\"1.5.6\" -DHAVE_FSEEKO=1 -DSTDC_HEADERS=1 -DHAVE_SYS_TYPES_H=1 -DHAVE_SYS_STAT_H=1 -DHAVE_STDLIB_H=1 -DHAVE_STRING_H=1 -DHAVE_MEMORY_H=1 -DHAVE_STRINGS_H=1 -DHAVE_INTTYPES_H=1 -DHAVE_STDINT_H=1 -DHAVE_UNISTD_H=1 -DHAVE_DLFCN_H=1 -DLT_OBJDIR=\".libs/\" -I.     -DDEBUG -g -pedantic -Wall -Wextra -Wno-unused-parameter -Wno-char-subscripts    -DLibburn_os_has_statvfS -Os -fstack-clash-protection -Wformat -Werror=format-security -fno-plt -flto=auto -MT libburn/options.lo -MD -MP -MF $depbase.Tpo -c -o libburn/options.lo libburn/options.c &&\
mv -f $depbase.Tpo $depbase.Plo
libtool: compile:  gcc "-DPACKAGE_NAME=\"libburn\"" "-DPACKAGE_TARNAME=\"libburn\"" "-DPACKAGE_VERSION=\"1.5.6\"" "-DPACKAGE_STRING=\"libburn 1.5.6\"" "-DPACKAGE_BUGREPORT=\"http://libburnia-project.org\"" "-DPACKAGE_URL=\"\"" "-DPACKAGE=\"libburn\"" "-DVERSION=\"1.5.6\"" -DHAVE_FSEEKO=1 -DSTDC_HEADERS=1 -DHAVE_SYS_TYPES_H=1 -DHAVE_SYS_STAT_H=1 -DHAVE_STDLIB_H=1 -DHAVE_STRING_H=1 -DHAVE_MEMORY_H=1 -DHAVE_STRINGS_H=1 -DHAVE_INTTYPES_H=1 -DHAVE_STDINT_H=1 -DHAVE_UNISTD_H=1 -DHAVE_DLFCN_H=1 "-DLT_OBJDIR=\".libs/\"" -I. -DDEBUG -g -pedantic -Wall -Wextra -Wno-unused-parameter -Wno-char-subscripts -DLibburn_os_has_statvfS -Os -fstack-clash-protection -Wformat -Werror=format-security -fno-plt -flto=auto -MT libburn/null.lo -MD -MP -MF libburn/.deps/null.Tpo -c libburn/null.c  -fPIC -DPIC -o libburn/.libs/null.o
depbase=`echo libburn/read.lo | sed 's|[^/]*$|.deps/&|;s|\.lo$||'`;\
/bin/sh ./libtool  --tag=CC   --mode=compile gcc -DPACKAGE_NAME=\"libburn\" -DPACKAGE_TARNAME=\"libburn\" -DPACKAGE_VERSION=\"1.5.6\" -DPACKAGE_STRING=\"libburn\ 1.5.6\" -DPACKAGE_BUGREPORT=\"http://libburnia-project.org\" -DPACKAGE_URL=\"\" -DPACKAGE=\"libburn\" -DVERSION=\"1.5.6\" -DHAVE_FSEEKO=1 -DSTDC_HEADERS=1 -DHAVE_SYS_TYPES_H=1 -DHAVE_SYS_STAT_H=1 -DHAVE_STDLIB_H=1 -DHAVE_STRING_H=1 -DHAVE_MEMORY_H=1 -DHAVE_STRINGS_H=1 -DHAVE_INTTYPES_H=1 -DHAVE_STDINT_H=1 -DHAVE_UNISTD_H=1 -DHAVE_DLFCN_H=1 -DLT_OBJDIR=\".libs/\" -I.     -DDEBUG -g -pedantic -Wall -Wextra -Wno-unused-parameter -Wno-char-subscripts    -DLibburn_os_has_statvfS -Os -fstack-clash-protection -Wformat -Werror=format-security -fno-plt -flto=auto -MT libburn/read.lo -MD -MP -MF $depbase.Tpo -c -o libburn/read.lo libburn/read.c &&\
mv -f $depbase.Tpo $depbase.Plo
depbase=`echo libburn/sbc.lo | sed 's|[^/]*$|.deps/&|;s|\.lo$||'`;\
/bin/sh ./libtool  --tag=CC   --mode=compile gcc -DPACKAGE_NAME=\"libburn\" -DPACKAGE_TARNAME=\"libburn\" -DPACKAGE_VERSION=\"1.5.6\" -DPACKAGE_STRING=\"libburn\ 1.5.6\" -DPACKAGE_BUGREPORT=\"http://libburnia-project.org\" -DPACKAGE_URL=\"\" -DPACKAGE=\"libburn\" -DVERSION=\"1.5.6\" -DHAVE_FSEEKO=1 -DSTDC_HEADERS=1 -DHAVE_SYS_TYPES_H=1 -DHAVE_SYS_STAT_H=1 -DHAVE_STDLIB_H=1 -DHAVE_STRING_H=1 -DHAVE_MEMORY_H=1 -DHAVE_STRINGS_H=1 -DHAVE_INTTYPES_H=1 -DHAVE_STDINT_H=1 -DHAVE_UNISTD_H=1 -DHAVE_DLFCN_H=1 -DLT_OBJDIR=\".libs/\" -I.     -DDEBUG -g -pedantic -Wall -Wextra -Wno-unused-parameter -Wno-char-subscripts    -DLibburn_os_has_statvfS -Os -fstack-clash-protection -Wformat -Werror=format-security -fno-plt -flto=auto -MT libburn/sbc.lo -MD -MP -MF $depbase.Tpo -c -o libburn/sbc.lo libburn/sbc.c &&\
mv -f $depbase.Tpo $depbase.Plo
libtool: compile:  gcc "-DPACKAGE_NAME=\"libburn\"" "-DPACKAGE_TARNAME=\"libburn\"" "-DPACKAGE_VERSION=\"1.5.6\"" "-DPACKAGE_STRING=\"libburn 1.5.6\"" "-DPACKAGE_BUGREPORT=\"http://libburnia-project.org\"" "-DPACKAGE_URL=\"\"" "-DPACKAGE=\"libburn\"" "-DVERSION=\"1.5.6\"" -DHAVE_FSEEKO=1 -DSTDC_HEADERS=1 -DHAVE_SYS_TYPES_H=1 -DHAVE_SYS_STAT_H=1 -DHAVE_STDLIB_H=1 -DHAVE_STRING_H=1 -DHAVE_MEMORY_H=1 -DHAVE_STRINGS_H=1 -DHAVE_INTTYPES_H=1 -DHAVE_STDINT_H=1 -DHAVE_UNISTD_H=1 -DHAVE_DLFCN_H=1 "-DLT_OBJDIR=\".libs/\"" -I. -DDEBUG -g -pedantic -Wall -Wextra -Wno-unused-parameter -Wno-char-subscripts -DLibburn_os_has_statvfS -Os -fstack-clash-protection -Wformat -Werror=format-security -fno-plt -flto=auto -MT libburn/options.lo -MD -MP -MF libburn/.deps/options.Tpo -c libburn/options.c  -fPIC -DPIC -o libburn/.libs/options.o
depbase=`echo libburn/sector.lo | sed 's|[^/]*$|.deps/&|;s|\.lo$||'`;\
/bin/sh ./libtool  --tag=CC   --mode=compile gcc -DPACKAGE_NAME=\"libburn\" -DPACKAGE_TARNAME=\"libburn\" -DPACKAGE_VERSION=\"1.5.6\" -DPACKAGE_STRING=\"libburn\ 1.5.6\" -DPACKAGE_BUGREPORT=\"http://libburnia-project.org\" -DPACKAGE_URL=\"\" -DPACKAGE=\"libburn\" -DVERSION=\"1.5.6\" -DHAVE_FSEEKO=1 -DSTDC_HEADERS=1 -DHAVE_SYS_TYPES_H=1 -DHAVE_SYS_STAT_H=1 -DHAVE_STDLIB_H=1 -DHAVE_STRING_H=1 -DHAVE_MEMORY_H=1 -DHAVE_STRINGS_H=1 -DHAVE_INTTYPES_H=1 -DHAVE_STDINT_H=1 -DHAVE_UNISTD_H=1 -DHAVE_DLFCN_H=1 -DLT_OBJDIR=\".libs/\" -I.     -DDEBUG -g -pedantic -Wall -Wextra -Wno-unused-parameter -Wno-char-subscripts    -DLibburn_os_has_statvfS -Os -fstack-clash-protection -Wformat -Werror=format-security -fno-plt -flto=auto -MT libburn/sector.lo -MD -MP -MF $depbase.Tpo -c -o libburn/sector.lo libburn/sector.c &&\
mv -f $depbase.Tpo $depbase.Plo
depbase=`echo libburn/sg.lo | sed 's|[^/]*$|.deps/&|;s|\.lo$||'`;\
/bin/sh ./libtool  --tag=CC   --mode=compile gcc -DPACKAGE_NAME=\"libburn\" -DPACKAGE_TARNAME=\"libburn\" -DPACKAGE_VERSION=\"1.5.6\" -DPACKAGE_STRING=\"libburn\ 1.5.6\" -DPACKAGE_BUGREPORT=\"http://libburnia-project.org\" -DPACKAGE_URL=\"\" -DPACKAGE=\"libburn\" -DVERSION=\"1.5.6\" -DHAVE_FSEEKO=1 -DSTDC_HEADERS=1 -DHAVE_SYS_TYPES_H=1 -DHAVE_SYS_STAT_H=1 -DHAVE_STDLIB_H=1 -DHAVE_STRING_H=1 -DHAVE_MEMORY_H=1 -DHAVE_STRINGS_H=1 -DHAVE_INTTYPES_H=1 -DHAVE_STDINT_H=1 -DHAVE_UNISTD_H=1 -DHAVE_DLFCN_H=1 -DLT_OBJDIR=\".libs/\" -I.     -DDEBUG -g -pedantic -Wall -Wextra -Wno-unused-parameter -Wno-char-subscripts    -DLibburn_os_has_statvfS -Os -fstack-clash-protection -Wformat -Werror=format-security -fno-plt -flto=auto -MT libburn/sg.lo -MD -MP -MF $depbase.Tpo -c -o libburn/sg.lo libburn/sg.c &&\
mv -f $depbase.Tpo $depbase.Plo
libtool: compile:  gcc "-DPACKAGE_NAME=\"libburn\"" "-DPACKAGE_TARNAME=\"libburn\"" "-DPACKAGE_VERSION=\"1.5.6\"" "-DPACKAGE_STRING=\"libburn 1.5.6\"" "-DPACKAGE_BUGREPORT=\"http://libburnia-project.org\"" "-DPACKAGE_URL=\"\"" "-DPACKAGE=\"libburn\"" "-DVERSION=\"1.5.6\"" -DHAVE_FSEEKO=1 -DSTDC_HEADERS=1 -DHAVE_SYS_TYPES_H=1 -DHAVE_SYS_STAT_H=1 -DHAVE_STDLIB_H=1 -DHAVE_STRING_H=1 -DHAVE_MEMORY_H=1 -DHAVE_STRINGS_H=1 -DHAVE_INTTYPES_H=1 -DHAVE_STDINT_H=1 -DHAVE_UNISTD_H=1 -DHAVE_DLFCN_H=1 "-DLT_OBJDIR=\".libs/\"" -I. -DDEBUG -g -pedantic -Wall -Wextra -Wno-unused-parameter -Wno-char-subscripts -DLibburn_os_has_statvfS -Os -fstack-clash-protection -Wformat -Werror=format-security -fno-plt -flto=auto -MT libburn/read.lo -MD -MP -MF libburn/.deps/read.Tpo -c libburn/read.c  -fPIC -DPIC -o libburn/.libs/read.o
depbase=`echo libburn/source.lo | sed 's|[^/]*$|.deps/&|;s|\.lo$||'`;\
/bin/sh ./libtool  --tag=CC   --mode=compile gcc -DPACKAGE_NAME=\"libburn\" -DPACKAGE_TARNAME=\"libburn\" -DPACKAGE_VERSION=\"1.5.6\" -DPACKAGE_STRING=\"libburn\ 1.5.6\" -DPACKAGE_BUGREPORT=\"http://libburnia-project.org\" -DPACKAGE_URL=\"\" -DPACKAGE=\"libburn\" -DVERSION=\"1.5.6\" -DHAVE_FSEEKO=1 -DSTDC_HEADERS=1 -DHAVE_SYS_TYPES_H=1 -DHAVE_SYS_STAT_H=1 -DHAVE_STDLIB_H=1 -DHAVE_STRING_H=1 -DHAVE_MEMORY_H=1 -DHAVE_STRINGS_H=1 -DHAVE_INTTYPES_H=1 -DHAVE_STDINT_H=1 -DHAVE_UNISTD_H=1 -DHAVE_DLFCN_H=1 -DLT_OBJDIR=\".libs/\" -I.     -DDEBUG -g -pedantic -Wall -Wextra -Wno-unused-parameter -Wno-char-subscripts    -DLibburn_os_has_statvfS -Os -fstack-clash-protection -Wformat -Werror=format-security -fno-plt -flto=auto -MT libburn/source.lo -MD -MP -MF $depbase.Tpo -c -o libburn/source.lo libburn/source.c &&\
mv -f $depbase.Tpo $depbase.Plo
libtool: compile:  gcc "-DPACKAGE_NAME=\"libburn\"" "-DPACKAGE_TARNAME=\"libburn\"" "-DPACKAGE_VERSION=\"1.5.6\"" "-DPACKAGE_STRING=\"libburn 1.5.6\"" "-DPACKAGE_BUGREPORT=\"http://libburnia-project.org\"" "-DPACKAGE_URL=\"\"" "-DPACKAGE=\"libburn\"" "-DVERSION=\"1.5.6\"" -DHAVE_FSEEKO=1 -DSTDC_HEADERS=1 -DHAVE_SYS_TYPES_H=1 -DHAVE_SYS_STAT_H=1 -DHAVE_STDLIB_H=1 -DHAVE_STRING_H=1 -DHAVE_MEMORY_H=1 -DHAVE_STRINGS_H=1 -DHAVE_INTTYPES_H=1 -DHAVE_STDINT_H=1 -DHAVE_UNISTD_H=1 -DHAVE_DLFCN_H=1 "-DLT_OBJDIR=\".libs/\"" -I. -DDEBUG -g -pedantic -Wall -Wextra -Wno-unused-parameter -Wno-char-subscripts -DLibburn_os_has_statvfS -Os -fstack-clash-protection -Wformat -Werror=format-security -fno-plt -flto=auto -MT libburn/sbc.lo -MD -MP -MF libburn/.deps/sbc.Tpo -c libburn/sbc.c  -fPIC -DPIC -o libburn/.libs/sbc.o
libtool: compile:  gcc "-DPACKAGE_NAME=\"libburn\"" "-DPACKAGE_TARNAME=\"libburn\"" "-DPACKAGE_VERSION=\"1.5.6\"" "-DPACKAGE_STRING=\"libburn 1.5.6\"" "-DPACKAGE_BUGREPORT=\"http://libburnia-project.org\"" "-DPACKAGE_URL=\"\"" "-DPACKAGE=\"libburn\"" "-DVERSION=\"1.5.6\"" -DHAVE_FSEEKO=1 -DSTDC_HEADERS=1 -DHAVE_SYS_TYPES_H=1 -DHAVE_SYS_STAT_H=1 -DHAVE_STDLIB_H=1 -DHAVE_STRING_H=1 -DHAVE_MEMORY_H=1 -DHAVE_STRINGS_H=1 -DHAVE_INTTYPES_H=1 -DHAVE_STDINT_H=1 -DHAVE_UNISTD_H=1 -DHAVE_DLFCN_H=1 "-DLT_OBJDIR=\".libs/\"" -I. -DDEBUG -g -pedantic -Wall -Wextra -Wno-unused-parameter -Wno-char-subscripts -DLibburn_os_has_statvfS -Os -fstack-clash-protection -Wformat -Werror=format-security -fno-plt -flto=auto -MT libburn/sector.lo -MD -MP -MF libburn/.deps/sector.Tpo -c libburn/sector.c  -fPIC -DPIC -o libburn/.libs/sector.o
libtool: compile:  gcc "-DPACKAGE_NAME=\"libburn\"" "-DPACKAGE_TARNAME=\"libburn\"" "-DPACKAGE_VERSION=\"1.5.6\"" "-DPACKAGE_STRING=\"libburn 1.5.6\"" "-DPACKAGE_BUGREPORT=\"http://libburnia-project.org\"" "-DPACKAGE_URL=\"\"" "-DPACKAGE=\"libburn\"" "-DVERSION=\"1.5.6\"" -DHAVE_FSEEKO=1 -DSTDC_HEADERS=1 -DHAVE_SYS_TYPES_H=1 -DHAVE_SYS_STAT_H=1 -DHAVE_STDLIB_H=1 -DHAVE_STRING_H=1 -DHAVE_MEMORY_H=1 -DHAVE_STRINGS_H=1 -DHAVE_INTTYPES_H=1 -DHAVE_STDINT_H=1 -DHAVE_UNISTD_H=1 -DHAVE_DLFCN_H=1 "-DLT_OBJDIR=\".libs/\"" -I. -DDEBUG -g -pedantic -Wall -Wextra -Wno-unused-parameter -Wno-char-subscripts -DLibburn_os_has_statvfS -Os -fstack-clash-protection -Wformat -Werror=format-security -fno-plt -flto=auto -MT libburn/sg.lo -MD -MP -MF libburn/.deps/sg.Tpo -c libburn/sg.c  -fPIC -DPIC -o libburn/.libs/sg.o
libtool: compile:  gcc "-DPACKAGE_NAME=\"libburn\"" "-DPACKAGE_TARNAME=\"libburn\"" "-DPACKAGE_VERSION=\"1.5.6\"" "-DPACKAGE_STRING=\"libburn 1.5.6\"" "-DPACKAGE_BUGREPORT=\"http://libburnia-project.org\"" "-DPACKAGE_URL=\"\"" "-DPACKAGE=\"libburn\"" "-DVERSION=\"1.5.6\"" -DHAVE_FSEEKO=1 -DSTDC_HEADERS=1 -DHAVE_SYS_TYPES_H=1 -DHAVE_SYS_STAT_H=1 -DHAVE_STDLIB_H=1 -DHAVE_STRING_H=1 -DHAVE_MEMORY_H=1 -DHAVE_STRINGS_H=1 -DHAVE_INTTYPES_H=1 -DHAVE_STDINT_H=1 -DHAVE_UNISTD_H=1 -DHAVE_DLFCN_H=1 "-DLT_OBJDIR=\".libs/\"" -I. -DDEBUG -g -pedantic -Wall -Wextra -Wno-unused-parameter -Wno-char-subscripts -DLibburn_os_has_statvfS -Os -fstack-clash-protection -Wformat -Werror=format-security -fno-plt -flto=auto -MT libburn/source.lo -MD -MP -MF libburn/.deps/source.Tpo -c libburn/source.c  -fPIC -DPIC -o libburn/.libs/source.o
In file included from libburn/sg-linux.c:138,
                 from libburn/sg.c:54:
/usr/include/sys/poll.h:1:2: warning: #warning redirecting incorrect #include <sys/poll.h> to <poll.h> [-Wcpp]
    1 | #warning redirecting incorrect #include <sys/poll.h> to <poll.h>
      |  ^~~~~~~
depbase=`echo libburn/spc.lo | sed 's|[^/]*$|.deps/&|;s|\.lo$||'`;\
/bin/sh ./libtool  --tag=CC   --mode=compile gcc -DPACKAGE_NAME=\"libburn\" -DPACKAGE_TARNAME=\"libburn\" -DPACKAGE_VERSION=\"1.5.6\" -DPACKAGE_STRING=\"libburn\ 1.5.6\" -DPACKAGE_BUGREPORT=\"http://libburnia-project.org\" -DPACKAGE_URL=\"\" -DPACKAGE=\"libburn\" -DVERSION=\"1.5.6\" -DHAVE_FSEEKO=1 -DSTDC_HEADERS=1 -DHAVE_SYS_TYPES_H=1 -DHAVE_SYS_STAT_H=1 -DHAVE_STDLIB_H=1 -DHAVE_STRING_H=1 -DHAVE_MEMORY_H=1 -DHAVE_STRINGS_H=1 -DHAVE_INTTYPES_H=1 -DHAVE_STDINT_H=1 -DHAVE_UNISTD_H=1 -DHAVE_DLFCN_H=1 -DLT_OBJDIR=\".libs/\" -I.     -DDEBUG -g -pedantic -Wall -Wextra -Wno-unused-parameter -Wno-char-subscripts    -DLibburn_os_has_statvfS -Os -fstack-clash-protection -Wformat -Werror=format-security -fno-plt -flto=auto -MT libburn/spc.lo -MD -MP -MF $depbase.Tpo -c -o libburn/spc.lo libburn/spc.c &&\
mv -f $depbase.Tpo $depbase.Plo
depbase=`echo libburn/structure.lo | sed 's|[^/]*$|.deps/&|;s|\.lo$||'`;\
/bin/sh ./libtool  --tag=CC   --mode=compile gcc -DPACKAGE_NAME=\"libburn\" -DPACKAGE_TARNAME=\"libburn\" -DPACKAGE_VERSION=\"1.5.6\" -DPACKAGE_STRING=\"libburn\ 1.5.6\" -DPACKAGE_BUGREPORT=\"http://libburnia-project.org\" -DPACKAGE_URL=\"\" -DPACKAGE=\"libburn\" -DVERSION=\"1.5.6\" -DHAVE_FSEEKO=1 -DSTDC_HEADERS=1 -DHAVE_SYS_TYPES_H=1 -DHAVE_SYS_STAT_H=1 -DHAVE_STDLIB_H=1 -DHAVE_STRING_H=1 -DHAVE_MEMORY_H=1 -DHAVE_STRINGS_H=1 -DHAVE_INTTYPES_H=1 -DHAVE_STDINT_H=1 -DHAVE_UNISTD_H=1 -DHAVE_DLFCN_H=1 -DLT_OBJDIR=\".libs/\" -I.     -DDEBUG -g -pedantic -Wall -Wextra -Wno-unused-parameter -Wno-char-subscripts    -DLibburn_os_has_statvfS -Os -fstack-clash-protection -Wformat -Werror=format-security -fno-plt -flto=auto -MT libburn/structure.lo -MD -MP -MF $depbase.Tpo -c -o libburn/structure.lo libburn/structure.c &&\
mv -f $depbase.Tpo $depbase.Plo
depbase=`echo libburn/toc.lo | sed 's|[^/]*$|.deps/&|;s|\.lo$||'`;\
/bin/sh ./libtool  --tag=CC   --mode=compile gcc -DPACKAGE_NAME=\"libburn\" -DPACKAGE_TARNAME=\"libburn\" -DPACKAGE_VERSION=\"1.5.6\" -DPACKAGE_STRING=\"libburn\ 1.5.6\" -DPACKAGE_BUGREPORT=\"http://libburnia-project.org\" -DPACKAGE_URL=\"\" -DPACKAGE=\"libburn\" -DVERSION=\"1.5.6\" -DHAVE_FSEEKO=1 -DSTDC_HEADERS=1 -DHAVE_SYS_TYPES_H=1 -DHAVE_SYS_STAT_H=1 -DHAVE_STDLIB_H=1 -DHAVE_STRING_H=1 -DHAVE_MEMORY_H=1 -DHAVE_STRINGS_H=1 -DHAVE_INTTYPES_H=1 -DHAVE_STDINT_H=1 -DHAVE_UNISTD_H=1 -DHAVE_DLFCN_H=1 -DLT_OBJDIR=\".libs/\" -I.     -DDEBUG -g -pedantic -Wall -Wextra -Wno-unused-parameter -Wno-char-subscripts    -DLibburn_os_has_statvfS -Os -fstack-clash-protection -Wformat -Werror=format-security -fno-plt -flto=auto -MT libburn/toc.lo -MD -MP -MF $depbase.Tpo -c -o libburn/toc.lo libburn/toc.c &&\
mv -f $depbase.Tpo $depbase.Plo
depbase=`echo libburn/util.lo | sed 's|[^/]*$|.deps/&|;s|\.lo$||'`;\
/bin/sh ./libtool  --tag=CC   --mode=compile gcc -DPACKAGE_NAME=\"libburn\" -DPACKAGE_TARNAME=\"libburn\" -DPACKAGE_VERSION=\"1.5.6\" -DPACKAGE_STRING=\"libburn\ 1.5.6\" -DPACKAGE_BUGREPORT=\"http://libburnia-project.org\" -DPACKAGE_URL=\"\" -DPACKAGE=\"libburn\" -DVERSION=\"1.5.6\" -DHAVE_FSEEKO=1 -DSTDC_HEADERS=1 -DHAVE_SYS_TYPES_H=1 -DHAVE_SYS_STAT_H=1 -DHAVE_STDLIB_H=1 -DHAVE_STRING_H=1 -DHAVE_MEMORY_H=1 -DHAVE_STRINGS_H=1 -DHAVE_INTTYPES_H=1 -DHAVE_STDINT_H=1 -DHAVE_UNISTD_H=1 -DHAVE_DLFCN_H=1 -DLT_OBJDIR=\".libs/\" -I.     -DDEBUG -g -pedantic -Wall -Wextra -Wno-unused-parameter -Wno-char-subscripts    -DLibburn_os_has_statvfS -Os -fstack-clash-protection -Wformat -Werror=format-security -fno-plt -flto=auto -MT libburn/util.lo -MD -MP -MF $depbase.Tpo -c -o libburn/util.lo libburn/util.c &&\
mv -f $depbase.Tpo $depbase.Plo
libtool: compile:  gcc "-DPACKAGE_NAME=\"libburn\"" "-DPACKAGE_TARNAME=\"libburn\"" "-DPACKAGE_VERSION=\"1.5.6\"" "-DPACKAGE_STRING=\"libburn 1.5.6\"" "-DPACKAGE_BUGREPORT=\"http://libburnia-project.org\"" "-DPACKAGE_URL=\"\"" "-DPACKAGE=\"libburn\"" "-DVERSION=\"1.5.6\"" -DHAVE_FSEEKO=1 -DSTDC_HEADERS=1 -DHAVE_SYS_TYPES_H=1 -DHAVE_SYS_STAT_H=1 -DHAVE_STDLIB_H=1 -DHAVE_STRING_H=1 -DHAVE_MEMORY_H=1 -DHAVE_STRINGS_H=1 -DHAVE_INTTYPES_H=1 -DHAVE_STDINT_H=1 -DHAVE_UNISTD_H=1 -DHAVE_DLFCN_H=1 "-DLT_OBJDIR=\".libs/\"" -I. -DDEBUG -g -pedantic -Wall -Wextra -Wno-unused-parameter -Wno-char-subscripts -DLibburn_os_has_statvfS -Os -fstack-clash-protection -Wformat -Werror=format-security -fno-plt -flto=auto -MT libburn/structure.lo -MD -MP -MF libburn/.deps/structure.Tpo -c libburn/structure.c  -fPIC -DPIC -o libburn/.libs/structure.o
libtool: compile:  gcc "-DPACKAGE_NAME=\"libburn\"" "-DPACKAGE_TARNAME=\"libburn\"" "-DPACKAGE_VERSION=\"1.5.6\"" "-DPACKAGE_STRING=\"libburn 1.5.6\"" "-DPACKAGE_BUGREPORT=\"http://libburnia-project.org\"" "-DPACKAGE_URL=\"\"" "-DPACKAGE=\"libburn\"" "-DVERSION=\"1.5.6\"" -DHAVE_FSEEKO=1 -DSTDC_HEADERS=1 -DHAVE_SYS_TYPES_H=1 -DHAVE_SYS_STAT_H=1 -DHAVE_STDLIB_H=1 -DHAVE_STRING_H=1 -DHAVE_MEMORY_H=1 -DHAVE_STRINGS_H=1 -DHAVE_INTTYPES_H=1 -DHAVE_STDINT_H=1 -DHAVE_UNISTD_H=1 -DHAVE_DLFCN_H=1 "-DLT_OBJDIR=\".libs/\"" -I. -DDEBUG -g -pedantic -Wall -Wextra -Wno-unused-parameter -Wno-char-subscripts -DLibburn_os_has_statvfS -Os -fstack-clash-protection -Wformat -Werror=format-security -fno-plt -flto=auto -MT libburn/spc.lo -MD -MP -MF libburn/.deps/spc.Tpo -c libburn/spc.c  -fPIC -DPIC -o libburn/.libs/spc.o
libtool: compile:  gcc "-DPACKAGE_NAME=\"libburn\"" "-DPACKAGE_TARNAME=\"libburn\"" "-DPACKAGE_VERSION=\"1.5.6\"" "-DPACKAGE_STRING=\"libburn 1.5.6\"" "-DPACKAGE_BUGREPORT=\"http://libburnia-project.org\"" "-DPACKAGE_URL=\"\"" "-DPACKAGE=\"libburn\"" "-DVERSION=\"1.5.6\"" -DHAVE_FSEEKO=1 -DSTDC_HEADERS=1 -DHAVE_SYS_TYPES_H=1 -DHAVE_SYS_STAT_H=1 -DHAVE_STDLIB_H=1 -DHAVE_STRING_H=1 -DHAVE_MEMORY_H=1 -DHAVE_STRINGS_H=1 -DHAVE_INTTYPES_H=1 -DHAVE_STDINT_H=1 -DHAVE_UNISTD_H=1 -DHAVE_DLFCN_H=1 "-DLT_OBJDIR=\".libs/\"" -I. -DDEBUG -g -pedantic -Wall -Wextra -Wno-unused-parameter -Wno-char-subscripts -DLibburn_os_has_statvfS -Os -fstack-clash-protection -Wformat -Werror=format-security -fno-plt -flto=auto -MT libburn/util.lo -MD -MP -MF libburn/.deps/util.Tpo -c libburn/util.c  -fPIC -DPIC -o libburn/.libs/util.o
libtool: compile:  gcc "-DPACKAGE_NAME=\"libburn\"" "-DPACKAGE_TARNAME=\"libburn\"" "-DPACKAGE_VERSION=\"1.5.6\"" "-DPACKAGE_STRING=\"libburn 1.5.6\"" "-DPACKAGE_BUGREPORT=\"http://libburnia-project.org\"" "-DPACKAGE_URL=\"\"" "-DPACKAGE=\"libburn\"" "-DVERSION=\"1.5.6\"" -DHAVE_FSEEKO=1 -DSTDC_HEADERS=1 -DHAVE_SYS_TYPES_H=1 -DHAVE_SYS_STAT_H=1 -DHAVE_STDLIB_H=1 -DHAVE_STRING_H=1 -DHAVE_MEMORY_H=1 -DHAVE_STRINGS_H=1 -DHAVE_INTTYPES_H=1 -DHAVE_STDINT_H=1 -DHAVE_UNISTD_H=1 -DHAVE_DLFCN_H=1 "-DLT_OBJDIR=\".libs/\"" -I. -DDEBUG -g -pedantic -Wall -Wextra -Wno-unused-parameter -Wno-char-subscripts -DLibburn_os_has_statvfS -Os -fstack-clash-protection -Wformat -Werror=format-security -fno-plt -flto=auto -MT libburn/toc.lo -MD -MP -MF libburn/.deps/toc.Tpo -c libburn/toc.c  -fPIC -DPIC -o libburn/.libs/toc.o
depbase=`echo libburn/write.lo | sed 's|[^/]*$|.deps/&|;s|\.lo$||'`;\
/bin/sh ./libtool  --tag=CC   --mode=compile gcc -DPACKAGE_NAME=\"libburn\" -DPACKAGE_TARNAME=\"libburn\" -DPACKAGE_VERSION=\"1.5.6\" -DPACKAGE_STRING=\"libburn\ 1.5.6\" -DPACKAGE_BUGREPORT=\"http://libburnia-project.org\" -DPACKAGE_URL=\"\" -DPACKAGE=\"libburn\" -DVERSION=\"1.5.6\" -DHAVE_FSEEKO=1 -DSTDC_HEADERS=1 -DHAVE_SYS_TYPES_H=1 -DHAVE_SYS_STAT_H=1 -DHAVE_STDLIB_H=1 -DHAVE_STRING_H=1 -DHAVE_MEMORY_H=1 -DHAVE_STRINGS_H=1 -DHAVE_INTTYPES_H=1 -DHAVE_STDINT_H=1 -DHAVE_UNISTD_H=1 -DHAVE_DLFCN_H=1 -DLT_OBJDIR=\".libs/\" -I.     -DDEBUG -g -pedantic -Wall -Wextra -Wno-unused-parameter -Wno-char-subscripts    -DLibburn_os_has_statvfS -Os -fstack-clash-protection -Wformat -Werror=format-security -fno-plt -flto=auto -MT libburn/write.lo -MD -MP -MF $depbase.Tpo -c -o libburn/write.lo libburn/write.c &&\
mv -f $depbase.Tpo $depbase.Plo
gcc -DPACKAGE_NAME=\"libburn\" -DPACKAGE_TARNAME=\"libburn\" -DPACKAGE_VERSION=\"1.5.6\" -DPACKAGE_STRING=\"libburn\ 1.5.6\" -DPACKAGE_BUGREPORT=\"http://libburnia-project.org\" -DPACKAGE_URL=\"\" -DPACKAGE=\"libburn\" -DVERSION=\"1.5.6\" -DHAVE_FSEEKO=1 -DSTDC_HEADERS=1 -DHAVE_SYS_TYPES_H=1 -DHAVE_SYS_STAT_H=1 -DHAVE_STDLIB_H=1 -DHAVE_STRING_H=1 -DHAVE_MEMORY_H=1 -DHAVE_STRINGS_H=1 -DHAVE_INTTYPES_H=1 -DHAVE_STDINT_H=1 -DHAVE_UNISTD_H=1 -DHAVE_DLFCN_H=1 -DLT_OBJDIR=\".libs/\" -I.  -Ilibburn  -DCdrskin_libburn_1_5_6 -DDEBUG -g -pedantic -Wall -Wextra -Wno-unused-parameter -Wno-char-subscripts    -DLibburn_os_has_statvfS -Os -fstack-clash-protection -Wformat -Werror=format-security -fno-plt -flto=auto -MT cdrskin/cdrskin_cdrskin-cdrskin.o -MD -MP -MF cdrskin/.deps/cdrskin_cdrskin-cdrskin.Tpo -c -o cdrskin/cdrskin_cdrskin-cdrskin.o `test -f 'cdrskin/cdrskin.c' || echo './'`cdrskin/cdrskin.c
gcc -DPACKAGE_NAME=\"libburn\" -DPACKAGE_TARNAME=\"libburn\" -DPACKAGE_VERSION=\"1.5.6\" -DPACKAGE_STRING=\"libburn\ 1.5.6\" -DPACKAGE_BUGREPORT=\"http://libburnia-project.org\" -DPACKAGE_URL=\"\" -DPACKAGE=\"libburn\" -DVERSION=\"1.5.6\" -DHAVE_FSEEKO=1 -DSTDC_HEADERS=1 -DHAVE_SYS_TYPES_H=1 -DHAVE_SYS_STAT_H=1 -DHAVE_STDLIB_H=1 -DHAVE_STRING_H=1 -DHAVE_MEMORY_H=1 -DHAVE_STRINGS_H=1 -DHAVE_INTTYPES_H=1 -DHAVE_STDINT_H=1 -DHAVE_UNISTD_H=1 -DHAVE_DLFCN_H=1 -DLT_OBJDIR=\".libs/\" -I.  -Ilibburn  -DCdrskin_libburn_1_5_6 -DDEBUG -g -pedantic -Wall -Wextra -Wno-unused-parameter -Wno-char-subscripts    -DLibburn_os_has_statvfS -Os -fstack-clash-protection -Wformat -Werror=format-security -fno-plt -flto=auto -MT cdrskin/cdrskin_cdrskin-cdrfifo.o -MD -MP -MF cdrskin/.deps/cdrskin_cdrskin-cdrfifo.Tpo -c -o cdrskin/cdrskin_cdrskin-cdrfifo.o `test -f 'cdrskin/cdrfifo.c' || echo './'`cdrskin/cdrfifo.c
libtool: compile:  gcc "-DPACKAGE_NAME=\"libburn\"" "-DPACKAGE_TARNAME=\"libburn\"" "-DPACKAGE_VERSION=\"1.5.6\"" "-DPACKAGE_STRING=\"libburn 1.5.6\"" "-DPACKAGE_BUGREPORT=\"http://libburnia-project.org\"" "-DPACKAGE_URL=\"\"" "-DPACKAGE=\"libburn\"" "-DVERSION=\"1.5.6\"" -DHAVE_FSEEKO=1 -DSTDC_HEADERS=1 -DHAVE_SYS_TYPES_H=1 -DHAVE_SYS_STAT_H=1 -DHAVE_STDLIB_H=1 -DHAVE_STRING_H=1 -DHAVE_MEMORY_H=1 -DHAVE_STRINGS_H=1 -DHAVE_INTTYPES_H=1 -DHAVE_STDINT_H=1 -DHAVE_UNISTD_H=1 -DHAVE_DLFCN_H=1 "-DLT_OBJDIR=\".libs/\"" -I. -DDEBUG -g -pedantic -Wall -Wextra -Wno-unused-parameter -Wno-char-subscripts -DLibburn_os_has_statvfS -Os -fstack-clash-protection -Wformat -Werror=format-security -fno-plt -flto=auto -MT libburn/write.lo -MD -MP -MF libburn/.deps/write.Tpo -c libburn/write.c  -fPIC -DPIC -o libburn/.libs/write.o
gcc -DPACKAGE_NAME=\"libburn\" -DPACKAGE_TARNAME=\"libburn\" -DPACKAGE_VERSION=\"1.5.6\" -DPACKAGE_STRING=\"libburn\ 1.5.6\" -DPACKAGE_BUGREPORT=\"http://libburnia-project.org\" -DPACKAGE_URL=\"\" -DPACKAGE=\"libburn\" -DVERSION=\"1.5.6\" -DHAVE_FSEEKO=1 -DSTDC_HEADERS=1 -DHAVE_SYS_TYPES_H=1 -DHAVE_SYS_STAT_H=1 -DHAVE_STDLIB_H=1 -DHAVE_STRING_H=1 -DHAVE_MEMORY_H=1 -DHAVE_STRINGS_H=1 -DHAVE_INTTYPES_H=1 -DHAVE_STDINT_H=1 -DHAVE_UNISTD_H=1 -DHAVE_DLFCN_H=1 -DLT_OBJDIR=\".libs/\" -I.  -Ilibburn   -DDEBUG -g -pedantic -Wall -Wextra -Wno-unused-parameter -Wno-char-subscripts    -DLibburn_os_has_statvfS -Os -fstack-clash-protection -Wformat -Werror=format-security -fno-plt -flto=auto -MT test/test_libburner-libburner.o -MD -MP -MF test/.deps/test_libburner-libburner.Tpo -c -o test/test_libburner-libburner.o `test -f 'test/libburner.c' || echo './'`test/libburner.c
gcc -DPACKAGE_NAME=\"libburn\" -DPACKAGE_TARNAME=\"libburn\" -DPACKAGE_VERSION=\"1.5.6\" -DPACKAGE_STRING=\"libburn\ 1.5.6\" -DPACKAGE_BUGREPORT=\"http://libburnia-project.org\" -DPACKAGE_URL=\"\" -DPACKAGE=\"libburn\" -DVERSION=\"1.5.6\" -DHAVE_FSEEKO=1 -DSTDC_HEADERS=1 -DHAVE_SYS_TYPES_H=1 -DHAVE_SYS_STAT_H=1 -DHAVE_STDLIB_H=1 -DHAVE_STRING_H=1 -DHAVE_MEMORY_H=1 -DHAVE_STRINGS_H=1 -DHAVE_INTTYPES_H=1 -DHAVE_STDINT_H=1 -DHAVE_UNISTD_H=1 -DHAVE_DLFCN_H=1 -DLT_OBJDIR=\".libs/\" -I.  -Ilibburn   -DDEBUG -g -pedantic -Wall -Wextra -Wno-unused-parameter -Wno-char-subscripts    -DLibburn_os_has_statvfS -Os -fstack-clash-protection -Wformat -Werror=format-security -fno-plt -flto=auto -MT test/test_offst_source-offst_source.o -MD -MP -MF test/.deps/test_offst_source-offst_source.Tpo -c -o test/test_offst_source-offst_source.o `test -f 'test/offst_source.c' || echo './'`test/offst_source.c
mv -f cdrskin/.deps/cdrskin_cdrskin-cdrfifo.Tpo cdrskin/.deps/cdrskin_cdrskin-cdrfifo.Po
gcc -DPACKAGE_NAME=\"libburn\" -DPACKAGE_TARNAME=\"libburn\" -DPACKAGE_VERSION=\"1.5.6\" -DPACKAGE_STRING=\"libburn\ 1.5.6\" -DPACKAGE_BUGREPORT=\"http://libburnia-project.org\" -DPACKAGE_URL=\"\" -DPACKAGE=\"libburn\" -DVERSION=\"1.5.6\" -DHAVE_FSEEKO=1 -DSTDC_HEADERS=1 -DHAVE_SYS_TYPES_H=1 -DHAVE_SYS_STAT_H=1 -DHAVE_STDLIB_H=1 -DHAVE_STRING_H=1 -DHAVE_MEMORY_H=1 -DHAVE_STRINGS_H=1 -DHAVE_INTTYPES_H=1 -DHAVE_STDINT_H=1 -DHAVE_UNISTD_H=1 -DHAVE_DLFCN_H=1 -DLT_OBJDIR=\".libs/\" -I.  -Ilibburn   -DDEBUG -g -pedantic -Wall -Wextra -Wno-unused-parameter -Wno-char-subscripts    -DLibburn_os_has_statvfS -Os -fstack-clash-protection -Wformat -Werror=format-security -fno-plt -flto=auto -MT test/test_telltoc-telltoc.o -MD -MP -MF test/.deps/test_telltoc-telltoc.Tpo -c -o test/test_telltoc-telltoc.o `test -f 'test/telltoc.c' || echo './'`test/telltoc.c
mv -f test/.deps/test_libburner-libburner.Tpo test/.deps/test_libburner-libburner.Po
gcc -DPACKAGE_NAME=\"libburn\" -DPACKAGE_TARNAME=\"libburn\" -DPACKAGE_VERSION=\"1.5.6\" -DPACKAGE_STRING=\"libburn\ 1.5.6\" -DPACKAGE_BUGREPORT=\"http://libburnia-project.org\" -DPACKAGE_URL=\"\" -DPACKAGE=\"libburn\" -DVERSION=\"1.5.6\" -DHAVE_FSEEKO=1 -DSTDC_HEADERS=1 -DHAVE_SYS_TYPES_H=1 -DHAVE_SYS_STAT_H=1 -DHAVE_STDLIB_H=1 -DHAVE_STRING_H=1 -DHAVE_MEMORY_H=1 -DHAVE_STRINGS_H=1 -DHAVE_INTTYPES_H=1 -DHAVE_STDINT_H=1 -DHAVE_UNISTD_H=1 -DHAVE_DLFCN_H=1 -DLT_OBJDIR=\".libs/\" -I.  -Ilibburn   -DDEBUG -g -pedantic -Wall -Wextra -Wno-unused-parameter -Wno-char-subscripts    -DLibburn_os_has_statvfS -Os -fstack-clash-protection -Wformat -Werror=format-security -fno-plt -flto=auto -MT test/test_dewav-dewav.o -MD -MP -MF test/.deps/test_dewav-dewav.Tpo -c -o test/test_dewav-dewav.o `test -f 'test/dewav.c' || echo './'`test/dewav.c
mv -f test/.deps/test_offst_source-offst_source.Tpo test/.deps/test_offst_source-offst_source.Po
gcc -DPACKAGE_NAME=\"libburn\" -DPACKAGE_TARNAME=\"libburn\" -DPACKAGE_VERSION=\"1.5.6\" -DPACKAGE_STRING=\"libburn\ 1.5.6\" -DPACKAGE_BUGREPORT=\"http://libburnia-project.org\" -DPACKAGE_URL=\"\" -DPACKAGE=\"libburn\" -DVERSION=\"1.5.6\" -DHAVE_FSEEKO=1 -DSTDC_HEADERS=1 -DHAVE_SYS_TYPES_H=1 -DHAVE_SYS_STAT_H=1 -DHAVE_STDLIB_H=1 -DHAVE_STRING_H=1 -DHAVE_MEMORY_H=1 -DHAVE_STRINGS_H=1 -DHAVE_INTTYPES_H=1 -DHAVE_STDINT_H=1 -DHAVE_UNISTD_H=1 -DHAVE_DLFCN_H=1 -DLT_OBJDIR=\".libs/\" -I.     -DDEBUG -g -pedantic -Wall -Wextra -Wno-unused-parameter -Wno-char-subscripts    -DLibburn_os_has_statvfS -Os -fstack-clash-protection -Wformat -Werror=format-security -fno-plt -flto=auto -MT test/test_fake_au-fake_au.o -MD -MP -MF test/.deps/test_fake_au-fake_au.Tpo -c -o test/test_fake_au-fake_au.o `test -f 'test/fake_au.c' || echo './'`test/fake_au.c
gcc -DPACKAGE_NAME=\"libburn\" -DPACKAGE_TARNAME=\"libburn\" -DPACKAGE_VERSION=\"1.5.6\" -DPACKAGE_STRING=\"libburn\ 1.5.6\" -DPACKAGE_BUGREPORT=\"http://libburnia-project.org\" -DPACKAGE_URL=\"\" -DPACKAGE=\"libburn\" -DVERSION=\"1.5.6\" -DHAVE_FSEEKO=1 -DSTDC_HEADERS=1 -DHAVE_SYS_TYPES_H=1 -DHAVE_SYS_STAT_H=1 -DHAVE_STDLIB_H=1 -DHAVE_STRING_H=1 -DHAVE_MEMORY_H=1 -DHAVE_STRINGS_H=1 -DHAVE_INTTYPES_H=1 -DHAVE_STDINT_H=1 -DHAVE_UNISTD_H=1 -DHAVE_DLFCN_H=1 -DLT_OBJDIR=\".libs/\" -I.  -Ilibburn   -DDEBUG -g -pedantic -Wall -Wextra -Wno-unused-parameter -Wno-char-subscripts    -DLibburn_os_has_statvfS -Os -fstack-clash-protection -Wformat -Werror=format-security -fno-plt -flto=auto -MT test/test_poll-poll.o -MD -MP -MF test/.deps/test_poll-poll.Tpo -c -o test/test_poll-poll.o `test -f 'test/poll.c' || echo './'`test/poll.c
mv -f test/.deps/test_dewav-dewav.Tpo test/.deps/test_dewav-dewav.Po
mv -f test/.deps/test_fake_au-fake_au.Tpo test/.deps/test_fake_au-fake_au.Po
/bin/sh ./libtool  --tag=CC   --mode=link gcc  -DDEBUG -g -pedantic -Wall -Wextra -Wno-unused-parameter -Wno-char-subscripts    -DLibburn_os_has_statvfS -Os -fstack-clash-protection -Wformat -Werror=format-security -fno-plt -flto=auto  -Wl,--as-needed,-O1,--sort-common -Wl,-z,pack-relative-relocs -o test/fake_au test/test_fake_au-fake_au.o  
mv -f test/.deps/test_poll-poll.Tpo test/.deps/test_poll-poll.Po
mv -f test/.deps/test_telltoc-telltoc.Tpo test/.deps/test_telltoc-telltoc.Po
libtool: link: gcc -DDEBUG -g -pedantic -Wall -Wextra -Wno-unused-parameter -Wno-char-subscripts -DLibburn_os_has_statvfS -Os -fstack-clash-protection -Wformat -Werror=format-security -fno-plt -flto=auto -Wl,--as-needed -Wl,-O1 -Wl,--sort-common -Wl,-z -Wl,pack-relative-relocs -o test/fake_au test/test_fake_au-fake_au.o 
/bin/sh ./libtool  --tag=CC   --mode=link gcc  -DDEBUG -g -pedantic -Wall -Wextra -Wno-unused-parameter -Wno-char-subscripts    -DLibburn_os_has_statvfS -Os -fstack-clash-protection -Wformat -Werror=format-security -fno-plt -flto=auto -version-info 113:0:109 -Wl,--version-script=./libburn/libburn.ver -Wl,--as-needed,-O1,--sort-common -Wl,-z,pack-relative-relocs -o libburn/libburn.la -rpath /usr/lib libburn/async.lo libburn/cdtext.lo libburn/cleanup.lo libburn/crc.lo libburn/debug.lo libburn/drive.lo libburn/ecma130ab.lo libburn/file.lo libburn/init.lo libburn/libdax_audioxtr.lo libburn/libdax_msgs.lo libburn/mmc.lo libburn/null.lo libburn/options.lo libburn/read.lo libburn/sbc.lo libburn/sector.lo libburn/sg.lo libburn/source.lo libburn/spc.lo libburn/structure.lo libburn/toc.lo libburn/util.lo libburn/write.lo  -lpthread 
/bin/sh ./libtool  --tag=CC   --mode=link gcc  -DDEBUG -g -pedantic -Wall -Wextra -Wno-unused-parameter -Wno-char-subscripts    -DLibburn_os_has_statvfS -Os -fstack-clash-protection -Wformat -Werror=format-security -fno-plt -flto=auto  -Wl,--as-needed,-O1,--sort-common -Wl,-z,pack-relative-relocs -o test/libburner test/test_libburner-libburner.o libburn/async.lo libburn/cdtext.lo libburn/cleanup.lo libburn/crc.lo libburn/debug.lo libburn/drive.lo libburn/ecma130ab.lo libburn/file.lo libburn/init.lo libburn/libdax_audioxtr.lo libburn/libdax_msgs.lo libburn/mmc.lo libburn/null.lo libburn/options.lo libburn/read.lo libburn/sbc.lo libburn/sector.lo libburn/sg.lo libburn/source.lo libburn/spc.lo libburn/structure.lo libburn/toc.lo libburn/util.lo libburn/write.lo  -lpthread 
/bin/sh ./libtool  --tag=CC   --mode=link gcc  -DDEBUG -g -pedantic -Wall -Wextra -Wno-unused-parameter -Wno-char-subscripts    -DLibburn_os_has_statvfS -Os -fstack-clash-protection -Wformat -Werror=format-security -fno-plt -flto=auto  -Wl,--as-needed,-O1,--sort-common -Wl,-z,pack-relative-relocs -o test/offst_source test/test_offst_source-offst_source.o libburn/async.lo libburn/cdtext.lo libburn/cleanup.lo libburn/crc.lo libburn/debug.lo libburn/drive.lo libburn/ecma130ab.lo libburn/file.lo libburn/init.lo libburn/libdax_audioxtr.lo libburn/libdax_msgs.lo libburn/mmc.lo libburn/null.lo libburn/options.lo libburn/read.lo libburn/sbc.lo libburn/sector.lo libburn/sg.lo libburn/source.lo libburn/spc.lo libburn/structure.lo libburn/toc.lo libburn/util.lo libburn/write.lo  -lpthread 
/bin/sh ./libtool  --tag=CC   --mode=link gcc  -DDEBUG -g -pedantic -Wall -Wextra -Wno-unused-parameter -Wno-char-subscripts    -DLibburn_os_has_statvfS -Os -fstack-clash-protection -Wformat -Werror=format-security -fno-plt -flto=auto  -Wl,--as-needed,-O1,--sort-common -Wl,-z,pack-relative-relocs -o test/telltoc test/test_telltoc-telltoc.o libburn/async.lo libburn/cdtext.lo libburn/cleanup.lo libburn/crc.lo libburn/debug.lo libburn/drive.lo libburn/ecma130ab.lo libburn/file.lo libburn/init.lo libburn/libdax_audioxtr.lo libburn/libdax_msgs.lo libburn/mmc.lo libburn/null.lo libburn/options.lo libburn/read.lo libburn/sbc.lo libburn/sector.lo libburn/sg.lo libburn/source.lo libburn/spc.lo libburn/structure.lo libburn/toc.lo libburn/util.lo libburn/write.lo  -lpthread 
/bin/sh ./libtool  --tag=CC   --mode=link gcc  -DDEBUG -g -pedantic -Wall -Wextra -Wno-unused-parameter -Wno-char-subscripts    -DLibburn_os_has_statvfS -Os -fstack-clash-protection -Wformat -Werror=format-security -fno-plt -flto=auto  -Wl,--as-needed,-O1,--sort-common -Wl,-z,pack-relative-relocs -o test/dewav test/test_dewav-dewav.o libburn/async.lo libburn/cdtext.lo libburn/cleanup.lo libburn/crc.lo libburn/debug.lo libburn/drive.lo libburn/ecma130ab.lo libburn/file.lo libburn/init.lo libburn/libdax_audioxtr.lo libburn/libdax_msgs.lo libburn/mmc.lo libburn/null.lo libburn/options.lo libburn/read.lo libburn/sbc.lo libburn/sector.lo libburn/sg.lo libburn/source.lo libburn/spc.lo libburn/structure.lo libburn/toc.lo libburn/util.lo libburn/write.lo  -lpthread 
/bin/sh ./libtool  --tag=CC   --mode=link gcc  -DDEBUG -g -pedantic -Wall -Wextra -Wno-unused-parameter -Wno-char-subscripts    -DLibburn_os_has_statvfS -Os -fstack-clash-protection -Wformat -Werror=format-security -fno-plt -flto=auto  -Wl,--as-needed,-O1,--sort-common -Wl,-z,pack-relative-relocs -o test/poll test/test_poll-poll.o libburn/async.lo libburn/cdtext.lo libburn/cleanup.lo libburn/crc.lo libburn/debug.lo libburn/drive.lo libburn/ecma130ab.lo libburn/file.lo libburn/init.lo libburn/libdax_audioxtr.lo libburn/libdax_msgs.lo libburn/mmc.lo libburn/null.lo libburn/options.lo libburn/read.lo libburn/sbc.lo libburn/sector.lo libburn/sg.lo libburn/source.lo libburn/spc.lo libburn/structure.lo libburn/toc.lo libburn/util.lo libburn/write.lo  -lpthread 
libtool: link: gcc -DDEBUG -g -pedantic -Wall -Wextra -Wno-unused-parameter -Wno-char-subscripts -DLibburn_os_has_statvfS -Os -fstack-clash-protection -Wformat -Werror=format-security -fno-plt -flto=auto -Wl,--as-needed -Wl,-O1 -Wl,--sort-common -Wl,-z -Wl,pack-relative-relocs -o test/offst_source test/test_offst_source-offst_source.o libburn/.libs/async.o libburn/.libs/cdtext.o libburn/.libs/cleanup.o libburn/.libs/crc.o libburn/.libs/debug.o libburn/.libs/drive.o libburn/.libs/ecma130ab.o libburn/.libs/file.o libburn/.libs/init.o libburn/.libs/libdax_audioxtr.o libburn/.libs/libdax_msgs.o libburn/.libs/mmc.o libburn/.libs/null.o libburn/.libs/options.o libburn/.libs/read.o libburn/.libs/sbc.o libburn/.libs/sector.o libburn/.libs/sg.o libburn/.libs/source.o libburn/.libs/spc.o libburn/.libs/structure.o libburn/.libs/toc.o libburn/.libs/util.o libburn/.libs/write.o  -lpthread
libtool: link: gcc -DDEBUG -g -pedantic -Wall -Wextra -Wno-unused-parameter -Wno-char-subscripts -DLibburn_os_has_statvfS -Os -fstack-clash-protection -Wformat -Werror=format-security -fno-plt -flto=auto -Wl,--as-needed -Wl,-O1 -Wl,--sort-common -Wl,-z -Wl,pack-relative-relocs -o test/poll test/test_poll-poll.o libburn/.libs/async.o libburn/.libs/cdtext.o libburn/.libs/cleanup.o libburn/.libs/crc.o libburn/.libs/debug.o libburn/.libs/drive.o libburn/.libs/ecma130ab.o libburn/.libs/file.o libburn/.libs/init.o libburn/.libs/libdax_audioxtr.o libburn/.libs/libdax_msgs.o libburn/.libs/mmc.o libburn/.libs/null.o libburn/.libs/options.o libburn/.libs/read.o libburn/.libs/sbc.o libburn/.libs/sector.o libburn/.libs/sg.o libburn/.libs/source.o libburn/.libs/spc.o libburn/.libs/structure.o libburn/.libs/toc.o libburn/.libs/util.o libburn/.libs/write.o  -lpthread
libtool: link: gcc -DDEBUG -g -pedantic -Wall -Wextra -Wno-unused-parameter -Wno-char-subscripts -DLibburn_os_has_statvfS -Os -fstack-clash-protection -Wformat -Werror=format-security -fno-plt -flto=auto -Wl,--as-needed -Wl,-O1 -Wl,--sort-common -Wl,-z -Wl,pack-relative-relocs -o test/dewav test/test_dewav-dewav.o libburn/.libs/async.o libburn/.libs/cdtext.o libburn/.libs/cleanup.o libburn/.libs/crc.o libburn/.libs/debug.o libburn/.libs/drive.o libburn/.libs/ecma130ab.o libburn/.libs/file.o libburn/.libs/init.o libburn/.libs/libdax_audioxtr.o libburn/.libs/libdax_msgs.o libburn/.libs/mmc.o libburn/.libs/null.o libburn/.libs/options.o libburn/.libs/read.o libburn/.libs/sbc.o libburn/.libs/sector.o libburn/.libs/sg.o libburn/.libs/source.o libburn/.libs/spc.o libburn/.libs/structure.o libburn/.libs/toc.o libburn/.libs/util.o libburn/.libs/write.o  -lpthread
libtool: link: gcc -DDEBUG -g -pedantic -Wall -Wextra -Wno-unused-parameter -Wno-char-subscripts -DLibburn_os_has_statvfS -Os -fstack-clash-protection -Wformat -Werror=format-security -fno-plt -flto=auto -Wl,--as-needed -Wl,-O1 -Wl,--sort-common -Wl,-z -Wl,pack-relative-relocs -o test/libburner test/test_libburner-libburner.o libburn/.libs/async.o libburn/.libs/cdtext.o libburn/.libs/cleanup.o libburn/.libs/crc.o libburn/.libs/debug.o libburn/.libs/drive.o libburn/.libs/ecma130ab.o libburn/.libs/file.o libburn/.libs/init.o libburn/.libs/libdax_audioxtr.o libburn/.libs/libdax_msgs.o libburn/.libs/mmc.o libburn/.libs/null.o libburn/.libs/options.o libburn/.libs/read.o libburn/.libs/sbc.o libburn/.libs/sector.o libburn/.libs/sg.o libburn/.libs/source.o libburn/.libs/spc.o libburn/.libs/structure.o libburn/.libs/toc.o libburn/.libs/util.o libburn/.libs/write.o  -lpthread
libtool: link: gcc -shared  -fPIC -DPIC  libburn/.libs/async.o libburn/.libs/cdtext.o libburn/.libs/cleanup.o libburn/.libs/crc.o libburn/.libs/debug.o libburn/.libs/drive.o libburn/.libs/ecma130ab.o libburn/.libs/file.o libburn/.libs/init.o libburn/.libs/libdax_audioxtr.o libburn/.libs/libdax_msgs.o libburn/.libs/mmc.o libburn/.libs/null.o libburn/.libs/options.o libburn/.libs/read.o libburn/.libs/sbc.o libburn/.libs/sector.o libburn/.libs/sg.o libburn/.libs/source.o libburn/.libs/spc.o libburn/.libs/structure.o libburn/.libs/toc.o libburn/.libs/util.o libburn/.libs/write.o   -lpthread  -Os -flto=auto -Wl,--version-script=./libburn/libburn.ver -Wl,--as-needed -Wl,-O1 -Wl,--sort-common -Wl,-z -Wl,pack-relative-relocs   -Wl,-soname -Wl,libburn.so.4 -o libburn/.libs/libburn.so.4.109.0
libtool: link: gcc -DDEBUG -g -pedantic -Wall -Wextra -Wno-unused-parameter -Wno-char-subscripts -DLibburn_os_has_statvfS -Os -fstack-clash-protection -Wformat -Werror=format-security -fno-plt -flto=auto -Wl,--as-needed -Wl,-O1 -Wl,--sort-common -Wl,-z -Wl,pack-relative-relocs -o test/telltoc test/test_telltoc-telltoc.o libburn/.libs/async.o libburn/.libs/cdtext.o libburn/.libs/cleanup.o libburn/.libs/crc.o libburn/.libs/debug.o libburn/.libs/drive.o libburn/.libs/ecma130ab.o libburn/.libs/file.o libburn/.libs/init.o libburn/.libs/libdax_audioxtr.o libburn/.libs/libdax_msgs.o libburn/.libs/mmc.o libburn/.libs/null.o libburn/.libs/options.o libburn/.libs/read.o libburn/.libs/sbc.o libburn/.libs/sector.o libburn/.libs/sg.o libburn/.libs/source.o libburn/.libs/spc.o libburn/.libs/structure.o libburn/.libs/toc.o libburn/.libs/util.o libburn/.libs/write.o  -lpthread
mv -f cdrskin/.deps/cdrskin_cdrskin-cdrskin.Tpo cdrskin/.deps/cdrskin_cdrskin-cdrskin.Po
libtool: link: (cd "libburn/.libs" && rm -f "libburn.so.4" && ln -s "libburn.so.4.109.0" "libburn.so.4")
libtool: link: (cd "libburn/.libs" && rm -f "libburn.so" && ln -s "libburn.so.4.109.0" "libburn.so")
libtool: link: ( cd "libburn/.libs" && rm -f "libburn.la" && ln -s "../libburn.la" "libburn.la" )
/bin/sh ./libtool  --tag=CC   --mode=link gcc -DCdrskin_libburn_1_5_6 -DDEBUG -g -pedantic -Wall -Wextra -Wno-unused-parameter -Wno-char-subscripts    -DLibburn_os_has_statvfS -Os -fstack-clash-protection -Wformat -Werror=format-security -fno-plt -flto=auto  -Wl,--as-needed,-O1,--sort-common -Wl,-z,pack-relative-relocs -o cdrskin/cdrskin cdrskin/cdrskin_cdrskin-cdrskin.o cdrskin/cdrskin_cdrskin-cdrfifo.o libburn/libburn.la  -lpthread 
libtool: link: gcc -DCdrskin_libburn_1_5_6 -DDEBUG -g -pedantic -Wall -Wextra -Wno-unused-parameter -Wno-char-subscripts -DLibburn_os_has_statvfS -Os -fstack-clash-protection -Wformat -Werror=format-security -fno-plt -flto=auto -Wl,--as-needed -Wl,-O1 -Wl,--sort-common -Wl,-z -Wl,pack-relative-relocs -o cdrskin/.libs/cdrskin cdrskin/cdrskin_cdrskin-cdrskin.o cdrskin/cdrskin_cdrskin-cdrfifo.o  libburn/.libs/libburn.so -lpthread
make: Nothing to be done for 'check'.
>>> libburn: Entering fakeroot...
make[1]: Entering directory '/home/packager/aports/main/libburn/src/libburn-1.5.6'
if [ -f ./doc/doc.lock ]; then \
	/bin/sh /home/packager/aports/main/libburn/src/libburn-1.5.6/install-sh -d /home/packager/aports/main/libburn/pkg/libburn/usr/share/doc/libburn-1.5.6/html; \
	/usr/bin/install -c -m 644 doc/html/* /home/packager/aports/main/libburn/pkg/libburn/usr/share/doc/libburn-1.5.6/html; \
fi
 ./install-sh -c -d '/home/packager/aports/main/libburn/pkg/libburn/usr/lib'
 ./install-sh -c -d '/home/packager/aports/main/libburn/pkg/libburn/usr/include/libburn'
 ./install-sh -c -d '/home/packager/aports/main/libburn/pkg/libburn/usr/share/man/man1'
 ./install-sh -c -d '/home/packager/aports/main/libburn/pkg/libburn/usr/lib/pkgconfig'
 /bin/sh ./libtool   --mode=install /usr/bin/install -c   libburn/libburn.la '/home/packager/aports/main/libburn/pkg/libburn/usr/lib'
 /usr/bin/install -c -m 644 libburn/libburn.h '/home/packager/aports/main/libburn/pkg/libburn/usr/include/libburn'
 /usr/bin/install -c -m 644 libburn-1.pc '/home/packager/aports/main/libburn/pkg/libburn/usr/lib/pkgconfig'
 /usr/bin/install -c -m 644 cdrskin/cdrskin.1 '/home/packager/aports/main/libburn/pkg/libburn/usr/share/man/man1'
libtool: install: /usr/bin/install -c libburn/.libs/libburn.so.4.109.0 /home/packager/aports/main/libburn/pkg/libburn/usr/lib/libburn.so.4.109.0
libtool: install: (cd /home/packager/aports/main/libburn/pkg/libburn/usr/lib && { ln -s -f libburn.so.4.109.0 libburn.so.4 || { rm -f libburn.so.4 && ln -s libburn.so.4.109.0 libburn.so.4; }; })
libtool: install: (cd /home/packager/aports/main/libburn/pkg/libburn/usr/lib && { ln -s -f libburn.so.4.109.0 libburn.so || { rm -f libburn.so && ln -s libburn.so.4.109.0 libburn.so; }; })
libtool: install: /usr/bin/install -c libburn/.libs/libburn.lai /home/packager/aports/main/libburn/pkg/libburn/usr/lib/libburn.la
libtool: install: warning: remember to run `libtool --finish /usr/lib'
 ./install-sh -c -d '/home/packager/aports/main/libburn/pkg/libburn/usr/bin'
  /bin/sh ./libtool   --mode=install /usr/bin/install -c cdrskin/cdrskin '/home/packager/aports/main/libburn/pkg/libburn/usr/bin'
libtool: install: warning: `libburn/libburn.la' has not been installed in `/usr/lib'
libtool: install: /usr/bin/install -c cdrskin/.libs/cdrskin /home/packager/aports/main/libburn/pkg/libburn/usr/bin/cdrskin
make  install-exec-hook
make[2]: Entering directory '/home/packager/aports/main/libburn/src/libburn-1.5.6'
ldconfig "/home/packager/aports/main/libburn/pkg/libburn/usr/lib" || echo 'NOTE: Explicit dynamic library configuration failed. If needed, configure manually for:' "/home/packager/aports/main/libburn/pkg/libburn/usr/lib"
make[2]: Leaving directory '/home/packager/aports/main/libburn/src/libburn-1.5.6'
make[1]: Leaving directory '/home/packager/aports/main/libburn/src/libburn-1.5.6'
>>> libburn-dev*: Running split function dev...
'usr/include' -> '/home/packager/aports/main/libburn/pkg/libburn-dev/usr/include'
'usr/lib/pkgconfig' -> '/home/packager/aports/main/libburn/pkg/libburn-dev/usr/lib/pkgconfig'
'usr/lib/libburn.so' -> '/home/packager/aports/main/libburn/pkg/libburn-dev/usr/lib/libburn.so'
>>> libburn-dev*: Preparing subpackage libburn-dev...
>>> libburn-dev*: Stripping binaries
>>> libburn-dev*: Running postcheck for libburn-dev
>>> libburn-doc*: Running split function doc...
'usr/share/man' -> '/home/packager/aports/main/libburn/pkg/libburn-doc/usr/share/man'
>>> libburn-doc*: Preparing subpackage libburn-doc...
>>> libburn-doc*: Running postcheck for libburn-doc
>>> libburn*: Running postcheck for libburn
>>> libburn*: Preparing package libburn...
>>> libburn*: Stripping binaries
>>> libburn-dev*: Scanning shared objects
>>> libburn-doc*: Scanning shared objects
>>> libburn*: Scanning shared objects
>>> libburn-dev*: Tracing dependencies...
	libburn=1.5.6-r0
	pkgconfig
>>> libburn-dev*: Package size: 197.6 KB
>>> libburn-dev*: Compressing data...
>>> libburn-dev*: Create checksum...
pigz: not found
>>> libburn-dev*: Create libburn-dev-1.5.6-r0.apk
>>> libburn-doc*: Tracing dependencies...
>>> libburn-doc*: Package size: 26.1 KB
>>> libburn-doc*: Compressing data...
>>> libburn-doc*: Create checksum...
pigz: not found
>>> libburn-doc*: Create libburn-doc-1.5.6-r0.apk
>>> libburn*: Tracing dependencies...
	so:libc.musl-x86_64.so.1
>>> libburn*: Package size: 386.5 KB
>>> libburn*: Compressing data...
>>> libburn*: Create checksum...
pigz: not found
>>> libburn*: Create libburn-1.5.6-r0.apk
>>> libburn: Build complete at Sun, 18 May 2025 09:44:07 +0000 elapsed time 0h 0m 18s
>>> libburn: Cleaning up srcdir
>>> libburn: Cleaning up pkgdir
>>> libburn: Uninstalling dependencies...
(1/2) Purging .makedepends-libburn (20250518.094351)
(2/2) Purging linux-headers (6.14.2-r0)
OK: 261 MiB in 81 packages
>>> libburn: Updating the main/x86_64 repository index...
>>> libburn: Signing the index...
pigz: not found
