>>> libxft: Validating /home/packager/oily-pine/main/libxft/APKBUILD...
>>> libxft: Cleaning up srcdir
>>> libxft: Cleaning up pkgdir
>>> libxft: Cleaning up tmpdir
>>> libxft: Fetching https://www.x.org/releases/individual/lib/libXft-2.3.8.tar.xz
  % Total    % Received % Xferd  Average Speed   Time    Time     Time  Current
                                 Dload  Upload   Total   Spent    Left  Speed
  0     0    0     0    0     0      0      0 --:--:-- --:--:-- --:--:--     0 23  304k   23 71967    0     0  69090      0  0:00:04  0:00:01  0:00:03 69132100  304k  100  304k    0     0   251k      0  0:00:01  0:00:01 --:--:--  251k
>>> libxft: Fetching https://www.x.org/releases/individual/lib/libXft-2.3.8.tar.xz
>>> libxft: Checking sha512sums...
libXft-2.3.8.tar.xz: OK
>>> libxft: Preparing build chroot...
fetch http://dl-cdn.alpinelinux.org/alpine/edge/main/x86_64/APKINDEX.tar.gz
(1/111) Installing musl (1.2.5-r10)
(2/111) Installing libcrypto3 (3.5.0-r0)
(3/111) Installing ca-certificates-bundle (20241121-r2)
(4/111) Installing libssl3 (3.5.0-r0)
(5/111) Installing zlib (1.3.1-r2)
(6/111) Installing libapk2 (2.14.9-r2)
(7/111) Installing apk-tools (2.14.9-r2)
(8/111) Installing libcap2 (2.76-r0)
(9/111) Installing libcap-getcap (2.76-r0)
(10/111) Installing fakeroot (1.37.1.1-r0)
(11/111) Installing scanelf (1.3.8-r1)
(12/111) Installing musl-utils (1.2.5-r10)
(13/111) Installing libgcc (14.3.0-r0)
(14/111) Installing libstdc++ (14.3.0-r0)
(15/111) Installing lzip (1.25-r0)
(16/111) Installing openssl (3.5.0-r0)
(17/111) Installing patch (2.8-r0)
(18/111) Installing pkgconf (2.4.3-r0)
(19/111) Installing acl-libs (2.3.2-r1)
(20/111) Installing tar (1.35-r3)
(21/111) Installing busybox (1.37.0-r18)
Executing busybox-1.37.0-r18.post-install
(22/111) Installing ssl_client (1.37.0-r18)
(23/111) Installing busybox-binsh (1.37.0-r18)
(24/111) Installing abuild (3.15.0-r0)
Executing abuild-3.15.0-r0.pre-install
(25/111) Installing abuild-sudo (3.15.0-r0)
(26/111) Installing alpine-baselayout-data (3.7.0-r0)
(27/111) Installing alpine-baselayout (3.7.0-r0)
Executing alpine-baselayout-3.7.0-r0.pre-install
Executing alpine-baselayout-3.7.0-r0.post-install
(28/111) Installing bridge (1.5-r5)
(29/111) Installing ifupdown-ng (0.12.1-r7)
(30/111) Installing openrc-user (0.62.2-r2)
(31/111) Installing openrc (0.62.2-r2)
Executing openrc-0.62.2-r2.post-install
(32/111) Installing mdev-conf (4.8-r0)
(33/111) Installing busybox-mdev-openrc (1.37.0-r18)
(34/111) Installing alpine-conf (3.20.0-r0)
(35/111) Installing alpine-keys (2.5-r0)
(36/111) Installing alpine-release (3.22.0-r0)
(37/111) Installing busybox-openrc (1.37.0-r18)
(38/111) Installing busybox-suid (1.37.0-r18)
(39/111) Installing alpine-base (3.22.0-r0)
(40/111) Installing jansson (2.14.1-r0)
(41/111) Installing zstd-libs (1.5.7-r0)
(42/111) Installing binutils (2.44-r0)
(43/111) Installing libmagic (5.46-r2)
(44/111) Installing file (5.46-r2)
(45/111) Installing libgomp (14.3.0-r0)
(46/111) Installing libatomic (14.3.0-r0)
(47/111) Installing gmp (6.3.0-r3)
(48/111) Installing isl26 (0.26-r1)
(49/111) Installing mpfr4 (4.2.1_p1-r0)
(50/111) Installing mpc1 (1.3.1-r1)
(51/111) Installing gcc (14.3.0-r0)
(52/111) Installing libstdc++-dev (14.3.0-r0)
(53/111) Installing musl-dev (1.2.5-r10)
(54/111) Installing g++ (14.3.0-r0)
(55/111) Installing make (4.4.1-r3)
(56/111) Installing fortify-headers (1.1-r5)
(57/111) Installing build-base (0.5-r3)
(58/111) Installing libexpat (2.7.1-r0)
(59/111) Installing brotli-libs (1.1.0-r2)
(60/111) Installing libbz2 (1.0.8-r6)
(61/111) Installing libpng (1.6.47-r0)
(62/111) Installing freetype (2.13.3-r0)
(63/111) Installing fontconfig (2.15.0-r3)
(64/111) Installing expat (2.7.1-r0)
(65/111) Installing expat-dev (2.7.1-r0)
(66/111) Installing bzip2-dev (1.0.8-r6)
(67/111) Installing brotli (1.1.0-r2)
(68/111) Installing brotli-dev (1.1.0-r2)
(69/111) Installing zlib-dev (1.3.1-r2)
(70/111) Installing libpng-dev (1.6.47-r0)
(71/111) Installing freetype-dev (2.13.3-r0)
(72/111) Installing fontconfig-dev (2.15.0-r3)
(73/111) Installing c-ares (1.34.5-r0)
(74/111) Installing libunistring (1.3-r0)
(75/111) Installing libidn2 (2.3.7-r0)
(76/111) Installing nghttp2-libs (1.65.0-r0)
(77/111) Installing libpsl (0.21.5-r3)
(78/111) Installing libcurl (8.14.0-r2)
(79/111) Installing pcre2 (10.43-r1)
(80/111) Installing git (2.49.0-r0)
(81/111) Installing git-init-template (2.49.0-r0)
(82/111) Installing libxau (1.0.12-r0)
(83/111) Installing libmd (1.1.0-r0)
(84/111) Installing libbsd (0.12.2-r0)
(85/111) Installing libxdmcp (1.1.5-r1)
(86/111) Installing libxcb (1.17.0-r0)
(87/111) Installing libx11 (1.8.11-r0)
(88/111) Installing libxrender (0.9.12-r0)
(89/111) Installing xorgproto (2024.1-r0)
(90/111) Installing libxau-dev (1.0.12-r0)
(91/111) Installing libffi (3.4.8-r0)
(92/111) Installing gdbm (1.24-r0)
(93/111) Installing xz-libs (5.8.1-r0)
(94/111) Installing mpdecimal (4.0.1-r0)
(95/111) Installing ncurses-terminfo-base (6.5_p20250503-r0)
(96/111) Installing libncursesw (6.5_p20250503-r0)
(97/111) Installing libpanelw (6.5_p20250503-r0)
(98/111) Installing readline (8.2.13-r1)
(99/111) Installing sqlite-libs (3.50.0-r0)
(100/111) Installing python3 (3.12.10-r1)
(101/111) Installing python3-pycache-pyc0 (3.12.10-r1)
(102/111) Installing pyc (3.12.10-r1)
(103/111) Installing xcb-proto-pyc (1.17.0-r0)
(104/111) Installing python3-pyc (3.12.10-r1)
(105/111) Installing xcb-proto (1.17.0-r0)
(106/111) Installing libxdmcp-dev (1.1.5-r1)
(107/111) Installing libxcb-dev (1.17.0-r0)
(108/111) Installing xtrans (1.5.2-r0)
(109/111) Installing libx11-dev (1.8.11-r0)
(110/111) Installing libxrender-dev (0.9.12-r0)
(111/111) Installing util-macros (1.20.1-r0)
Executing busybox-1.37.0-r18.trigger
OK: 308 MiB in 111 packages
>>> libxft: Fetching https://www.x.org/releases/individual/lib/libXft-2.3.8.tar.xz
>>> libxft: Checking sha512sums...
libXft-2.3.8.tar.xz: OK
>>> libxft: Unpacking /var/cache/distfiles/libXft-2.3.8.tar.xz...
checking for a BSD-compatible install... /usr/bin/install -c
checking whether build environment is sane... yes
checking for a race-free mkdir -p... ./install-sh -c -d
checking for gawk... no
checking for mawk... no
checking for nawk... no
checking for awk... awk
checking whether make sets $(MAKE)... yes
checking whether make supports nested variables... yes
checking build system type... x86_64-alpine-linux-musl
checking host system type... x86_64-alpine-linux-musl
checking how to print strings... printf
checking whether make supports the include directive... yes (GNU style)
checking for x86_64-alpine-linux-musl-gcc... cc
checking whether the C compiler works... yes
checking for C compiler default output file name... a.out
checking for suffix of executables... 
checking whether we are cross compiling... no
checking for suffix of object files... o
checking whether the compiler supports GNU C... yes
checking whether cc accepts -g... yes
checking for cc option to enable C11 features... none needed
checking whether cc understands -c and -o together... yes
checking dependency style of cc... gcc3
checking for a sed that does not truncate output... /bin/sed
checking for grep that handles long lines and -e... /bin/grep
checking for egrep... /bin/grep -E
checking for fgrep... /bin/grep -F
checking for ld used by cc... /usr/x86_64-alpine-linux-musl/bin/ld
checking if the linker (/usr/x86_64-alpine-linux-musl/bin/ld) is GNU ld... yes
checking for BSD- or MS-compatible name lister (nm)... /usr/bin/nm -B
checking the name lister (/usr/bin/nm -B) interface... BSD nm
checking whether ln -s works... yes
checking the maximum length of command line arguments... 98304
checking how to convert x86_64-alpine-linux-musl file names to x86_64-alpine-linux-musl format... func_convert_file_noop
checking how to convert x86_64-alpine-linux-musl file names to toolchain format... func_convert_file_noop
checking for /usr/x86_64-alpine-linux-musl/bin/ld option to reload object files... -r
checking for x86_64-alpine-linux-musl-file... no
checking for file... file
checking for x86_64-alpine-linux-musl-objdump... no
checking for objdump... objdump
checking how to recognize dependent libraries... pass_all
checking for x86_64-alpine-linux-musl-dlltool... no
checking for dlltool... no
checking how to associate runtime and link libraries... printf %s\n
checking for x86_64-alpine-linux-musl-ar... no
checking for ar... ar
checking for archiver @FILE support... @
checking for x86_64-alpine-linux-musl-strip... no
checking for strip... strip
checking for x86_64-alpine-linux-musl-ranlib... no
checking for ranlib... ranlib
checking command to parse /usr/bin/nm -B output from cc object... ok
checking for sysroot... no
checking for a working dd... /bin/dd
checking how to truncate binary pipes... /bin/dd bs=4096 count=1
checking for x86_64-alpine-linux-musl-mt... no
checking for mt... no
checking if : is a manifest tool... no
checking for stdio.h... yes
checking for stdlib.h... yes
checking for string.h... yes
checking for inttypes.h... yes
checking for stdint.h... yes
checking for strings.h... yes
checking for sys/stat.h... yes
checking for sys/types.h... yes
checking for unistd.h... yes
checking for dlfcn.h... yes
checking for objdir... .libs
checking if cc supports -fno-rtti -fno-exceptions... no
checking for cc option to produce PIC... -fPIC -DPIC
checking if cc PIC flag -fPIC -DPIC works... yes
checking if cc static flag -static works... yes
checking if cc supports -c -o file.o... yes
checking if cc supports -c -o file.o... (cached) yes
checking whether the cc linker (/usr/x86_64-alpine-linux-musl/bin/ld -m elf_x86_64) supports shared libraries... yes
checking whether -lc should be explicitly linked in... no
checking dynamic linker characteristics... GNU/Linux ld.so
checking how to hardcode library paths into programs... immediate
checking whether stripping libraries is possible... yes
checking if libtool supports shared libraries... yes
checking whether to build shared libraries... yes
checking whether to build static libraries... yes
checking for cc options needed to detect all undeclared functions... none needed
checking whether __clang__ is declared... no
checking whether __INTEL_COMPILER is declared... no
checking whether __SUNPRO_C is declared... no
checking for x86_64-alpine-linux-musl-pkg-config... no
checking for pkg-config... /usr/bin/pkg-config
checking pkg-config is at least version 0.9.0... yes
checking if cc supports -Werror=unknown-warning-option... no
checking if cc supports -Werror=unused-command-line-argument... no
checking if cc supports -Wall... yes
checking if cc supports -Wpointer-arith... yes
checking if cc supports -Wmissing-declarations... yes
checking if cc supports -Wformat=2... yes
checking if cc supports -Wstrict-prototypes... yes
checking if cc supports -Wmissing-prototypes... yes
checking if cc supports -Wnested-externs... yes
checking if cc supports -Wbad-function-cast... yes
checking if cc supports -Wold-style-definition... yes
checking if cc supports -Wdeclaration-after-statement... yes
checking if cc supports -Wunused... yes
checking if cc supports -Wuninitialized... yes
checking if cc supports -Wshadow... yes
checking if cc supports -Wmissing-noreturn... yes
checking if cc supports -Wmissing-format-attribute... yes
checking if cc supports -Wredundant-decls... yes
checking if cc supports -Wlogical-op... yes
checking if cc supports -Werror=implicit... yes
checking if cc supports -Werror=nonnull... yes
checking if cc supports -Werror=init-self... yes
checking if cc supports -Werror=main... yes
checking if cc supports -Werror=missing-braces... yes
checking if cc supports -Werror=sequence-point... yes
checking if cc supports -Werror=return-type... yes
checking if cc supports -Werror=trigraphs... yes
checking if cc supports -Werror=array-bounds... yes
checking if cc supports -Werror=write-strings... yes
checking if cc supports -Werror=address... yes
checking if cc supports -Werror=int-to-pointer-cast... yes
checking if cc supports -Werror=pointer-to-int-cast... yes
checking if cc supports -pedantic... yes
checking if cc supports -Werror... yes
checking if cc supports -Werror=attributes... yes
checking whether make supports nested variables... (cached) yes
checking for XRENDER... yes
checking for FREETYPE... yes
checking for FONTCONFIG... yes
checking that generated files are newer than configure... done
configure: creating ./config.status
config.status: creating Makefile
config.status: creating xft.pc
config.status: creating src/Makefile
config.status: creating man/Makefile
config.status: creating config.h
config.status: creating include/X11/Xft/Xft.h
config.status: include/X11/Xft/Xft.h is unchanged
config.status: executing depfiles commands
config.status: executing libtool commands
make  all-recursive
make[1]: Entering directory '/tmp/src/libXft-2.3.8'
Making all in man
make[2]: Entering directory '/tmp/src/libXft-2.3.8/man'
  GEN      Xft.3
  GEN      XftCharExists.3
  GEN      XftCharFontSpecRender.3
  GEN      XftCharIndex.3
  GEN      XftCharSpecRender.3
  GEN      XftColorAllocName.3
  GEN      XftColorAllocValue.3
  GEN      XftColorFree.3
  GEN      XftDefaultHasRender.3
  GEN      XftDefaultSet.3
  GEN      XftDefaultSubstitute.3
  GEN      XftDrawChange.3
  GEN      XftDrawCharFontSpec.3
  GEN      XftDrawCharSpec.3
  GEN      XftDrawColormap.3
  GEN      XftDrawCreate.3
  GEN      XftDrawCreateAlpha.3
  GEN      XftDrawCreateBitmap.3
  GEN      XftDrawDestroy.3
  GEN      XftDrawDisplay.3
  GEN      XftDrawDrawable.3
  GEN      XftDrawGlyphFontSpec.3
  GEN      XftDrawGlyphSpec.3
  GEN      XftDrawGlyphs.3
  GEN      XftDrawPicture.3
  GEN      XftDrawRect.3
  GEN      XftDrawSetClip.3
  GEN      XftDrawSetClipRectangles.3
  GEN      XftDrawSetSubwindowMode.3
  GEN      XftDrawSrcPicture.3
  GEN      XftDrawString16.3
  GEN      XftDrawString32.3
  GEN      XftDrawString8.3
  GEN      XftDrawStringUtf16.3
  GEN      XftDrawStringUtf8.3
  GEN      XftDrawVisual.3
  GEN      XftFontCheckGlyph.3
  GEN      XftFontClose.3
  GEN      XftFontCopy.3
  GEN      XftFontInfoCreate.3
  GEN      XftFontInfoDestroy.3
  GEN      XftFontInfoEqual.3
  GEN      XftFontInfoHash.3
  GEN      XftFontLoadGlyphs.3
  GEN      XftFontMatch.3
  GEN      XftFontOpen.3
  GEN      XftFontOpenInfo.3
  GEN      XftFontOpenName.3
  GEN      XftFontOpenPattern.3
  GEN      XftFontOpenXlfd.3
  GEN      XftFontUnloadGlyphs.3
  GEN      XftGetVersion.3
  GEN      XftGlyphExtents.3
  GEN      XftGlyphFontSpecRender.3
  GEN      XftGlyphRender.3
  GEN      XftGlyphSpecRender.3
  GEN      XftInit.3
  GEN      XftInitFtLibrary.3
  GEN      XftListFonts.3
  GEN      XftLockFace.3
  GEN      XftNameParse.3
  GEN      XftTextExtents16.3
  GEN      XftNameUnparse.3
  GEN      XftTextExtents32.3
  GEN      XftTextExtents8.3
  GEN      XftTextExtentsUtf16.3
  GEN      XftTextExtentsUtf8.3
  GEN      XftTextRender16BE.3
  GEN      XftTextRender16.3
  GEN      XftTextRender16LE.3
  GEN      XftTextRender32.3
  GEN      XftTextRender32BE.3
  GEN      XftTextRender32LE.3
  GEN      XftTextRender8.3
  GEN      XftTextRenderUtf16.3
  GEN      XftTextRenderUtf8.3
  GEN      XftUnlockFace.3
  GEN      XftXlfdParse.3
make[2]: Leaving directory '/tmp/src/libXft-2.3.8/man'
Making all in src
make[2]: Entering directory '/tmp/src/libXft-2.3.8/src'
  CC       xftcolor.lo
  CC       xftcore.lo
  CC       xftdbg.lo
  CC       xftdpy.lo
  CC       xftdraw.lo
  CC       xftextent.lo
  CC       xftfont.lo
  CC       xftfreetype.lo
  CC       xftglyphs.lo
  CC       xftinit.lo
  CC       xftlist.lo
  CC       xftname.lo
  CC       xftrender.lo
  CC       xftstr.lo
  CC       xftswap.lo
  CC       xftxlfd.lo
  CCLD     libXft.la
make[2]: Leaving directory '/tmp/src/libXft-2.3.8/src'
make[2]: Entering directory '/tmp/src/libXft-2.3.8'
make[2]: Leaving directory '/tmp/src/libXft-2.3.8'
make[1]: Leaving directory '/tmp/src/libXft-2.3.8'
>>> libxft: Entering fakeroot...
Making install in man
make[1]: Entering directory '/tmp/src/libXft-2.3.8/man'
make[2]: Entering directory '/tmp/src/libXft-2.3.8/man'
make[2]: Nothing to be done for 'install-exec-am'.
 .././install-sh -c -d '/tmp/pkg/libxft/usr/share/man/man3'
 /usr/bin/install -c -m 644 Xft.3 XftCharExists.3 XftCharFontSpecRender.3 XftCharIndex.3 XftCharSpecRender.3 XftColorAllocName.3 XftColorAllocValue.3 XftColorFree.3 XftDefaultHasRender.3 XftDefaultSet.3 XftDefaultSubstitute.3 XftDrawChange.3 XftDrawCharFontSpec.3 XftDrawCharSpec.3 XftDrawColormap.3 XftDrawCreate.3 XftDrawCreateAlpha.3 XftDrawCreateBitmap.3 XftDrawDestroy.3 XftDrawDisplay.3 XftDrawDrawable.3 XftDrawGlyphFontSpec.3 XftDrawGlyphSpec.3 XftDrawGlyphs.3 XftDrawPicture.3 XftDrawRect.3 XftDrawSetClip.3 XftDrawSetClipRectangles.3 XftDrawSetSubwindowMode.3 XftDrawSrcPicture.3 XftDrawString16.3 XftDrawString32.3 XftDrawString8.3 XftDrawStringUtf16.3 XftDrawStringUtf8.3 XftDrawVisual.3 XftFontCheckGlyph.3 XftFontClose.3 XftFontCopy.3 XftFontInfoCreate.3 '/tmp/pkg/libxft/usr/share/man/man3'
 /usr/bin/install -c -m 644 XftFontInfoDestroy.3 XftFontInfoEqual.3 XftFontInfoHash.3 XftFontLoadGlyphs.3 XftFontMatch.3 XftFontOpen.3 XftFontOpenInfo.3 XftFontOpenName.3 XftFontOpenPattern.3 XftFontOpenXlfd.3 XftFontUnloadGlyphs.3 XftGetVersion.3 XftGlyphExtents.3 XftGlyphFontSpecRender.3 XftGlyphRender.3 XftGlyphSpecRender.3 XftInit.3 XftInitFtLibrary.3 XftListFonts.3 XftLockFace.3 XftNameParse.3 XftNameUnparse.3 XftTextExtents16.3 XftTextExtents32.3 XftTextExtents8.3 XftTextExtentsUtf16.3 XftTextExtentsUtf8.3 XftTextRender16.3 XftTextRender16BE.3 XftTextRender16LE.3 XftTextRender32.3 XftTextRender32BE.3 XftTextRender32LE.3 XftTextRender8.3 XftTextRenderUtf16.3 XftTextRenderUtf8.3 XftUnlockFace.3 XftXlfdParse.3 '/tmp/pkg/libxft/usr/share/man/man3'
make[2]: Leaving directory '/tmp/src/libXft-2.3.8/man'
make[1]: Leaving directory '/tmp/src/libXft-2.3.8/man'
Making install in src
make[1]: Entering directory '/tmp/src/libXft-2.3.8/src'
make[2]: Entering directory '/tmp/src/libXft-2.3.8/src'
 .././install-sh -c -d '/tmp/pkg/libxft/usr/lib'
 .././install-sh -c -d '/tmp/pkg/libxft/usr/include/X11/Xft'
 /bin/sh ../libtool   --mode=install /usr/bin/install -c   libXft.la '/tmp/pkg/libxft/usr/lib'
 /usr/bin/install -c -m 644 ../include/X11/Xft/Xft.h ../include/X11/Xft/XftCompat.h '/tmp/pkg/libxft/usr/include/X11/Xft'
libtool: install: /usr/bin/install -c .libs/libXft.so.2.3.8 /tmp/pkg/libxft/usr/lib/libXft.so.2.3.8
libtool: install: (cd /tmp/pkg/libxft/usr/lib && { ln -s -f libXft.so.2.3.8 libXft.so.2 || { rm -f libXft.so.2 && ln -s libXft.so.2.3.8 libXft.so.2; }; })
libtool: install: (cd /tmp/pkg/libxft/usr/lib && { ln -s -f libXft.so.2.3.8 libXft.so || { rm -f libXft.so && ln -s libXft.so.2.3.8 libXft.so; }; })
libtool: install: /usr/bin/install -c .libs/libXft.lai /tmp/pkg/libxft/usr/lib/libXft.la
libtool: install: /usr/bin/install -c .libs/libXft.a /tmp/pkg/libxft/usr/lib/libXft.a
libtool: install: chmod 644 /tmp/pkg/libxft/usr/lib/libXft.a
libtool: install: ranlib /tmp/pkg/libxft/usr/lib/libXft.a
libtool: warning: remember to run 'libtool --finish /usr/lib'
make[2]: Leaving directory '/tmp/src/libXft-2.3.8/src'
make[1]: Leaving directory '/tmp/src/libXft-2.3.8/src'
make[1]: Entering directory '/tmp/src/libXft-2.3.8'
make[2]: Entering directory '/tmp/src/libXft-2.3.8'
make[2]: Nothing to be done for 'install-exec-am'.
 ./install-sh -c -d '/tmp/pkg/libxft/usr/lib/pkgconfig'
 /usr/bin/install -c -m 644 xft.pc '/tmp/pkg/libxft/usr/lib/pkgconfig'
make[2]: Leaving directory '/tmp/src/libXft-2.3.8'
make[1]: Leaving directory '/tmp/src/libXft-2.3.8'
>>> libxft-dev*: Running split function dev...
'usr/include' -> '/tmp/pkg/libxft-dev/usr/include'
'usr/lib/pkgconfig' -> '/tmp/pkg/libxft-dev/usr/lib/pkgconfig'
'usr/lib/libXft.a' -> '/tmp/pkg/libxft-dev/usr/lib/libXft.a'
'usr/lib/libXft.so' -> '/tmp/pkg/libxft-dev/usr/lib/libXft.so'
>>> libxft-dev*: Preparing subpackage libxft-dev...
>>> libxft-dev*: Stripping binaries
>>> libxft-dev*: Running postcheck for libxft-dev
>>> libxft-doc*: Running split function doc...
'usr/share/man' -> '/tmp/pkg/libxft-doc/usr/share/man'
'usr/share/licenses' -> '/tmp/pkg/libxft-doc/usr/share/licenses'
>>> libxft-doc*: Preparing subpackage libxft-doc...
>>> libxft-doc*: Running postcheck for libxft-doc
>>> libxft*: Running postcheck for libxft
>>> libxft*: Preparing package libxft...
>>> libxft*: Stripping binaries
>>> libxft-dev*: Scanning shared objects
>>> libxft-doc*: Scanning shared objects
>>> libxft*: Scanning shared objects
>>> libxft-dev*: Tracing dependencies...
	zlib-dev
	libxft=2.3.8-r3
	pc:fontconfig
	pc:freetype2
	pc:xproto
	pc:xrender
	pkgconfig
>>> libxft-dev*: Package size: 146.5 KB
>>> libxft-dev*: Compressing data...
>>> libxft-dev*: Create checksum...
>>> libxft-dev*: Create libxft-dev-2.3.8-r3.apk
>>> libxft-doc*: Tracing dependencies...
>>> libxft-doc*: Package size: 15.0 KB
>>> libxft-doc*: Compressing data...
>>> libxft-doc*: Create checksum...
>>> libxft-doc*: Create libxft-doc-2.3.8-r3.apk
>>> libxft*: Tracing dependencies...
	so:libX11.so.6
	so:libXrender.so.1
	so:libc.musl-x86_64.so.1
	so:libfontconfig.so.1
	so:libfreetype.so.6
>>> libxft*: Package size: 81.9 KB
>>> libxft*: Compressing data...
>>> libxft*: Create checksum...
>>> libxft*: Create libxft-2.3.8-r3.apk
>>> libxft: Updating the main/x86_64 repository index...
>>> libxft: Signing the index...
>>> libxft: Cleaning up srcdir
>>> libxft: Cleaning up build chroot
>>> libxft: Cleaning up pkgdir
