pigz: not found
>>> libnet: Building main/libnet 1.3-r0 (using abuild 3.14.1-r4) started Sun, 18 May 2025 09:23:07 +0000
>>> libnet: Validating /home/packager/aports/main/libnet/APKBUILD...
>>> libnet: Analyzing dependencies...
>>> libnet: Installing for build: build-base
(1/1) Installing .makedepends-libnet (20250518.092309)
OK: 261 MiB in 82 packages
>>> libnet: Cleaning up srcdir
>>> libnet: Cleaning up pkgdir
>>> libnet: Cleaning up tmpdir
>>> libnet: Fetching https://github.com/libnet/libnet/releases/download/v1.3/libnet-1.3.tar.gz
Connecting to github.com (140.82.121.3:443)
Connecting to objects.githubusercontent.com (185.199.111.133:443)
saving to '/var/cache/distfiles/libnet-1.3.tar.gz.part'
libnet-1.3.tar.gz.pa 100% |********************************|  581k  0:00:00 ETA
'/var/cache/distfiles/libnet-1.3.tar.gz.part' saved
>>> libnet: Fetching https://github.com/libnet/libnet/releases/download/v1.3/libnet-1.3.tar.gz
>>> libnet: Checking sha512sums...
libnet-1.3.tar.gz: OK
>>> libnet: Unpacking /var/cache/distfiles/libnet-1.3.tar.gz...
checking for a POSIX-compliant shell... /bin/sh
checking for a sed that does not truncate output... /bin/sed
checking for chmod... chmod
checking build system type... x86_64-alpine-linux-musl
checking host system type... x86_64-alpine-linux-musl
checking target system type... x86_64-alpine-linux-musl
checking for a BSD-compatible install... /usr/bin/install -c
checking whether build environment is sane... yes
checking for a race-free mkdir -p... ./install-sh -c -d
checking for gawk... no
checking for mawk... no
checking for nawk... no
checking for awk... awk
checking whether make sets $(MAKE)... yes
checking whether make supports nested variables... yes
checking whether make supports nested variables... (cached) yes
checking for x86_64-alpine-linux-musl-gcc... gcc
checking whether the C compiler works... yes
checking for C compiler default output file name... a.out
checking for suffix of executables... 
checking whether we are cross compiling... no
checking for suffix of object files... o
checking whether the compiler supports GNU C... yes
checking whether gcc accepts -g... yes
checking for gcc option to enable C11 features... none needed
checking whether gcc understands -c and -o together... yes
checking for stdio.h... yes
checking for stdlib.h... yes
checking for string.h... yes
checking for inttypes.h... yes
checking for stdint.h... yes
checking for strings.h... yes
checking for sys/stat.h... yes
checking for sys/types.h... yes
checking for unistd.h... yes
checking for wchar.h... yes
checking for minix/config.h... no
checking whether it is safe to define __EXTENSIONS__... yes
checking whether _XOPEN_SOURCE should be defined... no
checking how to print strings... printf
checking for a sed that does not truncate output... (cached) /bin/sed
checking for grep that handles long lines and -e... /bin/grep
checking for egrep... /bin/grep -E
checking for fgrep... /bin/grep -F
checking for ld used by gcc... /usr/x86_64-alpine-linux-musl/bin/ld
checking if the linker (/usr/x86_64-alpine-linux-musl/bin/ld) is GNU ld... yes
checking for BSD- or MS-compatible name lister (nm)... /usr/bin/nm -B
checking the name lister (/usr/bin/nm -B) interface... BSD nm
checking whether ln -s works... yes
checking the maximum length of command line arguments... 98304
checking how to convert x86_64-alpine-linux-musl file names to x86_64-alpine-linux-musl format... func_convert_file_noop
checking how to convert x86_64-alpine-linux-musl file names to toolchain format... func_convert_file_noop
checking for /usr/x86_64-alpine-linux-musl/bin/ld option to reload object files... -r
checking for x86_64-alpine-linux-musl-objdump... no
checking for objdump... objdump
checking how to recognize dependent libraries... pass_all
checking for x86_64-alpine-linux-musl-dlltool... no
checking for dlltool... no
checking how to associate runtime and link libraries... printf %s\n
checking for x86_64-alpine-linux-musl-ar... no
checking for ar... ar
checking for archiver @FILE support... @
checking for x86_64-alpine-linux-musl-strip... no
checking for strip... strip
checking for x86_64-alpine-linux-musl-ranlib... no
checking for ranlib... ranlib
checking command to parse /usr/bin/nm -B output from gcc object... ok
checking for sysroot... no
checking for a working dd... /bin/dd
checking how to truncate binary pipes... /bin/dd bs=4096 count=1
checking for x86_64-alpine-linux-musl-mt... no
checking for mt... no
checking if : is a manifest tool... no
checking for dlfcn.h... yes
checking for objdir... .libs
checking if gcc supports -fno-rtti -fno-exceptions... no
checking for gcc option to produce PIC... -fPIC -DPIC
checking if gcc PIC flag -fPIC -DPIC works... yes
checking if gcc static flag -static works... yes
checking if gcc supports -c -o file.o... yes
checking if gcc supports -c -o file.o... (cached) yes
checking whether the gcc linker (/usr/x86_64-alpine-linux-musl/bin/ld -m elf_x86_64) supports shared libraries... yes
checking whether -lc should be explicitly linked in... no
checking dynamic linker characteristics... GNU/Linux ld.so
checking how to hardcode library paths into programs... immediate
checking whether stripping libraries is possible... yes
checking if libtool supports shared libraries... yes
checking whether to build shared libraries... yes
checking whether to build static libraries... yes
checking for sys/sockio.h... no
checking for net/if.h... yes
checking for sys/ioctl.h... yes
checking for gethostbyname2... yes
checking for getifaddrs... yes
checking for uint16_t... yes
checking for uint32_t... yes
checking for uint64_t... yes
checking for socklen_t... yes
checking whether byte ordering is bigendian... no
checking for net/pfilt.h... no
checking for sys/net/nit.h... no
checking for net/raw.h... no
checking for sys/dlpi.h... no
checking for linux/socket.h... no
checking link-layer packet interface type... checking for Linux proc filesystem... yes
user selected link layer linux
checking for x86_64-alpine-linux-musl-doxygen... no
checking for doxygen... no
configure: WARNING: doxygen not found - will not generate any doxygen documentation
checking for x86_64-alpine-linux-musl-perl... no
checking for perl... no
checking whether to build sample programs... no
checking enable tests... no
checking for net/ethernet.h... yes
checking that generated files are newer than configure... done
configure: creating ./config.status
config.status: creating Makefile
config.status: creating libnet-config
config.status: creating doc/Doxyfile
config.status: creating doc/Makefile
config.status: creating include/Makefile
config.status: creating include/libnet.h
config.status: creating libnet.pc
config.status: creating src/Makefile
config.status: creating sample/Makefile
config.status: creating test/Makefile
config.status: creating win32/Makefile
config.status: creating doc/fixmanpages
config.status: creating include/config.h
config.status: executing libtool commands

-=-=-=-=-=-=-=-=-=-= libnet Configuration Complete =-=-=-=-=-=-=-=-=-=-

    Version ....................... 1.3

    Host .......................... x86_64-alpine-linux-musl
    Operating System .............. linux-musl
    Host CPU ...................... x86_64
    Host Vendor ................... alpine
    Host OS ....................... linux-musl
    Prefix ........................ /usr

    Cross-compiling ............... no
    Compiler is GNU (compatible) .. yes
    CC ............................ gcc
    CFLAGS ........................ -Os -fstack-clash-protection -Wformat -Werror=format-security -fno-plt -D_DEFAULT_SOURCE=1
    LD ............................ /usr/x86_64-alpine-linux-musl/bin/ld -m elf_x86_64
    LDFLAGS ....................... -Wl,--as-needed,-O1,--sort-common -Wl,-z,pack-relative-relocs
    LIBS .......................... 

    Link Layer .................... linux
    Shared Libraries .............. yes
    Static Libraries .............. yes
    PIC ........................... yes
    Build Sample Programs ......... no
    Build Doxygen documentation.... no
    Run Unit Tests................. no

To override options

	./configure --help

Report bugs to https://github.com/libnet/libnet/issues

-=-=-=-=-=-=-=-=-=-=-=-=-=-=-=-=-=-=-=-=-=-=-=-=-=-=-=-=-=-=-=-=-=-=-=-
To disable silent build and print the full command line of every stage

	make V=1

Making all in include
make  all-am
Making all in src
  CC       libnet_asn1.lo
  CC       libnet_build_802.1x.lo
  CC       libnet_build_802.1q.lo
  CC       libnet_build_arp.lo
  CC       libnet_build_802.2.lo
  CC       libnet_build_802.3.lo
  CC       libnet_build_bgp.lo
  CC       libnet_build_cdp.lo
  CC       libnet_build_data.lo
  CC       libnet_build_dhcp.lo
  CC       libnet_build_dns.lo
  CC       libnet_build_ethernet.lo
  CC       libnet_build_fddi.lo
  CC       libnet_build_gre.lo
  CC       libnet_build_hsrp.lo
  CC       libnet_build_icmp.lo
  CC       libnet_build_igmp.lo
  CC       libnet_build_ip.lo
  CC       libnet_build_ipsec.lo
  CC       libnet_build_isl.lo
  CC       libnet_build_link.lo
  CC       libnet_build_mpls.lo
  CC       libnet_build_ntp.lo
  CC       libnet_build_ospf.lo
  CC       libnet_build_rip.lo
  CC       libnet_build_rpc.lo
  CC       libnet_build_sebek.lo
  CC       libnet_build_snmp.lo
  CC       libnet_build_stp.lo
  CC       libnet_build_udld.lo
  CC       libnet_build_tcp.lo
  CC       libnet_build_token_ring.lo
  CC       libnet_build_udp.lo
  CC       libnet_build_vrrp.lo
  CC       libnet_build_lldp.lo
  CC       libnet_advanced.lo
  CC       libnet_checksum.lo
  CC       libnet_cq.lo
  CC       libnet_crc.lo
  CC       libnet_error.lo
  CC       libnet_if_addr.lo
  CC       libnet_init.lo
  CC       libnet_internal.lo
  CC       libnet_pblock.lo
  CC       libnet_port_list.lo
  CC       libnet_prand.lo
  CC       libnet_raw.lo
  CC       libnet_resolve.lo
  CC       libnet_version.lo
  CC       libnet_write.lo
  CC       libnet_link_linux.lo
  CCLD     libnet.la
Making all in win32
make[1]: Nothing to be done for 'all'.
make[1]: Nothing to be done for 'all-am'.
>>> libnet: Entering fakeroot...
Making install in include
make[2]: Nothing to be done for 'install-exec-am'.
 .././install-sh -c -d '/home/packager/aports/main/libnet/pkg/libnet/usr/include'
 .././install-sh -c -d '/home/packager/aports/main/libnet/pkg/libnet/usr/include/libnet'
 /usr/bin/install -c -m 644  libnet/libnet-asn1.h libnet/libnet-functions.h libnet/libnet-headers.h libnet/libnet-macros.h libnet/libnet-structures.h libnet/libnet-types.h '/home/packager/aports/main/libnet/pkg/libnet/usr/include/libnet'
 /usr/bin/install -c -m 644  libnet.h '/home/packager/aports/main/libnet/pkg/libnet/usr/include/.'
Making install in src
make[2]: Nothing to be done for 'install-data-am'.
 .././install-sh -c -d '/home/packager/aports/main/libnet/pkg/libnet/usr/lib'
 /bin/sh ../libtool   --mode=install /usr/bin/install -c   libnet.la '/home/packager/aports/main/libnet/pkg/libnet/usr/lib'
libtool: install: /usr/bin/install -c .libs/libnet.so.9.0.0 /home/packager/aports/main/libnet/pkg/libnet/usr/lib/libnet.so.9.0.0
libtool: install: (cd /home/packager/aports/main/libnet/pkg/libnet/usr/lib && { ln -s -f libnet.so.9.0.0 libnet.so.9 || { rm -f libnet.so.9 && ln -s libnet.so.9.0.0 libnet.so.9; }; })
libtool: install: (cd /home/packager/aports/main/libnet/pkg/libnet/usr/lib && { ln -s -f libnet.so.9.0.0 libnet.so || { rm -f libnet.so && ln -s libnet.so.9.0.0 libnet.so; }; })
libtool: install: /usr/bin/install -c .libs/libnet.lai /home/packager/aports/main/libnet/pkg/libnet/usr/lib/libnet.la
libtool: install: /usr/bin/install -c .libs/libnet.a /home/packager/aports/main/libnet/pkg/libnet/usr/lib/libnet.a
libtool: install: chmod 644 /home/packager/aports/main/libnet/pkg/libnet/usr/lib/libnet.a
libtool: install: ranlib /home/packager/aports/main/libnet/pkg/libnet/usr/lib/libnet.a
libtool: warning: remember to run 'libtool --finish /usr/lib'
Making install in win32
make[2]: Nothing to be done for 'install-exec-am'.
make[2]: Nothing to be done for 'install-data-am'.
 ./install-sh -c -d '/home/packager/aports/main/libnet/pkg/libnet/usr/bin'
 ./install-sh -c -d '/home/packager/aports/main/libnet/pkg/libnet/usr/share/doc/libnet'
 ./install-sh -c -d '/home/packager/aports/main/libnet/pkg/libnet/usr/lib/pkgconfig'
 /usr/bin/install -c libnet-config '/home/packager/aports/main/libnet/pkg/libnet/usr/bin'
 /usr/bin/install -c -m 644 README.md ChangeLog.md LICENSE '/home/packager/aports/main/libnet/pkg/libnet/usr/share/doc/libnet'
 /usr/bin/install -c -m 644 libnet.pc '/home/packager/aports/main/libnet/pkg/libnet/usr/lib/pkgconfig'
>>> libnet-static*: Running split function static...
'./usr/lib/libnet.a' -> '/home/packager/aports/main/libnet/pkg/libnet-static/./usr/lib/libnet.a'
>>> libnet-static*: Preparing subpackage libnet-static...
>>> libnet-static*: Stripping binaries
>>> libnet-static*: Running postcheck for libnet-static
>>> libnet-dev*: Running split function dev...
'usr/include' -> '/home/packager/aports/main/libnet/pkg/libnet-dev/usr/include'
'usr/lib/pkgconfig' -> '/home/packager/aports/main/libnet/pkg/libnet-dev/usr/lib/pkgconfig'
'usr/bin/libnet-config' -> '/home/packager/aports/main/libnet/pkg/libnet-dev/usr/bin/libnet-config'
'usr/lib/libnet.so' -> '/home/packager/aports/main/libnet/pkg/libnet-dev/usr/lib/libnet.so'
>>> libnet-dev*: Preparing subpackage libnet-dev...
>>> libnet-dev*: Stripping binaries
>>> libnet-dev*: Running postcheck for libnet-dev
>>> libnet-doc*: Running split function doc...
'usr/share/doc' -> '/home/packager/aports/main/libnet/pkg/libnet-doc/usr/share/doc'
>>> libnet-doc*: Preparing subpackage libnet-doc...
>>> libnet-doc*: Running postcheck for libnet-doc
>>> libnet*: Running postcheck for libnet
>>> libnet*: Preparing package libnet...
>>> libnet*: Stripping binaries
>>> libnet-dev*: Scanning shared objects
>>> libnet-doc*: Scanning shared objects
>>> libnet-static*: Scanning shared objects
>>> libnet*: Scanning shared objects
>>> libnet-dev*: Tracing dependencies...
	libnet=1.3-r0
	pkgconfig
>>> libnet-dev*: Package size: 209.2 KB
>>> libnet-dev*: Compressing data...
>>> libnet-dev*: Create checksum...
pigz: not found
>>> libnet-dev*: Create libnet-dev-1.3-r0.apk
>>> libnet-doc*: Tracing dependencies...
>>> libnet-doc*: Package size: 32.2 KB
>>> libnet-doc*: Compressing data...
>>> libnet-doc*: Create checksum...
pigz: not found
>>> libnet-doc*: Create libnet-doc-1.3-r0.apk
>>> libnet-static*: Tracing dependencies...
>>> libnet-static*: Package size: 230.4 KB
>>> libnet-static*: Compressing data...
>>> libnet-static*: Create checksum...
pigz: not found
>>> libnet-static*: Create libnet-static-1.3-r0.apk
>>> libnet*: Tracing dependencies...
	so:libc.musl-x86_64.so.1
>>> libnet*: Package size: 93.6 KB
>>> libnet*: Compressing data...
>>> libnet*: Create checksum...
pigz: not found
>>> libnet*: Create libnet-1.3-r0.apk
>>> libnet: Build complete at Sun, 18 May 2025 09:23:20 +0000 elapsed time 0h 0m 13s
>>> libnet: Cleaning up srcdir
>>> libnet: Cleaning up pkgdir
>>> libnet: Uninstalling dependencies...
(1/1) Purging .makedepends-libnet (20250518.092309)
OK: 261 MiB in 81 packages
>>> libnet: Updating the main/x86_64 repository index...
>>> libnet: Signing the index...
pigz: not found
