pigz: not found
>>> rust: Building main/rust 1.86.0-r2 (using abuild 3.14.1-r4) started Fri, 23 May 2025 15:54:15 +0000
>>> rust: Validating /home/packager/aports/main/rust/APKBUILD...
>>> rust: Analyzing dependencies...
ERROR: unable to select packages:
  rust-1.83.0-r0:
    breaks: .makedepends-rust-20250523.155416[rust-bootstrap>=1.85.0]
    satisfies: cargo-1.83.0-r0[rust=1.83.0-r0]
  cargo-1.83.0-r0:
    breaks: .makedepends-rust-20250523.155416[cargo-bootstrap>=1.85.0]
  .makedepends-rust-20250523.155416:
    masked in: cache
    satisfies: world[.makedepends-rust=20250523.155416]
  clang20 (no such package):
    required by: .makedepends-rust-20250523.155416[clang20]
  llvm20-dev (no such package):
    required by: .makedepends-rust-20250523.155416[llvm20-dev]
  llvm20-test-utils (no such package):
    required by: .makedepends-rust-20250523.155416[llvm20-test-utils]
>>> ERROR: rust: builddeps failed
>>> rust: Uninstalling dependencies...
ERROR: No such package: .makedepends-rust
