>>> libart-lgpl: Validating /home/packager/oily-pine/main/libart-lgpl/APKBUILD...
>>> libart-lgpl: Cleaning up srcdir
>>> libart-lgpl: Cleaning up pkgdir
>>> libart-lgpl: Cleaning up tmpdir
>>> libart-lgpl: Fetching https://download.gnome.org/sources/libart_lgpl/2.3/libart_lgpl-2.3.21.tar.bz2
  % Total    % Received % Xferd  Average Speed   Time    Time     Time  Current
                                 Dload  Upload   Total   Spent    Left  Speed
  0     0    0     0    0     0      0      0 --:--:-- --:--:-- --:--:--     0100  321k  100  321k    0     0   963k      0 --:--:-- --:--:-- --:--:--  965k
>>> libart-lgpl: Fetching https://download.gnome.org/sources/libart_lgpl/2.3/libart_lgpl-2.3.21.tar.bz2
>>> libart-lgpl: Checking sha512sums...
libart_lgpl-2.3.21.tar.bz2: OK
>>> libart-lgpl: Preparing build chroot...
fetch http://dl-cdn.alpinelinux.org/alpine/edge/main/x86_64/APKINDEX.tar.gz
(1/68) Installing musl (1.2.5-r10)
(2/68) Installing libcrypto3 (3.5.0-r0)
(3/68) Installing ca-certificates-bundle (20241121-r2)
(4/68) Installing libssl3 (3.5.0-r0)
(5/68) Installing zlib (1.3.1-r2)
(6/68) Installing libapk2 (2.14.9-r2)
(7/68) Installing apk-tools (2.14.9-r2)
(8/68) Installing libcap2 (2.76-r0)
(9/68) Installing libcap-getcap (2.76-r0)
(10/68) Installing fakeroot (1.37.1.1-r0)
(11/68) Installing scanelf (1.3.8-r1)
(12/68) Installing musl-utils (1.2.5-r10)
(13/68) Installing libgcc (14.3.0-r0)
(14/68) Installing libstdc++ (14.3.0-r0)
(15/68) Installing lzip (1.25-r0)
(16/68) Installing openssl (3.5.0-r0)
(17/68) Installing patch (2.8-r0)
(18/68) Installing pkgconf (2.4.3-r0)
(19/68) Installing acl-libs (2.3.2-r1)
(20/68) Installing tar (1.35-r3)
(21/68) Installing busybox (1.37.0-r18)
Executing busybox-1.37.0-r18.post-install
(22/68) Installing ssl_client (1.37.0-r18)
(23/68) Installing busybox-binsh (1.37.0-r18)
(24/68) Installing abuild (3.15.0-r0)
Executing abuild-3.15.0-r0.pre-install
(25/68) Installing abuild-sudo (3.15.0-r0)
(26/68) Installing alpine-baselayout-data (3.7.0-r0)
(27/68) Installing alpine-baselayout (3.7.0-r0)
Executing alpine-baselayout-3.7.0-r0.pre-install
Executing alpine-baselayout-3.7.0-r0.post-install
(28/68) Installing bridge (1.5-r5)
(29/68) Installing ifupdown-ng (0.12.1-r7)
(30/68) Installing openrc-user (0.62.2-r2)
(31/68) Installing openrc (0.62.2-r2)
Executing openrc-0.62.2-r2.post-install
(32/68) Installing mdev-conf (4.8-r0)
(33/68) Installing busybox-mdev-openrc (1.37.0-r18)
(34/68) Installing alpine-conf (3.20.0-r0)
(35/68) Installing alpine-keys (2.5-r0)
(36/68) Installing alpine-release (3.22.0-r0)
(37/68) Installing busybox-openrc (1.37.0-r18)
(38/68) Installing busybox-suid (1.37.0-r18)
(39/68) Installing alpine-base (3.22.0-r0)
(40/68) Installing jansson (2.14.1-r0)
(41/68) Installing zstd-libs (1.5.7-r0)
(42/68) Installing binutils (2.44-r0)
(43/68) Installing libmagic (5.46-r2)
(44/68) Installing file (5.46-r2)
(45/68) Installing libgomp (14.3.0-r0)
(46/68) Installing libatomic (14.3.0-r0)
(47/68) Installing gmp (6.3.0-r3)
(48/68) Installing isl26 (0.26-r1)
(49/68) Installing mpfr4 (4.2.1_p1-r0)
(50/68) Installing mpc1 (1.3.1-r1)
(51/68) Installing gcc (14.3.0-r0)
(52/68) Installing libstdc++-dev (14.3.0-r0)
(53/68) Installing musl-dev (1.2.5-r10)
(54/68) Installing g++ (14.3.0-r0)
(55/68) Installing make (4.4.1-r3)
(56/68) Installing fortify-headers (1.1-r5)
(57/68) Installing build-base (0.5-r3)
(58/68) Installing brotli-libs (1.1.0-r2)
(59/68) Installing c-ares (1.34.5-r0)
(60/68) Installing libunistring (1.3-r0)
(61/68) Installing libidn2 (2.3.7-r0)
(62/68) Installing nghttp2-libs (1.65.0-r0)
(63/68) Installing libpsl (0.21.5-r3)
(64/68) Installing libcurl (8.14.0-r2)
(65/68) Installing libexpat (2.7.1-r0)
(66/68) Installing pcre2 (10.43-r1)
(67/68) Installing git (2.49.0-r0)
(68/68) Installing git-init-template (2.49.0-r0)
Executing busybox-1.37.0-r18.trigger
OK: 260 MiB in 68 packages
>>> libart-lgpl: Fetching https://download.gnome.org/sources/libart_lgpl/2.3/libart_lgpl-2.3.21.tar.bz2
>>> libart-lgpl: Checking sha512sums...
libart_lgpl-2.3.21.tar.bz2: OK
>>> libart-lgpl: Unpacking /var/cache/distfiles/libart_lgpl-2.3.21.tar.bz2...
>>> libart-lgpl: Updating ./config.sub
checking for a BSD-compatible install... /usr/bin/install -c
checking whether build environment is sane... yes
checking for a thread-safe mkdir -p... ./install-sh -c -d
checking for gawk... no
checking for mawk... no
checking for nawk... no
checking for awk... awk
checking whether make sets $(MAKE)... yes
checking for x86_64-alpine-linux-musl-gcc... cc
checking for C compiler default output file name... a.out
checking whether the C compiler works... yes
checking whether we are cross compiling... no
checking for suffix of executables... 
checking for suffix of object files... o
checking whether we are using the GNU C compiler... yes
checking whether cc accepts -g... yes
checking for cc option to accept ISO C89... none needed
checking for style of include used by make... GNU
checking dependency style of cc... gcc3
checking how to run the C preprocessor... cc -E
checking build system type... x86_64-alpine-linux-musl
checking host system type... x86_64-alpine-linux-musl
checking for a sed that does not truncate output... /bin/sed
checking for grep that handles long lines and -e... /bin/grep
checking for egrep... /bin/grep -E
checking for fgrep... /bin/grep -F
checking for ld used by cc... /usr/x86_64-alpine-linux-musl/bin/ld
checking if the linker (/usr/x86_64-alpine-linux-musl/bin/ld) is GNU ld... yes
checking for BSD- or MS-compatible name lister (nm)... /usr/bin/nm -B
checking the name lister (/usr/bin/nm -B) interface... BSD nm
checking whether ln -s works... yes
checking the maximum length of command line arguments... 98304
checking whether the shell understands some XSI constructs... yes
checking whether the shell understands "+="... no
checking for /usr/x86_64-alpine-linux-musl/bin/ld option to reload object files... -r
checking for x86_64-alpine-linux-musl-objdump... objdump
checking how to recognize dependent libraries... pass_all
checking for x86_64-alpine-linux-musl-ar... no
checking for ar... ar
checking for x86_64-alpine-linux-musl-strip... no
checking for strip... strip
checking for x86_64-alpine-linux-musl-ranlib... no
checking for ranlib... ranlib
checking command to parse /usr/bin/nm -B output from cc object... ok
checking for ANSI C header files... yes
checking for sys/types.h... yes
checking for sys/stat.h... yes
checking for stdlib.h... yes
checking for string.h... yes
checking for memory.h... yes
checking for strings.h... yes
checking for inttypes.h... yes
checking for stdint.h... yes
checking for unistd.h... yes
checking for dlfcn.h... yes
checking for objdir... .libs
checking if cc supports -fno-rtti -fno-exceptions... no
checking for cc option to produce PIC... -fPIC -DPIC
checking if cc PIC flag -fPIC -DPIC works... yes
checking if cc static flag -static works... yes
checking if cc supports -c -o file.o... yes
checking if cc supports -c -o file.o... (cached) yes
checking whether the cc linker (/usr/x86_64-alpine-linux-musl/bin/ld -m elf_x86_64) supports shared libraries... yes
checking whether -lc should be explicitly linked in... no
checking dynamic linker characteristics... GNU/Linux ld.so
checking how to hardcode library paths into programs... immediate
checking whether stripping libraries is possible... yes
checking if libtool supports shared libraries... yes
checking whether to build shared libraries... yes
checking whether to build static libraries... yes
checking whether to enable maintainer-specific portions of Makefiles... no
checking for some Win32 platform... no
checking for native Win32... no
checking for working alloca.h... yes
checking for alloca... yes
checking whether byte ordering is bigendian... no
checking size of char... 1
checking size of short... 2
checking size of int... 4
checking size of long... 8
configure: creating ./config.status
config.status: creating libart-features.h
config.status: creating Makefile
config.status: creating libart-2.0.pc
config.status: creating libart-2.0-uninstalled.pc
config.status: creating libart-zip
config.status: creating libart-config
config.status: creating gen_art_config.sh
config.status: creating config.h
config.status: executing depfiles commands
config.status: executing libtool commands
make  all-am
make[1]: Entering directory '/tmp/src/libart_lgpl-2.3.21'
/bin/sh ./libtool --tag=CC   --mode=compile cc -DHAVE_CONFIG_H -I. -I. -I. -DLIBART_COMPILATION    -Os -fstack-clash-protection -Wformat -Werror=format-security -fno-plt -Wall -Wmissing-prototypes -MT art_affine.lo -MD -MP -MF .deps/art_affine.Tpo -c -o art_affine.lo art_affine.c
/bin/sh ./libtool --tag=CC   --mode=compile cc -DHAVE_CONFIG_H -I. -I. -I. -DLIBART_COMPILATION    -Os -fstack-clash-protection -Wformat -Werror=format-security -fno-plt -Wall -Wmissing-prototypes -MT art_alphagamma.lo -MD -MP -MF .deps/art_alphagamma.Tpo -c -o art_alphagamma.lo art_alphagamma.c
/bin/sh ./libtool --tag=CC   --mode=compile cc -DHAVE_CONFIG_H -I. -I. -I. -DLIBART_COMPILATION    -Os -fstack-clash-protection -Wformat -Werror=format-security -fno-plt -Wall -Wmissing-prototypes -MT art_bpath.lo -MD -MP -MF .deps/art_bpath.Tpo -c -o art_bpath.lo art_bpath.c
/bin/sh ./libtool --tag=CC   --mode=compile cc -DHAVE_CONFIG_H -I. -I. -I. -DLIBART_COMPILATION    -Os -fstack-clash-protection -Wformat -Werror=format-security -fno-plt -Wall -Wmissing-prototypes -MT art_gray_svp.lo -MD -MP -MF .deps/art_gray_svp.Tpo -c -o art_gray_svp.lo art_gray_svp.c
/bin/sh ./libtool --tag=CC   --mode=compile cc -DHAVE_CONFIG_H -I. -I. -I. -DLIBART_COMPILATION    -Os -fstack-clash-protection -Wformat -Werror=format-security -fno-plt -Wall -Wmissing-prototypes -MT art_misc.lo -MD -MP -MF .deps/art_misc.Tpo -c -o art_misc.lo art_misc.c
/bin/sh ./libtool --tag=CC   --mode=compile cc -DHAVE_CONFIG_H -I. -I. -I. -DLIBART_COMPILATION    -Os -fstack-clash-protection -Wformat -Werror=format-security -fno-plt -Wall -Wmissing-prototypes -MT art_pixbuf.lo -MD -MP -MF .deps/art_pixbuf.Tpo -c -o art_pixbuf.lo art_pixbuf.c
/bin/sh ./libtool --tag=CC   --mode=compile cc -DHAVE_CONFIG_H -I. -I. -I. -DLIBART_COMPILATION    -Os -fstack-clash-protection -Wformat -Werror=format-security -fno-plt -Wall -Wmissing-prototypes -MT art_rect.lo -MD -MP -MF .deps/art_rect.Tpo -c -o art_rect.lo art_rect.c
/bin/sh ./libtool --tag=CC   --mode=compile cc -DHAVE_CONFIG_H -I. -I. -I. -DLIBART_COMPILATION    -Os -fstack-clash-protection -Wformat -Werror=format-security -fno-plt -Wall -Wmissing-prototypes -MT art_rect_svp.lo -MD -MP -MF .deps/art_rect_svp.Tpo -c -o art_rect_svp.lo art_rect_svp.c
/bin/sh ./libtool --tag=CC   --mode=compile cc -DHAVE_CONFIG_H -I. -I. -I. -DLIBART_COMPILATION    -Os -fstack-clash-protection -Wformat -Werror=format-security -fno-plt -Wall -Wmissing-prototypes -MT art_rect_uta.lo -MD -MP -MF .deps/art_rect_uta.Tpo -c -o art_rect_uta.lo art_rect_uta.c
/bin/sh ./libtool --tag=CC   --mode=compile cc -DHAVE_CONFIG_H -I. -I. -I. -DLIBART_COMPILATION    -Os -fstack-clash-protection -Wformat -Werror=format-security -fno-plt -Wall -Wmissing-prototypes -MT art_render.lo -MD -MP -MF .deps/art_render.Tpo -c -o art_render.lo art_render.c
/bin/sh ./libtool --tag=CC   --mode=compile cc -DHAVE_CONFIG_H -I. -I. -I. -DLIBART_COMPILATION    -Os -fstack-clash-protection -Wformat -Werror=format-security -fno-plt -Wall -Wmissing-prototypes -MT art_render_gradient.lo -MD -MP -MF .deps/art_render_gradient.Tpo -c -o art_render_gradient.lo art_render_gradient.c
/bin/sh ./libtool --tag=CC   --mode=compile cc -DHAVE_CONFIG_H -I. -I. -I. -DLIBART_COMPILATION    -Os -fstack-clash-protection -Wformat -Werror=format-security -fno-plt -Wall -Wmissing-prototypes -MT art_render_mask.lo -MD -MP -MF .deps/art_render_mask.Tpo -c -o art_render_mask.lo art_render_mask.c
/bin/sh ./libtool --tag=CC   --mode=compile cc -DHAVE_CONFIG_H -I. -I. -I. -DLIBART_COMPILATION    -Os -fstack-clash-protection -Wformat -Werror=format-security -fno-plt -Wall -Wmissing-prototypes -MT art_render_svp.lo -MD -MP -MF .deps/art_render_svp.Tpo -c -o art_render_svp.lo art_render_svp.c
/bin/sh ./libtool --tag=CC   --mode=compile cc -DHAVE_CONFIG_H -I. -I. -I. -DLIBART_COMPILATION    -Os -fstack-clash-protection -Wformat -Werror=format-security -fno-plt -Wall -Wmissing-prototypes -MT art_rgb.lo -MD -MP -MF .deps/art_rgb.Tpo -c -o art_rgb.lo art_rgb.c
/bin/sh ./libtool --tag=CC   --mode=compile cc -DHAVE_CONFIG_H -I. -I. -I. -DLIBART_COMPILATION    -Os -fstack-clash-protection -Wformat -Werror=format-security -fno-plt -Wall -Wmissing-prototypes -MT art_rgb_affine.lo -MD -MP -MF .deps/art_rgb_affine.Tpo -c -o art_rgb_affine.lo art_rgb_affine.c
/bin/sh ./libtool --tag=CC   --mode=compile cc -DHAVE_CONFIG_H -I. -I. -I. -DLIBART_COMPILATION    -Os -fstack-clash-protection -Wformat -Werror=format-security -fno-plt -Wall -Wmissing-prototypes -MT art_rgb_affine_private.lo -MD -MP -MF .deps/art_rgb_affine_private.Tpo -c -o art_rgb_affine_private.lo art_rgb_affine_private.c
libtool: compile:  cc -DHAVE_CONFIG_H -I. -I. -I. -DLIBART_COMPILATION -Os -fstack-clash-protection -Wformat -Werror=format-security -fno-plt -Wall -Wmissing-prototypes -MT art_alphagamma.lo -MD -MP -MF .deps/art_alphagamma.Tpo -c art_alphagamma.c  -fPIC -DPIC -o .libs/art_alphagamma.o
libtool: compile:  cc -DHAVE_CONFIG_H -I. -I. -I. -DLIBART_COMPILATION -Os -fstack-clash-protection -Wformat -Werror=format-security -fno-plt -Wall -Wmissing-prototypes -MT art_affine.lo -MD -MP -MF .deps/art_affine.Tpo -c art_affine.c  -fPIC -DPIC -o .libs/art_affine.o
libtool: compile:  cc -DHAVE_CONFIG_H -I. -I. -I. -DLIBART_COMPILATION -Os -fstack-clash-protection -Wformat -Werror=format-security -fno-plt -Wall -Wmissing-prototypes -MT art_misc.lo -MD -MP -MF .deps/art_misc.Tpo -c art_misc.c  -fPIC -DPIC -o .libs/art_misc.o
libtool: compile:  cc -DHAVE_CONFIG_H -I. -I. -I. -DLIBART_COMPILATION -Os -fstack-clash-protection -Wformat -Werror=format-security -fno-plt -Wall -Wmissing-prototypes -MT art_bpath.lo -MD -MP -MF .deps/art_bpath.Tpo -c art_bpath.c  -fPIC -DPIC -o .libs/art_bpath.o
libtool: compile:  cc -DHAVE_CONFIG_H -I. -I. -I. -DLIBART_COMPILATION -Os -fstack-clash-protection -Wformat -Werror=format-security -fno-plt -Wall -Wmissing-prototypes -MT art_render_gradient.lo -MD -MP -MF .deps/art_render_gradient.Tpo -c art_render_gradient.c  -fPIC -DPIC -o .libs/art_render_gradient.o
libtool: compile:  cc -DHAVE_CONFIG_H -I. -I. -I. -DLIBART_COMPILATION -Os -fstack-clash-protection -Wformat -Werror=format-security -fno-plt -Wall -Wmissing-prototypes -MT art_rect.lo -MD -MP -MF .deps/art_rect.Tpo -c art_rect.c  -fPIC -DPIC -o .libs/art_rect.o
libtool: compile:  cc -DHAVE_CONFIG_H -I. -I. -I. -DLIBART_COMPILATION -Os -fstack-clash-protection -Wformat -Werror=format-security -fno-plt -Wall -Wmissing-prototypes -MT art_rgb.lo -MD -MP -MF .deps/art_rgb.Tpo -c art_rgb.c  -fPIC -DPIC -o .libs/art_rgb.o
libtool: compile:  cc -DHAVE_CONFIG_H -I. -I. -I. -DLIBART_COMPILATION -Os -fstack-clash-protection -Wformat -Werror=format-security -fno-plt -Wall -Wmissing-prototypes -MT art_render_mask.lo -MD -MP -MF .deps/art_render_mask.Tpo -c art_render_mask.c  -fPIC -DPIC -o .libs/art_render_mask.o
libtool: compile:  cc -DHAVE_CONFIG_H -I. -I. -I. -DLIBART_COMPILATION -Os -fstack-clash-protection -Wformat -Werror=format-security -fno-plt -Wall -Wmissing-prototypes -MT art_rect_uta.lo -MD -MP -MF .deps/art_rect_uta.Tpo -c art_rect_uta.c  -fPIC -DPIC -o .libs/art_rect_uta.o
libtool: compile:  cc -DHAVE_CONFIG_H -I. -I. -I. -DLIBART_COMPILATION -Os -fstack-clash-protection -Wformat -Werror=format-security -fno-plt -Wall -Wmissing-prototypes -MT art_rect_svp.lo -MD -MP -MF .deps/art_rect_svp.Tpo -c art_rect_svp.c  -fPIC -DPIC -o .libs/art_rect_svp.o
libtool: compile:  cc -DHAVE_CONFIG_H -I. -I. -I. -DLIBART_COMPILATION -Os -fstack-clash-protection -Wformat -Werror=format-security -fno-plt -Wall -Wmissing-prototypes -MT art_gray_svp.lo -MD -MP -MF .deps/art_gray_svp.Tpo -c art_gray_svp.c  -fPIC -DPIC -o .libs/art_gray_svp.o
libtool: compile:  cc -DHAVE_CONFIG_H -I. -I. -I. -DLIBART_COMPILATION -Os -fstack-clash-protection -Wformat -Werror=format-security -fno-plt -Wall -Wmissing-prototypes -MT art_render.lo -MD -MP -MF .deps/art_render.Tpo -c art_render.c  -fPIC -DPIC -o .libs/art_render.o
libtool: compile:  cc -DHAVE_CONFIG_H -I. -I. -I. -DLIBART_COMPILATION -Os -fstack-clash-protection -Wformat -Werror=format-security -fno-plt -Wall -Wmissing-prototypes -MT art_render_svp.lo -MD -MP -MF .deps/art_render_svp.Tpo -c art_render_svp.c  -fPIC -DPIC -o .libs/art_render_svp.o
libtool: compile:  cc -DHAVE_CONFIG_H -I. -I. -I. -DLIBART_COMPILATION -Os -fstack-clash-protection -Wformat -Werror=format-security -fno-plt -Wall -Wmissing-prototypes -MT art_pixbuf.lo -MD -MP -MF .deps/art_pixbuf.Tpo -c art_pixbuf.c  -fPIC -DPIC -o .libs/art_pixbuf.o
libtool: compile:  cc -DHAVE_CONFIG_H -I. -I. -I. -DLIBART_COMPILATION -Os -fstack-clash-protection -Wformat -Werror=format-security -fno-plt -Wall -Wmissing-prototypes -MT art_rgb_affine.lo -MD -MP -MF .deps/art_rgb_affine.Tpo -c art_rgb_affine.c  -fPIC -DPIC -o .libs/art_rgb_affine.o
libtool: compile:  cc -DHAVE_CONFIG_H -I. -I. -I. -DLIBART_COMPILATION -Os -fstack-clash-protection -Wformat -Werror=format-security -fno-plt -Wall -Wmissing-prototypes -MT art_rgb_affine_private.lo -MD -MP -MF .deps/art_rgb_affine_private.Tpo -c art_rgb_affine_private.c  -fPIC -DPIC -o .libs/art_rgb_affine_private.o
art_render.c: In function 'art_render_composite':
art_render.c:298:7: warning: variable 'image_ix' set but not used [-Wunused-but-set-variable]
  298 |   int image_ix;
      |       ^~~~~~~~
art_render.c: In function 'art_render_composite_8':
art_render.c:518:7: warning: variable 'image_ix' set but not used [-Wunused-but-set-variable]
  518 |   int image_ix;
      |       ^~~~~~~~
art_render.c: In function 'art_render_composite_8_opt1':
art_render.c:666:7: warning: variable 'image_ix' set but not used [-Wunused-but-set-variable]
  666 |   int image_ix;
      |       ^~~~~~~~
art_render.c: In function 'art_render_composite_8_opt2':
art_render.c:762:7: warning: variable 'image_ix' set but not used [-Wunused-but-set-variable]
  762 |   int image_ix;
      |       ^~~~~~~~
libtool: compile:  cc -DHAVE_CONFIG_H -I. -I. -I. -DLIBART_COMPILATION -Os -fstack-clash-protection -Wformat -Werror=format-security -fno-plt -Wall -Wmissing-prototypes -MT art_alphagamma.lo -MD -MP -MF .deps/art_alphagamma.Tpo -c art_alphagamma.c -o art_alphagamma.o >/dev/null 2>&1
libtool: compile:  cc -DHAVE_CONFIG_H -I. -I. -I. -DLIBART_COMPILATION -Os -fstack-clash-protection -Wformat -Werror=format-security -fno-plt -Wall -Wmissing-prototypes -MT art_misc.lo -MD -MP -MF .deps/art_misc.Tpo -c art_misc.c -o art_misc.o >/dev/null 2>&1
libtool: compile:  cc -DHAVE_CONFIG_H -I. -I. -I. -DLIBART_COMPILATION -Os -fstack-clash-protection -Wformat -Werror=format-security -fno-plt -Wall -Wmissing-prototypes -MT art_rect_svp.lo -MD -MP -MF .deps/art_rect_svp.Tpo -c art_rect_svp.c -o art_rect_svp.o >/dev/null 2>&1
libtool: compile:  cc -DHAVE_CONFIG_H -I. -I. -I. -DLIBART_COMPILATION -Os -fstack-clash-protection -Wformat -Werror=format-security -fno-plt -Wall -Wmissing-prototypes -MT art_bpath.lo -MD -MP -MF .deps/art_bpath.Tpo -c art_bpath.c -o art_bpath.o >/dev/null 2>&1
libtool: compile:  cc -DHAVE_CONFIG_H -I. -I. -I. -DLIBART_COMPILATION -Os -fstack-clash-protection -Wformat -Werror=format-security -fno-plt -Wall -Wmissing-prototypes -MT art_rgb_affine.lo -MD -MP -MF .deps/art_rgb_affine.Tpo -c art_rgb_affine.c -o art_rgb_affine.o >/dev/null 2>&1
libtool: compile:  cc -DHAVE_CONFIG_H -I. -I. -I. -DLIBART_COMPILATION -Os -fstack-clash-protection -Wformat -Werror=format-security -fno-plt -Wall -Wmissing-prototypes -MT art_gray_svp.lo -MD -MP -MF .deps/art_gray_svp.Tpo -c art_gray_svp.c -o art_gray_svp.o >/dev/null 2>&1
libtool: compile:  cc -DHAVE_CONFIG_H -I. -I. -I. -DLIBART_COMPILATION -Os -fstack-clash-protection -Wformat -Werror=format-security -fno-plt -Wall -Wmissing-prototypes -MT art_rgb_affine_private.lo -MD -MP -MF .deps/art_rgb_affine_private.Tpo -c art_rgb_affine_private.c -o art_rgb_affine_private.o >/dev/null 2>&1
libtool: compile:  cc -DHAVE_CONFIG_H -I. -I. -I. -DLIBART_COMPILATION -Os -fstack-clash-protection -Wformat -Werror=format-security -fno-plt -Wall -Wmissing-prototypes -MT art_render_mask.lo -MD -MP -MF .deps/art_render_mask.Tpo -c art_render_mask.c -o art_render_mask.o >/dev/null 2>&1
mv -f .deps/art_misc.Tpo .deps/art_misc.Plo
libtool: compile:  cc -DHAVE_CONFIG_H -I. -I. -I. -DLIBART_COMPILATION -Os -fstack-clash-protection -Wformat -Werror=format-security -fno-plt -Wall -Wmissing-prototypes -MT art_rgb.lo -MD -MP -MF .deps/art_rgb.Tpo -c art_rgb.c -o art_rgb.o >/dev/null 2>&1
/bin/sh ./libtool --tag=CC   --mode=compile cc -DHAVE_CONFIG_H -I. -I. -I. -DLIBART_COMPILATION    -Os -fstack-clash-protection -Wformat -Werror=format-security -fno-plt -Wall -Wmissing-prototypes -MT art_rgb_bitmap_affine.lo -MD -MP -MF .deps/art_rgb_bitmap_affine.Tpo -c -o art_rgb_bitmap_affine.lo art_rgb_bitmap_affine.c
libtool: compile:  cc -DHAVE_CONFIG_H -I. -I. -I. -DLIBART_COMPILATION -Os -fstack-clash-protection -Wformat -Werror=format-security -fno-plt -Wall -Wmissing-prototypes -MT art_rgb_bitmap_affine.lo -MD -MP -MF .deps/art_rgb_bitmap_affine.Tpo -c art_rgb_bitmap_affine.c  -fPIC -DPIC -o .libs/art_rgb_bitmap_affine.o
libtool: compile:  cc -DHAVE_CONFIG_H -I. -I. -I. -DLIBART_COMPILATION -Os -fstack-clash-protection -Wformat -Werror=format-security -fno-plt -Wall -Wmissing-prototypes -MT art_pixbuf.lo -MD -MP -MF .deps/art_pixbuf.Tpo -c art_pixbuf.c -o art_pixbuf.o >/dev/null 2>&1
mv -f .deps/art_alphagamma.Tpo .deps/art_alphagamma.Plo
/bin/sh ./libtool --tag=CC   --mode=compile cc -DHAVE_CONFIG_H -I. -I. -I. -DLIBART_COMPILATION    -Os -fstack-clash-protection -Wformat -Werror=format-security -fno-plt -Wall -Wmissing-prototypes -MT art_rgb_pixbuf_affine.lo -MD -MP -MF .deps/art_rgb_pixbuf_affine.Tpo -c -o art_rgb_pixbuf_affine.lo art_rgb_pixbuf_affine.c
libtool: compile:  cc -DHAVE_CONFIG_H -I. -I. -I. -DLIBART_COMPILATION -Os -fstack-clash-protection -Wformat -Werror=format-security -fno-plt -Wall -Wmissing-prototypes -MT art_rect_uta.lo -MD -MP -MF .deps/art_rect_uta.Tpo -c art_rect_uta.c -o art_rect_uta.o >/dev/null 2>&1
mv -f .deps/art_rect_svp.Tpo .deps/art_rect_svp.Plo
libtool: compile:  cc -DHAVE_CONFIG_H -I. -I. -I. -DLIBART_COMPILATION -Os -fstack-clash-protection -Wformat -Werror=format-security -fno-plt -Wall -Wmissing-prototypes -MT art_rgb_pixbuf_affine.lo -MD -MP -MF .deps/art_rgb_pixbuf_affine.Tpo -c art_rgb_pixbuf_affine.c  -fPIC -DPIC -o .libs/art_rgb_pixbuf_affine.o
/bin/sh ./libtool --tag=CC   --mode=compile cc -DHAVE_CONFIG_H -I. -I. -I. -DLIBART_COMPILATION    -Os -fstack-clash-protection -Wformat -Werror=format-security -fno-plt -Wall -Wmissing-prototypes -MT art_rgb_rgba_affine.lo -MD -MP -MF .deps/art_rgb_rgba_affine.Tpo -c -o art_rgb_rgba_affine.lo art_rgb_rgba_affine.c
mv -f .deps/art_bpath.Tpo .deps/art_bpath.Plo
/bin/sh ./libtool --tag=CC   --mode=compile cc -DHAVE_CONFIG_H -I. -I. -I. -DLIBART_COMPILATION    -Os -fstack-clash-protection -Wformat -Werror=format-security -fno-plt -Wall -Wmissing-prototypes -MT art_rgb_a_affine.lo -MD -MP -MF .deps/art_rgb_a_affine.Tpo -c -o art_rgb_a_affine.lo art_rgb_a_affine.c
libtool: compile:  cc -DHAVE_CONFIG_H -I. -I. -I. -DLIBART_COMPILATION -Os -fstack-clash-protection -Wformat -Werror=format-security -fno-plt -Wall -Wmissing-prototypes -MT art_rgb_rgba_affine.lo -MD -MP -MF .deps/art_rgb_rgba_affine.Tpo -c art_rgb_rgba_affine.c  -fPIC -DPIC -o .libs/art_rgb_rgba_affine.o
libtool: compile:  cc -DHAVE_CONFIG_H -I. -I. -I. -DLIBART_COMPILATION -Os -fstack-clash-protection -Wformat -Werror=format-security -fno-plt -Wall -Wmissing-prototypes -MT art_rect.lo -MD -MP -MF .deps/art_rect.Tpo -c art_rect.c -o art_rect.o >/dev/null 2>&1
libtool: compile:  cc -DHAVE_CONFIG_H -I. -I. -I. -DLIBART_COMPILATION -Os -fstack-clash-protection -Wformat -Werror=format-security -fno-plt -Wall -Wmissing-prototypes -MT art_rgb_a_affine.lo -MD -MP -MF .deps/art_rgb_a_affine.Tpo -c art_rgb_a_affine.c  -fPIC -DPIC -o .libs/art_rgb_a_affine.o
libtool: compile:  cc -DHAVE_CONFIG_H -I. -I. -I. -DLIBART_COMPILATION -Os -fstack-clash-protection -Wformat -Werror=format-security -fno-plt -Wall -Wmissing-prototypes -MT art_affine.lo -MD -MP -MF .deps/art_affine.Tpo -c art_affine.c -o art_affine.o >/dev/null 2>&1
libtool: compile:  cc -DHAVE_CONFIG_H -I. -I. -I. -DLIBART_COMPILATION -Os -fstack-clash-protection -Wformat -Werror=format-security -fno-plt -Wall -Wmissing-prototypes -MT art_render_svp.lo -MD -MP -MF .deps/art_render_svp.Tpo -c art_render_svp.c -o art_render_svp.o >/dev/null 2>&1
mv -f .deps/art_rgb_affine.Tpo .deps/art_rgb_affine.Plo
mv -f .deps/art_rgb.Tpo .deps/art_rgb.Plo
/bin/sh ./libtool --tag=CC   --mode=compile cc -DHAVE_CONFIG_H -I. -I. -I. -DLIBART_COMPILATION    -Os -fstack-clash-protection -Wformat -Werror=format-security -fno-plt -Wall -Wmissing-prototypes -MT art_rgba.lo -MD -MP -MF .deps/art_rgba.Tpo -c -o art_rgba.lo art_rgba.c
mv -f .deps/art_rgb_affine_private.Tpo .deps/art_rgb_affine_private.Plo
/bin/sh ./libtool --tag=CC   --mode=compile cc -DHAVE_CONFIG_H -I. -I. -I. -DLIBART_COMPILATION    -Os -fstack-clash-protection -Wformat -Werror=format-security -fno-plt -Wall -Wmissing-prototypes -MT art_rgb_svp.lo -MD -MP -MF .deps/art_rgb_svp.Tpo -c -o art_rgb_svp.lo art_rgb_svp.c
mv -f .deps/art_gray_svp.Tpo .deps/art_gray_svp.Plo
/bin/sh ./libtool --tag=CC   --mode=compile cc -DHAVE_CONFIG_H -I. -I. -I. -DLIBART_COMPILATION    -Os -fstack-clash-protection -Wformat -Werror=format-security -fno-plt -Wall -Wmissing-prototypes -MT art_svp.lo -MD -MP -MF .deps/art_svp.Tpo -c -o art_svp.lo art_svp.c
libtool: compile:  cc -DHAVE_CONFIG_H -I. -I. -I. -DLIBART_COMPILATION -Os -fstack-clash-protection -Wformat -Werror=format-security -fno-plt -Wall -Wmissing-prototypes -MT art_rgba.lo -MD -MP -MF .deps/art_rgba.Tpo -c art_rgba.c  -fPIC -DPIC -o .libs/art_rgba.o
/bin/sh ./libtool --tag=CC   --mode=compile cc -DHAVE_CONFIG_H -I. -I. -I. -DLIBART_COMPILATION    -Os -fstack-clash-protection -Wformat -Werror=format-security -fno-plt -Wall -Wmissing-prototypes -MT art_svp_intersect.lo -MD -MP -MF .deps/art_svp_intersect.Tpo -c -o art_svp_intersect.lo art_svp_intersect.c
libtool: compile:  cc -DHAVE_CONFIG_H -I. -I. -I. -DLIBART_COMPILATION -Os -fstack-clash-protection -Wformat -Werror=format-security -fno-plt -Wall -Wmissing-prototypes -MT art_rgb_svp.lo -MD -MP -MF .deps/art_rgb_svp.Tpo -c art_rgb_svp.c  -fPIC -DPIC -o .libs/art_rgb_svp.o
libtool: compile:  cc -DHAVE_CONFIG_H -I. -I. -I. -DLIBART_COMPILATION -Os -fstack-clash-protection -Wformat -Werror=format-security -fno-plt -Wall -Wmissing-prototypes -MT art_svp.lo -MD -MP -MF .deps/art_svp.Tpo -c art_svp.c  -fPIC -DPIC -o .libs/art_svp.o
libtool: compile:  cc -DHAVE_CONFIG_H -I. -I. -I. -DLIBART_COMPILATION -Os -fstack-clash-protection -Wformat -Werror=format-security -fno-plt -Wall -Wmissing-prototypes -MT art_svp_intersect.lo -MD -MP -MF .deps/art_svp_intersect.Tpo -c art_svp_intersect.c  -fPIC -DPIC -o .libs/art_svp_intersect.o
libtool: compile:  cc -DHAVE_CONFIG_H -I. -I. -I. -DLIBART_COMPILATION -Os -fstack-clash-protection -Wformat -Werror=format-security -fno-plt -Wall -Wmissing-prototypes -MT art_rgb_pixbuf_affine.lo -MD -MP -MF .deps/art_rgb_pixbuf_affine.Tpo -c art_rgb_pixbuf_affine.c -o art_rgb_pixbuf_affine.o >/dev/null 2>&1
libtool: compile:  cc -DHAVE_CONFIG_H -I. -I. -I. -DLIBART_COMPILATION -Os -fstack-clash-protection -Wformat -Werror=format-security -fno-plt -Wall -Wmissing-prototypes -MT art_rgb_rgba_affine.lo -MD -MP -MF .deps/art_rgb_rgba_affine.Tpo -c art_rgb_rgba_affine.c -o art_rgb_rgba_affine.o >/dev/null 2>&1
mv -f .deps/art_render_mask.Tpo .deps/art_render_mask.Plo
/bin/sh ./libtool --tag=CC   --mode=compile cc -DHAVE_CONFIG_H -I. -I. -I. -DLIBART_COMPILATION    -Os -fstack-clash-protection -Wformat -Werror=format-security -fno-plt -Wall -Wmissing-prototypes -MT art_svp_ops.lo -MD -MP -MF .deps/art_svp_ops.Tpo -c -o art_svp_ops.lo art_svp_ops.c
libtool: compile:  cc -DHAVE_CONFIG_H -I. -I. -I. -DLIBART_COMPILATION -Os -fstack-clash-protection -Wformat -Werror=format-security -fno-plt -Wall -Wmissing-prototypes -MT art_svp_ops.lo -MD -MP -MF .deps/art_svp_ops.Tpo -c art_svp_ops.c  -fPIC -DPIC -o .libs/art_svp_ops.o
libtool: compile:  cc -DHAVE_CONFIG_H -I. -I. -I. -DLIBART_COMPILATION -Os -fstack-clash-protection -Wformat -Werror=format-security -fno-plt -Wall -Wmissing-prototypes -MT art_rgb_bitmap_affine.lo -MD -MP -MF .deps/art_rgb_bitmap_affine.Tpo -c art_rgb_bitmap_affine.c -o art_rgb_bitmap_affine.o >/dev/null 2>&1
mv -f .deps/art_rect.Tpo .deps/art_rect.Plo
/bin/sh ./libtool --tag=CC   --mode=compile cc -DHAVE_CONFIG_H -I. -I. -I. -DLIBART_COMPILATION    -Os -fstack-clash-protection -Wformat -Werror=format-security -fno-plt -Wall -Wmissing-prototypes -MT art_svp_point.lo -MD -MP -MF .deps/art_svp_point.Tpo -c -o art_svp_point.lo art_svp_point.c
mv -f .deps/art_pixbuf.Tpo .deps/art_pixbuf.Plo
art_svp_intersect.c: In function 'art_svp_intersect_add_seg':
/bin/sh ./libtool --tag=CC   --mode=compile cc -DHAVE_CONFIG_H -I. -I. -I. -DLIBART_COMPILATION    -Os -fstack-clash-protection -Wformat -Werror=format-security -fno-plt -Wall -Wmissing-prototypes -MT art_svp_render_aa.lo -MD -MP -MF .deps/art_svp_render_aa.Tpo -c -o art_svp_render_aa.lo art_svp_render_aa.c
art_svp_intersect.c:1402:17: warning: variable 'beg_range' set but not used [-Wunused-but-set-variable]
 1402 |   ArtActiveSeg *beg_range;
      |                 ^~~~~~~~~
libtool: compile:  cc -DHAVE_CONFIG_H -I. -I. -I. -DLIBART_COMPILATION -Os -fstack-clash-protection -Wformat -Werror=format-security -fno-plt -Wall -Wmissing-prototypes -MT art_rgba.lo -MD -MP -MF .deps/art_rgba.Tpo -c art_rgba.c -o art_rgba.o >/dev/null 2>&1
libtool: compile:  cc -DHAVE_CONFIG_H -I. -I. -I. -DLIBART_COMPILATION -Os -fstack-clash-protection -Wformat -Werror=format-security -fno-plt -Wall -Wmissing-prototypes -MT art_svp_point.lo -MD -MP -MF .deps/art_svp_point.Tpo -c art_svp_point.c  -fPIC -DPIC -o .libs/art_svp_point.o
libtool: compile:  cc -DHAVE_CONFIG_H -I. -I. -I. -DLIBART_COMPILATION -Os -fstack-clash-protection -Wformat -Werror=format-security -fno-plt -Wall -Wmissing-prototypes -MT art_svp_render_aa.lo -MD -MP -MF .deps/art_svp_render_aa.Tpo -c art_svp_render_aa.c  -fPIC -DPIC -o .libs/art_svp_render_aa.o
libtool: compile:  cc -DHAVE_CONFIG_H -I. -I. -I. -DLIBART_COMPILATION -Os -fstack-clash-protection -Wformat -Werror=format-security -fno-plt -Wall -Wmissing-prototypes -MT art_rgb_a_affine.lo -MD -MP -MF .deps/art_rgb_a_affine.Tpo -c art_rgb_a_affine.c -o art_rgb_a_affine.o >/dev/null 2>&1
mv -f .deps/art_rect_uta.Tpo .deps/art_rect_uta.Plo
/bin/sh ./libtool --tag=CC   --mode=compile cc -DHAVE_CONFIG_H -I. -I. -I. -DLIBART_COMPILATION    -Os -fstack-clash-protection -Wformat -Werror=format-security -fno-plt -Wall -Wmissing-prototypes -MT art_svp_vpath.lo -MD -MP -MF .deps/art_svp_vpath.Tpo -c -o art_svp_vpath.lo art_svp_vpath.c
mv -f .deps/art_rgb_pixbuf_affine.Tpo .deps/art_rgb_pixbuf_affine.Plo
/bin/sh ./libtool --tag=CC   --mode=compile cc -DHAVE_CONFIG_H -I. -I. -I. -DLIBART_COMPILATION    -Os -fstack-clash-protection -Wformat -Werror=format-security -fno-plt -Wall -Wmissing-prototypes -MT art_svp_vpath_stroke.lo -MD -MP -MF .deps/art_svp_vpath_stroke.Tpo -c -o art_svp_vpath_stroke.lo art_svp_vpath_stroke.c
libtool: compile:  cc -DHAVE_CONFIG_H -I. -I. -I. -DLIBART_COMPILATION -Os -fstack-clash-protection -Wformat -Werror=format-security -fno-plt -Wall -Wmissing-prototypes -MT art_svp_vpath.lo -MD -MP -MF .deps/art_svp_vpath.Tpo -c art_svp_vpath.c  -fPIC -DPIC -o .libs/art_svp_vpath.o
libtool: compile:  cc -DHAVE_CONFIG_H -I. -I. -I. -DLIBART_COMPILATION -Os -fstack-clash-protection -Wformat -Werror=format-security -fno-plt -Wall -Wmissing-prototypes -MT art_svp.lo -MD -MP -MF .deps/art_svp.Tpo -c art_svp.c -o art_svp.o >/dev/null 2>&1
libtool: compile:  cc -DHAVE_CONFIG_H -I. -I. -I. -DLIBART_COMPILATION -Os -fstack-clash-protection -Wformat -Werror=format-security -fno-plt -Wall -Wmissing-prototypes -MT art_svp_vpath_stroke.lo -MD -MP -MF .deps/art_svp_vpath_stroke.Tpo -c art_svp_vpath_stroke.c  -fPIC -DPIC -o .libs/art_svp_vpath_stroke.o
mv -f .deps/art_rgb_rgba_affine.Tpo .deps/art_rgb_rgba_affine.Plo
/bin/sh ./libtool --tag=CC   --mode=compile cc -DHAVE_CONFIG_H -I. -I. -I. -DLIBART_COMPILATION    -Os -fstack-clash-protection -Wformat -Werror=format-security -fno-plt -Wall -Wmissing-prototypes -MT art_svp_wind.lo -MD -MP -MF .deps/art_svp_wind.Tpo -c -o art_svp_wind.lo art_svp_wind.c
libtool: compile:  cc -DHAVE_CONFIG_H -I. -I. -I. -DLIBART_COMPILATION -Os -fstack-clash-protection -Wformat -Werror=format-security -fno-plt -Wall -Wmissing-prototypes -MT art_svp_wind.lo -MD -MP -MF .deps/art_svp_wind.Tpo -c art_svp_wind.c  -fPIC -DPIC -o .libs/art_svp_wind.o
mv -f .deps/art_rgba.Tpo .deps/art_rgba.Plo
/bin/sh ./libtool --tag=CC   --mode=compile cc -DHAVE_CONFIG_H -I. -I. -I. -DLIBART_COMPILATION    -Os -fstack-clash-protection -Wformat -Werror=format-security -fno-plt -Wall -Wmissing-prototypes -MT art_uta.lo -MD -MP -MF .deps/art_uta.Tpo -c -o art_uta.lo art_uta.c
libtool: compile:  cc -DHAVE_CONFIG_H -I. -I. -I. -DLIBART_COMPILATION -Os -fstack-clash-protection -Wformat -Werror=format-security -fno-plt -Wall -Wmissing-prototypes -MT art_uta.lo -MD -MP -MF .deps/art_uta.Tpo -c art_uta.c  -fPIC -DPIC -o .libs/art_uta.o
libtool: compile:  cc -DHAVE_CONFIG_H -I. -I. -I. -DLIBART_COMPILATION -Os -fstack-clash-protection -Wformat -Werror=format-security -fno-plt -Wall -Wmissing-prototypes -MT art_rgb_svp.lo -MD -MP -MF .deps/art_rgb_svp.Tpo -c art_rgb_svp.c -o art_rgb_svp.o >/dev/null 2>&1
mv -f .deps/art_render_svp.Tpo .deps/art_render_svp.Plo
/bin/sh ./libtool --tag=CC   --mode=compile cc -DHAVE_CONFIG_H -I. -I. -I. -DLIBART_COMPILATION    -Os -fstack-clash-protection -Wformat -Werror=format-security -fno-plt -Wall -Wmissing-prototypes -MT art_uta_ops.lo -MD -MP -MF .deps/art_uta_ops.Tpo -c -o art_uta_ops.lo art_uta_ops.c
libtool: compile:  cc -DHAVE_CONFIG_H -I. -I. -I. -DLIBART_COMPILATION -Os -fstack-clash-protection -Wformat -Werror=format-security -fno-plt -Wall -Wmissing-prototypes -MT art_render_gradient.lo -MD -MP -MF .deps/art_render_gradient.Tpo -c art_render_gradient.c -o art_render_gradient.o >/dev/null 2>&1
mv -f .deps/art_rgb_bitmap_affine.Tpo .deps/art_rgb_bitmap_affine.Plo
/bin/sh ./libtool --tag=CC   --mode=compile cc -DHAVE_CONFIG_H -I. -I. -I. -DLIBART_COMPILATION    -Os -fstack-clash-protection -Wformat -Werror=format-security -fno-plt -Wall -Wmissing-prototypes -MT art_uta_rect.lo -MD -MP -MF .deps/art_uta_rect.Tpo -c -o art_uta_rect.lo art_uta_rect.c
libtool: compile:  cc -DHAVE_CONFIG_H -I. -I. -I. -DLIBART_COMPILATION -Os -fstack-clash-protection -Wformat -Werror=format-security -fno-plt -Wall -Wmissing-prototypes -MT art_uta_ops.lo -MD -MP -MF .deps/art_uta_ops.Tpo -c art_uta_ops.c  -fPIC -DPIC -o .libs/art_uta_ops.o
mv -f .deps/art_svp.Tpo .deps/art_svp.Plo
/bin/sh ./libtool --tag=CC   --mode=compile cc -DHAVE_CONFIG_H -I. -I. -I. -DLIBART_COMPILATION    -Os -fstack-clash-protection -Wformat -Werror=format-security -fno-plt -Wall -Wmissing-prototypes -MT art_uta_vpath.lo -MD -MP -MF .deps/art_uta_vpath.Tpo -c -o art_uta_vpath.lo art_uta_vpath.c
libtool: compile:  cc -DHAVE_CONFIG_H -I. -I. -I. -DLIBART_COMPILATION -Os -fstack-clash-protection -Wformat -Werror=format-security -fno-plt -Wall -Wmissing-prototypes -MT art_uta_rect.lo -MD -MP -MF .deps/art_uta_rect.Tpo -c art_uta_rect.c  -fPIC -DPIC -o .libs/art_uta_rect.o
libtool: compile:  cc -DHAVE_CONFIG_H -I. -I. -I. -DLIBART_COMPILATION -Os -fstack-clash-protection -Wformat -Werror=format-security -fno-plt -Wall -Wmissing-prototypes -MT art_svp_ops.lo -MD -MP -MF .deps/art_svp_ops.Tpo -c art_svp_ops.c -o art_svp_ops.o >/dev/null 2>&1
libtool: compile:  cc -DHAVE_CONFIG_H -I. -I. -I. -DLIBART_COMPILATION -Os -fstack-clash-protection -Wformat -Werror=format-security -fno-plt -Wall -Wmissing-prototypes -MT art_uta_vpath.lo -MD -MP -MF .deps/art_uta_vpath.Tpo -c art_uta_vpath.c  -fPIC -DPIC -o .libs/art_uta_vpath.o
libtool: compile:  cc -DHAVE_CONFIG_H -I. -I. -I. -DLIBART_COMPILATION -Os -fstack-clash-protection -Wformat -Werror=format-security -fno-plt -Wall -Wmissing-prototypes -MT art_uta.lo -MD -MP -MF .deps/art_uta.Tpo -c art_uta.c -o art_uta.o >/dev/null 2>&1
mv -f .deps/art_rgb_a_affine.Tpo .deps/art_rgb_a_affine.Plo
/bin/sh ./libtool --tag=CC   --mode=compile cc -DHAVE_CONFIG_H -I. -I. -I. -DLIBART_COMPILATION    -Os -fstack-clash-protection -Wformat -Werror=format-security -fno-plt -Wall -Wmissing-prototypes -MT art_uta_svp.lo -MD -MP -MF .deps/art_uta_svp.Tpo -c -o art_uta_svp.lo art_uta_svp.c
libtool: compile:  cc -DHAVE_CONFIG_H -I. -I. -I. -DLIBART_COMPILATION -Os -fstack-clash-protection -Wformat -Werror=format-security -fno-plt -Wall -Wmissing-prototypes -MT art_svp_point.lo -MD -MP -MF .deps/art_svp_point.Tpo -c art_svp_point.c -o art_svp_point.o >/dev/null 2>&1
libtool: compile:  cc -DHAVE_CONFIG_H -I. -I. -I. -DLIBART_COMPILATION -Os -fstack-clash-protection -Wformat -Werror=format-security -fno-plt -Wall -Wmissing-prototypes -MT art_uta_svp.lo -MD -MP -MF .deps/art_uta_svp.Tpo -c art_uta_svp.c  -fPIC -DPIC -o .libs/art_uta_svp.o
libtool: compile:  cc -DHAVE_CONFIG_H -I. -I. -I. -DLIBART_COMPILATION -Os -fstack-clash-protection -Wformat -Werror=format-security -fno-plt -Wall -Wmissing-prototypes -MT art_render.lo -MD -MP -MF .deps/art_render.Tpo -c art_render.c -o art_render.o >/dev/null 2>&1
mv -f .deps/art_uta.Tpo .deps/art_uta.Plo
/bin/sh ./libtool --tag=CC   --mode=compile cc -DHAVE_CONFIG_H -I. -I. -I. -DLIBART_COMPILATION    -Os -fstack-clash-protection -Wformat -Werror=format-security -fno-plt -Wall -Wmissing-prototypes -MT art_vpath.lo -MD -MP -MF .deps/art_vpath.Tpo -c -o art_vpath.lo art_vpath.c
libtool: compile:  cc -DHAVE_CONFIG_H -I. -I. -I. -DLIBART_COMPILATION -Os -fstack-clash-protection -Wformat -Werror=format-security -fno-plt -Wall -Wmissing-prototypes -MT art_vpath.lo -MD -MP -MF .deps/art_vpath.Tpo -c art_vpath.c  -fPIC -DPIC -o .libs/art_vpath.o
libtool: compile:  cc -DHAVE_CONFIG_H -I. -I. -I. -DLIBART_COMPILATION -Os -fstack-clash-protection -Wformat -Werror=format-security -fno-plt -Wall -Wmissing-prototypes -MT art_uta_rect.lo -MD -MP -MF .deps/art_uta_rect.Tpo -c art_uta_rect.c -o art_uta_rect.o >/dev/null 2>&1
libtool: compile:  cc -DHAVE_CONFIG_H -I. -I. -I. -DLIBART_COMPILATION -Os -fstack-clash-protection -Wformat -Werror=format-security -fno-plt -Wall -Wmissing-prototypes -MT art_uta_svp.lo -MD -MP -MF .deps/art_uta_svp.Tpo -c art_uta_svp.c -o art_uta_svp.o >/dev/null 2>&1
libtool: compile:  cc -DHAVE_CONFIG_H -I. -I. -I. -DLIBART_COMPILATION -Os -fstack-clash-protection -Wformat -Werror=format-security -fno-plt -Wall -Wmissing-prototypes -MT art_uta_ops.lo -MD -MP -MF .deps/art_uta_ops.Tpo -c art_uta_ops.c -o art_uta_ops.o >/dev/null 2>&1
libtool: compile:  cc -DHAVE_CONFIG_H -I. -I. -I. -DLIBART_COMPILATION -Os -fstack-clash-protection -Wformat -Werror=format-security -fno-plt -Wall -Wmissing-prototypes -MT art_svp_vpath.lo -MD -MP -MF .deps/art_svp_vpath.Tpo -c art_svp_vpath.c -o art_svp_vpath.o >/dev/null 2>&1
mv -f .deps/art_affine.Tpo .deps/art_affine.Plo
/bin/sh ./libtool --tag=CC   --mode=compile cc -DHAVE_CONFIG_H -I. -I. -I. -DLIBART_COMPILATION    -Os -fstack-clash-protection -Wformat -Werror=format-security -fno-plt -Wall -Wmissing-prototypes -MT art_vpath_bpath.lo -MD -MP -MF .deps/art_vpath_bpath.Tpo -c -o art_vpath_bpath.lo art_vpath_bpath.c
libtool: compile:  cc -DHAVE_CONFIG_H -I. -I. -I. -DLIBART_COMPILATION -Os -fstack-clash-protection -Wformat -Werror=format-security -fno-plt -Wall -Wmissing-prototypes -MT art_vpath_bpath.lo -MD -MP -MF .deps/art_vpath_bpath.Tpo -c art_vpath_bpath.c  -fPIC -DPIC -o .libs/art_vpath_bpath.o
mv -f .deps/art_svp_ops.Tpo .deps/art_svp_ops.Plo
mv -f .deps/art_rgb_svp.Tpo .deps/art_rgb_svp.Plo
/bin/sh ./libtool --tag=CC   --mode=compile cc -DHAVE_CONFIG_H -I. -I. -I. -DLIBART_COMPILATION    -Os -fstack-clash-protection -Wformat -Werror=format-security -fno-plt -Wall -Wmissing-prototypes -MT art_vpath_dash.lo -MD -MP -MF .deps/art_vpath_dash.Tpo -c -o art_vpath_dash.lo art_vpath_dash.c
/bin/sh ./libtool --tag=CC   --mode=compile cc -DHAVE_CONFIG_H -I. -I. -I. -DLIBART_COMPILATION    -Os -fstack-clash-protection -Wformat -Werror=format-security -fno-plt -Wall -Wmissing-prototypes -MT art_vpath_svp.lo -MD -MP -MF .deps/art_vpath_svp.Tpo -c -o art_vpath_svp.lo art_vpath_svp.c
libtool: compile:  cc -DHAVE_CONFIG_H -I. -I. -I. -DLIBART_COMPILATION -Os -fstack-clash-protection -Wformat -Werror=format-security -fno-plt -Wall -Wmissing-prototypes -MT art_vpath_svp.lo -MD -MP -MF .deps/art_vpath_svp.Tpo -c art_vpath_svp.c  -fPIC -DPIC -o .libs/art_vpath_svp.o
libtool: compile:  cc -DHAVE_CONFIG_H -I. -I. -I. -DLIBART_COMPILATION -Os -fstack-clash-protection -Wformat -Werror=format-security -fno-plt -Wall -Wmissing-prototypes -MT art_vpath_dash.lo -MD -MP -MF .deps/art_vpath_dash.Tpo -c art_vpath_dash.c  -fPIC -DPIC -o .libs/art_vpath_dash.o
mv -f .deps/art_uta_svp.Tpo .deps/art_uta_svp.Plo
/bin/sh ./libtool --tag=CC   --mode=compile cc -DHAVE_CONFIG_H -I. -I. -I. -DLIBART_COMPILATION    -Os -fstack-clash-protection -Wformat -Werror=format-security -fno-plt -Wall -Wmissing-prototypes -MT libart-features.lo -MD -MP -MF .deps/libart-features.Tpo -c -o libart-features.lo libart-features.c
libtool: compile:  cc -DHAVE_CONFIG_H -I. -I. -I. -DLIBART_COMPILATION -Os -fstack-clash-protection -Wformat -Werror=format-security -fno-plt -Wall -Wmissing-prototypes -MT libart-features.lo -MD -MP -MF .deps/libart-features.Tpo -c libart-features.c  -fPIC -DPIC -o .libs/libart-features.o
mv -f .deps/art_uta_rect.Tpo .deps/art_uta_rect.Plo
cc -DHAVE_CONFIG_H -I. -I. -I. -DLIBART_COMPILATION    -Os -fstack-clash-protection -Wformat -Werror=format-security -fno-plt -Wall -Wmissing-prototypes -MT testart.o -MD -MP -MF .deps/testart.Tpo -c -o testart.o testart.c
mv -f .deps/art_svp_point.Tpo .deps/art_svp_point.Plo
cc -DHAVE_CONFIG_H -I. -I. -I. -DLIBART_COMPILATION    -Os -fstack-clash-protection -Wformat -Werror=format-security -fno-plt -Wall -Wmissing-prototypes -MT testuta.o -MD -MP -MF .deps/testuta.Tpo -c -o testuta.o testuta.c
libtool: compile:  cc -DHAVE_CONFIG_H -I. -I. -I. -DLIBART_COMPILATION -Os -fstack-clash-protection -Wformat -Werror=format-security -fno-plt -Wall -Wmissing-prototypes -MT art_vpath.lo -MD -MP -MF .deps/art_vpath.Tpo -c art_vpath.c -o art_vpath.o >/dev/null 2>&1
libtool: compile:  cc -DHAVE_CONFIG_H -I. -I. -I. -DLIBART_COMPILATION -Os -fstack-clash-protection -Wformat -Werror=format-security -fno-plt -Wall -Wmissing-prototypes -MT libart-features.lo -MD -MP -MF .deps/libart-features.Tpo -c libart-features.c -o libart-features.o >/dev/null 2>&1
libtool: compile:  cc -DHAVE_CONFIG_H -I. -I. -I. -DLIBART_COMPILATION -Os -fstack-clash-protection -Wformat -Werror=format-security -fno-plt -Wall -Wmissing-prototypes -MT art_uta_vpath.lo -MD -MP -MF .deps/art_uta_vpath.Tpo -c art_uta_vpath.c -o art_uta_vpath.o >/dev/null 2>&1
mv -f .deps/art_uta_ops.Tpo .deps/art_uta_ops.Plo
cp -f libart-config libart2-config
libtool: compile:  cc -DHAVE_CONFIG_H -I. -I. -I. -DLIBART_COMPILATION -Os -fstack-clash-protection -Wformat -Werror=format-security -fno-plt -Wall -Wmissing-prototypes -MT art_vpath_dash.lo -MD -MP -MF .deps/art_vpath_dash.Tpo -c art_vpath_dash.c -o art_vpath_dash.o >/dev/null 2>&1
mv -f .deps/libart-features.Tpo .deps/libart-features.Plo
mv -f .deps/testuta.Tpo .deps/testuta.Po
libtool: compile:  cc -DHAVE_CONFIG_H -I. -I. -I. -DLIBART_COMPILATION -Os -fstack-clash-protection -Wformat -Werror=format-security -fno-plt -Wall -Wmissing-prototypes -MT art_svp_vpath_stroke.lo -MD -MP -MF .deps/art_svp_vpath_stroke.Tpo -c art_svp_vpath_stroke.c -o art_svp_vpath_stroke.o >/dev/null 2>&1
libtool: compile:  cc -DHAVE_CONFIG_H -I. -I. -I. -DLIBART_COMPILATION -Os -fstack-clash-protection -Wformat -Werror=format-security -fno-plt -Wall -Wmissing-prototypes -MT art_vpath_svp.lo -MD -MP -MF .deps/art_vpath_svp.Tpo -c art_vpath_svp.c -o art_vpath_svp.o >/dev/null 2>&1
mv -f .deps/art_vpath.Tpo .deps/art_vpath.Plo
mv -f .deps/art_svp_vpath.Tpo .deps/art_svp_vpath.Plo
libtool: compile:  cc -DHAVE_CONFIG_H -I. -I. -I. -DLIBART_COMPILATION -Os -fstack-clash-protection -Wformat -Werror=format-security -fno-plt -Wall -Wmissing-prototypes -MT art_vpath_bpath.lo -MD -MP -MF .deps/art_vpath_bpath.Tpo -c art_vpath_bpath.c -o art_vpath_bpath.o >/dev/null 2>&1
mv -f .deps/art_vpath_dash.Tpo .deps/art_vpath_dash.Plo
mv -f .deps/art_render_gradient.Tpo .deps/art_render_gradient.Plo
mv -f .deps/art_uta_vpath.Tpo .deps/art_uta_vpath.Plo
mv -f .deps/art_vpath_svp.Tpo .deps/art_vpath_svp.Plo
libtool: compile:  cc -DHAVE_CONFIG_H -I. -I. -I. -DLIBART_COMPILATION -Os -fstack-clash-protection -Wformat -Werror=format-security -fno-plt -Wall -Wmissing-prototypes -MT art_svp_render_aa.lo -MD -MP -MF .deps/art_svp_render_aa.Tpo -c art_svp_render_aa.c -o art_svp_render_aa.o >/dev/null 2>&1
mv -f .deps/art_vpath_bpath.Tpo .deps/art_vpath_bpath.Plo
mv -f .deps/testart.Tpo .deps/testart.Po
mv -f .deps/art_svp_vpath_stroke.Tpo .deps/art_svp_vpath_stroke.Plo
mv -f .deps/art_render.Tpo .deps/art_render.Plo
libtool: compile:  cc -DHAVE_CONFIG_H -I. -I. -I. -DLIBART_COMPILATION -Os -fstack-clash-protection -Wformat -Werror=format-security -fno-plt -Wall -Wmissing-prototypes -MT art_svp_intersect.lo -MD -MP -MF .deps/art_svp_intersect.Tpo -c art_svp_intersect.c -o art_svp_intersect.o >/dev/null 2>&1
libtool: compile:  cc -DHAVE_CONFIG_H -I. -I. -I. -DLIBART_COMPILATION -Os -fstack-clash-protection -Wformat -Werror=format-security -fno-plt -Wall -Wmissing-prototypes -MT art_svp_wind.lo -MD -MP -MF .deps/art_svp_wind.Tpo -c art_svp_wind.c -o art_svp_wind.o >/dev/null 2>&1
mv -f .deps/art_svp_render_aa.Tpo .deps/art_svp_render_aa.Plo
mv -f .deps/art_svp_intersect.Tpo .deps/art_svp_intersect.Plo
mv -f .deps/art_svp_wind.Tpo .deps/art_svp_wind.Plo
/bin/sh ./libtool --tag=CC   --mode=link cc  -Os -fstack-clash-protection -Wformat -Werror=format-security -fno-plt -Wall -Wmissing-prototypes -version-info 5:21:3   -Wl,--as-needed,-O1,--sort-common -Wl,-z,pack-relative-relocs -o libart_lgpl_2.la -rpath /usr/lib art_affine.lo art_alphagamma.lo art_bpath.lo art_gray_svp.lo art_misc.lo art_pixbuf.lo art_rect.lo art_rect_svp.lo art_rect_uta.lo art_render.lo art_render_gradient.lo art_render_mask.lo art_render_svp.lo art_rgb.lo art_rgb_affine.lo art_rgb_affine_private.lo art_rgb_bitmap_affine.lo art_rgb_pixbuf_affine.lo art_rgb_rgba_affine.lo art_rgb_a_affine.lo art_rgba.lo art_rgb_svp.lo art_svp.lo art_svp_intersect.lo art_svp_ops.lo art_svp_point.lo art_svp_render_aa.lo art_svp_vpath.lo art_svp_vpath_stroke.lo art_svp_wind.lo art_uta.lo art_uta_ops.lo art_uta_rect.lo art_uta_vpath.lo art_uta_svp.lo art_vpath.lo art_vpath_bpath.lo art_vpath_dash.lo art_vpath_svp.lo libart-features.lo -lm 
libtool: link: cc -shared  .libs/art_affine.o .libs/art_alphagamma.o .libs/art_bpath.o .libs/art_gray_svp.o .libs/art_misc.o .libs/art_pixbuf.o .libs/art_rect.o .libs/art_rect_svp.o .libs/art_rect_uta.o .libs/art_render.o .libs/art_render_gradient.o .libs/art_render_mask.o .libs/art_render_svp.o .libs/art_rgb.o .libs/art_rgb_affine.o .libs/art_rgb_affine_private.o .libs/art_rgb_bitmap_affine.o .libs/art_rgb_pixbuf_affine.o .libs/art_rgb_rgba_affine.o .libs/art_rgb_a_affine.o .libs/art_rgba.o .libs/art_rgb_svp.o .libs/art_svp.o .libs/art_svp_intersect.o .libs/art_svp_ops.o .libs/art_svp_point.o .libs/art_svp_render_aa.o .libs/art_svp_vpath.o .libs/art_svp_vpath_stroke.o .libs/art_svp_wind.o .libs/art_uta.o .libs/art_uta_ops.o .libs/art_uta_rect.o .libs/art_uta_vpath.o .libs/art_uta_svp.o .libs/art_vpath.o .libs/art_vpath_bpath.o .libs/art_vpath_dash.o .libs/art_vpath_svp.o .libs/libart-features.o   -lm  -Wl,--as-needed -Wl,-O1 -Wl,--sort-common -Wl,-z -Wl,pack-relative-relocs   -Wl,-soname -Wl,libart_lgpl_2.so.2 -o .libs/libart_lgpl_2.so.2.3.21
libtool: link: (cd ".libs" && rm -f "libart_lgpl_2.so.2" && ln -s "libart_lgpl_2.so.2.3.21" "libart_lgpl_2.so.2")
libtool: link: (cd ".libs" && rm -f "libart_lgpl_2.so" && ln -s "libart_lgpl_2.so.2.3.21" "libart_lgpl_2.so")
libtool: link: ar cru .libs/libart_lgpl_2.a  art_affine.o art_alphagamma.o art_bpath.o art_gray_svp.o art_misc.o art_pixbuf.o art_rect.o art_rect_svp.o art_rect_uta.o art_render.o art_render_gradient.o art_render_mask.o art_render_svp.o art_rgb.o art_rgb_affine.o art_rgb_affine_private.o art_rgb_bitmap_affine.o art_rgb_pixbuf_affine.o art_rgb_rgba_affine.o art_rgb_a_affine.o art_rgba.o art_rgb_svp.o art_svp.o art_svp_intersect.o art_svp_ops.o art_svp_point.o art_svp_render_aa.o art_svp_vpath.o art_svp_vpath_stroke.o art_svp_wind.o art_uta.o art_uta_ops.o art_uta_rect.o art_uta_vpath.o art_uta_svp.o art_vpath.o art_vpath_bpath.o art_vpath_dash.o art_vpath_svp.o libart-features.o
ar: `u' modifier ignored since `D' is the default (see `U')
libtool: link: ranlib .libs/libart_lgpl_2.a
libtool: link: ( cd ".libs" && rm -f "libart_lgpl_2.la" && ln -s "../libart_lgpl_2.la" "libart_lgpl_2.la" )
/bin/sh ./libtool --tag=CC   --mode=link cc  -Os -fstack-clash-protection -Wformat -Werror=format-security -fno-plt -Wall -Wmissing-prototypes  -Wl,--as-needed,-O1,--sort-common -Wl,-z,pack-relative-relocs -o testart testart.o ./libart_lgpl_2.la -lm 
/bin/sh ./libtool --tag=CC   --mode=link cc  -Os -fstack-clash-protection -Wformat -Werror=format-security -fno-plt -Wall -Wmissing-prototypes  -Wl,--as-needed,-O1,--sort-common -Wl,-z,pack-relative-relocs -o testuta testuta.o ./libart_lgpl_2.la -lm 
libtool: link: cc -Os -fstack-clash-protection -Wformat -Werror=format-security -fno-plt -Wall -Wmissing-prototypes -Wl,--as-needed -Wl,-O1 -Wl,--sort-common -Wl,-z -Wl,pack-relative-relocs -o .libs/testuta testuta.o  ./.libs/libart_lgpl_2.so -lm
libtool: link: cc -Os -fstack-clash-protection -Wformat -Werror=format-security -fno-plt -Wall -Wmissing-prototypes -Wl,--as-needed -Wl,-O1 -Wl,--sort-common -Wl,-z -Wl,pack-relative-relocs -o .libs/testart testart.o  ./.libs/libart_lgpl_2.so -lm
make[1]: Leaving directory '/tmp/src/libart_lgpl-2.3.21'
>>> libart-lgpl: Entering fakeroot...
make  install-am
make[1]: Entering directory '/tmp/src/libart_lgpl-2.3.21'
make[2]: Entering directory '/tmp/src/libart_lgpl-2.3.21'
test -z "/usr/bin" || ./install-sh -c -d "/tmp/pkg/libart-lgpl/usr/bin"
test -z "/usr/include/libart-2.0/libart_lgpl" || ./install-sh -c -d "/tmp/pkg/libart-lgpl/usr/include/libart-2.0/libart_lgpl"
test -z "/usr/lib/pkgconfig" || ./install-sh -c -d "/tmp/pkg/libart-lgpl/usr/lib/pkgconfig"
test -z "/usr/lib" || ./install-sh -c -d "/tmp/pkg/libart-lgpl/usr/lib"
 /usr/bin/install -c libart2-config '/tmp/pkg/libart-lgpl/usr/bin'
 /bin/sh ./libtool   --mode=install /usr/bin/install -c   libart_lgpl_2.la '/tmp/pkg/libart-lgpl/usr/lib'
 /usr/bin/install -c -m 644 libart-2.0.pc '/tmp/pkg/libart-lgpl/usr/lib/pkgconfig'
 /usr/bin/install -c -m 644 art_affine.h art_alphagamma.h art_bpath.h art_config.h art_filterlevel.h art_gray_svp.h art_misc.h art_pathcode.h art_pixbuf.h art_point.h art_rect.h art_rect_svp.h art_rect_uta.h art_render.h art_render_gradient.h art_render_mask.h art_render_svp.h art_rgb.h art_rgb_affine.h art_rgb_bitmap_affine.h art_rgb_pixbuf_affine.h art_rgb_rgba_affine.h art_rgb_a_affine.h art_rgb_svp.h art_rgba.h art_svp.h art_svp_intersect.h art_svp_ops.h art_svp_point.h art_svp_render_aa.h art_svp_vpath.h art_svp_vpath_stroke.h art_svp_wind.h art_uta.h art_uta_ops.h art_uta_rect.h art_uta_vpath.h art_uta_svp.h art_vpath.h art_vpath_bpath.h '/tmp/pkg/libart-lgpl/usr/include/libart-2.0/libart_lgpl'
libtool: install: /usr/bin/install -c .libs/libart_lgpl_2.so.2.3.21 /tmp/pkg/libart-lgpl/usr/lib/libart_lgpl_2.so.2.3.21
libtool: install: (cd /tmp/pkg/libart-lgpl/usr/lib && { ln -s -f libart_lgpl_2.so.2.3.21 libart_lgpl_2.so.2 || { rm -f libart_lgpl_2.so.2 && ln -s libart_lgpl_2.so.2.3.21 libart_lgpl_2.so.2; }; })
libtool: install: (cd /tmp/pkg/libart-lgpl/usr/lib && { ln -s -f libart_lgpl_2.so.2.3.21 libart_lgpl_2.so || { rm -f libart_lgpl_2.so && ln -s libart_lgpl_2.so.2.3.21 libart_lgpl_2.so; }; })
libtool: install: /usr/bin/install -c .libs/libart_lgpl_2.lai /tmp/pkg/libart-lgpl/usr/lib/libart_lgpl_2.la
 /usr/bin/install -c -m 644 art_vpath_dash.h art_vpath_svp.h libart.h libart-features.h '/tmp/pkg/libart-lgpl/usr/include/libart-2.0/libart_lgpl'
libtool: install: /usr/bin/install -c .libs/libart_lgpl_2.a /tmp/pkg/libart-lgpl/usr/lib/libart_lgpl_2.a
libtool: install: chmod 644 /tmp/pkg/libart-lgpl/usr/lib/libart_lgpl_2.a
libtool: install: ranlib /tmp/pkg/libart-lgpl/usr/lib/libart_lgpl_2.a
libtool: install: warning: remember to run `libtool --finish /usr/lib'
make[2]: Leaving directory '/tmp/src/libart_lgpl-2.3.21'
make[1]: Leaving directory '/tmp/src/libart_lgpl-2.3.21'
>>> libart-lgpl-dev*: Running split function dev...
'usr/include' -> '/tmp/pkg/libart-lgpl-dev/usr/include'
'usr/lib/pkgconfig' -> '/tmp/pkg/libart-lgpl-dev/usr/lib/pkgconfig'
'usr/bin/libart2-config' -> '/tmp/pkg/libart-lgpl-dev/usr/bin/libart2-config'
'usr/lib/libart_lgpl_2.a' -> '/tmp/pkg/libart-lgpl-dev/usr/lib/libart_lgpl_2.a'
'usr/lib/libart_lgpl_2.so' -> '/tmp/pkg/libart-lgpl-dev/usr/lib/libart_lgpl_2.so'
>>> libart-lgpl-dev*: Preparing subpackage libart-lgpl-dev...
>>> libart-lgpl-dev*: Stripping binaries
>>> libart-lgpl-dev*: Running postcheck for libart-lgpl-dev
>>> libart-lgpl*: Running postcheck for libart-lgpl
>>> libart-lgpl*: Preparing package libart-lgpl...
>>> libart-lgpl*: Stripping binaries
>>> libart-lgpl-dev*: Scanning shared objects
>>> libart-lgpl*: Scanning shared objects
>>> libart-lgpl-dev*: Tracing dependencies...
	libart-lgpl=2.3.21-r8
	pkgconfig
>>> libart-lgpl-dev*: Package size: 232.5 KB
>>> libart-lgpl-dev*: Compressing data...
>>> libart-lgpl-dev*: Create checksum...
>>> libart-lgpl-dev*: Create libart-lgpl-dev-2.3.21-r8.apk
>>> libart-lgpl*: Tracing dependencies...
	so:libc.musl-x86_64.so.1
>>> libart-lgpl*: Package size: 85.7 KB
>>> libart-lgpl*: Compressing data...
>>> libart-lgpl*: Create checksum...
>>> libart-lgpl*: Create libart-lgpl-2.3.21-r8.apk
>>> libart-lgpl: Updating the main/x86_64 repository index...
>>> libart-lgpl: Signing the index...
>>> libart-lgpl: Cleaning up srcdir
>>> libart-lgpl: Cleaning up build chroot
>>> libart-lgpl: Cleaning up pkgdir
