pigz: not found
>>> simdjson: Building main/simdjson 3.12.0-r0 (using abuild 3.14.1-r4) started Sun, 18 May 2025 07:43:56 +0000
>>> simdjson: Validating /home/packager/aports/main/simdjson/APKBUILD...
>>> simdjson: Analyzing dependencies...
>>> simdjson: Installing for build: build-base cmake samurai
(1/9) Installing libbz2 (1.0.8-r6)
(2/9) Installing lz4-libs (1.10.0-r0)
(3/9) Installing xz-libs (5.6.3-r1)
(4/9) Installing libarchive (3.7.9-r0)
(5/9) Installing rhash-libs (1.4.5-r0)
(6/9) Installing libuv (1.49.2-r0)
(7/9) Installing cmake (3.31.7-r0)
(8/9) Installing samurai (1.2-r6)
(9/9) Installing .makedepends-simdjson (20250518.074357)
Executing busybox-1.37.0-r12.trigger
OK: 314 MiB in 90 packages
>>> simdjson: Cleaning up srcdir
>>> simdjson: Cleaning up pkgdir
>>> simdjson: Cleaning up tmpdir
>>> simdjson: Fetching https://github.com/simdjson/simdjson/archive/v3.12.0/simdjson-3.12.0.tar.gz
Connecting to github.com (140.82.121.4:443)
Connecting to codeload.github.com (140.82.121.10:443)
saving to '/var/cache/distfiles/simdjson-3.12.0.tar.gz.part'
simdjson-3.12.0.tar. 100% |********************************| 2645k  0:00:00 ETA
'/var/cache/distfiles/simdjson-3.12.0.tar.gz.part' saved
>>> simdjson: Fetching https://github.com/simdjson/simdjson/archive/v3.12.0/simdjson-3.12.0.tar.gz
>>> simdjson: Checking sha512sums...
simdjson-3.12.0.tar.gz: OK
>>> simdjson: Unpacking /var/cache/distfiles/simdjson-3.12.0.tar.gz...
-- The CXX compiler identification is GNU 14.2.0
-- The C compiler identification is GNU 14.2.0
-- Detecting CXX compiler ABI info
-- Detecting CXX compiler ABI info - done
-- Check for working CXX compiler: /usr/bin/g++ - skipped
-- Detecting CXX compile features
-- Detecting CXX compile features - done
-- Detecting C compiler ABI info
-- Detecting C compiler ABI info - done
-- Check for working C compiler: /usr/bin/gcc - skipped
-- Detecting C compile features
-- Detecting C compile features - done
-- Looking for fork
-- Looking for fork - found
-- Looking for wait
-- Looking for wait - found
-- Adding -Og to compile flag
-- Performing Test CMAKE_HAVE_LIBC_PTHREAD
-- Performing Test CMAKE_HAVE_LIBC_PTHREAD - Success
-- Found Threads: TRUE
-- Building only the library. Advanced users and contributors may want to turn SIMDJSON_DEVELOPER_MODE to ON, e.g., via -D SIMDJSON_DEVELOPER_MODE=ON.
-- Configuring done (0.8s)
-- Generating done (0.0s)
-- Build files have been written to: /home/packager/aports/main/simdjson/src/simdjson-3.12.0/builddir
-- The CXX compiler identification is GNU 14.2.0
-- The C compiler identification is GNU 14.2.0
-- Detecting CXX compiler ABI info
-- Detecting CXX compiler ABI info - done
-- Check for working CXX compiler: /usr/bin/g++ - skipped
-- Detecting CXX compile features
-- Detecting CXX compile features - done
-- Detecting C compiler ABI info
-- Detecting C compiler ABI info - done
-- Check for working C compiler: /usr/bin/gcc - skipped
-- Detecting C compile features
-- Detecting C compile features - done
-- Looking for fork
-- Looking for fork - found
-- Looking for wait
-- Looking for wait - found
-- Adding -Og to compile flag
-- Performing Test CMAKE_HAVE_LIBC_PTHREAD
-- Performing Test CMAKE_HAVE_LIBC_PTHREAD - Success
-- Found Threads: TRUE
-- Building only the library. Advanced users and contributors may want to turn SIMDJSON_DEVELOPER_MODE to ON, e.g., via -D SIMDJSON_DEVELOPER_MODE=ON.
-- Configuring done (0.7s)
-- Generating done (0.0s)
-- Build files have been written to: /home/packager/aports/main/simdjson/src/simdjson-3.12.0/builddir-static
[1/3] Building CXX object CMakeFiles/simdjson.dir/src/simdjson.cpp.o
[2/3] Linking CXX shared library libsimdjson.so.25.0.0
[3/3] Creating library symlink libsimdjson.so.25 libsimdjson.so
[1/2] Building CXX object CMakeFiles/simdjson.dir/src/simdjson.cpp.o
[2/2] Linking CXX static library libsimdjson.a
>>> simdjson: Entering fakeroot...
-- Install configuration: "Release"
-- Installing: /home/packager/aports/main/simdjson/pkg/simdjson/usr/include/simdjson.h
-- Installing: /home/packager/aports/main/simdjson/pkg/simdjson/usr/lib/libsimdjson.so.25.0.0
-- Installing: /home/packager/aports/main/simdjson/pkg/simdjson/usr/lib/libsimdjson.so.25
-- Installing: /home/packager/aports/main/simdjson/pkg/simdjson/usr/lib/libsimdjson.so
-- Installing: /home/packager/aports/main/simdjson/pkg/simdjson/usr/lib/cmake/simdjson/simdjson-config.cmake
-- Installing: /home/packager/aports/main/simdjson/pkg/simdjson/usr/lib/cmake/simdjson/simdjson-config-version.cmake
-- Installing: /home/packager/aports/main/simdjson/pkg/simdjson/usr/lib/cmake/simdjson/simdjsonTargets.cmake
-- Installing: /home/packager/aports/main/simdjson/pkg/simdjson/usr/lib/cmake/simdjson/simdjsonTargets-release.cmake
-- Installing: /home/packager/aports/main/simdjson/pkg/simdjson/usr/lib/pkgconfig/simdjson.pc
-- Install configuration: "Release"
-- Up-to-date: /home/packager/aports/main/simdjson/pkg/simdjson/usr/include/simdjson.h
-- Installing: /home/packager/aports/main/simdjson/pkg/simdjson/usr/lib/libsimdjson.a
-- Installing: /home/packager/aports/main/simdjson/pkg/simdjson/usr/lib/cmake/simdjson/simdjson-config.cmake
-- Installing: /home/packager/aports/main/simdjson/pkg/simdjson/usr/lib/cmake/simdjson/simdjson-config-version.cmake
-- Old export file "/home/packager/aports/main/simdjson/pkg/simdjson/usr/lib/cmake/simdjson/simdjsonTargets.cmake" will be replaced.  Removing files [/home/packager/aports/main/simdjson/pkg/simdjson/usr/lib/cmake/simdjson/simdjsonTargets-release.cmake].
-- Installing: /home/packager/aports/main/simdjson/pkg/simdjson/usr/lib/cmake/simdjson/simdjsonTargets.cmake
-- Installing: /home/packager/aports/main/simdjson/pkg/simdjson/usr/lib/cmake/simdjson/simdjsonTargets-release.cmake
-- Installing: /home/packager/aports/main/simdjson/pkg/simdjson/usr/lib/pkgconfig/simdjson.pc
>>> simdjson-static*: Running split function static...
'./usr/lib/libsimdjson.a' -> '/home/packager/aports/main/simdjson/pkg/simdjson-static/./usr/lib/libsimdjson.a'
>>> simdjson-static*: Preparing subpackage simdjson-static...
>>> simdjson-static*: Stripping binaries
>>> simdjson-static*: Running postcheck for simdjson-static
>>> simdjson-dev*: Running split function dev...
'usr/include' -> '/home/packager/aports/main/simdjson/pkg/simdjson-dev/usr/include'
'usr/lib/pkgconfig' -> '/home/packager/aports/main/simdjson/pkg/simdjson-dev/usr/lib/pkgconfig'
'usr/lib/cmake' -> '/home/packager/aports/main/simdjson/pkg/simdjson-dev/usr/lib/cmake'
'usr/lib/libsimdjson.so' -> '/home/packager/aports/main/simdjson/pkg/simdjson-dev/usr/lib/libsimdjson.so'
>>> simdjson-dev*: Preparing subpackage simdjson-dev...
>>> simdjson-dev*: Stripping binaries
>>> simdjson-dev*: Running postcheck for simdjson-dev
>>> simdjson*: Running postcheck for simdjson
>>> simdjson*: Preparing package simdjson...
>>> simdjson*: Stripping binaries
>>> simdjson-dev*: Scanning shared objects
>>> simdjson-static*: Scanning shared objects
>>> simdjson*: Scanning shared objects
>>> simdjson-dev*: Tracing dependencies...
	pkgconfig
	simdjson=3.12.0-r0
>>> simdjson-dev*: Package size: 5.0 MB
>>> simdjson-dev*: Compressing data...
>>> simdjson-dev*: Create checksum...
pigz: not found
>>> simdjson-dev*: Create simdjson-dev-3.12.0-r0.apk
>>> simdjson-static*: Tracing dependencies...
>>> simdjson-static*: Package size: 317.8 KB
>>> simdjson-static*: Compressing data...
>>> simdjson-static*: Create checksum...
pigz: not found
>>> simdjson-static*: Create simdjson-static-3.12.0-r0.apk
>>> simdjson*: Tracing dependencies...
	so:libc.musl-x86_64.so.1
	so:libgcc_s.so.1
	so:libstdc++.so.6
>>> simdjson*: Package size: 234.7 KB
>>> simdjson*: Compressing data...
>>> simdjson*: Create checksum...
pigz: not found
>>> simdjson*: Create simdjson-3.12.0-r0.apk
>>> simdjson: Build complete at Sun, 18 May 2025 07:44:31 +0000 elapsed time 0h 0m 35s
>>> simdjson: Cleaning up srcdir
>>> simdjson: Cleaning up pkgdir
>>> simdjson: Uninstalling dependencies...
(1/9) Purging .makedepends-simdjson (20250518.074357)
(2/9) Purging cmake (3.31.7-r0)
(3/9) Purging samurai (1.2-r6)
(4/9) Purging libarchive (3.7.9-r0)
(5/9) Purging libbz2 (1.0.8-r6)
(6/9) Purging libuv (1.49.2-r0)
(7/9) Purging lz4-libs (1.10.0-r0)
(8/9) Purging rhash-libs (1.4.5-r0)
(9/9) Purging xz-libs (5.6.3-r1)
Executing busybox-1.37.0-r12.trigger
OK: 261 MiB in 81 packages
>>> simdjson: Updating the main/x86_64 repository index...
>>> simdjson: Signing the index...
pigz: not found
