>>> perl-authen-sasl: Validating /home/packager/oily-pine/main/perl-authen-sasl/APKBUILD...
>>> perl-authen-sasl: Cleaning up srcdir
>>> perl-authen-sasl: Cleaning up pkgdir
>>> perl-authen-sasl: Cleaning up tmpdir
>>> perl-authen-sasl: Fetching https://cpan.metacpan.org/authors/id/E/EH/EHUELS/Authen-SASL-2.1700.tar.gz
  % Total    % Received % Xferd  Average Speed   Time    Time     Time  Current
                                 Dload  Upload   Total   Spent    Left  Speed
  0     0    0     0    0     0      0      0 --:--:-- --:--:-- --:--:--     0  0     0    0     0    0     0      0      0 --:--:-- --:--:-- --:--:--     0100 37488  100 37488    0     0   202k      0 --:--:-- --:--:-- --:--:--  202k
>>> perl-authen-sasl: Fetching https://cpan.metacpan.org/authors/id/E/EH/EHUELS/Authen-SASL-2.1700.tar.gz
>>> perl-authen-sasl: Checking sha512sums...
Authen-SASL-2.1700.tar.gz: OK
>>> perl-authen-sasl: Preparing build chroot...
fetch http://dl-cdn.alpinelinux.org/alpine/edge/main/x86_64/APKINDEX.tar.gz
(1/81) Installing musl (1.2.5-r10)
(2/81) Installing libcrypto3 (3.5.0-r0)
(3/81) Installing ca-certificates-bundle (20241121-r2)
(4/81) Installing libssl3 (3.5.0-r0)
(5/81) Installing zlib (1.3.1-r2)
(6/81) Installing libapk2 (2.14.9-r2)
(7/81) Installing apk-tools (2.14.9-r2)
(8/81) Installing libcap2 (2.76-r0)
(9/81) Installing libcap-getcap (2.76-r0)
(10/81) Installing fakeroot (1.37.1.1-r0)
(11/81) Installing scanelf (1.3.8-r1)
(12/81) Installing musl-utils (1.2.5-r10)
(13/81) Installing libgcc (14.3.0-r1)
(14/81) Installing libstdc++ (14.3.0-r1)
(15/81) Installing lzip (1.25-r0)
(16/81) Installing openssl (3.5.0-r0)
(17/81) Installing patch (2.8-r0)
(18/81) Installing pkgconf (2.4.3-r0)
(19/81) Installing acl-libs (2.3.2-r1)
(20/81) Installing tar (1.35-r3)
(21/81) Installing busybox (1.37.0-r18)
Executing busybox-1.37.0-r18.post-install
(22/81) Installing ssl_client (1.37.0-r18)
(23/81) Installing busybox-binsh (1.37.0-r18)
(24/81) Installing abuild (3.15.0-r0)
Executing abuild-3.15.0-r0.pre-install
(25/81) Installing abuild-sudo (3.15.0-r0)
(26/81) Installing alpine-baselayout-data (3.7.0-r0)
(27/81) Installing alpine-baselayout (3.7.0-r0)
Executing alpine-baselayout-3.7.0-r0.pre-install
Executing alpine-baselayout-3.7.0-r0.post-install
(28/81) Installing bridge (1.5-r5)
(29/81) Installing ifupdown-ng (0.12.1-r7)
(30/81) Installing openrc-user (0.62.2-r2)
(31/81) Installing openrc (0.62.2-r2)
Executing openrc-0.62.2-r2.post-install
(32/81) Installing mdev-conf (4.8-r0)
(33/81) Installing busybox-mdev-openrc (1.37.0-r18)
(34/81) Installing alpine-conf (3.20.0-r0)
(35/81) Installing alpine-keys (2.5-r0)
(36/81) Installing alpine-release (3.22.0-r0)
(37/81) Installing busybox-openrc (1.37.0-r18)
(38/81) Installing busybox-suid (1.37.0-r18)
(39/81) Installing alpine-base (3.22.0-r0)
(40/81) Installing jansson (2.14.1-r0)
(41/81) Installing zstd-libs (1.5.7-r0)
(42/81) Installing binutils (2.44-r0)
(43/81) Installing libmagic (5.46-r2)
(44/81) Installing file (5.46-r2)
(45/81) Installing libgomp (14.3.0-r1)
(46/81) Installing libatomic (14.3.0-r1)
(47/81) Installing gmp (6.3.0-r3)
(48/81) Installing isl26 (0.26-r1)
(49/81) Installing mpfr4 (4.2.1_p1-r0)
(50/81) Installing mpc1 (1.3.1-r1)
(51/81) Installing gcc (14.3.0-r1)
(52/81) Installing libstdc++-dev (14.3.0-r1)
(53/81) Installing musl-dev (1.2.5-r10)
(54/81) Installing g++ (14.3.0-r1)
(55/81) Installing make (4.4.1-r3)
(56/81) Installing fortify-headers (1.1-r5)
(57/81) Installing build-base (0.5-r3)
(58/81) Installing brotli-libs (1.1.0-r2)
(59/81) Installing c-ares (1.34.5-r0)
(60/81) Installing libunistring (1.3-r0)
(61/81) Installing libidn2 (2.3.7-r0)
(62/81) Installing nghttp2-libs (1.65.0-r0)
(63/81) Installing libpsl (0.21.5-r3)
(64/81) Installing libcurl (8.14.0-r2)
(65/81) Installing libexpat (2.7.1-r0)
(66/81) Installing pcre2 (10.43-r1)
(67/81) Installing git (2.49.0-r0)
(68/81) Installing git-init-template (2.49.0-r0)
(69/81) Installing libbz2 (1.0.8-r6)
(70/81) Installing perl (5.40.2-r0)
(71/81) Installing perl-error (0.17030-r0)
(72/81) Installing perl-git (2.49.0-r0)
(73/81) Installing git-perl (2.49.0-r0)
(74/81) Installing perl-digest-sha1 (2.13-r19)
(75/81) Installing perl-digest-md5 (2.59-r2)
(76/81) Installing perl-digest-hmac (1.05-r0)
(77/81) Installing perl-yaml-tiny (1.76-r0)
(78/81) Installing perl-module-build (0.4234-r1)
(79/81) Installing perl-module-scandeps (1.37-r0)
(80/81) Installing perl-file-remove (1.61-r1)
(81/81) Installing perl-module-install (1.21-r1)
Executing busybox-1.37.0-r18.trigger
OK: 297 MiB in 81 packages
>>> perl-authen-sasl: Fetching https://cpan.metacpan.org/authors/id/E/EH/EHUELS/Authen-SASL-2.1700.tar.gz
>>> perl-authen-sasl: Checking sha512sums...
Authen-SASL-2.1700.tar.gz: OK
>>> perl-authen-sasl: Unpacking /var/cache/distfiles/Authen-SASL-2.1700.tar.gz...
Warning: prerequisite Pod::Coverage::TrustPod 0 not found.
Warning: prerequisite Test::Pod 0 not found.
Warning: prerequisite Test::Pod::Coverage 0 not found.
Checking if your kit is complete...
Looks good
Generating a Unix-style Makefile
Writing Makefile for Authen::SASL
Writing MYMETA.yml and MYMETA.json
cp lib/Authen/SASL/Perl.pod blib/lib/Authen/SASL/Perl.pod
cp lib/Authen/SASL.pm blib/lib/Authen/SASL.pm
cp lib/Authen/SASL/Perl/PLAIN.pm blib/lib/Authen/SASL/Perl/PLAIN.pm
cp lib/Authen/SASL/Perl/GSSAPI.pm blib/lib/Authen/SASL/Perl/GSSAPI.pm
cp lib/Authen/SASL/Perl/DIGEST_MD5.pm blib/lib/Authen/SASL/Perl/DIGEST_MD5.pm
cp lib/Authen/SASL.pod blib/lib/Authen/SASL.pod
cp lib/Authen/SASL/Perl/CRAM_MD5.pm blib/lib/Authen/SASL/Perl/CRAM_MD5.pm
cp lib/Authen/SASL/Perl.pm blib/lib/Authen/SASL/Perl.pm
cp lib/Authen/SASL/Perl/ANONYMOUS.pm blib/lib/Authen/SASL/Perl/ANONYMOUS.pm
cp lib/Authen/SASL/EXTERNAL.pm blib/lib/Authen/SASL/EXTERNAL.pm
cp lib/Authen/SASL/Perl/LOGIN.pm blib/lib/Authen/SASL/Perl/LOGIN.pm
cp lib/Authen/SASL/Perl/EXTERNAL.pm blib/lib/Authen/SASL/Perl/EXTERNAL.pm
cp lib/Authen/SASL/CRAM_MD5.pm blib/lib/Authen/SASL/CRAM_MD5.pm
Manifying 9 pod documents
PERL_DL_NONLAZY=1 "/usr/bin/perl" "-MExtUtils::Command::MM" "-MTest::Harness" "-e" "undef *Test::Harness::Switches; test_harness(0, 'blib/lib', 'blib/arch')" t/*.t t/negotiations/*.t t/server/*.t
t/anon.t ..................... ok
t/author-pod-syntax.t ........ skipped: these tests are for testing by the author
t/callback.t ................. ok
t/compat.t ................... ok
t/cram_md5.t ................. ok
t/digest_md5.t ............... ok
t/digest_md5_verified.t ...... ok
t/external.t ................. ok
t/login.t .................... ok
t/negotiations/digest_md5.t .. ok
t/negotiations/login.t ....... ok
t/negotiations/plain.t ....... ok
t/order.t .................... ok
t/plain.t .................... ok
t/server/digest_md5.t ........ ok
t/server/login.t ............. ok
t/server/plain.t ............. ok
All tests successful.
Files=17, Tests=323,  1 wallclock secs ( 0.03 usr  0.01 sys +  0.50 cusr  0.12 csys =  0.66 CPU)
Result: PASS
>>> perl-authen-sasl: Entering fakeroot...
Manifying 9 pod documents
Appending installation info to /tmp/pkg/perl-authen-sasl/usr/lib/perl5/core_perl/perllocal.pod
Installing /tmp/pkg/perl-authen-sasl/usr/share/perl5/vendor_perl/Authen/SASL.pod
Installing /tmp/pkg/perl-authen-sasl/usr/share/perl5/vendor_perl/Authen/SASL.pm
Installing /tmp/pkg/perl-authen-sasl/usr/share/perl5/vendor_perl/Authen/SASL/CRAM_MD5.pm
Installing /tmp/pkg/perl-authen-sasl/usr/share/perl5/vendor_perl/Authen/SASL/EXTERNAL.pm
Installing /tmp/pkg/perl-authen-sasl/usr/share/perl5/vendor_perl/Authen/SASL/Perl.pod
Installing /tmp/pkg/perl-authen-sasl/usr/share/perl5/vendor_perl/Authen/SASL/Perl.pm
Installing /tmp/pkg/perl-authen-sasl/usr/share/perl5/vendor_perl/Authen/SASL/Perl/PLAIN.pm
Installing /tmp/pkg/perl-authen-sasl/usr/share/perl5/vendor_perl/Authen/SASL/Perl/DIGEST_MD5.pm
Installing /tmp/pkg/perl-authen-sasl/usr/share/perl5/vendor_perl/Authen/SASL/Perl/CRAM_MD5.pm
Installing /tmp/pkg/perl-authen-sasl/usr/share/perl5/vendor_perl/Authen/SASL/Perl/EXTERNAL.pm
Installing /tmp/pkg/perl-authen-sasl/usr/share/perl5/vendor_perl/Authen/SASL/Perl/GSSAPI.pm
Installing /tmp/pkg/perl-authen-sasl/usr/share/perl5/vendor_perl/Authen/SASL/Perl/ANONYMOUS.pm
Installing /tmp/pkg/perl-authen-sasl/usr/share/perl5/vendor_perl/Authen/SASL/Perl/LOGIN.pm
Installing /tmp/pkg/perl-authen-sasl/usr/share/man/man3/Authen::SASL.3pm
Installing /tmp/pkg/perl-authen-sasl/usr/share/man/man3/Authen::SASL::Perl.3pm
Installing /tmp/pkg/perl-authen-sasl/usr/share/man/man3/Authen::SASL::Perl::LOGIN.3pm
Installing /tmp/pkg/perl-authen-sasl/usr/share/man/man3/Authen::SASL::Perl::GSSAPI.3pm
Installing /tmp/pkg/perl-authen-sasl/usr/share/man/man3/Authen::SASL::Perl::DIGEST_MD5.3pm
Installing /tmp/pkg/perl-authen-sasl/usr/share/man/man3/Authen::SASL::Perl::EXTERNAL.3pm
Installing /tmp/pkg/perl-authen-sasl/usr/share/man/man3/Authen::SASL::Perl::ANONYMOUS.3pm
Installing /tmp/pkg/perl-authen-sasl/usr/share/man/man3/Authen::SASL::Perl::CRAM_MD5.3pm
Installing /tmp/pkg/perl-authen-sasl/usr/share/man/man3/Authen::SASL::Perl::PLAIN.3pm
>>> perl-authen-sasl-doc*: Running split function doc...
'usr/share/man' -> '/tmp/pkg/perl-authen-sasl-doc/usr/share/man'
>>> perl-authen-sasl-doc*: Preparing subpackage perl-authen-sasl-doc...
>>> perl-authen-sasl-doc*: Running postcheck for perl-authen-sasl-doc
>>> perl-authen-sasl*: Running postcheck for perl-authen-sasl
>>> perl-authen-sasl*: Preparing package perl-authen-sasl...
>>> perl-authen-sasl-doc*: Tracing dependencies...
>>> perl-authen-sasl-doc*: Package size: 17.6 KB
>>> perl-authen-sasl-doc*: Compressing data...
>>> perl-authen-sasl-doc*: Create checksum...
>>> perl-authen-sasl-doc*: Create perl-authen-sasl-doc-2.1700-r0.apk
>>> perl-authen-sasl*: Tracing dependencies...
	perl
	perl-digest-hmac
>>> perl-authen-sasl*: Package size: 70.2 KB
>>> perl-authen-sasl*: Compressing data...
>>> perl-authen-sasl*: Create checksum...
>>> perl-authen-sasl*: Create perl-authen-sasl-2.1700-r0.apk
>>> perl-authen-sasl: Updating the main/x86_64 repository index...
>>> perl-authen-sasl: Signing the index...
>>> perl-authen-sasl: Cleaning up srcdir
>>> perl-authen-sasl: Cleaning up build chroot
>>> perl-authen-sasl: Cleaning up pkgdir
