>>> bcache-tools: Validating /home/packager/oily-pine/main/bcache-tools/APKBUILD...
>>> WARNING: bcache-tools: No maintainer
>>> bcache-tools: Cleaning up srcdir
>>> bcache-tools: Cleaning up pkgdir
>>> bcache-tools: Cleaning up tmpdir
>>> bcache-tools: Fetching https://git.kernel.org/pub/scm/linux/kernel/git/colyli/bcache-tools.git/snapshot/bcache-tools-1.1.tar.gz
  % Total    % Received % Xferd  Average Speed   Time    Time     Time  Current
                                 Dload  Upload   Total   Spent    Left  Speed
  0     0    0     0    0     0      0      0 --:--:-- --:--:-- --:--:--     0100 34548    0 34548    0     0   191k      0 --:--:-- --:--:-- --:--:--  191k
>>> bcache-tools: Fetching https://git.kernel.org/pub/scm/linux/kernel/git/colyli/bcache-tools.git/snapshot/bcache-tools-1.1.tar.gz
>>> bcache-tools: Checking sha512sums...
bcache-tools-1.1.tar.gz: OK
>>> bcache-tools: Preparing build chroot...
fetch http://dl-cdn.alpinelinux.org/alpine/edge/main/x86_64/APKINDEX.tar.gz
(1/92) Installing musl (1.2.5-r10)
(2/92) Installing libcrypto3 (3.5.0-r0)
(3/92) Installing ca-certificates-bundle (20241121-r2)
(4/92) Installing libssl3 (3.5.0-r0)
(5/92) Installing zlib (1.3.1-r2)
(6/92) Installing libapk2 (2.14.9-r2)
(7/92) Installing apk-tools (2.14.9-r2)
(8/92) Installing libcap2 (2.76-r0)
(9/92) Installing libcap-getcap (2.76-r0)
(10/92) Installing fakeroot (1.37.1.1-r0)
(11/92) Installing scanelf (1.3.8-r1)
(12/92) Installing musl-utils (1.2.5-r10)
(13/92) Installing libgcc (14.3.0-r1)
(14/92) Installing libstdc++ (14.3.0-r1)
(15/92) Installing lzip (1.25-r0)
(16/92) Installing openssl (3.5.0-r0)
(17/92) Installing patch (2.8-r0)
(18/92) Installing pkgconf (2.4.3-r0)
(19/92) Installing acl-libs (2.3.2-r1)
(20/92) Installing tar (1.35-r3)
(21/92) Installing busybox (1.37.0-r18)
Executing busybox-1.37.0-r18.post-install
(22/92) Installing ssl_client (1.37.0-r18)
(23/92) Installing busybox-binsh (1.37.0-r18)
(24/92) Installing abuild (3.15.0-r0)
Executing abuild-3.15.0-r0.pre-install
(25/92) Installing abuild-sudo (3.15.0-r0)
(26/92) Installing alpine-baselayout-data (3.7.0-r0)
(27/92) Installing alpine-baselayout (3.7.0-r0)
Executing alpine-baselayout-3.7.0-r0.pre-install
Executing alpine-baselayout-3.7.0-r0.post-install
(28/92) Installing bridge (1.5-r5)
(29/92) Installing ifupdown-ng (0.12.1-r7)
(30/92) Installing openrc-user (0.62.2-r2)
(31/92) Installing openrc (0.62.2-r2)
Executing openrc-0.62.2-r2.post-install
(32/92) Installing mdev-conf (4.8-r0)
(33/92) Installing busybox-mdev-openrc (1.37.0-r18)
(34/92) Installing alpine-conf (3.20.0-r0)
(35/92) Installing alpine-keys (2.5-r0)
(36/92) Installing alpine-release (3.22.0-r0)
(37/92) Installing busybox-openrc (1.37.0-r18)
(38/92) Installing busybox-suid (1.37.0-r18)
(39/92) Installing alpine-base (3.22.0-r0)
(40/92) Installing jansson (2.14.1-r0)
(41/92) Installing zstd-libs (1.5.7-r0)
(42/92) Installing binutils (2.44-r0)
(43/92) Installing libmagic (5.46-r2)
(44/92) Installing file (5.46-r2)
(45/92) Installing libgomp (14.3.0-r1)
(46/92) Installing libatomic (14.3.0-r1)
(47/92) Installing gmp (6.3.0-r3)
(48/92) Installing isl26 (0.26-r1)
(49/92) Installing mpfr4 (4.2.1_p1-r0)
(50/92) Installing mpc1 (1.3.1-r1)
(51/92) Installing gcc (14.3.0-r1)
(52/92) Installing libstdc++-dev (14.3.0-r1)
(53/92) Installing musl-dev (1.2.5-r10)
(54/92) Installing g++ (14.3.0-r1)
(55/92) Installing make (4.4.1-r3)
(56/92) Installing fortify-headers (1.1-r5)
(57/92) Installing build-base (0.5-r3)
(58/92) Installing coreutils-env (9.7-r1)
(59/92) Installing coreutils-fmt (9.7-r1)
(60/92) Installing coreutils-sha512sum (9.7-r1)
(61/92) Installing libattr (2.5.2-r2)
(62/92) Installing skalibs-libs (2.14.4.0-r0)
(63/92) Installing utmps-libs (0.1.3.1-r0)
(64/92) Installing coreutils (9.7-r1)
(65/92) Installing eudev-libs (3.2.14-r5)
(66/92) Installing eudev-dev (3.2.14-r5)
(67/92) Installing brotli-libs (1.1.0-r2)
(68/92) Installing c-ares (1.34.5-r0)
(69/92) Installing libunistring (1.3-r0)
(70/92) Installing libidn2 (2.3.7-r0)
(71/92) Installing nghttp2-libs (1.65.0-r0)
(72/92) Installing libpsl (0.21.5-r3)
(73/92) Installing libcurl (8.14.0-r2)
(74/92) Installing libexpat (2.7.1-r0)
(75/92) Installing pcre2 (10.43-r1)
(76/92) Installing git (2.49.0-r0)
(77/92) Installing git-init-template (2.49.0-r0)
(78/92) Installing linux-headers (6.14.2-r0)
(79/92) Installing libeconf (0.6.3-r0)
(80/92) Installing libblkid (2.41-r9)
(81/92) Installing libuuid (2.41-r9)
(82/92) Installing libfdisk (2.41-r9)
(83/92) Installing sqlite-libs (3.50.0-r0)
(84/92) Installing liblastlog2 (2.41-r9)
(85/92) Installing libmount (2.41-r9)
(86/92) Installing libsmartcols (2.41-r9)
(87/92) Installing ncurses-terminfo-base (6.5_p20250503-r0)
(88/92) Installing libncursesw (6.5_p20250503-r0)
(89/92) Installing readline (8.2.13-r1)
(90/92) Installing sqlite (3.50.0-r0)
(91/92) Installing sqlite-dev (3.50.0-r0)
(92/92) Installing util-linux-dev (2.41-r9)
Executing busybox-1.37.0-r18.trigger
OK: 274 MiB in 92 packages
>>> bcache-tools: Fetching https://git.kernel.org/pub/scm/linux/kernel/git/colyli/bcache-tools.git/snapshot/bcache-tools-1.1.tar.gz
>>> bcache-tools: Checking sha512sums...
bcache-tools-1.1.tar.gz: OK
>>> bcache-tools: Unpacking /var/cache/distfiles/bcache-tools-1.1.tar.gz...
cc -Os -fstack-clash-protection -Wformat -Werror=format-security -fno-plt -g -O2 -Wall -g `pkg-config --cflags uuid blkid smartcols`   -c -o make.o make.c
cc -Os -fstack-clash-protection -Wformat -Werror=format-security -fno-plt -g -O2 -Wall -g `pkg-config --cflags uuid blkid smartcols`   -c -o crc64.o crc64.c
cc -Os -fstack-clash-protection -Wformat -Werror=format-security -fno-plt -g -O2 -Wall -g `pkg-config --cflags uuid blkid smartcols`   -c -o lib.o lib.c
cc -Os -fstack-clash-protection -Wformat -Werror=format-security -fno-plt -g -O2 -Wall -g `pkg-config --cflags uuid blkid`  -Wl,--as-needed,-O1,--sort-common -Wl,-z,pack-relative-relocs  probe-bcache.c  `pkg-config --libs uuid blkid` -o probe-bcache
cc -Os -fstack-clash-protection -Wformat -Werror=format-security -fno-plt -g -O2 -Wall -g   -c -o bcache-register.o bcache-register.c
cc -Wl,--as-needed,-O1,--sort-common -Wl,-z,pack-relative-relocs  bcache-register.o   -o bcache-register
cc -Os -fstack-clash-protection -Wformat -Werror=format-security -fno-plt -g -O2 -Wall -g -std=gnu99  -Wl,--as-needed,-O1,--sort-common -Wl,-z,pack-relative-relocs  bcache-super-show.c crc64.o  `pkg-config --libs uuid` -o bcache-super-show
cc -Os -fstack-clash-protection -Wformat -Werror=format-security -fno-plt -g -O2 -Wall -g `pkg-config --cflags uuid blkid smartcols`  -Wl,--as-needed,-O1,--sort-common -Wl,-z,pack-relative-relocs  make-bcache.c make.o crc64.o lib.o  `pkg-config --libs uuid blkid smartcols` -o make-bcache
cc -Os -fstack-clash-protection -Wformat -Werror=format-security -fno-plt -g -O2 -Wall -g `pkg-config --cflags blkid uuid smartcols` -std=gnu99  -Wl,--as-needed,-O1,--sort-common -Wl,-z,pack-relative-relocs  bcache.c crc64.o lib.o make.o  `pkg-config --libs blkid uuid smartcols` -o bcache
In file included from lib.h:4,
                 from bcache.c:15:
bcache.c: In function 'free_dev':
list.h:41:43: warning: pointer 'dev' used after 'free' [-Wuse-after-free]
   41 |         const typeof(((type *)0)->member)*__mptr = (ptr);    \
      |                                           ^~~~~~
list.h:241:9: note: in expansion of macro 'container_of'
  241 |         container_of(ptr, type, member)
      |         ^~~~~~~~~~~~
list.h:295:20: note: in expansion of macro 'list_entry'
  295 |              pos = list_entry(pos->member.next, typeof(*pos), member))
      |                    ^~~~~~~~~~
bcache.c:179:9: note: in expansion of macro 'list_for_each_entry'
  179 |         list_for_each_entry(dev, head, dev_list) {
      |         ^~~~~~~~~~~~~~~~~~~
bcache.c:180:17: note: call to 'free' here
  180 |                 free(dev);
      |                 ^~~~~~~~~
>>> bcache-tools: Entering fakeroot...
install -m0755 make-bcache bcache-super-show	bcache /tmp/pkg/bcache-tools/usr/sbin/
install -m0755 probe-bcache bcache-register		/tmp/pkg/bcache-tools/usr/lib/udev/
install -m0644 69-bcache.rules	/tmp/pkg/bcache-tools/usr/lib/udev/rules.d/
install -m0644 -- *.8 /tmp/pkg/bcache-tools/usr/share/man/man8/
install -D -m0755 initramfs/hook	/tmp/pkg/bcache-tools/usr/share/initramfs-tools/hooks/bcache
install -D -m0755 initcpio/install	/tmp/pkg/bcache-tools/usr/lib/initcpio/install/bcache
install -D -m0755 dracut/module-setup.sh /tmp/pkg/bcache-tools/lib/dracut/modules.d/90bcache/module-setup.sh
>>> bcache-tools-dbg*: Running split function dbg...
>>> bcache-tools-dbg*: Preparing subpackage bcache-tools-dbg...
>>> bcache-tools-dbg*: Stripping binaries
>>> bcache-tools-dbg*: Running postcheck for bcache-tools-dbg
>>> bcache-tools-doc*: Running split function doc...
renamed 'usr/share/man' -> '/tmp/pkg/bcache-tools-doc/usr/share/man'
>>> bcache-tools-doc*: Preparing subpackage bcache-tools-doc...
>>> bcache-tools-doc*: Running postcheck for bcache-tools-doc
>>> bcache-tools*: Running postcheck for bcache-tools
>>> WARNING: bcache-tools*: Packages must not put anything under /lib, use /usr/lib instead
>>> bcache-tools*: Preparing package bcache-tools...
>>> bcache-tools*: Stripping binaries
>>> bcache-tools-dbg*: Scanning shared objects
>>> bcache-tools-doc*: Scanning shared objects
>>> bcache-tools*: Scanning shared objects
>>> bcache-tools-dbg*: Tracing dependencies...
	!bcache-tools<1.1-r4
	!bcache-tools>1.1-r4
>>> bcache-tools-dbg*: Package size: 198.7 KB
>>> bcache-tools-dbg*: Compressing data...
>>> bcache-tools-dbg*: Create checksum...
>>> bcache-tools-dbg*: Create bcache-tools-dbg-1.1-r4.apk
>>> bcache-tools-doc*: Tracing dependencies...
>>> bcache-tools-doc*: Package size: 920.0 B
>>> bcache-tools-doc*: Compressing data...
>>> bcache-tools-doc*: Create checksum...
>>> bcache-tools-doc*: Create bcache-tools-doc-1.1-r4.apk
>>> bcache-tools*: Tracing dependencies...
	so:libblkid.so.1
	so:libc.musl-x86_64.so.1
	so:libsmartcols.so.1
	so:libuuid.so.1
>>> bcache-tools*: Package size: 128.6 KB
>>> bcache-tools*: Compressing data...
>>> bcache-tools*: Create checksum...
>>> bcache-tools*: Create bcache-tools-1.1-r4.apk
>>> bcache-tools: Updating the main/x86_64 repository index...
>>> bcache-tools: Signing the index...
>>> bcache-tools: Cleaning up srcdir
>>> bcache-tools: Cleaning up build chroot
>>> bcache-tools: Cleaning up pkgdir
