>>> py3-py: Validating /home/packager/oily-pine/main/py3-py/APKBUILD...
>>> py3-py: Cleaning up srcdir
>>> py3-py: Cleaning up pkgdir
>>> py3-py: Cleaning up tmpdir
>>> py3-py: Fetching https://files.pythonhosted.org/packages/source/p/py/py-1.11.0.tar.gz
  % Total    % Received % Xferd  Average Speed   Time    Time     Time  Current
                                 Dload  Upload   Total   Spent    Left  Speed
  0     0    0     0    0     0      0      0 --:--:-- --:--:-- --:--:--     0  0     0    0     0    0     0      0      0 --:--:-- --:--:-- --:--:--     0
100  202k  100  202k    0     0  4190k      0 --:--:-- --:--:-- --:--:-- 4190k
>>> py3-py: Fetching https://files.pythonhosted.org/packages/source/p/py/py-1.11.0.tar.gz
>>> py3-py: Checking sha512sums...
py-1.11.0.tar.gz: OK
0001-remove-setuptools_scm.patch: OK
>>> py3-py: Preparing build chroot...
fetch http://dl-cdn.alpinelinux.org/alpine/edge/main/x86_64/APKINDEX.tar.gz
(1/88) Installing musl (1.2.5-r10)
(2/88) Installing libcrypto3 (3.5.0-r0)
(3/88) Installing ca-certificates-bundle (20241121-r2)
(4/88) Installing libssl3 (3.5.0-r0)
(5/88) Installing zlib (1.3.1-r2)
(6/88) Installing libapk2 (2.14.9-r2)
(7/88) Installing apk-tools (2.14.9-r2)
(8/88) Installing libcap2 (2.76-r0)
(9/88) Installing libcap-getcap (2.76-r0)
(10/88) Installing fakeroot (1.37.1.1-r0)
(11/88) Installing scanelf (1.3.8-r1)
(12/88) Installing musl-utils (1.2.5-r10)
(13/88) Installing libgcc (14.3.0-r0)
(14/88) Installing libstdc++ (14.3.0-r0)
(15/88) Installing lzip (1.25-r0)
(16/88) Installing openssl (3.5.0-r0)
(17/88) Installing patch (2.8-r0)
(18/88) Installing pkgconf (2.4.3-r0)
(19/88) Installing acl-libs (2.3.2-r1)
(20/88) Installing tar (1.35-r3)
(21/88) Installing busybox (1.37.0-r18)
Executing busybox-1.37.0-r18.post-install
(22/88) Installing ssl_client (1.37.0-r18)
(23/88) Installing busybox-binsh (1.37.0-r18)
(24/88) Installing abuild (3.15.0-r0)
Executing abuild-3.15.0-r0.pre-install
(25/88) Installing abuild-sudo (3.15.0-r0)
(26/88) Installing alpine-baselayout-data (3.7.0-r0)
(27/88) Installing alpine-baselayout (3.7.0-r0)
Executing alpine-baselayout-3.7.0-r0.pre-install
Executing alpine-baselayout-3.7.0-r0.post-install
(28/88) Installing bridge (1.5-r5)
(29/88) Installing ifupdown-ng (0.12.1-r7)
(30/88) Installing openrc-user (0.62.2-r2)
(31/88) Installing openrc (0.62.2-r2)
Executing openrc-0.62.2-r2.post-install
(32/88) Installing mdev-conf (4.8-r0)
(33/88) Installing busybox-mdev-openrc (1.37.0-r18)
(34/88) Installing alpine-conf (3.20.0-r0)
(35/88) Installing alpine-keys (2.5-r0)
(36/88) Installing alpine-release (3.22.0-r0)
(37/88) Installing busybox-openrc (1.37.0-r18)
(38/88) Installing busybox-suid (1.37.0-r18)
(39/88) Installing alpine-base (3.22.0-r0)
(40/88) Installing jansson (2.14.1-r0)
(41/88) Installing zstd-libs (1.5.7-r0)
(42/88) Installing binutils (2.44-r0)
(43/88) Installing libmagic (5.46-r2)
(44/88) Installing file (5.46-r2)
(45/88) Installing libgomp (14.3.0-r0)
(46/88) Installing libatomic (14.3.0-r0)
(47/88) Installing gmp (6.3.0-r3)
(48/88) Installing isl26 (0.26-r1)
(49/88) Installing mpfr4 (4.2.1_p1-r0)
(50/88) Installing mpc1 (1.3.1-r1)
(51/88) Installing gcc (14.3.0-r0)
(52/88) Installing libstdc++-dev (14.3.0-r0)
(53/88) Installing musl-dev (1.2.5-r10)
(54/88) Installing g++ (14.3.0-r0)
(55/88) Installing make (4.4.1-r3)
(56/88) Installing fortify-headers (1.1-r5)
(57/88) Installing build-base (0.5-r3)
(58/88) Installing brotli-libs (1.1.0-r2)
(59/88) Installing c-ares (1.34.5-r0)
(60/88) Installing libunistring (1.3-r0)
(61/88) Installing libidn2 (2.3.7-r0)
(62/88) Installing nghttp2-libs (1.65.0-r0)
(63/88) Installing libpsl (0.21.5-r3)
(64/88) Installing libcurl (8.14.0-r2)
(65/88) Installing libexpat (2.7.1-r0)
(66/88) Installing pcre2 (10.43-r1)
(67/88) Installing git (2.49.0-r0)
(68/88) Installing git-init-template (2.49.0-r0)
(69/88) Installing libbz2 (1.0.8-r6)
(70/88) Installing libffi (3.4.8-r0)
(71/88) Installing gdbm (1.24-r0)
(72/88) Installing xz-libs (5.8.1-r0)
(73/88) Installing mpdecimal (4.0.1-r0)
(74/88) Installing ncurses-terminfo-base (6.5_p20250503-r0)
(75/88) Installing libncursesw (6.5_p20250503-r0)
(76/88) Installing libpanelw (6.5_p20250503-r0)
(77/88) Installing readline (8.2.13-r1)
(78/88) Installing sqlite-libs (3.50.0-r0)
(79/88) Installing python3 (3.12.10-r1)
(80/88) Installing python3-pycache-pyc0 (3.12.10-r1)
(81/88) Installing pyc (3.12.10-r1)
(82/88) Installing py3-setuptools-pyc (80.9.0-r0)
(83/88) Installing py3-parsing (3.2.3-r0)
(84/88) Installing py3-parsing-pyc (3.2.3-r0)
(85/88) Installing py3-packaging-pyc (25.0-r0)
(86/88) Installing python3-pyc (3.12.10-r1)
(87/88) Installing py3-packaging (25.0-r0)
(88/88) Installing py3-setuptools (80.9.0-r0)
Executing busybox-1.37.0-r18.trigger
OK: 305 MiB in 88 packages
>>> py3-py: Fetching https://files.pythonhosted.org/packages/source/p/py/py-1.11.0.tar.gz
>>> py3-py: Checking sha512sums...
py-1.11.0.tar.gz: OK
0001-remove-setuptools_scm.patch: OK
>>> py3-py: Unpacking /var/cache/distfiles/py-1.11.0.tar.gz...
>>> py3-py: 0001-remove-setuptools_scm.patch
patching file setup.py
/usr/lib/python3.12/site-packages/setuptools/dist.py:759: SetuptoolsDeprecationWarning: License classifiers are deprecated.
!!

        ********************************************************************************
        Please consider removing the following classifiers in favor of a SPDX license expression:

        License :: OSI Approved :: MIT License

        See https://packaging.python.org/en/latest/guides/writing-pyproject-toml/#license for details.
        ********************************************************************************

!!
  self._finalize_license_expression()
running build
running build_py
creating build/lib/py
copying py/_builtin.py -> build/lib/py
copying py/__metainfo.py -> build/lib/py
copying py/_version.py -> build/lib/py
copying py/_std.py -> build/lib/py
copying py/_xmlgen.py -> build/lib/py
copying py/__init__.py -> build/lib/py
copying py/test.py -> build/lib/py
copying py/_error.py -> build/lib/py
creating build/lib/py/_log
copying py/_log/warning.py -> build/lib/py/_log
copying py/_log/__init__.py -> build/lib/py/_log
copying py/_log/log.py -> build/lib/py/_log
creating build/lib/py/_code
copying py/_code/assertion.py -> build/lib/py/_code
copying py/_code/code.py -> build/lib/py/_code
copying py/_code/_assertionold.py -> build/lib/py/_code
copying py/_code/source.py -> build/lib/py/_code
copying py/_code/__init__.py -> build/lib/py/_code
copying py/_code/_assertionnew.py -> build/lib/py/_code
copying py/_code/_py2traceback.py -> build/lib/py/_code
creating build/lib/py/_io
copying py/_io/saferepr.py -> build/lib/py/_io
copying py/_io/__init__.py -> build/lib/py/_io
copying py/_io/terminalwriter.py -> build/lib/py/_io
copying py/_io/capture.py -> build/lib/py/_io
creating build/lib/py/_vendored_packages
copying py/_vendored_packages/__init__.py -> build/lib/py/_vendored_packages
creating build/lib/py/_process
copying py/_process/killproc.py -> build/lib/py/_process
copying py/_process/forkedfunc.py -> build/lib/py/_process
copying py/_process/cmdexec.py -> build/lib/py/_process
copying py/_process/__init__.py -> build/lib/py/_process
creating build/lib/py/_path
copying py/_path/svnurl.py -> build/lib/py/_path
copying py/_path/cacheutil.py -> build/lib/py/_path
copying py/_path/common.py -> build/lib/py/_path
copying py/_path/__init__.py -> build/lib/py/_path
copying py/_path/local.py -> build/lib/py/_path
copying py/_path/svnwc.py -> build/lib/py/_path
creating build/lib/py/_vendored_packages/iniconfig
copying py/_vendored_packages/iniconfig/__init__.py -> build/lib/py/_vendored_packages/iniconfig
creating build/lib/py/_vendored_packages/apipkg
copying py/_vendored_packages/apipkg/version.py -> build/lib/py/_vendored_packages/apipkg
copying py/_vendored_packages/apipkg/__init__.py -> build/lib/py/_vendored_packages/apipkg
running egg_info
writing py.egg-info/PKG-INFO
writing dependency_links to py.egg-info/dependency_links.txt
writing top-level names to py.egg-info/top_level.txt
reading manifest file 'py.egg-info/SOURCES.txt'
reading manifest template 'MANIFEST.in'
warning: no previously-included files matching '*.pyc' found anywhere in distribution
adding license file 'LICENSE'
writing manifest file 'py.egg-info/SOURCES.txt'
copying py/__init__.pyi -> build/lib/py
copying py/error.pyi -> build/lib/py
copying py/iniconfig.pyi -> build/lib/py
copying py/io.pyi -> build/lib/py
copying py/path.pyi -> build/lib/py
copying py/py.typed -> build/lib/py
copying py/xml.pyi -> build/lib/py
creating build/lib/py/_vendored_packages/apipkg-2.0.0.dist-info
copying py/_vendored_packages/apipkg-2.0.0.dist-info/INSTALLER -> build/lib/py/_vendored_packages/apipkg-2.0.0.dist-info
copying py/_vendored_packages/apipkg-2.0.0.dist-info/LICENSE -> build/lib/py/_vendored_packages/apipkg-2.0.0.dist-info
copying py/_vendored_packages/apipkg-2.0.0.dist-info/METADATA -> build/lib/py/_vendored_packages/apipkg-2.0.0.dist-info
copying py/_vendored_packages/apipkg-2.0.0.dist-info/RECORD -> build/lib/py/_vendored_packages/apipkg-2.0.0.dist-info
copying py/_vendored_packages/apipkg-2.0.0.dist-info/REQUESTED -> build/lib/py/_vendored_packages/apipkg-2.0.0.dist-info
copying py/_vendored_packages/apipkg-2.0.0.dist-info/WHEEL -> build/lib/py/_vendored_packages/apipkg-2.0.0.dist-info
copying py/_vendored_packages/apipkg-2.0.0.dist-info/top_level.txt -> build/lib/py/_vendored_packages/apipkg-2.0.0.dist-info
creating build/lib/py/_vendored_packages/iniconfig-1.1.1.dist-info
copying py/_vendored_packages/iniconfig-1.1.1.dist-info/INSTALLER -> build/lib/py/_vendored_packages/iniconfig-1.1.1.dist-info
copying py/_vendored_packages/iniconfig-1.1.1.dist-info/LICENSE -> build/lib/py/_vendored_packages/iniconfig-1.1.1.dist-info
copying py/_vendored_packages/iniconfig-1.1.1.dist-info/METADATA -> build/lib/py/_vendored_packages/iniconfig-1.1.1.dist-info
copying py/_vendored_packages/iniconfig-1.1.1.dist-info/RECORD -> build/lib/py/_vendored_packages/iniconfig-1.1.1.dist-info
copying py/_vendored_packages/iniconfig-1.1.1.dist-info/REQUESTED -> build/lib/py/_vendored_packages/iniconfig-1.1.1.dist-info
copying py/_vendored_packages/iniconfig-1.1.1.dist-info/WHEEL -> build/lib/py/_vendored_packages/iniconfig-1.1.1.dist-info
copying py/_vendored_packages/iniconfig-1.1.1.dist-info/top_level.txt -> build/lib/py/_vendored_packages/iniconfig-1.1.1.dist-info
copying py/_vendored_packages/iniconfig/__init__.pyi -> build/lib/py/_vendored_packages/iniconfig
copying py/_vendored_packages/iniconfig/py.typed -> build/lib/py/_vendored_packages/iniconfig
>>> py3-py: Entering fakeroot...
/usr/lib/python3.12/site-packages/setuptools/dist.py:759: SetuptoolsDeprecationWarning: License classifiers are deprecated.
!!

        ********************************************************************************
        Please consider removing the following classifiers in favor of a SPDX license expression:

        License :: OSI Approved :: MIT License

        See https://packaging.python.org/en/latest/guides/writing-pyproject-toml/#license for details.
        ********************************************************************************

!!
  self._finalize_license_expression()
running install
/usr/lib/python3.12/site-packages/setuptools/_distutils/cmd.py:90: SetuptoolsDeprecationWarning: setup.py install is deprecated.
!!

        ********************************************************************************
        Please avoid running ``setup.py`` directly.
        Instead, use pypa/build, pypa/installer or other
        standards-based tools.

        By 2025-Oct-31, you need to update your project and remove deprecated calls
        or your builds will no longer be supported.

        See https://blog.ganssle.io/articles/2021/10/setup-py-deprecated.html for details.
        ********************************************************************************

!!
  self.initialize_options()
running install_lib
creating /tmp/pkg/py3-py/usr/lib/python3.12/site-packages
creating /tmp/pkg/py3-py/usr/lib/python3.12/site-packages/py
copying build/lib/py/__init__.pyi -> /tmp/pkg/py3-py/usr/lib/python3.12/site-packages/py
copying build/lib/py/iniconfig.pyi -> /tmp/pkg/py3-py/usr/lib/python3.12/site-packages/py
creating /tmp/pkg/py3-py/usr/lib/python3.12/site-packages/py/_log
copying build/lib/py/_log/warning.py -> /tmp/pkg/py3-py/usr/lib/python3.12/site-packages/py/_log
copying build/lib/py/_log/__init__.py -> /tmp/pkg/py3-py/usr/lib/python3.12/site-packages/py/_log
copying build/lib/py/_log/log.py -> /tmp/pkg/py3-py/usr/lib/python3.12/site-packages/py/_log
copying build/lib/py/error.pyi -> /tmp/pkg/py3-py/usr/lib/python3.12/site-packages/py
copying build/lib/py/_builtin.py -> /tmp/pkg/py3-py/usr/lib/python3.12/site-packages/py
copying build/lib/py/__metainfo.py -> /tmp/pkg/py3-py/usr/lib/python3.12/site-packages/py
creating /tmp/pkg/py3-py/usr/lib/python3.12/site-packages/py/_code
copying build/lib/py/_code/assertion.py -> /tmp/pkg/py3-py/usr/lib/python3.12/site-packages/py/_code
copying build/lib/py/_code/code.py -> /tmp/pkg/py3-py/usr/lib/python3.12/site-packages/py/_code
copying build/lib/py/_code/_assertionold.py -> /tmp/pkg/py3-py/usr/lib/python3.12/site-packages/py/_code
copying build/lib/py/_code/source.py -> /tmp/pkg/py3-py/usr/lib/python3.12/site-packages/py/_code
copying build/lib/py/_code/__init__.py -> /tmp/pkg/py3-py/usr/lib/python3.12/site-packages/py/_code
copying build/lib/py/_code/_assertionnew.py -> /tmp/pkg/py3-py/usr/lib/python3.12/site-packages/py/_code
copying build/lib/py/_code/_py2traceback.py -> /tmp/pkg/py3-py/usr/lib/python3.12/site-packages/py/_code
copying build/lib/py/py.typed -> /tmp/pkg/py3-py/usr/lib/python3.12/site-packages/py
creating /tmp/pkg/py3-py/usr/lib/python3.12/site-packages/py/_io
copying build/lib/py/_io/saferepr.py -> /tmp/pkg/py3-py/usr/lib/python3.12/site-packages/py/_io
copying build/lib/py/_io/__init__.py -> /tmp/pkg/py3-py/usr/lib/python3.12/site-packages/py/_io
copying build/lib/py/_io/terminalwriter.py -> /tmp/pkg/py3-py/usr/lib/python3.12/site-packages/py/_io
copying build/lib/py/_io/capture.py -> /tmp/pkg/py3-py/usr/lib/python3.12/site-packages/py/_io
creating /tmp/pkg/py3-py/usr/lib/python3.12/site-packages/py/_vendored_packages
creating /tmp/pkg/py3-py/usr/lib/python3.12/site-packages/py/_vendored_packages/iniconfig
copying build/lib/py/_vendored_packages/iniconfig/__init__.pyi -> /tmp/pkg/py3-py/usr/lib/python3.12/site-packages/py/_vendored_packages/iniconfig
copying build/lib/py/_vendored_packages/iniconfig/py.typed -> /tmp/pkg/py3-py/usr/lib/python3.12/site-packages/py/_vendored_packages/iniconfig
copying build/lib/py/_vendored_packages/iniconfig/__init__.py -> /tmp/pkg/py3-py/usr/lib/python3.12/site-packages/py/_vendored_packages/iniconfig
creating /tmp/pkg/py3-py/usr/lib/python3.12/site-packages/py/_vendored_packages/iniconfig-1.1.1.dist-info
copying build/lib/py/_vendored_packages/iniconfig-1.1.1.dist-info/LICENSE -> /tmp/pkg/py3-py/usr/lib/python3.12/site-packages/py/_vendored_packages/iniconfig-1.1.1.dist-info
copying build/lib/py/_vendored_packages/iniconfig-1.1.1.dist-info/METADATA -> /tmp/pkg/py3-py/usr/lib/python3.12/site-packages/py/_vendored_packages/iniconfig-1.1.1.dist-info
copying build/lib/py/_vendored_packages/iniconfig-1.1.1.dist-info/REQUESTED -> /tmp/pkg/py3-py/usr/lib/python3.12/site-packages/py/_vendored_packages/iniconfig-1.1.1.dist-info
copying build/lib/py/_vendored_packages/iniconfig-1.1.1.dist-info/RECORD -> /tmp/pkg/py3-py/usr/lib/python3.12/site-packages/py/_vendored_packages/iniconfig-1.1.1.dist-info
copying build/lib/py/_vendored_packages/iniconfig-1.1.1.dist-info/INSTALLER -> /tmp/pkg/py3-py/usr/lib/python3.12/site-packages/py/_vendored_packages/iniconfig-1.1.1.dist-info
copying build/lib/py/_vendored_packages/iniconfig-1.1.1.dist-info/WHEEL -> /tmp/pkg/py3-py/usr/lib/python3.12/site-packages/py/_vendored_packages/iniconfig-1.1.1.dist-info
copying build/lib/py/_vendored_packages/iniconfig-1.1.1.dist-info/top_level.txt -> /tmp/pkg/py3-py/usr/lib/python3.12/site-packages/py/_vendored_packages/iniconfig-1.1.1.dist-info
creating /tmp/pkg/py3-py/usr/lib/python3.12/site-packages/py/_vendored_packages/apipkg-2.0.0.dist-info
copying build/lib/py/_vendored_packages/apipkg-2.0.0.dist-info/LICENSE -> /tmp/pkg/py3-py/usr/lib/python3.12/site-packages/py/_vendored_packages/apipkg-2.0.0.dist-info
copying build/lib/py/_vendored_packages/apipkg-2.0.0.dist-info/METADATA -> /tmp/pkg/py3-py/usr/lib/python3.12/site-packages/py/_vendored_packages/apipkg-2.0.0.dist-info
copying build/lib/py/_vendored_packages/apipkg-2.0.0.dist-info/REQUESTED -> /tmp/pkg/py3-py/usr/lib/python3.12/site-packages/py/_vendored_packages/apipkg-2.0.0.dist-info
copying build/lib/py/_vendored_packages/apipkg-2.0.0.dist-info/RECORD -> /tmp/pkg/py3-py/usr/lib/python3.12/site-packages/py/_vendored_packages/apipkg-2.0.0.dist-info
copying build/lib/py/_vendored_packages/apipkg-2.0.0.dist-info/INSTALLER -> /tmp/pkg/py3-py/usr/lib/python3.12/site-packages/py/_vendored_packages/apipkg-2.0.0.dist-info
copying build/lib/py/_vendored_packages/apipkg-2.0.0.dist-info/WHEEL -> /tmp/pkg/py3-py/usr/lib/python3.12/site-packages/py/_vendored_packages/apipkg-2.0.0.dist-info
copying build/lib/py/_vendored_packages/apipkg-2.0.0.dist-info/top_level.txt -> /tmp/pkg/py3-py/usr/lib/python3.12/site-packages/py/_vendored_packages/apipkg-2.0.0.dist-info
creating /tmp/pkg/py3-py/usr/lib/python3.12/site-packages/py/_vendored_packages/apipkg
copying build/lib/py/_vendored_packages/apipkg/version.py -> /tmp/pkg/py3-py/usr/lib/python3.12/site-packages/py/_vendored_packages/apipkg
copying build/lib/py/_vendored_packages/apipkg/__init__.py -> /tmp/pkg/py3-py/usr/lib/python3.12/site-packages/py/_vendored_packages/apipkg
copying build/lib/py/_vendored_packages/__init__.py -> /tmp/pkg/py3-py/usr/lib/python3.12/site-packages/py/_vendored_packages
copying build/lib/py/path.pyi -> /tmp/pkg/py3-py/usr/lib/python3.12/site-packages/py
copying build/lib/py/_version.py -> /tmp/pkg/py3-py/usr/lib/python3.12/site-packages/py
copying build/lib/py/_std.py -> /tmp/pkg/py3-py/usr/lib/python3.12/site-packages/py
copying build/lib/py/_xmlgen.py -> /tmp/pkg/py3-py/usr/lib/python3.12/site-packages/py
copying build/lib/py/__init__.py -> /tmp/pkg/py3-py/usr/lib/python3.12/site-packages/py
copying build/lib/py/xml.pyi -> /tmp/pkg/py3-py/usr/lib/python3.12/site-packages/py
creating /tmp/pkg/py3-py/usr/lib/python3.12/site-packages/py/_process
copying build/lib/py/_process/killproc.py -> /tmp/pkg/py3-py/usr/lib/python3.12/site-packages/py/_process
copying build/lib/py/_process/forkedfunc.py -> /tmp/pkg/py3-py/usr/lib/python3.12/site-packages/py/_process
copying build/lib/py/_process/cmdexec.py -> /tmp/pkg/py3-py/usr/lib/python3.12/site-packages/py/_process
copying build/lib/py/_process/__init__.py -> /tmp/pkg/py3-py/usr/lib/python3.12/site-packages/py/_process
copying build/lib/py/test.py -> /tmp/pkg/py3-py/usr/lib/python3.12/site-packages/py
copying build/lib/py/_error.py -> /tmp/pkg/py3-py/usr/lib/python3.12/site-packages/py
copying build/lib/py/io.pyi -> /tmp/pkg/py3-py/usr/lib/python3.12/site-packages/py
creating /tmp/pkg/py3-py/usr/lib/python3.12/site-packages/py/_path
copying build/lib/py/_path/svnurl.py -> /tmp/pkg/py3-py/usr/lib/python3.12/site-packages/py/_path
copying build/lib/py/_path/cacheutil.py -> /tmp/pkg/py3-py/usr/lib/python3.12/site-packages/py/_path
copying build/lib/py/_path/common.py -> /tmp/pkg/py3-py/usr/lib/python3.12/site-packages/py/_path
copying build/lib/py/_path/__init__.py -> /tmp/pkg/py3-py/usr/lib/python3.12/site-packages/py/_path
copying build/lib/py/_path/local.py -> /tmp/pkg/py3-py/usr/lib/python3.12/site-packages/py/_path
copying build/lib/py/_path/svnwc.py -> /tmp/pkg/py3-py/usr/lib/python3.12/site-packages/py/_path
byte-compiling /tmp/pkg/py3-py/usr/lib/python3.12/site-packages/py/_log/warning.py to warning.cpython-312.pyc
byte-compiling /tmp/pkg/py3-py/usr/lib/python3.12/site-packages/py/_log/__init__.py to __init__.cpython-312.pyc
byte-compiling /tmp/pkg/py3-py/usr/lib/python3.12/site-packages/py/_log/log.py to log.cpython-312.pyc
byte-compiling /tmp/pkg/py3-py/usr/lib/python3.12/site-packages/py/_builtin.py to _builtin.cpython-312.pyc
byte-compiling /tmp/pkg/py3-py/usr/lib/python3.12/site-packages/py/__metainfo.py to __metainfo.cpython-312.pyc
byte-compiling /tmp/pkg/py3-py/usr/lib/python3.12/site-packages/py/_code/assertion.py to assertion.cpython-312.pyc
byte-compiling /tmp/pkg/py3-py/usr/lib/python3.12/site-packages/py/_code/code.py to code.cpython-312.pyc
byte-compiling /tmp/pkg/py3-py/usr/lib/python3.12/site-packages/py/_code/_assertionold.py to _assertionold.cpython-312.pyc
byte-compiling /tmp/pkg/py3-py/usr/lib/python3.12/site-packages/py/_code/source.py to source.cpython-312.pyc
byte-compiling /tmp/pkg/py3-py/usr/lib/python3.12/site-packages/py/_code/__init__.py to __init__.cpython-312.pyc
byte-compiling /tmp/pkg/py3-py/usr/lib/python3.12/site-packages/py/_code/_assertionnew.py to _assertionnew.cpython-312.pyc
byte-compiling /tmp/pkg/py3-py/usr/lib/python3.12/site-packages/py/_code/_py2traceback.py to _py2traceback.cpython-312.pyc
byte-compiling /tmp/pkg/py3-py/usr/lib/python3.12/site-packages/py/_io/saferepr.py to saferepr.cpython-312.pyc
byte-compiling /tmp/pkg/py3-py/usr/lib/python3.12/site-packages/py/_io/__init__.py to __init__.cpython-312.pyc
byte-compiling /tmp/pkg/py3-py/usr/lib/python3.12/site-packages/py/_io/terminalwriter.py to terminalwriter.cpython-312.pyc
byte-compiling /tmp/pkg/py3-py/usr/lib/python3.12/site-packages/py/_io/capture.py to capture.cpython-312.pyc
byte-compiling /tmp/pkg/py3-py/usr/lib/python3.12/site-packages/py/_vendored_packages/iniconfig/__init__.py to __init__.cpython-312.pyc
byte-compiling /tmp/pkg/py3-py/usr/lib/python3.12/site-packages/py/_vendored_packages/apipkg/version.py to version.cpython-312.pyc
byte-compiling /tmp/pkg/py3-py/usr/lib/python3.12/site-packages/py/_vendored_packages/apipkg/__init__.py to __init__.cpython-312.pyc
byte-compiling /tmp/pkg/py3-py/usr/lib/python3.12/site-packages/py/_vendored_packages/__init__.py to __init__.cpython-312.pyc
byte-compiling /tmp/pkg/py3-py/usr/lib/python3.12/site-packages/py/_version.py to _version.cpython-312.pyc
byte-compiling /tmp/pkg/py3-py/usr/lib/python3.12/site-packages/py/_std.py to _std.cpython-312.pyc
byte-compiling /tmp/pkg/py3-py/usr/lib/python3.12/site-packages/py/_xmlgen.py to _xmlgen.cpython-312.pyc
byte-compiling /tmp/pkg/py3-py/usr/lib/python3.12/site-packages/py/__init__.py to __init__.cpython-312.pyc
byte-compiling /tmp/pkg/py3-py/usr/lib/python3.12/site-packages/py/_process/killproc.py to killproc.cpython-312.pyc
byte-compiling /tmp/pkg/py3-py/usr/lib/python3.12/site-packages/py/_process/forkedfunc.py to forkedfunc.cpython-312.pyc
byte-compiling /tmp/pkg/py3-py/usr/lib/python3.12/site-packages/py/_process/cmdexec.py to cmdexec.cpython-312.pyc
byte-compiling /tmp/pkg/py3-py/usr/lib/python3.12/site-packages/py/_process/__init__.py to __init__.cpython-312.pyc
byte-compiling /tmp/pkg/py3-py/usr/lib/python3.12/site-packages/py/test.py to test.cpython-312.pyc
byte-compiling /tmp/pkg/py3-py/usr/lib/python3.12/site-packages/py/_error.py to _error.cpython-312.pyc
byte-compiling /tmp/pkg/py3-py/usr/lib/python3.12/site-packages/py/_path/svnurl.py to svnurl.cpython-312.pyc
byte-compiling /tmp/pkg/py3-py/usr/lib/python3.12/site-packages/py/_path/cacheutil.py to cacheutil.cpython-312.pyc
byte-compiling /tmp/pkg/py3-py/usr/lib/python3.12/site-packages/py/_path/common.py to common.cpython-312.pyc
byte-compiling /tmp/pkg/py3-py/usr/lib/python3.12/site-packages/py/_path/__init__.py to __init__.cpython-312.pyc
byte-compiling /tmp/pkg/py3-py/usr/lib/python3.12/site-packages/py/_path/local.py to local.cpython-312.pyc
byte-compiling /tmp/pkg/py3-py/usr/lib/python3.12/site-packages/py/_path/svnwc.py to svnwc.cpython-312.pyc
running install_egg_info
running egg_info
writing py.egg-info/PKG-INFO
writing dependency_links to py.egg-info/dependency_links.txt
writing top-level names to py.egg-info/top_level.txt
reading manifest file 'py.egg-info/SOURCES.txt'
reading manifest template 'MANIFEST.in'
warning: no previously-included files matching '*.pyc' found anywhere in distribution
adding license file 'LICENSE'
writing manifest file 'py.egg-info/SOURCES.txt'
Copying py.egg-info to /tmp/pkg/py3-py/usr/lib/python3.12/site-packages/py-1.11.0-py3.12.egg-info
running install_scripts
>>> py3-py-pyc*: Running split function pyc...
'usr/lib/python3.12/site-packages/py/_log/__pycache__' -> '/tmp/pkg/py3-py-pyc/usr/lib/python3.12/site-packages/py/_log/__pycache__'
'usr/lib/python3.12/site-packages/py/_code/__pycache__' -> '/tmp/pkg/py3-py-pyc/usr/lib/python3.12/site-packages/py/_code/__pycache__'
'usr/lib/python3.12/site-packages/py/_io/__pycache__' -> '/tmp/pkg/py3-py-pyc/usr/lib/python3.12/site-packages/py/_io/__pycache__'
'usr/lib/python3.12/site-packages/py/_vendored_packages/iniconfig/__pycache__' -> '/tmp/pkg/py3-py-pyc/usr/lib/python3.12/site-packages/py/_vendored_packages/iniconfig/__pycache__'
'usr/lib/python3.12/site-packages/py/_vendored_packages/__pycache__' -> '/tmp/pkg/py3-py-pyc/usr/lib/python3.12/site-packages/py/_vendored_packages/__pycache__'
'usr/lib/python3.12/site-packages/py/_vendored_packages/apipkg/__pycache__' -> '/tmp/pkg/py3-py-pyc/usr/lib/python3.12/site-packages/py/_vendored_packages/apipkg/__pycache__'
'usr/lib/python3.12/site-packages/py/__pycache__' -> '/tmp/pkg/py3-py-pyc/usr/lib/python3.12/site-packages/py/__pycache__'
'usr/lib/python3.12/site-packages/py/_process/__pycache__' -> '/tmp/pkg/py3-py-pyc/usr/lib/python3.12/site-packages/py/_process/__pycache__'
'usr/lib/python3.12/site-packages/py/_path/__pycache__' -> '/tmp/pkg/py3-py-pyc/usr/lib/python3.12/site-packages/py/_path/__pycache__'
>>> py3-py-pyc*: Preparing subpackage py3-py-pyc...
>>> py3-py-pyc*: Running postcheck for py3-py-pyc
>>> py3-py*: Running postcheck for py3-py
>>> py3-py*: Preparing package py3-py...
>>> py3-py-pyc*: Tracing dependencies...
	python3
	python3~3.12
>>> py3-py-pyc*: Package size: 382.6 KB
>>> py3-py-pyc*: Compressing data...
>>> py3-py-pyc*: Create checksum...
>>> py3-py-pyc*: Create py3-py-pyc-1.11.0-r4.apk
>>> py3-py*: Tracing dependencies...
	python3
	python3~3.12
>>> py3-py*: Package size: 298.5 KB
>>> py3-py*: Compressing data...
>>> py3-py*: Create checksum...
>>> py3-py*: Create py3-py-1.11.0-r4.apk
>>> py3-py: Updating the main/x86_64 repository index...
>>> py3-py: Signing the index...
>>> py3-py: Cleaning up srcdir
>>> py3-py: Cleaning up build chroot
>>> py3-py: Cleaning up pkgdir
