>>> mosh: Validating /home/packager/oily-pine/main/mosh/APKBUILD...
>>> mosh: Cleaning up srcdir
>>> mosh: Cleaning up pkgdir
>>> mosh: Cleaning up tmpdir
>>> mosh: Fetching https://github.com/mobile-shell/mosh/archive/refs/tags/mosh-1.4.0.tar.gz
  % Total    % Received % Xferd  Average Speed   Time    Time     Time  Current
                                 Dload  Upload   Total   Spent    Left  Speed
  0     0    0     0    0     0      0      0 --:--:-- --:--:-- --:--:--     0  0     0    0     0    0     0      0      0 --:--:-- --:--:-- --:--:--     0  0     0    0     0    0     0      0      0 --:--:-- --:--:-- --:--:--     0
100  224k    0  224k    0     0   287k      0 --:--:-- --:--:-- --:--:--  287k
>>> mosh: Fetching https://github.com/mobile-shell/mosh/archive/refs/tags/mosh-1.4.0.tar.gz
>>> mosh: Checking sha512sums...
mosh-1.4.0.tar.gz: OK
fix-ppc64le-build-with-musl.patch: OK
fix-makefile.am.patch: OK
>>> mosh: Preparing build chroot...
fetch http://dl-cdn.alpinelinux.org/alpine/edge/main/x86_64/APKINDEX.tar.gz
(1/206) Installing linux-headers (6.14.2-r0)
(2/206) Installing abseil-cpp-atomic-hook-test-helper (20240722.1-r1)
(3/206) Installing abseil-cpp-bad-any-cast-impl (20240722.1-r1)
(4/206) Installing abseil-cpp-bad-optional-access (20240722.1-r1)
(5/206) Installing abseil-cpp-bad-variant-access (20240722.1-r1)
(6/206) Installing musl (1.2.5-r10)
(7/206) Installing libgcc (14.3.0-r0)
(8/206) Installing libstdc++ (14.3.0-r0)
(9/206) Installing abseil-cpp-raw-logging-internal (20240722.1-r1)
(10/206) Installing abseil-cpp-spinlock-wait (20240722.1-r1)
(11/206) Installing abseil-cpp-base (20240722.1-r1)
(12/206) Installing abseil-cpp-city (20240722.1-r1)
(13/206) Installing abseil-cpp-civil-time (20240722.1-r1)
(14/206) Installing abseil-cpp-crc-internal (20240722.1-r1)
(15/206) Installing abseil-cpp-crc32c (20240722.1-r1)
(16/206) Installing abseil-cpp-crc-cord-state (20240722.1-r1)
(17/206) Installing abseil-cpp-strings-internal (20240722.1-r1)
(18/206) Installing abseil-cpp-strings (20240722.1-r1)
(19/206) Installing abseil-cpp-cord-internal (20240722.1-r1)
(20/206) Installing abseil-cpp-exponential-biased (20240722.1-r1)
(21/206) Installing abseil-cpp-cordz-functions (20240722.1-r1)
(22/206) Installing abseil-cpp-time-zone (20240722.1-r1)
(23/206) Installing abseil-cpp-time (20240722.1-r1)
(24/206) Installing abseil-cpp-kernel-timeout-internal (20240722.1-r1)
(25/206) Installing abseil-cpp-malloc-internal (20240722.1-r1)
(26/206) Installing abseil-cpp-debugging-internal (20240722.1-r1)
(27/206) Installing abseil-cpp-stacktrace (20240722.1-r1)
(28/206) Installing abseil-cpp-synchronization (20240722.1-r1)
(29/206) Installing abseil-cpp-cordz-handle (20240722.1-r1)
(30/206) Installing abseil-cpp-cordz-info (20240722.1-r1)
(31/206) Installing abseil-cpp-cord (20240722.1-r1)
(32/206) Installing abseil-cpp-cordz-sample-token (20240722.1-r1)
(33/206) Installing abseil-cpp-crc-cpu-detect (20240722.1-r1)
(34/206) Installing abseil-cpp-strerror (20240722.1-r1)
(35/206) Installing abseil-cpp-status (20240722.1-r1)
(36/206) Installing gtest (1.16.0-r0)
(37/206) Installing abseil-cpp (20240722.1-r1)
(38/206) Installing abseil-cpp-demangle-internal (20240722.1-r1)
(39/206) Installing abseil-cpp-symbolize (20240722.1-r1)
(40/206) Installing abseil-cpp-examine-stack (20240722.1-r1)
(41/206) Installing abseil-cpp-low-level-hash (20240722.1-r1)
(42/206) Installing abseil-cpp-hash (20240722.1-r1)
(43/206) Installing abseil-cpp-log-globals (20240722.1-r1)
(44/206) Installing abseil-cpp-log-internal-globals (20240722.1-r1)
(45/206) Installing abseil-cpp-int128 (20240722.1-r1)
(46/206) Installing abseil-cpp-str-format-internal (20240722.1-r1)
(47/206) Installing abseil-cpp-log-internal-format (20240722.1-r1)
(48/206) Installing abseil-cpp-log-sink (20240722.1-r1)
(49/206) Installing abseil-cpp-log-internal-log-sink-set (20240722.1-r1)
(50/206) Installing abseil-cpp-log-internal-proto (20240722.1-r1)
(51/206) Installing abseil-cpp-log-internal-message (20240722.1-r1)
(52/206) Installing abseil-cpp-die-if-null (20240722.1-r1)
(53/206) Installing abseil-cpp-exception-safety-testing (20240722.1-r1)
(54/206) Installing abseil-cpp-failure-signal-handler (20240722.1-r1)
(55/206) Installing abseil-cpp-flags-commandlineflag-internal (20240722.1-r1)
(56/206) Installing abseil-cpp-flags-commandlineflag (20240722.1-r1)
(57/206) Installing abseil-cpp-flags-program-name (20240722.1-r1)
(58/206) Installing abseil-cpp-flags-config (20240722.1-r1)
(59/206) Installing abseil-cpp-flags-internal (20240722.1-r1)
(60/206) Installing abseil-cpp-flags-marshalling (20240722.1-r1)
(61/206) Installing abseil-cpp-flags-private-handle-accessor (20240722.1-r1)
(62/206) Installing abseil-cpp-raw-hash-set (20240722.1-r1)
(63/206) Installing abseil-cpp-flags-reflection (20240722.1-r1)
(64/206) Installing abseil-cpp-flags-usage (20240722.1-r1)
(65/206) Installing abseil-cpp-flags-usage-internal (20240722.1-r1)
(66/206) Installing abseil-cpp-flags-parse (20240722.1-r1)
(67/206) Installing abseil-cpp-graphcycles-internal (20240722.1-r1)
(68/206) Installing abseil-cpp-hash-generator-testing (20240722.1-r1)
(69/206) Installing abseil-cpp-hashtablez-sampler (20240722.1-r1)
(70/206) Installing abseil-cpp-leak-check (20240722.1-r1)
(71/206) Installing abseil-cpp-log-entry (20240722.1-r1)
(72/206) Installing abseil-cpp-log-internal-fnmatch (20240722.1-r1)
(73/206) Installing abseil-cpp-vlog-config-internal (20240722.1-r1)
(74/206) Installing abseil-cpp-log-flags (20240722.1-r1)
(75/206) Installing abseil-cpp-log-initialize (20240722.1-r1)
(76/206) Installing abseil-cpp-log-internal-nullguard (20240722.1-r1)
(77/206) Installing abseil-cpp-log-internal-check-op (20240722.1-r1)
(78/206) Installing abseil-cpp-log-internal-conditions (20240722.1-r1)
(79/206) Installing abseil-cpp-log-severity (20240722.1-r1)
(80/206) Installing abseil-cpp-log-internal-test-actions (20240722.1-r1)
(81/206) Installing abseil-cpp-log-internal-test-helpers (20240722.1-r1)
(82/206) Installing abseil-cpp-log-internal-test-matchers (20240722.1-r1)
(83/206) Installing abseil-cpp-per-thread-sem-test-common (20240722.1-r1)
(84/206) Installing abseil-cpp-periodic-sampler (20240722.1-r1)
(85/206) Installing abseil-cpp-pow10-helper (20240722.1-r1)
(86/206) Installing abseil-cpp-random-distributions (20240722.1-r1)
(87/206) Installing abseil-cpp-random-internal-distribution-test-util (20240722.1-r1)
(88/206) Installing abseil-cpp-random-internal-platform (20240722.1-r1)
(89/206) Installing abseil-cpp-random-internal-randen-hwaes (20240722.1-r1)
(90/206) Installing abseil-cpp-random-internal-randen-hwaes-impl (20240722.1-r1)
(91/206) Installing abseil-cpp-random-internal-randen-slow (20240722.1-r1)
(92/206) Installing abseil-cpp-random-internal-randen (20240722.1-r1)
(93/206) Installing abseil-cpp-random-internal-seed-material (20240722.1-r1)
(94/206) Installing abseil-cpp-random-seed-gen-exception (20240722.1-r1)
(95/206) Installing abseil-cpp-random-internal-pool-urbg (20240722.1-r1)
(96/206) Installing abseil-cpp-random-seed-sequences (20240722.1-r1)
(97/206) Installing gmock (1.16.0-r0)
(98/206) Installing abseil-cpp-scoped-mock-log (20240722.1-r1)
(99/206) Installing abseil-cpp-scoped-set-env (20240722.1-r1)
(100/206) Installing abseil-cpp-spinlock-test-common (20240722.1-r1)
(101/206) Installing abseil-cpp-stack-consumption (20240722.1-r1)
(102/206) Installing abseil-cpp-statusor (20240722.1-r1)
(103/206) Installing abseil-cpp-string-view (20240722.1-r1)
(104/206) Installing abseil-cpp-test-instance-tracker (20240722.1-r1)
(105/206) Installing abseil-cpp-throw-delegate (20240722.1-r1)
(106/206) Installing abseil-cpp-time-internal-test-util (20240722.1-r1)
(107/206) Installing pkgconf (2.4.3-r0)
(108/206) Installing abseil-cpp-dev (20240722.1-r1)
(109/206) Installing libcrypto3 (3.5.0-r0)
(110/206) Installing ca-certificates-bundle (20241121-r2)
(111/206) Installing libssl3 (3.5.0-r0)
(112/206) Installing zlib (1.3.1-r2)
(113/206) Installing libapk2 (2.14.9-r2)
(114/206) Installing apk-tools (2.14.9-r2)
(115/206) Installing libcap2 (2.76-r0)
(116/206) Installing libcap-getcap (2.76-r0)
(117/206) Installing fakeroot (1.37.1.1-r0)
(118/206) Installing scanelf (1.3.8-r1)
(119/206) Installing musl-utils (1.2.5-r10)
(120/206) Installing lzip (1.25-r0)
(121/206) Installing openssl (3.5.0-r0)
(122/206) Installing patch (2.8-r0)
(123/206) Installing acl-libs (2.3.2-r1)
(124/206) Installing tar (1.35-r3)
(125/206) Installing busybox (1.37.0-r18)
Executing busybox-1.37.0-r18.post-install
(126/206) Installing ssl_client (1.37.0-r18)
(127/206) Installing busybox-binsh (1.37.0-r18)
(128/206) Installing abuild (3.15.0-r0)
Executing abuild-3.15.0-r0.pre-install
(129/206) Installing abuild-sudo (3.15.0-r0)
(130/206) Installing alpine-baselayout-data (3.7.0-r0)
(131/206) Installing alpine-baselayout (3.7.0-r0)
Executing alpine-baselayout-3.7.0-r0.pre-install
Executing alpine-baselayout-3.7.0-r0.post-install
(132/206) Installing bridge (1.5-r5)
(133/206) Installing ifupdown-ng (0.12.1-r7)
(134/206) Installing openrc-user (0.62.2-r2)
(135/206) Installing openrc (0.62.2-r2)
Executing openrc-0.62.2-r2.post-install
(136/206) Installing mdev-conf (4.8-r0)
(137/206) Installing busybox-mdev-openrc (1.37.0-r18)
(138/206) Installing alpine-conf (3.20.0-r0)
(139/206) Installing alpine-keys (2.5-r0)
(140/206) Installing alpine-release (3.22.0-r0)
(141/206) Installing busybox-openrc (1.37.0-r18)
(142/206) Installing busybox-suid (1.37.0-r18)
(143/206) Installing alpine-base (3.22.0-r0)
(144/206) Installing m4 (1.4.20-r0)
(145/206) Installing libbz2 (1.0.8-r6)
(146/206) Installing perl (5.40.2-r0)
(147/206) Installing autoconf (2.72-r1)
(148/206) Installing automake (1.18-r0)
(149/206) Installing jansson (2.14.1-r0)
(150/206) Installing zstd-libs (1.5.7-r0)
(151/206) Installing binutils (2.44-r0)
(152/206) Installing libmagic (5.46-r2)
(153/206) Installing file (5.46-r2)
(154/206) Installing libgomp (14.3.0-r0)
(155/206) Installing libatomic (14.3.0-r0)
(156/206) Installing gmp (6.3.0-r3)
(157/206) Installing isl26 (0.26-r1)
(158/206) Installing mpfr4 (4.2.1_p1-r0)
(159/206) Installing mpc1 (1.3.1-r1)
(160/206) Installing gcc (14.3.0-r0)
(161/206) Installing libstdc++-dev (14.3.0-r0)
(162/206) Installing musl-dev (1.2.5-r10)
(163/206) Installing g++ (14.3.0-r0)
(164/206) Installing make (4.4.1-r3)
(165/206) Installing fortify-headers (1.1-r5)
(166/206) Installing build-base (0.5-r3)
(167/206) Installing brotli-libs (1.1.0-r2)
(168/206) Installing c-ares (1.34.5-r0)
(169/206) Installing libunistring (1.3-r0)
(170/206) Installing libidn2 (2.3.7-r0)
(171/206) Installing nghttp2-libs (1.65.0-r0)
(172/206) Installing libpsl (0.21.5-r3)
(173/206) Installing libcurl (8.14.0-r2)
(174/206) Installing libexpat (2.7.1-r0)
(175/206) Installing pcre2 (10.43-r1)
(176/206) Installing git (2.49.0-r0)
(177/206) Installing git-init-template (2.49.0-r0)
(178/206) Installing perl-error (0.17030-r0)
(179/206) Installing perl-git (2.49.0-r0)
(180/206) Installing git-perl (2.49.0-r0)
(181/206) Installing ncurses-terminfo-base (6.5_p20250503-r0)
(182/206) Installing libncursesw (6.5_p20250503-r0)
(183/206) Installing less (678-r0)
(184/206) Installing gzip (1.14-r1)
(185/206) Installing libltdl (2.5.4-r1)
(186/206) Installing libtool (2.5.4-r1)
(187/206) Installing skalibs-libs (2.14.4.0-r0)
(188/206) Installing utmps-libs (0.1.3.1-r0)
(189/206) Installing libutempter (1.2.3-r0)
(190/206) Installing libutempter-dev (1.2.3-r0)
(191/206) Installing libformw (6.5_p20250503-r0)
(192/206) Installing libmenuw (6.5_p20250503-r0)
(193/206) Installing libpanelw (6.5_p20250503-r0)
(194/206) Installing libncurses++ (6.5_p20250503-r0)
(195/206) Installing ncurses-dev (6.5_p20250503-r0)
(196/206) Installing openssl-dev (3.5.0-r0)
(197/206) Installing perl-utils (5.40.2-r0)
(198/206) Installing perl-dev (5.40.2-r0)
(199/206) Installing perl-io-tty (1.20-r1)
(200/206) Installing libprotobuf-lite (29.4-r0)
(201/206) Installing protobuf (29.4-r0)
(202/206) Installing libprotobuf (29.4-r0)
(203/206) Installing libprotoc (29.4-r0)
(204/206) Installing protoc (29.4-r0)
(205/206) Installing zlib-dev (1.3.1-r2)
(206/206) Installing protobuf-dev (29.4-r0)
Executing busybox-1.37.0-r18.trigger
OK: 341 MiB in 206 packages
>>> mosh: Fetching https://github.com/mobile-shell/mosh/archive/refs/tags/mosh-1.4.0.tar.gz
>>> mosh: Checking sha512sums...
mosh-1.4.0.tar.gz: OK
fix-ppc64le-build-with-musl.patch: OK
fix-makefile.am.patch: OK
>>> mosh: Unpacking /var/cache/distfiles/mosh-1.4.0.tar.gz...
>>> mosh: fix-ppc64le-build-with-musl.patch
patching file src/frontend/mosh-server.cc
Hunk #1 succeeded at 756 (offset 42 lines).
patching file src/examples/termemu.cc
Hunk #2 succeeded at 308 with fuzz 1 (offset -2 lines).
>>> mosh: fix-makefile.am.patch
patching file scripts/Makefile.am
configure.ac:325: warning: The macro 'AC_HELP_STRING' is obsolete.
configure.ac:325: You should run autoupdate.
./lib/autoconf/general.m4:204: AC_HELP_STRING is expanded from...
./lib/autoconf/general.m4:1553: AC_ARG_WITH is expanded from...
configure.ac:325: the top level
configure.ac:23: installing './ar-lib'
configure.ac:15: installing './compile'
configure.ac:6: installing './install-sh'
configure.ac:6: installing './missing'
src/crypto/Makefile.am: installing './depcomp'
parallel-tests: installing './test-driver'
checking for a BSD-compatible install... /usr/bin/install -c
checking whether sleep supports fractional seconds... yes
checking filesystem timestamp resolution... 2
checking whether build environment is sane... yes
checking for a race-free mkdir -p... /bin/mkdir -p
checking for gawk... no
checking for mawk... no
checking for nawk... no
checking for awk... awk
checking whether make sets $(MAKE)... yes
checking whether make supports nested variables... yes
checking xargs -n works... yes
checking whether UID '1000' is supported by ustar format... yes
checking whether GID '1000' is supported by ustar format... yes
checking how to create a ustar tar archive... gnutar
checking whether to build with code coverage support... no
checking for x86_64-alpine-linux-musl-cc... cc
checking whether the C compiler works... yes
checking for C compiler default output file name... a.out
checking for suffix of executables... 
checking whether we are cross compiling... no
checking for suffix of object files... o
checking whether the compiler supports GNU C... yes
checking whether cc accepts -g... yes
checking for cc option to enable C11 features... none needed
checking whether cc understands -c and -o together... yes
checking whether make supports the include directive... yes (GNU style)
checking dependency style of cc... gcc3
checking whether the compiler supports GNU C++... yes
checking whether c++ accepts -g... yes
checking for c++ option to enable C++11 features... none needed
checking dependency style of c++... gcc3
checking for x86_64-alpine-linux-musl-ranlib... no
checking for ranlib... ranlib
checking for protoc... /usr/bin/protoc
checking for x86_64-alpine-linux-musl-ar... no
checking for x86_64-alpine-linux-musl-lib... no
checking for x86_64-alpine-linux-musl-link... no
checking for ar... ar
checking the archiver (ar) interface... ar
checking whether c++ supports C++11 features with -std=gnu++11... yes
checking whether C++ compiler accepts -fno-strict-overflow... yes
checking whether C++ compiler accepts -D_FORTIFY_SOURCE=2... yes
checking whether the linker accepts -fstack-protector-all... yes
checking whether C++ compiler accepts -Wstack-protector... yes
checking whether C++ compiler accepts --param ssp-buffer-size=1... yes
checking whether C++ compiler accepts -fPIE... yes
checking whether the linker accepts -fPIE -pie... yes
checking whether the linker accepts -Wl,-z,relro... yes
checking whether the linker accepts -Wl,-z,now... yes
checking whether C++ compiler accepts -fno-default-inline... yes
checking whether C++ compiler accepts -pipe... yes
checking for stdio.h... yes
checking for stdlib.h... yes
checking for string.h... yes
checking for inttypes.h... yes
checking for stdint.h... yes
checking for strings.h... yes
checking for sys/stat.h... yes
checking for sys/types.h... yes
checking for unistd.h... yes
checking for utempter_remove_record in -lutempter... yes
checking for compress in -lz... yes
checking for library containing socket... none required
checking for library containing inet_addr... none required
checking for library containing clock_gettime... none required
checking for fcntl.h... yes
checking for langinfo.h... yes
checking for limits.h... yes
checking for locale.h... yes
checking for netdb.h... yes
checking for netinet/in.h... yes
checking for stddef.h... yes
checking for stdint.h... (cached) yes
checking for inttypes.h... (cached) yes
checking for stdlib.h... (cached) yes
checking for string.h... (cached) yes
checking for sys/ioctl.h... yes
checking for sys/resource.h... yes
checking for sys/socket.h... yes
checking for sys/stat.h... (cached) yes
checking for sys/time.h... yes
checking for termios.h... yes
checking for unistd.h... (cached) yes
checking for wchar.h... yes
checking for wctype.h... yes
checking for pty.h... yes
checking for util.h... no
checking for libutil.h... no
checking for paths.h... yes
checking for endian.h... yes
checking for sys/endian.h... no
checking for utmpx.h... yes
checking for termio.h... no
checking for sys/uio.h... yes
checking for memory... yes
checking for tr1/memory... yes
checking for inline... inline
checking for int64_t... yes
checking for pid_t... yes
checking for C/C++ restrict keyword... no
checking for size_t... yes
checking for ssize_t... yes
checking for uint16_t... yes
checking for uint32_t... yes
checking for uint64_t... yes
checking for uint8_t... yes
checking for uintptr_t... yes
checking for gettimeofday... yes
checking for posix_memalign... yes
checking for cfmakeraw... yes
checking for pselect... yes
checking for pledge... no
checking for x86_64-alpine-linux-musl-pkg-config... no
checking for pkg-config... /usr/bin/pkg-config
checking pkg-config is at least version 0.9.0... yes
checking for TINFO... yes
checking for CommonCrypto/CommonCrypto.h... no
checking for OpenSSL... yes
checking for AES_encrypt in -lcrypto... yes
checking for EVP_aes_128_ocb in -lcrypto... yes
checking for Nettle... no
checking for c++ -std=gnu++11 options needed to detect all undeclared functions... none needed
checking whether forkpty is declared... no
checking for library containing forkpty... none required
checking whether FD_ISSET() argument is const... yes
checking whether std::shared_ptr is available... yes
checking whether std::tr1::shared_ptr is available... yes
checking whether clock_gettime() is supported... yes
checking whether mach_absolute_time is declared... no
checking whether __builtin_ctz is declared... yes
checking whether ffs is declared... yes
checking whether be64toh is declared... yes
checking whether betoh64 is declared... yes
checking whether bswap64 is declared... no
checking whether __builtin_bswap64 is declared... yes
checking whether IP_MTU_DISCOVER is declared... yes
checking whether IP_RECVTOS is declared... yes
checking whether __STDC_ISO_10646__ is declared... yes
checking whether IUTF8 is declared... yes
checking for protobuf... yes
checking whether protoc matches protobuf... yes
checking that generated files are newer than configure... done
configure: creating ./config.status
config.status: creating Makefile
config.status: creating src/Makefile
config.status: creating src/crypto/Makefile
config.status: creating src/frontend/Makefile
config.status: creating src/fuzz/Makefile
config.status: creating src/include/Makefile
config.status: creating src/network/Makefile
config.status: creating src/protobufs/Makefile
config.status: creating src/statesync/Makefile
config.status: creating src/terminal/Makefile
config.status: creating src/util/Makefile
config.status: creating scripts/Makefile
config.status: creating src/examples/Makefile
config.status: creating src/tests/Makefile
config.status: creating man/Makefile
config.status: creating conf/Makefile
config.status: creating src/include/config.h
config.status: executing depfiles commands
configure:  === Configuration results ===
configure: Version:             1.4.0
configure: c++ compiler:        c++ -std=gnu++11
configure: Warning CXXFLAGS:    -Wall -Werror -Wno-c++17-extensions
configure: Picky CXXFLAGS:      -Wextra -pedantic -Wno-long-long -Weffc++ -Wmissing-declarations -Wno-unused-parameter
configure: Harden CFLAGS:        -fno-strict-overflow -D_FORTIFY_SOURCE=2 -fstack-protector-all -Wstack-protector --param ssp-buffer-size=1 -fPIE
configure: Cryptography:        internal OCB, OpenSSL AES
configure:  =============================
make  all-recursive
make[1]: Entering directory '/tmp/src/mosh-mosh-1.4.0'
Making all in scripts
make[2]: Entering directory '/tmp/src/mosh-mosh-1.4.0/scripts'
perl -c ./mosh.pl
./mosh.pl syntax OK
make[2]: Leaving directory '/tmp/src/mosh-mosh-1.4.0/scripts'
Making all in src
make[2]: Entering directory '/tmp/src/mosh-mosh-1.4.0/src'
Making all in include
make[3]: Entering directory '/tmp/src/mosh-mosh-1.4.0/src/include'
make  all-am
make[4]: Entering directory '/tmp/src/mosh-mosh-1.4.0/src/include'
make[4]: Nothing to be done for 'all-am'.
make[4]: Leaving directory '/tmp/src/mosh-mosh-1.4.0/src/include'
make[3]: Leaving directory '/tmp/src/mosh-mosh-1.4.0/src/include'
Making all in protobufs
make[3]: Entering directory '/tmp/src/mosh-mosh-1.4.0/src/protobufs'
  GEN      userinput.pb.cc
  GEN      hostinput.pb.cc
  GEN      transportinstruction.pb.cc
make  all-am
make[4]: Entering directory '/tmp/src/mosh-mosh-1.4.0/src/protobufs'
  CXX      userinput.pb.o
  CXX      hostinput.pb.o
  CXX      transportinstruction.pb.o
  AR       libmoshprotos.a
make[4]: Leaving directory '/tmp/src/mosh-mosh-1.4.0/src/protobufs'
make[3]: Leaving directory '/tmp/src/mosh-mosh-1.4.0/src/protobufs'
Making all in util
make[3]: Entering directory '/tmp/src/mosh-mosh-1.4.0/src/util'
  CXX      locale_utils.o
  CXX      swrite.o
  CXX      select.o
  CXX      timestamp.o
  CXX      pty_compat.o
  AR       libmoshutil.a
make[3]: Leaving directory '/tmp/src/mosh-mosh-1.4.0/src/util'
Making all in crypto
make[3]: Entering directory '/tmp/src/mosh-mosh-1.4.0/src/crypto'
  CXX      ocb_internal.o
  CXX      base64.o
  CXX      crypto.o
  AR       libmoshcrypto.a
make[3]: Leaving directory '/tmp/src/mosh-mosh-1.4.0/src/crypto'
Making all in terminal
make[3]: Entering directory '/tmp/src/mosh-mosh-1.4.0/src/terminal'
  CXX      parseraction.o
  CXX      parser.o
  CXX      parserstate.o
  CXX      terminal.o
  CXX      terminaldispatcher.o
  CXX      terminaldisplay.o
  CXX      terminaldisplayinit.o
  CXX      terminalframebuffer.o
  CXX      terminalfunctions.o
  CXX      terminaluserinput.o
  AR       libmoshterminal.a
make[3]: Leaving directory '/tmp/src/mosh-mosh-1.4.0/src/terminal'
Making all in network
make[3]: Entering directory '/tmp/src/mosh-mosh-1.4.0/src/network'
  CXX      network.o
  CXX      transportfragment.o
  CXX      compressor.o
  AR       libmoshnetwork.a
make[3]: Leaving directory '/tmp/src/mosh-mosh-1.4.0/src/network'
Making all in statesync
make[3]: Entering directory '/tmp/src/mosh-mosh-1.4.0/src/statesync'
  CXX      completeterminal.o
  CXX      user.o
  AR       libmoshstatesync.a
make[3]: Leaving directory '/tmp/src/mosh-mosh-1.4.0/src/statesync'
Making all in frontend
make[3]: Entering directory '/tmp/src/mosh-mosh-1.4.0/src/frontend'
  CXX      mosh-client.o
  CXX      stmclient.o
  CXX      terminaloverlay.o
  CXX      mosh-server.o
  CXXLD    mosh-client
  CXXLD    mosh-server
make[3]: Leaving directory '/tmp/src/mosh-mosh-1.4.0/src/frontend'
Making all in examples
make[3]: Entering directory '/tmp/src/mosh-mosh-1.4.0/src/examples'
  CXX      encrypt-encrypt.o
  CXX      decrypt-decrypt.o
  CXX      ntester-ntester.o
  CXX      parse-parse.o
  CXX      termemu-termemu.o
  CXX      benchmark-benchmark.o
  CXXLD    encrypt
  CXXLD    decrypt
  CXXLD    parse
  CXXLD    termemu
  CXXLD    benchmark
  CXXLD    ntester
make[3]: Leaving directory '/tmp/src/mosh-mosh-1.4.0/src/examples'
Making all in tests
make[3]: Entering directory '/tmp/src/mosh-mosh-1.4.0/src/tests'
make[3]: Nothing to be done for 'all'.
make[3]: Leaving directory '/tmp/src/mosh-mosh-1.4.0/src/tests'
Making all in fuzz
make[3]: Entering directory '/tmp/src/mosh-mosh-1.4.0/src/fuzz'
make[3]: Nothing to be done for 'all'.
make[3]: Leaving directory '/tmp/src/mosh-mosh-1.4.0/src/fuzz'
make[3]: Entering directory '/tmp/src/mosh-mosh-1.4.0/src'
make[3]: Nothing to be done for 'all-am'.
make[3]: Leaving directory '/tmp/src/mosh-mosh-1.4.0/src'
make[2]: Leaving directory '/tmp/src/mosh-mosh-1.4.0/src'
Making all in man
make[2]: Entering directory '/tmp/src/mosh-mosh-1.4.0/man'
make[2]: Nothing to be done for 'all'.
make[2]: Leaving directory '/tmp/src/mosh-mosh-1.4.0/man'
Making all in conf
make[2]: Entering directory '/tmp/src/mosh-mosh-1.4.0/conf'
make[2]: Nothing to be done for 'all'.
make[2]: Leaving directory '/tmp/src/mosh-mosh-1.4.0/conf'
make[2]: Entering directory '/tmp/src/mosh-mosh-1.4.0'
make[2]: Nothing to be done for 'all-am'.
make[2]: Leaving directory '/tmp/src/mosh-mosh-1.4.0'
make[1]: Leaving directory '/tmp/src/mosh-mosh-1.4.0'
>>> mosh: Entering fakeroot...
make  install-recursive
make[1]: Entering directory '/tmp/src/mosh-mosh-1.4.0'
Making install in scripts
make[2]: Entering directory '/tmp/src/mosh-mosh-1.4.0/scripts'
make[3]: Entering directory '/tmp/src/mosh-mosh-1.4.0/scripts'
make[3]: Nothing to be done for 'install-data-am'.
 /bin/mkdir -p '/tmp/pkg/mosh/usr/bin'
 /usr/bin/install -c mosh '/tmp/pkg/mosh/usr/bin'
make[3]: Leaving directory '/tmp/src/mosh-mosh-1.4.0/scripts'
make[2]: Leaving directory '/tmp/src/mosh-mosh-1.4.0/scripts'
Making install in src
make[2]: Entering directory '/tmp/src/mosh-mosh-1.4.0/src'
Making install in include
make[3]: Entering directory '/tmp/src/mosh-mosh-1.4.0/src/include'
make  install-am
make[4]: Entering directory '/tmp/src/mosh-mosh-1.4.0/src/include'
make[5]: Entering directory '/tmp/src/mosh-mosh-1.4.0/src/include'
make[5]: Nothing to be done for 'install-exec-am'.
make[5]: Nothing to be done for 'install-data-am'.
make[5]: Leaving directory '/tmp/src/mosh-mosh-1.4.0/src/include'
make[4]: Leaving directory '/tmp/src/mosh-mosh-1.4.0/src/include'
make[3]: Leaving directory '/tmp/src/mosh-mosh-1.4.0/src/include'
Making install in protobufs
make[3]: Entering directory '/tmp/src/mosh-mosh-1.4.0/src/protobufs'
make  install-am
make[4]: Entering directory '/tmp/src/mosh-mosh-1.4.0/src/protobufs'
make[5]: Entering directory '/tmp/src/mosh-mosh-1.4.0/src/protobufs'
make[5]: Nothing to be done for 'install-exec-am'.
make[5]: Nothing to be done for 'install-data-am'.
make[5]: Leaving directory '/tmp/src/mosh-mosh-1.4.0/src/protobufs'
make[4]: Leaving directory '/tmp/src/mosh-mosh-1.4.0/src/protobufs'
make[3]: Leaving directory '/tmp/src/mosh-mosh-1.4.0/src/protobufs'
Making install in util
make[3]: Entering directory '/tmp/src/mosh-mosh-1.4.0/src/util'
make[4]: Entering directory '/tmp/src/mosh-mosh-1.4.0/src/util'
make[4]: Nothing to be done for 'install-exec-am'.
make[4]: Nothing to be done for 'install-data-am'.
make[4]: Leaving directory '/tmp/src/mosh-mosh-1.4.0/src/util'
make[3]: Leaving directory '/tmp/src/mosh-mosh-1.4.0/src/util'
Making install in crypto
make[3]: Entering directory '/tmp/src/mosh-mosh-1.4.0/src/crypto'
make[4]: Entering directory '/tmp/src/mosh-mosh-1.4.0/src/crypto'
make[4]: Nothing to be done for 'install-exec-am'.
make[4]: Nothing to be done for 'install-data-am'.
make[4]: Leaving directory '/tmp/src/mosh-mosh-1.4.0/src/crypto'
make[3]: Leaving directory '/tmp/src/mosh-mosh-1.4.0/src/crypto'
Making install in terminal
make[3]: Entering directory '/tmp/src/mosh-mosh-1.4.0/src/terminal'
make[4]: Entering directory '/tmp/src/mosh-mosh-1.4.0/src/terminal'
make[4]: Nothing to be done for 'install-exec-am'.
make[4]: Nothing to be done for 'install-data-am'.
make[4]: Leaving directory '/tmp/src/mosh-mosh-1.4.0/src/terminal'
make[3]: Leaving directory '/tmp/src/mosh-mosh-1.4.0/src/terminal'
Making install in network
make[3]: Entering directory '/tmp/src/mosh-mosh-1.4.0/src/network'
make[4]: Entering directory '/tmp/src/mosh-mosh-1.4.0/src/network'
make[4]: Nothing to be done for 'install-exec-am'.
make[4]: Nothing to be done for 'install-data-am'.
make[4]: Leaving directory '/tmp/src/mosh-mosh-1.4.0/src/network'
make[3]: Leaving directory '/tmp/src/mosh-mosh-1.4.0/src/network'
Making install in statesync
make[3]: Entering directory '/tmp/src/mosh-mosh-1.4.0/src/statesync'
make[4]: Entering directory '/tmp/src/mosh-mosh-1.4.0/src/statesync'
make[4]: Nothing to be done for 'install-exec-am'.
make[4]: Nothing to be done for 'install-data-am'.
make[4]: Leaving directory '/tmp/src/mosh-mosh-1.4.0/src/statesync'
make[3]: Leaving directory '/tmp/src/mosh-mosh-1.4.0/src/statesync'
Making install in frontend
make[3]: Entering directory '/tmp/src/mosh-mosh-1.4.0/src/frontend'
make[4]: Entering directory '/tmp/src/mosh-mosh-1.4.0/src/frontend'
make[4]: Nothing to be done for 'install-data-am'.
 /bin/mkdir -p '/tmp/pkg/mosh/usr/bin'
  /usr/bin/install -c mosh-client mosh-server '/tmp/pkg/mosh/usr/bin'
make[4]: Leaving directory '/tmp/src/mosh-mosh-1.4.0/src/frontend'
make[3]: Leaving directory '/tmp/src/mosh-mosh-1.4.0/src/frontend'
Making install in examples
make[3]: Entering directory '/tmp/src/mosh-mosh-1.4.0/src/examples'
make[4]: Entering directory '/tmp/src/mosh-mosh-1.4.0/src/examples'
make[4]: Nothing to be done for 'install-exec-am'.
make[4]: Nothing to be done for 'install-data-am'.
make[4]: Leaving directory '/tmp/src/mosh-mosh-1.4.0/src/examples'
make[3]: Leaving directory '/tmp/src/mosh-mosh-1.4.0/src/examples'
Making install in tests
make[3]: Entering directory '/tmp/src/mosh-mosh-1.4.0/src/tests'
make[4]: Entering directory '/tmp/src/mosh-mosh-1.4.0/src/tests'
make[4]: Nothing to be done for 'install-exec-am'.
make[4]: Nothing to be done for 'install-data-am'.
make[4]: Leaving directory '/tmp/src/mosh-mosh-1.4.0/src/tests'
make[3]: Leaving directory '/tmp/src/mosh-mosh-1.4.0/src/tests'
Making install in fuzz
make[3]: Entering directory '/tmp/src/mosh-mosh-1.4.0/src/fuzz'
make[4]: Entering directory '/tmp/src/mosh-mosh-1.4.0/src/fuzz'
make[4]: Nothing to be done for 'install-exec-am'.
make[4]: Nothing to be done for 'install-data-am'.
make[4]: Leaving directory '/tmp/src/mosh-mosh-1.4.0/src/fuzz'
make[3]: Leaving directory '/tmp/src/mosh-mosh-1.4.0/src/fuzz'
make[3]: Entering directory '/tmp/src/mosh-mosh-1.4.0/src'
make[4]: Entering directory '/tmp/src/mosh-mosh-1.4.0/src'
make[4]: Nothing to be done for 'install-exec-am'.
make[4]: Nothing to be done for 'install-data-am'.
make[4]: Leaving directory '/tmp/src/mosh-mosh-1.4.0/src'
make[3]: Leaving directory '/tmp/src/mosh-mosh-1.4.0/src'
make[2]: Leaving directory '/tmp/src/mosh-mosh-1.4.0/src'
Making install in man
make[2]: Entering directory '/tmp/src/mosh-mosh-1.4.0/man'
make[3]: Entering directory '/tmp/src/mosh-mosh-1.4.0/man'
make[3]: Nothing to be done for 'install-exec-am'.
 /bin/mkdir -p '/tmp/pkg/mosh/usr/share/man/man1'
 /usr/bin/install -c -m 644 mosh.1 mosh-client.1 mosh-server.1 '/tmp/pkg/mosh/usr/share/man/man1'
make[3]: Leaving directory '/tmp/src/mosh-mosh-1.4.0/man'
make[2]: Leaving directory '/tmp/src/mosh-mosh-1.4.0/man'
Making install in conf
make[2]: Entering directory '/tmp/src/mosh-mosh-1.4.0/conf'
make[3]: Entering directory '/tmp/src/mosh-mosh-1.4.0/conf'
libfakeroot internal error: payload not recognized!
make[3]: Leaving directory '/tmp/src/mosh-mosh-1.4.0/conf'
make[2]: Leaving directory '/tmp/src/mosh-mosh-1.4.0/conf'
make[2]: Entering directory '/tmp/src/mosh-mosh-1.4.0'
make[3]: Entering directory '/tmp/src/mosh-mosh-1.4.0'
make[3]: Nothing to be done for 'install-exec-am'.
make[3]: Nothing to be done for 'install-data-am'.
make[3]: Leaving directory '/tmp/src/mosh-mosh-1.4.0'
make[2]: Leaving directory '/tmp/src/mosh-mosh-1.4.0'
make[1]: Leaving directory '/tmp/src/mosh-mosh-1.4.0'
>>> mosh-client*: Running split function client...
>>> mosh-client*: Preparing subpackage mosh-client...
>>> mosh-client*: Stripping binaries
>>> mosh-client*: Running postcheck for mosh-client
>>> mosh-client-doc*: Running split function clientdoc...
'usr/share/man/man1/mosh-client.1.gz' -> '/tmp/pkg/mosh-client-doc/usr/share/man/man1/mosh-client.1.gz'
>>> mosh-client-doc*: Preparing subpackage mosh-client-doc...
>>> mosh-client-doc*: Running postcheck for mosh-client-doc
>>> mosh-server*: Running split function server...
>>> mosh-server*: Preparing subpackage mosh-server...
>>> mosh-server*: Stripping binaries
>>> mosh-server*: Running postcheck for mosh-server
>>> mosh-server-doc*: Running split function serverdoc...
'usr/share/man/man1/mosh-server.1.gz' -> '/tmp/pkg/mosh-server-doc/usr/share/man/man1/mosh-server.1.gz'
>>> mosh-server-doc*: Preparing subpackage mosh-server-doc...
>>> mosh-server-doc*: Running postcheck for mosh-server-doc
>>> mosh-doc*: Running split function doc...
'usr/share/man' -> '/tmp/pkg/mosh-doc/usr/share/man'
>>> mosh-doc*: Preparing subpackage mosh-doc...
>>> mosh-doc*: Running postcheck for mosh-doc
>>> mosh-bash-completion*: Running split function bashcomp...
'usr/share/bash-completion/completions' -> '/tmp/pkg/mosh-bash-completion/usr/share/bash-completion/completions'
>>> mosh-bash-completion*: Preparing subpackage mosh-bash-completion...
>>> mosh-bash-completion*: Running postcheck for mosh-bash-completion
>>> mosh*: Running postcheck for mosh
>>> mosh*: Preparing package mosh...
>>> mosh*: Stripping binaries
>>> WARNING: mosh*: No arch specific binaries found so arch should probably be set to "noarch"
>>> mosh-bash-completion*: Scanning shared objects
>>> mosh-client-doc*: Scanning shared objects
>>> mosh-client*: Scanning shared objects
>>> mosh-doc*: Scanning shared objects
>>> mosh-server-doc*: Scanning shared objects
>>> mosh-server*: Scanning shared objects
>>> mosh*: Scanning shared objects
>>> mosh-bash-completion*: Tracing dependencies...
>>> mosh-bash-completion*: Package size: 818.0 B
>>> mosh-bash-completion*: Compressing data...
>>> mosh-bash-completion*: Create checksum...
>>> mosh-bash-completion*: Create mosh-bash-completion-1.4.0-r13.apk
>>> mosh-client-doc*: Tracing dependencies...
>>> mosh-client-doc*: Package size: 1.3 KB
>>> mosh-client-doc*: Compressing data...
>>> mosh-client-doc*: Create checksum...
>>> mosh-client-doc*: Create mosh-client-doc-1.4.0-r13.apk
>>> mosh-client*: Tracing dependencies...
	openssh-client
	perl-io-tty
	so:libabsl_log_internal_check_op.so.2407.0.0
	so:libabsl_log_internal_message.so.2407.0.0
	so:libc.musl-x86_64.so.1
	so:libcrypto.so.3
	so:libgcc_s.so.1
	so:libncursesw.so.6
	so:libprotobuf.so.29
	so:libstdc++.so.6
	so:libz.so.1
>>> mosh-client*: Package size: 280.0 KB
>>> mosh-client*: Compressing data...
>>> mosh-client*: Create checksum...
>>> mosh-client*: Create mosh-client-1.4.0-r13.apk
>>> mosh-doc*: Tracing dependencies...
>>> mosh-doc*: Package size: 4.6 KB
>>> mosh-doc*: Compressing data...
>>> mosh-doc*: Create checksum...
>>> mosh-doc*: Create mosh-doc-1.4.0-r13.apk
>>> mosh-server-doc*: Tracing dependencies...
>>> mosh-server-doc*: Package size: 2.1 KB
>>> mosh-server-doc*: Compressing data...
>>> mosh-server-doc*: Create checksum...
>>> mosh-server-doc*: Create mosh-server-doc-1.4.0-r13.apk
>>> mosh-server*: Tracing dependencies...
	so:libabsl_log_internal_check_op.so.2407.0.0
	so:libabsl_log_internal_message.so.2407.0.0
	so:libc.musl-x86_64.so.1
	so:libcrypto.so.3
	so:libgcc_s.so.1
	so:libncursesw.so.6
	so:libprotobuf.so.29
	so:libstdc++.so.6
	so:libutempter.so.0
	so:libz.so.1
>>> mosh-server*: Package size: 268.0 KB
>>> mosh-server*: Compressing data...
>>> mosh-server*: Create checksum...
>>> mosh-server*: Create mosh-server-1.4.0-r13.apk
>>> mosh*: Tracing dependencies...
	mosh-client
	mosh-server
>>> mosh*: Package size: 16.1 KB
>>> mosh*: Compressing data...
>>> mosh*: Create checksum...
>>> mosh*: Create mosh-1.4.0-r13.apk
>>> mosh: Updating the main/x86_64 repository index...
>>> mosh: Signing the index...
>>> mosh: Cleaning up srcdir
>>> mosh: Cleaning up build chroot
>>> mosh: Cleaning up pkgdir
