>>> sanlock: Validating /home/packager/oily-pine/main/sanlock/APKBUILD...
>>> sanlock: Cleaning up srcdir
>>> sanlock: Cleaning up pkgdir
>>> sanlock: Cleaning up tmpdir
>>> sanlock: Fetching https://pagure.io/sanlock/archive/sanlock-4.0.0/sanlock-sanlock-4.0.0.tar.gz
  % Total    % Received % Xferd  Average Speed   Time    Time     Time  Current
                                 Dload  Upload   Total   Spent    Left  Speed
  0     0    0     0    0     0      0      0 --:--:-- --:--:-- --:--:--     0100 33566    0 33566    0     0  42514      0 --:--:-- --:--:-- --:--:-- 42488100  280k    0  280k    0     0   246k      0 --:--:--  0:00:01 --:--:--  247k
>>> sanlock: Fetching https://pagure.io/sanlock/archive/sanlock-4.0.0/sanlock-sanlock-4.0.0.tar.gz
>>> sanlock: Checking sha512sums...
sanlock-sanlock-4.0.0.tar.gz: OK
c23.patch: OK
basename-include.patch: OK
sanlock.initd: OK
sanlock.confd: OK
wdmd.initd: OK
wdmd.confd: OK
>>> sanlock: Preparing build chroot...
fetch http://dl-cdn.alpinelinux.org/alpine/edge/main/x86_64/APKINDEX.tar.gz
(1/102) Installing musl (1.2.5-r10)
(2/102) Installing libcrypto3 (3.5.0-r0)
(3/102) Installing ca-certificates-bundle (20241121-r2)
(4/102) Installing libssl3 (3.5.0-r0)
(5/102) Installing zlib (1.3.1-r2)
(6/102) Installing libapk2 (2.14.9-r2)
(7/102) Installing apk-tools (2.14.9-r2)
(8/102) Installing libcap2 (2.76-r0)
(9/102) Installing libcap-getcap (2.76-r0)
(10/102) Installing fakeroot (1.37.1.1-r0)
(11/102) Installing scanelf (1.3.8-r1)
(12/102) Installing musl-utils (1.2.5-r10)
(13/102) Installing libgcc (14.3.0-r0)
(14/102) Installing libstdc++ (14.3.0-r0)
(15/102) Installing lzip (1.25-r0)
(16/102) Installing openssl (3.5.0-r0)
(17/102) Installing patch (2.8-r0)
(18/102) Installing pkgconf (2.4.3-r0)
(19/102) Installing acl-libs (2.3.2-r1)
(20/102) Installing tar (1.35-r3)
(21/102) Installing busybox (1.37.0-r18)
Executing busybox-1.37.0-r18.post-install
(22/102) Installing ssl_client (1.37.0-r18)
(23/102) Installing busybox-binsh (1.37.0-r18)
(24/102) Installing abuild (3.15.0-r0)
Executing abuild-3.15.0-r0.pre-install
(25/102) Installing abuild-sudo (3.15.0-r0)
(26/102) Installing alpine-baselayout-data (3.7.0-r0)
(27/102) Installing alpine-baselayout (3.7.0-r0)
Executing alpine-baselayout-3.7.0-r0.pre-install
Executing alpine-baselayout-3.7.0-r0.post-install
(28/102) Installing bridge (1.5-r5)
(29/102) Installing ifupdown-ng (0.12.1-r7)
(30/102) Installing openrc-user (0.62.2-r2)
(31/102) Installing openrc (0.62.2-r2)
Executing openrc-0.62.2-r2.post-install
(32/102) Installing mdev-conf (4.8-r0)
(33/102) Installing busybox-mdev-openrc (1.37.0-r18)
(34/102) Installing alpine-conf (3.20.0-r0)
(35/102) Installing alpine-keys (2.5-r0)
(36/102) Installing alpine-release (3.22.0-r0)
(37/102) Installing busybox-openrc (1.37.0-r18)
(38/102) Installing busybox-suid (1.37.0-r18)
(39/102) Installing alpine-base (3.22.0-r0)
(40/102) Installing jansson (2.14.1-r0)
(41/102) Installing zstd-libs (1.5.7-r0)
(42/102) Installing binutils (2.44-r0)
(43/102) Installing libmagic (5.46-r2)
(44/102) Installing file (5.46-r2)
(45/102) Installing libgomp (14.3.0-r0)
(46/102) Installing libatomic (14.3.0-r0)
(47/102) Installing gmp (6.3.0-r3)
(48/102) Installing isl26 (0.26-r1)
(49/102) Installing mpfr4 (4.2.1_p1-r0)
(50/102) Installing mpc1 (1.3.1-r1)
(51/102) Installing gcc (14.3.0-r0)
(52/102) Installing libstdc++-dev (14.3.0-r0)
(53/102) Installing musl-dev (1.2.5-r10)
(54/102) Installing g++ (14.3.0-r0)
(55/102) Installing make (4.4.1-r3)
(56/102) Installing fortify-headers (1.1-r5)
(57/102) Installing build-base (0.5-r3)
(58/102) Installing brotli-libs (1.1.0-r2)
(59/102) Installing c-ares (1.34.5-r0)
(60/102) Installing libunistring (1.3-r0)
(61/102) Installing libidn2 (2.3.7-r0)
(62/102) Installing nghttp2-libs (1.65.0-r0)
(63/102) Installing libpsl (0.21.5-r3)
(64/102) Installing libcurl (8.14.0-r2)
(65/102) Installing libexpat (2.7.1-r0)
(66/102) Installing pcre2 (10.43-r1)
(67/102) Installing git (2.49.0-r0)
(68/102) Installing git-init-template (2.49.0-r0)
(69/102) Installing libaio (0.3.113-r2)
(70/102) Installing libaio-dev (0.3.113-r2)
(71/102) Installing linux-headers (6.14.2-r0)
(72/102) Installing libbz2 (1.0.8-r6)
(73/102) Installing libffi (3.4.8-r0)
(74/102) Installing gdbm (1.24-r0)
(75/102) Installing xz-libs (5.8.1-r0)
(76/102) Installing mpdecimal (4.0.1-r0)
(77/102) Installing ncurses-terminfo-base (6.5_p20250503-r0)
(78/102) Installing libncursesw (6.5_p20250503-r0)
(79/102) Installing libpanelw (6.5_p20250503-r0)
(80/102) Installing readline (8.2.13-r1)
(81/102) Installing sqlite-libs (3.50.0-r0)
(82/102) Installing python3 (3.12.10-r1)
(83/102) Installing python3-pycache-pyc0 (3.12.10-r1)
(84/102) Installing pyc (3.12.10-r1)
(85/102) Installing py3-setuptools-pyc (80.9.0-r0)
(86/102) Installing py3-parsing (3.2.3-r0)
(87/102) Installing py3-parsing-pyc (3.2.3-r0)
(88/102) Installing py3-packaging-pyc (25.0-r0)
(89/102) Installing python3-pyc (3.12.10-r1)
(90/102) Installing py3-packaging (25.0-r0)
(91/102) Installing py3-setuptools (80.9.0-r0)
(92/102) Installing python3-dev (3.12.10-r1)
(93/102) Installing libeconf (0.6.3-r0)
(94/102) Installing libblkid (2.41-r9)
(95/102) Installing libuuid (2.41-r9)
(96/102) Installing libfdisk (2.41-r9)
(97/102) Installing liblastlog2 (2.41-r9)
(98/102) Installing libmount (2.41-r9)
(99/102) Installing libsmartcols (2.41-r9)
(100/102) Installing sqlite (3.50.0-r0)
(101/102) Installing sqlite-dev (3.50.0-r0)
(102/102) Installing util-linux-dev (2.41-r9)
Executing busybox-1.37.0-r18.trigger
OK: 358 MiB in 102 packages
>>> sanlock: Fetching https://pagure.io/sanlock/archive/sanlock-4.0.0/sanlock-sanlock-4.0.0.tar.gz
>>> sanlock: Checking sha512sums...
sanlock-sanlock-4.0.0.tar.gz: OK
c23.patch: OK
basename-include.patch: OK
sanlock.initd: OK
sanlock.confd: OK
wdmd.initd: OK
wdmd.confd: OK
>>> sanlock: Unpacking /var/cache/distfiles/sanlock-sanlock-4.0.0.tar.gz...
>>> sanlock: c23.patch
patching file src/sanlock_sock.c
patching file src/sanlock_sock.h
patching file wdmd/wdmd.h
Hunk #1 succeeded at 12 with fuzz 2.
>>> sanlock: basename-include.patch
patching file wdmd/main.c
Hunk #1 succeeded at 37 (offset 1 line).
make -C wdmd
make[1]: Entering directory '/tmp/src/sanlock-sanlock-4.0.0/wdmd'
cc -Os -fstack-clash-protection -Wformat -Werror=format-security -fno-plt -D_GNU_SOURCE -O2 -ggdb -Wall -Wformat -Wformat-security -Wmissing-prototypes -Wnested-externs -Wpointer-arith -Wextra -Wshadow -Wcast-align -Wwrite-strings -Waggregate-return -Wstrict-prototypes -Winline -Wredundant-decls -Wno-sign-compare -Wno-unused-parameter -Wp,-D_FORTIFY_SOURCE=2 -Wno-strict-overflow -fexceptions -fasynchronous-unwind-tables -fdiagnostics-show-option -Wp,-D_GLIBCXX_ASSERTIONS -fstack-protector-strong  -Wl,-z,now -DVERSION=\"4.0.0\" -fPIC -Wl,--as-needed,-O1,--sort-common -Wl,-z,pack-relative-relocs -Wl,-z,relro -pie -shared -o libwdmd.so.1.0 -Wl,-soname=libwdmd.so.1 client.c wdmd_sock.c
ln -sf libwdmd.so.1.0 libwdmd.so
ln -sf libwdmd.so.1.0 libwdmd.so.1
cc -Os -fstack-clash-protection -Wformat -Werror=format-security -fno-plt -D_GNU_SOURCE -O2 -ggdb -Wall -Wformat -Wformat-security -Wmissing-prototypes -Wnested-externs -Wpointer-arith -Wextra -Wshadow -Wcast-align -Wwrite-strings -Waggregate-return -Wstrict-prototypes -Winline -Wredundant-decls -Wno-sign-compare -Wno-unused-parameter -Wp,-D_FORTIFY_SOURCE=2 -Wno-strict-overflow -fexceptions -fasynchronous-unwind-tables -fdiagnostics-show-option -Wp,-D_GLIBCXX_ASSERTIONS -fstack-protector-strong  -Wl,-z,now -DVERSION=\"4.0.0\" -fPIE -DPIE -Wl,--as-needed,-O1,--sort-common -Wl,-z,pack-relative-relocs -Wl,-z,relro -pie main.c wdmd_sock.c -lwdmd -lrt -o wdmd -L.
make[1]: Leaving directory '/tmp/src/sanlock-sanlock-4.0.0/wdmd'
make -C src
make[1]: Entering directory '/tmp/src/sanlock-sanlock-4.0.0/src'
cc -Os -fstack-clash-protection -Wformat -Werror=format-security -fno-plt -D_GNU_SOURCE -O2 -ggdb -Wall -Wformat -Wformat-security -Wmissing-prototypes -Wnested-externs -Wpointer-arith -Wextra -Wshadow -Wcast-align -Wwrite-strings -Waggregate-return -Wstrict-prototypes -Winline -Wredundant-decls -Wno-sign-compare -Wno-unused-parameter -Wp,-D_FORTIFY_SOURCE=2 -Wno-strict-overflow -fexceptions -fasynchronous-unwind-tables -fdiagnostics-show-option -Wp,-D_GLIBCXX_ASSERTIONS -fstack-protector-strong  -Wl,-z,now -DVERSION=\"4.0.0\" -fPIC -Wl,--as-needed,-O1,--sort-common -Wl,-z,pack-relative-relocs -Wl,-z,relro -pie -shared -o libsanlock.so.1.0 -Wl,-soname=libsanlock.so.1 client.c sanlock_sock.c crc32c.c diskio.c ondisk.c sizeflags.c delta_lease.c paxos_lease.c rindex.c direct.c task.c timeouts.c direct_lib.c monotime.c env.c -lpthread -lrt -laio -lblkid -L../wdmd -lwdmd
cc -Os -fstack-clash-protection -Wformat -Werror=format-security -fno-plt -D_GNU_SOURCE -O2 -ggdb -Wall -Wformat -Wformat-security -Wmissing-prototypes -Wnested-externs -Wpointer-arith -Wextra -Wshadow -Wcast-align -Wwrite-strings -Waggregate-return -Wstrict-prototypes -Winline -Wredundant-decls -Wno-sign-compare -Wno-unused-parameter -Wp,-D_FORTIFY_SOURCE=2 -Wno-strict-overflow -fexceptions -fasynchronous-unwind-tables -fdiagnostics-show-option -Wp,-D_GLIBCXX_ASSERTIONS -fstack-protector-strong  -Wl,-z,now -DVERSION=\"4.0.0\" -fPIC -Wl,--as-needed,-O1,--sort-common -Wl,-z,pack-relative-relocs -Wl,-z,relro -pie -shared -o libsanlock_client.so.1.0 -Wl,-soname=libsanlock_client.so.1 client.c sanlock_sock.c env.c
sed -e "s/@VERSION@/4.0.0/" libsanlock.pc.in > libsanlock.pc
sed -e "s/@VERSION@/4.0.0/" libsanlock_client.pc.in > libsanlock_client.pc
ln -sf libsanlock_client.so.1.0 libsanlock_client.so
ln -sf libsanlock_client.so.1.0 libsanlock_client.so.1
In file included from sanlock_internal.h:33,
                 from direct_lib.c:18:
monotime.h:13:21: warning: 'struct timespec' declared inside parameter list will not be visible outside of this definition or declaration
   13 | void ts_diff(struct timespec *begin, struct timespec *end, struct timespec *diff);
      |                     ^~~~~~~~
ln -sf libsanlock.so.1.0 libsanlock.so
ln -sf libsanlock.so.1.0 libsanlock.so.1
cc -Os -fstack-clash-protection -Wformat -Werror=format-security -fno-plt -D_GNU_SOURCE -O2 -ggdb -Wall -Wformat -Wformat-security -Wmissing-prototypes -Wnested-externs -Wpointer-arith -Wextra -Wshadow -Wcast-align -Wwrite-strings -Waggregate-return -Wstrict-prototypes -Winline -Wredundant-decls -Wno-sign-compare -Wno-unused-parameter -Wp,-D_FORTIFY_SOURCE=2 -Wno-strict-overflow -fexceptions -fasynchronous-unwind-tables -fdiagnostics-show-option -Wp,-D_GLIBCXX_ASSERTIONS -fstack-protector-strong  -Wl,-z,now -DVERSION=\"4.0.0\" -fPIE -DPIE -Wl,--as-needed,-O1,--sort-common -Wl,-z,pack-relative-relocs -Wl,-z,relro -pie crc32c.c delta_lease.c direct.c diskio.c ondisk.c sizeflags.c helper.c lockspace.c lockfile.c log.c main.c paxos_lease.c task.c timeouts.c resource.c rindex.c watchdog.c monotime.c cmd.c client_cmd.c sanlock_sock.c env.c -lpthread -luuid -lrt -laio -lblkid -lsanlock -L../wdmd -lwdmd -o sanlock -L.
In function 'do_client',
    inlined from 'main' at main.c:4350:8:
main.c:3778:22: warning: dangling pointer 'config_data' to 'io_timeout_data' may be used [-Wdangling-pointer=]
 3778 |                 rv = sanlock_set_config(com.lockspace.name, 0, config_cmd, config_data);
      |                      ^~~~~~~~~~~~~~~~~~~~~~~~~~~~~~~~~~~~~~~~~~~~~~~~~~~~~~~~~~~~~~~~~~
main.c: In function 'main':
main.c:3772:34: note: 'io_timeout_data' declared here
 3772 |                         uint32_t io_timeout_data = com.io_timeout;
      |                                  ^~~~~~~~~~~~~~~
make[1]: Leaving directory '/tmp/src/sanlock-sanlock-4.0.0/src'
make -C python
make[1]: Entering directory '/tmp/src/sanlock-sanlock-4.0.0/python'
python3 setup.py build 
/usr/lib/python3.12/site-packages/setuptools/dist.py:332: InformationOnly: Normalizing '4.0.0
' to '4.0.0'
  self.metadata.version = self._normalize_version(self.metadata.version)
running build
running build_ext
building 'sanlock' extension
creating build/temp.linux-x86_64-cpython-312
cc -Os -fstack-clash-protection -Wformat -Werror=format-security -fno-plt -fPIC -I../src -I/usr/include/python3.12 -c sanlock.c -o build/temp.linux-x86_64-cpython-312/sanlock.o -std=c99
creating build/lib.linux-x86_64-cpython-312
cc -shared -Wl,--as-needed,-O1,--sort-common -Wl,-z,pack-relative-relocs -Os -fstack-clash-protection -Wformat -Werror=format-security -fno-plt build/temp.linux-x86_64-cpython-312/sanlock.o -L../src -L/usr/lib -lsanlock -o build/lib.linux-x86_64-cpython-312/sanlock.cpython-312-x86_64-linux-musl.so
make[1]: Leaving directory '/tmp/src/sanlock-sanlock-4.0.0/python'
>>> sanlock: Entering fakeroot...
for dir in wdmd src python; do \
	make -C $dir install; \
done
make[1]: Entering directory '/tmp/src/sanlock-sanlock-4.0.0/wdmd'
install -d /tmp/pkg/sanlock//usr/sbin
install -d /tmp/pkg/sanlock//usr/lib
install -d /tmp/pkg/sanlock//usr/include
install -d /tmp/pkg/sanlock//usr/share/man/man8
install -c -m 755 wdmd /tmp/pkg/sanlock//usr/sbin
install -c -m 755 libwdmd.so.1.0 /tmp/pkg/sanlock//usr/lib
cp -a libwdmd.so /tmp/pkg/sanlock//usr/lib
cp -a libwdmd.so.1 /tmp/pkg/sanlock//usr/lib
install -c -m 644 wdmd.h /tmp/pkg/sanlock//usr/include
install -m 644 wdmd.8 /tmp/pkg/sanlock//usr/share/man/man8
make[1]: Leaving directory '/tmp/src/sanlock-sanlock-4.0.0/wdmd'
make[1]: Entering directory '/tmp/src/sanlock-sanlock-4.0.0/src'
install -d /tmp/pkg/sanlock//usr/sbin
install -d /tmp/pkg/sanlock//usr/lib
install -d /tmp/pkg/sanlock//usr/include
install -d /tmp/pkg/sanlock//usr/share/man/man8
install -d /tmp/pkg/sanlock//usr/lib/pkgconfig
install -c -m 755 sanlock /tmp/pkg/sanlock//usr/sbin
install -c -m 755 libsanlock.so.1.0 /tmp/pkg/sanlock//usr/lib
install -c -m 755 libsanlock_client.so.1.0 /tmp/pkg/sanlock//usr/lib
install -c -m 644 libsanlock.pc /tmp/pkg/sanlock//usr/lib/pkgconfig
install -c -m 644 libsanlock_client.pc /tmp/pkg/sanlock//usr/lib/pkgconfig
cp -a libsanlock.so /tmp/pkg/sanlock//usr/lib
cp -a libsanlock_client.so /tmp/pkg/sanlock//usr/lib
cp -a libsanlock.so.1 /tmp/pkg/sanlock//usr/lib
cp -a libsanlock_client.so.1 /tmp/pkg/sanlock//usr/lib
install -c -m 644 sanlock.h sanlock_rv.h sanlock_resource.h sanlock_admin.h sanlock_direct.h /tmp/pkg/sanlock//usr/include
install -m 644 sanlock.8 /tmp/pkg/sanlock//usr/share/man/man8/
make[1]: Leaving directory '/tmp/src/sanlock-sanlock-4.0.0/src'
make[1]: Entering directory '/tmp/src/sanlock-sanlock-4.0.0/python'
python3 setup.py install --root=/tmp/pkg/sanlock
/usr/lib/python3.12/site-packages/setuptools/dist.py:332: InformationOnly: Normalizing '4.0.0
' to '4.0.0'
  self.metadata.version = self._normalize_version(self.metadata.version)
running install
/usr/lib/python3.12/site-packages/setuptools/_distutils/cmd.py:90: SetuptoolsDeprecationWarning: setup.py install is deprecated.
!!

        ********************************************************************************
        Please avoid running ``setup.py`` directly.
        Instead, use pypa/build, pypa/installer or other
        standards-based tools.

        By 2025-Oct-31, you need to update your project and remove deprecated calls
        or your builds will no longer be supported.

        See https://blog.ganssle.io/articles/2021/10/setup-py-deprecated.html for details.
        ********************************************************************************

!!
  self.initialize_options()
running build
running build_ext
running install_lib
creating /tmp/pkg/sanlock/usr/lib/python3.12/site-packages
copying build/lib.linux-x86_64-cpython-312/sanlock.cpython-312-x86_64-linux-musl.so -> /tmp/pkg/sanlock/usr/lib/python3.12/site-packages
running install_egg_info
running egg_info
creating sanlock_python.egg-info
writing sanlock_python.egg-info/PKG-INFO
writing dependency_links to sanlock_python.egg-info/dependency_links.txt
writing top-level names to sanlock_python.egg-info/top_level.txt
writing manifest file 'sanlock_python.egg-info/SOURCES.txt'
reading manifest file 'sanlock_python.egg-info/SOURCES.txt'
writing manifest file 'sanlock_python.egg-info/SOURCES.txt'
Copying sanlock_python.egg-info to /tmp/pkg/sanlock/usr/lib/python3.12/site-packages/sanlock_python-4.0.0-py3.12.egg-info
running install_scripts
make[1]: Leaving directory '/tmp/src/sanlock-sanlock-4.0.0/python'
>>> sanlock-dev*: Running split function dev...
'usr/include' -> '/tmp/pkg/sanlock-dev/usr/include'
'usr/lib/pkgconfig' -> '/tmp/pkg/sanlock-dev/usr/lib/pkgconfig'
'usr/lib/libsanlock.so' -> '/tmp/pkg/sanlock-dev/usr/lib/libsanlock.so'
'usr/lib/libsanlock_client.so' -> '/tmp/pkg/sanlock-dev/usr/lib/libsanlock_client.so'
'usr/lib/libwdmd.so' -> '/tmp/pkg/sanlock-dev/usr/lib/libwdmd.so'
>>> sanlock-dev*: Preparing subpackage sanlock-dev...
>>> sanlock-dev*: Stripping binaries
>>> sanlock-dev*: Running postcheck for sanlock-dev
>>> sanlock-doc*: Running split function doc...
'usr/share/man' -> '/tmp/pkg/sanlock-doc/usr/share/man'
>>> sanlock-doc*: Preparing subpackage sanlock-doc...
>>> sanlock-doc*: Running postcheck for sanlock-doc
>>> sanlock-openrc*: Running split function openrc...
'etc/conf.d' -> '/tmp/pkg/sanlock-openrc/etc/conf.d'
'etc/init.d' -> '/tmp/pkg/sanlock-openrc/etc/init.d'
>>> sanlock-openrc*: Preparing subpackage sanlock-openrc...
>>> sanlock-openrc*: Running postcheck for sanlock-openrc
>>> py3-sanlock*: Running split function py3...
'usr/lib/python3.12' -> '/tmp/pkg/py3-sanlock/usr/lib/python3.12'
>>> py3-sanlock*: Preparing subpackage py3-sanlock...
>>> py3-sanlock*: Stripping binaries
>>> py3-sanlock*: Running postcheck for py3-sanlock
>>> sanlock*: Running postcheck for sanlock
>>> sanlock*: Preparing package sanlock...
>>> sanlock*: Stripping binaries
>>> sanlock*: Script found. /bin/sh added as a dependency for sanlock-4.0.0-r0.apk
>>> sanlock*: Adding .pre-install
>>> py3-sanlock*: Scanning shared objects
>>> sanlock-dev*: Scanning shared objects
>>> sanlock-doc*: Scanning shared objects
>>> sanlock-openrc*: Scanning shared objects
>>> sanlock*: Scanning shared objects
>>> py3-sanlock*: Tracing dependencies...
	python3~3.12
	so:libc.musl-x86_64.so.1
	so:libsanlock.so.1
>>> py3-sanlock*: Package size: 43.8 KB
>>> py3-sanlock*: Compressing data...
>>> py3-sanlock*: Create checksum...
>>> py3-sanlock*: Create py3-sanlock-4.0.0-r0.apk
>>> sanlock-dev*: Tracing dependencies...
	pkgconfig
	sanlock=4.0.0-r0
>>> sanlock-dev*: Package size: 37.0 KB
>>> sanlock-dev*: Compressing data...
>>> sanlock-dev*: Create checksum...
>>> sanlock-dev*: Create sanlock-dev-4.0.0-r0.apk
>>> sanlock-doc*: Tracing dependencies...
>>> sanlock-doc*: Package size: 16.0 KB
>>> sanlock-doc*: Compressing data...
>>> sanlock-doc*: Create checksum...
>>> sanlock-doc*: Create sanlock-doc-4.0.0-r0.apk
>>> sanlock-openrc*: Tracing dependencies...
>>> sanlock-openrc*: Package size: 393.0 B
>>> sanlock-openrc*: Compressing data...
>>> sanlock-openrc*: Create checksum...
>>> sanlock-openrc*: Create sanlock-openrc-4.0.0-r0.apk
>>> sanlock*: Tracing dependencies...
	/bin/sh
	so:libaio.so.1
	so:libblkid.so.1
	so:libc.musl-x86_64.so.1
	so:libuuid.so.1
>>> sanlock*: Package size: 537.3 KB
>>> sanlock*: Compressing data...
>>> sanlock*: Create checksum...
>>> sanlock*: Create sanlock-4.0.0-r0.apk
>>> sanlock: Updating the main/x86_64 repository index...
>>> sanlock: Signing the index...
>>> sanlock: Cleaning up srcdir
>>> sanlock: Cleaning up build chroot
>>> sanlock: Cleaning up pkgdir
