pigz: not found
>>> dns-root-hints: Building main/dns-root-hints 2024021501-r0 (using abuild 3.14.1-r4) started Thu, 22 May 2025 23:07:25 +0000
>>> dns-root-hints: Validating /home/packager/aports/main/dns-root-hints/APKBUILD...
>>> dns-root-hints: Analyzing dependencies...
>>> dns-root-hints: Installing for build: build-base curl gpgv gpg
(1/21) Installing curl (8.13.0-r1)
(2/21) Installing libassuan (2.5.7-r0)
(3/21) Installing libgcrypt (1.10.3-r1)
(4/21) Installing npth (1.8-r0)
(5/21) Installing gpgv (2.4.7-r0)
(6/21) Installing pinentry (1.3.1-r0)
Executing pinentry-1.3.1-r0.post-install
(7/21) Installing gnupg-gpgconf (2.4.7-r0)
(8/21) Installing nettle (3.10-r1)
(9/21) Installing libffi (3.4.7-r0)
(10/21) Installing libtasn1 (4.20.0-r0)
(11/21) Installing p11-kit (0.25.5-r2)
(12/21) Installing gnutls (3.8.8-r0)
(13/21) Installing libksba (1.6.7-r0)
(14/21) Installing gdbm (1.24-r0)
(15/21) Installing libsasl (2.1.28-r8)
(16/21) Installing libldap (2.6.8-r0)
(17/21) Installing gnupg-dirmngr (2.4.7-r0)
(18/21) Installing sqlite-libs (3.49.2-r0)
(19/21) Installing gnupg-keyboxd (2.4.7-r0)
(20/21) Installing gpg (2.4.7-r0)
(21/21) Installing .makedepends-dns-root-hints (20250522.230728)
Executing busybox-1.37.0-r12.trigger
OK: 323 MiB in 135 packages
>>> dns-root-hints: Cleaning up srcdir
>>> dns-root-hints: Cleaning up pkgdir
>>> dns-root-hints: Cleaning up tmpdir
>>> dns-root-hints: Checking sha512sums...
verisign-grs-nstld-key.asc: OK
named.root: OK
named.root.sig: OK
update-dns-root-hints: OK
dns-root-hints.crond: OK
OK: 2024021501
>>> dns-root-hints: Entering fakeroot...
>>> dns-root-hints*: Running postcheck for dns-root-hints
>>> dns-root-hints*: Preparing package dns-root-hints...
libfakeroot internal error: payload not recognized!
>>> dns-root-hints*: Tracing dependencies...
	curl
	gpgv
>>> dns-root-hints*: Package size: 10.2 KB
>>> dns-root-hints*: Compressing data...
>>> dns-root-hints*: Create checksum...
libfakeroot internal error: payload not recognized!
pigz: not found
>>> dns-root-hints*: Create dns-root-hints-2024021501-r0.apk
>>> dns-root-hints: Build complete at Thu, 22 May 2025 23:07:31 +0000 elapsed time 0h 0m 6s
>>> dns-root-hints: Cleaning up srcdir
>>> dns-root-hints: Cleaning up pkgdir
>>> dns-root-hints: Uninstalling dependencies...
(1/21) Purging .makedepends-dns-root-hints (20250522.230728)
(2/21) Purging curl (8.13.0-r1)
(3/21) Purging gpgv (2.4.7-r0)
(4/21) Purging gpg (2.4.7-r0)
(5/21) Purging gnupg-dirmngr (2.4.7-r0)
(6/21) Purging gnupg-gpgconf (2.4.7-r0)
(7/21) Purging pinentry (1.3.1-r0)
(8/21) Purging gnupg-keyboxd (2.4.7-r0)
(9/21) Purging gnutls (3.8.8-r0)
(10/21) Purging libassuan (2.5.7-r0)
(11/21) Purging libgcrypt (1.10.3-r1)
(12/21) Purging libksba (1.6.7-r0)
(13/21) Purging libldap (2.6.8-r0)
(14/21) Purging libsasl (2.1.28-r8)
(15/21) Purging nettle (3.10-r1)
(16/21) Purging npth (1.8-r0)
(17/21) Purging p11-kit (0.25.5-r2)
(18/21) Purging sqlite-libs (3.49.2-r0)
(19/21) Purging gdbm (1.24-r0)
(20/21) Purging libffi (3.4.7-r0)
(21/21) Purging libtasn1 (4.20.0-r0)
Executing busybox-1.37.0-r12.trigger
OK: 313 MiB in 114 packages
>>> dns-root-hints: Updating the main/x86_64 repository index...
>>> dns-root-hints: Signing the index...
pigz: not found
