pigz: not found
>>> nmap: Building main/nmap 7.96-r0 (using abuild 3.14.1-r4) started Fri, 23 May 2025 18:05:17 +0000
>>> nmap: Validating /home/packager/aports/main/nmap/APKBUILD...
>>> nmap: Analyzing dependencies...
>>> nmap: Installing for build: build-base autoconf automake libtool libpcap-dev libssh2-dev linux-headers lua5.4-dev openssl-dev pcre-dev zlib-dev
(1/14) Installing libltdl (2.4.7-r3)
(2/14) Installing libtool (2.4.7-r3)
(3/14) Installing libpcap (1.10.5-r0)
(4/14) Installing libpcap-dev (1.10.5-r0)
(5/14) Installing libssh2 (1.11.1-r0)
(6/14) Installing openssl-dev (3.5.0-r0)
(7/14) Installing libssh2-dev (1.11.1-r0)
(8/14) Installing lua5.4-dev (5.4.7-r0)
(9/14) Installing libpcre16 (8.45-r3)
(10/14) Installing libpcre32 (8.45-r3)
(11/14) Installing pcre (8.45-r3)
(12/14) Installing libpcrecpp (8.45-r3)
(13/14) Installing pcre-dev (8.45-r3)
(14/14) Installing .makedepends-nmap (20250523.180519)
Executing busybox-1.37.0-r12.trigger
OK: 574 MiB in 146 packages
>>> nmap: Cleaning up srcdir
>>> nmap: Cleaning up pkgdir
>>> nmap: Cleaning up tmpdir
>>> nmap: Fetching https://nmap.org/dist/nmap-7.96.tar.bz2
Connecting to nmap.org (50.116.1.184:443)
saving to '/var/cache/distfiles/nmap-7.96.tar.bz2.part'
nmap-7.96.tar.bz2.pa   1% |                                |  192k  0:01:00 ETA
nmap-7.96.tar.bz2.pa  52% |****************                | 6240k  0:00:01 ETA
nmap-7.96.tar.bz2.pa 100% |********************************| 11.5M  0:00:00 ETA
'/var/cache/distfiles/nmap-7.96.tar.bz2.part' saved
>>> nmap: Fetching https://nmap.org/dist/nmap-7.96.tar.bz2
>>> nmap: Checking sha512sums...
nmap-7.96.tar.bz2: OK
fortify-source.patch: OK
0001-Fix-build-conflicting-types-for-strlcat.patch: OK
>>> nmap: Unpacking /var/cache/distfiles/nmap-7.96.tar.bz2...
>>> nmap: fortify-source.patch
patching file Makefile.in
Hunk #1 succeeded at 39 (offset -2 lines).
>>> nmap: 0001-Fix-build-conflicting-types-for-strlcat.patch
patching file libdnet-stripped/acconfig.h
>>> nmap: Updating ./ncat/config.sub
>>> nmap: Updating ./config.sub
loongarch64-alpine-linux-musl
>>> nmap: No update needed for ./libssh2/config.sub
loongarch64-alpine-linux-musl
>>> nmap: No update needed for ./libdnet-stripped/config/config.sub
loongarch64-alpine-linux-musl
>>> nmap: No update needed for ./libpcre/config.sub
loongarch64-alpine-linux-musl
>>> nmap: No update needed for ./libpcap/config.sub
>>> nmap: Updating ./nping/config.sub
autoreconf: export WARNINGS=
autoreconf: Entering directory 'libpcre'
autoreconf: configure.ac: not using Gettext
autoreconf: running: aclocal --force -I m4
autoreconf: configure.ac: tracing
autoreconf: running: libtoolize --copy --force
libtoolize: putting auxiliary files in '.'.
libtoolize: copying file './ltmain.sh'
libtoolize: putting macros in AC_CONFIG_MACRO_DIRS, 'm4'.
libtoolize: copying file 'm4/libtool.m4'
libtoolize: copying file 'm4/ltoptions.m4'
libtoolize: copying file 'm4/ltsugar.m4'
libtoolize: copying file 'm4/ltversion.m4'
libtoolize: copying file 'm4/lt~obsolete.m4'
autoreconf: configure.ac: not using Intltool
autoreconf: configure.ac: not using Gtkdoc
autoreconf: running: aclocal --force -I m4
autoreconf: running: /usr/bin/autoconf --force
autoreconf: running: /usr/bin/autoheader --force
autoreconf: running: automake --add-missing --copy --force-missing
configure.ac:54: installing './compile'
configure.ac:28: installing './missing'
Makefile.am: installing './depcomp'
autoreconf: Leaving directory 'libpcre'
autoreconf: Entering directory 'libdnet-stripped'
autoreconf: configure.ac: not using Gettext
autoreconf: running: aclocal --force 
autoreconf: configure.ac: tracing
autoreconf: running: libtoolize --copy --force
libtoolize: putting auxiliary files in AC_CONFIG_AUX_DIR, 'config'.
libtoolize: copying file 'config/ltmain.sh'
libtoolize: putting macros in AC_CONFIG_MACRO_DIRS, 'm4'.
libtoolize: copying file 'm4/libtool.m4'
libtoolize: copying file 'm4/ltoptions.m4'
libtoolize: copying file 'm4/ltsugar.m4'
libtoolize: copying file 'm4/ltversion.m4'
libtoolize: copying file 'm4/lt~obsolete.m4'
libtoolize: Consider adding '-I m4' to ACLOCAL_AMFLAGS in Makefile.am.
autoreconf: configure.ac: not using Intltool
autoreconf: configure.ac: not using Gtkdoc
autoreconf: running: aclocal --force 
autoreconf: running: /usr/bin/autoconf --force
configure.ac:38: warning: _LT_SET_OPTION([LT_INIT],[dlopen])
configure.ac:38: m4_warn([obsolete],[_LT_SET_OPTION([LT_INIT],[dlopen])
configure.ac:38: m4_warn([obsolete],[_LT_SET_OPTION([LT_INIT],[dlopen])
configure.ac:38: m4_warn([obsolete],[_LT_SET_OPTION([LT_INIT],[dlopen])
configure.ac:38: m4_warn([obsolete],[AC_LIBTOOL_DLOPEN: Remove this warning and the call to _LT_SET_OPTION when you
configure.ac:38: put the 'dlopen' option into LT_INIT's first parameter.])
configure.ac:38: : Remove this warning and the call to _LT_SET_OPTION when you
configure.ac:38: put the 'dlopen' option into LT_INIT's first parameter.])
configure.ac:38: : Remove this warning and the call to _LT_SET_OPTION when you
configure.ac:38: put the 'dlopen' option into LT_INIT's first parameter.])
configure.ac:38: : Remove this warning and the call to _LT_SET_OPTION when you
configure.ac:38: put the 'dlopen' option into LT_INIT's first parameter.])
configure.ac:38: : Remove this warning and the call to _LT_SET_OPTION when you
configure.ac:38: put the 'dlopen' option into LT_INIT's first parameter.
configure.ac:143: warning: The macro 'AC_TRY_COMPILE' is obsolete.
configure.ac:143: You should run autoupdate.
./lib/autoconf/general.m4:2845: AC_TRY_COMPILE is expanded from...
m4/acinclude.m4:30: AC_DNET_SOCKADDR_IN6 is expanded from...
configure.ac:143: the top level
configure.ac:145: warning: The macro 'AC_TRY_COMPILE' is obsolete.
configure.ac:145: You should run autoupdate.
./lib/autoconf/general.m4:2845: AC_TRY_COMPILE is expanded from...
m4/acinclude.m4:7: AC_DNET_SOCKADDR_SA_LEN is expanded from...
configure.ac:145: the top level
configure.ac:148: warning: The macro 'AC_TRY_COMPILE' is obsolete.
configure.ac:148: You should run autoupdate.
./lib/autoconf/general.m4:2845: AC_TRY_COMPILE is expanded from...
m4/acinclude.m4:51: AC_DNET_ARPREQ_ARP_DEV is expanded from...
configure.ac:148: the top level
configure.ac:151: warning: The macro 'AC_TRY_COMPILE' is obsolete.
configure.ac:151: You should run autoupdate.
./lib/autoconf/general.m4:2845: AC_TRY_COMPILE is expanded from...
m4/acinclude.m4:72: AC_DNET_ROUTE_RT_MSGHDR is expanded from...
configure.ac:151: the top level
configure.ac:153: warning: The macro 'AC_PROG_GCC_TRADITIONAL' is obsolete.
configure.ac:153: You should run autoupdate.
./lib/autoconf/c.m4:1676: AC_PROG_GCC_TRADITIONAL is expanded from...
configure.ac:153: the top level
configure.ac:166: warning: The macro 'AC_TRY_COMPILE' is obsolete.
configure.ac:166: You should run autoupdate.
./lib/autoconf/general.m4:2845: AC_TRY_COMPILE is expanded from...
m4/acinclude.m4:137: AC_DNET_LINUX_PF_PACKET is expanded from...
configure.ac:166: the top level
configure.ac:172: warning: The macro 'AC_TRY_COMPILE' is obsolete.
configure.ac:172: You should run autoupdate.
./lib/autoconf/general.m4:2845: AC_TRY_COMPILE is expanded from...
m4/acinclude.m4:266: AC_DNET_GETKERNINFO is expanded from...
configure.ac:172: the top level
autoreconf: running: /usr/bin/autoheader --force
autoheader: warning: WARNING: Using auxiliary files such as 'acconfig.h', 'config.h.bot'
autoheader: WARNING: and 'config.h.top', to define templates for 'config.h.in'
autoheader: WARNING: is deprecated and discouraged.
autoheader: 
autoheader: WARNING: Using the third argument of 'AC_DEFINE_UNQUOTED' and
autoheader: WARNING: 'AC_DEFINE' allows one to define a template without
autoheader: WARNING: 'acconfig.h':
autoheader: 
autoheader: WARNING:   AC_DEFINE([NEED_FUNC_MAIN], 1,
autoheader: 		[Define if a function 'main' is needed.])
autoheader: 
autoheader: WARNING: More sophisticated templates can also be produced, see the
autoheader: WARNING: documentation.
autoreconf: running: automake --add-missing --copy --force-missing
configure.ac:17: installing 'config/compile'
configure.ac:13: installing 'config/missing'
autoreconf: Leaving directory 'libdnet-stripped'
checking whether NLS is requested... yes
checking build system type... x86_64-alpine-linux-musl
checking host system type... x86_64-alpine-linux-musl
checking for x86_64-alpine-linux-musl-gcc... gcc
checking whether the C compiler works... no
configure: error: in `/home/packager/aports/main/nmap/src/nmap-7.96':
configure: error: C compiler cannot create executables
See `config.log' for more details
>>> ERROR: nmap: build failed
>>> nmap: Uninstalling dependencies...
(1/14) Purging .makedepends-nmap (20250523.180519)
(2/14) Purging libtool (2.4.7-r3)
(3/14) Purging libltdl (2.4.7-r3)
(4/14) Purging libpcap-dev (1.10.5-r0)
(5/14) Purging libpcap (1.10.5-r0)
(6/14) Purging libssh2-dev (1.11.1-r0)
(7/14) Purging libssh2 (1.11.1-r0)
(8/14) Purging lua5.4-dev (5.4.7-r0)
(9/14) Purging openssl-dev (3.5.0-r0)
(10/14) Purging pcre-dev (8.45-r3)
(11/14) Purging libpcre16 (8.45-r3)
(12/14) Purging libpcre32 (8.45-r3)
(13/14) Purging libpcrecpp (8.45-r3)
(14/14) Purging pcre (8.45-r3)
Executing busybox-1.37.0-r12.trigger
OK: 564 MiB in 132 packages
