pigz: not found
>>> drbd-utils: Building main/drbd-utils 9.28.0-r3 (using abuild 3.14.1-r4) started Fri, 23 May 2025 17:59:31 +0000
>>> drbd-utils: Validating /home/packager/aports/main/drbd-utils/APKBUILD...
>>> drbd-utils: Analyzing dependencies...
>>> drbd-utils: Installing for build: build-base cmd:bash asciidoctor bison docbook-xsl flex keyutils-dev libxslt linux-headers po4a
(1/26) Installing ca-certificates (20241121-r2)
(2/26) Installing libffi (3.4.7-r0)
(3/26) Installing yaml (0.2.5-r2)
(4/26) Installing ruby-libs (3.3.8-r0)
(5/26) Installing ruby (3.3.8-r0)
(6/26) Installing asciidoctor (2.0.23-r1)
(7/26) Installing xz-libs (5.6.3-r1)
(8/26) Installing libxml2 (2.13.4-r6)
(9/26) Installing libxml2-utils (2.13.4-r6)
(10/26) Installing docbook-xml (4.5-r10)
Executing docbook-xml-4.5-r10.post-install
(11/26) Installing libgcrypt (1.10.3-r1)
(12/26) Installing libxslt (1.1.42-r2)
(13/26) Installing docbook-xsl-ns (1.79.2-r11)
Executing docbook-xsl-ns-1.79.2-r11.post-install
(14/26) Installing docbook-xsl-nons (1.79.2-r11)
Executing docbook-xsl-nons-1.79.2-r11.post-install
(15/26) Installing docbook-xsl (1.79.2-r11)
(16/26) Installing keyutils-libs (1.6.3-r4)
(17/26) Installing keyutils-dev (1.6.3-r4)
(18/26) Installing gettext-libs (0.22.5-r0)
(19/26) Installing gettext (0.22.5-r0)
(20/26) Installing perl-pod-parser (1.67-r0)
(21/26) Installing perl-class-inspector (1.36-r3)
(22/26) Installing perl-file-sharedir (1.118-r1)
(23/26) Installing perl-xs-parse-keyword (0.48-r0)
(24/26) Installing perl-syntax-keyword-try (0.30-r0)
(25/26) Installing po4a (0.73-r2)
(26/26) Installing .makedepends-drbd-utils (20250523.175932)
Executing ca-certificates-20241121-r2.trigger
Executing busybox-1.37.0-r12.trigger
OK: 616 MiB in 158 packages
>>> drbd-utils: Cleaning up srcdir
>>> drbd-utils: Cleaning up pkgdir
>>> drbd-utils: Cleaning up tmpdir
>>> drbd-utils: Fetching https://pkg.linbit.com/downloads/drbd/utils/drbd-utils-9.28.0.tar.gz
Connecting to pkg.linbit.com (34.107.11.208:443)
saving to '/var/cache/distfiles/drbd-utils-9.28.0.tar.gz.part'
drbd-utils-9.28.0.ta 100% |********************************| 1269k  0:00:00 ETA
'/var/cache/distfiles/drbd-utils-9.28.0.tar.gz.part' saved
>>> drbd-utils: Fetching https://pkg.linbit.com/downloads/drbd/utils/drbd-utils-9.28.0.tar.gz
>>> drbd-utils: Checking sha512sums...
drbd-utils-9.28.0.tar.gz: OK
drbdsetup-permissions.patch: OK
drbd.initd: OK
0001-user-v84-makefile-use-libdir-when-installing.patch: OK
0002-use-usr-lib-path-for-dtbdtools.patch: OK
>>> drbd-utils: Unpacking /var/cache/distfiles/drbd-utils-9.28.0.tar.gz...
>>> drbd-utils: drbdsetup-permissions.patch
patching file user/v9/Makefile.in
>>> drbd-utils: 0001-user-v84-makefile-use-libdir-when-installing.patch
patching file user/v84/Makefile.in
>>> drbd-utils: 0002-use-usr-lib-path-for-dtbdtools.patch
patching file user/v84/drbdadm_usage_cnt.c
patching file user/v9/drbdtool_common.c
configure: WARNING: unrecognized options: --disable-dependency-tracking, --without-83support
checking for x86_64-alpine-linux-musl-gcc... gcc
checking whether the C compiler works... no
configure: error: in `/home/packager/aports/main/drbd-utils/src/drbd-utils-9.28.0':
configure: error: C compiler cannot create executables
See `config.log' for more details
>>> ERROR: drbd-utils: build failed
>>> drbd-utils: Uninstalling dependencies...
(1/26) Purging .makedepends-drbd-utils (20250523.175932)
(2/26) Purging asciidoctor (2.0.23-r1)
(3/26) Purging ruby (3.3.8-r0)
(4/26) Purging ca-certificates (20241121-r2)
Executing ca-certificates-20241121-r2.post-deinstall
(5/26) Purging docbook-xsl (1.79.2-r11)
(6/26) Purging docbook-xsl-ns (1.79.2-r11)
Executing docbook-xsl-ns-1.79.2-r11.pre-deinstall
(7/26) Purging docbook-xsl-nons (1.79.2-r11)
Executing docbook-xsl-nons-1.79.2-r11.pre-deinstall
(8/26) Purging docbook-xml (4.5-r10)
Executing docbook-xml-4.5-r10.pre-deinstall
(9/26) Purging libxml2-utils (2.13.4-r6)
(10/26) Purging keyutils-dev (1.6.3-r4)
(11/26) Purging keyutils-libs (1.6.3-r4)
(12/26) Purging libxslt (1.1.42-r2)
(13/26) Purging po4a (0.73-r2)
(14/26) Purging gettext (0.22.5-r0)
(15/26) Purging perl-pod-parser (1.67-r0)
(16/26) Purging perl-syntax-keyword-try (0.30-r0)
(17/26) Purging perl-xs-parse-keyword (0.48-r0)
(18/26) Purging perl-file-sharedir (1.118-r1)
(19/26) Purging perl-class-inspector (1.36-r3)
(20/26) Purging gettext-libs (0.22.5-r0)
(21/26) Purging libgcrypt (1.10.3-r1)
(22/26) Purging libxml2 (2.13.4-r6)
(23/26) Purging ruby-libs (3.3.8-r0)
(24/26) Purging xz-libs (5.6.3-r1)
(25/26) Purging yaml (0.2.5-r2)
(26/26) Purging libffi (3.4.7-r0)
Executing busybox-1.37.0-r12.trigger
OK: 564 MiB in 132 packages
