pigz: not found
>>> perl-parallel-forkmanager: Building main/perl-parallel-forkmanager 2.03-r0 (using abuild 3.14.1-r4) started Sun, 18 May 2025 07:35:52 +0000
>>> perl-parallel-forkmanager: Validating /home/packager/aports/main/perl-parallel-forkmanager/APKBUILD...
>>> perl-parallel-forkmanager: Analyzing dependencies...
>>> perl-parallel-forkmanager: Installing for build: build-base perl perl-moo perl-test-warn
(1/12) Installing libbz2 (1.0.8-r6)
(2/12) Installing perl (5.40.2-r0)
(3/12) Installing perl-class-method-modifiers (2.15-r1)
(4/12) Installing perl-sub-quote (2.006008-r1)
(5/12) Installing perl-role-tiny (2.002004-r2)
(6/12) Installing perl-moo (2.005005-r1)
(7/12) Installing perl-sub-uplevel (0.2800-r6)
(8/12) Installing perl-test-warn (0.37-r2)
(9/12) Installing .makedepends-perl-parallel-forkmanager (20250518.073554)
(10/12) Installing perl-error (0.17029-r2)
(11/12) Installing perl-git (2.47.2-r0)
(12/12) Installing git-perl (2.47.2-r0)
Executing busybox-1.37.0-r12.trigger
OK: 297 MiB in 93 packages
>>> perl-parallel-forkmanager: Cleaning up srcdir
>>> perl-parallel-forkmanager: Cleaning up pkgdir
>>> perl-parallel-forkmanager: Cleaning up tmpdir
>>> perl-parallel-forkmanager: Fetching https://cpan.metacpan.org/authors/id/Y/YA/YANICK/Parallel-ForkManager-2.03.tar.gz
Connecting to cpan.metacpan.org (146.75.122.217:443)
saving to '/var/cache/distfiles/Parallel-ForkManager-2.03.tar.gz.part'
Parallel-ForkManager 100% |********************************| 35459  0:00:00 ETA
'/var/cache/distfiles/Parallel-ForkManager-2.03.tar.gz.part' saved
>>> perl-parallel-forkmanager: Fetching https://cpan.metacpan.org/authors/id/Y/YA/YANICK/Parallel-ForkManager-2.03.tar.gz
>>> perl-parallel-forkmanager: Checking sha512sums...
Parallel-ForkManager-2.03.tar.gz: OK
>>> perl-parallel-forkmanager: Unpacking /var/cache/distfiles/Parallel-ForkManager-2.03.tar.gz...
Checking if your kit is complete...
Looks good
Generating a Unix-style Makefile
Writing Makefile for Parallel::ForkManager
Writing MYMETA.yml and MYMETA.json
cp lib/Parallel/ForkManager/Child.pm blib/lib/Parallel/ForkManager/Child.pm
cp lib/Parallel/ForkManager.pm blib/lib/Parallel/ForkManager.pm
Manifying 2 pod documents
PERL_DL_NONLAZY=1 "/usr/bin/perl" "-MExtUtils::Command::MM" "-MTest::Harness" "-e" "undef *Test::Harness::Switches; test_harness(0, 'blib/lib', 'blib/arch')" t/*.t
t/00-compile.t ............ ok
# time: 0 seconds
# time: 20 seconds
# time: 0 seconds
# time: 7 seconds
t/00-load.t ............... ok
# 
# Versions for all modules listed in MYMETA.json (including optional ones):
# 
# === Configure Requires ===
# 
#     Module              Want Have
#     ------------------- ---- ----
#     ExtUtils::MakeMaker  any 7.70
# 
# === Build Requires ===
# 
#     Module              Want Have
#     ------------------- ---- ----
#     ExtUtils::MakeMaker  any 7.70
# 
# === Test Requires ===
# 
#     Module               Want     Have
#     ------------------- ----- --------
#     ExtUtils::MakeMaker   any     7.70
#     File::Spec            any     3.91
#     IO::Handle            any     1.55
#     IPC::Open3            any     1.22
#     Test::More           0.94 1.302199
#     Test::Warn            any     0.37
#     perl                5.006 5.040002
# 
# === Test Recommends ===
# 
#     Module         Want     Have
#     ---------- -------- --------
#     CPAN::Meta 2.120900 2.150010
# 
# === Runtime Requires ===
# 
#     Module         Want     Have
#     ---------- -------- --------
#     Carp            any     1.54
#     File::Path      any     2.18
#     File::Spec      any     3.91
#     File::Temp      any   0.2311
#     Moo        1.001000 2.005005
#     Moo::Role       any 2.005005
#     POSIX           any     2.20
#     Storable        any     3.32
#     perl          5.006 5.040002
#     strict          any     1.13
#     warnings        any     1.70
# 
t/00-report-prereqs.t ..... ok
t/01-utf8-all.t ........... skipped: Need utf8::all for this test crashing on Windows
# This test can take 10-20 seconds, please wait. Started at Sun May 18 07:36:23 2025
t/02-callback.t ........... ok
# This test can take 2-6 seconds, please wait. Started at Sun May 18 07:36:39 2025
t/03-callback-data.t ...... ok
t/basic-methods.t ......... ok
t/changing-pids.t ......... ok
t/start_child.t ........... ok
# code outside of P::FM stole 16103
child process '16103' disappeared. A call to `waitpid` outside of Parallel::ForkManager might have reaped it.
t/waitpid-conflict.t ...... ok
# code outside of P::FM stole 16105
t/waitpid-waitonechild.t .. ok
t/waitpid_blocking.t ...... ok
All tests successful.

Test Summary Report
-------------------
t/waitpid-conflict.t    (Wstat: 0 Tests: 2 Failed: 0)
  TODO passed:   1-2
t/waitpid-waitonechild.t (Wstat: 0 Tests: 3 Failed: 0)
  TODO passed:   1-3
Files=12, Tests=28, 71 wallclock secs ( 0.07 usr  0.01 sys +  2.25 cusr  0.57 csys =  2.90 CPU)
Result: PASS
>>> perl-parallel-forkmanager: Entering fakeroot...
Manifying 2 pod documents
Installing /home/packager/aports/main/perl-parallel-forkmanager/pkg/perl-parallel-forkmanager/usr/share/perl5/vendor_perl/Parallel/ForkManager.pm
Installing /home/packager/aports/main/perl-parallel-forkmanager/pkg/perl-parallel-forkmanager/usr/share/perl5/vendor_perl/Parallel/ForkManager/Child.pm
Installing /home/packager/aports/main/perl-parallel-forkmanager/pkg/perl-parallel-forkmanager/usr/share/man/man3/Parallel::ForkManager::Child.3pm
Installing /home/packager/aports/main/perl-parallel-forkmanager/pkg/perl-parallel-forkmanager/usr/share/man/man3/Parallel::ForkManager.3pm
>>> perl-parallel-forkmanager-doc*: Running split function doc...
'usr/share/man' -> '/home/packager/aports/main/perl-parallel-forkmanager/pkg/perl-parallel-forkmanager-doc/usr/share/man'
>>> perl-parallel-forkmanager-doc*: Preparing subpackage perl-parallel-forkmanager-doc...
>>> perl-parallel-forkmanager-doc*: Running postcheck for perl-parallel-forkmanager-doc
>>> perl-parallel-forkmanager*: Running postcheck for perl-parallel-forkmanager
>>> perl-parallel-forkmanager*: Preparing package perl-parallel-forkmanager...
>>> perl-parallel-forkmanager-doc*: Tracing dependencies...
>>> perl-parallel-forkmanager-doc*: Package size: 10.7 KB
>>> perl-parallel-forkmanager-doc*: Compressing data...
>>> perl-parallel-forkmanager-doc*: Create checksum...
pigz: not found
>>> perl-parallel-forkmanager-doc*: Create perl-parallel-forkmanager-doc-2.03-r0.apk
>>> perl-parallel-forkmanager*: Tracing dependencies...
	perl
	perl-moo
>>> perl-parallel-forkmanager*: Package size: 31.1 KB
>>> perl-parallel-forkmanager*: Compressing data...
>>> perl-parallel-forkmanager*: Create checksum...
pigz: not found
>>> perl-parallel-forkmanager*: Create perl-parallel-forkmanager-2.03-r0.apk
>>> perl-parallel-forkmanager: Build complete at Sun, 18 May 2025 07:37:07 +0000 elapsed time 0h 1m 15s
>>> perl-parallel-forkmanager: Cleaning up srcdir
>>> perl-parallel-forkmanager: Cleaning up pkgdir
>>> perl-parallel-forkmanager: Uninstalling dependencies...
(1/12) Purging .makedepends-perl-parallel-forkmanager (20250518.073554)
(2/12) Purging perl-moo (2.005005-r1)
(3/12) Purging perl-class-method-modifiers (2.15-r1)
(4/12) Purging perl-sub-quote (2.006008-r1)
(5/12) Purging perl-role-tiny (2.002004-r2)
(6/12) Purging perl-test-warn (0.37-r2)
(7/12) Purging perl-sub-uplevel (0.2800-r6)
(8/12) Purging git-perl (2.47.2-r0)
(9/12) Purging perl-git (2.47.2-r0)
(10/12) Purging perl-error (0.17029-r2)
(11/12) Purging perl (5.40.2-r0)
(12/12) Purging libbz2 (1.0.8-r6)
Executing busybox-1.37.0-r12.trigger
OK: 260 MiB in 81 packages
>>> perl-parallel-forkmanager: Updating the main/x86_64 repository index...
>>> perl-parallel-forkmanager: Signing the index...
pigz: not found
