pigz: not found
>>> open-lldp: Building main/open-lldp 1.1-r2 (using abuild 3.14.1-r4) started Fri, 23 May 2025 18:39:14 +0000
>>> open-lldp: Validating /home/packager/aports/main/open-lldp/APKBUILD...
>>> open-lldp: Analyzing dependencies...
>>> open-lldp: Installing for build: build-base autoconf automake bsd-compat-headers flex libconfig-dev libnl3-dev libtool linux-headers readline-dev
(1/9) Installing libconfig++ (1.7.3-r3)
(2/9) Installing libconfig (1.7.3-r3)
(3/9) Installing libconfig-dev (1.7.3-r3)
(4/9) Installing libnl3 (3.11.0-r0)
(5/9) Installing libnl3-cli (3.11.0-r0)
(6/9) Installing libnl3-dev (3.11.0-r0)
(7/9) Installing libltdl (2.4.7-r3)
(8/9) Installing libtool (2.4.7-r3)
(9/9) Installing .makedepends-open-lldp (20250523.183917)
Executing busybox-1.37.0-r12.trigger
OK: 569 MiB in 141 packages
>>> open-lldp: Cleaning up srcdir
>>> open-lldp: Cleaning up pkgdir
>>> open-lldp: Cleaning up tmpdir
>>> open-lldp: Fetching open-lldp-1.1.tar.gz::https://github.com/intel/openlldp/archive/refs/tags/v1.1.tar.gz
Connecting to github.com (140.82.121.3:443)
Connecting to codeload.github.com (140.82.121.9:443)
saving to '/var/cache/distfiles/open-lldp-1.1.tar.gz.part'
open-lldp-1.1.tar.gz 100% |********************************|  426k  0:00:00 ETA
'/var/cache/distfiles/open-lldp-1.1.tar.gz.part' saved
>>> open-lldp: Fetching open-lldp-1.1.tar.gz::https://github.com/intel/openlldp/archive/refs/tags/v1.1.tar.gz
>>> open-lldp: Checking sha512sums...
open-lldp-1.1.tar.gz: OK
reopenstdout.patch: OK
string-header.patch: OK
lldpad.initd: OK
lldpad.confd: OK
>>> open-lldp: Unpacking /var/cache/distfiles/open-lldp-1.1.tar.gz...
>>> open-lldp: reopenstdout.patch
patching file test/lldp_clif_test.c
>>> open-lldp: string-header.patch
patching file clif.c
libtoolize: putting auxiliary files in '.'.
libtoolize: linking file './ltmain.sh'
libtoolize: putting macros in AC_CONFIG_MACRO_DIRS, 'm4'.
libtoolize: linking file 'm4/libtool.m4'
libtoolize: linking file 'm4/ltoptions.m4'
libtoolize: linking file 'm4/ltsugar.m4'
libtoolize: linking file 'm4/ltversion.m4'
libtoolize: linking file 'm4/lt~obsolete.m4'
configure.ac:18: warning: AC_PROG_LEX without either yywrap or noyywrap is obsolete
./lib/autoconf/programs.m4:743: _AC_PROG_LEX is expanded from...
./lib/autoconf/programs.m4:736: AC_PROG_LEX is expanded from...
configure.ac:18: the top level
configure.ac:19: warning: The macro 'AC_PROG_LIBTOOL' is obsolete.
configure.ac:19: You should run autoupdate.
m4/libtool.m4:100: AC_PROG_LIBTOOL is expanded from...
configure.ac:19: the top level
configure.ac:5: installing './ar-lib'
configure.ac:5: installing './compile'
configure.ac:19: installing './config.guess'
configure.ac:19: installing './config.sub'
configure.ac:2: installing './install-sh'
configure.ac:2: installing './missing'
Makefile.am: installing './depcomp'
parallel-tests: installing './test-driver'
checking for a BSD-compatible install... /usr/bin/install -c
checking whether sleep supports fractional seconds... yes
checking filesystem timestamp resolution... 0.01
checking whether build environment is sane... yes
checking for a race-free mkdir -p... /bin/mkdir -p
checking for gawk... gawk
checking whether make sets $(MAKE)... yes
checking whether make supports nested variables... yes
checking xargs -n works... yes
checking whether make supports the include directive... yes (GNU style)
checking for x86_64-alpine-linux-musl-gcc... gcc
checking whether the C compiler works... no
configure: error: in '/home/packager/aports/main/open-lldp/src/openlldp-1.1':
configure: error: C compiler cannot create executables
See 'config.log' for more details
>>> ERROR: open-lldp: build failed
>>> open-lldp: Uninstalling dependencies...
(1/9) Purging .makedepends-open-lldp (20250523.183917)
(2/9) Purging libconfig-dev (1.7.3-r3)
(3/9) Purging libconfig++ (1.7.3-r3)
(4/9) Purging libconfig (1.7.3-r3)
(5/9) Purging libnl3-dev (3.11.0-r0)
(6/9) Purging libnl3-cli (3.11.0-r0)
(7/9) Purging libnl3 (3.11.0-r0)
(8/9) Purging libtool (2.4.7-r3)
(9/9) Purging libltdl (2.4.7-r3)
Executing busybox-1.37.0-r12.trigger
OK: 564 MiB in 132 packages
