pigz: not found
>>> nginx: Building main/nginx 1.28.0-r0 (using abuild 3.14.1-r4) started Fri, 23 May 2025 19:03:39 +0000
>>> nginx: Validating /home/packager/aports/main/nginx/APKBUILD...
>>> nginx: Analyzing dependencies...
>>> nginx: Installing for build: build-base brotli-dev gd-dev geoip-dev hiredis-dev jansson-dev libmaxminddb-dev libxml2-dev libxslt-dev linux-headers openssl-dev>3 pcre-dev perl-dev pkgconf zeromq-dev zlib-dev zstd-dev !zstd-static luajit-dev gd perl perl-fcgi perl-io-socket-ssl perl-net-ssleay perl-protocol-websocket tzdata uwsgi-python3
(1/102) Installing brotli (1.1.0-r2)
(2/102) Installing brotli-dev (1.1.0-r2)
(3/102) Installing libxau (1.0.12-r0)
(4/102) Installing libmd (1.1.0-r0)
(5/102) Installing libbsd (0.12.2-r0)
(6/102) Installing libxdmcp (1.1.5-r1)
(7/102) Installing libxcb (1.16.1-r0)
(8/102) Installing libx11 (1.8.10-r0)
(9/102) Installing libxext (1.3.6-r2)
(10/102) Installing libice (1.1.1-r6)
(11/102) Installing libuuid (2.40.4-r1)
(12/102) Installing libsm (1.2.4-r4)
(13/102) Installing libxt (1.3.1-r0)
(14/102) Installing libxpm (3.5.17-r0)
(15/102) Installing aom-libs (3.11.0-r1)
(16/102) Installing libdav1d (1.5.1-r0)
(17/102) Installing libsharpyuv (1.4.0-r0)
(18/102) Installing libavif (1.0.4-r0)
(19/102) Installing libpng (1.6.47-r0)
(20/102) Installing freetype (2.13.3-r0)
(21/102) Installing fontconfig (2.15.0-r1)
(22/102) Installing libjpeg-turbo (3.1.0-r0)
(23/102) Installing libwebp (1.4.0-r0)
(24/102) Installing tiff (4.7.0-r0)
(25/102) Installing libgd (2.3.3-r9)
(26/102) Installing gd (2.3.3-r9)
(27/102) Installing expat (2.7.1-r0)
(28/102) Installing expat-dev (2.7.1-r0)
(29/102) Installing bzip2-dev (1.0.8-r6)
(30/102) Installing libpng-dev (1.6.47-r0)
(31/102) Installing freetype-dev (2.13.3-r0)
(32/102) Installing fontconfig-dev (2.15.0-r1)
(33/102) Installing libavif-dev (1.0.4-r0)
(34/102) Installing libturbojpeg (3.1.0-r0)
(35/102) Installing libjpeg-turbo-dev (3.1.0-r0)
(36/102) Installing libtiffxx (4.7.0-r0)
(37/102) Installing libwebpdecoder (1.4.0-r0)
(38/102) Installing libwebpdemux (1.4.0-r0)
(39/102) Installing libwebpmux (1.4.0-r0)
(40/102) Installing libwebp-dev (1.4.0-r0)
(41/102) Installing zstd (1.5.7-r0)
(42/102) Installing zstd-dev (1.5.7-r0)
(43/102) Installing tiff-dev (4.7.0-r0)
(44/102) Installing xorgproto (2024.1-r0)
(45/102) Installing libxau-dev (1.0.12-r0)
(46/102) Installing libffi (3.4.7-r0)
(47/102) Installing gdbm (1.24-r0)
(48/102) Installing xz-libs (5.6.3-r1)
(49/102) Installing mpdecimal (4.0.0-r0)
(50/102) Installing sqlite-libs (3.49.2-r0)
(51/102) Installing python3 (3.12.10-r1)
(52/102) Installing python3-pycache-pyc0 (3.12.10-r1)
(53/102) Installing pyc (3.12.10-r1)
(54/102) Installing xcb-proto-pyc (1.17.0-r0)
(55/102) Installing python3-pyc (3.12.10-r1)
(56/102) Installing xcb-proto (1.17.0-r0)
(57/102) Installing libxdmcp-dev (1.1.5-r1)
(58/102) Installing libxcb-dev (1.16.1-r0)
(59/102) Installing xtrans (1.5.2-r0)
(60/102) Installing libx11-dev (1.8.10-r0)
(61/102) Installing libxpm-dev (3.5.17-r0)
(62/102) Installing gd-dev (2.3.3-r9)
(63/102) Installing geoip (1.6.12-r6)
(64/102) Installing geoip-dev (1.6.12-r6)
(65/102) Installing hiredis (1.2.0-r0)
(66/102) Installing hiredis-dev (1.2.0-r0)
(67/102) Installing jansson-dev (2.14-r4)
(68/102) Installing libmaxminddb-libs (1.9.1-r0)
(69/102) Installing libmaxminddb-dev (1.9.1-r0)
(70/102) Installing xz (5.6.3-r1)
(71/102) Installing xz-dev (5.6.3-r1)
(72/102) Installing libxml2 (2.13.4-r6)
(73/102) Installing libxml2-utils (2.13.4-r6)
(74/102) Installing libxml2-dev (2.13.4-r6)
(75/102) Installing libgcrypt (1.10.3-r1)
(76/102) Installing libxslt (1.1.42-r2)
(77/102) Installing libxslt-dev (1.1.42-r2)
(78/102) Installing openssl-dev (3.5.0-r0)
(79/102) Installing libpcre16 (8.45-r3)
(80/102) Installing libpcre32 (8.45-r3)
(81/102) Installing pcre (8.45-r3)
(82/102) Installing libpcrecpp (8.45-r3)
(83/102) Installing pcre-dev (8.45-r3)
(84/102) Installing perl-utils (5.40.2-r0)
(85/102) Installing perl-dev (5.40.2-r0)
(86/102) Installing libsodium (1.0.20-r0)
(87/102) Installing libzmq (4.3.5-r2)
(88/102) Installing libsodium-dev (1.0.20-r0)
(89/102) Installing zeromq-dev (4.3.5-r2)
(90/102) Installing luajit (2.1_p20240815-r1)
(91/102) Installing luajit-dev (2.1_p20240815-r1)
(92/102) Installing perl-fcgi (0.82-r4)
(93/102) Installing ca-certificates (20241121-r2)
(94/102) Installing perl-net-ssleay (1.94-r2)
(95/102) Installing perl-mozilla-ca (20250202-r0)
(96/102) Installing perl-io-socket-ssl (2.089-r0)
(97/102) Installing perl-protocol-websocket (0.26-r2)
(98/102) Installing tzdata (2025b-r0)
(99/102) Installing mailcap (2.1.54-r0)
(100/102) Installing uwsgi (2.0.28-r0)
Executing uwsgi-2.0.28-r0.pre-install
(101/102) Installing uwsgi-python3 (2.0.28-r0)
(102/102) Installing .makedepends-nginx (20250523.190341)
Executing ca-certificates-20241121-r2.trigger
Executing busybox-1.37.0-r12.trigger
OK: 652 MiB in 234 packages
>>> nginx: Cleaning up srcdir
>>> nginx: Cleaning up pkgdir
>>> nginx: Cleaning up tmpdir
>>> nginx: Fetching https://nginx.org/download/nginx-1.28.0.tar.gz
Connecting to nginx.org (3.125.197.172:443)
saving to '/var/cache/distfiles/nginx-1.28.0.tar.gz.part'
nginx-1.28.0.tar.gz. 100% |********************************| 1250k  0:00:00 ETA
'/var/cache/distfiles/nginx-1.28.0.tar.gz.part' saved
>>> nginx: Fetching nginx-tests-d964853731321ed99827916355dff54d983e57c0.tar.gz::https://github.com/nginx/nginx-tests/archive/d964853731321ed99827916355dff54d983e57c0.tar.gz
Connecting to github.com (140.82.121.4:443)
Connecting to codeload.github.com (140.82.121.9:443)
saving to '/var/cache/distfiles/nginx-tests-d964853731321ed99827916355dff54d983e57c0.tar.gz.part'
nginx-tests-d9648537 100% |********************************|  304k  0:00:00 ETA
'/var/cache/distfiles/nginx-tests-d964853731321ed99827916355dff54d983e57c0.tar.gz.part' saved
>>> nginx: Fetching nginx-njs-0.8.10.tar.gz::https://github.com/nginx/njs/archive/0.8.10.tar.gz
Connecting to github.com (140.82.121.4:443)
Connecting to codeload.github.com (140.82.121.10:443)
saving to '/var/cache/distfiles/nginx-njs-0.8.10.tar.gz.part'
nginx-njs-0.8.10.tar 100% |********************************|  920k  0:00:00 ETA
'/var/cache/distfiles/nginx-njs-0.8.10.tar.gz.part' saved
>>> nginx: Fetching ngx_devel_kit-0.3.3.tar.gz::https://github.com/vision5/ngx_devel_kit/archive/v0.3.3.tar.gz
Connecting to github.com (140.82.121.3:443)
Connecting to codeload.github.com (140.82.121.10:443)
saving to '/var/cache/distfiles/ngx_devel_kit-0.3.3.tar.gz.part'
ngx_devel_kit-0.3.3. 100% |********************************| 66561  0:00:00 ETA
'/var/cache/distfiles/ngx_devel_kit-0.3.3.tar.gz.part' saved
>>> nginx: Fetching ngx_dynamic_healthcheck-1.3.8.tar.gz::https://github.com/ZigzagAK/ngx_dynamic_healthcheck/archive/1.3.8.tar.gz
Connecting to github.com (140.82.121.3:443)
Connecting to codeload.github.com (140.82.121.9:443)
saving to '/var/cache/distfiles/ngx_dynamic_healthcheck-1.3.8.tar.gz.part'
ngx_dynamic_healthch 100% |********************************| 50123  0:00:00 ETA
'/var/cache/distfiles/ngx_dynamic_healthcheck-1.3.8.tar.gz.part' saved
>>> nginx: Fetching ngx_dynamic_upstream-2.3.4.tar.gz::https://github.com/ZigzagAK/ngx_dynamic_upstream/archive/2.3.4.tar.gz
Connecting to github.com (140.82.121.3:443)
Connecting to codeload.github.com (140.82.121.9:443)
saving to '/var/cache/distfiles/ngx_dynamic_upstream-2.3.4.tar.gz.part'
ngx_dynamic_upstream 100% |********************************| 23092  0:00:00 ETA
'/var/cache/distfiles/ngx_dynamic_upstream-2.3.4.tar.gz.part' saved
>>> nginx: Fetching traffic-accounting-nginx-module-2.0.tar.gz::https://github.com/Lax/traffic-accounting-nginx-module/archive/v2.0.tar.gz
Connecting to github.com (140.82.121.3:443)
Connecting to codeload.github.com (140.82.121.9:443)
saving to '/var/cache/distfiles/traffic-accounting-nginx-module-2.0.tar.gz.part'
traffic-accounting-n 100% |********************************| 20026  0:00:00 ETA
'/var/cache/distfiles/traffic-accounting-nginx-module-2.0.tar.gz.part' saved
>>> nginx: Fetching array-var-nginx-module-0.06.tar.gz::https://github.com/openresty/array-var-nginx-module/archive/v0.06.tar.gz
Connecting to github.com (140.82.121.4:443)
Connecting to codeload.github.com (140.82.121.9:443)
saving to '/var/cache/distfiles/array-var-nginx-module-0.06.tar.gz.part'
array-var-nginx-modu 100% |********************************| 12005  0:00:00 ETA
'/var/cache/distfiles/array-var-nginx-module-0.06.tar.gz.part' saved
>>> nginx: Fetching nginx-auth-jwt-0.9.0.tar.gz::https://github.com/kjdev/nginx-auth-jwt/archive/0.9.0.tar.gz
Connecting to github.com (140.82.121.4:443)
Connecting to codeload.github.com (140.82.121.9:443)
saving to '/var/cache/distfiles/nginx-auth-jwt-0.9.0.tar.gz.part'
nginx-auth-jwt-0.9.0 100% |********************************| 75474  0:00:00 ETA
'/var/cache/distfiles/nginx-auth-jwt-0.9.0.tar.gz.part' saved
>>> nginx: Fetching ngx_brotli-1.0.0rc.tar.gz::https://github.com/google/ngx_brotli/archive/v1.0.0rc.tar.gz
Connecting to github.com (140.82.121.3:443)
Connecting to codeload.github.com (140.82.121.9:443)
saving to '/var/cache/distfiles/ngx_brotli-1.0.0rc.tar.gz.part'
ngx_brotli-1.0.0rc.t 100% |********************************| 16207  0:00:00 ETA
'/var/cache/distfiles/ngx_brotli-1.0.0rc.tar.gz.part' saved
>>> nginx: Fetching ngx_cache_purge-2.5.3.tar.gz::https://github.com/nginx-modules/ngx_cache_purge/archive/2.5.3.tar.gz
Connecting to github.com (140.82.121.4:443)
Connecting to codeload.github.com (140.82.121.10:443)
saving to '/var/cache/distfiles/ngx_cache_purge-2.5.3.tar.gz.part'
ngx_cache_purge-2.5. 100% |********************************| 17156  0:00:00 ETA
'/var/cache/distfiles/ngx_cache_purge-2.5.3.tar.gz.part' saved
>>> nginx: Fetching nginx_cookie_flag_module-1.1.0.tar.gz::https://github.com/AirisX/nginx_cookie_flag_module/archive/v1.1.0.tar.gz
Connecting to github.com (140.82.121.3:443)
Connecting to codeload.github.com (140.82.121.9:443)
saving to '/var/cache/distfiles/nginx_cookie_flag_module-1.1.0.tar.gz.part'
nginx_cookie_flag_mo 100% |********************************|  4709  0:00:00 ETA
'/var/cache/distfiles/nginx_cookie_flag_module-1.1.0.tar.gz.part' saved
>>> nginx: Fetching nginx-dav-ext-module-3.0.0.tar.gz::https://github.com/arut/nginx-dav-ext-module/archive/v3.0.0.tar.gz
Connecting to github.com (140.82.121.4:443)
Connecting to codeload.github.com (140.82.121.9:443)
saving to '/var/cache/distfiles/nginx-dav-ext-module-3.0.0.tar.gz.part'
nginx-dav-ext-module 100% |********************************| 14558  0:00:00 ETA
'/var/cache/distfiles/nginx-dav-ext-module-3.0.0.tar.gz.part' saved
>>> nginx: Fetching echo-nginx-module-0.63.tar.gz::https://github.com/openresty/echo-nginx-module/archive/v0.63.tar.gz
Connecting to github.com (140.82.121.3:443)
Connecting to codeload.github.com (140.82.121.10:443)
saving to '/var/cache/distfiles/echo-nginx-module-0.63.tar.gz.part'
echo-nginx-module-0. 100% |********************************| 53421  0:00:00 ETA
'/var/cache/distfiles/echo-nginx-module-0.63.tar.gz.part' saved
>>> nginx: Fetching encrypted-session-nginx-module-0.09.tar.gz::https://github.com/openresty/encrypted-session-nginx-module/archive/v0.09.tar.gz
Connecting to github.com (140.82.121.3:443)
Connecting to codeload.github.com (140.82.121.10:443)
saving to '/var/cache/distfiles/encrypted-session-nginx-module-0.09.tar.gz.part'
encrypted-session-ng 100% |********************************| 11847  0:00:00 ETA
'/var/cache/distfiles/encrypted-session-nginx-module-0.09.tar.gz.part' saved
>>> nginx: Fetching ngx-fancyindex-0.5.2.tar.gz::https://github.com/aperezdc/ngx-fancyindex/archive/v0.5.2.tar.gz
Connecting to github.com (140.82.121.3:443)
Connecting to codeload.github.com (140.82.121.9:443)
saving to '/var/cache/distfiles/ngx-fancyindex-0.5.2.tar.gz.part'
ngx-fancyindex-0.5.2 100% |********************************| 29052  0:00:00 ETA
'/var/cache/distfiles/ngx-fancyindex-0.5.2.tar.gz.part' saved
>>> nginx: Fetching ngx_http_geoip2_module-3.4.tar.gz::https://github.com/leev/ngx_http_geoip2_module/archive/3.4.tar.gz
Connecting to github.com (140.82.121.4:443)
Connecting to codeload.github.com (140.82.121.9:443)
saving to '/var/cache/distfiles/ngx_http_geoip2_module-3.4.tar.gz.part'
ngx_http_geoip2_modu 100% |********************************|  8877  0:00:00 ETA
'/var/cache/distfiles/ngx_http_geoip2_module-3.4.tar.gz.part' saved
>>> nginx: Fetching headers-more-nginx-module-0.38.tar.gz::https://github.com/openresty/headers-more-nginx-module/archive/v0.38.tar.gz
Connecting to github.com (140.82.121.3:443)
Connecting to codeload.github.com (140.82.121.9:443)
saving to '/var/cache/distfiles/headers-more-nginx-module-0.38.tar.gz.part'
headers-more-nginx-m 100% |********************************| 29472  0:00:00 ETA
'/var/cache/distfiles/headers-more-nginx-module-0.38.tar.gz.part' saved
>>> nginx: Fetching nginx-keyval-0.3.0.tar.gz::https://github.com/kjdev/nginx-keyval/archive/0.3.0.tar.gz
Connecting to github.com (140.82.121.3:443)
Connecting to codeload.github.com (140.82.121.9:443)
saving to '/var/cache/distfiles/nginx-keyval-0.3.0.tar.gz.part'
nginx-keyval-0.3.0.t 100% |********************************| 24150  0:00:00 ETA
'/var/cache/distfiles/nginx-keyval-0.3.0.tar.gz.part' saved
>>> nginx: Fetching nginx-log-zmq-1.0.0.tar.gz::https://github.com/danifbento/nginx-log-zmq/archive/v1.0.0.tar.gz
Connecting to github.com (140.82.121.3:443)
Connecting to codeload.github.com (140.82.121.10:443)
saving to '/var/cache/distfiles/nginx-log-zmq-1.0.0.tar.gz.part'
nginx-log-zmq-1.0.0. 100% |********************************| 38182  0:00:00 ETA
'/var/cache/distfiles/nginx-log-zmq-1.0.0.tar.gz.part' saved
>>> nginx: Fetching lua-nginx-module-0.10.28.tar.gz::https://github.com/openresty/lua-nginx-module/archive/v0.10.28.tar.gz
Connecting to github.com (140.82.121.3:443)
Connecting to codeload.github.com (140.82.121.10:443)
saving to '/var/cache/distfiles/lua-nginx-module-0.10.28.tar.gz.part'
lua-nginx-module-0.1 100% |********************************|  848k  0:00:00 ETA
'/var/cache/distfiles/lua-nginx-module-0.10.28.tar.gz.part' saved
>>> nginx: Fetching lua-upstream-nginx-module-0.07.tar.gz::https://github.com/openresty/lua-upstream-nginx-module/archive/v0.07.tar.gz
Connecting to github.com (140.82.121.4:443)
Connecting to codeload.github.com (140.82.121.10:443)
saving to '/var/cache/distfiles/lua-upstream-nginx-module-0.07.tar.gz.part'
lua-upstream-nginx-m 100% |********************************| 12763  0:00:00 ETA
'/var/cache/distfiles/lua-upstream-nginx-module-0.07.tar.gz.part' saved
>>> nginx: Fetching naxsi-1.3.tar.gz::https://github.com/nbs-system/naxsi/archive/1.3.tar.gz
Connecting to github.com (140.82.121.3:443)
Connecting to codeload.github.com (140.82.121.9:443)
saving to '/var/cache/distfiles/naxsi-1.3.tar.gz.part'
naxsi-1.3.tar.gz.par 100% |********************************|  230k  0:00:00 ETA
'/var/cache/distfiles/naxsi-1.3.tar.gz.part' saved
>>> nginx: Fetching nchan-1.3.7.tar.gz::https://github.com/slact/nchan/archive/v1.3.7.tar.gz
Connecting to github.com (140.82.121.4:443)
Connecting to codeload.github.com (140.82.121.9:443)
saving to '/var/cache/distfiles/nchan-1.3.7.tar.gz.part'
nchan-1.3.7.tar.gz.p 100% |********************************|  649k  0:00:00 ETA
'/var/cache/distfiles/nchan-1.3.7.tar.gz.part' saved
>>> nginx: Fetching redis2-nginx-module-0.15.tar.gz::https://github.com/openresty/redis2-nginx-module/archive/v0.15.tar.gz
Connecting to github.com (140.82.121.3:443)
Connecting to codeload.github.com (140.82.121.10:443)
saving to '/var/cache/distfiles/redis2-nginx-module-0.15.tar.gz.part'
redis2-nginx-module- 100% |********************************| 25471  0:00:00 ETA
'/var/cache/distfiles/redis2-nginx-module-0.15.tar.gz.part' saved
>>> nginx: Fetching set-misc-nginx-module-0.33.tar.gz::https://github.com/openresty/set-misc-nginx-module/archive/v0.33.tar.gz
Connecting to github.com (140.82.121.3:443)
Connecting to codeload.github.com (140.82.121.10:443)
saving to '/var/cache/distfiles/set-misc-nginx-module-0.33.tar.gz.part'
set-misc-nginx-modul 100% |********************************| 30084  0:00:00 ETA
'/var/cache/distfiles/set-misc-nginx-module-0.33.tar.gz.part' saved
>>> nginx: Fetching nginx-http-shibboleth-2.0.2.tar.gz::https://github.com/nginx-shib/nginx-http-shibboleth/archive/v2.0.2.tar.gz
Connecting to github.com (140.82.121.3:443)
Connecting to codeload.github.com (140.82.121.10:443)
saving to '/var/cache/distfiles/nginx-http-shibboleth-2.0.2.tar.gz.part'
nginx-http-shibbolet 100% |********************************| 23967  0:00:00 ETA
'/var/cache/distfiles/nginx-http-shibboleth-2.0.2.tar.gz.part' saved
>>> nginx: Fetching ngx_slowfs_cache-1.11.tar.gz::https://github.com/dvershinin/ngx_slowfs_cache/archive/1.11.tar.gz
Connecting to github.com (140.82.121.3:443)
Connecting to codeload.github.com (140.82.121.9:443)
saving to '/var/cache/distfiles/ngx_slowfs_cache-1.11.tar.gz.part'
ngx_slowfs_cache-1.1 100% |********************************| 11176  0:00:00 ETA
'/var/cache/distfiles/ngx_slowfs_cache-1.11.tar.gz.part' saved
>>> nginx: Fetching ngx_http_untar_module-1.1.tar.gz::https://github.com/ajax16384/ngx_http_untar_module/archive/v1.1.tar.gz
Connecting to github.com (140.82.121.4:443)
Connecting to codeload.github.com (140.82.121.10:443)
saving to '/var/cache/distfiles/ngx_http_untar_module-1.1.tar.gz.part'
ngx_http_untar_modul 100% |********************************|  6035  0:00:00 ETA
'/var/cache/distfiles/ngx_http_untar_module-1.1.tar.gz.part' saved
>>> nginx: Fetching nginx-upload-module-2.3.0.tar.gz::https://github.com/fdintino/nginx-upload-module/archive/2.3.0.tar.gz
Connecting to github.com (140.82.121.4:443)
Connecting to codeload.github.com (140.82.121.10:443)
saving to '/var/cache/distfiles/nginx-upload-module-2.3.0.tar.gz.part'
nginx-upload-module- 100% |********************************| 40139  0:00:00 ETA
'/var/cache/distfiles/nginx-upload-module-2.3.0.tar.gz.part' saved
>>> nginx: Fetching nginx-upload-progress-module-0.9.4.tar.gz::https://github.com/masterzen/nginx-upload-progress-module/archive/v0.9.4.tar.gz
Connecting to github.com (140.82.121.4:443)
Connecting to codeload.github.com (140.82.121.9:443)
saving to '/var/cache/distfiles/nginx-upload-progress-module-0.9.4.tar.gz.part'
nginx-upload-progres 100% |********************************| 17299  0:00:00 ETA
'/var/cache/distfiles/nginx-upload-progress-module-0.9.4.tar.gz.part' saved
>>> nginx: Fetching nginx-upstream-fair-0.1.3.tar.gz::https://github.com/itoffshore/nginx-upstream-fair/archive/0.1.3.tar.gz
Connecting to github.com (140.82.121.3:443)
Connecting to codeload.github.com (140.82.121.9:443)
saving to '/var/cache/distfiles/nginx-upstream-fair-0.1.3.tar.gz.part'
nginx-upstream-fair- 100% |********************************| 10433  0:00:00 ETA
'/var/cache/distfiles/nginx-upstream-fair-0.1.3.tar.gz.part' saved
>>> nginx: Fetching ngx_upstream_jdomain-1.5.2.tar.gz::https://github.com/nicholaschiasson/ngx_upstream_jdomain/archive/1.5.2.tar.gz
Connecting to github.com (140.82.121.4:443)
Connecting to codeload.github.com (140.82.121.10:443)
saving to '/var/cache/distfiles/ngx_upstream_jdomain-1.5.2.tar.gz.part'
ngx_upstream_jdomain 100% |********************************| 19608  0:00:00 ETA
'/var/cache/distfiles/ngx_upstream_jdomain-1.5.2.tar.gz.part' saved
>>> nginx: Fetching nginx-vod-module-1.33.tar.gz::https://github.com/kaltura/nginx-vod-module/archive/1.33.tar.gz
Connecting to github.com (140.82.121.4:443)
Connecting to codeload.github.com (140.82.121.10:443)
saving to '/var/cache/distfiles/nginx-vod-module-1.33.tar.gz.part'
nginx-vod-module-1.3 100% |********************************|  460k  0:00:00 ETA
'/var/cache/distfiles/nginx-vod-module-1.33.tar.gz.part' saved
>>> nginx: Fetching nginx-module-vts-0.2.4.tar.gz::https://github.com/vozlt/nginx-module-vts/archive/v0.2.4.tar.gz
Connecting to github.com (140.82.121.3:443)
Connecting to codeload.github.com (140.82.121.9:443)
saving to '/var/cache/distfiles/nginx-module-vts-0.2.4.tar.gz.part'
nginx-module-vts-0.2 100% |********************************|  178k  0:00:00 ETA
'/var/cache/distfiles/nginx-module-vts-0.2.4.tar.gz.part' saved
>>> nginx: Fetching mod_zip-1.3.0.tar.gz::https://github.com/evanmiller/mod_zip/archive/1.3.0.tar.gz
Connecting to github.com (140.82.121.4:443)
Connecting to codeload.github.com (140.82.121.10:443)
saving to '/var/cache/distfiles/mod_zip-1.3.0.tar.gz.part'
mod_zip-1.3.0.tar.gz 100% |********************************| 30266  0:00:00 ETA
'/var/cache/distfiles/mod_zip-1.3.0.tar.gz.part' saved
>>> nginx: Fetching zstd-nginx-module-0.1.1.tar.gz::https://github.com/tokers/zstd-nginx-module/archive/0.1.1.tar.gz
Connecting to github.com (140.82.121.3:443)
Connecting to codeload.github.com (140.82.121.9:443)
saving to '/var/cache/distfiles/zstd-nginx-module-0.1.1.tar.gz.part'
zstd-nginx-module-0. 100% |********************************| 55417  0:00:00 ETA
'/var/cache/distfiles/zstd-nginx-module-0.1.1.tar.gz.part' saved
>>> nginx: Fetching nginx-rtmp-module-1.2.2.tar.gz::https://github.com/arut/nginx-rtmp-module/archive/v1.2.2.tar.gz
Connecting to github.com (140.82.121.3:443)
Connecting to codeload.github.com (140.82.121.10:443)
saving to '/var/cache/distfiles/nginx-rtmp-module-1.2.2.tar.gz.part'
nginx-rtmp-module-1. 100% |********************************|  507k  0:00:00 ETA
'/var/cache/distfiles/nginx-rtmp-module-1.2.2.tar.gz.part' saved
>>> nginx: Fetching https://nginx.org/download/nginx-1.28.0.tar.gz
>>> nginx: Fetching nginx-tests-d964853731321ed99827916355dff54d983e57c0.tar.gz::https://github.com/nginx/nginx-tests/archive/d964853731321ed99827916355dff54d983e57c0.tar.gz
>>> nginx: Fetching nginx-njs-0.8.10.tar.gz::https://github.com/nginx/njs/archive/0.8.10.tar.gz
>>> nginx: Fetching ngx_devel_kit-0.3.3.tar.gz::https://github.com/vision5/ngx_devel_kit/archive/v0.3.3.tar.gz
>>> nginx: Fetching ngx_dynamic_healthcheck-1.3.8.tar.gz::https://github.com/ZigzagAK/ngx_dynamic_healthcheck/archive/1.3.8.tar.gz
>>> nginx: Fetching ngx_dynamic_upstream-2.3.4.tar.gz::https://github.com/ZigzagAK/ngx_dynamic_upstream/archive/2.3.4.tar.gz
>>> nginx: Fetching traffic-accounting-nginx-module-2.0.tar.gz::https://github.com/Lax/traffic-accounting-nginx-module/archive/v2.0.tar.gz
>>> nginx: Fetching array-var-nginx-module-0.06.tar.gz::https://github.com/openresty/array-var-nginx-module/archive/v0.06.tar.gz
>>> nginx: Fetching nginx-auth-jwt-0.9.0.tar.gz::https://github.com/kjdev/nginx-auth-jwt/archive/0.9.0.tar.gz
>>> nginx: Fetching ngx_brotli-1.0.0rc.tar.gz::https://github.com/google/ngx_brotli/archive/v1.0.0rc.tar.gz
>>> nginx: Fetching ngx_cache_purge-2.5.3.tar.gz::https://github.com/nginx-modules/ngx_cache_purge/archive/2.5.3.tar.gz
>>> nginx: Fetching nginx_cookie_flag_module-1.1.0.tar.gz::https://github.com/AirisX/nginx_cookie_flag_module/archive/v1.1.0.tar.gz
>>> nginx: Fetching nginx-dav-ext-module-3.0.0.tar.gz::https://github.com/arut/nginx-dav-ext-module/archive/v3.0.0.tar.gz
>>> nginx: Fetching echo-nginx-module-0.63.tar.gz::https://github.com/openresty/echo-nginx-module/archive/v0.63.tar.gz
>>> nginx: Fetching encrypted-session-nginx-module-0.09.tar.gz::https://github.com/openresty/encrypted-session-nginx-module/archive/v0.09.tar.gz
>>> nginx: Fetching ngx-fancyindex-0.5.2.tar.gz::https://github.com/aperezdc/ngx-fancyindex/archive/v0.5.2.tar.gz
>>> nginx: Fetching ngx_http_geoip2_module-3.4.tar.gz::https://github.com/leev/ngx_http_geoip2_module/archive/3.4.tar.gz
>>> nginx: Fetching headers-more-nginx-module-0.38.tar.gz::https://github.com/openresty/headers-more-nginx-module/archive/v0.38.tar.gz
>>> nginx: Fetching nginx-keyval-0.3.0.tar.gz::https://github.com/kjdev/nginx-keyval/archive/0.3.0.tar.gz
>>> nginx: Fetching nginx-log-zmq-1.0.0.tar.gz::https://github.com/danifbento/nginx-log-zmq/archive/v1.0.0.tar.gz
>>> nginx: Fetching lua-nginx-module-0.10.28.tar.gz::https://github.com/openresty/lua-nginx-module/archive/v0.10.28.tar.gz
>>> nginx: Fetching lua-upstream-nginx-module-0.07.tar.gz::https://github.com/openresty/lua-upstream-nginx-module/archive/v0.07.tar.gz
>>> nginx: Fetching naxsi-1.3.tar.gz::https://github.com/nbs-system/naxsi/archive/1.3.tar.gz
>>> nginx: Fetching nchan-1.3.7.tar.gz::https://github.com/slact/nchan/archive/v1.3.7.tar.gz
>>> nginx: Fetching redis2-nginx-module-0.15.tar.gz::https://github.com/openresty/redis2-nginx-module/archive/v0.15.tar.gz
>>> nginx: Fetching set-misc-nginx-module-0.33.tar.gz::https://github.com/openresty/set-misc-nginx-module/archive/v0.33.tar.gz
>>> nginx: Fetching nginx-http-shibboleth-2.0.2.tar.gz::https://github.com/nginx-shib/nginx-http-shibboleth/archive/v2.0.2.tar.gz
>>> nginx: Fetching ngx_slowfs_cache-1.11.tar.gz::https://github.com/dvershinin/ngx_slowfs_cache/archive/1.11.tar.gz
>>> nginx: Fetching ngx_http_untar_module-1.1.tar.gz::https://github.com/ajax16384/ngx_http_untar_module/archive/v1.1.tar.gz
>>> nginx: Fetching nginx-upload-module-2.3.0.tar.gz::https://github.com/fdintino/nginx-upload-module/archive/2.3.0.tar.gz
>>> nginx: Fetching nginx-upload-progress-module-0.9.4.tar.gz::https://github.com/masterzen/nginx-upload-progress-module/archive/v0.9.4.tar.gz
>>> nginx: Fetching nginx-upstream-fair-0.1.3.tar.gz::https://github.com/itoffshore/nginx-upstream-fair/archive/0.1.3.tar.gz
>>> nginx: Fetching ngx_upstream_jdomain-1.5.2.tar.gz::https://github.com/nicholaschiasson/ngx_upstream_jdomain/archive/1.5.2.tar.gz
>>> nginx: Fetching nginx-vod-module-1.33.tar.gz::https://github.com/kaltura/nginx-vod-module/archive/1.33.tar.gz
>>> nginx: Fetching nginx-module-vts-0.2.4.tar.gz::https://github.com/vozlt/nginx-module-vts/archive/v0.2.4.tar.gz
>>> nginx: Fetching mod_zip-1.3.0.tar.gz::https://github.com/evanmiller/mod_zip/archive/1.3.0.tar.gz
>>> nginx: Fetching zstd-nginx-module-0.1.1.tar.gz::https://github.com/tokers/zstd-nginx-module/archive/0.1.1.tar.gz
>>> nginx: Fetching nginx-rtmp-module-1.2.2.tar.gz::https://github.com/arut/nginx-rtmp-module/archive/v1.2.2.tar.gz
>>> nginx: Checking sha512sums...
nginx-1.28.0.tar.gz: OK
nginx-tests-d964853731321ed99827916355dff54d983e57c0.tar.gz: OK
nginx-njs-0.8.10.tar.gz: OK
no-werror.patch: OK
traffic-accounting-nginx-module~disable-stream-module.patch: OK
traffic-accounting-nginx-module~fix-memory-leak.patch: OK
mod_zip~consistent-timestamp.patch: OK
nginx_cookie_flag_module~fix-mem-allocations.patch: OK
njs~mktemp-busybox-compat.patch: OK
naxsi~assert.patch: OK
naxsi~ff-header.patch: OK
naxsi~compat.patch: OK
nginx-dav-ext-module~dav-class-1-2.patch: OK
nginx-dav-ext-module~fix-profind-fail-on-broken-symlinks.patch: OK
nginx-dav-ext-module~fix-dot-dirs.patch: OK
nginx-upload-progress-module~fix-http2.patch: OK
ngx-fancyindex~fix-404-on-fs-root.patch: OK
ngx-fancyindex~fix-missing-saturday.patch: OK
nchan~fix-redis-race-condition.patch: OK
nginx-upload-module~fixes.patch: OK
nginx-upload-module~fix-nginx-compat.patch: OK
zstd-nginx-module~fix-infinite-loop.patch: OK
ngx_slowfs_cache~nginx-1.8.x-compat.patch: OK
nginx.conf: OK
default.conf: OK
stream.conf: OK
nginx.logrotate: OK
nginx.initd: OK
nginx.confd: OK
ngx_devel_kit-0.3.3.tar.gz: OK
ngx_dynamic_healthcheck-1.3.8.tar.gz: OK
ngx_dynamic_upstream-2.3.4.tar.gz: OK
traffic-accounting-nginx-module-2.0.tar.gz: OK
array-var-nginx-module-0.06.tar.gz: OK
nginx-auth-jwt-0.9.0.tar.gz: OK
ngx_brotli-1.0.0rc.tar.gz: OK
ngx_cache_purge-2.5.3.tar.gz: OK
nginx_cookie_flag_module-1.1.0.tar.gz: OK
nginx-dav-ext-module-3.0.0.tar.gz: OK
echo-nginx-module-0.63.tar.gz: OK
encrypted-session-nginx-module-0.09.tar.gz: OK
ngx-fancyindex-0.5.2.tar.gz: OK
ngx_http_geoip2_module-3.4.tar.gz: OK
headers-more-nginx-module-0.38.tar.gz: OK
nginx-keyval-0.3.0.tar.gz: OK
nginx-log-zmq-1.0.0.tar.gz: OK
lua-nginx-module-0.10.28.tar.gz: OK
lua-upstream-nginx-module-0.07.tar.gz: OK
naxsi-1.3.tar.gz: OK
nchan-1.3.7.tar.gz: OK
redis2-nginx-module-0.15.tar.gz: OK
set-misc-nginx-module-0.33.tar.gz: OK
nginx-http-shibboleth-2.0.2.tar.gz: OK
ngx_slowfs_cache-1.11.tar.gz: OK
ngx_http_untar_module-1.1.tar.gz: OK
nginx-upload-module-2.3.0.tar.gz: OK
nginx-upload-progress-module-0.9.4.tar.gz: OK
nginx-upstream-fair-0.1.3.tar.gz: OK
ngx_upstream_jdomain-1.5.2.tar.gz: OK
nginx-vod-module-1.33.tar.gz: OK
nginx-module-vts-0.2.4.tar.gz: OK
mod_zip-1.3.0.tar.gz: OK
zstd-nginx-module-0.1.1.tar.gz: OK
nginx-rtmp-module-1.2.2.tar.gz: OK
>>> nginx: Unpacking /var/cache/distfiles/nginx-1.28.0.tar.gz...
>>> nginx: Unpacking /var/cache/distfiles/nginx-tests-d964853731321ed99827916355dff54d983e57c0.tar.gz...
>>> nginx: Unpacking /var/cache/distfiles/nginx-njs-0.8.10.tar.gz...
>>> nginx: Unpacking /var/cache/distfiles/ngx_devel_kit-0.3.3.tar.gz...
>>> nginx: Unpacking /var/cache/distfiles/ngx_dynamic_healthcheck-1.3.8.tar.gz...
>>> nginx: Unpacking /var/cache/distfiles/ngx_dynamic_upstream-2.3.4.tar.gz...
>>> nginx: Unpacking /var/cache/distfiles/traffic-accounting-nginx-module-2.0.tar.gz...
>>> nginx: Unpacking /var/cache/distfiles/array-var-nginx-module-0.06.tar.gz...
>>> nginx: Unpacking /var/cache/distfiles/nginx-auth-jwt-0.9.0.tar.gz...
>>> nginx: Unpacking /var/cache/distfiles/ngx_brotli-1.0.0rc.tar.gz...
>>> nginx: Unpacking /var/cache/distfiles/ngx_cache_purge-2.5.3.tar.gz...
>>> nginx: Unpacking /var/cache/distfiles/nginx_cookie_flag_module-1.1.0.tar.gz...
>>> nginx: Unpacking /var/cache/distfiles/nginx-dav-ext-module-3.0.0.tar.gz...
>>> nginx: Unpacking /var/cache/distfiles/echo-nginx-module-0.63.tar.gz...
>>> nginx: Unpacking /var/cache/distfiles/encrypted-session-nginx-module-0.09.tar.gz...
>>> nginx: Unpacking /var/cache/distfiles/ngx-fancyindex-0.5.2.tar.gz...
>>> nginx: Unpacking /var/cache/distfiles/ngx_http_geoip2_module-3.4.tar.gz...
>>> nginx: Unpacking /var/cache/distfiles/headers-more-nginx-module-0.38.tar.gz...
>>> nginx: Unpacking /var/cache/distfiles/nginx-keyval-0.3.0.tar.gz...
>>> nginx: Unpacking /var/cache/distfiles/nginx-log-zmq-1.0.0.tar.gz...
>>> nginx: Unpacking /var/cache/distfiles/lua-nginx-module-0.10.28.tar.gz...
>>> nginx: Unpacking /var/cache/distfiles/lua-upstream-nginx-module-0.07.tar.gz...
>>> nginx: Unpacking /var/cache/distfiles/naxsi-1.3.tar.gz...
>>> nginx: Unpacking /var/cache/distfiles/nchan-1.3.7.tar.gz...
>>> nginx: Unpacking /var/cache/distfiles/redis2-nginx-module-0.15.tar.gz...
>>> nginx: Unpacking /var/cache/distfiles/set-misc-nginx-module-0.33.tar.gz...
>>> nginx: Unpacking /var/cache/distfiles/nginx-http-shibboleth-2.0.2.tar.gz...
>>> nginx: Unpacking /var/cache/distfiles/ngx_slowfs_cache-1.11.tar.gz...
>>> nginx: Unpacking /var/cache/distfiles/ngx_http_untar_module-1.1.tar.gz...
>>> nginx: Unpacking /var/cache/distfiles/nginx-upload-module-2.3.0.tar.gz...
>>> nginx: Unpacking /var/cache/distfiles/nginx-upload-progress-module-0.9.4.tar.gz...
>>> nginx: Unpacking /var/cache/distfiles/nginx-upstream-fair-0.1.3.tar.gz...
>>> nginx: Unpacking /var/cache/distfiles/ngx_upstream_jdomain-1.5.2.tar.gz...
>>> nginx: Unpacking /var/cache/distfiles/nginx-vod-module-1.33.tar.gz...
>>> nginx: Unpacking /var/cache/distfiles/nginx-module-vts-0.2.4.tar.gz...
>>> nginx: Unpacking /var/cache/distfiles/mod_zip-1.3.0.tar.gz...
>>> nginx: Unpacking /var/cache/distfiles/zstd-nginx-module-0.1.1.tar.gz...
>>> nginx: Unpacking /var/cache/distfiles/nginx-rtmp-module-1.2.2.tar.gz...
>>> nginx: no-werror.patch
patching file auto/cc/gcc
>>> nginx: traffic-accounting-nginx-module~disable-stream-module.patch
patching file config
>>> nginx: traffic-accounting-nginx-module~fix-memory-leak.patch
patching file src/http/ngx_http_accounting_module.c
patching file src/ngx_traffic_accounting.h
patching file src/ngx_traffic_accounting_module.c
patching file src/ngx_traffic_accounting_module.h
patching file src/ngx_traffic_accounting_period_metrics.c
patching file src/stream/ngx_stream_accounting_module.c
>>> nginx: mod_zip~consistent-timestamp.patch
patching file ngx_http_zip_file.c
>>> nginx: nginx_cookie_flag_module~fix-mem-allocations.patch
patching file ngx_http_cookie_flag_filter_module.c
>>> nginx: njs~mktemp-busybox-compat.patch
patching file test/options
>>> nginx: naxsi~assert.patch
patching file naxsi_src/naxsi_runtime.c
>>> nginx: naxsi~ff-header.patch
patching file naxsi_src/naxsi_runtime.c
>>> nginx: naxsi~compat.patch
patching file naxsi_src/naxsi.h
patching file naxsi_src/naxsi_runtime.c
Hunk #2 succeeded at 2834 (offset -78 lines).
Hunk #3 succeeded at 2855 (offset -78 lines).
Hunk #4 succeeded at 2879 (offset -78 lines).
Hunk #5 succeeded at 2911 (offset -78 lines).
>>> nginx: nginx-dav-ext-module~dav-class-1-2.patch
patching file ngx_http_dav_ext_module.c
>>> nginx: nginx-dav-ext-module~fix-profind-fail-on-broken-symlinks.patch
patching file ngx_http_dav_ext_module.c
Hunk #1 succeeded at 904 (offset 8 lines).
>>> nginx: nginx-dav-ext-module~fix-dot-dirs.patch
patching file ngx_http_dav_ext_module.c
Hunk #1 succeeded at 870 (offset 8 lines).
>>> nginx: nginx-upload-progress-module~fix-http2.patch
patching file ngx_http_uploadprogress_module.c
>>> nginx: ngx-fancyindex~fix-404-on-fs-root.patch
patching file ngx_http_fancyindex_module.c
Hunk #1 succeeded at 692 (offset 8 lines).
>>> nginx: ngx-fancyindex~fix-missing-saturday.patch
patching file ngx_http_fancyindex_module.c
>>> nginx: nchan~fix-redis-race-condition.patch
patching file src/nchan_module.c
patching file src/store/memory/ipc-handlers.c
Hunk #2 succeeded at 1200 (offset -7 lines).
patching file src/store/memory/ipc-handlers.h
patching file src/store/memory/memstore.c
Hunk #1 succeeded at 2063 (offset -16 lines).
Hunk #2 succeeded at 2080 (offset -16 lines).
Hunk #3 succeeded at 2132 (offset -16 lines).
Hunk #4 succeeded at 2155 (offset -16 lines).
Hunk #5 succeeded at 2164 (offset -16 lines).
Hunk #6 succeeded at 2208 (offset -16 lines).
Hunk #7 succeeded at 2231 (offset -16 lines).
Hunk #8 succeeded at 2258 (offset -16 lines).
>>> nginx: nginx-upload-module~fixes.patch
patching file ngx_http_upload_module.c
>>> nginx: nginx-upload-module~fix-nginx-compat.patch
patching file ngx_http_upload_module.c
>>> nginx: zstd-nginx-module~fix-infinite-loop.patch
patching file filter/ngx_http_zstd_filter_module.c
>>> nginx: ngx_slowfs_cache~nginx-1.8.x-compat.patch
patching file ngx_http_slowfs_module.c
Hunk #4 succeeded at 1176 with fuzz 1.
>>> nginx: Creating group nginx
>>> nginx: Creating user nginx
checking for OS
 + Linux 4.19.0-26-amd64 x86_64
checking for C compiler ... not found

./configure: error: C compiler gcc is not found

>>> ERROR: nginx: build failed
>>> nginx: Uninstalling dependencies...
(1/102) Purging .makedepends-nginx (20250523.190341)
(2/102) Purging gd-dev (2.3.3-r9)
(3/102) Purging geoip-dev (1.6.12-r6)
(4/102) Purging geoip (1.6.12-r6)
(5/102) Purging hiredis-dev (1.2.0-r0)
(6/102) Purging hiredis (1.2.0-r0)
(7/102) Purging jansson-dev (2.14-r4)
(8/102) Purging libmaxminddb-dev (1.9.1-r0)
(9/102) Purging libmaxminddb-libs (1.9.1-r0)
(10/102) Purging libxslt-dev (1.1.42-r2)
(11/102) Purging libxslt (1.1.42-r2)
(12/102) Purging openssl-dev (3.5.0-r0)
(13/102) Purging pcre-dev (8.45-r3)
(14/102) Purging libpcre16 (8.45-r3)
(15/102) Purging libpcre32 (8.45-r3)
(16/102) Purging libpcrecpp (8.45-r3)
(17/102) Purging pcre (8.45-r3)
(18/102) Purging perl-dev (5.40.2-r0)
(19/102) Purging perl-utils (5.40.2-r0)
(20/102) Purging zeromq-dev (4.3.5-r2)
(21/102) Purging libzmq (4.3.5-r2)
(22/102) Purging luajit-dev (2.1_p20240815-r1)
(23/102) Purging luajit (2.1_p20240815-r1)
(24/102) Purging gd (2.3.3-r9)
(25/102) Purging perl-fcgi (0.82-r4)
(26/102) Purging perl-io-socket-ssl (2.089-r0)
(27/102) Purging ca-certificates (20241121-r2)
Executing ca-certificates-20241121-r2.post-deinstall
(28/102) Purging perl-mozilla-ca (20250202-r0)
(29/102) Purging perl-net-ssleay (1.94-r2)
(30/102) Purging perl-protocol-websocket (0.26-r2)
(31/102) Purging tzdata (2025b-r0)
(32/102) Purging uwsgi-python3 (2.0.28-r0)
(33/102) Purging uwsgi (2.0.28-r0)
(34/102) Purging mailcap (2.1.54-r0)
(35/102) Purging fontconfig-dev (2.15.0-r1)
(36/102) Purging freetype-dev (2.13.3-r0)
(37/102) Purging libavif-dev (1.0.4-r0)
(38/102) Purging libgcrypt (1.10.3-r1)
(39/102) Purging libgd (2.3.3-r9)
(40/102) Purging libpng-dev (1.6.47-r0)
(41/102) Purging libsodium-dev (1.0.20-r0)
(42/102) Purging libsodium (1.0.20-r0)
(43/102) Purging libxml2-dev (2.13.4-r6)
(44/102) Purging libxml2-utils (2.13.4-r6)
(45/102) Purging libxml2 (2.13.4-r6)
(46/102) Purging libxpm-dev (3.5.17-r0)
(47/102) Purging libxpm (3.5.17-r0)
(48/102) Purging libxt (1.3.1-r0)
(49/102) Purging python3-pyc (3.12.10-r1)
(50/102) Purging python3-pycache-pyc0 (3.12.10-r1)
(51/102) Purging xcb-proto-pyc (1.17.0-r0)
(52/102) Purging pyc (3.12.10-r1)
(53/102) Purging tiff-dev (4.7.0-r0)
(54/102) Purging libtiffxx (4.7.0-r0)
(55/102) Purging tiff (4.7.0-r0)
(56/102) Purging xz-dev (5.6.3-r1)
(57/102) Purging xz (5.6.3-r1)
(58/102) Purging zstd-dev (1.5.7-r0)
(59/102) Purging zstd (1.5.7-r0)
(60/102) Purging libavif (1.0.4-r0)
(61/102) Purging aom-libs (3.11.0-r1)
(62/102) Purging brotli-dev (1.1.0-r2)
(63/102) Purging brotli (1.1.0-r2)
(64/102) Purging bzip2-dev (1.0.8-r6)
(65/102) Purging expat-dev (2.7.1-r0)
(66/102) Purging expat (2.7.1-r0)
(67/102) Purging fontconfig (2.15.0-r1)
(68/102) Purging freetype (2.13.3-r0)
(69/102) Purging libx11-dev (1.8.10-r0)
(70/102) Purging xtrans (1.5.2-r0)
(71/102) Purging libxcb-dev (1.16.1-r0)
(72/102) Purging xcb-proto (1.17.0-r0)
(73/102) Purging python3 (3.12.10-r1)
(74/102) Purging gdbm (1.24-r0)
(75/102) Purging libxdmcp-dev (1.1.5-r1)
(76/102) Purging libxext (1.3.6-r2)
(77/102) Purging libx11 (1.8.10-r0)
(78/102) Purging libxcb (1.16.1-r0)
(79/102) Purging libxdmcp (1.1.5-r1)
(80/102) Purging libbsd (0.12.2-r0)
(81/102) Purging libdav1d (1.5.1-r0)
(82/102) Purging libffi (3.4.7-r0)
(83/102) Purging libsm (1.2.4-r4)
(84/102) Purging libice (1.1.1-r6)
(85/102) Purging libjpeg-turbo-dev (3.1.0-r0)
(86/102) Purging libturbojpeg (3.1.0-r0)
(87/102) Purging libjpeg-turbo (3.1.0-r0)
(88/102) Purging libmd (1.1.0-r0)
(89/102) Purging libpng (1.6.47-r0)
(90/102) Purging libwebp-dev (1.4.0-r0)
(91/102) Purging libwebpdecoder (1.4.0-r0)
(92/102) Purging libwebpdemux (1.4.0-r0)
(93/102) Purging libwebpmux (1.4.0-r0)
(94/102) Purging libwebp (1.4.0-r0)
(95/102) Purging libsharpyuv (1.4.0-r0)
(96/102) Purging libuuid (2.40.4-r1)
(97/102) Purging libxau-dev (1.0.12-r0)
(98/102) Purging libxau (1.0.12-r0)
(99/102) Purging mpdecimal (4.0.0-r0)
(100/102) Purging sqlite-libs (3.49.2-r0)
(101/102) Purging xorgproto (2024.1-r0)
(102/102) Purging xz-libs (5.6.3-r1)
Executing busybox-1.37.0-r12.trigger
OK: 564 MiB in 132 packages
