pigz: not found
>>> asciidoctor: Building main/asciidoctor 2.0.23-r1 (using abuild 3.14.1-r4) started Thu, 22 May 2025 22:26:20 +0000
>>> asciidoctor: Validating /home/packager/aports/main/asciidoctor/APKBUILD...
>>> asciidoctor: Analyzing dependencies...
>>> asciidoctor: Installing for build: build-base ruby
(1/7) Installing ca-certificates (20241121-r2)
(2/7) Installing libffi (3.4.7-r0)
(3/7) Installing yaml (0.2.5-r2)
(4/7) Installing ruby-libs (3.3.8-r0)
(5/7) Installing libucontext (1.3.2-r0)
(6/7) Installing ruby (3.3.8-r0)
(7/7) Installing .makedepends-asciidoctor (20250522.222621)
Executing ca-certificates-20241121-r2.trigger
Executing busybox-1.37.0-r12.trigger
OK: 330 MiB in 121 packages
>>> asciidoctor: Cleaning up srcdir
>>> asciidoctor: Cleaning up pkgdir
>>> asciidoctor: Cleaning up tmpdir
>>> asciidoctor: Fetching https://rubygems.org/downloads/asciidoctor-2.0.23.gem
Connecting to rubygems.org (151.101.1.227:443)
saving to '/var/cache/distfiles/asciidoctor-2.0.23.gem.part'
asciidoctor-2.0.23.g 100% |********************************|  276k  0:00:00 ETA
'/var/cache/distfiles/asciidoctor-2.0.23.gem.part' saved
>>> asciidoctor: Fetching https://rubygems.org/downloads/asciidoctor-2.0.23.gem
>>> asciidoctor: Checking sha512sums...
asciidoctor-2.0.23.gem: OK
>>> asciidoctor: Entering fakeroot...
/home/packager/aports/main/asciidoctor/pkg/asciidoctor/usr/lib/ruby/gems/3.3.0/gems/asciidoctor-2.0.23/.yardopts
/home/packager/aports/main/asciidoctor/pkg/asciidoctor/usr/lib/ruby/gems/3.3.0/gems/asciidoctor-2.0.23/CHANGELOG.adoc
/home/packager/aports/main/asciidoctor/pkg/asciidoctor/usr/lib/ruby/gems/3.3.0/gems/asciidoctor-2.0.23/LICENSE
/home/packager/aports/main/asciidoctor/pkg/asciidoctor/usr/lib/ruby/gems/3.3.0/gems/asciidoctor-2.0.23/README-de.adoc
/home/packager/aports/main/asciidoctor/pkg/asciidoctor/usr/lib/ruby/gems/3.3.0/gems/asciidoctor-2.0.23/README-fr.adoc
/home/packager/aports/main/asciidoctor/pkg/asciidoctor/usr/lib/ruby/gems/3.3.0/gems/asciidoctor-2.0.23/README-jp.adoc
/home/packager/aports/main/asciidoctor/pkg/asciidoctor/usr/lib/ruby/gems/3.3.0/gems/asciidoctor-2.0.23/README-zh_CN.adoc
/home/packager/aports/main/asciidoctor/pkg/asciidoctor/usr/lib/ruby/gems/3.3.0/gems/asciidoctor-2.0.23/README.adoc
/home/packager/aports/main/asciidoctor/pkg/asciidoctor/usr/lib/ruby/gems/3.3.0/gems/asciidoctor-2.0.23/asciidoctor.gemspec
/home/packager/aports/main/asciidoctor/pkg/asciidoctor/usr/lib/ruby/gems/3.3.0/gems/asciidoctor-2.0.23/bin/asciidoctor
/home/packager/aports/main/asciidoctor/pkg/asciidoctor/usr/lib/ruby/gems/3.3.0/gems/asciidoctor-2.0.23/data/locale/attributes-ar.adoc
/home/packager/aports/main/asciidoctor/pkg/asciidoctor/usr/lib/ruby/gems/3.3.0/gems/asciidoctor-2.0.23/data/locale/attributes-be.adoc
/home/packager/aports/main/asciidoctor/pkg/asciidoctor/usr/lib/ruby/gems/3.3.0/gems/asciidoctor-2.0.23/data/locale/attributes-bg.adoc
/home/packager/aports/main/asciidoctor/pkg/asciidoctor/usr/lib/ruby/gems/3.3.0/gems/asciidoctor-2.0.23/data/locale/attributes-ca.adoc
/home/packager/aports/main/asciidoctor/pkg/asciidoctor/usr/lib/ruby/gems/3.3.0/gems/asciidoctor-2.0.23/data/locale/attributes-cs.adoc
/home/packager/aports/main/asciidoctor/pkg/asciidoctor/usr/lib/ruby/gems/3.3.0/gems/asciidoctor-2.0.23/data/locale/attributes-da.adoc
/home/packager/aports/main/asciidoctor/pkg/asciidoctor/usr/lib/ruby/gems/3.3.0/gems/asciidoctor-2.0.23/data/locale/attributes-de.adoc
/home/packager/aports/main/asciidoctor/pkg/asciidoctor/usr/lib/ruby/gems/3.3.0/gems/asciidoctor-2.0.23/data/locale/attributes-en.adoc
/home/packager/aports/main/asciidoctor/pkg/asciidoctor/usr/lib/ruby/gems/3.3.0/gems/asciidoctor-2.0.23/data/locale/attributes-es.adoc
/home/packager/aports/main/asciidoctor/pkg/asciidoctor/usr/lib/ruby/gems/3.3.0/gems/asciidoctor-2.0.23/data/locale/attributes-fa.adoc
/home/packager/aports/main/asciidoctor/pkg/asciidoctor/usr/lib/ruby/gems/3.3.0/gems/asciidoctor-2.0.23/data/locale/attributes-fi.adoc
/home/packager/aports/main/asciidoctor/pkg/asciidoctor/usr/lib/ruby/gems/3.3.0/gems/asciidoctor-2.0.23/data/locale/attributes-fr.adoc
/home/packager/aports/main/asciidoctor/pkg/asciidoctor/usr/lib/ruby/gems/3.3.0/gems/asciidoctor-2.0.23/data/locale/attributes-hu.adoc
/home/packager/aports/main/asciidoctor/pkg/asciidoctor/usr/lib/ruby/gems/3.3.0/gems/asciidoctor-2.0.23/data/locale/attributes-id.adoc
/home/packager/aports/main/asciidoctor/pkg/asciidoctor/usr/lib/ruby/gems/3.3.0/gems/asciidoctor-2.0.23/data/locale/attributes-it.adoc
/home/packager/aports/main/asciidoctor/pkg/asciidoctor/usr/lib/ruby/gems/3.3.0/gems/asciidoctor-2.0.23/data/locale/attributes-ja.adoc
/home/packager/aports/main/asciidoctor/pkg/asciidoctor/usr/lib/ruby/gems/3.3.0/gems/asciidoctor-2.0.23/data/locale/attributes-ko.adoc
/home/packager/aports/main/asciidoctor/pkg/asciidoctor/usr/lib/ruby/gems/3.3.0/gems/asciidoctor-2.0.23/data/locale/attributes-nb.adoc
/home/packager/aports/main/asciidoctor/pkg/asciidoctor/usr/lib/ruby/gems/3.3.0/gems/asciidoctor-2.0.23/data/locale/attributes-nl.adoc
/home/packager/aports/main/asciidoctor/pkg/asciidoctor/usr/lib/ruby/gems/3.3.0/gems/asciidoctor-2.0.23/data/locale/attributes-nn.adoc
/home/packager/aports/main/asciidoctor/pkg/asciidoctor/usr/lib/ruby/gems/3.3.0/gems/asciidoctor-2.0.23/data/locale/attributes-pl.adoc
/home/packager/aports/main/asciidoctor/pkg/asciidoctor/usr/lib/ruby/gems/3.3.0/gems/asciidoctor-2.0.23/data/locale/attributes-pt.adoc
/home/packager/aports/main/asciidoctor/pkg/asciidoctor/usr/lib/ruby/gems/3.3.0/gems/asciidoctor-2.0.23/data/locale/attributes-pt_BR.adoc
/home/packager/aports/main/asciidoctor/pkg/asciidoctor/usr/lib/ruby/gems/3.3.0/gems/asciidoctor-2.0.23/data/locale/attributes-ro.adoc
/home/packager/aports/main/asciidoctor/pkg/asciidoctor/usr/lib/ruby/gems/3.3.0/gems/asciidoctor-2.0.23/data/locale/attributes-ru.adoc
/home/packager/aports/main/asciidoctor/pkg/asciidoctor/usr/lib/ruby/gems/3.3.0/gems/asciidoctor-2.0.23/data/locale/attributes-sr.adoc
/home/packager/aports/main/asciidoctor/pkg/asciidoctor/usr/lib/ruby/gems/3.3.0/gems/asciidoctor-2.0.23/data/locale/attributes-sr_Latn.adoc
/home/packager/aports/main/asciidoctor/pkg/asciidoctor/usr/lib/ruby/gems/3.3.0/gems/asciidoctor-2.0.23/data/locale/attributes-sv.adoc
/home/packager/aports/main/asciidoctor/pkg/asciidoctor/usr/lib/ruby/gems/3.3.0/gems/asciidoctor-2.0.23/data/locale/attributes-sw.adoc
/home/packager/aports/main/asciidoctor/pkg/asciidoctor/usr/lib/ruby/gems/3.3.0/gems/asciidoctor-2.0.23/data/locale/attributes-th.adoc
/home/packager/aports/main/asciidoctor/pkg/asciidoctor/usr/lib/ruby/gems/3.3.0/gems/asciidoctor-2.0.23/data/locale/attributes-tr.adoc
/home/packager/aports/main/asciidoctor/pkg/asciidoctor/usr/lib/ruby/gems/3.3.0/gems/asciidoctor-2.0.23/data/locale/attributes-uk.adoc
/home/packager/aports/main/asciidoctor/pkg/asciidoctor/usr/lib/ruby/gems/3.3.0/gems/asciidoctor-2.0.23/data/locale/attributes-vi.adoc
/home/packager/aports/main/asciidoctor/pkg/asciidoctor/usr/lib/ruby/gems/3.3.0/gems/asciidoctor-2.0.23/data/locale/attributes-zh_CN.adoc
/home/packager/aports/main/asciidoctor/pkg/asciidoctor/usr/lib/ruby/gems/3.3.0/gems/asciidoctor-2.0.23/data/locale/attributes-zh_TW.adoc
/home/packager/aports/main/asciidoctor/pkg/asciidoctor/usr/lib/ruby/gems/3.3.0/gems/asciidoctor-2.0.23/data/locale/attributes.adoc
/home/packager/aports/main/asciidoctor/pkg/asciidoctor/usr/lib/ruby/gems/3.3.0/gems/asciidoctor-2.0.23/data/reference/syntax.adoc
/home/packager/aports/main/asciidoctor/pkg/asciidoctor/usr/lib/ruby/gems/3.3.0/gems/asciidoctor-2.0.23/data/stylesheets/asciidoctor-default.css
/home/packager/aports/main/asciidoctor/pkg/asciidoctor/usr/lib/ruby/gems/3.3.0/gems/asciidoctor-2.0.23/data/stylesheets/coderay-asciidoctor.css
/home/packager/aports/main/asciidoctor/pkg/asciidoctor/usr/lib/ruby/gems/3.3.0/gems/asciidoctor-2.0.23/lib/asciidoctor.rb
/home/packager/aports/main/asciidoctor/pkg/asciidoctor/usr/lib/ruby/gems/3.3.0/gems/asciidoctor-2.0.23/lib/asciidoctor/abstract_block.rb
/home/packager/aports/main/asciidoctor/pkg/asciidoctor/usr/lib/ruby/gems/3.3.0/gems/asciidoctor-2.0.23/lib/asciidoctor/abstract_node.rb
/home/packager/aports/main/asciidoctor/pkg/asciidoctor/usr/lib/ruby/gems/3.3.0/gems/asciidoctor-2.0.23/lib/asciidoctor/attribute_list.rb
/home/packager/aports/main/asciidoctor/pkg/asciidoctor/usr/lib/ruby/gems/3.3.0/gems/asciidoctor-2.0.23/lib/asciidoctor/block.rb
/home/packager/aports/main/asciidoctor/pkg/asciidoctor/usr/lib/ruby/gems/3.3.0/gems/asciidoctor-2.0.23/lib/asciidoctor/callouts.rb
/home/packager/aports/main/asciidoctor/pkg/asciidoctor/usr/lib/ruby/gems/3.3.0/gems/asciidoctor-2.0.23/lib/asciidoctor/cli.rb
/home/packager/aports/main/asciidoctor/pkg/asciidoctor/usr/lib/ruby/gems/3.3.0/gems/asciidoctor-2.0.23/lib/asciidoctor/cli/invoker.rb
/home/packager/aports/main/asciidoctor/pkg/asciidoctor/usr/lib/ruby/gems/3.3.0/gems/asciidoctor-2.0.23/lib/asciidoctor/cli/options.rb
/home/packager/aports/main/asciidoctor/pkg/asciidoctor/usr/lib/ruby/gems/3.3.0/gems/asciidoctor-2.0.23/lib/asciidoctor/convert.rb
/home/packager/aports/main/asciidoctor/pkg/asciidoctor/usr/lib/ruby/gems/3.3.0/gems/asciidoctor-2.0.23/lib/asciidoctor/converter.rb
/home/packager/aports/main/asciidoctor/pkg/asciidoctor/usr/lib/ruby/gems/3.3.0/gems/asciidoctor-2.0.23/lib/asciidoctor/converter/composite.rb
/home/packager/aports/main/asciidoctor/pkg/asciidoctor/usr/lib/ruby/gems/3.3.0/gems/asciidoctor-2.0.23/lib/asciidoctor/converter/docbook5.rb
/home/packager/aports/main/asciidoctor/pkg/asciidoctor/usr/lib/ruby/gems/3.3.0/gems/asciidoctor-2.0.23/lib/asciidoctor/converter/html5.rb
/home/packager/aports/main/asciidoctor/pkg/asciidoctor/usr/lib/ruby/gems/3.3.0/gems/asciidoctor-2.0.23/lib/asciidoctor/converter/manpage.rb
/home/packager/aports/main/asciidoctor/pkg/asciidoctor/usr/lib/ruby/gems/3.3.0/gems/asciidoctor-2.0.23/lib/asciidoctor/converter/template.rb
/home/packager/aports/main/asciidoctor/pkg/asciidoctor/usr/lib/ruby/gems/3.3.0/gems/asciidoctor-2.0.23/lib/asciidoctor/core_ext.rb
/home/packager/aports/main/asciidoctor/pkg/asciidoctor/usr/lib/ruby/gems/3.3.0/gems/asciidoctor-2.0.23/lib/asciidoctor/core_ext/float/truncate.rb
/home/packager/aports/main/asciidoctor/pkg/asciidoctor/usr/lib/ruby/gems/3.3.0/gems/asciidoctor-2.0.23/lib/asciidoctor/core_ext/hash/merge.rb
/home/packager/aports/main/asciidoctor/pkg/asciidoctor/usr/lib/ruby/gems/3.3.0/gems/asciidoctor-2.0.23/lib/asciidoctor/core_ext/match_data/names.rb
/home/packager/aports/main/asciidoctor/pkg/asciidoctor/usr/lib/ruby/gems/3.3.0/gems/asciidoctor-2.0.23/lib/asciidoctor/core_ext/nil_or_empty.rb
/home/packager/aports/main/asciidoctor/pkg/asciidoctor/usr/lib/ruby/gems/3.3.0/gems/asciidoctor-2.0.23/lib/asciidoctor/core_ext/regexp/is_match.rb
/home/packager/aports/main/asciidoctor/pkg/asciidoctor/usr/lib/ruby/gems/3.3.0/gems/asciidoctor-2.0.23/lib/asciidoctor/document.rb
/home/packager/aports/main/asciidoctor/pkg/asciidoctor/usr/lib/ruby/gems/3.3.0/gems/asciidoctor-2.0.23/lib/asciidoctor/extensions.rb
/home/packager/aports/main/asciidoctor/pkg/asciidoctor/usr/lib/ruby/gems/3.3.0/gems/asciidoctor-2.0.23/lib/asciidoctor/helpers.rb
/home/packager/aports/main/asciidoctor/pkg/asciidoctor/usr/lib/ruby/gems/3.3.0/gems/asciidoctor-2.0.23/lib/asciidoctor/inline.rb
/home/packager/aports/main/asciidoctor/pkg/asciidoctor/usr/lib/ruby/gems/3.3.0/gems/asciidoctor-2.0.23/lib/asciidoctor/list.rb
/home/packager/aports/main/asciidoctor/pkg/asciidoctor/usr/lib/ruby/gems/3.3.0/gems/asciidoctor-2.0.23/lib/asciidoctor/load.rb
/home/packager/aports/main/asciidoctor/pkg/asciidoctor/usr/lib/ruby/gems/3.3.0/gems/asciidoctor-2.0.23/lib/asciidoctor/logging.rb
/home/packager/aports/main/asciidoctor/pkg/asciidoctor/usr/lib/ruby/gems/3.3.0/gems/asciidoctor-2.0.23/lib/asciidoctor/parser.rb
/home/packager/aports/main/asciidoctor/pkg/asciidoctor/usr/lib/ruby/gems/3.3.0/gems/asciidoctor-2.0.23/lib/asciidoctor/path_resolver.rb
/home/packager/aports/main/asciidoctor/pkg/asciidoctor/usr/lib/ruby/gems/3.3.0/gems/asciidoctor-2.0.23/lib/asciidoctor/reader.rb
/home/packager/aports/main/asciidoctor/pkg/asciidoctor/usr/lib/ruby/gems/3.3.0/gems/asciidoctor-2.0.23/lib/asciidoctor/rouge_ext.rb
/home/packager/aports/main/asciidoctor/pkg/asciidoctor/usr/lib/ruby/gems/3.3.0/gems/asciidoctor-2.0.23/lib/asciidoctor/rx.rb
/home/packager/aports/main/asciidoctor/pkg/asciidoctor/usr/lib/ruby/gems/3.3.0/gems/asciidoctor-2.0.23/lib/asciidoctor/section.rb
/home/packager/aports/main/asciidoctor/pkg/asciidoctor/usr/lib/ruby/gems/3.3.0/gems/asciidoctor-2.0.23/lib/asciidoctor/stylesheets.rb
/home/packager/aports/main/asciidoctor/pkg/asciidoctor/usr/lib/ruby/gems/3.3.0/gems/asciidoctor-2.0.23/lib/asciidoctor/substitutors.rb
/home/packager/aports/main/asciidoctor/pkg/asciidoctor/usr/lib/ruby/gems/3.3.0/gems/asciidoctor-2.0.23/lib/asciidoctor/syntax_highlighter.rb
/home/packager/aports/main/asciidoctor/pkg/asciidoctor/usr/lib/ruby/gems/3.3.0/gems/asciidoctor-2.0.23/lib/asciidoctor/syntax_highlighter/coderay.rb
/home/packager/aports/main/asciidoctor/pkg/asciidoctor/usr/lib/ruby/gems/3.3.0/gems/asciidoctor-2.0.23/lib/asciidoctor/syntax_highlighter/highlightjs.rb
/home/packager/aports/main/asciidoctor/pkg/asciidoctor/usr/lib/ruby/gems/3.3.0/gems/asciidoctor-2.0.23/lib/asciidoctor/syntax_highlighter/html_pipeline.rb
/home/packager/aports/main/asciidoctor/pkg/asciidoctor/usr/lib/ruby/gems/3.3.0/gems/asciidoctor-2.0.23/lib/asciidoctor/syntax_highlighter/prettify.rb
/home/packager/aports/main/asciidoctor/pkg/asciidoctor/usr/lib/ruby/gems/3.3.0/gems/asciidoctor-2.0.23/lib/asciidoctor/syntax_highlighter/pygments.rb
/home/packager/aports/main/asciidoctor/pkg/asciidoctor/usr/lib/ruby/gems/3.3.0/gems/asciidoctor-2.0.23/lib/asciidoctor/syntax_highlighter/rouge.rb
/home/packager/aports/main/asciidoctor/pkg/asciidoctor/usr/lib/ruby/gems/3.3.0/gems/asciidoctor-2.0.23/lib/asciidoctor/table.rb
/home/packager/aports/main/asciidoctor/pkg/asciidoctor/usr/lib/ruby/gems/3.3.0/gems/asciidoctor-2.0.23/lib/asciidoctor/timings.rb
/home/packager/aports/main/asciidoctor/pkg/asciidoctor/usr/lib/ruby/gems/3.3.0/gems/asciidoctor-2.0.23/lib/asciidoctor/version.rb
/home/packager/aports/main/asciidoctor/pkg/asciidoctor/usr/lib/ruby/gems/3.3.0/gems/asciidoctor-2.0.23/lib/asciidoctor/writer.rb
/home/packager/aports/main/asciidoctor/pkg/asciidoctor/usr/lib/ruby/gems/3.3.0/gems/asciidoctor-2.0.23/man/asciidoctor.1
/home/packager/aports/main/asciidoctor/pkg/asciidoctor/usr/lib/ruby/gems/3.3.0/gems/asciidoctor-2.0.23/man/asciidoctor.adoc
/home/packager/aports/main/asciidoctor/pkg/asciidoctor/usr/lib/ruby/gems/3.3.0/bin/asciidoctor
Successfully installed asciidoctor-2.0.23
1 gem installed
>>> asciidoctor*: Running postcheck for asciidoctor
>>> asciidoctor*: Preparing package asciidoctor...
>>> asciidoctor*: Tracing dependencies...
libfakeroot internal error: payload not recognized!
	ruby
>>> asciidoctor*: Package size: 1.0 MB
>>> asciidoctor*: Compressing data...
>>> asciidoctor*: Create checksum...
libfakeroot internal error: payload not recognized!
pigz: not found
>>> asciidoctor*: Create asciidoctor-2.0.23-r1.apk
>>> asciidoctor: Build complete at Thu, 22 May 2025 22:26:26 +0000 elapsed time 0h 0m 6s
>>> asciidoctor: Cleaning up srcdir
>>> asciidoctor: Cleaning up pkgdir
>>> asciidoctor: Uninstalling dependencies...
(1/7) Purging .makedepends-asciidoctor (20250522.222621)
(2/7) Purging ruby (3.3.8-r0)
(3/7) Purging ca-certificates (20241121-r2)
Executing ca-certificates-20241121-r2.post-deinstall
(4/7) Purging libucontext (1.3.2-r0)
(5/7) Purging ruby-libs (3.3.8-r0)
(6/7) Purging yaml (0.2.5-r2)
(7/7) Purging libffi (3.4.7-r0)
Executing busybox-1.37.0-r12.trigger
OK: 313 MiB in 114 packages
>>> asciidoctor: Updating the main/x86_64 repository index...
>>> asciidoctor: Signing the index...
pigz: not found
