pigz: not found
>>> xorgproto: Building main/xorgproto 2024.1-r0 (using abuild 3.14.1-r4) started Sun, 18 May 2025 06:18:53 +0000
>>> xorgproto: Validating /home/packager/aports/main/xorgproto/APKBUILD...
>>> xorgproto: Analyzing dependencies...
>>> xorgproto: Installing for build: build-base meson util-macros
(1/16) Installing samurai (1.2-r6)
(2/16) Installing libbz2 (1.0.8-r6)
(3/16) Installing libffi (3.4.7-r0)
(4/16) Installing gdbm (1.24-r0)
(5/16) Installing xz-libs (5.6.3-r1)
(6/16) Installing mpdecimal (4.0.0-r0)
(7/16) Installing sqlite-libs (3.49.2-r0)
(8/16) Installing python3 (3.12.10-r0)
(9/16) Installing python3-pycache-pyc0 (3.12.10-r0)
(10/16) Installing pyc (3.12.10-r0)
(11/16) Installing meson-pyc (1.6.1-r4)
(12/16) Installing python3-pyc (3.12.10-r0)
(13/16) Installing meson (1.6.1-r4)
(14/16) Installing util-macros (1.20.1-r0)
(15/16) Installing .makedepends-xorgproto (20250518.061855)
(16/16) Installing abuild-meson (1.6.1-r4)
Executing busybox-1.37.0-r12.trigger
OK: 303 MiB in 97 packages
>>> xorgproto: Cleaning up srcdir
>>> xorgproto: Cleaning up pkgdir
>>> xorgproto: Cleaning up tmpdir
>>> xorgproto: Fetching https://xorg.freedesktop.org/archive/individual/proto/xorgproto-2024.1.tar.gz
Connecting to xorg.freedesktop.org (131.252.210.176:443)
saving to '/var/cache/distfiles/xorgproto-2024.1.tar.gz.part'
xorgproto-2024.1.tar  20% |******                          |  226k  0:00:03 ETA
xorgproto-2024.1.tar 100% |********************************| 1089k  0:00:00 ETA
'/var/cache/distfiles/xorgproto-2024.1.tar.gz.part' saved
>>> xorgproto: Fetching https://xorg.freedesktop.org/archive/individual/proto/xorgproto-2024.1.tar.gz
>>> xorgproto: Checking sha512sums...
xorgproto-2024.1.tar.gz: OK
>>> xorgproto: Unpacking /var/cache/distfiles/xorgproto-2024.1.tar.gz...
The Meson build system
Version: 1.6.1
Source dir: /home/packager/aports/main/xorgproto/src/xorgproto-2024.1
Build dir: /home/packager/aports/main/xorgproto/src/xorgproto-2024.1/output
Build type: native build
Project name: xorgproto
Project version: 2024.1
C compiler for the host machine: gcc (gcc 14.2.0 "gcc (Alpine 14.2.0) 14.2.0")
C linker for the host machine: gcc ld.bfd 2.43.1
Host machine cpu family: x86_64
Host machine cpu: x86_64
Configuring applewmproto.pc using configuration
Configuring bigreqsproto.pc using configuration
Configuring compositeproto.pc using configuration
Configuring damageproto.pc using configuration
Configuring dmxproto.pc using configuration
Configuring dpmsproto.pc using configuration
Configuring dri2proto.pc using configuration
Configuring dri3proto.pc using configuration
Configuring fixesproto.pc using configuration
Configuring fontsproto.pc using configuration
Configuring glproto.pc using configuration
Configuring inputproto.pc using configuration
Configuring kbproto.pc using configuration
Configuring presentproto.pc using configuration
Configuring randrproto.pc using configuration
Configuring recordproto.pc using configuration
Configuring renderproto.pc using configuration
Configuring resourceproto.pc using configuration
Configuring scrnsaverproto.pc using configuration
Configuring videoproto.pc using configuration
Configuring xcmiscproto.pc using configuration
Configuring xextproto.pc using configuration
Configuring xf86bigfontproto.pc using configuration
Configuring xf86dgaproto.pc using configuration
Configuring xf86driproto.pc using configuration
Configuring xf86vidmodeproto.pc using configuration
Configuring xineramaproto.pc using configuration
Configuring xproto.pc using configuration
Configuring xwaylandproto.pc using configuration
Configuring evieproto.pc using configuration
Configuring fontcacheproto.pc using configuration
Configuring lg3dproto.pc using configuration
Configuring printproto.pc using configuration
Configuring trapproto.pc using configuration
Configuring windowswmproto.pc using configuration
Configuring xcalibrateproto.pc using configuration
Configuring xf86miscproto.pc using configuration
Configuring xf86rushproto.pc using configuration
Configuring xproxymngproto.pc using configuration
Has header "sys/param.h" : YES 
Has header "sys/types.h" : YES 
Has header "sys/time.h" : YES 
Has header "sys/select.h" : YES 
Checking whether type "fd_set" has member "fds_bits" : YES 
Configuring Xpoll.h using configuration
Program scripts/keysym-generator.py found: YES (/home/packager/aports/main/xorgproto/src/xorgproto-2024.1/scripts/keysym-generator.py)
Build targets in project: 0

xorgproto 2024.1

  User defined options
    auto_features     : auto
    b_lto             : false
    b_pie             : true
    b_staticpic       : true
    bindir            : /usr/bin
    buildtype         : plain
    datadir           : /usr/lib
    includedir        : /usr/include
    infodir           : /usr/share/info
    legacy            : true
    libdir            : /usr/lib
    libexecdir        : /usr/libexec
    localedir         : /usr/share/locale
    localstatedir     : /var
    mandir            : /usr/share/man
    prefix            : /usr
    python.bytecompile: 0
    sbindir           : /usr/sbin
    sharedstatedir    : /var/lib
    sysconfdir        : /etc
    werror            : false
    wrap_mode         : nodownload

Found ninja-1.9 at /usr/bin/ninja
ninja: entering directory '/home/packager/aports/main/xorgproto/src/xorgproto-2024.1/output'
INFO: autodetecting backend as ninja
INFO: calculating backend command to run: /usr/bin/ninja -C /home/packager/aports/main/xorgproto/src/xorgproto-2024.1/output
>>> xorgproto: Entering fakeroot...
Installing /home/packager/aports/main/xorgproto/src/xorgproto-2024.1/include/GL/glxint.h to /home/packager/aports/main/xorgproto/pkg/xorgproto/usr/include/GL
Installing /home/packager/aports/main/xorgproto/src/xorgproto-2024.1/include/GL/glxmd.h to /home/packager/aports/main/xorgproto/pkg/xorgproto/usr/include/GL
Installing /home/packager/aports/main/xorgproto/src/xorgproto-2024.1/include/GL/glxproto.h to /home/packager/aports/main/xorgproto/pkg/xorgproto/usr/include/GL
Installing /home/packager/aports/main/xorgproto/src/xorgproto-2024.1/include/GL/glxtokens.h to /home/packager/aports/main/xorgproto/pkg/xorgproto/usr/include/GL
Installing /home/packager/aports/main/xorgproto/src/xorgproto-2024.1/include/GL/internal/glcore.h to /home/packager/aports/main/xorgproto/pkg/xorgproto/usr/include/GL/internal
Installing /home/packager/aports/main/xorgproto/src/xorgproto-2024.1/include/X11/ap_keysym.h to /home/packager/aports/main/xorgproto/pkg/xorgproto/usr/include/X11
Installing /home/packager/aports/main/xorgproto/src/xorgproto-2024.1/include/X11/DECkeysym.h to /home/packager/aports/main/xorgproto/pkg/xorgproto/usr/include/X11
Installing /home/packager/aports/main/xorgproto/src/xorgproto-2024.1/include/X11/HPkeysym.h to /home/packager/aports/main/xorgproto/pkg/xorgproto/usr/include/X11
Installing /home/packager/aports/main/xorgproto/src/xorgproto-2024.1/include/X11/keysymdef.h to /home/packager/aports/main/xorgproto/pkg/xorgproto/usr/include/X11
Installing /home/packager/aports/main/xorgproto/src/xorgproto-2024.1/include/X11/keysym.h to /home/packager/aports/main/xorgproto/pkg/xorgproto/usr/include/X11
Installing /home/packager/aports/main/xorgproto/src/xorgproto-2024.1/include/X11/Sunkeysym.h to /home/packager/aports/main/xorgproto/pkg/xorgproto/usr/include/X11
Installing /home/packager/aports/main/xorgproto/src/xorgproto-2024.1/include/X11/Xalloca.h to /home/packager/aports/main/xorgproto/pkg/xorgproto/usr/include/X11
Installing /home/packager/aports/main/xorgproto/src/xorgproto-2024.1/include/X11/Xarch.h to /home/packager/aports/main/xorgproto/pkg/xorgproto/usr/include/X11
Installing /home/packager/aports/main/xorgproto/src/xorgproto-2024.1/include/X11/Xatom.h to /home/packager/aports/main/xorgproto/pkg/xorgproto/usr/include/X11
Installing /home/packager/aports/main/xorgproto/src/xorgproto-2024.1/include/X11/Xdefs.h to /home/packager/aports/main/xorgproto/pkg/xorgproto/usr/include/X11
Installing /home/packager/aports/main/xorgproto/src/xorgproto-2024.1/include/X11/XF86keysym.h to /home/packager/aports/main/xorgproto/pkg/xorgproto/usr/include/X11
Installing /home/packager/aports/main/xorgproto/src/xorgproto-2024.1/include/X11/Xfuncs.h to /home/packager/aports/main/xorgproto/pkg/xorgproto/usr/include/X11
Installing /home/packager/aports/main/xorgproto/src/xorgproto-2024.1/include/X11/Xfuncproto.h to /home/packager/aports/main/xorgproto/pkg/xorgproto/usr/include/X11
Installing /home/packager/aports/main/xorgproto/src/xorgproto-2024.1/include/X11/X.h to /home/packager/aports/main/xorgproto/pkg/xorgproto/usr/include/X11
Installing /home/packager/aports/main/xorgproto/src/xorgproto-2024.1/include/X11/Xmd.h to /home/packager/aports/main/xorgproto/pkg/xorgproto/usr/include/X11
Installing /home/packager/aports/main/xorgproto/src/xorgproto-2024.1/include/X11/Xosdefs.h to /home/packager/aports/main/xorgproto/pkg/xorgproto/usr/include/X11
Installing /home/packager/aports/main/xorgproto/src/xorgproto-2024.1/include/X11/Xos.h to /home/packager/aports/main/xorgproto/pkg/xorgproto/usr/include/X11
Installing /home/packager/aports/main/xorgproto/src/xorgproto-2024.1/include/X11/Xos_r.h to /home/packager/aports/main/xorgproto/pkg/xorgproto/usr/include/X11
Installing /home/packager/aports/main/xorgproto/src/xorgproto-2024.1/include/X11/Xproto.h to /home/packager/aports/main/xorgproto/pkg/xorgproto/usr/include/X11
Installing /home/packager/aports/main/xorgproto/src/xorgproto-2024.1/include/X11/Xprotostr.h to /home/packager/aports/main/xorgproto/pkg/xorgproto/usr/include/X11
Installing /home/packager/aports/main/xorgproto/src/xorgproto-2024.1/include/X11/Xthreads.h to /home/packager/aports/main/xorgproto/pkg/xorgproto/usr/include/X11
Installing /home/packager/aports/main/xorgproto/src/xorgproto-2024.1/include/X11/Xw32defs.h to /home/packager/aports/main/xorgproto/pkg/xorgproto/usr/include/X11
Installing /home/packager/aports/main/xorgproto/src/xorgproto-2024.1/include/X11/XWDFile.h to /home/packager/aports/main/xorgproto/pkg/xorgproto/usr/include/X11
Installing /home/packager/aports/main/xorgproto/src/xorgproto-2024.1/include/X11/Xwindows.h to /home/packager/aports/main/xorgproto/pkg/xorgproto/usr/include/X11
Installing /home/packager/aports/main/xorgproto/src/xorgproto-2024.1/include/X11/Xwinsock.h to /home/packager/aports/main/xorgproto/pkg/xorgproto/usr/include/X11
Installing /home/packager/aports/main/xorgproto/src/xorgproto-2024.1/include/X11/dri/xf86dri.h to /home/packager/aports/main/xorgproto/pkg/xorgproto/usr/include/X11/dri
Installing /home/packager/aports/main/xorgproto/src/xorgproto-2024.1/include/X11/dri/xf86driproto.h to /home/packager/aports/main/xorgproto/pkg/xorgproto/usr/include/X11/dri
Installing /home/packager/aports/main/xorgproto/src/xorgproto-2024.1/include/X11/dri/xf86dristr.h to /home/packager/aports/main/xorgproto/pkg/xorgproto/usr/include/X11/dri
Installing /home/packager/aports/main/xorgproto/src/xorgproto-2024.1/include/X11/extensions/ag.h to /home/packager/aports/main/xorgproto/pkg/xorgproto/usr/include/X11/extensions
Installing /home/packager/aports/main/xorgproto/src/xorgproto-2024.1/include/X11/extensions/agproto.h to /home/packager/aports/main/xorgproto/pkg/xorgproto/usr/include/X11/extensions
Installing /home/packager/aports/main/xorgproto/src/xorgproto-2024.1/include/X11/extensions/applewmconst.h to /home/packager/aports/main/xorgproto/pkg/xorgproto/usr/include/X11/extensions
Installing /home/packager/aports/main/xorgproto/src/xorgproto-2024.1/include/X11/extensions/applewmproto.h to /home/packager/aports/main/xorgproto/pkg/xorgproto/usr/include/X11/extensions
Installing /home/packager/aports/main/xorgproto/src/xorgproto-2024.1/include/X11/extensions/bigreqsproto.h to /home/packager/aports/main/xorgproto/pkg/xorgproto/usr/include/X11/extensions
Installing /home/packager/aports/main/xorgproto/src/xorgproto-2024.1/include/X11/extensions/bigreqstr.h to /home/packager/aports/main/xorgproto/pkg/xorgproto/usr/include/X11/extensions
Installing /home/packager/aports/main/xorgproto/src/xorgproto-2024.1/include/X11/extensions/composite.h to /home/packager/aports/main/xorgproto/pkg/xorgproto/usr/include/X11/extensions
Installing /home/packager/aports/main/xorgproto/src/xorgproto-2024.1/include/X11/extensions/compositeproto.h to /home/packager/aports/main/xorgproto/pkg/xorgproto/usr/include/X11/extensions
Installing /home/packager/aports/main/xorgproto/src/xorgproto-2024.1/include/X11/extensions/cup.h to /home/packager/aports/main/xorgproto/pkg/xorgproto/usr/include/X11/extensions
Installing /home/packager/aports/main/xorgproto/src/xorgproto-2024.1/include/X11/extensions/cupproto.h to /home/packager/aports/main/xorgproto/pkg/xorgproto/usr/include/X11/extensions
Installing /home/packager/aports/main/xorgproto/src/xorgproto-2024.1/include/X11/extensions/damageproto.h to /home/packager/aports/main/xorgproto/pkg/xorgproto/usr/include/X11/extensions
Installing /home/packager/aports/main/xorgproto/src/xorgproto-2024.1/include/X11/extensions/damagewire.h to /home/packager/aports/main/xorgproto/pkg/xorgproto/usr/include/X11/extensions
Installing /home/packager/aports/main/xorgproto/src/xorgproto-2024.1/include/X11/extensions/dbe.h to /home/packager/aports/main/xorgproto/pkg/xorgproto/usr/include/X11/extensions
Installing /home/packager/aports/main/xorgproto/src/xorgproto-2024.1/include/X11/extensions/dbeproto.h to /home/packager/aports/main/xorgproto/pkg/xorgproto/usr/include/X11/extensions
Installing /home/packager/aports/main/xorgproto/src/xorgproto-2024.1/include/X11/extensions/dmx.h to /home/packager/aports/main/xorgproto/pkg/xorgproto/usr/include/X11/extensions
Installing /home/packager/aports/main/xorgproto/src/xorgproto-2024.1/include/X11/extensions/dmxproto.h to /home/packager/aports/main/xorgproto/pkg/xorgproto/usr/include/X11/extensions
Installing /home/packager/aports/main/xorgproto/src/xorgproto-2024.1/include/X11/extensions/dpmsconst.h to /home/packager/aports/main/xorgproto/pkg/xorgproto/usr/include/X11/extensions
Installing /home/packager/aports/main/xorgproto/src/xorgproto-2024.1/include/X11/extensions/dpmsproto.h to /home/packager/aports/main/xorgproto/pkg/xorgproto/usr/include/X11/extensions
Installing /home/packager/aports/main/xorgproto/src/xorgproto-2024.1/include/X11/extensions/dri2proto.h to /home/packager/aports/main/xorgproto/pkg/xorgproto/usr/include/X11/extensions
Installing /home/packager/aports/main/xorgproto/src/xorgproto-2024.1/include/X11/extensions/dri2tokens.h to /home/packager/aports/main/xorgproto/pkg/xorgproto/usr/include/X11/extensions
Installing /home/packager/aports/main/xorgproto/src/xorgproto-2024.1/include/X11/extensions/dri3proto.h to /home/packager/aports/main/xorgproto/pkg/xorgproto/usr/include/X11/extensions
Installing /home/packager/aports/main/xorgproto/src/xorgproto-2024.1/include/X11/extensions/EVI.h to /home/packager/aports/main/xorgproto/pkg/xorgproto/usr/include/X11/extensions
Installing /home/packager/aports/main/xorgproto/src/xorgproto-2024.1/include/X11/extensions/EVIproto.h to /home/packager/aports/main/xorgproto/pkg/xorgproto/usr/include/X11/extensions
Installing /home/packager/aports/main/xorgproto/src/xorgproto-2024.1/include/X11/extensions/ge.h to /home/packager/aports/main/xorgproto/pkg/xorgproto/usr/include/X11/extensions
Installing /home/packager/aports/main/xorgproto/src/xorgproto-2024.1/include/X11/extensions/geproto.h to /home/packager/aports/main/xorgproto/pkg/xorgproto/usr/include/X11/extensions
Installing /home/packager/aports/main/xorgproto/src/xorgproto-2024.1/include/X11/extensions/lbx.h to /home/packager/aports/main/xorgproto/pkg/xorgproto/usr/include/X11/extensions
Installing /home/packager/aports/main/xorgproto/src/xorgproto-2024.1/include/X11/extensions/lbxproto.h to /home/packager/aports/main/xorgproto/pkg/xorgproto/usr/include/X11/extensions
Installing /home/packager/aports/main/xorgproto/src/xorgproto-2024.1/include/X11/extensions/mitmiscconst.h to /home/packager/aports/main/xorgproto/pkg/xorgproto/usr/include/X11/extensions
Installing /home/packager/aports/main/xorgproto/src/xorgproto-2024.1/include/X11/extensions/mitmiscproto.h to /home/packager/aports/main/xorgproto/pkg/xorgproto/usr/include/X11/extensions
Installing /home/packager/aports/main/xorgproto/src/xorgproto-2024.1/include/X11/extensions/multibufconst.h to /home/packager/aports/main/xorgproto/pkg/xorgproto/usr/include/X11/extensions
Installing /home/packager/aports/main/xorgproto/src/xorgproto-2024.1/include/X11/extensions/multibufproto.h to /home/packager/aports/main/xorgproto/pkg/xorgproto/usr/include/X11/extensions
Installing /home/packager/aports/main/xorgproto/src/xorgproto-2024.1/include/X11/extensions/panoramiXproto.h to /home/packager/aports/main/xorgproto/pkg/xorgproto/usr/include/X11/extensions
Installing /home/packager/aports/main/xorgproto/src/xorgproto-2024.1/include/X11/extensions/presentproto.h to /home/packager/aports/main/xorgproto/pkg/xorgproto/usr/include/X11/extensions
Installing /home/packager/aports/main/xorgproto/src/xorgproto-2024.1/include/X11/extensions/presenttokens.h to /home/packager/aports/main/xorgproto/pkg/xorgproto/usr/include/X11/extensions
Installing /home/packager/aports/main/xorgproto/src/xorgproto-2024.1/include/X11/extensions/randr.h to /home/packager/aports/main/xorgproto/pkg/xorgproto/usr/include/X11/extensions
Installing /home/packager/aports/main/xorgproto/src/xorgproto-2024.1/include/X11/extensions/randrproto.h to /home/packager/aports/main/xorgproto/pkg/xorgproto/usr/include/X11/extensions
Installing /home/packager/aports/main/xorgproto/src/xorgproto-2024.1/include/X11/extensions/recordconst.h to /home/packager/aports/main/xorgproto/pkg/xorgproto/usr/include/X11/extensions
Installing /home/packager/aports/main/xorgproto/src/xorgproto-2024.1/include/X11/extensions/recordproto.h to /home/packager/aports/main/xorgproto/pkg/xorgproto/usr/include/X11/extensions
Installing /home/packager/aports/main/xorgproto/src/xorgproto-2024.1/include/X11/extensions/recordstr.h to /home/packager/aports/main/xorgproto/pkg/xorgproto/usr/include/X11/extensions
Installing /home/packager/aports/main/xorgproto/src/xorgproto-2024.1/include/X11/extensions/render.h to /home/packager/aports/main/xorgproto/pkg/xorgproto/usr/include/X11/extensions
Installing /home/packager/aports/main/xorgproto/src/xorgproto-2024.1/include/X11/extensions/renderproto.h to /home/packager/aports/main/xorgproto/pkg/xorgproto/usr/include/X11/extensions
Installing /home/packager/aports/main/xorgproto/src/xorgproto-2024.1/include/X11/extensions/saver.h to /home/packager/aports/main/xorgproto/pkg/xorgproto/usr/include/X11/extensions
Installing /home/packager/aports/main/xorgproto/src/xorgproto-2024.1/include/X11/extensions/saverproto.h to /home/packager/aports/main/xorgproto/pkg/xorgproto/usr/include/X11/extensions
Installing /home/packager/aports/main/xorgproto/src/xorgproto-2024.1/include/X11/extensions/secur.h to /home/packager/aports/main/xorgproto/pkg/xorgproto/usr/include/X11/extensions
Installing /home/packager/aports/main/xorgproto/src/xorgproto-2024.1/include/X11/extensions/securproto.h to /home/packager/aports/main/xorgproto/pkg/xorgproto/usr/include/X11/extensions
Installing /home/packager/aports/main/xorgproto/src/xorgproto-2024.1/include/X11/extensions/shapeconst.h to /home/packager/aports/main/xorgproto/pkg/xorgproto/usr/include/X11/extensions
Installing /home/packager/aports/main/xorgproto/src/xorgproto-2024.1/include/X11/extensions/shapeproto.h to /home/packager/aports/main/xorgproto/pkg/xorgproto/usr/include/X11/extensions
Installing /home/packager/aports/main/xorgproto/src/xorgproto-2024.1/include/X11/extensions/shapestr.h to /home/packager/aports/main/xorgproto/pkg/xorgproto/usr/include/X11/extensions
Installing /home/packager/aports/main/xorgproto/src/xorgproto-2024.1/include/X11/extensions/shm.h to /home/packager/aports/main/xorgproto/pkg/xorgproto/usr/include/X11/extensions
Installing /home/packager/aports/main/xorgproto/src/xorgproto-2024.1/include/X11/extensions/shmproto.h to /home/packager/aports/main/xorgproto/pkg/xorgproto/usr/include/X11/extensions
Installing /home/packager/aports/main/xorgproto/src/xorgproto-2024.1/include/X11/extensions/shmstr.h to /home/packager/aports/main/xorgproto/pkg/xorgproto/usr/include/X11/extensions
Installing /home/packager/aports/main/xorgproto/src/xorgproto-2024.1/include/X11/extensions/syncconst.h to /home/packager/aports/main/xorgproto/pkg/xorgproto/usr/include/X11/extensions
Installing /home/packager/aports/main/xorgproto/src/xorgproto-2024.1/include/X11/extensions/syncproto.h to /home/packager/aports/main/xorgproto/pkg/xorgproto/usr/include/X11/extensions
Installing /home/packager/aports/main/xorgproto/src/xorgproto-2024.1/include/X11/extensions/syncstr.h to /home/packager/aports/main/xorgproto/pkg/xorgproto/usr/include/X11/extensions
Installing /home/packager/aports/main/xorgproto/src/xorgproto-2024.1/include/X11/extensions/xcmiscproto.h to /home/packager/aports/main/xorgproto/pkg/xorgproto/usr/include/X11/extensions
Installing /home/packager/aports/main/xorgproto/src/xorgproto-2024.1/include/X11/extensions/xcmiscstr.h to /home/packager/aports/main/xorgproto/pkg/xorgproto/usr/include/X11/extensions
Installing /home/packager/aports/main/xorgproto/src/xorgproto-2024.1/include/X11/extensions/xf86bigfont.h to /home/packager/aports/main/xorgproto/pkg/xorgproto/usr/include/X11/extensions
Installing /home/packager/aports/main/xorgproto/src/xorgproto-2024.1/include/X11/extensions/xf86bigfproto.h to /home/packager/aports/main/xorgproto/pkg/xorgproto/usr/include/X11/extensions
Installing /home/packager/aports/main/xorgproto/src/xorgproto-2024.1/include/X11/extensions/xf86bigfstr.h to /home/packager/aports/main/xorgproto/pkg/xorgproto/usr/include/X11/extensions
Installing /home/packager/aports/main/xorgproto/src/xorgproto-2024.1/include/X11/extensions/xf86dga1const.h to /home/packager/aports/main/xorgproto/pkg/xorgproto/usr/include/X11/extensions
Installing /home/packager/aports/main/xorgproto/src/xorgproto-2024.1/include/X11/extensions/xf86dga1proto.h to /home/packager/aports/main/xorgproto/pkg/xorgproto/usr/include/X11/extensions
Installing /home/packager/aports/main/xorgproto/src/xorgproto-2024.1/include/X11/extensions/xf86dga1str.h to /home/packager/aports/main/xorgproto/pkg/xorgproto/usr/include/X11/extensions
Installing /home/packager/aports/main/xorgproto/src/xorgproto-2024.1/include/X11/extensions/xf86dgaconst.h to /home/packager/aports/main/xorgproto/pkg/xorgproto/usr/include/X11/extensions
Installing /home/packager/aports/main/xorgproto/src/xorgproto-2024.1/include/X11/extensions/xf86dga.h to /home/packager/aports/main/xorgproto/pkg/xorgproto/usr/include/X11/extensions
Installing /home/packager/aports/main/xorgproto/src/xorgproto-2024.1/include/X11/extensions/xf86dgaproto.h to /home/packager/aports/main/xorgproto/pkg/xorgproto/usr/include/X11/extensions
Installing /home/packager/aports/main/xorgproto/src/xorgproto-2024.1/include/X11/extensions/xf86dgastr.h to /home/packager/aports/main/xorgproto/pkg/xorgproto/usr/include/X11/extensions
Installing /home/packager/aports/main/xorgproto/src/xorgproto-2024.1/include/X11/extensions/xf86vm.h to /home/packager/aports/main/xorgproto/pkg/xorgproto/usr/include/X11/extensions
Installing /home/packager/aports/main/xorgproto/src/xorgproto-2024.1/include/X11/extensions/xf86vmproto.h to /home/packager/aports/main/xorgproto/pkg/xorgproto/usr/include/X11/extensions
Installing /home/packager/aports/main/xorgproto/src/xorgproto-2024.1/include/X11/extensions/xf86vmstr.h to /home/packager/aports/main/xorgproto/pkg/xorgproto/usr/include/X11/extensions
Installing /home/packager/aports/main/xorgproto/src/xorgproto-2024.1/include/X11/extensions/xfixesproto.h to /home/packager/aports/main/xorgproto/pkg/xorgproto/usr/include/X11/extensions
Installing /home/packager/aports/main/xorgproto/src/xorgproto-2024.1/include/X11/extensions/xfixeswire.h to /home/packager/aports/main/xorgproto/pkg/xorgproto/usr/include/X11/extensions
Installing /home/packager/aports/main/xorgproto/src/xorgproto-2024.1/include/X11/extensions/XI2.h to /home/packager/aports/main/xorgproto/pkg/xorgproto/usr/include/X11/extensions
Installing /home/packager/aports/main/xorgproto/src/xorgproto-2024.1/include/X11/extensions/XI2proto.h to /home/packager/aports/main/xorgproto/pkg/xorgproto/usr/include/X11/extensions
Installing /home/packager/aports/main/xorgproto/src/xorgproto-2024.1/include/X11/extensions/XI.h to /home/packager/aports/main/xorgproto/pkg/xorgproto/usr/include/X11/extensions
Installing /home/packager/aports/main/xorgproto/src/xorgproto-2024.1/include/X11/extensions/XIproto.h to /home/packager/aports/main/xorgproto/pkg/xorgproto/usr/include/X11/extensions
Installing /home/packager/aports/main/xorgproto/src/xorgproto-2024.1/include/X11/extensions/XKB.h to /home/packager/aports/main/xorgproto/pkg/xorgproto/usr/include/X11/extensions
Installing /home/packager/aports/main/xorgproto/src/xorgproto-2024.1/include/X11/extensions/XKBproto.h to /home/packager/aports/main/xorgproto/pkg/xorgproto/usr/include/X11/extensions
Installing /home/packager/aports/main/xorgproto/src/xorgproto-2024.1/include/X11/extensions/XKBsrv.h to /home/packager/aports/main/xorgproto/pkg/xorgproto/usr/include/X11/extensions
Installing /home/packager/aports/main/xorgproto/src/xorgproto-2024.1/include/X11/extensions/XKBstr.h to /home/packager/aports/main/xorgproto/pkg/xorgproto/usr/include/X11/extensions
Installing /home/packager/aports/main/xorgproto/src/xorgproto-2024.1/include/X11/extensions/XResproto.h to /home/packager/aports/main/xorgproto/pkg/xorgproto/usr/include/X11/extensions
Installing /home/packager/aports/main/xorgproto/src/xorgproto-2024.1/include/X11/extensions/xtestconst.h to /home/packager/aports/main/xorgproto/pkg/xorgproto/usr/include/X11/extensions
Installing /home/packager/aports/main/xorgproto/src/xorgproto-2024.1/include/X11/extensions/xtestext1const.h to /home/packager/aports/main/xorgproto/pkg/xorgproto/usr/include/X11/extensions
Installing /home/packager/aports/main/xorgproto/src/xorgproto-2024.1/include/X11/extensions/xtestext1proto.h to /home/packager/aports/main/xorgproto/pkg/xorgproto/usr/include/X11/extensions
Installing /home/packager/aports/main/xorgproto/src/xorgproto-2024.1/include/X11/extensions/xtestproto.h to /home/packager/aports/main/xorgproto/pkg/xorgproto/usr/include/X11/extensions
Installing /home/packager/aports/main/xorgproto/src/xorgproto-2024.1/include/X11/extensions/Xv.h to /home/packager/aports/main/xorgproto/pkg/xorgproto/usr/include/X11/extensions
Installing /home/packager/aports/main/xorgproto/src/xorgproto-2024.1/include/X11/extensions/XvMC.h to /home/packager/aports/main/xorgproto/pkg/xorgproto/usr/include/X11/extensions
Installing /home/packager/aports/main/xorgproto/src/xorgproto-2024.1/include/X11/extensions/XvMCproto.h to /home/packager/aports/main/xorgproto/pkg/xorgproto/usr/include/X11/extensions
Installing /home/packager/aports/main/xorgproto/src/xorgproto-2024.1/include/X11/extensions/Xvproto.h to /home/packager/aports/main/xorgproto/pkg/xorgproto/usr/include/X11/extensions
Installing /home/packager/aports/main/xorgproto/src/xorgproto-2024.1/include/X11/extensions/xwaylandproto.h to /home/packager/aports/main/xorgproto/pkg/xorgproto/usr/include/X11/extensions
Installing /home/packager/aports/main/xorgproto/src/xorgproto-2024.1/include/X11/extensions/evieproto.h to /home/packager/aports/main/xorgproto/pkg/xorgproto/usr/include/X11/extensions
Installing /home/packager/aports/main/xorgproto/src/xorgproto-2024.1/include/X11/extensions/fontcache.h to /home/packager/aports/main/xorgproto/pkg/xorgproto/usr/include/X11/extensions
Installing /home/packager/aports/main/xorgproto/src/xorgproto-2024.1/include/X11/extensions/fontcacheP.h to /home/packager/aports/main/xorgproto/pkg/xorgproto/usr/include/X11/extensions
Installing /home/packager/aports/main/xorgproto/src/xorgproto-2024.1/include/X11/extensions/fontcachstr.h to /home/packager/aports/main/xorgproto/pkg/xorgproto/usr/include/X11/extensions
Installing /home/packager/aports/main/xorgproto/src/xorgproto-2024.1/include/X11/extensions/lgewire.h to /home/packager/aports/main/xorgproto/pkg/xorgproto/usr/include/X11/extensions
Installing /home/packager/aports/main/xorgproto/src/xorgproto-2024.1/include/X11/extensions/Print.h to /home/packager/aports/main/xorgproto/pkg/xorgproto/usr/include/X11/extensions
Installing /home/packager/aports/main/xorgproto/src/xorgproto-2024.1/include/X11/extensions/Printstr.h to /home/packager/aports/main/xorgproto/pkg/xorgproto/usr/include/X11/extensions
Installing /home/packager/aports/main/xorgproto/src/xorgproto-2024.1/include/X11/extensions/vldXvMC.h to /home/packager/aports/main/xorgproto/pkg/xorgproto/usr/include/X11/extensions
Installing /home/packager/aports/main/xorgproto/src/xorgproto-2024.1/include/X11/extensions/windowswm.h to /home/packager/aports/main/xorgproto/pkg/xorgproto/usr/include/X11/extensions
Installing /home/packager/aports/main/xorgproto/src/xorgproto-2024.1/include/X11/extensions/windowswmstr.h to /home/packager/aports/main/xorgproto/pkg/xorgproto/usr/include/X11/extensions
Installing /home/packager/aports/main/xorgproto/src/xorgproto-2024.1/include/X11/extensions/xcalibrateproto.h to /home/packager/aports/main/xorgproto/pkg/xorgproto/usr/include/X11/extensions
Installing /home/packager/aports/main/xorgproto/src/xorgproto-2024.1/include/X11/extensions/xcalibratewire.h to /home/packager/aports/main/xorgproto/pkg/xorgproto/usr/include/X11/extensions
Installing /home/packager/aports/main/xorgproto/src/xorgproto-2024.1/include/X11/extensions/xtrapbits.h to /home/packager/aports/main/xorgproto/pkg/xorgproto/usr/include/X11/extensions
Installing /home/packager/aports/main/xorgproto/src/xorgproto-2024.1/include/X11/extensions/xtrapddmi.h to /home/packager/aports/main/xorgproto/pkg/xorgproto/usr/include/X11/extensions
Installing /home/packager/aports/main/xorgproto/src/xorgproto-2024.1/include/X11/extensions/xtrapdi.h to /home/packager/aports/main/xorgproto/pkg/xorgproto/usr/include/X11/extensions
Installing /home/packager/aports/main/xorgproto/src/xorgproto-2024.1/include/X11/extensions/xtrapemacros.h to /home/packager/aports/main/xorgproto/pkg/xorgproto/usr/include/X11/extensions
Installing /home/packager/aports/main/xorgproto/src/xorgproto-2024.1/include/X11/extensions/xtraplib.h to /home/packager/aports/main/xorgproto/pkg/xorgproto/usr/include/X11/extensions
Installing /home/packager/aports/main/xorgproto/src/xorgproto-2024.1/include/X11/extensions/xtraplibp.h to /home/packager/aports/main/xorgproto/pkg/xorgproto/usr/include/X11/extensions
Installing /home/packager/aports/main/xorgproto/src/xorgproto-2024.1/include/X11/extensions/xtrapproto.h to /home/packager/aports/main/xorgproto/pkg/xorgproto/usr/include/X11/extensions
Installing /home/packager/aports/main/xorgproto/src/xorgproto-2024.1/include/X11/extensions/Xeviestr.h to /home/packager/aports/main/xorgproto/pkg/xorgproto/usr/include/X11/extensions
Installing /home/packager/aports/main/xorgproto/src/xorgproto-2024.1/include/X11/extensions/xf86misc.h to /home/packager/aports/main/xorgproto/pkg/xorgproto/usr/include/X11/extensions
Installing /home/packager/aports/main/xorgproto/src/xorgproto-2024.1/include/X11/extensions/xf86mscstr.h to /home/packager/aports/main/xorgproto/pkg/xorgproto/usr/include/X11/extensions
Installing /home/packager/aports/main/xorgproto/src/xorgproto-2024.1/include/X11/extensions/xf86rush.h to /home/packager/aports/main/xorgproto/pkg/xorgproto/usr/include/X11/extensions
Installing /home/packager/aports/main/xorgproto/src/xorgproto-2024.1/include/X11/extensions/xf86rushstr.h to /home/packager/aports/main/xorgproto/pkg/xorgproto/usr/include/X11/extensions
Installing /home/packager/aports/main/xorgproto/src/xorgproto-2024.1/include/X11/extensions/XKBgeom.h to /home/packager/aports/main/xorgproto/pkg/xorgproto/usr/include/X11/extensions
Installing /home/packager/aports/main/xorgproto/src/xorgproto-2024.1/include/X11/fonts/font.h to /home/packager/aports/main/xorgproto/pkg/xorgproto/usr/include/X11/fonts
Installing /home/packager/aports/main/xorgproto/src/xorgproto-2024.1/include/X11/fonts/fontproto.h to /home/packager/aports/main/xorgproto/pkg/xorgproto/usr/include/X11/fonts
Installing /home/packager/aports/main/xorgproto/src/xorgproto-2024.1/include/X11/fonts/fontstruct.h to /home/packager/aports/main/xorgproto/pkg/xorgproto/usr/include/X11/fonts
Installing /home/packager/aports/main/xorgproto/src/xorgproto-2024.1/include/X11/fonts/FS.h to /home/packager/aports/main/xorgproto/pkg/xorgproto/usr/include/X11/fonts
Installing /home/packager/aports/main/xorgproto/src/xorgproto-2024.1/include/X11/fonts/fsmasks.h to /home/packager/aports/main/xorgproto/pkg/xorgproto/usr/include/X11/fonts
Installing /home/packager/aports/main/xorgproto/src/xorgproto-2024.1/include/X11/fonts/FSproto.h to /home/packager/aports/main/xorgproto/pkg/xorgproto/usr/include/X11/fonts
Installing /home/packager/aports/main/xorgproto/src/xorgproto-2024.1/include/X11/PM/PM.h to /home/packager/aports/main/xorgproto/pkg/xorgproto/usr/include/X11/PM
Installing /home/packager/aports/main/xorgproto/src/xorgproto-2024.1/include/X11/PM/PMproto.h to /home/packager/aports/main/xorgproto/pkg/xorgproto/usr/include/X11/PM
Installing /home/packager/aports/main/xorgproto/src/xorgproto-2024.1/output/applewmproto.pc to /home/packager/aports/main/xorgproto/pkg/xorgproto/usr/lib/pkgconfig
Installing /home/packager/aports/main/xorgproto/src/xorgproto-2024.1/output/bigreqsproto.pc to /home/packager/aports/main/xorgproto/pkg/xorgproto/usr/lib/pkgconfig
Installing /home/packager/aports/main/xorgproto/src/xorgproto-2024.1/output/compositeproto.pc to /home/packager/aports/main/xorgproto/pkg/xorgproto/usr/lib/pkgconfig
Installing /home/packager/aports/main/xorgproto/src/xorgproto-2024.1/output/damageproto.pc to /home/packager/aports/main/xorgproto/pkg/xorgproto/usr/lib/pkgconfig
Installing /home/packager/aports/main/xorgproto/src/xorgproto-2024.1/output/dmxproto.pc to /home/packager/aports/main/xorgproto/pkg/xorgproto/usr/lib/pkgconfig
Installing /home/packager/aports/main/xorgproto/src/xorgproto-2024.1/output/dpmsproto.pc to /home/packager/aports/main/xorgproto/pkg/xorgproto/usr/lib/pkgconfig
Installing /home/packager/aports/main/xorgproto/src/xorgproto-2024.1/output/dri2proto.pc to /home/packager/aports/main/xorgproto/pkg/xorgproto/usr/lib/pkgconfig
Installing /home/packager/aports/main/xorgproto/src/xorgproto-2024.1/output/dri3proto.pc to /home/packager/aports/main/xorgproto/pkg/xorgproto/usr/lib/pkgconfig
Installing /home/packager/aports/main/xorgproto/src/xorgproto-2024.1/output/fixesproto.pc to /home/packager/aports/main/xorgproto/pkg/xorgproto/usr/lib/pkgconfig
Installing /home/packager/aports/main/xorgproto/src/xorgproto-2024.1/output/fontsproto.pc to /home/packager/aports/main/xorgproto/pkg/xorgproto/usr/lib/pkgconfig
Installing /home/packager/aports/main/xorgproto/src/xorgproto-2024.1/output/glproto.pc to /home/packager/aports/main/xorgproto/pkg/xorgproto/usr/lib/pkgconfig
Installing /home/packager/aports/main/xorgproto/src/xorgproto-2024.1/output/inputproto.pc to /home/packager/aports/main/xorgproto/pkg/xorgproto/usr/lib/pkgconfig
Installing /home/packager/aports/main/xorgproto/src/xorgproto-2024.1/output/kbproto.pc to /home/packager/aports/main/xorgproto/pkg/xorgproto/usr/lib/pkgconfig
Installing /home/packager/aports/main/xorgproto/src/xorgproto-2024.1/output/presentproto.pc to /home/packager/aports/main/xorgproto/pkg/xorgproto/usr/lib/pkgconfig
Installing /home/packager/aports/main/xorgproto/src/xorgproto-2024.1/output/randrproto.pc to /home/packager/aports/main/xorgproto/pkg/xorgproto/usr/lib/pkgconfig
Installing /home/packager/aports/main/xorgproto/src/xorgproto-2024.1/output/recordproto.pc to /home/packager/aports/main/xorgproto/pkg/xorgproto/usr/lib/pkgconfig
Installing /home/packager/aports/main/xorgproto/src/xorgproto-2024.1/output/renderproto.pc to /home/packager/aports/main/xorgproto/pkg/xorgproto/usr/lib/pkgconfig
Installing /home/packager/aports/main/xorgproto/src/xorgproto-2024.1/output/resourceproto.pc to /home/packager/aports/main/xorgproto/pkg/xorgproto/usr/lib/pkgconfig
Installing /home/packager/aports/main/xorgproto/src/xorgproto-2024.1/output/scrnsaverproto.pc to /home/packager/aports/main/xorgproto/pkg/xorgproto/usr/lib/pkgconfig
Installing /home/packager/aports/main/xorgproto/src/xorgproto-2024.1/output/videoproto.pc to /home/packager/aports/main/xorgproto/pkg/xorgproto/usr/lib/pkgconfig
Installing /home/packager/aports/main/xorgproto/src/xorgproto-2024.1/output/xcmiscproto.pc to /home/packager/aports/main/xorgproto/pkg/xorgproto/usr/lib/pkgconfig
Installing /home/packager/aports/main/xorgproto/src/xorgproto-2024.1/output/xextproto.pc to /home/packager/aports/main/xorgproto/pkg/xorgproto/usr/lib/pkgconfig
Installing /home/packager/aports/main/xorgproto/src/xorgproto-2024.1/output/xf86bigfontproto.pc to /home/packager/aports/main/xorgproto/pkg/xorgproto/usr/lib/pkgconfig
Installing /home/packager/aports/main/xorgproto/src/xorgproto-2024.1/output/xf86dgaproto.pc to /home/packager/aports/main/xorgproto/pkg/xorgproto/usr/lib/pkgconfig
Installing /home/packager/aports/main/xorgproto/src/xorgproto-2024.1/output/xf86driproto.pc to /home/packager/aports/main/xorgproto/pkg/xorgproto/usr/lib/pkgconfig
Installing /home/packager/aports/main/xorgproto/src/xorgproto-2024.1/output/xf86vidmodeproto.pc to /home/packager/aports/main/xorgproto/pkg/xorgproto/usr/lib/pkgconfig
Installing /home/packager/aports/main/xorgproto/src/xorgproto-2024.1/output/xineramaproto.pc to /home/packager/aports/main/xorgproto/pkg/xorgproto/usr/lib/pkgconfig
Installing /home/packager/aports/main/xorgproto/src/xorgproto-2024.1/output/xproto.pc to /home/packager/aports/main/xorgproto/pkg/xorgproto/usr/lib/pkgconfig
Installing /home/packager/aports/main/xorgproto/src/xorgproto-2024.1/output/xwaylandproto.pc to /home/packager/aports/main/xorgproto/pkg/xorgproto/usr/lib/pkgconfig
Installing /home/packager/aports/main/xorgproto/src/xorgproto-2024.1/compositeproto.txt to /home/packager/aports/main/xorgproto/pkg/xorgproto/usr/lib/doc/xorgproto
Installing /home/packager/aports/main/xorgproto/src/xorgproto-2024.1/damageproto.txt to /home/packager/aports/main/xorgproto/pkg/xorgproto/usr/lib/doc/xorgproto
Installing /home/packager/aports/main/xorgproto/src/xorgproto-2024.1/dri2proto.txt to /home/packager/aports/main/xorgproto/pkg/xorgproto/usr/lib/doc/xorgproto
Installing /home/packager/aports/main/xorgproto/src/xorgproto-2024.1/dri3proto.txt to /home/packager/aports/main/xorgproto/pkg/xorgproto/usr/lib/doc/xorgproto
Installing /home/packager/aports/main/xorgproto/src/xorgproto-2024.1/fixesproto.txt to /home/packager/aports/main/xorgproto/pkg/xorgproto/usr/lib/doc/xorgproto
Installing /home/packager/aports/main/xorgproto/src/xorgproto-2024.1/presentproto.txt to /home/packager/aports/main/xorgproto/pkg/xorgproto/usr/lib/doc/xorgproto
Installing /home/packager/aports/main/xorgproto/src/xorgproto-2024.1/randrproto.txt to /home/packager/aports/main/xorgproto/pkg/xorgproto/usr/lib/doc/xorgproto
Installing /home/packager/aports/main/xorgproto/src/xorgproto-2024.1/renderproto.txt to /home/packager/aports/main/xorgproto/pkg/xorgproto/usr/lib/doc/xorgproto
Installing /home/packager/aports/main/xorgproto/src/xorgproto-2024.1/resproto.txt to /home/packager/aports/main/xorgproto/pkg/xorgproto/usr/lib/doc/xorgproto
Installing /home/packager/aports/main/xorgproto/src/xorgproto-2024.1/xv-protocol-v2.txt to /home/packager/aports/main/xorgproto/pkg/xorgproto/usr/lib/doc/xorgproto
Installing /home/packager/aports/main/xorgproto/src/xorgproto-2024.1/xwaylandproto.txt to /home/packager/aports/main/xorgproto/pkg/xorgproto/usr/lib/doc/xorgproto
Installing /home/packager/aports/main/xorgproto/src/xorgproto-2024.1/output/evieproto.pc to /home/packager/aports/main/xorgproto/pkg/xorgproto/usr/lib/pkgconfig
Installing /home/packager/aports/main/xorgproto/src/xorgproto-2024.1/output/fontcacheproto.pc to /home/packager/aports/main/xorgproto/pkg/xorgproto/usr/lib/pkgconfig
Installing /home/packager/aports/main/xorgproto/src/xorgproto-2024.1/output/lg3dproto.pc to /home/packager/aports/main/xorgproto/pkg/xorgproto/usr/lib/pkgconfig
Installing /home/packager/aports/main/xorgproto/src/xorgproto-2024.1/output/printproto.pc to /home/packager/aports/main/xorgproto/pkg/xorgproto/usr/lib/pkgconfig
Installing /home/packager/aports/main/xorgproto/src/xorgproto-2024.1/output/trapproto.pc to /home/packager/aports/main/xorgproto/pkg/xorgproto/usr/lib/pkgconfig
Installing /home/packager/aports/main/xorgproto/src/xorgproto-2024.1/output/windowswmproto.pc to /home/packager/aports/main/xorgproto/pkg/xorgproto/usr/lib/pkgconfig
Installing /home/packager/aports/main/xorgproto/src/xorgproto-2024.1/output/xcalibrateproto.pc to /home/packager/aports/main/xorgproto/pkg/xorgproto/usr/lib/pkgconfig
Installing /home/packager/aports/main/xorgproto/src/xorgproto-2024.1/output/xf86miscproto.pc to /home/packager/aports/main/xorgproto/pkg/xorgproto/usr/lib/pkgconfig
Installing /home/packager/aports/main/xorgproto/src/xorgproto-2024.1/output/xf86rushproto.pc to /home/packager/aports/main/xorgproto/pkg/xorgproto/usr/lib/pkgconfig
Installing /home/packager/aports/main/xorgproto/src/xorgproto-2024.1/output/xproxymngproto.pc to /home/packager/aports/main/xorgproto/pkg/xorgproto/usr/lib/pkgconfig
Installing /home/packager/aports/main/xorgproto/src/xorgproto-2024.1/PM_spec to /home/packager/aports/main/xorgproto/pkg/xorgproto/usr/lib/doc/xorgproto
Installing /home/packager/aports/main/xorgproto/src/xorgproto-2024.1/output/include/X11/Xpoll.h to /home/packager/aports/main/xorgproto/pkg/xorgproto/usr/include/X11
>>> xorgproto*: Running postcheck for xorgproto
>>> xorgproto*: Preparing package xorgproto...
>>> xorgproto*: Tracing dependencies...
>>> WARNING: xorgproto*: Could not find any provider for pc:xau
>>> WARNING: xorgproto*: Could not find any provider for pc:xt
	pkgconfig
>>> xorgproto*: Package size: 1.5 MB
>>> xorgproto*: Compressing data...
>>> xorgproto*: Create checksum...
pigz: not found
>>> xorgproto*: Create xorgproto-2024.1-r0.apk
>>> xorgproto: Build complete at Sun, 18 May 2025 06:19:00 +0000 elapsed time 0h 0m 7s
>>> xorgproto: Cleaning up srcdir
>>> xorgproto: Cleaning up pkgdir
>>> xorgproto: Uninstalling dependencies...
(1/16) Purging .makedepends-xorgproto (20250518.061855)
(2/16) Purging util-macros (1.20.1-r0)
(3/16) Purging abuild-meson (1.6.1-r4)
(4/16) Purging meson-pyc (1.6.1-r4)
(5/16) Purging meson (1.6.1-r4)
(6/16) Purging samurai (1.2-r6)
(7/16) Purging python3-pyc (3.12.10-r0)
(8/16) Purging python3-pycache-pyc0 (3.12.10-r0)
(9/16) Purging pyc (3.12.10-r0)
(10/16) Purging python3 (3.12.10-r0)
(11/16) Purging gdbm (1.24-r0)
(12/16) Purging libbz2 (1.0.8-r6)
(13/16) Purging libffi (3.4.7-r0)
(14/16) Purging mpdecimal (4.0.0-r0)
(15/16) Purging sqlite-libs (3.49.2-r0)
(16/16) Purging xz-libs (5.6.3-r1)
Executing busybox-1.37.0-r12.trigger
OK: 260 MiB in 81 packages
>>> xorgproto: Updating the main/x86_64 repository index...
>>> xorgproto: Signing the index...
pigz: not found
