pigz: not found
>>> libucontext: Building main/libucontext 1.3.2-r0 (using abuild 3.14.1-r4) started Sat, 17 May 2025 20:54:51 +0000
>>> libucontext: Validating /home/packager/aports/main/libucontext/APKBUILD...
>>> libucontext: Analyzing dependencies...
>>> libucontext: Installing for build: build-base scdoc
(1/2) Installing scdoc (1.11.3-r0)
(2/2) Installing .makedepends-libucontext (20250517.205452)
Executing busybox-1.37.0-r12.trigger
OK: 260 MiB in 83 packages
>>> libucontext: Cleaning up srcdir
>>> libucontext: Cleaning up pkgdir
>>> libucontext: Cleaning up tmpdir
>>> libucontext: Fetching https://distfiles.ariadne.space/libucontext/libucontext-1.3.2.tar.xz
Connecting to distfiles.ariadne.space (170.39.20.83:443)
saving to '/var/cache/distfiles/libucontext-1.3.2.tar.xz.part'
libucontext-1.3.2.ta 100% |********************************| 24480  0:00:00 ETA
'/var/cache/distfiles/libucontext-1.3.2.tar.xz.part' saved
>>> libucontext: Fetching https://distfiles.ariadne.space/libucontext/libucontext-1.3.2.tar.xz
>>> libucontext: Checking sha512sums...
libucontext-1.3.2.tar.xz: OK
>>> libucontext: Unpacking /var/cache/distfiles/libucontext-1.3.2.tar.xz...
gcc -std=gnu99 -D_DEFAULT_SOURCE -fPIC -DPIC -Os -fstack-clash-protection -Wformat -Werror=format-security -fno-plt -Iinclude -Iarch/x86_64 -Iarch/common -Iarch/common/include -DFORCE_SOFT_FLOAT -DEXPORT_UNPREFIXED -c -o arch/x86_64/makecontext.o arch/x86_64/makecontext.c
gcc -std=gnu99 -D_DEFAULT_SOURCE -fPIC -DPIC -Os -fstack-clash-protection -Wformat -Werror=format-security -fno-plt -Iinclude -Iarch/x86_64 -Iarch/common -Iarch/common/include -DFORCE_SOFT_FLOAT -DEXPORT_UNPREFIXED -c -o arch/x86_64/trampoline.o arch/x86_64/trampoline.c
gcc -fPIC -DPIC -Os -fstack-clash-protection -Wformat -Werror=format-security -fno-plt -Iinclude -Iarch/x86_64 -Iarch/common -Iarch/common/include -DFORCE_SOFT_FLOAT -DEXPORT_UNPREFIXED -Wa,--noexecstack -c -o arch/x86_64/getcontext.o arch/x86_64/getcontext.S
gcc -fPIC -DPIC -Os -fstack-clash-protection -Wformat -Werror=format-security -fno-plt -Iinclude -Iarch/x86_64 -Iarch/common -Iarch/common/include -DFORCE_SOFT_FLOAT -DEXPORT_UNPREFIXED -Wa,--noexecstack -c -o arch/x86_64/setcontext.o arch/x86_64/setcontext.S
gcc -fPIC -DPIC -Os -fstack-clash-protection -Wformat -Werror=format-security -fno-plt -Iinclude -Iarch/x86_64 -Iarch/common -Iarch/common/include -DFORCE_SOFT_FLOAT -DEXPORT_UNPREFIXED -Wa,--noexecstack -c -o arch/x86_64/swapcontext.o arch/x86_64/swapcontext.S
gcc -std=gnu99 -D_DEFAULT_SOURCE -fPIC -DPIC -Os -fstack-clash-protection -Wformat -Werror=format-security -fno-plt -Iinclude -Iarch/x86_64 -Iarch/common -Iarch/common/include -DFORCE_SOFT_FLOAT -DEXPORT_UNPREFIXED -c -o libucontext_posix.o libucontext_posix.c
sed -e s:@LIBUCONTEXT_VERSION@:1.3.2:g \
    -e s:@LIBUCONTEXT_SHARED_LIBDIR@:/usr/lib:g \
    -e s:@LIBUCONTEXT_STATIC_LIBDIR@:/usr/lib:g \
    -e s:@LIBUCONTEXT_INCLUDEDIR@:/usr/include:g libucontext.pc.in > libucontext.pc
gcc -fPIC -o libucontext.so -shared -Wl,-soname,libucontext.so.1 -Wl,-z,noexecstack arch/x86_64/makecontext.o arch/x86_64/trampoline.o arch/x86_64/getcontext.o arch/x86_64/setcontext.o arch/x86_64/swapcontext.o -Wl,--as-needed,-O1,--sort-common -Wl,-z,pack-relative-relocs
ar rcs libucontext.a arch/x86_64/makecontext.o arch/x86_64/trampoline.o arch/x86_64/getcontext.o arch/x86_64/setcontext.o arch/x86_64/swapcontext.o
ln -sf libucontext.so libucontext.so.1
gcc -fPIC -o libucontext_posix.so -shared -Wl,-soname,libucontext_posix.so.1 -Wl,-z,noexecstack libucontext_posix.o -L. -lucontext -Wl,--as-needed,-O1,--sort-common -Wl,-z,pack-relative-relocs
ar rcs libucontext_posix.a libucontext_posix.o
scdoc < doc/libucontext.scd > doc/libucontext.3
gcc -std=gnu99 -D_DEFAULT_SOURCE -Os -fstack-clash-protection -Wformat -Werror=format-security -fno-plt -Iinclude -Iarch/x86_64 -Iarch/common -Iarch/common/include -DFORCE_SOFT_FLOAT -DEXPORT_UNPREFIXED test_libucontext_posix.c -o test_libucontext_posix -L. -lucontext -lucontext_posix
ln -sf libucontext_posix.so libucontext_posix.so.1
gcc -std=gnu99 -D_DEFAULT_SOURCE -Os -fstack-clash-protection -Wformat -Werror=format-security -fno-plt -Iinclude -Iarch/x86_64 -Iarch/common -Iarch/common/include -DFORCE_SOFT_FLOAT -DEXPORT_UNPREFIXED test_libucontext_posix.c -o test_libucontext_bare_posixabi -L. -lucontext
gcc -std=gnu99 -D_DEFAULT_SOURCE -Os -fstack-clash-protection -Wformat -Werror=format-security -fno-plt -Iinclude -Iarch/x86_64 -Iarch/common -Iarch/common/include -DFORCE_SOFT_FLOAT -DEXPORT_UNPREFIXED test_libucontext.c -o test_libucontext -L. -lucontext
env LD_LIBRARY_PATH=/home/packager/aports/main/libucontext/src/libucontext-1.3.2 ./test_libucontext
setting up context 1
setting up context 2
doing initial swapcontext
start f2
swap to f1
start f1
checking provided arguments to function f1
looks like all arguments are passed correctly
swap back to f2
finish f2, should swap to f1
finish f1
returned from initial swapcontext
done = 0
done = 1
env LD_LIBRARY_PATH=/home/packager/aports/main/libucontext/src/libucontext-1.3.2 ./test_libucontext_posix
setting up context 1
setting up context 2
doing initial swapcontext
start f2
swap to f1
start f1
checking provided arguments to function f1
looks like all arguments are passed correctly
swap back to f2
finish f2, should swap to f1
finish f1
returned from initial swapcontext
done = 0
done = 1
env LD_LIBRARY_PATH=/home/packager/aports/main/libucontext/src/libucontext-1.3.2 ./test_libucontext_bare_posixabi
setting up context 1
setting up context 2
doing initial swapcontext
start f2
swap to f1
start f1
checking provided arguments to function f1
looks like all arguments are passed correctly
swap back to f2
finish f2, should swap to f1
finish f1
returned from initial swapcontext
done = 0
done = 1
>>> libucontext: Entering fakeroot...
install -D -m755 libucontext.so /home/packager/aports/main/libucontext/pkg/libucontext/usr/lib/libucontext.so.1
install -D -m644 doc/libucontext.3 /home/packager/aports/main/libucontext/pkg/libucontext/usr/share/man/man3/libucontext.3
install -D -m664 libucontext.a /home/packager/aports/main/libucontext/pkg/libucontext/usr/lib/libucontext.a
for i in libucontext_getcontext.3 libucontext_makecontext.3 libucontext_setcontext.3 libucontext_swapcontext.3; do \
	ln -s libucontext.3 /home/packager/aports/main/libucontext/pkg/libucontext/usr/share/man/man3/$i; \
done
ln -sf libucontext.so.1 /home/packager/aports/main/libucontext/pkg/libucontext/usr/lib/libucontext.so
for i in include/libucontext/libucontext.h arch/common/include/libucontext/bits.h; do \
	destfn=$(echo $i | sed s:include/::g); \
	install -D -m644 $i /home/packager/aports/main/libucontext/pkg/libucontext/usr/include/$destfn; \
done
install -D -m644 libucontext.pc /home/packager/aports/main/libucontext/pkg/libucontext/usr/lib/pkgconfig/libucontext.pc
if [ -n "libucontext_posix.so" ]; then \
	install -D -m755 libucontext_posix.so /home/packager/aports/main/libucontext/pkg/libucontext/usr/lib/libucontext_posix.so.1; \
	install -D -m644 libucontext_posix.a /home/packager/aports/main/libucontext/pkg/libucontext/usr/lib/libucontext_posix.a; \
fi
>>> libucontext-dev*: Running split function dev...
'usr/include' -> '/home/packager/aports/main/libucontext/pkg/libucontext-dev/usr/include'
'usr/lib/pkgconfig' -> '/home/packager/aports/main/libucontext/pkg/libucontext-dev/usr/lib/pkgconfig'
'usr/lib/libucontext_posix.a' -> '/home/packager/aports/main/libucontext/pkg/libucontext-dev/usr/lib/libucontext_posix.a'
'usr/lib/libucontext.a' -> '/home/packager/aports/main/libucontext/pkg/libucontext-dev/usr/lib/libucontext.a'
'usr/lib/libucontext.so' -> '/home/packager/aports/main/libucontext/pkg/libucontext-dev/usr/lib/libucontext.so'
>>> libucontext-dev*: Preparing subpackage libucontext-dev...
>>> libucontext-dev*: Stripping binaries
>>> libucontext-dev*: Running postcheck for libucontext-dev
>>> libucontext-doc*: Running split function doc...
'usr/share/man' -> '/home/packager/aports/main/libucontext/pkg/libucontext-doc/usr/share/man'
>>> libucontext-doc*: Preparing subpackage libucontext-doc...
>>> libucontext-doc*: Running postcheck for libucontext-doc
>>> libucontext*: Running postcheck for libucontext
>>> libucontext*: Preparing package libucontext...
>>> libucontext*: Stripping binaries
>>> libucontext-dev*: Scanning shared objects
>>> libucontext-doc*: Scanning shared objects
>>> libucontext*: Scanning shared objects
>>> libucontext-dev*: Tracing dependencies...
	libucontext=1.3.2-r0
	pkgconfig
>>> libucontext-dev*: Package size: 10.5 KB
>>> libucontext-dev*: Compressing data...
>>> libucontext-dev*: Create checksum...
pigz: not found
>>> libucontext-dev*: Create libucontext-dev-1.3.2-r0.apk
>>> libucontext-doc*: Tracing dependencies...
>>> libucontext-doc*: Package size: 1.8 KB
>>> libucontext-doc*: Compressing data...
>>> libucontext-doc*: Create checksum...
pigz: not found
>>> libucontext-doc*: Create libucontext-doc-1.3.2-r0.apk
>>> libucontext*: Tracing dependencies...
	so:libc.musl-x86_64.so.1
>>> libucontext*: Package size: 27.1 KB
>>> libucontext*: Compressing data...
>>> libucontext*: Create checksum...
pigz: not found
>>> libucontext*: Create libucontext-1.3.2-r0.apk
>>> libucontext: Build complete at Sat, 17 May 2025 20:54:55 +0000 elapsed time 0h 0m 4s
>>> libucontext: Cleaning up srcdir
>>> libucontext: Cleaning up pkgdir
>>> libucontext: Uninstalling dependencies...
(1/2) Purging .makedepends-libucontext (20250517.205452)
(2/2) Purging scdoc (1.11.3-r0)
Executing busybox-1.37.0-r12.trigger
OK: 260 MiB in 81 packages
>>> libucontext: Updating the main/x86_64 repository index...
>>> libucontext: Signing the index...
pigz: not found
