>>> attr: Validating /home/packager/oily-pine/main/attr/APKBUILD...
>>> attr: Cleaning up srcdir
>>> attr: Cleaning up pkgdir
>>> attr: Cleaning up tmpdir
>>> attr: Fetching https://download.savannah.nongnu.org/releases/attr/attr-2.5.2.tar.gz
>>> attr: Fetching https://download.savannah.nongnu.org/releases/attr/attr-2.5.2.tar.gz
>>> attr: Checking sha512sums...
attr-2.5.2.tar.gz: OK
attr-basename.patch: OK
>>> attr: Preparing build chroot...
installing oils!
fetch http://dl-cdn.alpinelinux.org/alpine/edge/main/x86_64/APKINDEX.tar.gz
WARNING: opening /home/packager/packages//# for oils: No such file or directory
(1/72) Installing musl (1.2.5-r13)
(2/72) Installing libcrypto3 (3.5.1-r0)
(3/72) Installing libssl3 (3.5.1-r0)
(4/72) Installing zlib (1.3.1-r2)
(5/72) Installing zstd-libs (1.5.7-r1)
(6/72) Installing libapk (3.0.0_rc5_git20250613-r0)
(7/72) Installing ca-certificates-bundle (20241121-r2)
(8/72) Installing apk-tools (3.0.0_rc5_git20250613-r0)
(9/72) Installing libcap2 (2.76-r0)
(10/72) Installing libcap-getcap (2.76-r0)
(11/72) Installing fakeroot (1.37.1.2-r0)
(12/72) Installing scanelf (1.3.8-r1)
(13/72) Installing musl-utils (1.2.5-r13)
(14/72) Installing libgcc (14.3.0-r5)
(15/72) Installing libstdc++ (14.3.0-r5)
(16/72) Installing lzip (1.25-r0)
(17/72) Installing openssl (3.5.1-r0)
(18/72) Installing patch (2.8-r0)
(19/72) Installing pkgconf (2.5.1-r0)
(20/72) Installing acl-libs (2.3.2-r1)
(21/72) Installing tar (1.35-r4)
(22/72) Installing alpine-baselayout-data (3.7.0-r0)
(23/72) Installing busybox (1.37.0-r18)
Executing busybox-1.37.0-r18.post-install
(24/72) Installing ssl_client (1.37.0-r18)
(25/72) Installing ncurses-terminfo-base (6.5_p20250705-r0)
(26/72) Installing libncursesw (6.5_p20250705-r0)
(27/72) Installing readline (8.3.0-r1)
(28/72) Installing oils-for-unix (0.28.0-r0)
(29/72) Installing oils-for-unix-binsh (0.28.0-r0)
(30/72) Installing abuild (3.15.0-r2)
Executing abuild-3.15.0-r2.pre-install
(31/72) Installing abuild-sudo (3.15.0-r2)
(32/72) Installing alpine-baselayout (3.7.0-r0)
Executing alpine-baselayout-3.7.0-r0.pre-install
Executing alpine-baselayout-3.7.0-r0.post-install
(33/72) Installing bridge (1.5-r5)
(34/72) Installing ifupdown-ng (0.12.1-r7)
(35/72) Installing openrc-user (0.62.5-r0)
(36/72) Installing openrc (0.62.5-r0)
Executing openrc-0.62.5-r0.post-install
(37/72) Installing mdev-conf (4.8-r0)
(38/72) Installing busybox-mdev-openrc (1.37.0-r18)
(39/72) Installing alpine-conf (3.20.0-r0)
(40/72) Installing alpine-keys (2.5-r0)
(41/72) Installing alpine-release (3.23.0_alpha20250612-r0)
(42/72) Installing busybox-openrc (1.37.0-r18)
(43/72) Installing busybox-suid (1.37.0-r18)
(44/72) Installing alpine-base (3.23.0_alpha20250612-r0)
(45/72) Installing jansson (2.14.1-r0)
(46/72) Installing binutils (2.44-r0)
(47/72) Installing libmagic (5.46-r2)
(48/72) Installing file (5.46-r2)
(49/72) Installing libgomp (14.3.0-r5)
(50/72) Installing libatomic (14.3.0-r5)
(51/72) Installing gmp (6.3.0-r4)
(52/72) Installing isl26 (0.26-r1)
(53/72) Installing mpfr4 (4.2.2-r0)
(54/72) Installing mpc1 (1.3.1-r1)
(55/72) Installing gcc (14.3.0-r5)
(56/72) Installing libstdc++-dev (14.3.0-r5)
(57/72) Installing musl-dev (1.2.5-r13)
(58/72) Installing g++ (14.3.0-r5)
(59/72) Installing make (4.4.1-r3)
(60/72) Installing fortify-headers (1.1-r5)
(61/72) Installing build-base (0.5-r3)
(62/72) Installing brotli-libs (1.1.0-r2)
(63/72) Installing c-ares (1.34.5-r0)
(64/72) Installing libunistring (1.3-r0)
(65/72) Installing libidn2 (2.3.8-r0)
(66/72) Installing nghttp2-libs (1.66.0-r0)
(67/72) Installing libpsl (0.21.5-r3)
(68/72) Installing libcurl (8.14.1-r2)
(69/72) Installing libexpat (2.7.1-r0)
(70/72) Installing pcre2 (10.43-r1)
(71/72) Installing git (2.50.0-r1)
(72/72) Installing git-init-template (2.50.0-r1)
Executing busybox-1.37.0-r18.trigger
OK: 275 MiB in 72 packages
>>> attr: Fetching https://download.savannah.nongnu.org/releases/attr/attr-2.5.2.tar.gz
>>> attr: Checking sha512sums...
attr-2.5.2.tar.gz: OK
attr-basename.patch: OK
>>> attr: Unpacking /var/cache/distfiles/attr-2.5.2.tar.gz...
>>> attr: attr-basename.patch
patching file tools/attr.c
checking for a BSD-compatible install... /usr/bin/install -c
checking whether build environment is sane... yes
checking for a race-free mkdir -p... ./build-aux/install-sh -c -d
checking for gawk... no
checking for mawk... no
checking for nawk... no
checking for awk... awk
checking whether make sets $(MAKE)... yes
checking whether make supports nested variables... yes
checking whether make supports nested variables... (cached) yes
checking build system type... x86_64-alpine-linux-musl
checking host system type... x86_64-alpine-linux-musl
checking for x86_64-alpine-linux-musl-gcc... cc
checking whether the C compiler works... yes
checking for C compiler default output file name... a.out
checking for suffix of executables... 
checking whether we are cross compiling... no
checking for suffix of object files... o
checking whether the compiler supports GNU C... yes
checking whether cc accepts -g... yes
checking for cc option to enable C11 features... none needed
checking whether cc understands -c and -o together... yes
checking whether make supports the include directive... yes (GNU style)
checking dependency style of cc... gcc3
checking for stdio.h... yes
checking for stdlib.h... yes
checking for string.h... yes
checking for inttypes.h... yes
checking for stdint.h... yes
checking for strings.h... yes
checking for sys/stat.h... yes
checking for sys/types.h... yes
checking for unistd.h... yes
checking for wchar.h... yes
checking for minix/config.h... no
checking whether it is safe to define __EXTENSIONS__... yes
checking whether _XOPEN_SOURCE should be defined... no
checking for an ANSI C-conforming const... yes
checking for mode_t... yes
checking for size_t... yes
checking for working alloca.h... yes
checking for alloca... yes
checking whether __attribute__((visibility())) is supported... yes
checking for special C compiler options needed for large files... no
checking for _FILE_OFFSET_BITS value needed for large files... no
checking for x86_64-alpine-linux-musl-ar... no
checking for x86_64-alpine-linux-musl-lib... no
checking for x86_64-alpine-linux-musl-link... no
checking for ar... ar
checking the archiver (ar) interface... ar
checking how to print strings... printf
checking for a sed that does not truncate output... /bin/sed
checking for grep that handles long lines and -e... /bin/grep
checking for egrep... /bin/grep -E
checking for fgrep... /bin/grep -F
checking for ld used by cc... /usr/x86_64-alpine-linux-musl/bin/ld
checking if the linker (/usr/x86_64-alpine-linux-musl/bin/ld) is GNU ld... yes
checking for BSD- or MS-compatible name lister (nm)... /usr/bin/nm -B
checking the name lister (/usr/bin/nm -B) interface... BSD nm
checking whether ln -s works... yes
checking the maximum length of command line arguments... 98304
checking how to convert x86_64-alpine-linux-musl file names to x86_64-alpine-linux-musl format... func_convert_file_noop
checking how to convert x86_64-alpine-linux-musl file names to toolchain format... func_convert_file_noop
checking for /usr/x86_64-alpine-linux-musl/bin/ld option to reload object files... -r
checking for x86_64-alpine-linux-musl-file... no
checking for file... file
checking for x86_64-alpine-linux-musl-objdump... no
checking for objdump... objdump
checking how to recognize dependent libraries... pass_all
checking for x86_64-alpine-linux-musl-dlltool... no
checking for dlltool... no
checking how to associate runtime and link libraries... printf %s\n
checking for x86_64-alpine-linux-musl-ar... ar
checking for archiver @FILE support... @
checking for x86_64-alpine-linux-musl-strip... no
checking for strip... strip
checking for x86_64-alpine-linux-musl-ranlib... no
checking for ranlib... ranlib
checking command to parse /usr/bin/nm -B output from cc object... ok
checking for sysroot... no
checking for a working dd... /bin/dd
checking how to truncate binary pipes... /bin/dd bs=4096 count=1
checking for x86_64-alpine-linux-musl-mt... no
checking for mt... no
checking if : is a manifest tool... no
checking for dlfcn.h... yes
checking for objdir... .libs
checking if cc supports -fno-rtti -fno-exceptions... no
checking for cc option to produce PIC... -fPIC -DPIC
checking if cc PIC flag -fPIC -DPIC works... yes
checking if cc static flag -static works... yes
checking if cc supports -c -o file.o... yes
checking if cc supports -c -o file.o... (cached) yes
checking whether the cc linker (/usr/x86_64-alpine-linux-musl/bin/ld -m elf_x86_64) supports shared libraries... yes
checking whether -lc should be explicitly linked in... no
checking dynamic linker characteristics... GNU/Linux ld.so
checking how to hardcode library paths into programs... immediate
checking whether stripping libraries is possible... yes
checking if libtool supports shared libraries... yes
checking whether to build shared libraries... yes
checking whether to build static libraries... yes
checking whether NLS is requested... no
checking for msgfmt... no
checking for gmsgfmt... :
checking for xgettext... no
checking for msgmerge... no
checking for ld used by cc... /usr/x86_64-alpine-linux-musl/bin/ld -m elf_x86_64
checking if the linker (/usr/x86_64-alpine-linux-musl/bin/ld -m elf_x86_64) is GNU ld... yes
checking for shared library run path origin... done
checking how to run the C preprocessor... cc -E
checking for CFPreferencesCopyAppValue... no
checking for CFLocaleCopyCurrent... no
checking whether to use NLS... no
checking that generated files are newer than configure... done
configure: creating ./config.status
config.status: creating libattr.pc
config.status: creating Makefile
config.status: creating po/Makefile.in
config.status: creating include/config.h
config.status: executing depfiles commands
config.status: executing libtool commands
config.status: executing po-directories commands
config.status: creating po/POTFILES
config.status: creating po/Makefile
config.status: executing include/attr commands
Making all in po
make[1]: Entering directory '/tmp/src/attr-2.5.2/po'
make[1]: Nothing to be done for 'all'.
make[1]: Leaving directory '/tmp/src/attr-2.5.2/po'
make[1]: Entering directory '/tmp/src/attr-2.5.2'
  CC       tools/attr.o
  CC       libmisc/high_water_alloc.lo
  CC       libmisc/next_line.lo
  CC       libmisc/quote.lo
  CC       libmisc/unquote.lo
  CC       tools/getfattr.o
  CC       libattr/la-attr_copy_action.lo
  CC       tools/setfattr.o
  CC       libattr/la-attr_copy_check.lo
  CC       libattr/la-attr_copy_file.lo
  CC       libmisc/walk_tree.lo
  CC       libattr/la-attr_copy_fd.lo
  CC       libattr/la-libattr.lo
  CC       libattr/la-syscalls.lo
libattr/attr_copy_action.c: In function 'attr_parse_attr_conf':
libattr/attr_copy_action.c:31:19: error: 'SYSCONFDIR' undeclared (first use in this function)
   31 | #define ATTR_CONF SYSCONFDIR "/xattr.conf"
      |                   ^~~~~~~~~~
libattr/attr_copy_action.c:68:27: note: in expansion of macro 'ATTR_CONF'
   68 |         if ((file = fopen(ATTR_CONF, "r")) == NULL) {
      |                           ^~~~~~~~~
libattr/attr_copy_action.c:31:19: note: each undeclared identifier is reported only once for each function it appears in
   31 | #define ATTR_CONF SYSCONFDIR "/xattr.conf"
      |                   ^~~~~~~~~~
libattr/attr_copy_action.c:68:27: note: in expansion of macro 'ATTR_CONF'
   68 |         if ((file = fopen(ATTR_CONF, "r")) == NULL) {
      |                           ^~~~~~~~~
libattr/attr_copy_action.c:31:30: error: expected ')' before string constant
   31 | #define ATTR_CONF SYSCONFDIR "/xattr.conf"
      |                              ^~~~~~~~~~~~~
libattr/attr_copy_action.c:68:27: note: in expansion of macro 'ATTR_CONF'
   68 |         if ((file = fopen(ATTR_CONF, "r")) == NULL) {
      |                           ^~~~~~~~~
libattr/attr_copy_action.c:68:26: note: to match this '('
   68 |         if ((file = fopen(ATTR_CONF, "r")) == NULL) {
      |                          ^
libattr/attr_copy_action.c:68:21: error: too few arguments to function 'fopen'
   68 |         if ((file = fopen(ATTR_CONF, "r")) == NULL) {
      |                     ^~~~~
In file included from /usr/include/fortify/stdio.h:23,
                 from libattr/attr_copy_action.c:20:
/usr/include/stdio.h:70:7: note: declared here
   70 | FILE *fopen(const char *__restrict, const char *__restrict);
      |       ^~~~~
In file included from libattr/attr_copy_action.c:29:
libattr/attr_copy_action.c:31:30: error: expected ')' before string constant
   31 | #define ATTR_CONF SYSCONFDIR "/xattr.conf"
      |                              ^~~~~~~~~~~~~
./include/error_context.h:42:58: note: in definition of macro 'quote'
   42 |         ( ((ctx) && (ctx)->quote) ? (ctx)->quote((ctx), (name)) : (name) )
      |                                                          ^~~~
libattr/attr_copy_action.c:142:45: note: in expansion of macro 'ATTR_CONF'
  142 |                 const char *q = quote (ctx, ATTR_CONF);
      |                                             ^~~~~~~~~
./include/error_context.h:42:57: note: to match this '('
   42 |         ( ((ctx) && (ctx)->quote) ? (ctx)->quote((ctx), (name)) : (name) )
      |                                                         ^
libattr/attr_copy_action.c:142:33: note: in expansion of macro 'quote'
  142 |                 const char *q = quote (ctx, ATTR_CONF);
      |                                 ^~~~~
libattr/attr_copy_action.c:31:30: error: expected ')' before string constant
   31 | #define ATTR_CONF SYSCONFDIR "/xattr.conf"
      |                              ^~~~~~~~~~~~~
./include/error_context.h:42:68: note: in definition of macro 'quote'
   42 |         ( ((ctx) && (ctx)->quote) ? (ctx)->quote((ctx), (name)) : (name) )
      |                                                                    ^~~~
libattr/attr_copy_action.c:142:45: note: in expansion of macro 'ATTR_CONF'
  142 |                 const char *q = quote (ctx, ATTR_CONF);
      |                                             ^~~~~~~~~
./include/error_context.h:42:67: note: to match this '('
   42 |         ( ((ctx) && (ctx)->quote) ? (ctx)->quote((ctx), (name)) : (name) )
      |                                                                   ^
libattr/attr_copy_action.c:142:33: note: in expansion of macro 'quote'
  142 |                 const char *q = quote (ctx, ATTR_CONF);
      |                                 ^~~~~
cc: warning: \\\-DLOCALEDIR="/usr/share/locale: linker input file unused because linking not done
cc: error: \\\-DLOCALEDIR="/usr/share/locale: linker input file not found: No such file or directory
cc: warning: \\\-DSYSCONFDIR="/etc: linker input file unused because linking not done
cc: error: \\\-DSYSCONFDIR="/etc: linker input file not found: No such file or directory
make[1]: *** [Makefile:1003: libmisc/high_water_alloc.lo] Error 1
make[1]: *** Waiting for unfinished jobs....
cc: warning: \\\-DLOCALEDIR="/usr/share/locale: linker input file unused because linking not done
cc: error: \\\-DLOCALEDIR="/usr/share/locale: linker input file not found: No such file or directory
cc: warning: \\\-DSYSCONFDIR="/etc: linker input file unused because linking not done
cc: error: \\\-DSYSCONFDIR="/etc: linker input file not found: No such file or directory
make[1]: *** [Makefile:1011: libattr/la-attr_copy_action.lo] Error 1
make[1]: *** [Makefile:1018: libattr/la-attr_copy_check.lo] Error 1
cc: warning: \\\-DLOCALEDIR="/usr/share/locale: linker input file unused because linking not done
cc: error: \\\-DLOCALEDIR="/usr/share/locale: linker input file not found: No such file or directory
cc: warning: \\\-DSYSCONFDIR="/etc: linker input file unused because linking not done
cc: error: \\\-DSYSCONFDIR="/etc: linker input file not found: No such file or directory
make[1]: *** [Makefile:1003: libmisc/unquote.lo] Error 1
cc: warning: \\\-DLOCALEDIR="/usr/share/locale: linker input file unused because linking not done
cc: error: \\\-DLOCALEDIR="/usr/share/locale: linker input file not found: No such file or directory
cc: warning: \\\-DSYSCONFDIR="/etc: linker input file unused because linking not done
cc: error: \\\-DSYSCONFDIR="/etc: linker input file not found: No such file or directory
cc: warning: \\\-DLOCALEDIR="/usr/share/locale: linker input file unused because linking not done
cc: error: \\\-DLOCALEDIR="/usr/share/locale: linker input file not found: No such file or directory
cc: warning: \\\-DSYSCONFDIR="/etc: linker input file unused because linking not done
cc: error: \\\-DSYSCONFDIR="/etc: linker input file not found: No such file or directory
make[1]: *** [Makefile:1003: libmisc/quote.lo] Error 1
make[1]: *** [Makefile:1003: libmisc/next_line.lo] Error 1
cc: warning: \\\-DLOCALEDIR="/usr/share/locale: linker input file unused because linking not done
cc: error: \\\-DLOCALEDIR="/usr/share/locale: linker input file not found: No such file or directory
cc: warning: \\\-DSYSCONFDIR="/etc: linker input file unused because linking not done
cc: error: \\\-DSYSCONFDIR="/etc: linker input file not found: No such file or directory
make[1]: *** [Makefile:1046: libattr/la-syscalls.lo] Error 1
cc: warning: \\\-DLOCALEDIR="/usr/share/locale: linker input file unused because linking not done
cc: error: \\\-DLOCALEDIR="/usr/share/locale: linker input file not found: No such file or directory
cc: warning: \\\-DSYSCONFDIR="/etc: linker input file unused because linking not done
cc: error: \\\-DSYSCONFDIR="/etc: linker input file not found: No such file or directory
make[1]: *** [Makefile:1003: libmisc/walk_tree.lo] Error 1
cc: warning: \\\-DLOCALEDIR="/usr/share/locale: linker input file unused because linking not done
cc: error: \\\-DLOCALEDIR="/usr/share/locale: linker input file not found: No such file or directory
cc: warning: \\\-DSYSCONFDIR="/etc: linker input file unused because linking not done
cc: error: \\\-DSYSCONFDIR="/etc: linker input file not found: No such file or directory
make[1]: *** [Makefile:1032: libattr/la-attr_copy_file.lo] Error 1
cc: warning: \\\-DLOCALEDIR="/usr/share/locale: linker input file unused because linking not done
cc: error: \\\-DLOCALEDIR="/usr/share/locale: linker input file not found: No such file or directory
cc: warning: \\\-DSYSCONFDIR="/etc: linker input file unused because linking not done
cc: error: \\\-DSYSCONFDIR="/etc: linker input file not found: No such file or directory
make[1]: *** [Makefile:1025: libattr/la-attr_copy_fd.lo] Error 1
cc: warning: \\\-DLOCALEDIR="/usr/share/locale: linker input file unused because linking not done
cc: error: \\\-DLOCALEDIR="/usr/share/locale: linker input file not found: No such file or directory
cc: warning: \\\-DSYSCONFDIR="/etc: linker input file unused because linking not done
cc: error: \\\-DSYSCONFDIR="/etc: linker input file not found: No such file or directory
make[1]: *** [Makefile:1039: libattr/la-libattr.lo] Error 1
make[1]: Leaving directory '/tmp/src/attr-2.5.2'
make: *** [Makefile:1240: all-recursive] Error 1
>>> ERROR: attr: build failed
>>> ERROR: attr: rootbld failed
>>> attr: Cleaning up build chroot
