>>> audit: Validating /home/packager/oily-pine/main/audit/APKBUILD...
>>> audit: Cleaning up srcdir
>>> audit: Cleaning up pkgdir
>>> audit: Cleaning up tmpdir
>>> audit: Fetching https://github.com/linux-audit/audit-userspace/archive/v4.0.3/audit-4.0.3.tar.gz
>>> audit: Fetching https://github.com/linux-audit/audit-userspace/archive/v4.0.3/audit-4.0.3.tar.gz
>>> audit: Checking sha512sums...
audit-4.0.3.tar.gz: OK
0003-all-get-rid-of-strndupa.patch: OK
usr-paths.patch: OK
test-uid-42.patch: OK
auditd.initd: OK
auditd.confd: OK
>>> audit: Preparing build chroot...
installing oils!
fetch http://dl-cdn.alpinelinux.org/alpine/edge/main/x86_64/APKINDEX.tar.gz
WARNING: opening /home/packager/packages//# for oils: No such file or directory
(1/96) Installing musl (1.2.5-r13)
(2/96) Installing libcrypto3 (3.5.1-r0)
(3/96) Installing libssl3 (3.5.1-r0)
(4/96) Installing zlib (1.3.1-r2)
(5/96) Installing zstd-libs (1.5.7-r1)
(6/96) Installing libapk (3.0.0_rc5_git20250613-r0)
(7/96) Installing ca-certificates-bundle (20241121-r2)
(8/96) Installing apk-tools (3.0.0_rc5_git20250613-r0)
(9/96) Installing libcap2 (2.76-r0)
(10/96) Installing libcap-getcap (2.76-r0)
(11/96) Installing fakeroot (1.37.1.2-r0)
(12/96) Installing scanelf (1.3.8-r1)
(13/96) Installing musl-utils (1.2.5-r13)
(14/96) Installing libgcc (14.3.0-r5)
(15/96) Installing libstdc++ (14.3.0-r5)
(16/96) Installing lzip (1.25-r0)
(17/96) Installing openssl (3.5.1-r0)
(18/96) Installing patch (2.8-r0)
(19/96) Installing pkgconf (2.5.1-r0)
(20/96) Installing acl-libs (2.3.2-r1)
(21/96) Installing tar (1.35-r4)
(22/96) Installing alpine-baselayout-data (3.7.0-r0)
(23/96) Installing busybox (1.37.0-r18)
Executing busybox-1.37.0-r18.post-install
(24/96) Installing ssl_client (1.37.0-r18)
(25/96) Installing ncurses-terminfo-base (6.5_p20250705-r0)
(26/96) Installing libncursesw (6.5_p20250705-r0)
(27/96) Installing readline (8.3.0-r1)
(28/96) Installing oils-for-unix (0.28.0-r0)
(29/96) Installing oils-for-unix-binsh (0.28.0-r0)
(30/96) Installing abuild (3.15.0-r2)
Executing abuild-3.15.0-r2.pre-install
(31/96) Installing abuild-sudo (3.15.0-r2)
(32/96) Installing alpine-baselayout (3.7.0-r0)
Executing alpine-baselayout-3.7.0-r0.pre-install
Executing alpine-baselayout-3.7.0-r0.post-install
(33/96) Installing bridge (1.5-r5)
(34/96) Installing ifupdown-ng (0.12.1-r7)
(35/96) Installing openrc-user (0.62.5-r0)
(36/96) Installing openrc (0.62.5-r0)
Executing openrc-0.62.5-r0.post-install
(37/96) Installing mdev-conf (4.8-r0)
(38/96) Installing busybox-mdev-openrc (1.37.0-r18)
(39/96) Installing alpine-conf (3.20.0-r0)
(40/96) Installing alpine-keys (2.5-r0)
(41/96) Installing alpine-release (3.23.0_alpha20250612-r0)
(42/96) Installing busybox-openrc (1.37.0-r18)
(43/96) Installing busybox-suid (1.37.0-r18)
(44/96) Installing alpine-base (3.23.0_alpha20250612-r0)
(45/96) Installing m4 (1.4.20-r0)
(46/96) Installing libbz2 (1.0.8-r6)
(47/96) Installing perl (5.42.0-r0)
(48/96) Installing autoconf (2.72-r1)
(49/96) Installing automake (1.18.1-r0)
(50/96) Installing jansson (2.14.1-r0)
(51/96) Installing binutils (2.44-r0)
(52/96) Installing libmagic (5.46-r2)
(53/96) Installing file (5.46-r2)
(54/96) Installing libgomp (14.3.0-r5)
(55/96) Installing libatomic (14.3.0-r5)
(56/96) Installing gmp (6.3.0-r4)
(57/96) Installing isl26 (0.26-r1)
(58/96) Installing mpfr4 (4.2.2-r0)
(59/96) Installing mpc1 (1.3.1-r1)
(60/96) Installing gcc (14.3.0-r5)
(61/96) Installing libstdc++-dev (14.3.0-r5)
(62/96) Installing musl-dev (1.2.5-r13)
(63/96) Installing g++ (14.3.0-r5)
(64/96) Installing make (4.4.1-r3)
(65/96) Installing fortify-headers (1.1-r5)
(66/96) Installing build-base (0.5-r3)
(67/96) Installing brotli-libs (1.1.0-r2)
(68/96) Installing c-ares (1.34.5-r0)
(69/96) Installing libunistring (1.3-r0)
(70/96) Installing libidn2 (2.3.8-r0)
(71/96) Installing nghttp2-libs (1.66.0-r0)
(72/96) Installing libpsl (0.21.5-r3)
(73/96) Installing libcurl (8.14.1-r2)
(74/96) Installing libexpat (2.7.1-r0)
(75/96) Installing pcre2 (10.43-r1)
(76/96) Installing git (2.50.1-r0)
(77/96) Installing git-init-template (2.50.1-r0)
(78/96) Installing perl-error (0.17030-r0)
(79/96) Installing perl-git (2.50.1-r0)
(80/96) Installing git-perl (2.50.1-r0)
(81/96) Installing linux-headers (6.15.5-r0)
(82/96) Installing libcap-ng (0.8.5-r0)
(83/96) Installing libcap-ng-dev (0.8.5-r0)
(84/96) Installing libltdl (2.5.4-r1)
(85/96) Installing libtool (2.5.4-r1)
(86/96) Installing libffi (3.5.1-r0)
(87/96) Installing gdbm (1.24-r0)
(88/96) Installing xz-libs (5.8.1-r0)
(89/96) Installing mpdecimal (4.0.1-r0)
(90/96) Installing libpanelw (6.5_p20250705-r0)
(91/96) Installing sqlite-libs (3.50.2-r0)
(92/96) Installing python3 (3.12.11-r0)
(93/96) Installing python3-pycache-pyc0 (3.12.11-r0)
(94/96) Installing pyc (3.12.11-r0)
(95/96) Installing python3-pyc (3.12.11-r0)
(96/96) Installing swig (4.3.1-r0)
Executing busybox-1.37.0-r18.trigger
OK: 365 MiB in 96 packages
>>> audit: Fetching https://github.com/linux-audit/audit-userspace/archive/v4.0.3/audit-4.0.3.tar.gz
>>> audit: Checking sha512sums...
audit-4.0.3.tar.gz: OK
0003-all-get-rid-of-strndupa.patch: OK
usr-paths.patch: OK
test-uid-42.patch: OK
auditd.initd: OK
auditd.confd: OK
>>> audit: Unpacking /var/cache/distfiles/audit-4.0.3.tar.gz...
>>> audit: 0003-all-get-rid-of-strndupa.patch
patching file auparse/auparse.c
Hunk #1 succeeded at 1225 (offset 123 lines).
patching file src/ausearch-lol.c
Hunk #1 succeeded at 181 (offset 46 lines).
>>> audit: usr-paths.patch
patching file audisp/plugins/remote/au-remote.conf
patching file audisp/plugins/syslog/syslog.conf
>>> audit: test-uid-42.patch
patching file auparse/test/auparse_test.ref
+ autoreconf -fv --install
autoreconf: export WARNINGS=
autoreconf: Entering directory '.'
autoreconf: configure.ac: not using Gettext
autoreconf: running: aclocal --force 
autoreconf: configure.ac: tracing
autoreconf: running: libtoolize --copy --force
libtoolize: putting auxiliary files in '.'.
libtoolize: copying file './ltmain.sh'
libtoolize: putting macros in AC_CONFIG_MACRO_DIRS, 'm4'.
libtoolize: copying file 'm4/libtool.m4'
libtoolize: copying file 'm4/ltoptions.m4'
libtoolize: copying file 'm4/ltsugar.m4'
libtoolize: copying file 'm4/ltversion.m4'
libtoolize: copying file 'm4/lt~obsolete.m4'
libtoolize: Consider adding '-I m4' to ACLOCAL_AMFLAGS in Makefile.am.
autoreconf: configure.ac: not using Intltool
autoreconf: configure.ac: not using Gtkdoc
autoreconf: running: aclocal --force 
autoreconf: running: /usr/bin/autoconf --force
autoreconf: running: /usr/bin/autoheader --force
autoreconf: running: automake --add-missing --copy --force-missing
configure.ac:42: installing './compile'
configure.ac:40: installing './config.guess'
configure.ac:40: installing './config.sub'
configure.ac:41: installing './install-sh'
configure.ac:41: installing './missing'
Makefile.am: installing './INSTALL'
audisp/Makefile.am: installing './depcomp'
parallel-tests: installing './test-driver'
bindings/swig/python3/Makefile.am:29: installing './py-compile'
bindings/swig/src/Makefile.am:25: warning: variable 'SWIG_SOURCES' is defined but no program or
bindings/swig/src/Makefile.am:25: library has 'SWIG' as canonical name (possible typo)
init.d/Makefile.am:42: warning: '%'-style pattern rules are a GNU make extension
autoreconf: Leaving directory '.'
+ cp INSTALL.tmp INSTALL
Configuring auditd
checking build system type... x86_64-alpine-linux-musl
checking host system type... x86_64-alpine-linux-musl
checking target system type... x86_64-alpine-linux-musl
checking for a BSD-compatible install... /usr/bin/install -c
checking whether sleep supports fractional seconds... yes
checking filesystem timestamp resolution... 2
checking whether build environment is sane... yes
checking for a race-free mkdir -p... /bin/mkdir -p
checking for gawk... no
checking for mawk... no
checking for nawk... no
checking for awk... awk
checking whether make sets $(MAKE)... yes
checking whether make supports nested variables... yes
checking xargs -n works... yes
checking whether UID '1000' is supported by ustar format... yes
checking whether GID '1000' is supported by ustar format... yes
checking how to create a ustar tar archive... gnutar
checking how to print strings... printf
checking whether make supports the include directive... yes (GNU style)
checking for x86_64-alpine-linux-musl-gcc... cc
checking whether the C compiler works... yes
checking for C compiler default output file name... a.out
checking for suffix of executables... 
checking whether we are cross compiling... no
checking for suffix of object files... o
checking whether the compiler supports GNU C... yes
checking whether cc accepts -g... yes
checking for cc option to enable C11 features... none needed
checking whether cc understands -c and -o together... yes
checking dependency style of cc... gcc3
checking for a sed that does not truncate output... /bin/sed
checking for grep that handles long lines and -e... /bin/grep
checking for egrep... /bin/grep -E
checking for fgrep... /bin/grep -F
checking for ld used by cc... /usr/x86_64-alpine-linux-musl/bin/ld
checking if the linker (/usr/x86_64-alpine-linux-musl/bin/ld) is GNU ld... yes
checking for BSD- or MS-compatible name lister (nm)... /usr/bin/nm -B
checking the name lister (/usr/bin/nm -B) interface... BSD nm
checking whether ln -s works... yes
checking the maximum length of command line arguments... 98304
checking how to convert x86_64-alpine-linux-musl file names to x86_64-alpine-linux-musl format... func_convert_file_noop
checking how to convert x86_64-alpine-linux-musl file names to toolchain format... func_convert_file_noop
checking for /usr/x86_64-alpine-linux-musl/bin/ld option to reload object files... -r
checking for file... file
checking for x86_64-alpine-linux-musl-objdump... no
checking for objdump... objdump
checking how to recognize dependent libraries... pass_all
checking for x86_64-alpine-linux-musl-dlltool... no
checking for dlltool... no
checking how to associate runtime and link libraries... printf %s\n
checking for x86_64-alpine-linux-musl-ranlib... no
checking for ranlib... ranlib
checking for x86_64-alpine-linux-musl-ar... no
checking for ar... ar
checking for archiver @FILE support... @
checking for x86_64-alpine-linux-musl-strip... no
checking for strip... strip
checking command to parse /usr/bin/nm -B output from cc object... ok
checking for sysroot... no
checking for a working dd... /bin/dd
checking how to truncate binary pipes... /bin/dd bs=4096 count=1
checking for x86_64-alpine-linux-musl-mt... no
checking for mt... no
checking if : is a manifest tool... no
checking for stdio.h... yes
checking for stdlib.h... yes
checking for string.h... yes
checking for inttypes.h... yes
checking for stdint.h... yes
checking for strings.h... yes
checking for sys/stat.h... yes
checking for sys/types.h... yes
checking for unistd.h... yes
checking for dlfcn.h... yes
checking for objdir... .libs
checking if cc supports -fno-rtti -fno-exceptions... no
checking for cc option to produce PIC... -fPIC -DPIC
checking if cc PIC flag -fPIC -DPIC works... yes
checking if cc static flag -static works... yes
checking if cc supports -c -o file.o... yes
checking if cc supports -c -o file.o... (cached) yes
checking whether the cc linker (/usr/x86_64-alpine-linux-musl/bin/ld -m elf_x86_64) supports shared libraries... yes
checking whether -lc should be explicitly linked in... no
checking dynamic linker characteristics... GNU/Linux ld.so
checking how to hardcode library paths into programs... immediate
checking whether stripping libraries is possible... yes
checking if libtool supports shared libraries... yes
checking whether to build shared libraries... yes
checking whether to build static libraries... yes
checking for sys/inotify.h... yes
checking for sys/epoll.h... yes
checking for sys/event.h... no
checking for port.h... no
checking for poll.h... yes
checking for sys/timerfd.h... yes
checking for sys/select.h... yes
checking for sys/eventfd.h... yes
checking for sys/signalfd.h... yes
checking for linux/aio_abi.h... yes
checking for linux/fs.h... yes
checking for inotify_init... yes
checking for epoll_ctl... yes
checking for kqueue... no
checking for port_create... no
checking for poll... yes
checking for select... yes
checking for eventfd... yes
checking for signalfd... yes
checking for clock_gettime... yes
checking for nanosleep... yes
checking for __kernel_rwf_t... yes
checking for library containing floor... none required
.
Checking for programs
checking for x86_64-alpine-linux-musl-gcc... (cached) cc
checking whether the compiler supports GNU C... (cached) yes
checking whether cc accepts -g... (cached) yes
checking for cc option to enable C11 features... (cached) none needed
checking whether cc understands -c and -o together... (cached) yes
checking dependency style of cc... (cached) gcc3
checking for gawk... (cached) awk
checking how to run the C preprocessor... cc -E
checking for gcc... gcc
checking whether the compiler supports GNU C... (cached) yes
checking whether gcc accepts -g... yes
checking for gcc option to enable C11 features... (cached) none needed
checking whether gcc understands -c and -o together... (cached) yes
checking dependency style of gcc... (cached) gcc3
checking how to run the C preprocessor... gcc -E
.
Checking for header files
checking size of unsigned int... 4
checking size of unsigned long... 8
checking size of long... 8
checking size of time_t... 8
checking for cc options needed to detect all undeclared functions... none needed
checking whether AUDIT_FEATURE_VERSION is declared... yes
checking for struct audit_status.feature_bitmap... yes
checking whether AUDIT_VERSION_BACKLOG_WAIT_TIME is declared... yes
checking whether AUDIT_STATUS_BACKLOG_WAIT_TIME is declared... yes
checking whether AUDIT_STATUS_BACKLOG_WAIT_TIME_ACTUAL is declared... yes
checking whether ADDR_NO_RANDOMIZE is declared... yes
checking for posix_fallocate... yes
checking for signalfd... (cached) yes
checking for rawmemchr... no
checking for faccessat... yes
checking for stdatomic.h... yes
checking __attr_access support... no
checking __attr_dealloc_free support... no
checking for library containing pthread_yield... no
checking whether to create python3 bindings... investigating
checking for python3-config... no
Python3 bindings will NOT be built
checking whether to create Go language bindings... testing
checking for go... no
configure: WARNING: Go not found - go bindings will not be made
checking whether to include auditd network listener support... yes
checking whether to include audisp ZOS remote plugin... no
checking whether to enable experimental options... no
checking for linux/fanotify.h... yes
checking for -Wformat-truncation... yes
yes
checking whether to include arm eabi processor support... yes
checking whether to include aarch64 processor support... yes
checking whether to include riscv processor support... no
checking whether to use apparmor... no
checking whether to use libwrap... no
checking whether to include io_uring support... no
checking for linux/ipx.h... no
checking for cap-ng.h... yes
checking for capng_clear in -lcap-ng... yes
checking whether to use libcap-ng... yes
checking that generated files are newer than configure... done
configure: creating ./config.status
config.status: creating Makefile
config.status: creating common/Makefile
config.status: creating lib/Makefile
config.status: creating lib/audit.pc
config.status: creating lib/test/Makefile
config.status: creating auparse/Makefile
config.status: creating auparse/test/Makefile
config.status: creating auparse/auparse.pc
config.status: creating src/Makefile
config.status: creating src/libev/Makefile
config.status: creating src/test/Makefile
config.status: creating docs/Makefile
config.status: creating rules/Makefile
config.status: creating init.d/Makefile
config.status: creating audisp/Makefile
config.status: creating audisp/plugins/Makefile
config.status: creating audisp/plugins/af_unix/Makefile
config.status: creating audisp/plugins/remote/Makefile
config.status: creating audisp/plugins/zos-remote/Makefile
config.status: creating audisp/plugins/syslog/Makefile
config.status: creating audisp/plugins/filter/Makefile
config.status: creating audisp/plugins/ids/Makefile
config.status: creating audisp/plugins/ids/rules/Makefile
config.status: creating audisp/plugins/statsd/Makefile
config.status: creating bindings/Makefile
config.status: creating bindings/python/Makefile
config.status: creating bindings/python/python3/Makefile
config.status: creating bindings/golang/Makefile
config.status: creating bindings/swig/Makefile
config.status: creating bindings/swig/src/Makefile
config.status: creating bindings/swig/python3/Makefile
config.status: creating tools/Makefile
config.status: creating tools/aulast/Makefile
config.status: creating tools/aulastlog/Makefile
config.status: creating tools/ausyscall/Makefile
config.status: creating m4/Makefile
config.status: creating config.h
config.status: executing depfiles commands
config.status: executing libtool commands
.
  `echo $CFLAGS | fmt -w 50 | sed 's,^,                          ,'`
                  ^
[ backticks in ./configure ]:21292: Command 'fmt' not found (OILS-ERR-100)


  Auditd Version:         4.0.3
  Target:                 x86_64-alpine-linux-musl
  Installation prefix:    /usr
  Compiler:               cc
  Compiler flags:

  __attr_access support:  no
  __attr_dealloc_free support:  no

make  all-recursive
make[1]: Entering directory '/tmp/src/audit-userspace-4.0.3'
Making all in common
make[2]: Entering directory '/tmp/src/audit-userspace-4.0.3/common'
depbase=`echo audit-fgets.lo | sed 's|[^/]*$|.deps/&|;s|\.lo$||'`;\
/bin/sh ../libtool  --tag=CC   --mode=compile cc -DHAVE_CONFIG_H -I. -I..  -I.. -I../lib  -fPIC -DPIC -D_GNU_SOURCE -g -Os -fstack-clash-protection -Wformat -Werror=format-security -fno-plt -MT audit-fgets.lo -MD -MP -MF $depbase.Tpo -c -o audit-fgets.lo audit-fgets.c &&\
mv -f $depbase.Tpo $depbase.Plo
depbase=`echo strsplit.lo | sed 's|[^/]*$|.deps/&|;s|\.lo$||'`;\
/bin/sh ../libtool  --tag=CC   --mode=compile cc -DHAVE_CONFIG_H -I. -I..  -I.. -I../lib  -fPIC -DPIC -D_GNU_SOURCE -g -Os -fstack-clash-protection -Wformat -Werror=format-security -fno-plt -MT strsplit.lo -MD -MP -MF $depbase.Tpo -c -o strsplit.lo strsplit.c &&\
mv -f $depbase.Tpo $depbase.Plo
depbase=`echo common.lo | sed 's|[^/]*$|.deps/&|;s|\.lo$||'`;\
/bin/sh ../libtool  --tag=CC   --mode=compile cc -DHAVE_CONFIG_H -I. -I..  -I.. -I../lib  -fPIC -DPIC -D_GNU_SOURCE -g -Os -fstack-clash-protection -Wformat -Werror=format-security -fno-plt -MT common.lo -MD -MP -MF $depbase.Tpo -c -o common.lo common.c &&\
mv -f $depbase.Tpo $depbase.Plo
libtool: compile:  cc -DHAVE_CONFIG_H -I. -I.. -I.. -I../lib -fPIC -DPIC -D_GNU_SOURCE -g -Os -fstack-clash-protection -Wformat -Werror=format-security -fno-plt -MT strsplit.lo -MD -MP -MF .deps/strsplit.Tpo -c strsplit.c  -fPIC -DPIC -o .libs/strsplit.o
libtool: compile:  cc -DHAVE_CONFIG_H -I. -I.. -I.. -I../lib -fPIC -DPIC -D_GNU_SOURCE -g -Os -fstack-clash-protection -Wformat -Werror=format-security -fno-plt -MT common.lo -MD -MP -MF .deps/common.Tpo -c common.c  -fPIC -DPIC -o .libs/common.o
libtool: compile:  cc -DHAVE_CONFIG_H -I. -I.. -I.. -I../lib -fPIC -DPIC -D_GNU_SOURCE -g -Os -fstack-clash-protection -Wformat -Werror=format-security -fno-plt -MT audit-fgets.lo -MD -MP -MF .deps/audit-fgets.Tpo -c audit-fgets.c  -fPIC -DPIC -o .libs/audit-fgets.o
libtool: compile:  cc -DHAVE_CONFIG_H -I. -I.. -I.. -I../lib -fPIC -DPIC -D_GNU_SOURCE -g -Os -fstack-clash-protection -Wformat -Werror=format-security -fno-plt -MT strsplit.lo -MD -MP -MF .deps/strsplit.Tpo -c strsplit.c -o strsplit.o >/dev/null 2>&1
libtool: compile:  cc -DHAVE_CONFIG_H -I. -I.. -I.. -I../lib -fPIC -DPIC -D_GNU_SOURCE -g -Os -fstack-clash-protection -Wformat -Werror=format-security -fno-plt -MT common.lo -MD -MP -MF .deps/common.Tpo -c common.c -o common.o >/dev/null 2>&1
libtool: compile:  cc -DHAVE_CONFIG_H -I. -I.. -I.. -I../lib -fPIC -DPIC -D_GNU_SOURCE -g -Os -fstack-clash-protection -Wformat -Werror=format-security -fno-plt -MT audit-fgets.lo -MD -MP -MF .deps/audit-fgets.Tpo -c audit-fgets.c -o audit-fgets.o >/dev/null 2>&1
/bin/sh ../libtool  --tag=CC   --mode=link cc -fPIC -DPIC -D_GNU_SOURCE -g -Os -fstack-clash-protection -Wformat -Werror=format-security -fno-plt  -Wl,--as-needed,-O1,--sort-common -Wl,-z,pack-relative-relocs -o libaucommon.la  audit-fgets.lo strsplit.lo common.lo  
libtool: link: ar cr .libs/libaucommon.a .libs/audit-fgets.o .libs/strsplit.o .libs/common.o 
libtool: link: ranlib .libs/libaucommon.a
libtool: link: ( cd ".libs" && rm -f "libaucommon.la" && ln -s "../libaucommon.la" "libaucommon.la" )
make[2]: Leaving directory '/tmp/src/audit-userspace-4.0.3/common'
Making all in lib
make[2]: Entering directory '/tmp/src/audit-userspace-4.0.3/lib'
gcc -DHAVE_CONFIG_H -I. -I..  -I. -I.. -I../auparse -I../common  '-DTABLE_H="actiontab.h"' -g -O2 -MT gen_actiontabs_h-gen_tables.o -MD -MP -MF .deps/gen_actiontabs_h-gen_tables.Tpo -c -o gen_actiontabs_h-gen_tables.o `test -f 'gen_tables.c' || echo './'`gen_tables.c
gcc -DHAVE_CONFIG_H -I. -I..  -I. -I.. -I../auparse -I../common  '-DTABLE_H="errtab.h"' -g -O2 -MT gen_errtabs_h-gen_tables.o -MD -MP -MF .deps/gen_errtabs_h-gen_tables.Tpo -c -o gen_errtabs_h-gen_tables.o `test -f 'gen_tables.c' || echo './'`gen_tables.c
gcc -DHAVE_CONFIG_H -I. -I..  -I. -I.. -I../auparse -I../common  '-DTABLE_H="fieldtab.h"' -g -O2 -MT gen_fieldtabs_h-gen_tables.o -MD -MP -MF .deps/gen_fieldtabs_h-gen_tables.Tpo -c -o gen_fieldtabs_h-gen_tables.o `test -f 'gen_tables.c' || echo './'`gen_tables.c
gcc -DHAVE_CONFIG_H -I. -I..  -I. -I.. -I../auparse -I../common  '-DTABLE_H="flagtab.h"' -g -O2 -MT gen_flagtabs_h-gen_tables.o -MD -MP -MF .deps/gen_flagtabs_h-gen_tables.Tpo -c -o gen_flagtabs_h-gen_tables.o `test -f 'gen_tables.c' || echo './'`gen_tables.c
gcc -DHAVE_CONFIG_H -I. -I..  -I. -I.. -I../auparse -I../common  '-DTABLE_H="fstypetab.h"' -g -O2 -MT gen_fstypetabs_h-gen_tables.o -MD -MP -MF .deps/gen_fstypetabs_h-gen_tables.Tpo -c -o gen_fstypetabs_h-gen_tables.o `test -f 'gen_tables.c' || echo './'`gen_tables.c
gcc -DHAVE_CONFIG_H -I. -I..  -I. -I.. -I../auparse -I../common  '-DTABLE_H="ftypetab.h"' -g -O2 -MT gen_ftypetabs_h-gen_tables.o -MD -MP -MF .deps/gen_ftypetabs_h-gen_tables.Tpo -c -o gen_ftypetabs_h-gen_tables.o `test -f 'gen_tables.c' || echo './'`gen_tables.c
gcc -DHAVE_CONFIG_H -I. -I..  -I. -I.. -I../auparse -I../common  '-DTABLE_H="i386_table.h"' -g -O2 -MT gen_i386_tables_h-gen_tables.o -MD -MP -MF .deps/gen_i386_tables_h-gen_tables.Tpo -c -o gen_i386_tables_h-gen_tables.o `test -f 'gen_tables.c' || echo './'`gen_tables.c
gcc -DHAVE_CONFIG_H -I. -I..  -I. -I.. -I../auparse -I../common  '-DTABLE_H="machinetab.h"' -g -O2 -MT gen_machinetabs_h-gen_tables.o -MD -MP -MF .deps/gen_machinetabs_h-gen_tables.Tpo -c -o gen_machinetabs_h-gen_tables.o `test -f 'gen_tables.c' || echo './'`gen_tables.c
gcc -DHAVE_CONFIG_H -I. -I..  -I. -I.. -I../auparse -I../common  '-DTABLE_H="msg_typetab.h"' -g -O2 -MT gen_msg_typetabs_h-gen_tables.o -MD -MP -MF .deps/gen_msg_typetabs_h-gen_tables.Tpo -c -o gen_msg_typetabs_h-gen_tables.o `test -f 'gen_tables.c' || echo './'`gen_tables.c
gcc -DHAVE_CONFIG_H -I. -I..  -I. -I.. -I../auparse -I../common  '-DTABLE_H="optab.h"' -g -O2 -MT gen_optabs_h-gen_tables.o -MD -MP -MF .deps/gen_optabs_h-gen_tables.Tpo -c -o gen_optabs_h-gen_tables.o `test -f 'gen_tables.c' || echo './'`gen_tables.c
gcc -DHAVE_CONFIG_H -I. -I..  -I. -I.. -I../auparse -I../common  '-DTABLE_H="permtab.h"' -g -O2 -MT gen_permtabs_h-gen_tables.o -MD -MP -MF .deps/gen_permtabs_h-gen_tables.Tpo -c -o gen_permtabs_h-gen_tables.o `test -f 'gen_tables.c' || echo './'`gen_tables.c
gcc -DHAVE_CONFIG_H -I. -I..  -I. -I.. -I../auparse -I../common  '-DTABLE_H="ppc_table.h"' -g -O2 -MT gen_ppc_tables_h-gen_tables.o -MD -MP -MF .deps/gen_ppc_tables_h-gen_tables.Tpo -c -o gen_ppc_tables_h-gen_tables.o `test -f 'gen_tables.c' || echo './'`gen_tables.c
gcc -DHAVE_CONFIG_H -I. -I..  -I. -I.. -I../auparse -I../common  '-DTABLE_H="s390_table.h"' -g -O2 -MT gen_s390_tables_h-gen_tables.o -MD -MP -MF .deps/gen_s390_tables_h-gen_tables.Tpo -c -o gen_s390_tables_h-gen_tables.o `test -f 'gen_tables.c' || echo './'`gen_tables.c
gcc -DHAVE_CONFIG_H -I. -I..  -I. -I.. -I../auparse -I../common  '-DTABLE_H="s390x_table.h"' -g -O2 -MT gen_s390x_tables_h-gen_tables.o -MD -MP -MF .deps/gen_s390x_tables_h-gen_tables.Tpo -c -o gen_s390x_tables_h-gen_tables.o `test -f 'gen_tables.c' || echo './'`gen_tables.c
gcc -DHAVE_CONFIG_H -I. -I..  -I. -I.. -I../auparse -I../common  '-DTABLE_H="x86_64_table.h"' -g -O2 -MT gen_x86_64_tables_h-gen_tables.o -MD -MP -MF .deps/gen_x86_64_tables_h-gen_tables.Tpo -c -o gen_x86_64_tables_h-gen_tables.o `test -f 'gen_tables.c' || echo './'`gen_tables.c
gcc -DHAVE_CONFIG_H -I. -I..  -I. -I.. -I../auparse -I../common  '-DTABLE_H="uringop_table.h"' -g -O2 -MT gen_uringop_tables_h-gen_tables.o -MD -MP -MF .deps/gen_uringop_tables_h-gen_tables.Tpo -c -o gen_uringop_tables_h-gen_tables.o `test -f 'gen_tables.c' || echo './'`gen_tables.c
mv -f .deps/gen_actiontabs_h-gen_tables.Tpo .deps/gen_actiontabs_h-gen_tables.Po
gcc -DHAVE_CONFIG_H -I. -I..  -I. -I.. -I../auparse -I../common  '-DTABLE_H="arm_table.h"' -g -O2 -MT gen_arm_tables_h-gen_tables.o -MD -MP -MF .deps/gen_arm_tables_h-gen_tables.Tpo -c -o gen_arm_tables_h-gen_tables.o `test -f 'gen_tables.c' || echo './'`gen_tables.c
mv -f .deps/gen_ppc_tables_h-gen_tables.Tpo .deps/gen_ppc_tables_h-gen_tables.Po
gcc -DHAVE_CONFIG_H -I. -I..  -I. -I.. -I../auparse -I../common  '-DTABLE_H="aarch64_table.h"' -g -O2 -MT gen_aarch64_tables_h-gen_tables.o -MD -MP -MF .deps/gen_aarch64_tables_h-gen_tables.Tpo -c -o gen_aarch64_tables_h-gen_tables.o `test -f 'gen_tables.c' || echo './'`gen_tables.c
mv -f .deps/gen_s390x_tables_h-gen_tables.Tpo .deps/gen_s390x_tables_h-gen_tables.Po
mv -f .deps/gen_i386_tables_h-gen_tables.Tpo .deps/gen_i386_tables_h-gen_tables.Po
/bin/sh ../libtool  --tag=CC   --mode=link gcc '-DTABLE_H="actiontab.h"' -g -O2   -o gen_actiontabs_h gen_actiontabs_h-gen_tables.o  
/bin/sh ../libtool  --tag=CC   --mode=link gcc '-DTABLE_H="ppc_table.h"' -g -O2   -o gen_ppc_tables_h gen_ppc_tables_h-gen_tables.o  
mv -f .deps/gen_flagtabs_h-gen_tables.Tpo .deps/gen_flagtabs_h-gen_tables.Po
/bin/sh ../libtool  --tag=CC   --mode=link gcc '-DTABLE_H="s390x_table.h"' -g -O2   -o gen_s390x_tables_h gen_s390x_tables_h-gen_tables.o  
mv -f .deps/gen_fstypetabs_h-gen_tables.Tpo .deps/gen_fstypetabs_h-gen_tables.Po
/bin/sh ../libtool  --tag=CC   --mode=link gcc '-DTABLE_H="flagtab.h"' -g -O2   -o gen_flagtabs_h gen_flagtabs_h-gen_tables.o  
mv -f .deps/gen_msg_typetabs_h-gen_tables.Tpo .deps/gen_msg_typetabs_h-gen_tables.Po
mv -f .deps/gen_x86_64_tables_h-gen_tables.Tpo .deps/gen_x86_64_tables_h-gen_tables.Po
/bin/sh ../libtool  --tag=CC   --mode=link gcc '-DTABLE_H="fstypetab.h"' -g -O2   -o gen_fstypetabs_h gen_fstypetabs_h-gen_tables.o  
/bin/sh ../libtool  --tag=CC   --mode=link gcc '-DTABLE_H="i386_table.h"' -g -O2   -o gen_i386_tables_h gen_i386_tables_h-gen_tables.o  
libtool: link: gcc "\\\\\\-DTABLE_H=\"actiontab.h" -g -O2 -o gen_actiontabs_h gen_actiontabs_h-gen_tables.o 
libtool: link: gcc "\\\\\\-DTABLE_H=\"ppc_table.h" -g -O2 -o gen_ppc_tables_h gen_ppc_tables_h-gen_tables.o 
cc1: fatal error: \\\-DTABLE_H="actiontab.h: No such file or directory
compilation terminated.
cc1: fatal error: \\\-DTABLE_H="ppc_table.h: No such file or directory
compilation terminated.
make[2]: *** [Makefile:809: gen_actiontabs_h] Error 1
make[2]: *** Waiting for unfinished jobs....
make[2]: *** [Makefile:857: gen_ppc_tables_h] Error 1
mv -f .deps/gen_s390_tables_h-gen_tables.Tpo .deps/gen_s390_tables_h-gen_tables.Po
mv -f .deps/gen_ftypetabs_h-gen_tables.Tpo .deps/gen_ftypetabs_h-gen_tables.Po
mv -f .deps/gen_optabs_h-gen_tables.Tpo .deps/gen_optabs_h-gen_tables.Po
mv -f .deps/gen_permtabs_h-gen_tables.Tpo .deps/gen_permtabs_h-gen_tables.Po
mv -f .deps/gen_errtabs_h-gen_tables.Tpo .deps/gen_errtabs_h-gen_tables.Po
mv -f .deps/gen_machinetabs_h-gen_tables.Tpo .deps/gen_machinetabs_h-gen_tables.Po
mv -f .deps/gen_fieldtabs_h-gen_tables.Tpo .deps/gen_fieldtabs_h-gen_tables.Po
mv -f .deps/gen_uringop_tables_h-gen_tables.Tpo .deps/gen_uringop_tables_h-gen_tables.Po
libtool: link: gcc "\\\\\\-DTABLE_H=\"i386_table.h" -g -O2 -o gen_i386_tables_h gen_i386_tables_h-gen_tables.o 
libtool: link: gcc "\\\\\\-DTABLE_H=\"s390x_table.h" -g -O2 -o gen_s390x_tables_h gen_s390x_tables_h-gen_tables.o 
libtool: link: gcc "\\\\\\-DTABLE_H=\"flagtab.h" -g -O2 -o gen_flagtabs_h gen_flagtabs_h-gen_tables.o 
cc1: fatal error: \\\-DTABLE_H="s390x_table.h: No such file or directory
compilation terminated.
cc1: fatal error: \\\-DTABLE_H="i386_table.h: No such file or directory
compilation terminated.
make[2]: *** [Makefile:873: gen_s390x_tables_h] Error 1
libtool: link: gcc "\\\\\\-DTABLE_H=\"fstypetab.h" -g -O2 -o gen_fstypetabs_h gen_fstypetabs_h-gen_tables.o 
make[2]: *** [Makefile:837: gen_i386_tables_h] Error 1
cc1: fatal error: \\\-DTABLE_H="flagtab.h: No such file or directory
compilation terminated.
make[2]: *** [Makefile:825: gen_flagtabs_h] Error 1
cc1: fatal error: \\\-DTABLE_H="fstypetab.h: No such file or directory
compilation terminated.
make[2]: *** [Makefile:829: gen_fstypetabs_h] Error 1
mv -f .deps/gen_aarch64_tables_h-gen_tables.Tpo .deps/gen_aarch64_tables_h-gen_tables.Po
mv -f .deps/gen_arm_tables_h-gen_tables.Tpo .deps/gen_arm_tables_h-gen_tables.Po
make[2]: Leaving directory '/tmp/src/audit-userspace-4.0.3/lib'
make[1]: *** [Makefile:473: all-recursive] Error 1
make[1]: Leaving directory '/tmp/src/audit-userspace-4.0.3'
make: *** [Makefile:405: all] Error 2
>>> ERROR: audit: build failed
>>> ERROR: audit: rootbld failed
>>> audit: Cleaning up build chroot
