>>> cracklib: Validating /home/packager/oily-pine/main/cracklib/APKBUILD...
>>> cracklib: Cleaning up srcdir
>>> cracklib: Cleaning up pkgdir
>>> cracklib: Cleaning up tmpdir
>>> cracklib: Fetching https://github.com/cracklib/cracklib/releases/download/v2.10.3/cracklib-2.10.3.tar.xz
>>> cracklib: Fetching https://github.com/cracklib/cracklib/releases/download/v2.10.3/cracklib-words-2.10.3.gz
>>> cracklib: Fetching https://github.com/cracklib/cracklib/releases/download/v2.10.3/cracklib-2.10.3.tar.xz
>>> cracklib: Fetching https://github.com/cracklib/cracklib/releases/download/v2.10.3/cracklib-words-2.10.3.gz
>>> cracklib: Checking sha512sums...
cracklib-2.10.3.tar.xz: OK
cracklib-words-2.10.3.gz: OK
>>> cracklib: Preparing build chroot...
installing oils!
fetch http://dl-cdn.alpinelinux.org/alpine/edge/main/x86_64/APKINDEX.tar.gz
WARNING: opening /home/packager/packages//# for oils: No such file or directory
(1/102) Installing musl (1.2.5-r13)
(2/102) Installing libcrypto3 (3.5.1-r0)
(3/102) Installing libssl3 (3.5.1-r0)
(4/102) Installing zlib (1.3.1-r2)
(5/102) Installing zstd-libs (1.5.7-r1)
(6/102) Installing libapk (3.0.0_rc5_git20250613-r0)
(7/102) Installing ca-certificates-bundle (20241121-r2)
(8/102) Installing apk-tools (3.0.0_rc5_git20250613-r0)
(9/102) Installing libcap2 (2.76-r0)
(10/102) Installing libcap-getcap (2.76-r0)
(11/102) Installing fakeroot (1.37.1.2-r0)
(12/102) Installing scanelf (1.3.8-r1)
(13/102) Installing musl-utils (1.2.5-r13)
(14/102) Installing libgcc (14.3.0-r5)
(15/102) Installing libstdc++ (14.3.0-r5)
(16/102) Installing lzip (1.25-r0)
(17/102) Installing openssl (3.5.1-r0)
(18/102) Installing patch (2.8-r0)
(19/102) Installing pkgconf (2.5.1-r0)
(20/102) Installing acl-libs (2.3.2-r1)
(21/102) Installing tar (1.35-r4)
(22/102) Installing alpine-baselayout-data (3.7.0-r0)
(23/102) Installing busybox (1.37.0-r18)
Executing busybox-1.37.0-r18.post-install
(24/102) Installing ssl_client (1.37.0-r18)
(25/102) Installing ncurses-terminfo-base (6.5_p20250705-r0)
(26/102) Installing libncursesw (6.5_p20250705-r0)
(27/102) Installing readline (8.3.0-r1)
(28/102) Installing oils-for-unix (0.28.0-r0)
(29/102) Installing oils-for-unix-binsh (0.28.0-r0)
(30/102) Installing abuild (3.15.0-r2)
Executing abuild-3.15.0-r2.pre-install
(31/102) Installing abuild-sudo (3.15.0-r2)
(32/102) Installing alpine-baselayout (3.7.0-r0)
Executing alpine-baselayout-3.7.0-r0.pre-install
Executing alpine-baselayout-3.7.0-r0.post-install
(33/102) Installing bridge (1.5-r5)
(34/102) Installing ifupdown-ng (0.12.1-r7)
(35/102) Installing openrc-user (0.62.5-r0)
(36/102) Installing openrc (0.62.5-r0)
Executing openrc-0.62.5-r0.post-install
(37/102) Installing mdev-conf (4.8-r0)
(38/102) Installing busybox-mdev-openrc (1.37.0-r18)
(39/102) Installing alpine-conf (3.20.0-r0)
(40/102) Installing alpine-keys (2.5-r0)
(41/102) Installing alpine-release (3.23.0_alpha20250612-r0)
(42/102) Installing busybox-openrc (1.37.0-r18)
(43/102) Installing busybox-suid (1.37.0-r18)
(44/102) Installing alpine-base (3.23.0_alpha20250612-r0)
(45/102) Installing m4 (1.4.20-r0)
(46/102) Installing libbz2 (1.0.8-r6)
(47/102) Installing perl (5.42.0-r0)
(48/102) Installing autoconf (2.72-r1)
(49/102) Installing automake (1.18.1-r0)
(50/102) Installing jansson (2.14.1-r0)
(51/102) Installing binutils (2.44-r0)
(52/102) Installing libmagic (5.46-r2)
(53/102) Installing file (5.46-r2)
(54/102) Installing libgomp (14.3.0-r5)
(55/102) Installing libatomic (14.3.0-r5)
(56/102) Installing gmp (6.3.0-r4)
(57/102) Installing isl26 (0.26-r1)
(58/102) Installing mpfr4 (4.2.2-r0)
(59/102) Installing mpc1 (1.3.1-r1)
(60/102) Installing gcc (14.3.0-r5)
(61/102) Installing libstdc++-dev (14.3.0-r5)
(62/102) Installing musl-dev (1.2.5-r13)
(63/102) Installing g++ (14.3.0-r5)
(64/102) Installing make (4.4.1-r3)
(65/102) Installing fortify-headers (1.1-r5)
(66/102) Installing build-base (0.5-r3)
(67/102) Installing xz-libs (5.8.1-r0)
(68/102) Installing xz (5.8.1-r0)
(69/102) Installing gettext-asprintf (0.24.1-r0)
(70/102) Installing libintl (0.24.1-r0)
(71/102) Installing libunistring (1.3-r0)
(72/102) Installing gettext-libs (0.24.1-r0)
(73/102) Installing gettext-envsubst (0.24.1-r0)
(74/102) Installing libxml2 (2.13.8-r0)
(75/102) Installing gettext (0.24.1-r0)
(76/102) Installing gettext-dev (0.24.1-r0)
(77/102) Installing brotli-libs (1.1.0-r2)
(78/102) Installing c-ares (1.34.5-r0)
(79/102) Installing libidn2 (2.3.8-r0)
(80/102) Installing nghttp2-libs (1.66.0-r0)
(81/102) Installing libpsl (0.21.5-r3)
(82/102) Installing libcurl (8.14.1-r2)
(83/102) Installing libexpat (2.7.1-r0)
(84/102) Installing pcre2 (10.43-r1)
(85/102) Installing git (2.50.1-r0)
(86/102) Installing git-init-template (2.50.1-r0)
(87/102) Installing perl-error (0.17030-r0)
(88/102) Installing perl-git (2.50.1-r0)
(89/102) Installing git-perl (2.50.1-r0)
(90/102) Installing libltdl (2.5.4-r1)
(91/102) Installing libtool (2.5.4-r1)
(92/102) Installing libffi (3.5.1-r0)
(93/102) Installing gdbm (1.24-r0)
(94/102) Installing mpdecimal (4.0.1-r0)
(95/102) Installing libpanelw (6.5_p20250705-r0)
(96/102) Installing sqlite-libs (3.50.2-r0)
(97/102) Installing python3 (3.12.11-r0)
(98/102) Installing python3-pycache-pyc0 (3.12.11-r0)
(99/102) Installing pyc (3.12.11-r0)
(100/102) Installing python3-pyc (3.12.11-r0)
(101/102) Installing python3-dev (3.12.11-r0)
(102/102) Installing zlib-dev (1.3.1-r2)
Executing busybox-1.37.0-r18.trigger
OK: 404 MiB in 102 packages
>>> cracklib: Fetching https://github.com/cracklib/cracklib/releases/download/v2.10.3/cracklib-2.10.3.tar.xz
>>> cracklib: Fetching https://github.com/cracklib/cracklib/releases/download/v2.10.3/cracklib-words-2.10.3.gz
>>> cracklib: Checking sha512sums...
cracklib-2.10.3.tar.xz: OK
cracklib-words-2.10.3.gz: OK
>>> cracklib: Unpacking /var/cache/distfiles/cracklib-2.10.3.tar.xz...
checking for a BSD-compatible install... /usr/bin/install -c
checking whether build environment is sane... yes
checking for a race-free mkdir -p... ./install-sh -c -d
checking for gawk... no
checking for mawk... no
checking for nawk... no
checking for awk... awk
checking whether make sets $(MAKE)... yes
checking whether make supports nested variables... yes
checking build system type... x86_64-alpine-linux-musl
checking host system type... x86_64-alpine-linux-musl
checking how to print strings... printf
checking whether make supports the include directive... yes (GNU style)
checking for x86_64-alpine-linux-musl-gcc... cc
checking whether the C compiler works... yes
checking for C compiler default output file name... a.out
checking for suffix of executables... 
checking whether we are cross compiling... no
checking for suffix of object files... o
checking whether the compiler supports GNU C... yes
checking whether cc accepts -g... yes
checking for cc option to enable C11 features... none needed
checking whether cc understands -c and -o together... yes
checking dependency style of cc... gcc3
checking for a sed that does not truncate output... /bin/sed
checking for grep that handles long lines and -e... /bin/grep
checking for egrep... /bin/grep -E
checking for fgrep... /bin/grep -F
checking for ld used by cc... /usr/x86_64-alpine-linux-musl/bin/ld
checking if the linker (/usr/x86_64-alpine-linux-musl/bin/ld) is GNU ld... yes
checking for BSD- or MS-compatible name lister (nm)... /usr/bin/nm -B
checking the name lister (/usr/bin/nm -B) interface... BSD nm
checking whether ln -s works... yes
checking the maximum length of command line arguments... 98304
checking how to convert x86_64-alpine-linux-musl file names to x86_64-alpine-linux-musl format... func_convert_file_noop
checking how to convert x86_64-alpine-linux-musl file names to toolchain format... func_convert_file_noop
checking for /usr/x86_64-alpine-linux-musl/bin/ld option to reload object files... -r
checking for x86_64-alpine-linux-musl-file... no
checking for file... file
checking for x86_64-alpine-linux-musl-objdump... no
checking for objdump... objdump
checking how to recognize dependent libraries... pass_all
checking for x86_64-alpine-linux-musl-dlltool... no
checking for dlltool... no
checking how to associate runtime and link libraries... printf %s\n
checking for x86_64-alpine-linux-musl-ar... no
checking for ar... ar
checking for archiver @FILE support... @
checking for x86_64-alpine-linux-musl-strip... no
checking for strip... strip
checking for x86_64-alpine-linux-musl-ranlib... no
checking for ranlib... ranlib
checking command to parse /usr/bin/nm -B output from cc object... ok
checking for sysroot... no
checking for a working dd... /bin/dd
checking how to truncate binary pipes... /bin/dd bs=4096 count=1
checking for x86_64-alpine-linux-musl-mt... no
checking for mt... no
checking if : is a manifest tool... no
checking for stdio.h... yes
checking for stdlib.h... yes
checking for string.h... yes
checking for inttypes.h... yes
checking for stdint.h... yes
checking for strings.h... yes
checking for sys/stat.h... yes
checking for sys/types.h... yes
checking for unistd.h... yes
checking for dlfcn.h... yes
checking for objdir... .libs
checking if cc supports -fno-rtti -fno-exceptions... no
checking for cc option to produce PIC... -fPIC -DPIC
checking if cc PIC flag -fPIC -DPIC works... yes
checking if cc static flag -static works... yes
checking if cc supports -c -o file.o... yes
checking if cc supports -c -o file.o... (cached) yes
checking whether the cc linker (/usr/x86_64-alpine-linux-musl/bin/ld -m elf_x86_64) supports shared libraries... yes
checking whether -lc should be explicitly linked in... no
checking dynamic linker characteristics... GNU/Linux ld.so
checking how to hardcode library paths into programs... immediate
checking whether stripping libraries is possible... yes
checking if libtool supports shared libraries... yes
checking whether to build shared libraries... yes
checking whether to build static libraries... no
checking for x86_64-alpine-linux-musl-gcc... (cached) cc
checking whether the compiler supports GNU C... (cached) yes
checking whether cc accepts -g... (cached) yes
checking for cc option to enable C11 features... (cached) none needed
checking whether cc understands -c and -o together... (cached) yes
checking dependency style of cc... (cached) gcc3
checking how to run the C preprocessor... cc -E
checking whether ln -s works... yes
checking whether make sets $(MAKE)... (cached) yes
checking for unistd.h... (cached) yes
checking for fcntl.h... yes
checking for inttypes.h... (cached) yes
checking for stdint.h... (cached) yes
checking for pthread.h... yes
checking for endian.h... yes
checking for zlib.h... yes
checking for library containing gzopen... -lz
checking if LINE_MAX is defined... yes
checking for an ANSI C-conforming const... yes
checking for strdup... yes
checking for getpwuid_r... yes
checking whether NLS is requested... no
checking for msgfmt... /usr/bin/msgfmt
checking for gmsgfmt... /usr/bin/msgfmt
checking for xgettext... /usr/bin/xgettext
checking for msgmerge... /usr/bin/msgmerge
checking for ld... /usr/x86_64-alpine-linux-musl/bin/ld -m elf_x86_64
checking if the linker (/usr/x86_64-alpine-linux-musl/bin/ld -m elf_x86_64) is GNU ld... yes
checking for shared library run path origin... done
checking 32-bit host C ABI... no
checking for ELF binary format... yes
checking for the common suffixes of directories in the library search path... lib,lib,lib
checking for CFPreferencesCopyAppValue... no
checking for CFLocaleCopyPreferredLanguages... no
checking whether to use NLS... no
checking default dict filename... $(pkgdatadir)/pw_dict
checking for python... /usr/bin/python
checking for python version... 3.12
checking for python platform... linux
checking for GNU default python prefix... ${prefix}
checking for GNU default python exec_prefix... ${exec_prefix}
checking for python script directory (pythondir)... ${PYTHON_PREFIX}/lib/python3.12/site-packages
checking for python extension module directory (pyexecdir)... ${PYTHON_EXEC_PREFIX}/lib/python3.12/site-packages
checking for python3.12/Python.h... yes
checking that generated files are newer than configure... done
configure: creating ./config.status
config.status: creating util/Makefile
config.status: creating lib/Makefile
config.status: creating doc/Makefile
config.status: creating python/Makefile
config.status: creating Makefile
config.status: creating python/setup.py
config.status: creating po/Makefile.in
config.status: creating dicts/Makefile
config.status: creating cracklib.spec
config.status: creating config.h
config.status: executing depfiles commands
config.status: executing libtool commands
config.status: executing po-directories commands
config.status: creating po/POTFILES
config.status: creating po/Makefile
make  all-recursive
make[1]: Entering directory '/tmp/src/cracklib-2.10.3'
Making all in lib
make[2]: Entering directory '/tmp/src/cracklib-2.10.3/lib'
/bin/sh ../libtool  --tag=CC   --mode=compile cc -DHAVE_CONFIG_H -I. -I..  -I. -I.. -I../lib -DIN_CRACKLIB '-DDEFAULT_CRACKLIB_DICT="/usr/share/cracklib/pw_dict"' -Wall   -Os -fstack-clash-protection -Wformat -Werror=format-security -fno-plt -MT fascist.lo -MD -MP -MF .deps/fascist.Tpo -c -o fascist.lo fascist.c
/bin/sh ../libtool  --tag=CC   --mode=compile cc -DHAVE_CONFIG_H -I. -I..  -I. -I.. -I../lib -DIN_CRACKLIB '-DDEFAULT_CRACKLIB_DICT="/usr/share/cracklib/pw_dict"' -Wall   -Os -fstack-clash-protection -Wformat -Werror=format-security -fno-plt -MT packlib.lo -MD -MP -MF .deps/packlib.Tpo -c -o packlib.lo packlib.c
/bin/sh ../libtool  --tag=CC   --mode=compile cc -DHAVE_CONFIG_H -I. -I..  -I. -I.. -I../lib -DIN_CRACKLIB '-DDEFAULT_CRACKLIB_DICT="/usr/share/cracklib/pw_dict"' -Wall   -Os -fstack-clash-protection -Wformat -Werror=format-security -fno-plt -MT rules.lo -MD -MP -MF .deps/rules.Tpo -c -o rules.lo rules.c
/bin/sh ../libtool  --tag=CC   --mode=compile cc -DHAVE_CONFIG_H -I. -I..  -I. -I.. -I../lib -DIN_CRACKLIB '-DDEFAULT_CRACKLIB_DICT="/usr/share/cracklib/pw_dict"' -Wall   -Os -fstack-clash-protection -Wformat -Werror=format-security -fno-plt -MT stringlib.lo -MD -MP -MF .deps/stringlib.Tpo -c -o stringlib.lo stringlib.c
libtool: compile:  cc -DHAVE_CONFIG_H -I. -I.. -I. -I.. -I../lib -DIN_CRACKLIB "\\\\\\-DDEFAULT_CRACKLIB_DICT=\"/usr/share/cracklib/pw_dict" -Wall -Os -fstack-clash-protection -Wformat -Werror=format-security -fno-plt -MT stringlib.lo -MD -MP -MF .deps/stringlib.Tpo -c stringlib.c  -fPIC -DPIC -o .libs/stringlib.o
libtool: compile:  cc -DHAVE_CONFIG_H -I. -I.. -I. -I.. -I../lib -DIN_CRACKLIB "\\\\\\-DDEFAULT_CRACKLIB_DICT=\"/usr/share/cracklib/pw_dict" -Wall -Os -fstack-clash-protection -Wformat -Werror=format-security -fno-plt -MT rules.lo -MD -MP -MF .deps/rules.Tpo -c rules.c  -fPIC -DPIC -o .libs/rules.o
libtool: compile:  cc -DHAVE_CONFIG_H -I. -I.. -I. -I.. -I../lib -DIN_CRACKLIB "\\\\\\-DDEFAULT_CRACKLIB_DICT=\"/usr/share/cracklib/pw_dict" -Wall -Os -fstack-clash-protection -Wformat -Werror=format-security -fno-plt -MT packlib.lo -MD -MP -MF .deps/packlib.Tpo -c packlib.c  -fPIC -DPIC -o .libs/packlib.o
libtool: compile:  cc -DHAVE_CONFIG_H -I. -I.. -I. -I.. -I../lib -DIN_CRACKLIB "\\\\\\-DDEFAULT_CRACKLIB_DICT=\"/usr/share/cracklib/pw_dict" -Wall -Os -fstack-clash-protection -Wformat -Werror=format-security -fno-plt -MT fascist.lo -MD -MP -MF .deps/fascist.Tpo -c fascist.c  -fPIC -DPIC -o .libs/fascist.o
fascist.c: In function 'FascistCheckUser':
fascist.c:877:16: error: 'DEFAULT_CRACKLIB_DICT' undeclared (first use in this function)
  877 |         path = DEFAULT_CRACKLIB_DICT;
      |                ^~~~~~~~~~~~~~~~~~~~~
fascist.c:877:16: note: each undeclared identifier is reported only once for each function it appears in
cc: warning: \\\-DDEFAULT_CRACKLIB_DICT="/usr/share/cracklib/pw_dict: linker input file unused because linking not done
cc: error: \\\-DDEFAULT_CRACKLIB_DICT="/usr/share/cracklib/pw_dict: linker input file not found: No such file or directory
fascist.c: In function 'GetDefaultCracklibDict':
fascist.c:914:12: error: 'DEFAULT_CRACKLIB_DICT' undeclared (first use in this function)
  914 |     return DEFAULT_CRACKLIB_DICT;
      |            ^~~~~~~~~~~~~~~~~~~~~
fascist.c:915:1: warning: control reaches end of non-void function [-Wreturn-type]
  915 | }
      | ^
make[2]: *** [Makefile:487: fascist.lo] Error 1
make[2]: *** Waiting for unfinished jobs....
make[2]: *** [Makefile:487: stringlib.lo] Error 1
cc: warning: \\\-DDEFAULT_CRACKLIB_DICT="/usr/share/cracklib/pw_dict: linker input file unused because linking not done
cc: error: \\\-DDEFAULT_CRACKLIB_DICT="/usr/share/cracklib/pw_dict: linker input file not found: No such file or directory
make[2]: *** [Makefile:487: packlib.lo] Error 1
cc: warning: \\\-DDEFAULT_CRACKLIB_DICT="/usr/share/cracklib/pw_dict: linker input file unused because linking not done
cc: error: \\\-DDEFAULT_CRACKLIB_DICT="/usr/share/cracklib/pw_dict: linker input file not found: No such file or directory
make[2]: *** [Makefile:487: rules.lo] Error 1
make[2]: Leaving directory '/tmp/src/cracklib-2.10.3/lib'
make[1]: *** [Makefile:443: all-recursive] Error 1
make[1]: Leaving directory '/tmp/src/cracklib-2.10.3'
make: *** [Makefile:373: all] Error 2
>>> ERROR: cracklib: build failed
>>> ERROR: cracklib: rootbld failed
>>> cracklib: Cleaning up build chroot
