>>> czmq: Validating /home/packager/oily-pine/main/czmq/APKBUILD...
>>> czmq: Cleaning up srcdir
>>> czmq: Cleaning up pkgdir
>>> czmq: Cleaning up tmpdir
>>> czmq: Fetching czmq-4.2.1.tar.gz::https://github.com/zeromq/czmq/archive/v4.2.1.tar.gz
>>> czmq: Fetching czmq-4.2.1.tar.gz::https://github.com/zeromq/czmq/archive/v4.2.1.tar.gz
>>> czmq: Checking sha512sums...
czmq-4.2.1.tar.gz: OK
>>> czmq: Preparing build chroot...
installing oils!
fetch http://dl-cdn.alpinelinux.org/alpine/edge/main/x86_64/APKINDEX.tar.gz
WARNING: opening /home/packager/packages//# for oils: No such file or directory
(1/95) Installing musl (1.2.5-r13)
(2/95) Installing libcrypto3 (3.5.1-r0)
(3/95) Installing libssl3 (3.5.1-r0)
(4/95) Installing zlib (1.3.1-r2)
(5/95) Installing zstd-libs (1.5.7-r1)
(6/95) Installing libapk (3.0.0_rc5_git20250613-r0)
(7/95) Installing ca-certificates-bundle (20241121-r2)
(8/95) Installing apk-tools (3.0.0_rc5_git20250613-r0)
(9/95) Installing libcap2 (2.76-r0)
(10/95) Installing libcap-getcap (2.76-r0)
(11/95) Installing fakeroot (1.37.1.2-r0)
(12/95) Installing scanelf (1.3.8-r1)
(13/95) Installing musl-utils (1.2.5-r13)
(14/95) Installing libgcc (14.3.0-r5)
(15/95) Installing libstdc++ (14.3.0-r5)
(16/95) Installing lzip (1.25-r0)
(17/95) Installing openssl (3.5.1-r0)
(18/95) Installing patch (2.8-r0)
(19/95) Installing pkgconf (2.5.1-r0)
(20/95) Installing acl-libs (2.3.2-r1)
(21/95) Installing tar (1.35-r4)
(22/95) Installing alpine-baselayout-data (3.7.0-r0)
(23/95) Installing busybox (1.37.0-r18)
Executing busybox-1.37.0-r18.post-install
(24/95) Installing ssl_client (1.37.0-r18)
(25/95) Installing ncurses-terminfo-base (6.5_p20250705-r0)
(26/95) Installing libncursesw (6.5_p20250705-r0)
(27/95) Installing readline (8.3.0-r1)
(28/95) Installing oils-for-unix (0.28.0-r0)
(29/95) Installing oils-for-unix-binsh (0.28.0-r0)
(30/95) Installing abuild (3.15.0-r2)
Executing abuild-3.15.0-r2.pre-install
(31/95) Installing abuild-sudo (3.15.0-r2)
(32/95) Installing alpine-baselayout (3.7.0-r0)
Executing alpine-baselayout-3.7.0-r0.pre-install
Executing alpine-baselayout-3.7.0-r0.post-install
(33/95) Installing bridge (1.5-r5)
(34/95) Installing ifupdown-ng (0.12.1-r7)
(35/95) Installing openrc-user (0.62.5-r0)
(36/95) Installing openrc (0.62.5-r0)
Executing openrc-0.62.5-r0.post-install
(37/95) Installing mdev-conf (4.8-r0)
(38/95) Installing busybox-mdev-openrc (1.37.0-r18)
(39/95) Installing alpine-conf (3.20.0-r0)
(40/95) Installing alpine-keys (2.5-r0)
(41/95) Installing alpine-release (3.23.0_alpha20250612-r0)
(42/95) Installing busybox-openrc (1.37.0-r18)
(43/95) Installing busybox-suid (1.37.0-r18)
(44/95) Installing alpine-base (3.23.0_alpha20250612-r0)
(45/95) Installing jansson (2.14.1-r0)
(46/95) Installing binutils (2.44-r0)
(47/95) Installing libmagic (5.46-r2)
(48/95) Installing file (5.46-r2)
(49/95) Installing libgomp (14.3.0-r5)
(50/95) Installing libatomic (14.3.0-r5)
(51/95) Installing gmp (6.3.0-r4)
(52/95) Installing isl26 (0.26-r1)
(53/95) Installing mpfr4 (4.2.2-r0)
(54/95) Installing mpc1 (1.3.1-r1)
(55/95) Installing gcc (14.3.0-r5)
(56/95) Installing libstdc++-dev (14.3.0-r5)
(57/95) Installing musl-dev (1.2.5-r13)
(58/95) Installing g++ (14.3.0-r5)
(59/95) Installing make (4.4.1-r3)
(60/95) Installing fortify-headers (1.1-r5)
(61/95) Installing build-base (0.5-r3)
(62/95) Installing libbz2 (1.0.8-r6)
(63/95) Installing libexpat (2.7.1-r0)
(64/95) Installing lz4-libs (1.10.0-r0)
(65/95) Installing xz-libs (5.8.1-r0)
(66/95) Installing libarchive (3.8.1-r0)
(67/95) Installing rhash-libs (1.4.6-r0)
(68/95) Installing libuv (1.51.0-r0)
(69/95) Installing cmake (4.0.3-r0)
(70/95) Installing brotli-libs (1.1.0-r2)
(71/95) Installing c-ares (1.34.5-r0)
(72/95) Installing libunistring (1.3-r0)
(73/95) Installing libidn2 (2.3.8-r0)
(74/95) Installing nghttp2-libs (1.66.0-r0)
(75/95) Installing libpsl (0.21.5-r3)
(76/95) Installing libcurl (8.14.1-r2)
(77/95) Installing pcre2 (10.43-r1)
(78/95) Installing git (2.50.1-r0)
(79/95) Installing git-init-template (2.50.1-r0)
(80/95) Installing samurai (1.2-r7)
(81/95) Installing libeconf (0.7.9-r0)
(82/95) Installing libblkid (2.41.1-r0)
(83/95) Installing libuuid (2.41.1-r0)
(84/95) Installing libfdisk (2.41.1-r0)
(85/95) Installing sqlite-libs (3.50.2-r0)
(86/95) Installing liblastlog2 (2.41.1-r0)
(87/95) Installing libmount (2.41.1-r0)
(88/95) Installing libsmartcols (2.41.1-r0)
(89/95) Installing sqlite (3.50.2-r0)
(90/95) Installing sqlite-dev (3.50.2-r0)
(91/95) Installing util-linux-dev (2.41.1-r0)
(92/95) Installing libsodium (1.0.20-r0)
(93/95) Installing libzmq (4.3.5-r2)
(94/95) Installing libsodium-dev (1.0.20-r0)
(95/95) Installing zeromq-dev (4.3.5-r2)
Executing busybox-1.37.0-r18.trigger
OK: 335 MiB in 95 packages
>>> czmq: Fetching czmq-4.2.1.tar.gz::https://github.com/zeromq/czmq/archive/v4.2.1.tar.gz
>>> czmq: Checking sha512sums...
czmq-4.2.1.tar.gz: OK
>>> czmq: Unpacking /var/cache/distfiles/czmq-4.2.1.tar.gz...
CMake Error at CMakeLists.txt:9 (cmake_minimum_required):
  Compatibility with CMake < 3.5 has been removed from CMake.

  Update the VERSION argument <min> value.  Or, use the <min>...<max> syntax
  to tell CMake that the project requires at least <min> but has been updated
  to work with policies introduced by <max> or earlier.

  Or, add -DCMAKE_POLICY_VERSION_MINIMUM=3.5 to try configuring anyway.


-- Configuring incomplete, errors occurred!
>>> ERROR: czmq: build failed
>>> ERROR: czmq: rootbld failed
>>> czmq: Cleaning up build chroot
