>>> dbus-glib: Validating /home/packager/oily-pine/main/dbus-glib/APKBUILD...
>>> dbus-glib: Cleaning up srcdir
>>> dbus-glib: Cleaning up pkgdir
>>> dbus-glib: Cleaning up tmpdir
>>> dbus-glib: Fetching https://dbus.freedesktop.org/releases/dbus-glib/dbus-glib-0.114.tar.gz
>>> dbus-glib: Fetching https://dbus.freedesktop.org/releases/dbus-glib/dbus-glib-0.114.tar.gz
>>> dbus-glib: Checking sha512sums...
dbus-glib-0.114.tar.gz: OK
>>> dbus-glib: Preparing build chroot...
installing oils!
fetch http://dl-cdn.alpinelinux.org/alpine/edge/main/x86_64/APKINDEX.tar.gz
WARNING: opening /home/packager/packages//# for oils: No such file or directory
(1/131) Installing musl (1.2.5-r13)
(2/131) Installing libcrypto3 (3.5.1-r0)
(3/131) Installing libssl3 (3.5.1-r0)
(4/131) Installing zlib (1.3.1-r2)
(5/131) Installing zstd-libs (1.5.7-r1)
(6/131) Installing libapk (3.0.0_rc5_git20250613-r0)
(7/131) Installing ca-certificates-bundle (20241121-r2)
(8/131) Installing apk-tools (3.0.0_rc5_git20250613-r0)
(9/131) Installing libcap2 (2.76-r0)
(10/131) Installing libcap-getcap (2.76-r0)
(11/131) Installing fakeroot (1.37.1.2-r0)
(12/131) Installing scanelf (1.3.8-r1)
(13/131) Installing musl-utils (1.2.5-r13)
(14/131) Installing libgcc (14.3.0-r5)
(15/131) Installing libstdc++ (14.3.0-r5)
(16/131) Installing lzip (1.25-r0)
(17/131) Installing openssl (3.5.1-r0)
(18/131) Installing patch (2.8-r0)
(19/131) Installing pkgconf (2.5.1-r0)
(20/131) Installing acl-libs (2.3.2-r1)
(21/131) Installing tar (1.35-r4)
(22/131) Installing alpine-baselayout-data (3.7.0-r0)
(23/131) Installing busybox (1.37.0-r18)
Executing busybox-1.37.0-r18.post-install
(24/131) Installing ssl_client (1.37.0-r18)
(25/131) Installing ncurses-terminfo-base (6.5_p20250705-r0)
(26/131) Installing libncursesw (6.5_p20250705-r0)
(27/131) Installing readline (8.3.0-r1)
(28/131) Installing oils-for-unix (0.28.0-r0)
(29/131) Installing oils-for-unix-binsh (0.28.0-r0)
(30/131) Installing abuild (3.15.0-r2)
Executing abuild-3.15.0-r2.pre-install
(31/131) Installing abuild-sudo (3.15.0-r2)
(32/131) Installing alpine-baselayout (3.7.0-r0)
Executing alpine-baselayout-3.7.0-r0.pre-install
Executing alpine-baselayout-3.7.0-r0.post-install
(33/131) Installing bridge (1.5-r5)
(34/131) Installing ifupdown-ng (0.12.1-r7)
(35/131) Installing openrc-user (0.62.5-r0)
(36/131) Installing openrc (0.62.5-r0)
Executing openrc-0.62.5-r0.post-install
(37/131) Installing mdev-conf (4.8-r0)
(38/131) Installing busybox-mdev-openrc (1.37.0-r18)
(39/131) Installing alpine-conf (3.20.0-r0)
(40/131) Installing alpine-keys (2.5-r0)
(41/131) Installing alpine-release (3.23.0_alpha20250612-r0)
(42/131) Installing busybox-openrc (1.37.0-r18)
(43/131) Installing busybox-suid (1.37.0-r18)
(44/131) Installing alpine-base (3.23.0_alpha20250612-r0)
(45/131) Installing jansson (2.14.1-r0)
(46/131) Installing binutils (2.44-r0)
(47/131) Installing libmagic (5.46-r2)
(48/131) Installing file (5.46-r2)
(49/131) Installing libgomp (14.3.0-r5)
(50/131) Installing libatomic (14.3.0-r5)
(51/131) Installing gmp (6.3.0-r4)
(52/131) Installing isl26 (0.26-r1)
(53/131) Installing mpfr4 (4.2.2-r0)
(54/131) Installing mpc1 (1.3.1-r1)
(55/131) Installing gcc (14.3.0-r5)
(56/131) Installing libstdc++-dev (14.3.0-r5)
(57/131) Installing musl-dev (1.2.5-r13)
(58/131) Installing g++ (14.3.0-r5)
(59/131) Installing make (4.4.1-r3)
(60/131) Installing fortify-headers (1.1-r5)
(61/131) Installing build-base (0.5-r3)
(62/131) Installing dbus-libs (1.16.2-r1)
(63/131) Installing dbus-dev (1.16.2-r1)
(64/131) Installing libexpat (2.7.1-r0)
(65/131) Installing expat (2.7.1-r0)
(66/131) Installing expat-dev (2.7.1-r0)
(67/131) Installing xz-libs (5.8.1-r0)
(68/131) Installing xz (5.8.1-r0)
(69/131) Installing gettext-asprintf (0.24.1-r0)
(70/131) Installing libintl (0.24.1-r0)
(71/131) Installing libunistring (1.3-r0)
(72/131) Installing gettext-libs (0.24.1-r0)
(73/131) Installing gettext-envsubst (0.24.1-r0)
(74/131) Installing libxml2 (2.13.8-r0)
(75/131) Installing gettext (0.24.1-r0)
(76/131) Installing gettext-dev (0.24.1-r0)
(77/131) Installing brotli-libs (1.1.0-r2)
(78/131) Installing c-ares (1.34.5-r0)
(79/131) Installing libidn2 (2.3.8-r0)
(80/131) Installing nghttp2-libs (1.66.0-r0)
(81/131) Installing libpsl (0.21.5-r3)
(82/131) Installing libcurl (8.14.1-r2)
(83/131) Installing pcre2 (10.43-r1)
(84/131) Installing git (2.50.1-r0)
(85/131) Installing git-init-template (2.50.1-r0)
(86/131) Installing libbz2 (1.0.8-r6)
(87/131) Installing bzip2-dev (1.0.8-r6)
(88/131) Installing libxml2-utils (2.13.8-r0)
(89/131) Installing docbook-xml (4.5-r10)
Executing docbook-xml-4.5-r10.post-install
(90/131) Installing libxslt (1.1.43-r3)
(91/131) Installing docbook-xsl-ns (1.79.2-r13)
Executing docbook-xsl-ns-1.79.2-r13.post-install
(92/131) Installing docbook-xsl-nons (1.79.2-r13)
Executing docbook-xsl-nons-1.79.2-r13.post-install
(93/131) Installing docbook-xsl (1.79.2-r13)
(94/131) Installing libffi (3.5.1-r0)
(95/131) Installing gdbm (1.24-r0)
(96/131) Installing mpdecimal (4.0.1-r0)
(97/131) Installing libpanelw (6.5_p20250705-r0)
(98/131) Installing sqlite-libs (3.50.2-r0)
(99/131) Installing python3 (3.12.11-r0)
(100/131) Installing python3-pycache-pyc0 (3.12.11-r0)
(101/131) Installing pyc (3.12.11-r0)
(102/131) Installing python3-pyc (3.12.11-r0)
(103/131) Installing py3-parsing (3.2.3-r0)
(104/131) Installing py3-parsing-pyc (3.2.3-r0)
(105/131) Installing py3-packaging (25.0-r0)
(106/131) Installing py3-packaging-pyc (25.0-r0)
(107/131) Installing libeconf (0.7.9-r0)
(108/131) Installing libblkid (2.41.1-r0)
(109/131) Installing libmount (2.41.1-r0)
(110/131) Installing glib (2.84.3-r0)
(111/131) Installing linux-headers (6.15.5-r0)
(112/131) Installing libffi-dev (3.5.1-r0)
(113/131) Installing bsd-compat-headers (0.7.2-r6)
(114/131) Installing libformw (6.5_p20250705-r0)
(115/131) Installing libmenuw (6.5_p20250705-r0)
(116/131) Installing libncurses++ (6.5_p20250705-r0)
(117/131) Installing ncurses-dev (6.5_p20250705-r0)
(118/131) Installing libedit (20250104.3.1-r1)
(119/131) Installing libedit-dev (20250104.3.1-r1)
(120/131) Installing zlib-dev (1.3.1-r2)
(121/131) Installing libpcre2-16 (10.43-r1)
(122/131) Installing libpcre2-32 (10.43-r1)
(123/131) Installing pcre2-dev (10.43-r1)
(124/131) Installing libuuid (2.41.1-r0)
(125/131) Installing libfdisk (2.41.1-r0)
(126/131) Installing liblastlog2 (2.41.1-r0)
(127/131) Installing libsmartcols (2.41.1-r0)
(128/131) Installing sqlite (3.50.2-r0)
(129/131) Installing sqlite-dev (3.50.2-r0)
(130/131) Installing util-linux-dev (2.41.1-r0)
(131/131) Installing glib-dev (2.84.3-r0)
Executing busybox-1.37.0-r18.trigger
Executing glib-2.84.3-r0.trigger
No schema files found: doing nothing.
OK: 379 MiB in 131 packages
>>> dbus-glib: Fetching https://dbus.freedesktop.org/releases/dbus-glib/dbus-glib-0.114.tar.gz
>>> dbus-glib: Checking sha512sums...
dbus-glib-0.114.tar.gz: OK
>>> dbus-glib: Unpacking /var/cache/distfiles/dbus-glib-0.114.tar.gz...
checking build system type... x86_64-alpine-linux-musl
checking host system type... x86_64-alpine-linux-musl
checking for a BSD-compatible install... /usr/bin/install -c
checking whether sleep supports fractional seconds... yes
checking filesystem timestamp resolution... 2
checking whether build environment is sane... yes
checking for a race-free mkdir -p... /bin/mkdir -p
checking for gawk... no
checking for mawk... no
checking for nawk... no
checking for awk... awk
checking whether make sets $(MAKE)... yes
checking whether make supports nested variables... yes
checking xargs -n works... yes
checking whether to enable maintainer-specific portions of Makefiles... no
checking for x86_64-alpine-linux-musl-gcc... cc
checking whether the C compiler works... yes
checking for C compiler default output file name... a.out
checking for suffix of executables... 
checking whether we are cross compiling... no
checking for suffix of object files... o
checking whether the compiler supports GNU C... yes
checking whether cc accepts -g... yes
checking for cc option to enable C11 features... none needed
checking whether cc understands -c and -o together... yes
checking whether make supports the include directive... yes (GNU style)
checking dependency style of cc... gcc3
checking for library containing strerror... none required
checking for stdio.h... yes
checking for stdlib.h... yes
checking for string.h... yes
checking for inttypes.h... yes
checking for stdint.h... yes
checking for strings.h... yes
checking for sys/stat.h... yes
checking for sys/types.h... yes
checking for unistd.h... yes
checking for grep that handles long lines and -e... /bin/grep
checking for egrep... /bin/grep -E
checking whether gcc understands -Wfloat-equal... yes
checking how to print strings... printf
checking for a sed that does not truncate output... /bin/sed
checking for fgrep... /bin/grep -F
checking for ld used by cc... /usr/x86_64-alpine-linux-musl/bin/ld
checking if the linker (/usr/x86_64-alpine-linux-musl/bin/ld) is GNU ld... yes
checking for BSD- or MS-compatible name lister (nm)... /usr/bin/nm -B
checking the name lister (/usr/bin/nm -B) interface... BSD nm
checking whether ln -s works... yes
checking the maximum length of command line arguments... 98304
checking how to convert x86_64-alpine-linux-musl file names to x86_64-alpine-linux-musl format... func_convert_file_noop
checking how to convert x86_64-alpine-linux-musl file names to toolchain format... func_convert_file_noop
checking for /usr/x86_64-alpine-linux-musl/bin/ld option to reload object files... -r
checking for file... file
checking for x86_64-alpine-linux-musl-objdump... no
checking for objdump... objdump
checking how to recognize dependent libraries... pass_all
checking for x86_64-alpine-linux-musl-dlltool... no
checking for dlltool... no
checking how to associate runtime and link libraries... printf %s\n
checking for x86_64-alpine-linux-musl-ranlib... no
checking for ranlib... ranlib
checking for x86_64-alpine-linux-musl-ar... no
checking for ar... ar
checking for archiver @FILE support... @
checking for x86_64-alpine-linux-musl-strip... no
checking for strip... strip
checking command to parse /usr/bin/nm -B output from cc object... ok
checking for sysroot... no
checking for a working dd... /bin/dd
checking how to truncate binary pipes... /bin/dd bs=4096 count=1
checking for x86_64-alpine-linux-musl-mt... no
checking for mt... no
checking if : is a manifest tool... no
checking for dlfcn.h... yes
checking for objdir... .libs
checking if cc supports -fno-rtti -fno-exceptions... no
checking for cc option to produce PIC... -fPIC -DPIC
checking if cc PIC flag -fPIC -DPIC works... yes
checking if cc static flag -static works... yes
checking if cc supports -c -o file.o... yes
checking if cc supports -c -o file.o... (cached) yes
checking whether the cc linker (/usr/x86_64-alpine-linux-musl/bin/ld -m elf_x86_64) supports shared libraries... yes
checking whether -lc should be explicitly linked in... no
checking dynamic linker characteristics... GNU/Linux ld.so
checking how to hardcode library paths into programs... immediate
checking whether stripping libraries is possible... yes
checking if libtool supports shared libraries... yes
checking whether to build shared libraries... yes
checking whether to build static libraries... no
checking for library containing socket... none required
checking whether socklen_t is defined... yes
checking for XML_ParserCreate_MM in -lexpat... yes
checking for expat.h... yes
checking for x86_64-alpine-linux-musl-pkg-config... no
checking for pkg-config... /usr/bin/pkg-config
checking pkg-config is at least version 0.9.0... yes
checking for dbus-1 >= 1.8... yes
checking for glib-2.0 >= 2.40, gobject-2.0 >= 2.40, gio-2.0 >= 2.40... yes
checking for dbus-run-session... dbus-run-session
checking for gtk-doc... no
configure: WARNING:
  You will not be able to create source packages with 'make dist'
  because gtk-doc >= 1.14 is not found.
checking for gtkdoc-check... no
checking for gtkdoc-check... no
checking for gtkdoc-rebase... no
checking for gtkdoc-mkpdf... no
checking whether to build gtk-doc documentation... no
checking for glib-2.0 >= 2.10.0 gobject-2.0  >= 2.10.0... yes
checking that generated files are newer than configure... done
configure: creating ./config.status
config.status: creating Makefile
config.status: creating m4/Makefile
config.status: creating doc/Makefile
config.status: creating doc/dbus-binding-tool.1
config.status: creating doc/reference/Makefile
config.status: creating doc/reference/version.xml
config.status: creating dbus/Makefile
config.status: creating dbus/examples/Makefile
config.status: creating dbus/examples/statemachine/Makefile
config.status: creating dbus-gmain/Makefile
config.status: creating test/Makefile
config.status: creating test/core/Makefile
config.status: creating test/interfaces/Makefile
config.status: creating test/data/valid-service-files/debug-glib.service
config.status: creating test/data/valid-service-files/debug-echo.service
config.status: creating test/data/valid-service-files/interfaces-test.service
config.status: creating tools/Makefile
config.status: creating dbus-glib-1.pc
config.status: creating dbus-glib-1-uninstalled.pc
config.status: creating config.h
config.status: executing depfiles commands
config.status: executing libtool commands

                    D-BUS GLIB BINDINGS 0.114
                  ==============

	prefix:                   /usr
	exec_prefix:              ${prefix}
	source code location:	  .
	compiler:		  cc
	cflags:		          -Os -fstack-clash-protection -Wformat -Werror=format-security -fno-plt -flto=auto -Wall -Wchar-subscripts -Wmissing-declarations -Wmissing-prototypes -Wnested-externs -Wpointer-arith -Wcast-align -Wfloat-equal -Wsign-compare -fno-strict-aliasing
	cppflags:		  


        Maintainer mode:          no
        gcc coverage profiling:   no
        Building unit tests:      no
        Building assertions:      no
        Building checks:          yes
        Building Gtk-doc docs:    no
        Bash Completion:          no
        Using XML parser:         

make  all-recursive
make[1]: Entering directory '/tmp/src/dbus-glib-0.114'
Making all in dbus-gmain
make[2]: Entering directory '/tmp/src/dbus-glib-0.114/dbus-gmain'
  CC       dbus-gmain.lo
  CC       tests/util.lo
  CC       tests/test-thread-server.o
  CC       tests/test-thread-client.o
  CC       tests/30574.o
  CCLD     tests/libtest.la
  CCLD     libdbus-gmain.la
  CCLD     tests/test-30574
  CCLD     tests/test-thread-server
  CCLD     tests/test-thread-client
make[2]: Leaving directory '/tmp/src/dbus-glib-0.114/dbus-gmain'
Making all in dbus
make[2]: Entering directory '/tmp/src/dbus-glib-0.114/dbus'
Making all in .
make[3]: Entering directory '/tmp/src/dbus-glib-0.114/dbus'
  CC       dbus-binding-tool-glib.o
  CC       dbus-glib-tool.o
  CC       dbus-gutils.lo
  CC       dbus-gparser.lo
  CC       dbus-gtype-specialized.lo
  CC       dbus-glib.lo
  CC       dbus-gsignature.lo
  CC       dbus-gvalue-utils.lo
  CC       dbus-gobject.lo
  CC       dbus-gproxy.lo
  CC       dbus-gidl.lo
  CC       dbus-gmarshal.lo
  CC       dbus-gtest.lo
  CC       dbus-gvalue-parse-variant.lo
  CC       dbus-gvalue.lo
  CC       dbus-gloader-expat.lo
  CC       dbus-gthread.lo
cc: warning: \\\-DDBUS_LOCALEDIR="/usr/@DATADIRNAME@/locale: linker input file unused because linking not done
cc: error: \\\-DDBUS_LOCALEDIR="/usr/@DATADIRNAME@/locale: linker input file not found: No such file or directory
make[3]: *** [Makefile:999: dbus-gtest.lo] Error 1
make[3]: *** Waiting for unfinished jobs....
cc: warning: \\\-DDBUS_LOCALEDIR="/usr/@DATADIRNAME@/locale: linker input file unused because linking not done
cc: error: \\\-DDBUS_LOCALEDIR="/usr/@DATADIRNAME@/locale: linker input file not found: No such file or directory
make[3]: *** [Makefile:999: dbus-glib.lo] Error 1
cc: warning: \\\-DDBUS_LOCALEDIR="/usr/@DATADIRNAME@/locale: linker input file unused because linking not done
cc: error: \\\-DDBUS_LOCALEDIR="/usr/@DATADIRNAME@/locale: linker input file not found: No such file or directory
make[3]: *** [Makefile:999: dbus-gtype-specialized.lo] Error 1
cc: warning: \\\-DDBUS_LOCALEDIR="/usr/@DATADIRNAME@/locale: linker input file unused because linking not done
cc: error: \\\-DDBUS_LOCALEDIR="/usr/@DATADIRNAME@/locale: linker input file not found: No such file or directory
make[3]: *** [Makefile:999: dbus-gutils.lo] Error 1
cc: warning: \\\-DDBUS_LOCALEDIR="/usr/@DATADIRNAME@/locale: linker input file unused because linking not done
cc: error: \\\-DDBUS_LOCALEDIR="/usr/@DATADIRNAME@/locale: linker input file not found: No such file or directory
make[3]: *** [Makefile:999: dbus-gvalue-parse-variant.lo] Error 1
cc: warning: \\\-DDBUS_LOCALEDIR="/usr/@DATADIRNAME@/locale: linker input file unused because linking not done
cc: error: \\\-DDBUS_LOCALEDIR="/usr/@DATADIRNAME@/locale: linker input file not found: No such file or directory
make[3]: *** [Makefile:999: dbus-gmarshal.lo] Error 1
cc: warning: \\\-DDBUS_LOCALEDIR="/usr/@DATADIRNAME@/locale: linker input file unused because linking not done
cc: error: \\\-DDBUS_LOCALEDIR="/usr/@DATADIRNAME@/locale: linker input file not found: No such file or directory
make[3]: *** [Makefile:999: dbus-gthread.lo] Error 1
cc: warning: \\\-DDBUS_LOCALEDIR="/usr/@DATADIRNAME@/locale: linker input file unused because linking not done
cc: error: \\\-DDBUS_LOCALEDIR="/usr/@DATADIRNAME@/locale: linker input file not found: No such file or directory
make[3]: *** [Makefile:999: dbus-gsignature.lo] Error 1
cc: warning: \\\-DDBUS_LOCALEDIR="/usr/@DATADIRNAME@/locale: linker input file unused because linking not done
cc: error: \\\-DDBUS_LOCALEDIR="/usr/@DATADIRNAME@/locale: linker input file not found: No such file or directory
make[3]: *** [Makefile:999: dbus-gvalue.lo] Error 1
cc: warning: \\\-DDBUS_LOCALEDIR="/usr/@DATADIRNAME@/locale: linker input file unused because linking not done
cc: error: \\\-DDBUS_LOCALEDIR="/usr/@DATADIRNAME@/locale: linker input file not found: No such file or directory
cc: warning: \\\-DDBUS_LOCALEDIR="/usr/@DATADIRNAME@/locale: linker input file unused because linking not done
cc: error: \\\-DDBUS_LOCALEDIR="/usr/@DATADIRNAME@/locale: linker input file not found: No such file or directory
make[3]: *** [Makefile:999: dbus-gvalue-utils.lo] Error 1
cc: warning: \\\-DDBUS_LOCALEDIR="/usr/@DATADIRNAME@/locale: linker input file unused because linking not done
cc: error: \\\-DDBUS_LOCALEDIR="/usr/@DATADIRNAME@/locale: linker input file not found: No such file or directory
make[3]: *** [Makefile:999: dbus-gidl.lo] Error 1
make[3]: *** [Makefile:999: dbus-gloader-expat.lo] Error 1
cc: warning: \\\-DDBUS_LOCALEDIR="/usr/@DATADIRNAME@/locale: linker input file unused because linking not done
cc: error: \\\-DDBUS_LOCALEDIR="/usr/@DATADIRNAME@/locale: linker input file not found: No such file or directory
make[3]: *** [Makefile:999: dbus-gparser.lo] Error 1
cc: warning: \\\-DDBUS_LOCALEDIR="/usr/@DATADIRNAME@/locale: linker input file unused because linking not done
cc: error: \\\-DDBUS_LOCALEDIR="/usr/@DATADIRNAME@/locale: linker input file not found: No such file or directory
make[3]: *** [Makefile:999: dbus-gobject.lo] Error 1
cc: warning: \\\-DDBUS_LOCALEDIR="/usr/@DATADIRNAME@/locale: linker input file unused because linking not done
cc: error: \\\-DDBUS_LOCALEDIR="/usr/@DATADIRNAME@/locale: linker input file not found: No such file or directory
make[3]: *** [Makefile:999: dbus-gproxy.lo] Error 1
make[3]: Leaving directory '/tmp/src/dbus-glib-0.114/dbus'
make[2]: *** [Makefile:1040: all-recursive] Error 1
make[2]: Leaving directory '/tmp/src/dbus-glib-0.114/dbus'
make[1]: *** [Makefile:545: all-recursive] Error 1
make[1]: Leaving directory '/tmp/src/dbus-glib-0.114'
make: *** [Makefile:445: all] Error 2
>>> ERROR: dbus-glib: build failed
>>> ERROR: dbus-glib: rootbld failed
>>> dbus-glib: Cleaning up build chroot
