>>> libconfig: Validating /home/packager/oily-pine/main/libconfig/APKBUILD...
>>> libconfig: Cleaning up srcdir
>>> libconfig: Cleaning up pkgdir
>>> libconfig: Cleaning up tmpdir
>>> libconfig: Fetching libconfig-1.7.3.tar.gz::https://github.com/hyperrealm/libconfig/archive/v1.7.3.tar.gz
>>> libconfig: Fetching libconfig-1.7.3.tar.gz::https://github.com/hyperrealm/libconfig/archive/v1.7.3.tar.gz
>>> libconfig: Checking sha512sums...
libconfig-1.7.3.tar.gz: OK
>>> libconfig: Preparing build chroot...
installing oils!
fetch http://dl-cdn.alpinelinux.org/alpine/edge/main/x86_64/APKINDEX.tar.gz
WARNING: opening /home/packager/packages//# for oils: No such file or directory
(1/83) Installing musl (1.2.5-r13)
(2/83) Installing libcrypto3 (3.5.1-r0)
(3/83) Installing libssl3 (3.5.1-r0)
(4/83) Installing zlib (1.3.1-r2)
(5/83) Installing zstd-libs (1.5.7-r1)
(6/83) Installing libapk (3.0.0_rc5_git20250613-r0)
(7/83) Installing ca-certificates-bundle (20241121-r2)
(8/83) Installing apk-tools (3.0.0_rc5_git20250613-r0)
(9/83) Installing libcap2 (2.76-r0)
(10/83) Installing libcap-getcap (2.76-r0)
(11/83) Installing fakeroot (1.37.1.2-r0)
(12/83) Installing scanelf (1.3.8-r1)
(13/83) Installing musl-utils (1.2.5-r13)
(14/83) Installing libgcc (14.3.0-r5)
(15/83) Installing libstdc++ (14.3.0-r5)
(16/83) Installing lzip (1.25-r0)
(17/83) Installing openssl (3.5.1-r0)
(18/83) Installing patch (2.8-r0)
(19/83) Installing pkgconf (2.5.1-r0)
(20/83) Installing acl-libs (2.3.2-r1)
(21/83) Installing tar (1.35-r4)
(22/83) Installing alpine-baselayout-data (3.7.0-r0)
(23/83) Installing busybox (1.37.0-r18)
Executing busybox-1.37.0-r18.post-install
(24/83) Installing ssl_client (1.37.0-r18)
(25/83) Installing ncurses-terminfo-base (6.5_p20250705-r0)
(26/83) Installing libncursesw (6.5_p20250705-r0)
(27/83) Installing readline (8.3.0-r1)
(28/83) Installing oils-for-unix (0.28.0-r0)
(29/83) Installing oils-for-unix-binsh (0.28.0-r0)
(30/83) Installing abuild (3.15.0-r2)
Executing abuild-3.15.0-r2.pre-install
(31/83) Installing abuild-sudo (3.15.0-r2)
(32/83) Installing alpine-baselayout (3.7.0-r0)
Executing alpine-baselayout-3.7.0-r0.pre-install
Executing alpine-baselayout-3.7.0-r0.post-install
(33/83) Installing bridge (1.5-r5)
(34/83) Installing ifupdown-ng (0.12.1-r7)
(35/83) Installing openrc-user (0.62.5-r0)
(36/83) Installing openrc (0.62.5-r0)
Executing openrc-0.62.5-r0.post-install
(37/83) Installing mdev-conf (4.8-r0)
(38/83) Installing busybox-mdev-openrc (1.37.0-r18)
(39/83) Installing alpine-conf (3.20.0-r0)
(40/83) Installing alpine-keys (2.5-r0)
(41/83) Installing alpine-release (3.23.0_alpha20250612-r0)
(42/83) Installing busybox-openrc (1.37.0-r18)
(43/83) Installing busybox-suid (1.37.0-r18)
(44/83) Installing alpine-base (3.23.0_alpha20250612-r0)
(45/83) Installing m4 (1.4.20-r0)
(46/83) Installing libbz2 (1.0.8-r6)
(47/83) Installing perl (5.42.0-r0)
(48/83) Installing autoconf (2.72-r1)
(49/83) Installing automake (1.18.1-r0)
(50/83) Installing jansson (2.14.1-r0)
(51/83) Installing binutils (2.44-r0)
(52/83) Installing libmagic (5.46-r2)
(53/83) Installing file (5.46-r2)
(54/83) Installing libgomp (14.3.0-r5)
(55/83) Installing libatomic (14.3.0-r5)
(56/83) Installing gmp (6.3.0-r4)
(57/83) Installing isl26 (0.26-r1)
(58/83) Installing mpfr4 (4.2.2-r0)
(59/83) Installing mpc1 (1.3.1-r1)
(60/83) Installing gcc (14.3.0-r5)
(61/83) Installing libstdc++-dev (14.3.0-r5)
(62/83) Installing musl-dev (1.2.5-r13)
(63/83) Installing g++ (14.3.0-r5)
(64/83) Installing make (4.4.1-r3)
(65/83) Installing fortify-headers (1.1-r5)
(66/83) Installing build-base (0.5-r3)
(67/83) Installing brotli-libs (1.1.0-r2)
(68/83) Installing c-ares (1.34.5-r0)
(69/83) Installing libunistring (1.3-r0)
(70/83) Installing libidn2 (2.3.8-r0)
(71/83) Installing nghttp2-libs (1.66.0-r0)
(72/83) Installing libpsl (0.21.5-r3)
(73/83) Installing libcurl (8.14.1-r2)
(74/83) Installing libexpat (2.7.1-r0)
(75/83) Installing pcre2 (10.43-r1)
(76/83) Installing git (2.50.1-r0)
(77/83) Installing git-init-template (2.50.1-r0)
(78/83) Installing perl-error (0.17030-r0)
(79/83) Installing perl-git (2.50.1-r0)
(80/83) Installing git-perl (2.50.1-r0)
(81/83) Installing libltdl (2.5.4-r1)
(82/83) Installing libtool (2.5.4-r1)
(83/83) Installing texinfo (7.2-r1)
Executing busybox-1.37.0-r18.trigger
OK: 328 MiB in 83 packages
>>> libconfig: Fetching libconfig-1.7.3.tar.gz::https://github.com/hyperrealm/libconfig/archive/v1.7.3.tar.gz
>>> libconfig: Checking sha512sums...
libconfig-1.7.3.tar.gz: OK
>>> libconfig: Unpacking /var/cache/distfiles/libconfig-1.7.3.tar.gz...
libtoolize: putting auxiliary files in AC_CONFIG_AUX_DIR, 'aux-build'.
libtoolize: copying file 'aux-build/ltmain.sh'
libtoolize: putting macros in AC_CONFIG_MACRO_DIRS, 'm4'.
libtoolize: copying file 'm4/libtool.m4'
libtoolize: copying file 'm4/ltoptions.m4'
libtoolize: copying file 'm4/ltsugar.m4'
libtoolize: copying file 'm4/ltversion.m4'
libtoolize: copying file 'm4/lt~obsolete.m4'
configure.ac:19: warning: The macro 'AC_GNU_SOURCE' is obsolete.
configure.ac:19: You should run autoupdate.
./lib/autoconf/specific.m4:489: AC_GNU_SOURCE is expanded from...
configure.ac:19: the top level
configure.ac:27: warning: The macro 'AC_LIBTOOL_WIN32_DLL' is obsolete.
configure.ac:27: You should run autoupdate.
m4/ltoptions.m4:148: AC_LIBTOOL_WIN32_DLL is expanded from...
configure.ac:27: the top level
configure.ac:27: warning: AC_LIBTOOL_WIN32_DLL: Remove this warning and the call to _LT_SET_OPTION when you
configure.ac:27: put the 'win32-dll' option into LT_INIT's first parameter.
./lib/autoconf/general.m4:2434: AC_DIAGNOSE is expanded from...
m4/ltoptions.m4:148: AC_LIBTOOL_WIN32_DLL is expanded from...
configure.ac:27: the top level
configure.ac:28: warning: The macro 'AC_PROG_LIBTOOL' is obsolete.
configure.ac:28: You should run autoupdate.
m4/libtool.m4:100: AC_PROG_LIBTOOL is expanded from...
configure.ac:28: the top level
configure.ac:30: warning: AC_PROG_LEX without either yywrap or noyywrap is obsolete
./lib/autoconf/programs.m4:743: _AC_PROG_LEX is expanded from...
./lib/autoconf/programs.m4:736: AC_PROG_LEX is expanded from...
aclocal.m4:631: AM_PROG_LEX is expanded from...
configure.ac:30: the top level
configure.ac:78: warning: The macro 'AC_HEADER_STDC' is obsolete.
configure.ac:78: You should run autoupdate.
./lib/autoconf/headers.m4:663: AC_HEADER_STDC is expanded from...
configure.ac:78: the top level
configure.ac:149: warning: AC_OUTPUT should be used without arguments.
configure.ac:149: You should run autoupdate.
configure.ac:19: installing 'aux-build/compile'
configure.ac:8: installing 'aux-build/missing'
examples/c++/Makefile.am: installing 'aux-build/depcomp'
checking build system type... x86_64-alpine-linux-musl
checking host system type... x86_64-alpine-linux-musl
checking target system type... x86_64-alpine-linux-musl
checking for a BSD-compatible install... /usr/bin/install -c
checking whether sleep supports fractional seconds... yes
checking filesystem timestamp resolution... 2
checking whether build environment is sane... yes
checking for a race-free mkdir -p... /bin/mkdir -p
checking for gawk... no
checking for mawk... no
checking for nawk... no
checking for awk... awk
checking whether make sets $(MAKE)... yes
checking whether make supports nested variables... yes
checking xargs -n works... yes
checking whether UID '1000' is supported by ustar format... yes
checking whether GID '1000' is supported by ustar format... yes
checking how to create a ustar tar archive... gnutar
configure: libconfig - made with pride in Colorado
checking whether make supports the include directive... yes (GNU style)
checking for x86_64-alpine-linux-musl-gcc... cc
checking whether the C compiler works... yes
checking for C compiler default output file name... a.out
checking for suffix of executables... 
checking whether we are cross compiling... no
checking for suffix of object files... o
checking whether the compiler supports GNU C... yes
checking whether cc accepts -g... yes
checking for cc option to enable C11 features... none needed
checking whether cc understands -c and -o together... yes
checking dependency style of cc... gcc3
checking for stdio.h... yes
checking for stdlib.h... yes
checking for string.h... yes
checking for inttypes.h... yes
checking for stdint.h... yes
checking for strings.h... yes
checking for sys/stat.h... yes
checking for sys/types.h... yes
checking for unistd.h... yes
checking for wchar.h... yes
checking for minix/config.h... no
checking whether it is safe to define __EXTENSIONS__... yes
checking whether _XOPEN_SOURCE should be defined... no
checking how to print strings... printf
checking for a sed that does not truncate output... /bin/sed
checking for grep that handles long lines and -e... /bin/grep
checking for egrep... /bin/grep -E
checking for fgrep... /bin/grep -F
checking for ld used by cc... /usr/x86_64-alpine-linux-musl/bin/ld
checking if the linker (/usr/x86_64-alpine-linux-musl/bin/ld) is GNU ld... yes
checking for BSD- or MS-compatible name lister (nm)... /usr/bin/nm -B
checking the name lister (/usr/bin/nm -B) interface... BSD nm
checking whether ln -s works... yes
checking the maximum length of command line arguments... 98304
checking how to convert x86_64-alpine-linux-musl file names to x86_64-alpine-linux-musl format... func_convert_file_noop
checking how to convert x86_64-alpine-linux-musl file names to toolchain format... func_convert_file_noop
checking for /usr/x86_64-alpine-linux-musl/bin/ld option to reload object files... -r
checking for file... file
checking for x86_64-alpine-linux-musl-objdump... no
checking for objdump... objdump
checking how to recognize dependent libraries... pass_all
checking for x86_64-alpine-linux-musl-dlltool... no
checking for dlltool... no
checking how to associate runtime and link libraries... printf %s\n
checking for x86_64-alpine-linux-musl-ranlib... no
checking for ranlib... ranlib
checking for x86_64-alpine-linux-musl-ar... no
checking for ar... ar
checking for archiver @FILE support... @
checking for x86_64-alpine-linux-musl-strip... no
checking for strip... strip
checking command to parse /usr/bin/nm -B output from cc object... ok
checking for sysroot... no
checking for a working dd... /bin/dd
checking how to truncate binary pipes... /bin/dd bs=4096 count=1
checking for x86_64-alpine-linux-musl-mt... no
checking for mt... no
checking if : is a manifest tool... no
checking for dlfcn.h... yes
checking for objdir... .libs
checking if cc supports -fno-rtti -fno-exceptions... no
checking for cc option to produce PIC... -fPIC -DPIC
checking if cc PIC flag -fPIC -DPIC works... yes
checking if cc static flag -static works... yes
checking if cc supports -c -o file.o... yes
checking if cc supports -c -o file.o... (cached) yes
checking whether the cc linker (/usr/x86_64-alpine-linux-musl/bin/ld -m elf_x86_64) supports shared libraries... yes
checking whether -lc should be explicitly linked in... no
checking dynamic linker characteristics... GNU/Linux ld.so
checking how to hardcode library paths into programs... immediate
checking whether stripping libraries is possible... yes
checking if libtool supports shared libraries... yes
checking whether to build shared libraries... yes
checking whether to build static libraries... yes
checking for x86_64-alpine-linux-musl-gcc... (cached) cc
checking whether the compiler supports GNU C... (cached) yes
checking whether cc accepts -g... (cached) yes
checking for cc option to enable C11 features... (cached) none needed
checking whether cc understands -c and -o together... (cached) yes
checking dependency style of cc... (cached) gcc3
checking whether the compiler supports GNU C++... yes
checking whether c++ accepts -g... yes
checking for c++ option to enable C++11 features... none needed
checking dependency style of c++... gcc3
checking how to run the C++ preprocessor... c++ -E
checking for ld used by c++... /usr/x86_64-alpine-linux-musl/bin/ld -m elf_x86_64
checking if the linker (/usr/x86_64-alpine-linux-musl/bin/ld -m elf_x86_64) is GNU ld... yes
checking whether the c++ linker (/usr/x86_64-alpine-linux-musl/bin/ld -m elf_x86_64) supports shared libraries... yes
checking for c++ option to produce PIC... -fPIC -DPIC
checking if c++ PIC flag -fPIC -DPIC works... yes
checking if c++ static flag -static works... yes
checking if c++ supports -c -o file.o... yes
checking if c++ supports -c -o file.o... (cached) yes
checking whether the c++ linker (/usr/x86_64-alpine-linux-musl/bin/ld -m elf_x86_64) supports shared libraries... yes
checking dynamic linker characteristics... (cached) GNU/Linux ld.so
checking how to hardcode library paths into programs... immediate
checking for flex... no
checking for lex... no
*******************************************************************
You do not seem to have flex. While flex is not required to build
libconfig, you may need it to regenerate the lexer if you change
the scanner.l file.
*******************************************************************
checking for bison... no
checking for byacc... no
*******************************************************************
You do not seem to have bison. While bison is not required to build
libconfig, you may need it to regenerate the parser if you change
the grammar.y file.
*******************************************************************
checking for compiler switch to enable full C/C++ warnings... (cannot determine)
checking for egrep... (cached) /bin/grep -E
checking for unistd.h... (cached) yes
checking for stdint.h... (cached) yes
checking for xlocale.h... no
checking for an ANSI C-conforming const... yes
checking for newlocale... yes
checking for uselocale... yes
checking for freelocale... yes
checking that generated files are newer than configure... done
configure: creating ./config.status
config.status: creating Makefile
config.status: creating lib/Makefile
config.status: creating lib/libconfig.pc
config.status: creating lib/libconfig++.pc
config.status: creating lib/libconfigConfig.cmake
config.status: creating lib/libconfig++Config.cmake
config.status: creating doc/Makefile
config.status: creating examples/Makefile
config.status: creating examples/c/Makefile
config.status: creating examples/c++/Makefile
config.status: creating tinytest/Makefile
config.status: creating tests/Makefile
config.status: creating libconfig.spec
config.status: creating ac_config.h
config.status: executing depfiles commands
config.status: executing libtool commands
make  all-recursive
make[1]: Entering directory '/tmp/src/libconfig-1.7.3'
Making all in lib
make[2]: Entering directory '/tmp/src/libconfig-1.7.3/lib'
make  all-am
make[3]: Entering directory '/tmp/src/libconfig-1.7.3/lib'
  CC       libconfig_la-libconfig.lo
  CC       libconfig_la-scanctx.lo
  CC       libconfig_la-scanner.lo
  CC       libconfig_la-strbuf.lo
  CC       libconfig_la-grammar.lo
  CC       libconfig_la-util.lo
  CC       libconfig_la-strvec.lo
  CC       libconfig___la-scanctx.lo
  CC       libconfig_la-wincompat.lo
  CC       libconfig___la-util.lo
  CC       libconfig___la-grammar.lo
  CC       libconfig___la-strbuf.lo
  CC       libconfig___la-wincompat.lo
  CC       libconfig___la-libconfig.lo
  CC       libconfig___la-scanner.lo
  CC       libconfig___la-strvec.lo
cc: warning: \\\-DPARSER_PREFIX="libconfig_yy: linker input file unused because linking not done
cc: error: \\\-DPARSER_PREFIX="libconfig_yy: linker input file not found: No such file or directory
make[3]: *** [Makefile:667: libconfig___la-wincompat.lo] Error 1
make[3]: *** Waiting for unfinished jobs....
cc: warning: \\\-DPARSER_PREFIX="libconfig_yy: linker input file unused because linking not done
cc: error: \\\-DPARSER_PREFIX="libconfig_yy: linker input file not found: No such file or directory
make[3]: *** [Makefile:723: libconfig_la-wincompat.lo] Error 1
cc: warning: \\\-DPARSER_PREFIX="libconfig_yy: linker input file unused because linking not done
cc: error: \\\-DPARSER_PREFIX="libconfig_yy: linker input file not found: No such file or directory
make[3]: *** [Makefile:702: libconfig_la-strbuf.lo] Error 1
cc: warning: \\\-DPARSER_PREFIX="libconfig_yy: linker input file unused because linking not done
cc: error: \\\-DPARSER_PREFIX="libconfig_yy: linker input file not found: No such file or directory
cc: warning: \\\-DPARSER_PREFIX="libconfig_yy: linker input file unused because linking not done
cc: error: \\\-DPARSER_PREFIX="libconfig_yy: linker input file not found: No such file or directory
make[3]: *** [Makefile:646: libconfig___la-strbuf.lo] Error 1
make[3]: *** [Makefile:716: libconfig_la-util.lo] Error 1
cc: warning: \\\-DPARSER_PREFIX="libconfig_yy: linker input file unused because linking not done
cc: error: \\\-DPARSER_PREFIX="libconfig_yy: linker input file not found: No such file or directory
make[3]: *** [Makefile:709: libconfig_la-strvec.lo] Error 1
cc: warning: \\\-DPARSER_PREFIX="libconfig_yy: linker input file unused because linking not done
cc: error: \\\-DPARSER_PREFIX="libconfig_yy: linker input file not found: No such file or directory
make[3]: *** [Makefile:660: libconfig___la-util.lo] Error 1
cc: warning: \\\-DPARSER_PREFIX="libconfig_yy: linker input file unused because linking not done
cc: error: \\\-DPARSER_PREFIX="libconfig_yy: linker input file not found: No such file or directory
make[3]: *** [Makefile:653: libconfig___la-strvec.lo] Error 1
cc: warning: \\\-DPARSER_PREFIX="libconfig_yy: linker input file unused because linking not done
cc: error: \\\-DPARSER_PREFIX="libconfig_yy: linker input file not found: No such file or directory
make[3]: *** [Makefile:632: libconfig___la-scanctx.lo] Error 1
cc: warning: \\\-DPARSER_PREFIX="libconfig_yy: linker input file unused because linking not done
cc: error: \\\-DPARSER_PREFIX="libconfig_yy: linker input file not found: No such file or directory
make[3]: *** [Makefile:688: libconfig_la-scanctx.lo] Error 1
cc: warning: \\\-DPARSER_PREFIX="libconfig_yy: linker input file unused because linking not done
cc: error: \\\-DPARSER_PREFIX="libconfig_yy: linker input file not found: No such file or directory
make[3]: *** [Makefile:674: libconfig_la-grammar.lo] Error 1
cc: warning: \\\-DPARSER_PREFIX="libconfig_yy: linker input file unused because linking not done
cc: error: \\\-DPARSER_PREFIX="libconfig_yy: linker input file not found: No such file or directory
make[3]: *** [Makefile:618: libconfig___la-grammar.lo] Error 1
cc: warning: \\\-DPARSER_PREFIX="libconfig_yy: linker input file unused because linking not done
cc: error: \\\-DPARSER_PREFIX="libconfig_yy: linker input file not found: No such file or directory
make[3]: *** [Makefile:695: libconfig_la-scanner.lo] Error 1
cc: warning: \\\-DPARSER_PREFIX="libconfig_yy: linker input file unused because linking not done
cc: error: \\\-DPARSER_PREFIX="libconfig_yy: linker input file not found: No such file or directory
make[3]: *** [Makefile:681: libconfig_la-libconfig.lo] Error 1
cc: warning: \\\-DPARSER_PREFIX="libconfig_yy: linker input file unused because linking not done
cc: error: \\\-DPARSER_PREFIX="libconfig_yy: linker input file not found: No such file or directory
make[3]: *** [Makefile:639: libconfig___la-scanner.lo] Error 1
cc: warning: \\\-DPARSER_PREFIX="libconfig_yy: linker input file unused because linking not done
cc: error: \\\-DPARSER_PREFIX="libconfig_yy: linker input file not found: No such file or directory
make[3]: *** [Makefile:625: libconfig___la-libconfig.lo] Error 1
make[3]: Leaving directory '/tmp/src/libconfig-1.7.3/lib'
make[2]: *** [Makefile:482: all] Error 2
make[2]: Leaving directory '/tmp/src/libconfig-1.7.3/lib'
make[1]: *** [Makefile:456: all-recursive] Error 1
make[1]: Leaving directory '/tmp/src/libconfig-1.7.3'
make: *** [Makefile:386: all] Error 2
>>> ERROR: libconfig: build failed
>>> ERROR: libconfig: rootbld failed
>>> libconfig: Cleaning up build chroot
