>>> libwebp: Validating /home/packager/oily-pine/main/libwebp/APKBUILD...
>>> libwebp: Cleaning up srcdir
>>> libwebp: Cleaning up pkgdir
>>> libwebp: Cleaning up tmpdir
>>> libwebp: Fetching https://storage.googleapis.com/downloads.webmproject.org/releases/webp/libwebp-1.5.0.tar.gz
>>> libwebp: Fetching https://storage.googleapis.com/downloads.webmproject.org/releases/webp/libwebp-1.5.0.tar.gz
>>> libwebp: Checking sha512sums...
libwebp-1.5.0.tar.gz: OK
>>> libwebp: Preparing build chroot...
installing oils!
fetch http://dl-cdn.alpinelinux.org/alpine/edge/main/x86_64/APKINDEX.tar.gz
WARNING: opening /home/packager/packages//# for oils: No such file or directory
(1/80) Installing musl (1.2.5-r13)
(2/80) Installing libcrypto3 (3.5.1-r0)
(3/80) Installing libssl3 (3.5.1-r0)
(4/80) Installing zlib (1.3.1-r2)
(5/80) Installing zstd-libs (1.5.7-r1)
(6/80) Installing libapk (3.0.0_rc5_git20250613-r0)
(7/80) Installing ca-certificates-bundle (20241121-r2)
(8/80) Installing apk-tools (3.0.0_rc5_git20250613-r0)
(9/80) Installing libcap2 (2.76-r0)
(10/80) Installing libcap-getcap (2.76-r0)
(11/80) Installing fakeroot (1.37.1.2-r0)
(12/80) Installing scanelf (1.3.8-r1)
(13/80) Installing musl-utils (1.2.5-r13)
(14/80) Installing libgcc (14.3.0-r5)
(15/80) Installing libstdc++ (14.3.0-r5)
(16/80) Installing lzip (1.25-r0)
(17/80) Installing openssl (3.5.1-r0)
(18/80) Installing patch (2.8-r0)
(19/80) Installing pkgconf (2.5.1-r0)
(20/80) Installing acl-libs (2.3.2-r1)
(21/80) Installing tar (1.35-r4)
(22/80) Installing alpine-baselayout-data (3.7.0-r0)
(23/80) Installing busybox (1.37.0-r18)
Executing busybox-1.37.0-r18.post-install
(24/80) Installing ssl_client (1.37.0-r18)
(25/80) Installing ncurses-terminfo-base (6.5_p20250705-r0)
(26/80) Installing libncursesw (6.5_p20250705-r0)
(27/80) Installing readline (8.3.0-r1)
(28/80) Installing oils-for-unix (0.28.0-r0)
(29/80) Installing oils-for-unix-binsh (0.28.0-r0)
(30/80) Installing abuild (3.15.0-r2)
Executing abuild-3.15.0-r2.pre-install
(31/80) Installing abuild-sudo (3.15.0-r2)
(32/80) Installing alpine-baselayout (3.7.0-r0)
Executing alpine-baselayout-3.7.0-r0.pre-install
Executing alpine-baselayout-3.7.0-r0.post-install
(33/80) Installing bridge (1.5-r5)
(34/80) Installing ifupdown-ng (0.12.1-r7)
(35/80) Installing openrc-user (0.62.5-r0)
(36/80) Installing openrc (0.62.5-r0)
Executing openrc-0.62.5-r0.post-install
(37/80) Installing mdev-conf (4.8-r0)
(38/80) Installing busybox-mdev-openrc (1.37.0-r18)
(39/80) Installing alpine-conf (3.20.0-r0)
(40/80) Installing alpine-keys (2.5-r0)
(41/80) Installing alpine-release (3.23.0_alpha20250612-r0)
(42/80) Installing busybox-openrc (1.37.0-r18)
(43/80) Installing busybox-suid (1.37.0-r18)
(44/80) Installing alpine-base (3.23.0_alpha20250612-r0)
(45/80) Installing jansson (2.14.1-r0)
(46/80) Installing binutils (2.44-r0)
(47/80) Installing libmagic (5.46-r2)
(48/80) Installing file (5.46-r2)
(49/80) Installing libgomp (14.3.0-r5)
(50/80) Installing libatomic (14.3.0-r5)
(51/80) Installing gmp (6.3.0-r4)
(52/80) Installing isl26 (0.26-r1)
(53/80) Installing mpfr4 (4.2.2-r0)
(54/80) Installing mpc1 (1.3.1-r1)
(55/80) Installing gcc (14.3.0-r5)
(56/80) Installing libstdc++-dev (14.3.0-r5)
(57/80) Installing musl-dev (1.2.5-r13)
(58/80) Installing g++ (14.3.0-r5)
(59/80) Installing make (4.4.1-r3)
(60/80) Installing fortify-headers (1.1-r5)
(61/80) Installing build-base (0.5-r3)
(62/80) Installing giflib (5.2.2-r1)
(63/80) Installing giflib-dev (5.2.2-r1)
(64/80) Installing brotli-libs (1.1.0-r2)
(65/80) Installing c-ares (1.34.5-r0)
(66/80) Installing libunistring (1.3-r0)
(67/80) Installing libidn2 (2.3.8-r0)
(68/80) Installing nghttp2-libs (1.66.0-r0)
(69/80) Installing libpsl (0.21.5-r3)
(70/80) Installing libcurl (8.14.1-r2)
(71/80) Installing libexpat (2.7.1-r0)
(72/80) Installing pcre2 (10.43-r1)
(73/80) Installing git (2.50.0-r1)
(74/80) Installing git-init-template (2.50.0-r1)
(75/80) Installing libjpeg-turbo (3.1.1-r0)
(76/80) Installing libturbojpeg (3.1.1-r0)
(77/80) Installing libjpeg-turbo-dev (3.1.1-r0)
(78/80) Installing libpng (1.6.49-r0)
(79/80) Installing zlib-dev (1.3.1-r2)
(80/80) Installing libpng-dev (1.6.49-r0)
Executing busybox-1.37.0-r18.trigger
OK: 277 MiB in 80 packages
>>> libwebp: Fetching https://storage.googleapis.com/downloads.webmproject.org/releases/webp/libwebp-1.5.0.tar.gz
>>> libwebp: Checking sha512sums...
libwebp-1.5.0.tar.gz: OK
>>> libwebp: Unpacking /var/cache/distfiles/libwebp-1.5.0.tar.gz...
checking build system type... x86_64-alpine-linux-musl
checking host system type... x86_64-alpine-linux-musl
checking for a BSD-compatible install... /usr/bin/install -c
checking whether build environment is sane... yes
checking for a race-free mkdir -p... ./install-sh -c -d
checking for gawk... no
checking for mawk... no
checking for nawk... no
checking for awk... awk
checking whether make sets $(MAKE)... yes
checking whether make supports nested variables... yes
checking whether make supports the include directive... yes (GNU style)
checking for x86_64-alpine-linux-musl-gcc... cc
checking whether the C compiler works... yes
checking for C compiler default output file name... a.out
checking for suffix of executables... 
checking whether we are cross compiling... no
checking for suffix of object files... o
checking whether the compiler supports GNU C... yes
checking whether cc accepts -g... yes
checking for cc option to enable C11 features... none needed
checking whether cc understands -c and -o together... yes
checking dependency style of cc... gcc3
checking for x86_64-alpine-linux-musl-ar... no
checking for x86_64-alpine-linux-musl-lib... no
checking for x86_64-alpine-linux-musl-link... no
checking for ar... ar
checking the archiver (ar) interface... ar
checking how to print strings... printf
checking for a sed that does not truncate output... /bin/sed
checking for grep that handles long lines and -e... /bin/grep
checking for egrep... /bin/grep -E
checking for fgrep... /bin/grep -F
checking for ld used by cc... /usr/x86_64-alpine-linux-musl/bin/ld
checking if the linker (/usr/x86_64-alpine-linux-musl/bin/ld) is GNU ld... yes
checking for BSD- or MS-compatible name lister (nm)... /usr/bin/nm -B
checking the name lister (/usr/bin/nm -B) interface... BSD nm
checking whether ln -s works... yes
checking the maximum length of command line arguments... 98304
checking how to convert x86_64-alpine-linux-musl file names to x86_64-alpine-linux-musl format... func_convert_file_noop
checking how to convert x86_64-alpine-linux-musl file names to toolchain format... func_convert_file_noop
checking for /usr/x86_64-alpine-linux-musl/bin/ld option to reload object files... -r
checking for x86_64-alpine-linux-musl-file... no
checking for file... file
checking for x86_64-alpine-linux-musl-objdump... no
checking for objdump... objdump
checking how to recognize dependent libraries... pass_all
checking for x86_64-alpine-linux-musl-dlltool... no
checking for dlltool... no
checking how to associate runtime and link libraries... printf %s\n
checking for x86_64-alpine-linux-musl-ar... ar
checking for archiver @FILE support... @
checking for x86_64-alpine-linux-musl-strip... no
checking for strip... strip
checking for x86_64-alpine-linux-musl-ranlib... no
checking for ranlib... ranlib
checking command to parse /usr/bin/nm -B output from cc object... ok
checking for sysroot... no
checking for a working dd... /bin/dd
checking how to truncate binary pipes... /bin/dd bs=4096 count=1
checking for x86_64-alpine-linux-musl-mt... no
checking for mt... no
checking if : is a manifest tool... no
checking for stdio.h... yes
checking for stdlib.h... yes
checking for string.h... yes
checking for inttypes.h... yes
checking for stdint.h... yes
checking for strings.h... yes
checking for sys/stat.h... yes
checking for sys/types.h... yes
checking for unistd.h... yes
checking for dlfcn.h... yes
checking for objdir... .libs
checking if cc supports -fno-rtti -fno-exceptions... no
checking for cc option to produce PIC... -fPIC -DPIC
checking if cc PIC flag -fPIC -DPIC works... yes
checking if cc static flag -static works... yes
checking if cc supports -c -o file.o... yes
checking if cc supports -c -o file.o... (cached) yes
checking whether the cc linker (/usr/x86_64-alpine-linux-musl/bin/ld -m elf_x86_64) supports shared libraries... yes
checking whether -lc should be explicitly linked in... no
checking dynamic linker characteristics... GNU/Linux ld.so
checking how to hardcode library paths into programs... immediate
checking whether stripping libraries is possible... yes
checking if libtool supports shared libraries... yes
checking whether to build shared libraries... yes
checking whether to build static libraries... yes
checking for a sed that does not truncate output... (cached) /bin/sed
checking whether make supports nested variables... (cached) yes
checking whether byte ordering is bigendian... no
checking whether libwebpmux is to be built... yes
checking whether libwebpdemux is to be built... yes
checking whether decoder library is to be built... yes
checking whether libwebpextras is to be built... no
checking whether asserts are enabled... no
checking whether cc supports -fvisibility=hidden... yes
checking whether cc supports -Wall... yes
checking whether cc supports -Wconstant-conversion... no
checking whether cc supports -Wdeclaration-after-statement... yes
checking whether cc supports -Wextra... yes
checking whether cc supports -Wextra-semi-stmt... no
checking whether cc supports -Wfloat-conversion... yes
checking whether cc supports -Wformat -Wformat-nonliteral... yes
checking whether cc supports -Wformat -Wformat-security... yes
checking whether cc supports -Wmissing-declarations... yes
checking whether cc supports -Wmissing-prototypes... yes
checking whether cc supports -Wold-style-definition... yes
checking whether cc supports -Wparentheses-equality... no
checking whether cc supports -Wshadow... yes
checking whether cc supports -Wshorten-64-to-32... no
checking whether cc supports -Wstrict-prototypes... yes
checking whether cc supports -Wundef... yes
checking whether cc supports -Wunreachable-code-aggressive... no
checking whether cc supports -Wunreachable-code... yes
checking whether cc supports -Wunused-but-set-variable... yes
checking whether cc supports -Wunused... yes
checking whether cc supports -Wvla... yes
checking whether cc supports -msse4.1... yes
checking for smmintrin.h... yes
checking whether cc supports -msse2... yes
checking for emmintrin.h... yes
checking for __builtin_bswap16... yes
checking for __builtin_bswap32... yes
checking for __builtin_bswap64... yes
configure: checking for threading support...
checking if compiler needs -Werror to reject unknown flags... no
checking for the pthreads library -lpthreads... no
checking whether pthreads work without any flags... yes
checking for joinable pthread attribute... PTHREAD_CREATE_JOINABLE
checking if more special flags are required for pthreads... no
checking for PTHREAD_PRIO_INHERIT... yes
configure: checking if threading is enabled... yes
checking for GL/glut.h... no
checking for GLUT/glut.h... no
checking for OpenGL/glut.h... no
configure: Not building vwebp. OpenGL libraries and --enable-libwebpdemux are required.
checking for sdl2-config... no
checking for SDL2/SDL.h... no
configure: WARNING: SDL2 library not available - no SDL.h
configure: Not building vwebp-sdl. SDL library is required.
checking for libpng-config... /usr/bin/libpng-config
checking for png.h... yes
checking for library containing png_get_libpng_ver... none required
checking for jpeglib.h... yes
checking for jpeg_set_defaults in -ljpeg... yes
checking for gif_lib.h... yes
checking for DGifOpenFileHandle in -lgif... yes
checking if --enable-swap-16bit-csp option is specified... no
checking if --disable-near-lossless option is specified... no
checking that generated files are newer than configure... done
configure: creating ./config.status
config.status: creating Makefile
config.status: creating src/Makefile
config.status: creating man/Makefile
config.status: creating examples/Makefile
config.status: creating extras/Makefile
config.status: creating imageio/Makefile
config.status: creating sharpyuv/Makefile
config.status: creating sharpyuv/libsharpyuv.pc
config.status: creating src/dec/Makefile
config.status: creating src/enc/Makefile
config.status: creating src/dsp/Makefile
config.status: creating src/demux/Makefile
config.status: creating src/mux/Makefile
config.status: creating src/utils/Makefile
config.status: creating src/libwebp.pc
config.status: creating src/libwebpdecoder.pc
config.status: creating src/demux/libwebpdemux.pc
config.status: creating src/mux/libwebpmux.pc
config.status: creating src/webp/config.h
config.status: executing depfiles commands
config.status: executing libtool commands
configure:
WebP Configuration Summary
--------------------------

Shared libraries: yes
Static libraries: yes
Threading support: yes
libwebp: yes
libwebpdecoder: yes
libwebpdemux: yes
libwebpmux: yes
libwebpextras: no

Tools:
cwebp : yes
  Input format support
  ====================
  JPEG : yes
  PNG  : yes
  TIFF : no
  WIC  : no
dwebp : yes
  Output format support
  =====================
  PNG  : yes
  WIC  : no
GIF support : yes
anim_diff   : yes
gif2webp    : yes
img2webp    : yes
webpmux     : yes
vwebp       : no
webpinfo    : yes
SDL support : no
vwebp_sdl   : no

Making all in sharpyuv
make[1]: Entering directory '/tmp/src/libwebp-1.5.0/sharpyuv'
  CC       libsharpyuv_la-sharpyuv_csp.lo
  CC       libsharpyuv_la-sharpyuv_dsp.lo
  CC       libsharpyuv_la-sharpyuv_gamma.lo
  CC       libsharpyuv_la-sharpyuv.lo
  CC       libsharpyuv_sse2_la-sharpyuv_sse2.lo
  CC       libsharpyuv_la-sharpyuv_cpu.lo
  CC       libsharpyuv_neon_la-sharpyuv_neon.lo
  CCLD     libsharpyuv_neon.la
  CCLD     libsharpyuv_sse2.la
  CCLD     libsharpyuv.la
make[1]: Leaving directory '/tmp/src/libwebp-1.5.0/sharpyuv'
Making all in src
make[1]: Entering directory '/tmp/src/libwebp-1.5.0/src'
Making all in dec
make[2]: Entering directory '/tmp/src/libwebp-1.5.0/src/dec'
  CC       libwebpdecode_la-alpha_dec.lo
  CC       libwebpdecode_la-buffer_dec.lo
  CC       libwebpdecode_la-frame_dec.lo
  CC       libwebpdecode_la-idec_dec.lo
  CC       libwebpdecode_la-vp8l_dec.lo
  CC       libwebpdecode_la-io_dec.lo
  CC       libwebpdecode_la-quant_dec.lo
  CC       libwebpdecode_la-tree_dec.lo
  CC       libwebpdecode_la-webp_dec.lo
  CC       libwebpdecode_la-vp8_dec.lo
  CCLD     libwebpdecode.la
make[2]: Leaving directory '/tmp/src/libwebp-1.5.0/src/dec'
Making all in enc
make[2]: Entering directory '/tmp/src/libwebp-1.5.0/src/enc'
  CC       libwebpencode_la-alpha_enc.lo
  CC       libwebpencode_la-backward_references_enc.lo
  CC       libwebpencode_la-config_enc.lo
  CC       libwebpencode_la-analysis_enc.lo
  CC       libwebpencode_la-cost_enc.lo
  CC       libwebpencode_la-backward_references_cost_enc.lo
  CC       libwebpencode_la-filter_enc.lo
  CC       libwebpencode_la-histogram_enc.lo
  CC       libwebpencode_la-iterator_enc.lo
  CC       libwebpencode_la-frame_enc.lo
  CC       libwebpencode_la-picture_csp_enc.lo
  CC       libwebpencode_la-near_lossless_enc.lo
  CC       libwebpencode_la-picture_rescale_enc.lo
  CC       libwebpencode_la-picture_psnr_enc.lo
  CC       libwebpencode_la-picture_tools_enc.lo
  CC       libwebpencode_la-picture_enc.lo
  CC       libwebpencode_la-predictor_enc.lo
  CC       libwebpencode_la-quant_enc.lo
  CC       libwebpencode_la-syntax_enc.lo
  CC       libwebpencode_la-token_enc.lo
  CC       libwebpencode_la-tree_enc.lo
  CC       libwebpencode_la-webp_enc.lo
  CC       libwebpencode_la-vp8l_enc.lo
  CCLD     libwebpencode.la
make[2]: Leaving directory '/tmp/src/libwebp-1.5.0/src/enc'
Making all in dsp
make[2]: Entering directory '/tmp/src/libwebp-1.5.0/src/dsp'
  CC       libwebpdsp_la-dec.lo
  CC       libwebpdsp_la-alpha_processing.lo
  CC       libwebpdsp_la-cpu.lo
  CC       libwebpdsp_la-lossless.lo
  CC       libwebpdsp_la-rescaler.lo
  CC       libwebpdsp_la-dec_clip_tables.lo
  CC       libwebpdsp_la-filters.lo
  CC       libwebpdsp_la-cost.lo
  CC       libwebpdsp_la-enc.lo
  CC       libwebpdsp_sse2_la-cost_sse2.lo
  CC       libwebpdsp_la-upsampling.lo
  CC       libwebpdsp_la-yuv.lo
  CC       libwebpdsp_la-ssim.lo
  CC       libwebpdsp_sse2_la-enc_sse2.lo
  CC       libwebpdsp_la-lossless_enc.lo
  CC       libwebpdsp_sse2_la-lossless_enc_sse2.lo
  CC       libwebpdsp_sse2_la-ssim_sse2.lo
  CC       libwebpdspdecode_sse2_la-alpha_processing_sse2.lo
  CC       libwebpdspdecode_sse2_la-dec_sse2.lo
  CC       libwebpdspdecode_sse2_la-filters_sse2.lo
  CC       libwebpdspdecode_sse2_la-lossless_sse2.lo
  CC       libwebpdspdecode_sse2_la-rescaler_sse2.lo
  CC       libwebpdspdecode_sse2_la-upsampling_sse2.lo
  CC       libwebpdspdecode_sse2_la-yuv_sse2.lo
  CC       libwebpdsp_sse41_la-enc_sse41.lo
  CC       libwebpdsp_sse41_la-lossless_enc_sse41.lo
  CC       libwebpdspdecode_sse41_la-alpha_processing_sse41.lo
  CC       libwebpdspdecode_sse41_la-dec_sse41.lo
  CC       libwebpdspdecode_sse41_la-lossless_sse41.lo
  CC       libwebpdspdecode_sse41_la-upsampling_sse41.lo
  CC       libwebpdspdecode_sse41_la-yuv_sse41.lo
  CC       libwebpdsp_neon_la-cost_neon.lo
  CC       libwebpdsp_neon_la-enc_neon.lo
  CC       libwebpdsp_neon_la-lossless_enc_neon.lo
  CC       libwebpdspdecode_neon_la-alpha_processing_neon.lo
  CC       libwebpdspdecode_neon_la-dec_neon.lo
  CC       libwebpdspdecode_neon_la-filters_neon.lo
  CC       libwebpdspdecode_neon_la-lossless_neon.lo
  CC       libwebpdspdecode_neon_la-rescaler_neon.lo
  CC       libwebpdspdecode_neon_la-upsampling_neon.lo
  CC       libwebpdsp_msa_la-enc_msa.lo
  CC       libwebpdspdecode_neon_la-yuv_neon.lo
  CC       libwebpdsp_msa_la-lossless_enc_msa.lo
  CC       libwebpdspdecode_msa_la-dec_msa.lo
  CC       libwebpdspdecode_msa_la-filters_msa.lo
  CC       libwebpdspdecode_msa_la-lossless_msa.lo
  CC       libwebpdspdecode_msa_la-rescaler_msa.lo
  CC       libwebpdspdecode_msa_la-upsampling_msa.lo
  CC       libwebpdsp_mips32_la-cost_mips32.lo
  CC       libwebpdsp_mips32_la-enc_mips32.lo
  CC       libwebpdsp_mips32_la-lossless_enc_mips32.lo
  CC       libwebpdspdecode_mips32_la-dec_mips32.lo
  CC       libwebpdspdecode_mips32_la-yuv_mips32.lo
  CC       libwebpdspdecode_mips32_la-rescaler_mips32.lo
  CC       libwebpdsp_mips_dsp_r2_la-cost_mips_dsp_r2.lo
  CC       libwebpdsp_mips_dsp_r2_la-enc_mips_dsp_r2.lo
  CC       libwebpdsp_mips_dsp_r2_la-lossless_enc_mips_dsp_r2.lo
  CC       libwebpdspdecode_mips_dsp_r2_la-alpha_processing_mips_dsp_r2.lo
  CC       libwebpdspdecode_mips_dsp_r2_la-dec_mips_dsp_r2.lo
  CC       libwebpdspdecode_mips_dsp_r2_la-filters_mips_dsp_r2.lo
  CC       libwebpdspdecode_mips_dsp_r2_la-rescaler_mips_dsp_r2.lo
  CC       libwebpdspdecode_mips_dsp_r2_la-lossless_mips_dsp_r2.lo
  CC       libwebpdspdecode_mips_dsp_r2_la-upsampling_mips_dsp_r2.lo
  CC       libwebpdspdecode_mips_dsp_r2_la-yuv_mips_dsp_r2.lo
  CC       libwebpdspdecode_la-alpha_processing.lo
  CC       libwebpdspdecode_la-cpu.lo
  CC       libwebpdspdecode_la-dec.lo
  CC       libwebpdspdecode_la-dec_clip_tables.lo
  CC       libwebpdspdecode_la-filters.lo
  CC       libwebpdspdecode_la-lossless.lo
  CC       libwebpdspdecode_la-rescaler.lo
  CC       libwebpdspdecode_la-upsampling.lo
  CC       libwebpdspdecode_la-yuv.lo
  CCLD     libwebpdspdecode_neon.la
  CCLD     libwebpdspdecode_msa.la
  CCLD     libwebpdspdecode_mips32.la
  CCLD     libwebpdspdecode_mips_dsp_r2.la
  CCLD     libwebpdsp_neon.la
  CCLD     libwebpdsp_msa.la
  CCLD     libwebpdsp_mips32.la
  CCLD     libwebpdspdecode_sse41.la
  CCLD     libwebpdsp_mips_dsp_r2.la
  CCLD     libwebpdsp_sse41.la
  CCLD     libwebpdspdecode_sse2.la
  CCLD     libwebpdsp_sse2.la
  CCLD     libwebpdspdecode.la
  CCLD     libwebpdsp.la
make[2]: Leaving directory '/tmp/src/libwebp-1.5.0/src/dsp'
Making all in utils
make[2]: Entering directory '/tmp/src/libwebp-1.5.0/src/utils'
  CC       color_cache_utils.lo
  CC       bit_reader_utils.lo
  CC       palette.lo
  CC       quant_levels_dec_utils.lo
  CC       filters_utils.lo
  CC       huffman_utils.lo
  CC       thread_utils.lo
  CC       bit_writer_utils.lo
  CC       rescaler_utils.lo
  CC       random_utils.lo
  CC       quant_levels_utils.lo
  CC       utils.lo
  CC       huffman_encode_utils.lo
  CCLD     libwebputilsdecode.la
  CCLD     libwebputils.la
make[2]: Leaving directory '/tmp/src/libwebp-1.5.0/src/utils'
Making all in .
make[2]: Entering directory '/tmp/src/libwebp-1.5.0/src'
  CCLD     libwebpdecoder.la
  CCLD     libwebp.la
make[2]: Leaving directory '/tmp/src/libwebp-1.5.0/src'
Making all in mux
make[2]: Entering directory '/tmp/src/libwebp-1.5.0/src/mux'
  CC       anim_encode.lo
  CC       muxedit.lo
  CC       muxinternal.lo
  CC       muxread.lo
  CCLD     libwebpmux.la
make[2]: Leaving directory '/tmp/src/libwebp-1.5.0/src/mux'
Making all in demux
make[2]: Entering directory '/tmp/src/libwebp-1.5.0/src/demux'
  CC       anim_decode.lo
  CC       demux.lo
  CCLD     libwebpdemux.la
make[2]: Leaving directory '/tmp/src/libwebp-1.5.0/src/demux'
make[1]: Leaving directory '/tmp/src/libwebp-1.5.0/src'
Making all in imageio
make[1]: Entering directory '/tmp/src/libwebp-1.5.0/imageio'
  CC       libimagedec_la-image_dec.lo
  CC       libimagedec_la-jpegdec.lo
  CC       libimagedec_la-pngdec.lo
  CC       libimagedec_la-tiffdec.lo
  CC       imageio_util.lo
  CC       libimagedec_la-pnmdec.lo
  CC       libimagedec_la-metadata.lo
  CC       libimageenc_la-image_enc.lo
  CC       libimagedec_la-wicdec.lo
  CC       libimagedec_la-webpdec.lo
  CCLD     libimageio_util.la
  CCLD     libimagedec.la
  CCLD     libimageenc.la
make[1]: Leaving directory '/tmp/src/libwebp-1.5.0/imageio'
Making all in man
make[1]: Entering directory '/tmp/src/libwebp-1.5.0/man'
make[1]: Nothing to be done for 'all'.
make[1]: Leaving directory '/tmp/src/libwebp-1.5.0/man'
Making all in examples
make[1]: Entering directory '/tmp/src/libwebp-1.5.0/examples'
  CC       dwebp-dwebp.o
  CC       gif2webp-gifdec.o
  CC       example_util.lo
  CC       webpmux-webpmux.o
  CC       cwebp-cwebp.o
  CC       gif2webp-gif2webp.o
  CC       anim_diff-anim_util.o
  CC       img2webp-img2webp.o
  CC       anim_diff-gifdec.o
  CC       webpinfo-webpinfo.o
  CC       anim_diff-anim_diff.o
  CC       anim_dump-anim_util.o
  CC       anim_dump-anim_dump.o
  CC       anim_dump-gifdec.o
  CCLD     libexample_util.la
  CCLD     gif2webp
  CCLD     dwebp
  CCLD     webpmux
  CCLD     img2webp
  CCLD     anim_diff
  CCLD     anim_dump
  CCLD     cwebp
  CCLD     webpinfo
make[1]: Leaving directory '/tmp/src/libwebp-1.5.0/examples'
make[1]: Entering directory '/tmp/src/libwebp-1.5.0'
make[1]: Nothing to be done for 'all-am'.
make[1]: Leaving directory '/tmp/src/libwebp-1.5.0'
Making check in sharpyuv
make[1]: Entering directory '/tmp/src/libwebp-1.5.0/sharpyuv'
make[1]: Nothing to be done for 'check'.
make[1]: Leaving directory '/tmp/src/libwebp-1.5.0/sharpyuv'
Making check in src
make[1]: Entering directory '/tmp/src/libwebp-1.5.0/src'
Making check in dec
make[2]: Entering directory '/tmp/src/libwebp-1.5.0/src/dec'
make[2]: Nothing to be done for 'check'.
make[2]: Leaving directory '/tmp/src/libwebp-1.5.0/src/dec'
Making check in enc
make[2]: Entering directory '/tmp/src/libwebp-1.5.0/src/enc'
make[2]: Nothing to be done for 'check'.
make[2]: Leaving directory '/tmp/src/libwebp-1.5.0/src/enc'
Making check in dsp
make[2]: Entering directory '/tmp/src/libwebp-1.5.0/src/dsp'
make[2]: Nothing to be done for 'check'.
make[2]: Leaving directory '/tmp/src/libwebp-1.5.0/src/dsp'
Making check in utils
make[2]: Entering directory '/tmp/src/libwebp-1.5.0/src/utils'
make[2]: Nothing to be done for 'check'.
make[2]: Leaving directory '/tmp/src/libwebp-1.5.0/src/utils'
Making check in .
make[2]: Entering directory '/tmp/src/libwebp-1.5.0/src'
make[2]: Nothing to be done for 'check-am'.
make[2]: Leaving directory '/tmp/src/libwebp-1.5.0/src'
Making check in mux
make[2]: Entering directory '/tmp/src/libwebp-1.5.0/src/mux'
make[2]: Nothing to be done for 'check'.
make[2]: Leaving directory '/tmp/src/libwebp-1.5.0/src/mux'
Making check in demux
make[2]: Entering directory '/tmp/src/libwebp-1.5.0/src/demux'
make[2]: Nothing to be done for 'check'.
make[2]: Leaving directory '/tmp/src/libwebp-1.5.0/src/demux'
make[1]: Leaving directory '/tmp/src/libwebp-1.5.0/src'
Making check in imageio
make[1]: Entering directory '/tmp/src/libwebp-1.5.0/imageio'
make[1]: Nothing to be done for 'check'.
make[1]: Leaving directory '/tmp/src/libwebp-1.5.0/imageio'
Making check in man
make[1]: Entering directory '/tmp/src/libwebp-1.5.0/man'
make[1]: Nothing to be done for 'check'.
make[1]: Leaving directory '/tmp/src/libwebp-1.5.0/man'
Making check in examples
make[1]: Entering directory '/tmp/src/libwebp-1.5.0/examples'
make[1]: Nothing to be done for 'check'.
make[1]: Leaving directory '/tmp/src/libwebp-1.5.0/examples'
make[1]: Entering directory '/tmp/src/libwebp-1.5.0'
make[1]: Nothing to be done for 'check-am'.
make[1]: Leaving directory '/tmp/src/libwebp-1.5.0'
>>> libwebp: Entering fakeroot...
Making install in sharpyuv
make[1]: Entering directory '/tmp/src/libwebp-1.5.0/sharpyuv'
make[2]: Entering directory '/tmp/src/libwebp-1.5.0/sharpyuv'
 .././install-sh -c -d '/tmp/pkg/libwebp/usr/lib'
 .././install-sh -c -d '/tmp/pkg/libwebp/usr/lib/pkgconfig'
 .././install-sh -c -d '/tmp/pkg/libwebp/usr/include/webp/sharpyuv'
 /bin/sh ../libtool   --mode=install /usr/bin/install -c   libsharpyuv.la '/tmp/pkg/libwebp/usr/lib'
 /usr/bin/install -c -m 644 sharpyuv.h sharpyuv_csp.h '/tmp/pkg/libwebp/usr/include/webp/sharpyuv'
 /usr/bin/install -c -m 644 libsharpyuv.pc '/tmp/pkg/libwebp/usr/lib/pkgconfig'
libtool: install: /usr/bin/install -c .libs/libsharpyuv.so.0.1.1 /tmp/pkg/libwebp/usr/lib/libsharpyuv.so.0.1.1
libtool: install: (cd /tmp/pkg/libwebp/usr/lib && { ln -s -f libsharpyuv.so.0.1.1 libsharpyuv.so.0 || { rm -f libsharpyuv.so.0 && ln -s libsharpyuv.so.0.1.1 libsharpyuv.so.0; }; })
libtool: install: (cd /tmp/pkg/libwebp/usr/lib && { ln -s -f libsharpyuv.so.0.1.1 libsharpyuv.so || { rm -f libsharpyuv.so && ln -s libsharpyuv.so.0.1.1 libsharpyuv.so; }; })
libtool: install: /usr/bin/install -c .libs/libsharpyuv.lai /tmp/pkg/libwebp/usr/lib/libsharpyuv.la
libtool: install: /usr/bin/install -c .libs/libsharpyuv.a /tmp/pkg/libwebp/usr/lib/libsharpyuv.a
libtool: install: chmod 644 /tmp/pkg/libwebp/usr/lib/libsharpyuv.a
libtool: install: ranlib /tmp/pkg/libwebp/usr/lib/libsharpyuv.a
libtool: warning: remember to run 'libtool --finish /usr/lib'
make[2]: Leaving directory '/tmp/src/libwebp-1.5.0/sharpyuv'
make[1]: Leaving directory '/tmp/src/libwebp-1.5.0/sharpyuv'
Making install in src
make[1]: Entering directory '/tmp/src/libwebp-1.5.0/src'
Making install in dec
make[2]: Entering directory '/tmp/src/libwebp-1.5.0/src/dec'
make[3]: Entering directory '/tmp/src/libwebp-1.5.0/src/dec'
make[3]: Nothing to be done for 'install-exec-am'.
 ../.././install-sh -c -d '/tmp/pkg/libwebp/usr/include/webp'
 /usr/bin/install -c -m 644 ../webp/decode.h ../webp/types.h '/tmp/pkg/libwebp/usr/include/webp'
make[3]: Leaving directory '/tmp/src/libwebp-1.5.0/src/dec'
make[2]: Leaving directory '/tmp/src/libwebp-1.5.0/src/dec'
Making install in enc
make[2]: Entering directory '/tmp/src/libwebp-1.5.0/src/enc'
make[3]: Entering directory '/tmp/src/libwebp-1.5.0/src/enc'
make[3]: Nothing to be done for 'install-exec-am'.
 ../.././install-sh -c -d '/tmp/pkg/libwebp/usr/include/webp'
 /usr/bin/install -c -m 644 ../webp/encode.h ../webp/types.h '/tmp/pkg/libwebp/usr/include/webp'
make[3]: Leaving directory '/tmp/src/libwebp-1.5.0/src/enc'
make[2]: Leaving directory '/tmp/src/libwebp-1.5.0/src/enc'
Making install in dsp
make[2]: Entering directory '/tmp/src/libwebp-1.5.0/src/dsp'
make[3]: Entering directory '/tmp/src/libwebp-1.5.0/src/dsp'
make[3]: Nothing to be done for 'install-exec-am'.
 ../.././install-sh -c -d '/tmp/pkg/libwebp/usr/include/webp'
 /usr/bin/install -c -m 644 ../webp/types.h '/tmp/pkg/libwebp/usr/include/webp'
make[3]: Leaving directory '/tmp/src/libwebp-1.5.0/src/dsp'
make[2]: Leaving directory '/tmp/src/libwebp-1.5.0/src/dsp'
Making install in utils
make[2]: Entering directory '/tmp/src/libwebp-1.5.0/src/utils'
make[3]: Entering directory '/tmp/src/libwebp-1.5.0/src/utils'
make[3]: Nothing to be done for 'install-exec-am'.
 ../.././install-sh -c -d '/tmp/pkg/libwebp/usr/include/webp'
 /usr/bin/install -c -m 644 ../webp/types.h '/tmp/pkg/libwebp/usr/include/webp'
make[3]: Leaving directory '/tmp/src/libwebp-1.5.0/src/utils'
make[2]: Leaving directory '/tmp/src/libwebp-1.5.0/src/utils'
Making install in .
make[2]: Entering directory '/tmp/src/libwebp-1.5.0/src'
make[3]: Entering directory '/tmp/src/libwebp-1.5.0/src'
 .././install-sh -c -d '/tmp/pkg/libwebp/usr/include/webp'
 .././install-sh -c -d '/tmp/pkg/libwebp/usr/lib'
 .././install-sh -c -d '/tmp/pkg/libwebp/usr/lib/pkgconfig'
 .././install-sh -c -d '/tmp/pkg/libwebp/usr/include/webp'
 /bin/sh ../libtool   --mode=install /usr/bin/install -c   libwebp.la libwebpdecoder.la '/tmp/pkg/libwebp/usr/lib'
 /usr/bin/install -c -m 644 webp/decode.h webp/types.h '/tmp/pkg/libwebp/usr/include/webp'
 /usr/bin/install -c -m 644 libwebp.pc libwebpdecoder.pc '/tmp/pkg/libwebp/usr/lib/pkgconfig'
 /usr/bin/install -c -m 644 webp/encode.h '/tmp/pkg/libwebp/usr/include/webp'
libtool: warning: relinking 'libwebp.la'
libtool: install: \\\(cd /tmp/src/libwebp-1.5.0/src; /bin/sh "/tmp/src/libwebp-1.5.0/libtool"  --silent --tag CC --mode=relink cc -fvisibility=hidden -Wall -Wdeclaration-after-statement -Wextra -Wfloat-conversion -Wformat -Wformat-nonliteral -Wformat -Wformat-security -Wmissing-declarations -Wmissing-prototypes -Wold-style-definition -Wshadow -Wstrict-prototypes -Wundef -Wunreachable-code -Wunused-but-set-variable -Wunused -Wvla -Os -fstack-clash-protection -Wformat -Werror=format-security -fno-plt -O2 -flto=auto -ffat-lto-objects -no-undefined -version-info 8:10:1 -Wl,--as-needed,-O1,--sort-common -Wl,-z,pack-relative-relocs -o libwebp.la -rpath /usr/lib dec/libwebpdecode.la dsp/libwebpdsp.la enc/libwebpencode.la utils/libwebputils.la -inst-prefix-dir /tmp/pkg/libwebp)\\\
  \\\(cd /tmp/src/libwebp-1.5.0/src; /bin/sh "/tmp/src/libwebp-1.5.0/libtool"  --silent --tag CC --mode=relink cc -fvisibility=hidden -Wall -Wdeclaration-after-statement -Wextra -Wfloat-conversion -Wformat -Wformat-nonliteral -Wformat -Wformat-security -Wmissing-declarations -Wmissing-prototypes -Wold-style-definition -Wshadow -Wstrict-prototypes -Wundef -Wunreachable-code -Wunused-but-set-variable -Wunused -Wvla -Os -fstack-clash-protection -Wformat -Werror=format-security -fno-plt -O2 -flto=auto -ffat-lto-objects -no-undefined -version-info 8:10:1 -Wl,--as-needed,-O1,--sort-common -Wl,-z,pack-relative-relocs -o libwebp.la -rpath /usr/lib dec/libwebpdecode.la dsp/libwebpdsp.la enc/libwebpencode.la utils/libwebputils.la -inst-prefix-dir /tmp/pkg/libwebp)\\\
                                                                                                                                                                                                                                                                                                                                                                                                                                                                                                                                                                                                                                                                                                                                                                                           ^
[ eval arg at line 1874 of ../libtool ]:1

        eval "$_G_cmd"
        ^~~~
../libtool:1874: Invalid word while parsing command line (Id.Op_RParen)
libtool:   error: error: relink 'libwebp.la' with the above command before installing it
make[3]: *** [Makefile:477: install-libLTLIBRARIES] Error 1
make[3]: Leaving directory '/tmp/src/libwebp-1.5.0/src'
make[2]: *** [Makefile:761: install-am] Error 2
make[2]: Leaving directory '/tmp/src/libwebp-1.5.0/src'
make[1]: *** [Makefile:598: install-recursive] Error 1
make[1]: Leaving directory '/tmp/src/libwebp-1.5.0/src'
make: *** [Makefile:424: install-recursive] Error 1
>>> ERROR: libwebp*: package failed
>>> ERROR: libwebp: rootpkg failed
>>> ERROR: libwebp: rootbld failed
>>> libwebp: Cleaning up build chroot
