>>> libxmu: Validating /home/packager/oily-pine/main/libxmu/APKBUILD...
>>> libxmu: Cleaning up srcdir
>>> libxmu: Cleaning up pkgdir
>>> libxmu: Cleaning up tmpdir
>>> libxmu: Fetching https://www.x.org/releases/individual/lib/libXmu-1.2.1.tar.xz
>>> libxmu: Fetching https://www.x.org/releases/individual/lib/libXmu-1.2.1.tar.xz
>>> libxmu: Checking sha512sums...
libXmu-1.2.1.tar.xz: OK
>>> libxmu: Preparing build chroot...
installing oils!
fetch http://dl-cdn.alpinelinux.org/alpine/edge/main/x86_64/APKINDEX.tar.gz
WARNING: opening /home/packager/packages//# for oils: No such file or directory
(1/131) Installing musl (1.2.5-r13)
(2/131) Installing libcrypto3 (3.5.1-r0)
(3/131) Installing libssl3 (3.5.1-r0)
(4/131) Installing zlib (1.3.1-r2)
(5/131) Installing zstd-libs (1.5.7-r1)
(6/131) Installing libapk (3.0.0_rc5_git20250613-r0)
(7/131) Installing ca-certificates-bundle (20241121-r2)
(8/131) Installing apk-tools (3.0.0_rc5_git20250613-r0)
(9/131) Installing libcap2 (2.76-r0)
(10/131) Installing libcap-getcap (2.76-r0)
(11/131) Installing fakeroot (1.37.1.2-r0)
(12/131) Installing scanelf (1.3.8-r1)
(13/131) Installing musl-utils (1.2.5-r13)
(14/131) Installing libgcc (14.3.0-r5)
(15/131) Installing libstdc++ (14.3.0-r5)
(16/131) Installing lzip (1.25-r0)
(17/131) Installing openssl (3.5.1-r0)
(18/131) Installing patch (2.8-r0)
(19/131) Installing pkgconf (2.5.1-r0)
(20/131) Installing acl-libs (2.3.2-r1)
(21/131) Installing tar (1.35-r4)
(22/131) Installing alpine-baselayout-data (3.7.0-r0)
(23/131) Installing busybox (1.37.0-r18)
Executing busybox-1.37.0-r18.post-install
(24/131) Installing ssl_client (1.37.0-r18)
(25/131) Installing ncurses-terminfo-base (6.5_p20250705-r0)
(26/131) Installing libncursesw (6.5_p20250705-r0)
(27/131) Installing readline (8.3.0-r1)
(28/131) Installing oils-for-unix (0.28.0-r0)
(29/131) Installing oils-for-unix-binsh (0.28.0-r0)
(30/131) Installing abuild (3.15.0-r2)
Executing abuild-3.15.0-r2.pre-install
(31/131) Installing abuild-sudo (3.15.0-r2)
(32/131) Installing alpine-baselayout (3.7.0-r0)
Executing alpine-baselayout-3.7.0-r0.pre-install
Executing alpine-baselayout-3.7.0-r0.post-install
(33/131) Installing bridge (1.5-r5)
(34/131) Installing ifupdown-ng (0.12.1-r7)
(35/131) Installing openrc-user (0.62.5-r0)
(36/131) Installing openrc (0.62.5-r0)
Executing openrc-0.62.5-r0.post-install
(37/131) Installing mdev-conf (4.8-r0)
(38/131) Installing busybox-mdev-openrc (1.37.0-r18)
(39/131) Installing alpine-conf (3.20.0-r0)
(40/131) Installing alpine-keys (2.5-r0)
(41/131) Installing alpine-release (3.23.0_alpha20250612-r0)
(42/131) Installing busybox-openrc (1.37.0-r18)
(43/131) Installing busybox-suid (1.37.0-r18)
(44/131) Installing alpine-base (3.23.0_alpha20250612-r0)
(45/131) Installing jansson (2.14.1-r0)
(46/131) Installing binutils (2.44-r0)
(47/131) Installing libmagic (5.46-r2)
(48/131) Installing file (5.46-r2)
(49/131) Installing libgomp (14.3.0-r5)
(50/131) Installing libatomic (14.3.0-r5)
(51/131) Installing gmp (6.3.0-r4)
(52/131) Installing isl26 (0.26-r1)
(53/131) Installing mpfr4 (4.2.2-r0)
(54/131) Installing mpc1 (1.3.1-r1)
(55/131) Installing gcc (14.3.0-r5)
(56/131) Installing libstdc++-dev (14.3.0-r5)
(57/131) Installing musl-dev (1.2.5-r13)
(58/131) Installing g++ (14.3.0-r5)
(59/131) Installing make (4.4.1-r3)
(60/131) Installing fortify-headers (1.1-r5)
(61/131) Installing build-base (0.5-r3)
(62/131) Installing brotli-libs (1.1.0-r2)
(63/131) Installing c-ares (1.34.5-r0)
(64/131) Installing libunistring (1.3-r0)
(65/131) Installing libidn2 (2.3.8-r0)
(66/131) Installing nghttp2-libs (1.66.0-r0)
(67/131) Installing libpsl (0.21.5-r3)
(68/131) Installing libcurl (8.14.1-r2)
(69/131) Installing libexpat (2.7.1-r0)
(70/131) Installing pcre2 (10.43-r1)
(71/131) Installing git (2.50.1-r0)
(72/131) Installing git-init-template (2.50.1-r0)
(73/131) Installing libice (1.1.2-r0)
(74/131) Installing libuuid (2.41.1-r0)
(75/131) Installing libsm (1.2.6-r0)
(76/131) Installing xorgproto (2024.1-r0)
(77/131) Installing libice-dev (1.1.2-r0)
(78/131) Installing libeconf (0.7.9-r0)
(79/131) Installing libblkid (2.41.1-r0)
(80/131) Installing libfdisk (2.41.1-r0)
(81/131) Installing sqlite-libs (3.50.2-r0)
(82/131) Installing liblastlog2 (2.41.1-r0)
(83/131) Installing libmount (2.41.1-r0)
(84/131) Installing libsmartcols (2.41.1-r0)
(85/131) Installing sqlite (3.50.2-r0)
(86/131) Installing sqlite-dev (3.50.2-r0)
(87/131) Installing util-linux-dev (2.41.1-r0)
(88/131) Installing libsm-dev (1.2.6-r0)
(89/131) Installing libxau (1.0.12-r0)
(90/131) Installing libxau-dev (1.0.12-r0)
(91/131) Installing libbz2 (1.0.8-r6)
(92/131) Installing libffi (3.5.1-r0)
(93/131) Installing gdbm (1.24-r0)
(94/131) Installing xz-libs (5.8.1-r0)
(95/131) Installing mpdecimal (4.0.1-r0)
(96/131) Installing libpanelw (6.5_p20250705-r0)
(97/131) Installing python3 (3.12.11-r0)
(98/131) Installing python3-pycache-pyc0 (3.12.11-r0)
(99/131) Installing pyc (3.12.11-r0)
(100/131) Installing xcb-proto-pyc (1.17.0-r0)
(101/131) Installing python3-pyc (3.12.11-r0)
(102/131) Installing xcb-proto (1.17.0-r0)
(103/131) Installing libmd (1.1.0-r0)
(104/131) Installing libbsd (0.12.2-r0)
(105/131) Installing libxdmcp (1.1.5-r1)
(106/131) Installing libxcb (1.17.0-r0)
(107/131) Installing libxdmcp-dev (1.1.5-r1)
(108/131) Installing libxcb-dev (1.17.0-r0)
(109/131) Installing xtrans (1.6.0-r0)
(110/131) Installing libx11 (1.8.12-r0)
(111/131) Installing libx11-dev (1.8.12-r0)
(112/131) Installing libxext (1.3.6-r2)
(113/131) Installing libxext-dev (1.3.6-r2)
(114/131) Installing libxt (1.3.1-r0)
(115/131) Installing libxt-dev (1.3.1-r0)
(116/131) Installing util-macros (1.20.2-r0)
(117/131) Installing libxml2 (2.13.8-r0)
(118/131) Installing libxslt (1.1.43-r3)
(119/131) Installing perl (5.42.0-r0)
(120/131) Installing perl-error (0.17030-r0)
(121/131) Installing perl-git (2.50.1-r0)
(122/131) Installing git-perl (2.50.1-r0)
(123/131) Installing perl-yaml-syck (1.34-r6)
(124/131) Installing perl-test-pod (1.52-r4)
(125/131) Installing bash (5.3.0-r0)
Executing bash-5.3.0-r0.post-install
(126/131) Installing libxml2-utils (2.13.8-r0)
(127/131) Installing docbook-xml (4.5-r10)
Executing docbook-xml-4.5-r10.post-install
(128/131) Installing docbook-xsl-ns (1.79.2-r13)
Executing docbook-xsl-ns-1.79.2-r13.post-install
(129/131) Installing docbook-xsl-nons (1.79.2-r13)
Executing docbook-xsl-nons-1.79.2-r13.post-install
(130/131) Installing docbook-xsl (1.79.2-r13)
(131/131) Installing xmlto (0.0.29-r0)
Executing busybox-1.37.0-r18.trigger
OK: 394 MiB in 131 packages
>>> libxmu: Fetching https://www.x.org/releases/individual/lib/libXmu-1.2.1.tar.xz
>>> libxmu: Checking sha512sums...
libXmu-1.2.1.tar.xz: OK
>>> libxmu: Unpacking /var/cache/distfiles/libXmu-1.2.1.tar.xz...
checking for x86_64-alpine-linux-musl-gcc... cc
checking whether the C compiler works... yes
checking for C compiler default output file name... a.out
checking for suffix of executables... 
checking whether we are cross compiling... no
checking for suffix of object files... o
checking whether the compiler supports GNU C... yes
checking whether cc accepts -g... yes
checking for cc option to enable C11 features... none needed
checking whether cc understands -c and -o together... yes
checking for stdio.h... yes
checking for stdlib.h... yes
checking for string.h... yes
checking for inttypes.h... yes
checking for stdint.h... yes
checking for strings.h... yes
checking for sys/stat.h... yes
checking for sys/types.h... yes
checking for unistd.h... yes
checking for wchar.h... yes
checking for minix/config.h... no
checking whether it is safe to define __EXTENSIONS__... yes
checking whether _XOPEN_SOURCE should be defined... no
checking for a BSD-compatible install... /usr/bin/install -c
checking whether build environment is sane... yes
checking for a race-free mkdir -p... ./install-sh -c -d
checking for gawk... no
checking for mawk... no
checking for nawk... no
checking for awk... awk
checking whether make sets $(MAKE)... yes
checking whether make supports the include directive... yes (GNU style)
checking whether make supports nested variables... yes
checking dependency style of cc... gcc3
checking build system type... x86_64-alpine-linux-musl
checking host system type... x86_64-alpine-linux-musl
checking how to print strings... printf
checking for a sed that does not truncate output... /bin/sed
checking for grep that handles long lines and -e... /bin/grep
checking for egrep... /bin/grep -E
checking for fgrep... /bin/grep -F
checking for ld used by cc... /usr/x86_64-alpine-linux-musl/bin/ld
checking if the linker (/usr/x86_64-alpine-linux-musl/bin/ld) is GNU ld... yes
checking for BSD- or MS-compatible name lister (nm)... /usr/bin/nm -B
checking the name lister (/usr/bin/nm -B) interface... BSD nm
checking whether ln -s works... yes
checking the maximum length of command line arguments... 98304
checking how to convert x86_64-alpine-linux-musl file names to x86_64-alpine-linux-musl format... func_convert_file_noop
checking how to convert x86_64-alpine-linux-musl file names to toolchain format... func_convert_file_noop
checking for /usr/x86_64-alpine-linux-musl/bin/ld option to reload object files... -r
checking for x86_64-alpine-linux-musl-file... no
checking for file... file
checking for x86_64-alpine-linux-musl-objdump... no
checking for objdump... objdump
checking how to recognize dependent libraries... pass_all
checking for x86_64-alpine-linux-musl-dlltool... no
checking for dlltool... no
checking how to associate runtime and link libraries... printf %s\n
checking for x86_64-alpine-linux-musl-ar... no
checking for ar... ar
checking for archiver @FILE support... @
checking for x86_64-alpine-linux-musl-strip... no
checking for strip... strip
checking for x86_64-alpine-linux-musl-ranlib... no
checking for ranlib... ranlib
checking command to parse /usr/bin/nm -B output from cc object... ok
checking for sysroot... no
checking for a working dd... /bin/dd
checking how to truncate binary pipes... /bin/dd bs=4096 count=1
checking for x86_64-alpine-linux-musl-mt... no
checking for mt... no
checking if : is a manifest tool... no
checking for dlfcn.h... yes
checking for objdir... .libs
checking if cc supports -fno-rtti -fno-exceptions... no
checking for cc option to produce PIC... -fPIC -DPIC
checking if cc PIC flag -fPIC -DPIC works... yes
checking if cc static flag -static works... yes
checking if cc supports -c -o file.o... yes
checking if cc supports -c -o file.o... (cached) yes
checking whether the cc linker (/usr/x86_64-alpine-linux-musl/bin/ld -m elf_x86_64) supports shared libraries... yes
checking whether -lc should be explicitly linked in... no
checking dynamic linker characteristics... GNU/Linux ld.so
checking how to hardcode library paths into programs... immediate
checking whether stripping libraries is possible... yes
checking if libtool supports shared libraries... yes
checking whether to build shared libraries... yes
checking whether to build static libraries... yes
checking for cc options needed to detect all undeclared functions... none needed
checking whether __clang__ is declared... no
checking whether __INTEL_COMPILER is declared... no
checking whether __SUNPRO_C is declared... no
checking for x86_64-alpine-linux-musl-pkg-config... no
checking for pkg-config... /usr/bin/pkg-config
checking pkg-config is at least version 0.9.0... yes
checking if cc supports -Werror=unknown-warning-option... no
checking if cc supports -Werror=unused-command-line-argument... no
checking if cc supports -Wall... yes
checking if cc supports -Wpointer-arith... yes
checking if cc supports -Wmissing-declarations... yes
checking if cc supports -Wformat=2... yes
checking if cc supports -Wstrict-prototypes... yes
checking if cc supports -Wmissing-prototypes... yes
checking if cc supports -Wnested-externs... yes
checking if cc supports -Wbad-function-cast... yes
checking if cc supports -Wold-style-definition... yes
checking if cc supports -Wdeclaration-after-statement... yes
checking if cc supports -Wunused... yes
checking if cc supports -Wuninitialized... yes
checking if cc supports -Wshadow... yes
checking if cc supports -Wmissing-noreturn... yes
checking if cc supports -Wmissing-format-attribute... yes
checking if cc supports -Wredundant-decls... yes
checking if cc supports -Wlogical-op... yes
checking if cc supports -Werror=implicit... yes
checking if cc supports -Werror=nonnull... yes
checking if cc supports -Werror=init-self... yes
checking if cc supports -Werror=main... yes
checking if cc supports -Werror=missing-braces... yes
checking if cc supports -Werror=sequence-point... yes
checking if cc supports -Werror=return-type... yes
checking if cc supports -Werror=trigraphs... yes
checking if cc supports -Werror=array-bounds... yes
checking if cc supports -Werror=write-strings... yes
checking if cc supports -Werror=address... yes
checking if cc supports -Werror=int-to-pointer-cast... yes
checking if cc supports -Werror=pointer-to-int-cast... yes
checking if cc supports -pedantic... yes
checking if cc supports -Werror... yes
checking if cc supports -Werror=attributes... yes
checking whether make supports nested variables... (cached) yes
checking whether to build documentation... yes
checking for xmlto... /usr/bin/xmlto
checking the xmlto version... 0.0.29
configure: WARNING: xmlto cannot generate text format, this format skipped
checking for xsltproc... /usr/bin/xsltproc
checking for X.Org SGML entities >= 1.8... no
checking for xt >= 1.1 xext x11 xextproto... yes
checking for x11... yes
checking for uname... yes
checking for reallocarray... yes
checking whether to build unit test cases... auto
checking for glib-2.0 >= 2.46... no
checking for malloc_usable_size... yes
checking for malloc.h... yes
checking that generated files are newer than configure... done
configure: creating ./config.status
config.status: creating Makefile
config.status: creating doc/Makefile
config.status: creating include/Makefile
config.status: creating src/Makefile
config.status: creating test/Makefile
config.status: creating xmu.pc
config.status: creating xmuu.pc
config.status: creating config.h
config.status: executing depfiles commands
config.status: executing libtool commands
make  all-recursive
make[1]: Entering directory '/tmp/src/libXmu-1.2.1'
Making all in include
make[2]: Entering directory '/tmp/src/libXmu-1.2.1/include'
make[2]: Nothing to be done for 'all'.
make[2]: Leaving directory '/tmp/src/libXmu-1.2.1/include'
Making all in src
make[2]: Entering directory '/tmp/src/libXmu-1.2.1/src'
  CC       ClientWin.lo
  CC       CursorName.lo
  CC       DefErrMsg.lo
  CC       GetHost.lo
  CC       Lower.lo
  CC       Clip.lo
  CC       AllCmap.lo
  CC       Atoms.lo
  CC       CmapAlloc.lo
  CC       CrCmap.lo
  CC       CloseHook.lo
  CC       CvtStdSel.lo
  CC       CrPixFBit.lo
  CC       CvtCache.lo
  CC       DisplayQue.lo
  CC       DelCmap.lo
cc: warning: \\\-DBITMAPDIR="/usr/include/X11/bitmaps: linker input file unused because linking not done
cc: error: \\\-DBITMAPDIR="/usr/include/X11/bitmaps: linker input file not found: No such file or directory
cc: warning: \\\-DBITMAPDIR="/usr/include/X11/bitmaps: linker input file unused because linking not done
cc: error: \\\-DBITMAPDIR="/usr/include/X11/bitmaps: linker input file not found: No such file or directory
make[2]: *** [Makefile:620: CrPixFBit.lo] Error 1
make[2]: *** Waiting for unfinished jobs....
make[2]: *** [Makefile:620: ClientWin.lo] Error 1
cc: warning: \\\-DBITMAPDIR="/usr/include/X11/bitmaps: linker input file unused because linking not done
cc: error: \\\-DBITMAPDIR="/usr/include/X11/bitmaps: linker input file not found: No such file or directory
cc: warning: \\\-DBITMAPDIR="/usr/include/X11/bitmaps: linker input file unused because linking not done
cc: error: \\\-DBITMAPDIR="/usr/include/X11/bitmaps: linker input file not found: No such file or directory
make[2]: *** [Makefile:620: GetHost.lo] Error 1
make[2]: *** [Makefile:620: CursorName.lo] Error 1
cc: warning: \\\-DBITMAPDIR="/usr/include/X11/bitmaps: linker input file unused because linking not done
cc: error: \\\-DBITMAPDIR="/usr/include/X11/bitmaps: linker input file not found: No such file or directory
make[2]: *** [Makefile:620: Atoms.lo] Error 1
cc: warning: \\\-DBITMAPDIR="/usr/include/X11/bitmaps: linker input file unused because linking not done
cc: error: \\\-DBITMAPDIR="/usr/include/X11/bitmaps: linker input file not found: No such file or directory
make[2]: *** [Makefile:620: DelCmap.lo] Error 1
cc: warning: \\\-DBITMAPDIR="/usr/include/X11/bitmaps: linker input file unused because linking not done
cc: error: \\\-DBITMAPDIR="/usr/include/X11/bitmaps: linker input file not found: No such file or directory
make[2]: *** [Makefile:620: AllCmap.lo] Error 1
cc: warning: \\\-DBITMAPDIR="/usr/include/X11/bitmaps: linker input file unused because linking not done
cc: error: \\\-DBITMAPDIR="/usr/include/X11/bitmaps: linker input file not found: No such file or directory
make[2]: *** [Makefile:620: DisplayQue.lo] Error 1
cc: warning: \\\-DBITMAPDIR="/usr/include/X11/bitmaps: linker input file unused because linking not done
cc: error: \\\-DBITMAPDIR="/usr/include/X11/bitmaps: linker input file not found: No such file or directory
make[2]: *** [Makefile:620: CvtCache.lo] Error 1
cc: warning: \\\-DBITMAPDIR="/usr/include/X11/bitmaps: linker input file unused because linking not done
cc: error: \\\-DBITMAPDIR="/usr/include/X11/bitmaps: linker input file not found: No such file or directory
make[2]: *** [Makefile:620: CmapAlloc.lo] Error 1
cc: warning: \\\-DBITMAPDIR="/usr/include/X11/bitmaps: linker input file unused because linking not done
cc: error: \\\-DBITMAPDIR="/usr/include/X11/bitmaps: linker input file not found: No such file or directory
make[2]: *** [Makefile:620: DefErrMsg.lo] Error 1
cc: warning: \\\-DBITMAPDIR="/usr/include/X11/bitmaps: linker input file unused because linking not done
cc: error: \\\-DBITMAPDIR="/usr/include/X11/bitmaps: linker input file not found: No such file or directory
cc: warning: \\\-DBITMAPDIR="/usr/include/X11/bitmaps: linker input file unused because linking not done
cc: error: \\\-DBITMAPDIR="/usr/include/X11/bitmaps: linker input file not found: No such file or directory
make[2]: *** [Makefile:620: CvtStdSel.lo] Error 1
make[2]: *** [Makefile:620: CloseHook.lo] Error 1
cc: warning: \\\-DBITMAPDIR="/usr/include/X11/bitmaps: linker input file unused because linking not done
cc: error: \\\-DBITMAPDIR="/usr/include/X11/bitmaps: linker input file not found: No such file or directory
make[2]: *** [Makefile:620: CrCmap.lo] Error 1
cc: warning: \\\-DBITMAPDIR="/usr/include/X11/bitmaps: linker input file unused because linking not done
cc: error: \\\-DBITMAPDIR="/usr/include/X11/bitmaps: linker input file not found: No such file or directory
make[2]: *** [Makefile:620: Lower.lo] Error 1
cc: warning: \\\-DBITMAPDIR="/usr/include/X11/bitmaps: linker input file unused because linking not done
cc: error: \\\-DBITMAPDIR="/usr/include/X11/bitmaps: linker input file not found: No such file or directory
make[2]: *** [Makefile:620: Clip.lo] Error 1
make[2]: Leaving directory '/tmp/src/libXmu-1.2.1/src'
make[1]: *** [Makefile:495: all-recursive] Error 1
make[1]: Leaving directory '/tmp/src/libXmu-1.2.1'
make: *** [Makefile:402: all] Error 2
>>> ERROR: libxmu: build failed
>>> ERROR: libxmu: rootbld failed
>>> libxmu: Cleaning up build chroot
