>>> libxaw: Validating /home/packager/oily-pine/main/libxaw/APKBUILD...
>>> libxaw: Cleaning up srcdir
>>> libxaw: Cleaning up pkgdir
>>> libxaw: Cleaning up tmpdir
>>> libxaw: Fetching https://www.x.org/releases/individual/lib/libXaw-1.0.16.tar.xz
>>> libxaw: Fetching https://www.x.org/releases/individual/lib/libXaw-1.0.16.tar.xz
>>> libxaw: Checking sha512sums...
libXaw-1.0.16.tar.xz: OK
>>> libxaw: Preparing build chroot...
installing oils!
fetch http://dl-cdn.alpinelinux.org/alpine/edge/main/x86_64/APKINDEX.tar.gz
WARNING: opening /home/packager/packages//# for oils: No such file or directory
(1/120) Installing musl (1.2.5-r13)
(2/120) Installing libcrypto3 (3.5.1-r0)
(3/120) Installing libssl3 (3.5.1-r0)
(4/120) Installing zlib (1.3.1-r2)
(5/120) Installing zstd-libs (1.5.7-r1)
(6/120) Installing libapk (3.0.0_rc5_git20250613-r0)
(7/120) Installing ca-certificates-bundle (20241121-r2)
(8/120) Installing apk-tools (3.0.0_rc5_git20250613-r0)
(9/120) Installing libcap2 (2.76-r0)
(10/120) Installing libcap-getcap (2.76-r0)
(11/120) Installing fakeroot (1.37.1.2-r0)
(12/120) Installing scanelf (1.3.8-r1)
(13/120) Installing musl-utils (1.2.5-r13)
(14/120) Installing libgcc (14.3.0-r5)
(15/120) Installing libstdc++ (14.3.0-r5)
(16/120) Installing lzip (1.25-r0)
(17/120) Installing openssl (3.5.1-r0)
(18/120) Installing patch (2.8-r0)
(19/120) Installing pkgconf (2.5.1-r0)
(20/120) Installing acl-libs (2.3.2-r1)
(21/120) Installing tar (1.35-r4)
(22/120) Installing alpine-baselayout-data (3.7.0-r0)
(23/120) Installing busybox (1.37.0-r18)
Executing busybox-1.37.0-r18.post-install
(24/120) Installing ssl_client (1.37.0-r18)
(25/120) Installing ncurses-terminfo-base (6.5_p20250705-r0)
(26/120) Installing libncursesw (6.5_p20250705-r0)
(27/120) Installing readline (8.3.0-r1)
(28/120) Installing oils-for-unix (0.28.0-r0)
(29/120) Installing oils-for-unix-binsh (0.28.0-r0)
(30/120) Installing abuild (3.15.0-r2)
Executing abuild-3.15.0-r2.pre-install
(31/120) Installing abuild-sudo (3.15.0-r2)
(32/120) Installing alpine-baselayout (3.7.0-r0)
Executing alpine-baselayout-3.7.0-r0.pre-install
Executing alpine-baselayout-3.7.0-r0.post-install
(33/120) Installing bridge (1.5-r5)
(34/120) Installing ifupdown-ng (0.12.1-r7)
(35/120) Installing openrc-user (0.62.5-r0)
(36/120) Installing openrc (0.62.5-r0)
Executing openrc-0.62.5-r0.post-install
(37/120) Installing mdev-conf (4.8-r0)
(38/120) Installing busybox-mdev-openrc (1.37.0-r18)
(39/120) Installing alpine-conf (3.20.0-r0)
(40/120) Installing alpine-keys (2.5-r0)
(41/120) Installing alpine-release (3.23.0_alpha20250612-r0)
(42/120) Installing busybox-openrc (1.37.0-r18)
(43/120) Installing busybox-suid (1.37.0-r18)
(44/120) Installing alpine-base (3.23.0_alpha20250612-r0)
(45/120) Installing jansson (2.14.1-r0)
(46/120) Installing binutils (2.44-r0)
(47/120) Installing libmagic (5.46-r2)
(48/120) Installing file (5.46-r2)
(49/120) Installing libgomp (14.3.0-r5)
(50/120) Installing libatomic (14.3.0-r5)
(51/120) Installing gmp (6.3.0-r4)
(52/120) Installing isl26 (0.26-r1)
(53/120) Installing mpfr4 (4.2.2-r0)
(54/120) Installing mpc1 (1.3.1-r1)
(55/120) Installing gcc (14.3.0-r5)
(56/120) Installing libstdc++-dev (14.3.0-r5)
(57/120) Installing musl-dev (1.2.5-r13)
(58/120) Installing g++ (14.3.0-r5)
(59/120) Installing make (4.4.1-r3)
(60/120) Installing fortify-headers (1.1-r5)
(61/120) Installing build-base (0.5-r3)
(62/120) Installing brotli-libs (1.1.0-r2)
(63/120) Installing c-ares (1.34.5-r0)
(64/120) Installing libunistring (1.3-r0)
(65/120) Installing libidn2 (2.3.8-r0)
(66/120) Installing nghttp2-libs (1.66.0-r0)
(67/120) Installing libpsl (0.21.5-r3)
(68/120) Installing libcurl (8.14.1-r2)
(69/120) Installing libexpat (2.7.1-r0)
(70/120) Installing pcre2 (10.43-r1)
(71/120) Installing git (2.50.1-r0)
(72/120) Installing git-init-template (2.50.1-r0)
(73/120) Installing libxau (1.0.12-r0)
(74/120) Installing xorgproto (2024.1-r0)
(75/120) Installing libxau-dev (1.0.12-r0)
(76/120) Installing libbz2 (1.0.8-r6)
(77/120) Installing libffi (3.5.1-r0)
(78/120) Installing gdbm (1.24-r0)
(79/120) Installing xz-libs (5.8.1-r0)
(80/120) Installing mpdecimal (4.0.1-r0)
(81/120) Installing libpanelw (6.5_p20250705-r0)
(82/120) Installing sqlite-libs (3.50.2-r0)
(83/120) Installing python3 (3.12.11-r0)
(84/120) Installing python3-pycache-pyc0 (3.12.11-r0)
(85/120) Installing pyc (3.12.11-r0)
(86/120) Installing xcb-proto-pyc (1.17.0-r0)
(87/120) Installing python3-pyc (3.12.11-r0)
(88/120) Installing xcb-proto (1.17.0-r0)
(89/120) Installing libmd (1.1.0-r0)
(90/120) Installing libbsd (0.12.2-r0)
(91/120) Installing libxdmcp (1.1.5-r1)
(92/120) Installing libxcb (1.17.0-r0)
(93/120) Installing libxdmcp-dev (1.1.5-r1)
(94/120) Installing libxcb-dev (1.17.0-r0)
(95/120) Installing xtrans (1.6.0-r0)
(96/120) Installing libx11 (1.8.12-r0)
(97/120) Installing libx11-dev (1.8.12-r0)
(98/120) Installing libxext (1.3.6-r2)
(99/120) Installing libxext-dev (1.3.6-r2)
(100/120) Installing libeconf (0.7.9-r0)
(101/120) Installing libblkid (2.41.1-r0)
(102/120) Installing libuuid (2.41.1-r0)
(103/120) Installing libfdisk (2.41.1-r0)
(104/120) Installing liblastlog2 (2.41.1-r0)
(105/120) Installing libmount (2.41.1-r0)
(106/120) Installing libsmartcols (2.41.1-r0)
(107/120) Installing sqlite (3.50.2-r0)
(108/120) Installing sqlite-dev (3.50.2-r0)
(109/120) Installing util-linux-dev (2.41.1-r0)
(110/120) Installing libice (1.1.2-r0)
(111/120) Installing libsm (1.2.6-r0)
(112/120) Installing libxt (1.3.1-r0)
(113/120) Installing libxmu (1.2.1-r0)
(114/120) Installing libice-dev (1.1.2-r0)
(115/120) Installing libsm-dev (1.2.6-r0)
(116/120) Installing libxt-dev (1.3.1-r0)
(117/120) Installing libxmu-dev (1.2.1-r0)
(118/120) Installing libxpm (3.5.17-r0)
(119/120) Installing libxpm-dev (3.5.17-r0)
(120/120) Installing util-macros (1.20.2-r0)
Executing busybox-1.37.0-r18.trigger
OK: 325 MiB in 120 packages
>>> libxaw: Fetching https://www.x.org/releases/individual/lib/libXaw-1.0.16.tar.xz
>>> libxaw: Checking sha512sums...
libXaw-1.0.16.tar.xz: OK
>>> libxaw: Unpacking /var/cache/distfiles/libXaw-1.0.16.tar.xz...
checking for a BSD-compatible install... /usr/bin/install -c
checking whether build environment is sane... yes
checking for a race-free mkdir -p... ./install-sh -c -d
checking for gawk... no
checking for mawk... no
checking for nawk... no
checking for awk... awk
checking whether make sets $(MAKE)... yes
checking whether make supports nested variables... yes
checking build system type... x86_64-alpine-linux-musl
checking host system type... x86_64-alpine-linux-musl
checking how to print strings... printf
checking whether make supports the include directive... yes (GNU style)
checking for x86_64-alpine-linux-musl-gcc... cc
checking whether the C compiler works... yes
checking for C compiler default output file name... a.out
checking for suffix of executables... 
checking whether we are cross compiling... no
checking for suffix of object files... o
checking whether the compiler supports GNU C... yes
checking whether cc accepts -g... yes
checking for cc option to enable C11 features... none needed
checking whether cc understands -c and -o together... yes
checking dependency style of cc... gcc3
checking for a sed that does not truncate output... /bin/sed
checking for grep that handles long lines and -e... /bin/grep
checking for egrep... /bin/grep -E
checking for fgrep... /bin/grep -F
checking for ld used by cc... /usr/x86_64-alpine-linux-musl/bin/ld
checking if the linker (/usr/x86_64-alpine-linux-musl/bin/ld) is GNU ld... yes
checking for BSD- or MS-compatible name lister (nm)... /usr/bin/nm -B
checking the name lister (/usr/bin/nm -B) interface... BSD nm
checking whether ln -s works... yes
checking the maximum length of command line arguments... 98304
checking how to convert x86_64-alpine-linux-musl file names to x86_64-alpine-linux-musl format... func_convert_file_noop
checking how to convert x86_64-alpine-linux-musl file names to toolchain format... func_convert_file_noop
checking for /usr/x86_64-alpine-linux-musl/bin/ld option to reload object files... -r
checking for x86_64-alpine-linux-musl-file... no
checking for file... file
checking for x86_64-alpine-linux-musl-objdump... no
checking for objdump... objdump
checking how to recognize dependent libraries... pass_all
checking for x86_64-alpine-linux-musl-dlltool... no
checking for dlltool... no
checking how to associate runtime and link libraries... printf %s\n
checking for x86_64-alpine-linux-musl-ar... no
checking for ar... ar
checking for archiver @FILE support... @
checking for x86_64-alpine-linux-musl-strip... no
checking for strip... strip
checking for x86_64-alpine-linux-musl-ranlib... no
checking for ranlib... ranlib
checking command to parse /usr/bin/nm -B output from cc object... ok
checking for sysroot... no
checking for a working dd... /bin/dd
checking how to truncate binary pipes... /bin/dd bs=4096 count=1
checking for x86_64-alpine-linux-musl-mt... no
checking for mt... no
checking if : is a manifest tool... no
checking for stdio.h... yes
checking for stdlib.h... yes
checking for string.h... yes
checking for inttypes.h... yes
checking for stdint.h... yes
checking for strings.h... yes
checking for sys/stat.h... yes
checking for sys/types.h... yes
checking for unistd.h... yes
checking for dlfcn.h... yes
checking for objdir... .libs
checking if cc supports -fno-rtti -fno-exceptions... no
checking for cc option to produce PIC... -fPIC -DPIC
checking if cc PIC flag -fPIC -DPIC works... yes
checking if cc static flag -static works... yes
checking if cc supports -c -o file.o... yes
checking if cc supports -c -o file.o... (cached) yes
checking whether the cc linker (/usr/x86_64-alpine-linux-musl/bin/ld -m elf_x86_64) supports shared libraries... yes
checking whether -lc should be explicitly linked in... no
checking dynamic linker characteristics... GNU/Linux ld.so
checking how to hardcode library paths into programs... immediate
checking whether stripping libraries is possible... yes
checking if libtool supports shared libraries... yes
checking whether to build shared libraries... yes
checking whether to build static libraries... no
checking for cc options needed to detect all undeclared functions... none needed
checking whether __clang__ is declared... no
checking whether __INTEL_COMPILER is declared... no
checking whether __SUNPRO_C is declared... no
checking for x86_64-alpine-linux-musl-pkg-config... no
checking for pkg-config... /usr/bin/pkg-config
checking pkg-config is at least version 0.9.0... yes
checking if cc supports -Werror=unknown-warning-option... no
checking if cc supports -Werror=unused-command-line-argument... no
checking if cc supports -Wall... yes
checking if cc supports -Wpointer-arith... yes
checking if cc supports -Wmissing-declarations... yes
checking if cc supports -Wformat=2... yes
checking if cc supports -Wstrict-prototypes... yes
checking if cc supports -Wmissing-prototypes... yes
checking if cc supports -Wnested-externs... yes
checking if cc supports -Wbad-function-cast... yes
checking if cc supports -Wold-style-definition... yes
checking if cc supports -Wdeclaration-after-statement... yes
checking if cc supports -Wunused... yes
checking if cc supports -Wuninitialized... yes
checking if cc supports -Wshadow... yes
checking if cc supports -Wmissing-noreturn... yes
checking if cc supports -Wmissing-format-attribute... yes
checking if cc supports -Wredundant-decls... yes
checking if cc supports -Wlogical-op... yes
checking if cc supports -Werror=implicit... yes
checking if cc supports -Werror=nonnull... yes
checking if cc supports -Werror=init-self... yes
checking if cc supports -Werror=main... yes
checking if cc supports -Werror=missing-braces... yes
checking if cc supports -Werror=sequence-point... yes
checking if cc supports -Werror=return-type... yes
checking if cc supports -Werror=trigraphs... yes
checking if cc supports -Werror=array-bounds... yes
checking if cc supports -Werror=write-strings... yes
checking if cc supports -Werror=address... yes
checking if cc supports -Werror=int-to-pointer-cast... yes
checking if cc supports -Werror=pointer-to-int-cast... yes
checking if cc supports -pedantic... yes
checking if cc supports -Werror... yes
checking if cc supports -Werror=attributes... yes
checking whether make supports nested variables... (cached) yes
checking whether to build functional specifications... yes
checking for xmlto... no
configure: WARNING: xmlto not found - documentation targets will be skipped
checking for fop... no
configure: WARNING: fop not found - documentation targets will be skipped
checking for xsltproc... no
configure: WARNING: xsltproc not found - cannot transform XML documents
checking for X.Org SGML entities >= 1.8... no
checking for gawk... (cached) awk
checking for x86_64-alpine-linux-musl-pkg-config... /usr/bin/pkg-config
checking pkg-config is at least version 0.9.0... yes
checking for xproto x11 xext xextproto xt xmu xpm... yes
checking for wctype.h... yes
checking for wchar.h... yes
checking for widec.h... no
checking for iswalnum... yes
checking for getpagesize... yes
checking if C const-support is wanted... yes
checking whether to build unit test cases... no
checking that generated files are newer than configure... done
configure: creating ./config.status
config.status: creating Makefile
config.status: creating examples/Makefile
config.status: creating include/Makefile
config.status: creating man/Makefile
config.status: creating specs/Makefile
config.status: creating specs/libXaw.ent
config.status: creating src/Makefile
config.status: creating xaw7.pc
config.status: creating config.h
config.status: executing depfiles commands
config.status: executing libtool commands
config.status: executing libtool_hack commands
make  all-recursive
make[1]: Entering directory '/tmp/src/libXaw-1.0.16'
Making all in include
make[2]: Entering directory '/tmp/src/libXaw-1.0.16/include'
make[2]: Nothing to be done for 'all'.
make[2]: Leaving directory '/tmp/src/libXaw-1.0.16/include'
Making all in src
make[2]: Entering directory '/tmp/src/libXaw-1.0.16/src'
  CC       libXaw7_la-Actions.lo
  CC       libXaw7_la-AsciiSink.lo
  CC       libXaw7_la-AllWidgets.lo
  CC       libXaw7_la-AsciiSrc.lo
  CC       libXaw7_la-AsciiText.lo
  CC       libXaw7_la-Box.lo
  CC       libXaw7_la-Command.lo
  CC       libXaw7_la-DisplayList.lo
  CC       libXaw7_la-Form.lo
  CC       libXaw7_la-Converters.lo
  CC       libXaw7_la-Dialog.lo
  CC       libXaw7_la-List.lo
  CC       libXaw7_la-Label.lo
  CC       libXaw7_la-MenuButton.lo
  CC       libXaw7_la-Grip.lo
  CC       libXaw7_la-MultiSrc.lo
cc: warning: \\\-DPROJECT_ROOT="/usr: linker input file unused because linking not done
cc: error: \\\-DPROJECT_ROOT="/usr: linker input file not found: No such file or directory
make[2]: *** [Makefile:1099: libXaw7_la-AllWidgets.lo] Error 1
make[2]: *** Waiting for unfinished jobs....
cc: warning: \\\-DPROJECT_ROOT="/usr: linker input file unused because linking not done
cc: error: \\\-DPROJECT_ROOT="/usr: linker input file not found: No such file or directory
make[2]: *** [Makefile:1169: libXaw7_la-Grip.lo] Error 1
cc: warning: \\\-DPROJECT_ROOT="/usr: linker input file unused because linking not done
cc: error: \\\-DPROJECT_ROOT="/usr: linker input file not found: No such file or directory
cc: warning: \\\-DPROJECT_ROOT="/usr: linker input file unused because linking not done
cc: error: \\\-DPROJECT_ROOT="/usr: linker input file not found: No such file or directory
make[2]: *** [Makefile:1120: libXaw7_la-AsciiText.lo] Error 1
make[2]: *** [Makefile:1190: libXaw7_la-MenuButton.lo] Error 1
cc: warning: \\\-DPROJECT_ROOT="/usr: linker input file unused because linking not done
cc: error: \\\-DPROJECT_ROOT="/usr: linker input file not found: No such file or directory
make[2]: *** [Makefile:1148: libXaw7_la-Dialog.lo] Error 1
cc: warning: \\\-DPROJECT_ROOT="/usr: linker input file unused because linking not done
cc: error: \\\-DPROJECT_ROOT="/usr: linker input file not found: No such file or directory
make[2]: *** [Makefile:1183: libXaw7_la-List.lo] Error 1
cc: warning: \\\-DPROJECT_ROOT="/usr: linker input file unused because linking not done
cc: error: \\\-DPROJECT_ROOT="/usr: linker input file not found: No such file or directory
make[2]: *** [Makefile:1134: libXaw7_la-Command.lo] Error 1
cc: warning: \\\-DPROJECT_ROOT="/usr: linker input file unused because linking not done
cc: error: \\\-DPROJECT_ROOT="/usr: linker input file not found: No such file or directory
make[2]: *** [Makefile:1162: libXaw7_la-Form.lo] Error 1
cc: warning: \\\-DPROJECT_ROOT="/usr: linker input file unused because linking not done
cc: error: \\\-DPROJECT_ROOT="/usr: linker input file not found: No such file or directory
make[2]: *** [Makefile:1127: libXaw7_la-Box.lo] Error 1
cc: warning: \\\-DPROJECT_ROOT="/usr: linker input file unused because linking not done
cc: error: \\\-DPROJECT_ROOT="/usr: linker input file not found: No such file or directory
make[2]: *** [Makefile:1176: libXaw7_la-Label.lo] Error 1
cc: warning: \\\-DPROJECT_ROOT="/usr: linker input file unused because linking not done
cc: error: \\\-DPROJECT_ROOT="/usr: linker input file not found: No such file or directory
make[2]: *** [Makefile:1141: libXaw7_la-Converters.lo] Error 1
cc: warning: \\\-DPROJECT_ROOT="/usr: linker input file unused because linking not done
cc: error: \\\-DPROJECT_ROOT="/usr: linker input file not found: No such file or directory
make[2]: *** [Makefile:1092: libXaw7_la-Actions.lo] Error 1
cc: warning: \\\-DPROJECT_ROOT="/usr: linker input file unused because linking not done
cc: error: \\\-DPROJECT_ROOT="/usr: linker input file not found: No such file or directory
make[2]: *** [Makefile:1113: libXaw7_la-AsciiSrc.lo] Error 1
cc: warning: \\\-DPROJECT_ROOT="/usr: linker input file unused because linking not done
cc: error: \\\-DPROJECT_ROOT="/usr: linker input file not found: No such file or directory
make[2]: *** [Makefile:1197: libXaw7_la-MultiSrc.lo] Error 1
cc: warning: \\\-DPROJECT_ROOT="/usr: linker input file unused because linking not done
cc: error: \\\-DPROJECT_ROOT="/usr: linker input file not found: No such file or directory
make[2]: *** [Makefile:1106: libXaw7_la-AsciiSink.lo] Error 1
cc: warning: \\\-DPROJECT_ROOT="/usr: linker input file unused because linking not done
cc: error: \\\-DPROJECT_ROOT="/usr: linker input file not found: No such file or directory
make[2]: *** [Makefile:1155: libXaw7_la-DisplayList.lo] Error 1
make[2]: Leaving directory '/tmp/src/libXaw-1.0.16/src'
make[1]: *** [Makefile:501: all-recursive] Error 1
make[1]: Leaving directory '/tmp/src/libXaw-1.0.16'
make: *** [Makefile:408: all] Error 2
>>> ERROR: libxaw: build failed
>>> ERROR: libxaw: rootbld failed
>>> libxaw: Cleaning up build chroot
