>>> openobex: Validating /home/packager/oily-pine/main/openobex/APKBUILD...
>>> openobex: Cleaning up srcdir
>>> openobex: Cleaning up pkgdir
>>> openobex: Cleaning up tmpdir
>>> openobex: Fetching https://downloads.sourceforge.net/project/openobex/openobex/1.7.2/openobex-1.7.2-Source.tar.gz
>>> openobex: Fetching https://downloads.sourceforge.net/project/openobex/openobex/1.7.2/openobex-1.7.2-Source.tar.gz
>>> openobex: Checking sha512sums...
openobex-1.7.2-Source.tar.gz: OK
>>> openobex: Preparing build chroot...
installing oils!
fetch http://dl-cdn.alpinelinux.org/alpine/edge/main/x86_64/APKINDEX.tar.gz
WARNING: opening /home/packager/packages//# for oils: No such file or directory
(1/93) Installing musl (1.2.5-r13)
(2/93) Installing libcrypto3 (3.5.1-r0)
(3/93) Installing libssl3 (3.5.1-r0)
(4/93) Installing zlib (1.3.1-r2)
(5/93) Installing zstd-libs (1.5.7-r1)
(6/93) Installing libapk (3.0.0_rc5_git20250613-r0)
(7/93) Installing ca-certificates-bundle (20241121-r2)
(8/93) Installing apk-tools (3.0.0_rc5_git20250613-r0)
(9/93) Installing libcap2 (2.76-r0)
(10/93) Installing libcap-getcap (2.76-r0)
(11/93) Installing fakeroot (1.37.1.2-r0)
(12/93) Installing scanelf (1.3.8-r1)
(13/93) Installing musl-utils (1.2.5-r13)
(14/93) Installing libgcc (14.3.0-r5)
(15/93) Installing libstdc++ (14.3.0-r5)
(16/93) Installing lzip (1.25-r0)
(17/93) Installing openssl (3.5.1-r0)
(18/93) Installing patch (2.8-r0)
(19/93) Installing pkgconf (2.5.1-r0)
(20/93) Installing acl-libs (2.3.2-r1)
(21/93) Installing tar (1.35-r4)
(22/93) Installing alpine-baselayout-data (3.7.0-r0)
(23/93) Installing busybox (1.37.0-r18)
Executing busybox-1.37.0-r18.post-install
(24/93) Installing ssl_client (1.37.0-r18)
(25/93) Installing ncurses-terminfo-base (6.5_p20250705-r0)
(26/93) Installing libncursesw (6.5_p20250705-r0)
(27/93) Installing readline (8.3.0-r1)
(28/93) Installing oils-for-unix (0.28.0-r0)
(29/93) Installing oils-for-unix-binsh (0.28.0-r0)
(30/93) Installing abuild (3.15.0-r2)
Executing abuild-3.15.0-r2.pre-install
(31/93) Installing abuild-sudo (3.15.0-r2)
(32/93) Installing alpine-baselayout (3.7.0-r0)
Executing alpine-baselayout-3.7.0-r0.pre-install
Executing alpine-baselayout-3.7.0-r0.post-install
(33/93) Installing bridge (1.5-r5)
(34/93) Installing ifupdown-ng (0.12.1-r7)
(35/93) Installing openrc-user (0.62.5-r0)
(36/93) Installing openrc (0.62.5-r0)
Executing openrc-0.62.5-r0.post-install
(37/93) Installing mdev-conf (4.8-r0)
(38/93) Installing busybox-mdev-openrc (1.37.0-r18)
(39/93) Installing alpine-conf (3.20.0-r0)
(40/93) Installing alpine-keys (2.5-r0)
(41/93) Installing alpine-release (3.23.0_alpha20250612-r0)
(42/93) Installing busybox-openrc (1.37.0-r18)
(43/93) Installing busybox-suid (1.37.0-r18)
(44/93) Installing alpine-base (3.23.0_alpha20250612-r0)
(45/93) Installing bluez-libs (5.83-r1)
(46/93) Installing bluez-dev (5.83-r1)
(47/93) Installing jansson (2.14.1-r0)
(48/93) Installing binutils (2.44-r0)
(49/93) Installing libmagic (5.46-r2)
(50/93) Installing file (5.46-r2)
(51/93) Installing libgomp (14.3.0-r5)
(52/93) Installing libatomic (14.3.0-r5)
(53/93) Installing gmp (6.3.0-r4)
(54/93) Installing isl26 (0.26-r1)
(55/93) Installing mpfr4 (4.2.2-r0)
(56/93) Installing mpc1 (1.3.1-r1)
(57/93) Installing gcc (14.3.0-r5)
(58/93) Installing libstdc++-dev (14.3.0-r5)
(59/93) Installing musl-dev (1.2.5-r13)
(60/93) Installing g++ (14.3.0-r5)
(61/93) Installing make (4.4.1-r3)
(62/93) Installing fortify-headers (1.1-r5)
(63/93) Installing build-base (0.5-r3)
(64/93) Installing libbz2 (1.0.8-r6)
(65/93) Installing libexpat (2.7.1-r0)
(66/93) Installing lz4-libs (1.10.0-r0)
(67/93) Installing xz-libs (5.8.1-r0)
(68/93) Installing libarchive (3.8.1-r0)
(69/93) Installing rhash-libs (1.4.6-r0)
(70/93) Installing libuv (1.51.0-r0)
(71/93) Installing cmake (4.0.3-r0)
(72/93) Installing libxml2 (2.13.8-r0)
(73/93) Installing libxml2-utils (2.13.8-r0)
(74/93) Installing docbook-xml (4.5-r10)
Executing docbook-xml-4.5-r10.post-install
(75/93) Installing libxslt (1.1.43-r3)
(76/93) Installing docbook-xsl-ns (1.79.2-r13)
Executing docbook-xsl-ns-1.79.2-r13.post-install
(77/93) Installing docbook-xsl-nons (1.79.2-r13)
Executing docbook-xsl-nons-1.79.2-r13.post-install
(78/93) Installing docbook-xsl (1.79.2-r13)
(79/93) Installing eudev-libs (3.2.14-r5)
(80/93) Installing eudev-dev (3.2.14-r5)
(81/93) Installing brotli-libs (1.1.0-r2)
(82/93) Installing c-ares (1.34.5-r0)
(83/93) Installing libunistring (1.3-r0)
(84/93) Installing libidn2 (2.3.8-r0)
(85/93) Installing nghttp2-libs (1.66.0-r0)
(86/93) Installing libpsl (0.21.5-r3)
(87/93) Installing libcurl (8.14.1-r2)
(88/93) Installing pcre2 (10.43-r1)
(89/93) Installing git (2.50.1-r0)
(90/93) Installing git-init-template (2.50.1-r0)
(91/93) Installing libusb (1.0.29-r0)
(92/93) Installing libusb-dev (1.0.29-r0)
(93/93) Installing samurai (1.2-r7)
Executing busybox-1.37.0-r18.trigger
OK: 360 MiB in 93 packages
>>> openobex: Fetching https://downloads.sourceforge.net/project/openobex/openobex/1.7.2/openobex-1.7.2-Source.tar.gz
>>> openobex: Checking sha512sums...
openobex-1.7.2-Source.tar.gz: OK
>>> openobex: Unpacking /var/cache/distfiles/openobex-1.7.2-Source.tar.gz...
CMake Error at CMakeLists.txt:1 (cmake_minimum_required):
  Compatibility with CMake < 3.5 has been removed from CMake.

  Update the VERSION argument <min> value.  Or, use the <min>...<max> syntax
  to tell CMake that the project requires at least <min> but has been updated
  to work with policies introduced by <max> or earlier.

  Or, add -DCMAKE_POLICY_VERSION_MINIMUM=3.5 to try configuring anyway.


-- Configuring incomplete, errors occurred!
>>> ERROR: openobex: build failed
>>> ERROR: openobex: rootbld failed
>>> openobex: Cleaning up build chroot
