>>> perl-convert-color: Validating /home/packager/oily-pine/main/perl-convert-color/APKBUILD...
>>> perl-convert-color: Cleaning up srcdir
>>> perl-convert-color: Cleaning up pkgdir
>>> perl-convert-color: Cleaning up tmpdir
>>> perl-convert-color: Fetching https://cpan.metacpan.org/authors/id/P/PE/PEVANS/Convert-Color-0.18.tar.gz
>>> perl-convert-color: Fetching https://cpan.metacpan.org/authors/id/P/PE/PEVANS/Convert-Color-0.18.tar.gz
>>> perl-convert-color: Checking sha512sums...
Convert-Color-0.18.tar.gz: OK
>>> perl-convert-color: Preparing build chroot...
installing oils!
fetch http://dl-cdn.alpinelinux.org/alpine/edge/main/x86_64/APKINDEX.tar.gz
WARNING: updating and opening http://dl-cdn.alpinelinux.org/alpine/edge/main: temporary error (try again later)
WARNING: opening /home/packager/packages//# for oils: No such file or directory
ERROR: unable to select packages:
  abuild (no such package):
    required by: world[abuild]
  alpine-base (no such package):
    required by: world[alpine-base]
  build-base (no such package):
    required by: world[build-base]
  git (no such package):
    required by: world[git]
  perl-list-utilsby (no such package):
    required by: world[perl-list-utilsby]
  perl-meta (no such package):
    required by: world[perl-meta]
  perl-module-pluggable (no such package):
    required by: world[perl-module-pluggable]
  rgb (no such package):
    required by: world[rgb]
  busybox (no such package):
    required by: oils-for-unix-0.28.0-r0[busybox]
  so:libgcc_s.so.1 (no such package):
    required by: oils-for-unix-0.28.0-r0[so:libgcc_s.so.1]
  so:libstdc++.so.6 (no such package):
    required by: oils-for-unix-0.28.0-r0[so:libstdc++.so.6]
>>> ERROR: perl-convert-color: rootbld failed
>>> perl-convert-color: Cleaning up build chroot
