>>> rrdtool: Validating /home/packager/oily-pine/main/rrdtool/APKBUILD...
>>> rrdtool: Cleaning up srcdir
>>> rrdtool: Cleaning up pkgdir
>>> rrdtool: Cleaning up tmpdir
>>> rrdtool: Fetching https://github.com/oetiker/rrdtool-1.x/releases/download/v1.9.0/rrdtool-1.9.0.tar.gz
>>> rrdtool: Fetching https://github.com/oetiker/rrdtool-1.x/releases/download/v1.9.0/rrdtool-1.9.0.tar.gz
>>> rrdtool: Checking sha512sums...
rrdtool-1.9.0.tar.gz: OK
lua-install-cmod.patch: OK
dont-install-in-usr-local.patch: OK
rrdcached.initd: OK
>>> rrdtool: Preparing build chroot...
installing oils!
fetch http://dl-cdn.alpinelinux.org/alpine/edge/main/x86_64/APKINDEX.tar.gz
WARNING: opening /home/packager/packages//# for oils: No such file or directory
(1/208) Installing musl (1.2.5-r13)
(2/208) Installing libcrypto3 (3.5.1-r0)
(3/208) Installing libssl3 (3.5.1-r0)
(4/208) Installing zlib (1.3.1-r2)
(5/208) Installing zstd-libs (1.5.7-r1)
(6/208) Installing libapk (3.0.0_rc5_git20250613-r0)
(7/208) Installing ca-certificates-bundle (20241121-r2)
(8/208) Installing apk-tools (3.0.0_rc5_git20250613-r0)
(9/208) Installing libcap2 (2.76-r0)
(10/208) Installing libcap-getcap (2.76-r0)
(11/208) Installing fakeroot (1.37.1.2-r0)
(12/208) Installing scanelf (1.3.8-r1)
(13/208) Installing musl-utils (1.2.5-r13)
(14/208) Installing libgcc (14.3.0-r5)
(15/208) Installing libstdc++ (14.3.0-r5)
(16/208) Installing lzip (1.25-r0)
(17/208) Installing openssl (3.5.1-r0)
(18/208) Installing patch (2.8-r0)
(19/208) Installing pkgconf (2.5.1-r0)
(20/208) Installing acl-libs (2.3.2-r1)
(21/208) Installing tar (1.35-r4)
(22/208) Installing alpine-baselayout-data (3.7.0-r0)
(23/208) Installing busybox (1.37.0-r18)
Executing busybox-1.37.0-r18.post-install
(24/208) Installing ssl_client (1.37.0-r18)
(25/208) Installing ncurses-terminfo-base (6.5_p20250705-r0)
(26/208) Installing libncursesw (6.5_p20250705-r0)
(27/208) Installing readline (8.3.0-r1)
(28/208) Installing oils-for-unix (0.28.0-r0)
(29/208) Installing oils-for-unix-binsh (0.28.0-r0)
(30/208) Installing abuild (3.15.0-r2)
Executing abuild-3.15.0-r2.pre-install
(31/208) Installing abuild-sudo (3.15.0-r2)
(32/208) Installing alpine-baselayout (3.7.0-r0)
Executing alpine-baselayout-3.7.0-r0.pre-install
Executing alpine-baselayout-3.7.0-r0.post-install
(33/208) Installing bridge (1.5-r5)
(34/208) Installing ifupdown-ng (0.12.1-r7)
(35/208) Installing openrc-user (0.62.5-r0)
(36/208) Installing openrc (0.62.5-r0)
Executing openrc-0.62.5-r0.post-install
(37/208) Installing mdev-conf (4.8-r0)
(38/208) Installing busybox-mdev-openrc (1.37.0-r18)
(39/208) Installing alpine-conf (3.20.0-r0)
(40/208) Installing alpine-keys (2.5-r0)
(41/208) Installing alpine-release (3.23.0_alpha20250612-r0)
(42/208) Installing busybox-openrc (1.37.0-r18)
(43/208) Installing busybox-suid (1.37.0-r18)
(44/208) Installing alpine-base (3.23.0_alpha20250612-r0)
(45/208) Installing m4 (1.4.20-r0)
(46/208) Installing libbz2 (1.0.8-r6)
(47/208) Installing perl (5.42.0-r0)
(48/208) Installing autoconf (2.72-r1)
(49/208) Installing automake (1.18.1-r0)
(50/208) Installing jansson (2.14.1-r0)
(51/208) Installing binutils (2.44-r0)
(52/208) Installing libmagic (5.46-r2)
(53/208) Installing file (5.46-r2)
(54/208) Installing libgomp (14.3.0-r5)
(55/208) Installing libatomic (14.3.0-r5)
(56/208) Installing gmp (6.3.0-r4)
(57/208) Installing isl26 (0.26-r1)
(58/208) Installing mpfr4 (4.2.2-r0)
(59/208) Installing mpc1 (1.3.1-r1)
(60/208) Installing gcc (14.3.0-r5)
(61/208) Installing libstdc++-dev (14.3.0-r5)
(62/208) Installing musl-dev (1.2.5-r13)
(63/208) Installing g++ (14.3.0-r5)
(64/208) Installing make (4.4.1-r3)
(65/208) Installing fortify-headers (1.1-r5)
(66/208) Installing build-base (0.5-r3)
(67/208) Installing cairo-tools (1.18.4-r0)
(68/208) Installing libexpat (2.7.1-r0)
(69/208) Installing brotli-libs (1.1.0-r2)
(70/208) Installing libpng (1.6.49-r0)
(71/208) Installing freetype (2.13.3-r0)
(72/208) Installing fontconfig (2.15.0-r3)
(73/208) Installing expat (2.7.1-r0)
(74/208) Installing expat-dev (2.7.1-r0)
(75/208) Installing bzip2-dev (1.0.8-r6)
(76/208) Installing brotli (1.1.0-r2)
(77/208) Installing brotli-dev (1.1.0-r2)
(78/208) Installing zlib-dev (1.3.1-r2)
(79/208) Installing libpng-dev (1.6.49-r0)
(80/208) Installing freetype-dev (2.13.3-r0)
(81/208) Installing fontconfig-dev (2.15.0-r3)
(82/208) Installing libxau (1.0.12-r0)
(83/208) Installing xorgproto (2024.1-r0)
(84/208) Installing libxau-dev (1.0.12-r0)
(85/208) Installing libmd (1.1.0-r0)
(86/208) Installing libbsd (0.12.2-r0)
(87/208) Installing libxdmcp (1.1.5-r1)
(88/208) Installing libxcb (1.17.0-r0)
(89/208) Installing libx11 (1.8.12-r0)
(90/208) Installing libxext (1.3.6-r2)
(91/208) Installing libffi (3.5.1-r0)
(92/208) Installing gdbm (1.24-r0)
(93/208) Installing xz-libs (5.8.1-r0)
(94/208) Installing mpdecimal (4.0.1-r0)
(95/208) Installing libpanelw (6.5_p20250705-r0)
(96/208) Installing sqlite-libs (3.50.2-r0)
(97/208) Installing python3 (3.12.11-r0)
(98/208) Installing python3-pycache-pyc0 (3.12.11-r0)
(99/208) Installing pyc (3.12.11-r0)
(100/208) Installing xcb-proto-pyc (1.17.0-r0)
(101/208) Installing python3-pyc (3.12.11-r0)
(102/208) Installing xcb-proto (1.17.0-r0)
(103/208) Installing libxdmcp-dev (1.1.5-r1)
(104/208) Installing libxcb-dev (1.17.0-r0)
(105/208) Installing xtrans (1.6.0-r0)
(106/208) Installing libx11-dev (1.8.12-r0)
(107/208) Installing libxext-dev (1.3.6-r2)
(108/208) Installing libxrender (0.9.12-r0)
(109/208) Installing libxrender-dev (0.9.12-r0)
(110/208) Installing pixman (0.46.2-r0)
(111/208) Installing pixman-dev (0.46.2-r0)
(112/208) Installing util-macros (1.20.2-r0)
(113/208) Installing xcb-util (0.4.1-r3)
(114/208) Installing xcb-util-dev (0.4.1-r3)
(115/208) Installing cairo (1.18.4-r0)
(116/208) Installing libintl (0.24.1-r0)
(117/208) Installing libeconf (0.7.9-r0)
(118/208) Installing libblkid (2.41.1-r0)
(119/208) Installing libmount (2.41.1-r0)
(120/208) Installing pcre2 (10.43-r1)
(121/208) Installing glib (2.84.3-r0)
(122/208) Installing cairo-gobject (1.18.4-r0)
(123/208) Installing libxml2 (2.13.8-r0)
(124/208) Installing libxml2-utils (2.13.8-r0)
(125/208) Installing docbook-xml (4.5-r10)
Executing docbook-xml-4.5-r10.post-install
(126/208) Installing libxslt (1.1.43-r3)
(127/208) Installing docbook-xsl-ns (1.79.2-r13)
Executing docbook-xsl-ns-1.79.2-r13.post-install
(128/208) Installing docbook-xsl-nons (1.79.2-r13)
Executing docbook-xsl-nons-1.79.2-r13.post-install
(129/208) Installing docbook-xsl (1.79.2-r13)
(130/208) Installing xz (5.8.1-r0)
(131/208) Installing gettext-asprintf (0.24.1-r0)
(132/208) Installing libunistring (1.3-r0)
(133/208) Installing gettext-libs (0.24.1-r0)
(134/208) Installing gettext-envsubst (0.24.1-r0)
(135/208) Installing gettext (0.24.1-r0)
(136/208) Installing gettext-dev (0.24.1-r0)
(137/208) Installing py3-parsing (3.2.3-r0)
(138/208) Installing py3-parsing-pyc (3.2.3-r0)
(139/208) Installing py3-packaging (25.0-r0)
(140/208) Installing py3-packaging-pyc (25.0-r0)
(141/208) Installing linux-headers (6.15.5-r0)
(142/208) Installing libffi-dev (3.5.1-r0)
(143/208) Installing bsd-compat-headers (0.7.2-r6)
(144/208) Installing libformw (6.5_p20250705-r0)
(145/208) Installing libmenuw (6.5_p20250705-r0)
(146/208) Installing libncurses++ (6.5_p20250705-r0)
(147/208) Installing ncurses-dev (6.5_p20250705-r0)
(148/208) Installing libedit (20250104.3.1-r1)
(149/208) Installing libedit-dev (20250104.3.1-r1)
(150/208) Installing libpcre2-16 (10.43-r1)
(151/208) Installing libpcre2-32 (10.43-r1)
(152/208) Installing pcre2-dev (10.43-r1)
(153/208) Installing libuuid (2.41.1-r0)
(154/208) Installing libfdisk (2.41.1-r0)
(155/208) Installing liblastlog2 (2.41.1-r0)
(156/208) Installing libsmartcols (2.41.1-r0)
(157/208) Installing sqlite (3.50.2-r0)
(158/208) Installing sqlite-dev (3.50.2-r0)
(159/208) Installing util-linux-dev (2.41.1-r0)
(160/208) Installing glib-dev (2.84.3-r0)
(161/208) Installing cairo-dev (1.18.4-r0)
(162/208) Installing font-cantarell (0.303.1-r3)
(163/208) Installing c-ares (1.34.5-r0)
(164/208) Installing libidn2 (2.3.8-r0)
(165/208) Installing nghttp2-libs (1.66.0-r0)
(166/208) Installing libpsl (0.21.5-r3)
(167/208) Installing libcurl (8.14.1-r2)
(168/208) Installing git (2.50.1-r0)
(169/208) Installing git-init-template (2.50.1-r0)
(170/208) Installing perl-error (0.17030-r0)
(171/208) Installing perl-git (2.50.1-r0)
(172/208) Installing git-perl (2.50.1-r0)
(173/208) Installing groff (1.23.0-r3)
(174/208) Installing libart-lgpl (2.3.21-r8)
(175/208) Installing libart-lgpl-dev (2.3.21-r8)
(176/208) Installing libltdl (2.5.4-r1)
(177/208) Installing libtool (2.5.4-r1)
(178/208) Installing xz-dev (5.8.1-r0)
(179/208) Installing libxml2-dev (2.13.8-r0)
(180/208) Installing lua5.4-libs (5.4.8-r0)
(181/208) Installing lua5.4 (5.4.8-r0)
(182/208) Installing lua5.1-libs (5.1.5-r13)
(183/208) Installing lua5.1 (5.1.5-r13)
(184/208) Installing lua5.1-dev (5.1.5-r13)
(185/208) Installing libxft (2.3.9-r0)
(186/208) Installing graphite2 (1.3.14-r6)
(187/208) Installing harfbuzz (11.2.1-r0)
(188/208) Installing fribidi (1.0.16-r1)
(189/208) Installing pango (1.56.4-r0)
(190/208) Installing pango-tools (1.56.4-r0)
(191/208) Installing fribidi-dev (1.0.16-r1)
(192/208) Installing harfbuzz-cairo (11.2.1-r0)
(193/208) Installing harfbuzz-gobject (11.2.1-r0)
(194/208) Installing icu-data-en (76.1-r1)
Executing icu-data-en-76.1-r1.post-install
*
* If you need ICU with non-English locales and legacy charset support, install
* package icu-data-full.
*
(195/208) Installing icu-libs (76.1-r1)
(196/208) Installing harfbuzz-icu (11.2.1-r0)
(197/208) Installing harfbuzz-subset (11.2.1-r0)
(198/208) Installing graphite2-dev (1.3.14-r6)
(199/208) Installing icu (76.1-r1)
(200/208) Installing icu-dev (76.1-r1)
(201/208) Installing harfbuzz-dev (11.2.1-r0)
(202/208) Installing libxft-dev (2.3.9-r0)
(203/208) Installing pango-dev (1.56.4-r0)
(204/208) Installing perl-utils (5.42.0-r0)
(205/208) Installing perl-dev (5.42.0-r0)
(206/208) Installing tzdata (2025b-r0)
(207/208) Installing tcl (8.6.16-r0)
(208/208) Installing tcl-dev (8.6.16-r0)
Executing busybox-1.37.0-r18.trigger
Executing fontconfig-2.15.0-r3.trigger
Executing glib-2.84.3-r0.trigger
No schema files found: doing nothing.
OK: 477 MiB in 208 packages
>>> rrdtool: Fetching https://github.com/oetiker/rrdtool-1.x/releases/download/v1.9.0/rrdtool-1.9.0.tar.gz
>>> rrdtool: Checking sha512sums...
rrdtool-1.9.0.tar.gz: OK
lua-install-cmod.patch: OK
dont-install-in-usr-local.patch: OK
rrdcached.initd: OK
>>> rrdtool: Unpacking /var/cache/distfiles/rrdtool-1.9.0.tar.gz...
>>> rrdtool: lua-install-cmod.patch
patching file configure
Hunk #1 succeeded at 23063 (offset 1067 lines).
>>> rrdtool: dont-install-in-usr-local.patch
patching file bindings/lua/compat-5.1r5/compat-5.1.lua
patching file configure.ac
Hunk #1 succeeded at 927 (offset 84 lines).
>>> rrdtool: Updating ./conftools/config.sub
libtoolize: putting auxiliary files in AC_CONFIG_AUX_DIR, 'conftools'.
libtoolize: linking file 'conftools/ltmain.sh'
libtoolize: putting macros in AC_CONFIG_MACRO_DIRS, 'm4'.
libtoolize: linking file 'm4/libtool.m4'
libtoolize: linking file 'm4/ltoptions.m4'
libtoolize: linking file 'm4/ltsugar.m4'
libtoolize: linking file 'm4/ltversion.m4'
libtoolize: linking file 'm4/lt~obsolete.m4'
configure.ac:322: warning: macro 'AM_GNU_GETTEXT_VERSION' not found in library
configure.ac:323: warning: macro 'AM_GNU_GETTEXT' not found in library
configure.ac:1022: warning: macro 'AM_CHECK_PYTHON_HEADERS' not found in library
configure.ac:173: warning: The macro 'AC_PROG_LIBTOOL' is obsolete.
configure.ac:173: You should run autoupdate.
m4/libtool.m4:100: AC_PROG_LIBTOOL is expanded from...
configure.ac:173: the top level
configure.ac:214: warning: The macro 'AC_HEADER_STDC' is obsolete.
configure.ac:214: You should run autoupdate.
./lib/autoconf/headers.m4:663: AC_HEADER_STDC is expanded from...
configure.ac:214: the top level
configure.ac:220: warning: The macro 'AC_HEADER_TIME' is obsolete.
configure.ac:220: You should run autoupdate.
./lib/autoconf/headers.m4:702: AC_HEADER_TIME is expanded from...
configure.ac:220: the top level
configure.ac:323: warning: AM_PROG_MKDIR_P: this macro is deprecated, and will soon be removed.
configure.ac:323: You should use the Autoconf-provided 'AC_PROG_MKDIR_P' macro instead,
configure.ac:323: and use '$(MKDIR_P)' instead of '$(mkdir_p)'in your Makefile.am files.
./lib/autoconf/general.m4:2434: AC_DIAGNOSE is expanded from...
aclocal.m4:1094: AM_PROG_MKDIR_P is expanded from...
m4/po.m4:23: AM_PO_SUBDIRS is expanded from...
m4/gettext.m4:57: AM_GNU_GETTEXT is expanded from...
configure.ac:323: the top level
configure.ac:323: warning: The macro 'AC_TRY_LINK' is obsolete.
configure.ac:323: You should run autoupdate.
./lib/autoconf/general.m4:2918: AC_TRY_LINK is expanded from...
lib/m4sugar/m4sh.m4:690: _AS_IF_ELSE is expanded from...
lib/m4sugar/m4sh.m4:697: AS_IF is expanded from...
./lib/autoconf/general.m4:2249: AC_CACHE_VAL is expanded from...
./lib/autoconf/general.m4:2270: AC_CACHE_CHECK is expanded from...
m4/intlmacosx.m4:18: gt_INTL_MACOSX is expanded from...
m4/gettext.m4:57: AM_GNU_GETTEXT is expanded from...
configure.ac:323: the top level
configure.ac:323: warning: The macro 'AC_TRY_LINK' is obsolete.
configure.ac:323: You should run autoupdate.
./lib/autoconf/general.m4:2918: AC_TRY_LINK is expanded from...
lib/m4sugar/m4sh.m4:690: _AS_IF_ELSE is expanded from...
lib/m4sugar/m4sh.m4:697: AS_IF is expanded from...
./lib/autoconf/general.m4:2249: AC_CACHE_VAL is expanded from...
./lib/autoconf/general.m4:2270: AC_CACHE_CHECK is expanded from...
m4/gettext.m4:57: AM_GNU_GETTEXT is expanded from...
configure.ac:323: the top level
configure.ac:323: warning: The macro 'AC_TRY_LINK' is obsolete.
configure.ac:323: You should run autoupdate.
./lib/autoconf/general.m4:2918: AC_TRY_LINK is expanded from...
lib/m4sugar/m4sh.m4:690: _AS_IF_ELSE is expanded from...
lib/m4sugar/m4sh.m4:697: AS_IF is expanded from...
./lib/autoconf/general.m4:2249: AC_CACHE_VAL is expanded from...
./lib/autoconf/general.m4:2270: AC_CACHE_CHECK is expanded from...
m4/iconv.m4:20: AM_ICONV_LINK is expanded from...
m4/gettext.m4:57: AM_GNU_GETTEXT is expanded from...
configure.ac:323: the top level
configure.ac:323: warning: The macro 'AC_TRY_RUN' is obsolete.
configure.ac:323: You should run autoupdate.
./lib/autoconf/general.m4:2995: AC_TRY_RUN is expanded from...
lib/m4sugar/m4sh.m4:690: _AS_IF_ELSE is expanded from...
lib/m4sugar/m4sh.m4:697: AS_IF is expanded from...
./lib/autoconf/general.m4:2249: AC_CACHE_VAL is expanded from...
./lib/autoconf/general.m4:2270: AC_CACHE_CHECK is expanded from...
m4/iconv.m4:20: AM_ICONV_LINK is expanded from...
m4/gettext.m4:57: AM_GNU_GETTEXT is expanded from...
configure.ac:323: the top level
configure.ac:342: warning: The macro 'AC_TRY_RUN' is obsolete.
configure.ac:342: You should run autoupdate.
./lib/autoconf/general.m4:2995: AC_TRY_RUN is expanded from...
lib/m4sugar/m4sh.m4:690: _AS_IF_ELSE is expanded from...
lib/m4sugar/m4sh.m4:697: AS_IF is expanded from...
./lib/autoconf/general.m4:2249: AC_CACHE_VAL is expanded from...
./lib/autoconf/general.m4:2270: AC_CACHE_CHECK is expanded from...
configure.ac:342: the top level
configure.ac:388: warning: $as_echo_n is obsolete; use AS_ECHO_N(["message"]) instead
lib/m4sugar/m4sh.m4:697: AS_IF is expanded from...
./lib/autoconf/general.m4:2979: AC_RUN_IFELSE is expanded from...
lib/m4sugar/m4sh.m4:690: _AS_IF_ELSE is expanded from...
lib/m4sugar/m4sh.m4:697: AS_IF is expanded from...
./lib/autoconf/general.m4:2249: AC_CACHE_VAL is expanded from...
m4/acinclude.m4:347: AC_IEEE is expanded from...
m4/acinclude.m4:384: AC_FULL_IEEE is expanded from...
configure.ac:388: the top level
configure.ac:388: warning: $as_echo_n is obsolete; use AS_ECHO_N(["message"]) instead
lib/m4sugar/m4sh.m4:697: AS_IF is expanded from...
./lib/autoconf/general.m4:2979: AC_RUN_IFELSE is expanded from...
lib/m4sugar/m4sh.m4:690: _AS_IF_ELSE is expanded from...
lib/m4sugar/m4sh.m4:697: AS_IF is expanded from...
./lib/autoconf/general.m4:2249: AC_CACHE_VAL is expanded from...
m4/acinclude.m4:347: AC_IEEE is expanded from...
m4/acinclude.m4:347: AC_IEEE is expanded from...
m4/acinclude.m4:384: AC_FULL_IEEE is expanded from...
configure.ac:388: the top level
configure.ac:388: warning: $as_echo_n is obsolete; use AS_ECHO_N(["message"]) instead
lib/m4sugar/m4sh.m4:697: AS_IF is expanded from...
./lib/autoconf/general.m4:2979: AC_RUN_IFELSE is expanded from...
lib/m4sugar/m4sh.m4:690: _AS_IF_ELSE is expanded from...
lib/m4sugar/m4sh.m4:697: AS_IF is expanded from...
./lib/autoconf/general.m4:2249: AC_CACHE_VAL is expanded from...
m4/acinclude.m4:347: AC_IEEE is expanded from...
m4/acinclude.m4:347: AC_IEEE is expanded from...
m4/acinclude.m4:347: AC_IEEE is expanded from...
m4/acinclude.m4:384: AC_FULL_IEEE is expanded from...
configure.ac:388: the top level
configure.ac:388: warning: $as_echo_n is obsolete; use AS_ECHO_N(["message"]) instead
lib/m4sugar/m4sh.m4:697: AS_IF is expanded from...
./lib/autoconf/general.m4:2979: AC_RUN_IFELSE is expanded from...
lib/m4sugar/m4sh.m4:690: _AS_IF_ELSE is expanded from...
lib/m4sugar/m4sh.m4:697: AS_IF is expanded from...
./lib/autoconf/general.m4:2249: AC_CACHE_VAL is expanded from...
m4/acinclude.m4:347: AC_IEEE is expanded from...
m4/acinclude.m4:347: AC_IEEE is expanded from...
m4/acinclude.m4:347: AC_IEEE is expanded from...
m4/acinclude.m4:347: AC_IEEE is expanded from...
m4/acinclude.m4:384: AC_FULL_IEEE is expanded from...
configure.ac:388: the top level
configure.ac:388: warning: $as_echo_n is obsolete; use AS_ECHO_N(["message"]) instead
lib/m4sugar/m4sh.m4:697: AS_IF is expanded from...
./lib/autoconf/general.m4:2979: AC_RUN_IFELSE is expanded from...
lib/m4sugar/m4sh.m4:690: _AS_IF_ELSE is expanded from...
lib/m4sugar/m4sh.m4:697: AS_IF is expanded from...
./lib/autoconf/general.m4:2249: AC_CACHE_VAL is expanded from...
m4/acinclude.m4:347: AC_IEEE is expanded from...
m4/acinclude.m4:347: AC_IEEE is expanded from...
m4/acinclude.m4:347: AC_IEEE is expanded from...
m4/acinclude.m4:347: AC_IEEE is expanded from...
m4/acinclude.m4:347: AC_IEEE is expanded from...
m4/acinclude.m4:384: AC_FULL_IEEE is expanded from...
configure.ac:388: the top level
configure.ac:388: warning: $as_echo_n is obsolete; use AS_ECHO_N(["message"]) instead
lib/m4sugar/m4sh.m4:697: AS_IF is expanded from...
./lib/autoconf/general.m4:2979: AC_RUN_IFELSE is expanded from...
lib/m4sugar/m4sh.m4:690: _AS_IF_ELSE is expanded from...
lib/m4sugar/m4sh.m4:697: AS_IF is expanded from...
./lib/autoconf/general.m4:2249: AC_CACHE_VAL is expanded from...
m4/acinclude.m4:347: AC_IEEE is expanded from...
m4/acinclude.m4:347: AC_IEEE is expanded from...
m4/acinclude.m4:347: AC_IEEE is expanded from...
m4/acinclude.m4:347: AC_IEEE is expanded from...
m4/acinclude.m4:347: AC_IEEE is expanded from...
m4/acinclude.m4:347: AC_IEEE is expanded from...
m4/acinclude.m4:384: AC_FULL_IEEE is expanded from...
configure.ac:388: the top level
configure.ac:388: warning: $as_echo_n is obsolete; use AS_ECHO_N(["message"]) instead
lib/m4sugar/m4sh.m4:697: AS_IF is expanded from...
./lib/autoconf/general.m4:2979: AC_RUN_IFELSE is expanded from...
lib/m4sugar/m4sh.m4:690: _AS_IF_ELSE is expanded from...
lib/m4sugar/m4sh.m4:697: AS_IF is expanded from...
./lib/autoconf/general.m4:2249: AC_CACHE_VAL is expanded from...
m4/acinclude.m4:347: AC_IEEE is expanded from...
m4/acinclude.m4:347: AC_IEEE is expanded from...
m4/acinclude.m4:347: AC_IEEE is expanded from...
m4/acinclude.m4:347: AC_IEEE is expanded from...
m4/acinclude.m4:347: AC_IEEE is expanded from...
m4/acinclude.m4:347: AC_IEEE is expanded from...
m4/acinclude.m4:347: AC_IEEE is expanded from...
m4/acinclude.m4:384: AC_FULL_IEEE is expanded from...
configure.ac:388: the top level
configure.ac:388: warning: $as_echo_n is obsolete; use AS_ECHO_N(["message"]) instead
lib/m4sugar/m4sh.m4:697: AS_IF is expanded from...
./lib/autoconf/general.m4:2979: AC_RUN_IFELSE is expanded from...
lib/m4sugar/m4sh.m4:690: _AS_IF_ELSE is expanded from...
lib/m4sugar/m4sh.m4:697: AS_IF is expanded from...
./lib/autoconf/general.m4:2249: AC_CACHE_VAL is expanded from...
m4/acinclude.m4:347: AC_IEEE is expanded from...
m4/acinclude.m4:347: AC_IEEE is expanded from...
m4/acinclude.m4:347: AC_IEEE is expanded from...
m4/acinclude.m4:347: AC_IEEE is expanded from...
m4/acinclude.m4:347: AC_IEEE is expanded from...
m4/acinclude.m4:347: AC_IEEE is expanded from...
m4/acinclude.m4:347: AC_IEEE is expanded from...
m4/acinclude.m4:347: AC_IEEE is expanded from...
m4/acinclude.m4:384: AC_FULL_IEEE is expanded from...
configure.ac:388: the top level
configure.ac:388: warning: $as_echo_n is obsolete; use AS_ECHO_N(["message"]) instead
lib/m4sugar/m4sh.m4:697: AS_IF is expanded from...
./lib/autoconf/general.m4:2979: AC_RUN_IFELSE is expanded from...
lib/m4sugar/m4sh.m4:690: _AS_IF_ELSE is expanded from...
lib/m4sugar/m4sh.m4:697: AS_IF is expanded from...
./lib/autoconf/general.m4:2249: AC_CACHE_VAL is expanded from...
m4/acinclude.m4:347: AC_IEEE is expanded from...
m4/acinclude.m4:347: AC_IEEE is expanded from...
m4/acinclude.m4:347: AC_IEEE is expanded from...
m4/acinclude.m4:347: AC_IEEE is expanded from...
m4/acinclude.m4:347: AC_IEEE is expanded from...
m4/acinclude.m4:347: AC_IEEE is expanded from...
m4/acinclude.m4:347: AC_IEEE is expanded from...
m4/acinclude.m4:347: AC_IEEE is expanded from...
m4/acinclude.m4:347: AC_IEEE is expanded from...
m4/acinclude.m4:384: AC_FULL_IEEE is expanded from...
configure.ac:388: the top level
configure.ac:388: warning: $as_echo_n is obsolete; use AS_ECHO_N(["message"]) instead
lib/m4sugar/m4sh.m4:697: AS_IF is expanded from...
./lib/autoconf/general.m4:2979: AC_RUN_IFELSE is expanded from...
lib/m4sugar/m4sh.m4:690: _AS_IF_ELSE is expanded from...
lib/m4sugar/m4sh.m4:697: AS_IF is expanded from...
./lib/autoconf/general.m4:2249: AC_CACHE_VAL is expanded from...
m4/acinclude.m4:347: AC_IEEE is expanded from...
m4/acinclude.m4:347: AC_IEEE is expanded from...
m4/acinclude.m4:347: AC_IEEE is expanded from...
m4/acinclude.m4:347: AC_IEEE is expanded from...
m4/acinclude.m4:347: AC_IEEE is expanded from...
m4/acinclude.m4:347: AC_IEEE is expanded from...
m4/acinclude.m4:347: AC_IEEE is expanded from...
m4/acinclude.m4:347: AC_IEEE is expanded from...
m4/acinclude.m4:347: AC_IEEE is expanded from...
m4/acinclude.m4:347: AC_IEEE is expanded from...
m4/acinclude.m4:384: AC_FULL_IEEE is expanded from...
configure.ac:388: the top level
configure.ac:392: warning: The macro 'AC_TRY_COMPILE' is obsolete.
configure.ac:392: You should run autoupdate.
./lib/autoconf/general.m4:2845: AC_TRY_COMPILE is expanded from...
m4/acinclude.m4:581: GC_TIMEZONE is expanded from...
configure.ac:392: the top level
configure.ac:392: warning: The macro 'AC_TRY_LINK' is obsolete.
configure.ac:392: You should run autoupdate.
./lib/autoconf/general.m4:2918: AC_TRY_LINK is expanded from...
lib/m4sugar/m4sh.m4:690: _AS_IF_ELSE is expanded from...
lib/m4sugar/m4sh.m4:697: AS_IF is expanded from...
./lib/autoconf/general.m4:2249: AC_CACHE_VAL is expanded from...
./lib/autoconf/general.m4:2270: AC_CACHE_CHECK is expanded from...
m4/acinclude.m4:581: GC_TIMEZONE is expanded from...
configure.ac:392: the top level
configure.ac:397: warning: The macro 'AC_TRY_COMPILE' is obsolete.
configure.ac:397: You should run autoupdate.
./lib/autoconf/general.m4:2845: AC_TRY_COMPILE is expanded from...
configure.ac:397: the top level
configure.ac:619: warning: The macro 'AC_TRY_COMPILE' is obsolete.
configure.ac:619: You should run autoupdate.
./lib/autoconf/general.m4:2845: AC_TRY_COMPILE is expanded from...
lib/m4sugar/m4sh.m4:690: _AS_IF_ELSE is expanded from...
lib/m4sugar/m4sh.m4:697: AS_IF is expanded from...
./lib/autoconf/general.m4:2249: AC_CACHE_VAL is expanded from...
./lib/autoconf/general.m4:2270: AC_CACHE_CHECK is expanded from...
configure.ac:619: the top level
configure.ac:845: warning: AC_CHECK_HEADERS(lua$lua_vndot/lua.h): you should use literals
./lib/autoconf/headers.m4:217: AC_CHECK_HEADERS is expanded from...
configure.ac:845: the top level
configure.ac:845: warning: AC_CHECK_HEADERS(lua$lua_vndot/lualib.h): you should use literals
./lib/autoconf/headers.m4:217: AC_CHECK_HEADERS is expanded from...
lib/m4sugar/m4sh.m4:697: AS_IF is expanded from...
./lib/autoconf/headers.m4:89: _AC_CHECK_HEADER_COMPILE is expanded from...
./lib/autoconf/headers.m4:56: AC_CHECK_HEADER is expanded from...
lib/m4sugar/m4sh.m4:652: AS_FOR is expanded from...
./lib/autoconf/headers.m4:217: AC_CHECK_HEADERS is expanded from...
configure.ac:845: the top level
configure.ac:845: warning: AC_CHECK_HEADERS(lua$lua_vdot/lua.h): you should use literals
./lib/autoconf/headers.m4:217: AC_CHECK_HEADERS is expanded from...
lib/m4sugar/m4sh.m4:690: _AS_IF_ELSE is expanded from...
lib/m4sugar/m4sh.m4:697: AS_IF is expanded from...
./lib/autoconf/headers.m4:89: _AC_CHECK_HEADER_COMPILE is expanded from...
./lib/autoconf/headers.m4:56: AC_CHECK_HEADER is expanded from...
lib/m4sugar/m4sh.m4:652: AS_FOR is expanded from...
./lib/autoconf/headers.m4:217: AC_CHECK_HEADERS is expanded from...
configure.ac:845: the top level
configure.ac:845: warning: AC_CHECK_HEADERS(lua$lua_vdot/lualib.h): you should use literals
./lib/autoconf/headers.m4:217: AC_CHECK_HEADERS is expanded from...
lib/m4sugar/m4sh.m4:697: AS_IF is expanded from...
./lib/autoconf/headers.m4:89: _AC_CHECK_HEADER_COMPILE is expanded from...
./lib/autoconf/headers.m4:56: AC_CHECK_HEADER is expanded from...
lib/m4sugar/m4sh.m4:652: AS_FOR is expanded from...
./lib/autoconf/headers.m4:217: AC_CHECK_HEADERS is expanded from...
lib/m4sugar/m4sh.m4:690: _AS_IF_ELSE is expanded from...
lib/m4sugar/m4sh.m4:697: AS_IF is expanded from...
./lib/autoconf/headers.m4:89: _AC_CHECK_HEADER_COMPILE is expanded from...
./lib/autoconf/headers.m4:56: AC_CHECK_HEADER is expanded from...
lib/m4sugar/m4sh.m4:652: AS_FOR is expanded from...
./lib/autoconf/headers.m4:217: AC_CHECK_HEADERS is expanded from...
configure.ac:845: the top level
configure.ac:1022: warning: The macro 'AC_TRY_CPP' is obsolete.
configure.ac:1022: You should run autoupdate.
./lib/autoconf/general.m4:2762: AC_TRY_CPP is expanded from...
m4/acinclude.m4:425: AM_CHECK_PYTHON_HEADERS is expanded from...
configure.ac:1022: the top level
configure.ac:1076: warning: AC_OUTPUT should be used without arguments.
configure.ac:1076: You should run autoupdate.
configure.ac:323: warning: The 'AM_PROG_MKDIR_P' macro is deprecated, and its use is discouraged.
configure.ac:323: You should use the Autoconf-provided 'AC_PROG_MKDIR_P' macro instead,
configure.ac:323: and use '$(MKDIR_P)' instead of '$(mkdir_p)'in your Makefile.am files.
configure.ac:32: installing 'conftools/compile'
configure.ac:33: installing 'conftools/missing'
bindings/lua/Makefile.am: installing 'conftools/depcomp'
tests/Makefile.am:40: warning: source file '${top_srcdir}/src/compat-cloexec.c' is in a subdirectory,
tests/Makefile.am:40: but option 'subdir-objects' is disabled
automake: warning: possible forward-incompatibility.
automake: At least one source file is in a subdirectory, but the 'subdir-objects'
automake: automake option hasn't been enabled.  For now, the corresponding output
automake: object file(s) will be placed in the top-level directory.  However, this
automake: behavior may change in a future Automake major version, with object
automake: files being placed in the same subdirectory as the corresponding sources.
automake: You are advised to start using 'subdir-objects' option throughout your
automake: project, to avoid future incompatibility.
checking build system type... x86_64-alpine-linux-musl
checking host system type... x86_64-alpine-linux-musl
checking target system type... x86_64-alpine-linux-musl
checking for x86_64-alpine-linux-musl-gcc... cc
checking whether the C compiler works... yes
checking for C compiler default output file name... a.out
checking for suffix of executables... 
checking whether we are cross compiling... no
checking for suffix of object files... o
checking whether the compiler supports GNU C... yes
checking whether cc accepts -g... yes
checking for cc option to enable C11 features... none needed
checking whether cc understands -c and -o together... yes
checking for stdio.h... yes
checking for stdlib.h... yes
checking for string.h... yes
checking for inttypes.h... yes
checking for stdint.h... yes
checking for strings.h... yes
checking for sys/stat.h... yes
checking for sys/types.h... yes
checking for unistd.h... yes
checking for wchar.h... yes
checking for minix/config.h... no
checking for sys/time.h... yes
checking for stdarg.h... yes
checking for varargs.h... no
checking for sys/param.h... yes
checking whether it is safe to define __EXTENSIONS__... yes
checking whether _XOPEN_SOURCE should be defined... no
checking for a BSD-compatible install... /usr/bin/install -c
checking whether sleep supports fractional seconds... yes
checking filesystem timestamp resolution... 2
checking whether build environment is sane... yes
checking for a race-free mkdir -p... /bin/mkdir -p
checking for gawk... no
checking for mawk... no
checking for nawk... no
checking for awk... awk
checking whether make sets $(MAKE)... yes
checking whether make supports the include directive... yes (GNU style)
checking whether make supports nested variables... yes
checking xargs -n works... yes
checking whether UID '1000' is supported by ustar format... yes
checking whether GID '1000' is supported by ustar format... yes
checking how to create a ustar tar archive... gnutar
checking dependency style of cc... gcc3
checking whether to enable maintainer-specific portions of Makefiles... no

Audit Compilation Environment
checking how to run the C preprocessor... cc -E
checking for x86_64-alpine-linux-musl-gcc... (cached) cc
checking whether the compiler supports GNU C... (cached) yes
checking whether cc accepts -g... (cached) yes
checking for cc option to enable C11 features... (cached) none needed
checking whether cc understands -c and -o together... (cached) yes
checking how to print strings... printf
checking for a sed that does not truncate output... /bin/sed
checking for grep that handles long lines and -e... /bin/grep
checking for egrep... /bin/grep -E
checking for fgrep... /bin/grep -F
checking for ld used by cc... /usr/x86_64-alpine-linux-musl/bin/ld
checking if the linker (/usr/x86_64-alpine-linux-musl/bin/ld) is GNU ld... yes
checking for BSD- or MS-compatible name lister (nm)... /usr/bin/nm -B
checking the name lister (/usr/bin/nm -B) interface... BSD nm
checking whether ln -s works... yes
checking the maximum length of command line arguments... 98304
checking how to convert x86_64-alpine-linux-musl file names to x86_64-alpine-linux-musl format... func_convert_file_noop
checking how to convert x86_64-alpine-linux-musl file names to toolchain format... func_convert_file_noop
checking for /usr/x86_64-alpine-linux-musl/bin/ld option to reload object files... -r
checking for file... file
checking for x86_64-alpine-linux-musl-objdump... no
checking for objdump... objdump
checking how to recognize dependent libraries... pass_all
checking for x86_64-alpine-linux-musl-dlltool... no
checking for dlltool... no
checking how to associate runtime and link libraries... printf %s\n
checking for x86_64-alpine-linux-musl-ranlib... no
checking for ranlib... ranlib
checking for x86_64-alpine-linux-musl-ar... no
checking for ar... ar
checking for archiver @FILE support... @
checking for x86_64-alpine-linux-musl-strip... no
checking for strip... strip
checking command to parse /usr/bin/nm -B output from cc object... ok
checking for sysroot... no
checking for a working dd... /bin/dd
checking how to truncate binary pipes... /bin/dd bs=4096 count=1
checking for x86_64-alpine-linux-musl-mt... no
checking for mt... no
checking if : is a manifest tool... no
checking for dlfcn.h... yes
checking for objdir... .libs
checking if cc supports -fno-rtti -fno-exceptions... no
checking for cc option to produce PIC... -fPIC -DPIC
checking if cc PIC flag -fPIC -DPIC works... yes
checking if cc static flag -static works... yes
checking if cc supports -c -o file.o... yes
checking if cc supports -c -o file.o... (cached) yes
checking whether the cc linker (/usr/x86_64-alpine-linux-musl/bin/ld -m elf_x86_64) supports shared libraries... yes
checking whether -lc should be explicitly linked in... no
checking dynamic linker characteristics... GNU/Linux ld.so
checking how to hardcode library paths into programs... immediate
checking whether stripping libraries is possible... yes
checking if libtool supports shared libraries... yes
checking whether to build shared libraries... yes
checking whether to build static libraries... yes
checking if gcc likes the -Werror flag... yes
checking if gcc likes the -fno-strict-aliasing flag... yes
checking if gcc likes the -Wall flag... yes
checking if gcc likes the -std=gnu99 flag... yes
checking if gcc likes the -pedantic flag... yes
checking if gcc likes the -Wundef flag... yes
checking if gcc likes the -Wshadow flag... yes
checking if gcc likes the -Wpointer-arith flag... yes
checking if gcc likes the -Wcast-align flag... yes
checking if gcc likes the -Wmissing-prototypes flag... yes
checking if gcc likes the -Wmissing-declarations flag... yes
checking if gcc likes the -Wnested-externs flag... yes
checking if gcc likes the -Winline flag... yes
checking if gcc likes the -Wold-style-definition flag... yes
checking if gcc likes the -W flag... yes
checking for long long int... yes

Checking for Header Files
checking for egrep... (cached) /bin/grep -E
checking for dirent.h that defines DIR... yes
checking for library containing opendir... none required
checking for langinfo.h... yes
checking for stdint.h... (cached) yes
checking for inttypes.h... (cached) yes
checking for libgen.h... yes
checking for features.h... yes
checking for sys/stat.h... (cached) yes
checking for sys/types.h... (cached) yes
checking for fcntl.h... yes
checking for fp_class.h... no
checking for malloc.h... yes
checking for unistd.h... (cached) yes
checking for ieeefp.h... no
checking for math.h... yes
checking for sys/times.h... yes
checking for sys/param.h... (cached) yes
checking for sys/resource.h... yes
checking for signal.h... yes
checking for float.h... yes
checking for stdio.h... (cached) yes
checking for stdlib.h... (cached) yes
checking for errno.h... yes
checking for string.h... (cached) yes
checking for ctype.h... yes
checking for grp.h... yes
checking for pwd.h... yes
checking for glob.h... yes
checking for an ANSI C-conforming const... yes
checking whether struct tm is in sys/time.h or time.h... time.h
checking for va_copy... yes
checking for vsnprintf... yes
checking whether vsnprintf is C99 compliant... yes
checking for snprintf... yes
checking whether snprintf is C99 compliant... yes
checking for vasprintf... yes
checking for asprintf... yes

Test Library Functions
checking for acos... yes
checking for round... yes
checking for strftime... yes
checking for vprintf... yes
checking for getpagesize... yes
checking whether byte ordering is bigendian... no
checking for nl_langinfo... yes
checking for tzset... yes
checking for fsync... yes
checking for mbstowcs... yes
checking for opendir... yes
checking for readdir... yes
checking for chdir... yes
checking for chroot... yes
checking for getgid... yes
checking for getuid... yes
checking for setgid... yes
checking for setuid... yes
checking for strndup... yes
checking for strerror... yes
checking for snprintf... (cached) yes
checking for vsnprintf... (cached) yes
checking for vasprintf... (cached) yes
checking for fpclass... no
checking for class... no
checking for fp_class... no
checking for isnan... no
checking for memmove... yes
checking for strchr... yes
checking for mktime... yes
checking for getrusage... yes
checking for gettimeofday... yes
checking for getpwnam... yes
checking for getgrnam... yes
checking for get_current_dir_name... yes
checking for cc options needed to detect all undeclared functions... none needed
checking whether strerror_r is declared... yes
checking whether strerror_r returns char *... no

Map/Fadvis/Madvise checking
checking for fdatasync... yes
checking for fsync... (cached) yes
checking for socket... yes
checking for getaddrinfo... yes
checking for sigwaitinfo... yes
checking for sys/mman.h... yes
checking for working mmap... yes
checking for mmap... yes
checking for munmap... yes
checking whether madvise is declared... yes
checking for madvise... yes
checking whether posix_fadvise is declared... yes
checking for posix_fadvise... yes
checking for posix_fallocate... yes

Libintl Processing
checking whether NLS is requested... no
checking for msgfmt... /usr/bin/msgfmt
checking for gmsgfmt... /usr/bin/msgfmt
checking for xgettext... /usr/bin/xgettext
checking for msgmerge... /usr/bin/msgmerge
checking for ld used by GCC... /usr/x86_64-alpine-linux-musl/bin/ld -m elf_x86_64
checking if the linker (/usr/x86_64-alpine-linux-musl/bin/ld -m elf_x86_64) is GNU ld... yes
checking for shared library run path origin... done
checking for CFPreferencesCopyAppValue... no
checking for CFLocaleCopyCurrent... no
checking whether to use NLS... no

IEEE Math Checks
checking for fpclassify... no
checking for fpclassify with <math.h>... yes
checking for isinf... no
checking for isinf with <math.h>... yes
checking whether isfinite is broken... no
checking if IEEE math works out of the box... yes

Resolve Portability Issues
checking tm_gmtoff in struct tm... yes
checking __tm_gmtoff in struct tm... yes
checking whether sigwait has 2 arguments... yes

checking if msync with MS_ASYNC updates the files mtime... yes
checking for _NL_TIME_WEEK_1STDAY... no
checking for nl_langinfo(_NL_TIME_WEEK_1STDAY) with langinfo.h... no
checking if realloc can deal with NULL... yes
checking if ctime_r need special care to act posixly correct... no
checking for the pthreads library -lpthreads... no
checking whether pthreads work without any flags... yes
checking for joinable pthread attribute... PTHREAD_CREATE_JOINABLE
checking if more special flags are required for pthreads... no
checking for cc_r... cc
checking do we need malloc/malloc.h... nope, works out of the box
checking size of time_t... 8
checking size of long int... 8
checking whether O_CLOEXEC is declared... yes
checking whether SOCK_CLOEXEC is declared... yes
checking whether fopen() supports the "e" flag... yes

Find 3rd-Party Libraries
checking for dbi/dbi.h... no
checking for rados/librados.h... no
checking for tcpd.h... no
checking for glib_check_version in -lglib-2.0... yes
checking for glib.h... no
checking for pkg-config... pkg-config
checking for glib_check_version in -lglib-2.0... yes
checking for glib.h... yes
checking whether we need to include gthreads for g_thread_init... no

checking for g_regex_new... yes
checking for png_access_version_number in -lpng... yes
checking for png.h... yes
checking for pango_cairo_context_set_font_options in -lpangocairo-1.0... yes
checking for pango/pango.h... no
checking for pkg-config... (cached) pkg-config
checking for pango_cairo_context_set_font_options in -lpangocairo-1.0... yes
checking for pango/pango.h... yes
checking for g_object_unref in -lgobject-2.0... yes
checking for glib-object.h... yes
checking for pango_font_map_create_context... yes
checking for xmlParseFile in -lxml2... yes
checking for libxml/parser.h... no
checking for pkg-config... (cached) pkg-config
checking for xmlParseFile in -lxml2... yes
checking for libxml/parser.h... yes

Prep for Building Language Bindings
checking for perl... /usr/bin/perl
checking for pod2man... /usr/bin/pod2man
checking for pod2html... /usr/bin/pod2html
checking for the perl version you are running... 5.42.0
checking for the C compiler perl wants to use to build its modules... cc
checking for cc... /usr/bin/cc
checking Perl Modules to build... perl-piped perl-shared
checking for ruby... no
checking if ruby modules can be built... No .. Ruby not found or disabled
checking for lua... /usr/bin/lua
checking for lua >= 5.0... 5.1 found
checking for lua51/lua.h... no
checking for lua5.1/lua.h... no
checking for lua.h... yes
checking for lualib.h... yes
checking for lauxlib.h... yes
checking for library containing lua_call... -llua
checking for library containing luaL_openlibs... none required
configure: WARNING: Setting Lua include and lib flags to defaults in compat-5.1 and lua 5.1 sources
checking for tclConfig.sh in /usr/lib... yes
checking for a Python interpreter with version >= 2.3... python
checking for python... /usr/bin/python
checking for python version... 3.12
checking for python platform... linux
checking for GNU default python prefix... ${prefix}
checking for GNU default python exec_prefix... ${exec_prefix}
checking for python script directory (pythondir)... ${PYTHON_PREFIX}/lib/python3.12/site-packages
checking for python extension module directory (pyexecdir)... ${PYTHON_EXEC_PREFIX}/lib/python3.12/site-packages
checking for headers required to compile python extensions... not found
configure: WARNING: could not find Python headers
checking for gnroff... no
checking for nroff... /usr/bin/nroff
checking for groff... /usr/bin/groff
checking for MinGW-w64 build... no
checking for x86_64-alpine-linux-musl-pkg-config... no
checking for pkg-config... /usr/bin/pkg-config
checking pkg-config is at least version 0.9.0... yes
checking that generated files are newer than configure... done
configure: creating ./config.status
config.status: creating etc/rrdcached.socket
config.status: creating etc/rrdcached.service
config.status: creating src/rrd_config.h
config.status: executing depfiles commands
config.status: executing libtool commands
config.status: executing po-directories commands

Apply Configuration Information
checking that generated files are newer than configure... done
configure: creating ./config.status
config.status: creating etc/rrdcached.socket
config.status: creating etc/rrdcached.service
config.status: creating examples/shared-demo.pl
config.status: creating examples/piped-demo.pl
config.status: creating examples/stripes.pl
config.status: creating examples/bigtops.pl
config.status: creating examples/minmax.pl
config.status: creating examples/4charts.pl
config.status: creating examples/perftest.pl
config.status: creating examples/Makefile
config.status: creating examples/rrdcached/Makefile
config.status: creating etc/rrdcached-default-lsb
config.status: creating tests/Makefile
config.status: creating doc/Makefile
config.status: creating etc/Makefile
config.status: creating po/Makefile.in
config.status: creating src/Makefile
config.status: creating src/librrd.pc
config.status: creating bindings/Makefile
config.status: creating bindings/tcl/Makefile
config.status: creating bindings/tcl/ifOctets.tcl
config.status: creating bindings/lua/Makefile
config.status: creating Makefile
config.status: creating src/rrd_config.h
config.status: src/rrd_config.h is unchanged
config.status: executing depfiles commands
config.status: executing libtool commands
config.status: executing po-directories commands
config.status: creating po/POTFILES
config.status: creating po/Makefile
config.status: executing default commands
checking in... and out again
ordering CD from https://tobi.oetiker.ch/wish .... just kidding ;-)

----------------------------------------------------------------
Config is DONE!

          With MMAP IO: yes
          With Locking: yes
       Build rrd_graph: yes
     Build rrd_restore: yes
       Static programs: no
          Perl Modules: perl-piped perl-shared
           Perl Binary: /usr/bin/perl
          Perl Version: 5.42.0
          Perl Options: INSTALLDIRS=vendor
          Ruby Modules: 
           Ruby Binary: no
          Ruby Options: sitedir=/usr/lib/ruby
    Build Lua Bindings: yes
            Lua Binary: /usr/bin/lua
           Lua Version: 5.1.5
     Lua C-modules dir: /usr/lib/lua/5.1
      Systemd unit dir: 
    Build Tcl Bindings: yes
 Build Python Bindings: no
         Python Binary: /usr/bin/python
        Python Version: 3.12
        Build examples: yes
       Build rrdcached: yes
          Build rrdcgi: yes
       Build librrd MT: yes
           Use gettext: no
           With libDBI: no
         With librados: no
          With libwrap: no
      With systemd dir: 

             Libraries: -lcairo -lglib-2.0 -lgobject-2.0 -lharfbuzz -lintl -lpango-1.0 -lpangocairo-1.0 -lpng -lxml2 

Type 'make' to compile the software and use 'make install' to 
install everything to: /usr.

Type 'make etc-install' to install systemd support for rrdcached

       ... that wishlist is NO JOKE. If you find RRDtool useful
make me happy. Go to https://tobi.oetiker.ch/wish and
place an order.

                               -- Tobi Oetiker <tobi@oetiker.ch>
----------------------------------------------------------------
Making all in po
make[1]: Entering directory '/tmp/src/rrdtool-1.9.0/po'
make[1]: Leaving directory '/tmp/src/rrdtool-1.9.0/po'
Making all in src
make[1]: Entering directory '/tmp/src/rrdtool-1.9.0/src'
make  all-am
make[2]: Entering directory '/tmp/src/rrdtool-1.9.0/src'
  CC       librrd_la-rrd_version.lo
  CC       librrd_la-rrd_last.lo
  CC       librrd_la-rrd_first.lo
  CC       librrd_la-rrd_dump.lo
  CC       rrd_tool.o
  CC       librrd_la-rrd_flushcached.lo
  CC       librrd_la-rrd_fetch.lo
  CC       librrd_la-rrd_lastupdate.lo
  CC       librrd_la-rrd_fetch_cb.lo
  CC       librrd_la-rrd_list.lo
  CC       librrd_la-rrd_resize.lo
  CC       librrd_la-rrd_tune.lo
  CC       librrd_la-rrd_xport.lo
  CC       librrd_la-rrd_graph.lo
  CC       librrd_la-rrd_graph_helper.lo
  CC       librrd_la-rrd_gfx.lo
rrd_tool.c: In function 'main':
rrd_tool.c:469:5: warning: "ENABLE_NLS" is not defined, evaluates to 0 [-Wundef]
  469 | #if ENABLE_NLS
      |     ^~~~~~~~~~
cc: warning: \\\-DLOCALEDIR="/usr/share/locale: linker input file unused because linking not done
cc: error: \\\-DLOCALEDIR="/usr/share/locale: linker input file not found: No such file or directory
cc: warning: \\\-DRRD_DEFAULT_FONT="DejaVu Sans Mono,Bitstream Vera Sans Mono,monospace,Courier: linker input file unused because linking not done
cc: error: \\\-DRRD_DEFAULT_FONT="DejaVu Sans Mono,Bitstream Vera Sans Mono,monospace,Courier: linker input file not found: No such file or directory
make[2]: *** [Makefile:885: librrd_la-rrd_version.lo] Error 1
make[2]: *** Waiting for unfinished jobs....
cc: warning: \\\-DLOCALEDIR="/usr/share/locale: linker input file unused because linking not done
cc: error: \\\-DLOCALEDIR="/usr/share/locale: linker input file not found: No such file or directory
cc: warning: \\\-DRRD_DEFAULT_FONT="DejaVu Sans Mono,Bitstream Vera Sans Mono,monospace,Courier: linker input file unused because linking not done
cc: error: \\\-DRRD_DEFAULT_FONT="DejaVu Sans Mono,Bitstream Vera Sans Mono,monospace,Courier: linker input file not found: No such file or directory
make[2]: *** [Makefile:906: librrd_la-rrd_first.lo] Error 1
cc: warning: \\\-DLOCALEDIR="/usr/share/locale: linker input file unused because linking not done
cc: error: \\\-DLOCALEDIR="/usr/share/locale: linker input file not found: No such file or directory
cc: warning: \\\-DRRD_DEFAULT_FONT="DejaVu Sans Mono,Bitstream Vera Sans Mono,monospace,Courier: linker input file unused because linking not done
cc: error: \\\-DRRD_DEFAULT_FONT="DejaVu Sans Mono,Bitstream Vera Sans Mono,monospace,Courier: linker input file not found: No such file or directory
make[2]: *** [Makefile:920: librrd_la-rrd_flushcached.lo] Error 1
cc: warning: \\\-DLOCALEDIR="/usr/share/locale: linker input file unused because linking not done
cc: error: \\\-DLOCALEDIR="/usr/share/locale: linker input file not found: No such file or directory
cc: warning: \\\-DRRD_DEFAULT_FONT="DejaVu Sans Mono,Bitstream Vera Sans Mono,monospace,Courier: linker input file unused because linking not done
cc: error: \\\-DRRD_DEFAULT_FONT="DejaVu Sans Mono,Bitstream Vera Sans Mono,monospace,Courier: linker input file not found: No such file or directory
make[2]: *** [Makefile:934: librrd_la-rrd_fetch_cb.lo] Error 1
cc: warning: \\\-DLOCALEDIR="/usr/share/locale: linker input file unused because linking not done
cc: error: \\\-DLOCALEDIR="/usr/share/locale: linker input file not found: No such file or directory
cc: warning: \\\-DRRD_DEFAULT_FONT="DejaVu Sans Mono,Bitstream Vera Sans Mono,monospace,Courier: linker input file unused because linking not done
cc: error: \\\-DRRD_DEFAULT_FONT="DejaVu Sans Mono,Bitstream Vera Sans Mono,monospace,Courier: linker input file not found: No such file or directory
make[2]: *** [Makefile:892: librrd_la-rrd_last.lo] Error 1
cc: warning: \\\-DLOCALEDIR="/usr/share/locale: linker input file unused because linking not done
cc: error: \\\-DLOCALEDIR="/usr/share/locale: linker input file not found: No such file or directory
cc: warning: \\\-DRRD_DEFAULT_FONT="DejaVu Sans Mono,Bitstream Vera Sans Mono,monospace,Courier: linker input file unused because linking not done
cc: error: \\\-DRRD_DEFAULT_FONT="DejaVu Sans Mono,Bitstream Vera Sans Mono,monospace,Courier: linker input file not found: No such file or directory
make[2]: *** [Makefile:899: librrd_la-rrd_lastupdate.lo] Error 1
cc: warning: \\\-DLOCALEDIR="/usr/share/locale: linker input file unused because linking not done
cc: error: \\\-DLOCALEDIR="/usr/share/locale: linker input file not found: No such file or directory
cc: warning: \\\-DRRD_DEFAULT_FONT="DejaVu Sans Mono,Bitstream Vera Sans Mono,monospace,Courier: linker input file unused because linking not done
cc: error: \\\-DRRD_DEFAULT_FONT="DejaVu Sans Mono,Bitstream Vera Sans Mono,monospace,Courier: linker input file not found: No such file or directory
make[2]: *** [Makefile:955: librrd_la-rrd_list.lo] Error 1
cc: warning: \\\-DLOCALEDIR="/usr/share/locale: linker input file unused because linking not done
cc: error: \\\-DLOCALEDIR="/usr/share/locale: linker input file not found: No such file or directory
cc: warning: \\\-DRRD_DEFAULT_FONT="DejaVu Sans Mono,Bitstream Vera Sans Mono,monospace,Courier: linker input file unused because linking not done
cc: error: \\\-DRRD_DEFAULT_FONT="DejaVu Sans Mono,Bitstream Vera Sans Mono,monospace,Courier: linker input file not found: No such file or directory
make[2]: *** [Makefile:941: librrd_la-rrd_resize.lo] Error 1
cc: warning: \\\-DLOCALEDIR="/usr/share/locale: linker input file unused because linking not done
cc: error: \\\-DLOCALEDIR="/usr/share/locale: linker input file not found: No such file or directory
cc: warning: \\\-DRRD_DEFAULT_FONT="DejaVu Sans Mono,Bitstream Vera Sans Mono,monospace,Courier: linker input file unused because linking not done
cc: error: \\\-DRRD_DEFAULT_FONT="DejaVu Sans Mono,Bitstream Vera Sans Mono,monospace,Courier: linker input file not found: No such file or directory
make[2]: *** [Makefile:927: librrd_la-rrd_fetch.lo] Error 1
cc: warning: \\\-DLOCALEDIR="/usr/share/locale: linker input file unused because linking not done
cc: error: \\\-DLOCALEDIR="/usr/share/locale: linker input file not found: No such file or directory
cc: warning: \\\-DRRD_DEFAULT_FONT="DejaVu Sans Mono,Bitstream Vera Sans Mono,monospace,Courier: linker input file unused because linking not done
cc: error: \\\-DRRD_DEFAULT_FONT="DejaVu Sans Mono,Bitstream Vera Sans Mono,monospace,Courier: linker input file not found: No such file or directory
make[2]: *** [Makefile:983: librrd_la-rrd_gfx.lo] Error 1
cc: warning: \\\-DLOCALEDIR="/usr/share/locale: linker input file unused because linking not done
cc: error: \\\-DLOCALEDIR="/usr/share/locale: linker input file not found: No such file or directory
cc: warning: \\\-DRRD_DEFAULT_FONT="DejaVu Sans Mono,Bitstream Vera Sans Mono,monospace,Courier: linker input file unused because linking not done
cc: error: \\\-DRRD_DEFAULT_FONT="DejaVu Sans Mono,Bitstream Vera Sans Mono,monospace,Courier: linker input file not found: No such file or directory
cc: warning: \\\-DLOCALEDIR="/usr/share/locale: linker input file unused because linking not done
cc: error: \\\-DLOCALEDIR="/usr/share/locale: linker input file not found: No such file or directory
cc: warning: \\\-DRRD_DEFAULT_FONT="DejaVu Sans Mono,Bitstream Vera Sans Mono,monospace,Courier: linker input file unused because linking not done
cc: error: \\\-DRRD_DEFAULT_FONT="DejaVu Sans Mono,Bitstream Vera Sans Mono,monospace,Courier: linker input file not found: No such file or directory
make[2]: *** [Makefile:948: librrd_la-rrd_tune.lo] Error 1
make[2]: *** [Makefile:913: librrd_la-rrd_dump.lo] Error 1
cc: warning: \\\-DLOCALEDIR="/usr/share/locale: linker input file unused because linking not done
cc: error: \\\-DLOCALEDIR="/usr/share/locale: linker input file not found: No such file or directory
cc: warning: \\\-DRRD_DEFAULT_FONT="DejaVu Sans Mono,Bitstream Vera Sans Mono,monospace,Courier: linker input file unused because linking not done
cc: error: \\\-DRRD_DEFAULT_FONT="DejaVu Sans Mono,Bitstream Vera Sans Mono,monospace,Courier: linker input file not found: No such file or directory
make[2]: *** [Makefile:976: librrd_la-rrd_xport.lo] Error 1
cc: warning: \\\-DLOCALEDIR="/usr/share/locale: linker input file unused because linking not done
cc: error: \\\-DLOCALEDIR="/usr/share/locale: linker input file not found: No such file or directory
cc: warning: \\\-DRRD_DEFAULT_FONT="DejaVu Sans Mono,Bitstream Vera Sans Mono,monospace,Courier: linker input file unused because linking not done
cc: error: \\\-DRRD_DEFAULT_FONT="DejaVu Sans Mono,Bitstream Vera Sans Mono,monospace,Courier: linker input file not found: No such file or directory
make[2]: *** [Makefile:969: librrd_la-rrd_graph_helper.lo] Error 1
cc: warning: \\\-DLOCALEDIR="/usr/share/locale: linker input file unused because linking not done
cc: error: \\\-DLOCALEDIR="/usr/share/locale: linker input file not found: No such file or directory
cc: warning: \\\-DRRD_DEFAULT_FONT="DejaVu Sans Mono,Bitstream Vera Sans Mono,monospace,Courier: linker input file unused because linking not done
cc: error: \\\-DRRD_DEFAULT_FONT="DejaVu Sans Mono,Bitstream Vera Sans Mono,monospace,Courier: linker input file not found: No such file or directory
make[2]: *** [Makefile:962: librrd_la-rrd_graph.lo] Error 1
make[2]: Leaving directory '/tmp/src/rrdtool-1.9.0/src'
make[1]: *** [Makefile:629: all] Error 2
make[1]: Leaving directory '/tmp/src/rrdtool-1.9.0/src'
make: *** [Makefile:513: all-recursive] Error 1
>>> ERROR: rrdtool: build failed
>>> ERROR: rrdtool: rootbld failed
>>> rrdtool: Cleaning up build chroot
