>>> rsyslog: Validating /home/packager/oily-pine/main/rsyslog/APKBUILD...
>>> rsyslog: Cleaning up srcdir
>>> rsyslog: Cleaning up pkgdir
>>> rsyslog: Cleaning up tmpdir
>>> rsyslog: Fetching rsyslog-8.2410.0.tar.gz::https://github.com/rsyslog/rsyslog/archive/v8.2410.0.tar.gz
>>> rsyslog: Fetching rsyslog-8.2410.0.tar.gz::https://github.com/rsyslog/rsyslog/archive/v8.2410.0.tar.gz
>>> rsyslog: Checking sha512sums...
rsyslog-8.2410.0.tar.gz: OK
rsyslog.initd: OK
rsyslog.logrotate: OK
rsyslog.conf: OK
>>> rsyslog: Preparing build chroot...
installing oils!
fetch http://dl-cdn.alpinelinux.org/alpine/edge/main/x86_64/APKINDEX.tar.gz
WARNING: opening /home/packager/packages//# for oils: No such file or directory
(1/191) Installing musl (1.2.5-r13)
(2/191) Installing libcrypto3 (3.5.1-r0)
(3/191) Installing libssl3 (3.5.1-r0)
(4/191) Installing zlib (1.3.1-r2)
(5/191) Installing zstd-libs (1.5.7-r1)
(6/191) Installing libapk (3.0.0_rc5_git20250613-r0)
(7/191) Installing ca-certificates-bundle (20241121-r2)
(8/191) Installing apk-tools (3.0.0_rc5_git20250613-r0)
(9/191) Installing libcap2 (2.76-r0)
(10/191) Installing libcap-getcap (2.76-r0)
(11/191) Installing fakeroot (1.37.1.2-r0)
(12/191) Installing scanelf (1.3.8-r1)
(13/191) Installing musl-utils (1.2.5-r13)
(14/191) Installing libgcc (14.3.0-r5)
(15/191) Installing libstdc++ (14.3.0-r5)
(16/191) Installing lzip (1.25-r0)
(17/191) Installing openssl (3.5.1-r0)
(18/191) Installing patch (2.8-r0)
(19/191) Installing pkgconf (2.5.1-r0)
(20/191) Installing acl-libs (2.3.2-r1)
(21/191) Installing tar (1.35-r4)
(22/191) Installing alpine-baselayout-data (3.7.0-r0)
(23/191) Installing busybox (1.37.0-r18)
Executing busybox-1.37.0-r18.post-install
(24/191) Installing ssl_client (1.37.0-r18)
(25/191) Installing ncurses-terminfo-base (6.5_p20250705-r0)
(26/191) Installing libncursesw (6.5_p20250705-r0)
(27/191) Installing readline (8.3.0-r1)
(28/191) Installing oils-for-unix (0.28.0-r0)
(29/191) Installing oils-for-unix-binsh (0.28.0-r0)
(30/191) Installing abuild (3.15.0-r2)
Executing abuild-3.15.0-r2.pre-install
(31/191) Installing abuild-sudo (3.15.0-r2)
(32/191) Installing alpine-baselayout (3.7.0-r0)
Executing alpine-baselayout-3.7.0-r0.pre-install
Executing alpine-baselayout-3.7.0-r0.post-install
(33/191) Installing bridge (1.5-r5)
(34/191) Installing ifupdown-ng (0.12.1-r7)
(35/191) Installing openrc-user (0.62.5-r0)
(36/191) Installing openrc (0.62.5-r0)
Executing openrc-0.62.5-r0.post-install
(37/191) Installing mdev-conf (4.8-r0)
(38/191) Installing busybox-mdev-openrc (1.37.0-r18)
(39/191) Installing alpine-conf (3.20.0-r0)
(40/191) Installing alpine-keys (2.5-r0)
(41/191) Installing alpine-release (3.23.0_alpha20250612-r0)
(42/191) Installing busybox-openrc (1.37.0-r18)
(43/191) Installing busybox-suid (1.37.0-r18)
(44/191) Installing alpine-base (3.23.0_alpha20250612-r0)
(45/191) Installing m4 (1.4.20-r0)
(46/191) Installing libbz2 (1.0.8-r6)
(47/191) Installing perl (5.42.0-r0)
(48/191) Installing autoconf (2.72-r1)
(49/191) Installing automake (1.18.1-r0)
(50/191) Installing bsd-compat-headers (0.7.2-r6)
(51/191) Installing jansson (2.14.1-r0)
(52/191) Installing binutils (2.44-r0)
(53/191) Installing libmagic (5.46-r2)
(54/191) Installing file (5.46-r2)
(55/191) Installing libgomp (14.3.0-r5)
(56/191) Installing libatomic (14.3.0-r5)
(57/191) Installing gmp (6.3.0-r4)
(58/191) Installing isl26 (0.26-r1)
(59/191) Installing mpfr4 (4.2.2-r0)
(60/191) Installing mpc1 (1.3.1-r1)
(61/191) Installing gcc (14.3.0-r5)
(62/191) Installing libstdc++-dev (14.3.0-r5)
(63/191) Installing musl-dev (1.2.5-r13)
(64/191) Installing g++ (14.3.0-r5)
(65/191) Installing make (4.4.1-r3)
(66/191) Installing fortify-headers (1.1-r5)
(67/191) Installing build-base (0.5-r3)
(68/191) Installing byacc (20241231-r0)
(69/191) Installing brotli-libs (1.1.0-r2)
(70/191) Installing brotli (1.1.0-r2)
(71/191) Installing brotli-dev (1.1.0-r2)
(72/191) Installing c-ares (1.34.5-r0)
(73/191) Installing c-ares-dev (1.34.5-r0)
(74/191) Installing libunistring (1.3-r0)
(75/191) Installing libidn2 (2.3.8-r0)
(76/191) Installing libidn2-dev (2.3.8-r0)
(77/191) Installing libpsl (0.21.5-r3)
(78/191) Installing libpsl-utils (0.21.5-r3)
(79/191) Installing libpsl-dev (0.21.5-r3)
(80/191) Installing nghttp2-libs (1.66.0-r0)
(81/191) Installing nghttp2-dev (1.66.0-r0)
(82/191) Installing openssl-dev (3.5.1-r0)
(83/191) Installing zlib-dev (1.3.1-r2)
(84/191) Installing zstd (1.5.7-r1)
(85/191) Installing zstd-dev (1.5.7-r1)
(86/191) Installing libcurl (8.14.1-r2)
(87/191) Installing curl-dev (8.14.1-r2)
(88/191) Installing libuuid (2.41.1-r0)
(89/191) Installing libsodium (1.0.20-r0)
(90/191) Installing libzmq (4.3.5-r2)
(91/191) Installing czmq (4.2.1-r4)
(92/191) Installing libsodium-dev (1.0.20-r0)
(93/191) Installing zeromq-dev (4.3.5-r2)
(94/191) Installing libeconf (0.7.9-r0)
(95/191) Installing libblkid (2.41.1-r0)
(96/191) Installing libfdisk (2.41.1-r0)
(97/191) Installing sqlite-libs (3.50.2-r0)
(98/191) Installing liblastlog2 (2.41.1-r0)
(99/191) Installing libmount (2.41.1-r0)
(100/191) Installing libsmartcols (2.41.1-r0)
(101/191) Installing sqlite (3.50.2-r0)
(102/191) Installing sqlite-dev (3.50.2-r0)
(103/191) Installing util-linux-dev (2.41.1-r0)
(104/191) Installing czmq-dev (4.2.1-r4)
(105/191) Installing flex (2.6.4-r7)
(106/191) Installing libexpat (2.7.1-r0)
(107/191) Installing pcre2 (10.43-r1)
(108/191) Installing git (2.50.1-r0)
(109/191) Installing git-init-template (2.50.1-r0)
(110/191) Installing perl-error (0.17030-r0)
(111/191) Installing perl-git (2.50.1-r0)
(112/191) Installing git-perl (2.50.1-r0)
(113/191) Installing nettle (3.10.1-r0)
(114/191) Installing libffi (3.5.1-r0)
(115/191) Installing libtasn1 (4.20.0-r0)
(116/191) Installing p11-kit (0.25.5-r2)
(117/191) Installing gnutls (3.8.8-r0)
(118/191) Installing gnutls-c++ (3.8.8-r0)
(119/191) Installing libgmpxx (6.3.0-r4)
(120/191) Installing gmp-dev (6.3.0-r4)
(121/191) Installing nettle-dev (3.10.1-r0)
(122/191) Installing libtasn1-progs (4.20.0-r0)
(123/191) Installing libtasn1-dev (4.20.0-r0)
(124/191) Installing p11-kit-dev (0.25.5-r2)
(125/191) Installing gnutls-dev (3.8.8-r0)
(126/191) Installing hiredis (1.3.0-r0)
(127/191) Installing hiredis-dev (1.3.0-r0)
(128/191) Installing gawk (5.3.2-r2)
(129/191) Installing libcom_err (1.47.2-r3)
(130/191) Installing e2fsprogs-libs (1.47.2-r3)
(131/191) Installing e2fsprogs-dev (1.47.2-r3)
(132/191) Installing libintl (0.24.1-r0)
(133/191) Installing glib (2.84.3-r0)
(134/191) Installing libverto (0.3.2-r2)
(135/191) Installing libverto-glib (0.3.2-r2)
(136/191) Installing libev (4.33-r1)
(137/191) Installing libverto-libev (0.3.2-r2)
(138/191) Installing libevent (2.1.12-r8)
(139/191) Installing libverto-libevent (0.3.2-r2)
(140/191) Installing libverto-dev (0.3.2-r2)
(141/191) Installing krb5-conf (1.0-r2)
(142/191) Installing keyutils-libs (1.6.3-r4)
(143/191) Installing krb5-libs (1.21.3-r0)
(144/191) Installing gdbm (1.24-r0)
(145/191) Installing libsasl (2.1.28-r8)
(146/191) Installing libldap (2.6.8-r0)
(147/191) Installing krb5-server-ldap (1.21.3-r0)
(148/191) Installing krb5-dev (1.21.3-r0)
(149/191) Installing libdbi (0.9.0-r5)
(150/191) Installing libdbi-dev (0.9.0-r5)
(151/191) Installing libestr (0.1.11-r4)
(152/191) Installing libestr-dev (0.1.11-r4)
(153/191) Installing libfastjson (1.2304.0-r4)
(154/191) Installing libfastjson-dev (1.2304.0-r4)
(155/191) Installing libgpg-error (1.55-r0)
(156/191) Installing libgcrypt (1.10.3-r1)
(157/191) Installing libgpg-error-dev (1.55-r0)
(158/191) Installing libgcrypt-dev (1.10.3-r1)
(159/191) Installing liblogging (1.0.6-r4)
(160/191) Installing liblogging-dev (1.0.6-r4)
(161/191) Installing liblognorm (2.0.6-r5)
(162/191) Installing liblognorm-dev (2.0.6-r5)
(163/191) Installing libmaxminddb-libs (1.9.1-r0)
(164/191) Installing libmaxminddb-dev (1.9.1-r0)
(165/191) Installing libnet (1.3-r0)
(166/191) Installing libnet-dev (1.3-r0)
(167/191) Installing libpq (17.5-r2)
(168/191) Installing libpq-dev (17.5-r2)
(169/191) Installing librelp (1.11.0-r2)
(170/191) Installing librelp-dev (1.11.0-r2)
(171/191) Installing libltdl (2.5.4-r1)
(172/191) Installing libtool (2.5.4-r1)
(173/191) Installing linux-headers (6.15.5-r0)
(174/191) Installing mariadb-connector-c (3.3.10-r0)
(175/191) Installing mariadb-connector-c-dev (3.3.10-r0)
(176/191) Installing net-snmp-libs (5.9.4-r2)
(177/191) Installing net-snmp-agent-libs (5.9.4-r2)
(178/191) Installing net-snmp-dev (5.9.4-r2)
(179/191) Installing xz-libs (5.8.1-r0)
(180/191) Installing mpdecimal (4.0.1-r0)
(181/191) Installing libpanelw (6.5_p20250705-r0)
(182/191) Installing python3 (3.12.11-r0)
(183/191) Installing python3-pycache-pyc0 (3.12.11-r0)
(184/191) Installing pyc (3.12.11-r0)
(185/191) Installing py3-docutils-pyc (0.21.2-r0)
(186/191) Installing python3-pyc (3.12.11-r0)
(187/191) Installing py3-docutils (0.21.2-r0)
(188/191) Installing popt (1.19-r4)
(189/191) Installing popt-dev (1.19-r4)
(190/191) Installing rabbitmq-c (0.14.0-r0)
(191/191) Installing rabbitmq-c-dev (0.14.0-r0)
Executing busybox-1.37.0-r18.trigger
Executing glib-2.84.3-r0.trigger
OK: 418 MiB in 191 packages
>>> rsyslog: Fetching rsyslog-8.2410.0.tar.gz::https://github.com/rsyslog/rsyslog/archive/v8.2410.0.tar.gz
>>> rsyslog: Checking sha512sums...
rsyslog-8.2410.0.tar.gz: OK
rsyslog.initd: OK
rsyslog.logrotate: OK
rsyslog.conf: OK
>>> rsyslog: Unpacking /var/cache/distfiles/rsyslog-8.2410.0.tar.gz...
libtoolize: putting auxiliary files in '.'.
libtoolize: copying file './ltmain.sh'
libtoolize: putting macros in AC_CONFIG_MACRO_DIRS, 'm4'.
libtoolize: copying file 'm4/libtool.m4'
libtoolize: copying file 'm4/ltoptions.m4'
libtoolize: copying file 'm4/ltsugar.m4'
libtoolize: copying file 'm4/ltversion.m4'
libtoolize: copying file 'm4/lt~obsolete.m4'
configure.ac:42: warning: AC_PROG_LEX without either yywrap or noyywrap is obsolete
./lib/autoconf/programs.m4:743: _AC_PROG_LEX is expanded from...
./lib/autoconf/programs.m4:736: AC_PROG_LEX is expanded from...
configure.ac:42: the top level
configure.ac:45: warning: The macro 'AC_PROG_CC_C99' is obsolete.
configure.ac:45: You should run autoupdate.
./lib/autoconf/c.m4:1662: AC_PROG_CC_C99 is expanded from...
configure.ac:45: the top level
configure.ac:49: warning: The macro 'AC_LIBTOOL_DLOPEN' is obsolete.
configure.ac:49: You should run autoupdate.
m4/ltoptions.m4:113: AC_LIBTOOL_DLOPEN is expanded from...
configure.ac:49: the top level
configure.ac:49: warning: AC_LIBTOOL_DLOPEN: Remove this warning and the call to _LT_SET_OPTION when you
configure.ac:49: put the 'dlopen' option into LT_INIT's first parameter.
./lib/autoconf/general.m4:2434: AC_DIAGNOSE is expanded from...
m4/ltoptions.m4:113: AC_LIBTOOL_DLOPEN is expanded from...
configure.ac:49: the top level
configure.ac:52: warning: The macro 'AC_PROG_LIBTOOL' is obsolete.
configure.ac:52: You should run autoupdate.
m4/libtool.m4:100: AC_PROG_LIBTOOL is expanded from...
configure.ac:52: the top level
configure.ac:183: warning: The macro 'AC_HEADER_STDC' is obsolete.
configure.ac:183: You should run autoupdate.
./lib/autoconf/headers.m4:663: AC_HEADER_STDC is expanded from...
configure.ac:183: the top level
configure.ac:215: warning: The macro 'AC_HEADER_TIME' is obsolete.
configure.ac:215: You should run autoupdate.
./lib/autoconf/headers.m4:702: AC_HEADER_TIME is expanded from...
configure.ac:215: the top level
configure.ac:230: warning: The macro 'AC_PROG_GCC_TRADITIONAL' is obsolete.
configure.ac:230: You should run autoupdate.
./lib/autoconf/c.m4:1676: AC_PROG_GCC_TRADITIONAL is expanded from...
configure.ac:230: the top level
configure.ac:232: warning: The macro 'AC_TYPE_SIGNAL' is obsolete.
configure.ac:232: You should run autoupdate.
./lib/autoconf/types.m4:805: AC_TYPE_SIGNAL is expanded from...
configure.ac:232: the top level
configure.ac:259: warning: The macro 'AC_TRY_COMPILE' is obsolete.
configure.ac:259: You should run autoupdate.
./lib/autoconf/general.m4:2845: AC_TRY_COMPILE is expanded from...
configure.ac:259: the top level
configure.ac:302: warning: The macro 'AC_TRY_RUN' is obsolete.
configure.ac:302: You should run autoupdate.
./lib/autoconf/general.m4:2995: AC_TRY_RUN is expanded from...
lib/m4sugar/m4sh.m4:690: _AS_IF_ELSE is expanded from...
lib/m4sugar/m4sh.m4:697: AS_IF is expanded from...
./lib/autoconf/general.m4:2249: AC_CACHE_VAL is expanded from...
./lib/autoconf/general.m4:2270: AC_CACHE_CHECK is expanded from...
m4/atomic_operations.m4:10: RS_ATOMIC_OPERATIONS is expanded from...
configure.ac:302: the top level
configure.ac:303: warning: The macro 'AC_TRY_RUN' is obsolete.
configure.ac:303: You should run autoupdate.
./lib/autoconf/general.m4:2995: AC_TRY_RUN is expanded from...
lib/m4sugar/m4sh.m4:690: _AS_IF_ELSE is expanded from...
lib/m4sugar/m4sh.m4:697: AS_IF is expanded from...
./lib/autoconf/general.m4:2249: AC_CACHE_VAL is expanded from...
./lib/autoconf/general.m4:2270: AC_CACHE_CHECK is expanded from...
m4/atomic_operations_64bit.m4:10: RS_ATOMIC_OPERATIONS_64BIT is expanded from...
configure.ac:303: the top level
configure.ac:838: warning: The macro 'AC_TRY_LINK' is obsolete.
configure.ac:838: You should run autoupdate.
./lib/autoconf/general.m4:2918: AC_TRY_LINK is expanded from...
lib/m4sugar/m4sh.m4:697: AS_IF is expanded from...
configure.ac:838: the top level
configure.ac:1426: warning: The macro 'AC_TRY_COMPILE' is obsolete.
configure.ac:1426: You should run autoupdate.
./lib/autoconf/general.m4:2845: AC_TRY_COMPILE is expanded from...
m4/ac_check_define.m4:15: AX_CHECK_DEFINED is expanded from...
configure.ac:1426: the top level
configure.ac:1870: warning: The macro 'AC_TRY_COMPILE' is obsolete.
configure.ac:1870: You should run autoupdate.
./lib/autoconf/general.m4:2845: AC_TRY_COMPILE is expanded from...
configure.ac:1870: the top level
configure.ac:39: installing './compile'
configure.ac:52: installing './config.guess'
configure.ac:52: installing './config.sub'
configure.ac:9: installing './install-sh'
configure.ac:9: installing './missing'
Makefile.am: installing './INSTALL'
compat/Makefile.am: installing './depcomp'
configure.ac: installing './ylwrap'
plugins/omazureeventhubs/Makefile.am:6: warning: omazureeventhubs_la_LDFLAGS multiply defined in condition ENABLE_QPIDPROTON_STATIC ...
plugins/omazureeventhubs/Makefile.am:5: ... 'omazureeventhubs_la_LDFLAGS' previously defined here
tests/Makefile.am:85: warning: es-basic-server.log was already defined in condition ENABLE_ELASTICSEARCH_TESTS_MINIMAL and ENABLE_TESTBENCH, which includes condition ENABLE_ELASTICSEARCH_TESTS_MINIMAL and ENABLE_TESTBENCH and HAVE_VALGRIND ...
tests/Makefile.am:72: ... 'es-basic-server.log' previously defined here
tests/Makefile.am:86: warning: elasticsearch-stop.log was already defined in condition ENABLE_ELASTICSEARCH_TESTS_MINIMAL and ENABLE_TESTBENCH, which includes condition ENABLE_ELASTICSEARCH_TESTS_MINIMAL and ENABLE_TESTBENCH and HAVE_VALGRIND ...
tests/Makefile.am:76: ... 'elasticsearch-stop.log' previously defined here
tests/Makefile.am:92: warning: es-basic-server.log was already defined in condition ENABLE_ELASTICSEARCH_TESTS_MINIMAL and ENABLE_TESTBENCH, which includes condition ENABLE_ELASTICSEARCH_TESTS_MINIMAL and ENABLE_HELGRIND and ENABLE_TESTBENCH and HAVE_VALGRIND ...
tests/Makefile.am:72: ... 'es-basic-server.log' previously defined here
tests/Makefile.am:93: warning: elasticsearch-stop.log was already defined in condition ENABLE_ELASTICSEARCH_TESTS_MINIMAL and ENABLE_TESTBENCH, which includes condition ENABLE_ELASTICSEARCH_TESTS_MINIMAL and ENABLE_HELGRIND and ENABLE_TESTBENCH and HAVE_VALGRIND ...
tests/Makefile.am:76: ... 'elasticsearch-stop.log' previously defined here
tests/Makefile.am:130: warning: elasticsearch-stop.log was already defined in condition ENABLE_ELASTICSEARCH_TESTS and ENABLE_TESTBENCH, which includes condition ENABLE_ELASTICSEARCH_TESTS and ENABLE_IMPSTATS and ENABLE_TESTBENCH ...
tests/Makefile.am:121: ... 'elasticsearch-stop.log' previously defined here
tests/Makefile.am:143: warning: elasticsearch-stop.log was already defined in condition ENABLE_ELASTICSEARCH_TESTS and ENABLE_TESTBENCH, which includes condition ENABLE_ELASTICSEARCH_TESTS and ENABLE_IMFILE and ENABLE_TESTBENCH ...
tests/Makefile.am:121: ... 'elasticsearch-stop.log' previously defined here
tests/Makefile.am:154: warning: elasticsearch-stop.log was already defined in condition ENABLE_ELASTICSEARCH_TESTS and ENABLE_TESTBENCH, which includes condition ENABLE_ELASTICSEARCH_TESTS and ENABLE_TESTBENCH and HAVE_VALGRIND ...
tests/Makefile.am:121: ... 'elasticsearch-stop.log' previously defined here
tests/Makefile.am:689: warning: clickhouse-stop.log was already defined in condition ENABLE_CLICKHOUSE_TESTS and ENABLE_TESTBENCH, which includes condition ENABLE_CLICKHOUSE_TESTS and ENABLE_TESTBENCH and HAVE_VALGRIND ...
tests/Makefile.am:676: ... 'clickhouse-stop.log' previously defined here
tests/Makefile.am:793: warning: mysqld-stop.log was already defined in condition ENABLE_MYSQL_TESTS and ENABLE_TESTBENCH, which includes condition ENABLE_MYSQL_TESTS and ENABLE_TESTBENCH and HAVE_VALGRIND ...
tests/Makefile.am:776: ... 'mysqld-stop.log' previously defined here
tests/Makefile.am:804: warning: mysqld-stop.log was already defined in condition ENABLE_MYSQL_TESTS and ENABLE_TESTBENCH, which includes condition ENABLE_MYSQL_TESTS and ENABLE_OMLIBDBI and ENABLE_TESTBENCH ...
tests/Makefile.am:776: ... 'mysqld-stop.log' previously defined here
tests/Makefile.am:810: warning: mysqld-stop.log was already defined in condition ENABLE_MYSQL_TESTS and ENABLE_TESTBENCH, which includes condition ENABLE_MYSQL_TESTS and ENABLE_OMLIBDBI and ENABLE_TESTBENCH and HAVE_VALGRIND ...
tests/Makefile.am:776: ... 'mysqld-stop.log' previously defined here
parallel-tests: installing './test-driver'
checking for a BSD-compatible install... /usr/bin/install -c
checking whether sleep supports fractional seconds... yes
checking filesystem timestamp resolution... 2
checking whether build environment is sane... yes
checking for a race-free mkdir -p... /bin/mkdir -p
checking for gawk... gawk
checking whether make sets $(MAKE)... yes
checking whether make supports nested variables... yes
checking xargs -n works... yes
checking whether UID '1000' is supported by ustar format... yes
checking whether GID '1000' is supported by ustar format... yes
checking how to create a ustar tar archive... gnutar
checking whether make supports the include directive... yes (GNU style)
checking for x86_64-alpine-linux-musl-gcc... cc
checking whether the C compiler works... yes
checking for C compiler default output file name... a.out
checking for suffix of executables... 
checking whether we are cross compiling... no
checking for suffix of object files... o
checking whether the compiler supports GNU C... yes
checking whether cc accepts -g... yes
checking for cc option to enable C11 features... none needed
checking whether cc understands -c and -o together... yes
checking dependency style of cc... gcc3
checking for stdio.h... yes
checking for stdlib.h... yes
checking for string.h... yes
checking for inttypes.h... yes
checking for stdint.h... yes
checking for strings.h... yes
checking for sys/stat.h... yes
checking for sys/types.h... yes
checking for unistd.h... yes
checking for wchar.h... yes
checking for minix/config.h... no
checking for sys/time.h... yes
checking for vfork.h... no
checking for sys/select.h... yes
checking for sys/socket.h... yes
checking whether it is safe to define __EXTENSIONS__... yes
checking whether _XOPEN_SOURCE should be defined... no
checking for flex... flex
checking for lex output file root... lex.yy
checking for lex library... none needed
checking for library containing yywrap... no
checking whether yytext is a pointer... yes
checking for bison... no
checking for byacc... byacc
checking for x86_64-alpine-linux-musl-gcc... (cached) cc
checking whether the compiler supports GNU C... (cached) yes
checking whether cc accepts -g... (cached) yes
checking for cc option to enable C11 features... (cached) none needed
checking whether cc understands -c and -o together... (cached) yes
checking dependency style of cc... (cached) gcc3
checking build system type... x86_64-alpine-linux-musl
checking host system type... x86_64-alpine-linux-musl
checking how to print strings... printf
checking for a sed that does not truncate output... /bin/sed
checking for grep that handles long lines and -e... /bin/grep
checking for egrep... /bin/grep -E
checking for fgrep... /bin/grep -F
checking for ld used by cc... /usr/x86_64-alpine-linux-musl/bin/ld
checking if the linker (/usr/x86_64-alpine-linux-musl/bin/ld) is GNU ld... yes
checking for BSD- or MS-compatible name lister (nm)... /usr/bin/nm -B
checking the name lister (/usr/bin/nm -B) interface... BSD nm
checking whether ln -s works... yes
checking the maximum length of command line arguments... 98304
checking how to convert x86_64-alpine-linux-musl file names to x86_64-alpine-linux-musl format... func_convert_file_noop
checking how to convert x86_64-alpine-linux-musl file names to toolchain format... func_convert_file_noop
checking for /usr/x86_64-alpine-linux-musl/bin/ld option to reload object files... -r
checking for file... file
checking for x86_64-alpine-linux-musl-objdump... no
checking for objdump... objdump
checking how to recognize dependent libraries... pass_all
checking for x86_64-alpine-linux-musl-dlltool... no
checking for dlltool... no
checking how to associate runtime and link libraries... printf %s\n
checking for x86_64-alpine-linux-musl-ranlib... no
checking for ranlib... ranlib
checking for x86_64-alpine-linux-musl-ar... no
checking for ar... ar
checking for archiver @FILE support... @
checking for x86_64-alpine-linux-musl-strip... no
checking for strip... strip
checking command to parse /usr/bin/nm -B output from cc object... ok
checking for sysroot... no
checking for a working dd... /bin/dd
checking how to truncate binary pipes... /bin/dd bs=4096 count=1
checking for x86_64-alpine-linux-musl-mt... no
checking for mt... no
checking if : is a manifest tool... no
checking for dlfcn.h... yes
checking for objdir... .libs
checking if cc supports -fno-rtti -fno-exceptions... no
checking for cc option to produce PIC... -fPIC -DPIC
checking if cc PIC flag -fPIC -DPIC works... yes
checking if cc static flag -static works... yes
checking if cc supports -c -o file.o... yes
checking if cc supports -c -o file.o... (cached) yes
checking whether the cc linker (/usr/x86_64-alpine-linux-musl/bin/ld -m elf_x86_64) supports shared libraries... yes
checking whether -lc should be explicitly linked in... no
checking dynamic linker characteristics... GNU/Linux ld.so
checking how to hardcode library paths into programs... immediate
checking whether stripping libraries is possible... yes
checking if libtool supports shared libraries... yes
checking whether to build shared libraries... yes
checking whether to build static libraries... no
configure: WARNING: missing AX_IS_RELEASE macro, not using AX_COMPILER_FLAGS macro because of this
checking for x86_64-alpine-linux-musl-pkg-config... no
checking for pkg-config... /usr/bin/pkg-config
checking pkg-config is at least version 0.9.0... yes
checking for libestr >= 0.1.9... yes
checking for libfastjson >= 0.99.8... yes
  #define PLATFORM_ID_LSB "`lsb_release -d`"
                            ^
[ backticks in ./configure ]:16637: Command 'lsb_release' not found (OILS-ERR-100)
HOST: x86_64-alpine-linux-musl
checking for python... /usr/bin/python
checking for python version... 3.12
checking for python platform... linux
checking for GNU default python prefix... ${prefix}
checking for GNU default python exec_prefix... ${exec_prefix}
checking for python script directory (pythondir)... ${PYTHON_PREFIX}/lib/python3.12/site-packages
checking for python extension module directory (pyexecdir)... ${PYTHON_EXEC_PREFIX}/lib/python3.12/site-packages
checking for PATH_MAX... yes
checking for library containing clock_gettime... none required
checking for library containing mq_getattr... none required
checking for library containing dlopen... none required
checking for sys/types.h... (cached) yes
checking for netinet/in.h... yes
checking for arpa/nameser.h... yes
checking for netdb.h... yes
checking for resolv.h... yes
checking for egrep... (cached) /bin/grep -E
checking for sys/wait.h that is POSIX.1 compatible... yes
checking for arpa/inet.h... yes
checking for libgen.h... yes
checking for malloc.h... yes
checking for fcntl.h... yes
checking for locale.h... yes
checking for netdb.h... (cached) yes
checking for netinet/in.h... (cached) yes
checking for paths.h... yes
checking for stddef.h... yes
checking for stdlib.h... (cached) yes
checking for string.h... (cached) yes
checking for sys/file.h... yes
checking for sys/ioctl.h... yes
checking for sys/param.h... yes
checking for sys/socket.h... (cached) yes
checking for sys/time.h... (cached) yes
checking for sys/stat.h... (cached) yes
checking for unistd.h... (cached) yes
checking for utmp.h... yes
checking for utmpx.h... yes
checking for sys/epoll.h... yes
checking for sys/prctl.h... yes
checking for sys/select.h... (cached) yes
checking for getopt.h... yes
checking for linux/close_range.h... yes
checking for an ANSI C-conforming const... yes
checking for inline... inline
checking for off_t... yes
checking for pid_t... yes
checking for size_t... yes
checking for ssize_t... yes
checking for mode_t... yes
checking for uid_t... yes
checking for gid_t... yes
checking for uint8_t... yes
checking whether struct tm is in sys/time.h or time.h... time.h
checking for working volatile... yes
checking for struct sockaddr.sa_len... no
checking for working chown... yes
checking for fork... yes
checking for vfork... yes
checking for vprintf... yes
checking for working fork... yes
checking for working vfork... (cached) yes
checking types of arguments for select... int,fd_set *,struct timeval *
checking return type of signal handlers... void
checking whether lstat correctly handles trailing slash... yes
checking whether stat accepts an empty string... no
checking for cc options needed to detect all undeclared functions... none needed
checking whether strerror_r is declared... yes
checking whether strerror_r returns char *... no
checking for flock... yes
checking for recvmmsg... yes
checking for basename... yes
checking for alarm... yes
checking for clock_gettime... yes
checking for gethostbyname... yes
checking for gethostname... yes
checking for gettimeofday... yes
checking for localtime_r... yes
checking for memset... yes
checking for mkdir... yes
checking for regcomp... yes
checking for select... yes
checking for setsid... yes
checking for socket... yes
checking for strcasecmp... yes
checking for strchr... yes
checking for strdup... yes
checking for strerror... yes
checking for strndup... yes
checking for strnlen... yes
checking for strrchr... yes
checking for strstr... yes
checking for strtol... yes
checking for strtoul... yes
checking for uname... yes
checking for ttyname_r... yes
checking for getline... yes
checking for malloc_trim... no
checking for prctl... yes
checking for epoll_create... yes
checking for epoll_create1... yes
checking for fdatasync... yes
checking for syscall... yes
checking for lseek64... no
checking for asprintf... yes
checking for close_range... no
checking for setns... yes
checking for off64_t... no
checking for sys/inotify.h... yes
checking for inotify_init... yes
checking for library containing getifaddrs... none required
checking whether SCM_CREDENTIALS is declared... yes
checking whether SO_TIMESTAMP is declared... yes
checking whether SYS_gettid is declared... yes
checking for struct sysinfo.uptime... yes
checking whether GLOB_NOMAGIC is declared... no
checking for MAXHOSTNAMELEN... yes
checking for __builtin_expect()... yes
checking whether the compiler provides atomic builtins... yes
checking whether the compiler provides atomic builtins for 64 bit data types... yes
checking for semaphore.h... yes
checking for sys/syscall.h... yes
checking for cc option to enable large file support... none needed
checking for zlib... yes
checking for gss_acquire_cred in -lgssapi_krb5... yes
checking for gssapi/gssapi.h... yes
checking for pthread.h... yes
checking for pthread_create in -lpthread... yes
checking for pthread_rwlockattr_setkind_np in -lpthread... no
checking for pthread_setname_np in -lpthread... yes
checking for library containing pthread_setschedparam... none required
checking for sched.h... yes
checking for library containing sched_get_priority_max... none required
checking for sched_get_priority_max... yes
checking for libsystemd... no
configure: WARNING: libsystemd not present - disabling systemd support
configure: --enable-libsystemd in auto mode, enable-libsystemd is set to no
configure: enable-debug in auto mode, enable-debug is set to no
checking for mysqlclient... no
checking for mysql_config... mysql_config
checking if we have mysql_library_init... checking for mysql_init in -lmysqlclient... yes
checking for libpq... yes
checking for PGsslInUse in -lpq... no
checking for dbi/dbi.h... yes
checking for dbi_initialize in -ldbi... yes
checking for dbi_initialize_r in -ldbi... yes
checking for dbi_conn_transaction_begin in -ldbi... yes
checking for net-snmp/net-snmp-config.h... yes
checking for snmp_timeout in -lnetsnmp... yes
checking for uuid... yes
checking for libcurl... yes
checking for cos in -lm... yes
checking for libcurl... yes
checking for cos in -lm... (cached) yes
checking for libcurl... yes
checking for cos in -lm... (cached) yes
checking for gnutls >= 1.4.0... yes
checking for gnutls_certificate_set_retrieve_function... yes
checking for gnutls_certificate_type_set_priority... no
checking for libgcrypt-config... /usr/bin/libgcrypt-config
checking for gcry_cipher_open in -lgcrypt... yes
checking for libcurl... yes
checking for lognorm >= 2.0.3... yes
checking for LOGNORM_REGEX_SUPPORTED defined... no
checking for maxminddb.h... yes
checking for protocol.h... no
checking for relp >= 1.2.14... yes
checking for relpSrvSetOversizeMode... yes
checking for relpSrvSetLstnAddr... yes
checking for relpEngineSetTLSLibByName... yes
checking for relpSrvSetTlsConfigCmd... yes
checking for relpSrvSetTlsConfigCmd... (cached) yes
checking for liblogging-stdlog >= 1.0.3... yes
checking for ip... yes
checking for valgrind... no
configure: testbench will use valgrind
checking for port_create... no
checking for Solaris File Events Notification API support... no
checking for curl/curl.h... yes
checking for libcurl >= 7.40.0... yes
checking for libnet.h... yes
checking for libnet_init in -lnet... yes
checking for hdfs.h... no
checking for hadoop/hdfs.h... no
checking for libczmq >= 4.0.0... yes
checking for libczmq >= 4.0.0... yes
checking for librabbitmq >= 0.2.0... yes
checking for hiredis >= 0.10.1... yes
configure: Not running from git source
checking for rst2man... rst2man
checking that generated files are newer than configure... done
configure: creating ./config.status
config.status: creating Makefile
config.status: creating runtime/Makefile
config.status: creating compat/Makefile
config.status: creating grammar/Makefile
config.status: creating tools/Makefile
config.status: creating plugins/imudp/Makefile
config.status: creating plugins/imtcp/Makefile
config.status: creating plugins/im3195/Makefile
config.status: creating plugins/imgssapi/Makefile
config.status: creating plugins/imuxsock/Makefile
config.status: creating plugins/imjournal/Makefile
config.status: creating plugins/immark/Makefile
config.status: creating plugins/imklog/Makefile
config.status: creating plugins/omhdfs/Makefile
config.status: creating plugins/omkafka/Makefile
config.status: creating plugins/omprog/Makefile
config.status: creating plugins/mmexternal/Makefile
config.status: creating plugins/omstdout/Makefile
config.status: creating plugins/omjournal/Makefile
config.status: creating plugins/pmciscoios/Makefile
config.status: creating plugins/pmnull/Makefile
config.status: creating plugins/pmnormalize/Makefile
config.status: creating plugins/omruleset/Makefile
config.status: creating plugins/omuxsock/Makefile
config.status: creating plugins/imfile/Makefile
config.status: creating plugins/imsolaris/Makefile
config.status: creating plugins/imptcp/Makefile
config.status: creating plugins/impstats/Makefile
config.status: creating plugins/imrelp/Makefile
config.status: creating plugins/imdiag/Makefile
config.status: creating plugins/imkafka/Makefile
config.status: creating plugins/omtesting/Makefile
config.status: creating plugins/omgssapi/Makefile
config.status: creating plugins/ommysql/Makefile
config.status: creating plugins/ompgsql/Makefile
config.status: creating plugins/omrelp/Makefile
config.status: creating plugins/omlibdbi/Makefile
config.status: creating plugins/ommail/Makefile
config.status: creating plugins/fmhttp/Makefile
config.status: creating plugins/omsnmp/Makefile
config.status: creating plugins/omudpspoof/Makefile
config.status: creating plugins/ommongodb/Makefile
config.status: creating plugins/mmnormalize/Makefile
config.status: creating plugins/mmjsonparse/Makefile
config.status: creating plugins/mmaudit/Makefile
config.status: creating plugins/mmanon/Makefile
config.status: creating plugins/mmrm1stspace/Makefile
config.status: creating plugins/mmutf8fix/Makefile
config.status: creating plugins/mmfields/Makefile
config.status: creating plugins/mmpstrucdata/Makefile
config.status: creating plugins/omelasticsearch/Makefile
config.status: creating plugins/omclickhouse/Makefile
config.status: creating plugins/mmsnmptrapd/Makefile
config.status: creating plugins/pmlastmsg/Makefile
config.status: creating plugins/mmdblookup/Makefile
config.status: creating plugins/omazureeventhubs/Makefile
config.status: creating plugins/imdtls/Makefile
config.status: creating plugins/omdtls/Makefile
config.status: creating contrib/mmdarwin/Makefile
config.status: creating contrib/omhttp/Makefile
config.status: creating contrib/fmhash/Makefile
config.status: creating contrib/fmunflatten/Makefile
config.status: creating contrib/ffaup/Makefile
config.status: creating contrib/pmsnare/Makefile
config.status: creating contrib/pmpanngfw/Makefile
config.status: creating contrib/pmaixforwardedfrom/Makefile
config.status: creating contrib/omhiredis/Makefile
config.status: creating contrib/omrabbitmq/Makefile
config.status: creating contrib/imkmsg/Makefile
config.status: creating contrib/mmgrok/Makefile
config.status: creating contrib/mmcount/Makefile
config.status: creating contrib/omczmq/Makefile
config.status: creating contrib/imczmq/Makefile
config.status: creating contrib/mmsequence/Makefile
config.status: creating contrib/mmrfc5424addhmac/Makefile
config.status: creating contrib/pmcisconames/Makefile
config.status: creating contrib/omhttpfs/Makefile
config.status: creating contrib/omamqp1/Makefile
config.status: creating contrib/omtcl/Makefile
config.status: creating contrib/imbatchreport/Makefile
config.status: creating contrib/omfile-hardened/Makefile
config.status: creating contrib/mmkubernetes/Makefile
config.status: creating contrib/impcap/Makefile
config.status: creating contrib/imtuxedoulog/Makefile
config.status: creating contrib/improg/Makefile
config.status: creating contrib/imhttp/Makefile
config.status: creating contrib/mmtaghostname/Makefile
config.status: creating contrib/imdocker/Makefile
config.status: creating contrib/pmdb2diag/Makefile
config.status: creating contrib/imhiredis/Makefile
config.status: creating tests/set-envvars
config.status: creating tests/Makefile
config.status: creating config.h
config.status: executing depfiles commands
config.status: executing libtool commands
****************************************************
rsyslog will be compiled with the following settings:

    Large file support enabled:               yes
    Networking support enabled:               yes
    Regular expressions support enabled:      yes
    rsyslog runtime will be built:            yes
    rsyslogd will be built:                   yes
    have to generate man pages:               no
    Unlimited select() support enabled:       no
    uuid support enabled:                     yes
    Log file signing support via KSI LS12:    no
    Log file gcry encryption support:         yes
    Log file ossl encryption support:         no
    Log file compression via zstd support:    no
    anonymization support enabled:            yes
    message counting support enabled:         yes
    liblogging-stdlog support enabled:        no
    libsystemd enabled:                       no
    kafka static linking enabled:             no
    qpid proton static linking enabled:       no
    atomic operations enabled:                yes
    libcap-ng support enabled:                no

---{ input plugins }---
    Klog functionality enabled:               yes (linux)
    /dev/kmsg functionality enabled:          no
    plain tcp input module enabled:           yes
    DTLS udp input module enabled:            no
    imdiag enabled:                           yes
    file input module enabled:                yes
    docker log input module enabled:          yes
    Solaris input module enabled:             no
    periodic statistics module enabled:       yes
    imczmq input module enabled:              yes
    imjournal input module enabled:           no
    imbatchreport input module enabled:       no
    imkafka module will be compiled:          no
    impcap input module enabled:              no
    imtuxedoulog module will be compiled:     no
    improg input module enabled:              no
    imhttp input module enabled:              no
    imhiredis input module enabled:           no

---{ output plugins }---
    Mail support enabled:                     yes
    omfile-hardened module will be compiled:  no
    omprog module will be compiled:           yes
    omstdout module will be compiled:         yes
    omjournal module will be compiled:        no
    omhdfs module will be compiled:           no
    omelasticsearch module will be compiled:  yes
    omclickhouse module will be compiled:     yes
    omhttp module will be compiled:           yes
    omruleset module will be compiled:        no
    omudpspoof module will be compiled:       yes
    omuxsock module will be compiled:         yes
    omczmq module will be compiled:           yes
    omrabbitmq module will be compiled:       yes
    omhttpfs module will be compiled:         no
    omamqp1 module will be compiled:          no
    omtcl module will be compiled:            no
    omkafka module will be compiled:          no
    omhiredis module will be compiled:        yes
    omazureeventhubs module will be compiled: no
    omdtls module will be compiled:           no

---{ parser modules }---
    pmlastmsg module will be compiled:        yes
    pmcisconames module will be compiled:     no
    pmciscoios module will be compiled:       no
    pmnull module will be compiled:           no
    pmnormalize module will be compiled:      no
    pmaixforwardedfrom module w.be compiled:  yes
    pmsnare module will be compiled:          yes
    pmdb2diag module will be compiled:        no
    pmpanngfw module will be compiled:        no

---{ message modification modules }---
    mmnormalize module will be compiled:      yes
    mmjsonparse module will be compiled:      yes
    mmgrok module will be compiled:           no
    mmjaduit module will be compiled:         yes
    mmsnmptrapd module will be compiled:      yes
    mmutf8fix enabled:                        yes
    mmrfc5424addhmac enabled:                 no
    mmpstrucdata enabled:                     yes
    mmsequence enabled:                       yes
    mmdblookup enabled:                       yes
    mmdarwin enabled:                         no
    mmfields enabled:                         yes
    mmrm1stspace module enabled:              yes
    mmkubernetes enabled:                     no
    mmtaghostname enabled:                    yes

---{ database support }---
    MySql support enabled:                    yes
    libdbi support enabled:                   yes
    PostgreSQL support enabled:               yes
    mongodb support enabled:                  no
    hiredis support enabled:                  yes

---{ protocol support }---
    openssl network stream driver enabled:    no
    GnuTLS network stream driver enabled:     yes
    GSSAPI Kerberos 5 support enabled:        yes
    RELP support enabled:                     yes
    SNMP support enabled:                     yes

---{ function modules }---
    fmhttp enabled:                           yes
    fmhash enabled:                           yes
    fmhash with xxhash enabled:               no
    fmunflatten enabled:                      no
    ffaup enabled:                            no

---{ debugging support }---
    distcheck workaround enabled:             no
    Testbench enabled:                        no
    valgrind tests enabled:                   
    valgrind helgrind tests enabled:          yes
    Default tests enabled:                    yes
    Testbench libfaketime tests enabled:      no
    Extended Testbench enabled:               no
    MySQL Tests enabled:                      no
    Elasticsearch Tests:                      no
    ClickHouse Tests:                         no
    PostgreSQL Tests enabled:                 no
    Kafka Tests enabled:                      no
    Redis Tests enabled:                      no
    Omazureeventhubs Tests enabled:           no
    Imdocker Tests enabled:                   no
    gnutls tests enabled:                     yes
    imfile tests enabled:                     yes
    systemd journal tests enabled:            no
    SNMP Tests enabled:                       no
    Debug mode enabled:                       no
    (total) debugless mode enabled:           no
    Diagnostic tools enabled:                 no
    End-User tools enabled:                   no
    Valgrind support settings enabled:        no

make  all-recursive
make[1]: Entering directory '/tmp/src/rsyslog-8.2410.0'
Making all in compat
make[2]: Entering directory '/tmp/src/rsyslog-8.2410.0/compat'
  CC       compat_la-getifaddrs.lo
  CC       compat_la-asprintf.lo
  CC       compat_la-strndup.lo
  CC       compat_la-solaris_elf_fix.lo
  CCLD     compat.la
make[2]: Leaving directory '/tmp/src/rsyslog-8.2410.0/compat'
Making all in runtime
make[2]: Entering directory '/tmp/src/rsyslog-8.2410.0/runtime'
  CC       librsyslog_la-dnscache.lo
  CC       librsyslog_la-conf.lo
  CC       librsyslog_la-janitor.lo
  CC       librsyslog_la-rsconf.lo
  CC       librsyslog_la-rsyslog.lo
  CC       librsyslog_la-glbl.lo
  CC       librsyslog_la-msg.lo
  CC       librsyslog_la-stringbuf.lo
  CC       librsyslog_la-parser.lo
  CC       librsyslog_la-strgen.lo
  CC       librsyslog_la-linkedlist.lo
  CC       librsyslog_la-objomsr.lo
  CC       librsyslog_la-srutils.lo
  CC       librsyslog_la-datetime.lo
  CC       librsyslog_la-operatingstate.lo
  CC       librsyslog_la-errmsg.lo
cc: warning: \\\-D_PATH_MODDIR="/usr/lib/rsyslog/: linker input file unused because linking not done
cc: error: \\\-D_PATH_MODDIR="/usr/lib/rsyslog/: linker input file not found: No such file or directory
make[2]: *** [Makefile:1437: librsyslog_la-operatingstate.lo] Error 1
make[2]: *** Waiting for unfinished jobs....
stringbuf.c: In function 'rsCStrSzStrMatchRegex':
stringbuf.c:600:48: warning: 'calloc' sizes specified with 'sizeof' in the earlier argument and not in the later argument [-Wcalloc-transposed-args]
  600 |                         *cache = calloc(sizeof(regex_t), 1);
      |                                                ^~~~~~~
stringbuf.c:600:48: note: earlier argument should specify number of elements, later size of each element
cc: warning: \\\-D_PATH_MODDIR="/usr/lib/rsyslog/: linker input file unused because linking not done
cc: error: \\\-D_PATH_MODDIR="/usr/lib/rsyslog/: linker input file not found: No such file or directory
cc: warning: \\\-D_PATH_MODDIR="/usr/lib/rsyslog/: linker input file unused because linking not done
cc: error: \\\-D_PATH_MODDIR="/usr/lib/rsyslog/: linker input file not found: No such file or directory
make[2]: *** [Makefile:1360: librsyslog_la-janitor.lo] Error 1
make[2]: *** [Makefile:1402: librsyslog_la-objomsr.lo] Error 1
cc: warning: \\\-D_PATH_MODDIR="/usr/lib/rsyslog/: linker input file unused because linking not done
cc: error: \\\-D_PATH_MODDIR="/usr/lib/rsyslog/: linker input file not found: No such file or directory
make[2]: *** [Makefile:1374: librsyslog_la-parser.lo] Error 1
cc: warning: \\\-D_PATH_MODDIR="/usr/lib/rsyslog/: linker input file unused because linking not done
cc: error: \\\-D_PATH_MODDIR="/usr/lib/rsyslog/: linker input file not found: No such file or directory
cc: warning: \\\-D_PATH_MODDIR="/usr/lib/rsyslog/: linker input file unused because linking not done
cc: error: \\\-D_PATH_MODDIR="/usr/lib/rsyslog/: linker input file not found: No such file or directory
make[2]: *** [Makefile:1395: librsyslog_la-linkedlist.lo] Error 1
make[2]: *** [Makefile:1339: librsyslog_la-dnscache.lo] Error 1
cc: warning: \\\-D_PATH_MODDIR="/usr/lib/rsyslog/: linker input file unused because linking not done
cc: error: \\\-D_PATH_MODDIR="/usr/lib/rsyslog/: linker input file not found: No such file or directory
make[2]: *** [Makefile:1332: librsyslog_la-rsyslog.lo] Error 1
cc: warning: \\\-D_PATH_MODDIR="/usr/lib/rsyslog/: linker input file unused because linking not done
cc: error: \\\-D_PATH_MODDIR="/usr/lib/rsyslog/: linker input file not found: No such file or directory
make[2]: *** [Makefile:1430: librsyslog_la-errmsg.lo] Error 1
cc: warning: \\\-D_PATH_MODDIR="/usr/lib/rsyslog/: linker input file unused because linking not done
cc: error: \\\-D_PATH_MODDIR="/usr/lib/rsyslog/: linker input file not found: No such file or directory
make[2]: *** [Makefile:1416: librsyslog_la-datetime.lo] Error 1
cc: warning: \\\-D_PATH_MODDIR="/usr/lib/rsyslog/: linker input file unused because linking not done
cc: error: \\\-D_PATH_MODDIR="/usr/lib/rsyslog/: linker input file not found: No such file or directory
make[2]: *** [Makefile:1381: librsyslog_la-strgen.lo] Error 1
cc: warning: \\\-D_PATH_MODDIR="/usr/lib/rsyslog/: linker input file unused because linking not done
cc: error: \\\-D_PATH_MODDIR="/usr/lib/rsyslog/: linker input file not found: No such file or directory
make[2]: *** [Makefile:1409: librsyslog_la-stringbuf.lo] Error 1
cc: warning: \\\-D_PATH_MODDIR="/usr/lib/rsyslog/: linker input file unused because linking not done
cc: error: \\\-D_PATH_MODDIR="/usr/lib/rsyslog/: linker input file not found: No such file or directory
make[2]: *** [Makefile:1353: librsyslog_la-conf.lo] Error 1
cc: warning: \\\-D_PATH_MODDIR="/usr/lib/rsyslog/: linker input file unused because linking not done
cc: error: \\\-D_PATH_MODDIR="/usr/lib/rsyslog/: linker input file not found: No such file or directory
make[2]: *** [Makefile:1423: librsyslog_la-srutils.lo] Error 1
cc: warning: \\\-D_PATH_MODDIR="/usr/lib/rsyslog/: linker input file unused because linking not done
cc: error: \\\-D_PATH_MODDIR="/usr/lib/rsyslog/: linker input file not found: No such file or directory
make[2]: *** [Makefile:1346: librsyslog_la-glbl.lo] Error 1
cc: warning: \\\-D_PATH_MODDIR="/usr/lib/rsyslog/: linker input file unused because linking not done
cc: error: \\\-D_PATH_MODDIR="/usr/lib/rsyslog/: linker input file not found: No such file or directory
make[2]: *** [Makefile:1367: librsyslog_la-rsconf.lo] Error 1
cc: warning: \\\-D_PATH_MODDIR="/usr/lib/rsyslog/: linker input file unused because linking not done
cc: error: \\\-D_PATH_MODDIR="/usr/lib/rsyslog/: linker input file not found: No such file or directory
make[2]: *** [Makefile:1388: librsyslog_la-msg.lo] Error 1
make[2]: Leaving directory '/tmp/src/rsyslog-8.2410.0/runtime'
make[1]: *** [Makefile:928: all-recursive] Error 1
make[1]: Leaving directory '/tmp/src/rsyslog-8.2410.0'
make: *** [Makefile:783: all] Error 2
>>> ERROR: rsyslog: build failed
>>> ERROR: rsyslog: rootbld failed
>>> rsyslog: Cleaning up build chroot
