>>> xz: Validating /home/packager/oily-pine/main/xz/APKBUILD...
>>> xz: Cleaning up srcdir
>>> xz: Cleaning up pkgdir
>>> xz: Cleaning up tmpdir
>>> xz: Fetching https://github.com/tukaani-project/xz/archive/refs/tags/v5.8.1/xz-5.8.1.tar.gz
>>> xz: Fetching https://github.com/tukaani-project/xz/archive/refs/tags/v5.8.1/xz-5.8.1.tar.gz
>>> xz: Checking sha512sums...
xz-5.8.1.tar.gz: OK
>>> xz: Preparing build chroot...
installing oils!
fetch http://dl-cdn.alpinelinux.org/alpine/edge/main/x86_64/APKINDEX.tar.gz
WARNING: opening /home/packager/packages//# for oils: No such file or directory
(1/83) Installing musl (1.2.5-r13)
(2/83) Installing libcrypto3 (3.5.1-r0)
(3/83) Installing libssl3 (3.5.1-r0)
(4/83) Installing zlib (1.3.1-r2)
(5/83) Installing zstd-libs (1.5.7-r1)
(6/83) Installing libapk (3.0.0_rc5_git20250613-r0)
(7/83) Installing ca-certificates-bundle (20241121-r2)
(8/83) Installing apk-tools (3.0.0_rc5_git20250613-r0)
(9/83) Installing libcap2 (2.76-r0)
(10/83) Installing libcap-getcap (2.76-r0)
(11/83) Installing fakeroot (1.37.1.2-r0)
(12/83) Installing scanelf (1.3.8-r1)
(13/83) Installing musl-utils (1.2.5-r13)
(14/83) Installing libgcc (14.3.0-r5)
(15/83) Installing libstdc++ (14.3.0-r5)
(16/83) Installing lzip (1.25-r0)
(17/83) Installing openssl (3.5.1-r0)
(18/83) Installing patch (2.8-r0)
(19/83) Installing pkgconf (2.5.1-r0)
(20/83) Installing acl-libs (2.3.2-r1)
(21/83) Installing tar (1.35-r4)
(22/83) Installing alpine-baselayout-data (3.7.0-r0)
(23/83) Installing busybox (1.37.0-r18)
Executing busybox-1.37.0-r18.post-install
(24/83) Installing ssl_client (1.37.0-r18)
(25/83) Installing ncurses-terminfo-base (6.5_p20250705-r0)
(26/83) Installing libncursesw (6.5_p20250705-r0)
(27/83) Installing readline (8.3.0-r1)
(28/83) Installing oils-for-unix (0.28.0-r0)
(29/83) Installing oils-for-unix-binsh (0.28.0-r0)
(30/83) Installing abuild (3.15.0-r2)
Executing abuild-3.15.0-r2.pre-install
(31/83) Installing abuild-sudo (3.15.0-r2)
(32/83) Installing alpine-baselayout (3.7.0-r0)
Executing alpine-baselayout-3.7.0-r0.pre-install
Executing alpine-baselayout-3.7.0-r0.post-install
(33/83) Installing bridge (1.5-r5)
(34/83) Installing ifupdown-ng (0.12.1-r7)
(35/83) Installing openrc-user (0.62.5-r0)
(36/83) Installing openrc (0.62.5-r0)
Executing openrc-0.62.5-r0.post-install
(37/83) Installing mdev-conf (4.8-r0)
(38/83) Installing busybox-mdev-openrc (1.37.0-r18)
(39/83) Installing alpine-conf (3.20.0-r0)
(40/83) Installing alpine-keys (2.5-r0)
(41/83) Installing alpine-release (3.23.0_alpha20250612-r0)
(42/83) Installing busybox-openrc (1.37.0-r18)
(43/83) Installing busybox-suid (1.37.0-r18)
(44/83) Installing alpine-base (3.23.0_alpha20250612-r0)
(45/83) Installing m4 (1.4.20-r0)
(46/83) Installing libbz2 (1.0.8-r6)
(47/83) Installing perl (5.42.0-r0)
(48/83) Installing autoconf (2.72-r1)
(49/83) Installing automake (1.18.1-r0)
(50/83) Installing jansson (2.14.1-r0)
(51/83) Installing binutils (2.44-r0)
(52/83) Installing libmagic (5.46-r2)
(53/83) Installing file (5.46-r2)
(54/83) Installing libgomp (14.3.0-r5)
(55/83) Installing libatomic (14.3.0-r5)
(56/83) Installing gmp (6.3.0-r4)
(57/83) Installing isl26 (0.26-r1)
(58/83) Installing mpfr4 (4.2.2-r0)
(59/83) Installing mpc1 (1.3.1-r1)
(60/83) Installing gcc (14.3.0-r5)
(61/83) Installing libstdc++-dev (14.3.0-r5)
(62/83) Installing musl-dev (1.2.5-r13)
(63/83) Installing g++ (14.3.0-r5)
(64/83) Installing make (4.4.1-r3)
(65/83) Installing fortify-headers (1.1-r5)
(66/83) Installing build-base (0.5-r3)
(67/83) Installing gettext-tiny (0.3.2-r6)
(68/83) Installing brotli-libs (1.1.0-r2)
(69/83) Installing c-ares (1.34.5-r0)
(70/83) Installing libunistring (1.3-r0)
(71/83) Installing libidn2 (2.3.8-r0)
(72/83) Installing nghttp2-libs (1.66.0-r0)
(73/83) Installing libpsl (0.21.5-r3)
(74/83) Installing libcurl (8.14.1-r2)
(75/83) Installing libexpat (2.7.1-r0)
(76/83) Installing pcre2 (10.43-r1)
(77/83) Installing git (2.50.0-r1)
(78/83) Installing git-init-template (2.50.0-r1)
(79/83) Installing perl-error (0.17030-r0)
(80/83) Installing perl-git (2.50.0-r1)
(81/83) Installing git-perl (2.50.0-r1)
(82/83) Installing libltdl (2.5.4-r1)
(83/83) Installing libtool (2.5.4-r1)
Executing busybox-1.37.0-r18.trigger
OK: 320 MiB in 83 packages
>>> xz: Fetching https://github.com/tukaani-project/xz/archive/refs/tags/v5.8.1/xz-5.8.1.tar.gz
>>> xz: Checking sha512sums...
xz-5.8.1.tar.gz: OK
>>> xz: Unpacking /var/cache/distfiles/xz-5.8.1.tar.gz...
      dirprefix="${line##*([}"
                         ^~
/usr/bin/autopoint:18: Extended glob won't work without FNM_EXTMATCH support in libc
autoreconf: error: autopoint failed with exit status: 2
>>> ERROR: xz: prepare failed
>>> ERROR: xz: rootbld failed
>>> xz: Cleaning up build chroot
