>>> zfs: Validating /home/packager/oily-pine/main/zfs/APKBUILD...
>>> zfs: Cleaning up srcdir
>>> zfs: Cleaning up pkgdir
>>> zfs: Cleaning up tmpdir
>>> zfs: Fetching https://github.com/openzfs/zfs/releases/download/zfs-2.3.2/zfs-2.3.2.tar.gz
>>> zfs: Fetching https://github.com/openzfs/zfs/releases/download/zfs-2.3.2/zfs-2.3.2.tar.gz
>>> zfs: Checking sha512sums...
zfs-2.3.2.tar.gz: OK
tests-fix-S_IFMT-undeclared-at-statx.c.patch: OK
>>> zfs: Preparing build chroot...
installing oils!
fetch http://dl-cdn.alpinelinux.org/alpine/edge/main/x86_64/APKINDEX.tar.gz
WARNING: opening /home/packager/packages//# for oils: No such file or directory
(1/161) Installing musl (1.2.5-r13)
(2/161) Installing libcrypto3 (3.5.1-r0)
(3/161) Installing libssl3 (3.5.1-r0)
(4/161) Installing zlib (1.3.1-r2)
(5/161) Installing zstd-libs (1.5.7-r1)
(6/161) Installing libapk (3.0.0_rc5_git20250613-r0)
(7/161) Installing ca-certificates-bundle (20241121-r2)
(8/161) Installing apk-tools (3.0.0_rc5_git20250613-r0)
(9/161) Installing libcap2 (2.76-r0)
(10/161) Installing libcap-getcap (2.76-r0)
(11/161) Installing fakeroot (1.37.1.2-r0)
(12/161) Installing scanelf (1.3.8-r1)
(13/161) Installing musl-utils (1.2.5-r13)
(14/161) Installing libgcc (14.3.0-r5)
(15/161) Installing libstdc++ (14.3.0-r5)
(16/161) Installing lzip (1.25-r0)
(17/161) Installing openssl (3.5.1-r0)
(18/161) Installing patch (2.8-r0)
(19/161) Installing pkgconf (2.5.1-r0)
(20/161) Installing acl-libs (2.3.2-r1)
(21/161) Installing tar (1.35-r4)
(22/161) Installing alpine-baselayout-data (3.7.0-r0)
(23/161) Installing busybox (1.37.0-r18)
Executing busybox-1.37.0-r18.post-install
(24/161) Installing ssl_client (1.37.0-r18)
(25/161) Installing ncurses-terminfo-base (6.5_p20250705-r0)
(26/161) Installing libncursesw (6.5_p20250705-r0)
(27/161) Installing readline (8.3.0-r1)
(28/161) Installing oils-for-unix (0.28.0-r0)
(29/161) Installing oils-for-unix-binsh (0.28.0-r0)
(30/161) Installing abuild (3.15.0-r2)
Executing abuild-3.15.0-r2.pre-install
(31/161) Installing abuild-sudo (3.15.0-r2)
(32/161) Installing alpine-baselayout (3.7.0-r0)
Executing alpine-baselayout-3.7.0-r0.pre-install
Executing alpine-baselayout-3.7.0-r0.post-install
(33/161) Installing bridge (1.5-r5)
(34/161) Installing ifupdown-ng (0.12.1-r7)
(35/161) Installing openrc-user (0.62.5-r0)
(36/161) Installing openrc (0.62.5-r0)
Executing openrc-0.62.5-r0.post-install
(37/161) Installing mdev-conf (4.8-r0)
(38/161) Installing busybox-mdev-openrc (1.37.0-r18)
(39/161) Installing alpine-conf (3.20.0-r0)
(40/161) Installing alpine-keys (2.5-r0)
(41/161) Installing alpine-release (3.23.0_alpha20250612-r0)
(42/161) Installing busybox-openrc (1.37.0-r18)
(43/161) Installing busybox-suid (1.37.0-r18)
(44/161) Installing alpine-base (3.23.0_alpha20250612-r0)
(45/161) Installing libattr (2.5.2-r2)
(46/161) Installing attr-dev (2.5.2-r2)
(47/161) Installing jansson (2.14.1-r0)
(48/161) Installing binutils (2.44-r0)
(49/161) Installing libmagic (5.46-r2)
(50/161) Installing file (5.46-r2)
(51/161) Installing libgomp (14.3.0-r5)
(52/161) Installing libatomic (14.3.0-r5)
(53/161) Installing gmp (6.3.0-r4)
(54/161) Installing isl26 (0.26-r1)
(55/161) Installing mpfr4 (4.2.2-r0)
(56/161) Installing mpc1 (1.3.1-r1)
(57/161) Installing gcc (14.3.0-r5)
(58/161) Installing libstdc++-dev (14.3.0-r5)
(59/161) Installing musl-dev (1.2.5-r13)
(60/161) Installing g++ (14.3.0-r5)
(61/161) Installing make (4.4.1-r3)
(62/161) Installing fortify-headers (1.1-r5)
(63/161) Installing build-base (0.5-r3)
(64/161) Installing libeconf (0.7.9-r0)
(65/161) Installing libblkid (2.41.1-r0)
(66/161) Installing libuuid (2.41.1-r0)
(67/161) Installing libfdisk (2.41.1-r0)
(68/161) Installing sqlite-libs (3.50.2-r0)
(69/161) Installing liblastlog2 (2.41.1-r0)
(70/161) Installing libmount (2.41.1-r0)
(71/161) Installing libsmartcols (2.41.1-r0)
(72/161) Installing sqlite (3.50.2-r0)
(73/161) Installing sqlite-dev (3.50.2-r0)
(74/161) Installing util-linux-dev (2.41.1-r0)
(75/161) Installing gawk (5.3.2-r2)
(76/161) Installing libcom_err (1.47.2-r3)
(77/161) Installing e2fsprogs-libs (1.47.2-r3)
(78/161) Installing e2fsprogs-dev (1.47.2-r3)
(79/161) Installing brotli-libs (1.1.0-r2)
(80/161) Installing c-ares (1.34.5-r0)
(81/161) Installing libunistring (1.3-r0)
(82/161) Installing libidn2 (2.3.8-r0)
(83/161) Installing nghttp2-libs (1.66.0-r0)
(84/161) Installing libpsl (0.21.5-r3)
(85/161) Installing libcurl (8.14.1-r2)
(86/161) Installing libexpat (2.7.1-r0)
(87/161) Installing pcre2 (10.43-r1)
(88/161) Installing git (2.50.1-r0)
(89/161) Installing git-init-template (2.50.1-r0)
(90/161) Installing libbz2 (1.0.8-r6)
(91/161) Installing bzip2-dev (1.0.8-r6)
(92/161) Installing xz-libs (5.8.1-r0)
(93/161) Installing libxml2 (2.13.8-r0)
(94/161) Installing libxml2-utils (2.13.8-r0)
(95/161) Installing docbook-xml (4.5-r10)
Executing docbook-xml-4.5-r10.post-install
(96/161) Installing libxslt (1.1.43-r3)
(97/161) Installing docbook-xsl-ns (1.79.2-r13)
Executing docbook-xsl-ns-1.79.2-r13.post-install
(98/161) Installing docbook-xsl-nons (1.79.2-r13)
Executing docbook-xsl-nons-1.79.2-r13.post-install
(99/161) Installing docbook-xsl (1.79.2-r13)
(100/161) Installing xz (5.8.1-r0)
(101/161) Installing gettext-asprintf (0.24.1-r0)
(102/161) Installing libintl (0.24.1-r0)
(103/161) Installing gettext-libs (0.24.1-r0)
(104/161) Installing gettext-envsubst (0.24.1-r0)
(105/161) Installing gettext (0.24.1-r0)
(106/161) Installing gettext-dev (0.24.1-r0)
(107/161) Installing libffi (3.5.1-r0)
(108/161) Installing gdbm (1.24-r0)
(109/161) Installing mpdecimal (4.0.1-r0)
(110/161) Installing libpanelw (6.5_p20250705-r0)
(111/161) Installing python3 (3.12.11-r0)
(112/161) Installing python3-pycache-pyc0 (3.12.11-r0)
(113/161) Installing pyc (3.12.11-r0)
(114/161) Installing python3-pyc (3.12.11-r0)
(115/161) Installing py3-parsing (3.2.3-r0)
(116/161) Installing py3-parsing-pyc (3.2.3-r0)
(117/161) Installing py3-packaging (25.0-r0)
(118/161) Installing py3-packaging-pyc (25.0-r0)
(119/161) Installing glib (2.84.3-r0)
(120/161) Installing linux-headers (6.15.5-r0)
(121/161) Installing libffi-dev (3.5.1-r0)
(122/161) Installing bsd-compat-headers (0.7.2-r6)
(123/161) Installing libformw (6.5_p20250705-r0)
(124/161) Installing libmenuw (6.5_p20250705-r0)
(125/161) Installing libncurses++ (6.5_p20250705-r0)
(126/161) Installing ncurses-dev (6.5_p20250705-r0)
(127/161) Installing libedit (20250104.3.1-r1)
(128/161) Installing libedit-dev (20250104.3.1-r1)
(129/161) Installing zlib-dev (1.3.1-r2)
(130/161) Installing libpcre2-16 (10.43-r1)
(131/161) Installing libpcre2-32 (10.43-r1)
(132/161) Installing pcre2-dev (10.43-r1)
(133/161) Installing glib-dev (2.84.3-r0)
(134/161) Installing libverto (0.3.2-r2)
(135/161) Installing libverto-glib (0.3.2-r2)
(136/161) Installing libev (4.33-r1)
(137/161) Installing libverto-libev (0.3.2-r2)
(138/161) Installing libevent (2.1.12-r8)
(139/161) Installing libverto-libevent (0.3.2-r2)
(140/161) Installing libverto-dev (0.3.2-r2)
(141/161) Installing krb5-conf (1.0-r2)
(142/161) Installing keyutils-libs (1.6.3-r4)
(143/161) Installing krb5-libs (1.21.3-r0)
(144/161) Installing libsasl (2.1.28-r8)
(145/161) Installing libldap (2.6.8-r0)
(146/161) Installing krb5-server-ldap (1.21.3-r0)
(147/161) Installing krb5-dev (1.21.3-r0)
(148/161) Installing libtirpc-conf (1.3.5-r0)
(149/161) Installing libtirpc-nokrb (1.3.5-r0)
(150/161) Installing libtirpc (1.3.5-r0)
(151/161) Installing libtirpc-dev (1.3.5-r0)
(152/161) Installing openssl-dev (3.5.1-r0)
(153/161) Installing py3-cparser (2.22-r1)
(154/161) Installing py3-cparser-pyc (2.22-r1)
(155/161) Installing py3-cffi (1.17.1-r1)
(156/161) Installing py3-cffi-pyc (1.17.1-r1)
(157/161) Installing py3-distlib (0.3.9-r0)
(158/161) Installing py3-distlib-pyc (0.3.9-r0)
(159/161) Installing py3-setuptools (80.9.0-r0)
(160/161) Installing py3-setuptools-pyc (80.9.0-r0)
(161/161) Installing python3-dev (3.12.11-r0)
Executing busybox-1.37.0-r18.trigger
Executing glib-2.84.3-r0.trigger
No schema files found: doing nothing.
OK: 441 MiB in 161 packages
>>> zfs: Fetching https://github.com/openzfs/zfs/releases/download/zfs-2.3.2/zfs-2.3.2.tar.gz
>>> zfs: Checking sha512sums...
zfs-2.3.2.tar.gz: OK
tests-fix-S_IFMT-undeclared-at-statx.c.patch: OK
>>> zfs: Unpacking /var/cache/distfiles/zfs-2.3.2.tar.gz...
>>> zfs: tests-fix-S_IFMT-undeclared-at-statx.c.patch
patching file tests/zfs-tests/cmd/statx.c
checking for gawk... gawk
checking metadata... META file
checking build system type... x86_64-pc-linux-musl
checking host system type... x86_64-pc-linux-musl
checking target system type... x86_64-pc-linux-musl
checking whether to enable maintainer-specific portions of Makefiles... no
checking whether make supports nested variables... yes
checking for a BSD-compatible install... /usr/bin/install -c
checking whether build environment is sane... yes
checking for a race-free mkdir -p... ./config/install-sh -c -d
checking whether make sets $(MAKE)... yes
checking how to print strings... printf
checking whether make supports the include directive... yes (GNU style)
checking for gcc... cc
checking whether the C compiler works... yes
checking for C compiler default output file name... a.out
checking for suffix of executables... 
checking whether we are cross compiling... no
checking for suffix of object files... o
checking whether the compiler supports GNU C... yes
checking whether cc accepts -g... yes
checking for cc option to enable C11 features... none needed
checking whether cc understands -c and -o together... yes
checking dependency style of cc... gcc3
checking for a sed that does not truncate output... /bin/sed
checking for grep that handles long lines and -e... /bin/grep
checking for egrep... /bin/grep -E
checking for fgrep... /bin/grep -F
checking for ld used by cc... /usr/x86_64-alpine-linux-musl/bin/ld
checking if the linker (/usr/x86_64-alpine-linux-musl/bin/ld) is GNU ld... yes
checking for BSD- or MS-compatible name lister (nm)... /usr/bin/nm -B
checking the name lister (/usr/bin/nm -B) interface... BSD nm
checking whether ln -s works... yes
checking the maximum length of command line arguments... 98304
checking how to convert x86_64-pc-linux-musl file names to x86_64-pc-linux-musl format... func_convert_file_noop
checking how to convert x86_64-pc-linux-musl file names to toolchain format... func_convert_file_noop
checking for /usr/x86_64-alpine-linux-musl/bin/ld option to reload object files... -r
checking for file... file
checking for objdump... objdump
checking how to recognize dependent libraries... pass_all
checking for dlltool... no
checking how to associate runtime and link libraries... printf %s\n
checking for ar... ar
checking for archiver @FILE support... @
checking for strip... strip
checking for ranlib... ranlib
checking command to parse /usr/bin/nm -B output from cc object... ok
checking for sysroot... no
checking for a working dd... /bin/dd
checking how to truncate binary pipes... /bin/dd bs=4096 count=1
checking for mt... no
checking if : is a manifest tool... no
checking for stdio.h... yes
checking for stdlib.h... yes
checking for string.h... yes
checking for inttypes.h... yes
checking for stdint.h... yes
checking for strings.h... yes
checking for sys/stat.h... yes
checking for sys/types.h... yes
checking for unistd.h... yes
checking for dlfcn.h... yes
checking for objdir... .libs
checking if cc supports -fno-rtti -fno-exceptions... no
checking for cc option to produce PIC... -fPIC -DPIC
checking if cc PIC flag -fPIC -DPIC works... yes
checking if cc static flag -static works... no
checking if cc supports -c -o file.o... yes
checking if cc supports -c -o file.o... (cached) yes
checking whether the cc linker (/usr/x86_64-alpine-linux-musl/bin/ld -m elf_x86_64) supports shared libraries... yes
checking whether -lc should be explicitly linked in... no
checking dynamic linker characteristics... GNU/Linux ld.so
checking how to hardcode library paths into programs... immediate
checking whether stripping libraries is possible... yes
checking if libtool supports shared libraries... yes
checking whether to build shared libraries... yes
checking whether to build static libraries... no
checking for gcc... (cached) cc
checking whether the compiler supports GNU C... (cached) yes
checking whether cc accepts -g... (cached) yes
checking for cc option to enable C11 features... (cached) none needed
checking whether cc understands -c and -o together... (cached) yes
checking dependency style of cc... (cached) gcc3
checking whether ln -s works... yes
checking for pkg-config... /usr/bin/pkg-config
checking pkg-config is at least version 0.9.0... yes
checking dependency style of cc... gcc3
checking whether to build with code coverage support... no
checking how to create a pax tar archive... gnutar
checking zfs author... OpenZFS
checking zfs license... CDDL
checking whether NLS is requested... yes
checking for msgfmt... /usr/bin/msgfmt
checking for gmsgfmt... /usr/bin/msgfmt
checking for xgettext... /usr/bin/xgettext
checking for msgmerge... /usr/bin/msgmerge
checking for ld... /usr/x86_64-alpine-linux-musl/bin/ld -m elf_x86_64
checking if the linker (/usr/x86_64-alpine-linux-musl/bin/ld -m elf_x86_64) is GNU ld... yes
checking for shared library run path origin... done
checking 32-bit host C ABI... no
checking for the common suffixes of directories in the library search path... lib,lib
checking zfs config... user
checking the number of available CPUs... 16
checking whether cc supports -Wno-clobbered... yes
checking whether cc supports -Winfinite-recursion... yes
checking whether  supports -Winfinite-recursion... yes
checking whether cc supports -Wimplicit-fallthrough... yes
checking whether cc supports -Wframe-larger-than=<size>... yes
checking whether cc supports -Wno-format-truncation... yes
checking whether cc supports -Wno-format-zero-length... yes
checking whether cc supports -Wformat-overflow... yes
checking whether cc supports -fno-omit-frame-pointer... yes
checking whether cc supports -fno-ipa-sra... yes
checking whether  supports -fno-ipa-sra... yes
checking whether to build with -fsanitize=address support... no
checking whether to build with -fsanitize=undefined support... no
checking whether host toolchain supports SSE... yes
checking whether host toolchain supports SSE2... yes
checking whether host toolchain supports SSE3... yes
checking whether host toolchain supports SSSE3... yes
checking whether host toolchain supports SSE4.1... yes
checking whether host toolchain supports SSE4.2... yes
checking whether host toolchain supports AVX... yes
checking whether host toolchain supports AVX2... yes
checking whether host toolchain supports AVX512F... yes
checking whether host toolchain supports AVX512CD... yes
checking whether host toolchain supports AVX512DQ... yes
checking whether host toolchain supports AVX512BW... yes
checking whether host toolchain supports AVX512IFMA... yes
checking whether host toolchain supports AVX512VBMI... yes
checking whether host toolchain supports AVX512PF... yes
checking whether host toolchain supports AVX512ER... yes
checking whether host toolchain supports AVX512VL... yes
checking whether host toolchain supports AES... yes
checking whether host toolchain supports PCLMULQDQ... yes
checking whether host toolchain supports MOVBE... yes
checking whether host toolchain supports XSAVE... yes
checking whether host toolchain supports XSAVEOPT... yes
checking whether host toolchain supports XSAVES... yes
checking for system type (linux-musl)... Linux
checking for python version... 3.12
checking for python platform... linux
checking for GNU default python prefix... ${prefix}
checking for GNU default python exec_prefix... ${exec_prefix}
checking for python script directory (pythondir)... ${PYTHON_PREFIX}/lib/python3.12/site-packages
checking for python extension module directory (pyexecdir)... ${PYTHON_EXEC_PREFIX}/lib/python3.12/site-packages
checking for python3 module: packaging... yes
checking for python3.12... /usr/bin/python3.12
checking for a version of Python >= '2.1.0'... yes
checking for a version of Python >= '3.6.0'... yes
checking for the sysconfig Python package... yes
checking for Python include path... -I/usr/include/python3.12
checking for Python library path... -L/usr/lib -lpython3.12
checking for Python site-packages path... /usr/lib/python3.12/site-packages
checking for Python platform specific site-packages path... /usr/lib/python3.12/site-packages
checking python extra libraries... -ldl -lm
checking python extra linking flags... -Xlinker -export-dynamic
checking consistency of all components of python development environment... yes
checking for python3.12 module: setuptools... yes
checking for python3.12 module: cffi... yes
checking whether to enable pyzfs: ... yes
checking for sed --in-place... --in-place
checking for cppcheck... no
checking for shellcheck... no
checking for checkbashisms... no
checking for parallel... no
      gt_INTL_MACOSX
      ^~~~~~~~~~~~~~
./configure:60748: Command 'gt_INTL_MACOSX' not found (OILS-ERR-100)
checking for GNU gettext in libc... yes
checking whether to use NLS... yes
checking where the gettext function comes from... libc
checking for dracut directory... /usr/lib/dracut
checking for zlib... yes
checking for zlib.h... yes
checking for compress2 in -lz... yes
checking for uncompress in -lz... yes
checking for crc32 in -lz... yes
checking for udev directories... /usr/lib/udev;/usr/lib/udev/rules.d
checking for systemd support... no
checking for libudev... no
checking for libudev.h... no
checking for libudev.h... no
configure: WARNING: cannot find udev via pkg-config or in the standard locations
checking for uuid... yes
checking for uuid/uuid.h... yes
checking for uuid_generate in -luuid... yes
checking for uuid_is_null in -luuid... yes
checking for blkid... yes
checking for blkid/blkid.h... yes
checking for main in -lblkid... yes
checking for libtirpc... yes
checking for rpc/xdr.h... yes
checking for xdrmem_create in -ltirpc... yes
checking for libcrypto... yes
checking for openssl/evp.h... yes
checking for PKCS5_PBKDF2_HMAC_SHA1 in -lcrypto... yes
checking for libaio.h... no
checking for libaio.h... no
configure: WARNING: cannot find aio via pkg-config or in the standard locations
checking whether -latomic is required... no
checking for libfetch... none
checking for aio.h... yes
checking for lio_listio in -lrt... yes
checking for clock_gettime... yes
checking for security/pam_modules.h... no
checking for library containing backtrace... no
checking for libunwind... no
checking for libunwind.h... no
checking for libunwind.h... no
configure: WARNING: cannot find unwind via pkg-config or in the standard locations
checking makedev() is declared in sys/sysmacros.h... yes
checking makedev() is declared in sys/mkdev.h... no
checking for execvpe... yes
checking for issetugid... yes
checking for mlockall... yes
checking for strlcat... yes
checking for strlcpy... yes
checking for gettid... yes
checking os distribution... alpine
checking default package type... tgz
checking default init directory... /etc/init.d
checking default shell... /sbin/openrc-run
checking default nfs server init script... nfs
checking default init config directory... /etc/conf.d
checking whether initramfs-tools is available... no
checking default bash completion directory... /usr/share/bash-completion/completions
checking whether rpm is available... no
checking whether rpmbuild is available... no
checking whether spec files are available... yes (rpm/generic/*.spec.in)
checking whether dpkg is available... no
checking whether dpkg-buildpackage is available... no
checking whether alien is available... no
checking whether assertion support will be enabled... no
checking whether debuginfo support will be forced... no
checking whether basic kmem accounting is enabled... no
checking whether detailed kmem tracking is enabled... no
checking whether FreeBSD kernel INVARIANTS checks are enabled... no
checking that generated files are newer than configure... done
configure: creating ./config.status
config.status: creating contrib/debian/rules
config.status: creating contrib/debian/changelog
config.status: creating Makefile
config.status: creating include/Makefile
config.status: creating lib/libzfs/libzfs.pc
config.status: creating lib/libzfs_core/libzfs_core.pc
config.status: creating lib/libzfsbootenv/libzfsbootenv.pc
config.status: creating module/Kbuild
config.status: creating module/Makefile
config.status: creating rpm/generic/zfs-dkms.spec
config.status: creating rpm/generic/zfs-kmod.spec
config.status: creating rpm/generic/zfs.spec
config.status: creating rpm/redhat/zfs-dkms.spec
config.status: creating rpm/redhat/zfs-kmod.spec
config.status: creating rpm/redhat/zfs.spec
config.status: creating tests/zfs-tests/tests/Makefile
config.status: creating zfs.release
config.status: creating zfs_config.h
config.status: executing depfiles commands
config.status: executing libtool commands
config.status: executing po-directories commands
  GEN      gitrev
make  all-recursive
make[1]: Entering directory '/tmp/src/zfs-2.3.2'
Making all in include
make[2]: Entering directory '/tmp/src/zfs-2.3.2/include'
make[2]: Nothing to be done for 'all'.
make[2]: Leaving directory '/tmp/src/zfs-2.3.2/include'
Making all in tests/zfs-tests/tests
make[2]: Entering directory '/tmp/src/zfs-2.3.2/tests/zfs-tests/tests'
  GEN      functional/pyzfs/pyzfs_unittest.ksh
  GEN      functional/pam/utilities.kshlib
make[2]: Leaving directory '/tmp/src/zfs-2.3.2/tests/zfs-tests/tests'
make[2]: Entering directory '/tmp/src/zfs-2.3.2'
  CC       module/zfs/libicp_la-zfs_impl.lo
  CC       lib/libspl/libspl_la-getexecname.lo
  CC       lib/libspl/libspl_la-atomic.lo
  CC       lib/libspl/libspl_la-mkdirp.lo
  CC       lib/libspl/libspl_la-list.lo
  CC       lib/libspl/libspl_la-page.lo
  CC       lib/libspl/libspl_la-strlcat.lo
  CC       lib/libspl/libspl_la-strlcpy.lo
  CC       lib/libspl/libspl_la-timestamp.lo
  CC       module/zcommon/libzfs_la-cityhash.lo
  CC       module/zcommon/libzfs_la-zfeature_common.lo
  CC       module/zcommon/libzfs_la-zfs_comutil.lo
  CC       module/zcommon/libzfs_la-zfs_fletcher.lo
  CC       module/zcommon/libzfs_la-zfs_deleg.lo
  CC       module/zcommon/libzfs_la-zfs_fletcher_aarch64_neon.lo
  CC       module/zcommon/libzfs_la-zfs_fletcher_avx512.lo
cc: warning: \\\-DLIBEXECDIR="/usr/libexec: linker input file unused because linking not done
cc: error: \\\-DLIBEXECDIR="/usr/libexec: linker input file not found: No such file or directory
cc: warning: \\\-DZFSEXECDIR="/usr/libexec/zfs: linker input file unused because linking not done
cc: error: \\\-DZFSEXECDIR="/usr/libexec/zfs: linker input file not found: No such file or directory
cc: warning: \\\-DRUNSTATEDIR="/var/run: linker input file unused because linking not done
cc: error: \\\-DRUNSTATEDIR="/var/run: linker input file not found: No such file or directory
cc: warning: \\\-DSBINDIR="/usr/sbin: linker input file unused because linking not done
cc: error: \\\-DSBINDIR="/usr/sbin: linker input file not found: No such file or directory
cc: warning: \\\-DSYSCONFDIR="/etc: linker input file unused because linking not done
cc: error: \\\-DSYSCONFDIR="/etc: linker input file not found: No such file or directory
cc: warning: \\\-DPKGDATADIR="/usr/share/zfs: linker input file unused because linking not done
cc: error: \\\-DPKGDATADIR="/usr/share/zfs: linker input file not found: No such file or directory
cc: warning: \\\-DTEXT_DOMAIN="zfs-linux-user: linker input file unused because linking not done
cc: error: \\\-DTEXT_DOMAIN="zfs-linux-user: linker input file not found: No such file or directory
cc: warning: \\\-DLIBEXECDIR="/usr/libexec: linker input file unused because linking not done
cc: error: \\\-DLIBEXECDIR="/usr/libexec: linker input file not found: No such file or directory
cc: warning: \\\-DZFSEXECDIR="/usr/libexec/zfs: linker input file unused because linking not done
cc: error: \\\-DZFSEXECDIR="/usr/libexec/zfs: linker input file not found: No such file or directory
cc: warning: \\\-DRUNSTATEDIR="/var/run: linker input file unused because linking not done
cc: error: \\\-DRUNSTATEDIR="/var/run: linker input file not found: No such file or directory
cc: warning: \\\-DSBINDIR="/usr/sbin: linker input file unused because linking not done
cc: error: \\\-DSBINDIR="/usr/sbin: linker input file not found: No such file or directory
cc: warning: \\\-DSYSCONFDIR="/etc: linker input file unused because linking not done
cc: error: \\\-DSYSCONFDIR="/etc: linker input file not found: No such file or directory
cc: warning: \\\-DPKGDATADIR="/usr/share/zfs: linker input file unused because linking not done
cc: error: \\\-DPKGDATADIR="/usr/share/zfs: linker input file not found: No such file or directory
cc: warning: \\\-DTEXT_DOMAIN="zfs-linux-user: linker input file unused because linking not done
cc: error: \\\-DTEXT_DOMAIN="zfs-linux-user: linker input file not found: No such file or directory
make[2]: *** [Makefile:9353: lib/libspl/libspl_la-strlcpy.lo] Error 1
make[2]: *** Waiting for unfinished jobs....
make[2]: *** [Makefile:9346: lib/libspl/libspl_la-strlcat.lo] Error 1
cc: warning: \\\-DLIBEXECDIR="/usr/libexec: linker input file unused because linking not done
cc: error: \\\-DLIBEXECDIR="/usr/libexec: linker input file not found: No such file or directory
cc: warning: \\\-DZFSEXECDIR="/usr/libexec/zfs: linker input file unused because linking not done
cc: error: \\\-DZFSEXECDIR="/usr/libexec/zfs: linker input file not found: No such file or directory
cc: warning: \\\-DRUNSTATEDIR="/var/run: linker input file unused because linking not done
cc: error: \\\-DRUNSTATEDIR="/var/run: linker input file not found: No such file or directory
cc: warning: \\\-DSBINDIR="/usr/sbin: linker input file unused because linking not done
cc: error: \\\-DSBINDIR="/usr/sbin: linker input file not found: No such file or directory
cc: warning: \\\-DSYSCONFDIR="/etc: linker input file unused because linking not done
cc: error: \\\-DSYSCONFDIR="/etc: linker input file not found: No such file or directory
cc: warning: \\\-DPKGDATADIR="/usr/share/zfs: linker input file unused because linking not done
cc: error: \\\-DPKGDATADIR="/usr/share/zfs: linker input file not found: No such file or directory
cc: warning: \\\-DTEXT_DOMAIN="zfs-linux-user: linker input file unused because linking not done
cc: error: \\\-DTEXT_DOMAIN="zfs-linux-user: linker input file not found: No such file or directory
make[2]: *** [Makefile:9339: lib/libspl/libspl_la-page.lo] Error 1
cc: warning: \\\-DLIBEXECDIR="/usr/libexec: linker input file unused because linking not done
cc: error: \\\-DLIBEXECDIR="/usr/libexec: linker input file not found: No such file or directory
cc: warning: \\\-DZFSEXECDIR="/usr/libexec/zfs: linker input file unused because linking not done
cc: error: \\\-DZFSEXECDIR="/usr/libexec/zfs: linker input file not found: No such file or directory
cc: warning: \\\-DRUNSTATEDIR="/var/run: linker input file unused because linking not done
cc: error: \\\-DRUNSTATEDIR="/var/run: linker input file not found: No such file or directory
cc: warning: \\\-DSBINDIR="/usr/sbin: linker input file unused because linking not done
cc: error: \\\-DSBINDIR="/usr/sbin: linker input file not found: No such file or directory
cc: warning: \\\-DSYSCONFDIR="/etc: linker input file unused because linking not done
cc: error: \\\-DSYSCONFDIR="/etc: linker input file not found: No such file or directory
cc: warning: \\\-DPKGDATADIR="/usr/share/zfs: linker input file unused because linking not done
cc: error: \\\-DPKGDATADIR="/usr/share/zfs: linker input file not found: No such file or directory
cc: warning: \\\-DTEXT_DOMAIN="zfs-linux-user: linker input file unused because linking not done
cc: error: \\\-DTEXT_DOMAIN="zfs-linux-user: linker input file not found: No such file or directory
cc: warning: \\\-DLIBEXECDIR="/usr/libexec: linker input file unused because linking not done
make[2]: *** [Makefile:9668: module/zcommon/libzfs_la-zfs_fletcher_aarch64_neon.lo] Error 1
cc: error: \\\-DLIBEXECDIR="/usr/libexec: linker input file not found: No such file or directory
cc: warning: \\\-DZFSEXECDIR="/usr/libexec/zfs: linker input file unused because linking not done
cc: error: \\\-DZFSEXECDIR="/usr/libexec/zfs: linker input file not found: No such file or directory
cc: warning: \\\-DRUNSTATEDIR="/var/run: linker input file unused because linking not done
cc: error: \\\-DRUNSTATEDIR="/var/run: linker input file not found: No such file or directory
cc: warning: \\\-DSBINDIR="/usr/sbin: linker input file unused because linking not done
cc: error: \\\-DSBINDIR="/usr/sbin: linker input file not found: No such file or directory
cc: warning: \\\-DSYSCONFDIR="/etc: linker input file unused because linking not done
cc: error: \\\-DSYSCONFDIR="/etc: linker input file not found: No such file or directory
cc: warning: \\\-DPKGDATADIR="/usr/share/zfs: linker input file unused because linking not done
cc: error: \\\-DPKGDATADIR="/usr/share/zfs: linker input file not found: No such file or directory
cc: warning: \\\-DTEXT_DOMAIN="zfs-linux-user: linker input file unused because linking not done
cc: error: \\\-DTEXT_DOMAIN="zfs-linux-user: linker input file not found: No such file or directory
make[2]: *** [Makefile:9318: lib/libspl/libspl_la-getexecname.lo] Error 1
cc: warning: \\\-DLIBEXECDIR="/usr/libexec: linker input file unused because linking not done
cc: error: \\\-DLIBEXECDIR="/usr/libexec: linker input file not found: No such file or directory
cc: warning: \\\-DZFSEXECDIR="/usr/libexec/zfs: linker input file unused because linking not done
cc: error: \\\-DZFSEXECDIR="/usr/libexec/zfs: linker input file not found: No such file or directory
cc: warning: \\\-DRUNSTATEDIR="/var/run: linker input file unused because linking not done
cc: error: \\\-DRUNSTATEDIR="/var/run: linker input file not found: No such file or directory
cc: warning: \\\-DSBINDIR="/usr/sbin: linker input file unused because linking not done
cc: error: \\\-DSBINDIR="/usr/sbin: linker input file not found: No such file or directory
cc: warning: \\\-DSYSCONFDIR="/etc: linker input file unused because linking not done
cc: error: \\\-DSYSCONFDIR="/etc: linker input file not found: No such file or directory
cc: warning: \\\-DPKGDATADIR="/usr/share/zfs: linker input file unused because linking not done
cc: error: \\\-DPKGDATADIR="/usr/share/zfs: linker input file not found: No such file or directory
cc: warning: \\\-DTEXT_DOMAIN="zfs-linux-user: linker input file unused because linking not done
cc: error: \\\-DTEXT_DOMAIN="zfs-linux-user: linker input file not found: No such file or directory
make[2]: *** [Makefile:9332: lib/libspl/libspl_la-mkdirp.lo] Error 1
cc: warning: \\\-DLIBEXECDIR="/usr/libexec: linker input file unused because linking not done
cc: error: \\\-DLIBEXECDIR="/usr/libexec: linker input file not found: No such file or directory
cc: warning: \\\-DZFSEXECDIR="/usr/libexec/zfs: linker input file unused because linking not done
cc: error: \\\-DZFSEXECDIR="/usr/libexec/zfs: linker input file not found: No such file or directory
cc: warning: \\\-DRUNSTATEDIR="/var/run: linker input file unused because linking not done
cc: error: \\\-DRUNSTATEDIR="/var/run: linker input file not found: No such file or directory
cc: warning: \\\-DSBINDIR="/usr/sbin: linker input file unused because linking not done
cc: error: \\\-DSBINDIR="/usr/sbin: linker input file not found: No such file or directory
cc: warning: \\\-DSYSCONFDIR="/etc: linker input file unused because linking not done
cc: error: \\\-DSYSCONFDIR="/etc: linker input file not found: No such file or directory
cc: warning: \\\-DPKGDATADIR="/usr/share/zfs: linker input file unused because linking not done
cc: error: \\\-DPKGDATADIR="/usr/share/zfs: linker input file not found: No such file or directory
cc: warning: \\\-DTEXT_DOMAIN="zfs-linux-user: linker input file unused because linking not done
cc: error: \\\-DTEXT_DOMAIN="zfs-linux-user: linker input file not found: No such file or directory
make[2]: *** [Makefile:9360: lib/libspl/libspl_la-timestamp.lo] Error 1
cc: warning: \\\-DLIBEXECDIR="/usr/libexec: linker input file unused because linking not done
cc: error: \\\-DLIBEXECDIR="/usr/libexec: linker input file not found: No such file or directory
cc: warning: \\\-DZFSEXECDIR="/usr/libexec/zfs: linker input file unused because linking not done
cc: error: \\\-DZFSEXECDIR="/usr/libexec/zfs: linker input file not found: No such file or directory
cc: warning: \\\-DRUNSTATEDIR="/var/run: linker input file unused because linking not done
cc: error: \\\-DRUNSTATEDIR="/var/run: linker input file not found: No such file or directory
cc: warning: \\\-DSBINDIR="/usr/sbin: linker input file unused because linking not done
cc: error: \\\-DSBINDIR="/usr/sbin: linker input file not found: No such file or directory
cc: warning: \\\-DSYSCONFDIR="/etc: linker input file unused because linking not done
cc: error: \\\-DSYSCONFDIR="/etc: linker input file not found: No such file or directory
cc: warning: \\\-DPKGDATADIR="/usr/share/zfs: linker input file unused because linking not done
cc: error: \\\-DPKGDATADIR="/usr/share/zfs: linker input file not found: No such file or directory
cc: warning: \\\-DTEXT_DOMAIN="zfs-linux-user: linker input file unused because linking not done
cc: error: \\\-DTEXT_DOMAIN="zfs-linux-user: linker input file not found: No such file or directory
cc: warning: \\\-DLIBEXECDIR="/usr/libexec: linker input file unused because linking not done
cc: error: \\\-DLIBEXECDIR="/usr/libexec: linker input file not found: No such file or directory
cc: warning: \\\-DZFSEXECDIR="/usr/libexec/zfs: linker input file unused because linking not done
cc: error: \\\-DZFSEXECDIR="/usr/libexec/zfs: linker input file not found: No such file or directory
cc: warning: \\\-DRUNSTATEDIR="/var/run: linker input file unused because linking not done
cc: error: \\\-DRUNSTATEDIR="/var/run: linker input file not found: No such file or directory
cc: warning: \\\-DSBINDIR="/usr/sbin: linker input file unused because linking not done
cc: error: \\\-DSBINDIR="/usr/sbin: linker input file not found: No such file or directory
cc: warning: \\\-DSYSCONFDIR="/etc: linker input file unused because linking not done
cc: error: \\\-DSYSCONFDIR="/etc: linker input file not found: No such file or directory
cc: warning: \\\-DPKGDATADIR="/usr/share/zfs: linker input file unused because linking not done
cc: error: \\\-DPKGDATADIR="/usr/share/zfs: linker input file not found: No such file or directory
cc: warning: \\\-DTEXT_DOMAIN="zfs-linux-user: linker input file unused because linking not done
cc: error: \\\-DTEXT_DOMAIN="zfs-linux-user: linker input file not found: No such file or directory
make[2]: *** [Makefile:9213: module/zfs/libicp_la-zfs_impl.lo] Error 1
make[2]: *** [Makefile:9633: module/zcommon/libzfs_la-cityhash.lo] Error 1
cc: warning: \\\-DLIBEXECDIR="/usr/libexec: linker input file unused because linking not done
cc: error: \\\-DLIBEXECDIR="/usr/libexec: linker input file not found: No such file or directory
cc: warning: \\\-DZFSEXECDIR="/usr/libexec/zfs: linker input file unused because linking not done
cc: error: \\\-DZFSEXECDIR="/usr/libexec/zfs: linker input file not found: No such file or directory
cc: warning: \\\-DRUNSTATEDIR="/var/run: linker input file unused because linking not done
cc: error: \\\-DRUNSTATEDIR="/var/run: linker input file not found: No such file or directory
cc: warning: \\\-DSBINDIR="/usr/sbin: linker input file unused because linking not done
cc: error: \\\-DSBINDIR="/usr/sbin: linker input file not found: No such file or directory
cc: warning: \\\-DSYSCONFDIR="/etc: linker input file unused because linking not done
cc: error: \\\-DSYSCONFDIR="/etc: linker input file not found: No such file or directory
cc: warning: \\\-DPKGDATADIR="/usr/share/zfs: linker input file unused because linking not done
cc: error: \\\-DPKGDATADIR="/usr/share/zfs: linker input file not found: No such file or directory
cc: warning: \\\-DTEXT_DOMAIN="zfs-linux-user: linker input file unused because linking not done
cc: error: \\\-DTEXT_DOMAIN="zfs-linux-user: linker input file not found: No such file or directory
make[2]: *** [Makefile:9647: module/zcommon/libzfs_la-zfs_comutil.lo] Error 1
cc: warning: \\\-DLIBEXECDIR="/usr/libexec: linker input file unused because linking not done
cc: error: \\\-DLIBEXECDIR="/usr/libexec: linker input file not found: No such file or directory
cc: warning: \\\-DZFSEXECDIR="/usr/libexec/zfs: linker input file unused because linking not done
cc: error: \\\-DZFSEXECDIR="/usr/libexec/zfs: linker input file not found: No such file or directory
cc: warning: \\\-DRUNSTATEDIR="/var/run: linker input file unused because linking not done
cc: error: \\\-DRUNSTATEDIR="/var/run: linker input file not found: No such file or directory
cc: warning: \\\-DSBINDIR="/usr/sbin: linker input file unused because linking not done
cc: error: \\\-DSBINDIR="/usr/sbin: linker input file not found: No such file or directory
cc: warning: \\\-DSYSCONFDIR="/etc: linker input file unused because linking not done
cc: error: \\\-DSYSCONFDIR="/etc: linker input file not found: No such file or directory
cc: warning: \\\-DPKGDATADIR="/usr/share/zfs: linker input file unused because linking not done
cc: error: \\\-DPKGDATADIR="/usr/share/zfs: linker input file not found: No such file or directory
cc: warning: \\\-DTEXT_DOMAIN="zfs-linux-user: linker input file unused because linking not done
cc: error: \\\-DTEXT_DOMAIN="zfs-linux-user: linker input file not found: No such file or directory
make[2]: *** [Makefile:9325: lib/libspl/libspl_la-list.lo] Error 1
cc: warning: \\\-DLIBEXECDIR="/usr/libexec: linker input file unused because linking not done
cc: error: \\\-DLIBEXECDIR="/usr/libexec: linker input file not found: No such file or directory
cc: warning: \\\-DZFSEXECDIR="/usr/libexec/zfs: linker input file unused because linking not done
cc: error: \\\-DZFSEXECDIR="/usr/libexec/zfs: linker input file not found: No such file or directory
cc: warning: \\\-DRUNSTATEDIR="/var/run: linker input file unused because linking not done
cc: error: \\\-DRUNSTATEDIR="/var/run: linker input file not found: No such file or directory
cc: warning: \\\-DSBINDIR="/usr/sbin: linker input file unused because linking not done
cc: error: \\\-DSBINDIR="/usr/sbin: linker input file not found: No such file or directory
cc: warning: \\\-DSYSCONFDIR="/etc: linker input file unused because linking not done
cc: error: \\\-DSYSCONFDIR="/etc: linker input file not found: No such file or directory
cc: warning: \\\-DPKGDATADIR="/usr/share/zfs: linker input file unused because linking not done
cc: error: \\\-DPKGDATADIR="/usr/share/zfs: linker input file not found: No such file or directory
cc: warning: \\\-DTEXT_DOMAIN="zfs-linux-user: linker input file unused because linking not done
cc: error: \\\-DTEXT_DOMAIN="zfs-linux-user: linker input file not found: No such file or directory
make[2]: *** [Makefile:9675: module/zcommon/libzfs_la-zfs_fletcher_avx512.lo] Error 1
cc: warning: \\\-DLIBEXECDIR="/usr/libexec: linker input file unused because linking not done
cc: error: \\\-DLIBEXECDIR="/usr/libexec: linker input file not found: No such file or directory
cc: warning: \\\-DZFSEXECDIR="/usr/libexec/zfs: linker input file unused because linking not done
cc: error: \\\-DZFSEXECDIR="/usr/libexec/zfs: linker input file not found: No such file or directory
cc: warning: \\\-DRUNSTATEDIR="/var/run: linker input file unused because linking not done
cc: error: \\\-DRUNSTATEDIR="/var/run: linker input file not found: No such file or directory
cc: warning: \\\-DSBINDIR="/usr/sbin: linker input file unused because linking not done
cc: error: \\\-DSBINDIR="/usr/sbin: linker input file not found: No such file or directory
cc: warning: \\\-DSYSCONFDIR="/etc: linker input file unused because linking not done
cc: error: \\\-DSYSCONFDIR="/etc: linker input file not found: No such file or directory
cc: warning: \\\-DPKGDATADIR="/usr/share/zfs: linker input file unused because linking not done
cc: error: \\\-DPKGDATADIR="/usr/share/zfs: linker input file not found: No such file or directory
cc: warning: \\\-DTEXT_DOMAIN="zfs-linux-user: linker input file unused because linking not done
cc: error: \\\-DTEXT_DOMAIN="zfs-linux-user: linker input file not found: No such file or directory
make[2]: *** [Makefile:9654: module/zcommon/libzfs_la-zfs_deleg.lo] Error 1
cc: warning: \\\-DLIBEXECDIR="/usr/libexec: linker input file unused because linking not done
cc: error: \\\-DLIBEXECDIR="/usr/libexec: linker input file not found: No such file or directory
cc: warning: \\\-DZFSEXECDIR="/usr/libexec/zfs: linker input file unused because linking not done
cc: error: \\\-DZFSEXECDIR="/usr/libexec/zfs: linker input file not found: No such file or directory
cc: warning: \\\-DRUNSTATEDIR="/var/run: linker input file unused because linking not done
cc: error: \\\-DRUNSTATEDIR="/var/run: linker input file not found: No such file or directory
cc: warning: \\\-DSBINDIR="/usr/sbin: linker input file unused because linking not done
cc: error: \\\-DSBINDIR="/usr/sbin: linker input file not found: No such file or directory
cc: warning: \\\-DSYSCONFDIR="/etc: linker input file unused because linking not done
cc: error: \\\-DSYSCONFDIR="/etc: linker input file not found: No such file or directory
cc: warning: \\\-DPKGDATADIR="/usr/share/zfs: linker input file unused because linking not done
cc: error: \\\-DPKGDATADIR="/usr/share/zfs: linker input file not found: No such file or directory
cc: warning: \\\-DTEXT_DOMAIN="zfs-linux-user: linker input file unused because linking not done
cc: error: \\\-DTEXT_DOMAIN="zfs-linux-user: linker input file not found: No such file or directory
make[2]: *** [Makefile:9661: module/zcommon/libzfs_la-zfs_fletcher.lo] Error 1
cc: warning: \\\-DLIBEXECDIR="/usr/libexec: linker input file unused because linking not done
cc: error: \\\-DLIBEXECDIR="/usr/libexec: linker input file not found: No such file or directory
cc: warning: \\\-DZFSEXECDIR="/usr/libexec/zfs: linker input file unused because linking not done
cc: error: \\\-DZFSEXECDIR="/usr/libexec/zfs: linker input file not found: No such file or directory
cc: warning: \\\-DRUNSTATEDIR="/var/run: linker input file unused because linking not done
cc: error: \\\-DRUNSTATEDIR="/var/run: linker input file not found: No such file or directory
cc: warning: \\\-DSBINDIR="/usr/sbin: linker input file unused because linking not done
cc: error: \\\-DSBINDIR="/usr/sbin: linker input file not found: No such file or directory
cc: warning: \\\-DSYSCONFDIR="/etc: linker input file unused because linking not done
cc: error: \\\-DSYSCONFDIR="/etc: linker input file not found: No such file or directory
cc: warning: \\\-DPKGDATADIR="/usr/share/zfs: linker input file unused because linking not done
cc: error: \\\-DPKGDATADIR="/usr/share/zfs: linker input file not found: No such file or directory
cc: warning: \\\-DTEXT_DOMAIN="zfs-linux-user: linker input file unused because linking not done
cc: error: \\\-DTEXT_DOMAIN="zfs-linux-user: linker input file not found: No such file or directory
make[2]: *** [Makefile:9640: module/zcommon/libzfs_la-zfeature_common.lo] Error 1
cc: warning: \\\-DLIBEXECDIR="/usr/libexec: linker input file unused because linking not done
cc: error: \\\-DLIBEXECDIR="/usr/libexec: linker input file not found: No such file or directory
cc: warning: \\\-DZFSEXECDIR="/usr/libexec/zfs: linker input file unused because linking not done
cc: error: \\\-DZFSEXECDIR="/usr/libexec/zfs: linker input file not found: No such file or directory
cc: warning: \\\-DRUNSTATEDIR="/var/run: linker input file unused because linking not done
cc: error: \\\-DRUNSTATEDIR="/var/run: linker input file not found: No such file or directory
cc: warning: \\\-DSBINDIR="/usr/sbin: linker input file unused because linking not done
cc: error: \\\-DSBINDIR="/usr/sbin: linker input file not found: No such file or directory
cc: warning: \\\-DSYSCONFDIR="/etc: linker input file unused because linking not done
cc: error: \\\-DSYSCONFDIR="/etc: linker input file not found: No such file or directory
cc: warning: \\\-DPKGDATADIR="/usr/share/zfs: linker input file unused because linking not done
cc: error: \\\-DPKGDATADIR="/usr/share/zfs: linker input file not found: No such file or directory
cc: warning: \\\-DTEXT_DOMAIN="zfs-linux-user: linker input file unused because linking not done
cc: error: \\\-DTEXT_DOMAIN="zfs-linux-user: linker input file not found: No such file or directory
make[2]: *** [Makefile:9311: lib/libspl/libspl_la-atomic.lo] Error 1
make[2]: Leaving directory '/tmp/src/zfs-2.3.2'
make[1]: *** [Makefile:12621: all-recursive] Error 1
make[1]: Leaving directory '/tmp/src/zfs-2.3.2'
make: *** [Makefile:4779: all] Error 2
>>> ERROR: zfs: build failed
>>> ERROR: zfs: rootbld failed
>>> zfs: Cleaning up build chroot
