>>> zfs-lts: Validating /home/packager/oily-pine/main/zfs-lts/APKBUILD...
>>> zfs-lts: Cleaning up srcdir
>>> zfs-lts: Cleaning up pkgdir
>>> zfs-lts: Cleaning up tmpdir
>>> zfs-lts: Fetching https://github.com/openzfs/zfs/releases/download/zfs-2.3.2/zfs-2.3.2.tar.gz
>>> zfs-lts: Fetching https://github.com/openzfs/zfs/releases/download/zfs-2.3.2/zfs-2.3.2.tar.gz
>>> zfs-lts: Checking sha512sums...
zfs-2.3.2.tar.gz: OK
>>> zfs-lts: Preparing build chroot...
installing oils!
fetch http://dl-cdn.alpinelinux.org/alpine/edge/main/x86_64/APKINDEX.tar.gz
WARNING: opening /home/packager/packages//# for oils: No such file or directory
ERROR: unable to select packages:
  oils-for-unix-binsh-0.28.0-r0:
    conflicts: busybox-binsh-1.37.0-r18[cmd:sh=0.28.0-r0]
    satisfies: world[oils-for-unix-binsh]
               docbook-xsl-nons-1.79.2-r13[/bin/sh]
               bash-5.3.0-r0[/bin/sh]
               openrc-0.62.5-r0[/bin/sh]
               abuild-3.15.0-r2[/bin/sh]
               docbook-xml-4.5-r10[/bin/sh]
               glib-2.84.3-r0[/bin/sh]
               kmod-34.2-r1[/bin/sh]
               docbook-xsl-ns-1.79.2-r13[/bin/sh]
               alpine-baselayout-3.7.0-r0[/bin/sh]
  busybox-binsh-1.37.0-r18:
    conflicts: oils-for-unix-binsh-0.28.0-r0[cmd:sh=1.37.0-r18]
    satisfies: mkinitfs-3.12.0-r1[busybox-binsh]
               docbook-xsl-nons-1.79.2-r13[/bin/sh]
               bash-5.3.0-r0[/bin/sh]
               openrc-0.62.5-r0[/bin/sh]
               abuild-3.15.0-r2[/bin/sh]
               docbook-xml-4.5-r10[/bin/sh]
               glib-2.84.3-r0[/bin/sh]
               kmod-34.2-r1[/bin/sh]
               docbook-xsl-ns-1.79.2-r13[/bin/sh]
               alpine-baselayout-3.7.0-r0[/bin/sh]
  linux-lts-6.12.36-r0:
    breaks: world[linux-lts=6.12.27-r0]
  linux-lts-dev-6.12.36-r0:
    breaks: world[linux-lts-dev=6.12.27-r0]
  linux-virt-dev-6.12.36-r0:
    breaks: world[linux-virt-dev=6.12.27-r0]
>>> ERROR: zfs-lts: rootbld failed
>>> zfs-lts: Cleaning up build chroot
