>>> libnfnetlink: Validating /home/packager/oily-pine/main/libnfnetlink/APKBUILD...
>>> libnfnetlink: Cleaning up srcdir
>>> libnfnetlink: Cleaning up pkgdir
>>> libnfnetlink: Cleaning up tmpdir
>>> libnfnetlink: Fetching https://www.netfilter.org/projects/libnfnetlink/files/libnfnetlink-1.0.2.tar.bz2
  % Total    % Received % Xferd  Average Speed   Time    Time     Time  Current
                                 Dload  Upload   Total   Spent    Left  Speed
  0     0    0     0    0     0      0      0 --:--:-- --:--:-- --:--:--     0100  291k  100  291k    0     0  1010k      0 --:--:-- --:--:-- --:--:-- 1013k
>>> libnfnetlink: Fetching https://www.netfilter.org/projects/libnfnetlink/files/libnfnetlink-1.0.2.tar.bz2
>>> libnfnetlink: Checking sha512sums...
libnfnetlink-1.0.2.tar.bz2: OK
>>> libnfnetlink: Preparing build chroot...
fetch http://dl-cdn.alpinelinux.org/alpine/edge/main/x86_64/APKINDEX.tar.gz
(1/69) Installing musl (1.2.5-r10)
(2/69) Installing libcrypto3 (3.5.0-r0)
(3/69) Installing ca-certificates-bundle (20241121-r2)
(4/69) Installing libssl3 (3.5.0-r0)
(5/69) Installing zlib (1.3.1-r2)
(6/69) Installing libapk2 (2.14.9-r2)
(7/69) Installing apk-tools (2.14.9-r2)
(8/69) Installing libcap2 (2.76-r0)
(9/69) Installing libcap-getcap (2.76-r0)
(10/69) Installing fakeroot (1.37.1.1-r0)
(11/69) Installing scanelf (1.3.8-r1)
(12/69) Installing musl-utils (1.2.5-r10)
(13/69) Installing libgcc (14.3.0-r0)
(14/69) Installing libstdc++ (14.3.0-r0)
(15/69) Installing lzip (1.25-r0)
(16/69) Installing openssl (3.5.0-r0)
(17/69) Installing patch (2.8-r0)
(18/69) Installing pkgconf (2.4.3-r0)
(19/69) Installing acl-libs (2.3.2-r1)
(20/69) Installing tar (1.35-r3)
(21/69) Installing busybox (1.37.0-r18)
Executing busybox-1.37.0-r18.post-install
(22/69) Installing ssl_client (1.37.0-r18)
(23/69) Installing busybox-binsh (1.37.0-r18)
(24/69) Installing abuild (3.15.0-r0)
Executing abuild-3.15.0-r0.pre-install
(25/69) Installing abuild-sudo (3.15.0-r0)
(26/69) Installing alpine-baselayout-data (3.7.0-r0)
(27/69) Installing alpine-baselayout (3.7.0-r0)
Executing alpine-baselayout-3.7.0-r0.pre-install
Executing alpine-baselayout-3.7.0-r0.post-install
(28/69) Installing bridge (1.5-r5)
(29/69) Installing ifupdown-ng (0.12.1-r7)
(30/69) Installing openrc-user (0.62.2-r2)
(31/69) Installing openrc (0.62.2-r2)
Executing openrc-0.62.2-r2.post-install
(32/69) Installing mdev-conf (4.8-r0)
(33/69) Installing busybox-mdev-openrc (1.37.0-r18)
(34/69) Installing alpine-conf (3.20.0-r0)
(35/69) Installing alpine-keys (2.5-r0)
(36/69) Installing alpine-release (3.22.0-r0)
(37/69) Installing busybox-openrc (1.37.0-r18)
(38/69) Installing busybox-suid (1.37.0-r18)
(39/69) Installing alpine-base (3.22.0-r0)
(40/69) Installing jansson (2.14.1-r0)
(41/69) Installing zstd-libs (1.5.7-r0)
(42/69) Installing binutils (2.44-r0)
(43/69) Installing libmagic (5.46-r2)
(44/69) Installing file (5.46-r2)
(45/69) Installing libgomp (14.3.0-r0)
(46/69) Installing libatomic (14.3.0-r0)
(47/69) Installing gmp (6.3.0-r3)
(48/69) Installing isl26 (0.26-r1)
(49/69) Installing mpfr4 (4.2.1_p1-r0)
(50/69) Installing mpc1 (1.3.1-r1)
(51/69) Installing gcc (14.3.0-r0)
(52/69) Installing libstdc++-dev (14.3.0-r0)
(53/69) Installing musl-dev (1.2.5-r10)
(54/69) Installing g++ (14.3.0-r0)
(55/69) Installing make (4.4.1-r3)
(56/69) Installing fortify-headers (1.1-r5)
(57/69) Installing build-base (0.5-r3)
(58/69) Installing brotli-libs (1.1.0-r2)
(59/69) Installing c-ares (1.34.5-r0)
(60/69) Installing libunistring (1.3-r0)
(61/69) Installing libidn2 (2.3.7-r0)
(62/69) Installing nghttp2-libs (1.65.0-r0)
(63/69) Installing libpsl (0.21.5-r3)
(64/69) Installing libcurl (8.14.0-r2)
(65/69) Installing libexpat (2.7.1-r0)
(66/69) Installing pcre2 (10.43-r1)
(67/69) Installing git (2.49.0-r0)
(68/69) Installing git-init-template (2.49.0-r0)
(69/69) Installing linux-headers (6.14.2-r0)
Executing busybox-1.37.0-r18.trigger
OK: 265 MiB in 69 packages
>>> libnfnetlink: Fetching https://www.netfilter.org/projects/libnfnetlink/files/libnfnetlink-1.0.2.tar.bz2
>>> libnfnetlink: Checking sha512sums...
libnfnetlink-1.0.2.tar.bz2: OK
>>> libnfnetlink: Unpacking /var/cache/distfiles/libnfnetlink-1.0.2.tar.bz2...
>>> libnfnetlink: Updating ./build-aux/config.sub
checking build system type... x86_64-alpine-linux-musl
checking host system type... x86_64-alpine-linux-musl
checking for a BSD-compatible install... /usr/bin/install -c
checking whether build environment is sane... yes
checking for a thread-safe mkdir -p... build-aux/install-sh -c -d
checking for gawk... no
checking for mawk... no
checking for nawk... no
checking for awk... awk
checking whether make sets $(MAKE)... yes
checking whether make supports nested variables... yes
checking how to create a pax tar archive... gnutar
checking whether make supports the include directive... yes (GNU style)
checking for x86_64-alpine-linux-musl-gcc... cc
checking whether the C compiler works... yes
checking for C compiler default output file name... a.out
checking for suffix of executables... 
checking whether we are cross compiling... no
checking for suffix of object files... o
checking whether we are using the GNU C compiler... yes
checking whether cc accepts -g... yes
checking for cc option to accept ISO C89... none needed
checking whether cc understands -c and -o together... yes
checking dependency style of cc... gcc3
checking for x86_64-alpine-linux-musl-ar... no
checking for x86_64-alpine-linux-musl-lib... no
checking for x86_64-alpine-linux-musl-link... no
checking for ar... ar
checking the archiver (ar) interface... ar
checking whether make supports nested variables... (cached) yes
checking for x86_64-alpine-linux-musl-gcc... (cached) cc
checking whether we are using the GNU C compiler... (cached) yes
checking whether cc accepts -g... (cached) yes
checking for cc option to accept ISO C89... (cached) none needed
checking whether cc understands -c and -o together... (cached) yes
checking dependency style of cc... (cached) gcc3
checking how to print strings... printf
checking for a sed that does not truncate output... /bin/sed
checking for grep that handles long lines and -e... /bin/grep
checking for egrep... /bin/grep -E
checking for fgrep... /bin/grep -F
checking for ld used by cc... /usr/x86_64-alpine-linux-musl/bin/ld
checking if the linker (/usr/x86_64-alpine-linux-musl/bin/ld) is GNU ld... yes
checking for BSD- or MS-compatible name lister (nm)... /usr/bin/nm -B
checking the name lister (/usr/bin/nm -B) interface... BSD nm
checking whether ln -s works... yes
checking the maximum length of command line arguments... 98304
checking how to convert x86_64-alpine-linux-musl file names to x86_64-alpine-linux-musl format... func_convert_file_noop
checking how to convert x86_64-alpine-linux-musl file names to toolchain format... func_convert_file_noop
checking for /usr/x86_64-alpine-linux-musl/bin/ld option to reload object files... -r
checking for x86_64-alpine-linux-musl-objdump... no
checking for objdump... objdump
checking how to recognize dependent libraries... pass_all
checking for x86_64-alpine-linux-musl-dlltool... no
checking for dlltool... no
checking how to associate runtime and link libraries... printf %s\n
checking for x86_64-alpine-linux-musl-ar... ar
checking for archiver @FILE support... @
checking for x86_64-alpine-linux-musl-strip... no
checking for strip... strip
checking for x86_64-alpine-linux-musl-ranlib... no
checking for ranlib... ranlib
checking command to parse /usr/bin/nm -B output from cc object... ok
checking for sysroot... no
checking for a working dd... /bin/dd
checking how to truncate binary pipes... /bin/dd bs=4096 count=1
checking for x86_64-alpine-linux-musl-mt... no
checking for mt... no
checking if : is a manifest tool... no
checking how to run the C preprocessor... cc -E
checking for ANSI C header files... yes
checking for sys/types.h... yes
checking for sys/stat.h... yes
checking for stdlib.h... yes
checking for string.h... yes
checking for memory.h... yes
checking for strings.h... yes
checking for inttypes.h... yes
checking for stdint.h... yes
checking for unistd.h... yes
checking for dlfcn.h... yes
checking for objdir... .libs
checking if cc supports -fno-rtti -fno-exceptions... no
checking for cc option to produce PIC... -fPIC -DPIC
checking if cc PIC flag -fPIC -DPIC works... yes
checking if cc static flag -static works... yes
checking if cc supports -c -o file.o... yes
checking if cc supports -c -o file.o... (cached) yes
checking whether the cc linker (/usr/x86_64-alpine-linux-musl/bin/ld -m elf_x86_64) supports shared libraries... yes
checking whether -lc should be explicitly linked in... no
checking dynamic linker characteristics... GNU/Linux ld.so
checking how to hardcode library paths into programs... immediate
checking whether stripping libraries is possible... yes
checking if libtool supports shared libraries... yes
checking whether to build shared libraries... yes
checking whether to build static libraries... yes
checking that generated files are newer than configure... done
configure: creating ./config.status
config.status: creating Makefile
config.status: creating src/Makefile
config.status: creating include/Makefile
config.status: creating doxygen.cfg
config.status: creating include/libnfnetlink/Makefile
config.status: creating utils/Makefile
config.status: creating libnfnetlink.pc
config.status: executing depfiles commands
config.status: executing libtool commands
Making all in src
make[1]: Entering directory '/tmp/src/libnfnetlink-1.0.2/src'
  CC       libnfnetlink.lo
  CC       iftable.lo
  CC       rtnl.lo
  CCLD     libnfnetlink.la
make[1]: Leaving directory '/tmp/src/libnfnetlink-1.0.2/src'
Making all in include
make[1]: Entering directory '/tmp/src/libnfnetlink-1.0.2/include'
Making all in libnfnetlink
make[2]: Entering directory '/tmp/src/libnfnetlink-1.0.2/include/libnfnetlink'
make[2]: Nothing to be done for 'all'.
make[2]: Leaving directory '/tmp/src/libnfnetlink-1.0.2/include/libnfnetlink'
make[2]: Entering directory '/tmp/src/libnfnetlink-1.0.2/include'
make[2]: Nothing to be done for 'all-am'.
make[2]: Leaving directory '/tmp/src/libnfnetlink-1.0.2/include'
make[1]: Leaving directory '/tmp/src/libnfnetlink-1.0.2/include'
Making all in utils
make[1]: Entering directory '/tmp/src/libnfnetlink-1.0.2/utils'
make[1]: Nothing to be done for 'all'.
make[1]: Leaving directory '/tmp/src/libnfnetlink-1.0.2/utils'
make[1]: Entering directory '/tmp/src/libnfnetlink-1.0.2'
make[1]: Nothing to be done for 'all-am'.
make[1]: Leaving directory '/tmp/src/libnfnetlink-1.0.2'
>>> libnfnetlink: Entering fakeroot...
Making install in src
make[1]: Entering directory '/tmp/src/libnfnetlink-1.0.2/src'
make[2]: Entering directory '/tmp/src/libnfnetlink-1.0.2/src'
make[2]: Nothing to be done for 'install-data-am'.
 ../build-aux/install-sh -c -d '/tmp/pkg/libnfnetlink/usr/lib'
 /bin/sh ../libtool   --mode=install /usr/bin/install -c   libnfnetlink.la '/tmp/pkg/libnfnetlink/usr/lib'
libtool: install: /usr/bin/install -c .libs/libnfnetlink.so.0.2.0 /tmp/pkg/libnfnetlink/usr/lib/libnfnetlink.so.0.2.0
libtool: install: (cd /tmp/pkg/libnfnetlink/usr/lib && { ln -s -f libnfnetlink.so.0.2.0 libnfnetlink.so.0 || { rm -f libnfnetlink.so.0 && ln -s libnfnetlink.so.0.2.0 libnfnetlink.so.0; }; })
libtool: install: (cd /tmp/pkg/libnfnetlink/usr/lib && { ln -s -f libnfnetlink.so.0.2.0 libnfnetlink.so || { rm -f libnfnetlink.so && ln -s libnfnetlink.so.0.2.0 libnfnetlink.so; }; })
libtool: install: /usr/bin/install -c .libs/libnfnetlink.lai /tmp/pkg/libnfnetlink/usr/lib/libnfnetlink.la
libtool: install: /usr/bin/install -c .libs/libnfnetlink.a /tmp/pkg/libnfnetlink/usr/lib/libnfnetlink.a
libtool: install: chmod 644 /tmp/pkg/libnfnetlink/usr/lib/libnfnetlink.a
libtool: install: ranlib /tmp/pkg/libnfnetlink/usr/lib/libnfnetlink.a
libtool: warning: remember to run 'libtool --finish /usr/lib'
make[2]: Leaving directory '/tmp/src/libnfnetlink-1.0.2/src'
make[1]: Leaving directory '/tmp/src/libnfnetlink-1.0.2/src'
Making install in include
make[1]: Entering directory '/tmp/src/libnfnetlink-1.0.2/include'
Making install in libnfnetlink
make[2]: Entering directory '/tmp/src/libnfnetlink-1.0.2/include/libnfnetlink'
make[3]: Entering directory '/tmp/src/libnfnetlink-1.0.2/include/libnfnetlink'
make[3]: Nothing to be done for 'install-exec-am'.
 ../../build-aux/install-sh -c -d '/tmp/pkg/libnfnetlink/usr/include/libnfnetlink'
 /usr/bin/install -c -m 644 libnfnetlink.h linux_nfnetlink.h linux_nfnetlink_compat.h '/tmp/pkg/libnfnetlink/usr/include/libnfnetlink'
make[3]: Leaving directory '/tmp/src/libnfnetlink-1.0.2/include/libnfnetlink'
make[2]: Leaving directory '/tmp/src/libnfnetlink-1.0.2/include/libnfnetlink'
make[2]: Entering directory '/tmp/src/libnfnetlink-1.0.2/include'
make[3]: Entering directory '/tmp/src/libnfnetlink-1.0.2/include'
make[3]: Nothing to be done for 'install-exec-am'.
make[3]: Nothing to be done for 'install-data-am'.
make[3]: Leaving directory '/tmp/src/libnfnetlink-1.0.2/include'
make[2]: Leaving directory '/tmp/src/libnfnetlink-1.0.2/include'
make[1]: Leaving directory '/tmp/src/libnfnetlink-1.0.2/include'
Making install in utils
make[1]: Entering directory '/tmp/src/libnfnetlink-1.0.2/utils'
make[2]: Entering directory '/tmp/src/libnfnetlink-1.0.2/utils'
make[2]: Nothing to be done for 'install-exec-am'.
make[2]: Nothing to be done for 'install-data-am'.
make[2]: Leaving directory '/tmp/src/libnfnetlink-1.0.2/utils'
make[1]: Leaving directory '/tmp/src/libnfnetlink-1.0.2/utils'
make[1]: Entering directory '/tmp/src/libnfnetlink-1.0.2'
make[2]: Entering directory '/tmp/src/libnfnetlink-1.0.2'
make[2]: Nothing to be done for 'install-exec-am'.
 build-aux/install-sh -c -d '/tmp/pkg/libnfnetlink/usr/lib/pkgconfig'
 /usr/bin/install -c -m 644 libnfnetlink.pc '/tmp/pkg/libnfnetlink/usr/lib/pkgconfig'
make[2]: Leaving directory '/tmp/src/libnfnetlink-1.0.2'
make[1]: Leaving directory '/tmp/src/libnfnetlink-1.0.2'
>>> libnfnetlink-static*: Running split function static...
'usr/lib/libnfnetlink.a' -> '/tmp/pkg/libnfnetlink-static/usr/lib/libnfnetlink.a'
>>> libnfnetlink-static*: Preparing subpackage libnfnetlink-static...
>>> libnfnetlink-static*: Stripping binaries
>>> libnfnetlink-static*: Running postcheck for libnfnetlink-static
>>> libnfnetlink-dev*: Running split function dev...
'usr/include' -> '/tmp/pkg/libnfnetlink-dev/usr/include'
'usr/lib/pkgconfig' -> '/tmp/pkg/libnfnetlink-dev/usr/lib/pkgconfig'
'usr/lib/libnfnetlink.so' -> '/tmp/pkg/libnfnetlink-dev/usr/lib/libnfnetlink.so'
>>> libnfnetlink-dev*: Preparing subpackage libnfnetlink-dev...
>>> libnfnetlink-dev*: Stripping binaries
>>> libnfnetlink-dev*: Running postcheck for libnfnetlink-dev
>>> libnfnetlink*: Running postcheck for libnfnetlink
>>> libnfnetlink*: Preparing package libnfnetlink...
>>> libnfnetlink*: Stripping binaries
>>> libnfnetlink-dev*: Scanning shared objects
>>> libnfnetlink-static*: Scanning shared objects
>>> libnfnetlink*: Scanning shared objects
>>> libnfnetlink-dev*: Tracing dependencies...
	libnfnetlink=1.0.2-r3
	pkgconfig
>>> libnfnetlink-dev*: Package size: 12.7 KB
>>> libnfnetlink-dev*: Compressing data...
>>> libnfnetlink-dev*: Create checksum...
>>> libnfnetlink-dev*: Create libnfnetlink-dev-1.0.2-r3.apk
>>> libnfnetlink-static*: Tracing dependencies...
>>> libnfnetlink-static*: Package size: 38.0 KB
>>> libnfnetlink-static*: Compressing data...
>>> libnfnetlink-static*: Create checksum...
>>> libnfnetlink-static*: Create libnfnetlink-static-1.0.2-r3.apk
>>> libnfnetlink*: Tracing dependencies...
	so:libc.musl-x86_64.so.1
>>> libnfnetlink*: Package size: 29.3 KB
>>> libnfnetlink*: Compressing data...
>>> libnfnetlink*: Create checksum...
>>> libnfnetlink*: Create libnfnetlink-1.0.2-r3.apk
>>> libnfnetlink: Updating the main/x86_64 repository index...
>>> libnfnetlink: Signing the index...
>>> libnfnetlink: Cleaning up srcdir
>>> libnfnetlink: Cleaning up build chroot
>>> libnfnetlink: Cleaning up pkgdir
