>>> privoxy: Validating /home/packager/oily-pine/main/privoxy/APKBUILD...
>>> privoxy: Cleaning up srcdir
>>> privoxy: Cleaning up pkgdir
>>> privoxy: Cleaning up tmpdir
>>> privoxy: Fetching https://downloads.sourceforge.net/ijbswa/privoxy-3.0.34-stable-src.tar.gz
  % Total    % Received % Xferd  Average Speed   Time    Time     Time  Current
                                 Dload  Upload   Total   Spent    Left  Speed
  0     0    0     0    0     0      0      0 --:--:-- --:--:-- --:--:--     0100   434  100   434    0     0   1841      0 --:--:-- --:--:-- --:--:--  1846
100   427  100   427    0     0   1012      0 --:--:-- --:--:-- --:--:--  1012100   427  100   427    0     0   1011      0 --:--:-- --:--:-- --:--:--     0
  0     0    0     0    0     0      0      0 --:--:--  0:00:01 --:--:--     0  3 1552k    3 48903    0     0  20175      0  0:01:18  0:00:02  0:01:16 82052 10 1552k   10  159k    0     0  48246      0  0:00:32  0:00:03  0:00:29  102k 18 1552k   18  287k    0     0  66980      0  0:00:23  0:00:04  0:00:19  111k 24 1552k   24  383k    0     0  72691      0  0:00:21  0:00:05  0:00:16  107k 31 1552k   31  495k    0     0  79259      0  0:00:20  0:00:06  0:00:14  108k 38 1552k   38  591k    0     0  81986      0  0:00:19  0:00:07  0:00:12  109k 45 1552k   45  703k    0     0  85745      0  0:00:18  0:00:08  0:00:10  108k 52 1552k   52  815k    0     0  87723      0  0:00:18  0:00:09  0:00:09  103k 60 1552k   60  943k    0     0  92689      0  0:00:17  0:00:10  0:00:07  111k 66 1552k   66 1039k    0     0  93466      0  0:00:17  0:00:11  0:00:06  109k 75 1552k   75 1167k    0     0  96423      0  0:00:16  0:00:12  0:00:04  114k 81 1552k   81 1263k    0     0  96580      0  0:00:16  0:00:13  0:00:03  112k 88 1552k   88 1375k    0     0  97803      0  0:00:16  0:00:14  0:00:02  114k 94 1552k   94 1471k    0     0  97681      0  0:00:16  0:00:15  0:00:01  105k100 1552k  100 1552k    0     0  98458      0  0:00:16  0:00:16 --:--:--  107k
>>> privoxy: Fetching https://downloads.sourceforge.net/ijbswa/privoxy-3.0.34-stable-src.tar.gz
>>> privoxy: Checking sha512sums...
privoxy-3.0.34-stable-src.tar.gz: OK
privoxy.initd: OK
privoxy.logrotate: OK
privoxy-alpine.patch: OK
>>> privoxy: Preparing build chroot...
fetch http://dl-cdn.alpinelinux.org/alpine/edge/main/x86_64/APKINDEX.tar.gz
(1/89) Installing musl (1.2.5-r10)
(2/89) Installing libcrypto3 (3.5.0-r0)
(3/89) Installing ca-certificates-bundle (20241121-r2)
(4/89) Installing libssl3 (3.5.0-r0)
(5/89) Installing zlib (1.3.1-r2)
(6/89) Installing libapk2 (2.14.9-r2)
(7/89) Installing apk-tools (2.14.9-r2)
(8/89) Installing libcap2 (2.76-r0)
(9/89) Installing libcap-getcap (2.76-r0)
(10/89) Installing fakeroot (1.37.1.1-r0)
(11/89) Installing scanelf (1.3.8-r1)
(12/89) Installing musl-utils (1.2.5-r10)
(13/89) Installing libgcc (14.3.0-r1)
(14/89) Installing libstdc++ (14.3.0-r1)
(15/89) Installing lzip (1.25-r0)
(16/89) Installing openssl (3.5.0-r0)
(17/89) Installing patch (2.8-r0)
(18/89) Installing pkgconf (2.4.3-r0)
(19/89) Installing acl-libs (2.3.2-r1)
(20/89) Installing tar (1.35-r3)
(21/89) Installing busybox (1.37.0-r18)
Executing busybox-1.37.0-r18.post-install
(22/89) Installing ssl_client (1.37.0-r18)
(23/89) Installing busybox-binsh (1.37.0-r18)
(24/89) Installing abuild (3.15.0-r0)
Executing abuild-3.15.0-r0.pre-install
(25/89) Installing abuild-sudo (3.15.0-r0)
(26/89) Installing alpine-baselayout-data (3.7.0-r0)
(27/89) Installing alpine-baselayout (3.7.0-r0)
Executing alpine-baselayout-3.7.0-r0.pre-install
Executing alpine-baselayout-3.7.0-r0.post-install
(28/89) Installing bridge (1.5-r5)
(29/89) Installing ifupdown-ng (0.12.1-r7)
(30/89) Installing openrc-user (0.62.2-r2)
(31/89) Installing openrc (0.62.2-r2)
Executing openrc-0.62.2-r2.post-install
(32/89) Installing mdev-conf (4.8-r0)
(33/89) Installing busybox-mdev-openrc (1.37.0-r18)
(34/89) Installing alpine-conf (3.20.0-r0)
(35/89) Installing alpine-keys (2.5-r0)
(36/89) Installing alpine-release (3.22.0-r0)
(37/89) Installing busybox-openrc (1.37.0-r18)
(38/89) Installing busybox-suid (1.37.0-r18)
(39/89) Installing alpine-base (3.22.0-r0)
(40/89) Installing m4 (1.4.20-r0)
(41/89) Installing libbz2 (1.0.8-r6)
(42/89) Installing perl (5.40.2-r0)
(43/89) Installing autoconf (2.72-r1)
(44/89) Installing automake (1.18-r0)
(45/89) Installing jansson (2.14.1-r0)
(46/89) Installing zstd-libs (1.5.7-r0)
(47/89) Installing binutils (2.44-r0)
(48/89) Installing libmagic (5.46-r2)
(49/89) Installing file (5.46-r2)
(50/89) Installing libgomp (14.3.0-r1)
(51/89) Installing libatomic (14.3.0-r1)
(52/89) Installing gmp (6.3.0-r3)
(53/89) Installing isl26 (0.26-r1)
(54/89) Installing mpfr4 (4.2.1_p1-r0)
(55/89) Installing mpc1 (1.3.1-r1)
(56/89) Installing gcc (14.3.0-r1)
(57/89) Installing libstdc++-dev (14.3.0-r1)
(58/89) Installing musl-dev (1.2.5-r10)
(59/89) Installing g++ (14.3.0-r1)
(60/89) Installing make (4.4.1-r3)
(61/89) Installing fortify-headers (1.1-r5)
(62/89) Installing build-base (0.5-r3)
(63/89) Installing coreutils-env (9.7-r1)
(64/89) Installing coreutils-fmt (9.7-r1)
(65/89) Installing coreutils-sha512sum (9.7-r1)
(66/89) Installing libattr (2.5.2-r2)
(67/89) Installing skalibs-libs (2.14.4.0-r0)
(68/89) Installing utmps-libs (0.1.3.1-r0)
(69/89) Installing coreutils (9.7-r1)
(70/89) Installing brotli-libs (1.1.0-r2)
(71/89) Installing c-ares (1.34.5-r0)
(72/89) Installing libunistring (1.3-r0)
(73/89) Installing libidn2 (2.3.7-r0)
(74/89) Installing nghttp2-libs (1.65.0-r0)
(75/89) Installing libpsl (0.21.5-r3)
(76/89) Installing libcurl (8.14.0-r2)
(77/89) Installing libexpat (2.7.1-r0)
(78/89) Installing pcre2 (10.43-r1)
(79/89) Installing git (2.49.0-r0)
(80/89) Installing git-init-template (2.49.0-r0)
(81/89) Installing perl-error (0.17030-r0)
(82/89) Installing perl-git (2.49.0-r0)
(83/89) Installing git-perl (2.49.0-r0)
(84/89) Installing libpcre16 (8.45-r4)
(85/89) Installing libpcre32 (8.45-r4)
(86/89) Installing pcre (8.45-r4)
(87/89) Installing libpcrecpp (8.45-r4)
(88/89) Installing pcre-dev (8.45-r4)
(89/89) Installing zlib-dev (1.3.1-r2)
Executing busybox-1.37.0-r18.trigger
OK: 302 MiB in 89 packages
>>> privoxy: Fetching https://downloads.sourceforge.net/ijbswa/privoxy-3.0.34-stable-src.tar.gz
>>> privoxy: Checking sha512sums...
privoxy-3.0.34-stable-src.tar.gz: OK
privoxy.initd: OK
privoxy.logrotate: OK
privoxy-alpine.patch: OK
>>> privoxy: Unpacking /var/cache/distfiles/privoxy-3.0.34-stable-src.tar.gz...
>>> privoxy: privoxy-alpine.patch
patching file GNUmakefile.in
Hunk #2 succeeded at 943 (offset -21 lines).
patching file config
Hunk #1 succeeded at 259 with fuzz 2 (offset -6 lines).
Hunk #2 succeeded at 344 with fuzz 2 (offset 22 lines).
Hunk #3 succeeded at 478 with fuzz 2 (offset 16 lines).
patching file default.action.master
Hunk #1 succeeded at 559 with fuzz 2 (offset -7 lines).
Hunk #2 succeeded at 582 (offset -6 lines).
Hunk #3 succeeded at 622 (offset -5 lines).
autoreconf: export WARNINGS=
autoreconf: warning: autoconf input should be named 'configure.ac', not 'configure.in'
autoreconf: Entering directory '.'
autoreconf: configure.in: not using Gettext
autoreconf: running: aclocal --force 
aclocal: warning: autoconf input should be named 'configure.ac', not 'configure.in'
autoreconf: configure.in: tracing
autoreconf: configure.in: not using Libtool
autoreconf: configure.in: not using Intltool
autoreconf: configure.in: not using Gtkdoc
autoreconf: running: /usr/bin/autoconf --force
configure.in:47: warning: The macro 'AC_CONFIG_HEADER' is obsolete.
configure.in:47: You should run autoupdate.
./lib/autoconf/status.m4:719: AC_CONFIG_HEADER is expanded from...
configure.in:47: the top level
configure.in:293: warning: The macro 'AC_MINGW32' is obsolete.
configure.in:293: You should run autoupdate.
./lib/autoconf/specific.m4:524: AC_MINGW32 is expanded from...
configure.in:293: the top level
configure.in:294: warning: The macro 'AC_CYGWIN' is obsolete.
configure.in:294: You should run autoupdate.
./lib/autoconf/specific.m4:496: AC_CYGWIN is expanded from...
configure.in:294: the top level
configure.in:479: warning: The macro 'AC_TRY_LINK' is obsolete.
configure.in:479: You should run autoupdate.
./lib/autoconf/general.m4:2918: AC_TRY_LINK is expanded from...
configure.in:479: the top level
configure.in:526: warning: The macro 'AC_TRY_COMPILE' is obsolete.
configure.in:526: You should run autoupdate.
./lib/autoconf/general.m4:2845: AC_TRY_COMPILE is expanded from...
lib/m4sugar/m4sh.m4:697: AS_IF is expanded from...
./lib/autoconf/functions.m4:66: AC_CHECK_FUNC is expanded from...
configure.in:526: the top level
configure.in:526: warning: The macro 'AC_TRY_COMPILE' is obsolete.
configure.in:526: You should run autoupdate.
./lib/autoconf/general.m4:2845: AC_TRY_COMPILE is expanded from...
lib/m4sugar/m4sh.m4:690: _AS_IF_ELSE is expanded from...
lib/m4sugar/m4sh.m4:697: AS_IF is expanded from...
./lib/autoconf/general.m4:2821: _AC_COMPILE_IFELSE is expanded from...
./lib/autoconf/general.m4:2837: AC_COMPILE_IFELSE is expanded from...
./lib/autoconf/general.m4:2845: AC_TRY_COMPILE is expanded from...
lib/m4sugar/m4sh.m4:697: AS_IF is expanded from...
./lib/autoconf/functions.m4:66: AC_CHECK_FUNC is expanded from...
configure.in:526: the top level
configure.in:526: warning: The macro 'AC_TRY_COMPILE' is obsolete.
configure.in:526: You should run autoupdate.
./lib/autoconf/general.m4:2845: AC_TRY_COMPILE is expanded from...
lib/m4sugar/m4sh.m4:690: _AS_IF_ELSE is expanded from...
lib/m4sugar/m4sh.m4:697: AS_IF is expanded from...
./lib/autoconf/general.m4:2821: _AC_COMPILE_IFELSE is expanded from...
./lib/autoconf/general.m4:2837: AC_COMPILE_IFELSE is expanded from...
./lib/autoconf/general.m4:2845: AC_TRY_COMPILE is expanded from...
lib/m4sugar/m4sh.m4:690: _AS_IF_ELSE is expanded from...
lib/m4sugar/m4sh.m4:697: AS_IF is expanded from...
./lib/autoconf/general.m4:2821: _AC_COMPILE_IFELSE is expanded from...
./lib/autoconf/general.m4:2837: AC_COMPILE_IFELSE is expanded from...
./lib/autoconf/general.m4:2845: AC_TRY_COMPILE is expanded from...
lib/m4sugar/m4sh.m4:697: AS_IF is expanded from...
./lib/autoconf/functions.m4:66: AC_CHECK_FUNC is expanded from...
configure.in:526: the top level
configure.in:570: warning: The macro 'AC_TRY_COMPILE' is obsolete.
configure.in:570: You should run autoupdate.
./lib/autoconf/general.m4:2845: AC_TRY_COMPILE is expanded from...
lib/m4sugar/m4sh.m4:697: AS_IF is expanded from...
./lib/autoconf/functions.m4:66: AC_CHECK_FUNC is expanded from...
configure.in:570: the top level
configure.in:570: warning: The macro 'AC_TRY_COMPILE' is obsolete.
configure.in:570: You should run autoupdate.
./lib/autoconf/general.m4:2845: AC_TRY_COMPILE is expanded from...
lib/m4sugar/m4sh.m4:690: _AS_IF_ELSE is expanded from...
lib/m4sugar/m4sh.m4:697: AS_IF is expanded from...
./lib/autoconf/general.m4:2821: _AC_COMPILE_IFELSE is expanded from...
./lib/autoconf/general.m4:2837: AC_COMPILE_IFELSE is expanded from...
./lib/autoconf/general.m4:2845: AC_TRY_COMPILE is expanded from...
lib/m4sugar/m4sh.m4:697: AS_IF is expanded from...
./lib/autoconf/functions.m4:66: AC_CHECK_FUNC is expanded from...
configure.in:570: the top level
configure.in:570: warning: The macro 'AC_TRY_COMPILE' is obsolete.
configure.in:570: You should run autoupdate.
./lib/autoconf/general.m4:2845: AC_TRY_COMPILE is expanded from...
lib/m4sugar/m4sh.m4:690: _AS_IF_ELSE is expanded from...
lib/m4sugar/m4sh.m4:697: AS_IF is expanded from...
./lib/autoconf/general.m4:2821: _AC_COMPILE_IFELSE is expanded from...
./lib/autoconf/general.m4:2837: AC_COMPILE_IFELSE is expanded from...
./lib/autoconf/general.m4:2845: AC_TRY_COMPILE is expanded from...
lib/m4sugar/m4sh.m4:690: _AS_IF_ELSE is expanded from...
lib/m4sugar/m4sh.m4:697: AS_IF is expanded from...
./lib/autoconf/general.m4:2821: _AC_COMPILE_IFELSE is expanded from...
./lib/autoconf/general.m4:2837: AC_COMPILE_IFELSE is expanded from...
./lib/autoconf/general.m4:2845: AC_TRY_COMPILE is expanded from...
lib/m4sugar/m4sh.m4:697: AS_IF is expanded from...
./lib/autoconf/functions.m4:66: AC_CHECK_FUNC is expanded from...
configure.in:570: the top level
configure.in:613: warning: The macro 'AC_TRY_COMPILE' is obsolete.
configure.in:613: You should run autoupdate.
./lib/autoconf/general.m4:2845: AC_TRY_COMPILE is expanded from...
lib/m4sugar/m4sh.m4:697: AS_IF is expanded from...
./lib/autoconf/functions.m4:66: AC_CHECK_FUNC is expanded from...
configure.in:613: the top level
configure.in:631: warning: The macro 'AC_TRY_COMPILE' is obsolete.
configure.in:631: You should run autoupdate.
./lib/autoconf/general.m4:2845: AC_TRY_COMPILE is expanded from...
lib/m4sugar/m4sh.m4:697: AS_IF is expanded from...
./lib/autoconf/functions.m4:66: AC_CHECK_FUNC is expanded from...
configure.in:631: the top level
configure.in:737: warning: The macro 'AC_HEADER_STDC' is obsolete.
configure.in:737: You should run autoupdate.
./lib/autoconf/headers.m4:663: AC_HEADER_STDC is expanded from...
configure.in:737: the top level
configure.in:742: warning: The macro 'AC_HEADER_TIME' is obsolete.
configure.in:742: You should run autoupdate.
./lib/autoconf/headers.m4:702: AC_HEADER_TIME is expanded from...
configure.in:742: the top level
configure.in:773: warning: The macro 'AC_PROG_GCC_TRADITIONAL' is obsolete.
configure.in:773: You should run autoupdate.
./lib/autoconf/c.m4:1676: AC_PROG_GCC_TRADITIONAL is expanded from...
configure.in:773: the top level
configure.in:774: warning: The macro 'AC_TYPE_SIGNAL' is obsolete.
configure.in:774: You should run autoupdate.
./lib/autoconf/types.m4:805: AC_TYPE_SIGNAL is expanded from...
configure.in:774: the top level
configure.in:826: warning: The macro 'AC_TRY_LINK' is obsolete.
configure.in:826: You should run autoupdate.
./lib/autoconf/general.m4:2918: AC_TRY_LINK is expanded from...
configure.in:826: the top level
configure.in:838: warning: The macro 'AC_TRY_LINK' is obsolete.
configure.in:838: You should run autoupdate.
./lib/autoconf/general.m4:2918: AC_TRY_LINK is expanded from...
configure.in:838: the top level
configure.in:1157: warning: The macro 'AC_HELP_STRING' is obsolete.
configure.in:1157: You should run autoupdate.
./lib/autoconf/general.m4:204: AC_HELP_STRING is expanded from...
configure.in:1157: the top level
configure.in:1158: warning: The macro 'AC_HELP_STRING' is obsolete.
configure.in:1158: You should run autoupdate.
./lib/autoconf/general.m4:204: AC_HELP_STRING is expanded from...
configure.in:1158: the top level
configure.in:1189: warning: The macro 'AC_HELP_STRING' is obsolete.
configure.in:1189: You should run autoupdate.
./lib/autoconf/general.m4:204: AC_HELP_STRING is expanded from...
configure.in:1189: the top level
configure.in:1190: warning: The macro 'AC_HELP_STRING' is obsolete.
configure.in:1190: You should run autoupdate.
./lib/autoconf/general.m4:204: AC_HELP_STRING is expanded from...
configure.in:1190: the top level
configure.in:1240: warning: The macro 'AC_HELP_STRING' is obsolete.
configure.in:1240: You should run autoupdate.
./lib/autoconf/general.m4:204: AC_HELP_STRING is expanded from...
configure.in:1240: the top level
configure.in:1241: warning: The macro 'AC_HELP_STRING' is obsolete.
configure.in:1241: You should run autoupdate.
./lib/autoconf/general.m4:204: AC_HELP_STRING is expanded from...
configure.in:1241: the top level
configure.in:1273: warning: AC_OUTPUT should be used without arguments.
configure.in:1273: You should run autoupdate.
autoreconf: running: /usr/bin/autoheader --force
autoheader: warning: autoconf input should be named 'configure.ac', not 'configure.in'
autoheader: warning: WARNING: Using auxiliary files such as 'acconfig.h', 'config.h.bot'
autoheader: WARNING: and 'config.h.top', to define templates for 'config.h.in'
autoheader: WARNING: is deprecated and discouraged.
autoheader: 
autoheader: WARNING: Using the third argument of 'AC_DEFINE_UNQUOTED' and
autoheader: WARNING: 'AC_DEFINE' allows one to define a template without
autoheader: WARNING: 'acconfig.h':
autoheader: 
autoheader: WARNING:   AC_DEFINE([NEED_FUNC_MAIN], 1,
autoheader: 		[Define if a function 'main' is needed.])
autoheader: 
autoheader: WARNING: More sophisticated templates can also be produced, see the
autoheader: WARNING: documentation.
autoreconf: configure.in: not using Automake
autoreconf: './config.sub' is updated
autoreconf: './config.guess' is updated
autoreconf: './install-sh' is updated
autoreconf: Leaving directory '.'
checking build system type... x86_64-alpine-linux-musl
checking host system type... x86_64-alpine-linux-musl
checking for x86_64-alpine-linux-musl-gcc... cc
checking whether the C compiler works... yes
checking for C compiler default output file name... a.out
checking for suffix of executables... 
checking whether we are cross compiling... no
checking for suffix of object files... o
checking whether the compiler supports GNU C... yes
checking whether cc accepts -g... yes
checking for cc option to enable C11 features... none needed
checking how to run the C preprocessor... cc -E
checking for a BSD-compatible install... /usr/bin/install -c
checking whether ln -s works... yes
checking whether make sets $(MAKE)... yes
checking for gawk... no
checking for mawk... no
checking for nawk... no
checking for awk... awk
checking for gdb... no
checking for groups... /usr/bin/groups
checking for id... /usr/bin/id
checking for user... privoxy
checking for group... privoxy
checking for w3m... no
configure: WARNING: You need w3m to build text documentation.
checking for db2html... no
checking for docbook2html... no
checking for openjade... no
checking for jade... no
checking for onsgmls... no
checking for nsgmls... no
checking for man2html... no
checking for /usr/share/sgml/docbook/dsssl-stylesheets... no
checking for /usr/share/sgml/docbkdsl... no
checking for /usr/share/sgml/docbook-dsssl... no
checking for /usr/local/share/sgml/docbook/dsssl/modular... no
checking for /usr/share/sgml/docbook/stylesheet/dsssl/modular/... no
checking for /usr/share/sgml/CATALOG.docbk30... no
checking for /usr/share/sgml/CATALOG.docbk31... no
checking for /usr/share/sgml/CATALOG.docbk31... no
checking for /usr/local/share/sgml/docbook/2.4.1/docbook.cat... no
checking for /usr/local/share/sgml/docbook/3.0/docbook.cat... no
checking for /usr/local/share/sgml/docbook/3.1/docbook.cat... no
checking for /usr/share/sgml/docbook/dtd/3.1/docbook.cat... no
checking for stdio.h... yes
checking for stdlib.h... yes
checking for string.h... yes
checking for inttypes.h... yes
checking for stdint.h... yes
checking for strings.h... yes
checking for sys/stat.h... yes
checking for sys/types.h... yes
checking for unistd.h... yes
checking for sys/time.h... yes
checking for pthread.h... yes
Using POSIX threads
checking for gethostbyname in -lnsl... no
checking for gethostbyaddr_r... yes
checking signature of gethostbyaddr_r... 8 args
checking for gethostbyname_r... yes
checking signature of gethostbyname_r... 6 args
checking for gmtime_r... yes
checking signature of gmtime_r... unrecognised
checking for localtime_r... yes
checking signature of localtime_r... unrecognised
checking for socklen_t... checking for egrep -e... /bin/grep -E
yes
checking for grep that handles long lines and -e... /bin/grep
checking for egrep... /bin/grep -E
checking for dirent.h that defines DIR... yes
checking for library containing opendir... none required
checking for an ANSI C-conforming const... yes
checking for size_t... yes
checking for pid_t... yes
checking whether struct tm is in sys/time.h or time.h... time.h
checking size of int... 4
checking size of char *... 8
checking size of long... 8
checking size of long long... 8
checking size of size_t... 8
checking size of time_t... 8
checking for OS.h... no
checking for arpa/inet.h... yes
checking for errno.h... yes
checking for fcntl.h... yes
checking for limits.h... yes
checking for locale.h... yes
checking for netdb.h... yes
checking for netinet/in.h... yes
checking for stddef.h... yes
checking for stdlib.h... (cached) yes
checking for string.h... (cached) yes
checking for sys/ioctl.h... yes
checking for sys/socket.h... yes
checking for sys/time.h... (cached) yes
checking for sys/timeb.h... yes
checking for sys/wait.h... yes
checking for unistd.h... (cached) yes
checking return type of signal handlers... void
checking for access... yes
checking for arc4random... no
checking for atexit... yes
checking for calloc... yes
checking for getcwd... yes
checking for gethostbyaddr... yes
checking for gethostbyaddr_r... (cached) yes
checking for gethostbyname... yes
checking for gethostbyname_r... (cached) yes
checking for gettimeofday... yes
checking for inet_ntoa... yes
checking for memchr... yes
checking for memmove... yes
checking for memset... yes
checking for nanosleep... yes
checking for poll... yes
checking for putenv... yes
checking for random... yes
checking for regcomp... yes
checking for select... yes
checking for setlocale... yes
checking for shutdown... yes
checking for snprintf... yes
checking for socket... yes
checking for strchr... yes
checking for strdup... yes
checking for strerror... yes
checking for strftime... yes
checking for strlcat... yes
checking for strlcpy... yes
checking for strptime... yes
checking for strtoul... yes
checking for timegm... yes
checking for tzset... yes
checking for getaddrinfo... yes
checking for getnameinfo... yes
checking for pcre_compile in -lpcre... yes
checking for pcre.h... yes
checking for regcomp in -lpcreposix... yes
checking for pcreposix.h... yes
Enabling support for client-specific tags.
checking for zlibVersion in -lz... yes
using libpcre
Enabling connection-sharing support.
configure: creating ./config.status
config.status: creating GNUmakefile
config.status: creating doc/source/ldp.dsl
config.status: creating config.h
cc -c -pipe -Os -fstack-clash-protection -Wformat -Werror=format-security -fno-plt -DNDEBUG   -pthread -Wall  actions.c -o actions.o
cc -c -pipe -Os -fstack-clash-protection -Wformat -Werror=format-security -fno-plt -DNDEBUG   -pthread -Wall  cgi.c -o cgi.o
cc -c -pipe -Os -fstack-clash-protection -Wformat -Werror=format-security -fno-plt -DNDEBUG   -pthread -Wall  cgiedit.c -o cgiedit.o
cc -c -pipe -Os -fstack-clash-protection -Wformat -Werror=format-security -fno-plt -DNDEBUG   -pthread -Wall  cgisimple.c -o cgisimple.o
cc -c -pipe -Os -fstack-clash-protection -Wformat -Werror=format-security -fno-plt -DNDEBUG   -pthread -Wall  deanimate.c -o deanimate.o
cc -c -pipe -Os -fstack-clash-protection -Wformat -Werror=format-security -fno-plt -DNDEBUG   -pthread -Wall  encode.c -o encode.o
cc -c -pipe -Os -fstack-clash-protection -Wformat -Werror=format-security -fno-plt -DNDEBUG   -pthread -Wall  errlog.c -o errlog.o
cc -c -pipe -Os -fstack-clash-protection -Wformat -Werror=format-security -fno-plt -DNDEBUG   -pthread -Wall  filters.c -o filters.o
cc -c -pipe -Os -fstack-clash-protection -Wformat -Werror=format-security -fno-plt -DNDEBUG   -pthread -Wall  gateway.c -o gateway.o
cc -c -pipe -Os -fstack-clash-protection -Wformat -Werror=format-security -fno-plt -DNDEBUG   -pthread -Wall  jbsockets.c -o jbsockets.o
cc -c -pipe -Os -fstack-clash-protection -Wformat -Werror=format-security -fno-plt -DNDEBUG   -pthread -Wall  jcc.c -o jcc.o
cc -c -pipe -Os -fstack-clash-protection -Wformat -Werror=format-security -fno-plt -DNDEBUG   -pthread -Wall  list.c -o list.o
cc -c -pipe -Os -fstack-clash-protection -Wformat -Werror=format-security -fno-plt -DNDEBUG   -pthread -Wall  loadcfg.c -o loadcfg.o
cc -c -pipe -Os -fstack-clash-protection -Wformat -Werror=format-security -fno-plt -DNDEBUG   -pthread -Wall  loaders.c -o loaders.o
cc -c -pipe -Os -fstack-clash-protection -Wformat -Werror=format-security -fno-plt -DNDEBUG   -pthread -Wall  miscutil.c -o miscutil.o
cc -c -pipe -Os -fstack-clash-protection -Wformat -Werror=format-security -fno-plt -DNDEBUG   -pthread -Wall  parsers.c -o parsers.o
cc -c -pipe -Os -fstack-clash-protection -Wformat -Werror=format-security -fno-plt -DNDEBUG   -pthread -Wall  ssplit.c -o ssplit.o
cc -c -pipe -Os -fstack-clash-protection -Wformat -Werror=format-security -fno-plt -DNDEBUG   -pthread -Wall  urlmatch.c -o urlmatch.o
cc -c -pipe -Os -fstack-clash-protection -Wformat -Werror=format-security -fno-plt -DNDEBUG   -pthread -Wall  client-tags.c -o client-tags.o
filters.c: In function 'match_sockaddr':
filters.c:205:25: warning: 'network_port' may be used uninitialized [-Wmaybe-uninitialized]
  205 |    if (*netmask_port && *network_port != *address_port)
      |                         ^~~~~~~~~~~~~
filters.c:173:15: note: 'network_port' was declared here
  173 |    in_port_t *network_port, *netmask_port, *address_port;
      |               ^~~~~~~~~~~~
filters.c:200:20: warning: 'netmask_addr' may be used uninitialized [-Wmaybe-uninitialized]
  200 |       netmask_addr += 12;
      |                    ^~
filters.c:171:28: note: 'netmask_addr' was declared here
  171 |    uint8_t *network_addr, *netmask_addr, *address_addr;
      |                            ^~~~~~~~~~~~
filters.c:205:8: warning: 'netmask_port' may be used uninitialized [-Wmaybe-uninitialized]
  205 |    if (*netmask_port && *network_port != *address_port)
      |        ^~~~~~~~~~~~~
filters.c:173:30: note: 'netmask_port' was declared here
  173 |    in_port_t *network_port, *netmask_port, *address_port;
      |                              ^~~~~~~~~~~~
filters.c:213:24: warning: 'network_addr' may be used uninitialized [-Wmaybe-uninitialized]
  213 |       if ((network_addr[i] & netmask_addr[i]) !=
      |            ~~~~~~~~~~~~^~~
filters.c:171:13: note: 'network_addr' was declared here
  171 |    uint8_t *network_addr, *netmask_addr, *address_addr;
      |             ^~~~~~~~~~~~
filters.c:214:24: warning: 'address_addr' may be used uninitialized [-Wmaybe-uninitialized]
  214 |           (address_addr[i] & netmask_addr[i]))
      |            ~~~~~~~~~~~~^~~
filters.c:171:43: note: 'address_addr' was declared here
  171 |    uint8_t *network_addr, *netmask_addr, *address_addr;
      |                                           ^~~~~~~~~~~~
filters.c:211:31: warning: 'addr_len' may be used uninitialized [-Wmaybe-uninitialized]
  211 |    for (i = 0; (i < addr_len) && netmask_addr[i]; i++)
      |                ~~~~~~~~~~~~~~~^~~~~~~~~~~~~~~~~~
filters.c:172:17: note: 'addr_len' was declared here
  172 |    unsigned int addr_len;
      |                 ^~~~~~~~
filters.c:205:42: warning: 'address_port' may be used uninitialized [-Wmaybe-uninitialized]
  205 |    if (*netmask_port && *network_port != *address_port)
      |                                          ^~~~~~~~~~~~~
filters.c:173:45: note: 'address_port' was declared here
  173 |    in_port_t *network_port, *netmask_port, *address_port;
      |                                             ^~~~~~~~~~~~
cc -c -pipe -Os -fstack-clash-protection -Wformat -Werror=format-security -fno-plt -DNDEBUG   -pthread -Wall  pcrs.c -o pcrs.o
filters.c: In function 'acl_addr':
filters.c:469:23: warning: 'mask_data' may be used uninitialized [-Wmaybe-uninitialized]
  469 |          mask_data[i] = 0xFF;
      |          ~~~~~~~~~~~~~^~~~~~
filters.c:328:13: note: 'mask_data' was declared here
  328 |    uint8_t *mask_data;
      |             ^~~~~~~~~
filters.c:454:18: warning: 'mask_port' may be used uninitialized [-Wmaybe-uninitialized]
  454 |       *mask_port = 1;
      |       ~~~~~~~~~~~^~~
filters.c:329:15: note: 'mask_port' was declared here
  329 |    in_port_t *mask_port;
      |               ^~~~~~~~~
filters.c:465:31: warning: 'addr_len' may be used uninitialized [-Wmaybe-uninitialized]
  465 |    for (i = 0; (i < addr_len) && masklength; i++)
      |                ~~~~~~~~~~~~~~~^~~~~~~~~~~~~
filters.c:330:17: note: 'addr_len' was declared here
  330 |    unsigned int addr_len;
      |                 ^~~~~~~~
grep -v '^#MASTER#' default.action.master > default.action
cc -Wl,--as-needed,-O1,--sort-common -Wl,-z,pack-relative-relocs  -pthread -o privoxy actions.o cgi.o cgiedit.o cgisimple.o deanimate.o encode.o errlog.o filters.o gateway.o jbsockets.o jcc.o list.o loadcfg.o loaders.o miscutil.o parsers.o ssplit.o urlmatch.o client-tags.o   pcrs.o     -lz -lpcre -lpcreposix   
>>> privoxy: Entering fakeroot...
Creating directories, and preparing Privoxy 3.0.34 stable installation
chmod 0755 ./mkinstalldirs
mkdir /tmp/pkg/privoxy
mkdir /tmp/pkg/privoxy/usr
mkdir /tmp/pkg/privoxy/usr/sbin
mkdir /tmp/pkg/privoxy/etc
mkdir /tmp/pkg/privoxy/etc/privoxy
mkdir /tmp/pkg/privoxy/etc/privoxy/templates
mkdir /tmp/pkg/privoxy/usr/share
mkdir /tmp/pkg/privoxy/var
mkdir /tmp/pkg/privoxy/var/log
mkdir /tmp/pkg/privoxy/var/log/privoxy
mkdir /tmp/pkg/privoxy/var/run
Installing privoxy executable to /tmp/pkg/privoxy/usr/sbin
/usr/bin/install -c -m 0755  privoxy /tmp/pkg/privoxy/usr/sbin
mkdir /tmp/pkg/privoxy/usr/share/doc
mkdir /tmp/pkg/privoxy/usr/share/doc/privoxy
mkdir /tmp/pkg/privoxy/usr/share/doc/privoxy/user-manual
mkdir /tmp/pkg/privoxy/usr/share/doc/privoxy/faq
mkdir /tmp/pkg/privoxy/usr/share/doc/privoxy/developer-manual
mkdir /tmp/pkg/privoxy/usr/share/doc/privoxy/man-page
mkdir /tmp/pkg/privoxy/usr/share/man
mkdir /tmp/pkg/privoxy/usr/share/man/man8
Installing FAQ, Manual, and other docs to /tmp/pkg/privoxy/usr/share/doc/privoxy
Installing man page to /tmp/pkg/privoxy/usr/share/man/man8/privoxy.8
/usr/bin/install -c -m 0644 privoxy.8  /tmp/pkg/privoxy/usr/share/man/man8/privoxy.8
Rewriting config for this installation
sed 's+^confdir \.+confdir /etc/privoxy+' config | \
sed 's+^logdir \.+logdir /var/log/privoxy+' >config.tmp
mv config.updated config
Installing templates to /tmp/pkg/privoxy/etc/privoxy/templates
Superuser install, installing config files as privoxy:privoxy
Installing configuration files to /tmp/pkg/privoxy/etc/privoxy
rm -f config.base config.tmp
Privoxy 3.0.34 stable installation succeeded!
The Privoxy configuration files have been installed in /tmp/pkg/privoxy/etc/privoxy
>>> privoxy-doc*: Running split function doc...
renamed 'usr/share/doc' -> '/tmp/pkg/privoxy-doc/usr/share/doc'
renamed 'usr/share/man' -> '/tmp/pkg/privoxy-doc/usr/share/man'
>>> privoxy-doc*: Preparing subpackage privoxy-doc...
>>> privoxy-doc*: Running postcheck for privoxy-doc
>>> privoxy-openrc*: Running split function openrc...
renamed 'etc/init.d' -> '/tmp/pkg/privoxy-openrc/etc/init.d'
>>> privoxy-openrc*: Preparing subpackage privoxy-openrc...
>>> privoxy-openrc*: Running postcheck for privoxy-openrc
>>> privoxy*: Running postcheck for privoxy
>>> privoxy*: Preparing package privoxy...
>>> privoxy*: Stripping binaries
>>> privoxy*: Script found. /bin/sh added as a dependency for privoxy-3.0.34-r3.apk
>>> privoxy*: Adding .pre-install
>>> privoxy-doc*: Scanning shared objects
>>> privoxy-openrc*: Scanning shared objects
>>> privoxy*: Scanning shared objects
>>> privoxy-doc*: Tracing dependencies...
>>> privoxy-doc*: Package size: 1.3 MB
>>> privoxy-doc*: Compressing data...
>>> privoxy-doc*: Create checksum...
>>> privoxy-doc*: Create privoxy-doc-3.0.34-r3.apk
>>> privoxy-openrc*: Tracing dependencies...
>>> privoxy-openrc*: Package size: 745.0 B
>>> privoxy-openrc*: Compressing data...
>>> privoxy-openrc*: Create checksum...
>>> privoxy-openrc*: Create privoxy-openrc-3.0.34-r3.apk
>>> privoxy*: Tracing dependencies...
	/bin/sh
	so:libc.musl-x86_64.so.1
	so:libpcre.so.1
	so:libpcreposix.so.0
	so:libz.so.1
>>> privoxy*: Package size: 764.1 KB
>>> privoxy*: Compressing data...
>>> privoxy*: Create checksum...
>>> privoxy*: Create privoxy-3.0.34-r3.apk
>>> privoxy: Updating the main/x86_64 repository index...
>>> privoxy: Signing the index...
>>> privoxy: Cleaning up srcdir
>>> privoxy: Cleaning up build chroot
>>> privoxy: Cleaning up pkgdir
