pigz: not found
>>> ruby-power_assert: Building main/ruby-power_assert 2.0.5-r0 (using abuild 3.14.1-r4) started Thu, 22 May 2025 23:16:05 +0000
>>> ruby-power_assert: Validating /home/packager/aports/main/ruby-power_assert/APKBUILD...
>>> ruby-power_assert: Analyzing dependencies...
>>> ruby-power_assert: Installing for build: build-base ruby ruby-rdoc
(1/8) Installing ca-certificates (20241121-r2)
(2/8) Installing libffi (3.4.7-r0)
(3/8) Installing yaml (0.2.5-r2)
(4/8) Installing ruby-libs (3.3.8-r0)
(5/8) Installing libucontext (1.3.2-r0)
(6/8) Installing ruby (3.3.8-r0)
(7/8) Installing ruby-rdoc (3.3.8-r0)
(8/8) Installing .makedepends-ruby-power_assert (20250522.231607)
Executing ca-certificates-20241121-r2.trigger
Executing busybox-1.37.0-r12.trigger
OK: 331 MiB in 122 packages
>>> ruby-power_assert: Cleaning up srcdir
>>> ruby-power_assert: Cleaning up pkgdir
>>> ruby-power_assert: Cleaning up tmpdir
>>> ruby-power_assert: Fetching https://github.com/ruby/power_assert/archive/v2.0.5/power_assert-2.0.5.tar.gz
Connecting to github.com (140.82.121.4:443)
Connecting to codeload.github.com (140.82.121.9:443)
saving to '/var/cache/distfiles/power_assert-2.0.5.tar.gz.part'
power_assert-2.0.5.t 100% |********************************| 17392  0:00:00 ETA
'/var/cache/distfiles/power_assert-2.0.5.tar.gz.part' saved
>>> ruby-power_assert: Fetching https://github.com/ruby/power_assert/archive/v2.0.5/power_assert-2.0.5.tar.gz
>>> ruby-power_assert: Checking sha512sums...
power_assert-2.0.5.tar.gz: OK
gemspec.patch: OK
>>> ruby-power_assert: Unpacking /var/cache/distfiles/power_assert-2.0.5.tar.gz...
>>> ruby-power_assert: gemspec.patch
patching file power_assert.gemspec
WARNING:  make sure you specify the oldest ruby version constraint (like ">= 3.0") that you want your gem to support by setting the `required_ruby_version` gemspec attribute
WARNING:  See https://guides.rubygems.org/specification-reference/ for help
  Successfully built RubyGem
  Name: power_assert
  Version: 2.0.5
  File: power_assert-2.0.5.gem
>>> ruby-power_assert: Entering fakeroot...
/home/packager/aports/main/ruby-power_assert/pkg/ruby-power_assert/usr/lib/ruby/gems/3.3.0/gems/power_assert-2.0.5/README.md
/home/packager/aports/main/ruby-power_assert/pkg/ruby-power_assert/usr/lib/ruby/gems/3.3.0/gems/power_assert-2.0.5/lib/power_assert.rb
/home/packager/aports/main/ruby-power_assert/pkg/ruby-power_assert/usr/lib/ruby/gems/3.3.0/gems/power_assert-2.0.5/lib/power_assert/colorize.rb
/home/packager/aports/main/ruby-power_assert/pkg/ruby-power_assert/usr/lib/ruby/gems/3.3.0/gems/power_assert-2.0.5/lib/power_assert/configuration.rb
/home/packager/aports/main/ruby-power_assert/pkg/ruby-power_assert/usr/lib/ruby/gems/3.3.0/gems/power_assert-2.0.5/lib/power_assert/context.rb
/home/packager/aports/main/ruby-power_assert/pkg/ruby-power_assert/usr/lib/ruby/gems/3.3.0/gems/power_assert-2.0.5/lib/power_assert/enable_tracepoint_events.rb
/home/packager/aports/main/ruby-power_assert/pkg/ruby-power_assert/usr/lib/ruby/gems/3.3.0/gems/power_assert-2.0.5/lib/power_assert/inspector.rb
/home/packager/aports/main/ruby-power_assert/pkg/ruby-power_assert/usr/lib/ruby/gems/3.3.0/gems/power_assert-2.0.5/lib/power_assert/parser.rb
/home/packager/aports/main/ruby-power_assert/pkg/ruby-power_assert/usr/lib/ruby/gems/3.3.0/gems/power_assert-2.0.5/lib/power_assert/version.rb
Successfully installed power_assert-2.0.5
Parsing documentation for power_assert-2.0.5
Parsing sources...
 11% [ 1/ 9]  README.md
 22% [ 2/ 9]  lib/power_assert.rb
 33% [ 3/ 9]  lib/power_assert/colorize.rb
 44% [ 4/ 9]  lib/power_assert/configuration.rb
 55% [ 5/ 9]  lib/power_assert/context.rb
 66% [ 6/ 9]  lib/power_assert/enable_tracepoint_events.rb
 77% [ 7/ 9]  lib/power_assert/inspector.rb
 88% [ 8/ 9]  lib/power_assert/parser.rb
100% [ 9/ 9]  lib/power_assert/version.rb

Installing ri documentation for power_assert-2.0.5
Done installing documentation for power_assert after 0 seconds
1 gem installed
>>> ruby-power_assert-doc*: Running split function doc...
renamed 'usr/lib/ruby/gems/3.3.0/doc' -> '/home/packager/aports/main/ruby-power_assert/pkg/ruby-power_assert-doc/usr/lib/ruby/gems/3.3.0/doc'
>>> ruby-power_assert-doc*: Preparing subpackage ruby-power_assert-doc...
>>> ruby-power_assert-doc*: Running postcheck for ruby-power_assert-doc
>>> ruby-power_assert*: Running postcheck for ruby-power_assert
>>> ruby-power_assert*: Preparing package ruby-power_assert...
>>> ruby-power_assert-doc*: Tracing dependencies...
	ruby
>>> ruby-power_assert-doc*: Package size: 28.7 KB
>>> ruby-power_assert-doc*: Compressing data...
>>> ruby-power_assert-doc*: Create checksum...
libfakeroot internal error: payload not recognized!
pigz: not found
>>> ruby-power_assert-doc*: Create ruby-power_assert-doc-2.0.5-r0.apk
>>> ruby-power_assert*: Tracing dependencies...
	ruby
>>> ruby-power_assert*: Package size: 25.9 KB
>>> ruby-power_assert*: Compressing data...
>>> ruby-power_assert*: Create checksum...
pigz: not found
>>> ruby-power_assert*: Create ruby-power_assert-2.0.5-r0.apk
>>> ruby-power_assert: Build complete at Thu, 22 May 2025 23:16:14 +0000 elapsed time 0h 0m 9s
>>> ruby-power_assert: Cleaning up srcdir
>>> ruby-power_assert: Cleaning up pkgdir
>>> ruby-power_assert: Uninstalling dependencies...
(1/8) Purging .makedepends-ruby-power_assert (20250522.231607)
(2/8) Purging ruby-rdoc (3.3.8-r0)
(3/8) Purging ruby (3.3.8-r0)
(4/8) Purging ca-certificates (20241121-r2)
Executing ca-certificates-20241121-r2.post-deinstall
(5/8) Purging libucontext (1.3.2-r0)
(6/8) Purging ruby-libs (3.3.8-r0)
(7/8) Purging yaml (0.2.5-r2)
(8/8) Purging libffi (3.4.7-r0)
Executing busybox-1.37.0-r12.trigger
OK: 313 MiB in 114 packages
>>> ruby-power_assert: Updating the main/x86_64 repository index...
>>> ruby-power_assert: Signing the index...
pigz: not found
