pigz: not found
>>> xtrans: Building main/xtrans 1.5.2-r0 (using abuild 3.14.1-r4) started Fri, 23 May 2025 06:44:50 +0000
>>> xtrans: Validating /home/packager/aports/main/xtrans/APKBUILD...
>>> xtrans: Analyzing dependencies...
>>> xtrans: Installing for build: build-base util-macros xmlto
(1/14) Installing util-macros (1.20.1-r0)
(2/14) Installing libgcrypt (1.10.3-r1)
(3/14) Installing xz-libs (5.6.3-r1)
(4/14) Installing libxml2 (2.13.4-r6)
(5/14) Installing libxslt (1.1.42-r2)
(6/14) Installing perl-yaml-syck (1.34-r5)
(7/14) Installing perl-test-pod (1.52-r4)
(8/14) Installing libxml2-utils (2.13.4-r6)
(9/14) Installing docbook-xml (4.5-r10)
Executing docbook-xml-4.5-r10.post-install
(10/14) Installing docbook-xsl-ns (1.79.2-r11)
Executing docbook-xsl-ns-1.79.2-r11.post-install
(11/14) Installing docbook-xsl-nons (1.79.2-r11)
Executing docbook-xsl-nons-1.79.2-r11.post-install
(12/14) Installing docbook-xsl (1.79.2-r11)
(13/14) Installing xmlto (0.0.29-r0)
(14/14) Installing .makedepends-xtrans (20250523.064453)
Executing busybox-1.37.0-r12.trigger
OK: 344 MiB in 123 packages
>>> xtrans: Cleaning up srcdir
>>> xtrans: Cleaning up pkgdir
>>> xtrans: Cleaning up tmpdir
>>> xtrans: Fetching https://www.x.org/releases/individual/lib/xtrans-1.5.2.tar.xz
Connecting to www.x.org (131.252.210.176:443)
saving to '/var/cache/distfiles/xtrans-1.5.2.tar.xz.part'
xtrans-1.5.2.tar.xz.  22% |*******                         | 39948  0:00:03 ETA
xtrans-1.5.2.tar.xz. 100% |********************************|  172k  0:00:00 ETA
'/var/cache/distfiles/xtrans-1.5.2.tar.xz.part' saved
>>> xtrans: Fetching https://www.x.org/releases/individual/lib/xtrans-1.5.2.tar.xz
>>> xtrans: Checking sha512sums...
xtrans-1.5.2.tar.xz: OK
>>> xtrans: Unpacking /var/cache/distfiles/xtrans-1.5.2.tar.xz...
checking for a BSD-compatible install... /usr/bin/install -c
checking whether sleep supports fractional seconds... yes
checking filesystem timestamp resolution... 0.01
checking whether build environment is sane... yes
checking for a race-free mkdir -p... /bin/mkdir -p
checking for gawk... no
checking for mawk... no
checking for nawk... no
checking for awk... awk
checking whether make sets $(MAKE)... yes
checking whether make supports nested variables... yes
checking xargs -n works... yes
checking whether make supports the include directive... yes (GNU style)
checking for x86_64-alpine-linux-musl-gcc... gcc
checking whether the C compiler works... yes
checking for C compiler default output file name... a.out
checking for suffix of executables... 
checking whether we are cross compiling... no
checking for suffix of object files... o
checking whether the compiler supports GNU C... yes
checking whether gcc accepts -g... yes
checking for gcc option to enable C11 features... none needed
checking whether gcc understands -c and -o together... yes
checking dependency style of gcc... none
checking for gcc options needed to detect all undeclared functions... none needed
checking for stdio.h... yes
checking for stdlib.h... yes
checking for string.h... yes
checking for inttypes.h... yes
checking for stdint.h... yes
checking for strings.h... yes
checking for sys/stat.h... yes
checking for sys/types.h... yes
checking for unistd.h... yes
checking whether __clang__ is declared... no
checking whether __INTEL_COMPILER is declared... no
checking whether __SUNPRO_C is declared... no
checking for x86_64-alpine-linux-musl-pkg-config... no
checking for pkg-config... /usr/bin/pkg-config
checking pkg-config is at least version 0.9.0... yes
checking build system type... x86_64-alpine-linux-musl
checking host system type... x86_64-alpine-linux-musl
checking for a sed that does not truncate output... /bin/sed
checking if gcc supports -Werror=unknown-warning-option... no
checking if gcc supports -Werror=unused-command-line-argument... no
checking if gcc supports -Wall... yes
checking if gcc supports -Wpointer-arith... yes
checking if gcc supports -Wmissing-declarations... yes
checking if gcc supports -Wformat=2... yes
checking if gcc supports -Wstrict-prototypes... yes
checking if gcc supports -Wmissing-prototypes... yes
checking if gcc supports -Wnested-externs... yes
checking if gcc supports -Wbad-function-cast... yes
checking if gcc supports -Wold-style-definition... yes
checking if gcc supports -Wunused... yes
checking if gcc supports -Wuninitialized... yes
checking if gcc supports -Wshadow... yes
checking if gcc supports -Wmissing-noreturn... yes
checking if gcc supports -Wmissing-format-attribute... yes
checking if gcc supports -Wredundant-decls... yes
checking if gcc supports -Wlogical-op... yes
checking if gcc supports -Werror=implicit... yes
checking if gcc supports -Werror=nonnull... yes
checking if gcc supports -Werror=init-self... yes
checking if gcc supports -Werror=main... yes
checking if gcc supports -Werror=missing-braces... yes
checking if gcc supports -Werror=sequence-point... yes
checking if gcc supports -Werror=return-type... yes
checking if gcc supports -Werror=trigraphs... yes
checking if gcc supports -Werror=array-bounds... yes
checking if gcc supports -Werror=write-strings... yes
checking if gcc supports -Werror=address... yes
checking if gcc supports -Werror=int-to-pointer-cast... yes
checking if gcc supports -Werror=pointer-to-int-cast... yes
checking if gcc supports -pedantic... yes
checking if gcc supports -Werror... yes
checking if gcc supports -Werror=attributes... yes
checking whether to build documentation... yes
checking for xmlto... /usr/bin/xmlto
checking the xmlto version... 0.0.29
configure: WARNING: xmlto cannot generate text format, this format skipped
checking for fop... no
configure: WARNING: fop not found - documentation targets will be skipped
checking for xsltproc... /usr/bin/xsltproc
checking for X.Org SGML entities >= 1.8... no
checking for fchown... yes
checking that generated files are newer than configure... done
configure: creating ./config.status
config.status: creating Makefile
config.status: creating doc/Makefile
config.status: creating xtrans.pc
config.status: executing depfiles commands
Making all in doc
make[1]: Entering directory '/home/packager/aports/main/xtrans/src/xtrans-1.5.2/doc'
make[1]: Nothing to be done for 'all'.
make[1]: Leaving directory '/home/packager/aports/main/xtrans/src/xtrans-1.5.2/doc'
make[1]: Entering directory '/home/packager/aports/main/xtrans/src/xtrans-1.5.2'
make[1]: Nothing to be done for 'all-am'.
make[1]: Leaving directory '/home/packager/aports/main/xtrans/src/xtrans-1.5.2'
Making check in doc
make[1]: Entering directory '/home/packager/aports/main/xtrans/src/xtrans-1.5.2/doc'
make[1]: Nothing to be done for 'check'.
make[1]: Leaving directory '/home/packager/aports/main/xtrans/src/xtrans-1.5.2/doc'
make[1]: Entering directory '/home/packager/aports/main/xtrans/src/xtrans-1.5.2'
make[1]: Nothing to be done for 'check-am'.
make[1]: Leaving directory '/home/packager/aports/main/xtrans/src/xtrans-1.5.2'
>>> xtrans: Entering fakeroot...
Making install in doc
make[1]: Entering directory '/home/packager/aports/main/xtrans/src/xtrans-1.5.2/doc'
make[2]: Entering directory '/home/packager/aports/main/xtrans/src/xtrans-1.5.2/doc'
make[2]: Nothing to be done for 'install-exec-am'.
 /bin/mkdir -p '/home/packager/aports/main/xtrans/pkg/xtrans/usr/share/doc/xtrans'
 /usr/bin/install -c -m 644 xtrans.xml '/home/packager/aports/main/xtrans/pkg/xtrans/usr/share/doc/xtrans'
 /bin/mkdir -p '/home/packager/aports/main/xtrans/pkg/xtrans/usr/share/doc/xtrans'
make[2]: Leaving directory '/home/packager/aports/main/xtrans/src/xtrans-1.5.2/doc'
make[1]: Leaving directory '/home/packager/aports/main/xtrans/src/xtrans-1.5.2/doc'
make[1]: Entering directory '/home/packager/aports/main/xtrans/src/xtrans-1.5.2'
make[2]: Entering directory '/home/packager/aports/main/xtrans/src/xtrans-1.5.2'
make[2]: Nothing to be done for 'install-exec-am'.
 /bin/mkdir -p '/home/packager/aports/main/xtrans/pkg/xtrans/usr/include/X11/Xtrans'
 /bin/mkdir -p '/home/packager/aports/main/xtrans/pkg/xtrans/usr/share/aclocal'
 /bin/mkdir -p '/home/packager/aports/main/xtrans/pkg/xtrans/usr/share/pkgconfig'
 /usr/bin/install -c -m 644 xtrans.pc '/home/packager/aports/main/xtrans/pkg/xtrans/usr/share/pkgconfig'
 /usr/bin/install -c -m 644 xtrans.m4 '/home/packager/aports/main/xtrans/pkg/xtrans/usr/share/aclocal'
 /usr/bin/install -c -m 644 Xtrans.h Xtrans.c Xtransint.h Xtranslcl.c Xtranssock.c Xtransutil.c transport.c '/home/packager/aports/main/xtrans/pkg/xtrans/usr/include/X11/Xtrans'
make[2]: Leaving directory '/home/packager/aports/main/xtrans/src/xtrans-1.5.2'
make[1]: Leaving directory '/home/packager/aports/main/xtrans/src/xtrans-1.5.2'
>>> xtrans*: Running postcheck for xtrans
>>> WARNING: xtrans*: Found /usr/share/doc but package name doesn't end with -doc
>>> xtrans*: Preparing package xtrans...
>>> xtrans*: Tracing dependencies...
	pkgconfig
>>> xtrans*: Package size: 209.3 KB
>>> xtrans*: Compressing data...
>>> xtrans*: Create checksum...
pigz: not found
>>> xtrans*: Create xtrans-1.5.2-r0.apk
>>> xtrans: Build complete at Fri, 23 May 2025 06:45:07 +0000 elapsed time 0h 0m 17s
>>> xtrans: Cleaning up srcdir
>>> xtrans: Cleaning up pkgdir
>>> xtrans: Uninstalling dependencies...
(1/14) Purging .makedepends-xtrans (20250523.064453)
(2/14) Purging util-macros (1.20.1-r0)
(3/14) Purging xmlto (0.0.29-r0)
(4/14) Purging perl-yaml-syck (1.34-r5)
(5/14) Purging perl-test-pod (1.52-r4)
(6/14) Purging docbook-xsl (1.79.2-r11)
(7/14) Purging docbook-xsl-ns (1.79.2-r11)
Executing docbook-xsl-ns-1.79.2-r11.pre-deinstall
(8/14) Purging docbook-xsl-nons (1.79.2-r11)
Executing docbook-xsl-nons-1.79.2-r11.pre-deinstall
(9/14) Purging docbook-xml (4.5-r10)
Executing docbook-xml-4.5-r10.pre-deinstall
(10/14) Purging libxml2-utils (2.13.4-r6)
(11/14) Purging libxslt (1.1.42-r2)
(12/14) Purging libgcrypt (1.10.3-r1)
(13/14) Purging libxml2 (2.13.4-r6)
(14/14) Purging xz-libs (5.6.3-r1)
Executing busybox-1.37.0-r12.trigger
OK: 313 MiB in 109 packages
>>> xtrans: Updating the main/x86_64 repository index...
>>> xtrans: Signing the index...
pigz: not found
