>>> setup-box: Validating /home/packager/oily-pine/main/setup-box/APKBUILD...
>>> setup-box: Cleaning up srcdir
>>> setup-box: Cleaning up pkgdir
>>> setup-box: Cleaning up tmpdir
>>> setup-box: Fetching https://dev.alpinelinux.org/archive/setup-box/setup-box-1.0.1.tar.bz2
  % Total    % Received % Xferd  Average Speed   Time    Time     Time  Current
                                 Dload  Upload   Total   Spent    Left  Speed
  0     0    0     0    0     0      0      0 --:--:-- --:--:-- --:--:--     0100  8360  100  8360    0     0  34987      0 --:--:-- --:--:-- --:--:-- 35126
>>> setup-box: Fetching https://dev.alpinelinux.org/archive/setup-box/setup-box-1.0.1.tar.bz2
>>> setup-box: Checking sha512sums...
setup-box-1.0.1.tar.bz2: OK
>>> setup-box: Preparing build chroot...
fetch http://dl-cdn.alpinelinux.org/alpine/edge/main/x86_64/APKINDEX.tar.gz
(1/70) Installing musl (1.2.5-r10)
(2/70) Installing libcrypto3 (3.5.0-r0)
(3/70) Installing ca-certificates-bundle (20241121-r2)
(4/70) Installing libssl3 (3.5.0-r0)
(5/70) Installing zlib (1.3.1-r2)
(6/70) Installing libapk2 (2.14.9-r2)
(7/70) Installing apk-tools (2.14.9-r2)
(8/70) Installing libcap2 (2.76-r0)
(9/70) Installing libcap-getcap (2.76-r0)
(10/70) Installing fakeroot (1.37.1.1-r0)
(11/70) Installing scanelf (1.3.8-r1)
(12/70) Installing musl-utils (1.2.5-r10)
(13/70) Installing libgcc (14.3.0-r1)
(14/70) Installing libstdc++ (14.3.0-r1)
(15/70) Installing lzip (1.25-r0)
(16/70) Installing openssl (3.5.0-r0)
(17/70) Installing patch (2.8-r0)
(18/70) Installing pkgconf (2.4.3-r0)
(19/70) Installing acl-libs (2.3.2-r1)
(20/70) Installing tar (1.35-r3)
(21/70) Installing busybox (1.37.0-r18)
Executing busybox-1.37.0-r18.post-install
(22/70) Installing ssl_client (1.37.0-r18)
(23/70) Installing busybox-binsh (1.37.0-r18)
(24/70) Installing abuild (3.15.0-r0)
Executing abuild-3.15.0-r0.pre-install
(25/70) Installing abuild-sudo (3.15.0-r0)
(26/70) Installing alpine-baselayout-data (3.7.0-r0)
(27/70) Installing alpine-baselayout (3.7.0-r0)
Executing alpine-baselayout-3.7.0-r0.pre-install
Executing alpine-baselayout-3.7.0-r0.post-install
(28/70) Installing bridge (1.5-r5)
(29/70) Installing ifupdown-ng (0.12.1-r7)
(30/70) Installing openrc-user (0.62.2-r2)
(31/70) Installing openrc (0.62.2-r2)
Executing openrc-0.62.2-r2.post-install
(32/70) Installing mdev-conf (4.8-r0)
(33/70) Installing busybox-mdev-openrc (1.37.0-r18)
(34/70) Installing alpine-conf (3.20.0-r0)
(35/70) Installing alpine-keys (2.5-r0)
(36/70) Installing alpine-release (3.22.0-r0)
(37/70) Installing busybox-openrc (1.37.0-r18)
(38/70) Installing busybox-suid (1.37.0-r18)
(39/70) Installing alpine-base (3.22.0-r0)
(40/70) Installing jansson (2.14.1-r0)
(41/70) Installing zstd-libs (1.5.7-r0)
(42/70) Installing binutils (2.44-r0)
(43/70) Installing libmagic (5.46-r2)
(44/70) Installing file (5.46-r2)
(45/70) Installing libgomp (14.3.0-r1)
(46/70) Installing libatomic (14.3.0-r1)
(47/70) Installing gmp (6.3.0-r3)
(48/70) Installing isl26 (0.26-r1)
(49/70) Installing mpfr4 (4.2.1_p1-r0)
(50/70) Installing mpc1 (1.3.1-r1)
(51/70) Installing gcc (14.3.0-r1)
(52/70) Installing libstdc++-dev (14.3.0-r1)
(53/70) Installing musl-dev (1.2.5-r10)
(54/70) Installing g++ (14.3.0-r1)
(55/70) Installing make (4.4.1-r3)
(56/70) Installing fortify-headers (1.1-r5)
(57/70) Installing build-base (0.5-r3)
(58/70) Installing brotli-libs (1.1.0-r2)
(59/70) Installing c-ares (1.34.5-r0)
(60/70) Installing libunistring (1.3-r0)
(61/70) Installing libidn2 (2.3.7-r0)
(62/70) Installing nghttp2-libs (1.65.0-r0)
(63/70) Installing libpsl (0.21.5-r3)
(64/70) Installing libcurl (8.14.0-r2)
(65/70) Installing libexpat (2.7.1-r0)
(66/70) Installing pcre2 (10.43-r1)
(67/70) Installing git (2.49.0-r0)
(68/70) Installing git-init-template (2.49.0-r0)
(69/70) Installing oniguruma (6.9.10-r0)
(70/70) Installing jq (1.7.1-r0)
Executing busybox-1.37.0-r18.trigger
OK: 261 MiB in 70 packages
>>> setup-box: Fetching https://dev.alpinelinux.org/archive/setup-box/setup-box-1.0.1.tar.bz2
>>> setup-box: Checking sha512sums...
setup-box-1.0.1.tar.bz2: OK
>>> setup-box: Unpacking /var/cache/distfiles/setup-box-1.0.1.tar.bz2...
>>> setup-box: Entering fakeroot...
>>> setup-box-doc*: Running split function doc...
'usr/share/man' -> '/tmp/pkg/setup-box-doc/usr/share/man'
>>> setup-box-doc*: Preparing subpackage setup-box-doc...
>>> setup-box-doc*: Running postcheck for setup-box-doc
>>> setup-box*: Running postcheck for setup-box
>>> WARNING: setup-box*: Packages must not put anything under /sbin, use /usr/bin instead
>>> setup-box*: Preparing package setup-box...
>>> setup-box-doc*: Tracing dependencies...
>>> setup-box-doc*: Package size: 858.0 B
>>> setup-box-doc*: Compressing data...
>>> setup-box-doc*: Create checksum...
>>> setup-box-doc*: Create setup-box-doc-1.0.1-r2.apk
>>> setup-box*: Tracing dependencies...
	jq
>>> setup-box*: Package size: 15.7 KB
>>> setup-box*: Compressing data...
>>> setup-box*: Create checksum...
>>> setup-box*: Create setup-box-1.0.1-r2.apk
>>> setup-box: Updating the main/x86_64 repository index...
>>> setup-box: Signing the index...
>>> setup-box: Cleaning up srcdir
>>> setup-box: Cleaning up build chroot
>>> setup-box: Cleaning up pkgdir
