>>> haserl: Validating /home/packager/oily-pine/main/haserl/APKBUILD...
>>> haserl: Cleaning up srcdir
>>> haserl: Cleaning up pkgdir
>>> haserl: Cleaning up tmpdir
>>> haserl: Fetching https://downloads.sourceforge.net/haserl/haserl-0.9.36.tar.gz
  % Total    % Received % Xferd  Average Speed   Time    Time     Time  Current
                                 Dload  Upload   Total   Spent    Left  Speed
  0     0    0     0    0     0      0      0 --:--:-- --:--:-- --:--:--     0100   376  100   376    0     0   1438      0 --:--:-- --:--:-- --:--:--  1440
100   367  100   367    0     0    806      0 --:--:-- --:--:-- --:--:--   806100   367  100   367    0     0    806      0 --:--:-- --:--:-- --:--:--     0
  0     0    0     0    0     0      0      0 --:--:--  0:00:01 --:--:--     0100  150k  100  150k    0     0  97784      0  0:00:01  0:00:01 --:--:--  789k
>>> haserl: Fetching https://downloads.sourceforge.net/haserl/haserl-0.9.36.tar.gz
>>> haserl: Checking sha512sums...
haserl-0.9.36.tar.gz: OK
>>> haserl: Preparing build chroot...
fetch http://dl-cdn.alpinelinux.org/alpine/edge/main/x86_64/APKINDEX.tar.gz
(1/92) Installing musl (1.2.5-r10)
(2/92) Installing libcrypto3 (3.5.0-r0)
(3/92) Installing ca-certificates-bundle (20241121-r2)
(4/92) Installing libssl3 (3.5.0-r0)
(5/92) Installing zlib (1.3.1-r2)
(6/92) Installing libapk2 (2.14.9-r2)
(7/92) Installing apk-tools (2.14.9-r2)
(8/92) Installing libcap2 (2.76-r0)
(9/92) Installing libcap-getcap (2.76-r0)
(10/92) Installing fakeroot (1.37.1.1-r0)
(11/92) Installing scanelf (1.3.8-r1)
(12/92) Installing musl-utils (1.2.5-r10)
(13/92) Installing libgcc (14.3.0-r0)
(14/92) Installing libstdc++ (14.3.0-r0)
(15/92) Installing lzip (1.25-r0)
(16/92) Installing openssl (3.5.0-r0)
(17/92) Installing patch (2.8-r0)
(18/92) Installing pkgconf (2.4.3-r0)
(19/92) Installing acl-libs (2.3.2-r1)
(20/92) Installing tar (1.35-r3)
(21/92) Installing busybox (1.37.0-r18)
Executing busybox-1.37.0-r18.post-install
(22/92) Installing ssl_client (1.37.0-r18)
(23/92) Installing busybox-binsh (1.37.0-r18)
(24/92) Installing abuild (3.15.0-r0)
Executing abuild-3.15.0-r0.pre-install
(25/92) Installing abuild-sudo (3.15.0-r0)
(26/92) Installing alpine-baselayout-data (3.7.0-r0)
(27/92) Installing alpine-baselayout (3.7.0-r0)
Executing alpine-baselayout-3.7.0-r0.pre-install
Executing alpine-baselayout-3.7.0-r0.post-install
(28/92) Installing bridge (1.5-r5)
(29/92) Installing ifupdown-ng (0.12.1-r7)
(30/92) Installing openrc-user (0.62.2-r2)
(31/92) Installing openrc (0.62.2-r2)
Executing openrc-0.62.2-r2.post-install
(32/92) Installing mdev-conf (4.8-r0)
(33/92) Installing busybox-mdev-openrc (1.37.0-r18)
(34/92) Installing alpine-conf (3.20.0-r0)
(35/92) Installing alpine-keys (2.5-r0)
(36/92) Installing alpine-release (3.22.0-r0)
(37/92) Installing busybox-openrc (1.37.0-r18)
(38/92) Installing busybox-suid (1.37.0-r18)
(39/92) Installing alpine-base (3.22.0-r0)
(40/92) Installing m4 (1.4.20-r0)
(41/92) Installing libbz2 (1.0.8-r6)
(42/92) Installing perl (5.40.2-r0)
(43/92) Installing autoconf (2.72-r1)
(44/92) Installing automake (1.18-r0)
(45/92) Installing jansson (2.14.1-r0)
(46/92) Installing zstd-libs (1.5.7-r0)
(47/92) Installing binutils (2.44-r0)
(48/92) Installing libmagic (5.46-r2)
(49/92) Installing file (5.46-r2)
(50/92) Installing libgomp (14.3.0-r0)
(51/92) Installing libatomic (14.3.0-r0)
(52/92) Installing gmp (6.3.0-r3)
(53/92) Installing isl26 (0.26-r1)
(54/92) Installing mpfr4 (4.2.1_p1-r0)
(55/92) Installing mpc1 (1.3.1-r1)
(56/92) Installing gcc (14.3.0-r0)
(57/92) Installing libstdc++-dev (14.3.0-r0)
(58/92) Installing musl-dev (1.2.5-r10)
(59/92) Installing g++ (14.3.0-r0)
(60/92) Installing make (4.4.1-r3)
(61/92) Installing fortify-headers (1.1-r5)
(62/92) Installing build-base (0.5-r3)
(63/92) Installing brotli-libs (1.1.0-r2)
(64/92) Installing c-ares (1.34.5-r0)
(65/92) Installing libunistring (1.3-r0)
(66/92) Installing libidn2 (2.3.7-r0)
(67/92) Installing nghttp2-libs (1.65.0-r0)
(68/92) Installing libpsl (0.21.5-r3)
(69/92) Installing libcurl (8.14.0-r2)
(70/92) Installing libexpat (2.7.1-r0)
(71/92) Installing pcre2 (10.43-r1)
(72/92) Installing git (2.49.0-r0)
(73/92) Installing git-init-template (2.49.0-r0)
(74/92) Installing perl-error (0.17030-r0)
(75/92) Installing perl-git (2.49.0-r0)
(76/92) Installing git-perl (2.49.0-r0)
(77/92) Installing lua5.1-libs (5.1.5-r13)
(78/92) Installing lua5.1 (5.1.5-r13)
(79/92) Installing lua5.1-dev (5.1.5-r13)
(80/92) Installing lua5.2-libs (5.2.4-r13)
(81/92) Installing lua5.2 (5.2.4-r13)
(82/92) Installing lua5.2-dev (5.2.4-r13)
(83/92) Installing linenoise (1.0-r5)
(84/92) Installing lua5.3-libs (5.3.6-r6)
(85/92) Installing lua5.3 (5.3.6-r6)
(86/92) Installing lua5.3-dev (5.3.6-r6)
(87/92) Installing lua5.4-libs (5.4.7-r0)
(88/92) Installing ncurses-terminfo-base (6.5_p20250503-r0)
(89/92) Installing libncursesw (6.5_p20250503-r0)
(90/92) Installing readline (8.2.13-r1)
(91/92) Installing lua5.4 (5.4.7-r0)
(92/92) Installing lua5.4-dev (5.4.7-r0)
Executing busybox-1.37.0-r18.trigger
OK: 307 MiB in 92 packages
>>> haserl: Fetching https://downloads.sourceforge.net/haserl/haserl-0.9.36.tar.gz
>>> haserl: Checking sha512sums...
haserl-0.9.36.tar.gz: OK
>>> haserl: Unpacking /var/cache/distfiles/haserl-0.9.36.tar.gz...
configure.ac:27: warning: The macro 'AC_HEADER_STDC' is obsolete.
configure.ac:27: You should run autoupdate.
./lib/autoconf/headers.m4:663: AC_HEADER_STDC is expanded from...
configure.ac:27: the top level
checking for a BSD-compatible install... /usr/bin/install -c
checking whether sleep supports fractional seconds... yes
checking filesystem timestamp resolution... 2
checking whether build environment is sane... yes
checking for a race-free mkdir -p... /bin/mkdir -p
checking for gawk... no
checking for mawk... no
checking for nawk... no
checking for awk... awk
checking whether make sets $(MAKE)... yes
checking whether make supports nested variables... yes
checking xargs -n works... yes
checking whether UID '1000' is supported by ustar format... yes
checking whether GID '1000' is supported by ustar format... yes
checking how to create a ustar tar archive... gnutar
checking for x86_64-alpine-linux-musl-gcc... cc
checking whether the C compiler works... yes
checking for C compiler default output file name... a.out
checking for suffix of executables... 
checking whether we are cross compiling... no
checking for suffix of object files... o
checking whether the compiler supports GNU C... yes
checking whether cc accepts -g... yes
checking for cc option to enable C11 features... none needed
checking whether cc understands -c and -o together... yes
checking whether make supports the include directive... yes (GNU style)
checking dependency style of cc... gcc3
checking whether ln -s works... yes
checking for stdio.h... yes
checking for stdlib.h... yes
checking for string.h... yes
checking for inttypes.h... yes
checking for stdint.h... yes
checking for strings.h... yes
checking for sys/stat.h... yes
checking for sys/types.h... yes
checking for unistd.h... yes
checking for grep that handles long lines and -e... /bin/grep
checking for egrep... /bin/grep -E
checking for stdlib.h... (cached) yes
checking for string.h... (cached) yes
checking for unistd.h... (cached) yes
checking for signal.h... yes
checking for an ANSI C-conforming const... yes
checking for size_t... yes
checking for working memcmp... yes
checking for memset... yes
checking for putenv... yes
checking for strcasecmp... yes
checking for strdup... yes
checking for strncasecmp... yes
checking for strstr... yes
checking for x86_64-alpine-linux-musl-pkg-config... no
checking for pkg-config... /usr/bin/pkg-config
checking pkg-config is at least version 0.9.0... yes
checking for lua5.4... yes
checking that generated files are newer than configure... done
configure: creating ./config.status
config.status: creating Makefile
config.status: creating src/Makefile
config.status: creating doc/Makefile
config.status: creating src/config.h
config.status: executing depfiles commands

** Configuration summary for haserl 0.9.36:

	Building haserl with with lua enabled
	Building haserl with with bash-extensions disabled
	libs: 

Making all in src
make[1]: Entering directory '/tmp/src/build-5.4/src'
make  all-am
make[2]: Entering directory '/tmp/src/build-5.4/src'
cc -DHAVE_CONFIG_H -I.    -I/usr/include/lua5.4 -Os -fstack-clash-protection -Wformat -Werror=format-security -fno-plt -Wall -MT haserl-common.o -MD -MP -MF .deps/haserl-common.Tpo -c -o haserl-common.o `test -f 'common.c' || echo './'`common.c
cc -DHAVE_CONFIG_H -I.    -I/usr/include/lua5.4 -Os -fstack-clash-protection -Wformat -Werror=format-security -fno-plt -Wall -MT haserl-sliding_buffer.o -MD -MP -MF .deps/haserl-sliding_buffer.Tpo -c -o haserl-sliding_buffer.o `test -f 'sliding_buffer.c' || echo './'`sliding_buffer.c
cc -DHAVE_CONFIG_H -I.    -I/usr/include/lua5.4 -Os -fstack-clash-protection -Wformat -Werror=format-security -fno-plt -Wall -MT haserl-h_error.o -MD -MP -MF .deps/haserl-h_error.Tpo -c -o haserl-h_error.o `test -f 'h_error.c' || echo './'`h_error.c
cc -DHAVE_CONFIG_H -I.    -I/usr/include/lua5.4 -Os -fstack-clash-protection -Wformat -Werror=format-security -fno-plt -Wall -MT haserl-h_script.o -MD -MP -MF .deps/haserl-h_script.Tpo -c -o haserl-h_script.o `test -f 'h_script.c' || echo './'`h_script.c
cc -DHAVE_CONFIG_H -I.    -I/usr/include/lua5.4 -Os -fstack-clash-protection -Wformat -Werror=format-security -fno-plt -Wall -MT haserl-rfc2388.o -MD -MP -MF .deps/haserl-rfc2388.Tpo -c -o haserl-rfc2388.o `test -f 'rfc2388.c' || echo './'`rfc2388.c
cc -DHAVE_CONFIG_H -I.    -I/usr/include/lua5.4 -Os -fstack-clash-protection -Wformat -Werror=format-security -fno-plt -Wall -MT haserl-h_bash.o -MD -MP -MF .deps/haserl-h_bash.Tpo -c -o haserl-h_bash.o `test -f 'h_bash.c' || echo './'`h_bash.c
cc -Os -fstack-clash-protection -Wformat -Werror=format-security -fno-plt -Wall -I/usr/include/lua5.4 -Wl,--as-needed,-O1,--sort-common -Wl,-z,pack-relative-relocs -Wl,-E \
	-o lua2c lua2c.c  -L/usr/lib/lua5.4 -llua -lm
cc -DHAVE_CONFIG_H -I.    -I/usr/include/lua5.4 -Os -fstack-clash-protection -Wformat -Werror=format-security -fno-plt -Wall -MT haserl-h_lua.o -MD -MP -MF .deps/haserl-h_lua.Tpo -c -o haserl-h_lua.o `test -f 'h_lua.c' || echo './'`h_lua.c
cc -DHAVE_CONFIG_H -I.    -I/usr/include/lua5.4 -Os -fstack-clash-protection -Wformat -Werror=format-security -fno-plt -Wall -MT haserl-h_luac.o -MD -MP -MF .deps/haserl-h_luac.Tpo -c -o haserl-h_luac.o `test -f 'h_luac.c' || echo './'`h_luac.c
cc -DHAVE_CONFIG_H -I.    -I/usr/include/lua5.4 -Os -fstack-clash-protection -Wformat -Werror=format-security -fno-plt -Wall -MT haserl-haserl.o -MD -MP -MF .deps/haserl-haserl.Tpo -c -o haserl-haserl.o `test -f 'haserl.c' || echo './'`haserl.c
mv -f .deps/haserl-h_error.Tpo .deps/haserl-h_error.Po
mv -f .deps/haserl-h_luac.Tpo .deps/haserl-h_luac.Po
mv -f .deps/haserl-sliding_buffer.Tpo .deps/haserl-sliding_buffer.Po
if ! ./lua2c haserl_lualib haserl_lualib.lua >haserl_lualib.inc; then \
	rm haserl_lualib.inc; \
	exit 1 ;\
fi
cc -DHAVE_CONFIG_H -I.    -I/usr/include/lua5.4 -Os -fstack-clash-protection -Wformat -Werror=format-security -fno-plt -Wall -MT haserl-h_lua_common.o -MD -MP -MF .deps/haserl-h_lua_common.Tpo -c -o haserl-h_lua_common.o `test -f 'h_lua_common.c' || echo './'`h_lua_common.c
mv -f .deps/haserl-h_lua.Tpo .deps/haserl-h_lua.Po
mv -f .deps/haserl-h_bash.Tpo .deps/haserl-h_bash.Po
mv -f .deps/haserl-h_lua_common.Tpo .deps/haserl-h_lua_common.Po
mv -f .deps/haserl-h_script.Tpo .deps/haserl-h_script.Po
mv -f .deps/haserl-common.Tpo .deps/haserl-common.Po
mv -f .deps/haserl-rfc2388.Tpo .deps/haserl-rfc2388.Po
mv -f .deps/haserl-haserl.Tpo .deps/haserl-haserl.Po
cc -I/usr/include/lua5.4 -Os -fstack-clash-protection -Wformat -Werror=format-security -fno-plt -Wall  -Wl,--as-needed,-O1,--sort-common -Wl,-z,pack-relative-relocs -o haserl haserl-common.o haserl-sliding_buffer.o haserl-h_error.o haserl-h_script.o haserl-rfc2388.o haserl-h_bash.o haserl-h_lua_common.o haserl-h_lua.o haserl-h_luac.o haserl-haserl.o  -L/usr/lib/lua5.4 -llua -lm 
make[2]: Leaving directory '/tmp/src/build-5.4/src'
make[1]: Leaving directory '/tmp/src/build-5.4/src'
Making all in doc
make[1]: Entering directory '/tmp/src/build-5.4/doc'
make[1]: Nothing to be done for 'all'.
make[1]: Leaving directory '/tmp/src/build-5.4/doc'
make[1]: Entering directory '/tmp/src/build-5.4'
make[1]: Nothing to be done for 'all-am'.
make[1]: Leaving directory '/tmp/src/build-5.4'
checking for a BSD-compatible install... /usr/bin/install -c
checking whether sleep supports fractional seconds... yes
checking filesystem timestamp resolution... 2
checking whether build environment is sane... yes
checking for a race-free mkdir -p... /bin/mkdir -p
checking for gawk... no
checking for mawk... no
checking for nawk... no
checking for awk... awk
checking whether make sets $(MAKE)... yes
checking whether make supports nested variables... yes
checking xargs -n works... yes
checking whether UID '1000' is supported by ustar format... yes
checking whether GID '1000' is supported by ustar format... yes
checking how to create a ustar tar archive... gnutar
checking for x86_64-alpine-linux-musl-gcc... cc
checking whether the C compiler works... yes
checking for C compiler default output file name... a.out
checking for suffix of executables... 
checking whether we are cross compiling... no
checking for suffix of object files... o
checking whether the compiler supports GNU C... yes
checking whether cc accepts -g... yes
checking for cc option to enable C11 features... none needed
checking whether cc understands -c and -o together... yes
checking whether make supports the include directive... yes (GNU style)
checking dependency style of cc... gcc3
checking whether ln -s works... yes
checking for stdio.h... yes
checking for stdlib.h... yes
checking for string.h... yes
checking for inttypes.h... yes
checking for stdint.h... yes
checking for strings.h... yes
checking for sys/stat.h... yes
checking for sys/types.h... yes
checking for unistd.h... yes
checking for grep that handles long lines and -e... /bin/grep
checking for egrep... /bin/grep -E
checking for stdlib.h... (cached) yes
checking for string.h... (cached) yes
checking for unistd.h... (cached) yes
checking for signal.h... yes
checking for an ANSI C-conforming const... yes
checking for size_t... yes
checking for working memcmp... yes
checking for memset... yes
checking for putenv... yes
checking for strcasecmp... yes
checking for strdup... yes
checking for strncasecmp... yes
checking for strstr... yes
checking for x86_64-alpine-linux-musl-pkg-config... no
checking for pkg-config... /usr/bin/pkg-config
checking pkg-config is at least version 0.9.0... yes
checking for lua5.3... yes
checking that generated files are newer than configure... done
configure: creating ./config.status
config.status: creating Makefile
config.status: creating src/Makefile
config.status: creating doc/Makefile
config.status: creating src/config.h
config.status: executing depfiles commands

** Configuration summary for haserl 0.9.36:

	Building haserl with with lua enabled
	Building haserl with with bash-extensions disabled
	libs: 

Making all in src
make[1]: Entering directory '/tmp/src/build-5.3/src'
make  all-am
make[2]: Entering directory '/tmp/src/build-5.3/src'
cc -DHAVE_CONFIG_H -I.    -I/usr/include/lua5.3 -Os -fstack-clash-protection -Wformat -Werror=format-security -fno-plt -Wall -MT haserl-common.o -MD -MP -MF .deps/haserl-common.Tpo -c -o haserl-common.o `test -f 'common.c' || echo './'`common.c
cc -DHAVE_CONFIG_H -I.    -I/usr/include/lua5.3 -Os -fstack-clash-protection -Wformat -Werror=format-security -fno-plt -Wall -MT haserl-sliding_buffer.o -MD -MP -MF .deps/haserl-sliding_buffer.Tpo -c -o haserl-sliding_buffer.o `test -f 'sliding_buffer.c' || echo './'`sliding_buffer.c
cc -DHAVE_CONFIG_H -I.    -I/usr/include/lua5.3 -Os -fstack-clash-protection -Wformat -Werror=format-security -fno-plt -Wall -MT haserl-h_error.o -MD -MP -MF .deps/haserl-h_error.Tpo -c -o haserl-h_error.o `test -f 'h_error.c' || echo './'`h_error.c
cc -DHAVE_CONFIG_H -I.    -I/usr/include/lua5.3 -Os -fstack-clash-protection -Wformat -Werror=format-security -fno-plt -Wall -MT haserl-h_script.o -MD -MP -MF .deps/haserl-h_script.Tpo -c -o haserl-h_script.o `test -f 'h_script.c' || echo './'`h_script.c
cc -DHAVE_CONFIG_H -I.    -I/usr/include/lua5.3 -Os -fstack-clash-protection -Wformat -Werror=format-security -fno-plt -Wall -MT haserl-rfc2388.o -MD -MP -MF .deps/haserl-rfc2388.Tpo -c -o haserl-rfc2388.o `test -f 'rfc2388.c' || echo './'`rfc2388.c
cc -DHAVE_CONFIG_H -I.    -I/usr/include/lua5.3 -Os -fstack-clash-protection -Wformat -Werror=format-security -fno-plt -Wall -MT haserl-h_bash.o -MD -MP -MF .deps/haserl-h_bash.Tpo -c -o haserl-h_bash.o `test -f 'h_bash.c' || echo './'`h_bash.c
cc -Os -fstack-clash-protection -Wformat -Werror=format-security -fno-plt -Wall -I/usr/include/lua5.3 -Wl,--as-needed,-O1,--sort-common -Wl,-z,pack-relative-relocs -Wl,-E \
	-o lua2c lua2c.c  -L/usr/lib/lua5.3 -llua -lm
cc -DHAVE_CONFIG_H -I.    -I/usr/include/lua5.3 -Os -fstack-clash-protection -Wformat -Werror=format-security -fno-plt -Wall -MT haserl-h_lua.o -MD -MP -MF .deps/haserl-h_lua.Tpo -c -o haserl-h_lua.o `test -f 'h_lua.c' || echo './'`h_lua.c
cc -DHAVE_CONFIG_H -I.    -I/usr/include/lua5.3 -Os -fstack-clash-protection -Wformat -Werror=format-security -fno-plt -Wall -MT haserl-h_luac.o -MD -MP -MF .deps/haserl-h_luac.Tpo -c -o haserl-h_luac.o `test -f 'h_luac.c' || echo './'`h_luac.c
cc -DHAVE_CONFIG_H -I.    -I/usr/include/lua5.3 -Os -fstack-clash-protection -Wformat -Werror=format-security -fno-plt -Wall -MT haserl-haserl.o -MD -MP -MF .deps/haserl-haserl.Tpo -c -o haserl-haserl.o `test -f 'haserl.c' || echo './'`haserl.c
mv -f .deps/haserl-h_luac.Tpo .deps/haserl-h_luac.Po
if ! ./lua2c haserl_lualib haserl_lualib.lua >haserl_lualib.inc; then \
	rm haserl_lualib.inc; \
	exit 1 ;\
fi
mv -f .deps/haserl-sliding_buffer.Tpo .deps/haserl-sliding_buffer.Po
cc -DHAVE_CONFIG_H -I.    -I/usr/include/lua5.3 -Os -fstack-clash-protection -Wformat -Werror=format-security -fno-plt -Wall -MT haserl-h_lua_common.o -MD -MP -MF .deps/haserl-h_lua_common.Tpo -c -o haserl-h_lua_common.o `test -f 'h_lua_common.c' || echo './'`h_lua_common.c
mv -f .deps/haserl-h_error.Tpo .deps/haserl-h_error.Po
mv -f .deps/haserl-h_lua.Tpo .deps/haserl-h_lua.Po
mv -f .deps/haserl-h_bash.Tpo .deps/haserl-h_bash.Po
mv -f .deps/haserl-h_lua_common.Tpo .deps/haserl-h_lua_common.Po
mv -f .deps/haserl-common.Tpo .deps/haserl-common.Po
mv -f .deps/haserl-h_script.Tpo .deps/haserl-h_script.Po
mv -f .deps/haserl-rfc2388.Tpo .deps/haserl-rfc2388.Po
mv -f .deps/haserl-haserl.Tpo .deps/haserl-haserl.Po
cc -I/usr/include/lua5.3 -Os -fstack-clash-protection -Wformat -Werror=format-security -fno-plt -Wall  -Wl,--as-needed,-O1,--sort-common -Wl,-z,pack-relative-relocs -o haserl haserl-common.o haserl-sliding_buffer.o haserl-h_error.o haserl-h_script.o haserl-rfc2388.o haserl-h_bash.o haserl-h_lua_common.o haserl-h_lua.o haserl-h_luac.o haserl-haserl.o  -L/usr/lib/lua5.3 -llua -lm 
make[2]: Leaving directory '/tmp/src/build-5.3/src'
make[1]: Leaving directory '/tmp/src/build-5.3/src'
Making all in doc
make[1]: Entering directory '/tmp/src/build-5.3/doc'
make[1]: Nothing to be done for 'all'.
make[1]: Leaving directory '/tmp/src/build-5.3/doc'
make[1]: Entering directory '/tmp/src/build-5.3'
make[1]: Nothing to be done for 'all-am'.
make[1]: Leaving directory '/tmp/src/build-5.3'
checking for a BSD-compatible install... /usr/bin/install -c
checking whether sleep supports fractional seconds... yes
checking filesystem timestamp resolution... 2
checking whether build environment is sane... yes
checking for a race-free mkdir -p... /bin/mkdir -p
checking for gawk... no
checking for mawk... no
checking for nawk... no
checking for awk... awk
checking whether make sets $(MAKE)... yes
checking whether make supports nested variables... yes
checking xargs -n works... yes
checking whether UID '1000' is supported by ustar format... yes
checking whether GID '1000' is supported by ustar format... yes
checking how to create a ustar tar archive... gnutar
checking for x86_64-alpine-linux-musl-gcc... cc
checking whether the C compiler works... yes
checking for C compiler default output file name... a.out
checking for suffix of executables... 
checking whether we are cross compiling... no
checking for suffix of object files... o
checking whether the compiler supports GNU C... yes
checking whether cc accepts -g... yes
checking for cc option to enable C11 features... none needed
checking whether cc understands -c and -o together... yes
checking whether make supports the include directive... yes (GNU style)
checking dependency style of cc... gcc3
checking whether ln -s works... yes
checking for stdio.h... yes
checking for stdlib.h... yes
checking for string.h... yes
checking for inttypes.h... yes
checking for stdint.h... yes
checking for strings.h... yes
checking for sys/stat.h... yes
checking for sys/types.h... yes
checking for unistd.h... yes
checking for grep that handles long lines and -e... /bin/grep
checking for egrep... /bin/grep -E
checking for stdlib.h... (cached) yes
checking for string.h... (cached) yes
checking for unistd.h... (cached) yes
checking for signal.h... yes
checking for an ANSI C-conforming const... yes
checking for size_t... yes
checking for working memcmp... yes
checking for memset... yes
checking for putenv... yes
checking for strcasecmp... yes
checking for strdup... yes
checking for strncasecmp... yes
checking for strstr... yes
checking for x86_64-alpine-linux-musl-pkg-config... no
checking for pkg-config... /usr/bin/pkg-config
checking pkg-config is at least version 0.9.0... yes
checking for lua5.2... yes
checking that generated files are newer than configure... done
configure: creating ./config.status
config.status: creating Makefile
config.status: creating src/Makefile
config.status: creating doc/Makefile
config.status: creating src/config.h
config.status: executing depfiles commands

** Configuration summary for haserl 0.9.36:

	Building haserl with with lua enabled
	Building haserl with with bash-extensions disabled
	libs: 

Making all in src
make[1]: Entering directory '/tmp/src/build-5.2/src'
make  all-am
make[2]: Entering directory '/tmp/src/build-5.2/src'
cc -DHAVE_CONFIG_H -I.    -I/usr/include/lua5.2 -Os -fstack-clash-protection -Wformat -Werror=format-security -fno-plt -Wall -MT haserl-common.o -MD -MP -MF .deps/haserl-common.Tpo -c -o haserl-common.o `test -f 'common.c' || echo './'`common.c
cc -DHAVE_CONFIG_H -I.    -I/usr/include/lua5.2 -Os -fstack-clash-protection -Wformat -Werror=format-security -fno-plt -Wall -MT haserl-sliding_buffer.o -MD -MP -MF .deps/haserl-sliding_buffer.Tpo -c -o haserl-sliding_buffer.o `test -f 'sliding_buffer.c' || echo './'`sliding_buffer.c
cc -DHAVE_CONFIG_H -I.    -I/usr/include/lua5.2 -Os -fstack-clash-protection -Wformat -Werror=format-security -fno-plt -Wall -MT haserl-h_error.o -MD -MP -MF .deps/haserl-h_error.Tpo -c -o haserl-h_error.o `test -f 'h_error.c' || echo './'`h_error.c
cc -DHAVE_CONFIG_H -I.    -I/usr/include/lua5.2 -Os -fstack-clash-protection -Wformat -Werror=format-security -fno-plt -Wall -MT haserl-h_script.o -MD -MP -MF .deps/haserl-h_script.Tpo -c -o haserl-h_script.o `test -f 'h_script.c' || echo './'`h_script.c
cc -DHAVE_CONFIG_H -I.    -I/usr/include/lua5.2 -Os -fstack-clash-protection -Wformat -Werror=format-security -fno-plt -Wall -MT haserl-rfc2388.o -MD -MP -MF .deps/haserl-rfc2388.Tpo -c -o haserl-rfc2388.o `test -f 'rfc2388.c' || echo './'`rfc2388.c
cc -DHAVE_CONFIG_H -I.    -I/usr/include/lua5.2 -Os -fstack-clash-protection -Wformat -Werror=format-security -fno-plt -Wall -MT haserl-h_bash.o -MD -MP -MF .deps/haserl-h_bash.Tpo -c -o haserl-h_bash.o `test -f 'h_bash.c' || echo './'`h_bash.c
cc -Os -fstack-clash-protection -Wformat -Werror=format-security -fno-plt -Wall -I/usr/include/lua5.2 -Wl,--as-needed,-O1,--sort-common -Wl,-z,pack-relative-relocs -Wl,-E \
	-o lua2c lua2c.c  -L/usr/lib/lua5.2 -llua -lm
cc -DHAVE_CONFIG_H -I.    -I/usr/include/lua5.2 -Os -fstack-clash-protection -Wformat -Werror=format-security -fno-plt -Wall -MT haserl-h_lua.o -MD -MP -MF .deps/haserl-h_lua.Tpo -c -o haserl-h_lua.o `test -f 'h_lua.c' || echo './'`h_lua.c
cc -DHAVE_CONFIG_H -I.    -I/usr/include/lua5.2 -Os -fstack-clash-protection -Wformat -Werror=format-security -fno-plt -Wall -MT haserl-h_luac.o -MD -MP -MF .deps/haserl-h_luac.Tpo -c -o haserl-h_luac.o `test -f 'h_luac.c' || echo './'`h_luac.c
cc -DHAVE_CONFIG_H -I.    -I/usr/include/lua5.2 -Os -fstack-clash-protection -Wformat -Werror=format-security -fno-plt -Wall -MT haserl-haserl.o -MD -MP -MF .deps/haserl-haserl.Tpo -c -o haserl-haserl.o `test -f 'haserl.c' || echo './'`haserl.c
mv -f .deps/haserl-h_luac.Tpo .deps/haserl-h_luac.Po
mv -f .deps/haserl-sliding_buffer.Tpo .deps/haserl-sliding_buffer.Po
mv -f .deps/haserl-h_error.Tpo .deps/haserl-h_error.Po
mv -f .deps/haserl-h_bash.Tpo .deps/haserl-h_bash.Po
if ! ./lua2c haserl_lualib haserl_lualib.lua >haserl_lualib.inc; then \
	rm haserl_lualib.inc; \
	exit 1 ;\
fi
cc -DHAVE_CONFIG_H -I.    -I/usr/include/lua5.2 -Os -fstack-clash-protection -Wformat -Werror=format-security -fno-plt -Wall -MT haserl-h_lua_common.o -MD -MP -MF .deps/haserl-h_lua_common.Tpo -c -o haserl-h_lua_common.o `test -f 'h_lua_common.c' || echo './'`h_lua_common.c
mv -f .deps/haserl-h_lua.Tpo .deps/haserl-h_lua.Po
mv -f .deps/haserl-common.Tpo .deps/haserl-common.Po
mv -f .deps/haserl-h_lua_common.Tpo .deps/haserl-h_lua_common.Po
mv -f .deps/haserl-rfc2388.Tpo .deps/haserl-rfc2388.Po
mv -f .deps/haserl-h_script.Tpo .deps/haserl-h_script.Po
mv -f .deps/haserl-haserl.Tpo .deps/haserl-haserl.Po
cc -I/usr/include/lua5.2 -Os -fstack-clash-protection -Wformat -Werror=format-security -fno-plt -Wall  -Wl,--as-needed,-O1,--sort-common -Wl,-z,pack-relative-relocs -o haserl haserl-common.o haserl-sliding_buffer.o haserl-h_error.o haserl-h_script.o haserl-rfc2388.o haserl-h_bash.o haserl-h_lua_common.o haserl-h_lua.o haserl-h_luac.o haserl-haserl.o  -L/usr/lib/lua5.2 -llua -lm 
make[2]: Leaving directory '/tmp/src/build-5.2/src'
make[1]: Leaving directory '/tmp/src/build-5.2/src'
Making all in doc
make[1]: Entering directory '/tmp/src/build-5.2/doc'
make[1]: Nothing to be done for 'all'.
make[1]: Leaving directory '/tmp/src/build-5.2/doc'
make[1]: Entering directory '/tmp/src/build-5.2'
make[1]: Nothing to be done for 'all-am'.
make[1]: Leaving directory '/tmp/src/build-5.2'
checking for a BSD-compatible install... /usr/bin/install -c
checking whether sleep supports fractional seconds... yes
checking filesystem timestamp resolution... 2
checking whether build environment is sane... yes
checking for a race-free mkdir -p... /bin/mkdir -p
checking for gawk... no
checking for mawk... no
checking for nawk... no
checking for awk... awk
checking whether make sets $(MAKE)... yes
checking whether make supports nested variables... yes
checking xargs -n works... yes
checking whether UID '1000' is supported by ustar format... yes
checking whether GID '1000' is supported by ustar format... yes
checking how to create a ustar tar archive... gnutar
checking for x86_64-alpine-linux-musl-gcc... cc
checking whether the C compiler works... yes
checking for C compiler default output file name... a.out
checking for suffix of executables... 
checking whether we are cross compiling... no
checking for suffix of object files... o
checking whether the compiler supports GNU C... yes
checking whether cc accepts -g... yes
checking for cc option to enable C11 features... none needed
checking whether cc understands -c and -o together... yes
checking whether make supports the include directive... yes (GNU style)
checking dependency style of cc... gcc3
checking whether ln -s works... yes
checking for stdio.h... yes
checking for stdlib.h... yes
checking for string.h... yes
checking for inttypes.h... yes
checking for stdint.h... yes
checking for strings.h... yes
checking for sys/stat.h... yes
checking for sys/types.h... yes
checking for unistd.h... yes
checking for grep that handles long lines and -e... /bin/grep
checking for egrep... /bin/grep -E
checking for stdlib.h... (cached) yes
checking for string.h... (cached) yes
checking for unistd.h... (cached) yes
checking for signal.h... yes
checking for an ANSI C-conforming const... yes
checking for size_t... yes
checking for working memcmp... yes
checking for memset... yes
checking for putenv... yes
checking for strcasecmp... yes
checking for strdup... yes
checking for strncasecmp... yes
checking for strstr... yes
checking for x86_64-alpine-linux-musl-pkg-config... no
checking for pkg-config... /usr/bin/pkg-config
checking pkg-config is at least version 0.9.0... yes
checking for lua5.1... yes
checking that generated files are newer than configure... done
configure: creating ./config.status
config.status: creating Makefile
config.status: creating src/Makefile
config.status: creating doc/Makefile
config.status: creating src/config.h
config.status: executing depfiles commands

** Configuration summary for haserl 0.9.36:

	Building haserl with with lua enabled
	Building haserl with with bash-extensions disabled
	libs: 

Making all in src
make[1]: Entering directory '/tmp/src/build-5.1/src'
make  all-am
make[2]: Entering directory '/tmp/src/build-5.1/src'
cc -DHAVE_CONFIG_H -I.     -Os -fstack-clash-protection -Wformat -Werror=format-security -fno-plt -Wall -MT haserl-common.o -MD -MP -MF .deps/haserl-common.Tpo -c -o haserl-common.o `test -f 'common.c' || echo './'`common.c
cc -DHAVE_CONFIG_H -I.     -Os -fstack-clash-protection -Wformat -Werror=format-security -fno-plt -Wall -MT haserl-sliding_buffer.o -MD -MP -MF .deps/haserl-sliding_buffer.Tpo -c -o haserl-sliding_buffer.o `test -f 'sliding_buffer.c' || echo './'`sliding_buffer.c
cc -DHAVE_CONFIG_H -I.     -Os -fstack-clash-protection -Wformat -Werror=format-security -fno-plt -Wall -MT haserl-h_error.o -MD -MP -MF .deps/haserl-h_error.Tpo -c -o haserl-h_error.o `test -f 'h_error.c' || echo './'`h_error.c
cc -DHAVE_CONFIG_H -I.     -Os -fstack-clash-protection -Wformat -Werror=format-security -fno-plt -Wall -MT haserl-h_script.o -MD -MP -MF .deps/haserl-h_script.Tpo -c -o haserl-h_script.o `test -f 'h_script.c' || echo './'`h_script.c
cc -DHAVE_CONFIG_H -I.     -Os -fstack-clash-protection -Wformat -Werror=format-security -fno-plt -Wall -MT haserl-rfc2388.o -MD -MP -MF .deps/haserl-rfc2388.Tpo -c -o haserl-rfc2388.o `test -f 'rfc2388.c' || echo './'`rfc2388.c
cc -DHAVE_CONFIG_H -I.     -Os -fstack-clash-protection -Wformat -Werror=format-security -fno-plt -Wall -MT haserl-h_bash.o -MD -MP -MF .deps/haserl-h_bash.Tpo -c -o haserl-h_bash.o `test -f 'h_bash.c' || echo './'`h_bash.c
cc -Os -fstack-clash-protection -Wformat -Werror=format-security -fno-plt -Wall  -Wl,--as-needed,-O1,--sort-common -Wl,-z,pack-relative-relocs -Wl,-E \
	-o lua2c lua2c.c  -llua -lm
cc -DHAVE_CONFIG_H -I.     -Os -fstack-clash-protection -Wformat -Werror=format-security -fno-plt -Wall -MT haserl-h_lua.o -MD -MP -MF .deps/haserl-h_lua.Tpo -c -o haserl-h_lua.o `test -f 'h_lua.c' || echo './'`h_lua.c
cc -DHAVE_CONFIG_H -I.     -Os -fstack-clash-protection -Wformat -Werror=format-security -fno-plt -Wall -MT haserl-h_luac.o -MD -MP -MF .deps/haserl-h_luac.Tpo -c -o haserl-h_luac.o `test -f 'h_luac.c' || echo './'`h_luac.c
cc -DHAVE_CONFIG_H -I.     -Os -fstack-clash-protection -Wformat -Werror=format-security -fno-plt -Wall -MT haserl-haserl.o -MD -MP -MF .deps/haserl-haserl.Tpo -c -o haserl-haserl.o `test -f 'haserl.c' || echo './'`haserl.c
mv -f .deps/haserl-h_luac.Tpo .deps/haserl-h_luac.Po
mv -f .deps/haserl-h_error.Tpo .deps/haserl-h_error.Po
if ! ./lua2c haserl_lualib haserl_lualib.lua >haserl_lualib.inc; then \
	rm haserl_lualib.inc; \
	exit 1 ;\
fi
cc -DHAVE_CONFIG_H -I.     -Os -fstack-clash-protection -Wformat -Werror=format-security -fno-plt -Wall -MT haserl-h_lua_common.o -MD -MP -MF .deps/haserl-h_lua_common.Tpo -c -o haserl-h_lua_common.o `test -f 'h_lua_common.c' || echo './'`h_lua_common.c
mv -f .deps/haserl-sliding_buffer.Tpo .deps/haserl-sliding_buffer.Po
mv -f .deps/haserl-common.Tpo .deps/haserl-common.Po
mv -f .deps/haserl-h_lua.Tpo .deps/haserl-h_lua.Po
mv -f .deps/haserl-h_script.Tpo .deps/haserl-h_script.Po
mv -f .deps/haserl-h_bash.Tpo .deps/haserl-h_bash.Po
mv -f .deps/haserl-h_lua_common.Tpo .deps/haserl-h_lua_common.Po
mv -f .deps/haserl-rfc2388.Tpo .deps/haserl-rfc2388.Po
mv -f .deps/haserl-haserl.Tpo .deps/haserl-haserl.Po
cc  -Os -fstack-clash-protection -Wformat -Werror=format-security -fno-plt -Wall  -Wl,--as-needed,-O1,--sort-common -Wl,-z,pack-relative-relocs -o haserl haserl-common.o haserl-sliding_buffer.o haserl-h_error.o haserl-h_script.o haserl-rfc2388.o haserl-h_bash.o haserl-h_lua_common.o haserl-h_lua.o haserl-h_luac.o haserl-haserl.o  -llua -lm 
make[2]: Leaving directory '/tmp/src/build-5.1/src'
make[1]: Leaving directory '/tmp/src/build-5.1/src'
Making all in doc
make[1]: Entering directory '/tmp/src/build-5.1/doc'
make[1]: Nothing to be done for 'all'.
make[1]: Leaving directory '/tmp/src/build-5.1/doc'
make[1]: Entering directory '/tmp/src/build-5.1'
make[1]: Nothing to be done for 'all-am'.
make[1]: Leaving directory '/tmp/src/build-5.1'
>>> haserl: Entering fakeroot...
Making install in src
make[1]: Entering directory '/tmp/src/build-5.4/src'
make[2]: Entering directory '/tmp/src/build-5.4/src'
make[2]: Nothing to be done for 'install-data-am'.
 /bin/mkdir -p '/tmp/pkg/haserl//usr/bin'
  /usr/bin/install -c haserl '/tmp/pkg/haserl//usr/bin'
make[2]: Leaving directory '/tmp/src/build-5.4/src'
make[1]: Leaving directory '/tmp/src/build-5.4/src'
Making install in doc
make[1]: Entering directory '/tmp/src/build-5.4/doc'
make[2]: Entering directory '/tmp/src/build-5.4/doc'
make[2]: Nothing to be done for 'install-exec-am'.
 /bin/mkdir -p '/tmp/pkg/haserl//usr/share/man/man1'
 /usr/bin/install -c -m 644 haserl.1 '/tmp/pkg/haserl//usr/share/man/man1'
make[2]: Leaving directory '/tmp/src/build-5.4/doc'
make[1]: Leaving directory '/tmp/src/build-5.4/doc'
make[1]: Entering directory '/tmp/src/build-5.4'
make[2]: Entering directory '/tmp/src/build-5.4'
make[2]: Nothing to be done for 'install-exec-am'.
make[2]: Nothing to be done for 'install-data-am'.
make[2]: Leaving directory '/tmp/src/build-5.4'
make[1]: Leaving directory '/tmp/src/build-5.4'
Making install in src
make[1]: Entering directory '/tmp/src/build-5.3/src'
make[2]: Entering directory '/tmp/src/build-5.3/src'
make[2]: Nothing to be done for 'install-data-am'.
 /bin/mkdir -p '/tmp/pkg/haserl//usr/bin'
  /usr/bin/install -c haserl '/tmp/pkg/haserl//usr/bin'
make[2]: Leaving directory '/tmp/src/build-5.3/src'
make[1]: Leaving directory '/tmp/src/build-5.3/src'
Making install in doc
make[1]: Entering directory '/tmp/src/build-5.3/doc'
make[2]: Entering directory '/tmp/src/build-5.3/doc'
make[2]: Nothing to be done for 'install-exec-am'.
 /bin/mkdir -p '/tmp/pkg/haserl//usr/share/man/man1'
 /usr/bin/install -c -m 644 haserl.1 '/tmp/pkg/haserl//usr/share/man/man1'
make[2]: Leaving directory '/tmp/src/build-5.3/doc'
make[1]: Leaving directory '/tmp/src/build-5.3/doc'
make[1]: Entering directory '/tmp/src/build-5.3'
make[2]: Entering directory '/tmp/src/build-5.3'
make[2]: Nothing to be done for 'install-exec-am'.
make[2]: Nothing to be done for 'install-data-am'.
make[2]: Leaving directory '/tmp/src/build-5.3'
make[1]: Leaving directory '/tmp/src/build-5.3'
Making install in src
make[1]: Entering directory '/tmp/src/build-5.2/src'
make[2]: Entering directory '/tmp/src/build-5.2/src'
make[2]: Nothing to be done for 'install-data-am'.
 /bin/mkdir -p '/tmp/pkg/haserl//usr/bin'
  /usr/bin/install -c haserl '/tmp/pkg/haserl//usr/bin'
make[2]: Leaving directory '/tmp/src/build-5.2/src'
make[1]: Leaving directory '/tmp/src/build-5.2/src'
Making install in doc
make[1]: Entering directory '/tmp/src/build-5.2/doc'
make[2]: Entering directory '/tmp/src/build-5.2/doc'
make[2]: Nothing to be done for 'install-exec-am'.
 /bin/mkdir -p '/tmp/pkg/haserl//usr/share/man/man1'
 /usr/bin/install -c -m 644 haserl.1 '/tmp/pkg/haserl//usr/share/man/man1'
make[2]: Leaving directory '/tmp/src/build-5.2/doc'
make[1]: Leaving directory '/tmp/src/build-5.2/doc'
make[1]: Entering directory '/tmp/src/build-5.2'
make[2]: Entering directory '/tmp/src/build-5.2'
make[2]: Nothing to be done for 'install-exec-am'.
make[2]: Nothing to be done for 'install-data-am'.
make[2]: Leaving directory '/tmp/src/build-5.2'
make[1]: Leaving directory '/tmp/src/build-5.2'
Making install in src
make[1]: Entering directory '/tmp/src/build-5.1/src'
make[2]: Entering directory '/tmp/src/build-5.1/src'
make[2]: Nothing to be done for 'install-data-am'.
 /bin/mkdir -p '/tmp/pkg/haserl//usr/bin'
  /usr/bin/install -c haserl '/tmp/pkg/haserl//usr/bin'
make[2]: Leaving directory '/tmp/src/build-5.1/src'
make[1]: Leaving directory '/tmp/src/build-5.1/src'
Making install in doc
make[1]: Entering directory '/tmp/src/build-5.1/doc'
make[2]: Entering directory '/tmp/src/build-5.1/doc'
make[2]: Nothing to be done for 'install-exec-am'.
 /bin/mkdir -p '/tmp/pkg/haserl//usr/share/man/man1'
 /usr/bin/install -c -m 644 haserl.1 '/tmp/pkg/haserl//usr/share/man/man1'
make[2]: Leaving directory '/tmp/src/build-5.1/doc'
make[1]: Leaving directory '/tmp/src/build-5.1/doc'
make[1]: Entering directory '/tmp/src/build-5.1'
make[2]: Entering directory '/tmp/src/build-5.1'
make[2]: Nothing to be done for 'install-exec-am'.
make[2]: Nothing to be done for 'install-data-am'.
make[2]: Leaving directory '/tmp/src/build-5.1'
make[1]: Leaving directory '/tmp/src/build-5.1'
>>> haserl-doc*: Running split function doc...
'usr/share/man' -> '/tmp/pkg/haserl-doc/usr/share/man'
>>> haserl-doc*: Preparing subpackage haserl-doc...
>>> haserl-doc*: Running postcheck for haserl-doc
>>> haserl-lua5.4*: Running split function _split...
'usr/bin/haserl-lua5.4' -> '/tmp/pkg/haserl-lua5.4/usr/bin/haserl-lua5.4'
>>> haserl-lua5.4*: Preparing subpackage haserl-lua5.4...
>>> haserl-lua5.4*: Stripping binaries
>>> haserl-lua5.4*: Running postcheck for haserl-lua5.4
>>> haserl-lua5.3*: Running split function _split...
'usr/bin/haserl-lua5.3' -> '/tmp/pkg/haserl-lua5.3/usr/bin/haserl-lua5.3'
>>> haserl-lua5.3*: Preparing subpackage haserl-lua5.3...
>>> haserl-lua5.3*: Stripping binaries
>>> haserl-lua5.3*: Running postcheck for haserl-lua5.3
>>> haserl-lua5.2*: Running split function _split...
'usr/bin/haserl-lua5.2' -> '/tmp/pkg/haserl-lua5.2/usr/bin/haserl-lua5.2'
>>> haserl-lua5.2*: Preparing subpackage haserl-lua5.2...
>>> haserl-lua5.2*: Stripping binaries
>>> haserl-lua5.2*: Running postcheck for haserl-lua5.2
>>> haserl-lua5.1*: Running split function _split...
'usr/bin/haserl-lua5.1' -> '/tmp/pkg/haserl-lua5.1/usr/bin/haserl-lua5.1'
>>> haserl-lua5.1*: Preparing subpackage haserl-lua5.1...
>>> haserl-lua5.1*: Stripping binaries
>>> haserl-lua5.1*: Running postcheck for haserl-lua5.1
>>> haserl*: Running postcheck for haserl
>>> haserl*: Preparing package haserl...
>>> haserl*: Stripping binaries
>>> WARNING: haserl*: No arch specific binaries found so arch should probably be set to "noarch"
>>> haserl-doc*: Scanning shared objects
>>> haserl-lua5.1*: Scanning shared objects
>>> haserl-lua5.2*: Scanning shared objects
>>> haserl-lua5.3*: Scanning shared objects
>>> haserl-lua5.4*: Scanning shared objects
>>> haserl*: Scanning shared objects
>>> haserl-doc*: Tracing dependencies...
>>> haserl-doc*: Package size: 7.9 KB
>>> haserl-doc*: Compressing data...
>>> haserl-doc*: Create checksum...
>>> haserl-doc*: Create haserl-doc-0.9.36-r4.apk
>>> haserl-lua5.1*: Tracing dependencies...
	so:libc.musl-x86_64.so.1
	so:liblua.so.5
>>> haserl-lua5.1*: Package size: 38.6 KB
>>> haserl-lua5.1*: Compressing data...
>>> haserl-lua5.1*: Create checksum...
>>> haserl-lua5.1*: Create haserl-lua5.1-0.9.36-r4.apk
>>> haserl-lua5.2*: Tracing dependencies...
	so:libc.musl-x86_64.so.1
	so:liblua-5.2.so.0
>>> haserl-lua5.2*: Package size: 38.6 KB
>>> haserl-lua5.2*: Compressing data...
>>> haserl-lua5.2*: Create checksum...
>>> haserl-lua5.2*: Create haserl-lua5.2-0.9.36-r4.apk
>>> haserl-lua5.3*: Tracing dependencies...
	so:libc.musl-x86_64.so.1
	so:liblua-5.3.so.0
>>> haserl-lua5.3*: Package size: 34.6 KB
>>> haserl-lua5.3*: Compressing data...
>>> haserl-lua5.3*: Create checksum...
>>> haserl-lua5.3*: Create haserl-lua5.3-0.9.36-r4.apk
>>> haserl-lua5.4*: Tracing dependencies...
	so:libc.musl-x86_64.so.1
	so:liblua-5.4.so.0
>>> haserl-lua5.4*: Package size: 34.6 KB
>>> haserl-lua5.4*: Compressing data...
>>> haserl-lua5.4*: Create checksum...
>>> haserl-lua5.4*: Create haserl-lua5.4-0.9.36-r4.apk
>>> haserl*: Tracing dependencies...
	haserl-lua5.4
	haserl-lua5.3
	haserl-lua5.2
	haserl-lua5.1
	haserl-lua5.4=0.9.36-r4
>>> haserl*: Package size: 1.0 B
>>> haserl*: Compressing data...
>>> haserl*: Create checksum...
>>> haserl*: Create haserl-0.9.36-r4.apk
>>> haserl: Updating the main/x86_64 repository index...
>>> haserl: Signing the index...
>>> haserl: Cleaning up srcdir
>>> haserl: Cleaning up build chroot
>>> haserl: Cleaning up pkgdir
