pigz: not found
>>> mailcap: Building main/mailcap 2.1.54-r0 (using abuild 3.14.1-r4) started Sun, 18 May 2025 08:54:50 +0000
>>> mailcap: Validating /home/packager/aports/main/mailcap/APKBUILD...
>>> mailcap: Analyzing dependencies...
>>> mailcap: Installing for build: build-base
(1/1) Installing .makedepends-mailcap (20250518.085453)
OK: 261 MiB in 82 packages
>>> mailcap: Cleaning up srcdir
>>> mailcap: Cleaning up pkgdir
>>> mailcap: Cleaning up tmpdir
>>> mailcap: Fetching https://releases.pagure.org/mailcap/mailcap-2.1.54.tar.xz
Connecting to releases.pagure.org (8.43.85.76:443)
saving to '/var/cache/distfiles/mailcap-2.1.54.tar.xz.part'
mailcap-2.1.54.tar.x 100% |********************************| 25720  0:00:00 ETA
'/var/cache/distfiles/mailcap-2.1.54.tar.xz.part' saved
>>> mailcap: Fetching https://releases.pagure.org/mailcap/mailcap-2.1.54.tar.xz
>>> mailcap: Checking sha512sums...
mailcap-2.1.54.tar.xz: OK
>>> mailcap: Unpacking /var/cache/distfiles/mailcap-2.1.54.tar.xz...
>>> mailcap: Entering fakeroot...
sh generate-nginx-mimetypes.sh < mime.types > mime.types.nginx
install -Dpm 644 mailcap /home/packager/aports/main/mailcap/pkg/mailcap/etc/mailcap
install -Dpm 644 mime.types /home/packager/aports/main/mailcap/pkg/mailcap/etc/mime.types
install -Dpm 644 mime.types.nginx /home/packager/aports/main/mailcap/pkg/mailcap/etc/nginx/mime.types
install -Dpm 644 mailcap.5 /home/packager/aports/main/mailcap/pkg/mailcap/usr/share/man/man5/mailcap.5
>>> mailcap-doc*: Running split function doc...
'usr/share/man' -> '/home/packager/aports/main/mailcap/pkg/mailcap-doc/usr/share/man'
>>> mailcap-doc*: Preparing subpackage mailcap-doc...
>>> mailcap-doc*: Running postcheck for mailcap-doc
>>> mailcap*: Running postcheck for mailcap
>>> mailcap*: Preparing package mailcap...
>>> mailcap-doc*: Tracing dependencies...
>>> mailcap-doc*: Package size: 3.8 KB
>>> mailcap-doc*: Compressing data...
>>> mailcap-doc*: Create checksum...
pigz: not found
>>> mailcap-doc*: Create mailcap-doc-2.1.54-r0.apk
>>> mailcap*: Tracing dependencies...
>>> mailcap*: Package size: 73.4 KB
>>> mailcap*: Compressing data...
>>> mailcap*: Create checksum...
pigz: not found
>>> mailcap*: Create mailcap-2.1.54-r0.apk
>>> mailcap: Build complete at Sun, 18 May 2025 08:54:55 +0000 elapsed time 0h 0m 5s
>>> mailcap: Cleaning up srcdir
>>> mailcap: Cleaning up pkgdir
>>> mailcap: Uninstalling dependencies...
(1/1) Purging .makedepends-mailcap (20250518.085453)
OK: 261 MiB in 81 packages
>>> mailcap: Updating the main/x86_64 repository index...
>>> mailcap: Signing the index...
pigz: not found
