>>> acf-alpine-conf: Validating /home/packager/oily-pine/main/acf-alpine-conf/APKBUILD...
>>> acf-alpine-conf: Cleaning up srcdir
>>> acf-alpine-conf: Cleaning up pkgdir
>>> acf-alpine-conf: Cleaning up tmpdir
>>> acf-alpine-conf: Fetching https://gitlab.alpinelinux.org/acf/acf-alpine-conf/-/archive/v0.9.1/acf-alpine-conf-v0.9.1.tar.gz
  % Total    % Received % Xferd  Average Speed   Time    Time     Time  Current
                                 Dload  Upload   Total   Spent    Left  Speed
  0     0    0     0    0     0      0      0 --:--:-- --:--:-- --:--:--     0100  5752    0  5752    0     0  24922      0 --:--:-- --:--:-- --:--:-- 25008
>>> acf-alpine-conf: Fetching https://gitlab.alpinelinux.org/acf/acf-alpine-conf/-/archive/v0.9.1/acf-alpine-conf-v0.9.1.tar.gz
>>> acf-alpine-conf: Checking sha512sums...
acf-alpine-conf-v0.9.1.tar.gz: OK
>>> acf-alpine-conf: Preparing build chroot...
fetch http://dl-cdn.alpinelinux.org/alpine/edge/main/x86_64/APKINDEX.tar.gz
(1/86) Installing musl (1.2.5-r10)
(2/86) Installing libcrypto3 (3.5.0-r0)
(3/86) Installing ca-certificates-bundle (20241121-r2)
(4/86) Installing libssl3 (3.5.0-r0)
(5/86) Installing zlib (1.3.1-r2)
(6/86) Installing libapk2 (2.14.9-r2)
(7/86) Installing apk-tools (2.14.9-r2)
(8/86) Installing libcap2 (2.76-r0)
(9/86) Installing libcap-getcap (2.76-r0)
(10/86) Installing fakeroot (1.37.1.1-r0)
(11/86) Installing scanelf (1.3.8-r1)
(12/86) Installing musl-utils (1.2.5-r10)
(13/86) Installing libgcc (14.3.0-r1)
(14/86) Installing libstdc++ (14.3.0-r1)
(15/86) Installing lzip (1.25-r0)
(16/86) Installing openssl (3.5.0-r0)
(17/86) Installing patch (2.8-r0)
(18/86) Installing pkgconf (2.4.3-r0)
(19/86) Installing acl-libs (2.3.2-r1)
(20/86) Installing tar (1.35-r3)
(21/86) Installing busybox (1.37.0-r18)
Executing busybox-1.37.0-r18.post-install
(22/86) Installing ssl_client (1.37.0-r18)
(23/86) Installing busybox-binsh (1.37.0-r18)
(24/86) Installing abuild (3.15.0-r0)
Executing abuild-3.15.0-r0.pre-install
(25/86) Installing abuild-sudo (3.15.0-r0)
(26/86) Installing acf-jquery (0.4.3-r2)
(27/86) Installing lua-subprocess (0_git20230625-r1)
(28/86) Installing acf-lib (0.11.1-r0)
(29/86) Installing acf-skins (0.6.0-r3)
(30/86) Installing lua5.4-libs (5.4.7-r0)
(31/86) Installing haserl-lua5.4 (0.9.36-r4)
(32/86) Installing ncurses-terminfo-base (6.5_p20250503-r0)
(33/86) Installing libncursesw (6.5_p20250503-r0)
(34/86) Installing readline (8.2.13-r1)
(35/86) Installing lua5.4 (5.4.7-r0)
(36/86) Installing acf-lib-lua5.4 (0.11.1-r0)
(37/86) Installing lua5.4-subprocess (0_git20230625-r1)
(38/86) Installing lua5.4-bit32 (5.3.0-r6)
(39/86) Installing lua5.4-posix (36.3-r0)
(40/86) Installing lua5.4-md5 (1.3-r2)
(41/86) Installing lua-json4 (1.0.1-r0)
(42/86) Installing acf-core (0.24.1-r0)
(43/86) Installing alpine-baselayout-data (3.7.0-r0)
(44/86) Installing alpine-baselayout (3.7.0-r0)
Executing alpine-baselayout-3.7.0-r0.pre-install
Executing alpine-baselayout-3.7.0-r0.post-install
(45/86) Installing bridge (1.5-r5)
(46/86) Installing ifupdown-ng (0.12.1-r7)
(47/86) Installing openrc-user (0.62.2-r2)
(48/86) Installing openrc (0.62.2-r2)
Executing openrc-0.62.2-r2.post-install
(49/86) Installing mdev-conf (4.8-r0)
(50/86) Installing busybox-mdev-openrc (1.37.0-r18)
(51/86) Installing alpine-conf (3.20.0-r0)
(52/86) Installing alpine-keys (2.5-r0)
(53/86) Installing alpine-release (3.22.0-r0)
(54/86) Installing busybox-openrc (1.37.0-r18)
(55/86) Installing busybox-suid (1.37.0-r18)
(56/86) Installing alpine-base (3.22.0-r0)
(57/86) Installing jansson (2.14.1-r0)
(58/86) Installing zstd-libs (1.5.7-r0)
(59/86) Installing binutils (2.44-r0)
(60/86) Installing libmagic (5.46-r2)
(61/86) Installing file (5.46-r2)
(62/86) Installing libgomp (14.3.0-r1)
(63/86) Installing libatomic (14.3.0-r1)
(64/86) Installing gmp (6.3.0-r3)
(65/86) Installing isl26 (0.26-r1)
(66/86) Installing mpfr4 (4.2.1_p1-r0)
(67/86) Installing mpc1 (1.3.1-r1)
(68/86) Installing gcc (14.3.0-r1)
(69/86) Installing libstdc++-dev (14.3.0-r1)
(70/86) Installing musl-dev (1.2.5-r10)
(71/86) Installing g++ (14.3.0-r1)
(72/86) Installing make (4.4.1-r3)
(73/86) Installing fortify-headers (1.1-r5)
(74/86) Installing build-base (0.5-r3)
(75/86) Installing brotli-libs (1.1.0-r2)
(76/86) Installing c-ares (1.34.5-r0)
(77/86) Installing libunistring (1.3-r0)
(78/86) Installing libidn2 (2.3.7-r0)
(79/86) Installing nghttp2-libs (1.65.0-r0)
(80/86) Installing libpsl (0.21.5-r3)
(81/86) Installing libcurl (8.14.0-r2)
(82/86) Installing libexpat (2.7.1-r0)
(83/86) Installing pcre2 (10.43-r1)
(84/86) Installing git (2.49.0-r0)
(85/86) Installing git-init-template (2.49.0-r0)
(86/86) Installing lua-posix (36.3-r0)
Executing busybox-1.37.0-r18.trigger
OK: 263 MiB in 86 packages
>>> acf-alpine-conf: Fetching https://gitlab.alpinelinux.org/acf/acf-alpine-conf/-/archive/v0.9.1/acf-alpine-conf-v0.9.1.tar.gz
>>> acf-alpine-conf: Checking sha512sums...
acf-alpine-conf-v0.9.1.tar.gz: OK
>>> acf-alpine-conf: Unpacking /var/cache/distfiles/acf-alpine-conf-v0.9.1.tar.gz...
>>> acf-alpine-conf: Entering fakeroot...
mkdir -p "/tmp/pkg/acf-alpine-conf//usr/share/acf/app/alpine-conf"
cp -a lbu*  "/tmp/pkg/acf-alpine-conf//usr/share/acf/app/alpine-conf"
>>> acf-alpine-conf*: Running postcheck for acf-alpine-conf
>>> acf-alpine-conf*: Preparing package acf-alpine-conf...
>>> acf-alpine-conf*: Tracing dependencies...
	acf-core
	lua-posix
	openssl
>>> acf-alpine-conf*: Package size: 17.8 KB
>>> acf-alpine-conf*: Compressing data...
>>> acf-alpine-conf*: Create checksum...
>>> acf-alpine-conf*: Create acf-alpine-conf-0.9.1-r0.apk
>>> acf-alpine-conf: Updating the main/x86_64 repository index...
>>> acf-alpine-conf: Signing the index...
>>> acf-alpine-conf: Cleaning up srcdir
>>> acf-alpine-conf: Cleaning up build chroot
>>> acf-alpine-conf: Cleaning up pkgdir
