pigz: not found
>>> aaudit: Building main/aaudit 0.7.2-r3 (using abuild 3.14.1-r4) started Fri, 23 May 2025 01:40:50 +0000
>>> aaudit: Validating /home/packager/aports/main/aaudit/APKBUILD...
>>> aaudit: Analyzing dependencies...
>>> aaudit: Installing for build: build-base lua5.2 lua5.2-posix lua5.2-cjson lua5.2-pc lua5.2-socket
(1/7) Installing lua5.2-libs (5.2.4-r13)
(2/7) Installing lua5.2 (5.2.4-r13)
(3/7) Installing lua5.2-posix (36.3-r0)
(4/7) Installing lua5.2-cjson (2.1.0-r11)
(5/7) Installing lua5.2-pc (1.0.0-r12)
(6/7) Installing lua5.2-socket (3.1.0-r1)
(7/7) Installing .makedepends-aaudit (20250523.014053)
Executing busybox-1.37.0-r12.trigger
OK: 314 MiB in 121 packages
>>> aaudit: Cleaning up srcdir
>>> aaudit: Cleaning up pkgdir
>>> aaudit: Cleaning up tmpdir
>>> aaudit: Checking sha512sums...
aaudit-common.lua: OK
aaudit-server.lua: OK
aaudit: OK
aaudit-shell: OK
aaudit-update-keys: OK
aaudit-repo: OK
aaudit.json: OK
aaudit-server.json: OK
>>> aaudit: Entering fakeroot...
>>> aaudit-server*: Running split function server...
>>> aaudit-server*: Preparing subpackage aaudit-server...
>>> aaudit-server*: Running postcheck for aaudit-server
>>> aaudit*: Running postcheck for aaudit
>>> aaudit*: Preparing package aaudit...
libfakeroot internal error: payload not recognized!
>>> aaudit-server*: Tracing dependencies...
	aaudit
	git
	lua5.2
	lua5.2-posix
	lua5.2-cjson
	lua5.2-lzlib
>>> aaudit-server*: Package size: 14.2 KB
>>> aaudit-server*: Compressing data...
>>> aaudit-server*: Create checksum...
pigz: not found
>>> aaudit-server*: Create aaudit-server-0.7.2-r3.apk
>>> aaudit*: Tracing dependencies...
	lua5.2
	lua5.2-posix
	lua5.2-cjson
	lua5.2-pc
	lua5.2-socket
>>> aaudit*: Package size: 3.0 KB
>>> aaudit*: Compressing data...
>>> aaudit*: Create checksum...
pigz: not found
>>> aaudit*: Create aaudit-0.7.2-r3.apk
>>> aaudit: Build complete at Fri, 23 May 2025 01:41:02 +0000 elapsed time 0h 0m 12s
>>> aaudit: Cleaning up srcdir
>>> aaudit: Cleaning up pkgdir
>>> aaudit: Uninstalling dependencies...
(1/7) Purging .makedepends-aaudit (20250523.014053)
(2/7) Purging lua5.2-posix (36.3-r0)
(3/7) Purging lua5.2-cjson (2.1.0-r11)
(4/7) Purging lua5.2 (5.2.4-r13)
(5/7) Purging lua5.2-pc (1.0.0-r12)
(6/7) Purging lua5.2-socket (3.1.0-r1)
(7/7) Purging lua5.2-libs (5.2.4-r13)
Executing busybox-1.37.0-r12.trigger
OK: 313 MiB in 114 packages
>>> aaudit: Updating the main/x86_64 repository index...
>>> aaudit: Signing the index...
pigz: not found
