pigz: not found
>>> py3-gpep517: Building main/py3-gpep517 19-r0 (using abuild 3.14.1-r4) started Fri, 16 May 2025 20:28:20 +0000
>>> py3-gpep517: Validating /home/packager/aports/main/py3-gpep517/APKBUILD...
>>> py3-gpep517: Analyzing dependencies...
>>> py3-gpep517: Installing for build: build-base py3-installer python3
(1/14) Installing libbz2 (1.0.8-r6)
(2/14) Installing libffi (3.4.7-r0)
(3/14) Installing gdbm (1.24-r0)
(4/14) Installing xz-libs (5.6.3-r1)
(5/14) Installing mpdecimal (4.0.0-r0)
(6/14) Installing libpanelw (6.5_p20250503-r0)
(7/14) Installing sqlite-libs (3.49.2-r0)
(8/14) Installing python3 (3.12.10-r0)
(9/14) Installing python3-pycache-pyc0 (3.12.10-r0)
(10/14) Installing pyc (3.12.10-r0)
(11/14) Installing py3-installer-pyc (0.7.0-r2)
(12/14) Installing python3-pyc (3.12.10-r0)
(13/14) Installing py3-installer (0.7.0-r2)
(14/14) Installing .makedepends-py3-gpep517 (20250516.202821)
Executing busybox-1.37.0-r12.trigger
OK: 295 MiB in 88 packages
>>> py3-gpep517: Cleaning up srcdir
>>> py3-gpep517: Cleaning up pkgdir
>>> py3-gpep517: Cleaning up tmpdir
>>> py3-gpep517: Fetching https://github.com/mgorny/gpep517/archive/v19/gpep517-v19.tar.gz
Connecting to github.com (140.82.121.3:443)
Connecting to github.com (140.82.121.4:443)
Connecting to codeload.github.com (140.82.121.10:443)
saving to '/var/cache/distfiles/gpep517-v19.tar.gz.part'
gpep517-v19.tar.gz.p 100% |********************************| 29279  0:00:00 ETA
'/var/cache/distfiles/gpep517-v19.tar.gz.part' saved
>>> py3-gpep517: Fetching https://github.com/mgorny/gpep517/archive/v19/gpep517-v19.tar.gz
>>> py3-gpep517: Checking sha512sums...
gpep517-v19.tar.gz: OK
gpep517: OK
default-bytecode-levels.patch: OK
>>> py3-gpep517: Unpacking /var/cache/distfiles/gpep517-v19.tar.gz...
>>> py3-gpep517: default-bytecode-levels.patch
patching file gpep517/__main__.py
Hunk #1 succeeded at 149 with fuzz 1 (offset -201 lines).
usage: /home/packager/aports/main/py3-gpep517/src/gpep517-19/gpep517/__main__.py
       [-h] [-q]
       {get-backend,build-wheel,install-from-source,install-wheel,verify-pyc}
       ...

positional arguments:
  {get-backend,build-wheel,install-from-source,install-wheel,verify-pyc}
    get-backend         Print build-backend from pyproject.toml
    build-wheel         Build wheel from sources
    install-from-source
                        Build and install wheel from sources (without
                        preserving the wheel)
    install-wheel       Install the specified wheel
    verify-pyc          Verify that all installed modules were byte-compiled
                        and there are no stray .pyc files

options:
  -h, --help            show this help message and exit
  -q, --quiet           Disable verbose progress reporting
>>> py3-gpep517: Entering fakeroot...
Listing '/home/packager/aports/main/py3-gpep517/pkg/py3-gpep517//usr/lib/python3.12/site-packages'...
Listing '/home/packager/aports/main/py3-gpep517/pkg/py3-gpep517//usr/lib/python3.12/site-packages/gpep517'...
Compiling '/home/packager/aports/main/py3-gpep517/pkg/py3-gpep517//usr/lib/python3.12/site-packages/gpep517/qa.py'...
>>> py3-gpep517-pyc*: Running split function pyc...
'usr/lib/python3.12/site-packages/gpep517/__pycache__' -> '/home/packager/aports/main/py3-gpep517/pkg/py3-gpep517-pyc/usr/lib/python3.12/site-packages/gpep517/__pycache__'
>>> py3-gpep517-pyc*: Preparing subpackage py3-gpep517-pyc...
>>> py3-gpep517-pyc*: Running postcheck for py3-gpep517-pyc
>>> py3-gpep517*: Running postcheck for py3-gpep517
>>> py3-gpep517*: Preparing package py3-gpep517...
>>> py3-gpep517-pyc*: Tracing dependencies...
	py3-installer
	python3
	python3~3.12
>>> py3-gpep517-pyc*: Package size: 35.1 KB
>>> py3-gpep517-pyc*: Compressing data...
>>> py3-gpep517-pyc*: Create checksum...
pigz: not found
>>> py3-gpep517-pyc*: Create py3-gpep517-pyc-19-r0.apk
>>> py3-gpep517*: Tracing dependencies...
	py3-installer
	python3
	python3~3.12
>>> py3-gpep517*: Package size: 25.8 KB
>>> py3-gpep517*: Compressing data...
>>> py3-gpep517*: Create checksum...
pigz: not found
>>> py3-gpep517*: Create py3-gpep517-19-r0.apk
>>> py3-gpep517: Build complete at Fri, 16 May 2025 20:28:24 +0000 elapsed time 0h 0m 4s
>>> py3-gpep517: Cleaning up srcdir
>>> py3-gpep517: Cleaning up pkgdir
>>> py3-gpep517: Uninstalling dependencies...
(1/14) Purging .makedepends-py3-gpep517 (20250516.202821)
(2/14) Purging py3-installer-pyc (0.7.0-r2)
(3/14) Purging py3-installer (0.7.0-r2)
(4/14) Purging python3-pyc (3.12.10-r0)
(5/14) Purging python3-pycache-pyc0 (3.12.10-r0)
(6/14) Purging pyc (3.12.10-r0)
(7/14) Purging python3 (3.12.10-r0)
(8/14) Purging gdbm (1.24-r0)
(9/14) Purging libbz2 (1.0.8-r6)
(10/14) Purging libffi (3.4.7-r0)
(11/14) Purging libpanelw (6.5_p20250503-r0)
(12/14) Purging mpdecimal (4.0.0-r0)
(13/14) Purging sqlite-libs (3.49.2-r0)
(14/14) Purging xz-libs (5.6.3-r1)
Executing busybox-1.37.0-r12.trigger
OK: 259 MiB in 74 packages
>>> py3-gpep517: Updating the main/x86_64 repository index...
>>> py3-gpep517: Signing the index...
pigz: not found
