pigz: not found
>>> gnu-efi: Building main/gnu-efi 4.0.0-r0 (using abuild 3.14.1-r4) started Sun, 18 May 2025 08:17:06 +0000
>>> gnu-efi: Validating /home/packager/aports/main/gnu-efi/APKBUILD...
>>> gnu-efi: Analyzing dependencies...
>>> gnu-efi: Installing for build: build-base
(1/1) Installing .makedepends-gnu-efi (20250518.081707)
OK: 261 MiB in 82 packages
>>> gnu-efi: Cleaning up srcdir
>>> gnu-efi: Cleaning up pkgdir
>>> gnu-efi: Cleaning up tmpdir
>>> gnu-efi: Fetching https://github.com/ncroxon/gnu-efi/archive/refs/tags/4.0.0/gnu-efi-4.0.0.tar.gz
Connecting to github.com (140.82.121.3:443)
Connecting to codeload.github.com (140.82.121.9:443)
saving to '/var/cache/distfiles/gnu-efi-4.0.0.tar.gz.part'
gnu-efi-4.0.0.tar.gz 100% |********************************|  223k  0:00:00 ETA
'/var/cache/distfiles/gnu-efi-4.0.0.tar.gz.part' saved
>>> gnu-efi: Fetching https://github.com/ncroxon/gnu-efi/archive/refs/tags/4.0.0/gnu-efi-4.0.0.tar.gz
>>> gnu-efi: Checking sha512sums...
gnu-efi-4.0.0.tar.gz: OK
>>> gnu-efi: Unpacking /var/cache/distfiles/gnu-efi-4.0.0.tar.gz...
mkdir -p /home/packager/aports/main/gnu-efi/src/gnu-efi-4.0.0/x86_64/lib
make -C /home/packager/aports/main/gnu-efi/src/gnu-efi-4.0.0/x86_64/lib -f /home/packager/aports/main/gnu-efi/src/gnu-efi-4.0.0//lib/Makefile SRCDIR=/home/packager/aports/main/gnu-efi/src/gnu-efi-4.0.0//lib ARCH=x86_64
make[1]: Entering directory '/home/packager/aports/main/gnu-efi/src/gnu-efi-4.0.0/x86_64/lib'
  CC       boxdraw.o
  CC       smbios.o
  CC       console.o
  CC       crc.o
  CC       data.o
  CC       debug.o
  CC       dpath.o
  CC       entry.o
  CC       error.o
  CC       event.o
  CC       exit.o
  CC       guid.o
  CC       hand.o
  CC       hw.o
  CC       init.o
  CC       lock.o
  CC       misc.o
  CC       pause.o
  CC       print.o
  CC       sread.o
  CC       str.o
  CC       cmdline.o
  CC       rtlock.o
  CC       efirtlib.o
  CC       rtstr.o
  CC       vm.o
  CC       rtdata.o
  CC       initplat.o
  CC       math.o
  CC       setjmp.o
  CC       callwrap.o
  CC       efi_stub.o
  CC       ctors.o
  AR       libefi.a
ar: creating libefi.a
make[1]: Leaving directory '/home/packager/aports/main/gnu-efi/src/gnu-efi-4.0.0/x86_64/lib'
mkdir -p /home/packager/aports/main/gnu-efi/src/gnu-efi-4.0.0/x86_64/inc
make -C /home/packager/aports/main/gnu-efi/src/gnu-efi-4.0.0/x86_64/inc -f /home/packager/aports/main/gnu-efi/src/gnu-efi-4.0.0//inc/Makefile SRCDIR=/home/packager/aports/main/gnu-efi/src/gnu-efi-4.0.0//inc ARCH=x86_64
make[1]: Entering directory '/home/packager/aports/main/gnu-efi/src/gnu-efi-4.0.0/x86_64/inc'
make[1]: Nothing to be done for 'all'.
make[1]: Leaving directory '/home/packager/aports/main/gnu-efi/src/gnu-efi-4.0.0/x86_64/inc'
mkdir -p /home/packager/aports/main/gnu-efi/src/gnu-efi-4.0.0/x86_64/gnuefi
make -C /home/packager/aports/main/gnu-efi/src/gnu-efi-4.0.0/x86_64/gnuefi -f /home/packager/aports/main/gnu-efi/src/gnu-efi-4.0.0//gnuefi/Makefile SRCDIR=/home/packager/aports/main/gnu-efi/src/gnu-efi-4.0.0//gnuefi ARCH=x86_64
make[1]: Entering directory '/home/packager/aports/main/gnu-efi/src/gnu-efi-4.0.0/x86_64/gnuefi'
  CC       crt0-efi-x86_64.o
  CC       reloc_x86_64.o
  AR       libgnuefi.a
ar: creating libgnuefi.a
  GEN      gnu-efi.pc
make[1]: Leaving directory '/home/packager/aports/main/gnu-efi/src/gnu-efi-4.0.0/x86_64/gnuefi'
mkdir -p /home/packager/aports/main/gnu-efi/src/gnu-efi-4.0.0/x86_64/apps
make -C /home/packager/aports/main/gnu-efi/src/gnu-efi-4.0.0/x86_64/apps -f /home/packager/aports/main/gnu-efi/src/gnu-efi-4.0.0//apps/Makefile SRCDIR=/home/packager/aports/main/gnu-efi/src/gnu-efi-4.0.0//apps ARCH=x86_64
make[1]: Entering directory '/home/packager/aports/main/gnu-efi/src/gnu-efi-4.0.0/x86_64/apps'
  CC       t.o
  LD       t.so
  OBJCOPY  t.efi
  CC       t2.o
  LD       t2.so
  OBJCOPY  t2.efi
  CC       t3.o
  LD       t3.so
  OBJCOPY  t3.efi
  CC       t4.o
  LD       t4.so
  OBJCOPY  t4.efi
  CC       t5.o
  LD       t5.so
  OBJCOPY  t5.efi
  CC       t6.o
  LD       t6.so
  OBJCOPY  t6.efi
  CC       t7.o
  LD       t7.so
  OBJCOPY  t7.efi
  CC       t8.o
  LD       t8.so
  OBJCOPY  t8.efi
  CC       tcc.o
  LD       tcc.so
  OBJCOPY  tcc.efi
  CC       printenv.o
  LD       printenv.so
  OBJCOPY  printenv.efi
  CC       modelist.o
  LD       modelist.so
  OBJCOPY  modelist.efi
  CC       route80h.o
  LD       route80h.so
  OBJCOPY  route80h.efi
  CC       drv0_use.o
  LD       drv0_use.so
  OBJCOPY  drv0_use.efi
  CC       AllocPages.o
  LD       AllocPages.so
  OBJCOPY  AllocPages.efi
  CC       exit.o
  LD       exit.so
  OBJCOPY  exit.efi
  CC       FreePages.o
  LD       FreePages.so
  OBJCOPY  FreePages.efi
  CC       bltgrid.o
  LD       bltgrid.so
  OBJCOPY  bltgrid.efi
  CC       lfbgrid.o
  LD       lfbgrid.so
  OBJCOPY  lfbgrid.efi
  CC       setdbg.o
  LD       setdbg.so
  OBJCOPY  setdbg.efi
  CC       unsetdbg.o
  LD       unsetdbg.so
  OBJCOPY  unsetdbg.efi
  CC       old_ABI.o
  LD       old_ABI.so
  OBJCOPY  old_ABI.efi
  CC       setjmp.o
  LD       setjmp.so
  OBJCOPY  setjmp.efi
  CC       debughook.o
  LD       debughook.so
  OBJCOPY  debughook.efi
  OBJCOPY  debughook.efi.debug
  CC       ctors_test.o
  CC       ctors_fns.o
  LD       ctors_test.so
  OBJCOPY  ctors_test.efi
  CC       ctors_dtors_priority_test.o
  LD       ctors_dtors_priority_test.so
  OBJCOPY  ctors_dtors_priority_test.efi
  CC       drv0.o
  LD       drv0.so
  OBJCOPY  drv0.efi
make[1]: Leaving directory '/home/packager/aports/main/gnu-efi/src/gnu-efi-4.0.0/x86_64/apps'
>>> gnu-efi: Entering fakeroot...
make[1]: Entering directory '/home/packager/aports/main/gnu-efi/src/gnu-efi-4.0.0/x86_64/lib'
mkdir -p /home/packager/aports/main/gnu-efi/pkg/gnu-efi/usr/lib
install -m 644 libefi.a /home/packager/aports/main/gnu-efi/pkg/gnu-efi/usr/lib
make[1]: Leaving directory '/home/packager/aports/main/gnu-efi/src/gnu-efi-4.0.0/x86_64/lib'
make[1]: Entering directory '/home/packager/aports/main/gnu-efi/src/gnu-efi-4.0.0/x86_64/inc'
mkdir -p /home/packager/aports/main/gnu-efi/pkg/gnu-efi/usr/include/efi
mkdir -p /home/packager/aports/main/gnu-efi/pkg/gnu-efi/usr/include/efi/protocol
mkdir -p /home/packager/aports/main/gnu-efi/pkg/gnu-efi/usr/include/efi/x86_64
install -m 644 /home/packager/aports/main/gnu-efi/src/gnu-efi-4.0.0//inc/*.h /home/packager/aports/main/gnu-efi/pkg/gnu-efi/usr/include/efi
install -m 644 /home/packager/aports/main/gnu-efi/src/gnu-efi-4.0.0//inc/protocol/*.h /home/packager/aports/main/gnu-efi/pkg/gnu-efi/usr/include/efi/protocol
install -m 644 /home/packager/aports/main/gnu-efi/src/gnu-efi-4.0.0//inc/x86_64/*.h /home/packager/aports/main/gnu-efi/pkg/gnu-efi/usr/include/efi/x86_64
make[1]: Leaving directory '/home/packager/aports/main/gnu-efi/src/gnu-efi-4.0.0/x86_64/inc'
make[1]: Entering directory '/home/packager/aports/main/gnu-efi/src/gnu-efi-4.0.0/x86_64/apps'
mkdir -p /home/packager/aports/main/gnu-efi/pkg/gnu-efi/usr/lib/gnuefi/apps
install -m 644 t.efi t2.efi t3.efi t4.efi t5.efi t6.efi t7.efi t8.efi tcc.efi printenv.efi modelist.efi route80h.efi drv0_use.efi AllocPages.efi exit.efi FreePages.efi bltgrid.efi lfbgrid.efi setdbg.efi unsetdbg.efi old_ABI.efi setjmp.efi debughook.efi debughook.efi.debug ctors_test.efi ctors_dtors_priority_test.efi drv0.efi  /home/packager/aports/main/gnu-efi/pkg/gnu-efi/usr/lib/gnuefi/apps
make[1]: Leaving directory '/home/packager/aports/main/gnu-efi/src/gnu-efi-4.0.0/x86_64/apps'
make[1]: Entering directory '/home/packager/aports/main/gnu-efi/src/gnu-efi-4.0.0/x86_64/gnuefi'
mkdir -p /home/packager/aports/main/gnu-efi/pkg/gnu-efi/usr/lib
install -m 644 crt0-efi-x86_64.o libgnuefi.a  /home/packager/aports/main/gnu-efi/pkg/gnu-efi/usr/lib
install -m 644 /home/packager/aports/main/gnu-efi/src/gnu-efi-4.0.0//gnuefi/elf_x86_64_fbsd_efi.lds /home/packager/aports/main/gnu-efi/pkg/gnu-efi/usr/lib
install -m 644 /home/packager/aports/main/gnu-efi/src/gnu-efi-4.0.0//gnuefi/elf_x86_64_efi.lds /home/packager/aports/main/gnu-efi/pkg/gnu-efi/usr/lib
install -d /home/packager/aports/main/gnu-efi/pkg/gnu-efi/usr/lib/pkgconfig
install -m 644 gnu-efi.pc /home/packager/aports/main/gnu-efi/pkg/gnu-efi/usr/lib/pkgconfig
make[1]: Leaving directory '/home/packager/aports/main/gnu-efi/src/gnu-efi-4.0.0/x86_64/gnuefi'
>>> gnu-efi-dev*: Running split function dev...
'usr/include' -> '/home/packager/aports/main/gnu-efi/pkg/gnu-efi-dev/usr/include'
'usr/lib/pkgconfig' -> '/home/packager/aports/main/gnu-efi/pkg/gnu-efi-dev/usr/lib/pkgconfig'
'usr/lib/libgnuefi.a' -> '/home/packager/aports/main/gnu-efi/pkg/gnu-efi-dev/usr/lib/libgnuefi.a'
'usr/lib/libefi.a' -> '/home/packager/aports/main/gnu-efi/pkg/gnu-efi-dev/usr/lib/libefi.a'
'usr/lib/crt0-efi-x86_64.o' -> '/home/packager/aports/main/gnu-efi/pkg/gnu-efi-dev/usr/lib/crt0-efi-x86_64.o'
>>> gnu-efi-dev*: Preparing subpackage gnu-efi-dev...
>>> gnu-efi-dev*: Stripping binaries
>>> gnu-efi-dev*: Running postcheck for gnu-efi-dev
>>> gnu-efi-apps*: Running split function apps...
'usr/lib/gnuefi/apps' -> '/home/packager/aports/main/gnu-efi/pkg/gnu-efi-apps/usr/lib/gnuefi/apps'
>>> gnu-efi-apps*: Preparing subpackage gnu-efi-apps...
>>> gnu-efi-apps*: Stripping binaries
>>> WARNING: gnu-efi-apps*: No arch specific binaries found so arch should probably be set to "noarch"
>>> gnu-efi-apps*: Running postcheck for gnu-efi-apps
>>> gnu-efi*: Running postcheck for gnu-efi
>>> gnu-efi*: Preparing package gnu-efi...
>>> gnu-efi*: Stripping binaries
>>> WARNING: gnu-efi*: No arch specific binaries found so arch should probably be set to "noarch"
>>> gnu-efi-apps*: Scanning shared objects
>>> gnu-efi-dev*: Scanning shared objects
>>> gnu-efi*: Scanning shared objects
>>> gnu-efi-apps*: Tracing dependencies...
>>> gnu-efi-apps*: Package size: 1.3 MB
>>> gnu-efi-apps*: Compressing data...
>>> gnu-efi-apps*: Create checksum...
pigz: not found
>>> gnu-efi-apps*: Create gnu-efi-apps-4.0.0-r0.apk
>>> gnu-efi-dev*: Tracing dependencies...
	gnu-efi
	pkgconfig
>>> gnu-efi-dev*: Package size: 943.1 KB
>>> gnu-efi-dev*: Compressing data...
>>> gnu-efi-dev*: Create checksum...
pigz: not found
>>> gnu-efi-dev*: Create gnu-efi-dev-4.0.0-r0.apk
>>> gnu-efi*: Tracing dependencies...
>>> gnu-efi*: Package size: 4.6 KB
>>> gnu-efi*: Compressing data...
>>> gnu-efi*: Create checksum...
pigz: not found
>>> gnu-efi*: Create gnu-efi-4.0.0-r0.apk
>>> gnu-efi: Build complete at Sun, 18 May 2025 08:17:20 +0000 elapsed time 0h 0m 14s
>>> gnu-efi: Cleaning up srcdir
>>> gnu-efi: Cleaning up pkgdir
>>> gnu-efi: Uninstalling dependencies...
(1/1) Purging .makedepends-gnu-efi (20250518.081707)
OK: 261 MiB in 81 packages
>>> gnu-efi: Updating the main/x86_64 repository index...
>>> gnu-efi: Signing the index...
pigz: not found
