pigz: not found
>>> lua-augeas: Building main/lua-augeas 0.1.2-r7 (using abuild 3.14.1-r4) started Thu, 22 May 2025 23:34:34 +0000
>>> lua-augeas: Validating /home/packager/aports/main/lua-augeas/APKBUILD...
>>> lua-augeas: Analyzing dependencies...
>>> lua-augeas: Installing for build: build-base augeas-dev lua5.1-dev lua5.2-dev lua5.3-dev lua5.4-dev
(1/20) Installing xz-libs (5.6.3-r1)
(2/20) Installing libxml2 (2.13.4-r6)
(3/20) Installing augeas-libs (1.12.0-r6)
(4/20) Installing xz (5.6.3-r1)
(5/20) Installing xz-dev (5.6.3-r1)
(6/20) Installing libxml2-utils (2.13.4-r6)
(7/20) Installing libxml2-dev (2.13.4-r6)
(8/20) Installing augeas-dev (1.12.0-r6)
(9/20) Installing lua5.1-libs (5.1.5-r13)
(10/20) Installing lua5.1 (5.1.5-r13)
(11/20) Installing lua5.1-dev (5.1.5-r13)
(12/20) Installing lua5.2-libs (5.2.4-r13)
(13/20) Installing lua5.2 (5.2.4-r13)
(14/20) Installing lua5.2-dev (5.2.4-r13)
(15/20) Installing linenoise (1.0-r5)
(16/20) Installing lua5.3-libs (5.3.6-r6)
(17/20) Installing lua5.3 (5.3.6-r6)
(18/20) Installing lua5.3-dev (5.3.6-r6)
(19/20) Installing lua5.4-dev (5.4.7-r0)
(20/20) Installing .makedepends-lua-augeas (20250522.233438)
Executing busybox-1.37.0-r12.trigger
OK: 322 MiB in 134 packages
>>> lua-augeas: Cleaning up srcdir
>>> lua-augeas: Cleaning up pkgdir
>>> lua-augeas: Cleaning up tmpdir
>>> lua-augeas: Fetching https://dev.alpinelinux.org/archive/lua-augeas/lua-augeas-0.1.2.tar.bz2
Connecting to dev.alpinelinux.org (185.15.220.34:443)
saving to '/var/cache/distfiles/lua-augeas-0.1.2.tar.bz2.part'
lua-augeas-0.1.2.tar 100% |********************************|  3710  0:00:00 ETA
'/var/cache/distfiles/lua-augeas-0.1.2.tar.bz2.part' saved
>>> lua-augeas: Fetching https://dev.alpinelinux.org/archive/lua-augeas/lua-augeas-0.1.2.tar.bz2
>>> lua-augeas: Checking sha512sums...
lua-augeas-0.1.2.tar.bz2: OK
0001-support-for-Lua-5.2.patch: OK
>>> lua-augeas: Unpacking /var/cache/distfiles/lua-augeas-0.1.2.tar.bz2...
>>> lua-augeas: 0001-support-for-Lua-5.2.patch
patching file Makefile
patching file laugeas.c
gcc -Os -fstack-clash-protection -Wformat -Werror=format-security -fno-plt -fPIC -DVERSION=\"0.1.2\" -I/usr/include/libxml2    -c -o laugeas.o laugeas.c
gcc -Os -fstack-clash-protection -Wformat -Werror=format-security -fno-plt -fPIC -DVERSION=\"0.1.2\" -Wl,--as-needed,-O1,--sort-common -Wl,-z,pack-relative-relocs -L/lib -o augeas.so  -fPIC -shared laugeas.o -laugeas
/usr/lib/gcc/x86_64-alpine-linux-musl/14.2.0/../../../../x86_64-alpine-linux-musl/bin/ld: warning: augeas.so has a LOAD segment with RWX permissions
gcc -Os -fstack-clash-protection -Wformat -Werror=format-security -fno-plt -fPIC -DVERSION=\"0.1.2\" -I/usr/include/libxml2 -I/usr/include/lua5.2   -c -o laugeas.o laugeas.c
gcc -Os -fstack-clash-protection -Wformat -Werror=format-security -fno-plt -fPIC -DVERSION=\"0.1.2\" -Wl,--as-needed,-O1,--sort-common -Wl,-z,pack-relative-relocs -L/lib -o augeas.so  -fPIC -shared laugeas.o -laugeas
/usr/lib/gcc/x86_64-alpine-linux-musl/14.2.0/../../../../x86_64-alpine-linux-musl/bin/ld: warning: augeas.so has a LOAD segment with RWX permissions
gcc -Os -fstack-clash-protection -Wformat -Werror=format-security -fno-plt -fPIC -DVERSION=\"0.1.2\" -I/usr/include/libxml2 -I/usr/include/lua5.3   -c -o laugeas.o laugeas.c
gcc -Os -fstack-clash-protection -Wformat -Werror=format-security -fno-plt -fPIC -DVERSION=\"0.1.2\" -Wl,--as-needed,-O1,--sort-common -Wl,-z,pack-relative-relocs -L/lib -o augeas.so  -fPIC -shared laugeas.o -laugeas
/usr/lib/gcc/x86_64-alpine-linux-musl/14.2.0/../../../../x86_64-alpine-linux-musl/bin/ld: warning: augeas.so has a LOAD segment with RWX permissions
gcc -Os -fstack-clash-protection -Wformat -Werror=format-security -fno-plt -fPIC -DVERSION=\"0.1.2\" -I/usr/include/libxml2 -I/usr/include/lua5.4   -c -o laugeas.o laugeas.c
gcc -Os -fstack-clash-protection -Wformat -Werror=format-security -fno-plt -fPIC -DVERSION=\"0.1.2\" -Wl,--as-needed,-O1,--sort-common -Wl,-z,pack-relative-relocs -L/lib -o augeas.so  -fPIC -shared laugeas.o -laugeas
/usr/lib/gcc/x86_64-alpine-linux-musl/14.2.0/../../../../x86_64-alpine-linux-musl/bin/ld: warning: augeas.so has a LOAD segment with RWX permissions
>>> lua-augeas: Entering fakeroot...
>>> lua5.1-augeas*: Running split function split_5_1...
>>> lua5.1-augeas*: Preparing subpackage lua5.1-augeas...
>>> lua5.1-augeas*: Stripping binaries
>>> lua5.1-augeas*: Running postcheck for lua5.1-augeas
>>> lua5.2-augeas*: Running split function split_5_2...
>>> lua5.2-augeas*: Preparing subpackage lua5.2-augeas...
>>> lua5.2-augeas*: Stripping binaries
libfakeroot internal error: payload not recognized!
>>> lua5.2-augeas*: Running postcheck for lua5.2-augeas
>>> lua5.3-augeas*: Running split function split_5_3...
>>> lua5.3-augeas*: Preparing subpackage lua5.3-augeas...
>>> lua5.3-augeas*: Stripping binaries
>>> lua5.3-augeas*: Running postcheck for lua5.3-augeas
>>> lua5.4-augeas*: Running split function split_5_4...
>>> lua5.4-augeas*: Preparing subpackage lua5.4-augeas...
>>> lua5.4-augeas*: Stripping binaries
>>> lua5.4-augeas*: Running postcheck for lua5.4-augeas
>>> lua-augeas*: Running postcheck for lua-augeas
>>> lua-augeas*: Preparing package lua-augeas...
>>> lua-augeas*: Stripping binaries
libfakeroot internal error: payload not recognized!
>>> WARNING: lua-augeas*: No arch specific binaries found so arch should probably be set to "noarch"
>>> lua-augeas*: Scanning shared objects
>>> lua5.1-augeas*: Scanning shared objects
>>> lua5.2-augeas*: Scanning shared objects
>>> lua5.3-augeas*: Scanning shared objects
libfakeroot internal error: payload not recognized!
>>> lua5.4-augeas*: Scanning shared objects
>>> lua-augeas*: Tracing dependencies...
>>> lua-augeas*: Package size: 1.0 B
>>> lua-augeas*: Compressing data...
>>> lua-augeas*: Create checksum...
pigz: not found
>>> lua-augeas*: Create lua-augeas-0.1.2-r7.apk
>>> lua5.1-augeas*: Tracing dependencies...
	so:libaugeas.so.0
	so:libc.musl-x86_64.so.1
>>> lua5.1-augeas*: Package size: 15.1 KB
>>> lua5.1-augeas*: Compressing data...
>>> lua5.1-augeas*: Create checksum...
pigz: not found
>>> lua5.1-augeas*: Create lua5.1-augeas-0.1.2-r7.apk
>>> lua5.2-augeas*: Tracing dependencies...
	so:libaugeas.so.0
	so:libc.musl-x86_64.so.1
>>> lua5.2-augeas*: Package size: 15.2 KB
>>> lua5.2-augeas*: Compressing data...
>>> lua5.2-augeas*: Create checksum...
pigz: not found
>>> lua5.2-augeas*: Create lua5.2-augeas-0.1.2-r7.apk
>>> lua5.3-augeas*: Tracing dependencies...
	so:libaugeas.so.0
	so:libc.musl-x86_64.so.1
>>> lua5.3-augeas*: Package size: 15.3 KB
>>> lua5.3-augeas*: Compressing data...
>>> lua5.3-augeas*: Create checksum...
pigz: not found
>>> lua5.3-augeas*: Create lua5.3-augeas-0.1.2-r7.apk
>>> lua5.4-augeas*: Tracing dependencies...
	so:libaugeas.so.0
	so:libc.musl-x86_64.so.1
>>> lua5.4-augeas*: Package size: 15.3 KB
>>> lua5.4-augeas*: Compressing data...
>>> lua5.4-augeas*: Create checksum...
pigz: not found
>>> lua5.4-augeas*: Create lua5.4-augeas-0.1.2-r7.apk
>>> lua-augeas: Build complete at Thu, 22 May 2025 23:34:49 +0000 elapsed time 0h 0m 15s
>>> lua-augeas: Cleaning up srcdir
>>> lua-augeas: Cleaning up pkgdir
>>> lua-augeas: Uninstalling dependencies...
(1/20) Purging .makedepends-lua-augeas (20250522.233438)
(2/20) Purging augeas-dev (1.12.0-r6)
(3/20) Purging augeas-libs (1.12.0-r6)
(4/20) Purging lua5.1-dev (5.1.5-r13)
(5/20) Purging lua5.1 (5.1.5-r13)
(6/20) Purging lua5.1-libs (5.1.5-r13)
(7/20) Purging lua5.2-dev (5.2.4-r13)
(8/20) Purging lua5.2 (5.2.4-r13)
(9/20) Purging lua5.2-libs (5.2.4-r13)
(10/20) Purging lua5.3-dev (5.3.6-r6)
(11/20) Purging lua5.3 (5.3.6-r6)
(12/20) Purging lua5.3-libs (5.3.6-r6)
(13/20) Purging lua5.4-dev (5.4.7-r0)
(14/20) Purging libxml2-dev (2.13.4-r6)
(15/20) Purging libxml2-utils (2.13.4-r6)
(16/20) Purging libxml2 (2.13.4-r6)
(17/20) Purging linenoise (1.0-r5)
(18/20) Purging xz-dev (5.6.3-r1)
(19/20) Purging xz (5.6.3-r1)
(20/20) Purging xz-libs (5.6.3-r1)
Executing busybox-1.37.0-r12.trigger
OK: 313 MiB in 114 packages
>>> lua-augeas: Updating the main/x86_64 repository index...
>>> lua-augeas: Signing the index...
pigz: not found
