pigz: not found
>>> glu: Building main/glu 9.0.3-r4 (using abuild 3.14.1-r4) started Fri, 23 May 2025 17:51:34 +0000
>>> glu: Validating /home/packager/aports/main/glu/APKBUILD...
>>> glu: Analyzing dependencies...
>>> glu: Installing for build: build-base mesa-dev meson
(1/63) Installing hwdata-pci (0.394-r0)
(2/63) Installing libpciaccess (0.18.1-r0)
(3/63) Installing libdrm (2.4.123-r1)
(4/63) Installing libpciaccess-dev (0.18.1-r0)
(5/63) Installing libdrm-dev (2.4.123-r1)
(6/63) Installing libxau (1.0.12-r0)
(7/63) Installing xorgproto (2024.1-r0)
(8/63) Installing libxau-dev (1.0.12-r0)
(9/63) Installing libmd (1.1.0-r0)
(10/63) Installing libbsd (0.12.2-r0)
(11/63) Installing libxdmcp (1.1.5-r1)
(12/63) Installing libxcb (1.16.1-r0)
(13/63) Installing libx11 (1.8.10-r0)
(14/63) Installing libxext (1.3.6-r2)
(15/63) Installing libffi (3.4.7-r0)
(16/63) Installing gdbm (1.24-r0)
(17/63) Installing xz-libs (5.6.3-r1)
(18/63) Installing mpdecimal (4.0.0-r0)
(19/63) Installing sqlite-libs (3.49.2-r0)
(20/63) Installing python3 (3.12.10-r1)
(21/63) Installing python3-pycache-pyc0 (3.12.10-r1)
(22/63) Installing pyc (3.12.10-r1)
(23/63) Installing xcb-proto-pyc (1.17.0-r0)
(24/63) Installing python3-pyc (3.12.10-r1)
(25/63) Installing xcb-proto (1.17.0-r0)
(26/63) Installing libxdmcp-dev (1.1.5-r1)
(27/63) Installing libxcb-dev (1.16.1-r0)
(28/63) Installing xtrans (1.5.2-r0)
(29/63) Installing libx11-dev (1.8.10-r0)
(30/63) Installing libxext-dev (1.3.6-r2)
(31/63) Installing libxdamage (1.1.6-r5)
(32/63) Installing libxfixes (6.0.1-r4)
(33/63) Installing libxfixes-dev (6.0.1-r4)
(34/63) Installing libxdamage-dev (1.1.6-r5)
(35/63) Installing libxshmfence (1.3.2-r6)
(36/63) Installing libxshmfence-dev (1.3.2-r6)
(37/63) Installing libxml2 (2.13.4-r6)
(38/63) Installing llvm19-libs (19.1.4-r1)
(39/63) Installing libelf (0.191-r0)
(40/63) Installing mesa-glapi (24.2.8-r0)
(41/63) Installing mesa (24.2.8-r0)
(42/63) Installing wayland-libs-server (1.23.1-r0)
(43/63) Installing mesa-gbm (24.2.8-r0)
(44/63) Installing wayland-libs-client (1.23.1-r0)
(45/63) Installing mesa-egl (24.2.8-r0)
(46/63) Installing libxxf86vm (1.1.5-r6)
(47/63) Installing mesa-gl (24.2.8-r0)
(48/63) Installing mesa-gles (24.2.8-r0)
(49/63) Installing mesa-osmesa (24.2.8-r0)
(50/63) Installing clang19-headers (19.1.4-r0)
(51/63) Installing libclc (19.1.4-r0)
(52/63) Installing spirv-llvm-translator-libs (19.1.2-r0)
(53/63) Installing spirv-tools (1.4.309.0-r0)
(54/63) Installing clang19-libs (19.1.4-r0)
(55/63) Installing mesa-rusticl (24.2.8-r0)
(56/63) Installing mesa-xatracker (24.2.8-r0)
(57/63) Installing libxxf86vm-dev (1.1.5-r6)
(58/63) Installing mesa-dev (24.2.8-r0)
(59/63) Installing samurai (1.2-r6)
(60/63) Installing meson (1.6.1-r4)
(61/63) Installing meson-pyc (1.6.1-r4)
(62/63) Installing .makedepends-glu (20250523.175135)
(63/63) Installing abuild-meson (1.6.1-r4)
Executing busybox-1.37.0-r12.trigger
OK: 1147 MiB in 195 packages
>>> glu: Cleaning up srcdir
>>> glu: Cleaning up pkgdir
>>> glu: Cleaning up tmpdir
>>> glu: Fetching https://mesa.freedesktop.org/archive/glu/glu-9.0.3.tar.xz
Connecting to mesa.freedesktop.org (146.75.123.52:443)
Connecting to mesa3d.org (151.101.195.52:80)
Connecting to mesa3d.org (151.101.67.52:443)
Connecting to archive.mesa3d.org (131.252.210.176:443)
saving to '/var/cache/distfiles/glu-9.0.3.tar.xz.part'
glu-9.0.3.tar.xz.par 100% |********************************|  213k  0:00:00 ETA
'/var/cache/distfiles/glu-9.0.3.tar.xz.part' saved
>>> glu: Fetching https://mesa.freedesktop.org/archive/glu/glu-9.0.3.tar.xz
>>> glu: Checking sha512sums...
glu-9.0.3.tar.xz: OK
>>> glu: Unpacking /var/cache/distfiles/glu-9.0.3.tar.xz...
The Meson build system
Version: 1.6.1
Source dir: /home/packager/aports/main/glu/src/glu-9.0.3
Build dir: /home/packager/aports/main/glu/src/glu-9.0.3/output
Build type: native build
Project name: glu
Project version: 9.0.3

meson.build:4:0: ERROR: Compiler gcc cannot compile programs.

A full log can be found at /home/packager/aports/main/glu/src/glu-9.0.3/output/meson-logs/meson-log.txt
>>> ERROR: glu: build failed
>>> glu: Uninstalling dependencies...
(1/63) Purging .makedepends-glu (20250523.175135)
(2/63) Purging mesa-dev (24.2.8-r0)
(3/63) Purging libxdamage-dev (1.1.6-r5)
(4/63) Purging libxdamage (1.1.6-r5)
(5/63) Purging libxshmfence-dev (1.3.2-r6)
(6/63) Purging mesa-egl (24.2.8-r0)
(7/63) Purging mesa-gbm (24.2.8-r0)
(8/63) Purging mesa-gl (24.2.8-r0)
(9/63) Purging mesa-gles (24.2.8-r0)
(10/63) Purging mesa-osmesa (24.2.8-r0)
(11/63) Purging mesa-rusticl (24.2.8-r0)
(12/63) Purging clang19-headers (19.1.4-r0)
(13/63) Purging libclc (19.1.4-r0)
(14/63) Purging mesa-xatracker (24.2.8-r0)
(15/63) Purging mesa (24.2.8-r0)
(16/63) Purging abuild-meson (1.6.1-r4)
(17/63) Purging meson-pyc (1.6.1-r4)
(18/63) Purging meson (1.6.1-r4)
(19/63) Purging samurai (1.2-r6)
(20/63) Purging clang19-libs (19.1.4-r0)
(21/63) Purging libdrm-dev (2.4.123-r1)
(22/63) Purging libdrm (2.4.123-r1)
(23/63) Purging libelf (0.191-r0)
(24/63) Purging libpciaccess-dev (0.18.1-r0)
(25/63) Purging libpciaccess (0.18.1-r0)
(26/63) Purging hwdata-pci (0.394-r0)
(27/63) Purging libxfixes-dev (6.0.1-r4)
(28/63) Purging libxfixes (6.0.1-r4)
(29/63) Purging libxshmfence (1.3.2-r6)
(30/63) Purging libxxf86vm-dev (1.1.5-r6)
(31/63) Purging libxxf86vm (1.1.5-r6)
(32/63) Purging mesa-glapi (24.2.8-r0)
(33/63) Purging python3-pyc (3.12.10-r1)
(34/63) Purging python3-pycache-pyc0 (3.12.10-r1)
(35/63) Purging xcb-proto-pyc (1.17.0-r0)
(36/63) Purging pyc (3.12.10-r1)
(37/63) Purging spirv-llvm-translator-libs (19.1.2-r0)
(38/63) Purging spirv-tools (1.4.309.0-r0)
(39/63) Purging wayland-libs-client (1.23.1-r0)
(40/63) Purging wayland-libs-server (1.23.1-r0)
(41/63) Purging libxext-dev (1.3.6-r2)
(42/63) Purging libxext (1.3.6-r2)
(43/63) Purging libx11-dev (1.8.10-r0)
(44/63) Purging xtrans (1.5.2-r0)
(45/63) Purging libx11 (1.8.10-r0)
(46/63) Purging libxcb-dev (1.16.1-r0)
(47/63) Purging libxcb (1.16.1-r0)
(48/63) Purging xcb-proto (1.17.0-r0)
(49/63) Purging python3 (3.12.10-r1)
(50/63) Purging gdbm (1.24-r0)
(51/63) Purging libxdmcp-dev (1.1.5-r1)
(52/63) Purging libxdmcp (1.1.5-r1)
(53/63) Purging libbsd (0.12.2-r0)
(54/63) Purging llvm19-libs (19.1.4-r1)
(55/63) Purging libffi (3.4.7-r0)
(56/63) Purging libmd (1.1.0-r0)
(57/63) Purging libxau-dev (1.0.12-r0)
(58/63) Purging libxau (1.0.12-r0)
(59/63) Purging libxml2 (2.13.4-r6)
(60/63) Purging mpdecimal (4.0.0-r0)
(61/63) Purging sqlite-libs (3.49.2-r0)
(62/63) Purging xorgproto (2024.1-r0)
(63/63) Purging xz-libs (5.6.3-r1)
Executing busybox-1.37.0-r12.trigger
OK: 564 MiB in 132 packages
