>>> py3-pluggy: Validating /home/packager/oily-pine/main/py3-pluggy/APKBUILD...
>>> py3-pluggy: Cleaning up srcdir
>>> py3-pluggy: Cleaning up pkgdir
>>> py3-pluggy: Cleaning up tmpdir
>>> py3-pluggy: Fetching https://files.pythonhosted.org/packages/source/p/pluggy/pluggy-1.5.0.tar.gz
  % Total    % Received % Xferd  Average Speed   Time    Time     Time  Current
                                 Dload  Upload   Total   Spent    Left  Speed
  0     0    0     0    0     0      0      0 --:--:-- --:--:-- --:--:--     0  0     0    0     0    0     0      0      0 --:--:-- --:--:-- --:--:--     0
100 67955  100 67955    0     0  1519k      0 --:--:-- --:--:-- --:--:-- 1519k
>>> py3-pluggy: Fetching https://files.pythonhosted.org/packages/source/p/pluggy/pluggy-1.5.0.tar.gz
>>> py3-pluggy: Checking sha512sums...
pluggy-1.5.0.tar.gz: OK
>>> py3-pluggy: Preparing build chroot...
fetch http://dl-cdn.alpinelinux.org/alpine/edge/main/x86_64/APKINDEX.tar.gz
(1/96) Installing musl (1.2.5-r10)
(2/96) Installing libcrypto3 (3.5.0-r0)
(3/96) Installing ca-certificates-bundle (20241121-r2)
(4/96) Installing libssl3 (3.5.0-r0)
(5/96) Installing zlib (1.3.1-r2)
(6/96) Installing libapk2 (2.14.9-r2)
(7/96) Installing apk-tools (2.14.9-r2)
(8/96) Installing libcap2 (2.76-r0)
(9/96) Installing libcap-getcap (2.76-r0)
(10/96) Installing fakeroot (1.37.1.1-r0)
(11/96) Installing scanelf (1.3.8-r1)
(12/96) Installing musl-utils (1.2.5-r10)
(13/96) Installing libgcc (14.3.0-r0)
(14/96) Installing libstdc++ (14.3.0-r0)
(15/96) Installing lzip (1.25-r0)
(16/96) Installing openssl (3.5.0-r0)
(17/96) Installing patch (2.8-r0)
(18/96) Installing pkgconf (2.4.3-r0)
(19/96) Installing acl-libs (2.3.2-r1)
(20/96) Installing tar (1.35-r3)
(21/96) Installing busybox (1.37.0-r18)
Executing busybox-1.37.0-r18.post-install
(22/96) Installing ssl_client (1.37.0-r18)
(23/96) Installing busybox-binsh (1.37.0-r18)
(24/96) Installing abuild (3.15.0-r0)
Executing abuild-3.15.0-r0.pre-install
(25/96) Installing abuild-sudo (3.15.0-r0)
(26/96) Installing alpine-baselayout-data (3.7.0-r0)
(27/96) Installing alpine-baselayout (3.7.0-r0)
Executing alpine-baselayout-3.7.0-r0.pre-install
Executing alpine-baselayout-3.7.0-r0.post-install
(28/96) Installing bridge (1.5-r5)
(29/96) Installing ifupdown-ng (0.12.1-r7)
(30/96) Installing openrc-user (0.62.2-r2)
(31/96) Installing openrc (0.62.2-r2)
Executing openrc-0.62.2-r2.post-install
(32/96) Installing mdev-conf (4.8-r0)
(33/96) Installing busybox-mdev-openrc (1.37.0-r18)
(34/96) Installing alpine-conf (3.20.0-r0)
(35/96) Installing alpine-keys (2.5-r0)
(36/96) Installing alpine-release (3.22.0-r0)
(37/96) Installing busybox-openrc (1.37.0-r18)
(38/96) Installing busybox-suid (1.37.0-r18)
(39/96) Installing alpine-base (3.22.0-r0)
(40/96) Installing jansson (2.14.1-r0)
(41/96) Installing zstd-libs (1.5.7-r0)
(42/96) Installing binutils (2.44-r0)
(43/96) Installing libmagic (5.46-r2)
(44/96) Installing file (5.46-r2)
(45/96) Installing libgomp (14.3.0-r0)
(46/96) Installing libatomic (14.3.0-r0)
(47/96) Installing gmp (6.3.0-r3)
(48/96) Installing isl26 (0.26-r1)
(49/96) Installing mpfr4 (4.2.1_p1-r0)
(50/96) Installing mpc1 (1.3.1-r1)
(51/96) Installing gcc (14.3.0-r0)
(52/96) Installing libstdc++-dev (14.3.0-r0)
(53/96) Installing musl-dev (1.2.5-r10)
(54/96) Installing g++ (14.3.0-r0)
(55/96) Installing make (4.4.1-r3)
(56/96) Installing fortify-headers (1.1-r5)
(57/96) Installing build-base (0.5-r3)
(58/96) Installing brotli-libs (1.1.0-r2)
(59/96) Installing c-ares (1.34.5-r0)
(60/96) Installing libunistring (1.3-r0)
(61/96) Installing libidn2 (2.3.7-r0)
(62/96) Installing nghttp2-libs (1.65.0-r0)
(63/96) Installing libpsl (0.21.5-r3)
(64/96) Installing libcurl (8.14.0-r2)
(65/96) Installing libexpat (2.7.1-r0)
(66/96) Installing pcre2 (10.43-r1)
(67/96) Installing git (2.49.0-r0)
(68/96) Installing git-init-template (2.49.0-r0)
(69/96) Installing libbz2 (1.0.8-r6)
(70/96) Installing libffi (3.4.8-r0)
(71/96) Installing gdbm (1.24-r0)
(72/96) Installing xz-libs (5.8.1-r0)
(73/96) Installing mpdecimal (4.0.1-r0)
(74/96) Installing ncurses-terminfo-base (6.5_p20250503-r0)
(75/96) Installing libncursesw (6.5_p20250503-r0)
(76/96) Installing libpanelw (6.5_p20250503-r0)
(77/96) Installing readline (8.2.13-r1)
(78/96) Installing sqlite-libs (3.50.0-r0)
(79/96) Installing python3 (3.12.10-r1)
(80/96) Installing python3-pycache-pyc0 (3.12.10-r1)
(81/96) Installing pyc (3.12.10-r1)
(82/96) Installing py3-installer-pyc (0.7.0-r2)
(83/96) Installing py3-gpep517-pyc (19-r0)
(84/96) Installing python3-pyc (3.12.10-r1)
(85/96) Installing py3-installer (0.7.0-r2)
(86/96) Installing py3-gpep517 (19-r0)
(87/96) Installing py3-parsing (3.2.3-r0)
(88/96) Installing py3-parsing-pyc (3.2.3-r0)
(89/96) Installing py3-packaging (25.0-r0)
(90/96) Installing py3-packaging-pyc (25.0-r0)
(91/96) Installing py3-setuptools (80.9.0-r0)
(92/96) Installing py3-setuptools-pyc (80.9.0-r0)
(93/96) Installing py3-setuptools_scm (8.3.1-r0)
(94/96) Installing py3-setuptools_scm-pyc (8.3.1-r0)
(95/96) Installing py3-wheel (0.46.1-r0)
(96/96) Installing py3-wheel-pyc (0.46.1-r0)
Executing busybox-1.37.0-r18.trigger
OK: 306 MiB in 96 packages
>>> py3-pluggy: Fetching https://files.pythonhosted.org/packages/source/p/pluggy/pluggy-1.5.0.tar.gz
>>> py3-pluggy: Checking sha512sums...
pluggy-1.5.0.tar.gz: OK
>>> py3-pluggy: Unpacking /var/cache/distfiles/pluggy-1.5.0.tar.gz...
2025-05-31 10:49:45,463 gpep517 INFO Building wheel via backend setuptools.build_meta
/usr/lib/python3.12/site-packages/setuptools/dist.py:759: SetuptoolsDeprecationWarning: License classifiers are deprecated.
!!

        ********************************************************************************
        Please consider removing the following classifiers in favor of a SPDX license expression:

        License :: OSI Approved :: MIT License

        See https://packaging.python.org/en/latest/guides/writing-pyproject-toml/#license for details.
        ********************************************************************************

!!
  self._finalize_license_expression()
2025-05-31 10:49:45,481 root INFO running bdist_wheel
2025-05-31 10:49:45,490 root INFO running build
2025-05-31 10:49:45,490 root INFO running build_py
2025-05-31 10:49:45,492 root INFO creating build/lib/pluggy
2025-05-31 10:49:45,492 root INFO copying src/pluggy/_warnings.py -> build/lib/pluggy
2025-05-31 10:49:45,492 root INFO copying src/pluggy/_callers.py -> build/lib/pluggy
2025-05-31 10:49:45,492 root INFO copying src/pluggy/_version.py -> build/lib/pluggy
2025-05-31 10:49:45,492 root INFO copying src/pluggy/__init__.py -> build/lib/pluggy
2025-05-31 10:49:45,492 root INFO copying src/pluggy/_manager.py -> build/lib/pluggy
2025-05-31 10:49:45,493 root INFO copying src/pluggy/_tracing.py -> build/lib/pluggy
2025-05-31 10:49:45,493 root INFO copying src/pluggy/_hooks.py -> build/lib/pluggy
2025-05-31 10:49:45,493 root INFO copying src/pluggy/_result.py -> build/lib/pluggy
2025-05-31 10:49:45,493 root INFO copying src/pluggy/py.typed -> build/lib/pluggy
2025-05-31 10:49:45,497 root INFO installing to build/bdist.linux-x86_64/wheel
2025-05-31 10:49:45,497 root INFO running install
2025-05-31 10:49:45,501 root INFO running install_lib
2025-05-31 10:49:45,503 root INFO creating build/bdist.linux-x86_64/wheel
2025-05-31 10:49:45,503 root INFO creating build/bdist.linux-x86_64/wheel/pluggy
2025-05-31 10:49:45,503 root INFO copying build/lib/pluggy/_warnings.py -> build/bdist.linux-x86_64/wheel/./pluggy
2025-05-31 10:49:45,503 root INFO copying build/lib/pluggy/_callers.py -> build/bdist.linux-x86_64/wheel/./pluggy
2025-05-31 10:49:45,503 root INFO copying build/lib/pluggy/py.typed -> build/bdist.linux-x86_64/wheel/./pluggy
2025-05-31 10:49:45,504 root INFO copying build/lib/pluggy/_version.py -> build/bdist.linux-x86_64/wheel/./pluggy
2025-05-31 10:49:45,504 root INFO copying build/lib/pluggy/__init__.py -> build/bdist.linux-x86_64/wheel/./pluggy
2025-05-31 10:49:45,504 root INFO copying build/lib/pluggy/_manager.py -> build/bdist.linux-x86_64/wheel/./pluggy
2025-05-31 10:49:45,504 root INFO copying build/lib/pluggy/_tracing.py -> build/bdist.linux-x86_64/wheel/./pluggy
2025-05-31 10:49:45,504 root INFO copying build/lib/pluggy/_hooks.py -> build/bdist.linux-x86_64/wheel/./pluggy
2025-05-31 10:49:45,504 root INFO copying build/lib/pluggy/_result.py -> build/bdist.linux-x86_64/wheel/./pluggy
2025-05-31 10:49:45,504 root INFO running install_egg_info
2025-05-31 10:49:45,506 root INFO running egg_info
2025-05-31 10:49:45,507 root INFO writing src/pluggy.egg-info/PKG-INFO
2025-05-31 10:49:45,508 root INFO writing dependency_links to src/pluggy.egg-info/dependency_links.txt
2025-05-31 10:49:45,508 root INFO writing requirements to src/pluggy.egg-info/requires.txt
2025-05-31 10:49:45,508 root INFO writing top-level names to src/pluggy.egg-info/top_level.txt
ERROR setuptools_scm._file_finders.git listing git files failed - pretending there aren't any
2025-05-31 10:49:45,514 root INFO reading manifest file 'src/pluggy.egg-info/SOURCES.txt'
2025-05-31 10:49:45,515 root INFO reading manifest template 'MANIFEST.in'
2025-05-31 10:49:45,515 root WARNING warning: no files found matching 'CHANGELOG'
2025-05-31 10:49:45,516 root WARNING warning: no previously-included files matching '*.pyc' found under directory '*'
2025-05-31 10:49:45,516 root WARNING warning: no previously-included files matching '*.pyo' found under directory '*'
2025-05-31 10:49:45,516 root INFO adding license file 'LICENSE'
2025-05-31 10:49:45,516 root INFO writing manifest file 'src/pluggy.egg-info/SOURCES.txt'
2025-05-31 10:49:45,517 root INFO Copying src/pluggy.egg-info to build/bdist.linux-x86_64/wheel/./pluggy-1.5.0-py3.12.egg-info
2025-05-31 10:49:45,517 root INFO running install_scripts
2025-05-31 10:49:45,518 root INFO creating build/bdist.linux-x86_64/wheel/pluggy-1.5.0.dist-info/WHEEL
2025-05-31 10:49:45,518 wheel INFO creating '/tmp/src/pluggy-1.5.0/.dist/.tmp-nhmklpee/pluggy-1.5.0-py3-none-any.whl' and adding 'build/bdist.linux-x86_64/wheel' to it
2025-05-31 10:49:45,518 wheel INFO adding 'pluggy/__init__.py'
2025-05-31 10:49:45,518 wheel INFO adding 'pluggy/_callers.py'
2025-05-31 10:49:45,518 wheel INFO adding 'pluggy/_hooks.py'
2025-05-31 10:49:45,519 wheel INFO adding 'pluggy/_manager.py'
2025-05-31 10:49:45,519 wheel INFO adding 'pluggy/_result.py'
2025-05-31 10:49:45,519 wheel INFO adding 'pluggy/_tracing.py'
2025-05-31 10:49:45,519 wheel INFO adding 'pluggy/_version.py'
2025-05-31 10:49:45,519 wheel INFO adding 'pluggy/_warnings.py'
2025-05-31 10:49:45,519 wheel INFO adding 'pluggy/py.typed'
2025-05-31 10:49:45,519 wheel INFO adding 'pluggy-1.5.0.dist-info/licenses/LICENSE'
2025-05-31 10:49:45,519 wheel INFO adding 'pluggy-1.5.0.dist-info/METADATA'
2025-05-31 10:49:45,519 wheel INFO adding 'pluggy-1.5.0.dist-info/WHEEL'
2025-05-31 10:49:45,519 wheel INFO adding 'pluggy-1.5.0.dist-info/top_level.txt'
2025-05-31 10:49:45,520 wheel INFO adding 'pluggy-1.5.0.dist-info/RECORD'
2025-05-31 10:49:45,520 root INFO removing build/bdist.linux-x86_64/wheel
2025-05-31 10:49:45,520 gpep517 INFO The backend produced .dist/pluggy-1.5.0-py3-none-any.whl
pluggy-1.5.0-py3-none-any.whl
>>> py3-pluggy: Entering fakeroot...
>>> py3-pluggy-pyc*: Running split function pyc...
'usr/lib/python3.12/site-packages/pluggy/__pycache__' -> '/tmp/pkg/py3-pluggy-pyc/usr/lib/python3.12/site-packages/pluggy/__pycache__'
>>> py3-pluggy-pyc*: Preparing subpackage py3-pluggy-pyc...
>>> py3-pluggy-pyc*: Running postcheck for py3-pluggy-pyc
>>> py3-pluggy*: Running postcheck for py3-pluggy
>>> py3-pluggy*: Preparing package py3-pluggy...
>>> py3-pluggy-pyc*: Tracing dependencies...
	python3~3.12
>>> py3-pluggy-pyc*: Package size: 70.0 KB
>>> py3-pluggy-pyc*: Compressing data...
>>> py3-pluggy-pyc*: Create checksum...
>>> py3-pluggy-pyc*: Create py3-pluggy-pyc-1.5.0-r0.apk
>>> py3-pluggy*: Tracing dependencies...
	python3~3.12
>>> py3-pluggy*: Package size: 65.5 KB
>>> py3-pluggy*: Compressing data...
>>> py3-pluggy*: Create checksum...
>>> py3-pluggy*: Create py3-pluggy-1.5.0-r0.apk
>>> py3-pluggy: Updating the main/x86_64 repository index...
>>> py3-pluggy: Signing the index...
>>> py3-pluggy: Cleaning up srcdir
>>> py3-pluggy: Cleaning up build chroot
>>> py3-pluggy: Cleaning up pkgdir
