pigz: not found
>>> nss: Building main/nss 3.110-r0 (using abuild 3.14.1-r4) started Fri, 23 May 2025 16:52:14 +0000
>>> nss: Validating /home/packager/aports/main/nss/APKBUILD...
>>> nss: Analyzing dependencies...
>>> nss: Installing for build: build-base nspr-dev cmd:bash bsd-compat-headers linux-headers gyp perl sqlite-dev zlib-dev
(1/19) Installing nspr (4.36-r0)
(2/19) Installing nspr-dev (4.36-r0)
(3/19) Installing libffi (3.4.7-r0)
(4/19) Installing gdbm (1.24-r0)
(5/19) Installing xz-libs (5.6.3-r1)
(6/19) Installing mpdecimal (4.0.0-r0)
(7/19) Installing sqlite-libs (3.49.2-r0)
(8/19) Installing python3 (3.12.10-r1)
(9/19) Installing python3-pycache-pyc0 (3.12.10-r1)
(10/19) Installing pyc (3.12.10-r1)
(11/19) Installing samurai (1.2-r6)
(12/19) Installing py3-six (1.17.0-r0)
(13/19) Installing py3-six-pyc (1.17.0-r0)
(14/19) Installing gyp-pyc (20230301-r3)
(15/19) Installing python3-pyc (3.12.10-r1)
(16/19) Installing gyp (20230301-r3)
(17/19) Installing sqlite (3.49.2-r0)
(18/19) Installing sqlite-dev (3.49.2-r0)
(19/19) Installing .makedepends-nss (20250523.165216)
Executing busybox-1.37.0-r12.trigger
OK: 605 MiB in 151 packages
>>> nss: Cleaning up srcdir
>>> nss: Cleaning up pkgdir
>>> nss: Cleaning up tmpdir
>>> nss: Fetching https://ftp.mozilla.org/pub/security/nss/releases/NSS_3_110_RTM/src/nss-3.110.tar.gz
Connecting to ftp.mozilla.org (146.75.123.19:443)
saving to '/var/cache/distfiles/nss-3.110.tar.gz.part'
nss-3.110.tar.gz.par   5% |*                               | 3900k  0:00:18 ETA
nss-3.110.tar.gz.par  41% |*************                   | 30.0M  0:00:02 ETA
nss-3.110.tar.gz.par  51% |****************                | 37.7M  0:00:02 ETA
nss-3.110.tar.gz.par 100% |********************************| 73.0M  0:00:00 ETA
'/var/cache/distfiles/nss-3.110.tar.gz.part' saved
>>> nss: Fetching https://ftp.mozilla.org/pub/security/nss/releases/NSS_3_110_RTM/src/nss-3.110.tar.gz
>>> nss: Checking sha512sums...
nss-3.110.tar.gz: OK
gyp-config.patch: OK
no-werror.patch: OK
nss.pc.in: OK
nss-util.pc.in: OK
nss-softokn.pc.in: OK
nss-config.in: OK
>>> nss: Unpacking /var/cache/distfiles/nss-3.110.tar.gz...
>>> nss: gyp-config.patch
patching file coreconf/config.gypi
Hunk #2 succeeded at 107 (offset 5 lines).
patching file nss.gyp
Hunk #1 succeeded at 212 (offset 2 lines).
>>> nss: no-werror.patch
patching file coreconf/werror.py
ninja: entering directory '/home/packager/aports/main/nss/src/nss-3.110/nss/out/Release'
[1/1268] COPY ../../lib/mozpkix/include/pkix-test/pkixtestnss.h /home/packager/aports/main/nss/src/nss-3.110/dist/public/nss/mozpkix/test/pkixtestnss.h
[2/1268] COPY ../../lib/mozpkix/include/pkix-test/pkixtestutil.h /home/packager/aports/main/nss/src/nss-3.110/dist/public/nss/mozpkix/test/pkixtestutil.h
[3/1268] COPY ../../lib/mozpkix/include/pkix/pkixder.h /home/packager/aports/main/nss/src/nss-3.110/dist/public/nss/mozpkix/pkixder.h
[4/1268] COPY ../../lib/mozpkix/include/pkix/pkixcheck.h /home/packager/aports/main/nss/src/nss-3.110/dist/public/nss/mozpkix/pkixcheck.h
[5/1268] COPY ../../lib/mozpkix/include/pkix/pkixutil.h /home/packager/aports/main/nss/src/nss-3.110/dist/public/nss/mozpkix/pkixutil.h
[6/1268] COPY ../../lib/mozpkix/include/pkix/pkixtypes.h /home/packager/aports/main/nss/src/nss-3.110/dist/public/nss/mozpkix/pkixtypes.h
[7/1268] COPY ../../lib/mozpkix/include/pkix/pkixnss.h /home/packager/aports/main/nss/src/nss-3.110/dist/public/nss/mozpkix/pkixnss.h
[8/1268] COPY ../../lib/mozpkix/include/pkix/pkixc.h /home/packager/aports/main/nss/src/nss-3.110/dist/public/nss/mozpkix/pkixc.h
[9/1268] STAMP obj/lib/mozpkix/lib_mozpkix_test_exports.actions_rules_copies.stamp
[10/1268] COPY ../../lib/mozpkix/include/pkix/pkix.h /home/packager/aports/main/nss/src/nss-3.110/dist/public/nss/mozpkix/pkix.h
[11/1268] COPY ../../lib/mozpkix/include/pkix/Result.h /home/packager/aports/main/nss/src/nss-3.110/dist/public/nss/mozpkix/Result.h
[12/1268] COPY ../../lib/mozpkix/include/pkix/Time.h /home/packager/aports/main/nss/src/nss-3.110/dist/public/nss/mozpkix/Time.h
[13/1268] COPY ../../lib/mozpkix/include/pkix/Input.h /home/packager/aports/main/nss/src/nss-3.110/dist/public/nss/mozpkix/Input.h
[14/1268] COPY ../../cpputil/nss_scoped_ptrs.h /home/packager/aports/main/nss/src/nss-3.110/dist/public/nss/mozpkix/nss_scoped_ptrs.h
[15/1268] CXX obj/gtests/google_test/gtest/src/gtest.gtest-all.o
[16/1268] COPY ../../lib/libpkix/pkix_pl_nss/system/pkix_pl_string.h /home/packager/aports/main/nss/src/nss-3.110/dist/private/nss/pkix_pl_string.h
[17/1268] COPY ../../lib/libpkix/pkix_pl_nss/system/pkix_pl_rwlock.h /home/packager/aports/main/nss/src/nss-3.110/dist/private/nss/pkix_pl_rwlock.h
[18/1268] COPY ../../lib/libpkix/pkix_pl_nss/system/pkix_pl_primhash.h /home/packager/aports/main/nss/src/nss-3.110/dist/private/nss/pkix_pl_primhash.h
[19/1268] STAMP obj/lib/mozpkix/lib_mozpkix_exports.actions_rules_copies.stamp
[20/1268] COPY ../../lib/libpkix/pkix_pl_nss/system/pkix_pl_oid.h /home/packager/aports/main/nss/src/nss-3.110/dist/private/nss/pkix_pl_oid.h
[21/1268] COPY ../../lib/libpkix/pkix_pl_nss/system/pkix_pl_object.h /home/packager/aports/main/nss/src/nss-3.110/dist/private/nss/pkix_pl_object.h
[22/1268] COPY ../../lib/libpkix/pkix_pl_nss/system/pkix_pl_mutex.h /home/packager/aports/main/nss/src/nss-3.110/dist/private/nss/pkix_pl_mutex.h
[23/1268] STAMP obj/nss_mozpkix_exports.compile_depends.stamp
[24/1268] STAMP obj/nss_mozpkix_exports.actions_depends.stamp
[25/1268] COPY ../../lib/libpkix/pkix_pl_nss/system/pkix_pl_monitorlock.h /home/packager/aports/main/nss/src/nss-3.110/dist/private/nss/pkix_pl_monitorlock.h
[26/1268] COPY ../../lib/libpkix/pkix_pl_nss/system/pkix_pl_mem.h /home/packager/aports/main/nss/src/nss-3.110/dist/private/nss/pkix_pl_mem.h
[27/1268] COPY ../../lib/libpkix/pkix_pl_nss/system/pkix_pl_lifecycle.h /home/packager/aports/main/nss/src/nss-3.110/dist/private/nss/pkix_pl_lifecycle.h
[28/1268] COPY ../../lib/libpkix/pkix_pl_nss/system/pkix_pl_hashtable.h /home/packager/aports/main/nss/src/nss-3.110/dist/private/nss/pkix_pl_hashtable.h
[29/1268] COPY ../../lib/libpkix/pkix_pl_nss/system/pkix_pl_common.h /home/packager/aports/main/nss/src/nss-3.110/dist/private/nss/pkix_pl_common.h
[30/1268] COPY ../../lib/libpkix/pkix_pl_nss/system/pkix_pl_bytearray.h /home/packager/aports/main/nss/src/nss-3.110/dist/private/nss/pkix_pl_bytearray.h
[31/1268] COPY ../../lib/libpkix/pkix_pl_nss/system/pkix_pl_bigint.h /home/packager/aports/main/nss/src/nss-3.110/dist/private/nss/pkix_pl_bigint.h
[32/1268] COPY ../../lib/libpkix/pkix_pl_nss/pki/pkix_pl_x500name.h /home/packager/aports/main/nss/src/nss-3.110/dist/private/nss/pkix_pl_x500name.h
[33/1268] COPY ../../lib/libpkix/pkix_pl_nss/pki/pkix_pl_publickey.h /home/packager/aports/main/nss/src/nss-3.110/dist/private/nss/pkix_pl_publickey.h
[34/1268] COPY ../../lib/libpkix/pkix_pl_nss/pki/pkix_pl_ocspresponse.h /home/packager/aports/main/nss/src/nss-3.110/dist/private/nss/pkix_pl_ocspresponse.h
[35/1268] COPY ../../lib/libpkix/pkix_pl_nss/pki/pkix_pl_ocsprequest.h /home/packager/aports/main/nss/src/nss-3.110/dist/private/nss/pkix_pl_ocsprequest.h
[36/1268] COPY ../../lib/libpkix/pkix_pl_nss/pki/pkix_pl_ocspcertid.h /home/packager/aports/main/nss/src/nss-3.110/dist/private/nss/pkix_pl_ocspcertid.h
[37/1268] COPY ../../lib/libpkix/pkix_pl_nss/pki/pkix_pl_nameconstraints.h /home/packager/aports/main/nss/src/nss-3.110/dist/private/nss/pkix_pl_nameconstraints.h
[38/1268] STAMP obj/lib/libpkix/pkix_pl_nss/system/lib_libpkix_pkix_pl_nss_system_exports.actions_rules_copies.stamp
[39/1268] COPY ../../lib/libpkix/pkix_pl_nss/pki/pkix_pl_infoaccess.h /home/packager/aports/main/nss/src/nss-3.110/dist/private/nss/pkix_pl_infoaccess.h
[40/1268] COPY ../../lib/libpkix/pkix_pl_nss/pki/pkix_pl_generalname.h /home/packager/aports/main/nss/src/nss-3.110/dist/private/nss/pkix_pl_generalname.h
[41/1268] COPY ../../lib/libpkix/pkix_pl_nss/pki/pkix_pl_date.h /home/packager/aports/main/nss/src/nss-3.110/dist/private/nss/pkix_pl_date.h
[42/1268] COPY ../../lib/libpkix/pkix_pl_nss/pki/pkix_pl_crlentry.h /home/packager/aports/main/nss/src/nss-3.110/dist/private/nss/pkix_pl_crlentry.h
[43/1268] COPY ../../lib/libpkix/pkix_pl_nss/pki/pkix_pl_crldp.h /home/packager/aports/main/nss/src/nss-3.110/dist/private/nss/pkix_pl_crldp.h
[44/1268] COPY ../../lib/libpkix/pkix_pl_nss/pki/pkix_pl_crl.h /home/packager/aports/main/nss/src/nss-3.110/dist/private/nss/pkix_pl_crl.h
[45/1268] COPY ../../lib/libpkix/pkix_pl_nss/pki/pkix_pl_certpolicyqualifier.h /home/packager/aports/main/nss/src/nss-3.110/dist/private/nss/pkix_pl_certpolicyqualifier.h
[46/1268] COPY ../../lib/libpkix/pkix_pl_nss/pki/pkix_pl_certpolicymap.h /home/packager/aports/main/nss/src/nss-3.110/dist/private/nss/pkix_pl_certpolicymap.h
[47/1268] COPY ../../lib/libpkix/pkix_pl_nss/pki/pkix_pl_certpolicyinfo.h /home/packager/aports/main/nss/src/nss-3.110/dist/private/nss/pkix_pl_certpolicyinfo.h
[48/1268] COPY ../../lib/libpkix/pkix_pl_nss/pki/pkix_pl_cert.h /home/packager/aports/main/nss/src/nss-3.110/dist/private/nss/pkix_pl_cert.h
[49/1268] COPY ../../lib/libpkix/pkix_pl_nss/pki/pkix_pl_basicconstraints.h /home/packager/aports/main/nss/src/nss-3.110/dist/private/nss/pkix_pl_basicconstraints.h
[50/1268] COPY ../../lib/libpkix/pkix_pl_nss/module/pkix_pl_socket.h /home/packager/aports/main/nss/src/nss-3.110/dist/private/nss/pkix_pl_socket.h
[51/1268] COPY ../../lib/libpkix/pkix_pl_nss/module/pkix_pl_pk11certstore.h /home/packager/aports/main/nss/src/nss-3.110/dist/private/nss/pkix_pl_pk11certstore.h
[52/1268] COPY ../../lib/libpkix/pkix_pl_nss/module/pkix_pl_nsscontext.h /home/packager/aports/main/nss/src/nss-3.110/dist/private/nss/pkix_pl_nsscontext.h
[53/1268] COPY ../../lib/libpkix/pkix_pl_nss/module/pkix_pl_ldapt.h /home/packager/aports/main/nss/src/nss-3.110/dist/private/nss/pkix_pl_ldapt.h
[54/1268] COPY ../../lib/libpkix/pkix_pl_nss/module/pkix_pl_ldapresponse.h /home/packager/aports/main/nss/src/nss-3.110/dist/private/nss/pkix_pl_ldapresponse.h
[55/1268] COPY ../../lib/libpkix/pkix_pl_nss/module/pkix_pl_ldaprequest.h /home/packager/aports/main/nss/src/nss-3.110/dist/private/nss/pkix_pl_ldaprequest.h
[56/1268] STAMP obj/lib/libpkix/pkix_pl_nss/pki/lib_libpkix_pkix_pl_nss_pki_exports.actions_rules_copies.stamp
[57/1268] COPY ../../lib/libpkix/pkix_pl_nss/module/pkix_pl_ldapdefaultclient.h /home/packager/aports/main/nss/src/nss-3.110/dist/private/nss/pkix_pl_ldapdefaultclient.h
[58/1268] COPY ../../lib/libpkix/pkix_pl_nss/module/pkix_pl_ldapcertstore.h /home/packager/aports/main/nss/src/nss-3.110/dist/private/nss/pkix_pl_ldapcertstore.h
[59/1268] COPY ../../lib/libpkix/pkix_pl_nss/module/pkix_pl_httpdefaultclient.h /home/packager/aports/main/nss/src/nss-3.110/dist/private/nss/pkix_pl_httpdefaultclient.h
[60/1268] COPY ../../lib/libpkix/pkix_pl_nss/module/pkix_pl_httpcertstore.h /home/packager/aports/main/nss/src/nss-3.110/dist/private/nss/pkix_pl_httpcertstore.h
[61/1268] COPY ../../lib/libpkix/pkix_pl_nss/module/pkix_pl_colcertstore.h /home/packager/aports/main/nss/src/nss-3.110/dist/private/nss/pkix_pl_colcertstore.h
[62/1268] COPY ../../lib/libpkix/pkix_pl_nss/module/pkix_pl_aiamgr.h /home/packager/aports/main/nss/src/nss-3.110/dist/private/nss/pkix_pl_aiamgr.h
[63/1268] COPY ../../lib/libpkix/pkix/util/pkix_tools.h /home/packager/aports/main/nss/src/nss-3.110/dist/private/nss/pkix_tools.h
[64/1268] COPY ../../lib/libpkix/pkix/util/pkix_logger.h /home/packager/aports/main/nss/src/nss-3.110/dist/private/nss/pkix_logger.h
[65/1268] STAMP obj/lib/libpkix/pkix_pl_nss/module/lib_libpkix_pkix_pl_nss_module_exports.actions_rules_copies.stamp
[66/1268] COPY ../../lib/libpkix/pkix/util/pkix_list.h /home/packager/aports/main/nss/src/nss-3.110/dist/private/nss/pkix_list.h
[67/1268] COPY ../../lib/libpkix/pkix/util/pkix_error.h /home/packager/aports/main/nss/src/nss-3.110/dist/private/nss/pkix_error.h
[68/1268] COPY ../../lib/libpkix/pkix/top/pkix_validate.h /home/packager/aports/main/nss/src/nss-3.110/dist/private/nss/pkix_validate.h
[69/1268] COPY ../../lib/libpkix/pkix/top/pkix_lifecycle.h /home/packager/aports/main/nss/src/nss-3.110/dist/private/nss/pkix_lifecycle.h
[70/1268] COPY ../../lib/libpkix/pkix/top/pkix_build.h /home/packager/aports/main/nss/src/nss-3.110/dist/private/nss/pkix_build.h
[71/1268] STAMP obj/lib/libpkix/pkix/util/lib_libpkix_pkix_util_exports.actions_rules_copies.stamp
[72/1268] COPY ../../lib/libpkix/pkix/store/pkix_store.h /home/packager/aports/main/nss/src/nss-3.110/dist/private/nss/pkix_store.h
[73/1268] COPY ../../lib/libpkix/pkix/results/pkix_verifynode.h /home/packager/aports/main/nss/src/nss-3.110/dist/private/nss/pkix_verifynode.h
[74/1268] COPY ../../lib/libpkix/pkix/results/pkix_valresult.h /home/packager/aports/main/nss/src/nss-3.110/dist/private/nss/pkix_valresult.h
[75/1268] COPY ../../lib/libpkix/pkix/results/pkix_policynode.h /home/packager/aports/main/nss/src/nss-3.110/dist/private/nss/pkix_policynode.h
[76/1268] COPY ../../lib/libpkix/pkix/results/pkix_buildresult.h /home/packager/aports/main/nss/src/nss-3.110/dist/private/nss/pkix_buildresult.h
[77/1268] STAMP obj/lib/libpkix/pkix/top/lib_libpkix_pkix_top_exports.actions_rules_copies.stamp
[78/1268] COPY ../../lib/libpkix/pkix/params/pkix_valparams.h /home/packager/aports/main/nss/src/nss-3.110/dist/private/nss/pkix_valparams.h
[79/1268] COPY ../../lib/libpkix/pkix/params/pkix_trustanchor.h /home/packager/aports/main/nss/src/nss-3.110/dist/private/nss/pkix_trustanchor.h
[80/1268] COPY ../../lib/libpkix/pkix/params/pkix_resourcelimits.h /home/packager/aports/main/nss/src/nss-3.110/dist/private/nss/pkix_resourcelimits.h
[81/1268] COPY ../../lib/libpkix/pkix/params/pkix_procparams.h /home/packager/aports/main/nss/src/nss-3.110/dist/private/nss/pkix_procparams.h
[82/1268] COPY ../../lib/libpkix/pkix/crlsel/pkix_crlselector.h /home/packager/aports/main/nss/src/nss-3.110/dist/private/nss/pkix_crlselector.h
[83/1268] STAMP obj/lib/libpkix/pkix/params/lib_libpkix_pkix_params_exports.actions_rules_copies.stamp
[84/1268] STAMP obj/lib/libpkix/pkix/results/lib_libpkix_pkix_results_exports.actions_rules_copies.stamp
[85/1268] COPY ../../lib/libpkix/pkix/crlsel/pkix_comcrlselparams.h /home/packager/aports/main/nss/src/nss-3.110/dist/private/nss/pkix_comcrlselparams.h
[86/1268] COPY ../../lib/libpkix/pkix/checker/pkix_targetcertchecker.h /home/packager/aports/main/nss/src/nss-3.110/dist/private/nss/pkix_targetcertchecker.h
[87/1268] COPY ../../lib/libpkix/pkix/checker/pkix_signaturechecker.h /home/packager/aports/main/nss/src/nss-3.110/dist/private/nss/pkix_signaturechecker.h
[88/1268] COPY ../../lib/libpkix/pkix/checker/pkix_revocationmethod.h /home/packager/aports/main/nss/src/nss-3.110/dist/private/nss/pkix_revocationmethod.h
[89/1268] STAMP obj/lib/libpkix/pkix/crlsel/lib_libpkix_pkix_crlsel_exports.actions_rules_copies.stamp
[90/1268] COPY ../../lib/libpkix/pkix/checker/pkix_revocationchecker.h /home/packager/aports/main/nss/src/nss-3.110/dist/private/nss/pkix_revocationchecker.h
[91/1268] COPY ../../lib/libpkix/pkix/checker/pkix_policychecker.h /home/packager/aports/main/nss/src/nss-3.110/dist/private/nss/pkix_policychecker.h
[92/1268] COPY ../../lib/libpkix/pkix/checker/pkix_ocspchecker.h /home/packager/aports/main/nss/src/nss-3.110/dist/private/nss/pkix_ocspchecker.h
[93/1268] COPY ../../lib/libpkix/pkix/checker/pkix_nameconstraintschecker.h /home/packager/aports/main/nss/src/nss-3.110/dist/private/nss/pkix_nameconstraintschecker.h
[94/1268] COPY ../../lib/libpkix/pkix/checker/pkix_namechainingchecker.h /home/packager/aports/main/nss/src/nss-3.110/dist/private/nss/pkix_namechainingchecker.h
[95/1268] COPY ../../lib/libpkix/pkix/checker/pkix_expirationchecker.h /home/packager/aports/main/nss/src/nss-3.110/dist/private/nss/pkix_expirationchecker.h
[96/1268] COPY ../../lib/libpkix/pkix/checker/pkix_ekuchecker.h /home/packager/aports/main/nss/src/nss-3.110/dist/private/nss/pkix_ekuchecker.h
[97/1268] COPY ../../lib/libpkix/pkix/checker/pkix_crlchecker.h /home/packager/aports/main/nss/src/nss-3.110/dist/private/nss/pkix_crlchecker.h
[98/1268] COPY ../../lib/libpkix/pkix/checker/pkix_certchainchecker.h /home/packager/aports/main/nss/src/nss-3.110/dist/private/nss/pkix_certchainchecker.h
[99/1268] COPY ../../lib/libpkix/pkix/checker/pkix_basicconstraintschecker.h /home/packager/aports/main/nss/src/nss-3.110/dist/private/nss/pkix_basicconstraintschecker.h
[100/1268] COPY ../../lib/libpkix/pkix/certsel/pkix_comcertselparams.h /home/packager/aports/main/nss/src/nss-3.110/dist/private/nss/pkix_comcertselparams.h
[101/1268] COPY ../../lib/libpkix/pkix/certsel/pkix_certselector.h /home/packager/aports/main/nss/src/nss-3.110/dist/private/nss/pkix_certselector.h
[102/1268] COPY ../../lib/libpkix/include/pkixt.h /home/packager/aports/main/nss/src/nss-3.110/dist/private/nss/pkixt.h
[103/1268] STAMP obj/lib/libpkix/pkix/checker/lib_libpkix_pkix_checker_exports.actions_rules_copies.stamp
[104/1268] STAMP obj/lib/libpkix/pkix/certsel/lib_libpkix_pkix_certsel_exports.actions_rules_copies.stamp
[105/1268] COPY ../../lib/libpkix/include/pkix_util.h /home/packager/aports/main/nss/src/nss-3.110/dist/private/nss/pkix_util.h
[106/1268] COPY ../../lib/libpkix/include/pkix_sample_modules.h /home/packager/aports/main/nss/src/nss-3.110/dist/private/nss/pkix_sample_modules.h
[107/1268] COPY ../../lib/libpkix/include/pkix_revchecker.h /home/packager/aports/main/nss/src/nss-3.110/dist/private/nss/pkix_revchecker.h
[108/1268] COPY ../../lib/libpkix/include/pkix_results.h /home/packager/aports/main/nss/src/nss-3.110/dist/private/nss/pkix_results.h
[109/1268] COPY ../../lib/libpkix/include/pkix_pl_system.h /home/packager/aports/main/nss/src/nss-3.110/dist/private/nss/pkix_pl_system.h
[110/1268] COPY ../../lib/libpkix/include/pkix_pl_pki.h /home/packager/aports/main/nss/src/nss-3.110/dist/private/nss/pkix_pl_pki.h
[111/1268] COPY ../../lib/libpkix/include/pkix_params.h /home/packager/aports/main/nss/src/nss-3.110/dist/private/nss/pkix_params.h
[112/1268] COPY ../../lib/libpkix/include/pkix_errorstrings.h /home/packager/aports/main/nss/src/nss-3.110/dist/private/nss/pkix_errorstrings.h
[113/1268] COPY ../../lib/libpkix/include/pkix_crlsel.h /home/packager/aports/main/nss/src/nss-3.110/dist/private/nss/pkix_crlsel.h
[114/1268] COPY ../../lib/libpkix/include/pkix_checker.h /home/packager/aports/main/nss/src/nss-3.110/dist/private/nss/pkix_checker.h
[115/1268] COPY ../../lib/libpkix/include/pkix_certstore.h /home/packager/aports/main/nss/src/nss-3.110/dist/private/nss/pkix_certstore.h
[116/1268] COPY ../../lib/libpkix/include/pkix_certsel.h /home/packager/aports/main/nss/src/nss-3.110/dist/private/nss/pkix_certsel.h
[117/1268] COPY ../../lib/libpkix/include/pkix.h /home/packager/aports/main/nss/src/nss-3.110/dist/private/nss/pkix.h
[118/1268] COPY ../../lib/util/verref.h /home/packager/aports/main/nss/src/nss-3.110/dist/private/nss/verref.h
[119/1268] COPY ../../lib/util/templates.c /home/packager/aports/main/nss/src/nss-3.110/dist/private/nss/templates.c
[120/1268] COPY ../../lib/util/utilrename.h /home/packager/aports/main/nss/src/nss-3.110/dist/public/nss/utilrename.h
[121/1268] STAMP obj/lib/libpkix/include/lib_libpkix_include_exports.actions_rules_copies.stamp
[122/1268] COPY ../../lib/util/utilparst.h /home/packager/aports/main/nss/src/nss-3.110/dist/public/nss/utilparst.h
[123/1268] COPY ../../lib/util/utilpars.h /home/packager/aports/main/nss/src/nss-3.110/dist/public/nss/utilpars.h
[124/1268] COPY ../../lib/util/utilmodt.h /home/packager/aports/main/nss/src/nss-3.110/dist/public/nss/utilmodt.h
[125/1268] COPY ../../lib/util/secport.h /home/packager/aports/main/nss/src/nss-3.110/dist/public/nss/secport.h
[126/1268] COPY ../../lib/util/secoidt.h /home/packager/aports/main/nss/src/nss-3.110/dist/public/nss/secoidt.h
[127/1268] COPY ../../lib/util/secoid.h /home/packager/aports/main/nss/src/nss-3.110/dist/public/nss/secoid.h
[128/1268] COPY ../../lib/util/secitem.h /home/packager/aports/main/nss/src/nss-3.110/dist/public/nss/secitem.h
[129/1268] COPY ../../lib/util/secerr.h /home/packager/aports/main/nss/src/nss-3.110/dist/public/nss/secerr.h
[130/1268] COPY ../../lib/util/secdigt.h /home/packager/aports/main/nss/src/nss-3.110/dist/public/nss/secdigt.h
[131/1268] COPY ../../lib/util/secdig.h /home/packager/aports/main/nss/src/nss-3.110/dist/public/nss/secdig.h
[132/1268] COPY ../../lib/util/secdert.h /home/packager/aports/main/nss/src/nss-3.110/dist/public/nss/secdert.h
[133/1268] COPY ../../lib/util/secder.h /home/packager/aports/main/nss/src/nss-3.110/dist/public/nss/secder.h
[134/1268] COPY ../../lib/util/seccomon.h /home/packager/aports/main/nss/src/nss-3.110/dist/public/nss/seccomon.h
[135/1268] COPY ../../lib/util/secasn1t.h /home/packager/aports/main/nss/src/nss-3.110/dist/public/nss/secasn1t.h
[136/1268] COPY ../../lib/util/secasn1.h /home/packager/aports/main/nss/src/nss-3.110/dist/public/nss/secasn1.h
[137/1268] COPY ../../lib/util/portreg.h /home/packager/aports/main/nss/src/nss-3.110/dist/public/nss/portreg.h
[138/1268] COPY ../../lib/util/pkcs1sig.h /home/packager/aports/main/nss/src/nss-3.110/dist/public/nss/pkcs1sig.h
[139/1268] COPY ../../lib/util/pkcs11uri.h /home/packager/aports/main/nss/src/nss-3.110/dist/public/nss/pkcs11uri.h
[140/1268] COPY ../../lib/util/pkcs11u.h /home/packager/aports/main/nss/src/nss-3.110/dist/public/nss/pkcs11u.h
[141/1268] COPY ../../lib/util/pkcs11t.h /home/packager/aports/main/nss/src/nss-3.110/dist/public/nss/pkcs11t.h
[142/1268] COPY ../../lib/util/pkcs11p.h /home/packager/aports/main/nss/src/nss-3.110/dist/public/nss/pkcs11p.h
[143/1268] COPY ../../lib/util/pkcs11n.h /home/packager/aports/main/nss/src/nss-3.110/dist/public/nss/pkcs11n.h
[144/1268] COPY ../../lib/util/pkcs11f.h /home/packager/aports/main/nss/src/nss-3.110/dist/public/nss/pkcs11f.h
[145/1268] COPY ../../lib/util/pkcs11.h /home/packager/aports/main/nss/src/nss-3.110/dist/public/nss/pkcs11.h
[146/1268] COPY ../../lib/util/nssutil.h /home/packager/aports/main/nss/src/nss-3.110/dist/public/nss/nssutil.h
[147/1268] COPY ../../lib/util/nssrwlkt.h /home/packager/aports/main/nss/src/nss-3.110/dist/public/nss/nssrwlkt.h
[148/1268] COPY ../../lib/util/nssrwlk.h /home/packager/aports/main/nss/src/nss-3.110/dist/public/nss/nssrwlk.h
[149/1268] COPY ../../lib/util/nsshash.h /home/packager/aports/main/nss/src/nss-3.110/dist/public/nss/nsshash.h
[150/1268] COPY ../../lib/util/nsslocks.h /home/packager/aports/main/nss/src/nss-3.110/dist/public/nss/nsslocks.h
[151/1268] COPY ../../lib/util/nssilock.h /home/packager/aports/main/nss/src/nss-3.110/dist/public/nss/nssilock.h
[152/1268] COPY ../../lib/util/nssilckt.h /home/packager/aports/main/nss/src/nss-3.110/dist/public/nss/nssilckt.h
[153/1268] COPY ../../lib/util/nssb64t.h /home/packager/aports/main/nss/src/nss-3.110/dist/public/nss/nssb64t.h
[154/1268] COPY ../../lib/util/nssb64.h /home/packager/aports/main/nss/src/nss-3.110/dist/public/nss/nssb64.h
[155/1268] COPY ../../lib/util/kyber.h /home/packager/aports/main/nss/src/nss-3.110/dist/public/nss/kyber.h
[156/1268] COPY ../../lib/util/hasht.h /home/packager/aports/main/nss/src/nss-3.110/dist/public/nss/hasht.h
[157/1268] COPY ../../lib/util/eccutil.h /home/packager/aports/main/nss/src/nss-3.110/dist/public/nss/eccutil.h
[158/1268] COPY ../../lib/util/ciferfam.h /home/packager/aports/main/nss/src/nss-3.110/dist/public/nss/ciferfam.h
[159/1268] COPY ../../lib/util/base64.h /home/packager/aports/main/nss/src/nss-3.110/dist/public/nss/base64.h
[160/1268] COPY ../../lib/ssl/sslt.h /home/packager/aports/main/nss/src/nss-3.110/dist/public/nss/sslt.h
[161/1268] COPY ../../lib/ssl/sslproto.h /home/packager/aports/main/nss/src/nss-3.110/dist/public/nss/sslproto.h
[162/1268] COPY ../../lib/ssl/sslexp.h /home/packager/aports/main/nss/src/nss-3.110/dist/public/nss/sslexp.h
[163/1268] COPY ../../lib/ssl/sslerr.h /home/packager/aports/main/nss/src/nss-3.110/dist/public/nss/sslerr.h
[164/1268] COPY ../../lib/ssl/ssl.h /home/packager/aports/main/nss/src/nss-3.110/dist/public/nss/ssl.h
[165/1268] STAMP obj/lib/util/lib_util_exports.actions_rules_copies.stamp
[166/1268] COPY ../../lib/ssl/preenc.h /home/packager/aports/main/nss/src/nss-3.110/dist/public/nss/preenc.h
[167/1268] COPY ../../lib/sqlite/sqlite3.h /home/packager/aports/main/nss/src/nss-3.110/dist/private/nss/sqlite3.h
[168/1268] COPY ../../lib/softoken/softoknt.h /home/packager/aports/main/nss/src/nss-3.110/dist/private/nss/softoknt.h
[169/1268] COPY ../../lib/softoken/softoken.h /home/packager/aports/main/nss/src/nss-3.110/dist/private/nss/softoken.h
[170/1268] COPY ../../lib/softoken/softkver.h /home/packager/aports/main/nss/src/nss-3.110/dist/private/nss/softkver.h
[171/1268] STAMP obj/lib/ssl/lib_ssl_exports.actions_rules_copies.stamp
[172/1268] COPY ../../lib/softoken/sftkdbt.h /home/packager/aports/main/nss/src/nss-3.110/dist/private/nss/sftkdbt.h
[173/1268] COPY ../../lib/softoken/sdb.h /home/packager/aports/main/nss/src/nss-3.110/dist/private/nss/sdb.h
[174/1268] COPY ../../lib/softoken/pkcs11ni.h /home/packager/aports/main/nss/src/nss-3.110/dist/private/nss/pkcs11ni.h
[175/1268] COPY ../../lib/softoken/lowkeyti.h /home/packager/aports/main/nss/src/nss-3.110/dist/public/nss/lowkeyti.h
[176/1268] COPY ../../lib/softoken/lowkeyi.h /home/packager/aports/main/nss/src/nss-3.110/dist/public/nss/lowkeyi.h
[177/1268] COPY ../../lib/smime/cmslocal.h /home/packager/aports/main/nss/src/nss-3.110/dist/private/nss/cmslocal.h
[178/1268] COPY ../../lib/smime/smime.h /home/packager/aports/main/nss/src/nss-3.110/dist/public/nss/smime.h
[179/1268] COPY ../../lib/smime/cmst.h /home/packager/aports/main/nss/src/nss-3.110/dist/public/nss/cmst.h
[180/1268] COPY ../../lib/smime/cmsreclist.h /home/packager/aports/main/nss/src/nss-3.110/dist/public/nss/cmsreclist.h
[181/1268] STAMP obj/lib/softoken/lib_softoken_exports.actions_rules_copies.stamp
[182/1268] COPY ../../lib/smime/cms.h /home/packager/aports/main/nss/src/nss-3.110/dist/public/nss/cms.h
[183/1268] COPY ../../lib/pki/pkitm.h /home/packager/aports/main/nss/src/nss-3.110/dist/private/nss/pkitm.h
[184/1268] COPY ../../lib/pki/pkit.h /home/packager/aports/main/nss/src/nss-3.110/dist/private/nss/pkit.h
[185/1268] STAMP obj/lib/smime/lib_smime_exports.actions_rules_copies.stamp
[186/1268] COPY ../../lib/pki/pkistore.h /home/packager/aports/main/nss/src/nss-3.110/dist/private/nss/pkistore.h
[187/1268] COPY ../../lib/pki/pkim.h /home/packager/aports/main/nss/src/nss-3.110/dist/private/nss/pkim.h
[188/1268] COPY ../../lib/pki/pki3hack.h /home/packager/aports/main/nss/src/nss-3.110/dist/private/nss/pki3hack.h
[189/1268] COPY ../../lib/pki/pki.h /home/packager/aports/main/nss/src/nss-3.110/dist/private/nss/pki.h
[190/1268] COPY ../../lib/pki/nsspkit.h /home/packager/aports/main/nss/src/nss-3.110/dist/private/nss/nsspkit.h
[191/1268] COPY ../../lib/pki/nsspki.h /home/packager/aports/main/nss/src/nss-3.110/dist/private/nss/nsspki.h
[192/1268] COPY ../../lib/pkcs7/p7local.h /home/packager/aports/main/nss/src/nss-3.110/dist/private/nss/p7local.h
[193/1268] COPY ../../lib/pkcs7/secpkcs7.h /home/packager/aports/main/nss/src/nss-3.110/dist/public/nss/secpkcs7.h
[194/1268] COPY ../../lib/pkcs7/secmime.h /home/packager/aports/main/nss/src/nss-3.110/dist/public/nss/secmime.h
[195/1268] COPY ../../lib/pkcs7/pkcs7t.h /home/packager/aports/main/nss/src/nss-3.110/dist/public/nss/pkcs7t.h
[196/1268] STAMP obj/lib/pki/lib_pki_exports.actions_rules_copies.stamp
[197/1268] COPY ../../lib/pkcs12/pkcs12t.h /home/packager/aports/main/nss/src/nss-3.110/dist/public/nss/pkcs12t.h
[198/1268] COPY ../../lib/pkcs12/pkcs12.h /home/packager/aports/main/nss/src/nss-3.110/dist/public/nss/pkcs12.h
[199/1268] COPY ../../lib/pkcs12/p12t.h /home/packager/aports/main/nss/src/nss-3.110/dist/public/nss/p12t.h
[200/1268] COPY ../../lib/pkcs12/p12plcy.h /home/packager/aports/main/nss/src/nss-3.110/dist/public/nss/p12plcy.h
[201/1268] STAMP obj/lib/pkcs7/lib_pkcs7_exports.actions_rules_copies.stamp
[202/1268] COPY ../../lib/pkcs12/p12.h /home/packager/aports/main/nss/src/nss-3.110/dist/public/nss/p12.h
[203/1268] COPY ../../lib/pk11wrap/secmodti.h /home/packager/aports/main/nss/src/nss-3.110/dist/private/nss/secmodti.h
[204/1268] COPY ../../lib/pk11wrap/secmodi.h /home/packager/aports/main/nss/src/nss-3.110/dist/private/nss/secmodi.h
[205/1268] STAMP obj/lib/pkcs12/lib_pkcs12_exports.actions_rules_copies.stamp
[206/1268] COPY ../../lib/pk11wrap/dev3hack.h /home/packager/aports/main/nss/src/nss-3.110/dist/private/nss/dev3hack.h
[207/1268] COPY ../../lib/pk11wrap/secpkcs5.h /home/packager/aports/main/nss/src/nss-3.110/dist/public/nss/secpkcs5.h
[208/1268] COPY ../../lib/pk11wrap/secmodt.h /home/packager/aports/main/nss/src/nss-3.110/dist/public/nss/secmodt.h
[209/1268] COPY ../../lib/pk11wrap/secmod.h /home/packager/aports/main/nss/src/nss-3.110/dist/public/nss/secmod.h
[210/1268] COPY ../../lib/pk11wrap/pk11sdr.h /home/packager/aports/main/nss/src/nss-3.110/dist/public/nss/pk11sdr.h
[211/1268] COPY ../../lib/pk11wrap/pk11pub.h /home/packager/aports/main/nss/src/nss-3.110/dist/public/nss/pk11pub.h
[212/1268] COPY ../../lib/pk11wrap/pk11priv.h /home/packager/aports/main/nss/src/nss-3.110/dist/public/nss/pk11priv.h
[213/1268] COPY ../../lib/pk11wrap/pk11pqg.h /home/packager/aports/main/nss/src/nss-3.110/dist/public/nss/pk11pqg.h
[214/1268] COPY ../../lib/pk11wrap/pk11hpke.h /home/packager/aports/main/nss/src/nss-3.110/dist/public/nss/pk11hpke.h
[215/1268] COPY ../../lib/pk11wrap/pk11func.h /home/packager/aports/main/nss/src/nss-3.110/dist/public/nss/pk11func.h
[216/1268] COPY ../../lib/nss/nssrenam.h /home/packager/aports/main/nss/src/nss-3.110/dist/private/nss/nssrenam.h
[217/1268] COPY ../../lib/nss/nssoptions.h /home/packager/aports/main/nss/src/nss-3.110/dist/private/nss/nssoptions.h
[218/1268] COPY ../../lib/nss/nss.h /home/packager/aports/main/nss/src/nss-3.110/dist/public/nss/nss.h
[219/1268] STAMP obj/lib/pk11wrap/lib_pk11wrap_exports.actions_rules_copies.stamp
[220/1268] COPY ../../lib/jar/jarfile.h /home/packager/aports/main/nss/src/nss-3.110/dist/public/nss/jarfile.h
[221/1268] COPY ../../lib/jar/jar.h /home/packager/aports/main/nss/src/nss-3.110/dist/public/nss/jar.h
[222/1268] COPY ../../lib/jar/jar-ds.h /home/packager/aports/main/nss/src/nss-3.110/dist/public/nss/jar-ds.h
[223/1268] COPY ../../lib/freebl/secrng.h /home/packager/aports/main/nss/src/nss-3.110/dist/private/nss/secrng.h
[224/1268] STAMP obj/lib/jar/lib_jar_exports.actions_rules_copies.stamp
[225/1268] STAMP obj/lib/nss/lib_nss_exports.actions_rules_copies.stamp
[226/1268] COPY ../../lib/freebl/secmpi.h /home/packager/aports/main/nss/src/nss-3.110/dist/private/nss/secmpi.h
[227/1268] COPY ../../lib/freebl/hmacct.h /home/packager/aports/main/nss/src/nss-3.110/dist/private/nss/hmacct.h
[228/1268] COPY ../../lib/freebl/ecl/eclt.h /home/packager/aports/main/nss/src/nss-3.110/dist/private/nss/eclt.h
[229/1268] COPY ../../lib/freebl/ecl/ecl.h /home/packager/aports/main/nss/src/nss-3.110/dist/private/nss/ecl.h
[230/1268] COPY ../../lib/freebl/ecl/ecl-curve.h /home/packager/aports/main/nss/src/nss-3.110/dist/private/nss/ecl-curve.h
[231/1268] COPY ../../lib/freebl/ec.h /home/packager/aports/main/nss/src/nss-3.110/dist/private/nss/ec.h
[232/1268] COPY ../../lib/freebl/chacha20poly1305.h /home/packager/aports/main/nss/src/nss-3.110/dist/private/nss/chacha20poly1305.h
[233/1268] COPY ../../lib/freebl/blake2b.h /home/packager/aports/main/nss/src/nss-3.110/dist/private/nss/blake2b.h
[234/1268] COPY ../../lib/freebl/blapi.h /home/packager/aports/main/nss/src/nss-3.110/dist/private/nss/blapi.h
[235/1268] COPY ../../lib/freebl/alghmac.h /home/packager/aports/main/nss/src/nss-3.110/dist/private/nss/alghmac.h
[236/1268] COPY ../../lib/freebl/cmac.h /home/packager/aports/main/nss/src/nss-3.110/dist/private/nss/cmac.h
[237/1268] COPY ../../lib/freebl/nsslowhash.h /home/packager/aports/main/nss/src/nss-3.110/dist/public/nss/nsslowhash.h
[238/1268] COPY ../../lib/freebl/shsign.h /home/packager/aports/main/nss/src/nss-3.110/dist/public/nss/shsign.h
[239/1268] COPY ../../lib/freebl/ecl/ecl-exp.h /home/packager/aports/main/nss/src/nss-3.110/dist/public/nss/ecl-exp.h
[240/1268] COPY ../../lib/freebl/blapit.h /home/packager/aports/main/nss/src/nss-3.110/dist/public/nss/blapit.h
[241/1268] COPY ../../lib/dev/nssdevt.h /home/packager/aports/main/nss/src/nss-3.110/dist/private/nss/nssdevt.h
[242/1268] COPY ../../lib/dev/nssdev.h /home/packager/aports/main/nss/src/nss-3.110/dist/private/nss/nssdev.h
[243/1268] COPY ../../lib/dev/devtm.h /home/packager/aports/main/nss/src/nss-3.110/dist/private/nss/devtm.h
[244/1268] COPY ../../lib/dev/devt.h /home/packager/aports/main/nss/src/nss-3.110/dist/private/nss/devt.h
[245/1268] STAMP obj/lib/freebl/lib_freebl_exports.actions_rules_copies.stamp
[246/1268] COPY ../../lib/dev/devm.h /home/packager/aports/main/nss/src/nss-3.110/dist/private/nss/devm.h
[247/1268] COPY ../../lib/dev/dev.h /home/packager/aports/main/nss/src/nss-3.110/dist/private/nss/dev.h
[248/1268] COPY ../../lib/dev/ckhelper.h /home/packager/aports/main/nss/src/nss-3.110/dist/private/nss/ckhelper.h
[249/1268] COPY ../../lib/cryptohi/keyi.h /home/packager/aports/main/nss/src/nss-3.110/dist/private/nss/keyi.h
[250/1268] COPY ../../lib/cryptohi/sechash.h /home/packager/aports/main/nss/src/nss-3.110/dist/public/nss/sechash.h
[251/1268] COPY ../../lib/cryptohi/keythi.h /home/packager/aports/main/nss/src/nss-3.110/dist/public/nss/keythi.h
[252/1268] COPY ../../lib/cryptohi/keyt.h /home/packager/aports/main/nss/src/nss-3.110/dist/public/nss/keyt.h
[253/1268] COPY ../../lib/cryptohi/keyhi.h /home/packager/aports/main/nss/src/nss-3.110/dist/public/nss/keyhi.h
[254/1268] COPY ../../lib/cryptohi/key.h /home/packager/aports/main/nss/src/nss-3.110/dist/public/nss/key.h
[255/1268] STAMP obj/lib/dev/lib_dev_exports.actions_rules_copies.stamp
[256/1268] COPY ../../lib/cryptohi/cryptoht.h /home/packager/aports/main/nss/src/nss-3.110/dist/public/nss/cryptoht.h
[257/1268] COPY ../../lib/cryptohi/cryptohi.h /home/packager/aports/main/nss/src/nss-3.110/dist/public/nss/cryptohi.h
[258/1268] COPY ../../lib/crmf/crmfit.h /home/packager/aports/main/nss/src/nss-3.110/dist/private/nss/crmfit.h
[259/1268] COPY ../../lib/crmf/crmfi.h /home/packager/aports/main/nss/src/nss-3.110/dist/private/nss/crmfi.h
[260/1268] COPY ../../lib/crmf/cmmfit.h /home/packager/aports/main/nss/src/nss-3.110/dist/private/nss/cmmfit.h
[261/1268] STAMP obj/lib/cryptohi/lib_cryptohi_exports.actions_rules_copies.stamp
[262/1268] COPY ../../lib/crmf/cmmfi.h /home/packager/aports/main/nss/src/nss-3.110/dist/private/nss/cmmfi.h
[263/1268] COPY ../../lib/crmf/crmft.h /home/packager/aports/main/nss/src/nss-3.110/dist/public/nss/crmft.h
[264/1268] COPY ../../lib/crmf/crmf.h /home/packager/aports/main/nss/src/nss-3.110/dist/public/nss/crmf.h
[265/1268] COPY ../../lib/crmf/cmmft.h /home/packager/aports/main/nss/src/nss-3.110/dist/public/nss/cmmft.h
[266/1268] COPY ../../lib/crmf/cmmf.h /home/packager/aports/main/nss/src/nss-3.110/dist/public/nss/cmmf.h
[267/1268] COPY ../../lib/ckfw/ckt.h /home/packager/aports/main/nss/src/nss-3.110/dist/private/nss/ckt.h
[268/1268] COPY ../../lib/ckfw/ckmd.h /home/packager/aports/main/nss/src/nss-3.110/dist/private/nss/ckmd.h
[269/1268] COPY ../../lib/ckfw/ckfwtm.h /home/packager/aports/main/nss/src/nss-3.110/dist/private/nss/ckfwtm.h
[270/1268] COPY ../../lib/ckfw/ckfwm.h /home/packager/aports/main/nss/src/nss-3.110/dist/private/nss/ckfwm.h
[271/1268] STAMP obj/lib/crmf/lib_crmf_exports.actions_rules_copies.stamp
[272/1268] COPY ../../lib/ckfw/ckfw.h /home/packager/aports/main/nss/src/nss-3.110/dist/private/nss/ckfw.h
[273/1268] COPY ../../lib/ckfw/ck.h /home/packager/aports/main/nss/src/nss-3.110/dist/private/nss/ck.h
[274/1268] COPY ../../lib/ckfw/nssckt.h /home/packager/aports/main/nss/src/nss-3.110/dist/public/nss/nssckt.h
[275/1268] COPY ../../lib/ckfw/nssckmdt.h /home/packager/aports/main/nss/src/nss-3.110/dist/public/nss/nssckmdt.h
[276/1268] COPY ../../lib/ckfw/nssckg.h /home/packager/aports/main/nss/src/nss-3.110/dist/public/nss/nssckg.h
[277/1268] COPY ../../lib/ckfw/nssckfwt.h /home/packager/aports/main/nss/src/nss-3.110/dist/public/nss/nssckfwt.h
[278/1268] COPY ../../lib/ckfw/nssckfwc.h /home/packager/aports/main/nss/src/nss-3.110/dist/public/nss/nssckfwc.h
[279/1268] COPY ../../lib/ckfw/nssckfw.h /home/packager/aports/main/nss/src/nss-3.110/dist/public/nss/nssckfw.h
[280/1268] COPY ../../lib/ckfw/nssckft.h /home/packager/aports/main/nss/src/nss-3.110/dist/public/nss/nssckft.h
[281/1268] COPY ../../lib/ckfw/nssckepv.h /home/packager/aports/main/nss/src/nss-3.110/dist/public/nss/nssckepv.h
[282/1268] COPY ../../lib/ckfw/nssck.api /home/packager/aports/main/nss/src/nss-3.110/dist/public/nss/nssck.api
[283/1268] COPY ../../lib/ckfw/builtins/nssckbi.h /home/packager/aports/main/nss/src/nss-3.110/dist/public/nss/nssckbi.h
[284/1268] COPY ../../lib/certhigh/ocspti.h /home/packager/aports/main/nss/src/nss-3.110/dist/private/nss/ocspti.h
[285/1268] COPY ../../lib/certhigh/ocspi.h /home/packager/aports/main/nss/src/nss-3.110/dist/private/nss/ocspi.h
[286/1268] COPY ../../lib/certhigh/ocspt.h /home/packager/aports/main/nss/src/nss-3.110/dist/public/nss/ocspt.h
[287/1268] COPY ../../lib/certhigh/ocsp.h /home/packager/aports/main/nss/src/nss-3.110/dist/public/nss/ocsp.h
[288/1268] STAMP obj/lib/ckfw/lib_ckfw_exports.actions_rules_copies.stamp
[289/1268] COPY ../../lib/certdb/xconst.h /home/packager/aports/main/nss/src/nss-3.110/dist/private/nss/xconst.h
[290/1268] COPY ../../lib/certdb/genname.h /home/packager/aports/main/nss/src/nss-3.110/dist/private/nss/genname.h
[291/1268] COPY ../../lib/certdb/certxutl.h /home/packager/aports/main/nss/src/nss-3.110/dist/private/nss/certxutl.h
[292/1268] COPY ../../lib/certdb/certi.h /home/packager/aports/main/nss/src/nss-3.110/dist/private/nss/certi.h
[293/1268] STAMP obj/lib/certhigh/lib_certhigh_exports.actions_rules_copies.stamp
[294/1268] COPY ../../lib/certdb/certt.h /home/packager/aports/main/nss/src/nss-3.110/dist/public/nss/certt.h
[295/1268] COPY ../../lib/certdb/certdb.h /home/packager/aports/main/nss/src/nss-3.110/dist/public/nss/certdb.h
[296/1268] COPY ../../lib/certdb/cert.h /home/packager/aports/main/nss/src/nss-3.110/dist/public/nss/cert.h
[297/1268] COPY ../../lib/base/baset.h /home/packager/aports/main/nss/src/nss-3.110/dist/private/nss/baset.h
[298/1268] COPY ../../lib/base/base.h /home/packager/aports/main/nss/src/nss-3.110/dist/private/nss/base.h
[299/1268] COPY ../../lib/base/nssbaset.h /home/packager/aports/main/nss/src/nss-3.110/dist/public/nss/nssbaset.h
[300/1268] COPY ../../lib/base/nssbase.h /home/packager/aports/main/nss/src/nss-3.110/dist/public/nss/nssbase.h
[301/1268] COPY ../../cmd/lib/secutil.h /home/packager/aports/main/nss/src/nss-3.110/dist/private/nss/secutil.h
[302/1268] STAMP obj/lib/certdb/lib_certdb_exports.actions_rules_copies.stamp
[303/1268] COPY ../../cmd/lib/pk11table.h /home/packager/aports/main/nss/src/nss-3.110/dist/private/nss/pk11table.h
[304/1268] COPY ../../cmd/lib/basicutil.h /home/packager/aports/main/nss/src/nss-3.110/dist/private/nss/basicutil.h
[305/1268] STAMP obj/lib/base/lib_base_exports.actions_rules_copies.stamp
[306/1268] STAMP obj/cmd/lib/cmd_lib_exports.actions_rules_copies.stamp
[307/1268] STAMP obj/nss_exports.compile_depends.stamp
[308/1268] STAMP obj/nss_exports.actions_depends.stamp
[309/1268] CC obj/cmd/lib/sectool.secutil.o
[310/1268] CC obj/cmd/lib/sectool.secpwd.o
[311/1268] CC obj/cmd/lib/sectool.pppolicy.o
[312/1268] CC obj/cmd/lib/sectool.pk11table.o
[313/1268] CC obj/cmd/lib/sectool.moreoids.o
[314/1268] CC obj/cmd/lib/sectool.ffs.o
[315/1268] STAMP obj/lib/freebl/freebl3.actions_depends.stamp
[316/1268] ACTION freebl3: generate_mapfile_9c9068a5fd4646d953a29a92bbd3e903
[317/1268] STAMP obj/lib/mozpkix/mozpkix.actions_depends.stamp
[318/1268] CC obj/coreconf/freebl3.empty.o
[319/1268] CC obj/lib/freebl/freebl3.lowhash_vector.o
[320/1268] STAMP obj/lib/mozpkix/mozpkix-testlib.actions_depends.stamp
[321/1268] CC obj/cmd/lib/sectool.derprint.o
[322/1268] CC obj/cmd/lib/sectool.basicutil.o
[323/1268] CXX obj/cpputil/cpputil.tls_parser.o
[324/1268] CXX obj/cpputil/cpputil.dummy_io_fwd.o
[325/1268] CXX obj/cpputil/cpputil.dummy_io.o
[326/1268] CXX obj/cpputil/cpputil.databuffer.o
[327/1268] SOLINK /home/packager/aports/main/nss/src/nss-3.110/dist/Release/lib/libfreebl3.so
[328/1268] CC obj/lib/base/nssb.utf8.o
[329/1268] CC obj/lib/base/nssb.tracker.o
[330/1268] CC obj/lib/base/nssb.list.o
[331/1268] CC obj/lib/base/nssb.libc.o
[332/1268] CC obj/lib/base/nssb.item.o
/usr/lib/gcc/x86_64-alpine-linux-musl/14.2.0/../../../../x86_64-alpine-linux-musl/bin/ld: warning: /home/packager/aports/main/nss/src/nss-3.110/dist/Release/lib/libfreebl3.so has a LOAD segment with RWX permissions
[333/1268] CC obj/lib/base/nssb.hashops.o
[334/1268] CC obj/lib/base/nssb.hash.o
[335/1268] CC obj/lib/base/nssb.errorval.o
[336/1268] CC obj/lib/base/nssb.error.o
[337/1268] CC obj/lib/base/nssb.arena.o
[338/1268] CC obj/lib/certdb/certdb.xconst.o
[339/1268] AR /home/packager/aports/main/nss/src/nss-3.110/dist/Release/lib/libsectool.a
[340/1268] CC obj/lib/certdb/certdb.xbsconst.o
[341/1268] CC obj/lib/certdb/certdb.xauthkid.o
[342/1268] AR libnssb.a
[343/1268] CC obj/lib/certdb/certdb.stanpcertdb.o
[344/1268] CC obj/lib/certdb/certdb.secname.o
[345/1268] CC obj/lib/certdb/certdb.polcyxtn.o
[346/1268] CC obj/lib/certdb/certdb.genname.o
[347/1268] CC obj/lib/certdb/certdb.crl.o
[348/1268] CC obj/lib/certdb/certdb.certxutl.o
[349/1268] CC obj/lib/certdb/certdb.certv3.o
[350/1268] CC obj/lib/certdb/certdb.certdb.o
[351/1268] CC obj/lib/certdb/certdb.alg1485.o
[352/1268] CC obj/lib/certhigh/certhi.xcrldist.o
[353/1268] AR libcpputil.a
[354/1268] CC obj/lib/certhigh/certhi.ocspsig.o
[355/1268] CC obj/lib/certhigh/certhi.ocsp.o
[356/1268] CC obj/lib/certhigh/certhi.crlv2.o
[357/1268] CC obj/lib/certhigh/certhi.certvfypkix.o
[358/1268] CC obj/lib/certhigh/certhi.certvfy.o
[359/1268] CC obj/lib/certhigh/certhi.certreq.o
[360/1268] CC obj/lib/certhigh/certhi.certhtml.o
[361/1268] CC obj/lib/certhigh/certhi.certhigh.o
[362/1268] AR libcertdb.a
[363/1268] CC obj/lib/ckfw/nssckfw.wrap.o
[364/1268] CC obj/lib/ckfw/nssckfw.token.o
[365/1268] CC obj/lib/ckfw/nssckfw.slot.o
[366/1268] CC obj/lib/ckfw/nssckfw.sessobj.o
[367/1268] CC obj/lib/ckfw/nssckfw.session.o
[368/1268] CC obj/lib/ckfw/nssckfw.object.o
[369/1268] CC obj/lib/ckfw/nssckfw.mutex.o
[370/1268] CC obj/lib/ckfw/nssckfw.mechanism.o
[371/1268] CC obj/lib/ckfw/nssckfw.instance.o
[372/1268] CC obj/lib/ckfw/nssckfw.hash.o
[373/1268] AR libcerthi.a
[374/1268] CC obj/lib/ckfw/nssckfw.find.o
[375/1268] CC obj/lib/ckfw/nssckfw.crypto.o
[376/1268] CC obj/lib/crmf/crmf.servget.o
[377/1268] CC obj/lib/crmf/crmf.respcmn.o
[378/1268] CC obj/lib/crmf/crmf.respcli.o
[379/1268] CC obj/lib/crmf/crmf.encutil.o
[380/1268] CC obj/lib/crmf/crmf.crmftmpl.o
[381/1268] CC obj/lib/crmf/crmf.crmfreq.o
[382/1268] AR libnssckfw.a
[383/1268] CC obj/lib/crmf/crmf.crmfpop.o
[384/1268] CC obj/lib/crmf/crmf.crmfget.o
[385/1268] CC obj/lib/crmf/crmf.crmfenc.o
[386/1268] STAMP obj/lib/ckfw/builtins/nssckbi.actions_depends.stamp
[387/1268] STAMP obj/lib/ckfw/builtins/testlib/nssckbi-testlib.actions_depends.stamp
[388/1268] ACTION nssckbi-testlib: generate_mapfile_f00082b443c06e32976e601d7a8190a8
[389/1268] ACTION nssckbi: generate_mapfile_61ec98349dbf3862303940d47ec710bc
[390/1268] ACTION nssckbi: generate_certdata_c_61ec98349dbf3862303940d47ec710bc
[391/1268] ACTION nssckbi-testlib: generate_certdata-testlib_c_f00082b443c06e32976e601d7a8190a8
[392/1268] CC obj/lib/crmf/crmf.crmfdec.o
[393/1268] CC obj/lib/crmf/crmf.crmfcont.o
[394/1268] CC obj/lib/crmf/crmf.cmmfresp.o
[395/1268] STAMP obj/lib/ckfw/builtins/testlib/nssckbi-testlib.actions_rules_copies.stamp
[396/1268] CC obj/coreconf/nssckbi-testlib.empty.o
[397/1268] CC obj/lib/ckfw/builtins/testlib/obj/lib/ckfw/builtins/testlib/nssckbi-testlib.gen/nssckbi-testlib.certdata-testlib.o
[398/1268] CC obj/lib/ckfw/builtins/nssckbi-testlib.constants.o
[399/1268] CC obj/lib/ckfw/builtins/nssckbi-testlib.ckbiver.o
[400/1268] CC obj/lib/ckfw/builtins/nssckbi-testlib.btoken.o
[401/1268] CC obj/lib/ckfw/builtins/nssckbi-testlib.bslot.o
[402/1268] CC obj/lib/ckfw/builtins/nssckbi-testlib.bsession.o
[403/1268] CC obj/lib/ckfw/builtins/nssckbi-testlib.bobject.o
[404/1268] CC obj/lib/ckfw/builtins/nssckbi-testlib.binst.o
[405/1268] STAMP obj/lib/ckfw/builtins/nssckbi.actions_rules_copies.stamp
[406/1268] CC obj/coreconf/nssckbi.empty.o
[407/1268] CC obj/lib/ckfw/builtins/obj/lib/ckfw/builtins/nssckbi.gen/nssckbi.certdata.o
[408/1268] CC obj/lib/ckfw/builtins/nssckbi.constants.o
[409/1268] CC obj/lib/ckfw/builtins/nssckbi.ckbiver.o
[410/1268] CC obj/lib/ckfw/builtins/nssckbi.btoken.o
[411/1268] CC obj/lib/ckfw/builtins/nssckbi.bslot.o
[412/1268] CC obj/lib/ckfw/builtins/nssckbi.bsession.o
[413/1268] CC obj/lib/ckfw/builtins/nssckbi.bobject.o
[414/1268] CC obj/lib/ckfw/builtins/nssckbi.binst.o
[415/1268] CC obj/lib/ckfw/builtins/nssckbi.bfind.o
[416/1268] CC obj/lib/ckfw/builtins/nssckbi.anchor.o
[417/1268] CC obj/lib/ckfw/builtins/nssckbi-testlib.bfind.o
[418/1268] CC obj/lib/ckfw/builtins/nssckbi-testlib.anchor.o
[419/1268] CC obj/lib/crmf/crmf.cmmfrec.o
[420/1268] CC obj/lib/crmf/crmf.cmmfchal.o
[421/1268] CC obj/lib/crmf/crmf.cmmfasn1.o
[422/1268] CC obj/lib/crmf/crmf.challcli.o
[423/1268] CC obj/lib/crmf/crmf.asn1cmn.o
[424/1268] SOLINK /home/packager/aports/main/nss/src/nss-3.110/dist/Release/lib/libnssckbi-testlib.so
[425/1268] CC obj/lib/cryptohi/cryptohi.secvfy.o
[426/1268] CC obj/lib/cryptohi/cryptohi.secsign.o
[427/1268] CC obj/lib/cryptohi/cryptohi.seckey.o
[428/1268] CC obj/lib/cryptohi/cryptohi.sechash.o
[429/1268] AR libcrmf.a
[430/1268] CC obj/lib/cryptohi/cryptohi.dsautil.o
[431/1268] SOLINK /home/packager/aports/main/nss/src/nss-3.110/dist/Release/lib/libnssckbi.so
[432/1268] CC obj/lib/dev/nssdev.devutil.o
[433/1268] CC obj/lib/dev/nssdev.devtoken.o
[434/1268] CC obj/lib/dev/nssdev.devslot.o
[435/1268] CC obj/lib/dev/nssdev.ckhelper.o
[436/1268] AR libcryptohi.a
[437/1268] CC obj/lib/softoken/softokn.tlsprf.o
[438/1268] CC obj/lib/softoken/softokn.softkver.o
[439/1268] CC obj/lib/softoken/softokn.sftkpwd.o
[440/1268] CC obj/lib/softoken/softokn.sftkpars.o
[441/1268] CC obj/lib/softoken/softokn.sftkmessage.o
[442/1268] AR libnssdev.a
[443/1268] CC obj/lib/softoken/softokn.sftkike.o
[444/1268] CC obj/lib/softoken/softokn.sftkhmac.o
[445/1268] CC obj/lib/softoken/softokn.sftkdb.o
[446/1268] CC obj/lib/softoken/softokn.sftkdhverify.o
[447/1268] CC obj/lib/softoken/softokn.sdb.o
[448/1268] CC obj/lib/softoken/softokn.pkcs11u.o
[449/1268] CC obj/lib/softoken/softokn.pkcs11c.o
[450/1268] CC obj/lib/softoken/softokn.pkcs11.o
[451/1268] CC obj/lib/softoken/softokn.padbuf.o
[452/1268] CC obj/lib/softoken/softokn.lowpbe.o
[453/1268] CC obj/lib/softoken/softokn.lowkey.o
[454/1268] AR libgtest.a
[455/1268] CC obj/lib/softoken/softokn.kem.o
[456/1268] CC obj/lib/softoken/softokn.kbkdf.o
[457/1268] CC obj/lib/softoken/softokn.jpakesftk.o
[458/1268] CC obj/lib/softoken/softokn.fipstokn.o
[459/1268] CC obj/lib/softoken/softokn.fipstest.o
[460/1268] CC obj/lib/softoken/softokn.fipsaudt.o
[461/1268] CC obj/lib/freebl/freebl.loader.o
[462/1268] CC obj/lib/pk11wrap/pk11wrap_static.pk11util.o
[463/1268] CC obj/lib/pk11wrap/pk11wrap_static.pk11slot.o
[464/1268] CC obj/lib/pk11wrap/pk11wrap_static.pk11skey.o
../../lib/softoken/pkcs11c.c:163:17: warning: 'SFTKCipher_SEED_DestroyContext' defined but not used [-Wunused-function]
  163 |     static void SFTKCipher_##mmm##_DestroyContext(void *vctx, PRBool freeit) \
      |                 ^~~~~~~~~~~
../../lib/softoken/pkcs11c.c:172:1: note: in expansion of macro 'SFTKCipherWrap2'
  172 | SFTKCipherWrap2(SEEDContext, SEED);
      | ^~~~~~~~~~~~~~~
../../lib/softoken/pkcs11c.c:148:9: warning: 'SFTKCipher_SEED_Decrypt' defined but not used [-Wunused-function]
  148 |         SFTKCipher_##mmm(void *vctx, unsigned char *output,                  \
      |         ^~~~~~~~~~~
../../lib/softoken/pkcs11c.c:162:5: note: in expansion of macro 'SFTKCipherWrap'
  162 |     SFTKCipherWrap(ctxtype, mmm##_Decrypt);                                  \
      |     ^~~~~~~~~~~~~~
../../lib/softoken/pkcs11c.c:172:1: note: in expansion of macro 'SFTKCipherWrap2'
  172 | SFTKCipherWrap2(SEEDContext, SEED);
      | ^~~~~~~~~~~~~~~
../../lib/softoken/pkcs11c.c:148:9: warning: 'SFTKCipher_SEED_Encrypt' defined but not used [-Wunused-function]
  148 |         SFTKCipher_##mmm(void *vctx, unsigned char *output,                  \
      |         ^~~~~~~~~~~
../../lib/softoken/pkcs11c.c:161:5: note: in expansion of macro 'SFTKCipherWrap'
  161 |     SFTKCipherWrap(ctxtype, mmm##_Encrypt);                                  \
      |     ^~~~~~~~~~~~~~
../../lib/softoken/pkcs11c.c:172:1: note: in expansion of macro 'SFTKCipherWrap2'
  172 | SFTKCipherWrap2(SEEDContext, SEED);
      | ^~~~~~~~~~~~~~~
../../lib/softoken/pkcs11c.c:163:17: warning: 'SFTKCipher_RC2_DestroyContext' defined but not used [-Wunused-function]
  163 |     static void SFTKCipher_##mmm##_DestroyContext(void *vctx, PRBool freeit) \
      |                 ^~~~~~~~~~~
../../lib/softoken/pkcs11c.c:169:1: note: in expansion of macro 'SFTKCipherWrap2'
  169 | SFTKCipherWrap2(RC2Context, RC2);
      | ^~~~~~~~~~~~~~~
../../lib/softoken/pkcs11c.c:148:9: warning: 'SFTKCipher_RC2_Decrypt' defined but not used [-Wunused-function]
  148 |         SFTKCipher_##mmm(void *vctx, unsigned char *output,                  \
      |         ^~~~~~~~~~~
../../lib/softoken/pkcs11c.c:162:5: note: in expansion of macro 'SFTKCipherWrap'
  162 |     SFTKCipherWrap(ctxtype, mmm##_Decrypt);                                  \
      |     ^~~~~~~~~~~~~~
../../lib/softoken/pkcs11c.c:169:1: note: in expansion of macro 'SFTKCipherWrap2'
  169 | SFTKCipherWrap2(RC2Context, RC2);
      | ^~~~~~~~~~~~~~~
../../lib/softoken/pkcs11c.c:148:9: warning: 'SFTKCipher_RC2_Encrypt' defined but not used [-Wunused-function]
  148 |         SFTKCipher_##mmm(void *vctx, unsigned char *output,                  \
      |         ^~~~~~~~~~~
../../lib/softoken/pkcs11c.c:161:5: note: in expansion of macro 'SFTKCipherWrap'
  161 |     SFTKCipherWrap(ctxtype, mmm##_Encrypt);                                  \
      |     ^~~~~~~~~~~~~~
../../lib/softoken/pkcs11c.c:169:1: note: in expansion of macro 'SFTKCipherWrap2'
  169 | SFTKCipherWrap2(RC2Context, RC2);
      | ^~~~~~~~~~~~~~~
[465/1268] AR libsoftokn.a
[466/1268] AR libfreebl.a
[467/1268] CC obj/lib/pk11wrap/pk11wrap_static.pk11sdr.o
[468/1268] CC obj/lib/pk11wrap/pk11wrap_static.pk11pqg.o
[469/1268] CC obj/lib/pk11wrap/pk11wrap_static.pk11pk12.o
[470/1268] CC obj/lib/pk11wrap/pk11wrap_static.pk11pbe.o
[471/1268] CC obj/lib/pk11wrap/pk11wrap_static.pk11pars.o
[472/1268] CC obj/lib/pk11wrap/pk11wrap_static.pk11obj.o
[473/1268] CC obj/lib/pk11wrap/pk11wrap_static.pk11nobj.o
[474/1268] CC obj/lib/pk11wrap/pk11wrap_static.pk11merge.o
[475/1268] CC obj/lib/pk11wrap/pk11wrap_static.pk11mech.o
[476/1268] CC obj/lib/pk11wrap/pk11wrap_static.pk11load.o
[477/1268] CC obj/lib/pk11wrap/pk11wrap_static.pk11list.o
[478/1268] CC obj/lib/pk11wrap/pk11wrap_static.pk11kea.o
[479/1268] CC obj/lib/pk11wrap/pk11wrap_static.pk11hpke.o
[480/1268] CC obj/lib/pk11wrap/pk11wrap_static.pk11err.o
[481/1268] CC obj/lib/pk11wrap/pk11wrap_static.pk11cxt.o
[482/1268] CC obj/lib/pk11wrap/pk11wrap_static.pk11cert.o
[483/1268] CC obj/lib/pk11wrap/pk11wrap_static.pk11auth.o
[484/1268] CC obj/lib/pk11wrap/pk11wrap_static.pk11akey.o
/usr/lib/gcc/x86_64-alpine-linux-musl/14.2.0/../../../../x86_64-alpine-linux-musl/bin/ld: warning: /home/packager/aports/main/nss/src/nss-3.110/dist/Release/lib/libnssckbi-testlib.so has a LOAD segment with RWX permissions
[485/1268] CC obj/lib/pk11wrap/pk11wrap_static.dev3hack.o
[486/1268] CC obj/lib/softoken/softokn_static.tlsprf.o
[487/1268] CC obj/lib/softoken/softokn_static.softkver.o
[488/1268] CC obj/lib/softoken/softokn_static.sftkpwd.o
[489/1268] CC obj/lib/softoken/softokn_static.sftkpars.o
[490/1268] CC obj/lib/softoken/softokn_static.sftkmessage.o
[491/1268] CC obj/lib/softoken/softokn_static.sftkike.o
[492/1268] CC obj/lib/softoken/softokn_static.sftkhmac.o
[493/1268] CC obj/lib/softoken/softokn_static.sftkdb.o
[494/1268] CC obj/lib/softoken/softokn_static.sftkdhverify.o
[495/1268] AR libpk11wrap_static.a
[496/1268] CC obj/lib/softoken/softokn_static.sdb.o
[497/1268] CC obj/lib/softoken/softokn_static.pkcs11u.o
[498/1268] CC obj/lib/softoken/softokn_static.pkcs11c.o
[499/1268] CC obj/lib/softoken/softokn_static.pkcs11.o
[500/1268] CC obj/lib/softoken/softokn_static.padbuf.o
[501/1268] CC obj/lib/softoken/softokn_static.lowpbe.o
[502/1268] CC obj/lib/softoken/softokn_static.lowkey.o
[503/1268] CC obj/lib/softoken/softokn_static.kem.o
[504/1268] CC obj/lib/softoken/softokn_static.kbkdf.o
[505/1268] CC obj/lib/softoken/softokn_static.jpakesftk.o
[506/1268] CC obj/lib/softoken/softokn_static.fipstokn.o
[507/1268] CC obj/lib/softoken/softokn_static.fipstest.o
[508/1268] CC obj/lib/softoken/softokn_static.fipsaudt.o
[509/1268] CC obj/lib/freebl/verified/freebl_static.Hacl_Poly1305_32.o
../../lib/softoken/pkcs11c.c:163:17: warning: 'SFTKCipher_SEED_DestroyContext' defined but not used [-Wunused-function]
  163 |     static void SFTKCipher_##mmm##_DestroyContext(void *vctx, PRBool freeit) \
      |                 ^~~~~~~~~~~
../../lib/softoken/pkcs11c.c:172:1: note: in expansion of macro 'SFTKCipherWrap2'
  172 | SFTKCipherWrap2(SEEDContext, SEED);
      | ^~~~~~~~~~~~~~~
../../lib/softoken/pkcs11c.c:148:9: warning: 'SFTKCipher_SEED_Decrypt' defined but not used [-Wunused-function]
  148 |         SFTKCipher_##mmm(void *vctx, unsigned char *output,                  \
      |         ^~~~~~~~~~~
../../lib/softoken/pkcs11c.c:162:5: note: in expansion of macro 'SFTKCipherWrap'
  162 |     SFTKCipherWrap(ctxtype, mmm##_Decrypt);                                  \
      |     ^~~~~~~~~~~~~~
../../lib/softoken/pkcs11c.c:172:1: note: in expansion of macro 'SFTKCipherWrap2'
  172 | SFTKCipherWrap2(SEEDContext, SEED);
      | ^~~~~~~~~~~~~~~
../../lib/softoken/pkcs11c.c:148:9: warning: 'SFTKCipher_SEED_Encrypt' defined but not used [-Wunused-function]
  148 |         SFTKCipher_##mmm(void *vctx, unsigned char *output,                  \
      |         ^~~~~~~~~~~
../../lib/softoken/pkcs11c.c:161:5: note: in expansion of macro 'SFTKCipherWrap'
  161 |     SFTKCipherWrap(ctxtype, mmm##_Encrypt);                                  \
      |     ^~~~~~~~~~~~~~
../../lib/softoken/pkcs11c.c:172:1: note: in expansion of macro 'SFTKCipherWrap2'
  172 | SFTKCipherWrap2(SEEDContext, SEED);
      | ^~~~~~~~~~~~~~~
../../lib/softoken/pkcs11c.c:163:17: warning: 'SFTKCipher_RC2_DestroyContext' defined but not used [-Wunused-function]
  163 |     static void SFTKCipher_##mmm##_DestroyContext(void *vctx, PRBool freeit) \
      |                 ^~~~~~~~~~~
../../lib/softoken/pkcs11c.c:169:1: note: in expansion of macro 'SFTKCipherWrap2'
  169 | SFTKCipherWrap2(RC2Context, RC2);
      | ^~~~~~~~~~~~~~~
../../lib/softoken/pkcs11c.c:148:9: warning: 'SFTKCipher_RC2_Decrypt' defined but not used [-Wunused-function]
  148 |         SFTKCipher_##mmm(void *vctx, unsigned char *output,                  \
      |         ^~~~~~~~~~~
../../lib/softoken/pkcs11c.c:162:5: note: in expansion of macro 'SFTKCipherWrap'
  162 |     SFTKCipherWrap(ctxtype, mmm##_Decrypt);                                  \
      |     ^~~~~~~~~~~~~~
../../lib/softoken/pkcs11c.c:169:1: note: in expansion of macro 'SFTKCipherWrap2'
  169 | SFTKCipherWrap2(RC2Context, RC2);
      | ^~~~~~~~~~~~~~~
../../lib/softoken/pkcs11c.c:148:9: warning: 'SFTKCipher_RC2_Encrypt' defined but not used [-Wunused-function]
  148 |         SFTKCipher_##mmm(void *vctx, unsigned char *output,                  \
      |         ^~~~~~~~~~~
../../lib/softoken/pkcs11c.c:161:5: note: in expansion of macro 'SFTKCipherWrap'
  161 |     SFTKCipherWrap(ctxtype, mmm##_Encrypt);                                  \
      |     ^~~~~~~~~~~~~~
../../lib/softoken/pkcs11c.c:169:1: note: in expansion of macro 'SFTKCipherWrap2'
  169 | SFTKCipherWrap2(RC2Context, RC2);
      | ^~~~~~~~~~~~~~~
[510/1268] CC obj/lib/freebl/verified/freebl_static.Hacl_Chacha20Poly1305_32.o
[511/1268] CC obj/lib/freebl/verified/freebl_static.Hacl_Chacha20.o
[512/1268] CC obj/lib/freebl/freebl_static.sha512.o
[513/1268] CC obj/lib/freebl/ecl/freebl_static.curve25519_64.o
[514/1268] CC obj/lib/freebl/mpi/freebl_static.mp_comba.o
/usr/lib/gcc/x86_64-alpine-linux-musl/14.2.0/../../../../x86_64-alpine-linux-musl/bin/ld: warning: /home/packager/aports/main/nss/src/nss-3.110/dist/Release/lib/libnssckbi.so has a LOAD segment with RWX permissions
[515/1268] CC obj/lib/freebl/mpi/freebl_static.mpi_amd64_common.o
[516/1268] CC obj/lib/freebl/mpi/freebl_static.mpi_amd64.o
[517/1268] CC obj/lib/freebl/freebl_static.arcfour-amd64-gas.o
[518/1268] CC obj/lib/freebl/verified/freebl_static.Hacl_Ed25519.o
[519/1268] CC obj/lib/freebl/verified/freebl_static.Hacl_Curve25519_51.o
[520/1268] CC obj/lib/freebl/freebl_static.shake.o
[521/1268] CC obj/lib/freebl/freebl_static.sha3.o
[522/1268] CC obj/lib/freebl/verified/freebl_static.Hacl_P521.o
[523/1268] CC obj/lib/freebl/verified/freebl_static.Hacl_P384.o
[524/1268] CC obj/lib/freebl/verified/freebl_static.Hacl_P256.o
[525/1268] CC obj/lib/freebl/verified/freebl_static.libcrux_core.o
[526/1268] AR libsoftokn_static.a
[527/1268] CC obj/lib/freebl/verified/freebl_static.libcrux_mlkem_portable.o
[528/1268] CC obj/lib/freebl/verified/freebl_static.libcrux_mlkem768_portable.o
[529/1268] CC obj/lib/freebl/verified/freebl_static.Hacl_Hash_SHA3.o
[530/1268] CC obj/lib/freebl/freebl_static.secmpi.o
[531/1268] CC obj/lib/freebl/freebl_static.tlsprfalg.o
[532/1268] CC obj/lib/freebl/freebl_static.sysrand.o
[533/1268] CC obj/lib/freebl/freebl_static.shvfy.o
[534/1268] CC obj/lib/freebl/freebl_static.sha_fast.o
[535/1268] CC obj/lib/freebl/freebl_static.rsapkcs.o
[536/1268] CC obj/lib/freebl/freebl_static.rsa_blind.o
[537/1268] CC obj/lib/freebl/freebl_static.rsa.o
[538/1268] CC obj/lib/freebl/freebl_static.rijndael.o
[539/1268] CC obj/lib/freebl/freebl_static.rawhash.o
[540/1268] CC obj/lib/freebl/freebl_static.pqg.o
[541/1268] CC obj/lib/freebl/mpi/freebl_static.mpprime.o
[542/1268] CC obj/lib/freebl/mpi/freebl_static.mpmontg.o
[543/1268] CC obj/lib/freebl/mpi/freebl_static.mplogic.o
[544/1268] CC obj/lib/freebl/mpi/freebl_static.mpi.o
[545/1268] CC obj/lib/freebl/mpi/freebl_static.mpcpucache.o
[546/1268] CC obj/lib/freebl/mpi/freebl_static.mp_gf2m.o
[547/1268] CC obj/lib/freebl/freebl_static.md5.o
[548/1268] CC obj/lib/freebl/freebl_static.md2.o
[549/1268] CC obj/lib/freebl/freebl_static.ldvector.o
[550/1268] CC obj/lib/freebl/freebl_static.kyber-pqcrystals-ref.o
[551/1268] CC obj/lib/freebl/freebl_static.kyber.o
[552/1268] CC obj/lib/freebl/freebl_static.jpake.o
[553/1268] CC obj/lib/freebl/freebl_static.hmacct.o
[554/1268] CC obj/lib/freebl/freebl_static.gcm.o
[555/1268] CC obj/lib/freebl/freebl_static.freeblver.o
[556/1268] CC obj/lib/freebl/freebl_static.blinit.o
[557/1268] CC obj/lib/freebl/freebl_static.fipsfreebl.o
[558/1268] CC obj/lib/freebl/ecl/freebl_static.ecp_secp521r1.o
[559/1268] CC obj/lib/freebl/ecl/freebl_static.ecp_secp384r1.o
[560/1268] CC obj/lib/freebl/ecl/freebl_static.ecp_secp256r1.o
[561/1268] CC obj/lib/freebl/ecl/freebl_static.ecp_25519.o
[562/1268] CC obj/lib/freebl/freebl_static.ecdecode.o
[563/1268] CC obj/lib/freebl/freebl_static.ec.o
[564/1268] CC obj/lib/freebl/freebl_static.dsa.o
[565/1268] CC obj/lib/freebl/freebl_static.drbg.o
[566/1268] CC obj/lib/freebl/freebl_static.dh.o
[567/1268] CC obj/lib/freebl/freebl_static.desblapi.o
[568/1268] CC obj/lib/freebl/freebl_static.des.o
[569/1268] CC obj/lib/freebl/freebl_static.cts.o
[570/1268] CC obj/lib/freebl/freebl_static.ctr.o
[571/1268] CC obj/lib/freebl/freebl_static.crypto_primitives.o
[572/1268] CC obj/lib/freebl/freebl_static.chacha20poly1305.o
[573/1268] CC obj/lib/freebl/freebl_static.camellia.o
[574/1268] CC obj/lib/freebl/freebl_static.blake2b.o
[575/1268] CC obj/lib/freebl/freebl_static.arcfour.o
[576/1268] CC obj/lib/freebl/freebl_static.arcfive.o
[577/1268] CC obj/lib/freebl/freebl_static.alghmac.o
[578/1268] CC obj/lib/freebl/freebl_static.cmac.o
[579/1268] CC obj/lib/freebl/freebl_static.aeskeywrap.o
[580/1268] CC obj/lib/freebl/gcm-aes-x86_c_lib.aes-x86.o
[581/1268] CC obj/lib/freebl/gcm-aes-x86_c_lib.gcm-x86.o
[582/1268] CC obj/lib/freebl/verified/hw-acc-crypto-avx.Hacl_Chacha20Poly1305_128.o
[583/1268] AR libgcm-aes-x86_c_lib.a
[584/1268] CC obj/lib/freebl/verified/hw-acc-crypto-avx.Hacl_Chacha20_Vec128.o
[585/1268] CC obj/lib/freebl/verified/hw-acc-crypto-avx.Hacl_Poly1305_128.o
[586/1268] CC obj/lib/freebl/verified/hw-acc-crypto-avx2.Hacl_Chacha20Poly1305_256.o
[587/1268] CC obj/lib/freebl/verified/hw-acc-crypto-avx2.Hacl_Chacha20_Vec256.o
[588/1268] CC obj/lib/freebl/verified/hw-acc-crypto-avx2.Hacl_Poly1305_256.o
[589/1268] CC obj/lib/freebl/intel-gcm-wrap_c_lib.intel-gcm-wrap.o
[590/1268] AR libintel-gcm-wrap_c_lib.a
[591/1268] AR libfreebl_static.a
[592/1268] CC obj/lib/freebl/intel-gcm-s_lib.intel-gcm.o
[593/1268] CC obj/lib/freebl/intel-gcm-s_lib.intel-aes.o
[594/1268] CC obj/lib/freebl/sha-x86_c_lib.sha256-x86.o
[595/1268] AR libintel-gcm-s_lib.a
[596/1268] CC obj/lib/jar/jar.jarver.o
[597/1268] CC obj/lib/jar/jar.jarsign.o
[598/1268] CC obj/lib/jar/jar.jarint.o
[599/1268] CC obj/lib/jar/jar.jarfile.o
[600/1268] CC obj/lib/jar/jar.jar.o
[601/1268] CC obj/lib/jar/jar.jar-ds.o
[602/1268] STAMP obj/lib/libpkix/libpkix.compile_depends.stamp
[603/1268] CC obj/lib/libpkix/pkix/certsel/pkixcertsel.pkix_comcertselparams.o
[604/1268] CC obj/lib/libpkix/pkix/certsel/pkixcertsel.pkix_certselector.o
[605/1268] AR libhw-acc-crypto-avx.a
[606/1268] CC obj/lib/libpkix/pkix/checker/pkixchecker.pkix_targetcertchecker.o
[607/1268] CC obj/lib/libpkix/pkix/checker/pkixchecker.pkix_signaturechecker.o
[608/1268] AR libjar.a
[609/1268] CC obj/lib/libpkix/pkix/checker/pkixchecker.pkix_revocationmethod.o
[610/1268] CC obj/lib/libpkix/pkix/checker/pkixchecker.pkix_revocationchecker.o
[611/1268] CC obj/lib/libpkix/pkix/checker/pkixchecker.pkix_policychecker.o
[612/1268] AR libhw-acc-crypto-avx2.a
[613/1268] CC obj/lib/libpkix/pkix/checker/pkixchecker.pkix_ocspchecker.o
[614/1268] CC obj/lib/libpkix/pkix/checker/pkixchecker.pkix_nameconstraintschecker.o
[615/1268] CC obj/lib/libpkix/pkix/checker/pkixchecker.pkix_namechainingchecker.o
[616/1268] CC obj/lib/libpkix/pkix/checker/pkixchecker.pkix_expirationchecker.o
[617/1268] AR libpkixcertsel.a
[618/1268] CC obj/lib/libpkix/pkix/checker/pkixchecker.pkix_ekuchecker.o
[619/1268] AR libsha-x86_c_lib.a
[620/1268] CC obj/lib/libpkix/pkix/checker/pkixchecker.pkix_crlchecker.o
[621/1268] CC obj/lib/libpkix/pkix/checker/pkixchecker.pkix_certchainchecker.o
[622/1268] CC obj/lib/libpkix/pkix/checker/pkixchecker.pkix_basicconstraintschecker.o
[623/1268] STAMP obj/lib/freebl/freeblpriv3.actions_depends.stamp
[624/1268] ACTION freeblpriv3: generate_mapfile_bc3f0d84eb4f0417c1278ac729b2c56d
[625/1268] CC obj/lib/libpkix/pkix/crlsel/pkixcrlsel.pkix_crlselector.o
[626/1268] CC obj/coreconf/freeblpriv3.empty.o
[627/1268] CC obj/lib/freebl/verified/freeblpriv3.Hacl_Poly1305_32.o
[628/1268] CC obj/lib/freebl/verified/freeblpriv3.Hacl_Chacha20Poly1305_32.o
[629/1268] CC obj/lib/freebl/verified/freeblpriv3.Hacl_Chacha20.o
[630/1268] CC obj/lib/freebl/freeblpriv3.sha512.o
[631/1268] CC obj/lib/freebl/ecl/freeblpriv3.curve25519_64.o
[632/1268] CC obj/lib/freebl/mpi/freeblpriv3.mp_comba.o
[633/1268] CC obj/lib/freebl/mpi/freeblpriv3.mpi_amd64_common.o
[634/1268] CC obj/lib/freebl/mpi/freeblpriv3.mpi_amd64.o
[635/1268] CC obj/lib/freebl/freeblpriv3.arcfour-amd64-gas.o
[636/1268] CC obj/lib/freebl/freeblpriv3.stubs.o
[637/1268] CC obj/lib/freebl/freeblpriv3.nsslowhash.o
[638/1268] CC obj/lib/freebl/verified/freeblpriv3.Hacl_Ed25519.o
[639/1268] CC obj/lib/freebl/verified/freeblpriv3.Hacl_Curve25519_51.o
[640/1268] AR libpkixchecker.a
[641/1268] CC obj/lib/freebl/freeblpriv3.shake.o
[642/1268] CC obj/lib/freebl/freeblpriv3.sha3.o
[643/1268] CC obj/lib/freebl/verified/freeblpriv3.Hacl_P521.o
[644/1268] CC obj/lib/freebl/verified/freeblpriv3.Hacl_P384.o
[645/1268] CC obj/lib/freebl/verified/freeblpriv3.Hacl_P256.o
[646/1268] CC obj/lib/freebl/verified/freeblpriv3.libcrux_core.o
[647/1268] CC obj/lib/freebl/verified/freeblpriv3.libcrux_mlkem_portable.o
[648/1268] CC obj/lib/freebl/verified/freeblpriv3.libcrux_mlkem768_portable.o
[649/1268] CC obj/lib/freebl/verified/freeblpriv3.Hacl_Hash_SHA3.o
[650/1268] CC obj/lib/freebl/freeblpriv3.secmpi.o
[651/1268] CC obj/lib/freebl/freeblpriv3.tlsprfalg.o
[652/1268] CC obj/lib/freebl/freeblpriv3.sysrand.o
[653/1268] CC obj/lib/freebl/freeblpriv3.shvfy.o
[654/1268] CC obj/lib/freebl/freeblpriv3.sha_fast.o
[655/1268] CC obj/lib/freebl/freeblpriv3.rsapkcs.o
[656/1268] CC obj/lib/freebl/freeblpriv3.rsa_blind.o
[657/1268] CC obj/lib/freebl/freeblpriv3.rsa.o
[658/1268] CC obj/lib/freebl/freeblpriv3.rijndael.o
[659/1268] CC obj/lib/freebl/freeblpriv3.rawhash.o
[660/1268] CC obj/lib/freebl/freeblpriv3.pqg.o
[661/1268] CC obj/lib/freebl/mpi/freeblpriv3.mpprime.o
[662/1268] CC obj/lib/freebl/mpi/freeblpriv3.mpmontg.o
[663/1268] CC obj/lib/freebl/mpi/freeblpriv3.mplogic.o
[664/1268] CC obj/lib/freebl/mpi/freeblpriv3.mpi.o
[665/1268] CC obj/lib/freebl/mpi/freeblpriv3.mpcpucache.o
[666/1268] CC obj/lib/freebl/mpi/freeblpriv3.mp_gf2m.o
[667/1268] CC obj/lib/freebl/freeblpriv3.md5.o
[668/1268] CC obj/lib/freebl/freeblpriv3.md2.o
[669/1268] CC obj/lib/freebl/freeblpriv3.ldvector.o
[670/1268] CC obj/lib/freebl/freeblpriv3.kyber-pqcrystals-ref.o
[671/1268] CC obj/lib/freebl/freeblpriv3.kyber.o
[672/1268] CC obj/lib/freebl/freeblpriv3.jpake.o
[673/1268] CC obj/lib/freebl/freeblpriv3.hmacct.o
[674/1268] CC obj/lib/freebl/freeblpriv3.gcm.o
[675/1268] CC obj/lib/freebl/freeblpriv3.freeblver.o
[676/1268] CC obj/lib/freebl/freeblpriv3.blinit.o
[677/1268] CC obj/lib/freebl/freeblpriv3.fipsfreebl.o
[678/1268] CC obj/lib/freebl/ecl/freeblpriv3.ecp_secp521r1.o
[679/1268] CC obj/lib/freebl/ecl/freeblpriv3.ecp_secp384r1.o
[680/1268] CC obj/lib/freebl/ecl/freeblpriv3.ecp_secp256r1.o
[681/1268] CC obj/lib/freebl/ecl/freeblpriv3.ecp_25519.o
[682/1268] CC obj/lib/freebl/freeblpriv3.ecdecode.o
[683/1268] CC obj/lib/freebl/freeblpriv3.ec.o
[684/1268] CC obj/lib/freebl/freeblpriv3.dsa.o
[685/1268] CC obj/lib/freebl/freeblpriv3.drbg.o
[686/1268] CC obj/lib/freebl/freeblpriv3.dh.o
[687/1268] CC obj/lib/freebl/freeblpriv3.desblapi.o
[688/1268] CC obj/lib/freebl/freeblpriv3.des.o
[689/1268] CC obj/lib/freebl/freeblpriv3.cts.o
[690/1268] CC obj/lib/freebl/freeblpriv3.ctr.o
[691/1268] CC obj/lib/freebl/freeblpriv3.crypto_primitives.o
[692/1268] CC obj/lib/freebl/freeblpriv3.chacha20poly1305.o
[693/1268] CC obj/lib/freebl/freeblpriv3.camellia.o
[694/1268] CC obj/lib/freebl/freeblpriv3.blake2b.o
[695/1268] CC obj/lib/freebl/freeblpriv3.arcfour.o
[696/1268] CC obj/lib/freebl/freeblpriv3.arcfive.o
[697/1268] CC obj/lib/freebl/freeblpriv3.alghmac.o
[698/1268] CC obj/lib/freebl/freeblpriv3.cmac.o
[699/1268] CC obj/lib/freebl/freeblpriv3.aeskeywrap.o
[700/1268] CC obj/lib/libpkix/pkix/crlsel/pkixcrlsel.pkix_comcrlselparams.o
[701/1268] CC obj/lib/libpkix/pkix/params/pkixparams.pkix_valparams.o
[702/1268] CC obj/lib/libpkix/pkix/params/pkixparams.pkix_trustanchor.o
[703/1268] CC obj/lib/libpkix/pkix/params/pkixparams.pkix_resourcelimits.o
[704/1268] CC obj/lib/libpkix/pkix/params/pkixparams.pkix_procparams.o
[705/1268] AR libpkixcrlsel.a
[706/1268] CC obj/lib/libpkix/pkix/results/pkixresults.pkix_verifynode.o
[707/1268] CC obj/lib/libpkix/pkix/results/pkixresults.pkix_valresult.o
[708/1268] CC obj/lib/libpkix/pkix/results/pkixresults.pkix_policynode.o
[709/1268] CC obj/lib/libpkix/pkix/results/pkixresults.pkix_buildresult.o
[710/1268] CC obj/lib/libpkix/pkix/store/pkixstore.pkix_store.o
[711/1268] CC obj/lib/libpkix/pkix/top/pkixtop.pkix_validate.o
[712/1268] CC obj/lib/libpkix/pkix/top/pkixtop.pkix_lifecycle.o
[713/1268] CC obj/lib/libpkix/pkix/top/pkixtop.pkix_build.o
[714/1268] CC obj/lib/libpkix/pkix/util/pkixutil.pkix_tools.o
[715/1268] AR libpkixresults.a
[716/1268] AR libpkixparams.a
[717/1268] SOLINK /home/packager/aports/main/nss/src/nss-3.110/dist/Release/lib/libfreeblpriv3.so
[718/1268] CC obj/lib/libpkix/pkix/util/pkixutil.pkix_logger.o
[719/1268] CC obj/lib/libpkix/pkix/util/pkixutil.pkix_list.o
[720/1268] CC obj/lib/libpkix/pkix/util/pkixutil.pkix_errpaths.o
[721/1268] AR libpkixstore.a
[722/1268] CC obj/lib/libpkix/pkix/util/pkixutil.pkix_error.o
[723/1268] CC obj/lib/libpkix/pkix_pl_nss/module/pkixmodule.pkix_pl_socket.o
[724/1268] CC obj/lib/libpkix/pkix_pl_nss/module/pkixmodule.pkix_pl_pk11certstore.o
[725/1268] CC obj/lib/libpkix/pkix_pl_nss/module/pkixmodule.pkix_pl_nsscontext.o
[726/1268] CC obj/lib/libpkix/pkix_pl_nss/module/pkixmodule.pkix_pl_ldaptemplates.o
[727/1268] CC obj/lib/libpkix/pkix_pl_nss/module/pkixmodule.pkix_pl_ldapresponse.o
[728/1268] AR libpkixutil.a
[729/1268] CC obj/lib/libpkix/pkix_pl_nss/module/pkixmodule.pkix_pl_ldaprequest.o
[730/1268] CC obj/lib/libpkix/pkix_pl_nss/module/pkixmodule.pkix_pl_ldapdefaultclient.o
[731/1268] CC obj/lib/libpkix/pkix_pl_nss/module/pkixmodule.pkix_pl_ldapcertstore.o
[732/1268] CC obj/lib/libpkix/pkix_pl_nss/module/pkixmodule.pkix_pl_httpdefaultclient.o
[733/1268] CC obj/lib/libpkix/pkix_pl_nss/module/pkixmodule.pkix_pl_httpcertstore.o
[734/1268] CC obj/lib/libpkix/pkix_pl_nss/module/pkixmodule.pkix_pl_colcertstore.o
[735/1268] AR libpkixtop.a
[736/1268] CC obj/lib/libpkix/pkix_pl_nss/module/pkixmodule.pkix_pl_aiamgr.o
[737/1268] CC obj/lib/libpkix/pkix_pl_nss/pki/pkixpki.pkix_pl_x500name.o
[738/1268] CC obj/lib/libpkix/pkix_pl_nss/pki/pkixpki.pkix_pl_publickey.o
[739/1268] CC obj/lib/libpkix/pkix_pl_nss/pki/pkixpki.pkix_pl_ocspresponse.o
[740/1268] CC obj/lib/libpkix/pkix_pl_nss/pki/pkixpki.pkix_pl_ocsprequest.o
[741/1268] CC obj/lib/libpkix/pkix_pl_nss/pki/pkixpki.pkix_pl_ocspcertid.o
[742/1268] CC obj/lib/libpkix/pkix_pl_nss/pki/pkixpki.pkix_pl_nameconstraints.o
[743/1268] AR libpkixmodule.a
[744/1268] CC obj/lib/libpkix/pkix_pl_nss/pki/pkixpki.pkix_pl_infoaccess.o
[745/1268] CC obj/lib/libpkix/pkix_pl_nss/pki/pkixpki.pkix_pl_generalname.o
[746/1268] CC obj/lib/libpkix/pkix_pl_nss/pki/pkixpki.pkix_pl_date.o
[747/1268] CC obj/lib/libpkix/pkix_pl_nss/pki/pkixpki.pkix_pl_crlentry.o
[748/1268] CC obj/lib/libpkix/pkix_pl_nss/pki/pkixpki.pkix_pl_crldp.o
[749/1268] CC obj/lib/libpkix/pkix_pl_nss/pki/pkixpki.pkix_pl_crl.o
[750/1268] CC obj/lib/libpkix/pkix_pl_nss/pki/pkixpki.pkix_pl_certpolicyqualifier.o
[751/1268] CC obj/lib/libpkix/pkix_pl_nss/pki/pkixpki.pkix_pl_certpolicymap.o
[752/1268] CC obj/lib/libpkix/pkix_pl_nss/pki/pkixpki.pkix_pl_certpolicyinfo.o
[753/1268] CC obj/lib/libpkix/pkix_pl_nss/pki/pkixpki.pkix_pl_cert.o
[754/1268] CC obj/lib/libpkix/pkix_pl_nss/pki/pkixpki.pkix_pl_basicconstraints.o
[755/1268] CC obj/lib/libpkix/pkix_pl_nss/system/pkixsystem.pkix_pl_string.o
[756/1268] CC obj/lib/libpkix/pkix_pl_nss/system/pkixsystem.pkix_pl_rwlock.o
[757/1268] CC obj/lib/libpkix/pkix_pl_nss/system/pkixsystem.pkix_pl_primhash.o
[758/1268] CC obj/lib/libpkix/pkix_pl_nss/system/pkixsystem.pkix_pl_oid.o
[759/1268] CC obj/lib/libpkix/pkix_pl_nss/system/pkixsystem.pkix_pl_object.o
[760/1268] CC obj/lib/libpkix/pkix_pl_nss/system/pkixsystem.pkix_pl_mutex.o
[761/1268] CC obj/lib/libpkix/pkix_pl_nss/system/pkixsystem.pkix_pl_monitorlock.o
[762/1268] CC obj/lib/libpkix/pkix_pl_nss/system/pkixsystem.pkix_pl_mem.o
[763/1268] CC obj/lib/libpkix/pkix_pl_nss/system/pkixsystem.pkix_pl_lifecycle.o
[764/1268] CC obj/lib/libpkix/pkix_pl_nss/system/pkixsystem.pkix_pl_hashtable.o
[765/1268] CC obj/lib/libpkix/pkix_pl_nss/system/pkixsystem.pkix_pl_error.o
[766/1268] CC obj/lib/libpkix/pkix_pl_nss/system/pkixsystem.pkix_pl_common.o
[767/1268] CC obj/lib/libpkix/pkix_pl_nss/system/pkixsystem.pkix_pl_bytearray.o
[768/1268] AR libpkixpki.a
[769/1268] CC obj/lib/libpkix/pkix_pl_nss/system/pkixsystem.pkix_pl_bigint.o
[770/1268] STAMP obj/lib/mozpkix/mozpkix.compile_depends.stamp
[771/1268] CXX obj/lib/mozpkix/lib/mozpkix.pkixverify.o
[772/1268] CXX obj/lib/mozpkix/lib/mozpkix.pkixtime.o
[773/1268] CXX obj/lib/mozpkix/lib/mozpkix.pkixresult.o
[774/1268] CXX obj/lib/mozpkix/lib/mozpkix.pkixocsp.o
[775/1268] CXX obj/lib/mozpkix/lib/mozpkix.pkixnss.o
[776/1268] CXX obj/lib/mozpkix/lib/mozpkix.pkixnames.o
[777/1268] AR libpkixsystem.a
[778/1268] STAMP obj/lib/libpkix/libpkix.actions_depends.stamp
[779/1268] CXX obj/lib/mozpkix/lib/mozpkix.pkixder.o
[780/1268] CXX obj/lib/mozpkix/lib/mozpkix.pkixcheck.o
[781/1268] CXX obj/lib/mozpkix/lib/mozpkix.pkixcert.o
[782/1268] CXX obj/lib/mozpkix/lib/mozpkix.pkixc.o
[783/1268] CXX obj/lib/mozpkix/lib/mozpkix.pkixbuild.o
[784/1268] STAMP obj/lib/mozpkix/mozpkix-testlib.compile_depends.stamp
[785/1268] CC obj/lib/nss/nss_static.utilwrap.o
[786/1268] CXX obj/lib/mozpkix/test-lib/mozpkix-testlib.pkixtestutil.o
[787/1268] CXX obj/lib/mozpkix/test-lib/mozpkix-testlib.pkixtestnss.o
[788/1268] CXX obj/lib/mozpkix/test-lib/mozpkix-testlib.pkixtestalg.o
[789/1268] CC obj/lib/nss/nss_static.nssver.o
[790/1268] CC obj/lib/nss/nss_static.nssoptions.o
[791/1268] CC obj/lib/nss/nss_static.nssinit.o
[792/1268] CC obj/lib/pk11wrap/pk11wrap.pk11util.o
[793/1268] CC obj/lib/pk11wrap/pk11wrap.pk11slot.o
[794/1268] AR /home/packager/aports/main/nss/src/nss-3.110/dist/Release/lib/libmozpkix.a
[795/1268] CC obj/lib/pk11wrap/pk11wrap.pk11skey.o
[796/1268] AR libnss_static.a
[797/1268] CC obj/lib/pk11wrap/pk11wrap.pk11sdr.o
[798/1268] CC obj/lib/pk11wrap/pk11wrap.pk11pqg.o
[799/1268] CC obj/lib/pk11wrap/pk11wrap.pk11pk12.o
[800/1268] CC obj/lib/pk11wrap/pk11wrap.pk11pbe.o
[801/1268] CC obj/lib/pk11wrap/pk11wrap.pk11pars.o
[802/1268] CC obj/lib/pk11wrap/pk11wrap.pk11obj.o
[803/1268] CC obj/lib/pk11wrap/pk11wrap.pk11nobj.o
[804/1268] CC obj/lib/pk11wrap/pk11wrap.pk11merge.o
[805/1268] CC obj/lib/pk11wrap/pk11wrap.pk11mech.o
[806/1268] CC obj/lib/pk11wrap/pk11wrap.pk11load.o
[807/1268] CC obj/lib/pk11wrap/pk11wrap.pk11list.o
[808/1268] CC obj/lib/pk11wrap/pk11wrap.pk11kea.o
[809/1268] CC obj/lib/pk11wrap/pk11wrap.pk11hpke.o
[810/1268] CC obj/lib/pk11wrap/pk11wrap.pk11err.o
[811/1268] CC obj/lib/pk11wrap/pk11wrap.pk11cxt.o
[812/1268] CC obj/lib/pk11wrap/pk11wrap.pk11cert.o
[813/1268] CC obj/lib/pk11wrap/pk11wrap.pk11auth.o
[814/1268] CC obj/lib/pk11wrap/pk11wrap.pk11akey.o
[815/1268] AR /home/packager/aports/main/nss/src/nss-3.110/dist/Release/lib/libmozpkix-testlib.a
[816/1268] CC obj/lib/pk11wrap/pk11wrap.dev3hack.o
[817/1268] CC obj/lib/pkcs12/pkcs12.p12tmpl.o
[818/1268] CC obj/lib/pkcs12/pkcs12.p12plcy.o
[819/1268] CC obj/lib/pkcs12/pkcs12.p12local.o
[820/1268] CC obj/lib/pkcs12/pkcs12.p12e.o
[821/1268] CC obj/lib/pkcs12/pkcs12.p12dec.o
[822/1268] CC obj/lib/pkcs12/pkcs12.p12d.o
[823/1268] CC obj/lib/pkcs12/pkcs12.p12creat.o
[824/1268] CC obj/lib/pkcs7/pkcs7.secmime.o
[825/1268] AR libpk11wrap.a
[826/1268] CC obj/lib/pkcs7/pkcs7.p7local.o
[827/1268] CC obj/lib/pkcs7/pkcs7.p7encode.o
[828/1268] CC obj/lib/pkcs7/pkcs7.p7decode.o
[829/1268] CC obj/lib/pkcs7/pkcs7.p7create.o
[830/1268] CC obj/lib/pkcs7/pkcs7.p7common.o
[831/1268] CC obj/lib/pkcs7/pkcs7.certread.o
[832/1268] CC obj/lib/pki/nsspki.trustdomain.o
[833/1268] CC obj/lib/pki/nsspki.tdcache.o
[834/1268] CC obj/lib/pki/nsspki.symmkey.o
[835/1268] AR libpkcs12.a
[836/1268] CC obj/lib/pki/nsspki.pkistore.o
[837/1268] CC obj/lib/pki/nsspki.pkibase.o
[838/1268] CC obj/lib/pki/nsspki.pki3hack.o
[839/1268] AR libpkcs7.a
[840/1268] CC obj/lib/pki/nsspki.cryptocontext.o
[841/1268] CC obj/lib/pki/nsspki.certificate.o
[842/1268] CC obj/lib/pki/nsspki.certdecode.o
[843/1268] CC obj/lib/pki/nsspki.asymmkey.o
[844/1268] CC obj/lib/smime/smime.smimever.o
[845/1268] CC obj/lib/smime/smime.smimeutil.o
[846/1268] CC obj/lib/smime/smime.smimemessage.o
[847/1268] CC obj/lib/smime/smime.cmsutil.o
[848/1268] CC obj/lib/smime/smime.cmsudf.o
[849/1268] CC obj/lib/smime/smime.cmssiginfo.o
[850/1268] CC obj/lib/smime/smime.cmssigdata.o
[851/1268] AR libnsspki.a
[852/1268] STAMP obj/lib/nss/nss3_deps.actions_depends.stamp
[853/1268] CC obj/lib/smime/smime.cmsreclist.o
[854/1268] CC obj/lib/smime/smime.cmsrecinfo.o
[855/1268] CC obj/lib/smime/smime.cmspubkey.o
[856/1268] CC obj/lib/smime/smime.cmsmessage.o
[857/1268] CC obj/lib/smime/smime.cmsenvdata.o
[858/1268] CC obj/lib/smime/smime.cmsencode.o
[859/1268] CC obj/lib/smime/smime.cmsencdata.o
[860/1268] CC obj/lib/smime/smime.cmsdigest.o
[861/1268] CC obj/lib/smime/smime.cmsdigdata.o
[862/1268] CC obj/lib/smime/smime.cmsdecode.o
[863/1268] CC obj/lib/smime/smime.cmscipher.o
[864/1268] CC obj/lib/smime/smime.cmscinfo.o
[865/1268] CC obj/lib/smime/smime.cmsattr.o
[866/1268] CC obj/lib/smime/smime.cmsasn1.o
[867/1268] CC obj/lib/smime/smime.cmsarray.o
[868/1268] CC obj/lib/ssl/ssl.unix_err.o
[869/1268] CC obj/lib/ssl/ssl.tls13subcerts.o
[870/1268] CC obj/lib/ssl/ssl.tls13replay.o
[871/1268] CC obj/lib/ssl/ssl.tls13psk.o
[872/1268] CC obj/lib/ssl/ssl.tls13hkdf.o
[873/1268] CC obj/lib/ssl/ssl.tls13hashstate.o
[874/1268] AR libsmime.a
[875/1268] CC obj/lib/ssl/ssl.tls13exthandle.o
[876/1268] STAMP obj/lib/smime/smime3_deps.actions_depends.stamp
[877/1268] CC obj/lib/ssl/ssl.tls13echv.o
[878/1268] CC obj/lib/ssl/ssl.tls13ech.o
[879/1268] CC obj/lib/ssl/ssl.tls13con.o
[880/1268] CC obj/lib/ssl/ssl.sslver.o
[881/1268] CC obj/lib/ssl/ssl.ssltrace.o
[882/1268] CC obj/lib/ssl/ssl.sslspec.o
[883/1268] CC obj/lib/ssl/ssl.sslsock.o
[884/1268] CC obj/lib/ssl/ssl.sslsnce.o
[885/1268] CC obj/lib/ssl/ssl.sslsecur.o
[886/1268] CC obj/lib/ssl/ssl.sslreveal.o
[887/1268] CC obj/lib/ssl/ssl.sslprimitive.o
[888/1268] CC obj/lib/ssl/ssl.sslnonce.o
[889/1268] CC obj/lib/ssl/ssl.sslmutex.o
[890/1268] CC obj/lib/ssl/ssl.sslinit.o
[891/1268] CC obj/lib/ssl/ssl.sslinfo.o
[892/1268] CC obj/lib/ssl/ssl.sslgrp.o
[893/1268] CC obj/lib/ssl/ssl.sslerrstrs.o
[894/1268] CC obj/lib/ssl/ssl.sslerr.o
[895/1268] CC obj/lib/ssl/ssl.sslenum.o
[896/1268] CC obj/lib/ssl/ssl.sslencode.o
[897/1268] CC obj/lib/ssl/ssl.ssldef.o
[898/1268] CC obj/lib/ssl/ssl.sslcon.o
[899/1268] CC obj/lib/ssl/ssl.sslcert.o
[900/1268] CC obj/lib/ssl/ssl.sslbloom.o
[901/1268] CC obj/lib/ssl/ssl.sslauth.o
[902/1268] CC obj/lib/ssl/ssl.ssl3gthr.o
[903/1268] CC obj/lib/ssl/ssl.ssl3exthandle.o
[904/1268] CC obj/lib/ssl/ssl.ssl3ext.o
[905/1268] CC obj/lib/ssl/ssl.ssl3ecc.o
[906/1268] CC obj/lib/ssl/ssl.ssl3con.o
[907/1268] CC obj/lib/ssl/ssl.selfencrypt.o
[908/1268] CC obj/lib/ssl/ssl.prelib.o
[909/1268] CC obj/lib/ssl/ssl.dtls13con.o
[910/1268] CC obj/lib/ssl/ssl.dtlscon.o
[911/1268] CC obj/lib/ssl/ssl.cmpcert.o
[912/1268] CC obj/lib/ssl/ssl.authcert.o
[913/1268] CC obj/lib/util/nssutil.utilpars.o
[914/1268] CC obj/lib/util/nssutil.utilmod.o
[915/1268] CC obj/lib/util/nssutil.utf8.o
[916/1268] CC obj/lib/util/nssutil.templates.o
[917/1268] CC obj/lib/util/nssutil.sectime.o
[918/1268] CC obj/lib/util/nssutil.secport.o
[919/1268] CC obj/lib/util/nssutil.secoid.o
[920/1268] CC obj/lib/util/nssutil.secload.o
[921/1268] CC obj/lib/util/nssutil.secitem.o
[922/1268] CC obj/lib/util/nssutil.secdig.o
[923/1268] CC obj/lib/util/nssutil.secasn1u.o
[924/1268] CC obj/lib/util/nssutil.secasn1e.o
[925/1268] CC obj/lib/util/nssutil.secasn1d.o
[926/1268] CC obj/lib/util/nssutil.secalgid.o
[927/1268] CC obj/lib/util/nssutil.quickder.o
[928/1268] CC obj/lib/util/nssutil.portreg.o
[929/1268] CC obj/lib/util/nssutil.pkcs11uri.o
[930/1268] CC obj/lib/util/nssutil.pkcs1sig.o
[931/1268] CC obj/lib/util/nssutil.oidstring.o
[932/1268] CC obj/lib/util/nssutil.nssrwlk.o
[933/1268] CC obj/lib/util/nssutil.nssilock.o
[934/1268] CC obj/lib/util/nssutil.nsshash.o
[935/1268] CC obj/lib/util/nssutil.nssb64e.o
[936/1268] CC obj/lib/util/nssutil.nssb64d.o
[937/1268] CC obj/lib/util/nssutil.errstrs.o
[938/1268] CC obj/lib/util/nssutil.dertime.o
[939/1268] CC obj/lib/util/nssutil.dersubr.o
[940/1268] CC obj/lib/util/nssutil.derenc.o
[941/1268] CC obj/lib/util/nssutil.derdec.o
[942/1268] AR libnssutil.a
[943/1268] STAMP obj/lib/util/nssutil3.actions_depends.stamp
[944/1268] ACTION nssutil3: generate_mapfile_c3520f8b159fb926edc746c920429812
[945/1268] STAMP obj/cmd/bltest/bltest.compile_depends.stamp
[946/1268] STAMP obj/cmd/chktest/chktest.compile_depends.stamp
[947/1268] STAMP obj/cmd/ecperf/ecperf.compile_depends.stamp
[948/1268] STAMP obj/cmd/fbectest/fbectest.compile_depends.stamp
[949/1268] STAMP obj/cmd/mpitests/mpi_tests.compile_depends.stamp
[950/1268] STAMP obj/cmd/pk11ectest/pk11ectest.compile_depends.stamp
[951/1268] CC obj/cmd/ecperf/ecperf.ecperf.o
[952/1268] CC obj/cmd/fbectest/fbectest.fbectest.o
[953/1268] CC obj/cmd/bltest/bltest.blapitest.o
[954/1268] CC obj/cmd/chktest/chktest.chktest.o
[955/1268] CC obj/cmd/mpitests/mpi_tests.mpi-test.o
[956/1268] CC obj/cmd/pk11ectest/pk11ectest.pk11ectest.o
[957/1268] STAMP obj/cmd/rsaperf/rsaperf.compile_depends.stamp
[958/1268] CC obj/cmd/rsaperf/rsaperf.rsaperf.o
[959/1268] CC obj/cmd/rsaperf/rsaperf.defkey.o
[960/1268] STAMP obj/cmd/shlibsign/mangle/mangle.compile_depends.stamp
[961/1268] CC obj/cmd/shlibsign/mangle/mangle.mangle.o
[962/1268] AR libssl.a
[963/1268] STAMP obj/lib/sysinit/nsssysinit_static.compile_depends.stamp
[964/1268] CC obj/coreconf/nssutil3.empty.o
[965/1268] STAMP obj/gtests/sysinit_gtest/sysinit_gtest.compile_depends.stamp
[966/1268] CXX obj/gtests/sysinit_gtest/sysinit_gtest.getUserDB_unittest.o
[967/1268] CXX obj/gtests/sysinit_gtest/sysinit_gtest.sysinit_gtest.o
[968/1268] CC obj/lib/sysinit/nsssysinit_static.nsssysinit.o
[969/1268] SOLINK /home/packager/aports/main/nss/src/nss-3.110/dist/Release/lib/libnssutil3.so
/usr/lib/gcc/x86_64-alpine-linux-musl/14.2.0/../../../../x86_64-alpine-linux-musl/bin/ld: warning: /home/packager/aports/main/nss/src/nss-3.110/dist/Release/lib/libfreeblpriv3.so has a LOAD segment with RWX permissions
/usr/lib/gcc/x86_64-alpine-linux-musl/14.2.0/../../../../x86_64-alpine-linux-musl/bin/ld: warning: /home/packager/aports/main/nss/src/nss-3.110/dist/Release/lib/libnssutil3.so has a LOAD segment with RWX permissions
[970/1268] STAMP obj/cmd/bltest/bltest.actions_depends.stamp
[971/1268] STAMP obj/cmd/chktest/chktest.actions_depends.stamp
[972/1268] STAMP obj/cmd/ecperf/ecperf.actions_depends.stamp
[973/1268] STAMP obj/cmd/fbectest/fbectest.actions_depends.stamp
[974/1268] STAMP obj/cmd/mpitests/mpi_tests.actions_depends.stamp
[975/1268] STAMP obj/cmd/pk11ectest/pk11ectest.actions_depends.stamp
[976/1268] STAMP obj/cmd/rsaperf/rsaperf.actions_depends.stamp
[977/1268] STAMP obj/cmd/shlibsign/mangle/mangle.actions_depends.stamp
[978/1268] LINK /home/packager/aports/main/nss/src/nss-3.110/dist/Release/bin/rsaperf
[979/1268] LINK /home/packager/aports/main/nss/src/nss-3.110/dist/Release/bin/chktest
[980/1268] LINK /home/packager/aports/main/nss/src/nss-3.110/dist/Release/bin/ecperf
[981/1268] STAMP obj/lib/nss/nss3.actions_depends.stamp
[982/1268] STAMP obj/lib/softoken/softokn3.actions_depends.stamp
[983/1268] STAMP obj/lib/sysinit/nsssysinit_static.actions_depends.stamp
[984/1268] ACTION nss3: generate_mapfile_94d3f45175da5e50f51b258b0315ff40
[985/1268] ACTION softokn3: generate_mapfile_5391cd7af2dd01bae999b67d9fa7283e
[986/1268] AR libnsssysinit_static.a
[987/1268] CC obj/coreconf/nss3.empty.o
[988/1268] CC obj/coreconf/softokn3.empty.o
[989/1268] STAMP obj/nss_static_libs.actions_depends.stamp
[990/1268] STAMP obj/gtests/sysinit_gtest/sysinit_gtest.actions_depends.stamp
[991/1268] STAMP obj/lib/sysinit/nsssysinit.actions_depends.stamp
[992/1268] ACTION nsssysinit: generate_mapfile_1dea05e984d6034669cb5453b66b1aad
[993/1268] CC obj/coreconf/nsssysinit.empty.o
ninja: job failed: gcc -Wl,--as-needed,-O1,--sort-common -Wl,-z,pack-relative-relocs -z noexecstack -m64 -Wl,-rpath=\$ORIGIN/lib/ -Wl,-rpath-link=lib/ -o /home/packager/aports/main/nss/src/nss-3.110/dist/Release/bin/chktest -Wl,--start-group obj/cmd/chktest/chktest.chktest.o /home/packager/aports/main/nss/src/nss-3.110/dist/Release/lib/libsectool.a libsmime.a libssl.a libnss_static.a libpkcs12.a libpkcs7.a libcerthi.a libcryptohi.a libpk11wrap.a libsoftokn.a libcertdb.a libnsspki.a libnssdev.a libnssb.a libfreebl.a libpkixcertsel.a libpkixchecker.a libpkixcrlsel.a libpkixparams.a libpkixresults.a libpkixstore.a libpkixtop.a libpkixutil.a libpkixmodule.a libpkixpki.a libpkixsystem.a -Wl,--end-group /home/packager/aports/main/nss/src/nss-3.110/dist/Release/lib/libnssutil3.so -L../../cmd/chktest -lpthread -ldl -lc -lsqlite3 -lplds4 -lplc4 -lnspr4
/usr/lib/gcc/x86_64-alpine-linux-musl/14.2.0/../../../../x86_64-alpine-linux-musl/bin/ld: /home/packager/aports/main/nss/src/nss-3.110/dist/Release/bin/chktest: error: PHDR segment not covered by LOAD segment
/usr/lib/gcc/x86_64-alpine-linux-musl/14.2.0/../../../../x86_64-alpine-linux-musl/bin/ld: warning: /home/packager/aports/main/nss/src/nss-3.110/dist/Release/bin/chktest has a LOAD segment with RWX permissions
collect2: error: ld returned 1 exit status
ninja: job failed: gcc -Wl,--as-needed,-O1,--sort-common -Wl,-z,pack-relative-relocs -z noexecstack -m64 -Wl,-rpath=\$ORIGIN/lib/ -Wl,-rpath-link=lib/ -o /home/packager/aports/main/nss/src/nss-3.110/dist/Release/bin/ecperf -Wl,--start-group obj/cmd/ecperf/ecperf.ecperf.o /home/packager/aports/main/nss/src/nss-3.110/dist/Release/lib/libsectool.a libsmime.a libssl.a libnss_static.a libpkcs12.a libpkcs7.a libcerthi.a libcryptohi.a libpk11wrap.a libsoftokn.a libcertdb.a libnsspki.a libnssdev.a libnssb.a libfreebl.a libpkixcertsel.a libpkixchecker.a libpkixcrlsel.a libpkixparams.a libpkixresults.a libpkixstore.a libpkixtop.a libpkixutil.a libpkixmodule.a libpkixpki.a libpkixsystem.a -Wl,--end-group /home/packager/aports/main/nss/src/nss-3.110/dist/Release/lib/libnssutil3.so -L../../cmd/ecperf -lpthread -ldl -lc -lsqlite3 -lplds4 -lplc4 -lnspr4
/usr/lib/gcc/x86_64-alpine-linux-musl/14.2.0/../../../../x86_64-alpine-linux-musl/bin/ld: /home/packager/aports/main/nss/src/nss-3.110/dist/Release/bin/ecperf: error: PHDR segment not covered by LOAD segment
/usr/lib/gcc/x86_64-alpine-linux-musl/14.2.0/../../../../x86_64-alpine-linux-musl/bin/ld: warning: /home/packager/aports/main/nss/src/nss-3.110/dist/Release/bin/ecperf has a LOAD segment with RWX permissions
collect2: error: ld returned 1 exit status
ninja: job failed: gcc -Wl,--as-needed,-O1,--sort-common -Wl,-z,pack-relative-relocs -z noexecstack -m64 -Wl,-rpath=\$ORIGIN/lib/ -Wl,-rpath-link=lib/ -o /home/packager/aports/main/nss/src/nss-3.110/dist/Release/bin/rsaperf -Wl,--start-group obj/cmd/rsaperf/rsaperf.defkey.o obj/cmd/rsaperf/rsaperf.rsaperf.o /home/packager/aports/main/nss/src/nss-3.110/dist/Release/lib/libsectool.a libsmime.a libssl.a libnss_static.a libpkcs12.a libpkcs7.a libcerthi.a libcryptohi.a libpk11wrap.a libsoftokn.a libcertdb.a libnsspki.a libnssdev.a libnssb.a libfreebl.a libpkixcertsel.a libpkixchecker.a libpkixcrlsel.a libpkixparams.a libpkixresults.a libpkixstore.a libpkixtop.a libpkixutil.a libpkixmodule.a libpkixpki.a libpkixsystem.a -Wl,--end-group /home/packager/aports/main/nss/src/nss-3.110/dist/Release/lib/libnssutil3.so -L../../cmd/rsaperf -lpthread -ldl -lc -lsqlite3 -lplds4 -lplc4 -lnspr4
/usr/lib/gcc/x86_64-alpine-linux-musl/14.2.0/../../../../x86_64-alpine-linux-musl/bin/ld: /home/packager/aports/main/nss/src/nss-3.110/dist/Release/bin/rsaperf: error: PHDR segment not covered by LOAD segment
/usr/lib/gcc/x86_64-alpine-linux-musl/14.2.0/../../../../x86_64-alpine-linux-musl/bin/ld: warning: /home/packager/aports/main/nss/src/nss-3.110/dist/Release/bin/rsaperf has a LOAD segment with RWX permissions
collect2: error: ld returned 1 exit status
ninja: subcommands failed
>>> ERROR: nss: build failed
>>> nss: Uninstalling dependencies...
(1/19) Purging .makedepends-nss (20250523.165216)
(2/19) Purging nspr-dev (4.36-r0)
(3/19) Purging nspr (4.36-r0)
(4/19) Purging gyp-pyc (20230301-r3)
(5/19) Purging gyp (20230301-r3)
(6/19) Purging py3-six-pyc (1.17.0-r0)
(7/19) Purging py3-six (1.17.0-r0)
(8/19) Purging python3-pyc (3.12.10-r1)
(9/19) Purging python3-pycache-pyc0 (3.12.10-r1)
(10/19) Purging pyc (3.12.10-r1)
(11/19) Purging python3 (3.12.10-r1)
(12/19) Purging sqlite-dev (3.49.2-r0)
(13/19) Purging sqlite (3.49.2-r0)
(14/19) Purging sqlite-libs (3.49.2-r0)
(15/19) Purging gdbm (1.24-r0)
(16/19) Purging libffi (3.4.7-r0)
(17/19) Purging mpdecimal (4.0.0-r0)
(18/19) Purging samurai (1.2-r6)
(19/19) Purging xz-libs (5.6.3-r1)
Executing busybox-1.37.0-r12.trigger
OK: 564 MiB in 132 packages
