>>> sngtc_client: Validating /home/packager/oily-pine/main/sngtc_client/APKBUILD...
>>> sngtc_client: Cleaning up srcdir
>>> sngtc_client: Cleaning up pkgdir
>>> sngtc_client: Cleaning up tmpdir
>>> sngtc_client: Fetching https://ftp.sangoma.com/linux/transcoding/sng-tc-linux-1.3.11.x86_64.tgz
  % Total    % Received % Xferd  Average Speed   Time    Time     Time  Current
                                 Dload  Upload   Total   Spent    Left  Speed
  0     0    0     0    0     0      0      0 --:--:-- --:--:-- --:--:--     0  0     0    0     0    0     0      0      0 --:--:-- --:--:-- --:--:--     0  3 4000k    3  160k    0     0   125k      0  0:00:31  0:00:01  0:00:30  125k100 4000k  100 4000k    0     0  1833k      0  0:00:02  0:00:02 --:--:-- 1834k
>>> sngtc_client: Fetching https://ftp.sangoma.com/linux/transcoding/sng-tc-linux-1.3.11.x86_64.tgz
>>> sngtc_client: Checking sha512sums...
sng-tc-linux-1.3.11.x86_64.tgz: OK
sngtc_client-dynamic-ortp.patch: OK
musl-fix-types.patch: OK
int-conversion.patch: OK
ortp.patch: OK
bctoolbox-underlinking.patch: OK
gcc14.patch: OK
>>> sngtc_client: Preparing build chroot...
fetch http://dl-cdn.alpinelinux.org/alpine/edge/main/x86_64/APKINDEX.tar.gz
(1/74) Installing musl (1.2.5-r10)
(2/74) Installing libcrypto3 (3.5.0-r0)
(3/74) Installing ca-certificates-bundle (20241121-r2)
(4/74) Installing libssl3 (3.5.0-r0)
(5/74) Installing zlib (1.3.1-r2)
(6/74) Installing libapk2 (2.14.9-r2)
(7/74) Installing apk-tools (2.14.9-r2)
(8/74) Installing libcap2 (2.76-r0)
(9/74) Installing libcap-getcap (2.76-r0)
(10/74) Installing fakeroot (1.37.1.1-r0)
(11/74) Installing scanelf (1.3.8-r1)
(12/74) Installing musl-utils (1.2.5-r10)
(13/74) Installing libgcc (14.3.0-r0)
(14/74) Installing libstdc++ (14.3.0-r0)
(15/74) Installing lzip (1.25-r0)
(16/74) Installing openssl (3.5.0-r0)
(17/74) Installing patch (2.8-r0)
(18/74) Installing pkgconf (2.4.3-r0)
(19/74) Installing acl-libs (2.3.2-r1)
(20/74) Installing tar (1.35-r3)
(21/74) Installing busybox (1.37.0-r18)
Executing busybox-1.37.0-r18.post-install
(22/74) Installing ssl_client (1.37.0-r18)
(23/74) Installing busybox-binsh (1.37.0-r18)
(24/74) Installing abuild (3.15.0-r0)
Executing abuild-3.15.0-r0.pre-install
(25/74) Installing abuild-sudo (3.15.0-r0)
(26/74) Installing alpine-baselayout-data (3.7.0-r0)
(27/74) Installing alpine-baselayout (3.7.0-r0)
Executing alpine-baselayout-3.7.0-r0.pre-install
Executing alpine-baselayout-3.7.0-r0.post-install
(28/74) Installing bridge (1.5-r5)
(29/74) Installing ifupdown-ng (0.12.1-r7)
(30/74) Installing openrc-user (0.62.2-r2)
(31/74) Installing openrc (0.62.2-r2)
Executing openrc-0.62.2-r2.post-install
(32/74) Installing mdev-conf (4.8-r0)
(33/74) Installing busybox-mdev-openrc (1.37.0-r18)
(34/74) Installing alpine-conf (3.20.0-r0)
(35/74) Installing alpine-keys (2.5-r0)
(36/74) Installing alpine-release (3.22.0-r0)
(37/74) Installing busybox-openrc (1.37.0-r18)
(38/74) Installing busybox-suid (1.37.0-r18)
(39/74) Installing alpine-base (3.22.0-r0)
(40/74) Installing mbedtls (3.6.3.1-r0)
(41/74) Installing bctoolbox (5.3.81-r0)
(42/74) Installing bctoolbox-dev (5.3.81-r0)
(43/74) Installing jansson (2.14.1-r0)
(44/74) Installing zstd-libs (1.5.7-r0)
(45/74) Installing binutils (2.44-r0)
(46/74) Installing libmagic (5.46-r2)
(47/74) Installing file (5.46-r2)
(48/74) Installing libgomp (14.3.0-r0)
(49/74) Installing libatomic (14.3.0-r0)
(50/74) Installing gmp (6.3.0-r3)
(51/74) Installing isl26 (0.26-r1)
(52/74) Installing mpfr4 (4.2.1_p1-r0)
(53/74) Installing mpc1 (1.3.1-r1)
(54/74) Installing gcc (14.3.0-r0)
(55/74) Installing libstdc++-dev (14.3.0-r0)
(56/74) Installing musl-dev (1.2.5-r10)
(57/74) Installing g++ (14.3.0-r0)
(58/74) Installing make (4.4.1-r3)
(59/74) Installing fortify-headers (1.1-r5)
(60/74) Installing build-base (0.5-r3)
(61/74) Installing brotli-libs (1.1.0-r2)
(62/74) Installing c-ares (1.34.5-r0)
(63/74) Installing libunistring (1.3-r0)
(64/74) Installing libidn2 (2.3.7-r0)
(65/74) Installing nghttp2-libs (1.65.0-r0)
(66/74) Installing libpsl (0.21.5-r3)
(67/74) Installing libcurl (8.14.0-r2)
(68/74) Installing libexpat (2.7.1-r0)
(69/74) Installing pcre2 (10.43-r1)
(70/74) Installing git (2.49.0-r0)
(71/74) Installing git-init-template (2.49.0-r0)
(72/74) Installing linux-headers (6.14.2-r0)
(73/74) Installing ortp (5.3.105-r0)
(74/74) Installing ortp-dev (5.3.105-r0)
Executing busybox-1.37.0-r18.trigger
OK: 267 MiB in 74 packages
>>> sngtc_client: Fetching https://ftp.sangoma.com/linux/transcoding/sng-tc-linux-1.3.11.x86_64.tgz
>>> sngtc_client: Checking sha512sums...
sng-tc-linux-1.3.11.x86_64.tgz: OK
sngtc_client-dynamic-ortp.patch: OK
musl-fix-types.patch: OK
int-conversion.patch: OK
ortp.patch: OK
bctoolbox-underlinking.patch: OK
gcc14.patch: OK
>>> sngtc_client: Unpacking /var/cache/distfiles/sng-tc-linux-1.3.11.x86_64.tgz...
>>> sngtc_client: sngtc_client-dynamic-ortp.patch
patching file client/sngtc_client/Makefile
>>> sngtc_client: musl-fix-types.patch
patching file soap/stdsoap2.h
>>> sngtc_client: int-conversion.patch
patching file client/sngtc_client/sngtc_client.c
>>> sngtc_client: ortp.patch
patching file client/sngtc_client/sngtc_client.c
patching file client/sngtc_client/sngtc_client.c
>>> sngtc_client: bctoolbox-underlinking.patch
patching file client/sngtc_client/Makefile
>>> sngtc_client: gcc14.patch
patching file client/sngtc_client/sngtc_client.c
patching file soap/stdsoap2.h
mkdir -p include/
mkdir -p lib/
make -C server/libsngtc
make[1]: Entering directory '/tmp/src/sng-tc-linux-1.3.11.x86_64/server/libsngtc'
Nothing to do
make[1]: Leaving directory '/tmp/src/sng-tc-linux-1.3.11.x86_64/server/libsngtc'
mkdir -p include/sng_tc
cp server/libsngtc/*.h include/sng_tc/
cp server/libsngtc/libsng-tc.so lib/
make -C client/libsngtc_node
make[1]: Entering directory '/tmp/src/sng-tc-linux-1.3.11.x86_64/client/libsngtc_node'
cc -Os -fstack-clash-protection -Wformat -Werror=format-security -fno-plt -g -O0 -I. -I.. -I../../soap -I../../include -DSYS_UNIX=1 -shared -fPIC  -D_GNUC_ -D_REENTRANT -D_GNU_SOURCE -nostdlib -D__GLIBC__    -c -o sngtc_node.o sngtc_node.c
cc -Os -fstack-clash-protection -Wformat -Werror=format-security -fno-plt -g -O0 -I. -I.. -I../../soap -I../../include -DSYS_UNIX=1 -shared -fPIC  -D_GNUC_ -D_REENTRANT -D_GNU_SOURCE -nostdlib -D__GLIBC__    -c -o sngtc_node_utils.o sngtc_node_utils.c
cc -Os -fstack-clash-protection -Wformat -Werror=format-security -fno-plt -g -O0 -I. -I.. -I../../soap -I../../include -DSYS_UNIX=1 -shared -fPIC  -D_GNUC_ -D_REENTRANT -D_GNU_SOURCE -nostdlib -D__GLIBC__    -c -o soapC.o ../../soap/soapC.c
cc -Os -fstack-clash-protection -Wformat -Werror=format-security -fno-plt -g -O0 -I. -I.. -I../../soap -I../../include -DSYS_UNIX=1 -shared -fPIC  -D_GNUC_ -D_REENTRANT -D_GNU_SOURCE -nostdlib -D__GLIBC__    -c -o soapClient.o ../../soap/soapClient.c
cc -Os -fstack-clash-protection -Wformat -Werror=format-security -fno-plt -g -O0 -I. -I.. -I../../soap -I../../include -DSYS_UNIX=1 -shared -fPIC  -D_GNUC_ -D_REENTRANT -D_GNU_SOURCE -nostdlib -D__GLIBC__    -c -o stdsoap2.o ../../soap/stdsoap2.c
../../soap/stdsoap2.c: In function 'soap_set_validation_fault':
../../soap/stdsoap2.c:14594:78: warning: '%s' directive writing up to 1023 bytes into a region of size 978 [-Wformat-overflow=]
14594 |     sprintf(soap->msgbuf, "Validation constraint violation: %s%s in element '%s'", s, t?t:SOAP_STR_EOS, soap->tag);
      |                                                                              ^~
../../soap/stdsoap2.c:14594:5: note: 'sprintf' output 48 or more bytes (assuming 1071) into a destination of size 1024
14594 |     sprintf(soap->msgbuf, "Validation constraint violation: %s%s in element '%s'", s, t?t:SOAP_STR_EOS, soap->tag);
      |     ^~~~~~~~~~~~~~~~~~~~~~~~~~~~~~~~~~~~~~~~~~~~~~~~~~~~~~~~~~~~~~~~~~~~~~~~~~~~~~~~~~~~~~~~~~~~~~~~~~~~~~~~~~~~~~
../../soap/stdsoap2.c: In function 'soap_set_fault':
../../soap/stdsoap2.c:14663:38: warning: '%s' directive writing up to 1023 bytes into a region of size 1016 [-Wformat-overflow=]
14663 |       sprintf(soap->msgbuf, "Method '%s' not implemented: method name or namespace not recognized", soap->tag);
      |                                      ^~
../../soap/stdsoap2.c:14663:7: note: 'sprintf' output between 67 and 1090 bytes into a destination of size 1024
14663 |       sprintf(soap->msgbuf, "Method '%s' not implemented: method name or namespace not recognized", soap->tag);
      |       ^~~~~~~~~~~~~~~~~~~~~~~~~~~~~~~~~~~~~~~~~~~~~~~~~~~~~~~~~~~~~~~~~~~~~~~~~~~~~~~~~~~~~~~~~~~~~~~~~~~~~~~~
../../soap/stdsoap2.c:14642:51: warning: '%s' directive writing up to 1023 bytes into a region of size 1003 [-Wformat-overflow=]
14642 |       sprintf(soap->msgbuf, "The data in element '%s' must be understood but cannot be handled", soap->tag);
      |                                                   ^~
../../soap/stdsoap2.c:14642:7: note: 'sprintf' output between 64 and 1087 bytes into a destination of size 1024
14642 |       sprintf(soap->msgbuf, "The data in element '%s' must be understood but cannot be handled", soap->tag);
      |       ^~~~~~~~~~~~~~~~~~~~~~~~~~~~~~~~~~~~~~~~~~~~~~~~~~~~~~~~~~~~~~~~~~~~~~~~~~~~~~~~~~~~~~~~~~~~~~~~~~~~~
rm -f libsngtc_node.so
cc -shared -Wl,-soname,libsngtc_node.so -o libsngtc_node.so sngtc_node.o sngtc_node_utils.o soapC.o soapClient.o stdsoap2.o 
make[1]: Leaving directory '/tmp/src/sng-tc-linux-1.3.11.x86_64/client/libsngtc_node'
cp client/libsngtc_node/*.h include/sng_tc/
cp client/libsngtc_node/libsngtc_node.so lib/
make -C client/sngtc_client
make[1]: Entering directory '/tmp/src/sng-tc-linux-1.3.11.x86_64/client/sngtc_client'
cc -Os -fstack-clash-protection -Wformat -Werror=format-security -fno-plt -Wall -ggdb3 -O0 -I. -I../../include   -c -o sngtc_client.o sngtc_client.c
cc -Os -fstack-clash-protection -Wformat -Werror=format-security -fno-plt -Wall -ggdb3 -O0 -I. -I../../include -o sngtc_client sngtc_client.o -Wl,--as-needed,-O1,--sort-common -Wl,-z,pack-relative-relocs -L. -L../../lib -lsngtc_node -lrt -lortp -lpthread -lbctoolbox
make[1]: Leaving directory '/tmp/src/sng-tc-linux-1.3.11.x86_64/client/sngtc_client'
>>> sngtc_client: Entering fakeroot...
mkdir -p include/
mkdir -p lib/
make -C server/libsngtc
make[1]: Entering directory '/tmp/src/sng-tc-linux-1.3.11.x86_64/server/libsngtc'
Nothing to do
make[1]: Leaving directory '/tmp/src/sng-tc-linux-1.3.11.x86_64/server/libsngtc'
mkdir -p include/sng_tc
cp server/libsngtc/*.h include/sng_tc/
cp server/libsngtc/libsng-tc.so lib/
make -C client/libsngtc_node
make[1]: Entering directory '/tmp/src/sng-tc-linux-1.3.11.x86_64/client/libsngtc_node'
make[1]: Nothing to be done for 'all'.
make[1]: Leaving directory '/tmp/src/sng-tc-linux-1.3.11.x86_64/client/libsngtc_node'
cp client/libsngtc_node/*.h include/sng_tc/
cp client/libsngtc_node/libsngtc_node.so lib/
make install -C client/libsngtc_node
make -C client/sngtc_client
make[1]: Entering directory '/tmp/src/sng-tc-linux-1.3.11.x86_64/client/libsngtc_node'
make[1]: Entering directory '/tmp/src/sng-tc-linux-1.3.11.x86_64/client/sngtc_client'
install -m 644 -D libsngtc_node.so /tmp/pkg/sngtc_client/usr/lib/libsngtc_node.so
make[1]: Nothing to be done for 'all'.
make[1]: Leaving directory '/tmp/src/sng-tc-linux-1.3.11.x86_64/client/sngtc_client'
make install -C client/sngtc_client
make[1]: Entering directory '/tmp/src/sng-tc-linux-1.3.11.x86_64/client/sngtc_client'
make[1]: Leaving directory '/tmp/src/sng-tc-linux-1.3.11.x86_64/client/libsngtc_node'
install -m555 -D sngtc_client /tmp/pkg/sngtc_client/usr/bin/sngtc_client
make[1]: Leaving directory '/tmp/src/sng-tc-linux-1.3.11.x86_64/client/sngtc_client'
>>> sngtc_client-dev*: Running split function dev...
'usr/include' -> '/tmp/pkg/sngtc_client-dev/usr/include'
>>> sngtc_client-dev*: Preparing subpackage sngtc_client-dev...
>>> sngtc_client-dev*: Stripping binaries
>>> sngtc_client-dev*: Running postcheck for sngtc_client-dev
>>> sngtc_client*: Running postcheck for sngtc_client
>>> sngtc_client*: Preparing package sngtc_client...
>>> sngtc_client*: Stripping binaries
>>> sngtc_client-dev*: Scanning shared objects
>>> sngtc_client*: Scanning shared objects
>>> sngtc_client-dev*: Tracing dependencies...
	sngtc_client=1.3.11-r5
>>> sngtc_client-dev*: Package size: 36.0 KB
>>> sngtc_client-dev*: Compressing data...
>>> sngtc_client-dev*: Create checksum...
>>> sngtc_client-dev*: Create sngtc_client-dev-1.3.11-r5.apk
>>> sngtc_client*: Tracing dependencies...
	so:libbctoolbox.so.1
	so:libc.musl-x86_64.so.1
	so:libortp.so.15
>>> sngtc_client*: Package size: 287.0 KB
>>> sngtc_client*: Compressing data...
>>> sngtc_client*: Create checksum...
>>> sngtc_client*: Create sngtc_client-1.3.11-r5.apk
>>> sngtc_client: Updating the main/x86_64 repository index...
>>> sngtc_client: Signing the index...
>>> sngtc_client: Cleaning up srcdir
>>> sngtc_client: Cleaning up build chroot
>>> sngtc_client: Cleaning up pkgdir
