pigz: not found
>>> in-sync: Building main/in-sync 1.1-r0 (using abuild 3.14.1-r4) started Fri, 23 May 2025 01:42:03 +0000
>>> in-sync: Validating /home/packager/aports/main/in-sync/APKBUILD...
>>> in-sync: Analyzing dependencies...
>>> in-sync: Installing for build: build-base inotify-tools rsync /bin/sh
(1/7) Installing inotify-tools-libs (4.23.9.0-r0)
(2/7) Installing inotify-tools (4.23.9.0-r0)
(3/7) Installing lz4-libs (1.10.0-r0)
(4/7) Installing popt (1.19-r4)
(5/7) Installing libxxhash (0.8.3-r0)
(6/7) Installing rsync (3.4.0-r0)
(7/7) Installing .makedepends-in-sync (20250523.014206)
Executing busybox-1.37.0-r12.trigger
OK: 314 MiB in 121 packages
>>> in-sync: Cleaning up srcdir
>>> in-sync: Cleaning up pkgdir
>>> in-sync: Cleaning up tmpdir
>>> in-sync: Checking sha512sums...
in-sync: OK
in-sync.conf: OK
in-sync.initd: OK
>>> in-sync: Entering fakeroot...
>>> in-sync-openrc*: Running split function openrc...
renamed 'etc/init.d' -> '/home/packager/aports/main/in-sync/pkg/in-sync-openrc/etc/init.d'
>>> in-sync-openrc*: Preparing subpackage in-sync-openrc...
>>> in-sync-openrc*: Running postcheck for in-sync-openrc
>>> in-sync*: Running postcheck for in-sync
>>> in-sync*: Preparing package in-sync...
>>> in-sync-openrc*: Tracing dependencies...
>>> in-sync-openrc*: Package size: 226.0 B
>>> in-sync-openrc*: Compressing data...
>>> in-sync-openrc*: Create checksum...
pigz: not found
>>> in-sync-openrc*: Create in-sync-openrc-1.1-r0.apk
>>> in-sync*: Tracing dependencies...
	inotify-tools
	rsync
	/bin/sh
>>> in-sync*: Package size: 602.0 B
>>> in-sync*: Compressing data...
>>> in-sync*: Create checksum...
libfakeroot internal error: payload not recognized!
pigz: not found
>>> in-sync*: Create in-sync-1.1-r0.apk
>>> in-sync: Build complete at Fri, 23 May 2025 01:42:09 +0000 elapsed time 0h 0m 7s
>>> in-sync: Cleaning up srcdir
>>> in-sync: Cleaning up pkgdir
>>> in-sync: Uninstalling dependencies...
(1/7) Purging .makedepends-in-sync (20250523.014206)
(2/7) Purging inotify-tools (4.23.9.0-r0)
(3/7) Purging rsync (3.4.0-r0)
(4/7) Purging inotify-tools-libs (4.23.9.0-r0)
(5/7) Purging libxxhash (0.8.3-r0)
(6/7) Purging lz4-libs (1.10.0-r0)
(7/7) Purging popt (1.19-r4)
Executing busybox-1.37.0-r12.trigger
OK: 313 MiB in 114 packages
>>> in-sync: Updating the main/x86_64 repository index...
>>> in-sync: Signing the index...
pigz: not found
