>>> vanessa_logger: Validating /home/packager/oily-pine/main/vanessa_logger/APKBUILD...
>>> vanessa_logger: Cleaning up srcdir
>>> vanessa_logger: Cleaning up pkgdir
>>> vanessa_logger: Cleaning up tmpdir
>>> vanessa_logger: Fetching https://projects.horms.net/projects/vanessa/download/vanessa_logger/0.0.10/vanessa_logger-0.0.10.tar.bz2
  % Total    % Received % Xferd  Average Speed   Time    Time     Time  Current
                                 Dload  Upload   Total   Spent    Left  Speed
  0     0    0     0    0     0      0      0 --:--:-- --:--:-- --:--:--     0  0     0    0     0    0     0      0      0 --:--:-- --:--:-- --:--:--     0100  259k  100  259k    0     0   229k      0  0:00:01  0:00:01 --:--:--  229k
>>> vanessa_logger: Fetching https://projects.horms.net/projects/vanessa/download/vanessa_logger/0.0.10/vanessa_logger-0.0.10.tar.bz2
>>> vanessa_logger: Checking sha512sums...
vanessa_logger-0.0.10.tar.bz2: OK
fix-standard.patch: OK
>>> vanessa_logger: Preparing build chroot...
fetch http://dl-cdn.alpinelinux.org/alpine/edge/main/x86_64/APKINDEX.tar.gz
(1/68) Installing musl (1.2.5-r10)
(2/68) Installing libcrypto3 (3.5.0-r0)
(3/68) Installing ca-certificates-bundle (20241121-r2)
(4/68) Installing libssl3 (3.5.0-r0)
(5/68) Installing zlib (1.3.1-r2)
(6/68) Installing libapk2 (2.14.9-r2)
(7/68) Installing apk-tools (2.14.9-r2)
(8/68) Installing libcap2 (2.76-r0)
(9/68) Installing libcap-getcap (2.76-r0)
(10/68) Installing fakeroot (1.37.1.1-r0)
(11/68) Installing scanelf (1.3.8-r1)
(12/68) Installing musl-utils (1.2.5-r10)
(13/68) Installing libgcc (14.3.0-r0)
(14/68) Installing libstdc++ (14.3.0-r0)
(15/68) Installing lzip (1.25-r0)
(16/68) Installing openssl (3.5.0-r0)
(17/68) Installing patch (2.8-r0)
(18/68) Installing pkgconf (2.4.3-r0)
(19/68) Installing acl-libs (2.3.2-r1)
(20/68) Installing tar (1.35-r3)
(21/68) Installing busybox (1.37.0-r18)
Executing busybox-1.37.0-r18.post-install
(22/68) Installing ssl_client (1.37.0-r18)
(23/68) Installing busybox-binsh (1.37.0-r18)
(24/68) Installing abuild (3.15.0-r0)
Executing abuild-3.15.0-r0.pre-install
(25/68) Installing abuild-sudo (3.15.0-r0)
(26/68) Installing alpine-baselayout-data (3.7.0-r0)
(27/68) Installing alpine-baselayout (3.7.0-r0)
Executing alpine-baselayout-3.7.0-r0.pre-install
Executing alpine-baselayout-3.7.0-r0.post-install
(28/68) Installing bridge (1.5-r5)
(29/68) Installing ifupdown-ng (0.12.1-r7)
(30/68) Installing openrc-user (0.62.2-r2)
(31/68) Installing openrc (0.62.2-r2)
Executing openrc-0.62.2-r2.post-install
(32/68) Installing mdev-conf (4.8-r0)
(33/68) Installing busybox-mdev-openrc (1.37.0-r18)
(34/68) Installing alpine-conf (3.20.0-r0)
(35/68) Installing alpine-keys (2.5-r0)
(36/68) Installing alpine-release (3.22.0-r0)
(37/68) Installing busybox-openrc (1.37.0-r18)
(38/68) Installing busybox-suid (1.37.0-r18)
(39/68) Installing alpine-base (3.22.0-r0)
(40/68) Installing jansson (2.14.1-r0)
(41/68) Installing zstd-libs (1.5.7-r0)
(42/68) Installing binutils (2.44-r0)
(43/68) Installing libmagic (5.46-r2)
(44/68) Installing file (5.46-r2)
(45/68) Installing libgomp (14.3.0-r0)
(46/68) Installing libatomic (14.3.0-r0)
(47/68) Installing gmp (6.3.0-r3)
(48/68) Installing isl26 (0.26-r1)
(49/68) Installing mpfr4 (4.2.1_p1-r0)
(50/68) Installing mpc1 (1.3.1-r1)
(51/68) Installing gcc (14.3.0-r0)
(52/68) Installing libstdc++-dev (14.3.0-r0)
(53/68) Installing musl-dev (1.2.5-r10)
(54/68) Installing g++ (14.3.0-r0)
(55/68) Installing make (4.4.1-r3)
(56/68) Installing fortify-headers (1.1-r5)
(57/68) Installing build-base (0.5-r3)
(58/68) Installing brotli-libs (1.1.0-r2)
(59/68) Installing c-ares (1.34.5-r0)
(60/68) Installing libunistring (1.3-r0)
(61/68) Installing libidn2 (2.3.7-r0)
(62/68) Installing nghttp2-libs (1.65.0-r0)
(63/68) Installing libpsl (0.21.5-r3)
(64/68) Installing libcurl (8.14.0-r2)
(65/68) Installing libexpat (2.7.1-r0)
(66/68) Installing pcre2 (10.43-r1)
(67/68) Installing git (2.49.0-r0)
(68/68) Installing git-init-template (2.49.0-r0)
Executing busybox-1.37.0-r18.trigger
OK: 260 MiB in 68 packages
>>> vanessa_logger: Fetching https://projects.horms.net/projects/vanessa/download/vanessa_logger/0.0.10/vanessa_logger-0.0.10.tar.bz2
>>> vanessa_logger: Checking sha512sums...
vanessa_logger-0.0.10.tar.bz2: OK
fix-standard.patch: OK
>>> vanessa_logger: Unpacking /var/cache/distfiles/vanessa_logger-0.0.10.tar.bz2...
>>> vanessa_logger: Updating ./config.sub
>>> vanessa_logger: fix-standard.patch
patching file libvanessa_logger/vanessa_logger.c
checking build system type... x86_64-alpine-linux-musl
checking host system type... x86_64-alpine-linux-musl
checking for x86_64-alpine-linux-musl-gcc... cc
checking whether the C compiler works... yes
checking for C compiler default output file name... a.out
checking for suffix of executables... 
checking whether we are cross compiling... no
checking for suffix of object files... o
checking whether we are using the GNU C compiler... yes
checking whether cc accepts -g... yes
checking for cc option to accept ISO C89... none needed
checking for a sed that does not truncate output... /bin/sed
checking for grep that handles long lines and -e... /bin/grep
checking for egrep... /bin/grep -E
checking for fgrep... /bin/grep -F
checking for ld used by cc... /usr/x86_64-alpine-linux-musl/bin/ld
checking if the linker (/usr/x86_64-alpine-linux-musl/bin/ld) is GNU ld... yes
checking for BSD- or MS-compatible name lister (nm)... /usr/bin/nm -B
checking the name lister (/usr/bin/nm -B) interface... BSD nm
checking whether ln -s works... yes
checking the maximum length of command line arguments... 98304
checking whether the shell understands some XSI constructs... yes
checking whether the shell understands "+="... no
checking for /usr/x86_64-alpine-linux-musl/bin/ld option to reload object files... -r
checking for x86_64-alpine-linux-musl-objdump... no
checking for objdump... objdump
checking how to recognize dependent libraries... pass_all
checking for x86_64-alpine-linux-musl-ar... no
checking for ar... ar
checking for x86_64-alpine-linux-musl-strip... no
checking for strip... strip
checking for x86_64-alpine-linux-musl-ranlib... no
checking for ranlib... ranlib
checking command to parse /usr/bin/nm -B output from cc object... ok
checking how to run the C preprocessor... cc -E
checking for ANSI C header files... yes
checking for sys/types.h... yes
checking for sys/stat.h... yes
checking for stdlib.h... yes
checking for string.h... yes
checking for memory.h... yes
checking for strings.h... yes
checking for inttypes.h... yes
checking for stdint.h... yes
checking for unistd.h... yes
checking for dlfcn.h... yes
checking for objdir... .libs
checking if cc supports -fno-rtti -fno-exceptions... no
checking for cc option to produce PIC... -fPIC -DPIC
checking if cc PIC flag -fPIC -DPIC works... yes
checking if cc static flag -static works... yes
checking if cc supports -c -o file.o... yes
checking if cc supports -c -o file.o... (cached) yes
checking whether the cc linker (/usr/x86_64-alpine-linux-musl/bin/ld -m elf_x86_64) supports shared libraries... yes
checking whether -lc should be explicitly linked in... no
checking dynamic linker characteristics... GNU/Linux ld.so
checking how to hardcode library paths into programs... immediate
checking whether stripping libraries is possible... yes
checking if libtool supports shared libraries... yes
checking whether to build shared libraries... yes
checking whether to build static libraries... yes
checking which extension is used for runtime loadable modules... .so
checking which variable specifies run-time module search path... LD_LIBRARY_PATH
checking for the default library search path... /lib /usr/lib
checking for library containing dlopen... none required
checking for dlerror... yes
checking for shl_load... no
checking for shl_load in -ldld... no
checking for dld_link in -ldld... no
checking for _ prefix in compiled symbols... no
checking whether deplibs are loaded by dlopen... yes
checking for argz.h... no
checking for error_t... no
checking for argz_add... no
checking for argz_append... no
checking for argz_count... no
checking for argz_create_sep... no
checking for argz_insert... no
checking for argz_next... no
checking for argz_stringify... no
checking whether libtool supports -dlopen/-dlpreopen... yes
checking for ltdl.h... no
checking where to find libltdl headers... -I${top_srcdir}/libltdl
checking where to find libltdl library... ${top_build_prefix}libltdl/libltdlc.la
checking for unistd.h... (cached) yes
checking for dl.h... no
checking for sys/dl.h... no
checking for dld.h... no
checking for mach-o/dyld.h... no
checking for dirent.h... yes
checking for closedir... yes
checking for opendir... yes
checking for readdir... yes
checking for strlcat... yes
checking for strlcpy... yes
checking for a BSD-compatible install... /usr/bin/install -c
checking whether build environment is sane... yes
checking for a thread-safe mkdir -p... ./install-sh -c -d
checking for gawk... no
checking for mawk... no
checking for nawk... no
checking for awk... awk
checking whether make sets $(MAKE)... yes
checking for style of include used by make... GNU
checking dependency style of cc... gcc3
checking for x86_64-alpine-linux-musl-gcc... (cached) cc
checking whether we are using the GNU C compiler... (cached) yes
checking whether cc accepts -g... (cached) yes
checking for cc option to accept ISO C89... (cached) none needed
checking whether ln -s works... yes
checking whether make sets $(MAKE)... (cached) yes
checking whether facilitynames is declared... yes
configure: creating ./config.status
config.status: creating libvanessa_logger/Makefile
config.status: creating sample/Makefile
config.status: creating sample/vanessa_logger_sample_config.h
config.status: creating Makefile
config.status: creating libvanessa_logger0.spec
config.status: creating debian/Makefile
config.status: creating INSTALL
config.status: creating vanessa-logger.pc
config.status: creating config.h
config.status: executing libtool commands
config.status: executing depfiles commands
make  all-recursive
make[1]: Entering directory '/tmp/src/vanessa_logger-0.0.10'
Making all in libvanessa_logger
make[2]: Entering directory '/tmp/src/vanessa_logger-0.0.10/libvanessa_logger'
  CC     vanessa_logger.lo
  CCLD   libvanessa_logger.la
ar: `u' modifier ignored since `D' is the default (see `U')
make[2]: Leaving directory '/tmp/src/vanessa_logger-0.0.10/libvanessa_logger'
Making all in sample
make[2]: Entering directory '/tmp/src/vanessa_logger-0.0.10/sample'
  CC     vanessa_logger_sample.o
  CCLD   vanessa_logger_sample
make[2]: Leaving directory '/tmp/src/vanessa_logger-0.0.10/sample'
Making all in debian
make[2]: Entering directory '/tmp/src/vanessa_logger-0.0.10/debian'
make[2]: Nothing to be done for 'all'.
make[2]: Leaving directory '/tmp/src/vanessa_logger-0.0.10/debian'
make[2]: Entering directory '/tmp/src/vanessa_logger-0.0.10'
make[2]: Nothing to be done for 'all-am'.
make[2]: Leaving directory '/tmp/src/vanessa_logger-0.0.10'
make[1]: Leaving directory '/tmp/src/vanessa_logger-0.0.10'
>>> vanessa_logger: Entering fakeroot...
Making install in libvanessa_logger
make[1]: Entering directory '/tmp/src/vanessa_logger-0.0.10/libvanessa_logger'
make[2]: Entering directory '/tmp/src/vanessa_logger-0.0.10/libvanessa_logger'
test -z "/usr/lib" || .././install-sh -c -d "/tmp/pkg/vanessa_logger/usr/lib"
test -z "/usr/include" || .././install-sh -c -d "/tmp/pkg/vanessa_logger/usr/include"
 /bin/sh ../libtool   --mode=install /usr/bin/install -c   libvanessa_logger.la '/tmp/pkg/vanessa_logger/usr/lib'
 /usr/bin/install -c -m 644 vanessa_logger.h '/tmp/pkg/vanessa_logger/usr/include'
libtool: install: /usr/bin/install -c .libs/libvanessa_logger.so.0.0.5 /tmp/pkg/vanessa_logger/usr/lib/libvanessa_logger.so.0.0.5
libtool: install: (cd /tmp/pkg/vanessa_logger/usr/lib && { ln -s -f libvanessa_logger.so.0.0.5 libvanessa_logger.so.0 || { rm -f libvanessa_logger.so.0 && ln -s libvanessa_logger.so.0.0.5 libvanessa_logger.so.0; }; })
libtool: install: (cd /tmp/pkg/vanessa_logger/usr/lib && { ln -s -f libvanessa_logger.so.0.0.5 libvanessa_logger.so || { rm -f libvanessa_logger.so && ln -s libvanessa_logger.so.0.0.5 libvanessa_logger.so; }; })
libtool: install: /usr/bin/install -c .libs/libvanessa_logger.lai /tmp/pkg/vanessa_logger/usr/lib/libvanessa_logger.la
libtool: install: /usr/bin/install -c .libs/libvanessa_logger.a /tmp/pkg/vanessa_logger/usr/lib/libvanessa_logger.a
libtool: install: chmod 644 /tmp/pkg/vanessa_logger/usr/lib/libvanessa_logger.a
libtool: install: ranlib /tmp/pkg/vanessa_logger/usr/lib/libvanessa_logger.a
libtool: install: warning: remember to run `libtool --finish /usr/lib'
make[2]: Leaving directory '/tmp/src/vanessa_logger-0.0.10/libvanessa_logger'
make[1]: Leaving directory '/tmp/src/vanessa_logger-0.0.10/libvanessa_logger'
Making install in sample
make[1]: Entering directory '/tmp/src/vanessa_logger-0.0.10/sample'
make[2]: Entering directory '/tmp/src/vanessa_logger-0.0.10/sample'
test -z "/usr/bin" || .././install-sh -c -d "/tmp/pkg/vanessa_logger/usr/bin"
test -z "/usr/share/man/man1" || .././install-sh -c -d "/tmp/pkg/vanessa_logger/usr/share/man/man1"
  /bin/sh ../libtool   --mode=install /usr/bin/install -c vanessa_logger_sample '/tmp/pkg/vanessa_logger/usr/bin'
 /usr/bin/install -c -m 644 vanessa_logger_sample.1 '/tmp/pkg/vanessa_logger/usr/share/man/man1'
libtool: install: warning: `/tmp/src/vanessa_logger-0.0.10/libvanessa_logger/libvanessa_logger.la' has not been installed in `/usr/lib'
libtool: install: /usr/bin/install -c .libs/vanessa_logger_sample /tmp/pkg/vanessa_logger/usr/bin/vanessa_logger_sample
make[2]: Leaving directory '/tmp/src/vanessa_logger-0.0.10/sample'
make[1]: Leaving directory '/tmp/src/vanessa_logger-0.0.10/sample'
Making install in debian
make[1]: Entering directory '/tmp/src/vanessa_logger-0.0.10/debian'
make[2]: Entering directory '/tmp/src/vanessa_logger-0.0.10/debian'
make[2]: Nothing to be done for 'install-exec-am'.
make[2]: Nothing to be done for 'install-data-am'.
make[2]: Leaving directory '/tmp/src/vanessa_logger-0.0.10/debian'
make[1]: Leaving directory '/tmp/src/vanessa_logger-0.0.10/debian'
make[1]: Entering directory '/tmp/src/vanessa_logger-0.0.10'
make[2]: Entering directory '/tmp/src/vanessa_logger-0.0.10'
make[2]: Nothing to be done for 'install-exec-am'.
test -z "/usr/lib/pkgconfig" || ./install-sh -c -d "/tmp/pkg/vanessa_logger/usr/lib/pkgconfig"
 /usr/bin/install -c -m 644 vanessa-logger.pc '/tmp/pkg/vanessa_logger/usr/lib/pkgconfig'
make[2]: Leaving directory '/tmp/src/vanessa_logger-0.0.10'
make[1]: Leaving directory '/tmp/src/vanessa_logger-0.0.10'
>>> vanessa_logger-dev*: Running split function dev...
'usr/include' -> '/tmp/pkg/vanessa_logger-dev/usr/include'
'usr/lib/pkgconfig' -> '/tmp/pkg/vanessa_logger-dev/usr/lib/pkgconfig'
'usr/lib/libvanessa_logger.a' -> '/tmp/pkg/vanessa_logger-dev/usr/lib/libvanessa_logger.a'
'usr/lib/libvanessa_logger.so' -> '/tmp/pkg/vanessa_logger-dev/usr/lib/libvanessa_logger.so'
>>> vanessa_logger-dev*: Preparing subpackage vanessa_logger-dev...
>>> vanessa_logger-dev*: Stripping binaries
>>> vanessa_logger-dev*: Running postcheck for vanessa_logger-dev
>>> vanessa_logger-doc*: Running split function doc...
'usr/share/man' -> '/tmp/pkg/vanessa_logger-doc/usr/share/man'
>>> vanessa_logger-doc*: Preparing subpackage vanessa_logger-doc...
>>> vanessa_logger-doc*: Running postcheck for vanessa_logger-doc
>>> vanessa_logger*: Running postcheck for vanessa_logger
>>> vanessa_logger*: Preparing package vanessa_logger...
>>> vanessa_logger*: Stripping binaries
>>> vanessa_logger-dev*: Scanning shared objects
>>> vanessa_logger-doc*: Scanning shared objects
>>> vanessa_logger*: Scanning shared objects
>>> vanessa_logger-dev*: Tracing dependencies...
	pkgconfig
	vanessa_logger=0.0.10-r4
>>> vanessa_logger-dev*: Package size: 35.0 KB
>>> vanessa_logger-dev*: Compressing data...
>>> vanessa_logger-dev*: Create checksum...
>>> vanessa_logger-dev*: Create vanessa_logger-dev-0.0.10-r4.apk
>>> vanessa_logger-doc*: Tracing dependencies...
>>> vanessa_logger-doc*: Package size: 706.0 B
>>> vanessa_logger-doc*: Compressing data...
>>> vanessa_logger-doc*: Create checksum...
>>> vanessa_logger-doc*: Create vanessa_logger-doc-0.0.10-r4.apk
>>> vanessa_logger*: Tracing dependencies...
	so:libc.musl-x86_64.so.1
>>> vanessa_logger*: Package size: 31.9 KB
>>> vanessa_logger*: Compressing data...
>>> vanessa_logger*: Create checksum...
>>> vanessa_logger*: Create vanessa_logger-0.0.10-r4.apk
>>> vanessa_logger: Updating the main/x86_64 repository index...
>>> vanessa_logger: Signing the index...
>>> vanessa_logger: Cleaning up srcdir
>>> vanessa_logger: Cleaning up build chroot
>>> vanessa_logger: Cleaning up pkgdir
