pigz: not found
>>> mandoc: Building main/mandoc 1.14.6-r13 (using abuild 3.14.1-r4) started Sun, 18 May 2025 07:47:44 +0000
>>> mandoc: Validating /home/packager/aports/main/mandoc/APKBUILD...
>>> mandoc: Analyzing dependencies...
>>> mandoc: Installing for build: build-base zlib-dev perl
(1/7) Installing zlib-dev (1.3.1-r2)
(2/7) Installing libbz2 (1.0.8-r6)
(3/7) Installing perl (5.40.2-r0)
(4/7) Installing .makedepends-mandoc (20250518.074746)
(5/7) Installing perl-error (0.17029-r2)
(6/7) Installing perl-git (2.47.2-r0)
(7/7) Installing git-perl (2.47.2-r0)
Executing busybox-1.37.0-r12.trigger
OK: 297 MiB in 88 packages
>>> mandoc: Cleaning up srcdir
>>> mandoc: Cleaning up pkgdir
>>> mandoc: Cleaning up tmpdir
>>> mandoc: Fetching https://mandoc.bsd.lv/snapshots/mandoc-1.14.6.tar.gz
Connecting to mandoc.bsd.lv (66.111.2.12:443)
saving to '/var/cache/distfiles/mandoc-1.14.6.tar.gz.part'
mandoc-1.14.6.tar.gz   7% |**                              | 49152  0:00:13 ETA
mandoc-1.14.6.tar.gz 100% |********************************|  680k  0:00:00 ETA
'/var/cache/distfiles/mandoc-1.14.6.tar.gz.part' saved
>>> mandoc: Fetching https://mandoc.bsd.lv/snapshots/mandoc-1.14.6.tar.gz
>>> mandoc: Checking sha512sums...
mandoc-1.14.6.tar.gz: OK
dynamic-tagfile-support.patch: OK
shared-libmandoc.patch: OK
outdated-warn-disable.patch: OK
>>> mandoc: Unpacking /var/cache/distfiles/mandoc-1.14.6.tar.gz...
>>> mandoc: dynamic-tagfile-support.patch
patching file configure
patching file main.c
>>> mandoc: shared-libmandoc.patch
patching file Makefile
>>> mandoc: outdated-warn-disable.patch
patching file main.c
file config.log: writing...
file configure.local: reading...
tested operating system: Linux -> OSENUM=MANDOC_OS_OTHER
tested cc -W: tested noop: yes
selected CFLAGS="-Os -fstack-clash-protection -Wformat -Werror=format-security -fno-plt"
tested noop-static: yes
selected STATIC="-static"
tested attribute: yes
tested cmsg: yes
tested dirent-namlen: no (compilation failed)
tested be32toh: yes
tested be32toh-DSYS_ENDIAN: no (compilation failed)
tested EFTYPE: no (compilation failed)
tested err: yes
tested getline: yes
tested getsubopt: yes
tested isblank: yes
tested mkdtemp: yes
tested mkstemps: yes
tested nanosleep: yes
tested ntohl: yes
tested O_DIRECTORY: yes
tested PATH_MAX: yes
tested pledge: no (compilation failed)
tested sandbox_init: no (compilation failed)
tested progname: no (compilation failed)
tested reallocarray: yes
tested recallocarray: no (compilation failed)
tested recallocarray-D_OPENBSD_SOURCE: no (compilation failed)
tested recvmsg: no (execution failed)
tested recvmsg-lsocket: no (compilation failed)
tested rewb-bsd: no (execution failed)
tested rewb-sysv: yes
tested strcasestr: no (compilation failed)
tested strcasestr-D_GNU_SOURCE: yes
tested stringlist: no (compilation failed)
tested strlcat: yes
tested strlcpy: yes
tested strndup: yes
tested strptime: yes
tested strsep: yes
tested strtonum: no (compilation failed)
tested strtonum-D_OPENBSD_SOURCE: no (compilation failed)
tested vasprintf: yes
tested fts-DFTS_COMPARE_CONST: no (compilation failed)
tested fts: no (compilation failed)
tested less: yes
selected BINM_PAGER=less
tested UTF8_LOCALE: HAVE_UTF8_LOCALE=en_US.UTF-8 (manual)
tested wchar-DUTF8_LOCALE="en_US.UTF-8": yes
tested ohash: no (compilation failed)
tested ohash-lutil: no (compilation failed)
selected LDADD="    -lz"
file config.h: written
file Makefile.local: written
cc -Os -fstack-clash-protection -Wformat -Werror=format-security -fno-plt -fPIC   -c -o eqn_html.o eqn_html.c
cc -Os -fstack-clash-protection -Wformat -Werror=format-security -fno-plt -fPIC   -c -o html.o html.c
cc -Os -fstack-clash-protection -Wformat -Werror=format-security -fno-plt -fPIC   -c -o man_html.o man_html.c
cc -Os -fstack-clash-protection -Wformat -Werror=format-security -fno-plt -fPIC   -c -o mdoc_html.o mdoc_html.c
cc -Os -fstack-clash-protection -Wformat -Werror=format-security -fno-plt -fPIC   -c -o roff_html.o roff_html.c
cc -Os -fstack-clash-protection -Wformat -Werror=format-security -fno-plt -fPIC   -c -o tbl_html.o tbl_html.c
cc -Os -fstack-clash-protection -Wformat -Werror=format-security -fno-plt -fPIC   -c -o eqn_term.o eqn_term.c
cc -Os -fstack-clash-protection -Wformat -Werror=format-security -fno-plt -fPIC   -c -o man_term.o man_term.c
cc -Os -fstack-clash-protection -Wformat -Werror=format-security -fno-plt -fPIC   -c -o mdoc_term.o mdoc_term.c
cc -Os -fstack-clash-protection -Wformat -Werror=format-security -fno-plt -fPIC   -c -o roff_term.o roff_term.c
cc -Os -fstack-clash-protection -Wformat -Werror=format-security -fno-plt -fPIC   -c -o term.o term.c
cc -Os -fstack-clash-protection -Wformat -Werror=format-security -fno-plt -fPIC   -c -o term_ascii.o term_ascii.c
cc -Os -fstack-clash-protection -Wformat -Werror=format-security -fno-plt -fPIC   -c -o term_ps.o term_ps.c
cc -Os -fstack-clash-protection -Wformat -Werror=format-security -fno-plt -fPIC   -c -o term_tab.o term_tab.c
cc -Os -fstack-clash-protection -Wformat -Werror=format-security -fno-plt -fPIC   -c -o term_tag.o term_tag.c
cc -Os -fstack-clash-protection -Wformat -Werror=format-security -fno-plt -fPIC   -c -o tbl_term.o tbl_term.c
cc -Os -fstack-clash-protection -Wformat -Werror=format-security -fno-plt -fPIC   -c -o dbm.o dbm.c
cc -Os -fstack-clash-protection -Wformat -Werror=format-security -fno-plt -fPIC   -c -o dbm_map.o dbm_map.c
cc -Os -fstack-clash-protection -Wformat -Werror=format-security -fno-plt -fPIC   -c -o mansearch.o mansearch.c
cc -Os -fstack-clash-protection -Wformat -Werror=format-security -fno-plt -fPIC   -c -o dba.o dba.c
cc -Os -fstack-clash-protection -Wformat -Werror=format-security -fno-plt -fPIC   -c -o dba_array.o dba_array.c
cc -Os -fstack-clash-protection -Wformat -Werror=format-security -fno-plt -fPIC   -c -o dba_read.o dba_read.c
cc -Os -fstack-clash-protection -Wformat -Werror=format-security -fno-plt -fPIC   -c -o dba_write.o dba_write.c
cc -Os -fstack-clash-protection -Wformat -Werror=format-security -fno-plt -fPIC   -c -o mandocdb.o mandocdb.c
cc -Os -fstack-clash-protection -Wformat -Werror=format-security -fno-plt -fPIC   -c -o main.o main.c
cc -Os -fstack-clash-protection -Wformat -Werror=format-security -fno-plt -fPIC   -c -o manpath.o manpath.c
cc -Os -fstack-clash-protection -Wformat -Werror=format-security -fno-plt -fPIC   -c -o mdoc_man.o mdoc_man.c
cc -Os -fstack-clash-protection -Wformat -Werror=format-security -fno-plt -fPIC   -c -o mdoc_markdown.o mdoc_markdown.c
cc -Os -fstack-clash-protection -Wformat -Werror=format-security -fno-plt -fPIC   -c -o out.o out.c
cc -Os -fstack-clash-protection -Wformat -Werror=format-security -fno-plt -fPIC   -c -o tree.o tree.c
cc -Os -fstack-clash-protection -Wformat -Werror=format-security -fno-plt -fPIC   -c -o compat_fts.o compat_fts.c
cc -Os -fstack-clash-protection -Wformat -Werror=format-security -fno-plt -fPIC   -c -o compat_ohash.o compat_ohash.c
cc -Os -fstack-clash-protection -Wformat -Werror=format-security -fno-plt -fPIC   -c -o compat_progname.o compat_progname.c
cc -Os -fstack-clash-protection -Wformat -Werror=format-security -fno-plt -fPIC   -c -o compat_recallocarray.o compat_recallocarray.c
cc -Os -fstack-clash-protection -Wformat -Werror=format-security -fno-plt -fPIC   -c -o compat_strtonum.o compat_strtonum.c
cc -Os -fstack-clash-protection -Wformat -Werror=format-security -fno-plt -fPIC   -c -o man.o man.c
cc -Os -fstack-clash-protection -Wformat -Werror=format-security -fno-plt -fPIC   -c -o man_macro.o man_macro.c
cc -Os -fstack-clash-protection -Wformat -Werror=format-security -fno-plt -fPIC   -c -o man_validate.o man_validate.c
cc -Os -fstack-clash-protection -Wformat -Werror=format-security -fno-plt -fPIC   -c -o att.o att.c
cc -Os -fstack-clash-protection -Wformat -Werror=format-security -fno-plt -fPIC   -c -o lib.o lib.c
cc -Os -fstack-clash-protection -Wformat -Werror=format-security -fno-plt -fPIC   -c -o mdoc.o mdoc.c
cc -Os -fstack-clash-protection -Wformat -Werror=format-security -fno-plt -fPIC   -c -o mdoc_argv.o mdoc_argv.c
cc -Os -fstack-clash-protection -Wformat -Werror=format-security -fno-plt -fPIC   -c -o mdoc_macro.o mdoc_macro.c
cc -Os -fstack-clash-protection -Wformat -Werror=format-security -fno-plt -fPIC   -c -o mdoc_state.o mdoc_state.c
cc -Os -fstack-clash-protection -Wformat -Werror=format-security -fno-plt -fPIC   -c -o mdoc_validate.o mdoc_validate.c
cc -Os -fstack-clash-protection -Wformat -Werror=format-security -fno-plt -fPIC   -c -o st.o st.c
cc -Os -fstack-clash-protection -Wformat -Werror=format-security -fno-plt -fPIC   -c -o eqn.o eqn.c
cc -Os -fstack-clash-protection -Wformat -Werror=format-security -fno-plt -fPIC   -c -o roff.o roff.c
cc -Os -fstack-clash-protection -Wformat -Werror=format-security -fno-plt -fPIC   -c -o roff_validate.o roff_validate.c
cc -Os -fstack-clash-protection -Wformat -Werror=format-security -fno-plt -fPIC   -c -o tbl.o tbl.c
cc -Os -fstack-clash-protection -Wformat -Werror=format-security -fno-plt -fPIC   -c -o tbl_data.o tbl_data.c
cc -Os -fstack-clash-protection -Wformat -Werror=format-security -fno-plt -fPIC   -c -o tbl_layout.o tbl_layout.c
cc -Os -fstack-clash-protection -Wformat -Werror=format-security -fno-plt -fPIC   -c -o tbl_opts.o tbl_opts.c
cc -Os -fstack-clash-protection -Wformat -Werror=format-security -fno-plt -fPIC   -c -o arch.o arch.c
cc -Os -fstack-clash-protection -Wformat -Werror=format-security -fno-plt -fPIC   -c -o chars.o chars.c
cc -Os -fstack-clash-protection -Wformat -Werror=format-security -fno-plt -fPIC   -c -o mandoc.o mandoc.c
cc -Os -fstack-clash-protection -Wformat -Werror=format-security -fno-plt -fPIC   -c -o mandoc_aux.o mandoc_aux.c
cc -Os -fstack-clash-protection -Wformat -Werror=format-security -fno-plt -fPIC   -c -o mandoc_msg.o mandoc_msg.c
cc -Os -fstack-clash-protection -Wformat -Werror=format-security -fno-plt -fPIC   -c -o mandoc_ohash.o mandoc_ohash.c
cc -Os -fstack-clash-protection -Wformat -Werror=format-security -fno-plt -fPIC   -c -o mandoc_xr.o mandoc_xr.c
cc -Os -fstack-clash-protection -Wformat -Werror=format-security -fno-plt -fPIC   -c -o msec.o msec.c
cc -Os -fstack-clash-protection -Wformat -Werror=format-security -fno-plt -fPIC   -c -o preconv.o preconv.c
cc -Os -fstack-clash-protection -Wformat -Werror=format-security -fno-plt -fPIC   -c -o read.o read.c
cc -Os -fstack-clash-protection -Wformat -Werror=format-security -fno-plt -fPIC   -c -o tag.o tag.c
cc -Os -fstack-clash-protection -Wformat -Werror=format-security -fno-plt -fPIC   -c -o demandoc.o demandoc.c
cc -Os -fstack-clash-protection -Wformat -Werror=format-security -fno-plt -fPIC   -c -o compat_stringlist.o compat_stringlist.c
cc -Os -fstack-clash-protection -Wformat -Werror=format-security -fno-plt -fPIC   -c -o soelim.o soelim.c
cc -o soelim  compat_progname.o compat_stringlist.o soelim.o
cc  -shared -o libmandoc.so compat_fts.o compat_ohash.o compat_progname.o compat_recallocarray.o compat_strtonum.o man.o man_macro.o man_validate.o att.o lib.o mdoc.o mdoc_argv.o mdoc_macro.o mdoc_state.o mdoc_validate.o st.o eqn.o roff.o roff_validate.o tbl.o tbl_data.o tbl_layout.o tbl_opts.o arch.o chars.o mandoc.o mandoc_aux.o mandoc_msg.o mandoc_ohash.o mandoc_xr.o msec.o preconv.o read.o tag.o -lz
cc -o mandoc  eqn_html.o html.o man_html.o mdoc_html.o roff_html.o tbl_html.o  eqn_term.o man_term.o mdoc_term.o roff_term.o term.o term_ascii.o term_ps.o term_tab.o term_tag.o tbl_term.o dbm.o dbm_map.o mansearch.o dba.o dba_array.o dba_read.o dba_write.o mandocdb.o main.o manpath.o mdoc_man.o mdoc_markdown.o out.o tree.o -L. -lmandoc -lz
cc -o demandoc  demandoc.o -L. -lmandoc -lz
ln -sf mandoc man
cd regress && ./regress.pl
Running ascii, tag, and man tests ..................................................................................................................................................................................................................................................................................................................................................................................................................................................................................................................................................................................................................................................................................................................................................................................................................................................................... 565 + 28 + 244 tests run.
Running utf8 tests ..................... 21 tests run.
Running html tests .................................................................... 68 tests run.
Running markdown tests ............................................................................................................................................................................................................................................................. 253 tests run.
Running lint tests ........................................................................................................................................................................................................................................................ 248 tests run.
All 1427 tests OK: 565 ascii 28 tag 244 man 21 utf8 68 html 253 markdown 248 lint
>>> mandoc: Entering fakeroot...
mkdir -p /home/packager/aports/main/mandoc/pkg/mandoc/usr/bin
mkdir -p /home/packager/aports/main/mandoc/pkg/mandoc/usr/sbin
mkdir -p /home/packager/aports/main/mandoc/pkg/mandoc/usr/share/man/man1
mkdir -p /home/packager/aports/main/mandoc/pkg/mandoc/usr/share/man/man5
mkdir -p /home/packager/aports/main/mandoc/pkg/mandoc/usr/share/man/man7
mkdir -p /home/packager/aports/main/mandoc/pkg/mandoc/usr/share/man/man8
install -m 0555 mandoc demandoc /home/packager/aports/main/mandoc/pkg/mandoc/usr/bin
install -m 0555 soelim /home/packager/aports/main/mandoc/pkg/mandoc/usr/bin/soelim
cd /home/packager/aports/main/mandoc/pkg/mandoc/usr/bin && ln -sf mandoc man
cd /home/packager/aports/main/mandoc/pkg/mandoc/usr/bin && ln -sf mandoc apropos
cd /home/packager/aports/main/mandoc/pkg/mandoc/usr/bin && ln -sf mandoc whatis
cd /home/packager/aports/main/mandoc/pkg/mandoc/usr/sbin && \
	ln -sf ../bin/mandoc makewhatis
install -m 0444 mandoc.1 demandoc.1 /home/packager/aports/main/mandoc/pkg/mandoc/usr/share/man/man1
install -m 0444 soelim.1 /home/packager/aports/main/mandoc/pkg/mandoc/usr/share/man/man1/soelim.1
install -m 0444 man.1 /home/packager/aports/main/mandoc/pkg/mandoc/usr/share/man/man1/man.1
install -m 0444 apropos.1 /home/packager/aports/main/mandoc/pkg/mandoc/usr/share/man/man1/apropos.1
cd /home/packager/aports/main/mandoc/pkg/mandoc/usr/share/man/man1 && ln -sf apropos.1 whatis.1
install -m 0444 man.conf.5 /home/packager/aports/main/mandoc/pkg/mandoc/usr/share/man/man5/man.conf.5
install -m 0444 mandoc.db.5 /home/packager/aports/main/mandoc/pkg/mandoc/usr/share/man/man5
install -m 0444 man.7 /home/packager/aports/main/mandoc/pkg/mandoc/usr/share/man/man7/man.7
install -m 0444 mdoc.7 /home/packager/aports/main/mandoc/pkg/mandoc/usr/share/man/man7/mdoc.7
install -m 0444 roff.7 /home/packager/aports/main/mandoc/pkg/mandoc/usr/share/man/man7/roff.7
install -m 0444 eqn.7 /home/packager/aports/main/mandoc/pkg/mandoc/usr/share/man/man7/eqn.7
install -m 0444 tbl.7 /home/packager/aports/main/mandoc/pkg/mandoc/usr/share/man/man7/tbl.7
install -m 0444 mandoc_char.7 /home/packager/aports/main/mandoc/pkg/mandoc/usr/share/man/man7
install -m 0444 makewhatis.8 \
	/home/packager/aports/main/mandoc/pkg/mandoc/usr/share/man/man8/makewhatis.8
mkdir -p /home/packager/aports/main/mandoc/pkg/mandoc/usr/lib
mkdir -p /home/packager/aports/main/mandoc/pkg/mandoc/usr/include/mandoc
mkdir -p /home/packager/aports/main/mandoc/pkg/mandoc/usr/share/man/man3
install -m 0444 libmandoc.so /home/packager/aports/main/mandoc/pkg/mandoc/usr/lib
install -m 0444 eqn.h man.h mandoc.h mandoc_aux.h mandoc_parse.h \
	mdoc.h roff.h tbl.h /home/packager/aports/main/mandoc/pkg/mandoc/usr/include/mandoc
install -m 0444 mandoc.3 mandoc_escape.3 mandoc_malloc.3 \
	mansearch.3 mchars_alloc.3 tbl.3 /home/packager/aports/main/mandoc/pkg/mandoc/usr/share/man/man3
>>> mandoc-doc*: Running split function doc...
'usr/share/man' -> '/home/packager/aports/main/mandoc/pkg/mandoc-doc/usr/share/man'
>>> mandoc-doc*: Preparing subpackage mandoc-doc...
>>> mandoc-doc*: Running postcheck for mandoc-doc
>>> mandoc-dev*: Running split function dev...
'usr/include' -> '/home/packager/aports/main/mandoc/pkg/mandoc-dev/usr/include'
>>> mandoc-dev*: Preparing subpackage mandoc-dev...
>>> mandoc-dev*: Stripping binaries
>>> mandoc-dev*: Running postcheck for mandoc-dev
>>> mandoc-apropos*: Running split function apropos...
'usr/bin/apropos' -> '/home/packager/aports/main/mandoc/pkg/mandoc-apropos/usr/bin/apropos'
'usr/bin/whatis' -> '/home/packager/aports/main/mandoc/pkg/mandoc-apropos/usr/bin/whatis'
'usr/sbin/makewhatis' -> '/home/packager/aports/main/mandoc/pkg/mandoc-apropos/usr/sbin/makewhatis'
>>> mandoc-apropos*: Preparing subpackage mandoc-apropos...
>>> mandoc-apropos*: Stripping binaries
>>> mandoc-apropos*: Script found. /bin/sh added as a dependency for mandoc-apropos-1.14.6-r13.apk
>>> mandoc-apropos*: Adding .post-deinstall
>>> mandoc-apropos*: Adding .trigger
>>> WARNING: mandoc-apropos*: No arch specific binaries found so arch should probably be set to "noarch"
>>> mandoc-apropos*: Running postcheck for mandoc-apropos
>>> mandoc-soelim*: Running split function soelim...
'usr/bin/soelim' -> '/home/packager/aports/main/mandoc/pkg/mandoc-soelim/usr/bin/soelim'
>>> mandoc-soelim*: Preparing subpackage mandoc-soelim...
>>> mandoc-soelim*: Stripping binaries
>>> mandoc-soelim*: Running postcheck for mandoc-soelim
>>> mandoc*: Running postcheck for mandoc
>>> mandoc*: Preparing package mandoc...
>>> mandoc*: Stripping binaries
>>> mandoc-apropos*: Scanning shared objects
>>> mandoc-dev*: Scanning shared objects
>>> mandoc-doc*: Scanning shared objects
>>> mandoc-soelim*: Scanning shared objects
>>> mandoc*: Scanning shared objects
>>> mandoc-apropos*: Tracing dependencies...
	/bin/sh
	mandoc=1.14.6-r13
>>> mandoc-apropos*: Package size: 1.0 B
>>> mandoc-apropos*: Compressing data...
>>> mandoc-apropos*: Create checksum...
pigz: not found
>>> mandoc-apropos*: Create mandoc-apropos-1.14.6-r13.apk
>>> mandoc-dev*: Tracing dependencies...
>>> mandoc-dev*: Package size: 39.5 KB
>>> mandoc-dev*: Compressing data...
>>> mandoc-dev*: Create checksum...
pigz: not found
>>> mandoc-dev*: Create mandoc-dev-1.14.6-r13.apk
>>> mandoc-doc*: Tracing dependencies...
>>> mandoc-doc*: Package size: 112.7 KB
>>> mandoc-doc*: Compressing data...
>>> mandoc-doc*: Create checksum...
pigz: not found
>>> mandoc-doc*: Create mandoc-doc-1.14.6-r13.apk
>>> mandoc-soelim*: Tracing dependencies...
	so:libc.musl-x86_64.so.1
>>> mandoc-soelim*: Package size: 13.7 KB
>>> mandoc-soelim*: Compressing data...
>>> mandoc-soelim*: Create checksum...
pigz: not found
>>> mandoc-soelim*: Create mandoc-soelim-1.14.6-r13.apk
>>> mandoc*: Tracing dependencies...
	so:libc.musl-x86_64.so.1
	so:libz.so.1
>>> mandoc*: Package size: 484.1 KB
>>> mandoc*: Compressing data...
>>> mandoc*: Create checksum...
pigz: not found
>>> mandoc*: Create mandoc-1.14.6-r13.apk
>>> mandoc: Build complete at Sun, 18 May 2025 07:48:07 +0000 elapsed time 0h 0m 23s
>>> mandoc: Cleaning up srcdir
>>> mandoc: Cleaning up pkgdir
>>> mandoc: Uninstalling dependencies...
(1/7) Purging .makedepends-mandoc (20250518.074746)
(2/7) Purging zlib-dev (1.3.1-r2)
(3/7) Purging git-perl (2.47.2-r0)
(4/7) Purging perl-git (2.47.2-r0)
(5/7) Purging perl-error (0.17029-r2)
(6/7) Purging perl (5.40.2-r0)
(7/7) Purging libbz2 (1.0.8-r6)
Executing busybox-1.37.0-r12.trigger
OK: 261 MiB in 81 packages
>>> mandoc: Updating the main/x86_64 repository index...
>>> mandoc: Signing the index...
pigz: not found
