>>> perl-class-accessor-chained: Validating /home/packager/oily-pine/main/perl-class-accessor-chained/APKBUILD...
>>> perl-class-accessor-chained: Cleaning up srcdir
>>> perl-class-accessor-chained: Cleaning up pkgdir
>>> perl-class-accessor-chained: Cleaning up tmpdir
>>> perl-class-accessor-chained: Fetching https://cpan.metacpan.org/authors/id/R/RC/RCLAMP/Class-Accessor-Chained-0.01.tar.gz
  % Total    % Received % Xferd  Average Speed   Time    Time     Time  Current
                                 Dload  Upload   Total   Spent    Left  Speed
  0     0    0     0    0     0      0      0 --:--:-- --:--:-- --:--:--     0  0     0    0     0    0     0      0      0 --:--:-- --:--:-- --:--:--     0100  2322  100  2322    0     0   9459      0 --:--:-- --:--:-- --:--:--  9439
>>> perl-class-accessor-chained: Fetching https://cpan.metacpan.org/authors/id/R/RC/RCLAMP/Class-Accessor-Chained-0.01.tar.gz
>>> perl-class-accessor-chained: Checking sha512sums...
Class-Accessor-Chained-0.01.tar.gz: OK
>>> perl-class-accessor-chained: Preparing build chroot...
fetch http://dl-cdn.alpinelinux.org/alpine/edge/main/x86_64/APKINDEX.tar.gz
(1/77) Installing musl (1.2.5-r10)
(2/77) Installing libcrypto3 (3.5.0-r0)
(3/77) Installing ca-certificates-bundle (20241121-r2)
(4/77) Installing libssl3 (3.5.0-r0)
(5/77) Installing zlib (1.3.1-r2)
(6/77) Installing libapk2 (2.14.9-r2)
(7/77) Installing apk-tools (2.14.9-r2)
(8/77) Installing libcap2 (2.76-r0)
(9/77) Installing libcap-getcap (2.76-r0)
(10/77) Installing fakeroot (1.37.1.1-r0)
(11/77) Installing scanelf (1.3.8-r1)
(12/77) Installing musl-utils (1.2.5-r10)
(13/77) Installing libgcc (14.3.0-r0)
(14/77) Installing libstdc++ (14.3.0-r0)
(15/77) Installing lzip (1.25-r0)
(16/77) Installing openssl (3.5.0-r0)
(17/77) Installing patch (2.8-r0)
(18/77) Installing pkgconf (2.4.3-r0)
(19/77) Installing acl-libs (2.3.2-r1)
(20/77) Installing tar (1.35-r3)
(21/77) Installing busybox (1.37.0-r18)
Executing busybox-1.37.0-r18.post-install
(22/77) Installing ssl_client (1.37.0-r18)
(23/77) Installing busybox-binsh (1.37.0-r18)
(24/77) Installing abuild (3.15.0-r0)
Executing abuild-3.15.0-r0.pre-install
(25/77) Installing abuild-sudo (3.15.0-r0)
(26/77) Installing alpine-baselayout-data (3.7.0-r0)
(27/77) Installing alpine-baselayout (3.7.0-r0)
Executing alpine-baselayout-3.7.0-r0.pre-install
Executing alpine-baselayout-3.7.0-r0.post-install
(28/77) Installing bridge (1.5-r5)
(29/77) Installing ifupdown-ng (0.12.1-r7)
(30/77) Installing openrc-user (0.62.2-r2)
(31/77) Installing openrc (0.62.2-r2)
Executing openrc-0.62.2-r2.post-install
(32/77) Installing mdev-conf (4.8-r0)
(33/77) Installing busybox-mdev-openrc (1.37.0-r18)
(34/77) Installing alpine-conf (3.20.0-r0)
(35/77) Installing alpine-keys (2.5-r0)
(36/77) Installing alpine-release (3.22.0-r0)
(37/77) Installing busybox-openrc (1.37.0-r18)
(38/77) Installing busybox-suid (1.37.0-r18)
(39/77) Installing alpine-base (3.22.0-r0)
(40/77) Installing jansson (2.14.1-r0)
(41/77) Installing zstd-libs (1.5.7-r0)
(42/77) Installing binutils (2.44-r0)
(43/77) Installing libmagic (5.46-r2)
(44/77) Installing file (5.46-r2)
(45/77) Installing libgomp (14.3.0-r0)
(46/77) Installing libatomic (14.3.0-r0)
(47/77) Installing gmp (6.3.0-r3)
(48/77) Installing isl26 (0.26-r1)
(49/77) Installing mpfr4 (4.2.1_p1-r0)
(50/77) Installing mpc1 (1.3.1-r1)
(51/77) Installing gcc (14.3.0-r0)
(52/77) Installing libstdc++-dev (14.3.0-r0)
(53/77) Installing musl-dev (1.2.5-r10)
(54/77) Installing g++ (14.3.0-r0)
(55/77) Installing make (4.4.1-r3)
(56/77) Installing fortify-headers (1.1-r5)
(57/77) Installing build-base (0.5-r3)
(58/77) Installing brotli-libs (1.1.0-r2)
(59/77) Installing c-ares (1.34.5-r0)
(60/77) Installing libunistring (1.3-r0)
(61/77) Installing libidn2 (2.3.7-r0)
(62/77) Installing nghttp2-libs (1.65.0-r0)
(63/77) Installing libpsl (0.21.5-r3)
(64/77) Installing libcurl (8.14.0-r2)
(65/77) Installing libexpat (2.7.1-r0)
(66/77) Installing pcre2 (10.43-r1)
(67/77) Installing git (2.49.0-r0)
(68/77) Installing git-init-template (2.49.0-r0)
(69/77) Installing libbz2 (1.0.8-r6)
(70/77) Installing perl (5.40.2-r0)
(71/77) Installing perl-error (0.17030-r0)
(72/77) Installing perl-git (2.49.0-r0)
(73/77) Installing git-perl (2.49.0-r0)
(74/77) Installing perl-class-accessor (0.51-r4)
(75/77) Installing perl-utils (5.40.2-r0)
(76/77) Installing perl-dev (5.40.2-r0)
(77/77) Installing perl-module-build (0.4234-r1)
Executing busybox-1.37.0-r18.trigger
OK: 306 MiB in 77 packages
>>> perl-class-accessor-chained: Fetching https://cpan.metacpan.org/authors/id/R/RC/RCLAMP/Class-Accessor-Chained-0.01.tar.gz
>>> perl-class-accessor-chained: Checking sha512sums...
Class-Accessor-Chained-0.01.tar.gz: OK
>>> perl-class-accessor-chained: Unpacking /var/cache/distfiles/Class-Accessor-Chained-0.01.tar.gz...
Created MYMETA.yml and MYMETA.json
Creating new 'Build' script for 'Class-Accessor-Chained' version '0.01'
Building Class-Accessor-Chained
t/00compile.t .. ok
t/chained.t .... ok
All tests successful.
Files=2, Tests=8,  0 wallclock secs ( 0.01 usr  0.00 sys +  0.07 cusr  0.00 csys =  0.08 CPU)
Result: PASS
>>> perl-class-accessor-chained: Entering fakeroot...
Building Class-Accessor-Chained
Installing /tmp/pkg/perl-class-accessor-chained/usr/share/perl5/vendor_perl/Class/Accessor/Chained.pm
Installing /tmp/pkg/perl-class-accessor-chained/usr/share/perl5/vendor_perl/Class/Accessor/Chained/Fast.pm
Installing /tmp/pkg/perl-class-accessor-chained/usr/share/man/man3/Class::Accessor::Chained::Fast.3pm
Installing /tmp/pkg/perl-class-accessor-chained/usr/share/man/man3/Class::Accessor::Chained.3pm
>>> perl-class-accessor-chained-doc*: Running split function doc...
'usr/share/man' -> '/tmp/pkg/perl-class-accessor-chained-doc/usr/share/man'
>>> perl-class-accessor-chained-doc*: Preparing subpackage perl-class-accessor-chained-doc...
>>> perl-class-accessor-chained-doc*: Running postcheck for perl-class-accessor-chained-doc
>>> perl-class-accessor-chained*: Running postcheck for perl-class-accessor-chained
>>> perl-class-accessor-chained*: Preparing package perl-class-accessor-chained...
>>> perl-class-accessor-chained-doc*: Tracing dependencies...
>>> perl-class-accessor-chained-doc*: Package size: 2.4 KB
>>> perl-class-accessor-chained-doc*: Compressing data...
>>> perl-class-accessor-chained-doc*: Create checksum...
>>> perl-class-accessor-chained-doc*: Create perl-class-accessor-chained-doc-0.01-r4.apk
>>> perl-class-accessor-chained*: Tracing dependencies...
	perl
	perl-class-accessor
>>> perl-class-accessor-chained*: Package size: 3.1 KB
>>> perl-class-accessor-chained*: Compressing data...
>>> perl-class-accessor-chained*: Create checksum...
>>> perl-class-accessor-chained*: Create perl-class-accessor-chained-0.01-r4.apk
>>> perl-class-accessor-chained: Updating the main/x86_64 repository index...
>>> perl-class-accessor-chained: Signing the index...
>>> perl-class-accessor-chained: Cleaning up srcdir
>>> perl-class-accessor-chained: Cleaning up build chroot
>>> perl-class-accessor-chained: Cleaning up pkgdir
