pigz: not found
>>> ddate: Building main/ddate 0.2.2-r6 (using abuild 3.14.1-r4) started Sun, 18 May 2025 10:41:24 +0000
>>> ddate: Validating /home/packager/aports/main/ddate/APKBUILD...
>>> ddate: Analyzing dependencies...
>>> ddate: Installing for build: build-base cmake samurai
(1/9) Installing libbz2 (1.0.8-r6)
(2/9) Installing lz4-libs (1.10.0-r0)
(3/9) Installing xz-libs (5.6.3-r1)
(4/9) Installing libarchive (3.7.9-r0)
(5/9) Installing rhash-libs (1.4.5-r0)
(6/9) Installing libuv (1.49.2-r0)
(7/9) Installing cmake (3.31.7-r0)
(8/9) Installing samurai (1.2-r6)
(9/9) Installing .makedepends-ddate (20250518.104125)
Executing busybox-1.37.0-r12.trigger
OK: 314 MiB in 90 packages
>>> ddate: Cleaning up srcdir
>>> ddate: Cleaning up pkgdir
>>> ddate: Cleaning up tmpdir
>>> ddate: Fetching ddate-0.2.2.tar.gz::https://github.com/bo0ts/ddate/archive/v0.2.2.tar.gz
Connecting to github.com (140.82.121.3:443)
Connecting to codeload.github.com (140.82.121.10:443)
saving to '/var/cache/distfiles/ddate-0.2.2.tar.gz.part'
ddate-0.2.2.tar.gz.p 100% |********************************|  8049  0:00:00 ETA
'/var/cache/distfiles/ddate-0.2.2.tar.gz.part' saved
>>> ddate: Fetching ddate-0.2.2.tar.gz::https://github.com/bo0ts/ddate/archive/v0.2.2.tar.gz
>>> ddate: Checking sha512sums...
ddate-0.2.2.tar.gz: OK
gcc14.patch: OK
>>> ddate: Unpacking /var/cache/distfiles/ddate-0.2.2.tar.gz...
>>> ddate: gcc14.patch
patching file ddate.c
CMake Deprecation Warning at CMakeLists.txt:1 (cmake_minimum_required):
  Compatibility with CMake < 3.10 will be removed from a future version of
  CMake.

  Update the VERSION argument <min> value.  Or, use the <min>...<max> syntax
  to tell CMake that the project requires at least <min> but has been updated
  to work with policies introduced by <max> or earlier.


-- The C compiler identification is GNU 14.2.0
-- Detecting C compiler ABI info
-- Detecting C compiler ABI info - done
-- Check for working C compiler: /usr/bin/gcc - skipped
-- Detecting C compile features
-- Detecting C compile features - done
-- Configuring done (0.2s)
-- Generating done (0.0s)
-- Build files have been written to: /home/packager/aports/main/ddate/src/ddate-0.2.2/build
[1/3] gzipping manpage
[2/3] Building C object CMakeFiles/ddate.dir/ddate.c.o
[3/3] Linking C executable ddate
>>> ddate: Entering fakeroot...
-- Install configuration: "MinSizeRel"
-- Installing: /home/packager/aports/main/ddate/pkg/ddate/usr/share/man/man1/ddate.1.gz
-- Installing: /home/packager/aports/main/ddate/pkg/ddate/usr/bin/ddate
>>> ddate-doc*: Running split function doc...
'usr/share/man' -> '/home/packager/aports/main/ddate/pkg/ddate-doc/usr/share/man'
>>> ddate-doc*: Preparing subpackage ddate-doc...
>>> ddate-doc*: Running postcheck for ddate-doc
>>> ddate*: Running postcheck for ddate
>>> ddate*: Preparing package ddate...
>>> ddate*: Stripping binaries
>>> ddate-doc*: Scanning shared objects
>>> ddate*: Scanning shared objects
>>> ddate-doc*: Tracing dependencies...
>>> ddate-doc*: Package size: 1.5 KB
>>> ddate-doc*: Compressing data...
>>> ddate-doc*: Create checksum...
pigz: not found
>>> ddate-doc*: Create ddate-doc-0.2.2-r6.apk
>>> ddate*: Tracing dependencies...
	so:libc.musl-x86_64.so.1
>>> ddate*: Package size: 14.5 KB
>>> ddate*: Compressing data...
>>> ddate*: Create checksum...
pigz: not found
>>> ddate*: Create ddate-0.2.2-r6.apk
>>> ddate: Build complete at Sun, 18 May 2025 10:41:28 +0000 elapsed time 0h 0m 4s
>>> ddate: Cleaning up srcdir
>>> ddate: Cleaning up pkgdir
>>> ddate: Uninstalling dependencies...
(1/9) Purging .makedepends-ddate (20250518.104125)
(2/9) Purging cmake (3.31.7-r0)
(3/9) Purging samurai (1.2-r6)
(4/9) Purging libarchive (3.7.9-r0)
(5/9) Purging libbz2 (1.0.8-r6)
(6/9) Purging libuv (1.49.2-r0)
(7/9) Purging lz4-libs (1.10.0-r0)
(8/9) Purging rhash-libs (1.4.5-r0)
(9/9) Purging xz-libs (5.6.3-r1)
Executing busybox-1.37.0-r12.trigger
OK: 261 MiB in 81 packages
>>> ddate: Updating the main/x86_64 repository index...
>>> ddate: Signing the index...
pigz: not found
