pigz: not found
>>> font-schumacher-misc: Building main/font-schumacher-misc 1.1.3-r1 (using abuild 3.14.1-r4) started Fri, 23 May 2025 03:18:45 +0000
>>> font-schumacher-misc: Validating /home/packager/aports/main/font-schumacher-misc/APKBUILD...
>>> font-schumacher-misc: Analyzing dependencies...
>>> font-schumacher-misc: Installing for build: build-base encodings font-alias mkfontscale fontconfig font-util-dev bdftopcf
(1/11) Installing encodings (1.0.7-r1)
(2/11) Installing font-alias (1.0.5-r0)
(3/11) Installing libfontenc (1.1.8-r0)
(4/11) Installing libpng (1.6.47-r0)
(5/11) Installing freetype (2.13.3-r0)
(6/11) Installing mkfontscale (1.2.3-r1)
(7/11) Installing fontconfig (2.15.0-r1)
(8/11) Installing font-util (1.4.1-r0)
(9/11) Installing font-util-dev (1.4.1-r0)
(10/11) Installing bdftopcf (1.1.2-r0)
(11/11) Installing .makedepends-font-schumacher-misc (20250523.031848)
Executing mkfontscale-1.2.3-r1.trigger
Executing fontconfig-2.15.0-r1.trigger
Executing busybox-1.37.0-r12.trigger
OK: 315 MiB in 125 packages
>>> font-schumacher-misc: Cleaning up srcdir
>>> font-schumacher-misc: Cleaning up pkgdir
>>> font-schumacher-misc: Cleaning up tmpdir
>>> font-schumacher-misc: Fetching https://www.x.org/releases/individual/font/font-schumacher-misc-1.1.3.tar.xz
Connecting to www.x.org (131.252.210.176:443)
saving to '/var/cache/distfiles/font-schumacher-misc-1.1.3.tar.xz.part'
font-schumacher-misc  31% |*********                       | 39948  0:00:02 ETA
font-schumacher-misc 100% |********************************|  125k  0:00:00 ETA
'/var/cache/distfiles/font-schumacher-misc-1.1.3.tar.xz.part' saved
>>> font-schumacher-misc: Fetching https://www.x.org/releases/individual/font/font-schumacher-misc-1.1.3.tar.xz
>>> font-schumacher-misc: Checking sha512sums...
font-schumacher-misc-1.1.3.tar.xz: OK
>>> font-schumacher-misc: Unpacking /var/cache/distfiles/font-schumacher-misc-1.1.3.tar.xz...
configure: WARNING: unrecognized options: --with-mapfiles
checking for a BSD-compatible install... /usr/bin/install -c
checking whether build environment is sane... yes
checking for a race-free mkdir -p... /bin/mkdir -p
checking for gawk... gawk
checking whether make sets $(MAKE)... yes
checking whether make supports nested variables... yes
checking for x86_64-alpine-linux-musl-pkg-config... no
checking for pkg-config... /usr/bin/pkg-config
checking pkg-config is at least version 0.9.0... yes
checking build system type... x86_64-alpine-linux-musl
checking host system type... x86_64-alpine-linux-musl
checking for a sed that does not truncate output... /bin/sed
Package xorg-macros was not found in the pkg-config search path.
Perhaps you should add the directory containing `xorg-macros.pc'
to the PKG_CONFIG_PATH environment variable
Package 'xorg-macros' not found
checking whether make supports nested variables... (cached) yes
checking for root directory for font files... /usr/share/fonts/X11
checking for directory for misc files... /usr/share/fonts/misc
checking for fc-cache... /usr/bin/fc-cache
checking for mkfontdir... /usr/bin/mkfontdir
checking for bdftopcf... /usr/bin/bdftopcf
checking font compression method... gzip
checking for gzip... /usr/bin/gzip
checking options to font compression command... -n
checking for ucs2any... /usr/bin/ucs2any
checking for MAPS... yes
checking for ucs2any encoding data files... /usr/share/fonts/X11/util
checking whether to build ISO8859-1 fonts... yes
checking whether to build ISO8859-2 fonts... yes
checking whether to build ISO8859-3 fonts... yes
checking whether to build ISO8859-4 fonts... yes
checking whether to build ISO8859-5 fonts... yes
checking whether to build ISO8859-7 fonts... yes
checking whether to build ISO8859-8 fonts... yes
checking whether to build ISO8859-9 fonts... yes
checking whether to build ISO8859-10 fonts... yes
checking whether to build ISO8859-11 fonts... yes
checking whether to build ISO8859-13 fonts... yes
checking whether to build ISO8859-14 fonts... yes
checking whether to build ISO8859-15 fonts... yes
checking whether to build ISO8859-16 fonts... yes
checking whether to build KOI8-R fonts... yes
checking that generated files are newer than configure... done
configure: creating ./config.status
config.status: creating Makefile
configure: WARNING: unrecognized options: --with-mapfiles
  GEN      clR6x12.pcf.gz
  GEN      clB6x10.pcf.gz
  GEN      clB6x12.pcf.gz
  GEN      clB8x10.pcf.gz
  GEN      clB8x12.pcf.gz
  GEN      clB8x13.pcf.gz
  GEN      clB8x14.pcf.gz
  GEN      clB8x16.pcf.gz
  GEN      clB8x8.pcf.gz
  GEN      clB9x15.pcf.gz
  GEN      clI6x12.pcf.gz
  GEN      clI8x8.pcf.gz
  GEN      clR4x6.pcf.gz
  GEN      clR5x10.pcf.gz
  GEN      clR5x6.pcf.gz
  GEN      clR5x8.pcf.gz
  GEN      clR6x10.pcf.gz
  GEN      clR6x13.pcf.gz
  GEN      clR6x6.pcf.gz
  GEN      clR6x8.pcf.gz
  GEN      clR7x10.pcf.gz
  GEN      clR7x12.pcf.gz
  GEN      clR7x14.pcf.gz
  GEN      clR7x8.pcf.gz
  GEN      clR8x10.pcf.gz
  GEN      clR8x12.pcf.gz
  GEN      clR8x13.pcf.gz
  GEN      clR8x14.pcf.gz
  GEN      clR8x16.pcf.gz
  GEN      clR8x8.pcf.gz
  GEN      clR9x15.pcf.gz
  GEN      clR6x12-ISO8859-1.bdf
  GEN      clR6x12-ISO8859-2.bdf
  GEN      clR6x12-ISO8859-3.bdf
Writing 223 characters into file 'clR6x12-ISO8859-1.bdf'.
Writing 223 characters into file 'clR6x12-ISO8859-2.bdf'.
  GEN      clR6x12-ISO8859-4.bdf
Writing 216 characters into file 'clR6x12-ISO8859-3.bdf'.
  GEN      clR6x12-ISO8859-5.bdf
  GEN      clR6x12-ISO8859-7.bdf
  GEN      clR6x12-ISO8859-8.bdf
Writing 223 characters into file 'clR6x12-ISO8859-4.bdf'.
Writing 223 characters into file 'clR6x12-ISO8859-5.bdf'.
Writing 220 characters into file 'clR6x12-ISO8859-7.bdf'.
  GEN      clR6x12-ISO8859-9.bdf
  GEN      clR6x12-ISO8859-10.bdf
  GEN      clR6x12-ISO8859-13.bdf
Writing 185 characters into file 'clR6x12-ISO8859-8.bdf'.
Writing 223 characters into file 'clR6x12-ISO8859-9.bdf'.
Writing 223 characters into file 'clR6x12-ISO8859-10.bdf'.
  GEN      clR6x12-ISO8859-14.bdf
Writing 223 characters into file 'clR6x12-ISO8859-13.bdf'.
  GEN      clR6x12-ISO8859-15.bdf
  GEN      clR6x12-ISO8859-16.bdf
Writing 223 characters into file 'clR6x12-ISO8859-14.bdf'.
Writing 223 characters into file 'clR6x12-ISO8859-15.bdf'.
Writing 223 characters into file 'clR6x12-ISO8859-16.bdf'.
  GEN      clR6x12-KOI8-R.bdf
  GEN      clR6x12-ISO8859-1.pcf.gz
  GEN      clR6x12-ISO8859-2.pcf.gz
Writing 255 characters into file 'clR6x12-KOI8-R.bdf'.
  GEN      clR6x12-ISO8859-3.pcf.gz
  GEN      clR6x12-ISO8859-4.pcf.gz
  GEN      clR6x12-ISO8859-5.pcf.gz
  GEN      clR6x12-ISO8859-7.pcf.gz
  GEN      clR6x12-ISO8859-8.pcf.gz
  GEN      clR6x12-ISO8859-9.pcf.gz
  GEN      clR6x12-ISO8859-10.pcf.gz
  GEN      clR6x12-ISO8859-13.pcf.gz
  GEN      clR6x12-ISO8859-14.pcf.gz
  GEN      clR6x12-ISO8859-15.pcf.gz
  GEN      clR6x12-ISO8859-16.pcf.gz
  GEN      clR6x12-KOI8-R.pcf.gz
>>> font-schumacher-misc: Entering fakeroot...
make[1]: Entering directory '/home/packager/aports/main/font-schumacher-misc/src/font-schumacher-misc-1.1.3'
make[1]: Nothing to be done for 'install-exec-am'.
 /bin/mkdir -p '/home/packager/aports/main/font-schumacher-misc/pkg/font-schumacher-misc/usr/share/fonts/misc'
 /usr/bin/install -c -m 644 clR6x12.pcf.gz clB6x10.pcf.gz clB6x12.pcf.gz clB8x10.pcf.gz clB8x12.pcf.gz clB8x13.pcf.gz clB8x14.pcf.gz clB8x16.pcf.gz clB8x8.pcf.gz clB9x15.pcf.gz clI6x12.pcf.gz clI8x8.pcf.gz clR4x6.pcf.gz clR5x10.pcf.gz clR5x6.pcf.gz clR5x8.pcf.gz clR6x10.pcf.gz clR6x13.pcf.gz clR6x6.pcf.gz clR6x8.pcf.gz clR7x10.pcf.gz clR7x12.pcf.gz clR7x14.pcf.gz clR7x8.pcf.gz clR8x10.pcf.gz clR8x12.pcf.gz clR8x13.pcf.gz clR8x14.pcf.gz clR8x16.pcf.gz clR8x8.pcf.gz clR9x15.pcf.gz clR6x12-ISO8859-1.pcf.gz clR6x12-ISO8859-2.pcf.gz clR6x12-ISO8859-3.pcf.gz clR6x12-ISO8859-4.pcf.gz clR6x12-ISO8859-5.pcf.gz clR6x12-ISO8859-7.pcf.gz clR6x12-ISO8859-8.pcf.gz clR6x12-ISO8859-9.pcf.gz clR6x12-ISO8859-10.pcf.gz '/home/packager/aports/main/font-schumacher-misc/pkg/font-schumacher-misc/usr/share/fonts/misc'
 /usr/bin/install -c -m 644 clR6x12-ISO8859-13.pcf.gz clR6x12-ISO8859-14.pcf.gz clR6x12-ISO8859-15.pcf.gz clR6x12-ISO8859-16.pcf.gz clR6x12-KOI8-R.pcf.gz '/home/packager/aports/main/font-schumacher-misc/pkg/font-schumacher-misc/usr/share/fonts/misc'
make  install-data-hook
make[2]: Entering directory '/home/packager/aports/main/font-schumacher-misc/src/font-schumacher-misc-1.1.3'
: /home/packager/aports/main/font-schumacher-misc/pkg/font-schumacher-misc/usr/share/fonts/misc
** Warning: fonts.cache not built
** Generate this file manually on host system using fc-cache
make[2]: Leaving directory '/home/packager/aports/main/font-schumacher-misc/src/font-schumacher-misc-1.1.3'
make[1]: Leaving directory '/home/packager/aports/main/font-schumacher-misc/src/font-schumacher-misc-1.1.3'
>>> font-schumacher-misc*: Running postcheck for font-schumacher-misc
>>> font-schumacher-misc*: Preparing package font-schumacher-misc...
libfakeroot internal error: payload not recognized!
>>> font-schumacher-misc*: Tracing dependencies...
	encodings
	font-alias
	mkfontscale
	fontconfig
>>> font-schumacher-misc*: Package size: 159.7 KB
>>> font-schumacher-misc*: Compressing data...
>>> font-schumacher-misc*: Create checksum...
pigz: not found
>>> font-schumacher-misc*: Create font-schumacher-misc-1.1.3-r1.apk
>>> font-schumacher-misc: Build complete at Fri, 23 May 2025 03:18:57 +0000 elapsed time 0h 0m 12s
>>> font-schumacher-misc: Cleaning up srcdir
>>> font-schumacher-misc: Cleaning up pkgdir
>>> font-schumacher-misc: Uninstalling dependencies...
(1/11) Purging .makedepends-font-schumacher-misc (20250523.031848)
(2/11) Purging encodings (1.0.7-r1)
(3/11) Purging font-alias (1.0.5-r0)
(4/11) Purging mkfontscale (1.2.3-r1)
(5/11) Purging fontconfig (2.15.0-r1)
(6/11) Purging font-util-dev (1.4.1-r0)
(7/11) Purging font-util (1.4.1-r0)
(8/11) Purging bdftopcf (1.1.2-r0)
(9/11) Purging freetype (2.13.3-r0)
(10/11) Purging libfontenc (1.1.8-r0)
(11/11) Purging libpng (1.6.47-r0)
Executing busybox-1.37.0-r12.trigger
OK: 313 MiB in 114 packages
>>> font-schumacher-misc: Updating the main/x86_64 repository index...
>>> font-schumacher-misc: Signing the index...
pigz: not found
