pigz: not found
>>> acf-dansguardian: Building main/acf-dansguardian 0.8.0-r4 (using abuild 3.14.1-r4) started Fri, 23 May 2025 00:09:07 +0000
>>> acf-dansguardian: Validating /home/packager/aports/main/acf-dansguardian/APKBUILD...
>>> acf-dansguardian: Analyzing dependencies...
>>> acf-dansguardian: Installing for build: build-base acf-core dansguardian
(1/17) Installing acf-jquery (0.4.3-r2)
(2/17) Installing lua-subprocess (0_git20230625-r1)
(3/17) Installing acf-lib (0.11.1-r0)
(4/17) Installing acf-skins (0.6.0-r3)
(5/17) Installing haserl-lua5.4 (0.9.36-r4)
(6/17) Installing acf-lib-lua5.4 (0.11.1-r0)
(7/17) Installing lua5.4-subprocess (0_git20230625-r1)
(8/17) Installing lua5.4-bit32 (5.3.0-r6)
(9/17) Installing lua5.4-posix (36.3-r0)
(10/17) Installing lua5.4-md5 (1.3-r2)
(11/17) Installing lua-json4 (1.0.1-r0)
(12/17) Installing acf-core (0.24.1-r0)
(13/17) Installing popt (1.19-r4)
(14/17) Installing logrotate (3.21.0-r1)
(15/17) Installing pcre (8.45-r3)
(16/17) Installing dansguardian (2.12.0.3-r9)
Executing dansguardian-2.12.0.3-r9.pre-install
(17/17) Installing .makedepends-acf-dansguardian (20250523.000913)
Executing busybox-1.37.0-r12.trigger
OK: 316 MiB in 131 packages
>>> acf-dansguardian: Cleaning up srcdir
>>> acf-dansguardian: Cleaning up pkgdir
>>> acf-dansguardian: Cleaning up tmpdir
>>> acf-dansguardian: Fetching https://gitlab.alpinelinux.org/acf/acf-dansguardian/-/archive/v0.8.0/acf-dansguardian-v0.8.0.tar.gz
Connecting to gitlab.alpinelinux.org (172.105.69.85:443)
saving to '/var/cache/distfiles/acf-dansguardian-v0.8.0.tar.gz.part'
acf-dansguardian-v0. 100% |********************************|  4663  0:00:00 ETA
'/var/cache/distfiles/acf-dansguardian-v0.8.0.tar.gz.part' saved
>>> acf-dansguardian: Fetching https://gitlab.alpinelinux.org/acf/acf-dansguardian/-/archive/v0.8.0/acf-dansguardian-v0.8.0.tar.gz
>>> acf-dansguardian: Checking sha512sums...
acf-dansguardian-v0.8.0.tar.gz: OK
>>> acf-dansguardian: Unpacking /var/cache/distfiles/acf-dansguardian-v0.8.0.tar.gz...
>>> acf-dansguardian: Entering fakeroot...
mkdir -p "/home/packager/aports/main/acf-dansguardian/pkg/acf-dansguardian//usr/share/acf/app/dansguardian"
cp -a dansguardian*  "/home/packager/aports/main/acf-dansguardian/pkg/acf-dansguardian//usr/share/acf/app/dansguardian"
>>> acf-dansguardian*: Running postcheck for acf-dansguardian
>>> acf-dansguardian*: Preparing package acf-dansguardian...
>>> acf-dansguardian*: Tracing dependencies...
	acf-core
	dansguardian
>>> acf-dansguardian*: Package size: 13.3 KB
>>> acf-dansguardian*: Compressing data...
>>> acf-dansguardian*: Create checksum...
pigz: not found
>>> acf-dansguardian*: Create acf-dansguardian-0.8.0-r4.apk
>>> acf-dansguardian: Build complete at Fri, 23 May 2025 00:09:17 +0000 elapsed time 0h 0m 10s
>>> acf-dansguardian: Cleaning up srcdir
>>> acf-dansguardian: Cleaning up pkgdir
>>> acf-dansguardian: Uninstalling dependencies...
(1/17) Purging .makedepends-acf-dansguardian (20250523.000913)
(2/17) Purging acf-core (0.24.1-r0)
(3/17) Purging acf-jquery (0.4.3-r2)
(4/17) Purging acf-lib-lua5.4 (0.11.1-r0)
(5/17) Purging acf-lib (0.11.1-r0)
(6/17) Purging lua-subprocess (0_git20230625-r1)
(7/17) Purging acf-skins (0.6.0-r3)
(8/17) Purging haserl-lua5.4 (0.9.36-r4)
(9/17) Purging lua5.4-posix (36.3-r0)
(10/17) Purging lua5.4-bit32 (5.3.0-r6)
(11/17) Purging lua5.4-md5 (1.3-r2)
(12/17) Purging lua-json4 (1.0.1-r0)
(13/17) Purging lua5.4-subprocess (0_git20230625-r1)
(14/17) Purging dansguardian (2.12.0.3-r9)
(15/17) Purging logrotate (3.21.0-r1)
(16/17) Purging pcre (8.45-r3)
(17/17) Purging popt (1.19-r4)
Executing busybox-1.37.0-r12.trigger
OK: 313 MiB in 114 packages
>>> acf-dansguardian: Updating the main/x86_64 repository index...
>>> acf-dansguardian: Signing the index...
pigz: not found
