>>> shorewall-core: Validating /home/packager/oily-pine/main/shorewall-core/APKBUILD...
>>> shorewall-core: Cleaning up srcdir
>>> shorewall-core: Cleaning up pkgdir
>>> shorewall-core: Cleaning up tmpdir
>>> shorewall-core: Fetching https://shorewall.org/pub/shorewall/5.2/shorewall-5.2.8/shorewall-core-5.2.8.tar.bz2
  % Total    % Received % Xferd  Average Speed   Time    Time     Time  Current
                                 Dload  Upload   Total   Spent    Left  Speed
  0     0    0     0    0     0      0      0 --:--:-- --:--:-- --:--:--     0100 77980  100 77980    0     0  1095k      0 --:--:-- --:--:-- --:--:-- 1103k
>>> shorewall-core: Fetching https://shorewall.org/pub/shorewall/5.2/shorewall-5.2.8/shorewall-core-5.2.8.tar.bz2
>>> shorewall-core: Checking sha512sums...
shorewall-core-5.2.8.tar.bz2: OK
shorewallrc.alpine: OK
>>> shorewall-core: Preparing build chroot...
fetch http://dl-cdn.alpinelinux.org/alpine/edge/main/x86_64/APKINDEX.tar.gz
(1/79) Installing musl (1.2.5-r10)
(2/79) Installing libcrypto3 (3.5.0-r0)
(3/79) Installing ca-certificates-bundle (20241121-r2)
(4/79) Installing libssl3 (3.5.0-r0)
(5/79) Installing zlib (1.3.1-r2)
(6/79) Installing libapk2 (2.14.9-r2)
(7/79) Installing apk-tools (2.14.9-r2)
(8/79) Installing libcap2 (2.76-r0)
(9/79) Installing libcap-getcap (2.76-r0)
(10/79) Installing fakeroot (1.37.1.1-r0)
(11/79) Installing scanelf (1.3.8-r1)
(12/79) Installing musl-utils (1.2.5-r10)
(13/79) Installing libgcc (14.3.0-r1)
(14/79) Installing libstdc++ (14.3.0-r1)
(15/79) Installing lzip (1.25-r0)
(16/79) Installing openssl (3.5.0-r0)
(17/79) Installing patch (2.8-r0)
(18/79) Installing pkgconf (2.4.3-r0)
(19/79) Installing acl-libs (2.3.2-r1)
(20/79) Installing tar (1.35-r3)
(21/79) Installing busybox (1.37.0-r18)
Executing busybox-1.37.0-r18.post-install
(22/79) Installing ssl_client (1.37.0-r18)
(23/79) Installing busybox-binsh (1.37.0-r18)
(24/79) Installing abuild (3.15.0-r0)
Executing abuild-3.15.0-r0.pre-install
(25/79) Installing abuild-sudo (3.15.0-r0)
(26/79) Installing alpine-baselayout-data (3.7.0-r0)
(27/79) Installing alpine-baselayout (3.7.0-r0)
Executing alpine-baselayout-3.7.0-r0.pre-install
Executing alpine-baselayout-3.7.0-r0.post-install
(28/79) Installing bridge (1.5-r5)
(29/79) Installing ifupdown-ng (0.12.1-r7)
(30/79) Installing openrc-user (0.62.2-r2)
(31/79) Installing openrc (0.62.2-r2)
Executing openrc-0.62.2-r2.post-install
(32/79) Installing mdev-conf (4.8-r0)
(33/79) Installing busybox-mdev-openrc (1.37.0-r18)
(34/79) Installing alpine-conf (3.20.0-r0)
(35/79) Installing alpine-keys (2.5-r0)
(36/79) Installing alpine-release (3.22.0-r0)
(37/79) Installing busybox-openrc (1.37.0-r18)
(38/79) Installing busybox-suid (1.37.0-r18)
(39/79) Installing alpine-base (3.22.0-r0)
(40/79) Installing ncurses-terminfo-base (6.5_p20250503-r0)
(41/79) Installing libncursesw (6.5_p20250503-r0)
(42/79) Installing readline (8.2.13-r1)
(43/79) Installing bash (5.2.37-r0)
Executing bash-5.2.37-r0.post-install
(44/79) Installing jansson (2.14.1-r0)
(45/79) Installing zstd-libs (1.5.7-r0)
(46/79) Installing binutils (2.44-r0)
(47/79) Installing libmagic (5.46-r2)
(48/79) Installing file (5.46-r2)
(49/79) Installing libgomp (14.3.0-r1)
(50/79) Installing libatomic (14.3.0-r1)
(51/79) Installing gmp (6.3.0-r3)
(52/79) Installing isl26 (0.26-r1)
(53/79) Installing mpfr4 (4.2.1_p1-r0)
(54/79) Installing mpc1 (1.3.1-r1)
(55/79) Installing gcc (14.3.0-r1)
(56/79) Installing libstdc++-dev (14.3.0-r1)
(57/79) Installing musl-dev (1.2.5-r10)
(58/79) Installing g++ (14.3.0-r1)
(59/79) Installing make (4.4.1-r3)
(60/79) Installing fortify-headers (1.1-r5)
(61/79) Installing build-base (0.5-r3)
(62/79) Installing coreutils-env (9.7-r1)
(63/79) Installing coreutils-fmt (9.7-r1)
(64/79) Installing coreutils-sha512sum (9.7-r1)
(65/79) Installing libattr (2.5.2-r2)
(66/79) Installing skalibs-libs (2.14.4.0-r0)
(67/79) Installing utmps-libs (0.1.3.1-r0)
(68/79) Installing coreutils (9.7-r1)
(69/79) Installing brotli-libs (1.1.0-r2)
(70/79) Installing c-ares (1.34.5-r0)
(71/79) Installing libunistring (1.3-r0)
(72/79) Installing libidn2 (2.3.7-r0)
(73/79) Installing nghttp2-libs (1.65.0-r0)
(74/79) Installing libpsl (0.21.5-r3)
(75/79) Installing libcurl (8.14.0-r2)
(76/79) Installing libexpat (2.7.1-r0)
(77/79) Installing pcre2 (10.43-r1)
(78/79) Installing git (2.49.0-r0)
(79/79) Installing git-init-template (2.49.0-r0)
Executing busybox-1.37.0-r18.trigger
OK: 263 MiB in 79 packages
>>> shorewall-core: Fetching https://shorewall.org/pub/shorewall/5.2/shorewall-5.2.8/shorewall-core-5.2.8.tar.bz2
>>> shorewall-core: Checking sha512sums...
shorewall-core-5.2.8.tar.bz2: OK
shorewallrc.alpine: OK
>>> shorewall-core: Unpacking /var/cache/distfiles/shorewall-core-5.2.8.tar.bz2...
INFO: Creating a alpine-specific installation -  Sun Jun 1 03:05:15 UTC 2025

HOST=alpine
PREFIX=/usr                             
SHAREDIR=${PREFIX}/share                
LIBEXECDIR=${PREFIX}/share              
PERLLIBDIR=${PREFIX}/share/shorewall    
CONFDIR=/etc                            
SBINDIR=/usr/sbin                       
MANDIR=${SHAREDIR}/man                  
INITDIR=                                
INITSOURCE=                             
INITFILE=                               
AUXINITSOURCE=
AUXINITFILE=
SERVICEDIR=                                
SERVICEFILE=                            
SYSCONFFILE=                            
SYSCONFDIR=                             
SPARSE=                                 
ANNOTATED=                              
VARLIB=/var/lib                         
VARDIR=${VARLIB}/$PRODUCT               
DEFAULT_PAGER=
>>> shorewall-core: Entering fakeroot...
Installing Shorewall Core Version 5.2.8
Shorewall CLI program installed in /tmp/pkg/shorewall-core/usr/sbin/shorewall

wait4ifup installed in /tmp/pkg/shorewall-core/usr/share/shorewall/wait4ifup
Library base file installed as /tmp/pkg/shorewall-core/usr/share/shorewall/lib.base
Library cli file installed as /tmp/pkg/shorewall-core/usr/share/shorewall/lib.cli
Library common file installed as /tmp/pkg/shorewall-core/usr/share/shorewall/lib.common
Library core file installed as /tmp/pkg/shorewall-core/usr/share/shorewall/lib.core
Man page shorewall.8.gz installed to /tmp/pkg/shorewall-core/usr/share/man/man8/shorewall.8.gz
Man Pages Installed
Shorewall Core Version 5.2.8 Installed
>>> shorewall-core-doc*: Running split function doc...
renamed 'usr/share/man' -> '/tmp/pkg/shorewall-core-doc/usr/share/man'
>>> shorewall-core-doc*: Preparing subpackage shorewall-core-doc...
>>> shorewall-core-doc*: Running postcheck for shorewall-core-doc
>>> shorewall-core*: Running postcheck for shorewall-core
>>> shorewall-core*: Preparing package shorewall-core...
>>> shorewall-core-doc*: Tracing dependencies...
>>> shorewall-core-doc*: Package size: 14.1 KB
>>> shorewall-core-doc*: Compressing data...
>>> shorewall-core-doc*: Create checksum...
>>> shorewall-core-doc*: Create shorewall-core-doc-5.2.8-r1.apk
>>> shorewall-core*: Tracing dependencies...
>>> shorewall-core*: Package size: 149.5 KB
>>> shorewall-core*: Compressing data...
>>> shorewall-core*: Create checksum...
>>> shorewall-core*: Create shorewall-core-5.2.8-r1.apk
>>> shorewall-core: Updating the main/x86_64 repository index...
>>> shorewall-core: Signing the index...
>>> shorewall-core: Cleaning up srcdir
>>> shorewall-core: Cleaning up build chroot
>>> shorewall-core: Cleaning up pkgdir
