pigz: not found
>>> openvpn: Building main/openvpn 2.6.14-r0 (using abuild 3.14.1-r4) started Fri, 23 May 2025 17:19:24 +0000
>>> openvpn: Validating /home/packager/aports/main/openvpn/APKBUILD...
>>> openvpn: Analyzing dependencies...
>>> openvpn: Installing for build: build-base iproute2-minimal openssl-dev libcap-ng-dev linux-headers linux-pam-dev lz4-dev lzo-dev cmocka-dev
(1/15) Installing libelf (0.191-r0)
(2/15) Installing libmnl (1.0.5-r2)
(3/15) Installing iproute2-minimal (6.11.0-r0)
(4/15) Installing openssl-dev (3.5.0-r0)
(5/15) Installing libcap-ng (0.8.5-r0)
(6/15) Installing libcap-ng-dev (0.8.5-r0)
(7/15) Installing linux-pam (1.7.0-r3)
(8/15) Installing linux-pam-dev (1.7.0-r3)
(9/15) Installing lz4-libs (1.10.0-r0)
(10/15) Installing lz4-dev (1.10.0-r0)
(11/15) Installing lzo (2.10-r5)
(12/15) Installing lzo-dev (2.10-r5)
(13/15) Installing cmocka (1.1.7-r2)
(14/15) Installing cmocka-dev (1.1.7-r2)
(15/15) Installing .makedepends-openvpn (20250523.171926)
Executing busybox-1.37.0-r12.trigger
OK: 569 MiB in 147 packages
>>> openvpn: Cleaning up srcdir
>>> openvpn: Cleaning up pkgdir
>>> openvpn: Cleaning up tmpdir
>>> openvpn: Fetching https://build.openvpn.net/downloads/releases/openvpn-2.6.14.tar.gz
Connecting to build.openvpn.net (18.196.214.178:443)
saving to '/var/cache/distfiles/openvpn-2.6.14.tar.gz.part'
openvpn-2.6.14.tar.g 100% |********************************| 1881k  0:00:00 ETA
'/var/cache/distfiles/openvpn-2.6.14.tar.gz.part' saved
>>> openvpn: Fetching https://build.openvpn.net/downloads/releases/openvpn-2.6.14.tar.gz
>>> openvpn: Checking sha512sums...
openvpn-2.6.14.tar.gz: OK
openvpn.initd: OK
openvpn.confd: OK
openvpn.up: OK
openvpn.down: OK
>>> openvpn: Unpacking /var/cache/distfiles/openvpn-2.6.14.tar.gz...
checking for a BSD-compatible install... /usr/bin/install -c
checking whether sleep supports fractional seconds... yes
checking filesystem timestamp resolution... 0.01
checking whether build environment is sane... yes
checking for a race-free mkdir -p... /bin/mkdir -p
checking for gawk... gawk
checking whether make sets $(MAKE)... yes
checking whether make supports nested variables... yes
checking xargs -n works... yes
checking build system type... x86_64-alpine-linux-musl
checking host system type... x86_64-alpine-linux-musl
checking whether make supports the include directive... yes (GNU style)
checking for x86_64-alpine-linux-musl-gcc... gcc
checking whether the C compiler works... no
configure: error: in '/home/packager/aports/main/openvpn/src/openvpn-2.6.14':
configure: error: C compiler cannot create executables
See 'config.log' for more details
>>> ERROR: openvpn: build failed
>>> openvpn: Uninstalling dependencies...
(1/15) Purging .makedepends-openvpn (20250523.171926)
(2/15) Purging iproute2-minimal (6.11.0-r0)
(3/15) Purging openssl-dev (3.5.0-r0)
(4/15) Purging libcap-ng-dev (0.8.5-r0)
(5/15) Purging libcap-ng (0.8.5-r0)
(6/15) Purging linux-pam-dev (1.7.0-r3)
(7/15) Purging linux-pam (1.7.0-r3)
(8/15) Purging lz4-dev (1.10.0-r0)
(9/15) Purging lz4-libs (1.10.0-r0)
(10/15) Purging lzo-dev (2.10-r5)
(11/15) Purging lzo (2.10-r5)
(12/15) Purging cmocka-dev (1.1.7-r2)
(13/15) Purging cmocka (1.1.7-r2)
(14/15) Purging libelf (0.191-r0)
(15/15) Purging libmnl (1.0.5-r2)
Executing busybox-1.37.0-r12.trigger
OK: 564 MiB in 132 packages
