pigz: not found
>>> jpeg: Building main/jpeg 9f-r0 (using abuild 3.14.1-r4) started Sun, 18 May 2025 09:03:41 +0000
>>> jpeg: Validating /home/packager/aports/main/jpeg/APKBUILD...
>>> jpeg: Analyzing dependencies...
>>> jpeg: Installing for build: build-base libjpeg-turbo-utils
(1/4) Installing libjpeg-turbo (3.1.0-r0)
(2/4) Installing libturbojpeg (3.1.0-r0)
(3/4) Installing libjpeg-turbo-utils (3.1.0-r0)
(4/4) Installing .makedepends-jpeg (20250518.090342)
Executing busybox-1.37.0-r12.trigger
OK: 262 MiB in 85 packages
>>> jpeg: Cleaning up srcdir
>>> jpeg: Cleaning up pkgdir
>>> jpeg: Cleaning up tmpdir
>>> jpeg: Entering fakeroot...
>>> jpeg-dev*: Running split function dev...
>>> jpeg-dev*: Preparing subpackage jpeg-dev...
>>> jpeg-dev*: Running postcheck for jpeg-dev
>>> libjpeg*: Running split function libjpeg...
>>> libjpeg*: Preparing subpackage libjpeg...
>>> libjpeg*: Running postcheck for libjpeg
>>> jpeg*: Running postcheck for jpeg
>>> jpeg*: Preparing package jpeg...
>>> jpeg-dev*: Tracing dependencies...
	libjpeg-turbo-dev
>>> jpeg-dev*: Package size: 0.0 
>>> jpeg-dev*: Compressing data...
>>> jpeg-dev*: Create checksum...
pigz: not found
>>> jpeg-dev*: Create jpeg-dev-9f-r0.apk
>>> jpeg*: Tracing dependencies...
	libjpeg-turbo-utils
>>> jpeg*: Package size: 0.0 
>>> jpeg*: Compressing data...
>>> jpeg*: Create checksum...
pigz: not found
>>> jpeg*: Create jpeg-9f-r0.apk
>>> libjpeg*: Tracing dependencies...
	libjpeg-turbo
>>> libjpeg*: Package size: 0.0 
>>> libjpeg*: Compressing data...
>>> libjpeg*: Create checksum...
pigz: not found
>>> libjpeg*: Create libjpeg-9f-r0.apk
>>> jpeg: Build complete at Sun, 18 May 2025 09:03:44 +0000 elapsed time 0h 0m 3s
>>> jpeg: Cleaning up srcdir
>>> jpeg: Cleaning up pkgdir
>>> jpeg: Uninstalling dependencies...
(1/4) Purging .makedepends-jpeg (20250518.090342)
(2/4) Purging libjpeg-turbo-utils (3.1.0-r0)
(3/4) Purging libjpeg-turbo (3.1.0-r0)
(4/4) Purging libturbojpeg (3.1.0-r0)
Executing busybox-1.37.0-r12.trigger
OK: 261 MiB in 81 packages
>>> jpeg: Updating the main/x86_64 repository index...
>>> jpeg: Signing the index...
pigz: not found
