pigz: not found
>>> fprobe-ulog: Building main/fprobe-ulog 1.2-r9 (using abuild 3.14.1-r4) started Fri, 23 May 2025 18:39:50 +0000
>>> fprobe-ulog: Validating /home/packager/aports/main/fprobe-ulog/APKBUILD...
>>> fprobe-ulog: Analyzing dependencies...
>>> fprobe-ulog: Installing for build: build-base libnfnetlink-dev libnetfilter_log-dev
(1/7) Installing libnfnetlink (1.0.2-r3)
(2/7) Installing libnfnetlink-dev (1.0.2-r3)
(3/7) Installing libmnl (1.0.5-r2)
(4/7) Installing libnetfilter_log (1.0.2-r2)
(5/7) Installing libmnl-dev (1.0.5-r2)
(6/7) Installing libnetfilter_log-dev (1.0.2-r2)
(7/7) Installing .makedepends-fprobe-ulog (20250523.183953)
OK: 564 MiB in 139 packages
>>> fprobe-ulog: Cleaning up srcdir
>>> fprobe-ulog: Cleaning up pkgdir
>>> fprobe-ulog: Cleaning up tmpdir
>>> fprobe-ulog: Fetching https://github.com/opoplawski/fprobe-ulog/releases/download/v1.2/fprobe-ulog-1.2.tar.gz
Connecting to github.com (140.82.121.4:443)
Connecting to objects.githubusercontent.com (185.199.109.133:443)
saving to '/var/cache/distfiles/fprobe-ulog-1.2.tar.gz.part'
fprobe-ulog-1.2.tar. 100% |********************************|  128k  0:00:00 ETA
'/var/cache/distfiles/fprobe-ulog-1.2.tar.gz.part' saved
>>> fprobe-ulog: Fetching https://github.com/opoplawski/fprobe-ulog/releases/download/v1.2/fprobe-ulog-1.2.tar.gz
>>> fprobe-ulog: Checking sha512sums...
fprobe-ulog-1.2.tar.gz: OK
fprobe-ulog.confd: OK
fprobe-ulog.initd: OK
fprobe-1.1-pidfile-sanity.patch: OK
fix-setuser.patch: OK
fprobe-nflog.patch: OK
>>> fprobe-ulog: Unpacking /var/cache/distfiles/fprobe-ulog-1.2.tar.gz...
>>> fprobe-ulog: fprobe-1.1-pidfile-sanity.patch
patching file src/fprobe-ulog.c
Hunk #1 succeeded at 1301 (offset -78 lines).
Hunk #2 succeeded at 1315 (offset -78 lines).
Hunk #3 succeeded at 1419 with fuzz 2 (offset -136 lines).
>>> fprobe-ulog: fix-setuser.patch
patching file src/fprobe-ulog.c
>>> fprobe-ulog: fprobe-nflog.patch
patching file src/Makefile.am
patching file src/Makefile.in
patching file src/fprobe-ulog.c
patching file src/fprobe-ulog.h
>>> fprobe-ulog: Updating ./config.sub
checking build system type... x86_64-alpine-linux-musl
checking host system type... x86_64-alpine-linux-musl
checking target system type... x86_64-alpine-linux-musl
checking for a BSD-compatible install... /usr/bin/install -c
checking whether build environment is sane... yes
/home/packager/aports/main/fprobe-ulog/src/fprobe-ulog-1.2/missing: Unknown `--is-lightweight' option
Try `/home/packager/aports/main/fprobe-ulog/src/fprobe-ulog-1.2/missing --help' for more information
configure: WARNING: 'missing' script is too old or missing
checking for a thread-safe mkdir -p... /bin/mkdir -p
checking for gawk... gawk
checking whether make sets $(MAKE)... yes
checking whether make supports nested variables... yes
checking for x86_64-alpine-linux-musl-gcc... gcc
checking whether the C compiler works... no
configure: error: in `/home/packager/aports/main/fprobe-ulog/src/fprobe-ulog-1.2':
configure: error: C compiler cannot create executables
See `config.log' for more details
>>> ERROR: fprobe-ulog: build failed
>>> fprobe-ulog: Uninstalling dependencies...
(1/7) Purging .makedepends-fprobe-ulog (20250523.183953)
(2/7) Purging libnetfilter_log-dev (1.0.2-r2)
(3/7) Purging libnetfilter_log (1.0.2-r2)
(4/7) Purging libmnl-dev (1.0.5-r2)
(5/7) Purging libmnl (1.0.5-r2)
(6/7) Purging libnfnetlink-dev (1.0.2-r3)
(7/7) Purging libnfnetlink (1.0.2-r3)
OK: 564 MiB in 132 packages
