pigz: not found
>>> sqlite: Building main/sqlite 3.49.2-r0 (using abuild 3.14.1-r4) started Fri, 16 May 2025 14:30:41 +0000
>>> sqlite: Validating /home/packager/aports/main/sqlite/APKBUILD...
>>> sqlite: Analyzing dependencies...
>>> sqlite: Installing for build: build-base readline-dev
(1/8) Installing libhistory (8.2.13-r0)
(2/8) Installing libformw (6.5_p20250503-r0)
(3/8) Installing libmenuw (6.5_p20250503-r0)
(4/8) Installing libpanelw (6.5_p20250503-r0)
(5/8) Installing libncurses++ (6.5_p20250503-r0)
(6/8) Installing ncurses-dev (6.5_p20250503-r0)
(7/8) Installing readline-dev (8.2.13-r0)
(8/8) Installing .makedepends-sqlite (20250516.143042)
Executing busybox-1.37.0-r12.trigger
OK: 260 MiB in 82 packages
>>> sqlite: Cleaning up srcdir
>>> sqlite: Cleaning up pkgdir
>>> sqlite: Cleaning up tmpdir
>>> sqlite: Fetching https://www.sqlite.org/2025/sqlite-autoconf-3490200.tar.gz
Connecting to www.sqlite.org (194.195.208.62:443)
saving to '/var/cache/distfiles/sqlite-autoconf-3490200.tar.gz.part'
sqlite-autoconf-3490  13% |****                            |  432k  0:00:06 ETA
sqlite-autoconf-3490  99% |******************************* | 3136k  0:00:00 ETA
sqlite-autoconf-3490 100% |********************************| 3154k  0:00:00 ETA
'/var/cache/distfiles/sqlite-autoconf-3490200.tar.gz.part' saved
>>> sqlite: Fetching sqlite-3490200-LICENSE.md::https://www.sqlite.org/src/raw?name=LICENSE.md&ci=version-3.49.2
Connecting to www.sqlite.org (194.195.208.62:443)
saving to '/var/cache/distfiles/sqlite-3490200-LICENSE.md.part'
sqlite-3490200-LICEN 100% |********************************|  3864  0:00:00 ETA
'/var/cache/distfiles/sqlite-3490200-LICENSE.md.part' saved
>>> sqlite: Fetching https://www.sqlite.org/2025/sqlite-autoconf-3490200.tar.gz
>>> sqlite: Fetching sqlite-3490200-LICENSE.md::https://www.sqlite.org/src/raw?name=LICENSE.md&ci=version-3.49.2
>>> sqlite: Checking sha512sums...
sqlite-autoconf-3490200.tar.gz: OK
sqlite-3490200-LICENSE.md: OK
>>> sqlite: Unpacking /var/cache/distfiles/sqlite-autoconf-3490200.tar.gz...
No installed jimsh or tclsh, building local bootstrap jimsh0
Configuring SQLite version 3.49.2
Host System...x86_64-alpine-linux-musl
Build System...x86_64-alpine-linux-musl
Source dir = /home/packager/aports/main/sqlite/src/sqlite-autoconf-3490200
Build dir  = /home/packager/aports/main/sqlite/src/sqlite-autoconf-3490200
C compiler... gcc -O2 -fstack-clash-protection -Wformat -Werror=format-security -fno-plt -DSQLITE_ENABLE_FTS3_PARENTHESIS 	-DSQLITE_ENABLE_COLUMN_METADATA 	-DSQLITE_SECURE_DELETE 	-DSQLITE_ENABLE_UNLOCK_NOTIFY 	-DSQLITE_ENABLE_RTREE 	-DSQLITE_ENABLE_GEOPOLY 	-DSQLITE_USE_URI 	-DSQLITE_ENABLE_DBSTAT_VTAB 	-DSQLITE_SOUNDEX 	-DSQLITE_MAX_VARIABLE_NUMBER=250000 
C++ compiler... g++ -Os -fstack-clash-protection -Wformat -Werror=format-security -D_GLIBCXX_ASSERTIONS=1 -D_LIBCPP_ENABLE_THREAD_SAFETY_ANNOTATIONS=1 -D_LIBCPP_ENABLE_HARDENED_MODE=1 -fno-plt 
Build C compiler...cc
Checking for stdlib.h...ok
Warning: Failed to find x86_64-alpine-linux-musl-ld, falling back to ld which may be incorrect
Warning: Failed to find x86_64-alpine-linux-musl-ar, falling back to ar which may be incorrect
Looking for install ... /usr/bin/install
Checking for int8_t...ok
Checking for int16_t...ok
Checking for int32_t...ok
Checking for int64_t...ok
Checking for intptr_t...ok
Checking for uint8_t...ok
Checking for uint16_t...ok
Checking for uint32_t...ok
Checking for uint64_t...ok
Checking for uintptr_t...ok
Checking for gmtime_r...ok
Checking for isnan...not found
Checking for localtime_r...ok
Checking for localtime_s...not found
Checking for malloc_usable_size...ok
Checking for strchrnul...ok
Checking for usleep...ok
Checking for utime...ok
Checking for pread...ok
Checking for pread64...not found
Checking for pwrite...ok
Checking for pwrite64...not found
Checking libs for fdatasync...none needed
Checking libs for nanosleep...none needed
Checking for sys/types.h...ok
Checking for sys/stat.h...ok
Checking for dlfcn.h...ok
Checking for unistd.h...ok
Checking for stdlib.h...ok
Checking for malloc.h...ok
Checking for memory.h...ok
Checking for string.h...ok
Checking for strings.h...ok
Checking for inttypes.h...ok
Checking for zlib.h...not found
Checking for sys/types.h...(cached) ok
Checking if -D_FILE_OFFSET_BITS=64 is needed...no
Link library statically into the CLI shell? yes
Build shared library? yes
Build static library? yes
SQLITE_DEBUG build? no
Checking whether the C compiler accepts -rpath /usr/lib...no
Checking whether the C compiler accepts -Wl,-rpath,/usr/lib...yes
Checking whether the C compiler accepts -Wl,-soname,libsqlite3.so.0...yes
Setting SONAME using: -Wl,-soname,libsqlite3.so.0
Support threadsafe operation? Checking for libs...
Checking libs for pthread_create...none needed
Checking libs for pthread_mutexattr_init...none needed
Checking for line-editing capability...
Checking libs for tgetent...-lncurses
Checking libs for readline...-lreadline
Using readline flags: -I/usr/include -lreadline -lncurses
Line-editing support for the sqlite3 shell: readline
Checking libs for dlopen...none needed
Loadable extension support enabled.
Checking libs for ceil...none needed
Enabling math SQL functions 
ICU support is disabled.
Feature flags...
  + fts3
  + fts4
  + fts5
  - geopoly
  - rtree
  + session
  - update-limit
  - memsys5
  - memsys3
  - scanstatus
  + json
Library feature flags: -DSQLITE_ENABLE_COLUMN_METADATA -DSQLITE_ENABLE_DBSTAT_VTAB -DSQLITE_ENABLE_FTS3 -DSQLITE_ENABLE_FTS3_PARENTHESIS -DSQLITE_ENABLE_FTS4 -DSQLITE_ENABLE_FTS5 -DSQLITE_ENABLE_GEOPOLY -DSQLITE_ENABLE_MATH_FUNCTIONS -DSQLITE_ENABLE_PREUPDATE_HOOK -DSQLITE_ENABLE_RTREE -DSQLITE_ENABLE_SESSION -DSQLITE_ENABLE_UNLOCK_NOTIFY -DSQLITE_THREADSAFE=1
Shell options: -DHAVE_READLINE=1
Created Makefile from Makefile.in
Created sqlite3.pc from sqlite3.pc.in
Created sqlite_cfg.h
gcc -c /home/packager/aports/main/sqlite/src/sqlite-autoconf-3490200/sqlite3.c -o sqlite3.o -O2 -fstack-clash-protection -Wformat -Werror=format-security -fno-plt -DSQLITE_SECURE_DELETE -DSQLITE_USE_URI -DSQLITE_SOUNDEX -DSQLITE_MAX_VARIABLE_NUMBER=250000  -I. -fPIC  -DSQLITE_ENABLE_COLUMN_METADATA -DSQLITE_ENABLE_DBSTAT_VTAB -DSQLITE_ENABLE_FTS3 -DSQLITE_ENABLE_FTS3_PARENTHESIS -DSQLITE_ENABLE_FTS4 -DSQLITE_ENABLE_FTS5 -DSQLITE_ENABLE_GEOPOLY -DSQLITE_ENABLE_MATH_FUNCTIONS -DSQLITE_ENABLE_PREUPDATE_HOOK -DSQLITE_ENABLE_RTREE -DSQLITE_ENABLE_SESSION -DSQLITE_ENABLE_UNLOCK_NOTIFY -DSQLITE_THREADSAFE=1
gcc -o sqlite3 \
	/home/packager/aports/main/sqlite/src/sqlite-autoconf-3490200/shell.c /home/packager/aports/main/sqlite/src/sqlite-autoconf-3490200/sqlite3.c -Wl,-rpath,/usr/lib       -Wl,--as-needed,-O1,--sort-common -Wl,-z,pack-relative-relocs \
	-I. -DSQLITE_ENABLE_COLUMN_METADATA -DSQLITE_ENABLE_DBSTAT_VTAB -DSQLITE_ENABLE_FTS3 -DSQLITE_ENABLE_FTS3_PARENTHESIS -DSQLITE_ENABLE_FTS4 -DSQLITE_ENABLE_FTS5 -DSQLITE_ENABLE_GEOPOLY -DSQLITE_ENABLE_MATH_FUNCTIONS -DSQLITE_ENABLE_PREUPDATE_HOOK -DSQLITE_ENABLE_RTREE -DSQLITE_ENABLE_SESSION -DSQLITE_ENABLE_UNLOCK_NOTIFY -DSQLITE_THREADSAFE=1 -DHAVE_READLINE=1 \
	-O2 -fstack-clash-protection -Wformat -Werror=format-security -fno-plt -DSQLITE_SECURE_DELETE -DSQLITE_USE_URI -DSQLITE_SOUNDEX -DSQLITE_MAX_VARIABLE_NUMBER=250000  -I/usr/include  \
	-Wl,--as-needed,-O1,--sort-common -Wl,-z,pack-relative-relocs -lreadline -lncurses
gcc -o libsqlite3.so  sqlite3.o -shared \
	-Wl,--as-needed,-O1,--sort-common -Wl,-z,pack-relative-relocs -Wl,-rpath,/usr/lib       -Wl,--as-needed,-O1,--sort-common -Wl,-z,pack-relative-relocs \
	 -Wl,-soname,libsqlite3.so.0
ar cr libsqlite3.a sqlite3.o
>>> sqlite: Entering fakeroot...
+ /usr/bin/install -d /home/packager/aports/main/sqlite/pkg/sqlite/usr/lib
if [ x != "x" ] && [ -f "" ]; then \
	/usr/bin/install  "/home/packager/aports/main/sqlite/pkg/sqlite/usr/lib"; \
fi
+ /usr/bin/install -d /home/packager/aports/main/sqlite/pkg/sqlite/usr/bin
/usr/bin/install -m 0644 libsqlite3.a "/home/packager/aports/main/sqlite/pkg/sqlite/usr/lib"
+ /usr/bin/install -d /home/packager/aports/main/sqlite/pkg/sqlite/usr/include
/usr/bin/install -s sqlite3 "/home/packager/aports/main/sqlite/pkg/sqlite/usr/bin"
+ /usr/bin/install -d /home/packager/aports/main/sqlite/pkg/sqlite/usr/lib/pkgconfig
+ /usr/bin/install -d /home/packager/aports/main/sqlite/pkg/sqlite/usr/share/man/man1
/usr/bin/install -m 0644 /home/packager/aports/main/sqlite/src/sqlite-autoconf-3490200/sqlite3.h /home/packager/aports/main/sqlite/src/sqlite-autoconf-3490200/sqlite3ext.h "/home/packager/aports/main/sqlite/pkg/sqlite/usr/include"
/usr/bin/install libsqlite3.so "/home/packager/aports/main/sqlite/pkg/sqlite/usr/lib"
/usr/bin/install -m 0644 sqlite3.pc "/home/packager/aports/main/sqlite/pkg/sqlite/usr/lib/pkgconfig"
/usr/bin/install -m 0644 /home/packager/aports/main/sqlite/src/sqlite-autoconf-3490200/sqlite3.1 "/home/packager/aports/main/sqlite/pkg/sqlite/usr/share/man/man1"
Setting up libsqlite3.so version symlinks...
lrwxrwxrwx    1 root     root            20 May 16 14:32 libsqlite3.so -> libsqlite3.so.3.49.2
lrwxrwxrwx    1 root     root            20 May 16 14:32 libsqlite3.so.0 -> libsqlite3.so.3.49.2
-rwxr-xr-x    1 root     root       1717296 May 16 14:32 libsqlite3.so.3.49.2
created directory: '/home/packager/aports/main/sqlite/pkg/sqlite/usr/share/licenses/'
created directory: '/home/packager/aports/main/sqlite/pkg/sqlite/usr/share/licenses/sqlite'
'/home/packager/aports/main/sqlite/src/sqlite-3490200-LICENSE.md' -> '/home/packager/aports/main/sqlite/pkg/sqlite/usr/share/licenses/sqlite/LICENSE.md'
>>> sqlite-static*: Running split function static...
'./usr/lib/libsqlite3.a' -> '/home/packager/aports/main/sqlite/pkg/sqlite-static/./usr/lib/libsqlite3.a'
>>> sqlite-static*: Preparing subpackage sqlite-static...
>>> sqlite-static*: Stripping binaries
>>> sqlite-static*: Running postcheck for sqlite-static
>>> sqlite-doc*: Running split function doc...
'usr/share/man' -> '/home/packager/aports/main/sqlite/pkg/sqlite-doc/usr/share/man'
'usr/share/licenses' -> '/home/packager/aports/main/sqlite/pkg/sqlite-doc/usr/share/licenses'
>>> sqlite-doc*: Preparing subpackage sqlite-doc...
>>> sqlite-doc*: Running postcheck for sqlite-doc
>>> sqlite-dev*: Running split function dev...
'usr/include' -> '/home/packager/aports/main/sqlite/pkg/sqlite-dev/usr/include'
'usr/lib/pkgconfig' -> '/home/packager/aports/main/sqlite/pkg/sqlite-dev/usr/lib/pkgconfig'
'usr/lib/libsqlite3.so' -> '/home/packager/aports/main/sqlite/pkg/sqlite-dev/usr/lib/libsqlite3.so'
>>> sqlite-dev*: Preparing subpackage sqlite-dev...
>>> sqlite-dev*: Stripping binaries
>>> sqlite-dev*: Running postcheck for sqlite-dev
>>> sqlite-libs*: Running split function libs...
'usr/lib/libsqlite3.so.0' -> '/home/packager/aports/main/sqlite/pkg/sqlite-libs/usr/lib/libsqlite3.so.0'
'usr/lib/libsqlite3.so.3.49.2' -> '/home/packager/aports/main/sqlite/pkg/sqlite-libs/usr/lib/libsqlite3.so.3.49.2'
>>> sqlite-libs*: Preparing subpackage sqlite-libs...
>>> sqlite-libs*: Stripping binaries
>>> WARNING: sqlite-libs*: Redundant /usr/lib in rpath found
>>> sqlite-libs*: Running postcheck for sqlite-libs
>>> sqlite*: Running postcheck for sqlite
>>> sqlite*: Preparing package sqlite...
>>> sqlite*: Stripping binaries
>>> WARNING: sqlite*: Redundant /usr/lib in rpath found
>>> sqlite-dev*: Scanning shared objects
>>> sqlite-doc*: Scanning shared objects
>>> sqlite-libs*: Scanning shared objects
>>> sqlite-static*: Scanning shared objects
>>> sqlite*: Scanning shared objects
>>> sqlite-dev*: Tracing dependencies...
	sqlite=3.49.2-r0
	pkgconfig
	sqlite-libs=3.49.2-r0
>>> sqlite-dev*: Package size: 681.0 KB
>>> sqlite-dev*: Compressing data...
>>> sqlite-dev*: Create checksum...
pigz: not found
>>> sqlite-dev*: Create sqlite-dev-3.49.2-r0.apk
>>> sqlite-doc*: Tracing dependencies...
>>> sqlite-doc*: Package size: 5.8 KB
>>> sqlite-doc*: Compressing data...
>>> sqlite-doc*: Create checksum...
pigz: not found
>>> sqlite-doc*: Create sqlite-doc-3.49.2-r0.apk
>>> sqlite-libs*: Tracing dependencies...
	so:libc.musl-x86_64.so.1
>>> sqlite-libs*: Package size: 1.5 MB
>>> sqlite-libs*: Compressing data...
>>> sqlite-libs*: Create checksum...
pigz: not found
>>> sqlite-libs*: Create sqlite-libs-3.49.2-r0.apk
>>> sqlite-static*: Tracing dependencies...
>>> sqlite-static*: Package size: 2.1 MB
>>> sqlite-static*: Compressing data...
>>> sqlite-static*: Create checksum...
pigz: not found
>>> sqlite-static*: Create sqlite-static-3.49.2-r0.apk
>>> sqlite*: Tracing dependencies...
	so:libc.musl-x86_64.so.1
	so:libreadline.so.8
>>> sqlite*: Package size: 1.8 MB
>>> sqlite*: Compressing data...
>>> sqlite*: Create checksum...
pigz: not found
>>> sqlite*: Create sqlite-3.49.2-r0.apk
>>> sqlite: Build complete at Fri, 16 May 2025 14:32:05 +0000 elapsed time 0h 1m 24s
>>> sqlite: Cleaning up srcdir
>>> sqlite: Cleaning up pkgdir
>>> sqlite: Uninstalling dependencies...
(1/8) Purging .makedepends-sqlite (20250516.143042)
(2/8) Purging readline-dev (8.2.13-r0)
(3/8) Purging libhistory (8.2.13-r0)
(4/8) Purging ncurses-dev (6.5_p20250503-r0)
(5/8) Purging libncurses++ (6.5_p20250503-r0)
(6/8) Purging libpanelw (6.5_p20250503-r0)
(7/8) Purging libformw (6.5_p20250503-r0)
(8/8) Purging libmenuw (6.5_p20250503-r0)
Executing busybox-1.37.0-r12.trigger
OK: 259 MiB in 74 packages
>>> sqlite: Updating the main/x86_64 repository index...
>>> sqlite: Signing the index...
pigz: not found
