>>> rtnppd: Validating /home/packager/oily-pine/main/rtnppd/APKBUILD...
>>> rtnppd: Cleaning up srcdir
>>> rtnppd: Cleaning up pkgdir
>>> rtnppd: Cleaning up tmpdir
>>> rtnppd: Fetching https://downloads.sourceforge.net/rtnppd/rtnppd-1.7b.tar.gz
  % Total    % Received % Xferd  Average Speed   Time    Time     Time  Current
                                 Dload  Upload   Total   Spent    Left  Speed
  0     0    0     0    0     0      0      0 --:--:-- --:--:-- --:--:--     0100   372  100   372    0     0   1680      0 --:--:-- --:--:-- --:--:--  1675100   372  100   372    0     0   1680      0 --:--:-- --:--:-- --:--:--  1675
100   359  100   359    0     0    626      0 --:--:-- --:--:-- --:--:--   626
  0     0    0     0    0     0      0      0 --:--:--  0:00:01 --:--:--     0100 44248  100 44248    0     0  28145      0  0:00:01  0:00:01 --:--:--  105k
>>> rtnppd: Fetching https://downloads.sourceforge.net/rtnppd/rtnppd-1.7b.tar.gz
>>> rtnppd: Checking sha512sums...
rtnppd-1.7b.tar.gz: OK
gcc14.patch: OK
rtnppd.initd: OK
rtnppd.confd: OK
>>> rtnppd: Preparing build chroot...
fetch http://dl-cdn.alpinelinux.org/alpine/edge/main/x86_64/APKINDEX.tar.gz
(1/71) Installing musl (1.2.5-r10)
(2/71) Installing libcrypto3 (3.5.0-r0)
(3/71) Installing ca-certificates-bundle (20241121-r2)
(4/71) Installing libssl3 (3.5.0-r0)
(5/71) Installing zlib (1.3.1-r2)
(6/71) Installing libapk2 (2.14.9-r2)
(7/71) Installing apk-tools (2.14.9-r2)
(8/71) Installing libcap2 (2.76-r0)
(9/71) Installing libcap-getcap (2.76-r0)
(10/71) Installing fakeroot (1.37.1.1-r0)
(11/71) Installing scanelf (1.3.8-r1)
(12/71) Installing musl-utils (1.2.5-r10)
(13/71) Installing libgcc (14.3.0-r1)
(14/71) Installing libstdc++ (14.3.0-r1)
(15/71) Installing lzip (1.25-r0)
(16/71) Installing openssl (3.5.0-r0)
(17/71) Installing patch (2.8-r0)
(18/71) Installing pkgconf (2.4.3-r0)
(19/71) Installing acl-libs (2.3.2-r1)
(20/71) Installing tar (1.35-r3)
(21/71) Installing busybox (1.37.0-r18)
Executing busybox-1.37.0-r18.post-install
(22/71) Installing ssl_client (1.37.0-r18)
(23/71) Installing busybox-binsh (1.37.0-r18)
(24/71) Installing abuild (3.15.0-r0)
Executing abuild-3.15.0-r0.pre-install
(25/71) Installing abuild-sudo (3.15.0-r0)
(26/71) Installing alpine-baselayout-data (3.7.0-r0)
(27/71) Installing alpine-baselayout (3.7.0-r0)
Executing alpine-baselayout-3.7.0-r0.pre-install
Executing alpine-baselayout-3.7.0-r0.post-install
(28/71) Installing bridge (1.5-r5)
(29/71) Installing ifupdown-ng (0.12.1-r7)
(30/71) Installing openrc-user (0.62.2-r2)
(31/71) Installing openrc (0.62.2-r2)
Executing openrc-0.62.2-r2.post-install
(32/71) Installing mdev-conf (4.8-r0)
(33/71) Installing busybox-mdev-openrc (1.37.0-r18)
(34/71) Installing alpine-conf (3.20.0-r0)
(35/71) Installing alpine-keys (2.5-r0)
(36/71) Installing alpine-release (3.22.0-r0)
(37/71) Installing busybox-openrc (1.37.0-r18)
(38/71) Installing busybox-suid (1.37.0-r18)
(39/71) Installing alpine-base (3.22.0-r0)
(40/71) Installing jansson (2.14.1-r0)
(41/71) Installing zstd-libs (1.5.7-r0)
(42/71) Installing binutils (2.44-r0)
(43/71) Installing libmagic (5.46-r2)
(44/71) Installing file (5.46-r2)
(45/71) Installing libgomp (14.3.0-r1)
(46/71) Installing libatomic (14.3.0-r1)
(47/71) Installing gmp (6.3.0-r3)
(48/71) Installing isl26 (0.26-r1)
(49/71) Installing mpfr4 (4.2.1_p1-r0)
(50/71) Installing mpc1 (1.3.1-r1)
(51/71) Installing gcc (14.3.0-r1)
(52/71) Installing libstdc++-dev (14.3.0-r1)
(53/71) Installing musl-dev (1.2.5-r10)
(54/71) Installing g++ (14.3.0-r1)
(55/71) Installing make (4.4.1-r3)
(56/71) Installing fortify-headers (1.1-r5)
(57/71) Installing build-base (0.5-r3)
(58/71) Installing brotli-libs (1.1.0-r2)
(59/71) Installing c-ares (1.34.5-r0)
(60/71) Installing libunistring (1.3-r0)
(61/71) Installing libidn2 (2.3.7-r0)
(62/71) Installing nghttp2-libs (1.65.0-r0)
(63/71) Installing libpsl (0.21.5-r3)
(64/71) Installing libcurl (8.14.0-r2)
(65/71) Installing libexpat (2.7.1-r0)
(66/71) Installing pcre2 (10.43-r1)
(67/71) Installing git (2.49.0-r0)
(68/71) Installing git-init-template (2.49.0-r0)
(69/71) Installing libpq (17.5-r0)
(70/71) Installing openssl-dev (3.5.0-r0)
(71/71) Installing libpq-dev (17.5-r0)
Executing busybox-1.37.0-r18.trigger
OK: 264 MiB in 71 packages
>>> rtnppd: Fetching https://downloads.sourceforge.net/rtnppd/rtnppd-1.7b.tar.gz
>>> rtnppd: Checking sha512sums...
rtnppd-1.7b.tar.gz: OK
gcc14.patch: OK
rtnppd.initd: OK
rtnppd.confd: OK
>>> rtnppd: Unpacking /var/cache/distfiles/rtnppd-1.7b.tar.gz...
>>> rtnppd: gcc14.patch
patching file blowfish.c
patching file rtnppd.c
patching file testq.c
patching file tnpppage.c
patching file testq.c
cc -c -Os -fstack-clash-protection -Wformat -Werror=format-security -fno-plt -g -fpermissive -O2 -pipe -g -I./ -o rtnppd.o rtnppd.c
cc -c -Os -fstack-clash-protection -Wformat -Werror=format-security -fno-plt -g -fpermissive -O2 -pipe -g -I./ -o readcfg.o readcfg.c
cc -c -Os -fstack-clash-protection -Wformat -Werror=format-security -fno-plt -g -fpermissive -O2 -pipe -g -I./ -o crc.o crc.c
cc -c -Os -fstack-clash-protection -Wformat -Werror=format-security -fno-plt -g -fpermissive -O2 -pipe -g -I./ -o blowfish.o blowfish.c
cc -c -Os -fstack-clash-protection -Wformat -Werror=format-security -fno-plt -g -fpermissive -O2 -pipe -g -I./ -o testq.o testq.c
cc -c -Os -fstack-clash-protection -Wformat -Werror=format-security -fno-plt -g -fpermissive -O2 -pipe -g -I./ -o tnpppage.o tnpppage.c
In file included from rtnppd.c:11:
/usr/include/sys/fcntl.h:1:2: warning: #warning redirecting incorrect #include <sys/fcntl.h> to <fcntl.h> [-Wcpp]
    1 | #warning redirecting incorrect #include <sys/fcntl.h> to <fcntl.h>
      |  ^~~~~~~
tnpppage.c: In function 'main':
tnpppage.c:248:29: warning: ' ' flag used with '%s' gnu_printf format [-Wformat=]
  248 |     sprintf(bufid, "B%c%- 10s", page_func, id);
      |                             ^
readcfg.c: In function 'read_config':
readcfg.c:177:43: warning: cast to pointer from integer of different size [-Wint-to-pointer-cast]
  177 |                                           (void *) atoi(temp + match[0].rm_so))) {
      |                                           ^
readcfg.c: In function 'std_DIGITS':
readcfg.c:249:21: warning: cast from pointer to integer of different size [-Wpointer-to-int-cast]
  249 |   *((int *) addr) = (int) value;
      |                     ^
readcfg.c: In function 'std_BOOL':
readcfg.c:255:21: warning: cast from pointer to integer of different size [-Wpointer-to-int-cast]
  255 |   *((int *) addr) = (int) value;
      |                     ^
rtnppd.c: In function 'add_route':
rtnppd.c:2028:21: warning: cast from pointer to integer of different size [-Wpointer-to-int-cast]
 2028 |   route->low_addr = (int) value;
      |                     ^
rtnppd.c:2029:22: warning: cast from pointer to integer of different size [-Wpointer-to-int-cast]
 2029 |   route->high_addr = (int) value;
      |                      ^
rtnppd.c: In function 'add_2route':
rtnppd.c:2054:21: warning: cast from pointer to integer of different size [-Wpointer-to-int-cast]
 2054 |   route->low_addr = (int) value;
      |                     ^
rtnppd.c:2055:22: warning: cast from pointer to integer of different size [-Wpointer-to-int-cast]
 2055 |   route->high_addr = (int) value;
      |                      ^
rtnppd.c: In function 'add_3route':
rtnppd.c:2080:21: warning: cast from pointer to integer of different size [-Wpointer-to-int-cast]
 2080 |   route->low_addr = (int) value;
      |                     ^
rtnppd.c:2081:22: warning: cast from pointer to integer of different size [-Wpointer-to-int-cast]
 2081 |   route->high_addr = (int) value;
      |                      ^
rtnppd.c: In function 'add_translate':
rtnppd.c:2123:21: warning: cast from pointer to integer of different size [-Wpointer-to-int-cast]
 2123 |   trans->old_addr = (int) value;
      |                     ^
rtnppd.c:2124:21: warning: cast from pointer to integer of different size [-Wpointer-to-int-cast]
 2124 |   trans->new_addr = (int) value;
      |                     ^
cc -o testq testq.o
cc -o tnpppage tnpppage.o crc.o
cc -o rtnppd rtnppd.o readcfg.o crc.o blowfish.o 
>>> rtnppd: Entering fakeroot...
>>> rtnppd-dbg*: Running split function dbg...
>>> rtnppd-dbg*: Preparing subpackage rtnppd-dbg...
>>> rtnppd-dbg*: Stripping binaries
>>> rtnppd-dbg*: Running postcheck for rtnppd-dbg
>>> rtnppd-openrc*: Running split function openrc...
'etc/conf.d' -> '/tmp/pkg/rtnppd-openrc/etc/conf.d'
'etc/init.d' -> '/tmp/pkg/rtnppd-openrc/etc/init.d'
>>> rtnppd-openrc*: Preparing subpackage rtnppd-openrc...
>>> rtnppd-openrc*: Running postcheck for rtnppd-openrc
>>> rtnppd*: Running postcheck for rtnppd
>>> rtnppd*: Preparing package rtnppd...
>>> rtnppd*: Stripping binaries
>>> rtnppd*: Script found. /bin/sh added as a dependency for rtnppd-1.7b-r12.apk
>>> rtnppd*: Adding .pre-install
>>> rtnppd-dbg*: Scanning shared objects
>>> rtnppd-openrc*: Scanning shared objects
>>> rtnppd*: Scanning shared objects
>>> rtnppd-dbg*: Tracing dependencies...
	!rtnppd<1.7b-r12
	!rtnppd>1.7b-r12
>>> rtnppd-dbg*: Package size: 168.6 KB
>>> rtnppd-dbg*: Compressing data...
>>> rtnppd-dbg*: Create checksum...
>>> rtnppd-dbg*: Create rtnppd-dbg-1.7b-r12.apk
>>> rtnppd-openrc*: Tracing dependencies...
>>> rtnppd-openrc*: Package size: 438.0 B
>>> rtnppd-openrc*: Compressing data...
>>> rtnppd-openrc*: Create checksum...
>>> rtnppd-openrc*: Create rtnppd-openrc-1.7b-r12.apk
>>> rtnppd*: Tracing dependencies...
	/bin/sh
	so:libc.musl-x86_64.so.1
>>> rtnppd*: Package size: 109.2 KB
>>> rtnppd*: Compressing data...
>>> rtnppd*: Create checksum...
>>> rtnppd*: Create rtnppd-1.7b-r12.apk
>>> rtnppd: Updating the main/x86_64 repository index...
>>> rtnppd: Signing the index...
>>> rtnppd: Cleaning up srcdir
>>> rtnppd: Cleaning up build chroot
>>> rtnppd: Cleaning up pkgdir
