pigz: not found
>>> pwgen: Building main/pwgen 2.08-r3 (using abuild 3.14.1-r4) started Sun, 18 May 2025 09:37:54 +0000
>>> pwgen: Validating /home/packager/aports/main/pwgen/APKBUILD...
>>> pwgen: Analyzing dependencies...
>>> pwgen: Installing for build: build-base autoconf
(1/8) Installing m4 (1.4.19-r3)
(2/8) Installing libbz2 (1.0.8-r6)
(3/8) Installing perl (5.40.2-r0)
(4/8) Installing autoconf (2.72-r0)
(5/8) Installing .makedepends-pwgen (20250518.093758)
(6/8) Installing perl-error (0.17030-r0)
(7/8) Installing perl-git (2.47.2-r0)
(8/8) Installing git-perl (2.47.2-r0)
Executing busybox-1.37.0-r12.trigger
OK: 299 MiB in 89 packages
>>> pwgen: Cleaning up srcdir
>>> pwgen: Cleaning up pkgdir
>>> pwgen: Cleaning up tmpdir
>>> pwgen: Fetching pwgen-2.08.tar.gz::https://github.com/tytso/pwgen/archive/v2.08.tar.gz
Connecting to github.com (140.82.121.4:443)
Connecting to codeload.github.com (140.82.121.9:443)
saving to '/var/cache/distfiles/pwgen-2.08.tar.gz.part'
pwgen-2.08.tar.gz.pa 100% |********************************| 19242  0:00:00 ETA
'/var/cache/distfiles/pwgen-2.08.tar.gz.part' saved
>>> pwgen: Fetching pwgen-2.08.tar.gz::https://github.com/tytso/pwgen/archive/v2.08.tar.gz
>>> pwgen: Checking sha512sums...
pwgen-2.08.tar.gz: OK
>>> pwgen: Unpacking /var/cache/distfiles/pwgen-2.08.tar.gz...
configure.ac:11: warning: AC_OUTPUT should be used without arguments.
configure.ac:11: You should run autoupdate.
configure: WARNING: you should use --build, --host, --target
checking for x86_64-alpine-linux-musl-gcc... gcc
checking whether the C compiler works... yes
checking for C compiler default output file name... a.out
checking for suffix of executables... 
checking whether we are cross compiling... no
checking for suffix of object files... o
checking whether the compiler supports GNU C... yes
checking whether gcc accepts -g... yes
checking for gcc option to enable C11 features... none needed
checking for a BSD-compatible install... /usr/bin/install -c
checking for mv... /bin/mv
checking for rm... /bin/rm
checking for sed... /bin/sed
checking for perl... /usr/bin/perl
checking for getopt_long... yes
checking for stdio.h... yes
checking for stdlib.h... yes
checking for string.h... yes
checking for inttypes.h... yes
checking for stdint.h... yes
checking for strings.h... yes
checking for sys/stat.h... yes
checking for sys/types.h... yes
checking for unistd.h... yes
checking for getopt.h... yes
configure: creating ./config.status
config.status: creating Makefile
>>> pwgen: Entering fakeroot...
gcc -c  -DPACKAGE_NAME=\"\" -DPACKAGE_TARNAME=\"\" -DPACKAGE_VERSION=\"\" -DPACKAGE_STRING=\"\" -DPACKAGE_BUGREPORT=\"\" -DPACKAGE_URL=\"\" -DHAVE_GETOPT_LONG=1 -DHAVE_STDIO_H=1 -DHAVE_STDLIB_H=1 -DHAVE_STRING_H=1 -DHAVE_INTTYPES_H=1 -DHAVE_STDINT_H=1 -DHAVE_STRINGS_H=1 -DHAVE_SYS_STAT_H=1 -DHAVE_SYS_TYPES_H=1 -DHAVE_UNISTD_H=1 -DSTDC_HEADERS=1 -DHAVE_GETOPT_H=1  -Os -fstack-clash-protection -Wformat -Werror=format-security -fno-plt -Wall -Wnested-externs -Wstrict-prototypes -Wmissing-prototypes -Wshadow -Wwrite-strings -Wpointer-arith -Wcast-qual -Wcast-align -pedantic   pwgen.c -o pwgen.o
gcc -c  -DPACKAGE_NAME=\"\" -DPACKAGE_TARNAME=\"\" -DPACKAGE_VERSION=\"\" -DPACKAGE_STRING=\"\" -DPACKAGE_BUGREPORT=\"\" -DPACKAGE_URL=\"\" -DHAVE_GETOPT_LONG=1 -DHAVE_STDIO_H=1 -DHAVE_STDLIB_H=1 -DHAVE_STRING_H=1 -DHAVE_INTTYPES_H=1 -DHAVE_STDINT_H=1 -DHAVE_STRINGS_H=1 -DHAVE_SYS_STAT_H=1 -DHAVE_SYS_TYPES_H=1 -DHAVE_UNISTD_H=1 -DSTDC_HEADERS=1 -DHAVE_GETOPT_H=1  -Os -fstack-clash-protection -Wformat -Werror=format-security -fno-plt -Wall -Wnested-externs -Wstrict-prototypes -Wmissing-prototypes -Wshadow -Wwrite-strings -Wpointer-arith -Wcast-qual -Wcast-align -pedantic   pw_phonemes.c -o pw_phonemes.o
gcc -c  -DPACKAGE_NAME=\"\" -DPACKAGE_TARNAME=\"\" -DPACKAGE_VERSION=\"\" -DPACKAGE_STRING=\"\" -DPACKAGE_BUGREPORT=\"\" -DPACKAGE_URL=\"\" -DHAVE_GETOPT_LONG=1 -DHAVE_STDIO_H=1 -DHAVE_STDLIB_H=1 -DHAVE_STRING_H=1 -DHAVE_INTTYPES_H=1 -DHAVE_STDINT_H=1 -DHAVE_STRINGS_H=1 -DHAVE_SYS_STAT_H=1 -DHAVE_SYS_TYPES_H=1 -DHAVE_UNISTD_H=1 -DSTDC_HEADERS=1 -DHAVE_GETOPT_H=1  -Os -fstack-clash-protection -Wformat -Werror=format-security -fno-plt -Wall -Wnested-externs -Wstrict-prototypes -Wmissing-prototypes -Wshadow -Wwrite-strings -Wpointer-arith -Wcast-qual -Wcast-align -pedantic   pw_rand.c -o pw_rand.o
gcc -c  -DPACKAGE_NAME=\"\" -DPACKAGE_TARNAME=\"\" -DPACKAGE_VERSION=\"\" -DPACKAGE_STRING=\"\" -DPACKAGE_BUGREPORT=\"\" -DPACKAGE_URL=\"\" -DHAVE_GETOPT_LONG=1 -DHAVE_STDIO_H=1 -DHAVE_STDLIB_H=1 -DHAVE_STRING_H=1 -DHAVE_INTTYPES_H=1 -DHAVE_STDINT_H=1 -DHAVE_STRINGS_H=1 -DHAVE_SYS_STAT_H=1 -DHAVE_SYS_TYPES_H=1 -DHAVE_UNISTD_H=1 -DSTDC_HEADERS=1 -DHAVE_GETOPT_H=1  -Os -fstack-clash-protection -Wformat -Werror=format-security -fno-plt -Wall -Wnested-externs -Wstrict-prototypes -Wmissing-prototypes -Wshadow -Wwrite-strings -Wpointer-arith -Wcast-qual -Wcast-align -pedantic   randnum.c -o randnum.o
gcc -c  -DPACKAGE_NAME=\"\" -DPACKAGE_TARNAME=\"\" -DPACKAGE_VERSION=\"\" -DPACKAGE_STRING=\"\" -DPACKAGE_BUGREPORT=\"\" -DPACKAGE_URL=\"\" -DHAVE_GETOPT_LONG=1 -DHAVE_STDIO_H=1 -DHAVE_STDLIB_H=1 -DHAVE_STRING_H=1 -DHAVE_INTTYPES_H=1 -DHAVE_STDINT_H=1 -DHAVE_STRINGS_H=1 -DHAVE_SYS_STAT_H=1 -DHAVE_SYS_TYPES_H=1 -DHAVE_UNISTD_H=1 -DSTDC_HEADERS=1 -DHAVE_GETOPT_H=1  -Os -fstack-clash-protection -Wformat -Werror=format-security -fno-plt -Wall -Wnested-externs -Wstrict-prototypes -Wmissing-prototypes -Wshadow -Wwrite-strings -Wpointer-arith -Wcast-qual -Wcast-align -pedantic   sha1.c -o sha1.o
gcc -c  -DPACKAGE_NAME=\"\" -DPACKAGE_TARNAME=\"\" -DPACKAGE_VERSION=\"\" -DPACKAGE_STRING=\"\" -DPACKAGE_BUGREPORT=\"\" -DPACKAGE_URL=\"\" -DHAVE_GETOPT_LONG=1 -DHAVE_STDIO_H=1 -DHAVE_STDLIB_H=1 -DHAVE_STRING_H=1 -DHAVE_INTTYPES_H=1 -DHAVE_STDINT_H=1 -DHAVE_STRINGS_H=1 -DHAVE_SYS_STAT_H=1 -DHAVE_SYS_TYPES_H=1 -DHAVE_UNISTD_H=1 -DSTDC_HEADERS=1 -DHAVE_GETOPT_H=1  -Os -fstack-clash-protection -Wformat -Werror=format-security -fno-plt -Wall -Wnested-externs -Wstrict-prototypes -Wmissing-prototypes -Wshadow -Wwrite-strings -Wpointer-arith -Wcast-qual -Wcast-align -pedantic   sha1num.c -o sha1num.o
gcc -Wl,--as-needed,-O1,--sort-common -Wl,-z,pack-relative-relocs -o pwgen pwgen.o pw_phonemes.o pw_rand.o randnum.o sha1.o sha1num.o
mkdir -p /home/packager/aports/main/pwgen/pkg/pwgen/usr/bin /home/packager/aports/main/pwgen/pkg/pwgen/usr/share/man/man1
/usr/bin/install -c pwgen /home/packager/aports/main/pwgen/pkg/pwgen/usr/bin/pwgen
/usr/bin/install -c -m 644 ./pwgen.1 /home/packager/aports/main/pwgen/pkg/pwgen/usr/share/man/man1/pwgen.1
>>> pwgen-doc*: Running split function doc...
'usr/share/man' -> '/home/packager/aports/main/pwgen/pkg/pwgen-doc/usr/share/man'
>>> pwgen-doc*: Preparing subpackage pwgen-doc...
>>> pwgen-doc*: Running postcheck for pwgen-doc
>>> pwgen*: Running postcheck for pwgen
>>> pwgen*: Preparing package pwgen...
>>> pwgen*: Stripping binaries
>>> pwgen-doc*: Scanning shared objects
>>> pwgen*: Scanning shared objects
>>> pwgen-doc*: Tracing dependencies...
>>> pwgen-doc*: Package size: 2.0 KB
>>> pwgen-doc*: Compressing data...
>>> pwgen-doc*: Create checksum...
pigz: not found
>>> pwgen-doc*: Create pwgen-doc-2.08-r3.apk
>>> pwgen*: Tracing dependencies...
	so:libc.musl-x86_64.so.1
>>> pwgen*: Package size: 27.1 KB
>>> pwgen*: Compressing data...
>>> pwgen*: Create checksum...
pigz: not found
>>> pwgen*: Create pwgen-2.08-r3.apk
>>> pwgen: Build complete at Sun, 18 May 2025 09:38:02 +0000 elapsed time 0h 0m 8s
>>> pwgen: Cleaning up srcdir
>>> pwgen: Cleaning up pkgdir
>>> pwgen: Uninstalling dependencies...
(1/8) Purging .makedepends-pwgen (20250518.093758)
(2/8) Purging autoconf (2.72-r0)
(3/8) Purging m4 (1.4.19-r3)
(4/8) Purging git-perl (2.47.2-r0)
(5/8) Purging perl-git (2.47.2-r0)
(6/8) Purging perl-error (0.17030-r0)
(7/8) Purging perl (5.40.2-r0)
(8/8) Purging libbz2 (1.0.8-r6)
Executing busybox-1.37.0-r12.trigger
OK: 261 MiB in 81 packages
>>> pwgen: Updating the main/x86_64 repository index...
>>> pwgen: Signing the index...
pigz: not found
