pigz: not found
>>> libgcrypt: Building main/libgcrypt 1.10.3-r1 (using abuild 3.14.1-r4) started Fri, 23 May 2025 14:37:51 +0000
>>> libgcrypt: Validating /home/packager/aports/main/libgcrypt/APKBUILD...
>>> libgcrypt: Analyzing dependencies...
>>> libgcrypt: Installing for build: build-base libgpg-error-dev texinfo
(1/4) Installing libgpg-error (1.51-r0)
(2/4) Installing libgpg-error-dev (1.51-r0)
(3/4) Installing texinfo (7.2-r0)
(4/4) Installing .makedepends-libgcrypt (20250523.143754)
Executing busybox-1.37.0-r12.trigger
OK: 314 MiB in 114 packages
>>> libgcrypt: Cleaning up srcdir
>>> libgcrypt: Cleaning up pkgdir
>>> libgcrypt: Cleaning up tmpdir
>>> libgcrypt: Fetching https://www.gnupg.org/ftp/gcrypt/libgcrypt/libgcrypt-1.10.3.tar.bz2
Connecting to www.gnupg.org (217.69.76.60:443)
saving to '/var/cache/distfiles/libgcrypt-1.10.3.tar.bz2.part'
libgcrypt-1.10.3.tar 100% |********************************| 3695k  0:00:00 ETA
'/var/cache/distfiles/libgcrypt-1.10.3.tar.bz2.part' saved
>>> libgcrypt: Fetching https://www.gnupg.org/ftp/gcrypt/libgcrypt/libgcrypt-1.10.3.tar.bz2
>>> libgcrypt: Checking sha512sums...
libgcrypt-1.10.3.tar.bz2: OK
gcc14-armv7.patch: OK
>>> libgcrypt: Unpacking /var/cache/distfiles/libgcrypt-1.10.3.tar.bz2...
>>> libgcrypt: gcc14-armv7.patch
patching file mpi/ec-inline.h
Hunk #1 succeeded at 760 (offset -76 lines).
Hunk #2 succeeded at 781 (offset -76 lines).
Hunk #3 succeeded at 802 (offset -76 lines).
Hunk #4 succeeded at 824 (offset -75 lines).
>>> libgcrypt: Updating ./build-aux/config.sub
checking for a BSD-compatible install... /usr/bin/install -c
checking whether build environment is sane... yes
checking for a race-free mkdir -p... /bin/mkdir -p
checking for gawk... gawk
checking whether make sets $(MAKE)... yes
checking whether make supports nested variables... yes
checking build system type... x86_64-alpine-linux-musl
checking host system type... x86_64-alpine-linux-musl
checking whether to enable maintainer-specific portions of Makefiles... no
checking whether make supports nested variables... (cached) yes
checking whether make supports the include directive... yes (GNU style)
checking for x86_64-alpine-linux-musl-gcc... gcc
checking whether the C compiler works... yes
checking for C compiler default output file name... a.out
checking for suffix of executables... 
checking whether we are cross compiling... no
checking for suffix of object files... o
checking whether the compiler supports GNU C... yes
checking whether gcc accepts -g... yes
checking for gcc option to enable C11 features... none needed
checking whether gcc understands -c and -o together... yes
checking dependency style of gcc... gcc3
checking for stdio.h... yes
checking for stdlib.h... yes
checking for string.h... yes
checking for inttypes.h... yes
checking for stdint.h... yes
checking for strings.h... yes
checking for sys/stat.h... yes
checking for sys/types.h... yes
checking for unistd.h... yes
checking for wchar.h... yes
checking for minix/config.h... no
checking for sys/socket.h... yes
checking whether it is safe to define __EXTENSIONS__... yes
checking whether _XOPEN_SOURCE should be defined... no
checking whether make sets $(MAKE)... (cached) yes
checking for x86_64-alpine-linux-musl-gcc... (cached) gcc
checking whether the compiler supports GNU C... (cached) yes
checking whether gcc accepts -g... (cached) yes
checking for gcc option to enable C11 features... (cached) none needed
checking whether gcc understands -c and -o together... (cached) yes
checking dependency style of gcc... (cached) gcc3
checking how to run the C preprocessor... gcc -E
checking dependency style of gcc... gcc3
checking for library containing strerror... none required
checking for gawk... (cached) gawk
checking how to print strings... printf
checking for a sed that does not truncate output... /bin/sed
checking for grep that handles long lines and -e... /bin/grep
checking for egrep... /bin/grep -E
checking for fgrep... /bin/grep -F
checking for ld used by gcc... /usr/x86_64-alpine-linux-musl/bin/ld
checking if the linker (/usr/x86_64-alpine-linux-musl/bin/ld) is GNU ld... yes
checking for BSD- or MS-compatible name lister (nm)... /usr/bin/nm -B
checking the name lister (/usr/bin/nm -B) interface... BSD nm
checking whether ln -s works... yes
checking the maximum length of command line arguments... 98304
checking whether the shell understands some XSI constructs... yes
checking whether the shell understands "+="... yes
checking how to convert x86_64-alpine-linux-musl file names to x86_64-alpine-linux-musl format... func_convert_file_noop
checking how to convert x86_64-alpine-linux-musl file names to toolchain format... func_convert_file_noop
checking for /usr/x86_64-alpine-linux-musl/bin/ld option to reload object files... -r
checking for x86_64-alpine-linux-musl-objdump... no
checking for objdump... objdump
checking how to recognize dependent libraries... pass_all
checking for x86_64-alpine-linux-musl-dlltool... no
checking for dlltool... no
checking how to associate runtime and link libraries... printf %s\n
checking for x86_64-alpine-linux-musl-ar... no
checking for ar... ar
checking for archiver @FILE support... @
checking for x86_64-alpine-linux-musl-strip... no
checking for strip... strip
checking for x86_64-alpine-linux-musl-ranlib... no
checking for ranlib... ranlib
checking command to parse /usr/bin/nm -B output from gcc object... ok
checking for sysroot... no
checking for x86_64-alpine-linux-musl-mt... no
checking for mt... no
checking if : is a manifest tool... no
checking for dlfcn.h... yes
checking for objdir... .libs
checking if gcc supports -fno-rtti -fno-exceptions... no
checking for gcc option to produce PIC... -fPIC -DPIC
checking if gcc PIC flag -fPIC -DPIC works... yes
checking if gcc static flag -static works... yes
checking if gcc supports -c -o file.o... yes
checking if gcc supports -c -o file.o... (cached) yes
checking whether the gcc linker (/usr/x86_64-alpine-linux-musl/bin/ld -m elf_x86_64) supports shared libraries... yes
checking whether -lc should be explicitly linked in... no
checking dynamic linker characteristics... GNU/Linux ld.so
checking how to hardcode library paths into programs... immediate
checking whether stripping libraries is possible... yes
checking if libtool supports shared libraries... yes
checking whether to build shared libraries... yes
checking whether to build static libraries... yes
checking for x86_64-alpine-linux-musl-windres... no
checking for windres... no
checking whether byte ordering is bigendian... no
checking size of unsigned short... 2
checking size of unsigned int... 4
checking size of unsigned long... 8
checking size of unsigned long long... 8
checking size of void *... 8
checking for uintptr_t... yes
checking for UINT64_C... yes
checking size of uint64_t... 8
checking which symmetric ciphers to include... arcfour blowfish cast5 des aes twofish serpent rfc2268 seed camellia idea salsa20 gost28147 chacha20 sm4
checking which public-key ciphers to include... dsa elgamal rsa ecc
checking which message digests to include... crc gostr3411-94  md4 md5 rmd160 sha1 sha256 sha512 sha3 tiger whirlpool stribog blake2 sm3
checking which key derivation functions to include... s2k pkdf2 scrypt
checking which random module to use... default
checking whether use of /dev/random is requested... yes
checking whether the experimental random daemon is requested... no
checking whether MPI and cipher assembler modules are requested... yes
checking whether memory guard is requested... no
checking whether to run large data tests... no
checking whether 'soft' HW feature bits are forced on... no
checking whether use of capabilities is requested... no
checking whether a HMAC binary check is requested... no
checking whether jitter entropy support is requested... yes
checking whether padlock support is requested... yes
checking whether AESNI support is requested... yes
checking whether SHAEXT support is requested... yes
checking whether PCLMUL support is requested... yes
checking whether SSE4.1 support is requested... yes
checking whether DRNG support is requested... yes
checking whether AVX support is requested... yes
checking whether AVX2 support is requested... yes
checking whether NEON support is requested... yes
checking whether ARMv8 Crypto Extension support is requested... yes
checking whether PPC crypto support is requested... yes
checking whether a -O flag munging is requested... yes
checking whether a instrumentation (-fprofile, -fsanitize) munging is requested... yes
checking whether to enable AMD64 as(1) feature detection... yes
checking for gpg-error-config... /usr/bin/gpg-error-config
checking for gpgrt-config... /usr/bin/gpgrt-config
