pigz: not found
>>> daq: Building main/daq 3.0.19-r0 (using abuild 3.14.1-r4) started Fri, 23 May 2025 17:17:35 +0000
>>> daq: Validating /home/packager/aports/main/daq/APKBUILD...
>>> daq: Analyzing dependencies...
>>> daq: Installing for build: build-base autoconf automake bison flex libdnet-dev libmnl-dev libnetfilter_queue-dev libnfnetlink-dev libpcap-dev libtool linux-headers
(1/13) Installing libdnet (1.17.0-r0)
(2/13) Installing libdnet-dev (1.17.0-r0)
(3/13) Installing libmnl (1.0.5-r2)
(4/13) Installing libmnl-dev (1.0.5-r2)
(5/13) Installing libnfnetlink (1.0.2-r3)
(6/13) Installing libnetfilter_queue (1.0.5-r2)
(7/13) Installing libnfnetlink-dev (1.0.2-r3)
(8/13) Installing libnetfilter_queue-dev (1.0.5-r2)
(9/13) Installing libpcap (1.10.5-r0)
(10/13) Installing libpcap-dev (1.10.5-r0)
(11/13) Installing libltdl (2.4.7-r3)
(12/13) Installing libtool (2.4.7-r3)
(13/13) Installing .makedepends-daq (20250523.171737)
Executing busybox-1.37.0-r12.trigger
OK: 568 MiB in 145 packages
>>> daq: Cleaning up srcdir
>>> daq: Cleaning up pkgdir
>>> daq: Cleaning up tmpdir
>>> daq: Fetching libdaq-3.0.19.tar.gz::https://github.com/snort3/libdaq/archive/refs/tags/v3.0.19.tar.gz
Connecting to github.com (140.82.121.4:443)
Connecting to codeload.github.com (140.82.121.9:443)
saving to '/var/cache/distfiles/libdaq-3.0.19.tar.gz.part'
libdaq-3.0.19.tar.gz 100% |********************************|  164k  0:00:00 ETA
'/var/cache/distfiles/libdaq-3.0.19.tar.gz.part' saved
>>> daq: Fetching libdaq-3.0.19.tar.gz::https://github.com/snort3/libdaq/archive/refs/tags/v3.0.19.tar.gz
>>> daq: Checking sha512sums...
libdaq-3.0.19.tar.gz: OK
>>> daq: Unpacking /var/cache/distfiles/libdaq-3.0.19.tar.gz...
+ autoreconf -ivf '--warnings=all'
autoreconf: export WARNINGS=all
autoreconf: Entering directory '.'
autoreconf: configure.ac: not using Gettext
autoreconf: running: aclocal --force -I m4
autoreconf: configure.ac: tracing
autoreconf: running: libtoolize --copy --force
libtoolize: putting auxiliary files in '.'.
libtoolize: copying file './ltmain.sh'
libtoolize: putting macros in AC_CONFIG_MACRO_DIRS, 'm4'.
libtoolize: copying file 'm4/libtool.m4'
libtoolize: copying file 'm4/ltoptions.m4'
libtoolize: copying file 'm4/ltsugar.m4'
libtoolize: copying file 'm4/ltversion.m4'
libtoolize: copying file 'm4/lt~obsolete.m4'
autoreconf: configure.ac: not using Intltool
autoreconf: configure.ac: not using Gtkdoc
autoreconf: running: aclocal --force -I m4
autoreconf: running: /usr/bin/autoconf --force
configure.ac:27: warning: The macro 'AC_PROG_CC_C99' is obsolete.
configure.ac:27: You should run autoupdate.
./lib/autoconf/c.m4:1662: AC_PROG_CC_C99 is expanded from...
configure.ac:27: the top level
autoreconf: running: /usr/bin/autoheader --force
autoreconf: running: automake --add-missing --copy --force-missing
configure.ac:29: installing './ar-lib'
configure.ac:26: installing './compile'
configure.ac:34: installing './config.guess'
configure.ac:34: installing './config.sub'
configure.ac:19: installing './install-sh'
configure.ac:19: installing './missing'
api/Makefile.am: installing './depcomp'
parallel-tests: installing './test-driver'
autoreconf: Leaving directory '.'
checking for a BSD-compatible install... /usr/bin/install -c
checking whether sleep supports fractional seconds... yes
checking filesystem timestamp resolution... 0.01
checking whether build environment is sane... yes
checking for a race-free mkdir -p... /bin/mkdir -p
checking for gawk... gawk
checking whether make sets $(MAKE)... yes
checking whether make supports nested variables... yes
checking xargs -n works... yes
checking for x86_64-alpine-linux-musl-gcc... gcc
checking whether the C compiler works... no
configure: error: in '/home/packager/aports/main/daq/src/libdaq-3.0.19':
configure: error: C compiler cannot create executables
See 'config.log' for more details
>>> ERROR: daq: build failed
>>> daq: Uninstalling dependencies...
(1/13) Purging .makedepends-daq (20250523.171737)
(2/13) Purging libdnet-dev (1.17.0-r0)
(3/13) Purging libdnet (1.17.0-r0)
(4/13) Purging libmnl-dev (1.0.5-r2)
(5/13) Purging libnetfilter_queue-dev (1.0.5-r2)
(6/13) Purging libnetfilter_queue (1.0.5-r2)
(7/13) Purging libnfnetlink-dev (1.0.2-r3)
(8/13) Purging libnfnetlink (1.0.2-r3)
(9/13) Purging libpcap-dev (1.10.5-r0)
(10/13) Purging libpcap (1.10.5-r0)
(11/13) Purging libtool (2.4.7-r3)
(12/13) Purging libltdl (2.4.7-r3)
(13/13) Purging libmnl (1.0.5-r2)
Executing busybox-1.37.0-r12.trigger
OK: 564 MiB in 132 packages
