>>> libburn: Validating /home/packager/oily-pine/main/libburn/APKBUILD...
>>> libburn: Cleaning up srcdir
>>> libburn: Cleaning up pkgdir
>>> libburn: Cleaning up tmpdir
>>> libburn: Fetching https://files.libburnia-project.org/releases/libburn-1.5.6.tar.gz
  % Total    % Received % Xferd  Average Speed   Time    Time     Time  Current
                                 Dload  Upload   Total   Spent    Left  Speed
  0     0    0     0    0     0      0      0 --:--:-- --:--:-- --:--:--     0100  972k  100  972k    0     0  2965k      0 --:--:-- --:--:-- --:--:-- 2972k
>>> libburn: Fetching https://files.libburnia-project.org/releases/libburn-1.5.6.tar.gz
>>> libburn: Checking sha512sums...
libburn-1.5.6.tar.gz: OK
>>> libburn: Preparing build chroot...
fetch http://dl-cdn.alpinelinux.org/alpine/edge/main/x86_64/APKINDEX.tar.gz
(1/69) Installing musl (1.2.5-r10)
(2/69) Installing libcrypto3 (3.5.0-r0)
(3/69) Installing ca-certificates-bundle (20241121-r2)
(4/69) Installing libssl3 (3.5.0-r0)
(5/69) Installing zlib (1.3.1-r2)
(6/69) Installing libapk2 (2.14.9-r2)
(7/69) Installing apk-tools (2.14.9-r2)
(8/69) Installing libcap2 (2.76-r0)
(9/69) Installing libcap-getcap (2.76-r0)
(10/69) Installing fakeroot (1.37.1.1-r0)
(11/69) Installing scanelf (1.3.8-r1)
(12/69) Installing musl-utils (1.2.5-r10)
(13/69) Installing libgcc (14.3.0-r0)
(14/69) Installing libstdc++ (14.3.0-r0)
(15/69) Installing lzip (1.25-r0)
(16/69) Installing openssl (3.5.0-r0)
(17/69) Installing patch (2.8-r0)
(18/69) Installing pkgconf (2.4.3-r0)
(19/69) Installing acl-libs (2.3.2-r1)
(20/69) Installing tar (1.35-r3)
(21/69) Installing busybox (1.37.0-r18)
Executing busybox-1.37.0-r18.post-install
(22/69) Installing ssl_client (1.37.0-r18)
(23/69) Installing busybox-binsh (1.37.0-r18)
(24/69) Installing abuild (3.15.0-r0)
Executing abuild-3.15.0-r0.pre-install
(25/69) Installing abuild-sudo (3.15.0-r0)
(26/69) Installing alpine-baselayout-data (3.7.0-r0)
(27/69) Installing alpine-baselayout (3.7.0-r0)
Executing alpine-baselayout-3.7.0-r0.pre-install
Executing alpine-baselayout-3.7.0-r0.post-install
(28/69) Installing bridge (1.5-r5)
(29/69) Installing ifupdown-ng (0.12.1-r7)
(30/69) Installing openrc-user (0.62.2-r2)
(31/69) Installing openrc (0.62.2-r2)
Executing openrc-0.62.2-r2.post-install
(32/69) Installing mdev-conf (4.8-r0)
(33/69) Installing busybox-mdev-openrc (1.37.0-r18)
(34/69) Installing alpine-conf (3.20.0-r0)
(35/69) Installing alpine-keys (2.5-r0)
(36/69) Installing alpine-release (3.22.0-r0)
(37/69) Installing busybox-openrc (1.37.0-r18)
(38/69) Installing busybox-suid (1.37.0-r18)
(39/69) Installing alpine-base (3.22.0-r0)
(40/69) Installing jansson (2.14.1-r0)
(41/69) Installing zstd-libs (1.5.7-r0)
(42/69) Installing binutils (2.44-r0)
(43/69) Installing libmagic (5.46-r2)
(44/69) Installing file (5.46-r2)
(45/69) Installing libgomp (14.3.0-r0)
(46/69) Installing libatomic (14.3.0-r0)
(47/69) Installing gmp (6.3.0-r3)
(48/69) Installing isl26 (0.26-r1)
(49/69) Installing mpfr4 (4.2.1_p1-r0)
(50/69) Installing mpc1 (1.3.1-r1)
(51/69) Installing gcc (14.3.0-r0)
(52/69) Installing libstdc++-dev (14.3.0-r0)
(53/69) Installing musl-dev (1.2.5-r10)
(54/69) Installing g++ (14.3.0-r0)
(55/69) Installing make (4.4.1-r3)
(56/69) Installing fortify-headers (1.1-r5)
(57/69) Installing build-base (0.5-r3)
(58/69) Installing brotli-libs (1.1.0-r2)
(59/69) Installing c-ares (1.34.5-r0)
(60/69) Installing libunistring (1.3-r0)
(61/69) Installing libidn2 (2.3.7-r0)
(62/69) Installing nghttp2-libs (1.65.0-r0)
(63/69) Installing libpsl (0.21.5-r3)
(64/69) Installing libcurl (8.14.0-r2)
(65/69) Installing libexpat (2.7.1-r0)
(66/69) Installing pcre2 (10.43-r1)
(67/69) Installing git (2.49.0-r0)
(68/69) Installing git-init-template (2.49.0-r0)
(69/69) Installing linux-headers (6.14.2-r0)
Executing busybox-1.37.0-r18.trigger
OK: 265 MiB in 69 packages
>>> libburn: Fetching https://files.libburnia-project.org/releases/libburn-1.5.6.tar.gz
>>> libburn: Checking sha512sums...
libburn-1.5.6.tar.gz: OK
>>> libburn: Unpacking /var/cache/distfiles/libburn-1.5.6.tar.gz...
>>> libburn: Updating ./config.sub
checking build system type... x86_64-alpine-linux-musl
checking host system type... x86_64-alpine-linux-musl
checking target system type... x86_64-alpine-linux-musl
checking for a BSD-compatible install... /usr/bin/install -c
checking whether build environment is sane... yes
checking for a thread-safe mkdir -p... ./install-sh -c -d
checking for gawk... no
checking for mawk... no
checking for nawk... no
checking for awk... awk
checking whether make sets $(MAKE)... yes
checking whether make supports nested variables... yes
checking for style of include used by make... GNU
checking for x86_64-alpine-linux-musl-gcc... cc
checking whether the C compiler works... yes
checking for C compiler default output file name... a.out
checking for suffix of executables... 
checking whether we are cross compiling... no
checking for suffix of object files... o
checking whether we are using the GNU C compiler... yes
checking whether cc accepts -g... yes
checking for cc option to accept ISO C89... none needed
checking whether cc understands -c and -o together... yes
checking dependency style of cc... gcc3
checking for an ANSI C-conforming const... yes
checking for inline... inline
checking for special C compiler options needed for large files... no
checking for _FILE_OFFSET_BITS value needed for large files... no
checking for _LARGEFILE_SOURCE value needed for large files... no
checking for fseeko... yes
checking how to print strings... printf
checking for a sed that does not truncate output... /bin/sed
checking for grep that handles long lines and -e... /bin/grep
checking for egrep... /bin/grep -E
checking for fgrep... /bin/grep -F
checking for ld used by cc... /usr/x86_64-alpine-linux-musl/bin/ld
checking if the linker (/usr/x86_64-alpine-linux-musl/bin/ld) is GNU ld... yes
checking for BSD- or MS-compatible name lister (nm)... /usr/bin/nm -B
checking the name lister (/usr/bin/nm -B) interface... BSD nm
checking whether ln -s works... yes
checking the maximum length of command line arguments... 98304
checking whether the shell understands some XSI constructs... yes
checking whether the shell understands "+="... no
checking how to convert x86_64-alpine-linux-musl file names to x86_64-alpine-linux-musl format... func_convert_file_noop
checking how to convert x86_64-alpine-linux-musl file names to toolchain format... func_convert_file_noop
checking for /usr/x86_64-alpine-linux-musl/bin/ld option to reload object files... -r
checking for x86_64-alpine-linux-musl-objdump... no
checking for objdump... objdump
checking how to recognize dependent libraries... pass_all
checking for x86_64-alpine-linux-musl-dlltool... no
checking for dlltool... no
checking how to associate runtime and link libraries... printf %s\n
checking for x86_64-alpine-linux-musl-ar... no
checking for ar... ar
checking for archiver @FILE support... @
checking for x86_64-alpine-linux-musl-strip... no
checking for strip... strip
checking for x86_64-alpine-linux-musl-ranlib... no
checking for ranlib... ranlib
checking command to parse /usr/bin/nm -B output from cc object... ok
checking for sysroot... no
checking for x86_64-alpine-linux-musl-mt... no
checking for mt... no
checking if : is a manifest tool... no
checking how to run the C preprocessor... cc -E
checking for ANSI C header files... yes
checking for sys/types.h... yes
checking for sys/stat.h... yes
checking for stdlib.h... yes
checking for string.h... yes
checking for memory.h... yes
checking for strings.h... yes
checking for inttypes.h... yes
checking for stdint.h... yes
checking for unistd.h... yes
checking for dlfcn.h... yes
checking for objdir... .libs
checking if cc supports -fno-rtti -fno-exceptions... no
checking for cc option to produce PIC... -fPIC -DPIC
checking if cc PIC flag -fPIC -DPIC works... yes
checking if cc static flag -static works... yes
checking if cc supports -c -o file.o... yes
checking if cc supports -c -o file.o... (cached) yes
checking whether the cc linker (/usr/x86_64-alpine-linux-musl/bin/ld -m elf_x86_64) supports shared libraries... yes
checking whether -lc should be explicitly linked in... no
checking dynamic linker characteristics... GNU/Linux ld.so
checking how to hardcode library paths into programs... immediate
checking whether stripping libraries is possible... yes
checking if libtool supports shared libraries... yes
checking whether to build shared libraries... yes
checking whether to build static libraries... no
checking dummy usability... no
checking dummy presence... no
checking for dummy... no
checking mt usability... no
checking mt presence... no
checking for mt... no
checking target operating system... linux
checking sys/statvfs.h usability... yes
checking sys/statvfs.h presence... yes
checking for sys/statvfs.h... yes
checking for statvfs... yes
disabled use of O_DIRECT with track input
disabled write size default 64 KB on DVD
disabled padding of DVD DAO sessions to 32 or 64 KB
checking for x86_64-alpine-linux-musl-pkg-config... no
checking for pkg-config... /usr/bin/pkg-config
checking pkg-config is at least version 0.9.0... yes
checking for missing scsi/scsi.h on Linux... no
enabled  strict symbol encapsulation
checking for overridden pkgconfig directory path... no
checking that generated files are newer than configure... done
configure: creating ./config.status
config.status: creating Makefile
config.status: creating doc/doxygen.conf
config.status: creating version.h
config.status: creating libburn-1.pc
config.status: executing depfiles commands
config.status: executing libtool commands
depbase=`echo libburn/async.lo | sed 's|[^/]*$|.deps/&|;s|\.lo$||'`;\
/bin/sh ./libtool  --tag=CC   --mode=compile cc -DPACKAGE_NAME=\"libburn\" -DPACKAGE_TARNAME=\"libburn\" -DPACKAGE_VERSION=\"1.5.6\" -DPACKAGE_STRING=\"libburn\ 1.5.6\" -DPACKAGE_BUGREPORT=\"http://libburnia-project.org\" -DPACKAGE_URL=\"\" -DPACKAGE=\"libburn\" -DVERSION=\"1.5.6\" -DHAVE_FSEEKO=1 -DSTDC_HEADERS=1 -DHAVE_SYS_TYPES_H=1 -DHAVE_SYS_STAT_H=1 -DHAVE_STDLIB_H=1 -DHAVE_STRING_H=1 -DHAVE_MEMORY_H=1 -DHAVE_STRINGS_H=1 -DHAVE_INTTYPES_H=1 -DHAVE_STDINT_H=1 -DHAVE_UNISTD_H=1 -DHAVE_DLFCN_H=1 -DLT_OBJDIR=\".libs/\" -I.     -DDEBUG -g -pedantic -Wall -Wextra -Wno-unused-parameter -Wno-char-subscripts    -DLibburn_os_has_statvfS -Os -fstack-clash-protection -Wformat -Werror=format-security -fno-plt -flto=auto -MT libburn/async.lo -MD -MP -MF $depbase.Tpo -c -o libburn/async.lo libburn/async.c &&\
mv -f $depbase.Tpo $depbase.Plo
depbase=`echo libburn/cdtext.lo | sed 's|[^/]*$|.deps/&|;s|\.lo$||'`;\
/bin/sh ./libtool  --tag=CC   --mode=compile cc -DPACKAGE_NAME=\"libburn\" -DPACKAGE_TARNAME=\"libburn\" -DPACKAGE_VERSION=\"1.5.6\" -DPACKAGE_STRING=\"libburn\ 1.5.6\" -DPACKAGE_BUGREPORT=\"http://libburnia-project.org\" -DPACKAGE_URL=\"\" -DPACKAGE=\"libburn\" -DVERSION=\"1.5.6\" -DHAVE_FSEEKO=1 -DSTDC_HEADERS=1 -DHAVE_SYS_TYPES_H=1 -DHAVE_SYS_STAT_H=1 -DHAVE_STDLIB_H=1 -DHAVE_STRING_H=1 -DHAVE_MEMORY_H=1 -DHAVE_STRINGS_H=1 -DHAVE_INTTYPES_H=1 -DHAVE_STDINT_H=1 -DHAVE_UNISTD_H=1 -DHAVE_DLFCN_H=1 -DLT_OBJDIR=\".libs/\" -I.     -DDEBUG -g -pedantic -Wall -Wextra -Wno-unused-parameter -Wno-char-subscripts    -DLibburn_os_has_statvfS -Os -fstack-clash-protection -Wformat -Werror=format-security -fno-plt -flto=auto -MT libburn/cdtext.lo -MD -MP -MF $depbase.Tpo -c -o libburn/cdtext.lo libburn/cdtext.c &&\
mv -f $depbase.Tpo $depbase.Plo
depbase=`echo libburn/cleanup.lo | sed 's|[^/]*$|.deps/&|;s|\.lo$||'`;\
/bin/sh ./libtool  --tag=CC   --mode=compile cc -DPACKAGE_NAME=\"libburn\" -DPACKAGE_TARNAME=\"libburn\" -DPACKAGE_VERSION=\"1.5.6\" -DPACKAGE_STRING=\"libburn\ 1.5.6\" -DPACKAGE_BUGREPORT=\"http://libburnia-project.org\" -DPACKAGE_URL=\"\" -DPACKAGE=\"libburn\" -DVERSION=\"1.5.6\" -DHAVE_FSEEKO=1 -DSTDC_HEADERS=1 -DHAVE_SYS_TYPES_H=1 -DHAVE_SYS_STAT_H=1 -DHAVE_STDLIB_H=1 -DHAVE_STRING_H=1 -DHAVE_MEMORY_H=1 -DHAVE_STRINGS_H=1 -DHAVE_INTTYPES_H=1 -DHAVE_STDINT_H=1 -DHAVE_UNISTD_H=1 -DHAVE_DLFCN_H=1 -DLT_OBJDIR=\".libs/\" -I.     -DDEBUG -g -pedantic -Wall -Wextra -Wno-unused-parameter -Wno-char-subscripts    -DLibburn_os_has_statvfS -Os -fstack-clash-protection -Wformat -Werror=format-security -fno-plt -flto=auto -MT libburn/cleanup.lo -MD -MP -MF $depbase.Tpo -c -o libburn/cleanup.lo libburn/cleanup.c &&\
mv -f $depbase.Tpo $depbase.Plo
depbase=`echo libburn/crc.lo | sed 's|[^/]*$|.deps/&|;s|\.lo$||'`;\
/bin/sh ./libtool  --tag=CC   --mode=compile cc -DPACKAGE_NAME=\"libburn\" -DPACKAGE_TARNAME=\"libburn\" -DPACKAGE_VERSION=\"1.5.6\" -DPACKAGE_STRING=\"libburn\ 1.5.6\" -DPACKAGE_BUGREPORT=\"http://libburnia-project.org\" -DPACKAGE_URL=\"\" -DPACKAGE=\"libburn\" -DVERSION=\"1.5.6\" -DHAVE_FSEEKO=1 -DSTDC_HEADERS=1 -DHAVE_SYS_TYPES_H=1 -DHAVE_SYS_STAT_H=1 -DHAVE_STDLIB_H=1 -DHAVE_STRING_H=1 -DHAVE_MEMORY_H=1 -DHAVE_STRINGS_H=1 -DHAVE_INTTYPES_H=1 -DHAVE_STDINT_H=1 -DHAVE_UNISTD_H=1 -DHAVE_DLFCN_H=1 -DLT_OBJDIR=\".libs/\" -I.     -DDEBUG -g -pedantic -Wall -Wextra -Wno-unused-parameter -Wno-char-subscripts    -DLibburn_os_has_statvfS -Os -fstack-clash-protection -Wformat -Werror=format-security -fno-plt -flto=auto -MT libburn/crc.lo -MD -MP -MF $depbase.Tpo -c -o libburn/crc.lo libburn/crc.c &&\
mv -f $depbase.Tpo $depbase.Plo
depbase=`echo libburn/debug.lo | sed 's|[^/]*$|.deps/&|;s|\.lo$||'`;\
/bin/sh ./libtool  --tag=CC   --mode=compile cc -DPACKAGE_NAME=\"libburn\" -DPACKAGE_TARNAME=\"libburn\" -DPACKAGE_VERSION=\"1.5.6\" -DPACKAGE_STRING=\"libburn\ 1.5.6\" -DPACKAGE_BUGREPORT=\"http://libburnia-project.org\" -DPACKAGE_URL=\"\" -DPACKAGE=\"libburn\" -DVERSION=\"1.5.6\" -DHAVE_FSEEKO=1 -DSTDC_HEADERS=1 -DHAVE_SYS_TYPES_H=1 -DHAVE_SYS_STAT_H=1 -DHAVE_STDLIB_H=1 -DHAVE_STRING_H=1 -DHAVE_MEMORY_H=1 -DHAVE_STRINGS_H=1 -DHAVE_INTTYPES_H=1 -DHAVE_STDINT_H=1 -DHAVE_UNISTD_H=1 -DHAVE_DLFCN_H=1 -DLT_OBJDIR=\".libs/\" -I.     -DDEBUG -g -pedantic -Wall -Wextra -Wno-unused-parameter -Wno-char-subscripts    -DLibburn_os_has_statvfS -Os -fstack-clash-protection -Wformat -Werror=format-security -fno-plt -flto=auto -MT libburn/debug.lo -MD -MP -MF $depbase.Tpo -c -o libburn/debug.lo libburn/debug.c &&\
mv -f $depbase.Tpo $depbase.Plo
depbase=`echo libburn/drive.lo | sed 's|[^/]*$|.deps/&|;s|\.lo$||'`;\
/bin/sh ./libtool  --tag=CC   --mode=compile cc -DPACKAGE_NAME=\"libburn\" -DPACKAGE_TARNAME=\"libburn\" -DPACKAGE_VERSION=\"1.5.6\" -DPACKAGE_STRING=\"libburn\ 1.5.6\" -DPACKAGE_BUGREPORT=\"http://libburnia-project.org\" -DPACKAGE_URL=\"\" -DPACKAGE=\"libburn\" -DVERSION=\"1.5.6\" -DHAVE_FSEEKO=1 -DSTDC_HEADERS=1 -DHAVE_SYS_TYPES_H=1 -DHAVE_SYS_STAT_H=1 -DHAVE_STDLIB_H=1 -DHAVE_STRING_H=1 -DHAVE_MEMORY_H=1 -DHAVE_STRINGS_H=1 -DHAVE_INTTYPES_H=1 -DHAVE_STDINT_H=1 -DHAVE_UNISTD_H=1 -DHAVE_DLFCN_H=1 -DLT_OBJDIR=\".libs/\" -I.     -DDEBUG -g -pedantic -Wall -Wextra -Wno-unused-parameter -Wno-char-subscripts    -DLibburn_os_has_statvfS -Os -fstack-clash-protection -Wformat -Werror=format-security -fno-plt -flto=auto -MT libburn/drive.lo -MD -MP -MF $depbase.Tpo -c -o libburn/drive.lo libburn/drive.c &&\
mv -f $depbase.Tpo $depbase.Plo
depbase=`echo libburn/ecma130ab.lo | sed 's|[^/]*$|.deps/&|;s|\.lo$||'`;\
/bin/sh ./libtool  --tag=CC   --mode=compile cc -DPACKAGE_NAME=\"libburn\" -DPACKAGE_TARNAME=\"libburn\" -DPACKAGE_VERSION=\"1.5.6\" -DPACKAGE_STRING=\"libburn\ 1.5.6\" -DPACKAGE_BUGREPORT=\"http://libburnia-project.org\" -DPACKAGE_URL=\"\" -DPACKAGE=\"libburn\" -DVERSION=\"1.5.6\" -DHAVE_FSEEKO=1 -DSTDC_HEADERS=1 -DHAVE_SYS_TYPES_H=1 -DHAVE_SYS_STAT_H=1 -DHAVE_STDLIB_H=1 -DHAVE_STRING_H=1 -DHAVE_MEMORY_H=1 -DHAVE_STRINGS_H=1 -DHAVE_INTTYPES_H=1 -DHAVE_STDINT_H=1 -DHAVE_UNISTD_H=1 -DHAVE_DLFCN_H=1 -DLT_OBJDIR=\".libs/\" -I.     -DDEBUG -g -pedantic -Wall -Wextra -Wno-unused-parameter -Wno-char-subscripts    -DLibburn_os_has_statvfS -Os -fstack-clash-protection -Wformat -Werror=format-security -fno-plt -flto=auto -MT libburn/ecma130ab.lo -MD -MP -MF $depbase.Tpo -c -o libburn/ecma130ab.lo libburn/ecma130ab.c &&\
mv -f $depbase.Tpo $depbase.Plo
depbase=`echo libburn/file.lo | sed 's|[^/]*$|.deps/&|;s|\.lo$||'`;\
/bin/sh ./libtool  --tag=CC   --mode=compile cc -DPACKAGE_NAME=\"libburn\" -DPACKAGE_TARNAME=\"libburn\" -DPACKAGE_VERSION=\"1.5.6\" -DPACKAGE_STRING=\"libburn\ 1.5.6\" -DPACKAGE_BUGREPORT=\"http://libburnia-project.org\" -DPACKAGE_URL=\"\" -DPACKAGE=\"libburn\" -DVERSION=\"1.5.6\" -DHAVE_FSEEKO=1 -DSTDC_HEADERS=1 -DHAVE_SYS_TYPES_H=1 -DHAVE_SYS_STAT_H=1 -DHAVE_STDLIB_H=1 -DHAVE_STRING_H=1 -DHAVE_MEMORY_H=1 -DHAVE_STRINGS_H=1 -DHAVE_INTTYPES_H=1 -DHAVE_STDINT_H=1 -DHAVE_UNISTD_H=1 -DHAVE_DLFCN_H=1 -DLT_OBJDIR=\".libs/\" -I.     -DDEBUG -g -pedantic -Wall -Wextra -Wno-unused-parameter -Wno-char-subscripts    -DLibburn_os_has_statvfS -Os -fstack-clash-protection -Wformat -Werror=format-security -fno-plt -flto=auto -MT libburn/file.lo -MD -MP -MF $depbase.Tpo -c -o libburn/file.lo libburn/file.c &&\
mv -f $depbase.Tpo $depbase.Plo
depbase=`echo libburn/init.lo | sed 's|[^/]*$|.deps/&|;s|\.lo$||'`;\
/bin/sh ./libtool  --tag=CC   --mode=compile cc -DPACKAGE_NAME=\"libburn\" -DPACKAGE_TARNAME=\"libburn\" -DPACKAGE_VERSION=\"1.5.6\" -DPACKAGE_STRING=\"libburn\ 1.5.6\" -DPACKAGE_BUGREPORT=\"http://libburnia-project.org\" -DPACKAGE_URL=\"\" -DPACKAGE=\"libburn\" -DVERSION=\"1.5.6\" -DHAVE_FSEEKO=1 -DSTDC_HEADERS=1 -DHAVE_SYS_TYPES_H=1 -DHAVE_SYS_STAT_H=1 -DHAVE_STDLIB_H=1 -DHAVE_STRING_H=1 -DHAVE_MEMORY_H=1 -DHAVE_STRINGS_H=1 -DHAVE_INTTYPES_H=1 -DHAVE_STDINT_H=1 -DHAVE_UNISTD_H=1 -DHAVE_DLFCN_H=1 -DLT_OBJDIR=\".libs/\" -I.     -DDEBUG -g -pedantic -Wall -Wextra -Wno-unused-parameter -Wno-char-subscripts    -DLibburn_os_has_statvfS -Os -fstack-clash-protection -Wformat -Werror=format-security -fno-plt -flto=auto -MT libburn/init.lo -MD -MP -MF $depbase.Tpo -c -o libburn/init.lo libburn/init.c &&\
mv -f $depbase.Tpo $depbase.Plo
depbase=`echo libburn/libdax_audioxtr.lo | sed 's|[^/]*$|.deps/&|;s|\.lo$||'`;\
/bin/sh ./libtool  --tag=CC   --mode=compile cc -DPACKAGE_NAME=\"libburn\" -DPACKAGE_TARNAME=\"libburn\" -DPACKAGE_VERSION=\"1.5.6\" -DPACKAGE_STRING=\"libburn\ 1.5.6\" -DPACKAGE_BUGREPORT=\"http://libburnia-project.org\" -DPACKAGE_URL=\"\" -DPACKAGE=\"libburn\" -DVERSION=\"1.5.6\" -DHAVE_FSEEKO=1 -DSTDC_HEADERS=1 -DHAVE_SYS_TYPES_H=1 -DHAVE_SYS_STAT_H=1 -DHAVE_STDLIB_H=1 -DHAVE_STRING_H=1 -DHAVE_MEMORY_H=1 -DHAVE_STRINGS_H=1 -DHAVE_INTTYPES_H=1 -DHAVE_STDINT_H=1 -DHAVE_UNISTD_H=1 -DHAVE_DLFCN_H=1 -DLT_OBJDIR=\".libs/\" -I.     -DDEBUG -g -pedantic -Wall -Wextra -Wno-unused-parameter -Wno-char-subscripts    -DLibburn_os_has_statvfS -Os -fstack-clash-protection -Wformat -Werror=format-security -fno-plt -flto=auto -MT libburn/libdax_audioxtr.lo -MD -MP -MF $depbase.Tpo -c -o libburn/libdax_audioxtr.lo libburn/libdax_audioxtr.c &&\
mv -f $depbase.Tpo $depbase.Plo
depbase=`echo libburn/libdax_msgs.lo | sed 's|[^/]*$|.deps/&|;s|\.lo$||'`;\
/bin/sh ./libtool  --tag=CC   --mode=compile cc -DPACKAGE_NAME=\"libburn\" -DPACKAGE_TARNAME=\"libburn\" -DPACKAGE_VERSION=\"1.5.6\" -DPACKAGE_STRING=\"libburn\ 1.5.6\" -DPACKAGE_BUGREPORT=\"http://libburnia-project.org\" -DPACKAGE_URL=\"\" -DPACKAGE=\"libburn\" -DVERSION=\"1.5.6\" -DHAVE_FSEEKO=1 -DSTDC_HEADERS=1 -DHAVE_SYS_TYPES_H=1 -DHAVE_SYS_STAT_H=1 -DHAVE_STDLIB_H=1 -DHAVE_STRING_H=1 -DHAVE_MEMORY_H=1 -DHAVE_STRINGS_H=1 -DHAVE_INTTYPES_H=1 -DHAVE_STDINT_H=1 -DHAVE_UNISTD_H=1 -DHAVE_DLFCN_H=1 -DLT_OBJDIR=\".libs/\" -I.     -DDEBUG -g -pedantic -Wall -Wextra -Wno-unused-parameter -Wno-char-subscripts    -DLibburn_os_has_statvfS -Os -fstack-clash-protection -Wformat -Werror=format-security -fno-plt -flto=auto -MT libburn/libdax_msgs.lo -MD -MP -MF $depbase.Tpo -c -o libburn/libdax_msgs.lo libburn/libdax_msgs.c &&\
mv -f $depbase.Tpo $depbase.Plo
depbase=`echo libburn/mmc.lo | sed 's|[^/]*$|.deps/&|;s|\.lo$||'`;\
/bin/sh ./libtool  --tag=CC   --mode=compile cc -DPACKAGE_NAME=\"libburn\" -DPACKAGE_TARNAME=\"libburn\" -DPACKAGE_VERSION=\"1.5.6\" -DPACKAGE_STRING=\"libburn\ 1.5.6\" -DPACKAGE_BUGREPORT=\"http://libburnia-project.org\" -DPACKAGE_URL=\"\" -DPACKAGE=\"libburn\" -DVERSION=\"1.5.6\" -DHAVE_FSEEKO=1 -DSTDC_HEADERS=1 -DHAVE_SYS_TYPES_H=1 -DHAVE_SYS_STAT_H=1 -DHAVE_STDLIB_H=1 -DHAVE_STRING_H=1 -DHAVE_MEMORY_H=1 -DHAVE_STRINGS_H=1 -DHAVE_INTTYPES_H=1 -DHAVE_STDINT_H=1 -DHAVE_UNISTD_H=1 -DHAVE_DLFCN_H=1 -DLT_OBJDIR=\".libs/\" -I.     -DDEBUG -g -pedantic -Wall -Wextra -Wno-unused-parameter -Wno-char-subscripts    -DLibburn_os_has_statvfS -Os -fstack-clash-protection -Wformat -Werror=format-security -fno-plt -flto=auto -MT libburn/mmc.lo -MD -MP -MF $depbase.Tpo -c -o libburn/mmc.lo libburn/mmc.c &&\
mv -f $depbase.Tpo $depbase.Plo
depbase=`echo libburn/null.lo | sed 's|[^/]*$|.deps/&|;s|\.lo$||'`;\
/bin/sh ./libtool  --tag=CC   --mode=compile cc -DPACKAGE_NAME=\"libburn\" -DPACKAGE_TARNAME=\"libburn\" -DPACKAGE_VERSION=\"1.5.6\" -DPACKAGE_STRING=\"libburn\ 1.5.6\" -DPACKAGE_BUGREPORT=\"http://libburnia-project.org\" -DPACKAGE_URL=\"\" -DPACKAGE=\"libburn\" -DVERSION=\"1.5.6\" -DHAVE_FSEEKO=1 -DSTDC_HEADERS=1 -DHAVE_SYS_TYPES_H=1 -DHAVE_SYS_STAT_H=1 -DHAVE_STDLIB_H=1 -DHAVE_STRING_H=1 -DHAVE_MEMORY_H=1 -DHAVE_STRINGS_H=1 -DHAVE_INTTYPES_H=1 -DHAVE_STDINT_H=1 -DHAVE_UNISTD_H=1 -DHAVE_DLFCN_H=1 -DLT_OBJDIR=\".libs/\" -I.     -DDEBUG -g -pedantic -Wall -Wextra -Wno-unused-parameter -Wno-char-subscripts    -DLibburn_os_has_statvfS -Os -fstack-clash-protection -Wformat -Werror=format-security -fno-plt -flto=auto -MT libburn/null.lo -MD -MP -MF $depbase.Tpo -c -o libburn/null.lo libburn/null.c &&\
mv -f $depbase.Tpo $depbase.Plo
depbase=`echo libburn/options.lo | sed 's|[^/]*$|.deps/&|;s|\.lo$||'`;\
/bin/sh ./libtool  --tag=CC   --mode=compile cc -DPACKAGE_NAME=\"libburn\" -DPACKAGE_TARNAME=\"libburn\" -DPACKAGE_VERSION=\"1.5.6\" -DPACKAGE_STRING=\"libburn\ 1.5.6\" -DPACKAGE_BUGREPORT=\"http://libburnia-project.org\" -DPACKAGE_URL=\"\" -DPACKAGE=\"libburn\" -DVERSION=\"1.5.6\" -DHAVE_FSEEKO=1 -DSTDC_HEADERS=1 -DHAVE_SYS_TYPES_H=1 -DHAVE_SYS_STAT_H=1 -DHAVE_STDLIB_H=1 -DHAVE_STRING_H=1 -DHAVE_MEMORY_H=1 -DHAVE_STRINGS_H=1 -DHAVE_INTTYPES_H=1 -DHAVE_STDINT_H=1 -DHAVE_UNISTD_H=1 -DHAVE_DLFCN_H=1 -DLT_OBJDIR=\".libs/\" -I.     -DDEBUG -g -pedantic -Wall -Wextra -Wno-unused-parameter -Wno-char-subscripts    -DLibburn_os_has_statvfS -Os -fstack-clash-protection -Wformat -Werror=format-security -fno-plt -flto=auto -MT libburn/options.lo -MD -MP -MF $depbase.Tpo -c -o libburn/options.lo libburn/options.c &&\
mv -f $depbase.Tpo $depbase.Plo
depbase=`echo libburn/read.lo | sed 's|[^/]*$|.deps/&|;s|\.lo$||'`;\
/bin/sh ./libtool  --tag=CC   --mode=compile cc -DPACKAGE_NAME=\"libburn\" -DPACKAGE_TARNAME=\"libburn\" -DPACKAGE_VERSION=\"1.5.6\" -DPACKAGE_STRING=\"libburn\ 1.5.6\" -DPACKAGE_BUGREPORT=\"http://libburnia-project.org\" -DPACKAGE_URL=\"\" -DPACKAGE=\"libburn\" -DVERSION=\"1.5.6\" -DHAVE_FSEEKO=1 -DSTDC_HEADERS=1 -DHAVE_SYS_TYPES_H=1 -DHAVE_SYS_STAT_H=1 -DHAVE_STDLIB_H=1 -DHAVE_STRING_H=1 -DHAVE_MEMORY_H=1 -DHAVE_STRINGS_H=1 -DHAVE_INTTYPES_H=1 -DHAVE_STDINT_H=1 -DHAVE_UNISTD_H=1 -DHAVE_DLFCN_H=1 -DLT_OBJDIR=\".libs/\" -I.     -DDEBUG -g -pedantic -Wall -Wextra -Wno-unused-parameter -Wno-char-subscripts    -DLibburn_os_has_statvfS -Os -fstack-clash-protection -Wformat -Werror=format-security -fno-plt -flto=auto -MT libburn/read.lo -MD -MP -MF $depbase.Tpo -c -o libburn/read.lo libburn/read.c &&\
mv -f $depbase.Tpo $depbase.Plo
depbase=`echo libburn/sbc.lo | sed 's|[^/]*$|.deps/&|;s|\.lo$||'`;\
/bin/sh ./libtool  --tag=CC   --mode=compile cc -DPACKAGE_NAME=\"libburn\" -DPACKAGE_TARNAME=\"libburn\" -DPACKAGE_VERSION=\"1.5.6\" -DPACKAGE_STRING=\"libburn\ 1.5.6\" -DPACKAGE_BUGREPORT=\"http://libburnia-project.org\" -DPACKAGE_URL=\"\" -DPACKAGE=\"libburn\" -DVERSION=\"1.5.6\" -DHAVE_FSEEKO=1 -DSTDC_HEADERS=1 -DHAVE_SYS_TYPES_H=1 -DHAVE_SYS_STAT_H=1 -DHAVE_STDLIB_H=1 -DHAVE_STRING_H=1 -DHAVE_MEMORY_H=1 -DHAVE_STRINGS_H=1 -DHAVE_INTTYPES_H=1 -DHAVE_STDINT_H=1 -DHAVE_UNISTD_H=1 -DHAVE_DLFCN_H=1 -DLT_OBJDIR=\".libs/\" -I.     -DDEBUG -g -pedantic -Wall -Wextra -Wno-unused-parameter -Wno-char-subscripts    -DLibburn_os_has_statvfS -Os -fstack-clash-protection -Wformat -Werror=format-security -fno-plt -flto=auto -MT libburn/sbc.lo -MD -MP -MF $depbase.Tpo -c -o libburn/sbc.lo libburn/sbc.c &&\
mv -f $depbase.Tpo $depbase.Plo
libtool: compile:  cc "-DPACKAGE_NAME=\"libburn\"" "-DPACKAGE_TARNAME=\"libburn\"" "-DPACKAGE_VERSION=\"1.5.6\"" "-DPACKAGE_STRING=\"libburn 1.5.6\"" "-DPACKAGE_BUGREPORT=\"http://libburnia-project.org\"" "-DPACKAGE_URL=\"\"" "-DPACKAGE=\"libburn\"" "-DVERSION=\"1.5.6\"" -DHAVE_FSEEKO=1 -DSTDC_HEADERS=1 -DHAVE_SYS_TYPES_H=1 -DHAVE_SYS_STAT_H=1 -DHAVE_STDLIB_H=1 -DHAVE_STRING_H=1 -DHAVE_MEMORY_H=1 -DHAVE_STRINGS_H=1 -DHAVE_INTTYPES_H=1 -DHAVE_STDINT_H=1 -DHAVE_UNISTD_H=1 -DHAVE_DLFCN_H=1 "-DLT_OBJDIR=\".libs/\"" -I. -DDEBUG -g -pedantic -Wall -Wextra -Wno-unused-parameter -Wno-char-subscripts -DLibburn_os_has_statvfS -Os -fstack-clash-protection -Wformat -Werror=format-security -fno-plt -flto=auto -MT libburn/debug.lo -MD -MP -MF libburn/.deps/debug.Tpo -c libburn/debug.c  -fPIC -DPIC -o libburn/.libs/debug.o
libtool: compile:  cc "-DPACKAGE_NAME=\"libburn\"" "-DPACKAGE_TARNAME=\"libburn\"" "-DPACKAGE_VERSION=\"1.5.6\"" "-DPACKAGE_STRING=\"libburn 1.5.6\"" "-DPACKAGE_BUGREPORT=\"http://libburnia-project.org\"" "-DPACKAGE_URL=\"\"" "-DPACKAGE=\"libburn\"" "-DVERSION=\"1.5.6\"" -DHAVE_FSEEKO=1 -DSTDC_HEADERS=1 -DHAVE_SYS_TYPES_H=1 -DHAVE_SYS_STAT_H=1 -DHAVE_STDLIB_H=1 -DHAVE_STRING_H=1 -DHAVE_MEMORY_H=1 -DHAVE_STRINGS_H=1 -DHAVE_INTTYPES_H=1 -DHAVE_STDINT_H=1 -DHAVE_UNISTD_H=1 -DHAVE_DLFCN_H=1 "-DLT_OBJDIR=\".libs/\"" -I. -DDEBUG -g -pedantic -Wall -Wextra -Wno-unused-parameter -Wno-char-subscripts -DLibburn_os_has_statvfS -Os -fstack-clash-protection -Wformat -Werror=format-security -fno-plt -flto=auto -MT libburn/file.lo -MD -MP -MF libburn/.deps/file.Tpo -c libburn/file.c  -fPIC -DPIC -o libburn/.libs/file.o
libtool: compile:  cc "-DPACKAGE_NAME=\"libburn\"" "-DPACKAGE_TARNAME=\"libburn\"" "-DPACKAGE_VERSION=\"1.5.6\"" "-DPACKAGE_STRING=\"libburn 1.5.6\"" "-DPACKAGE_BUGREPORT=\"http://libburnia-project.org\"" "-DPACKAGE_URL=\"\"" "-DPACKAGE=\"libburn\"" "-DVERSION=\"1.5.6\"" -DHAVE_FSEEKO=1 -DSTDC_HEADERS=1 -DHAVE_SYS_TYPES_H=1 -DHAVE_SYS_STAT_H=1 -DHAVE_STDLIB_H=1 -DHAVE_STRING_H=1 -DHAVE_MEMORY_H=1 -DHAVE_STRINGS_H=1 -DHAVE_INTTYPES_H=1 -DHAVE_STDINT_H=1 -DHAVE_UNISTD_H=1 -DHAVE_DLFCN_H=1 "-DLT_OBJDIR=\".libs/\"" -I. -DDEBUG -g -pedantic -Wall -Wextra -Wno-unused-parameter -Wno-char-subscripts -DLibburn_os_has_statvfS -Os -fstack-clash-protection -Wformat -Werror=format-security -fno-plt -flto=auto -MT libburn/drive.lo -MD -MP -MF libburn/.deps/drive.Tpo -c libburn/drive.c  -fPIC -DPIC -o libburn/.libs/drive.o
libtool: compile:  cc "-DPACKAGE_NAME=\"libburn\"" "-DPACKAGE_TARNAME=\"libburn\"" "-DPACKAGE_VERSION=\"1.5.6\"" "-DPACKAGE_STRING=\"libburn 1.5.6\"" "-DPACKAGE_BUGREPORT=\"http://libburnia-project.org\"" "-DPACKAGE_URL=\"\"" "-DPACKAGE=\"libburn\"" "-DVERSION=\"1.5.6\"" -DHAVE_FSEEKO=1 -DSTDC_HEADERS=1 -DHAVE_SYS_TYPES_H=1 -DHAVE_SYS_STAT_H=1 -DHAVE_STDLIB_H=1 -DHAVE_STRING_H=1 -DHAVE_MEMORY_H=1 -DHAVE_STRINGS_H=1 -DHAVE_INTTYPES_H=1 -DHAVE_STDINT_H=1 -DHAVE_UNISTD_H=1 -DHAVE_DLFCN_H=1 "-DLT_OBJDIR=\".libs/\"" -I. -DDEBUG -g -pedantic -Wall -Wextra -Wno-unused-parameter -Wno-char-subscripts -DLibburn_os_has_statvfS -Os -fstack-clash-protection -Wformat -Werror=format-security -fno-plt -flto=auto -MT libburn/cdtext.lo -MD -MP -MF libburn/.deps/cdtext.Tpo -c libburn/cdtext.c  -fPIC -DPIC -o libburn/.libs/cdtext.o
libtool: compile:  cc "-DPACKAGE_NAME=\"libburn\"" "-DPACKAGE_TARNAME=\"libburn\"" "-DPACKAGE_VERSION=\"1.5.6\"" "-DPACKAGE_STRING=\"libburn 1.5.6\"" "-DPACKAGE_BUGREPORT=\"http://libburnia-project.org\"" "-DPACKAGE_URL=\"\"" "-DPACKAGE=\"libburn\"" "-DVERSION=\"1.5.6\"" -DHAVE_FSEEKO=1 -DSTDC_HEADERS=1 -DHAVE_SYS_TYPES_H=1 -DHAVE_SYS_STAT_H=1 -DHAVE_STDLIB_H=1 -DHAVE_STRING_H=1 -DHAVE_MEMORY_H=1 -DHAVE_STRINGS_H=1 -DHAVE_INTTYPES_H=1 -DHAVE_STDINT_H=1 -DHAVE_UNISTD_H=1 -DHAVE_DLFCN_H=1 "-DLT_OBJDIR=\".libs/\"" -I. -DDEBUG -g -pedantic -Wall -Wextra -Wno-unused-parameter -Wno-char-subscripts -DLibburn_os_has_statvfS -Os -fstack-clash-protection -Wformat -Werror=format-security -fno-plt -flto=auto -MT libburn/ecma130ab.lo -MD -MP -MF libburn/.deps/ecma130ab.Tpo -c libburn/ecma130ab.c  -fPIC -DPIC -o libburn/.libs/ecma130ab.o
libtool: compile:  cc "-DPACKAGE_NAME=\"libburn\"" "-DPACKAGE_TARNAME=\"libburn\"" "-DPACKAGE_VERSION=\"1.5.6\"" "-DPACKAGE_STRING=\"libburn 1.5.6\"" "-DPACKAGE_BUGREPORT=\"http://libburnia-project.org\"" "-DPACKAGE_URL=\"\"" "-DPACKAGE=\"libburn\"" "-DVERSION=\"1.5.6\"" -DHAVE_FSEEKO=1 -DSTDC_HEADERS=1 -DHAVE_SYS_TYPES_H=1 -DHAVE_SYS_STAT_H=1 -DHAVE_STDLIB_H=1 -DHAVE_STRING_H=1 -DHAVE_MEMORY_H=1 -DHAVE_STRINGS_H=1 -DHAVE_INTTYPES_H=1 -DHAVE_STDINT_H=1 -DHAVE_UNISTD_H=1 -DHAVE_DLFCN_H=1 "-DLT_OBJDIR=\".libs/\"" -I. -DDEBUG -g -pedantic -Wall -Wextra -Wno-unused-parameter -Wno-char-subscripts -DLibburn_os_has_statvfS -Os -fstack-clash-protection -Wformat -Werror=format-security -fno-plt -flto=auto -MT libburn/null.lo -MD -MP -MF libburn/.deps/null.Tpo -c libburn/null.c  -fPIC -DPIC -o libburn/.libs/null.o
libtool: compile:  cc "-DPACKAGE_NAME=\"libburn\"" "-DPACKAGE_TARNAME=\"libburn\"" "-DPACKAGE_VERSION=\"1.5.6\"" "-DPACKAGE_STRING=\"libburn 1.5.6\"" "-DPACKAGE_BUGREPORT=\"http://libburnia-project.org\"" "-DPACKAGE_URL=\"\"" "-DPACKAGE=\"libburn\"" "-DVERSION=\"1.5.6\"" -DHAVE_FSEEKO=1 -DSTDC_HEADERS=1 -DHAVE_SYS_TYPES_H=1 -DHAVE_SYS_STAT_H=1 -DHAVE_STDLIB_H=1 -DHAVE_STRING_H=1 -DHAVE_MEMORY_H=1 -DHAVE_STRINGS_H=1 -DHAVE_INTTYPES_H=1 -DHAVE_STDINT_H=1 -DHAVE_UNISTD_H=1 -DHAVE_DLFCN_H=1 "-DLT_OBJDIR=\".libs/\"" -I. -DDEBUG -g -pedantic -Wall -Wextra -Wno-unused-parameter -Wno-char-subscripts -DLibburn_os_has_statvfS -Os -fstack-clash-protection -Wformat -Werror=format-security -fno-plt -flto=auto -MT libburn/cleanup.lo -MD -MP -MF libburn/.deps/cleanup.Tpo -c libburn/cleanup.c  -fPIC -DPIC -o libburn/.libs/cleanup.o
libtool: compile:  cc "-DPACKAGE_NAME=\"libburn\"" "-DPACKAGE_TARNAME=\"libburn\"" "-DPACKAGE_VERSION=\"1.5.6\"" "-DPACKAGE_STRING=\"libburn 1.5.6\"" "-DPACKAGE_BUGREPORT=\"http://libburnia-project.org\"" "-DPACKAGE_URL=\"\"" "-DPACKAGE=\"libburn\"" "-DVERSION=\"1.5.6\"" -DHAVE_FSEEKO=1 -DSTDC_HEADERS=1 -DHAVE_SYS_TYPES_H=1 -DHAVE_SYS_STAT_H=1 -DHAVE_STDLIB_H=1 -DHAVE_STRING_H=1 -DHAVE_MEMORY_H=1 -DHAVE_STRINGS_H=1 -DHAVE_INTTYPES_H=1 -DHAVE_STDINT_H=1 -DHAVE_UNISTD_H=1 -DHAVE_DLFCN_H=1 "-DLT_OBJDIR=\".libs/\"" -I. -DDEBUG -g -pedantic -Wall -Wextra -Wno-unused-parameter -Wno-char-subscripts -DLibburn_os_has_statvfS -Os -fstack-clash-protection -Wformat -Werror=format-security -fno-plt -flto=auto -MT libburn/async.lo -MD -MP -MF libburn/.deps/async.Tpo -c libburn/async.c  -fPIC -DPIC -o libburn/.libs/async.o
libtool: compile:  cc "-DPACKAGE_NAME=\"libburn\"" "-DPACKAGE_TARNAME=\"libburn\"" "-DPACKAGE_VERSION=\"1.5.6\"" "-DPACKAGE_STRING=\"libburn 1.5.6\"" "-DPACKAGE_BUGREPORT=\"http://libburnia-project.org\"" "-DPACKAGE_URL=\"\"" "-DPACKAGE=\"libburn\"" "-DVERSION=\"1.5.6\"" -DHAVE_FSEEKO=1 -DSTDC_HEADERS=1 -DHAVE_SYS_TYPES_H=1 -DHAVE_SYS_STAT_H=1 -DHAVE_STDLIB_H=1 -DHAVE_STRING_H=1 -DHAVE_MEMORY_H=1 -DHAVE_STRINGS_H=1 -DHAVE_INTTYPES_H=1 -DHAVE_STDINT_H=1 -DHAVE_UNISTD_H=1 -DHAVE_DLFCN_H=1 "-DLT_OBJDIR=\".libs/\"" -I. -DDEBUG -g -pedantic -Wall -Wextra -Wno-unused-parameter -Wno-char-subscripts -DLibburn_os_has_statvfS -Os -fstack-clash-protection -Wformat -Werror=format-security -fno-plt -flto=auto -MT libburn/libdax_audioxtr.lo -MD -MP -MF libburn/.deps/libdax_audioxtr.Tpo -c libburn/libdax_audioxtr.c  -fPIC -DPIC -o libburn/.libs/libdax_audioxtr.o
libtool: compile:  cc "-DPACKAGE_NAME=\"libburn\"" "-DPACKAGE_TARNAME=\"libburn\"" "-DPACKAGE_VERSION=\"1.5.6\"" "-DPACKAGE_STRING=\"libburn 1.5.6\"" "-DPACKAGE_BUGREPORT=\"http://libburnia-project.org\"" "-DPACKAGE_URL=\"\"" "-DPACKAGE=\"libburn\"" "-DVERSION=\"1.5.6\"" -DHAVE_FSEEKO=1 -DSTDC_HEADERS=1 -DHAVE_SYS_TYPES_H=1 -DHAVE_SYS_STAT_H=1 -DHAVE_STDLIB_H=1 -DHAVE_STRING_H=1 -DHAVE_MEMORY_H=1 -DHAVE_STRINGS_H=1 -DHAVE_INTTYPES_H=1 -DHAVE_STDINT_H=1 -DHAVE_UNISTD_H=1 -DHAVE_DLFCN_H=1 "-DLT_OBJDIR=\".libs/\"" -I. -DDEBUG -g -pedantic -Wall -Wextra -Wno-unused-parameter -Wno-char-subscripts -DLibburn_os_has_statvfS -Os -fstack-clash-protection -Wformat -Werror=format-security -fno-plt -flto=auto -MT libburn/libdax_msgs.lo -MD -MP -MF libburn/.deps/libdax_msgs.Tpo -c libburn/libdax_msgs.c  -fPIC -DPIC -o libburn/.libs/libdax_msgs.o
libtool: compile:  cc "-DPACKAGE_NAME=\"libburn\"" "-DPACKAGE_TARNAME=\"libburn\"" "-DPACKAGE_VERSION=\"1.5.6\"" "-DPACKAGE_STRING=\"libburn 1.5.6\"" "-DPACKAGE_BUGREPORT=\"http://libburnia-project.org\"" "-DPACKAGE_URL=\"\"" "-DPACKAGE=\"libburn\"" "-DVERSION=\"1.5.6\"" -DHAVE_FSEEKO=1 -DSTDC_HEADERS=1 -DHAVE_SYS_TYPES_H=1 -DHAVE_SYS_STAT_H=1 -DHAVE_STDLIB_H=1 -DHAVE_STRING_H=1 -DHAVE_MEMORY_H=1 -DHAVE_STRINGS_H=1 -DHAVE_INTTYPES_H=1 -DHAVE_STDINT_H=1 -DHAVE_UNISTD_H=1 -DHAVE_DLFCN_H=1 "-DLT_OBJDIR=\".libs/\"" -I. -DDEBUG -g -pedantic -Wall -Wextra -Wno-unused-parameter -Wno-char-subscripts -DLibburn_os_has_statvfS -Os -fstack-clash-protection -Wformat -Werror=format-security -fno-plt -flto=auto -MT libburn/init.lo -MD -MP -MF libburn/.deps/init.Tpo -c libburn/init.c  -fPIC -DPIC -o libburn/.libs/init.o
libtool: compile:  cc "-DPACKAGE_NAME=\"libburn\"" "-DPACKAGE_TARNAME=\"libburn\"" "-DPACKAGE_VERSION=\"1.5.6\"" "-DPACKAGE_STRING=\"libburn 1.5.6\"" "-DPACKAGE_BUGREPORT=\"http://libburnia-project.org\"" "-DPACKAGE_URL=\"\"" "-DPACKAGE=\"libburn\"" "-DVERSION=\"1.5.6\"" -DHAVE_FSEEKO=1 -DSTDC_HEADERS=1 -DHAVE_SYS_TYPES_H=1 -DHAVE_SYS_STAT_H=1 -DHAVE_STDLIB_H=1 -DHAVE_STRING_H=1 -DHAVE_MEMORY_H=1 -DHAVE_STRINGS_H=1 -DHAVE_INTTYPES_H=1 -DHAVE_STDINT_H=1 -DHAVE_UNISTD_H=1 -DHAVE_DLFCN_H=1 "-DLT_OBJDIR=\".libs/\"" -I. -DDEBUG -g -pedantic -Wall -Wextra -Wno-unused-parameter -Wno-char-subscripts -DLibburn_os_has_statvfS -Os -fstack-clash-protection -Wformat -Werror=format-security -fno-plt -flto=auto -MT libburn/crc.lo -MD -MP -MF libburn/.deps/crc.Tpo -c libburn/crc.c  -fPIC -DPIC -o libburn/.libs/crc.o
libtool: compile:  cc "-DPACKAGE_NAME=\"libburn\"" "-DPACKAGE_TARNAME=\"libburn\"" "-DPACKAGE_VERSION=\"1.5.6\"" "-DPACKAGE_STRING=\"libburn 1.5.6\"" "-DPACKAGE_BUGREPORT=\"http://libburnia-project.org\"" "-DPACKAGE_URL=\"\"" "-DPACKAGE=\"libburn\"" "-DVERSION=\"1.5.6\"" -DHAVE_FSEEKO=1 -DSTDC_HEADERS=1 -DHAVE_SYS_TYPES_H=1 -DHAVE_SYS_STAT_H=1 -DHAVE_STDLIB_H=1 -DHAVE_STRING_H=1 -DHAVE_MEMORY_H=1 -DHAVE_STRINGS_H=1 -DHAVE_INTTYPES_H=1 -DHAVE_STDINT_H=1 -DHAVE_UNISTD_H=1 -DHAVE_DLFCN_H=1 "-DLT_OBJDIR=\".libs/\"" -I. -DDEBUG -g -pedantic -Wall -Wextra -Wno-unused-parameter -Wno-char-subscripts -DLibburn_os_has_statvfS -Os -fstack-clash-protection -Wformat -Werror=format-security -fno-plt -flto=auto -MT libburn/options.lo -MD -MP -MF libburn/.deps/options.Tpo -c libburn/options.c  -fPIC -DPIC -o libburn/.libs/options.o
libtool: compile:  cc "-DPACKAGE_NAME=\"libburn\"" "-DPACKAGE_TARNAME=\"libburn\"" "-DPACKAGE_VERSION=\"1.5.6\"" "-DPACKAGE_STRING=\"libburn 1.5.6\"" "-DPACKAGE_BUGREPORT=\"http://libburnia-project.org\"" "-DPACKAGE_URL=\"\"" "-DPACKAGE=\"libburn\"" "-DVERSION=\"1.5.6\"" -DHAVE_FSEEKO=1 -DSTDC_HEADERS=1 -DHAVE_SYS_TYPES_H=1 -DHAVE_SYS_STAT_H=1 -DHAVE_STDLIB_H=1 -DHAVE_STRING_H=1 -DHAVE_MEMORY_H=1 -DHAVE_STRINGS_H=1 -DHAVE_INTTYPES_H=1 -DHAVE_STDINT_H=1 -DHAVE_UNISTD_H=1 -DHAVE_DLFCN_H=1 "-DLT_OBJDIR=\".libs/\"" -I. -DDEBUG -g -pedantic -Wall -Wextra -Wno-unused-parameter -Wno-char-subscripts -DLibburn_os_has_statvfS -Os -fstack-clash-protection -Wformat -Werror=format-security -fno-plt -flto=auto -MT libburn/sbc.lo -MD -MP -MF libburn/.deps/sbc.Tpo -c libburn/sbc.c  -fPIC -DPIC -o libburn/.libs/sbc.o
libtool: compile:  cc "-DPACKAGE_NAME=\"libburn\"" "-DPACKAGE_TARNAME=\"libburn\"" "-DPACKAGE_VERSION=\"1.5.6\"" "-DPACKAGE_STRING=\"libburn 1.5.6\"" "-DPACKAGE_BUGREPORT=\"http://libburnia-project.org\"" "-DPACKAGE_URL=\"\"" "-DPACKAGE=\"libburn\"" "-DVERSION=\"1.5.6\"" -DHAVE_FSEEKO=1 -DSTDC_HEADERS=1 -DHAVE_SYS_TYPES_H=1 -DHAVE_SYS_STAT_H=1 -DHAVE_STDLIB_H=1 -DHAVE_STRING_H=1 -DHAVE_MEMORY_H=1 -DHAVE_STRINGS_H=1 -DHAVE_INTTYPES_H=1 -DHAVE_STDINT_H=1 -DHAVE_UNISTD_H=1 -DHAVE_DLFCN_H=1 "-DLT_OBJDIR=\".libs/\"" -I. -DDEBUG -g -pedantic -Wall -Wextra -Wno-unused-parameter -Wno-char-subscripts -DLibburn_os_has_statvfS -Os -fstack-clash-protection -Wformat -Werror=format-security -fno-plt -flto=auto -MT libburn/mmc.lo -MD -MP -MF libburn/.deps/mmc.Tpo -c libburn/mmc.c  -fPIC -DPIC -o libburn/.libs/mmc.o
libtool: compile:  cc "-DPACKAGE_NAME=\"libburn\"" "-DPACKAGE_TARNAME=\"libburn\"" "-DPACKAGE_VERSION=\"1.5.6\"" "-DPACKAGE_STRING=\"libburn 1.5.6\"" "-DPACKAGE_BUGREPORT=\"http://libburnia-project.org\"" "-DPACKAGE_URL=\"\"" "-DPACKAGE=\"libburn\"" "-DVERSION=\"1.5.6\"" -DHAVE_FSEEKO=1 -DSTDC_HEADERS=1 -DHAVE_SYS_TYPES_H=1 -DHAVE_SYS_STAT_H=1 -DHAVE_STDLIB_H=1 -DHAVE_STRING_H=1 -DHAVE_MEMORY_H=1 -DHAVE_STRINGS_H=1 -DHAVE_INTTYPES_H=1 -DHAVE_STDINT_H=1 -DHAVE_UNISTD_H=1 -DHAVE_DLFCN_H=1 "-DLT_OBJDIR=\".libs/\"" -I. -DDEBUG -g -pedantic -Wall -Wextra -Wno-unused-parameter -Wno-char-subscripts -DLibburn_os_has_statvfS -Os -fstack-clash-protection -Wformat -Werror=format-security -fno-plt -flto=auto -MT libburn/read.lo -MD -MP -MF libburn/.deps/read.Tpo -c libburn/read.c  -fPIC -DPIC -o libburn/.libs/read.o
depbase=`echo libburn/sector.lo | sed 's|[^/]*$|.deps/&|;s|\.lo$||'`;\
/bin/sh ./libtool  --tag=CC   --mode=compile cc -DPACKAGE_NAME=\"libburn\" -DPACKAGE_TARNAME=\"libburn\" -DPACKAGE_VERSION=\"1.5.6\" -DPACKAGE_STRING=\"libburn\ 1.5.6\" -DPACKAGE_BUGREPORT=\"http://libburnia-project.org\" -DPACKAGE_URL=\"\" -DPACKAGE=\"libburn\" -DVERSION=\"1.5.6\" -DHAVE_FSEEKO=1 -DSTDC_HEADERS=1 -DHAVE_SYS_TYPES_H=1 -DHAVE_SYS_STAT_H=1 -DHAVE_STDLIB_H=1 -DHAVE_STRING_H=1 -DHAVE_MEMORY_H=1 -DHAVE_STRINGS_H=1 -DHAVE_INTTYPES_H=1 -DHAVE_STDINT_H=1 -DHAVE_UNISTD_H=1 -DHAVE_DLFCN_H=1 -DLT_OBJDIR=\".libs/\" -I.     -DDEBUG -g -pedantic -Wall -Wextra -Wno-unused-parameter -Wno-char-subscripts    -DLibburn_os_has_statvfS -Os -fstack-clash-protection -Wformat -Werror=format-security -fno-plt -flto=auto -MT libburn/sector.lo -MD -MP -MF $depbase.Tpo -c -o libburn/sector.lo libburn/sector.c &&\
mv -f $depbase.Tpo $depbase.Plo
depbase=`echo libburn/sg.lo | sed 's|[^/]*$|.deps/&|;s|\.lo$||'`;\
/bin/sh ./libtool  --tag=CC   --mode=compile cc -DPACKAGE_NAME=\"libburn\" -DPACKAGE_TARNAME=\"libburn\" -DPACKAGE_VERSION=\"1.5.6\" -DPACKAGE_STRING=\"libburn\ 1.5.6\" -DPACKAGE_BUGREPORT=\"http://libburnia-project.org\" -DPACKAGE_URL=\"\" -DPACKAGE=\"libburn\" -DVERSION=\"1.5.6\" -DHAVE_FSEEKO=1 -DSTDC_HEADERS=1 -DHAVE_SYS_TYPES_H=1 -DHAVE_SYS_STAT_H=1 -DHAVE_STDLIB_H=1 -DHAVE_STRING_H=1 -DHAVE_MEMORY_H=1 -DHAVE_STRINGS_H=1 -DHAVE_INTTYPES_H=1 -DHAVE_STDINT_H=1 -DHAVE_UNISTD_H=1 -DHAVE_DLFCN_H=1 -DLT_OBJDIR=\".libs/\" -I.     -DDEBUG -g -pedantic -Wall -Wextra -Wno-unused-parameter -Wno-char-subscripts    -DLibburn_os_has_statvfS -Os -fstack-clash-protection -Wformat -Werror=format-security -fno-plt -flto=auto -MT libburn/sg.lo -MD -MP -MF $depbase.Tpo -c -o libburn/sg.lo libburn/sg.c &&\
mv -f $depbase.Tpo $depbase.Plo
depbase=`echo libburn/source.lo | sed 's|[^/]*$|.deps/&|;s|\.lo$||'`;\
/bin/sh ./libtool  --tag=CC   --mode=compile cc -DPACKAGE_NAME=\"libburn\" -DPACKAGE_TARNAME=\"libburn\" -DPACKAGE_VERSION=\"1.5.6\" -DPACKAGE_STRING=\"libburn\ 1.5.6\" -DPACKAGE_BUGREPORT=\"http://libburnia-project.org\" -DPACKAGE_URL=\"\" -DPACKAGE=\"libburn\" -DVERSION=\"1.5.6\" -DHAVE_FSEEKO=1 -DSTDC_HEADERS=1 -DHAVE_SYS_TYPES_H=1 -DHAVE_SYS_STAT_H=1 -DHAVE_STDLIB_H=1 -DHAVE_STRING_H=1 -DHAVE_MEMORY_H=1 -DHAVE_STRINGS_H=1 -DHAVE_INTTYPES_H=1 -DHAVE_STDINT_H=1 -DHAVE_UNISTD_H=1 -DHAVE_DLFCN_H=1 -DLT_OBJDIR=\".libs/\" -I.     -DDEBUG -g -pedantic -Wall -Wextra -Wno-unused-parameter -Wno-char-subscripts    -DLibburn_os_has_statvfS -Os -fstack-clash-protection -Wformat -Werror=format-security -fno-plt -flto=auto -MT libburn/source.lo -MD -MP -MF $depbase.Tpo -c -o libburn/source.lo libburn/source.c &&\
mv -f $depbase.Tpo $depbase.Plo
depbase=`echo libburn/spc.lo | sed 's|[^/]*$|.deps/&|;s|\.lo$||'`;\
/bin/sh ./libtool  --tag=CC   --mode=compile cc -DPACKAGE_NAME=\"libburn\" -DPACKAGE_TARNAME=\"libburn\" -DPACKAGE_VERSION=\"1.5.6\" -DPACKAGE_STRING=\"libburn\ 1.5.6\" -DPACKAGE_BUGREPORT=\"http://libburnia-project.org\" -DPACKAGE_URL=\"\" -DPACKAGE=\"libburn\" -DVERSION=\"1.5.6\" -DHAVE_FSEEKO=1 -DSTDC_HEADERS=1 -DHAVE_SYS_TYPES_H=1 -DHAVE_SYS_STAT_H=1 -DHAVE_STDLIB_H=1 -DHAVE_STRING_H=1 -DHAVE_MEMORY_H=1 -DHAVE_STRINGS_H=1 -DHAVE_INTTYPES_H=1 -DHAVE_STDINT_H=1 -DHAVE_UNISTD_H=1 -DHAVE_DLFCN_H=1 -DLT_OBJDIR=\".libs/\" -I.     -DDEBUG -g -pedantic -Wall -Wextra -Wno-unused-parameter -Wno-char-subscripts    -DLibburn_os_has_statvfS -Os -fstack-clash-protection -Wformat -Werror=format-security -fno-plt -flto=auto -MT libburn/spc.lo -MD -MP -MF $depbase.Tpo -c -o libburn/spc.lo libburn/spc.c &&\
mv -f $depbase.Tpo $depbase.Plo
libtool: compile:  cc "-DPACKAGE_NAME=\"libburn\"" "-DPACKAGE_TARNAME=\"libburn\"" "-DPACKAGE_VERSION=\"1.5.6\"" "-DPACKAGE_STRING=\"libburn 1.5.6\"" "-DPACKAGE_BUGREPORT=\"http://libburnia-project.org\"" "-DPACKAGE_URL=\"\"" "-DPACKAGE=\"libburn\"" "-DVERSION=\"1.5.6\"" -DHAVE_FSEEKO=1 -DSTDC_HEADERS=1 -DHAVE_SYS_TYPES_H=1 -DHAVE_SYS_STAT_H=1 -DHAVE_STDLIB_H=1 -DHAVE_STRING_H=1 -DHAVE_MEMORY_H=1 -DHAVE_STRINGS_H=1 -DHAVE_INTTYPES_H=1 -DHAVE_STDINT_H=1 -DHAVE_UNISTD_H=1 -DHAVE_DLFCN_H=1 "-DLT_OBJDIR=\".libs/\"" -I. -DDEBUG -g -pedantic -Wall -Wextra -Wno-unused-parameter -Wno-char-subscripts -DLibburn_os_has_statvfS -Os -fstack-clash-protection -Wformat -Werror=format-security -fno-plt -flto=auto -MT libburn/sector.lo -MD -MP -MF libburn/.deps/sector.Tpo -c libburn/sector.c  -fPIC -DPIC -o libburn/.libs/sector.o
libtool: compile:  cc "-DPACKAGE_NAME=\"libburn\"" "-DPACKAGE_TARNAME=\"libburn\"" "-DPACKAGE_VERSION=\"1.5.6\"" "-DPACKAGE_STRING=\"libburn 1.5.6\"" "-DPACKAGE_BUGREPORT=\"http://libburnia-project.org\"" "-DPACKAGE_URL=\"\"" "-DPACKAGE=\"libburn\"" "-DVERSION=\"1.5.6\"" -DHAVE_FSEEKO=1 -DSTDC_HEADERS=1 -DHAVE_SYS_TYPES_H=1 -DHAVE_SYS_STAT_H=1 -DHAVE_STDLIB_H=1 -DHAVE_STRING_H=1 -DHAVE_MEMORY_H=1 -DHAVE_STRINGS_H=1 -DHAVE_INTTYPES_H=1 -DHAVE_STDINT_H=1 -DHAVE_UNISTD_H=1 -DHAVE_DLFCN_H=1 "-DLT_OBJDIR=\".libs/\"" -I. -DDEBUG -g -pedantic -Wall -Wextra -Wno-unused-parameter -Wno-char-subscripts -DLibburn_os_has_statvfS -Os -fstack-clash-protection -Wformat -Werror=format-security -fno-plt -flto=auto -MT libburn/sg.lo -MD -MP -MF libburn/.deps/sg.Tpo -c libburn/sg.c  -fPIC -DPIC -o libburn/.libs/sg.o
depbase=`echo libburn/structure.lo | sed 's|[^/]*$|.deps/&|;s|\.lo$||'`;\
/bin/sh ./libtool  --tag=CC   --mode=compile cc -DPACKAGE_NAME=\"libburn\" -DPACKAGE_TARNAME=\"libburn\" -DPACKAGE_VERSION=\"1.5.6\" -DPACKAGE_STRING=\"libburn\ 1.5.6\" -DPACKAGE_BUGREPORT=\"http://libburnia-project.org\" -DPACKAGE_URL=\"\" -DPACKAGE=\"libburn\" -DVERSION=\"1.5.6\" -DHAVE_FSEEKO=1 -DSTDC_HEADERS=1 -DHAVE_SYS_TYPES_H=1 -DHAVE_SYS_STAT_H=1 -DHAVE_STDLIB_H=1 -DHAVE_STRING_H=1 -DHAVE_MEMORY_H=1 -DHAVE_STRINGS_H=1 -DHAVE_INTTYPES_H=1 -DHAVE_STDINT_H=1 -DHAVE_UNISTD_H=1 -DHAVE_DLFCN_H=1 -DLT_OBJDIR=\".libs/\" -I.     -DDEBUG -g -pedantic -Wall -Wextra -Wno-unused-parameter -Wno-char-subscripts    -DLibburn_os_has_statvfS -Os -fstack-clash-protection -Wformat -Werror=format-security -fno-plt -flto=auto -MT libburn/structure.lo -MD -MP -MF $depbase.Tpo -c -o libburn/structure.lo libburn/structure.c &&\
mv -f $depbase.Tpo $depbase.Plo
In file included from libburn/sg-linux.c:138,
                 from libburn/sg.c:54:
/usr/include/sys/poll.h:1:2: warning: #warning redirecting incorrect #include <sys/poll.h> to <poll.h> [-Wcpp]
    1 | #warning redirecting incorrect #include <sys/poll.h> to <poll.h>
      |  ^~~~~~~
depbase=`echo libburn/toc.lo | sed 's|[^/]*$|.deps/&|;s|\.lo$||'`;\
/bin/sh ./libtool  --tag=CC   --mode=compile cc -DPACKAGE_NAME=\"libburn\" -DPACKAGE_TARNAME=\"libburn\" -DPACKAGE_VERSION=\"1.5.6\" -DPACKAGE_STRING=\"libburn\ 1.5.6\" -DPACKAGE_BUGREPORT=\"http://libburnia-project.org\" -DPACKAGE_URL=\"\" -DPACKAGE=\"libburn\" -DVERSION=\"1.5.6\" -DHAVE_FSEEKO=1 -DSTDC_HEADERS=1 -DHAVE_SYS_TYPES_H=1 -DHAVE_SYS_STAT_H=1 -DHAVE_STDLIB_H=1 -DHAVE_STRING_H=1 -DHAVE_MEMORY_H=1 -DHAVE_STRINGS_H=1 -DHAVE_INTTYPES_H=1 -DHAVE_STDINT_H=1 -DHAVE_UNISTD_H=1 -DHAVE_DLFCN_H=1 -DLT_OBJDIR=\".libs/\" -I.     -DDEBUG -g -pedantic -Wall -Wextra -Wno-unused-parameter -Wno-char-subscripts    -DLibburn_os_has_statvfS -Os -fstack-clash-protection -Wformat -Werror=format-security -fno-plt -flto=auto -MT libburn/toc.lo -MD -MP -MF $depbase.Tpo -c -o libburn/toc.lo libburn/toc.c &&\
mv -f $depbase.Tpo $depbase.Plo
libtool: compile:  cc "-DPACKAGE_NAME=\"libburn\"" "-DPACKAGE_TARNAME=\"libburn\"" "-DPACKAGE_VERSION=\"1.5.6\"" "-DPACKAGE_STRING=\"libburn 1.5.6\"" "-DPACKAGE_BUGREPORT=\"http://libburnia-project.org\"" "-DPACKAGE_URL=\"\"" "-DPACKAGE=\"libburn\"" "-DVERSION=\"1.5.6\"" -DHAVE_FSEEKO=1 -DSTDC_HEADERS=1 -DHAVE_SYS_TYPES_H=1 -DHAVE_SYS_STAT_H=1 -DHAVE_STDLIB_H=1 -DHAVE_STRING_H=1 -DHAVE_MEMORY_H=1 -DHAVE_STRINGS_H=1 -DHAVE_INTTYPES_H=1 -DHAVE_STDINT_H=1 -DHAVE_UNISTD_H=1 -DHAVE_DLFCN_H=1 "-DLT_OBJDIR=\".libs/\"" -I. -DDEBUG -g -pedantic -Wall -Wextra -Wno-unused-parameter -Wno-char-subscripts -DLibburn_os_has_statvfS -Os -fstack-clash-protection -Wformat -Werror=format-security -fno-plt -flto=auto -MT libburn/spc.lo -MD -MP -MF libburn/.deps/spc.Tpo -c libburn/spc.c  -fPIC -DPIC -o libburn/.libs/spc.o
libtool: compile:  cc "-DPACKAGE_NAME=\"libburn\"" "-DPACKAGE_TARNAME=\"libburn\"" "-DPACKAGE_VERSION=\"1.5.6\"" "-DPACKAGE_STRING=\"libburn 1.5.6\"" "-DPACKAGE_BUGREPORT=\"http://libburnia-project.org\"" "-DPACKAGE_URL=\"\"" "-DPACKAGE=\"libburn\"" "-DVERSION=\"1.5.6\"" -DHAVE_FSEEKO=1 -DSTDC_HEADERS=1 -DHAVE_SYS_TYPES_H=1 -DHAVE_SYS_STAT_H=1 -DHAVE_STDLIB_H=1 -DHAVE_STRING_H=1 -DHAVE_MEMORY_H=1 -DHAVE_STRINGS_H=1 -DHAVE_INTTYPES_H=1 -DHAVE_STDINT_H=1 -DHAVE_UNISTD_H=1 -DHAVE_DLFCN_H=1 "-DLT_OBJDIR=\".libs/\"" -I. -DDEBUG -g -pedantic -Wall -Wextra -Wno-unused-parameter -Wno-char-subscripts -DLibburn_os_has_statvfS -Os -fstack-clash-protection -Wformat -Werror=format-security -fno-plt -flto=auto -MT libburn/source.lo -MD -MP -MF libburn/.deps/source.Tpo -c libburn/source.c  -fPIC -DPIC -o libburn/.libs/source.o
libtool: compile:  cc "-DPACKAGE_NAME=\"libburn\"" "-DPACKAGE_TARNAME=\"libburn\"" "-DPACKAGE_VERSION=\"1.5.6\"" "-DPACKAGE_STRING=\"libburn 1.5.6\"" "-DPACKAGE_BUGREPORT=\"http://libburnia-project.org\"" "-DPACKAGE_URL=\"\"" "-DPACKAGE=\"libburn\"" "-DVERSION=\"1.5.6\"" -DHAVE_FSEEKO=1 -DSTDC_HEADERS=1 -DHAVE_SYS_TYPES_H=1 -DHAVE_SYS_STAT_H=1 -DHAVE_STDLIB_H=1 -DHAVE_STRING_H=1 -DHAVE_MEMORY_H=1 -DHAVE_STRINGS_H=1 -DHAVE_INTTYPES_H=1 -DHAVE_STDINT_H=1 -DHAVE_UNISTD_H=1 -DHAVE_DLFCN_H=1 "-DLT_OBJDIR=\".libs/\"" -I. -DDEBUG -g -pedantic -Wall -Wextra -Wno-unused-parameter -Wno-char-subscripts -DLibburn_os_has_statvfS -Os -fstack-clash-protection -Wformat -Werror=format-security -fno-plt -flto=auto -MT libburn/structure.lo -MD -MP -MF libburn/.deps/structure.Tpo -c libburn/structure.c  -fPIC -DPIC -o libburn/.libs/structure.o
depbase=`echo libburn/util.lo | sed 's|[^/]*$|.deps/&|;s|\.lo$||'`;\
/bin/sh ./libtool  --tag=CC   --mode=compile cc -DPACKAGE_NAME=\"libburn\" -DPACKAGE_TARNAME=\"libburn\" -DPACKAGE_VERSION=\"1.5.6\" -DPACKAGE_STRING=\"libburn\ 1.5.6\" -DPACKAGE_BUGREPORT=\"http://libburnia-project.org\" -DPACKAGE_URL=\"\" -DPACKAGE=\"libburn\" -DVERSION=\"1.5.6\" -DHAVE_FSEEKO=1 -DSTDC_HEADERS=1 -DHAVE_SYS_TYPES_H=1 -DHAVE_SYS_STAT_H=1 -DHAVE_STDLIB_H=1 -DHAVE_STRING_H=1 -DHAVE_MEMORY_H=1 -DHAVE_STRINGS_H=1 -DHAVE_INTTYPES_H=1 -DHAVE_STDINT_H=1 -DHAVE_UNISTD_H=1 -DHAVE_DLFCN_H=1 -DLT_OBJDIR=\".libs/\" -I.     -DDEBUG -g -pedantic -Wall -Wextra -Wno-unused-parameter -Wno-char-subscripts    -DLibburn_os_has_statvfS -Os -fstack-clash-protection -Wformat -Werror=format-security -fno-plt -flto=auto -MT libburn/util.lo -MD -MP -MF $depbase.Tpo -c -o libburn/util.lo libburn/util.c &&\
mv -f $depbase.Tpo $depbase.Plo
depbase=`echo libburn/write.lo | sed 's|[^/]*$|.deps/&|;s|\.lo$||'`;\
/bin/sh ./libtool  --tag=CC   --mode=compile cc -DPACKAGE_NAME=\"libburn\" -DPACKAGE_TARNAME=\"libburn\" -DPACKAGE_VERSION=\"1.5.6\" -DPACKAGE_STRING=\"libburn\ 1.5.6\" -DPACKAGE_BUGREPORT=\"http://libburnia-project.org\" -DPACKAGE_URL=\"\" -DPACKAGE=\"libburn\" -DVERSION=\"1.5.6\" -DHAVE_FSEEKO=1 -DSTDC_HEADERS=1 -DHAVE_SYS_TYPES_H=1 -DHAVE_SYS_STAT_H=1 -DHAVE_STDLIB_H=1 -DHAVE_STRING_H=1 -DHAVE_MEMORY_H=1 -DHAVE_STRINGS_H=1 -DHAVE_INTTYPES_H=1 -DHAVE_STDINT_H=1 -DHAVE_UNISTD_H=1 -DHAVE_DLFCN_H=1 -DLT_OBJDIR=\".libs/\" -I.     -DDEBUG -g -pedantic -Wall -Wextra -Wno-unused-parameter -Wno-char-subscripts    -DLibburn_os_has_statvfS -Os -fstack-clash-protection -Wformat -Werror=format-security -fno-plt -flto=auto -MT libburn/write.lo -MD -MP -MF $depbase.Tpo -c -o libburn/write.lo libburn/write.c &&\
mv -f $depbase.Tpo $depbase.Plo
cc -DPACKAGE_NAME=\"libburn\" -DPACKAGE_TARNAME=\"libburn\" -DPACKAGE_VERSION=\"1.5.6\" -DPACKAGE_STRING=\"libburn\ 1.5.6\" -DPACKAGE_BUGREPORT=\"http://libburnia-project.org\" -DPACKAGE_URL=\"\" -DPACKAGE=\"libburn\" -DVERSION=\"1.5.6\" -DHAVE_FSEEKO=1 -DSTDC_HEADERS=1 -DHAVE_SYS_TYPES_H=1 -DHAVE_SYS_STAT_H=1 -DHAVE_STDLIB_H=1 -DHAVE_STRING_H=1 -DHAVE_MEMORY_H=1 -DHAVE_STRINGS_H=1 -DHAVE_INTTYPES_H=1 -DHAVE_STDINT_H=1 -DHAVE_UNISTD_H=1 -DHAVE_DLFCN_H=1 -DLT_OBJDIR=\".libs/\" -I.  -Ilibburn  -DCdrskin_libburn_1_5_6 -DDEBUG -g -pedantic -Wall -Wextra -Wno-unused-parameter -Wno-char-subscripts    -DLibburn_os_has_statvfS -Os -fstack-clash-protection -Wformat -Werror=format-security -fno-plt -flto=auto -MT cdrskin/cdrskin_cdrskin-cdrskin.o -MD -MP -MF cdrskin/.deps/cdrskin_cdrskin-cdrskin.Tpo -c -o cdrskin/cdrskin_cdrskin-cdrskin.o `test -f 'cdrskin/cdrskin.c' || echo './'`cdrskin/cdrskin.c
cc -DPACKAGE_NAME=\"libburn\" -DPACKAGE_TARNAME=\"libburn\" -DPACKAGE_VERSION=\"1.5.6\" -DPACKAGE_STRING=\"libburn\ 1.5.6\" -DPACKAGE_BUGREPORT=\"http://libburnia-project.org\" -DPACKAGE_URL=\"\" -DPACKAGE=\"libburn\" -DVERSION=\"1.5.6\" -DHAVE_FSEEKO=1 -DSTDC_HEADERS=1 -DHAVE_SYS_TYPES_H=1 -DHAVE_SYS_STAT_H=1 -DHAVE_STDLIB_H=1 -DHAVE_STRING_H=1 -DHAVE_MEMORY_H=1 -DHAVE_STRINGS_H=1 -DHAVE_INTTYPES_H=1 -DHAVE_STDINT_H=1 -DHAVE_UNISTD_H=1 -DHAVE_DLFCN_H=1 -DLT_OBJDIR=\".libs/\" -I.  -Ilibburn  -DCdrskin_libburn_1_5_6 -DDEBUG -g -pedantic -Wall -Wextra -Wno-unused-parameter -Wno-char-subscripts    -DLibburn_os_has_statvfS -Os -fstack-clash-protection -Wformat -Werror=format-security -fno-plt -flto=auto -MT cdrskin/cdrskin_cdrskin-cdrfifo.o -MD -MP -MF cdrskin/.deps/cdrskin_cdrskin-cdrfifo.Tpo -c -o cdrskin/cdrskin_cdrskin-cdrfifo.o `test -f 'cdrskin/cdrfifo.c' || echo './'`cdrskin/cdrfifo.c
cc -DPACKAGE_NAME=\"libburn\" -DPACKAGE_TARNAME=\"libburn\" -DPACKAGE_VERSION=\"1.5.6\" -DPACKAGE_STRING=\"libburn\ 1.5.6\" -DPACKAGE_BUGREPORT=\"http://libburnia-project.org\" -DPACKAGE_URL=\"\" -DPACKAGE=\"libburn\" -DVERSION=\"1.5.6\" -DHAVE_FSEEKO=1 -DSTDC_HEADERS=1 -DHAVE_SYS_TYPES_H=1 -DHAVE_SYS_STAT_H=1 -DHAVE_STDLIB_H=1 -DHAVE_STRING_H=1 -DHAVE_MEMORY_H=1 -DHAVE_STRINGS_H=1 -DHAVE_INTTYPES_H=1 -DHAVE_STDINT_H=1 -DHAVE_UNISTD_H=1 -DHAVE_DLFCN_H=1 -DLT_OBJDIR=\".libs/\" -I.  -Ilibburn   -DDEBUG -g -pedantic -Wall -Wextra -Wno-unused-parameter -Wno-char-subscripts    -DLibburn_os_has_statvfS -Os -fstack-clash-protection -Wformat -Werror=format-security -fno-plt -flto=auto -MT test/test_libburner-libburner.o -MD -MP -MF test/.deps/test_libburner-libburner.Tpo -c -o test/test_libburner-libburner.o `test -f 'test/libburner.c' || echo './'`test/libburner.c
libtool: compile:  cc "-DPACKAGE_NAME=\"libburn\"" "-DPACKAGE_TARNAME=\"libburn\"" "-DPACKAGE_VERSION=\"1.5.6\"" "-DPACKAGE_STRING=\"libburn 1.5.6\"" "-DPACKAGE_BUGREPORT=\"http://libburnia-project.org\"" "-DPACKAGE_URL=\"\"" "-DPACKAGE=\"libburn\"" "-DVERSION=\"1.5.6\"" -DHAVE_FSEEKO=1 -DSTDC_HEADERS=1 -DHAVE_SYS_TYPES_H=1 -DHAVE_SYS_STAT_H=1 -DHAVE_STDLIB_H=1 -DHAVE_STRING_H=1 -DHAVE_MEMORY_H=1 -DHAVE_STRINGS_H=1 -DHAVE_INTTYPES_H=1 -DHAVE_STDINT_H=1 -DHAVE_UNISTD_H=1 -DHAVE_DLFCN_H=1 "-DLT_OBJDIR=\".libs/\"" -I. -DDEBUG -g -pedantic -Wall -Wextra -Wno-unused-parameter -Wno-char-subscripts -DLibburn_os_has_statvfS -Os -fstack-clash-protection -Wformat -Werror=format-security -fno-plt -flto=auto -MT libburn/toc.lo -MD -MP -MF libburn/.deps/toc.Tpo -c libburn/toc.c  -fPIC -DPIC -o libburn/.libs/toc.o
cc -DPACKAGE_NAME=\"libburn\" -DPACKAGE_TARNAME=\"libburn\" -DPACKAGE_VERSION=\"1.5.6\" -DPACKAGE_STRING=\"libburn\ 1.5.6\" -DPACKAGE_BUGREPORT=\"http://libburnia-project.org\" -DPACKAGE_URL=\"\" -DPACKAGE=\"libburn\" -DVERSION=\"1.5.6\" -DHAVE_FSEEKO=1 -DSTDC_HEADERS=1 -DHAVE_SYS_TYPES_H=1 -DHAVE_SYS_STAT_H=1 -DHAVE_STDLIB_H=1 -DHAVE_STRING_H=1 -DHAVE_MEMORY_H=1 -DHAVE_STRINGS_H=1 -DHAVE_INTTYPES_H=1 -DHAVE_STDINT_H=1 -DHAVE_UNISTD_H=1 -DHAVE_DLFCN_H=1 -DLT_OBJDIR=\".libs/\" -I.  -Ilibburn   -DDEBUG -g -pedantic -Wall -Wextra -Wno-unused-parameter -Wno-char-subscripts    -DLibburn_os_has_statvfS -Os -fstack-clash-protection -Wformat -Werror=format-security -fno-plt -flto=auto -MT test/test_offst_source-offst_source.o -MD -MP -MF test/.deps/test_offst_source-offst_source.Tpo -c -o test/test_offst_source-offst_source.o `test -f 'test/offst_source.c' || echo './'`test/offst_source.c
cc -DPACKAGE_NAME=\"libburn\" -DPACKAGE_TARNAME=\"libburn\" -DPACKAGE_VERSION=\"1.5.6\" -DPACKAGE_STRING=\"libburn\ 1.5.6\" -DPACKAGE_BUGREPORT=\"http://libburnia-project.org\" -DPACKAGE_URL=\"\" -DPACKAGE=\"libburn\" -DVERSION=\"1.5.6\" -DHAVE_FSEEKO=1 -DSTDC_HEADERS=1 -DHAVE_SYS_TYPES_H=1 -DHAVE_SYS_STAT_H=1 -DHAVE_STDLIB_H=1 -DHAVE_STRING_H=1 -DHAVE_MEMORY_H=1 -DHAVE_STRINGS_H=1 -DHAVE_INTTYPES_H=1 -DHAVE_STDINT_H=1 -DHAVE_UNISTD_H=1 -DHAVE_DLFCN_H=1 -DLT_OBJDIR=\".libs/\" -I.  -Ilibburn   -DDEBUG -g -pedantic -Wall -Wextra -Wno-unused-parameter -Wno-char-subscripts    -DLibburn_os_has_statvfS -Os -fstack-clash-protection -Wformat -Werror=format-security -fno-plt -flto=auto -MT test/test_telltoc-telltoc.o -MD -MP -MF test/.deps/test_telltoc-telltoc.Tpo -c -o test/test_telltoc-telltoc.o `test -f 'test/telltoc.c' || echo './'`test/telltoc.c
libtool: compile:  cc "-DPACKAGE_NAME=\"libburn\"" "-DPACKAGE_TARNAME=\"libburn\"" "-DPACKAGE_VERSION=\"1.5.6\"" "-DPACKAGE_STRING=\"libburn 1.5.6\"" "-DPACKAGE_BUGREPORT=\"http://libburnia-project.org\"" "-DPACKAGE_URL=\"\"" "-DPACKAGE=\"libburn\"" "-DVERSION=\"1.5.6\"" -DHAVE_FSEEKO=1 -DSTDC_HEADERS=1 -DHAVE_SYS_TYPES_H=1 -DHAVE_SYS_STAT_H=1 -DHAVE_STDLIB_H=1 -DHAVE_STRING_H=1 -DHAVE_MEMORY_H=1 -DHAVE_STRINGS_H=1 -DHAVE_INTTYPES_H=1 -DHAVE_STDINT_H=1 -DHAVE_UNISTD_H=1 -DHAVE_DLFCN_H=1 "-DLT_OBJDIR=\".libs/\"" -I. -DDEBUG -g -pedantic -Wall -Wextra -Wno-unused-parameter -Wno-char-subscripts -DLibburn_os_has_statvfS -Os -fstack-clash-protection -Wformat -Werror=format-security -fno-plt -flto=auto -MT libburn/write.lo -MD -MP -MF libburn/.deps/write.Tpo -c libburn/write.c  -fPIC -DPIC -o libburn/.libs/write.o
libtool: compile:  cc "-DPACKAGE_NAME=\"libburn\"" "-DPACKAGE_TARNAME=\"libburn\"" "-DPACKAGE_VERSION=\"1.5.6\"" "-DPACKAGE_STRING=\"libburn 1.5.6\"" "-DPACKAGE_BUGREPORT=\"http://libburnia-project.org\"" "-DPACKAGE_URL=\"\"" "-DPACKAGE=\"libburn\"" "-DVERSION=\"1.5.6\"" -DHAVE_FSEEKO=1 -DSTDC_HEADERS=1 -DHAVE_SYS_TYPES_H=1 -DHAVE_SYS_STAT_H=1 -DHAVE_STDLIB_H=1 -DHAVE_STRING_H=1 -DHAVE_MEMORY_H=1 -DHAVE_STRINGS_H=1 -DHAVE_INTTYPES_H=1 -DHAVE_STDINT_H=1 -DHAVE_UNISTD_H=1 -DHAVE_DLFCN_H=1 "-DLT_OBJDIR=\".libs/\"" -I. -DDEBUG -g -pedantic -Wall -Wextra -Wno-unused-parameter -Wno-char-subscripts -DLibburn_os_has_statvfS -Os -fstack-clash-protection -Wformat -Werror=format-security -fno-plt -flto=auto -MT libburn/util.lo -MD -MP -MF libburn/.deps/util.Tpo -c libburn/util.c  -fPIC -DPIC -o libburn/.libs/util.o
cc -DPACKAGE_NAME=\"libburn\" -DPACKAGE_TARNAME=\"libburn\" -DPACKAGE_VERSION=\"1.5.6\" -DPACKAGE_STRING=\"libburn\ 1.5.6\" -DPACKAGE_BUGREPORT=\"http://libburnia-project.org\" -DPACKAGE_URL=\"\" -DPACKAGE=\"libburn\" -DVERSION=\"1.5.6\" -DHAVE_FSEEKO=1 -DSTDC_HEADERS=1 -DHAVE_SYS_TYPES_H=1 -DHAVE_SYS_STAT_H=1 -DHAVE_STDLIB_H=1 -DHAVE_STRING_H=1 -DHAVE_MEMORY_H=1 -DHAVE_STRINGS_H=1 -DHAVE_INTTYPES_H=1 -DHAVE_STDINT_H=1 -DHAVE_UNISTD_H=1 -DHAVE_DLFCN_H=1 -DLT_OBJDIR=\".libs/\" -I.  -Ilibburn   -DDEBUG -g -pedantic -Wall -Wextra -Wno-unused-parameter -Wno-char-subscripts    -DLibburn_os_has_statvfS -Os -fstack-clash-protection -Wformat -Werror=format-security -fno-plt -flto=auto -MT test/test_dewav-dewav.o -MD -MP -MF test/.deps/test_dewav-dewav.Tpo -c -o test/test_dewav-dewav.o `test -f 'test/dewav.c' || echo './'`test/dewav.c
cc -DPACKAGE_NAME=\"libburn\" -DPACKAGE_TARNAME=\"libburn\" -DPACKAGE_VERSION=\"1.5.6\" -DPACKAGE_STRING=\"libburn\ 1.5.6\" -DPACKAGE_BUGREPORT=\"http://libburnia-project.org\" -DPACKAGE_URL=\"\" -DPACKAGE=\"libburn\" -DVERSION=\"1.5.6\" -DHAVE_FSEEKO=1 -DSTDC_HEADERS=1 -DHAVE_SYS_TYPES_H=1 -DHAVE_SYS_STAT_H=1 -DHAVE_STDLIB_H=1 -DHAVE_STRING_H=1 -DHAVE_MEMORY_H=1 -DHAVE_STRINGS_H=1 -DHAVE_INTTYPES_H=1 -DHAVE_STDINT_H=1 -DHAVE_UNISTD_H=1 -DHAVE_DLFCN_H=1 -DLT_OBJDIR=\".libs/\" -I.     -DDEBUG -g -pedantic -Wall -Wextra -Wno-unused-parameter -Wno-char-subscripts    -DLibburn_os_has_statvfS -Os -fstack-clash-protection -Wformat -Werror=format-security -fno-plt -flto=auto -MT test/test_fake_au-fake_au.o -MD -MP -MF test/.deps/test_fake_au-fake_au.Tpo -c -o test/test_fake_au-fake_au.o `test -f 'test/fake_au.c' || echo './'`test/fake_au.c
cc -DPACKAGE_NAME=\"libburn\" -DPACKAGE_TARNAME=\"libburn\" -DPACKAGE_VERSION=\"1.5.6\" -DPACKAGE_STRING=\"libburn\ 1.5.6\" -DPACKAGE_BUGREPORT=\"http://libburnia-project.org\" -DPACKAGE_URL=\"\" -DPACKAGE=\"libburn\" -DVERSION=\"1.5.6\" -DHAVE_FSEEKO=1 -DSTDC_HEADERS=1 -DHAVE_SYS_TYPES_H=1 -DHAVE_SYS_STAT_H=1 -DHAVE_STDLIB_H=1 -DHAVE_STRING_H=1 -DHAVE_MEMORY_H=1 -DHAVE_STRINGS_H=1 -DHAVE_INTTYPES_H=1 -DHAVE_STDINT_H=1 -DHAVE_UNISTD_H=1 -DHAVE_DLFCN_H=1 -DLT_OBJDIR=\".libs/\" -I.  -Ilibburn   -DDEBUG -g -pedantic -Wall -Wextra -Wno-unused-parameter -Wno-char-subscripts    -DLibburn_os_has_statvfS -Os -fstack-clash-protection -Wformat -Werror=format-security -fno-plt -flto=auto -MT test/test_poll-poll.o -MD -MP -MF test/.deps/test_poll-poll.Tpo -c -o test/test_poll-poll.o `test -f 'test/poll.c' || echo './'`test/poll.c
mv -f test/.deps/test_offst_source-offst_source.Tpo test/.deps/test_offst_source-offst_source.Po
mv -f test/.deps/test_dewav-dewav.Tpo test/.deps/test_dewav-dewav.Po
mv -f cdrskin/.deps/cdrskin_cdrskin-cdrfifo.Tpo cdrskin/.deps/cdrskin_cdrskin-cdrfifo.Po
mv -f test/.deps/test_poll-poll.Tpo test/.deps/test_poll-poll.Po
mv -f test/.deps/test_fake_au-fake_au.Tpo test/.deps/test_fake_au-fake_au.Po
/bin/sh ./libtool  --tag=CC   --mode=link cc  -DDEBUG -g -pedantic -Wall -Wextra -Wno-unused-parameter -Wno-char-subscripts    -DLibburn_os_has_statvfS -Os -fstack-clash-protection -Wformat -Werror=format-security -fno-plt -flto=auto  -Wl,--as-needed,-O1,--sort-common -Wl,-z,pack-relative-relocs -o test/fake_au test/test_fake_au-fake_au.o  
mv -f test/.deps/test_libburner-libburner.Tpo test/.deps/test_libburner-libburner.Po
libtool: link: cc -DDEBUG -g -pedantic -Wall -Wextra -Wno-unused-parameter -Wno-char-subscripts -DLibburn_os_has_statvfS -Os -fstack-clash-protection -Wformat -Werror=format-security -fno-plt -flto=auto -Wl,--as-needed -Wl,-O1 -Wl,--sort-common -Wl,-z -Wl,pack-relative-relocs -o test/fake_au test/test_fake_au-fake_au.o 
mv -f test/.deps/test_telltoc-telltoc.Tpo test/.deps/test_telltoc-telltoc.Po
/bin/sh ./libtool  --tag=CC   --mode=link cc  -DDEBUG -g -pedantic -Wall -Wextra -Wno-unused-parameter -Wno-char-subscripts    -DLibburn_os_has_statvfS -Os -fstack-clash-protection -Wformat -Werror=format-security -fno-plt -flto=auto -version-info 113:0:109 -Wl,--version-script=./libburn/libburn.ver -Wl,--as-needed,-O1,--sort-common -Wl,-z,pack-relative-relocs -o libburn/libburn.la -rpath /usr/lib libburn/async.lo libburn/cdtext.lo libburn/cleanup.lo libburn/crc.lo libburn/debug.lo libburn/drive.lo libburn/ecma130ab.lo libburn/file.lo libburn/init.lo libburn/libdax_audioxtr.lo libburn/libdax_msgs.lo libburn/mmc.lo libburn/null.lo libburn/options.lo libburn/read.lo libburn/sbc.lo libburn/sector.lo libburn/sg.lo libburn/source.lo libburn/spc.lo libburn/structure.lo libburn/toc.lo libburn/util.lo libburn/write.lo  -lpthread 
/bin/sh ./libtool  --tag=CC   --mode=link cc  -DDEBUG -g -pedantic -Wall -Wextra -Wno-unused-parameter -Wno-char-subscripts    -DLibburn_os_has_statvfS -Os -fstack-clash-protection -Wformat -Werror=format-security -fno-plt -flto=auto  -Wl,--as-needed,-O1,--sort-common -Wl,-z,pack-relative-relocs -o test/libburner test/test_libburner-libburner.o libburn/async.lo libburn/cdtext.lo libburn/cleanup.lo libburn/crc.lo libburn/debug.lo libburn/drive.lo libburn/ecma130ab.lo libburn/file.lo libburn/init.lo libburn/libdax_audioxtr.lo libburn/libdax_msgs.lo libburn/mmc.lo libburn/null.lo libburn/options.lo libburn/read.lo libburn/sbc.lo libburn/sector.lo libburn/sg.lo libburn/source.lo libburn/spc.lo libburn/structure.lo libburn/toc.lo libburn/util.lo libburn/write.lo  -lpthread 
/bin/sh ./libtool  --tag=CC   --mode=link cc  -DDEBUG -g -pedantic -Wall -Wextra -Wno-unused-parameter -Wno-char-subscripts    -DLibburn_os_has_statvfS -Os -fstack-clash-protection -Wformat -Werror=format-security -fno-plt -flto=auto  -Wl,--as-needed,-O1,--sort-common -Wl,-z,pack-relative-relocs -o test/offst_source test/test_offst_source-offst_source.o libburn/async.lo libburn/cdtext.lo libburn/cleanup.lo libburn/crc.lo libburn/debug.lo libburn/drive.lo libburn/ecma130ab.lo libburn/file.lo libburn/init.lo libburn/libdax_audioxtr.lo libburn/libdax_msgs.lo libburn/mmc.lo libburn/null.lo libburn/options.lo libburn/read.lo libburn/sbc.lo libburn/sector.lo libburn/sg.lo libburn/source.lo libburn/spc.lo libburn/structure.lo libburn/toc.lo libburn/util.lo libburn/write.lo  -lpthread 
/bin/sh ./libtool  --tag=CC   --mode=link cc  -DDEBUG -g -pedantic -Wall -Wextra -Wno-unused-parameter -Wno-char-subscripts    -DLibburn_os_has_statvfS -Os -fstack-clash-protection -Wformat -Werror=format-security -fno-plt -flto=auto  -Wl,--as-needed,-O1,--sort-common -Wl,-z,pack-relative-relocs -o test/telltoc test/test_telltoc-telltoc.o libburn/async.lo libburn/cdtext.lo libburn/cleanup.lo libburn/crc.lo libburn/debug.lo libburn/drive.lo libburn/ecma130ab.lo libburn/file.lo libburn/init.lo libburn/libdax_audioxtr.lo libburn/libdax_msgs.lo libburn/mmc.lo libburn/null.lo libburn/options.lo libburn/read.lo libburn/sbc.lo libburn/sector.lo libburn/sg.lo libburn/source.lo libburn/spc.lo libburn/structure.lo libburn/toc.lo libburn/util.lo libburn/write.lo  -lpthread 
/bin/sh ./libtool  --tag=CC   --mode=link cc  -DDEBUG -g -pedantic -Wall -Wextra -Wno-unused-parameter -Wno-char-subscripts    -DLibburn_os_has_statvfS -Os -fstack-clash-protection -Wformat -Werror=format-security -fno-plt -flto=auto  -Wl,--as-needed,-O1,--sort-common -Wl,-z,pack-relative-relocs -o test/dewav test/test_dewav-dewav.o libburn/async.lo libburn/cdtext.lo libburn/cleanup.lo libburn/crc.lo libburn/debug.lo libburn/drive.lo libburn/ecma130ab.lo libburn/file.lo libburn/init.lo libburn/libdax_audioxtr.lo libburn/libdax_msgs.lo libburn/mmc.lo libburn/null.lo libburn/options.lo libburn/read.lo libburn/sbc.lo libburn/sector.lo libburn/sg.lo libburn/source.lo libburn/spc.lo libburn/structure.lo libburn/toc.lo libburn/util.lo libburn/write.lo  -lpthread 
/bin/sh ./libtool  --tag=CC   --mode=link cc  -DDEBUG -g -pedantic -Wall -Wextra -Wno-unused-parameter -Wno-char-subscripts    -DLibburn_os_has_statvfS -Os -fstack-clash-protection -Wformat -Werror=format-security -fno-plt -flto=auto  -Wl,--as-needed,-O1,--sort-common -Wl,-z,pack-relative-relocs -o test/poll test/test_poll-poll.o libburn/async.lo libburn/cdtext.lo libburn/cleanup.lo libburn/crc.lo libburn/debug.lo libburn/drive.lo libburn/ecma130ab.lo libburn/file.lo libburn/init.lo libburn/libdax_audioxtr.lo libburn/libdax_msgs.lo libburn/mmc.lo libburn/null.lo libburn/options.lo libburn/read.lo libburn/sbc.lo libburn/sector.lo libburn/sg.lo libburn/source.lo libburn/spc.lo libburn/structure.lo libburn/toc.lo libburn/util.lo libburn/write.lo  -lpthread 
libtool: link: cc -DDEBUG -g -pedantic -Wall -Wextra -Wno-unused-parameter -Wno-char-subscripts -DLibburn_os_has_statvfS -Os -fstack-clash-protection -Wformat -Werror=format-security -fno-plt -flto=auto -Wl,--as-needed -Wl,-O1 -Wl,--sort-common -Wl,-z -Wl,pack-relative-relocs -o test/libburner test/test_libburner-libburner.o libburn/.libs/async.o libburn/.libs/cdtext.o libburn/.libs/cleanup.o libburn/.libs/crc.o libburn/.libs/debug.o libburn/.libs/drive.o libburn/.libs/ecma130ab.o libburn/.libs/file.o libburn/.libs/init.o libburn/.libs/libdax_audioxtr.o libburn/.libs/libdax_msgs.o libburn/.libs/mmc.o libburn/.libs/null.o libburn/.libs/options.o libburn/.libs/read.o libburn/.libs/sbc.o libburn/.libs/sector.o libburn/.libs/sg.o libburn/.libs/source.o libburn/.libs/spc.o libburn/.libs/structure.o libburn/.libs/toc.o libburn/.libs/util.o libburn/.libs/write.o  -lpthread
libtool: link: cc -DDEBUG -g -pedantic -Wall -Wextra -Wno-unused-parameter -Wno-char-subscripts -DLibburn_os_has_statvfS -Os -fstack-clash-protection -Wformat -Werror=format-security -fno-plt -flto=auto -Wl,--as-needed -Wl,-O1 -Wl,--sort-common -Wl,-z -Wl,pack-relative-relocs -o test/dewav test/test_dewav-dewav.o libburn/.libs/async.o libburn/.libs/cdtext.o libburn/.libs/cleanup.o libburn/.libs/crc.o libburn/.libs/debug.o libburn/.libs/drive.o libburn/.libs/ecma130ab.o libburn/.libs/file.o libburn/.libs/init.o libburn/.libs/libdax_audioxtr.o libburn/.libs/libdax_msgs.o libburn/.libs/mmc.o libburn/.libs/null.o libburn/.libs/options.o libburn/.libs/read.o libburn/.libs/sbc.o libburn/.libs/sector.o libburn/.libs/sg.o libburn/.libs/source.o libburn/.libs/spc.o libburn/.libs/structure.o libburn/.libs/toc.o libburn/.libs/util.o libburn/.libs/write.o  -lpthread
libtool: link: cc -shared  -fPIC -DPIC  libburn/.libs/async.o libburn/.libs/cdtext.o libburn/.libs/cleanup.o libburn/.libs/crc.o libburn/.libs/debug.o libburn/.libs/drive.o libburn/.libs/ecma130ab.o libburn/.libs/file.o libburn/.libs/init.o libburn/.libs/libdax_audioxtr.o libburn/.libs/libdax_msgs.o libburn/.libs/mmc.o libburn/.libs/null.o libburn/.libs/options.o libburn/.libs/read.o libburn/.libs/sbc.o libburn/.libs/sector.o libburn/.libs/sg.o libburn/.libs/source.o libburn/.libs/spc.o libburn/.libs/structure.o libburn/.libs/toc.o libburn/.libs/util.o libburn/.libs/write.o   -lpthread  -Os -flto=auto -Wl,--version-script=./libburn/libburn.ver -Wl,--as-needed -Wl,-O1 -Wl,--sort-common -Wl,-z -Wl,pack-relative-relocs   -Wl,-soname -Wl,libburn.so.4 -o libburn/.libs/libburn.so.4.109.0
libtool: link: cc -DDEBUG -g -pedantic -Wall -Wextra -Wno-unused-parameter -Wno-char-subscripts -DLibburn_os_has_statvfS -Os -fstack-clash-protection -Wformat -Werror=format-security -fno-plt -flto=auto -Wl,--as-needed -Wl,-O1 -Wl,--sort-common -Wl,-z -Wl,pack-relative-relocs -o test/telltoc test/test_telltoc-telltoc.o libburn/.libs/async.o libburn/.libs/cdtext.o libburn/.libs/cleanup.o libburn/.libs/crc.o libburn/.libs/debug.o libburn/.libs/drive.o libburn/.libs/ecma130ab.o libburn/.libs/file.o libburn/.libs/init.o libburn/.libs/libdax_audioxtr.o libburn/.libs/libdax_msgs.o libburn/.libs/mmc.o libburn/.libs/null.o libburn/.libs/options.o libburn/.libs/read.o libburn/.libs/sbc.o libburn/.libs/sector.o libburn/.libs/sg.o libburn/.libs/source.o libburn/.libs/spc.o libburn/.libs/structure.o libburn/.libs/toc.o libburn/.libs/util.o libburn/.libs/write.o  -lpthread
libtool: link: cc -DDEBUG -g -pedantic -Wall -Wextra -Wno-unused-parameter -Wno-char-subscripts -DLibburn_os_has_statvfS -Os -fstack-clash-protection -Wformat -Werror=format-security -fno-plt -flto=auto -Wl,--as-needed -Wl,-O1 -Wl,--sort-common -Wl,-z -Wl,pack-relative-relocs -o test/offst_source test/test_offst_source-offst_source.o libburn/.libs/async.o libburn/.libs/cdtext.o libburn/.libs/cleanup.o libburn/.libs/crc.o libburn/.libs/debug.o libburn/.libs/drive.o libburn/.libs/ecma130ab.o libburn/.libs/file.o libburn/.libs/init.o libburn/.libs/libdax_audioxtr.o libburn/.libs/libdax_msgs.o libburn/.libs/mmc.o libburn/.libs/null.o libburn/.libs/options.o libburn/.libs/read.o libburn/.libs/sbc.o libburn/.libs/sector.o libburn/.libs/sg.o libburn/.libs/source.o libburn/.libs/spc.o libburn/.libs/structure.o libburn/.libs/toc.o libburn/.libs/util.o libburn/.libs/write.o  -lpthread
libtool: link: cc -DDEBUG -g -pedantic -Wall -Wextra -Wno-unused-parameter -Wno-char-subscripts -DLibburn_os_has_statvfS -Os -fstack-clash-protection -Wformat -Werror=format-security -fno-plt -flto=auto -Wl,--as-needed -Wl,-O1 -Wl,--sort-common -Wl,-z -Wl,pack-relative-relocs -o test/poll test/test_poll-poll.o libburn/.libs/async.o libburn/.libs/cdtext.o libburn/.libs/cleanup.o libburn/.libs/crc.o libburn/.libs/debug.o libburn/.libs/drive.o libburn/.libs/ecma130ab.o libburn/.libs/file.o libburn/.libs/init.o libburn/.libs/libdax_audioxtr.o libburn/.libs/libdax_msgs.o libburn/.libs/mmc.o libburn/.libs/null.o libburn/.libs/options.o libburn/.libs/read.o libburn/.libs/sbc.o libburn/.libs/sector.o libburn/.libs/sg.o libburn/.libs/source.o libburn/.libs/spc.o libburn/.libs/structure.o libburn/.libs/toc.o libburn/.libs/util.o libburn/.libs/write.o  -lpthread
mv -f cdrskin/.deps/cdrskin_cdrskin-cdrskin.Tpo cdrskin/.deps/cdrskin_cdrskin-cdrskin.Po
libtool: link: (cd "libburn/.libs" && rm -f "libburn.so.4" && ln -s "libburn.so.4.109.0" "libburn.so.4")
libtool: link: (cd "libburn/.libs" && rm -f "libburn.so" && ln -s "libburn.so.4.109.0" "libburn.so")
libtool: link: ( cd "libburn/.libs" && rm -f "libburn.la" && ln -s "../libburn.la" "libburn.la" )
/bin/sh ./libtool  --tag=CC   --mode=link cc -DCdrskin_libburn_1_5_6 -DDEBUG -g -pedantic -Wall -Wextra -Wno-unused-parameter -Wno-char-subscripts    -DLibburn_os_has_statvfS -Os -fstack-clash-protection -Wformat -Werror=format-security -fno-plt -flto=auto  -Wl,--as-needed,-O1,--sort-common -Wl,-z,pack-relative-relocs -o cdrskin/cdrskin cdrskin/cdrskin_cdrskin-cdrskin.o cdrskin/cdrskin_cdrskin-cdrfifo.o libburn/libburn.la  -lpthread 
libtool: link: cc -DCdrskin_libburn_1_5_6 -DDEBUG -g -pedantic -Wall -Wextra -Wno-unused-parameter -Wno-char-subscripts -DLibburn_os_has_statvfS -Os -fstack-clash-protection -Wformat -Werror=format-security -fno-plt -flto=auto -Wl,--as-needed -Wl,-O1 -Wl,--sort-common -Wl,-z -Wl,pack-relative-relocs -o cdrskin/.libs/cdrskin cdrskin/cdrskin_cdrskin-cdrskin.o cdrskin/cdrskin_cdrskin-cdrfifo.o  libburn/.libs/libburn.so -lpthread
make: Nothing to be done for 'check'.
>>> libburn: Entering fakeroot...
make[1]: Entering directory '/tmp/src/libburn-1.5.6'
if [ -f ./doc/doc.lock ]; then \
	/bin/sh /tmp/src/libburn-1.5.6/install-sh -d /tmp/pkg/libburn/usr/share/doc/libburn-1.5.6/html; \
	/usr/bin/install -c -m 644 doc/html/* /tmp/pkg/libburn/usr/share/doc/libburn-1.5.6/html; \
fi
 ./install-sh -c -d '/tmp/pkg/libburn/usr/lib'
 ./install-sh -c -d '/tmp/pkg/libburn/usr/include/libburn'
 ./install-sh -c -d '/tmp/pkg/libburn/usr/share/man/man1'
 ./install-sh -c -d '/tmp/pkg/libburn/usr/lib/pkgconfig'
 /bin/sh ./libtool   --mode=install /usr/bin/install -c   libburn/libburn.la '/tmp/pkg/libburn/usr/lib'
libfakeroot internal error: payload not recognized!
 /usr/bin/install -c -m 644 libburn/libburn.h '/tmp/pkg/libburn/usr/include/libburn'
 /usr/bin/install -c -m 644 cdrskin/cdrskin.1 '/tmp/pkg/libburn/usr/share/man/man1'
 /usr/bin/install -c -m 644 libburn-1.pc '/tmp/pkg/libburn/usr/lib/pkgconfig'
libtool: install: /usr/bin/install -c libburn/.libs/libburn.so.4.109.0 /tmp/pkg/libburn/usr/lib/libburn.so.4.109.0
libtool: install: (cd /tmp/pkg/libburn/usr/lib && { ln -s -f libburn.so.4.109.0 libburn.so.4 || { rm -f libburn.so.4 && ln -s libburn.so.4.109.0 libburn.so.4; }; })
libtool: install: (cd /tmp/pkg/libburn/usr/lib && { ln -s -f libburn.so.4.109.0 libburn.so || { rm -f libburn.so && ln -s libburn.so.4.109.0 libburn.so; }; })
libtool: install: /usr/bin/install -c libburn/.libs/libburn.lai /tmp/pkg/libburn/usr/lib/libburn.la
libtool: install: warning: remember to run `libtool --finish /usr/lib'
 ./install-sh -c -d '/tmp/pkg/libburn/usr/bin'
  /bin/sh ./libtool   --mode=install /usr/bin/install -c cdrskin/cdrskin '/tmp/pkg/libburn/usr/bin'
libtool: install: warning: `libburn/libburn.la' has not been installed in `/usr/lib'
libtool: install: /usr/bin/install -c cdrskin/.libs/cdrskin /tmp/pkg/libburn/usr/bin/cdrskin
make  install-exec-hook
make[2]: Entering directory '/tmp/src/libburn-1.5.6'
ldconfig "/tmp/pkg/libburn/usr/lib" || echo 'NOTE: Explicit dynamic library configuration failed. If needed, configure manually for:' "/tmp/pkg/libburn/usr/lib"
make[2]: Leaving directory '/tmp/src/libburn-1.5.6'
make[1]: Leaving directory '/tmp/src/libburn-1.5.6'
>>> libburn-dev*: Running split function dev...
'usr/include' -> '/tmp/pkg/libburn-dev/usr/include'
'usr/lib/pkgconfig' -> '/tmp/pkg/libburn-dev/usr/lib/pkgconfig'
'usr/lib/libburn.so' -> '/tmp/pkg/libburn-dev/usr/lib/libburn.so'
>>> libburn-dev*: Preparing subpackage libburn-dev...
>>> libburn-dev*: Stripping binaries
>>> libburn-dev*: Running postcheck for libburn-dev
>>> libburn-doc*: Running split function doc...
'usr/share/man' -> '/tmp/pkg/libburn-doc/usr/share/man'
>>> libburn-doc*: Preparing subpackage libburn-doc...
>>> libburn-doc*: Running postcheck for libburn-doc
>>> libburn*: Running postcheck for libburn
>>> libburn*: Preparing package libburn...
>>> libburn*: Stripping binaries
>>> libburn-dev*: Scanning shared objects
>>> libburn-doc*: Scanning shared objects
>>> libburn*: Scanning shared objects
>>> libburn-dev*: Tracing dependencies...
	libburn=1.5.6-r0
	pkgconfig
>>> libburn-dev*: Package size: 197.6 KB
>>> libburn-dev*: Compressing data...
>>> libburn-dev*: Create checksum...
>>> libburn-dev*: Create libburn-dev-1.5.6-r0.apk
>>> libburn-doc*: Tracing dependencies...
>>> libburn-doc*: Package size: 26.1 KB
>>> libburn-doc*: Compressing data...
>>> libburn-doc*: Create checksum...
>>> libburn-doc*: Create libburn-doc-1.5.6-r0.apk
>>> libburn*: Tracing dependencies...
	so:libc.musl-x86_64.so.1
>>> libburn*: Package size: 386.6 KB
>>> libburn*: Compressing data...
>>> libburn*: Create checksum...
>>> libburn*: Create libburn-1.5.6-r0.apk
>>> libburn: Updating the main/x86_64 repository index...
>>> libburn: Signing the index...
>>> libburn: Cleaning up srcdir
>>> libburn: Cleaning up build chroot
>>> libburn: Cleaning up pkgdir
