>>> perl-future: Validating /home/packager/oily-pine/main/perl-future/APKBUILD...
>>> perl-future: Cleaning up srcdir
>>> perl-future: Cleaning up pkgdir
>>> perl-future: Cleaning up tmpdir
>>> perl-future: Fetching https://cpan.metacpan.org/authors/id/P/PE/PEVANS/Future-0.51.tar.gz
  % Total    % Received % Xferd  Average Speed   Time    Time     Time  Current
                                 Dload  Upload   Total   Spent    Left  Speed
  0     0    0     0    0     0      0      0 --:--:-- --:--:-- --:--:--     0  0  103k    0     0    0     0      0      0 --:--:-- --:--:-- --:--:--     0100  103k  100  103k    0     0   217k      0 --:--:-- --:--:-- --:--:--  217k
>>> perl-future: Fetching https://cpan.metacpan.org/authors/id/P/PE/PEVANS/Future-0.51.tar.gz
>>> perl-future: Checking sha512sums...
Future-0.51.tar.gz: OK
>>> perl-future: Preparing build chroot...
fetch http://dl-cdn.alpinelinux.org/alpine/edge/main/x86_64/APKINDEX.tar.gz
(1/74) Installing musl (1.2.5-r10)
(2/74) Installing libcrypto3 (3.5.0-r0)
(3/74) Installing ca-certificates-bundle (20241121-r2)
(4/74) Installing libssl3 (3.5.0-r0)
(5/74) Installing zlib (1.3.1-r2)
(6/74) Installing libapk2 (2.14.9-r2)
(7/74) Installing apk-tools (2.14.9-r2)
(8/74) Installing libcap2 (2.76-r0)
(9/74) Installing libcap-getcap (2.76-r0)
(10/74) Installing fakeroot (1.37.1.1-r0)
(11/74) Installing scanelf (1.3.8-r1)
(12/74) Installing musl-utils (1.2.5-r10)
(13/74) Installing libgcc (14.3.0-r1)
(14/74) Installing libstdc++ (14.3.0-r1)
(15/74) Installing lzip (1.25-r0)
(16/74) Installing openssl (3.5.0-r0)
(17/74) Installing patch (2.8-r0)
(18/74) Installing pkgconf (2.4.3-r0)
(19/74) Installing acl-libs (2.3.2-r1)
(20/74) Installing tar (1.35-r3)
(21/74) Installing busybox (1.37.0-r18)
Executing busybox-1.37.0-r18.post-install
(22/74) Installing ssl_client (1.37.0-r18)
(23/74) Installing busybox-binsh (1.37.0-r18)
(24/74) Installing abuild (3.15.0-r0)
Executing abuild-3.15.0-r0.pre-install
(25/74) Installing abuild-sudo (3.15.0-r0)
(26/74) Installing alpine-baselayout-data (3.7.0-r0)
(27/74) Installing alpine-baselayout (3.7.0-r0)
Executing alpine-baselayout-3.7.0-r0.pre-install
Executing alpine-baselayout-3.7.0-r0.post-install
(28/74) Installing bridge (1.5-r5)
(29/74) Installing ifupdown-ng (0.12.1-r7)
(30/74) Installing openrc-user (0.62.2-r2)
(31/74) Installing openrc (0.62.2-r2)
Executing openrc-0.62.2-r2.post-install
(32/74) Installing mdev-conf (4.8-r0)
(33/74) Installing busybox-mdev-openrc (1.37.0-r18)
(34/74) Installing alpine-conf (3.20.0-r0)
(35/74) Installing alpine-keys (2.5-r0)
(36/74) Installing alpine-release (3.22.0-r0)
(37/74) Installing busybox-openrc (1.37.0-r18)
(38/74) Installing busybox-suid (1.37.0-r18)
(39/74) Installing alpine-base (3.22.0-r0)
(40/74) Installing jansson (2.14.1-r0)
(41/74) Installing zstd-libs (1.5.7-r0)
(42/74) Installing binutils (2.44-r0)
(43/74) Installing libmagic (5.46-r2)
(44/74) Installing file (5.46-r2)
(45/74) Installing libgomp (14.3.0-r1)
(46/74) Installing libatomic (14.3.0-r1)
(47/74) Installing gmp (6.3.0-r3)
(48/74) Installing isl26 (0.26-r1)
(49/74) Installing mpfr4 (4.2.1_p1-r0)
(50/74) Installing mpc1 (1.3.1-r1)
(51/74) Installing gcc (14.3.0-r1)
(52/74) Installing libstdc++-dev (14.3.0-r1)
(53/74) Installing musl-dev (1.2.5-r10)
(54/74) Installing g++ (14.3.0-r1)
(55/74) Installing make (4.4.1-r3)
(56/74) Installing fortify-headers (1.1-r5)
(57/74) Installing build-base (0.5-r3)
(58/74) Installing brotli-libs (1.1.0-r2)
(59/74) Installing c-ares (1.34.5-r0)
(60/74) Installing libunistring (1.3-r0)
(61/74) Installing libidn2 (2.3.7-r0)
(62/74) Installing nghttp2-libs (1.65.0-r0)
(63/74) Installing libpsl (0.21.5-r3)
(64/74) Installing libcurl (8.14.0-r2)
(65/74) Installing libexpat (2.7.1-r0)
(66/74) Installing pcre2 (10.43-r1)
(67/74) Installing git (2.49.0-r0)
(68/74) Installing git-init-template (2.49.0-r0)
(69/74) Installing libbz2 (1.0.8-r6)
(70/74) Installing perl (5.40.2-r0)
(71/74) Installing perl-error (0.17030-r0)
(72/74) Installing perl-git (2.49.0-r0)
(73/74) Installing git-perl (2.49.0-r0)
(74/74) Installing perl-module-build (0.4234-r1)
Executing busybox-1.37.0-r18.trigger
OK: 297 MiB in 74 packages
>>> perl-future: Fetching https://cpan.metacpan.org/authors/id/P/PE/PEVANS/Future-0.51.tar.gz
>>> perl-future: Checking sha512sums...
Future-0.51.tar.gz: OK
>>> perl-future: Unpacking /var/cache/distfiles/Future-0.51.tar.gz...
Created MYMETA.yml and MYMETA.json
Creating new 'Build' script for 'Future' version '0.51'
Building Future
t/00use.t ..................... ok
t/01future-pp.t ............... ok
t/01future-xs.t ............... skipped: No Future::XS
t/02cancel-pp.t ............... ok
t/02cancel-xs.t ............... skipped: No Future::XS
t/03then-pp.t ................. ok
t/03then-xs.t ................. skipped: No Future::XS
t/04else-pp.t ................. ok
t/04else-xs.t ................. skipped: No Future::XS
t/05then-else-pp.t ............ ok
t/05then-else-xs.t ............ skipped: No Future::XS
t/06followed_by-pp.t .......... ok
t/06followed_by-xs.t .......... skipped: No Future::XS
t/07catch-pp.t ................ ok
t/07catch-xs.t ................ skipped: No Future::XS
t/09transform-pp.t ............ ok
t/09transform-xs.t ............ skipped: No Future::XS
t/10wait_all-pp.t ............. ok
t/10wait_all-xs.t ............. skipped: No Future::XS
t/11wait_any-pp.t ............. ok
t/11wait_any-xs.t ............. skipped: No Future::XS
t/12needs_all-pp.t ............ ok
t/12needs_all-xs.t ............ skipped: No Future::XS
t/13needs_any-pp.t ............ ok
t/13needs_any-xs.t ............ skipped: No Future::XS
t/20get-pp.t .................. ok
t/20get-xs.t .................. skipped: No Future::XS
t/20subclass-pp.t ............. ok
t/20subclass-xs.t ............. skipped: No Future::XS
t/21debug-pp.t ................ ok
t/21debug-xs.t ................ skipped: No Future::XS
t/22wrap_cb-pp.t .............. ok
t/22wrap_cb-xs.t .............. skipped: No Future::XS
t/23exception-pp.t ............ ok
t/23exception-xs.t ............ skipped: No Future::XS
t/24label-pp.t ................ ok
t/24label-xs.t ................ skipped: No Future::XS
t/25retain-pp.t ............... ok
t/25retain-xs.t ............... skipped: No Future::XS
t/26wrap-unwrap-pp.t .......... ok
t/26wrap-unwrap-xs.t .......... skipped: No Future::XS
t/27udata-pp.t ................ ok
t/27udata-xs.t ................ skipped: No Future::XS
t/30utils-call.t .............. ok
t/31utils-call-with-escape.t .. ok
t/32utils-repeat.t ............ ok
t/33utils-repeat-generate.t ... ok
t/34utils-repeat-foreach.t .... ok
t/35utils-map-void.t .......... ok
t/36utils-map.t ............... ok
t/40mutex.t ................... ok
t/50test-future.t ............. ok
t/51test-future-deferred.t .... ok
t/52awaitable-future-pp.t ..... skipped: No Test::Future::AsyncAwait::Awaitable
t/52awaitable-future-xs.t ..... skipped: No Future::XS
t/99pod.t ..................... skipped: Test::Pod 1.00 required for testing POD
All tests successful.
Files=56, Tests=776,  2 wallclock secs ( 0.07 usr  0.02 sys +  1.69 cusr  0.34 csys =  2.12 CPU)
Result: PASS
>>> perl-future: Entering fakeroot...
Building Future
Installing /tmp/pkg/perl-future/usr/share/perl5/vendor_perl/Future.pm
Installing /tmp/pkg/perl-future/usr/share/perl5/vendor_perl/Test/Future.pm
Installing /tmp/pkg/perl-future/usr/share/perl5/vendor_perl/Test/Future/Deferred.pm
Installing /tmp/pkg/perl-future/usr/share/perl5/vendor_perl/Future/PP.pm
Installing /tmp/pkg/perl-future/usr/share/perl5/vendor_perl/Future/Exception.pm
Installing /tmp/pkg/perl-future/usr/share/perl5/vendor_perl/Future/Phrasebook.pod
Installing /tmp/pkg/perl-future/usr/share/perl5/vendor_perl/Future/Utils.pm
Installing /tmp/pkg/perl-future/usr/share/perl5/vendor_perl/Future/Mutex.pm
Installing /tmp/pkg/perl-future/usr/share/man/man3/Future::Mutex.3pm
Installing /tmp/pkg/perl-future/usr/share/man/man3/Future::Exception.3pm
Installing /tmp/pkg/perl-future/usr/share/man/man3/Future::Utils.3pm
Installing /tmp/pkg/perl-future/usr/share/man/man3/Future::Phrasebook.3pm
Installing /tmp/pkg/perl-future/usr/share/man/man3/Future.3pm
Installing /tmp/pkg/perl-future/usr/share/man/man3/Test::Future::Deferred.3pm
Installing /tmp/pkg/perl-future/usr/share/man/man3/Test::Future.3pm
>>> perl-future-doc*: Running split function doc...
'usr/share/perl5/vendor_perl/Future/Phrasebook.pod' -> '/tmp/pkg/perl-future-doc/usr/share/perl5/vendor_perl/Future/Phrasebook.pod'
'usr/share/man' -> '/tmp/pkg/perl-future-doc/usr/share/man'
>>> perl-future-doc*: Preparing subpackage perl-future-doc...
>>> perl-future-doc*: Running postcheck for perl-future-doc
>>> perl-future*: Running postcheck for perl-future
>>> perl-future*: Preparing package perl-future...
>>> perl-future-doc*: Tracing dependencies...
>>> perl-future-doc*: Package size: 47.9 KB
>>> perl-future-doc*: Compressing data...
>>> perl-future-doc*: Create checksum...
>>> perl-future-doc*: Create perl-future-doc-0.51-r0.apk
>>> perl-future*: Tracing dependencies...
	perl
>>> perl-future*: Package size: 112.6 KB
>>> perl-future*: Compressing data...
>>> perl-future*: Create checksum...
>>> perl-future*: Create perl-future-0.51-r0.apk
>>> perl-future: Updating the main/x86_64 repository index...
>>> perl-future: Signing the index...
>>> perl-future: Cleaning up srcdir
>>> perl-future: Cleaning up build chroot
>>> perl-future: Cleaning up pkgdir
