pigz: not found
>>> acf-samba: Building main/acf-samba 0.10.1-r0 (using abuild 3.14.1-r4) started Thu, 22 May 2025 23:15:39 +0000
>>> acf-samba: Validating /home/packager/aports/main/acf-samba/APKBUILD...
>>> acf-samba: Analyzing dependencies...
>>> acf-samba: Installing for build: build-base acf-core samba
(1/50) Installing acf-jquery (0.4.3-r2)
(2/50) Installing lua-subprocess (0_git20230625-r1)
(3/50) Installing acf-lib (0.11.1-r0)
(4/50) Installing acf-skins (0.6.0-r3)
(5/50) Installing haserl-lua5.4 (0.9.36-r4)
(6/50) Installing acf-lib-lua5.4 (0.11.1-r0)
(7/50) Installing lua5.4-subprocess (0_git20230625-r1)
(8/50) Installing lua5.4-bit32 (5.3.0-r6)
(9/50) Installing lua5.4-posix (36.3-r0)
(10/50) Installing lua5.4-md5 (1.3-r2)
(11/50) Installing lua-json4 (1.0.1-r0)
(12/50) Installing acf-core (0.24.1-r0)
(13/50) Installing nettle (3.10-r1)
(14/50) Installing libffi (3.4.7-r0)
(15/50) Installing libtasn1 (4.20.0-r0)
(16/50) Installing p11-kit (0.25.5-r2)
(17/50) Installing gnutls (3.8.8-r0)
(18/50) Installing icu-data-en (74.2-r0)
Executing icu-data-en-74.2-r0.post-install
*
* If you need ICU with non-English locales and legacy charset support, install
* package icu-data-full.
*
(19/50) Installing icu-libs (74.2-r0)
(20/50) Installing talloc (2.4.2-r1)
(21/50) Installing tevent (0.16.1-r0)
(22/50) Installing samba-util-libs (4.20.6-r1)
(23/50) Installing libwbclient (4.20.6-r1)
(24/50) Installing gdbm (1.24-r0)
(25/50) Installing libsasl (2.1.28-r8)
(26/50) Installing libldap (2.6.8-r0)
(27/50) Installing lmdb (0.9.33-r0)
(28/50) Installing tdb-libs (1.4.12-r0)
(29/50) Installing ldb (2.9.2-r0)
(30/50) Installing popt (1.19-r4)
(31/50) Installing samba-libs (4.20.6-r1)
(32/50) Installing samba-common (4.20.6-r1)
(33/50) Installing acl (2.3.2-r1)
(34/50) Installing linux-pam (1.7.0-r3)
(35/50) Installing libauth-samba (4.20.6-r1)
(36/50) Installing dbus-libs (1.14.10-r4)
(37/50) Installing avahi-libs (0.8-r19)
(38/50) Installing samba-common-server-libs (4.20.6-r1)
(39/50) Installing samba-client-libs (4.20.6-r1)
(40/50) Installing cups-libs (2.4.11-r0)
(41/50) Installing liburing (2.9-r0)
(42/50) Installing samba-server (4.20.6-r1)
(43/50) Installing lz4-libs (1.10.0-r0)
(44/50) Installing xz-libs (5.6.3-r1)
(45/50) Installing libarchive (3.7.9-r0)
(46/50) Installing libsmbclient (4.20.6-r1)
(47/50) Installing samba-client (4.20.6-r1)
(48/50) Installing samba-common-tools (4.20.6-r1)
(49/50) Installing samba (4.20.6-r1)
(50/50) Installing .makedepends-acf-samba (20250522.231542)
Executing busybox-1.37.0-r12.trigger
OK: 361 MiB in 164 packages
>>> acf-samba: Cleaning up srcdir
>>> acf-samba: Cleaning up pkgdir
>>> acf-samba: Cleaning up tmpdir
>>> acf-samba: Fetching https://gitlab.alpinelinux.org/acf/acf-samba/-/archive/v0.10.1/acf-samba-v0.10.1.tar.gz
Connecting to gitlab.alpinelinux.org (172.105.69.85:443)
saving to '/var/cache/distfiles/acf-samba-v0.10.1.tar.gz.part'
acf-samba-v0.10.1.ta 100% |********************************|  4798  0:00:00 ETA
'/var/cache/distfiles/acf-samba-v0.10.1.tar.gz.part' saved
>>> acf-samba: Fetching https://gitlab.alpinelinux.org/acf/acf-samba/-/archive/v0.10.1/acf-samba-v0.10.1.tar.gz
>>> acf-samba: Checking sha512sums...
acf-samba-v0.10.1.tar.gz: OK
>>> acf-samba: Unpacking /var/cache/distfiles/acf-samba-v0.10.1.tar.gz...
>>> acf-samba: Entering fakeroot...
mkdir -p "/home/packager/aports/main/acf-samba/pkg/acf-samba//usr/share/acf/app/samba"
cp -a samba*  "/home/packager/aports/main/acf-samba/pkg/acf-samba//usr/share/acf/app/samba"
>>> acf-samba*: Running postcheck for acf-samba
>>> acf-samba*: Preparing package acf-samba...
libfakeroot internal error: payload not recognized!
>>> acf-samba*: Tracing dependencies...
	acf-core
	samba
>>> acf-samba*: Package size: 16.1 KB
>>> acf-samba*: Compressing data...
>>> acf-samba*: Create checksum...
libfakeroot internal error: payload not recognized!
pigz: not found
>>> acf-samba*: Create acf-samba-0.10.1-r0.apk
>>> acf-samba: Build complete at Thu, 22 May 2025 23:15:46 +0000 elapsed time 0h 0m 7s
>>> acf-samba: Cleaning up srcdir
>>> acf-samba: Cleaning up pkgdir
>>> acf-samba: Uninstalling dependencies...
(1/50) Purging .makedepends-acf-samba (20250522.231542)
(2/50) Purging acf-core (0.24.1-r0)
(3/50) Purging acf-jquery (0.4.3-r2)
(4/50) Purging acf-lib-lua5.4 (0.11.1-r0)
(5/50) Purging acf-lib (0.11.1-r0)
(6/50) Purging lua-subprocess (0_git20230625-r1)
(7/50) Purging acf-skins (0.6.0-r3)
(8/50) Purging haserl-lua5.4 (0.9.36-r4)
(9/50) Purging lua5.4-posix (36.3-r0)
(10/50) Purging lua5.4-bit32 (5.3.0-r6)
(11/50) Purging lua5.4-md5 (1.3-r2)
(12/50) Purging lua-json4 (1.0.1-r0)
(13/50) Purging lua5.4-subprocess (0_git20230625-r1)
(14/50) Purging samba (4.20.6-r1)
(15/50) Purging samba-server (4.20.6-r1)
(16/50) Purging acl (2.3.2-r1)
(17/50) Purging samba-client (4.20.6-r1)
(18/50) Purging samba-common (4.20.6-r1)
(19/50) Purging samba-common-tools (4.20.6-r1)
(20/50) Purging cups-libs (2.4.11-r0)
(21/50) Purging libarchive (3.7.9-r0)
(22/50) Purging libsmbclient (4.20.6-r1)
(23/50) Purging liburing (2.9-r0)
(24/50) Purging lz4-libs (1.10.0-r0)
(25/50) Purging samba-client-libs (4.20.6-r1)
(26/50) Purging samba-common-server-libs (4.20.6-r1)
(27/50) Purging xz-libs (5.6.3-r1)
(28/50) Purging avahi-libs (0.8-r19)
(29/50) Purging dbus-libs (1.14.10-r4)
(30/50) Purging libauth-samba (4.20.6-r1)
(31/50) Purging samba-libs (4.20.6-r1)
(32/50) Purging libldap (2.6.8-r0)
(33/50) Purging libsasl (2.1.28-r8)
(34/50) Purging gdbm (1.24-r0)
(35/50) Purging samba-util-libs (4.20.6-r1)
(36/50) Purging gnutls (3.8.8-r0)
(37/50) Purging icu-libs (74.2-r0)
(38/50) Purging icu-data-en (74.2-r0)
(39/50) Purging ldb (2.9.2-r0)
(40/50) Purging p11-kit (0.25.5-r2)
(41/50) Purging libffi (3.4.7-r0)
(42/50) Purging libtasn1 (4.20.0-r0)
(43/50) Purging libwbclient (4.20.6-r1)
(44/50) Purging linux-pam (1.7.0-r3)
(45/50) Purging lmdb (0.9.33-r0)
(46/50) Purging nettle (3.10-r1)
(47/50) Purging popt (1.19-r4)
(48/50) Purging tevent (0.16.1-r0)
(49/50) Purging talloc (2.4.2-r1)
(50/50) Purging tdb-libs (1.4.12-r0)
Executing busybox-1.37.0-r12.trigger
OK: 313 MiB in 114 packages
>>> acf-samba: Updating the main/x86_64 repository index...
>>> acf-samba: Signing the index...
pigz: not found
