>>> ruby-racc: Validating /home/packager/oily-pine/main/ruby-racc/APKBUILD...
>>> ruby-racc: Cleaning up srcdir
>>> ruby-racc: Cleaning up pkgdir
>>> ruby-racc: Cleaning up tmpdir
>>> ruby-racc: Fetching https://github.com/ruby/racc/archive/v1.8.1/racc-1.8.1.tar.gz
  % Total    % Received % Xferd  Average Speed   Time    Time     Time  Current
                                 Dload  Upload   Total   Spent    Left  Speed
  0     0    0     0    0     0      0      0 --:--:-- --:--:-- --:--:--     0  0     0    0     0    0     0      0      0 --:--:-- --:--:-- --:--:--     0
  0     0    0     0    0     0      0      0 --:--:-- --:--:-- --:--:--     0100  448k    0  448k    0     0   535k      0 --:--:-- --:--:-- --:--:-- 1161k
>>> ruby-racc: Fetching https://github.com/ruby/racc/archive/v1.8.1/racc-1.8.1.tar.gz
>>> ruby-racc: Checking sha512sums...
racc-1.8.1.tar.gz: OK
>>> ruby-racc: Preparing build chroot...
fetch http://dl-cdn.alpinelinux.org/alpine/edge/main/x86_64/APKINDEX.tar.gz
(1/84) Installing musl (1.2.5-r10)
(2/84) Installing libcrypto3 (3.5.0-r0)
(3/84) Installing ca-certificates-bundle (20241121-r2)
(4/84) Installing libssl3 (3.5.0-r0)
(5/84) Installing zlib (1.3.1-r2)
(6/84) Installing libapk2 (2.14.9-r2)
(7/84) Installing apk-tools (2.14.9-r2)
(8/84) Installing libcap2 (2.76-r0)
(9/84) Installing libcap-getcap (2.76-r0)
(10/84) Installing fakeroot (1.37.1.1-r0)
(11/84) Installing scanelf (1.3.8-r1)
(12/84) Installing musl-utils (1.2.5-r10)
(13/84) Installing libgcc (14.3.0-r1)
(14/84) Installing libstdc++ (14.3.0-r1)
(15/84) Installing lzip (1.25-r0)
(16/84) Installing openssl (3.5.0-r0)
(17/84) Installing patch (2.8-r0)
(18/84) Installing pkgconf (2.4.3-r0)
(19/84) Installing acl-libs (2.3.2-r1)
(20/84) Installing tar (1.35-r3)
(21/84) Installing busybox (1.37.0-r18)
Executing busybox-1.37.0-r18.post-install
(22/84) Installing ssl_client (1.37.0-r18)
(23/84) Installing busybox-binsh (1.37.0-r18)
(24/84) Installing abuild (3.15.0-r0)
Executing abuild-3.15.0-r0.pre-install
(25/84) Installing abuild-sudo (3.15.0-r0)
(26/84) Installing alpine-baselayout-data (3.7.0-r0)
(27/84) Installing alpine-baselayout (3.7.0-r0)
Executing alpine-baselayout-3.7.0-r0.pre-install
Executing alpine-baselayout-3.7.0-r0.post-install
(28/84) Installing bridge (1.5-r5)
(29/84) Installing ifupdown-ng (0.12.1-r7)
(30/84) Installing openrc-user (0.62.2-r2)
(31/84) Installing openrc (0.62.2-r2)
Executing openrc-0.62.2-r2.post-install
(32/84) Installing mdev-conf (4.8-r0)
(33/84) Installing busybox-mdev-openrc (1.37.0-r18)
(34/84) Installing alpine-conf (3.20.0-r0)
(35/84) Installing alpine-keys (2.5-r0)
(36/84) Installing alpine-release (3.22.0-r0)
(37/84) Installing busybox-openrc (1.37.0-r18)
(38/84) Installing busybox-suid (1.37.0-r18)
(39/84) Installing alpine-base (3.22.0-r0)
(40/84) Installing jansson (2.14.1-r0)
(41/84) Installing zstd-libs (1.5.7-r0)
(42/84) Installing binutils (2.44-r0)
(43/84) Installing libmagic (5.46-r2)
(44/84) Installing file (5.46-r2)
(45/84) Installing libgomp (14.3.0-r1)
(46/84) Installing libatomic (14.3.0-r1)
(47/84) Installing gmp (6.3.0-r3)
(48/84) Installing isl26 (0.26-r1)
(49/84) Installing mpfr4 (4.2.1_p1-r0)
(50/84) Installing mpc1 (1.3.1-r1)
(51/84) Installing gcc (14.3.0-r1)
(52/84) Installing libstdc++-dev (14.3.0-r1)
(53/84) Installing musl-dev (1.2.5-r10)
(54/84) Installing g++ (14.3.0-r1)
(55/84) Installing make (4.4.1-r3)
(56/84) Installing fortify-headers (1.1-r5)
(57/84) Installing build-base (0.5-r3)
(58/84) Installing brotli-libs (1.1.0-r2)
(59/84) Installing c-ares (1.34.5-r0)
(60/84) Installing libunistring (1.3-r0)
(61/84) Installing libidn2 (2.3.7-r0)
(62/84) Installing nghttp2-libs (1.65.0-r0)
(63/84) Installing libpsl (0.21.5-r3)
(64/84) Installing libcurl (8.14.0-r2)
(65/84) Installing libexpat (2.7.1-r0)
(66/84) Installing pcre2 (10.43-r1)
(67/84) Installing git (2.49.0-r0)
(68/84) Installing git-init-template (2.49.0-r0)
(69/84) Installing ca-certificates (20241121-r2)
(70/84) Installing libffi (3.4.8-r0)
(71/84) Installing yaml (0.2.5-r2)
(72/84) Installing ruby-libs (3.4.4-r0)
(73/84) Installing libucontext (1.3.2-r0)
(74/84) Installing ruby (3.4.4-r0)
(75/84) Installing ruby-rdoc (3.4.4-r0)
(76/84) Installing libgmpxx (6.3.0-r3)
(77/84) Installing gmp-dev (6.3.0-r3)
(78/84) Installing libucontext-dev (1.3.2-r0)
(79/84) Installing ruby-dev (3.4.4-r0)
(80/84) Installing ruby-rake (13.2.1-r1)
(81/84) Installing ruby-rake-compiler (1.3.0-r0)
(82/84) Installing ruby-power_assert (2.0.5-r0)
(83/84) Installing ruby-test-unit (3.6.8-r0)
(84/84) Installing ruby-test-unit-ruby-core (1.0.6-r0)
Executing busybox-1.37.0-r18.trigger
Executing ca-certificates-20241121-r2.trigger
OK: 281 MiB in 84 packages
>>> ruby-racc: Fetching https://github.com/ruby/racc/archive/v1.8.1/racc-1.8.1.tar.gz
>>> ruby-racc: Checking sha512sums...
racc-1.8.1.tar.gz: OK
>>> ruby-racc: Unpacking /var/cache/distfiles/racc-1.8.1.tar.gz...
/usr/bin/ruby -I. ../../../../ext/racc/cparse/extconf.rb
mkdir -p lib/3.4.4/x86_64-linux-musl/racc
mkdir -p tmp/x86_64-linux-musl/cparse/3.4.4
cd tmp/x86_64-linux-musl/cparse/3.4.4
creating Makefile
/usr/bin/gmake
cd -
cd tmp/x86_64-linux-musl/cparse/3.4.4
compiling ../../../../ext/racc/cparse/cparse.c
linking shared-object racc/cparse.so
/usr/bin/gmake install sitearchdir=../../../../lib/3.4.4/x86_64-linux-musl/racc sitelibdir=../../../../lib/3.4.4/x86_64-linux-musl/racc target_prefix=
cd -
mkdir -p tmp/x86_64-linux-musl/stage/lib/3.4.4/x86_64-linux-musl/racc
install -m 0755 cparse.so ../../../../lib/3.4.4/x86_64-linux-musl/racc
cp tmp/x86_64-linux-musl/cparse/3.4.4/cparse.so tmp/x86_64-linux-musl/stage/lib/3.4.4/x86_64-linux-musl/racc/cparse.so
  Successfully built RubyGem
  Name: racc
  Version: 1.8.1
  File: racc-1.8.1.gem
/tmp/src/racc-1.8.1/dist/gems/racc-1.8.1/BSDL
/tmp/src/racc-1.8.1/dist/gems/racc-1.8.1/COPYING
/tmp/src/racc-1.8.1/dist/gems/racc-1.8.1/ChangeLog
/tmp/src/racc-1.8.1/dist/gems/racc-1.8.1/README.ja.rdoc
/tmp/src/racc-1.8.1/dist/gems/racc-1.8.1/README.rdoc
/tmp/src/racc-1.8.1/dist/gems/racc-1.8.1/TODO
/tmp/src/racc-1.8.1/dist/gems/racc-1.8.1/bin/racc
/tmp/src/racc-1.8.1/dist/gems/racc-1.8.1/doc/en/grammar.en.rdoc
/tmp/src/racc-1.8.1/dist/gems/racc-1.8.1/doc/en/grammar2.en.rdoc
/tmp/src/racc-1.8.1/dist/gems/racc-1.8.1/doc/ja/command.ja.html
/tmp/src/racc-1.8.1/dist/gems/racc-1.8.1/doc/ja/debug.ja.rdoc
/tmp/src/racc-1.8.1/dist/gems/racc-1.8.1/doc/ja/grammar.ja.rdoc
/tmp/src/racc-1.8.1/dist/gems/racc-1.8.1/doc/ja/index.ja.html
/tmp/src/racc-1.8.1/dist/gems/racc-1.8.1/doc/ja/parser.ja.rdoc
/tmp/src/racc-1.8.1/dist/gems/racc-1.8.1/doc/ja/usage.ja.html
/tmp/src/racc-1.8.1/dist/gems/racc-1.8.1/ext/racc/cparse/cparse.c
/tmp/src/racc-1.8.1/dist/gems/racc-1.8.1/ext/racc/cparse/extconf.rb
/tmp/src/racc-1.8.1/dist/gems/racc-1.8.1/lib/racc.rb
/tmp/src/racc-1.8.1/dist/gems/racc-1.8.1/lib/racc/compat.rb
/tmp/src/racc-1.8.1/dist/gems/racc-1.8.1/lib/racc/debugflags.rb
/tmp/src/racc-1.8.1/dist/gems/racc-1.8.1/lib/racc/exception.rb
/tmp/src/racc-1.8.1/dist/gems/racc-1.8.1/lib/racc/grammar.rb
/tmp/src/racc-1.8.1/dist/gems/racc-1.8.1/lib/racc/grammarfileparser.rb
/tmp/src/racc-1.8.1/dist/gems/racc-1.8.1/lib/racc/info.rb
/tmp/src/racc-1.8.1/dist/gems/racc-1.8.1/lib/racc/iset.rb
/tmp/src/racc-1.8.1/dist/gems/racc-1.8.1/lib/racc/logfilegenerator.rb
/tmp/src/racc-1.8.1/dist/gems/racc-1.8.1/lib/racc/parser-text.rb
/tmp/src/racc-1.8.1/dist/gems/racc-1.8.1/lib/racc/parser.rb
/tmp/src/racc-1.8.1/dist/gems/racc-1.8.1/lib/racc/parserfilegenerator.rb
/tmp/src/racc-1.8.1/dist/gems/racc-1.8.1/lib/racc/sourcetext.rb
/tmp/src/racc-1.8.1/dist/gems/racc-1.8.1/lib/racc/state.rb
/tmp/src/racc-1.8.1/dist/gems/racc-1.8.1/lib/racc/statetransitiontable.rb
/tmp/src/racc-1.8.1/dist/gems/racc-1.8.1/lib/racc/static.rb
Building native extensions. This could take a while...
current directory: /tmp/src/racc-1.8.1/dist/gems/racc-1.8.1/ext/racc/cparse
["/usr/bin/ruby", "extconf.rb"]
creating Makefile
current directory: /tmp/src/racc-1.8.1/dist/gems/racc-1.8.1/ext/racc/cparse
["make", "DESTDIR=", "sitearchdir=./.gem.20250601-59-q78gms", "sitelibdir=./.gem.20250601-59-q78gms", "clean"]
current directory: /tmp/src/racc-1.8.1/dist/gems/racc-1.8.1/ext/racc/cparse
["make", "DESTDIR=", "sitearchdir=./.gem.20250601-59-q78gms", "sitelibdir=./.gem.20250601-59-q78gms"]
compiling cparse.c
linking shared-object racc/cparse.so
current directory: /tmp/src/racc-1.8.1/dist/gems/racc-1.8.1/ext/racc/cparse
["make", "DESTDIR=", "sitearchdir=./.gem.20250601-59-q78gms", "sitelibdir=./.gem.20250601-59-q78gms", "install"]
install -m 0755 cparse.so ./.gem.20250601-59-q78gms/racc
current directory: /tmp/src/racc-1.8.1/dist/gems/racc-1.8.1/ext/racc/cparse
["make", "DESTDIR=", "sitearchdir=./.gem.20250601-59-q78gms", "sitelibdir=./.gem.20250601-59-q78gms", "clean"]
current directory: /tmp/src/racc-1.8.1/dist/gems/racc-1.8.1/ext/racc/cparse
/usr/bin/ruby extconf.rb
current directory: /tmp/src/racc-1.8.1/dist/gems/racc-1.8.1/ext/racc/cparse
make DESTDIR\= sitearchdir\=./.gem.20250601-59-q78gms sitelibdir\=./.gem.20250601-59-q78gms clean
current directory: /tmp/src/racc-1.8.1/dist/gems/racc-1.8.1/ext/racc/cparse
make DESTDIR\= sitearchdir\=./.gem.20250601-59-q78gms sitelibdir\=./.gem.20250601-59-q78gms
current directory: /tmp/src/racc-1.8.1/dist/gems/racc-1.8.1/ext/racc/cparse
make DESTDIR\= sitearchdir\=./.gem.20250601-59-q78gms sitelibdir\=./.gem.20250601-59-q78gms install
current directory: /tmp/src/racc-1.8.1/dist/gems/racc-1.8.1/ext/racc/cparse
make DESTDIR\= sitearchdir\=./.gem.20250601-59-q78gms sitelibdir\=./.gem.20250601-59-q78gms clean
/tmp/src/racc-1.8.1/dist/bin/racc
Successfully installed racc-1.8.1
1 gem installed
/usr/bin/gmake install sitearchdir=../../../../lib/3.4.4/x86_64-linux-musl/racc sitelibdir=../../../../lib/3.4.4/x86_64-linux-musl/racc target_prefix=
install -m 0755 cparse.so ../../../../lib/3.4.4/x86_64-linux-musl/racc
cp tmp/x86_64-linux-musl/cparse/3.4.4/cparse.so tmp/x86_64-linux-musl/stage/lib/3.4.4/x86_64-linux-musl/racc/cparse.so
Loaded suite /usr/lib/ruby/gems/3.4.0/gems/rake-13.2.1/lib/rake/rake_test_loader
Started
Finished in 6.068145886 seconds.
-------------------------------------------------------------------------------
71 tests, 319 assertions, 0 failures, 0 errors, 0 pendings, 0 omissions, 0 notifications
100% passed
-------------------------------------------------------------------------------
11.70 tests/s, 52.57 assertions/s
>>> ruby-racc: Entering fakeroot...
>>> ruby-racc-doc*: Running split function doc...
'usr/lib/ruby/gems/3.4.0/doc' -> '/tmp/pkg/ruby-racc-doc/usr/lib/ruby/gems/3.4.0/doc'
>>> ruby-racc-doc*: Preparing subpackage ruby-racc-doc...
>>> ruby-racc-doc*: Running postcheck for ruby-racc-doc
>>> ruby-racc*: Running postcheck for ruby-racc
>>> ruby-racc*: Preparing package ruby-racc...
>>> ruby-racc*: Stripping binaries
>>> ruby-racc-doc*: Scanning shared objects
>>> ruby-racc*: Scanning shared objects
>>> ruby-racc-doc*: Tracing dependencies...
	ruby
>>> ruby-racc-doc*: Package size: 1.0 B
>>> ruby-racc-doc*: Compressing data...
>>> ruby-racc-doc*: Create checksum...
>>> ruby-racc-doc*: Create ruby-racc-doc-1.8.1-r0.apk
>>> ruby-racc*: Tracing dependencies...
	ruby
	so:libc.musl-x86_64.so.1
	so:libruby.so.3.4
>>> ruby-racc*: Package size: 184.5 KB
>>> ruby-racc*: Compressing data...
>>> ruby-racc*: Create checksum...
>>> ruby-racc*: Create ruby-racc-1.8.1-r0.apk
>>> ruby-racc: Updating the main/x86_64 repository index...
>>> ruby-racc: Signing the index...
>>> ruby-racc: Cleaning up srcdir
>>> ruby-racc: Cleaning up build chroot
>>> ruby-racc: Cleaning up pkgdir
