pigz: not found
>>> ngtcp2: Building main/ngtcp2 1.12.0-r0 (using abuild 3.14.1-r4) started Fri, 23 May 2025 17:46:48 +0000
>>> ngtcp2: Validating /home/packager/aports/main/ngtcp2/APKBUILD...
>>> ngtcp2: Analyzing dependencies...
>>> ngtcp2: Installing for build: build-base cmake gnutls-dev samurai cunit-dev
(1/22) Installing lz4-libs (1.10.0-r0)
(2/22) Installing xz-libs (5.6.3-r1)
(3/22) Installing libarchive (3.7.9-r0)
(4/22) Installing rhash-libs (1.4.5-r0)
(5/22) Installing libuv (1.49.2-r0)
(6/22) Installing cmake (3.31.7-r0)
(7/22) Installing nettle (3.10-r1)
(8/22) Installing libffi (3.4.7-r0)
(9/22) Installing libtasn1 (4.20.0-r0)
(10/22) Installing p11-kit (0.25.5-r2)
(11/22) Installing gnutls (3.8.8-r0)
(12/22) Installing gnutls-c++ (3.8.8-r0)
(13/22) Installing nettle-dev (3.10-r1)
(14/22) Installing libidn2-dev (2.3.7-r0)
(15/22) Installing libtasn1-progs (4.20.0-r0)
(16/22) Installing libtasn1-dev (4.20.0-r0)
(17/22) Installing p11-kit-dev (0.25.5-r2)
(18/22) Installing gnutls-dev (3.8.8-r0)
(19/22) Installing samurai (1.2-r6)
(20/22) Installing cunit (2.1.3-r7)
(21/22) Installing cunit-dev (2.1.3-r7)
(22/22) Installing .makedepends-ngtcp2 (20250523.174649)
Executing busybox-1.37.0-r12.trigger
OK: 623 MiB in 154 packages
>>> ngtcp2: Cleaning up srcdir
>>> ngtcp2: Cleaning up pkgdir
>>> ngtcp2: Cleaning up tmpdir
>>> ngtcp2: Fetching https://github.com/ngtcp2/ngtcp2/releases/download/v1.12.0/ngtcp2-1.12.0.tar.xz
Connecting to github.com (140.82.121.3:443)
Connecting to objects.githubusercontent.com (185.199.109.133:443)
saving to '/var/cache/distfiles/ngtcp2-1.12.0.tar.xz.part'
ngtcp2-1.12.0.tar.xz 100% |********************************|  640k  0:00:00 ETA
'/var/cache/distfiles/ngtcp2-1.12.0.tar.xz.part' saved
>>> ngtcp2: Fetching https://github.com/ngtcp2/ngtcp2/releases/download/v1.12.0/ngtcp2-1.12.0.tar.xz
>>> ngtcp2: Checking sha512sums...
ngtcp2-1.12.0.tar.xz: OK
>>> ngtcp2: Unpacking /var/cache/distfiles/ngtcp2-1.12.0.tar.xz...
-- The C compiler identification is GNU 14.2.0
-- The CXX compiler identification is GNU 14.2.0
-- Detecting C compiler ABI info
-- Detecting C compiler ABI info - failed
-- Check for working C compiler: /usr/bin/gcc
-- Check for working C compiler: /usr/bin/gcc - broken
CMake Error at /usr/share/cmake/Modules/CMakeTestCCompiler.cmake:67 (message):
  The C compiler

    "/usr/bin/gcc"

  is not able to compile a simple test program.

  It fails with the following output:

    Change Dir: '/home/packager/aports/main/ngtcp2/src/ngtcp2-1.12.0/build-static/CMakeFiles/CMakeScratch/TryCompile-mPgIpb'
    
    Run Build Command(s): /usr/bin/ninja -v cmTC_ebfe8
    [1/2] /usr/bin/gcc   -Os -fstack-clash-protection -Wformat -Werror=format-security -fno-plt -o CMakeFiles/cmTC_ebfe8.dir/testCCompiler.c.o -c /home/packager/aports/main/ngtcp2/src/ngtcp2-1.12.0/build-static/CMakeFiles/CMakeScratch/TryCompile-mPgIpb/testCCompiler.c
    [2/2] : && /usr/bin/gcc -Os -fstack-clash-protection -Wformat -Werror=format-security -fno-plt -Wl,--as-needed,-O1,--sort-common -Wl,-z,pack-relative-relocs CMakeFiles/cmTC_ebfe8.dir/testCCompiler.c.o -o cmTC_ebfe8   && :
    ninja: job failed: : && /usr/bin/gcc -Os -fstack-clash-protection -Wformat -Werror=format-security -fno-plt -Wl,--as-needed,-O1,--sort-common -Wl,-z,pack-relative-relocs CMakeFiles/cmTC_ebfe8.dir/testCCompiler.c.o -o cmTC_ebfe8   && :
    /usr/lib/gcc/x86_64-alpine-linux-musl/14.2.0/../../../../x86_64-alpine-linux-musl/bin/ld: cmTC_ebfe8: error: PHDR segment not covered by LOAD segment
    /usr/lib/gcc/x86_64-alpine-linux-musl/14.2.0/../../../../x86_64-alpine-linux-musl/bin/ld: warning: cmTC_ebfe8 has a LOAD segment with RWX permissions
    collect2: error: ld returned 1 exit status
    ninja: subcommand failed
    
    

  

  CMake will not be able to correctly generate this project.
Call Stack (most recent call first):
  CMakeLists.txt:31 (project)


-- Configuring incomplete, errors occurred!
>>> ERROR: ngtcp2: build failed
>>> ngtcp2: Uninstalling dependencies...
(1/22) Purging .makedepends-ngtcp2 (20250523.174649)
(2/22) Purging cmake (3.31.7-r0)
(3/22) Purging gnutls-dev (3.8.8-r0)
(4/22) Purging gnutls-c++ (3.8.8-r0)
(5/22) Purging gnutls (3.8.8-r0)
(6/22) Purging samurai (1.2-r6)
(7/22) Purging cunit-dev (2.1.3-r7)
(8/22) Purging cunit (2.1.3-r7)
(9/22) Purging libarchive (3.7.9-r0)
(10/22) Purging libidn2-dev (2.3.7-r0)
(11/22) Purging libtasn1-dev (4.20.0-r0)
(12/22) Purging libtasn1-progs (4.20.0-r0)
(13/22) Purging libuv (1.49.2-r0)
(14/22) Purging lz4-libs (1.10.0-r0)
(15/22) Purging nettle-dev (3.10-r1)
(16/22) Purging nettle (3.10-r1)
(17/22) Purging p11-kit-dev (0.25.5-r2)
(18/22) Purging p11-kit (0.25.5-r2)
(19/22) Purging rhash-libs (1.4.5-r0)
(20/22) Purging xz-libs (5.6.3-r1)
(21/22) Purging libffi (3.4.7-r0)
(22/22) Purging libtasn1 (4.20.0-r0)
Executing busybox-1.37.0-r12.trigger
OK: 564 MiB in 132 packages
