>>> gnu-efi: Validating /home/packager/oily-pine/main/gnu-efi/APKBUILD...
>>> gnu-efi: Cleaning up srcdir
>>> gnu-efi: Cleaning up pkgdir
>>> gnu-efi: Cleaning up tmpdir
>>> gnu-efi: Fetching https://github.com/ncroxon/gnu-efi/archive/refs/tags/4.0.0/gnu-efi-4.0.0.tar.gz
  % Total    % Received % Xferd  Average Speed   Time    Time     Time  Current
                                 Dload  Upload   Total   Spent    Left  Speed
  0     0    0     0    0     0      0      0 --:--:-- --:--:-- --:--:--     0  0     0    0     0    0     0      0      0 --:--:-- --:--:-- --:--:--     0
  0     0    0     0    0     0      0      0 --:--:-- --:--:-- --:--:--     0100  223k    0  223k    0     0   271k      0 --:--:-- --:--:-- --:--:--  862k
>>> gnu-efi: Fetching https://github.com/ncroxon/gnu-efi/archive/refs/tags/4.0.0/gnu-efi-4.0.0.tar.gz
>>> gnu-efi: Checking sha512sums...
gnu-efi-4.0.0.tar.gz: OK
>>> gnu-efi: Preparing build chroot...
fetch http://dl-cdn.alpinelinux.org/alpine/edge/main/x86_64/APKINDEX.tar.gz
(1/68) Installing musl (1.2.5-r10)
(2/68) Installing libcrypto3 (3.5.0-r0)
(3/68) Installing ca-certificates-bundle (20241121-r2)
(4/68) Installing libssl3 (3.5.0-r0)
(5/68) Installing zlib (1.3.1-r2)
(6/68) Installing libapk2 (2.14.9-r2)
(7/68) Installing apk-tools (2.14.9-r2)
(8/68) Installing libcap2 (2.76-r0)
(9/68) Installing libcap-getcap (2.76-r0)
(10/68) Installing fakeroot (1.37.1.1-r0)
(11/68) Installing scanelf (1.3.8-r1)
(12/68) Installing musl-utils (1.2.5-r10)
(13/68) Installing libgcc (14.3.0-r1)
(14/68) Installing libstdc++ (14.3.0-r1)
(15/68) Installing lzip (1.25-r0)
(16/68) Installing openssl (3.5.0-r0)
(17/68) Installing patch (2.8-r0)
(18/68) Installing pkgconf (2.4.3-r0)
(19/68) Installing acl-libs (2.3.2-r1)
(20/68) Installing tar (1.35-r3)
(21/68) Installing busybox (1.37.0-r18)
Executing busybox-1.37.0-r18.post-install
(22/68) Installing ssl_client (1.37.0-r18)
(23/68) Installing busybox-binsh (1.37.0-r18)
(24/68) Installing abuild (3.15.0-r0)
Executing abuild-3.15.0-r0.pre-install
(25/68) Installing abuild-sudo (3.15.0-r0)
(26/68) Installing alpine-baselayout-data (3.7.0-r0)
(27/68) Installing alpine-baselayout (3.7.0-r0)
Executing alpine-baselayout-3.7.0-r0.pre-install
Executing alpine-baselayout-3.7.0-r0.post-install
(28/68) Installing bridge (1.5-r5)
(29/68) Installing ifupdown-ng (0.12.1-r7)
(30/68) Installing openrc-user (0.62.2-r2)
(31/68) Installing openrc (0.62.2-r2)
Executing openrc-0.62.2-r2.post-install
(32/68) Installing mdev-conf (4.8-r0)
(33/68) Installing busybox-mdev-openrc (1.37.0-r18)
(34/68) Installing alpine-conf (3.20.0-r0)
(35/68) Installing alpine-keys (2.5-r0)
(36/68) Installing alpine-release (3.22.0-r0)
(37/68) Installing busybox-openrc (1.37.0-r18)
(38/68) Installing busybox-suid (1.37.0-r18)
(39/68) Installing alpine-base (3.22.0-r0)
(40/68) Installing jansson (2.14.1-r0)
(41/68) Installing zstd-libs (1.5.7-r0)
(42/68) Installing binutils (2.44-r0)
(43/68) Installing libmagic (5.46-r2)
(44/68) Installing file (5.46-r2)
(45/68) Installing libgomp (14.3.0-r1)
(46/68) Installing libatomic (14.3.0-r1)
(47/68) Installing gmp (6.3.0-r3)
(48/68) Installing isl26 (0.26-r1)
(49/68) Installing mpfr4 (4.2.1_p1-r0)
(50/68) Installing mpc1 (1.3.1-r1)
(51/68) Installing gcc (14.3.0-r1)
(52/68) Installing libstdc++-dev (14.3.0-r1)
(53/68) Installing musl-dev (1.2.5-r10)
(54/68) Installing g++ (14.3.0-r1)
(55/68) Installing make (4.4.1-r3)
(56/68) Installing fortify-headers (1.1-r5)
(57/68) Installing build-base (0.5-r3)
(58/68) Installing brotli-libs (1.1.0-r2)
(59/68) Installing c-ares (1.34.5-r0)
(60/68) Installing libunistring (1.3-r0)
(61/68) Installing libidn2 (2.3.7-r0)
(62/68) Installing nghttp2-libs (1.65.0-r0)
(63/68) Installing libpsl (0.21.5-r3)
(64/68) Installing libcurl (8.14.0-r2)
(65/68) Installing libexpat (2.7.1-r0)
(66/68) Installing pcre2 (10.43-r1)
(67/68) Installing git (2.49.0-r0)
(68/68) Installing git-init-template (2.49.0-r0)
Executing busybox-1.37.0-r18.trigger
OK: 260 MiB in 68 packages
>>> gnu-efi: Fetching https://github.com/ncroxon/gnu-efi/archive/refs/tags/4.0.0/gnu-efi-4.0.0.tar.gz
>>> gnu-efi: Checking sha512sums...
gnu-efi-4.0.0.tar.gz: OK
>>> gnu-efi: Unpacking /var/cache/distfiles/gnu-efi-4.0.0.tar.gz...
mkdir -p /tmp/src/gnu-efi-4.0.0/x86_64/lib
make -C /tmp/src/gnu-efi-4.0.0/x86_64/lib -f /tmp/src/gnu-efi-4.0.0//lib/Makefile SRCDIR=/tmp/src/gnu-efi-4.0.0//lib ARCH=x86_64
make[1]: Entering directory '/tmp/src/gnu-efi-4.0.0/x86_64/lib'
  CC       boxdraw.o
  CC       smbios.o
  CC       console.o
  CC       crc.o
  CC       data.o
  CC       debug.o
  CC       dpath.o
  CC       entry.o
  CC       error.o
  CC       event.o
  CC       exit.o
  CC       guid.o
  CC       hand.o
  CC       hw.o
  CC       init.o
  CC       lock.o
  CC       misc.o
  CC       pause.o
  CC       print.o
  CC       sread.o
  CC       str.o
  CC       cmdline.o
  CC       rtlock.o
  CC       efirtlib.o
  CC       rtstr.o
  CC       vm.o
  CC       rtdata.o
  CC       initplat.o
  CC       math.o
  CC       setjmp.o
  CC       callwrap.o
  CC       efi_stub.o
  CC       ctors.o
  AR       libefi.a
ar: creating libefi.a
make[1]: Leaving directory '/tmp/src/gnu-efi-4.0.0/x86_64/lib'
mkdir -p /tmp/src/gnu-efi-4.0.0/x86_64/inc
make -C /tmp/src/gnu-efi-4.0.0/x86_64/inc -f /tmp/src/gnu-efi-4.0.0//inc/Makefile SRCDIR=/tmp/src/gnu-efi-4.0.0//inc ARCH=x86_64
make[1]: Entering directory '/tmp/src/gnu-efi-4.0.0/x86_64/inc'
make[1]: Nothing to be done for 'all'.
make[1]: Leaving directory '/tmp/src/gnu-efi-4.0.0/x86_64/inc'
mkdir -p /tmp/src/gnu-efi-4.0.0/x86_64/gnuefi
make -C /tmp/src/gnu-efi-4.0.0/x86_64/gnuefi -f /tmp/src/gnu-efi-4.0.0//gnuefi/Makefile SRCDIR=/tmp/src/gnu-efi-4.0.0//gnuefi ARCH=x86_64
make[1]: Entering directory '/tmp/src/gnu-efi-4.0.0/x86_64/gnuefi'
  CC       crt0-efi-x86_64.o
  CC       reloc_x86_64.o
  AR       libgnuefi.a
ar: creating libgnuefi.a
  GEN      gnu-efi.pc
make[1]: Leaving directory '/tmp/src/gnu-efi-4.0.0/x86_64/gnuefi'
mkdir -p /tmp/src/gnu-efi-4.0.0/x86_64/apps
make -C /tmp/src/gnu-efi-4.0.0/x86_64/apps -f /tmp/src/gnu-efi-4.0.0//apps/Makefile SRCDIR=/tmp/src/gnu-efi-4.0.0//apps ARCH=x86_64
make[1]: Entering directory '/tmp/src/gnu-efi-4.0.0/x86_64/apps'
  CC       t.o
  LD       t.so
  OBJCOPY  t.efi
  CC       t2.o
  LD       t2.so
  OBJCOPY  t2.efi
  CC       t3.o
  LD       t3.so
  OBJCOPY  t3.efi
  CC       t4.o
  LD       t4.so
  OBJCOPY  t4.efi
  CC       t5.o
  LD       t5.so
  OBJCOPY  t5.efi
  CC       t6.o
  LD       t6.so
  OBJCOPY  t6.efi
  CC       t7.o
  LD       t7.so
  OBJCOPY  t7.efi
  CC       t8.o
  LD       t8.so
  OBJCOPY  t8.efi
  CC       tcc.o
  LD       tcc.so
  OBJCOPY  tcc.efi
  CC       printenv.o
  LD       printenv.so
  OBJCOPY  printenv.efi
  CC       modelist.o
  LD       modelist.so
  OBJCOPY  modelist.efi
  CC       route80h.o
  LD       route80h.so
  OBJCOPY  route80h.efi
  CC       drv0_use.o
  LD       drv0_use.so
  OBJCOPY  drv0_use.efi
  CC       AllocPages.o
  LD       AllocPages.so
  OBJCOPY  AllocPages.efi
  CC       exit.o
  LD       exit.so
  OBJCOPY  exit.efi
  CC       FreePages.o
  LD       FreePages.so
  OBJCOPY  FreePages.efi
  CC       bltgrid.o
  LD       bltgrid.so
  OBJCOPY  bltgrid.efi
  CC       lfbgrid.o
  LD       lfbgrid.so
  OBJCOPY  lfbgrid.efi
  CC       setdbg.o
  LD       setdbg.so
  OBJCOPY  setdbg.efi
  CC       unsetdbg.o
  LD       unsetdbg.so
  OBJCOPY  unsetdbg.efi
  CC       old_ABI.o
  LD       old_ABI.so
  OBJCOPY  old_ABI.efi
  CC       setjmp.o
  LD       setjmp.so
  OBJCOPY  setjmp.efi
  CC       debughook.o
  LD       debughook.so
  OBJCOPY  debughook.efi
  OBJCOPY  debughook.efi.debug
  CC       ctors_test.o
  CC       ctors_fns.o
  LD       ctors_test.so
  OBJCOPY  ctors_test.efi
  CC       ctors_dtors_priority_test.o
  LD       ctors_dtors_priority_test.so
  OBJCOPY  ctors_dtors_priority_test.efi
  CC       drv0.o
  LD       drv0.so
  OBJCOPY  drv0.efi
make[1]: Leaving directory '/tmp/src/gnu-efi-4.0.0/x86_64/apps'
>>> gnu-efi: Entering fakeroot...
make[1]: Entering directory '/tmp/src/gnu-efi-4.0.0/x86_64/lib'
mkdir -p /tmp/pkg/gnu-efi/usr/lib
install -m 644 libefi.a /tmp/pkg/gnu-efi/usr/lib
make[1]: Leaving directory '/tmp/src/gnu-efi-4.0.0/x86_64/lib'
make[1]: Entering directory '/tmp/src/gnu-efi-4.0.0/x86_64/inc'
mkdir -p /tmp/pkg/gnu-efi/usr/include/efi
mkdir -p /tmp/pkg/gnu-efi/usr/include/efi/protocol
mkdir -p /tmp/pkg/gnu-efi/usr/include/efi/x86_64
install -m 644 /tmp/src/gnu-efi-4.0.0//inc/*.h /tmp/pkg/gnu-efi/usr/include/efi
install -m 644 /tmp/src/gnu-efi-4.0.0//inc/protocol/*.h /tmp/pkg/gnu-efi/usr/include/efi/protocol
install -m 644 /tmp/src/gnu-efi-4.0.0//inc/x86_64/*.h /tmp/pkg/gnu-efi/usr/include/efi/x86_64
make[1]: Leaving directory '/tmp/src/gnu-efi-4.0.0/x86_64/inc'
make[1]: Entering directory '/tmp/src/gnu-efi-4.0.0/x86_64/apps'
mkdir -p /tmp/pkg/gnu-efi/usr/lib/gnuefi/apps
install -m 644 t.efi t2.efi t3.efi t4.efi t5.efi t6.efi t7.efi t8.efi tcc.efi printenv.efi modelist.efi route80h.efi drv0_use.efi AllocPages.efi exit.efi FreePages.efi bltgrid.efi lfbgrid.efi setdbg.efi unsetdbg.efi old_ABI.efi setjmp.efi debughook.efi debughook.efi.debug ctors_test.efi ctors_dtors_priority_test.efi drv0.efi  /tmp/pkg/gnu-efi/usr/lib/gnuefi/apps
make[1]: Leaving directory '/tmp/src/gnu-efi-4.0.0/x86_64/apps'
make[1]: Entering directory '/tmp/src/gnu-efi-4.0.0/x86_64/gnuefi'
mkdir -p /tmp/pkg/gnu-efi/usr/lib
install -m 644 crt0-efi-x86_64.o libgnuefi.a  /tmp/pkg/gnu-efi/usr/lib
install -m 644 /tmp/src/gnu-efi-4.0.0//gnuefi/elf_x86_64_fbsd_efi.lds /tmp/pkg/gnu-efi/usr/lib
install -m 644 /tmp/src/gnu-efi-4.0.0//gnuefi/elf_x86_64_efi.lds /tmp/pkg/gnu-efi/usr/lib
install -d /tmp/pkg/gnu-efi/usr/lib/pkgconfig
install -m 644 gnu-efi.pc /tmp/pkg/gnu-efi/usr/lib/pkgconfig
make[1]: Leaving directory '/tmp/src/gnu-efi-4.0.0/x86_64/gnuefi'
>>> gnu-efi-dev*: Running split function dev...
'usr/include' -> '/tmp/pkg/gnu-efi-dev/usr/include'
'usr/lib/pkgconfig' -> '/tmp/pkg/gnu-efi-dev/usr/lib/pkgconfig'
'usr/lib/libefi.a' -> '/tmp/pkg/gnu-efi-dev/usr/lib/libefi.a'
'usr/lib/libgnuefi.a' -> '/tmp/pkg/gnu-efi-dev/usr/lib/libgnuefi.a'
'usr/lib/crt0-efi-x86_64.o' -> '/tmp/pkg/gnu-efi-dev/usr/lib/crt0-efi-x86_64.o'
>>> gnu-efi-dev*: Preparing subpackage gnu-efi-dev...
>>> gnu-efi-dev*: Stripping binaries
>>> gnu-efi-dev*: Running postcheck for gnu-efi-dev
>>> gnu-efi-apps*: Running split function apps...
'usr/lib/gnuefi/apps' -> '/tmp/pkg/gnu-efi-apps/usr/lib/gnuefi/apps'
>>> gnu-efi-apps*: Preparing subpackage gnu-efi-apps...
>>> gnu-efi-apps*: Stripping binaries
>>> WARNING: gnu-efi-apps*: No arch specific binaries found so arch should probably be set to "noarch"
>>> gnu-efi-apps*: Running postcheck for gnu-efi-apps
>>> gnu-efi*: Running postcheck for gnu-efi
>>> gnu-efi*: Preparing package gnu-efi...
>>> gnu-efi*: Stripping binaries
>>> WARNING: gnu-efi*: No arch specific binaries found so arch should probably be set to "noarch"
>>> gnu-efi-apps*: Scanning shared objects
>>> gnu-efi-dev*: Scanning shared objects
>>> gnu-efi*: Scanning shared objects
>>> gnu-efi-apps*: Tracing dependencies...
>>> gnu-efi-apps*: Package size: 1.3 MB
>>> gnu-efi-apps*: Compressing data...
>>> gnu-efi-apps*: Create checksum...
>>> gnu-efi-apps*: Create gnu-efi-apps-4.0.0-r0.apk
>>> gnu-efi-dev*: Tracing dependencies...
	gnu-efi
	pkgconfig
>>> gnu-efi-dev*: Package size: 942.4 KB
>>> gnu-efi-dev*: Compressing data...
>>> gnu-efi-dev*: Create checksum...
>>> gnu-efi-dev*: Create gnu-efi-dev-4.0.0-r0.apk
>>> gnu-efi*: Tracing dependencies...
>>> gnu-efi*: Package size: 4.6 KB
>>> gnu-efi*: Compressing data...
>>> gnu-efi*: Create checksum...
>>> gnu-efi*: Create gnu-efi-4.0.0-r0.apk
>>> gnu-efi: Updating the main/x86_64 repository index...
>>> gnu-efi: Signing the index...
>>> gnu-efi: Cleaning up srcdir
>>> gnu-efi: Cleaning up build chroot
>>> gnu-efi: Cleaning up pkgdir
