>>> lua-expat: Validating /home/packager/oily-pine/main/lua-expat/APKBUILD...
>>> lua-expat: Cleaning up srcdir
>>> lua-expat: Cleaning up pkgdir
>>> lua-expat: Cleaning up tmpdir
>>> lua-expat: Fetching lua-expat-1.5.1.tar.gz::https://github.com/lunarmodules/luaexpat/archive/refs/tags/1.5.1.tar.gz
  % Total    % Received % Xferd  Average Speed   Time    Time     Time  Current
                                 Dload  Upload   Total   Spent    Left  Speed
  0     0    0     0    0     0      0      0 --:--:-- --:--:-- --:--:--     0  0     0    0     0    0     0      0      0 --:--:-- --:--:-- --:--:--     0  0     0    0     0    0     0      0      0 --:--:-- --:--:-- --:--:--     0
100 53912    0 53912    0     0  75777      0 --:--:-- --:--:-- --:--:-- 75777
>>> lua-expat: Fetching lua-expat-1.5.1.tar.gz::https://github.com/lunarmodules/luaexpat/archive/refs/tags/1.5.1.tar.gz
>>> lua-expat: Checking sha512sums...
lua-expat-1.5.1.tar.gz: OK
>>> lua-expat: Preparing build chroot...
fetch http://dl-cdn.alpinelinux.org/alpine/edge/main/x86_64/APKINDEX.tar.gz
(1/86) Installing musl (1.2.5-r10)
(2/86) Installing libcrypto3 (3.5.0-r0)
(3/86) Installing ca-certificates-bundle (20241121-r2)
(4/86) Installing libssl3 (3.5.0-r0)
(5/86) Installing zlib (1.3.1-r2)
(6/86) Installing libapk2 (2.14.9-r2)
(7/86) Installing apk-tools (2.14.9-r2)
(8/86) Installing libcap2 (2.76-r0)
(9/86) Installing libcap-getcap (2.76-r0)
(10/86) Installing fakeroot (1.37.1.1-r0)
(11/86) Installing scanelf (1.3.8-r1)
(12/86) Installing musl-utils (1.2.5-r10)
(13/86) Installing libgcc (14.3.0-r1)
(14/86) Installing libstdc++ (14.3.0-r1)
(15/86) Installing lzip (1.25-r0)
(16/86) Installing openssl (3.5.0-r0)
(17/86) Installing patch (2.8-r0)
(18/86) Installing pkgconf (2.4.3-r0)
(19/86) Installing acl-libs (2.3.2-r1)
(20/86) Installing tar (1.35-r3)
(21/86) Installing busybox (1.37.0-r18)
Executing busybox-1.37.0-r18.post-install
(22/86) Installing ssl_client (1.37.0-r18)
(23/86) Installing busybox-binsh (1.37.0-r18)
(24/86) Installing abuild (3.15.0-r0)
Executing abuild-3.15.0-r0.pre-install
(25/86) Installing abuild-sudo (3.15.0-r0)
(26/86) Installing alpine-baselayout-data (3.7.0-r0)
(27/86) Installing alpine-baselayout (3.7.0-r0)
Executing alpine-baselayout-3.7.0-r0.pre-install
Executing alpine-baselayout-3.7.0-r0.post-install
(28/86) Installing bridge (1.5-r5)
(29/86) Installing ifupdown-ng (0.12.1-r7)
(30/86) Installing openrc-user (0.62.2-r2)
(31/86) Installing openrc (0.62.2-r2)
Executing openrc-0.62.2-r2.post-install
(32/86) Installing mdev-conf (4.8-r0)
(33/86) Installing busybox-mdev-openrc (1.37.0-r18)
(34/86) Installing alpine-conf (3.20.0-r0)
(35/86) Installing alpine-keys (2.5-r0)
(36/86) Installing alpine-release (3.22.0-r0)
(37/86) Installing busybox-openrc (1.37.0-r18)
(38/86) Installing busybox-suid (1.37.0-r18)
(39/86) Installing alpine-base (3.22.0-r0)
(40/86) Installing jansson (2.14.1-r0)
(41/86) Installing zstd-libs (1.5.7-r0)
(42/86) Installing binutils (2.44-r0)
(43/86) Installing libmagic (5.46-r2)
(44/86) Installing file (5.46-r2)
(45/86) Installing libgomp (14.3.0-r1)
(46/86) Installing libatomic (14.3.0-r1)
(47/86) Installing gmp (6.3.0-r3)
(48/86) Installing isl26 (0.26-r1)
(49/86) Installing mpfr4 (4.2.1_p1-r0)
(50/86) Installing mpc1 (1.3.1-r1)
(51/86) Installing gcc (14.3.0-r1)
(52/86) Installing libstdc++-dev (14.3.0-r1)
(53/86) Installing musl-dev (1.2.5-r10)
(54/86) Installing g++ (14.3.0-r1)
(55/86) Installing make (4.4.1-r3)
(56/86) Installing fortify-headers (1.1-r5)
(57/86) Installing build-base (0.5-r3)
(58/86) Installing libexpat (2.7.1-r0)
(59/86) Installing expat (2.7.1-r0)
(60/86) Installing expat-dev (2.7.1-r0)
(61/86) Installing brotli-libs (1.1.0-r2)
(62/86) Installing c-ares (1.34.5-r0)
(63/86) Installing libunistring (1.3-r0)
(64/86) Installing libidn2 (2.3.7-r0)
(65/86) Installing nghttp2-libs (1.65.0-r0)
(66/86) Installing libpsl (0.21.5-r3)
(67/86) Installing libcurl (8.14.0-r2)
(68/86) Installing pcre2 (10.43-r1)
(69/86) Installing git (2.49.0-r0)
(70/86) Installing git-init-template (2.49.0-r0)
(71/86) Installing lua5.1-libs (5.1.5-r13)
(72/86) Installing lua5.1 (5.1.5-r13)
(73/86) Installing lua5.1-dev (5.1.5-r13)
(74/86) Installing lua5.2-libs (5.2.4-r13)
(75/86) Installing lua5.2 (5.2.4-r13)
(76/86) Installing lua5.2-dev (5.2.4-r13)
(77/86) Installing linenoise (1.0-r5)
(78/86) Installing lua5.3-libs (5.3.6-r6)
(79/86) Installing lua5.3 (5.3.6-r6)
(80/86) Installing lua5.3-dev (5.3.6-r6)
(81/86) Installing lua5.4-libs (5.4.7-r0)
(82/86) Installing ncurses-terminfo-base (6.5_p20250503-r0)
(83/86) Installing libncursesw (6.5_p20250503-r0)
(84/86) Installing readline (8.2.13-r1)
(85/86) Installing lua5.4 (5.4.7-r0)
(86/86) Installing lua5.4-dev (5.4.7-r0)
Executing busybox-1.37.0-r18.trigger
OK: 267 MiB in 86 packages
>>> lua-expat: Fetching lua-expat-1.5.1.tar.gz::https://github.com/lunarmodules/luaexpat/archive/refs/tags/1.5.1.tar.gz
>>> lua-expat: Checking sha512sums...
lua-expat-1.5.1.tar.gz: OK
>>> lua-expat: Unpacking /var/cache/distfiles/lua-expat-1.5.1.tar.gz...
export MACOSX_DEPLOYMENT_TARGET="10.3";
cc -I/usr/include/lua5.1 -I/usr/include -g -pedantic -Wall -O2 -fPIC -DPIC -Os -fstack-clash-protection -Wformat -Werror=format-security -fno-plt   -o src/lxp.so src/lxplib.c -shared -lexpat -Wl,--as-needed,-O1,--sort-common -Wl,-z,pack-relative-relocs
export MACOSX_DEPLOYMENT_TARGET="10.3";
cc -I/usr/include/lua5.2 -I/usr/include -g -pedantic -Wall -O2 -fPIC -DPIC -Os -fstack-clash-protection -Wformat -Werror=format-security -fno-plt   -o src/lxp.so src/lxplib.c -shared -lexpat -Wl,--as-needed,-O1,--sort-common -Wl,-z,pack-relative-relocs
export MACOSX_DEPLOYMENT_TARGET="10.3";
cc -I/usr/include/lua5.3 -I/usr/include -g -pedantic -Wall -O2 -fPIC -DPIC -Os -fstack-clash-protection -Wformat -Werror=format-security -fno-plt   -o src/lxp.so src/lxplib.c -shared -lexpat -Wl,--as-needed,-O1,--sort-common -Wl,-z,pack-relative-relocs
export MACOSX_DEPLOYMENT_TARGET="10.3";
cc -I/usr/include/lua5.4 -I/usr/include -g -pedantic -Wall -O2 -fPIC -DPIC -Os -fstack-clash-protection -Wformat -Werror=format-security -fno-plt   -o src/lxp.so src/lxplib.c -shared -lexpat -Wl,--as-needed,-O1,--sort-common -Wl,-z,pack-relative-relocs
>>> lua-expat: Entering fakeroot...
install -D src/lxp.so /tmp/pkg/lua-expat/usr/lib/lua/5.1/lxp.so
install -m 644 -D src/lxp/lom.lua /tmp/pkg/lua-expat/usr/share/lua/5.1/lxp/lom.lua
install -m 644 -D src/lxp/totable.lua /tmp/pkg/lua-expat/usr/share/lua/5.1/lxp/totable.lua
install -m 644 -D src/lxp/threat.lua /tmp/pkg/lua-expat/usr/share/lua/5.1/lxp/threat.lua
install -D src/lxp.so /tmp/pkg/lua-expat/usr/lib/lua/5.2/lxp.so
install -m 644 -D src/lxp/lom.lua /tmp/pkg/lua-expat/usr/share/lua/5.2/lxp/lom.lua
install -m 644 -D src/lxp/totable.lua /tmp/pkg/lua-expat/usr/share/lua/5.2/lxp/totable.lua
install -m 644 -D src/lxp/threat.lua /tmp/pkg/lua-expat/usr/share/lua/5.2/lxp/threat.lua
install -D src/lxp.so /tmp/pkg/lua-expat/usr/lib/lua/5.3/lxp.so
install -m 644 -D src/lxp/lom.lua /tmp/pkg/lua-expat/usr/share/lua/5.3/lxp/lom.lua
install -m 644 -D src/lxp/totable.lua /tmp/pkg/lua-expat/usr/share/lua/5.3/lxp/totable.lua
install -m 644 -D src/lxp/threat.lua /tmp/pkg/lua-expat/usr/share/lua/5.3/lxp/threat.lua
install -D src/lxp.so /tmp/pkg/lua-expat/usr/lib/lua/5.4/lxp.so
install -m 644 -D src/lxp/lom.lua /tmp/pkg/lua-expat/usr/share/lua/5.4/lxp/lom.lua
install -m 644 -D src/lxp/totable.lua /tmp/pkg/lua-expat/usr/share/lua/5.4/lxp/totable.lua
install -m 644 -D src/lxp/threat.lua /tmp/pkg/lua-expat/usr/share/lua/5.4/lxp/threat.lua
>>> lua5.1-expat*: Running split function _split...
>>> lua5.1-expat*: Preparing subpackage lua5.1-expat...
>>> lua5.1-expat*: Stripping binaries
>>> lua5.1-expat*: Running postcheck for lua5.1-expat
>>> lua5.2-expat*: Running split function _split...
>>> lua5.2-expat*: Preparing subpackage lua5.2-expat...
>>> lua5.2-expat*: Stripping binaries
>>> lua5.2-expat*: Running postcheck for lua5.2-expat
>>> lua5.3-expat*: Running split function _split...
>>> lua5.3-expat*: Preparing subpackage lua5.3-expat...
>>> lua5.3-expat*: Stripping binaries
>>> lua5.3-expat*: Running postcheck for lua5.3-expat
>>> lua5.4-expat*: Running split function _split...
>>> lua5.4-expat*: Preparing subpackage lua5.4-expat...
>>> lua5.4-expat*: Stripping binaries
>>> lua5.4-expat*: Running postcheck for lua5.4-expat
>>> lua-expat*: Running postcheck for lua-expat
>>> lua-expat*: Preparing package lua-expat...
>>> lua-expat*: Stripping binaries
>>> WARNING: lua-expat*: No arch specific binaries found so arch should probably be set to "noarch"
>>> lua-expat*: Scanning shared objects
>>> lua5.1-expat*: Scanning shared objects
>>> lua5.2-expat*: Scanning shared objects
>>> lua5.3-expat*: Scanning shared objects
>>> lua5.4-expat*: Scanning shared objects
>>> lua-expat*: Tracing dependencies...
>>> lua-expat*: Package size: 1.0 B
>>> lua-expat*: Compressing data...
>>> lua-expat*: Create checksum...
>>> lua-expat*: Create lua-expat-1.5.1-r1.apk
>>> lua5.1-expat*: Tracing dependencies...
	so:libc.musl-x86_64.so.1
	so:libexpat.so.1
>>> lua5.1-expat*: Package size: 48.4 KB
>>> lua5.1-expat*: Compressing data...
>>> lua5.1-expat*: Create checksum...
>>> lua5.1-expat*: Create lua5.1-expat-1.5.1-r1.apk
>>> lua5.2-expat*: Tracing dependencies...
	so:libc.musl-x86_64.so.1
	so:libexpat.so.1
>>> lua5.2-expat*: Package size: 48.4 KB
>>> lua5.2-expat*: Compressing data...
>>> lua5.2-expat*: Create checksum...
>>> lua5.2-expat*: Create lua5.2-expat-1.5.1-r1.apk
>>> lua5.3-expat*: Tracing dependencies...
	so:libc.musl-x86_64.so.1
	so:libexpat.so.1
>>> lua5.3-expat*: Package size: 48.4 KB
>>> lua5.3-expat*: Compressing data...
>>> lua5.3-expat*: Create checksum...
>>> lua5.3-expat*: Create lua5.3-expat-1.5.1-r1.apk
>>> lua5.4-expat*: Tracing dependencies...
	so:libc.musl-x86_64.so.1
	so:libexpat.so.1
>>> lua5.4-expat*: Package size: 48.4 KB
>>> lua5.4-expat*: Compressing data...
>>> lua5.4-expat*: Create checksum...
>>> lua5.4-expat*: Create lua5.4-expat-1.5.1-r1.apk
>>> lua-expat: Updating the main/x86_64 repository index...
>>> lua-expat: Signing the index...
>>> lua-expat: Cleaning up srcdir
>>> lua-expat: Cleaning up build chroot
>>> lua-expat: Cleaning up pkgdir
