pigz: not found
>>> subunit: Building main/subunit 1.4.2-r8 (using abuild 3.14.1-r4) started Fri, 23 May 2025 17:16:32 +0000
>>> subunit: Validating /home/packager/aports/main/subunit/APKBUILD...
>>> subunit: Analyzing dependencies...
>>> subunit: Installing for build: build-base python3 py3-extras py3-testtools check-dev cppunit-dev perl-dev py3-setuptools python3-dev
(1/45) Installing libffi (3.4.7-r0)
(2/45) Installing gdbm (1.24-r0)
(3/45) Installing xz-libs (5.6.3-r1)
(4/45) Installing mpdecimal (4.0.0-r0)
(5/45) Installing sqlite-libs (3.49.2-r0)
(6/45) Installing python3 (3.12.10-r1)
(7/45) Installing python3-pycache-pyc0 (3.12.10-r1)
(8/45) Installing pyc (3.12.10-r1)
(9/45) Installing python3-pyc (3.12.10-r1)
(10/45) Installing py3-extras (1.0.0-r10)
(11/45) Installing py3-extras-pyc (1.0.0-r10)
(12/45) Installing py3-editables (0.5-r2)
(13/45) Installing py3-editables-pyc (0.5-r2)
(14/45) Installing py3-parsing (3.2.3-r0)
(15/45) Installing py3-parsing-pyc (3.2.3-r0)
(16/45) Installing py3-packaging (25.0-r0)
(17/45) Installing py3-packaging-pyc (25.0-r0)
(18/45) Installing py3-pathspec (0.12.1-r2)
(19/45) Installing py3-pathspec-pyc (0.12.1-r2)
(20/45) Installing py3-pluggy (1.5.0-r0)
(21/45) Installing py3-pluggy-pyc (1.5.0-r0)
(22/45) Installing py3-trove-classifiers (2025.1.15.22-r0)
(23/45) Installing py3-trove-classifiers-pyc (2025.1.15.22-r0)
(24/45) Installing py3-hatchling (1.27.0-r0)
(25/45) Installing py3-hatchling-pyc (1.27.0-r0)
(26/45) Installing py3-setuptools (80.3.1-r0)
(27/45) Installing py3-setuptools-pyc (80.3.1-r0)
(28/45) Installing py3-setuptools_scm (8.2.0-r0)
(29/45) Installing py3-setuptools_scm-pyc (8.2.0-r0)
(30/45) Installing py3-hatch-vcs (0.4.0-r2)
(31/45) Installing py3-hatch-vcs-pyc (0.4.0-r2)
(32/45) Installing py3-pbr (5.11.1-r5)
(33/45) Installing py3-pbr-pyc (5.11.1-r5)
(34/45) Installing py3-fixtures (4.2.2-r0)
(35/45) Installing py3-fixtures-pyc (4.2.2-r0)
(36/45) Installing py3-testtools (2.7.2-r0)
(37/45) Installing py3-testtools-pyc (2.7.2-r0)
(38/45) Installing check (0.15.2-r5)
(39/45) Installing check-dev (0.15.2-r5)
(40/45) Installing cppunit (1.15.1-r4)
(41/45) Installing cppunit-dev (1.15.1-r4)
(42/45) Installing perl-utils (5.40.2-r0)
(43/45) Installing perl-dev (5.40.2-r0)
(44/45) Installing python3-dev (3.12.10-r1)
(45/45) Installing .makedepends-subunit (20250523.171636)
Executing busybox-1.37.0-r12.trigger
OK: 715 MiB in 177 packages
>>> subunit: Cleaning up srcdir
>>> subunit: Cleaning up pkgdir
>>> subunit: Cleaning up tmpdir
>>> subunit: Fetching https://launchpad.net/subunit/trunk/1.4.2/+download/subunit-1.4.2.tar.gz
Connecting to launchpad.net (185.125.189.222:443)
Connecting to launchpadlibrarian.net (185.125.189.228:443)
saving to '/var/cache/distfiles/subunit-1.4.2.tar.gz.part'
subunit-1.4.2.tar.gz 100% |********************************|  486k  0:00:00 ETA
'/var/cache/distfiles/subunit-1.4.2.tar.gz.part' saved
>>> subunit: Fetching https://launchpad.net/subunit/trunk/1.4.2/+download/subunit-1.4.2.tar.gz
>>> subunit: Checking sha512sums...
subunit-1.4.2.tar.gz: OK
>>> subunit: Unpacking /var/cache/distfiles/subunit-1.4.2.tar.gz...
checking for a BSD-compatible install... /usr/bin/install -c
checking whether build environment is sane... yes
checking for a race-free mkdir -p... /bin/mkdir -p
checking for gawk... gawk
checking whether make sets $(MAKE)... yes
checking whether make supports nested variables... yes
checking whether make supports the include directive... yes (GNU style)
checking for x86_64-alpine-linux-musl-gcc... gcc
checking whether the C compiler works... no
configure: error: in `/home/packager/aports/main/subunit/src/subunit-1.4.2':
configure: error: C compiler cannot create executables
See `config.log' for more details
>>> ERROR: subunit: build failed
>>> subunit: Uninstalling dependencies...
(1/45) Purging .makedepends-subunit (20250523.171636)
(2/45) Purging py3-extras-pyc (1.0.0-r10)
(3/45) Purging py3-extras (1.0.0-r10)
(4/45) Purging py3-testtools-pyc (2.7.2-r0)
(5/45) Purging py3-testtools (2.7.2-r0)
(6/45) Purging py3-hatch-vcs-pyc (0.4.0-r2)
(7/45) Purging py3-hatch-vcs (0.4.0-r2)
(8/45) Purging py3-hatchling-pyc (1.27.0-r0)
(9/45) Purging py3-hatchling (1.27.0-r0)
(10/45) Purging py3-editables-pyc (0.5-r2)
(11/45) Purging py3-editables (0.5-r2)
(12/45) Purging py3-pathspec-pyc (0.12.1-r2)
(13/45) Purging py3-pathspec (0.12.1-r2)
(14/45) Purging py3-pluggy-pyc (1.5.0-r0)
(15/45) Purging py3-pluggy (1.5.0-r0)
(16/45) Purging py3-trove-classifiers-pyc (2025.1.15.22-r0)
(17/45) Purging py3-trove-classifiers (2025.1.15.22-r0)
(18/45) Purging py3-setuptools_scm-pyc (8.2.0-r0)
(19/45) Purging py3-setuptools_scm (8.2.0-r0)
(20/45) Purging py3-fixtures-pyc (4.2.2-r0)
(21/45) Purging py3-fixtures (4.2.2-r0)
(22/45) Purging py3-pbr-pyc (5.11.1-r5)
(23/45) Purging py3-pbr (5.11.1-r5)
(24/45) Purging check-dev (0.15.2-r5)
(25/45) Purging check (0.15.2-r5)
(26/45) Purging cppunit-dev (1.15.1-r4)
(27/45) Purging cppunit (1.15.1-r4)
(28/45) Purging perl-dev (5.40.2-r0)
(29/45) Purging perl-utils (5.40.2-r0)
(30/45) Purging py3-setuptools-pyc (80.3.1-r0)
(31/45) Purging py3-setuptools (80.3.1-r0)
(32/45) Purging py3-packaging-pyc (25.0-r0)
(33/45) Purging py3-packaging (25.0-r0)
(34/45) Purging py3-parsing-pyc (3.2.3-r0)
(35/45) Purging py3-parsing (3.2.3-r0)
(36/45) Purging python3-dev (3.12.10-r1)
(37/45) Purging python3-pyc (3.12.10-r1)
(38/45) Purging python3-pycache-pyc0 (3.12.10-r1)
(39/45) Purging pyc (3.12.10-r1)
(40/45) Purging python3 (3.12.10-r1)
(41/45) Purging gdbm (1.24-r0)
(42/45) Purging libffi (3.4.7-r0)
(43/45) Purging mpdecimal (4.0.0-r0)
(44/45) Purging sqlite-libs (3.49.2-r0)
(45/45) Purging xz-libs (5.6.3-r1)
Executing busybox-1.37.0-r12.trigger
OK: 564 MiB in 132 packages
