pigz: not found
>>> pmacct: Building main/pmacct 1.7.8-r2 (using abuild 3.14.1-r4) started Fri, 23 May 2025 18:35:15 +0000
>>> pmacct: Validating /home/packager/aports/main/pmacct/APKBUILD...
>>> pmacct: Analyzing dependencies...
>>> pmacct: Installing for build: build-base autoconf automake bsd-compat-headers hiredis-dev jansson-dev libmaxminddb-dev libnetfilter_log-dev libpcap-dev libpq-dev libtool mariadb-connector-c-dev numactl-dev rabbitmq-c-dev sqlite-dev zlib-dev
(1/30) Installing hiredis (1.2.0-r0)
(2/30) Installing hiredis-dev (1.2.0-r0)
(3/30) Installing jansson-dev (2.14-r4)
(4/30) Installing libmaxminddb-libs (1.9.1-r0)
(5/30) Installing libmaxminddb-dev (1.9.1-r0)
(6/30) Installing libmnl (1.0.5-r2)
(7/30) Installing libnfnetlink (1.0.2-r3)
(8/30) Installing libnetfilter_log (1.0.2-r2)
(9/30) Installing libmnl-dev (1.0.5-r2)
(10/30) Installing libnfnetlink-dev (1.0.2-r3)
(11/30) Installing libnetfilter_log-dev (1.0.2-r2)
(12/30) Installing libpcap (1.10.5-r0)
(13/30) Installing libpcap-dev (1.10.5-r0)
(14/30) Installing libpq (17.5-r0)
(15/30) Installing openssl-dev (3.5.0-r0)
(16/30) Installing libpq-dev (17.5-r0)
(17/30) Installing libltdl (2.4.7-r3)
(18/30) Installing libtool (2.4.7-r3)
(19/30) Installing mariadb-connector-c (3.3.10-r0)
(20/30) Installing mariadb-connector-c-dev (3.3.10-r0)
(21/30) Installing numactl (2.0.18-r0)
(22/30) Installing numactl-dev (2.0.18-r0)
(23/30) Installing popt (1.19-r4)
(24/30) Installing popt-dev (1.19-r4)
(25/30) Installing rabbitmq-c (0.14.0-r0)
(26/30) Installing rabbitmq-c-dev (0.14.0-r0)
(27/30) Installing sqlite (3.49.2-r0)
(28/30) Installing sqlite-libs (3.49.2-r0)
(29/30) Installing sqlite-dev (3.49.2-r0)
(30/30) Installing .makedepends-pmacct (20250523.183518)
Executing busybox-1.37.0-r12.trigger
OK: 577 MiB in 162 packages
>>> pmacct: Cleaning up srcdir
>>> pmacct: Cleaning up pkgdir
>>> pmacct: Cleaning up tmpdir
>>> pmacct: Fetching http://www.pmacct.net/pmacct-1.7.8.tar.gz
Connecting to www.pmacct.net (139.162.166.7:80)
saving to '/var/cache/distfiles/pmacct-1.7.8.tar.gz.part'
pmacct-1.7.8.tar.gz. 100% |********************************| 2124k  0:00:00 ETA
'/var/cache/distfiles/pmacct-1.7.8.tar.gz.part' saved
>>> pmacct: Fetching http://www.pmacct.net/pmacct-1.7.8.tar.gz
>>> pmacct: Checking sha512sums...
pmacct-1.7.8.tar.gz: OK
pmacctd.initd: OK
pmacctd.confd: OK
pmacctd.conf: OK
sfacctd.conf: OK
nfacctd.conf: OK
uacctd.conf: OK
>>> pmacct: Unpacking /var/cache/distfiles/pmacct-1.7.8.tar.gz...
>>> pmacct: Updating ./src/external_libs/libcdada/build-aux/config.sub
>>> pmacct: Updating ./config.sub
configure: WARNING: unrecognized options: --enable-ebfp
checking for a BSD-compatible install... /usr/bin/install -c
checking whether build environment is sane... yes
checking for a thread-safe mkdir -p... /bin/mkdir -p
checking for gawk... gawk
checking whether make sets $(MAKE)... yes
checking whether make supports nested variables... yes
checking build system type... x86_64-alpine-linux-musl
checking host system type... x86_64-alpine-linux-musl
checking how to print strings... printf
checking whether make supports the include directive... yes (GNU style)
checking for x86_64-alpine-linux-musl-gcc... gcc
checking whether the C compiler works... no
configure: error: in `/home/packager/aports/main/pmacct/src/pmacct-1.7.8':
configure: error: C compiler cannot create executables
See `config.log' for more details
>>> ERROR: pmacct: build failed
>>> pmacct: Uninstalling dependencies...
(1/30) Purging .makedepends-pmacct (20250523.183518)
(2/30) Purging hiredis-dev (1.2.0-r0)
(3/30) Purging hiredis (1.2.0-r0)
(4/30) Purging jansson-dev (2.14-r4)
(5/30) Purging libmaxminddb-dev (1.9.1-r0)
(6/30) Purging libmaxminddb-libs (1.9.1-r0)
(7/30) Purging libnetfilter_log-dev (1.0.2-r2)
(8/30) Purging libnetfilter_log (1.0.2-r2)
(9/30) Purging libpcap-dev (1.10.5-r0)
(10/30) Purging libpcap (1.10.5-r0)
(11/30) Purging libpq-dev (17.5-r0)
(12/30) Purging libpq (17.5-r0)
(13/30) Purging libtool (2.4.7-r3)
(14/30) Purging libltdl (2.4.7-r3)
(15/30) Purging mariadb-connector-c-dev (3.3.10-r0)
(16/30) Purging openssl-dev (3.5.0-r0)
(17/30) Purging mariadb-connector-c (3.3.10-r0)
(18/30) Purging numactl-dev (2.0.18-r0)
(19/30) Purging numactl (2.0.18-r0)
(20/30) Purging rabbitmq-c-dev (0.14.0-r0)
(21/30) Purging popt-dev (1.19-r4)
(22/30) Purging popt (1.19-r4)
(23/30) Purging rabbitmq-c (0.14.0-r0)
(24/30) Purging sqlite-dev (3.49.2-r0)
(25/30) Purging sqlite (3.49.2-r0)
(26/30) Purging sqlite-libs (3.49.2-r0)
(27/30) Purging libmnl-dev (1.0.5-r2)
(28/30) Purging libmnl (1.0.5-r2)
(29/30) Purging libnfnetlink-dev (1.0.2-r3)
(30/30) Purging libnfnetlink (1.0.2-r3)
Executing busybox-1.37.0-r12.trigger
OK: 564 MiB in 132 packages
