>>> goaccess: Validating /home/packager/oily-pine/main/goaccess/APKBUILD...
>>> goaccess: Cleaning up srcdir
>>> goaccess: Cleaning up pkgdir
>>> goaccess: Cleaning up tmpdir
>>> goaccess: Fetching https://tar.goaccess.io/goaccess-1.9.4.tar.gz
  % Total    % Received % Xferd  Average Speed   Time    Time     Time  Current
                                 Dload  Upload   Total   Spent    Left  Speed
  0     0    0     0    0     0      0      0 --:--:-- --:--:-- --:--:--     0 14  836k   14  124k    0     0   187k      0  0:00:04 --:--:--  0:00:04  187k100  836k  100  836k    0     0   913k      0 --:--:-- --:--:-- --:--:--  913k
>>> goaccess: Fetching https://tar.goaccess.io/goaccess-1.9.4.tar.gz
>>> goaccess: Checking sha512sums...
goaccess-1.9.4.tar.gz: OK
>>> goaccess: Preparing build chroot...
fetch http://dl-cdn.alpinelinux.org/alpine/edge/main/x86_64/APKINDEX.tar.gz
(1/130) Installing musl (1.2.5-r10)
(2/130) Installing libcrypto3 (3.5.0-r0)
(3/130) Installing ca-certificates-bundle (20241121-r2)
(4/130) Installing libssl3 (3.5.0-r0)
(5/130) Installing zlib (1.3.1-r2)
(6/130) Installing libapk2 (2.14.9-r2)
(7/130) Installing apk-tools (2.14.9-r2)
(8/130) Installing libcap2 (2.76-r0)
(9/130) Installing libcap-getcap (2.76-r0)
(10/130) Installing fakeroot (1.37.1.1-r0)
(11/130) Installing scanelf (1.3.8-r1)
(12/130) Installing musl-utils (1.2.5-r10)
(13/130) Installing libgcc (14.3.0-r0)
(14/130) Installing libstdc++ (14.3.0-r0)
(15/130) Installing lzip (1.25-r0)
(16/130) Installing openssl (3.5.0-r0)
(17/130) Installing patch (2.8-r0)
(18/130) Installing pkgconf (2.4.3-r0)
(19/130) Installing acl-libs (2.3.2-r1)
(20/130) Installing tar (1.35-r3)
(21/130) Installing busybox (1.37.0-r18)
Executing busybox-1.37.0-r18.post-install
(22/130) Installing ssl_client (1.37.0-r18)
(23/130) Installing busybox-binsh (1.37.0-r18)
(24/130) Installing abuild (3.15.0-r0)
Executing abuild-3.15.0-r0.pre-install
(25/130) Installing abuild-sudo (3.15.0-r0)
(26/130) Installing alpine-baselayout-data (3.7.0-r0)
(27/130) Installing alpine-baselayout (3.7.0-r0)
Executing alpine-baselayout-3.7.0-r0.pre-install
Executing alpine-baselayout-3.7.0-r0.post-install
(28/130) Installing bridge (1.5-r5)
(29/130) Installing ifupdown-ng (0.12.1-r7)
(30/130) Installing openrc-user (0.62.2-r2)
(31/130) Installing openrc (0.62.2-r2)
Executing openrc-0.62.2-r2.post-install
(32/130) Installing mdev-conf (4.8-r0)
(33/130) Installing busybox-mdev-openrc (1.37.0-r18)
(34/130) Installing alpine-conf (3.20.0-r0)
(35/130) Installing alpine-keys (2.5-r0)
(36/130) Installing alpine-release (3.22.0-r0)
(37/130) Installing busybox-openrc (1.37.0-r18)
(38/130) Installing busybox-suid (1.37.0-r18)
(39/130) Installing alpine-base (3.22.0-r0)
(40/130) Installing jansson (2.14.1-r0)
(41/130) Installing zstd-libs (1.5.7-r0)
(42/130) Installing binutils (2.44-r0)
(43/130) Installing libmagic (5.46-r2)
(44/130) Installing file (5.46-r2)
(45/130) Installing libgomp (14.3.0-r0)
(46/130) Installing libatomic (14.3.0-r0)
(47/130) Installing gmp (6.3.0-r3)
(48/130) Installing isl26 (0.26-r1)
(49/130) Installing mpfr4 (4.2.1_p1-r0)
(50/130) Installing mpc1 (1.3.1-r1)
(51/130) Installing gcc (14.3.0-r0)
(52/130) Installing libstdc++-dev (14.3.0-r0)
(53/130) Installing musl-dev (1.2.5-r10)
(54/130) Installing g++ (14.3.0-r0)
(55/130) Installing make (4.4.1-r3)
(56/130) Installing fortify-headers (1.1-r5)
(57/130) Installing build-base (0.5-r3)
(58/130) Installing geoip (1.6.12-r6)
(59/130) Installing geoip-dev (1.6.12-r6)
(60/130) Installing brotli-libs (1.1.0-r2)
(61/130) Installing c-ares (1.34.5-r0)
(62/130) Installing libunistring (1.3-r0)
(63/130) Installing libidn2 (2.3.7-r0)
(64/130) Installing nghttp2-libs (1.65.0-r0)
(65/130) Installing libpsl (0.21.5-r3)
(66/130) Installing libcurl (8.14.0-r2)
(67/130) Installing libexpat (2.7.1-r0)
(68/130) Installing pcre2 (10.43-r1)
(69/130) Installing git (2.49.0-r0)
(70/130) Installing git-init-template (2.49.0-r0)
(71/130) Installing libbz2 (1.0.8-r6)
(72/130) Installing bzip2-dev (1.0.8-r6)
(73/130) Installing xz-libs (5.8.1-r0)
(74/130) Installing libxml2 (2.13.8-r0)
(75/130) Installing libxml2-utils (2.13.8-r0)
(76/130) Installing docbook-xml (4.5-r10)
Executing docbook-xml-4.5-r10.post-install
(77/130) Installing libxslt (1.1.43-r3)
(78/130) Installing docbook-xsl-ns (1.79.2-r11)
Executing docbook-xsl-ns-1.79.2-r11.post-install
(79/130) Installing docbook-xsl-nons (1.79.2-r11)
Executing docbook-xsl-nons-1.79.2-r11.post-install
(80/130) Installing docbook-xsl (1.79.2-r11)
(81/130) Installing xz (5.8.1-r0)
(82/130) Installing gettext-asprintf (0.24.1-r0)
(83/130) Installing libintl (0.24.1-r0)
(84/130) Installing ncurses-terminfo-base (6.5_p20250503-r0)
(85/130) Installing libncursesw (6.5_p20250503-r0)
(86/130) Installing gettext-libs (0.24.1-r0)
(87/130) Installing gettext-envsubst (0.24.1-r0)
(88/130) Installing gettext (0.24.1-r0)
(89/130) Installing gettext-dev (0.24.1-r0)
(90/130) Installing libffi (3.4.8-r0)
(91/130) Installing gdbm (1.24-r0)
(92/130) Installing mpdecimal (4.0.1-r0)
(93/130) Installing libpanelw (6.5_p20250503-r0)
(94/130) Installing readline (8.2.13-r1)
(95/130) Installing sqlite-libs (3.50.0-r0)
(96/130) Installing python3 (3.12.10-r1)
(97/130) Installing python3-pycache-pyc0 (3.12.10-r1)
(98/130) Installing pyc (3.12.10-r1)
(99/130) Installing python3-pyc (3.12.10-r1)
(100/130) Installing py3-parsing (3.2.3-r0)
(101/130) Installing py3-parsing-pyc (3.2.3-r0)
(102/130) Installing py3-packaging (25.0-r0)
(103/130) Installing py3-packaging-pyc (25.0-r0)
(104/130) Installing libeconf (0.6.3-r0)
(105/130) Installing libblkid (2.41-r9)
(106/130) Installing libmount (2.41-r9)
(107/130) Installing glib (2.84.2-r1)
(108/130) Installing linux-headers (6.14.2-r0)
(109/130) Installing libffi-dev (3.4.8-r0)
(110/130) Installing bsd-compat-headers (0.7.2-r6)
(111/130) Installing libformw (6.5_p20250503-r0)
(112/130) Installing libmenuw (6.5_p20250503-r0)
(113/130) Installing libncurses++ (6.5_p20250503-r0)
(114/130) Installing ncurses-dev (6.5_p20250503-r0)
(115/130) Installing libedit (20250104.3.1-r1)
(116/130) Installing libedit-dev (20250104.3.1-r1)
(117/130) Installing zlib-dev (1.3.1-r2)
(118/130) Installing libpcre2-16 (10.43-r1)
(119/130) Installing libpcre2-32 (10.43-r1)
(120/130) Installing pcre2-dev (10.43-r1)
(121/130) Installing libuuid (2.41-r9)
(122/130) Installing libfdisk (2.41-r9)
(123/130) Installing liblastlog2 (2.41-r9)
(124/130) Installing libsmartcols (2.41-r9)
(125/130) Installing sqlite (3.50.0-r0)
(126/130) Installing sqlite-dev (3.50.0-r0)
(127/130) Installing util-linux-dev (2.41-r9)
(128/130) Installing glib-dev (2.84.2-r1)
(129/130) Installing libmaxminddb-libs (1.9.1-r0)
(130/130) Installing libmaxminddb-dev (1.9.1-r0)
Executing busybox-1.37.0-r18.trigger
Executing glib-2.84.2-r1.trigger
No schema files found: doing nothing.
OK: 364 MiB in 130 packages
>>> goaccess: Fetching https://tar.goaccess.io/goaccess-1.9.4.tar.gz
>>> goaccess: Checking sha512sums...
goaccess-1.9.4.tar.gz: OK
>>> goaccess: Unpacking /var/cache/distfiles/goaccess-1.9.4.tar.gz...
checking for a BSD-compatible install... /usr/bin/install -c
checking whether sleep supports fractional seconds... yes
checking filesystem timestamp resolution... 2
checking whether build environment is sane... yes
checking for a race-free mkdir -p... /bin/mkdir -p
checking for gawk... no
checking for mawk... no
checking for nawk... no
checking for awk... awk
checking whether make sets $(MAKE)... yes
checking whether make supports nested variables... yes
checking xargs -n works... yes
checking for x86_64-alpine-linux-musl-cc... cc
checking whether the C compiler works... yes
checking for C compiler default output file name... a.out
checking for suffix of executables... 
checking whether we are cross compiling... no
checking for suffix of object files... o
checking whether the compiler supports GNU C... yes
checking whether cc accepts -g... yes
checking for cc option to enable C11 features... none needed
checking whether cc understands -c and -o together... yes
checking whether make supports the include directive... yes (GNU style)
checking dependency style of cc... gcc3
checking for a sed that does not truncate output... /bin/sed
checking whether NLS is requested... yes
checking for msgfmt... /usr/bin/msgfmt
checking for gmsgfmt... /usr/bin/msgfmt
checking for xgettext... /usr/bin/xgettext
checking for msgmerge... /usr/bin/msgmerge
checking build system type... x86_64-alpine-linux-musl
checking host system type... x86_64-alpine-linux-musl
checking for ld used by cc... /usr/x86_64-alpine-linux-musl/bin/ld
checking if the linker (/usr/x86_64-alpine-linux-musl/bin/ld) is GNU ld... yes
checking for shared library run path origin... done
checking how to run the C preprocessor... cc -E
checking for egrep -e... /bin/grep -E
checking for CFPreferencesCopyAppValue... no
checking for CFLocaleCopyCurrent... no
checking for GNU gettext in libc... no
checking for iconv... yes
checking for working iconv... yes
checking for GNU gettext in libintl... yes
checking whether to use NLS... yes
checking where the gettext function comes from... external libintl
checking how to link with libintl... /usr/lib/libintl.so
checking for libintl_dgettext in -lintl... yes
checking for dgettext in -lintl... yes
checking for pthread_create in -lpthread... yes
checking whether to build with rdynamic for GNU ld... yes
checking whether to build with address sanitizer... no
checking for stdio.h... yes
checking for stdlib.h... yes
checking for string.h... yes
checking for inttypes.h... yes
checking for stdint.h... yes
checking for strings.h... yes
checking for sys/stat.h... yes
checking for sys/types.h... yes
checking for unistd.h... yes
checking for sys/time.h... yes
checking for sha.h... no
checking for sha1.h... no
checking for SHA1Init... no
checking for MMDB_open in -lmaxminddb... yes
checking for mvaddwstr in -lncursesw... yes
checking for library containing tputs... none required
checking for ncursesw/ncurses.h... no
checking for ncurses.h... yes
checking for sed... yes
checking for tr... yes
checking for gethostbyname in -lnsl... no
checking for socket in -lsocket... no
checking for grep that handles long lines and -e... /bin/grep
checking for egrep... /bin/grep -E
checking for arpa/inet.h... yes
checking for fcntl.h... yes
checking for inttypes.h... (cached) yes
checking for limits.h... yes
checking for locale.h... yes
checking for netdb.h... yes
checking for netinet/in.h... yes
checking for stddef.h... yes
checking for stdint.h... (cached) yes
checking for stdlib.h... (cached) yes
checking for string.h... (cached) yes
checking for strings.h... (cached) yes
checking for sys/socket.h... yes
checking for sys/time.h... (cached) yes
checking for unistd.h... (cached) yes
checking for an ANSI C-conforming const... yes
checking for ptrdiff_t... yes
checking whether struct tm is in sys/time.h or time.h... time.h
checking for int64_t... yes
checking for int8_t... yes
checking for off_t... yes
checking for size_t... yes
checking for uint32_t... yes
checking for uint64_t... yes
checking for uint8_t... yes
checking for declarations of fseeko and ftello... yes
checking for working memcmp... yes
checking for alarm... yes
checking for working mktime... yes
checking whether lstat correctly handles trailing slash... yes
checking whether stat accepts an empty string... no
checking for strftime... yes
checking for working strtod... yes
checking for floor... yes
checking for gethostbyaddr... yes
checking for gethostbyname... yes
checking for gettimeofday... yes
checking for malloc... yes
checking for memmove... yes
checking for memset... yes
checking for mkfifo... yes
checking for poll... yes
checking for realloc... yes
checking for realpath... yes
checking for regcomp... yes
checking for setlocale... yes
checking for socket... yes
checking for strcasecmp... yes
checking for strchr... yes
checking for strcspn... yes
checking for strdup... yes
checking for strerror... yes
checking for strncasecmp... yes
checking for strpbrk... yes
checking for strrchr... yes
checking for strspn... yes
checking for strstr... yes
checking for strtol... yes
checking for strtoull... yes
checking for timegm... yes
checking that generated files are newer than configure... done
configure: creating ./config.status
config.status: creating Makefile
config.status: creating po/Makefile.in
config.status: creating src/config.h
config.status: executing depfiles commands
config.status: executing po-directories commands
config.status: creating po/POTFILES
config.status: creating po/Makefile

Your build configuration:

  Prefix         : /usr
  Package        : goaccess
  Version        : 1.9.4
  Compiler flags : -Os -fstack-clash-protection -Wformat -Werror=format-security -fno-plt -pthread
  Linker flags   : -lncursesw -lmaxminddb -lpthread -lintl -lintl  -Wl,--as-needed,-O1,--sort-common -Wl,-z,pack-relative-relocs
  UTF-8 support  : yes
  Dynamic buffer : no
  ASan           : no
  Geolocation    : GeoIP2
  Storage method : In-Memory with On-Disk Persistent Storage
  TLS/SSL        : no
  Bugs           : hello@goaccess.io

depbase=`echo src/bin2c.o | sed 's|[^/]*$|.deps/&|;s|\.o$||'`;\
cc -DLOCALEDIR=\"/usr/share/locale\" -DHAVE_CONFIG_H -I. -I./src    -O2 -DSYSCONFDIR=\"/etc\" -Wall -Wextra -Wnested-externs -Wformat=2 -g -Wmissing-prototypes -Wstrict-prototypes -Wmissing-declarations -Wwrite-strings -Wshadow -Wpointer-arith -Wsign-compare -Wbad-function-cast -Wcast-align -Wdeclaration-after-statement -Wshadow -Wold-style-definition  -Os -fstack-clash-protection -Wformat -Werror=format-security -fno-plt -pthread -MT src/bin2c.o -MD -MP -MF $depbase.Tpo -c -o src/bin2c.o src/bin2c.c &&\
mv -f $depbase.Tpo $depbase.Po
cc -O2 -DSYSCONFDIR=\"/etc\" -Wall -Wextra -Wnested-externs -Wformat=2 -g -Wmissing-prototypes -Wstrict-prototypes -Wmissing-declarations -Wwrite-strings -Wshadow -Wpointer-arith -Wsign-compare -Wbad-function-cast -Wcast-align -Wdeclaration-after-statement -Wshadow -Wold-style-definition  -Os -fstack-clash-protection -Wformat -Werror=format-security -fno-plt -pthread -rdynamic -Wl,--as-needed,-O1,--sort-common -Wl,-z,pack-relative-relocs -o bin2c src/bin2c.o  -lncursesw -lmaxminddb -lpthread -lintl -lintl 
cat ./resources/tpls.html | sed "s/^[[:space:]]*//" | sed "/^$/d" | tr -d "\r\n" > ./resources/tpls.html.tmp
cat ./resources/css/bootstrap.min.css | sed "s/^[[:space:]]*//" | sed "/^$/d" | tr -d "\r\n" > ./resources/css/bootstrap.min.css.tmp
cat ./resources/css/fa.min.css | sed "s/^[[:space:]]*//" | sed "/^$/d" | tr -d "\r\n" > ./resources/css/fa.min.css.tmp
cat ./resources/css/app.css | sed "s/^[[:space:]]*//" | sed "/^$/d" | tr -d "\r\n" > ./resources/css/app.css.tmp
cat ./resources/js/d3.v7.min.js | sed "s/^[[:space:]]*//" | sed "/^$/d" | tr -d "\r\n" > ./resources/js/d3.v7.min.js.tmp
cat ./resources/js/topojson.v3.min.js | sed "s/^[[:space:]]*//" | sed "/^$/d" | tr -d "\r\n" > ./resources/js/topojson.v3.min.js.tmp
cat ./resources/js/hogan.min.js | sed "s/^[[:space:]]*//" | sed "/^$/d" | tr -d "\r\n" > ./resources/js/hogan.min.js.tmp
cat ./resources/countries-110m.json | sed "s/^[[:space:]]*//" | sed "/^$/d" | tr -d "\r\n" > ./resources/countries-110m.json.tmp
cat ./resources/js/charts.js | sed -E "s@(,|;)[[:space:]]*//..*@\1@g" | sed -E "s@^[[:space:]]*//..*@@g" | sed "s/^[[:space:]]*//" | sed "/^$/d" | tr -d "\r\n" > ./resources/js/charts.js.tmp
./bin2c ./resources/tpls.html.tmp src/tpls.h tpls
cat ./resources/js/app.js | sed -E "s@(,|;)[[:space:]]*//..*@\1@g" | sed -E "s@^[[:space:]]*//..*@@g" | sed "s/^[[:space:]]*//" | sed "/^$/d" | tr -d "\r\n" > ./resources/js/app.js.tmp
./bin2c ./resources/css/app.css.tmp src/appcss.h app_css
./bin2c ./resources/js/topojson.v3.min.js.tmp src/topojsonjs.h topojson_js
./bin2c ./resources/js/hogan.min.js.tmp src/hoganjs.h hogan_js
./bin2c ./resources/css/fa.min.css.tmp src/facss.h fa_css
./bin2c ./resources/js/charts.js.tmp src/chartsjs.h charts_js
./bin2c ./resources/js/app.js.tmp src/appjs.h app_js
./bin2c ./resources/countries-110m.json.tmp src/countries110m.h countries_json
./bin2c ./resources/css/bootstrap.min.css.tmp src/bootstrapcss.h bootstrap_css
./bin2c ./resources/js/d3.v7.min.js.tmp src/d3js.h d3_js
make  all-recursive
make[1]: Entering directory '/tmp/src/goaccess-1.9.4'
Making all in po
make[2]: Entering directory '/tmp/src/goaccess-1.9.4/po'
make[2]: Nothing to be done for 'all'.
make[2]: Leaving directory '/tmp/src/goaccess-1.9.4/po'
make[2]: Entering directory '/tmp/src/goaccess-1.9.4'
depbase=`echo src/base64.o | sed 's|[^/]*$|.deps/&|;s|\.o$||'`;\
cc -DLOCALEDIR=\"/usr/share/locale\" -DHAVE_CONFIG_H -I. -I./src    -O2 -DSYSCONFDIR=\"/etc\" -Wall -Wextra -Wnested-externs -Wformat=2 -g -Wmissing-prototypes -Wstrict-prototypes -Wmissing-declarations -Wwrite-strings -Wshadow -Wpointer-arith -Wsign-compare -Wbad-function-cast -Wcast-align -Wdeclaration-after-statement -Wshadow -Wold-style-definition  -Os -fstack-clash-protection -Wformat -Werror=format-security -fno-plt -pthread -MT src/base64.o -MD -MP -MF $depbase.Tpo -c -o src/base64.o src/base64.c &&\
mv -f $depbase.Tpo $depbase.Po
depbase=`echo src/browsers.o | sed 's|[^/]*$|.deps/&|;s|\.o$||'`;\
cc -DLOCALEDIR=\"/usr/share/locale\" -DHAVE_CONFIG_H -I. -I./src    -O2 -DSYSCONFDIR=\"/etc\" -Wall -Wextra -Wnested-externs -Wformat=2 -g -Wmissing-prototypes -Wstrict-prototypes -Wmissing-declarations -Wwrite-strings -Wshadow -Wpointer-arith -Wsign-compare -Wbad-function-cast -Wcast-align -Wdeclaration-after-statement -Wshadow -Wold-style-definition  -Os -fstack-clash-protection -Wformat -Werror=format-security -fno-plt -pthread -MT src/browsers.o -MD -MP -MF $depbase.Tpo -c -o src/browsers.o src/browsers.c &&\
mv -f $depbase.Tpo $depbase.Po
depbase=`echo src/color.o | sed 's|[^/]*$|.deps/&|;s|\.o$||'`;\
cc -DLOCALEDIR=\"/usr/share/locale\" -DHAVE_CONFIG_H -I. -I./src    -O2 -DSYSCONFDIR=\"/etc\" -Wall -Wextra -Wnested-externs -Wformat=2 -g -Wmissing-prototypes -Wstrict-prototypes -Wmissing-declarations -Wwrite-strings -Wshadow -Wpointer-arith -Wsign-compare -Wbad-function-cast -Wcast-align -Wdeclaration-after-statement -Wshadow -Wold-style-definition  -Os -fstack-clash-protection -Wformat -Werror=format-security -fno-plt -pthread -MT src/color.o -MD -MP -MF $depbase.Tpo -c -o src/color.o src/color.c &&\
mv -f $depbase.Tpo $depbase.Po
depbase=`echo src/commons.o | sed 's|[^/]*$|.deps/&|;s|\.o$||'`;\
cc -DLOCALEDIR=\"/usr/share/locale\" -DHAVE_CONFIG_H -I. -I./src    -O2 -DSYSCONFDIR=\"/etc\" -Wall -Wextra -Wnested-externs -Wformat=2 -g -Wmissing-prototypes -Wstrict-prototypes -Wmissing-declarations -Wwrite-strings -Wshadow -Wpointer-arith -Wsign-compare -Wbad-function-cast -Wcast-align -Wdeclaration-after-statement -Wshadow -Wold-style-definition  -Os -fstack-clash-protection -Wformat -Werror=format-security -fno-plt -pthread -MT src/commons.o -MD -MP -MF $depbase.Tpo -c -o src/commons.o src/commons.c &&\
mv -f $depbase.Tpo $depbase.Po
depbase=`echo src/csv.o | sed 's|[^/]*$|.deps/&|;s|\.o$||'`;\
cc -DLOCALEDIR=\"/usr/share/locale\" -DHAVE_CONFIG_H -I. -I./src    -O2 -DSYSCONFDIR=\"/etc\" -Wall -Wextra -Wnested-externs -Wformat=2 -g -Wmissing-prototypes -Wstrict-prototypes -Wmissing-declarations -Wwrite-strings -Wshadow -Wpointer-arith -Wsign-compare -Wbad-function-cast -Wcast-align -Wdeclaration-after-statement -Wshadow -Wold-style-definition  -Os -fstack-clash-protection -Wformat -Werror=format-security -fno-plt -pthread -MT src/csv.o -MD -MP -MF $depbase.Tpo -c -o src/csv.o src/csv.c &&\
mv -f $depbase.Tpo $depbase.Po
depbase=`echo src/error.o | sed 's|[^/]*$|.deps/&|;s|\.o$||'`;\
cc -DLOCALEDIR=\"/usr/share/locale\" -DHAVE_CONFIG_H -I. -I./src    -O2 -DSYSCONFDIR=\"/etc\" -Wall -Wextra -Wnested-externs -Wformat=2 -g -Wmissing-prototypes -Wstrict-prototypes -Wmissing-declarations -Wwrite-strings -Wshadow -Wpointer-arith -Wsign-compare -Wbad-function-cast -Wcast-align -Wdeclaration-after-statement -Wshadow -Wold-style-definition  -Os -fstack-clash-protection -Wformat -Werror=format-security -fno-plt -pthread -MT src/error.o -MD -MP -MF $depbase.Tpo -c -o src/error.o src/error.c &&\
mv -f $depbase.Tpo $depbase.Po
depbase=`echo src/gdashboard.o | sed 's|[^/]*$|.deps/&|;s|\.o$||'`;\
cc -DLOCALEDIR=\"/usr/share/locale\" -DHAVE_CONFIG_H -I. -I./src    -O2 -DSYSCONFDIR=\"/etc\" -Wall -Wextra -Wnested-externs -Wformat=2 -g -Wmissing-prototypes -Wstrict-prototypes -Wmissing-declarations -Wwrite-strings -Wshadow -Wpointer-arith -Wsign-compare -Wbad-function-cast -Wcast-align -Wdeclaration-after-statement -Wshadow -Wold-style-definition  -Os -fstack-clash-protection -Wformat -Werror=format-security -fno-plt -pthread -MT src/gdashboard.o -MD -MP -MF $depbase.Tpo -c -o src/gdashboard.o src/gdashboard.c &&\
mv -f $depbase.Tpo $depbase.Po
depbase=`echo src/gdns.o | sed 's|[^/]*$|.deps/&|;s|\.o$||'`;\
cc -DLOCALEDIR=\"/usr/share/locale\" -DHAVE_CONFIG_H -I. -I./src    -O2 -DSYSCONFDIR=\"/etc\" -Wall -Wextra -Wnested-externs -Wformat=2 -g -Wmissing-prototypes -Wstrict-prototypes -Wmissing-declarations -Wwrite-strings -Wshadow -Wpointer-arith -Wsign-compare -Wbad-function-cast -Wcast-align -Wdeclaration-after-statement -Wshadow -Wold-style-definition  -Os -fstack-clash-protection -Wformat -Werror=format-security -fno-plt -pthread -MT src/gdns.o -MD -MP -MF $depbase.Tpo -c -o src/gdns.o src/gdns.c &&\
mv -f $depbase.Tpo $depbase.Po
depbase=`echo src/gholder.o | sed 's|[^/]*$|.deps/&|;s|\.o$||'`;\
cc -DLOCALEDIR=\"/usr/share/locale\" -DHAVE_CONFIG_H -I. -I./src    -O2 -DSYSCONFDIR=\"/etc\" -Wall -Wextra -Wnested-externs -Wformat=2 -g -Wmissing-prototypes -Wstrict-prototypes -Wmissing-declarations -Wwrite-strings -Wshadow -Wpointer-arith -Wsign-compare -Wbad-function-cast -Wcast-align -Wdeclaration-after-statement -Wshadow -Wold-style-definition  -Os -fstack-clash-protection -Wformat -Werror=format-security -fno-plt -pthread -MT src/gholder.o -MD -MP -MF $depbase.Tpo -c -o src/gholder.o src/gholder.c &&\
mv -f $depbase.Tpo $depbase.Po
depbase=`echo src/gkhash.o | sed 's|[^/]*$|.deps/&|;s|\.o$||'`;\
cc -DLOCALEDIR=\"/usr/share/locale\" -DHAVE_CONFIG_H -I. -I./src    -O2 -DSYSCONFDIR=\"/etc\" -Wall -Wextra -Wnested-externs -Wformat=2 -g -Wmissing-prototypes -Wstrict-prototypes -Wmissing-declarations -Wwrite-strings -Wshadow -Wpointer-arith -Wsign-compare -Wbad-function-cast -Wcast-align -Wdeclaration-after-statement -Wshadow -Wold-style-definition  -Os -fstack-clash-protection -Wformat -Werror=format-security -fno-plt -pthread -MT src/gkhash.o -MD -MP -MF $depbase.Tpo -c -o src/gkhash.o src/gkhash.c &&\
mv -f $depbase.Tpo $depbase.Po
depbase=`echo src/gkmhash.o | sed 's|[^/]*$|.deps/&|;s|\.o$||'`;\
cc -DLOCALEDIR=\"/usr/share/locale\" -DHAVE_CONFIG_H -I. -I./src    -O2 -DSYSCONFDIR=\"/etc\" -Wall -Wextra -Wnested-externs -Wformat=2 -g -Wmissing-prototypes -Wstrict-prototypes -Wmissing-declarations -Wwrite-strings -Wshadow -Wpointer-arith -Wsign-compare -Wbad-function-cast -Wcast-align -Wdeclaration-after-statement -Wshadow -Wold-style-definition  -Os -fstack-clash-protection -Wformat -Werror=format-security -fno-plt -pthread -MT src/gkmhash.o -MD -MP -MF $depbase.Tpo -c -o src/gkmhash.o src/gkmhash.c &&\
mv -f $depbase.Tpo $depbase.Po
depbase=`echo src/gmenu.o | sed 's|[^/]*$|.deps/&|;s|\.o$||'`;\
cc -DLOCALEDIR=\"/usr/share/locale\" -DHAVE_CONFIG_H -I. -I./src    -O2 -DSYSCONFDIR=\"/etc\" -Wall -Wextra -Wnested-externs -Wformat=2 -g -Wmissing-prototypes -Wstrict-prototypes -Wmissing-declarations -Wwrite-strings -Wshadow -Wpointer-arith -Wsign-compare -Wbad-function-cast -Wcast-align -Wdeclaration-after-statement -Wshadow -Wold-style-definition  -Os -fstack-clash-protection -Wformat -Werror=format-security -fno-plt -pthread -MT src/gmenu.o -MD -MP -MF $depbase.Tpo -c -o src/gmenu.o src/gmenu.c &&\
mv -f $depbase.Tpo $depbase.Po
depbase=`echo src/goaccess.o | sed 's|[^/]*$|.deps/&|;s|\.o$||'`;\
cc -DLOCALEDIR=\"/usr/share/locale\" -DHAVE_CONFIG_H -I. -I./src    -O2 -DSYSCONFDIR=\"/etc\" -Wall -Wextra -Wnested-externs -Wformat=2 -g -Wmissing-prototypes -Wstrict-prototypes -Wmissing-declarations -Wwrite-strings -Wshadow -Wpointer-arith -Wsign-compare -Wbad-function-cast -Wcast-align -Wdeclaration-after-statement -Wshadow -Wold-style-definition  -Os -fstack-clash-protection -Wformat -Werror=format-security -fno-plt -pthread -MT src/goaccess.o -MD -MP -MF $depbase.Tpo -c -o src/goaccess.o src/goaccess.c &&\
mv -f $depbase.Tpo $depbase.Po
depbase=`echo src/gslist.o | sed 's|[^/]*$|.deps/&|;s|\.o$||'`;\
cc -DLOCALEDIR=\"/usr/share/locale\" -DHAVE_CONFIG_H -I. -I./src    -O2 -DSYSCONFDIR=\"/etc\" -Wall -Wextra -Wnested-externs -Wformat=2 -g -Wmissing-prototypes -Wstrict-prototypes -Wmissing-declarations -Wwrite-strings -Wshadow -Wpointer-arith -Wsign-compare -Wbad-function-cast -Wcast-align -Wdeclaration-after-statement -Wshadow -Wold-style-definition  -Os -fstack-clash-protection -Wformat -Werror=format-security -fno-plt -pthread -MT src/gslist.o -MD -MP -MF $depbase.Tpo -c -o src/gslist.o src/gslist.c &&\
mv -f $depbase.Tpo $depbase.Po
depbase=`echo src/gstorage.o | sed 's|[^/]*$|.deps/&|;s|\.o$||'`;\
cc -DLOCALEDIR=\"/usr/share/locale\" -DHAVE_CONFIG_H -I. -I./src    -O2 -DSYSCONFDIR=\"/etc\" -Wall -Wextra -Wnested-externs -Wformat=2 -g -Wmissing-prototypes -Wstrict-prototypes -Wmissing-declarations -Wwrite-strings -Wshadow -Wpointer-arith -Wsign-compare -Wbad-function-cast -Wcast-align -Wdeclaration-after-statement -Wshadow -Wold-style-definition  -Os -fstack-clash-protection -Wformat -Werror=format-security -fno-plt -pthread -MT src/gstorage.o -MD -MP -MF $depbase.Tpo -c -o src/gstorage.o src/gstorage.c &&\
mv -f $depbase.Tpo $depbase.Po
depbase=`echo src/gwsocket.o | sed 's|[^/]*$|.deps/&|;s|\.o$||'`;\
cc -DLOCALEDIR=\"/usr/share/locale\" -DHAVE_CONFIG_H -I. -I./src    -O2 -DSYSCONFDIR=\"/etc\" -Wall -Wextra -Wnested-externs -Wformat=2 -g -Wmissing-prototypes -Wstrict-prototypes -Wmissing-declarations -Wwrite-strings -Wshadow -Wpointer-arith -Wsign-compare -Wbad-function-cast -Wcast-align -Wdeclaration-after-statement -Wshadow -Wold-style-definition  -Os -fstack-clash-protection -Wformat -Werror=format-security -fno-plt -pthread -MT src/gwsocket.o -MD -MP -MF $depbase.Tpo -c -o src/gwsocket.o src/gwsocket.c &&\
mv -f $depbase.Tpo $depbase.Po
depbase=`echo src/json.o | sed 's|[^/]*$|.deps/&|;s|\.o$||'`;\
cc -DLOCALEDIR=\"/usr/share/locale\" -DHAVE_CONFIG_H -I. -I./src    -O2 -DSYSCONFDIR=\"/etc\" -Wall -Wextra -Wnested-externs -Wformat=2 -g -Wmissing-prototypes -Wstrict-prototypes -Wmissing-declarations -Wwrite-strings -Wshadow -Wpointer-arith -Wsign-compare -Wbad-function-cast -Wcast-align -Wdeclaration-after-statement -Wshadow -Wold-style-definition  -Os -fstack-clash-protection -Wformat -Werror=format-security -fno-plt -pthread -MT src/json.o -MD -MP -MF $depbase.Tpo -c -o src/json.o src/json.c &&\
mv -f $depbase.Tpo $depbase.Po
depbase=`echo src/opesys.o | sed 's|[^/]*$|.deps/&|;s|\.o$||'`;\
cc -DLOCALEDIR=\"/usr/share/locale\" -DHAVE_CONFIG_H -I. -I./src    -O2 -DSYSCONFDIR=\"/etc\" -Wall -Wextra -Wnested-externs -Wformat=2 -g -Wmissing-prototypes -Wstrict-prototypes -Wmissing-declarations -Wwrite-strings -Wshadow -Wpointer-arith -Wsign-compare -Wbad-function-cast -Wcast-align -Wdeclaration-after-statement -Wshadow -Wold-style-definition  -Os -fstack-clash-protection -Wformat -Werror=format-security -fno-plt -pthread -MT src/opesys.o -MD -MP -MF $depbase.Tpo -c -o src/opesys.o src/opesys.c &&\
mv -f $depbase.Tpo $depbase.Po
depbase=`echo src/options.o | sed 's|[^/]*$|.deps/&|;s|\.o$||'`;\
cc -DLOCALEDIR=\"/usr/share/locale\" -DHAVE_CONFIG_H -I. -I./src    -O2 -DSYSCONFDIR=\"/etc\" -Wall -Wextra -Wnested-externs -Wformat=2 -g -Wmissing-prototypes -Wstrict-prototypes -Wmissing-declarations -Wwrite-strings -Wshadow -Wpointer-arith -Wsign-compare -Wbad-function-cast -Wcast-align -Wdeclaration-after-statement -Wshadow -Wold-style-definition  -Os -fstack-clash-protection -Wformat -Werror=format-security -fno-plt -pthread -MT src/options.o -MD -MP -MF $depbase.Tpo -c -o src/options.o src/options.c &&\
mv -f $depbase.Tpo $depbase.Po
depbase=`echo src/output.o | sed 's|[^/]*$|.deps/&|;s|\.o$||'`;\
cc -DLOCALEDIR=\"/usr/share/locale\" -DHAVE_CONFIG_H -I. -I./src    -O2 -DSYSCONFDIR=\"/etc\" -Wall -Wextra -Wnested-externs -Wformat=2 -g -Wmissing-prototypes -Wstrict-prototypes -Wmissing-declarations -Wwrite-strings -Wshadow -Wpointer-arith -Wsign-compare -Wbad-function-cast -Wcast-align -Wdeclaration-after-statement -Wshadow -Wold-style-definition  -Os -fstack-clash-protection -Wformat -Werror=format-security -fno-plt -pthread -MT src/output.o -MD -MP -MF $depbase.Tpo -c -o src/output.o src/output.c &&\
mv -f $depbase.Tpo $depbase.Po
depbase=`echo src/parser.o | sed 's|[^/]*$|.deps/&|;s|\.o$||'`;\
cc -DLOCALEDIR=\"/usr/share/locale\" -DHAVE_CONFIG_H -I. -I./src    -O2 -DSYSCONFDIR=\"/etc\" -Wall -Wextra -Wnested-externs -Wformat=2 -g -Wmissing-prototypes -Wstrict-prototypes -Wmissing-declarations -Wwrite-strings -Wshadow -Wpointer-arith -Wsign-compare -Wbad-function-cast -Wcast-align -Wdeclaration-after-statement -Wshadow -Wold-style-definition  -Os -fstack-clash-protection -Wformat -Werror=format-security -fno-plt -pthread -MT src/parser.o -MD -MP -MF $depbase.Tpo -c -o src/parser.o src/parser.c &&\
mv -f $depbase.Tpo $depbase.Po
depbase=`echo src/persistence.o | sed 's|[^/]*$|.deps/&|;s|\.o$||'`;\
cc -DLOCALEDIR=\"/usr/share/locale\" -DHAVE_CONFIG_H -I. -I./src    -O2 -DSYSCONFDIR=\"/etc\" -Wall -Wextra -Wnested-externs -Wformat=2 -g -Wmissing-prototypes -Wstrict-prototypes -Wmissing-declarations -Wwrite-strings -Wshadow -Wpointer-arith -Wsign-compare -Wbad-function-cast -Wcast-align -Wdeclaration-after-statement -Wshadow -Wold-style-definition  -Os -fstack-clash-protection -Wformat -Werror=format-security -fno-plt -pthread -MT src/persistence.o -MD -MP -MF $depbase.Tpo -c -o src/persistence.o src/persistence.c &&\
mv -f $depbase.Tpo $depbase.Po
depbase=`echo src/pdjson.o | sed 's|[^/]*$|.deps/&|;s|\.o$||'`;\
cc -DLOCALEDIR=\"/usr/share/locale\" -DHAVE_CONFIG_H -I. -I./src    -O2 -DSYSCONFDIR=\"/etc\" -Wall -Wextra -Wnested-externs -Wformat=2 -g -Wmissing-prototypes -Wstrict-prototypes -Wmissing-declarations -Wwrite-strings -Wshadow -Wpointer-arith -Wsign-compare -Wbad-function-cast -Wcast-align -Wdeclaration-after-statement -Wshadow -Wold-style-definition  -Os -fstack-clash-protection -Wformat -Werror=format-security -fno-plt -pthread -MT src/pdjson.o -MD -MP -MF $depbase.Tpo -c -o src/pdjson.o src/pdjson.c &&\
mv -f $depbase.Tpo $depbase.Po
depbase=`echo src/settings.o | sed 's|[^/]*$|.deps/&|;s|\.o$||'`;\
cc -DLOCALEDIR=\"/usr/share/locale\" -DHAVE_CONFIG_H -I. -I./src    -O2 -DSYSCONFDIR=\"/etc\" -Wall -Wextra -Wnested-externs -Wformat=2 -g -Wmissing-prototypes -Wstrict-prototypes -Wmissing-declarations -Wwrite-strings -Wshadow -Wpointer-arith -Wsign-compare -Wbad-function-cast -Wcast-align -Wdeclaration-after-statement -Wshadow -Wold-style-definition  -Os -fstack-clash-protection -Wformat -Werror=format-security -fno-plt -pthread -MT src/settings.o -MD -MP -MF $depbase.Tpo -c -o src/settings.o src/settings.c &&\
mv -f $depbase.Tpo $depbase.Po
depbase=`echo src/sort.o | sed 's|[^/]*$|.deps/&|;s|\.o$||'`;\
cc -DLOCALEDIR=\"/usr/share/locale\" -DHAVE_CONFIG_H -I. -I./src    -O2 -DSYSCONFDIR=\"/etc\" -Wall -Wextra -Wnested-externs -Wformat=2 -g -Wmissing-prototypes -Wstrict-prototypes -Wmissing-declarations -Wwrite-strings -Wshadow -Wpointer-arith -Wsign-compare -Wbad-function-cast -Wcast-align -Wdeclaration-after-statement -Wshadow -Wold-style-definition  -Os -fstack-clash-protection -Wformat -Werror=format-security -fno-plt -pthread -MT src/sort.o -MD -MP -MF $depbase.Tpo -c -o src/sort.o src/sort.c &&\
mv -f $depbase.Tpo $depbase.Po
depbase=`echo src/tpl.o | sed 's|[^/]*$|.deps/&|;s|\.o$||'`;\
cc -DLOCALEDIR=\"/usr/share/locale\" -DHAVE_CONFIG_H -I. -I./src    -O2 -DSYSCONFDIR=\"/etc\" -Wall -Wextra -Wnested-externs -Wformat=2 -g -Wmissing-prototypes -Wstrict-prototypes -Wmissing-declarations -Wwrite-strings -Wshadow -Wpointer-arith -Wsign-compare -Wbad-function-cast -Wcast-align -Wdeclaration-after-statement -Wshadow -Wold-style-definition  -Os -fstack-clash-protection -Wformat -Werror=format-security -fno-plt -pthread -MT src/tpl.o -MD -MP -MF $depbase.Tpo -c -o src/tpl.o src/tpl.c &&\
mv -f $depbase.Tpo $depbase.Po
depbase=`echo src/ui.o | sed 's|[^/]*$|.deps/&|;s|\.o$||'`;\
cc -DLOCALEDIR=\"/usr/share/locale\" -DHAVE_CONFIG_H -I. -I./src    -O2 -DSYSCONFDIR=\"/etc\" -Wall -Wextra -Wnested-externs -Wformat=2 -g -Wmissing-prototypes -Wstrict-prototypes -Wmissing-declarations -Wwrite-strings -Wshadow -Wpointer-arith -Wsign-compare -Wbad-function-cast -Wcast-align -Wdeclaration-after-statement -Wshadow -Wold-style-definition  -Os -fstack-clash-protection -Wformat -Werror=format-security -fno-plt -pthread -MT src/ui.o -MD -MP -MF $depbase.Tpo -c -o src/ui.o src/ui.c &&\
mv -f $depbase.Tpo $depbase.Po
depbase=`echo src/util.o | sed 's|[^/]*$|.deps/&|;s|\.o$||'`;\
cc -DLOCALEDIR=\"/usr/share/locale\" -DHAVE_CONFIG_H -I. -I./src    -O2 -DSYSCONFDIR=\"/etc\" -Wall -Wextra -Wnested-externs -Wformat=2 -g -Wmissing-prototypes -Wstrict-prototypes -Wmissing-declarations -Wwrite-strings -Wshadow -Wpointer-arith -Wsign-compare -Wbad-function-cast -Wcast-align -Wdeclaration-after-statement -Wshadow -Wold-style-definition  -Os -fstack-clash-protection -Wformat -Werror=format-security -fno-plt -pthread -MT src/util.o -MD -MP -MF $depbase.Tpo -c -o src/util.o src/util.c &&\
mv -f $depbase.Tpo $depbase.Po
src/util.c: In function 'str_to_time':
src/util.c:658:9: warning: unused variable 'end' [-Wunused-variable]
  658 |   char *end = NULL, *sEnd = NULL;
      |         ^~~
depbase=`echo src/websocket.o | sed 's|[^/]*$|.deps/&|;s|\.o$||'`;\
cc -DLOCALEDIR=\"/usr/share/locale\" -DHAVE_CONFIG_H -I. -I./src    -O2 -DSYSCONFDIR=\"/etc\" -Wall -Wextra -Wnested-externs -Wformat=2 -g -Wmissing-prototypes -Wstrict-prototypes -Wmissing-declarations -Wwrite-strings -Wshadow -Wpointer-arith -Wsign-compare -Wbad-function-cast -Wcast-align -Wdeclaration-after-statement -Wshadow -Wold-style-definition  -Os -fstack-clash-protection -Wformat -Werror=format-security -fno-plt -pthread -MT src/websocket.o -MD -MP -MF $depbase.Tpo -c -o src/websocket.o src/websocket.c &&\
mv -f $depbase.Tpo $depbase.Po
depbase=`echo src/xmalloc.o | sed 's|[^/]*$|.deps/&|;s|\.o$||'`;\
cc -DLOCALEDIR=\"/usr/share/locale\" -DHAVE_CONFIG_H -I. -I./src    -O2 -DSYSCONFDIR=\"/etc\" -Wall -Wextra -Wnested-externs -Wformat=2 -g -Wmissing-prototypes -Wstrict-prototypes -Wmissing-declarations -Wwrite-strings -Wshadow -Wpointer-arith -Wsign-compare -Wbad-function-cast -Wcast-align -Wdeclaration-after-statement -Wshadow -Wold-style-definition  -Os -fstack-clash-protection -Wformat -Werror=format-security -fno-plt -pthread -MT src/xmalloc.o -MD -MP -MF $depbase.Tpo -c -o src/xmalloc.o src/xmalloc.c &&\
mv -f $depbase.Tpo $depbase.Po
depbase=`echo src/sha1.o | sed 's|[^/]*$|.deps/&|;s|\.o$||'`;\
cc -DLOCALEDIR=\"/usr/share/locale\" -DHAVE_CONFIG_H -I. -I./src    -O2 -DSYSCONFDIR=\"/etc\" -Wall -Wextra -Wnested-externs -Wformat=2 -g -Wmissing-prototypes -Wstrict-prototypes -Wmissing-declarations -Wwrite-strings -Wshadow -Wpointer-arith -Wsign-compare -Wbad-function-cast -Wcast-align -Wdeclaration-after-statement -Wshadow -Wold-style-definition  -Os -fstack-clash-protection -Wformat -Werror=format-security -fno-plt -pthread -MT src/sha1.o -MD -MP -MF $depbase.Tpo -c -o src/sha1.o src/sha1.c &&\
mv -f $depbase.Tpo $depbase.Po
depbase=`echo src/geoip2.o | sed 's|[^/]*$|.deps/&|;s|\.o$||'`;\
cc -DLOCALEDIR=\"/usr/share/locale\" -DHAVE_CONFIG_H -I. -I./src    -O2 -DSYSCONFDIR=\"/etc\" -Wall -Wextra -Wnested-externs -Wformat=2 -g -Wmissing-prototypes -Wstrict-prototypes -Wmissing-declarations -Wwrite-strings -Wshadow -Wpointer-arith -Wsign-compare -Wbad-function-cast -Wcast-align -Wdeclaration-after-statement -Wshadow -Wold-style-definition  -Os -fstack-clash-protection -Wformat -Werror=format-security -fno-plt -pthread -MT src/geoip2.o -MD -MP -MF $depbase.Tpo -c -o src/geoip2.o src/geoip2.c &&\
mv -f $depbase.Tpo $depbase.Po
cc -O2 -DSYSCONFDIR=\"/etc\" -Wall -Wextra -Wnested-externs -Wformat=2 -g -Wmissing-prototypes -Wstrict-prototypes -Wmissing-declarations -Wwrite-strings -Wshadow -Wpointer-arith -Wsign-compare -Wbad-function-cast -Wcast-align -Wdeclaration-after-statement -Wshadow -Wold-style-definition  -Os -fstack-clash-protection -Wformat -Werror=format-security -fno-plt -pthread -rdynamic -Wl,--as-needed,-O1,--sort-common -Wl,-z,pack-relative-relocs -o goaccess src/base64.o src/browsers.o src/color.o src/commons.o src/csv.o src/error.o src/gdashboard.o src/gdns.o src/gholder.o src/gkhash.o src/gkmhash.o src/gmenu.o src/goaccess.o src/gslist.o src/gstorage.o src/gwsocket.o src/json.o src/opesys.o src/options.o src/output.o src/parser.o src/persistence.o src/pdjson.o src/settings.o src/sort.o src/tpl.o src/ui.o src/util.o src/websocket.o src/xmalloc.o  src/sha1.o   src/geoip2.o  -lncursesw -lmaxminddb -lpthread -lintl -lintl 
make[2]: Leaving directory '/tmp/src/goaccess-1.9.4'
make[1]: Leaving directory '/tmp/src/goaccess-1.9.4'
>>> goaccess: Entering fakeroot...
make  install-recursive
make[1]: Entering directory '/tmp/src/goaccess-1.9.4'
Making install in po
make[2]: Entering directory '/tmp/src/goaccess-1.9.4/po'
installing de.gmo as /tmp/pkg/goaccess/usr/share/locale/de/LC_MESSAGES/goaccess.mo
installing es.gmo as /tmp/pkg/goaccess/usr/share/locale/es/LC_MESSAGES/goaccess.mo
installing fr.gmo as /tmp/pkg/goaccess/usr/share/locale/fr/LC_MESSAGES/goaccess.mo
installing ja.gmo as /tmp/pkg/goaccess/usr/share/locale/ja/LC_MESSAGES/goaccess.mo
installing ko.gmo as /tmp/pkg/goaccess/usr/share/locale/ko/LC_MESSAGES/goaccess.mo
installing sv.gmo as /tmp/pkg/goaccess/usr/share/locale/sv/LC_MESSAGES/goaccess.mo
installing zh_CN.gmo as /tmp/pkg/goaccess/usr/share/locale/zh_CN/LC_MESSAGES/goaccess.mo
installing pt_BR.gmo as /tmp/pkg/goaccess/usr/share/locale/pt_BR/LC_MESSAGES/goaccess.mo
installing ru.gmo as /tmp/pkg/goaccess/usr/share/locale/ru/LC_MESSAGES/goaccess.mo
installing uk.gmo as /tmp/pkg/goaccess/usr/share/locale/uk/LC_MESSAGES/goaccess.mo
installing it.gmo as /tmp/pkg/goaccess/usr/share/locale/it/LC_MESSAGES/goaccess.mo
if test "goaccess" = "gettext-tools"; then \
  /bin/mkdir -p /tmp/pkg/goaccess/usr/share/gettext/po; \
  for file in Makefile.in.in remove-potcdate.sin quot.sed boldquot.sed en@quot.header en@boldquot.header insert-header.sin Rules-quot   Makevars.template; do \
    /usr/bin/install -c -m 644 ./$file \
		    /tmp/pkg/goaccess/usr/share/gettext/po/$file; \
  done; \
  for file in Makevars; do \
    rm -f /tmp/pkg/goaccess/usr/share/gettext/po/$file; \
  done; \
else \
  : ; \
fi
make[2]: Leaving directory '/tmp/src/goaccess-1.9.4/po'
make[2]: Entering directory '/tmp/src/goaccess-1.9.4'
make[3]: Entering directory '/tmp/src/goaccess-1.9.4'
 /bin/mkdir -p '/tmp/pkg/goaccess/usr/bin'
 /bin/mkdir -p '/tmp/pkg/goaccess/etc/goaccess'
 /bin/mkdir -p '/tmp/pkg/goaccess/usr/share/man/man1'
  /usr/bin/install -c goaccess '/tmp/pkg/goaccess/usr/bin'
 /usr/bin/install -c -m 644 config/goaccess.conf config/browsers.list config/podcast.list '/tmp/pkg/goaccess/etc/goaccess'
 /usr/bin/install -c -m 644 goaccess.1 '/tmp/pkg/goaccess/usr/share/man/man1'
make[3]: Leaving directory '/tmp/src/goaccess-1.9.4'
make[2]: Leaving directory '/tmp/src/goaccess-1.9.4'
make[1]: Leaving directory '/tmp/src/goaccess-1.9.4'
created directory: '/tmp/pkg/goaccess/usr/share/licenses/'
created directory: '/tmp/pkg/goaccess/usr/share/licenses/goaccess/'
'COPYING' -> '/tmp/pkg/goaccess/usr/share/licenses/goaccess/COPYING'
>>> goaccess-doc*: Running split function doc...
'usr/share/man' -> '/tmp/pkg/goaccess-doc/usr/share/man'
'usr/share/licenses' -> '/tmp/pkg/goaccess-doc/usr/share/licenses'
>>> goaccess-doc*: Preparing subpackage goaccess-doc...
>>> goaccess-doc*: Running postcheck for goaccess-doc
>>> goaccess-lang*: Running split function lang...
'usr/share/locale' -> '/tmp/pkg/goaccess-lang/usr/share/locale'
>>> goaccess-lang*: Preparing subpackage goaccess-lang...
>>> goaccess-lang*: Running postcheck for goaccess-lang
>>> goaccess*: Running postcheck for goaccess
>>> goaccess*: Preparing package goaccess...
>>> goaccess*: Stripping binaries
>>> goaccess-doc*: Scanning shared objects
>>> goaccess-lang*: Scanning shared objects
>>> goaccess*: Scanning shared objects
>>> goaccess-doc*: Tracing dependencies...
>>> goaccess-doc*: Package size: 18.4 KB
>>> goaccess-doc*: Compressing data...
>>> goaccess-doc*: Create checksum...
>>> goaccess-doc*: Create goaccess-doc-1.9.4-r0.apk
>>> goaccess-lang*: Tracing dependencies...
>>> goaccess-lang*: Package size: 213.9 KB
>>> goaccess-lang*: Compressing data...
>>> goaccess-lang*: Create checksum...
>>> goaccess-lang*: Create goaccess-lang-1.9.4-r0.apk
>>> goaccess*: Tracing dependencies...
	so:libc.musl-x86_64.so.1
	so:libintl.so.8
	so:libmaxminddb.so.0
	so:libncursesw.so.6
>>> goaccess*: Package size: 1.1 MB
>>> goaccess*: Compressing data...
>>> goaccess*: Create checksum...
>>> goaccess*: Create goaccess-1.9.4-r0.apk
>>> goaccess: Updating the main/x86_64 repository index...
>>> goaccess: Signing the index...
>>> goaccess: Cleaning up srcdir
>>> goaccess: Cleaning up build chroot
>>> goaccess: Cleaning up pkgdir
