pigz: not found
>>> acf-apk-tools: Building main/acf-apk-tools 0.11.0-r3 (using abuild 3.14.1-r4) started Fri, 23 May 2025 02:14:29 +0000
>>> acf-apk-tools: Validating /home/packager/aports/main/acf-apk-tools/APKBUILD...
>>> acf-apk-tools: Analyzing dependencies...
>>> acf-apk-tools: Installing for build: build-base acf-core lua-posix apk-tools
(1/14) Installing acf-jquery (0.4.3-r2)
(2/14) Installing lua-subprocess (0_git20230625-r1)
(3/14) Installing acf-lib (0.11.1-r0)
(4/14) Installing acf-skins (0.6.0-r3)
(5/14) Installing haserl-lua5.4 (0.9.36-r4)
(6/14) Installing acf-lib-lua5.4 (0.11.1-r0)
(7/14) Installing lua5.4-subprocess (0_git20230625-r1)
(8/14) Installing lua5.4-bit32 (5.3.0-r6)
(9/14) Installing lua5.4-posix (36.3-r0)
(10/14) Installing lua5.4-md5 (1.3-r2)
(11/14) Installing lua-json4 (1.0.1-r0)
(12/14) Installing acf-core (0.24.1-r0)
(13/14) Installing lua-posix (36.3-r0)
(14/14) Installing .makedepends-acf-apk-tools (20250523.021433)
Executing busybox-1.37.0-r12.trigger
OK: 315 MiB in 128 packages
>>> acf-apk-tools: Cleaning up srcdir
>>> acf-apk-tools: Cleaning up pkgdir
>>> acf-apk-tools: Cleaning up tmpdir
>>> acf-apk-tools: Fetching https://gitlab.alpinelinux.org/acf/acf-apk-tools/-/archive/v0.11.0/acf-apk-tools-v0.11.0.tar.gz
Connecting to gitlab.alpinelinux.org (172.105.69.85:443)
saving to '/var/cache/distfiles/acf-apk-tools-v0.11.0.tar.gz.part'
acf-apk-tools-v0.11. 100% |********************************|  7261  0:00:00 ETA
'/var/cache/distfiles/acf-apk-tools-v0.11.0.tar.gz.part' saved
>>> acf-apk-tools: Fetching https://gitlab.alpinelinux.org/acf/acf-apk-tools/-/archive/v0.11.0/acf-apk-tools-v0.11.0.tar.gz
>>> acf-apk-tools: Checking sha512sums...
acf-apk-tools-v0.11.0.tar.gz: OK
>>> acf-apk-tools: Unpacking /var/cache/distfiles/acf-apk-tools-v0.11.0.tar.gz...
>>> acf-apk-tools: Entering fakeroot...
mkdir -p "/home/packager/aports/main/acf-apk-tools/pkg/acf-apk-tools//usr/share/acf/app/apk-tools"
cp -a apk*  "/home/packager/aports/main/acf-apk-tools/pkg/acf-apk-tools//usr/share/acf/app/apk-tools"
>>> acf-apk-tools*: Running postcheck for acf-apk-tools
>>> acf-apk-tools*: Preparing package acf-apk-tools...
>>> acf-apk-tools*: Tracing dependencies...
libfakeroot internal error: payload not recognized!
	acf-core
	lua-posix
	apk-tools
>>> acf-apk-tools*: Package size: 26.5 KB
>>> acf-apk-tools*: Compressing data...
>>> acf-apk-tools*: Create checksum...
pigz: not found
>>> acf-apk-tools*: Create acf-apk-tools-0.11.0-r3.apk
>>> acf-apk-tools: Build complete at Fri, 23 May 2025 02:14:37 +0000 elapsed time 0h 0m 8s
>>> acf-apk-tools: Cleaning up srcdir
>>> acf-apk-tools: Cleaning up pkgdir
>>> acf-apk-tools: Uninstalling dependencies...
(1/14) Purging .makedepends-acf-apk-tools (20250523.021433)
(2/14) Purging acf-core (0.24.1-r0)
(3/14) Purging acf-jquery (0.4.3-r2)
(4/14) Purging acf-lib-lua5.4 (0.11.1-r0)
(5/14) Purging acf-lib (0.11.1-r0)
(6/14) Purging lua-subprocess (0_git20230625-r1)
(7/14) Purging acf-skins (0.6.0-r3)
(8/14) Purging haserl-lua5.4 (0.9.36-r4)
(9/14) Purging lua5.4-posix (36.3-r0)
(10/14) Purging lua5.4-bit32 (5.3.0-r6)
(11/14) Purging lua5.4-md5 (1.3-r2)
(12/14) Purging lua-json4 (1.0.1-r0)
(13/14) Purging lua5.4-subprocess (0_git20230625-r1)
(14/14) Purging lua-posix (36.3-r0)
Executing busybox-1.37.0-r12.trigger
OK: 313 MiB in 114 packages
>>> acf-apk-tools: Updating the main/x86_64 repository index...
>>> acf-apk-tools: Signing the index...
pigz: not found
