>>> fping: Validating /home/packager/oily-pine/main/fping/APKBUILD...
>>> fping: Cleaning up srcdir
>>> fping: Cleaning up pkgdir
>>> fping: Cleaning up tmpdir
>>> fping: Fetching https://fping.org/dist/fping-5.3.tar.gz
  % Total    % Received % Xferd  Average Speed   Time    Time     Time  Current
                                 Dload  Upload   Total   Spent    Left  Speed
  0     0    0     0    0     0      0      0 --:--:-- --:--:-- --:--:--     0100  192k  100  192k    0     0   833k      0 --:--:-- --:--:-- --:--:--  834k
>>> fping: Fetching https://fping.org/dist/fping-5.3.tar.gz
>>> fping: Checking sha512sums...
fping-5.3.tar.gz: OK
>>> fping: Preparing build chroot...
fetch http://dl-cdn.alpinelinux.org/alpine/edge/main/x86_64/APKINDEX.tar.gz
(1/70) Installing musl (1.2.5-r10)
(2/70) Installing libcrypto3 (3.5.0-r0)
(3/70) Installing ca-certificates-bundle (20241121-r2)
(4/70) Installing libssl3 (3.5.0-r0)
(5/70) Installing zlib (1.3.1-r2)
(6/70) Installing libapk2 (2.14.9-r2)
(7/70) Installing apk-tools (2.14.9-r2)
(8/70) Installing libcap2 (2.76-r0)
(9/70) Installing libcap-getcap (2.76-r0)
(10/70) Installing fakeroot (1.37.1.1-r0)
(11/70) Installing scanelf (1.3.8-r1)
(12/70) Installing musl-utils (1.2.5-r10)
(13/70) Installing libgcc (14.3.0-r0)
(14/70) Installing libstdc++ (14.3.0-r0)
(15/70) Installing lzip (1.25-r0)
(16/70) Installing openssl (3.5.0-r0)
(17/70) Installing patch (2.8-r0)
(18/70) Installing pkgconf (2.4.3-r0)
(19/70) Installing acl-libs (2.3.2-r1)
(20/70) Installing tar (1.35-r3)
(21/70) Installing busybox (1.37.0-r18)
Executing busybox-1.37.0-r18.post-install
(22/70) Installing ssl_client (1.37.0-r18)
(23/70) Installing busybox-binsh (1.37.0-r18)
(24/70) Installing abuild (3.15.0-r0)
Executing abuild-3.15.0-r0.pre-install
(25/70) Installing abuild-sudo (3.15.0-r0)
(26/70) Installing alpine-baselayout-data (3.7.0-r0)
(27/70) Installing alpine-baselayout (3.7.0-r0)
Executing alpine-baselayout-3.7.0-r0.pre-install
Executing alpine-baselayout-3.7.0-r0.post-install
(28/70) Installing bridge (1.5-r5)
(29/70) Installing ifupdown-ng (0.12.1-r7)
(30/70) Installing openrc-user (0.62.2-r2)
(31/70) Installing openrc (0.62.2-r2)
Executing openrc-0.62.2-r2.post-install
(32/70) Installing mdev-conf (4.8-r0)
(33/70) Installing busybox-mdev-openrc (1.37.0-r18)
(34/70) Installing alpine-conf (3.20.0-r0)
(35/70) Installing alpine-keys (2.5-r0)
(36/70) Installing alpine-release (3.22.0-r0)
(37/70) Installing busybox-openrc (1.37.0-r18)
(38/70) Installing busybox-suid (1.37.0-r18)
(39/70) Installing alpine-base (3.22.0-r0)
(40/70) Installing jansson (2.14.1-r0)
(41/70) Installing zstd-libs (1.5.7-r0)
(42/70) Installing binutils (2.44-r0)
(43/70) Installing libmagic (5.46-r2)
(44/70) Installing file (5.46-r2)
(45/70) Installing libgomp (14.3.0-r0)
(46/70) Installing libatomic (14.3.0-r0)
(47/70) Installing gmp (6.3.0-r3)
(48/70) Installing isl26 (0.26-r1)
(49/70) Installing mpfr4 (4.2.1_p1-r0)
(50/70) Installing mpc1 (1.3.1-r1)
(51/70) Installing gcc (14.3.0-r0)
(52/70) Installing libstdc++-dev (14.3.0-r0)
(53/70) Installing musl-dev (1.2.5-r10)
(54/70) Installing g++ (14.3.0-r0)
(55/70) Installing make (4.4.1-r3)
(56/70) Installing fortify-headers (1.1-r5)
(57/70) Installing build-base (0.5-r3)
(58/70) Installing brotli-libs (1.1.0-r2)
(59/70) Installing c-ares (1.34.5-r0)
(60/70) Installing libunistring (1.3-r0)
(61/70) Installing libidn2 (2.3.7-r0)
(62/70) Installing nghttp2-libs (1.65.0-r0)
(63/70) Installing libpsl (0.21.5-r3)
(64/70) Installing libcurl (8.14.0-r2)
(65/70) Installing libexpat (2.7.1-r0)
(66/70) Installing pcre2 (10.43-r1)
(67/70) Installing git (2.49.0-r0)
(68/70) Installing git-init-template (2.49.0-r0)
(69/70) Installing libcap-setcap (2.76-r0)
(70/70) Installing libcap-utils (2.76-r0)
Executing busybox-1.37.0-r18.trigger
OK: 260 MiB in 70 packages
>>> fping: Fetching https://fping.org/dist/fping-5.3.tar.gz
>>> fping: Checking sha512sums...
fping-5.3.tar.gz: OK
>>> fping: Unpacking /var/cache/distfiles/fping-5.3.tar.gz...
checking for x86_64-alpine-linux-musl-gcc... cc
checking whether the C compiler works... yes
checking for C compiler default output file name... a.out
checking for suffix of executables... 
checking whether we are cross compiling... no
checking for suffix of object files... o
checking whether the compiler supports GNU C... yes
checking whether cc accepts -g... yes
checking for cc option to enable C11 features... none needed
checking whether cc understands -c and -o together... yes
checking for stdio.h... yes
checking for stdlib.h... yes
checking for string.h... yes
checking for inttypes.h... yes
checking for stdint.h... yes
checking for strings.h... yes
checking for sys/stat.h... yes
checking for sys/types.h... yes
checking for unistd.h... yes
checking for wchar.h... yes
checking for minix/config.h... no
checking whether it is safe to define __EXTENSIONS__... yes
checking whether _XOPEN_SOURCE should be defined... no
checking build system type... x86_64-alpine-linux-musl
checking host system type... x86_64-alpine-linux-musl
checking target system type... x86_64-alpine-linux-musl
checking for netinet/icmp6.h... yes
checking for cc options needed to detect all undeclared functions... none needed
checking whether SO_TIMESTAMPNS is declared... yes
checking for a BSD-compatible install... /usr/bin/install -c
checking whether build environment is sane... yes
checking for a race-free mkdir -p... ./install-sh -c -d
checking for gawk... no
checking for mawk... no
checking for nawk... no
checking for awk... awk
checking whether make sets $(MAKE)... yes
checking whether make supports the include directive... yes (GNU style)
checking whether make supports nested variables... yes
checking dependency style of cc... gcc3
checking whether to enable maintainer-specific portions of Makefiles... no
checking for x86_64-alpine-linux-musl-gcc... (cached) cc
checking whether the compiler supports GNU C... (cached) yes
checking whether cc accepts -g... (cached) yes
checking for cc option to enable C11 features... (cached) none needed
checking whether cc understands -c and -o together... (cached) yes
checking how to run the C preprocessor... cc -E
checking for gethostbyname... yes
checking for connect... yes
checking for sigaction... yes
checking for strftime... yes
checking for unistd.h... (cached) yes
checking for sys/file.h... yes
checking for stdlib.h... (cached) yes
checking for sys/select.h... yes
checking that generated files are newer than configure... done
configure: creating ./config.status
config.status: creating Makefile
config.status: creating doc/Makefile
config.status: creating src/Makefile
config.status: creating config.h
config.status: executing depfiles commands
make  all-recursive
make[1]: Entering directory '/tmp/src/fping-5.3'
Making all in doc
make[2]: Entering directory '/tmp/src/fping-5.3/doc'
make[2]: Nothing to be done for 'all'.
make[2]: Leaving directory '/tmp/src/fping-5.3/doc'
Making all in src
make[2]: Entering directory '/tmp/src/fping-5.3/src'
cc -DHAVE_CONFIG_H -I. -I..    -Wall -Wextra -Wno-sign-compare -DIPV6 -Os -fstack-clash-protection -Wformat -Werror=format-security -fno-plt -MT fping-fping.o -MD -MP -MF .deps/fping-fping.Tpo -c -o fping-fping.o `test -f 'fping.c' || echo './'`fping.c
cc -DHAVE_CONFIG_H -I. -I..    -Wall -Wextra -Wno-sign-compare -DIPV6 -Os -fstack-clash-protection -Wformat -Werror=format-security -fno-plt -MT fping-seqmap.o -MD -MP -MF .deps/fping-seqmap.Tpo -c -o fping-seqmap.o `test -f 'seqmap.c' || echo './'`seqmap.c
cc -DHAVE_CONFIG_H -I. -I..    -Wall -Wextra -Wno-sign-compare -DIPV6 -Os -fstack-clash-protection -Wformat -Werror=format-security -fno-plt -MT fping-socket4.o -MD -MP -MF .deps/fping-socket4.Tpo -c -o fping-socket4.o `test -f 'socket4.c' || echo './'`socket4.c
cc -DHAVE_CONFIG_H -I. -I..    -Wall -Wextra -Wno-sign-compare -DIPV6 -Os -fstack-clash-protection -Wformat -Werror=format-security -fno-plt -MT fping-optparse.o -MD -MP -MF .deps/fping-optparse.Tpo -c -o fping-optparse.o `test -f 'optparse.c' || echo './'`optparse.c
cc -DHAVE_CONFIG_H -I. -I..    -Wall -Wextra -Wno-sign-compare -DIPV6 -Os -fstack-clash-protection -Wformat -Werror=format-security -fno-plt -MT fping-socket6.o -MD -MP -MF .deps/fping-socket6.Tpo -c -o fping-socket6.o `test -f 'socket6.c' || echo './'`socket6.c
mv -f .deps/fping-seqmap.Tpo .deps/fping-seqmap.Po
mv -f .deps/fping-socket6.Tpo .deps/fping-socket6.Po
mv -f .deps/fping-socket4.Tpo .deps/fping-socket4.Po
mv -f .deps/fping-optparse.Tpo .deps/fping-optparse.Po
mv -f .deps/fping-fping.Tpo .deps/fping-fping.Po
cc -Wall -Wextra -Wno-sign-compare -DIPV6 -Os -fstack-clash-protection -Wformat -Werror=format-security -fno-plt  -Wl,--as-needed,-O1,--sort-common -Wl,-z,pack-relative-relocs -o fping fping-fping.o fping-seqmap.o fping-socket4.o fping-optparse.o fping-socket6.o  
make[2]: Leaving directory '/tmp/src/fping-5.3/src'
make[2]: Entering directory '/tmp/src/fping-5.3'
make[2]: Nothing to be done for 'all-am'.
make[2]: Leaving directory '/tmp/src/fping-5.3'
make[1]: Leaving directory '/tmp/src/fping-5.3'
>>> fping: Entering fakeroot...
Making install in doc
make[1]: Entering directory '/tmp/src/fping-5.3/doc'
make[2]: Entering directory '/tmp/src/fping-5.3/doc'
make[2]: Nothing to be done for 'install-exec-am'.
 .././install-sh -c -d '/tmp/pkg/fping/usr/share/man/man8'
 /usr/bin/install -c -m 644 fping.8 '/tmp/pkg/fping/usr/share/man/man8'
make[2]: Leaving directory '/tmp/src/fping-5.3/doc'
make[1]: Leaving directory '/tmp/src/fping-5.3/doc'
Making install in src
make[1]: Entering directory '/tmp/src/fping-5.3/src'
make[2]: Entering directory '/tmp/src/fping-5.3/src'
make[2]: Nothing to be done for 'install-data-am'.
 .././install-sh -c -d '/tmp/pkg/fping/usr/sbin'
  /usr/bin/install -c fping '/tmp/pkg/fping/usr/sbin'
make[2]: Leaving directory '/tmp/src/fping-5.3/src'
make[1]: Leaving directory '/tmp/src/fping-5.3/src'
make[1]: Entering directory '/tmp/src/fping-5.3'
make[2]: Entering directory '/tmp/src/fping-5.3'
make[2]: Nothing to be done for 'install-exec-am'.
make[2]: Nothing to be done for 'install-data-am'.
make[2]: Leaving directory '/tmp/src/fping-5.3'
make[1]: Leaving directory '/tmp/src/fping-5.3'
>>> fping-doc*: Running split function doc...
'usr/share/man' -> '/tmp/pkg/fping-doc/usr/share/man'
>>> fping-doc*: Preparing subpackage fping-doc...
>>> fping-doc*: Running postcheck for fping-doc
>>> fping*: Running postcheck for fping
>>> WARNING: fping*: Found setcap binary executable by others: /tmp/pkg/fping/usr/sbin/fping
>>> fping*: Preparing package fping...
>>> fping*: Stripping binaries
>>> fping-doc*: Scanning shared objects
>>> fping*: Scanning shared objects
>>> fping-doc*: Tracing dependencies...
>>> fping-doc*: Package size: 6.5 KB
>>> fping-doc*: Compressing data...
>>> fping-doc*: Create checksum...
>>> fping-doc*: Create fping-doc-5.3-r0.apk
>>> fping*: Tracing dependencies...
	so:libc.musl-x86_64.so.1
>>> fping*: Package size: 47.0 KB
>>> fping*: Compressing data...
>>> fping*: Create checksum...
>>> fping*: Create fping-5.3-r0.apk
>>> fping: Updating the main/x86_64 repository index...
>>> fping: Signing the index...
>>> fping: Cleaning up srcdir
>>> fping: Cleaning up build chroot
>>> fping: Cleaning up pkgdir
