>>> secureboot-hook: Validating /home/packager/oily-pine/main/secureboot-hook/APKBUILD...
>>> secureboot-hook: Cleaning up srcdir
>>> secureboot-hook: Cleaning up pkgdir
>>> secureboot-hook: Cleaning up tmpdir
>>> secureboot-hook: Checking sha512sums...
secureboot.hook: OK
secureboot.conf: OK
>>> secureboot-hook: Preparing build chroot...
fetch http://dl-cdn.alpinelinux.org/alpine/edge/main/x86_64/APKINDEX.tar.gz
(1/83) Installing musl (1.2.5-r10)
(2/83) Installing libcrypto3 (3.5.0-r0)
(3/83) Installing ca-certificates-bundle (20241121-r2)
(4/83) Installing libssl3 (3.5.0-r0)
(5/83) Installing zlib (1.3.1-r2)
(6/83) Installing libapk2 (2.14.9-r2)
(7/83) Installing apk-tools (2.14.9-r2)
(8/83) Installing libcap2 (2.76-r0)
(9/83) Installing libcap-getcap (2.76-r0)
(10/83) Installing fakeroot (1.37.1.1-r0)
(11/83) Installing scanelf (1.3.8-r1)
(12/83) Installing musl-utils (1.2.5-r10)
(13/83) Installing libgcc (14.3.0-r1)
(14/83) Installing libstdc++ (14.3.0-r1)
(15/83) Installing lzip (1.25-r0)
(16/83) Installing openssl (3.5.0-r0)
(17/83) Installing patch (2.8-r0)
(18/83) Installing pkgconf (2.4.3-r0)
(19/83) Installing acl-libs (2.3.2-r1)
(20/83) Installing tar (1.35-r3)
(21/83) Installing busybox (1.37.0-r18)
Executing busybox-1.37.0-r18.post-install
(22/83) Installing ssl_client (1.37.0-r18)
(23/83) Installing busybox-binsh (1.37.0-r18)
(24/83) Installing abuild (3.15.0-r0)
Executing abuild-3.15.0-r0.pre-install
(25/83) Installing abuild-sudo (3.15.0-r0)
(26/83) Installing alpine-baselayout-data (3.7.0-r0)
(27/83) Installing alpine-baselayout (3.7.0-r0)
Executing alpine-baselayout-3.7.0-r0.pre-install
Executing alpine-baselayout-3.7.0-r0.post-install
(28/83) Installing bridge (1.5-r5)
(29/83) Installing ifupdown-ng (0.12.1-r7)
(30/83) Installing openrc-user (0.62.2-r2)
(31/83) Installing openrc (0.62.2-r2)
Executing openrc-0.62.2-r2.post-install
(32/83) Installing mdev-conf (4.8-r0)
(33/83) Installing busybox-mdev-openrc (1.37.0-r18)
(34/83) Installing alpine-conf (3.20.0-r0)
(35/83) Installing alpine-keys (2.5-r0)
(36/83) Installing alpine-release (3.22.0-r0)
(37/83) Installing busybox-openrc (1.37.0-r18)
(38/83) Installing busybox-suid (1.37.0-r18)
(39/83) Installing alpine-base (3.22.0-r0)
(40/83) Installing jansson (2.14.1-r0)
(41/83) Installing zstd-libs (1.5.7-r0)
(42/83) Installing binutils (2.44-r0)
(43/83) Installing libmagic (5.46-r2)
(44/83) Installing file (5.46-r2)
(45/83) Installing libgomp (14.3.0-r1)
(46/83) Installing libatomic (14.3.0-r1)
(47/83) Installing gmp (6.3.0-r3)
(48/83) Installing isl26 (0.26-r1)
(49/83) Installing mpfr4 (4.2.1_p1-r0)
(50/83) Installing mpc1 (1.3.1-r1)
(51/83) Installing gcc (14.3.0-r1)
(52/83) Installing libstdc++-dev (14.3.0-r1)
(53/83) Installing musl-dev (1.2.5-r10)
(54/83) Installing g++ (14.3.0-r1)
(55/83) Installing make (4.4.1-r3)
(56/83) Installing fortify-headers (1.1-r5)
(57/83) Installing build-base (0.5-r3)
(58/83) Installing systemd-efistub (257.6-r0)
(59/83) Installing efi-mkuki (1.0.0-r0)
(60/83) Installing brotli-libs (1.1.0-r2)
(61/83) Installing c-ares (1.34.5-r0)
(62/83) Installing libunistring (1.3-r0)
(63/83) Installing libidn2 (2.3.7-r0)
(64/83) Installing nghttp2-libs (1.65.0-r0)
(65/83) Installing libpsl (0.21.5-r3)
(66/83) Installing libcurl (8.14.0-r2)
(67/83) Installing libexpat (2.7.1-r0)
(68/83) Installing pcre2 (10.43-r1)
(69/83) Installing git (2.49.0-r0)
(70/83) Installing git-init-template (2.49.0-r0)
(71/83) Installing xz-libs (5.8.1-r0)
(72/83) Installing kmod (34.2-r0)
(73/83) Installing lddtree (1.27-r0)
(74/83) Installing libeconf (0.6.3-r0)
(75/83) Installing libblkid (2.41-r9)
(76/83) Installing device-mapper-libs (2.03.32-r0)
(77/83) Installing json-c (0.18-r0)
(78/83) Installing libuuid (2.41-r9)
(79/83) Installing cryptsetup-libs (2.7.5-r1)
(80/83) Installing kmod-libs (34.2-r0)
(81/83) Installing mkinitfs (3.12.0-r0)
Executing mkinitfs-3.12.0-r0.post-install
(82/83) Installing kernel-hooks (0.2-r1)
(83/83) Installing sbsigntool (0.9.5-r2)
Executing busybox-1.37.0-r18.trigger
OK: 262 MiB in 83 packages
>>> secureboot-hook: Checking sha512sums...
secureboot.hook: OK
secureboot.conf: OK
>>> secureboot-hook: Entering fakeroot...
>>> secureboot-hook*: Running postcheck for secureboot-hook
>>> secureboot-hook*: Preparing package secureboot-hook...
>>> secureboot-hook*: Script found. /bin/sh added as a dependency for secureboot-hook-0.3-r0.apk
>>> secureboot-hook*: Adding .post-install
>>> secureboot-hook*: Adding .pre-deinstall
>>> secureboot-hook*: Tracing dependencies...
	efi-mkuki
	kernel-hooks
	initramfs-generator
	sbsigntool
	/bin/sh
>>> secureboot-hook*: Package size: 4.8 KB
>>> secureboot-hook*: Compressing data...
>>> secureboot-hook*: Create checksum...
>>> secureboot-hook*: Create secureboot-hook-0.3-r0.apk
>>> secureboot-hook: Updating the main/x86_64 repository index...
>>> secureboot-hook: Signing the index...
>>> secureboot-hook: Cleaning up srcdir
>>> secureboot-hook: Cleaning up build chroot
>>> secureboot-hook: Cleaning up pkgdir
