pigz: not found
>>> py3-sphinxcontrib-serializinghtml: Building main/py3-sphinxcontrib-serializinghtml 1.1.9-r2 (using abuild 3.14.1-r4) started Fri, 16 May 2025 20:38:55 +0000
>>> py3-sphinxcontrib-serializinghtml: Validating /home/packager/aports/main/py3-sphinxcontrib-serializinghtml/APKBUILD...
>>> py3-sphinxcontrib-serializinghtml: Analyzing dependencies...
>>> py3-sphinxcontrib-serializinghtml: Installing for build: build-base python3 py3-gpep517 py3-flit-core py3-setuptools py3-wheel
(1/26) Installing libbz2 (1.0.8-r6)
(2/26) Installing libffi (3.4.7-r0)
(3/26) Installing gdbm (1.24-r0)
(4/26) Installing xz-libs (5.6.3-r1)
(5/26) Installing mpdecimal (4.0.0-r0)
(6/26) Installing libpanelw (6.5_p20250503-r0)
(7/26) Installing sqlite-libs (3.49.2-r0)
(8/26) Installing python3 (3.12.10-r0)
(9/26) Installing python3-pycache-pyc0 (3.12.10-r0)
(10/26) Installing pyc (3.12.10-r0)
(11/26) Installing python3-pyc (3.12.10-r0)
(12/26) Installing py3-installer (0.7.0-r2)
(13/26) Installing py3-installer-pyc (0.7.0-r2)
(14/26) Installing py3-gpep517 (19-r0)
(15/26) Installing py3-gpep517-pyc (19-r0)
(16/26) Installing py3-flit-core (3.12.0-r0)
(17/26) Installing py3-flit-core-pyc (3.12.0-r0)
(18/26) Installing py3-parsing (3.2.3-r0)
(19/26) Installing py3-parsing-pyc (3.2.3-r0)
(20/26) Installing py3-packaging (25.0-r0)
(21/26) Installing py3-packaging-pyc (25.0-r0)
(22/26) Installing py3-setuptools (80.3.1-r0)
(23/26) Installing py3-setuptools-pyc (80.3.1-r0)
(24/26) Installing py3-wheel (0.46.1-r0)
(25/26) Installing py3-wheel-pyc (0.46.1-r0)
(26/26) Installing .makedepends-py3-sphinxcontrib-serializinghtml (20250516.203857)
Executing busybox-1.37.0-r12.trigger
OK: 305 MiB in 100 packages
>>> py3-sphinxcontrib-serializinghtml: Cleaning up srcdir
>>> py3-sphinxcontrib-serializinghtml: Cleaning up pkgdir
>>> py3-sphinxcontrib-serializinghtml: Cleaning up tmpdir
>>> py3-sphinxcontrib-serializinghtml: Fetching sphinxcontrib-serializinghtml-1.1.9.tar.gz::https://github.com/sphinx-doc/sphinxcontrib-serializinghtml/archive/refs/tags/1.1.9.tar.gz
Connecting to github.com (140.82.121.4:443)
Connecting to codeload.github.com (140.82.121.9:443)
saving to '/var/cache/distfiles/sphinxcontrib-serializinghtml-1.1.9.tar.gz.part'
sphinxcontrib-serial 100% |********************************| 17992  0:00:00 ETA
'/var/cache/distfiles/sphinxcontrib-serializinghtml-1.1.9.tar.gz.part' saved
>>> py3-sphinxcontrib-serializinghtml: Fetching sphinxcontrib-serializinghtml-1.1.9.tar.gz::https://github.com/sphinx-doc/sphinxcontrib-serializinghtml/archive/refs/tags/1.1.9.tar.gz
>>> py3-sphinxcontrib-serializinghtml: Checking sha512sums...
sphinxcontrib-serializinghtml-1.1.9.tar.gz: OK
>>> py3-sphinxcontrib-serializinghtml: Unpacking /var/cache/distfiles/sphinxcontrib-serializinghtml-1.1.9.tar.gz...
2025-05-16 20:38:58,702 gpep517 INFO Building wheel via backend flit_core.buildapi
2025-05-16 20:38:58,707 flit_core.wheel INFO Zip timestamps will be from SOURCE_DATE_EPOCH: 2024-04-12 09:43:36+00:00
2025-05-16 20:38:58,707 flit_core.wheel INFO Copying package file(s) from sphinxcontrib/serializinghtml
2025-05-16 20:38:58,724 flit_core.wheel INFO Writing metadata files
2025-05-16 20:38:58,725 flit_core.wheel INFO Writing the record of files
2025-05-16 20:38:58,726 flit_core.wheel INFO Built wheel: .dist/sphinxcontrib_serializinghtml-1.1.9-py3-none-any.whl
2025-05-16 20:38:58,726 gpep517 INFO The backend produced .dist/sphinxcontrib_serializinghtml-1.1.9-py3-none-any.whl
sphinxcontrib_serializinghtml-1.1.9-py3-none-any.whl
>>> py3-sphinxcontrib-serializinghtml: Entering fakeroot...
>>> py3-sphinxcontrib-serializinghtml-pyc*: Running split function pyc...
'usr/lib/python3.12/site-packages/sphinxcontrib/serializinghtml/__pycache__' -> '/home/packager/aports/main/py3-sphinxcontrib-serializinghtml/pkg/py3-sphinxcontrib-serializinghtml-pyc/usr/lib/python3.12/site-packages/sphinxcontrib/serializinghtml/__pycache__'
>>> py3-sphinxcontrib-serializinghtml-pyc*: Preparing subpackage py3-sphinxcontrib-serializinghtml-pyc...
>>> py3-sphinxcontrib-serializinghtml-pyc*: Running postcheck for py3-sphinxcontrib-serializinghtml-pyc
>>> py3-sphinxcontrib-serializinghtml*: Running postcheck for py3-sphinxcontrib-serializinghtml
>>> py3-sphinxcontrib-serializinghtml*: Preparing package py3-sphinxcontrib-serializinghtml...
>>> py3-sphinxcontrib-serializinghtml-pyc*: Tracing dependencies...
	python3
	python3~3.12
>>> py3-sphinxcontrib-serializinghtml-pyc*: Package size: 10.0 KB
>>> py3-sphinxcontrib-serializinghtml-pyc*: Compressing data...
>>> py3-sphinxcontrib-serializinghtml-pyc*: Create checksum...
pigz: not found
>>> py3-sphinxcontrib-serializinghtml-pyc*: Create py3-sphinxcontrib-serializinghtml-pyc-1.1.9-r2.apk
>>> py3-sphinxcontrib-serializinghtml*: Tracing dependencies...
	python3
	python3~3.12
>>> py3-sphinxcontrib-serializinghtml*: Package size: 119.5 KB
>>> py3-sphinxcontrib-serializinghtml*: Compressing data...
>>> py3-sphinxcontrib-serializinghtml*: Create checksum...
pigz: not found
>>> py3-sphinxcontrib-serializinghtml*: Create py3-sphinxcontrib-serializinghtml-1.1.9-r2.apk
>>> py3-sphinxcontrib-serializinghtml: Build complete at Fri, 16 May 2025 20:39:00 +0000 elapsed time 0h 0m 5s
>>> py3-sphinxcontrib-serializinghtml: Cleaning up srcdir
>>> py3-sphinxcontrib-serializinghtml: Cleaning up pkgdir
>>> py3-sphinxcontrib-serializinghtml: Uninstalling dependencies...
(1/26) Purging .makedepends-py3-sphinxcontrib-serializinghtml (20250516.203857)
(2/26) Purging py3-gpep517-pyc (19-r0)
(3/26) Purging py3-gpep517 (19-r0)
(4/26) Purging py3-installer-pyc (0.7.0-r2)
(5/26) Purging py3-installer (0.7.0-r2)
(6/26) Purging py3-flit-core-pyc (3.12.0-r0)
(7/26) Purging py3-flit-core (3.12.0-r0)
(8/26) Purging py3-setuptools-pyc (80.3.1-r0)
(9/26) Purging py3-setuptools (80.3.1-r0)
(10/26) Purging py3-wheel-pyc (0.46.1-r0)
(11/26) Purging py3-wheel (0.46.1-r0)
(12/26) Purging py3-packaging-pyc (25.0-r0)
(13/26) Purging py3-packaging (25.0-r0)
(14/26) Purging py3-parsing-pyc (3.2.3-r0)
(15/26) Purging py3-parsing (3.2.3-r0)
(16/26) Purging python3-pyc (3.12.10-r0)
(17/26) Purging python3-pycache-pyc0 (3.12.10-r0)
(18/26) Purging pyc (3.12.10-r0)
(19/26) Purging python3 (3.12.10-r0)
(20/26) Purging gdbm (1.24-r0)
(21/26) Purging libbz2 (1.0.8-r6)
(22/26) Purging libffi (3.4.7-r0)
(23/26) Purging libpanelw (6.5_p20250503-r0)
(24/26) Purging mpdecimal (4.0.0-r0)
(25/26) Purging sqlite-libs (3.49.2-r0)
(26/26) Purging xz-libs (5.6.3-r1)
Executing busybox-1.37.0-r12.trigger
OK: 259 MiB in 74 packages
>>> py3-sphinxcontrib-serializinghtml: Updating the main/x86_64 repository index...
>>> py3-sphinxcontrib-serializinghtml: Signing the index...
pigz: not found
