pigz: not found
>>> mlmmj: Building main/mlmmj 1.4.7-r0 (using abuild 3.14.1-r4) started Sun, 18 May 2025 09:16:28 +0000
>>> mlmmj: Validating /home/packager/aports/main/mlmmj/APKBUILD...
>>> mlmmj: Analyzing dependencies...
>>> mlmmj: Installing for build: build-base
(1/1) Installing .makedepends-mlmmj (20250518.091630)
OK: 261 MiB in 82 packages
>>> mlmmj: Cleaning up srcdir
>>> mlmmj: Cleaning up pkgdir
>>> mlmmj: Cleaning up tmpdir
>>> mlmmj: Fetching https://codeberg.org/mlmmj/mlmmj/releases/download/RELEASE_1_4_7/mlmmj-1.4.7.tar.gz
Connecting to codeberg.org (217.197.84.140:443)
saving to '/var/cache/distfiles/mlmmj-1.4.7.tar.gz.part'
mlmmj-1.4.7.tar.gz.p 100% |********************************|  447k  0:00:00 ETA
'/var/cache/distfiles/mlmmj-1.4.7.tar.gz.part' saved
>>> mlmmj: Fetching https://codeberg.org/mlmmj/mlmmj/releases/download/RELEASE_1_4_7/mlmmj-1.4.7.tar.gz
>>> mlmmj: Checking sha512sums...
mlmmj-1.4.7.tar.gz: OK
>>> mlmmj: Unpacking /var/cache/distfiles/mlmmj-1.4.7.tar.gz...
>>> mlmmj: Updating ./config.sub
>>> mlmmj: Updating ./build-aux/config.sub
>>> mlmmj: Creating group mlmmj
>>> mlmmj: Creating user mlmmj
checking for a BSD-compatible install... /usr/bin/install -c
checking whether build environment is sane... yes
checking for a race-free mkdir -p... /bin/mkdir -p
checking for gawk... no
checking for mawk... no
checking for nawk... no
checking for awk... awk
checking whether make sets $(MAKE)... yes
checking whether make supports nested variables... yes
checking whether make supports nested variables... (cached) yes
checking for x86_64-alpine-linux-musl-gcc... gcc
checking whether the C compiler works... yes
checking for C compiler default output file name... a.out
checking for suffix of executables... 
checking whether we are cross compiling... no
checking for suffix of object files... o
checking whether the compiler supports GNU C... yes
checking whether gcc accepts -g... yes
checking for gcc option to enable C11 features... none needed
checking whether gcc understands -c and -o together... yes
checking whether make supports the include directive... yes (GNU style)
checking dependency style of gcc... gcc3
checking for x86_64-alpine-linux-musl-ranlib... no
checking for ranlib... ranlib
checking for socket in -lsocket... no
checking for iconv_open in -liconv... no
checking for stdio.h... yes
checking for stdlib.h... yes
checking for string.h... yes
checking for inttypes.h... yes
checking for stdint.h... yes
checking for strings.h... yes
checking for sys/stat.h... yes
checking for sys/types.h... yes
checking for unistd.h... yes
checking for syslog.h... yes
checking for iconv.h... yes
checking build system type... x86_64-alpine-linux-musl
checking host system type... x86_64-alpine-linux-musl
checking for GNU libc compatible malloc... yes
checking for syslog... yes
checking for arc4random_uniform... no
checking for copy_file_range... yes
checking for x86_64-alpine-linux-musl-pkg-config... no
checking for pkg-config... /usr/bin/pkg-config
checking pkg-config is at least version 0.9.0... yes
checking that generated files are newer than configure... done
configure: creating ./config.status
config.status: creating Makefile
config.status: creating kyua.conf
config.status: creating src/Makefile
config.status: creating src/mlmmj-make-ml
config.status: creating listtexts/Makefile
config.status: creating contrib/Makefile
config.status: creating contrib/receivestrip/Makefile
config.status: creating tests/test_env.sh
config.status: creating tests/functional-tests
config.status: creating tests/mlmmj-bounce
config.status: creating tests/mlmmj-list
config.status: creating tests/mlmmj-maintd
config.status: creating tests/mlmmj-process
config.status: creating tests/mlmmj-receive
config.status: creating tests/mlmmj-send
config.status: creating tests/mlmmj-sub
config.status: creating config.h
config.status: executing depfiles commands
make  all-recursive
make[1]: Entering directory '/home/packager/aports/main/mlmmj/src/mlmmj-1.4.7'
Making all in src
make[2]: Entering directory '/home/packager/aports/main/mlmmj/src/mlmmj-1.4.7/src'
  CC       mlmmj-send.o
  CC       mail-functions.o
  CC       chomp.o
  CC       incindexfile.o
  CC       checkwait_smtpreply.o
  CC       init_sockfd.o
  CC       strgen.o
  CC       random-int.o
  CC       print-version.o
  CC       log_error.o
  CC       mygetline.o
  CC       getaddrsfromfile.o
  CC       readn.o
  CC       subscriberfuncs.o
  CC       find_email_adr.o
  CC       dumpfd2fd.o
  CC       listcontrol.o
  CC       send_help.o
  CC       prepstdreply.o
  CC       do_all_the_voodoo_here.o
  CC       log_oper.o
  CC       send_list.o
  CC       unistr.o
  CC       gethdrline.o
  CC       send_digest.o
  CC       statctrl.o
  CC       ctrlvalue.o
  CC       getlistdelim.o
  CC       ctrlvalues.o
  CC       utils.o
  CC       mlmmj.o
  CC       send_mail.o
  CC       mlmmj-receive.o
  CC       mlmmj-process.o
  CC       mlmmj-sub.o
  CC       mlmmj-unsub.o
  CC       mlmmj-bounce.o
  CC       mlmmj-maintd.o
  CC       mlmmj-list.o
  AR       libmlmmj.a
ar: `u' modifier ignored since `D' is the default (see `U')
  CCLD     mlmmj-receive
  CCLD     mlmmj-send
  CCLD     mlmmj-process
  CCLD     mlmmj-sub
  CCLD     mlmmj-unsub
  CCLD     mlmmj-bounce
  CCLD     mlmmj-list
  CCLD     mlmmj-maintd
make[2]: Leaving directory '/home/packager/aports/main/mlmmj/src/mlmmj-1.4.7/src'
Making all in listtexts
make[2]: Entering directory '/home/packager/aports/main/mlmmj/src/mlmmj-1.4.7/listtexts'
make[2]: Nothing to be done for 'all'.
make[2]: Leaving directory '/home/packager/aports/main/mlmmj/src/mlmmj-1.4.7/listtexts'
Making all in contrib
make[2]: Entering directory '/home/packager/aports/main/mlmmj/src/mlmmj-1.4.7/contrib'
Making all in receivestrip
make[3]: Entering directory '/home/packager/aports/main/mlmmj/src/mlmmj-1.4.7/contrib/receivestrip'
make[3]: Nothing to be done for 'all'.
make[3]: Leaving directory '/home/packager/aports/main/mlmmj/src/mlmmj-1.4.7/contrib/receivestrip'
make[3]: Entering directory '/home/packager/aports/main/mlmmj/src/mlmmj-1.4.7/contrib'
make[3]: Nothing to be done for 'all-am'.
make[3]: Leaving directory '/home/packager/aports/main/mlmmj/src/mlmmj-1.4.7/contrib'
make[2]: Leaving directory '/home/packager/aports/main/mlmmj/src/mlmmj-1.4.7/contrib'
make[2]: Entering directory '/home/packager/aports/main/mlmmj/src/mlmmj-1.4.7'
make[2]: Leaving directory '/home/packager/aports/main/mlmmj/src/mlmmj-1.4.7'
make[1]: Leaving directory '/home/packager/aports/main/mlmmj/src/mlmmj-1.4.7'
>>> mlmmj: Entering fakeroot...
Making install in src
make[1]: Entering directory '/home/packager/aports/main/mlmmj/src/mlmmj-1.4.7/src'
make[2]: Entering directory '/home/packager/aports/main/mlmmj/src/mlmmj-1.4.7/src'
 /bin/mkdir -p '/home/packager/aports/main/mlmmj/pkg/mlmmj/usr/bin'
  /usr/bin/install -c mlmmj-send mlmmj-receive mlmmj-process mlmmj-sub mlmmj-unsub mlmmj-bounce mlmmj-maintd mlmmj-list '/home/packager/aports/main/mlmmj/pkg/mlmmj/usr/bin'
 /bin/mkdir -p '/home/packager/aports/main/mlmmj/pkg/mlmmj/usr/bin'
 /usr/bin/install -c mlmmj-make-ml '/home/packager/aports/main/mlmmj/pkg/mlmmj/usr/bin'
make  install-exec-hook
make[3]: Entering directory '/home/packager/aports/main/mlmmj/src/mlmmj-1.4.7/src'
ln -f -s mlmmj-receive /home/packager/aports/main/mlmmj/pkg/mlmmj/usr/bin/mlmmj-recieve
ln -f -s mlmmj-make-ml /home/packager/aports/main/mlmmj/pkg/mlmmj/usr/bin/mlmmj-make-ml.sh
make[3]: Leaving directory '/home/packager/aports/main/mlmmj/src/mlmmj-1.4.7/src'
make[2]: Nothing to be done for 'install-data-am'.
make[2]: Leaving directory '/home/packager/aports/main/mlmmj/src/mlmmj-1.4.7/src'
make[1]: Leaving directory '/home/packager/aports/main/mlmmj/src/mlmmj-1.4.7/src'
Making install in listtexts
make[1]: Entering directory '/home/packager/aports/main/mlmmj/src/mlmmj-1.4.7/listtexts'
make[2]: Entering directory '/home/packager/aports/main/mlmmj/src/mlmmj-1.4.7/listtexts'
make[2]: Nothing to be done for 'install-exec-am'.
 /bin/mkdir -p '/home/packager/aports/main/mlmmj/pkg/mlmmj/usr/share/mlmmj/text.skel'
 /bin/mkdir -p '/home/packager/aports/main/mlmmj/pkg/mlmmj/usr/share/mlmmj/text.skel/ast'
 /usr/bin/install -c -m 644  ./ast/confirm ./ast/deny ./ast/deny-post ./ast/digest ./ast/faq ./ast/finish ./ast/finish-sub ./ast/gatekeep-sub ./ast/help ./ast/list ./ast/moderate-post ./ast/notify ./ast/probe ./ast/prologue ./ast/subrelease ./ast/wait-post ./ast/wait-sub '/home/packager/aports/main/mlmmj/pkg/mlmmj/usr/share/mlmmj/text.skel/ast'
 /bin/mkdir -p '/home/packager/aports/main/mlmmj/pkg/mlmmj/usr/share/mlmmj/text.skel/fi'
 /usr/bin/install -c -m 644  ./fi/confirm ./fi/deny ./fi/deny-post ./fi/digest ./fi/faq ./fi/finish ./fi/finish-sub ./fi/gatekeep-sub ./fi/help ./fi/list ./fi/moderate-post ./fi/notify ./fi/probe ./fi/prologue ./fi/subrelease ./fi/wait-post ./fi/wait-sub '/home/packager/aports/main/mlmmj/pkg/mlmmj/usr/share/mlmmj/text.skel/fi'
 /bin/mkdir -p '/home/packager/aports/main/mlmmj/pkg/mlmmj/usr/share/mlmmj/text.skel/en'
 /usr/bin/install -c -m 644  ./en/confirm ./en/deny ./en/deny-post ./en/digest ./en/faq ./en/finish ./en/finish-sub ./en/gatekeep-sub ./en/help ./en/list ./en/moderate-post ./en/notify ./en/probe ./en/prologue ./en/subrelease ./en/wait-post ./en/wait-sub '/home/packager/aports/main/mlmmj/pkg/mlmmj/usr/share/mlmmj/text.skel/en'
 /bin/mkdir -p '/home/packager/aports/main/mlmmj/pkg/mlmmj/usr/share/mlmmj/text.skel/cs'
 /usr/bin/install -c -m 644  ./cs/confirm ./cs/deny ./cs/deny-post ./cs/digest ./cs/faq ./cs/finish ./cs/finish-sub ./cs/gatekeep-sub ./cs/help ./cs/list ./cs/moderate-post ./cs/notify ./cs/probe ./cs/prologue ./cs/subrelease ./cs/wait-post ./cs/wait-sub '/home/packager/aports/main/mlmmj/pkg/mlmmj/usr/share/mlmmj/text.skel/cs'
 /bin/mkdir -p '/home/packager/aports/main/mlmmj/pkg/mlmmj/usr/share/mlmmj/text.skel/fr'
 /usr/bin/install -c -m 644  ./fr/confirm ./fr/deny ./fr/deny-post ./fr/digest ./fr/faq ./fr/finish ./fr/finish-sub ./fr/gatekeep-sub ./fr/help ./fr/list ./fr/moderate-post ./fr/notify ./fr/probe ./fr/prologue ./fr/subrelease ./fr/wait-post ./fr/wait-sub '/home/packager/aports/main/mlmmj/pkg/mlmmj/usr/share/mlmmj/text.skel/fr'
 /bin/mkdir -p '/home/packager/aports/main/mlmmj/pkg/mlmmj/usr/share/mlmmj/text.skel/gr'
 /usr/bin/install -c -m 644  ./gr/confirm ./gr/deny ./gr/deny-post ./gr/digest ./gr/faq ./gr/finish ./gr/finish-sub ./gr/gatekeep-sub ./gr/help ./gr/list ./gr/moderate-post ./gr/notify ./gr/probe ./gr/prologue ./gr/subrelease ./gr/wait-post ./gr/wait-sub '/home/packager/aports/main/mlmmj/pkg/mlmmj/usr/share/mlmmj/text.skel/gr'
 /bin/mkdir -p '/home/packager/aports/main/mlmmj/pkg/mlmmj/usr/share/mlmmj/text.skel/it'
 /usr/bin/install -c -m 644  ./it/confirm ./it/deny ./it/deny-post ./it/digest ./it/faq ./it/finish ./it/finish-sub ./it/gatekeep-sub ./it/help ./it/list ./it/moderate-post ./it/notify ./it/probe ./it/prologue ./it/subrelease ./it/wait-post ./it/wait-sub '/home/packager/aports/main/mlmmj/pkg/mlmmj/usr/share/mlmmj/text.skel/it'
 /bin/mkdir -p '/home/packager/aports/main/mlmmj/pkg/mlmmj/usr/share/mlmmj/text.skel/sk'
 /usr/bin/install -c -m 644  ./sk/confirm ./sk/deny ./sk/deny-post ./sk/digest ./sk/faq ./sk/finish ./sk/finish-sub ./sk/gatekeep-sub ./sk/help ./sk/list ./sk/moderate-post ./sk/notify ./sk/probe ./sk/prologue ./sk/subrelease ./sk/wait-post ./sk/wait-sub '/home/packager/aports/main/mlmmj/pkg/mlmmj/usr/share/mlmmj/text.skel/sk'
 /bin/mkdir -p '/home/packager/aports/main/mlmmj/pkg/mlmmj/usr/share/mlmmj/text.skel/pt'
 /usr/bin/install -c -m 644  ./pt/confirm ./pt/deny ./pt/deny-post ./pt/digest ./pt/faq ./pt/finish ./pt/finish-sub ./pt/gatekeep-sub ./pt/help ./pt/list ./pt/moderate-post ./pt/notify ./pt/probe ./pt/prologue ./pt/subrelease ./pt/wait-post ./pt/wait-sub '/home/packager/aports/main/mlmmj/pkg/mlmmj/usr/share/mlmmj/text.skel/pt'
 /bin/mkdir -p '/home/packager/aports/main/mlmmj/pkg/mlmmj/usr/share/mlmmj/text.skel/zh-cn'
 /usr/bin/install -c -m 644  ./zh-cn/confirm ./zh-cn/deny ./zh-cn/deny-post ./zh-cn/digest ./zh-cn/faq ./zh-cn/finish ./zh-cn/finish-sub ./zh-cn/gatekeep-sub ./zh-cn/help ./zh-cn/list ./zh-cn/moderate-post ./zh-cn/notify ./zh-cn/probe ./zh-cn/prologue ./zh-cn/subrelease ./zh-cn/wait-post ./zh-cn/wait-sub '/home/packager/aports/main/mlmmj/pkg/mlmmj/usr/share/mlmmj/text.skel/zh-cn'
 /bin/mkdir -p '/home/packager/aports/main/mlmmj/pkg/mlmmj/usr/share/mlmmj/text.skel/de'
 /usr/bin/install -c -m 644  ./de/confirm ./de/deny ./de/deny-post ./de/digest ./de/faq ./de/finish ./de/finish-sub ./de/gatekeep-sub ./de/help ./de/list ./de/moderate-post ./de/notify ./de/probe ./de/prologue ./de/subrelease ./de/wait-post ./de/wait-sub '/home/packager/aports/main/mlmmj/pkg/mlmmj/usr/share/mlmmj/text.skel/de'
make[2]: Leaving directory '/home/packager/aports/main/mlmmj/src/mlmmj-1.4.7/listtexts'
make[1]: Leaving directory '/home/packager/aports/main/mlmmj/src/mlmmj-1.4.7/listtexts'
Making install in contrib
make[1]: Entering directory '/home/packager/aports/main/mlmmj/src/mlmmj-1.4.7/contrib'
Making install in receivestrip
make[2]: Entering directory '/home/packager/aports/main/mlmmj/src/mlmmj-1.4.7/contrib/receivestrip'
make[3]: Entering directory '/home/packager/aports/main/mlmmj/src/mlmmj-1.4.7/contrib/receivestrip'
make[3]: Nothing to be done for 'install-data-am'.
make[3]: Leaving directory '/home/packager/aports/main/mlmmj/src/mlmmj-1.4.7/contrib/receivestrip'
make[2]: Leaving directory '/home/packager/aports/main/mlmmj/src/mlmmj-1.4.7/contrib/receivestrip'
make[2]: Entering directory '/home/packager/aports/main/mlmmj/src/mlmmj-1.4.7/contrib'
make[3]: Entering directory '/home/packager/aports/main/mlmmj/src/mlmmj-1.4.7/contrib'
make[3]: Nothing to be done for 'install-exec-am'.
make[3]: Nothing to be done for 'install-data-am'.
make[3]: Leaving directory '/home/packager/aports/main/mlmmj/src/mlmmj-1.4.7/contrib'
make[2]: Leaving directory '/home/packager/aports/main/mlmmj/src/mlmmj-1.4.7/contrib'
make[1]: Leaving directory '/home/packager/aports/main/mlmmj/src/mlmmj-1.4.7/contrib'
make[1]: Entering directory '/home/packager/aports/main/mlmmj/src/mlmmj-1.4.7'
make[2]: Entering directory '/home/packager/aports/main/mlmmj/src/mlmmj-1.4.7'
make[2]: Nothing to be done for 'install-exec-am'.
 /bin/mkdir -p '/home/packager/aports/main/mlmmj/pkg/mlmmj/usr/share/man/man1'
 /usr/bin/install -c -m 644 man/mlmmj-bounce.1 man/mlmmj-make-ml.1 man/mlmmj-receive.1 man/mlmmj-sub.1 man/mlmmj-maintd.1 man/mlmmj-process.1 man/mlmmj-send.1 man/mlmmj-unsub.1 man/mlmmj-list.1 '/home/packager/aports/main/mlmmj/pkg/mlmmj/usr/share/man/man1'
make[2]: Leaving directory '/home/packager/aports/main/mlmmj/src/mlmmj-1.4.7'
make[1]: Leaving directory '/home/packager/aports/main/mlmmj/src/mlmmj-1.4.7'
>>> mlmmj-doc*: Running split function doc...
'usr/share/man' -> '/home/packager/aports/main/mlmmj/pkg/mlmmj-doc/usr/share/man'
>>> mlmmj-doc*: Preparing subpackage mlmmj-doc...
>>> mlmmj-doc*: Running postcheck for mlmmj-doc
>>> mlmmj*: Running postcheck for mlmmj
>>> mlmmj*: Preparing package mlmmj...
>>> mlmmj*: Stripping binaries
>>> mlmmj*: Script found. /bin/sh added as a dependency for mlmmj-1.4.7-r0.apk
>>> mlmmj*: Adding .pre-install
>>> mlmmj-doc*: Scanning shared objects
>>> mlmmj*: Scanning shared objects
>>> mlmmj-doc*: Tracing dependencies...
>>> mlmmj-doc*: Package size: 7.5 KB
>>> mlmmj-doc*: Compressing data...
>>> mlmmj-doc*: Create checksum...
pigz: not found
>>> mlmmj-doc*: Create mlmmj-doc-1.4.7-r0.apk
>>> mlmmj*: Tracing dependencies...
	/bin/sh
	so:libc.musl-x86_64.so.1
>>> mlmmj*: Package size: 1.1 MB
>>> mlmmj*: Compressing data...
>>> mlmmj*: Create checksum...
pigz: not found
>>> mlmmj*: Create mlmmj-1.4.7-r0.apk
>>> mlmmj: Build complete at Sun, 18 May 2025 09:16:37 +0000 elapsed time 0h 0m 9s
>>> mlmmj: Cleaning up srcdir
>>> mlmmj: Cleaning up pkgdir
>>> mlmmj: Uninstalling dependencies...
(1/1) Purging .makedepends-mlmmj (20250518.091630)
OK: 261 MiB in 81 packages
>>> mlmmj: Updating the main/x86_64 repository index...
>>> mlmmj: Signing the index...
pigz: not found
