>>> perl-class-method-modifiers: Validating /home/packager/oily-pine/main/perl-class-method-modifiers/APKBUILD...
>>> perl-class-method-modifiers: Cleaning up srcdir
>>> perl-class-method-modifiers: Cleaning up pkgdir
>>> perl-class-method-modifiers: Cleaning up tmpdir
>>> perl-class-method-modifiers: Fetching https://cpan.metacpan.org/authors/id/E/ET/ETHER/Class-Method-Modifiers-2.15.tar.gz
  % Total    % Received % Xferd  Average Speed   Time    Time     Time  Current
                                 Dload  Upload   Total   Spent    Left  Speed
  0     0    0     0    0     0      0      0 --:--:-- --:--:-- --:--:--     0100 41167  100 41167    0     0   215k      0 --:--:-- --:--:-- --:--:--  216k
>>> perl-class-method-modifiers: Fetching https://cpan.metacpan.org/authors/id/E/ET/ETHER/Class-Method-Modifiers-2.15.tar.gz
>>> perl-class-method-modifiers: Checking sha512sums...
Class-Method-Modifiers-2.15.tar.gz: OK
>>> perl-class-method-modifiers: Preparing build chroot...
fetch http://dl-cdn.alpinelinux.org/alpine/edge/main/x86_64/APKINDEX.tar.gz
(1/78) Installing musl (1.2.5-r10)
(2/78) Installing libcrypto3 (3.5.0-r0)
(3/78) Installing ca-certificates-bundle (20241121-r2)
(4/78) Installing libssl3 (3.5.0-r0)
(5/78) Installing zlib (1.3.1-r2)
(6/78) Installing libapk2 (2.14.9-r2)
(7/78) Installing apk-tools (2.14.9-r2)
(8/78) Installing libcap2 (2.76-r0)
(9/78) Installing libcap-getcap (2.76-r0)
(10/78) Installing fakeroot (1.37.1.1-r0)
(11/78) Installing scanelf (1.3.8-r1)
(12/78) Installing musl-utils (1.2.5-r10)
(13/78) Installing libgcc (14.3.0-r0)
(14/78) Installing libstdc++ (14.3.0-r0)
(15/78) Installing lzip (1.25-r0)
(16/78) Installing openssl (3.5.0-r0)
(17/78) Installing patch (2.8-r0)
(18/78) Installing pkgconf (2.4.3-r0)
(19/78) Installing acl-libs (2.3.2-r1)
(20/78) Installing tar (1.35-r3)
(21/78) Installing busybox (1.37.0-r18)
Executing busybox-1.37.0-r18.post-install
(22/78) Installing ssl_client (1.37.0-r18)
(23/78) Installing busybox-binsh (1.37.0-r18)
(24/78) Installing abuild (3.15.0-r0)
Executing abuild-3.15.0-r0.pre-install
(25/78) Installing abuild-sudo (3.15.0-r0)
(26/78) Installing alpine-baselayout-data (3.7.0-r0)
(27/78) Installing alpine-baselayout (3.7.0-r0)
Executing alpine-baselayout-3.7.0-r0.pre-install
Executing alpine-baselayout-3.7.0-r0.post-install
(28/78) Installing bridge (1.5-r5)
(29/78) Installing ifupdown-ng (0.12.1-r7)
(30/78) Installing openrc-user (0.62.2-r2)
(31/78) Installing openrc (0.62.2-r2)
Executing openrc-0.62.2-r2.post-install
(32/78) Installing mdev-conf (4.8-r0)
(33/78) Installing busybox-mdev-openrc (1.37.0-r18)
(34/78) Installing alpine-conf (3.20.0-r0)
(35/78) Installing alpine-keys (2.5-r0)
(36/78) Installing alpine-release (3.22.0-r0)
(37/78) Installing busybox-openrc (1.37.0-r18)
(38/78) Installing busybox-suid (1.37.0-r18)
(39/78) Installing alpine-base (3.22.0-r0)
(40/78) Installing jansson (2.14.1-r0)
(41/78) Installing zstd-libs (1.5.7-r0)
(42/78) Installing binutils (2.44-r0)
(43/78) Installing libmagic (5.46-r2)
(44/78) Installing file (5.46-r2)
(45/78) Installing libgomp (14.3.0-r0)
(46/78) Installing libatomic (14.3.0-r0)
(47/78) Installing gmp (6.3.0-r3)
(48/78) Installing isl26 (0.26-r1)
(49/78) Installing mpfr4 (4.2.1_p1-r0)
(50/78) Installing mpc1 (1.3.1-r1)
(51/78) Installing gcc (14.3.0-r0)
(52/78) Installing libstdc++-dev (14.3.0-r0)
(53/78) Installing musl-dev (1.2.5-r10)
(54/78) Installing g++ (14.3.0-r0)
(55/78) Installing make (4.4.1-r3)
(56/78) Installing fortify-headers (1.1-r5)
(57/78) Installing build-base (0.5-r3)
(58/78) Installing brotli-libs (1.1.0-r2)
(59/78) Installing c-ares (1.34.5-r0)
(60/78) Installing libunistring (1.3-r0)
(61/78) Installing libidn2 (2.3.7-r0)
(62/78) Installing nghttp2-libs (1.65.0-r0)
(63/78) Installing libpsl (0.21.5-r3)
(64/78) Installing libcurl (8.14.0-r2)
(65/78) Installing libexpat (2.7.1-r0)
(66/78) Installing pcre2 (10.43-r1)
(67/78) Installing git (2.49.0-r0)
(68/78) Installing git-init-template (2.49.0-r0)
(69/78) Installing libbz2 (1.0.8-r6)
(70/78) Installing perl (5.40.2-r0)
(71/78) Installing perl-error (0.17030-r0)
(72/78) Installing perl-git (2.49.0-r0)
(73/78) Installing git-perl (2.49.0-r0)
(74/78) Installing perl-utils (5.40.2-r0)
(75/78) Installing perl-dev (5.40.2-r0)
(76/78) Installing perl-try-tiny (0.32-r0)
(77/78) Installing perl-test-fatal (0.017-r1)
(78/78) Installing perl-test-needs (0.002010-r1)
Executing busybox-1.37.0-r18.trigger
OK: 305 MiB in 78 packages
>>> perl-class-method-modifiers: Fetching https://cpan.metacpan.org/authors/id/E/ET/ETHER/Class-Method-Modifiers-2.15.tar.gz
>>> perl-class-method-modifiers: Checking sha512sums...
Class-Method-Modifiers-2.15.tar.gz: OK
>>> perl-class-method-modifiers: Unpacking /var/cache/distfiles/Class-Method-Modifiers-2.15.tar.gz...
Checking if your kit is complete...
Looks good
Generating a Unix-style Makefile
Writing Makefile for Class::Method::Modifiers
Writing MYMETA.yml and MYMETA.json
cp lib/Class/Method/Modifiers.pm blib/lib/Class/Method/Modifiers.pm
Manifying 1 pod document
PERL_DL_NONLAZY=1 "/usr/bin/perl" "-MExtUtils::Command::MM" "-MTest::Harness" "-e" "undef *Test::Harness::Switches; test_harness(0, 'blib/lib', 'blib/arch')" t/*.t
# 
# Versions for all modules listed in MYMETA.json (including optional ones):
# 
# === Configure Requires ===
# 
#     Module               Want     Have
#     ------------------- ----- --------
#     ExtUtils::MakeMaker   any     7.70
#     perl                5.006 5.040002
# 
# === Build Requires ===
# 
#     Module              Want Have
#     ------------------- ---- ----
#     ExtUtils::MakeMaker  any 7.70
# 
# === Test Requires ===
# 
#     Module               Want     Have
#     ------------------- ----- --------
#     ExtUtils::MakeMaker   any     7.70
#     File::Spec            any     3.91
#     Test::More           0.88 1.302199
#     if                    any   0.0610
#     perl                5.006 5.040002
# 
# === Test Recommends ===
# 
#     Module         Want     Have
#     ---------- -------- --------
#     CPAN::Meta 2.120900 2.150010
# 
# === Runtime Requires ===
# 
#     Module    Want     Have
#     -------- ----- --------
#     B          any     1.89
#     Carp       any     1.54
#     Exporter   any     5.78
#     base       any     2.27
#     perl     5.006 5.040002
#     strict     any     1.13
#     warnings   any     1.70
# 
# === Other Modules ===
# 
#     Module                  Have
#     -------------------- -------
#     Encode                  3.21
#     File::Temp            0.2311
#     JSON::PP                4.16
#     Module::Runtime      missing
#     Moo                  missing
#     Moose                missing
#     Pod::Coverage        missing
#     Role::Tiny           missing
#     Sub::Install         missing
#     Sub::Name            missing
#     YAML                 missing
#     autodie                 2.37
#     namespace::autoclean missing
#     namespace::clean     missing
# 
t/00-report-prereqs.t ............... ok
t/000-load.t ........................ ok
t/001-error.t ....................... ok
t/002-cache.t ....................... ok
t/003-basic.t ....................... ok
t/004-around.t ...................... ok
t/005-return.t ...................... ok
t/010-before-args.t ................. ok
t/011-after-args.t .................. ok
t/012-around-args.t ................. ok
t/020-multiple-inheritance.t ........ ok
t/030-multiple-before.t ............. ok
t/031-multiple-after.t .............. ok
t/032-multiple-around.t ............. ok
t/034-multiple-everything.t ......... ok
t/035-multiple-everything-twice.t ... ok
t/040-twice-orig.t .................. ok
t/041-modify-parent.t ............... ok
t/051-undef-list-ctxt.t ............. ok
t/060-caller.t ...................... ok
t/070-modify-multiple-at-once.t ..... ok
t/080-multiple-modifiers.t .......... ok
t/081-sub-and-modifier.t ............ ok
t/090-diamond.t ..................... ok
t/100-class-mop-method-modifiers.t .. ok
t/110-namespace-clean.t ............. ok
t/120-fresh.t ....................... ok
t/130-clean-underscore.t ............ ok
t/140-lvalue.t ...................... ok
All tests successful.
Files=29, Tests=131,  1 wallclock secs ( 0.02 usr  0.02 sys +  0.89 cusr  0.21 csys =  1.14 CPU)
Result: PASS
>>> perl-class-method-modifiers: Entering fakeroot...
Manifying 1 pod document
Appending installation info to /tmp/pkg/perl-class-method-modifiers/usr/lib/perl5/core_perl/perllocal.pod
Installing /tmp/pkg/perl-class-method-modifiers/usr/share/perl5/vendor_perl/Class/Method/Modifiers.pm
Installing /tmp/pkg/perl-class-method-modifiers/usr/share/man/man3/Class::Method::Modifiers.3pm
>>> perl-class-method-modifiers-doc*: Running split function doc...
'usr/share/man' -> '/tmp/pkg/perl-class-method-modifiers-doc/usr/share/man'
>>> perl-class-method-modifiers-doc*: Preparing subpackage perl-class-method-modifiers-doc...
>>> perl-class-method-modifiers-doc*: Running postcheck for perl-class-method-modifiers-doc
>>> perl-class-method-modifiers*: Running postcheck for perl-class-method-modifiers
>>> perl-class-method-modifiers*: Preparing package perl-class-method-modifiers...
>>> perl-class-method-modifiers-doc*: Tracing dependencies...
>>> perl-class-method-modifiers-doc*: Package size: 4.9 KB
>>> perl-class-method-modifiers-doc*: Compressing data...
>>> perl-class-method-modifiers-doc*: Create checksum...
>>> perl-class-method-modifiers-doc*: Create perl-class-method-modifiers-doc-2.15-r1.apk
>>> perl-class-method-modifiers*: Tracing dependencies...
	perl
>>> perl-class-method-modifiers*: Package size: 16.6 KB
>>> perl-class-method-modifiers*: Compressing data...
>>> perl-class-method-modifiers*: Create checksum...
>>> perl-class-method-modifiers*: Create perl-class-method-modifiers-2.15-r1.apk
>>> perl-class-method-modifiers: Updating the main/x86_64 repository index...
>>> perl-class-method-modifiers: Signing the index...
>>> perl-class-method-modifiers: Cleaning up srcdir
>>> perl-class-method-modifiers: Cleaning up build chroot
>>> perl-class-method-modifiers: Cleaning up pkgdir
