pigz: not found
>>> lua-iconv: Building main/lua-iconv 7-r4 (using abuild 3.14.1-r4) started Fri, 23 May 2025 01:45:28 +0000
>>> lua-iconv: Validating /home/packager/aports/main/lua-iconv/APKBUILD...
>>> lua-iconv: Analyzing dependencies...
>>> lua-iconv: Installing for build: build-base lua5.1-dev lua5.2-dev lua5.3-dev lua5.4-dev
(1/12) Installing lua5.1-libs (5.1.5-r13)
(2/12) Installing lua5.1 (5.1.5-r13)
(3/12) Installing lua5.1-dev (5.1.5-r13)
(4/12) Installing lua5.2-libs (5.2.4-r13)
(5/12) Installing lua5.2 (5.2.4-r13)
(6/12) Installing lua5.2-dev (5.2.4-r13)
(7/12) Installing linenoise (1.0-r5)
(8/12) Installing lua5.3-libs (5.3.6-r6)
(9/12) Installing lua5.3 (5.3.6-r6)
(10/12) Installing lua5.3-dev (5.3.6-r6)
(11/12) Installing lua5.4-dev (5.4.7-r0)
(12/12) Installing .makedepends-lua-iconv (20250523.014531)
Executing busybox-1.37.0-r12.trigger
OK: 319 MiB in 126 packages
>>> lua-iconv: Cleaning up srcdir
>>> lua-iconv: Cleaning up pkgdir
>>> lua-iconv: Cleaning up tmpdir
>>> lua-iconv: Fetching lua-iconv-7-2.tar.gz::https://github.com/ittner/lua-iconv/archive/refs/tags/lua-iconv-7.tar.gz
Connecting to github.com (140.82.121.4:443)
Connecting to github.com (140.82.121.4:443)
Connecting to codeload.github.com (140.82.121.9:443)
saving to '/var/cache/distfiles/lua-iconv-7-2.tar.gz.part'
lua-iconv-7-2.tar.gz 100% |********************************| 11568  0:00:00 ETA
'/var/cache/distfiles/lua-iconv-7-2.tar.gz.part' saved
>>> lua-iconv: Fetching lua-iconv-7-2.tar.gz::https://github.com/ittner/lua-iconv/archive/refs/tags/lua-iconv-7.tar.gz
>>> lua-iconv: Checking sha512sums...
lua-iconv-7-2.tar.gz: OK
0001-lua-iconv-make-close-available-from-lua.patch: OK
>>> lua-iconv: Unpacking /var/cache/distfiles/lua-iconv-7-2.tar.gz...
>>> lua-iconv: 0001-lua-iconv-make-close-available-from-lua.patch
patching file luaiconv.c
Hunk #1 succeeded at 214 (offset 10 lines).
>>> lua-iconv: Build for Lua 5.1
gcc -o iconv.lo -c -Os -fstack-clash-protection -Wformat -Werror=format-security -fno-plt  luaiconv.c
gcc -o iconv.so -shared  iconv.lo
/usr/lib/gcc/x86_64-alpine-linux-musl/14.2.0/../../../../x86_64-alpine-linux-musl/bin/ld: warning: iconv.so has a LOAD segment with RWX permissions
>>> lua-iconv: Build for Lua 5.2
gcc -o iconv.lo -c -Os -fstack-clash-protection -Wformat -Werror=format-security -fno-plt -I/usr/include/lua5.2 luaiconv.c
gcc -o iconv.so -shared  iconv.lo
/usr/lib/gcc/x86_64-alpine-linux-musl/14.2.0/../../../../x86_64-alpine-linux-musl/bin/ld: warning: iconv.so has a LOAD segment with RWX permissions
>>> lua-iconv: Build for Lua 5.3
gcc -o iconv.lo -c -Os -fstack-clash-protection -Wformat -Werror=format-security -fno-plt -I/usr/include/lua5.3 luaiconv.c
gcc -o iconv.so -shared  iconv.lo
/usr/lib/gcc/x86_64-alpine-linux-musl/14.2.0/../../../../x86_64-alpine-linux-musl/bin/ld: warning: iconv.so has a LOAD segment with RWX permissions
>>> lua-iconv: Build for Lua 5.4
gcc -o iconv.lo -c -Os -fstack-clash-protection -Wformat -Werror=format-security -fno-plt -I/usr/include/lua5.4 luaiconv.c
gcc -o iconv.so -shared  iconv.lo
/usr/lib/gcc/x86_64-alpine-linux-musl/14.2.0/../../../../x86_64-alpine-linux-musl/bin/ld: warning: iconv.so has a LOAD segment with RWX permissions
>>> lua-iconv: Entering fakeroot...
>>> lua5.1-iconv*: Running split function _split...
>>> lua5.1-iconv*: Preparing subpackage lua5.1-iconv...
>>> lua5.1-iconv*: Stripping binaries
libfakeroot internal error: payload not recognized!
>>> lua5.1-iconv*: Running postcheck for lua5.1-iconv
>>> lua5.2-iconv*: Running split function _split...
>>> lua5.2-iconv*: Preparing subpackage lua5.2-iconv...
>>> lua5.2-iconv*: Stripping binaries
>>> lua5.2-iconv*: Running postcheck for lua5.2-iconv
>>> lua5.3-iconv*: Running split function _split...
>>> lua5.3-iconv*: Preparing subpackage lua5.3-iconv...
>>> lua5.3-iconv*: Stripping binaries
>>> lua5.3-iconv*: Running postcheck for lua5.3-iconv
>>> lua5.4-iconv*: Running split function _split...
>>> lua5.4-iconv*: Preparing subpackage lua5.4-iconv...
>>> lua5.4-iconv*: Stripping binaries
libfakeroot internal error: payload not recognized!
libfakeroot internal error: payload not recognized!
>>> lua5.4-iconv*: Running postcheck for lua5.4-iconv
>>> lua-iconv*: Running postcheck for lua-iconv
>>> lua-iconv*: Preparing package lua-iconv...
>>> lua-iconv*: Stripping binaries
>>> WARNING: lua-iconv*: No arch specific binaries found so arch should probably be set to "noarch"
>>> lua-iconv*: Scanning shared objects
>>> lua5.1-iconv*: Scanning shared objects
>>> lua5.2-iconv*: Scanning shared objects
>>> lua5.3-iconv*: Scanning shared objects
>>> lua5.4-iconv*: Scanning shared objects
>>> lua-iconv*: Tracing dependencies...
>>> lua-iconv*: Package size: 1.0 B
>>> lua-iconv*: Compressing data...
>>> lua-iconv*: Create checksum...
pigz: not found
>>> lua-iconv*: Create lua-iconv-7-r4.apk
>>> lua5.1-iconv*: Tracing dependencies...
	so:libc.musl-x86_64.so.1
>>> lua5.1-iconv*: Package size: 11.2 KB
>>> lua5.1-iconv*: Compressing data...
>>> lua5.1-iconv*: Create checksum...
pigz: not found
>>> lua5.1-iconv*: Create lua5.1-iconv-7-r4.apk
>>> lua5.2-iconv*: Tracing dependencies...
	so:libc.musl-x86_64.so.1
>>> lua5.2-iconv*: Package size: 11.2 KB
>>> lua5.2-iconv*: Compressing data...
>>> lua5.2-iconv*: Create checksum...
libfakeroot internal error: payload not recognized!
pigz: not found
>>> lua5.2-iconv*: Create lua5.2-iconv-7-r4.apk
>>> lua5.3-iconv*: Tracing dependencies...
	so:libc.musl-x86_64.so.1
>>> lua5.3-iconv*: Package size: 11.2 KB
>>> lua5.3-iconv*: Compressing data...
>>> lua5.3-iconv*: Create checksum...
pigz: not found
>>> lua5.3-iconv*: Create lua5.3-iconv-7-r4.apk
>>> lua5.4-iconv*: Tracing dependencies...
	so:libc.musl-x86_64.so.1
>>> lua5.4-iconv*: Package size: 11.2 KB
>>> lua5.4-iconv*: Compressing data...
>>> lua5.4-iconv*: Create checksum...
pigz: not found
>>> lua5.4-iconv*: Create lua5.4-iconv-7-r4.apk
>>> lua-iconv: Build complete at Fri, 23 May 2025 01:45:43 +0000 elapsed time 0h 0m 15s
>>> lua-iconv: Cleaning up srcdir
>>> lua-iconv: Cleaning up pkgdir
>>> lua-iconv: Uninstalling dependencies...
(1/12) Purging .makedepends-lua-iconv (20250523.014531)
(2/12) Purging lua5.1-dev (5.1.5-r13)
(3/12) Purging lua5.1 (5.1.5-r13)
(4/12) Purging lua5.1-libs (5.1.5-r13)
(5/12) Purging lua5.2-dev (5.2.4-r13)
(6/12) Purging lua5.2 (5.2.4-r13)
(7/12) Purging lua5.2-libs (5.2.4-r13)
(8/12) Purging lua5.3-dev (5.3.6-r6)
(9/12) Purging lua5.3 (5.3.6-r6)
(10/12) Purging lua5.3-libs (5.3.6-r6)
(11/12) Purging lua5.4-dev (5.4.7-r0)
(12/12) Purging linenoise (1.0-r5)
Executing busybox-1.37.0-r12.trigger
OK: 313 MiB in 114 packages
>>> lua-iconv: Updating the main/x86_64 repository index...
>>> lua-iconv: Signing the index...
pigz: not found
