pigz: not found
>>> py3-alabaster: Building main/py3-alabaster 1.0.0-r0 (using abuild 3.14.1-r4) started Fri, 16 May 2025 20:38:24 +0000
>>> py3-alabaster: Validating /home/packager/aports/main/py3-alabaster/APKBUILD...
>>> py3-alabaster: Analyzing dependencies...
>>> py3-alabaster: Installing for build: build-base python3 py3-flit-core py3-gpep517
(1/18) Installing libbz2 (1.0.8-r6)
(2/18) Installing libffi (3.4.7-r0)
(3/18) Installing gdbm (1.24-r0)
(4/18) Installing xz-libs (5.6.3-r1)
(5/18) Installing mpdecimal (4.0.0-r0)
(6/18) Installing libpanelw (6.5_p20250503-r0)
(7/18) Installing sqlite-libs (3.49.2-r0)
(8/18) Installing python3 (3.12.10-r0)
(9/18) Installing python3-pycache-pyc0 (3.12.10-r0)
(10/18) Installing pyc (3.12.10-r0)
(11/18) Installing python3-pyc (3.12.10-r0)
(12/18) Installing py3-flit-core (3.12.0-r0)
(13/18) Installing py3-flit-core-pyc (3.12.0-r0)
(14/18) Installing py3-installer (0.7.0-r2)
(15/18) Installing py3-installer-pyc (0.7.0-r2)
(16/18) Installing py3-gpep517 (19-r0)
(17/18) Installing py3-gpep517-pyc (19-r0)
(18/18) Installing .makedepends-py3-alabaster (20250516.203826)
Executing busybox-1.37.0-r12.trigger
OK: 296 MiB in 92 packages
>>> py3-alabaster: Cleaning up srcdir
>>> py3-alabaster: Cleaning up pkgdir
>>> py3-alabaster: Cleaning up tmpdir
>>> py3-alabaster: Fetching alabaster-1.0.0.tar.gz::https://github.com/sphinx-doc/alabaster/archive/1.0.0.tar.gz
Connecting to github.com (140.82.121.4:443)
Connecting to codeload.github.com (140.82.121.9:443)
saving to '/var/cache/distfiles/alabaster-1.0.0.tar.gz.part'
alabaster-1.0.0.tar. 100% |********************************| 25419  0:00:00 ETA
'/var/cache/distfiles/alabaster-1.0.0.tar.gz.part' saved
>>> py3-alabaster: Fetching alabaster-1.0.0.tar.gz::https://github.com/sphinx-doc/alabaster/archive/1.0.0.tar.gz
>>> py3-alabaster: Checking sha512sums...
alabaster-1.0.0.tar.gz: OK
>>> py3-alabaster: Unpacking /var/cache/distfiles/alabaster-1.0.0.tar.gz...
2025-05-16 20:38:27,203 gpep517 INFO Building wheel via backend flit_core.buildapi
2025-05-16 20:38:27,207 flit_core.wheel INFO Zip timestamps will be from SOURCE_DATE_EPOCH: 2024-09-12 18:10:01+00:00
2025-05-16 20:38:27,207 flit_core.wheel INFO Copying package file(s) from alabaster
2025-05-16 20:38:27,209 flit_core.wheel INFO Writing metadata files
2025-05-16 20:38:27,210 flit_core.wheel INFO Writing the record of files
2025-05-16 20:38:27,210 flit_core.wheel INFO Built wheel: .dist/alabaster-1.0.0-py3-none-any.whl
2025-05-16 20:38:27,210 gpep517 INFO The backend produced .dist/alabaster-1.0.0-py3-none-any.whl
alabaster-1.0.0-py3-none-any.whl
>>> py3-alabaster: Entering fakeroot...
>>> py3-alabaster-pyc*: Running split function pyc...
'usr/lib/python3.12/site-packages/alabaster/__pycache__' -> '/home/packager/aports/main/py3-alabaster/pkg/py3-alabaster-pyc/usr/lib/python3.12/site-packages/alabaster/__pycache__'
>>> py3-alabaster-pyc*: Preparing subpackage py3-alabaster-pyc...
>>> py3-alabaster-pyc*: Running postcheck for py3-alabaster-pyc
>>> py3-alabaster*: Running postcheck for py3-alabaster
>>> py3-alabaster*: Preparing package py3-alabaster...
>>> py3-alabaster-pyc*: Tracing dependencies...
	python3
	python3~3.12
>>> py3-alabaster-pyc*: Package size: 5.6 KB
>>> py3-alabaster-pyc*: Compressing data...
>>> py3-alabaster-pyc*: Create checksum...
pigz: not found
>>> py3-alabaster-pyc*: Create py3-alabaster-pyc-1.0.0-r0.apk
>>> py3-alabaster*: Tracing dependencies...
	python3
	python3~3.12
>>> py3-alabaster*: Package size: 36.5 KB
>>> py3-alabaster*: Compressing data...
>>> py3-alabaster*: Create checksum...
pigz: not found
>>> py3-alabaster*: Create py3-alabaster-1.0.0-r0.apk
>>> py3-alabaster: Build complete at Fri, 16 May 2025 20:38:28 +0000 elapsed time 0h 0m 4s
>>> py3-alabaster: Cleaning up srcdir
>>> py3-alabaster: Cleaning up pkgdir
>>> py3-alabaster: Uninstalling dependencies...
(1/18) Purging .makedepends-py3-alabaster (20250516.203826)
(2/18) Purging py3-flit-core-pyc (3.12.0-r0)
(3/18) Purging py3-flit-core (3.12.0-r0)
(4/18) Purging py3-gpep517-pyc (19-r0)
(5/18) Purging py3-gpep517 (19-r0)
(6/18) Purging py3-installer-pyc (0.7.0-r2)
(7/18) Purging py3-installer (0.7.0-r2)
(8/18) Purging python3-pyc (3.12.10-r0)
(9/18) Purging python3-pycache-pyc0 (3.12.10-r0)
(10/18) Purging pyc (3.12.10-r0)
(11/18) Purging python3 (3.12.10-r0)
(12/18) Purging gdbm (1.24-r0)
(13/18) Purging libbz2 (1.0.8-r6)
(14/18) Purging libffi (3.4.7-r0)
(15/18) Purging libpanelw (6.5_p20250503-r0)
(16/18) Purging mpdecimal (4.0.0-r0)
(17/18) Purging sqlite-libs (3.49.2-r0)
(18/18) Purging xz-libs (5.6.3-r1)
Executing busybox-1.37.0-r12.trigger
OK: 259 MiB in 74 packages
>>> py3-alabaster: Updating the main/x86_64 repository index...
>>> py3-alabaster: Signing the index...
pigz: not found
