pigz: not found
>>> lua-dbi: Building main/lua-dbi 0.7.4-r0 (using abuild 3.14.1-r4) started Fri, 23 May 2025 02:42:35 +0000
>>> lua-dbi: Validating /home/packager/aports/main/lua-dbi/APKBUILD...
>>> lua-dbi: Analyzing dependencies...
>>> lua-dbi: Installing for build: build-base mariadb-connector-c-dev libpq-dev sqlite-dev lua5.1-dev lua5.2-dev lua5.3-dev lua5.4-dev
(1/20) Installing openssl-dev (3.5.0-r0)
(2/20) Installing mariadb-connector-c (3.3.10-r0)
(3/20) Installing mariadb-connector-c-dev (3.3.10-r0)
(4/20) Installing libpq (17.5-r0)
(5/20) Installing libpq-dev (17.5-r0)
(6/20) Installing sqlite (3.49.2-r0)
(7/20) Installing sqlite-libs (3.49.2-r0)
(8/20) Installing sqlite-dev (3.49.2-r0)
(9/20) Installing lua5.1-libs (5.1.5-r13)
(10/20) Installing lua5.1 (5.1.5-r13)
(11/20) Installing lua5.1-dev (5.1.5-r13)
(12/20) Installing lua5.2-libs (5.2.4-r13)
(13/20) Installing lua5.2 (5.2.4-r13)
(14/20) Installing lua5.2-dev (5.2.4-r13)
(15/20) Installing linenoise (1.0-r5)
(16/20) Installing lua5.3-libs (5.3.6-r6)
(17/20) Installing lua5.3 (5.3.6-r6)
(18/20) Installing lua5.3-dev (5.3.6-r6)
(19/20) Installing lua5.4-dev (5.4.7-r0)
(20/20) Installing .makedepends-lua-dbi (20250523.024238)
Executing busybox-1.37.0-r12.trigger
OK: 328 MiB in 134 packages
>>> lua-dbi: Cleaning up srcdir
>>> lua-dbi: Cleaning up pkgdir
>>> lua-dbi: Cleaning up tmpdir
>>> lua-dbi: Fetching lua-dbi-0.7.4.tar.gz::https://github.com/mwild1/luadbi/archive/v0.7.4/luadbi.tar.gz
Connecting to github.com (140.82.121.4:443)
Connecting to codeload.github.com (140.82.121.10:443)
saving to '/var/cache/distfiles/lua-dbi-0.7.4.tar.gz.part'
lua-dbi-0.7.4.tar.gz 100% |********************************| 39077  0:00:00 ETA
'/var/cache/distfiles/lua-dbi-0.7.4.tar.gz.part' saved
>>> lua-dbi: Fetching lua-dbi-0.7.4.tar.gz::https://github.com/mwild1/luadbi/archive/v0.7.4/luadbi.tar.gz
>>> lua-dbi: Checking sha512sums...
lua-dbi-0.7.4.tar.gz: OK
>>> lua-dbi: Unpacking /var/cache/distfiles/lua-dbi-0.7.4.tar.gz...
>>> lua-dbi: Building for Lua 5.1...
make: Entering directory '/home/packager/aports/main/lua-dbi/src/luadbi-0.7.4-5.1'
mkdir -p build
gcc -c -o build/dbd_common.o dbd/common.c -I/usr/include/lua5.1 -g -pedantic -Wall -O2 -shared -fPIC -DPIC -std=c99 -Os -fstack-clash-protection -Wformat -Werror=format-security -fno-plt -I.
gcc -c -o build/dbd_mysql_main.o dbd/mysql/main.c -I/usr/include/lua5.1 -g -pedantic -Wall -O2 -shared -fPIC -DPIC -std=c99 -Os -fstack-clash-protection -Wformat -Werror=format-security -fno-plt -I. -shared -Wl,--as-needed,-O1,--sort-common -Wl,-z,pack-relative-relocs -I/usr/include/mysql -lmysqlclient
gcc -c -o build/dbd_mysql_connection.o dbd/mysql/connection.c -I/usr/include/lua5.1 -g -pedantic -Wall -O2 -shared -fPIC -DPIC -std=c99 -Os -fstack-clash-protection -Wformat -Werror=format-security -fno-plt -I. -shared -Wl,--as-needed,-O1,--sort-common -Wl,-z,pack-relative-relocs -I/usr/include/mysql -lmysqlclient
gcc -c -o build/dbd_mysql_statement.o dbd/mysql/statement.c -I/usr/include/lua5.1 -g -pedantic -Wall -O2 -shared -fPIC -DPIC -std=c99 -Os -fstack-clash-protection -Wformat -Werror=format-security -fno-plt -I. -shared -Wl,--as-needed,-O1,--sort-common -Wl,-z,pack-relative-relocs -I/usr/include/mysql -lmysqlclient
dbd/mysql/statement.c: In function 'statement_execute':
dbd/mysql/statement.c:215:23: warning: unused variable 'inum' [-Wunused-variable]
  215 |                 long *inum = NULL;
      |                       ^~~~
dbd/mysql/statement.c:309:17: warning: dangling pointer 'errstr' to 'err' may be used [-Wdangling-pointer=]
  309 |                 lua_pushfstring(L, error_message, errstr ? errstr : mysql_stmt_error(statement->stmt));
      |                 ^~~~~~~~~~~~~~~~~~~~~~~~~~~~~~~~~~~~~~~~~~~~~~~~~~~~~~~~~~~~~~~~~~~~~~~~~~~~~~~~~~~~~~
dbd/mysql/statement.c:217:22: note: 'err' declared here
  217 |                 char err[64];
      |                      ^~~
gcc build/dbd_common.o build/dbd_mysql_main.o build/dbd_mysql_connection.o build/dbd_mysql_statement.o -o dbd/mysql.so -I/usr/include/lua5.1 -g -pedantic -Wall -O2 -shared -fPIC -DPIC -std=c99 -Os -fstack-clash-protection -Wformat -Werror=format-security -fno-plt -I. -shared -Wl,--as-needed,-O1,--sort-common -Wl,-z,pack-relative-relocs -I/usr/include/mysql -lmysqlclient
/usr/lib/gcc/x86_64-alpine-linux-musl/14.2.0/../../../../x86_64-alpine-linux-musl/bin/ld: warning: dbd/mysql.so has a LOAD segment with RWX permissions
make: Leaving directory '/home/packager/aports/main/lua-dbi/src/luadbi-0.7.4-5.1'
make: Entering directory '/home/packager/aports/main/lua-dbi/src/luadbi-0.7.4-5.1'
gcc -c -o build/dbd_postgresql_main.o dbd/postgresql/main.c -I/usr/include/lua5.1 -g -pedantic -Wall -O2 -shared -fPIC -DPIC -std=c99 -Os -fstack-clash-protection -Wformat -Werror=format-security -fno-plt -I. -shared -Wl,--as-needed,-O1,--sort-common -Wl,-z,pack-relative-relocs -I/usr/include/postgresql -lpq
gcc -c -o build/dbd_postgresql_connection.o dbd/postgresql/connection.c -I/usr/include/lua5.1 -g -pedantic -Wall -O2 -shared -fPIC -DPIC -std=c99 -Os -fstack-clash-protection -Wformat -Werror=format-security -fno-plt -I. -shared -Wl,--as-needed,-O1,--sort-common -Wl,-z,pack-relative-relocs -I/usr/include/postgresql -lpq
gcc -c -o build/dbd_postgresql_statement.o dbd/postgresql/statement.c -I/usr/include/lua5.1 -g -pedantic -Wall -O2 -shared -fPIC -DPIC -std=c99 -Os -fstack-clash-protection -Wformat -Werror=format-security -fno-plt -I. -shared -Wl,--as-needed,-O1,--sort-common -Wl,-z,pack-relative-relocs -I/usr/include/postgresql -lpq
dbd/postgresql/statement.c: In function 'statement_execute':
dbd/postgresql/statement.c:205:17: warning: dangling pointer 'errstr' to 'err' may be used [-Wdangling-pointer=]
  205 |                 lua_pushfstring(L, DBI_ERR_BINDING_PARAMS, errstr);
      |                 ^~~~~~~~~~~~~~~~~~~~~~~~~~~~~~~~~~~~~~~~~~~~~~~~~~
dbd/postgresql/statement.c:163:22: note: 'err' declared here
  163 |                 char err[64];
      |                      ^~~
gcc build/dbd_common.o build/dbd_postgresql_main.o build/dbd_postgresql_connection.o build/dbd_postgresql_statement.o -o dbd/postgresql.so -I/usr/include/lua5.1 -g -pedantic -Wall -O2 -shared -fPIC -DPIC -std=c99 -Os -fstack-clash-protection -Wformat -Werror=format-security -fno-plt -I. -shared -Wl,--as-needed,-O1,--sort-common -Wl,-z,pack-relative-relocs -I/usr/include/postgresql -lpq
/usr/lib/gcc/x86_64-alpine-linux-musl/14.2.0/../../../../x86_64-alpine-linux-musl/bin/ld: warning: dbd/postgresql.so has a LOAD segment with RWX permissions
make: Leaving directory '/home/packager/aports/main/lua-dbi/src/luadbi-0.7.4-5.1'
make: Entering directory '/home/packager/aports/main/lua-dbi/src/luadbi-0.7.4-5.1'
gcc -c -o build/dbd_sqlite3_main.o dbd/sqlite3/main.c -I/usr/include/lua5.1 -g -pedantic -Wall -O2 -shared -fPIC -DPIC -std=c99 -Os -fstack-clash-protection -Wformat -Werror=format-security -fno-plt -I. -shared -Wl,--as-needed,-O1,--sort-common -Wl,-z,pack-relative-relocs -I/usr/include -lsqlite3
gcc -c -o build/dbd_sqlite3_connection.o dbd/sqlite3/connection.c -I/usr/include/lua5.1 -g -pedantic -Wall -O2 -shared -fPIC -DPIC -std=c99 -Os -fstack-clash-protection -Wformat -Werror=format-security -fno-plt -I. -shared -Wl,--as-needed,-O1,--sort-common -Wl,-z,pack-relative-relocs -I/usr/include -lsqlite3
gcc -c -o build/dbd_sqlite3_statement.o dbd/sqlite3/statement.c -I/usr/include/lua5.1 -g -pedantic -Wall -O2 -shared -fPIC -DPIC -std=c99 -Os -fstack-clash-protection -Wformat -Werror=format-security -fno-plt -I. -shared -Wl,--as-needed,-O1,--sort-common -Wl,-z,pack-relative-relocs -I/usr/include -lsqlite3
gcc build/dbd_common.o build/dbd_sqlite3_main.o build/dbd_sqlite3_connection.o build/dbd_sqlite3_statement.o -o dbd/sqlite3.so -I/usr/include/lua5.1 -g -pedantic -Wall -O2 -shared -fPIC -DPIC -std=c99 -Os -fstack-clash-protection -Wformat -Werror=format-security -fno-plt -I. -shared -Wl,--as-needed,-O1,--sort-common -Wl,-z,pack-relative-relocs -I/usr/include -lsqlite3
/usr/lib/gcc/x86_64-alpine-linux-musl/14.2.0/../../../../x86_64-alpine-linux-musl/bin/ld: warning: dbd/sqlite3.so has a LOAD segment with RWX permissions
make: Leaving directory '/home/packager/aports/main/lua-dbi/src/luadbi-0.7.4-5.1'
>>> lua-dbi: Building for Lua 5.2...
make: Entering directory '/home/packager/aports/main/lua-dbi/src/luadbi-0.7.4-5.2'
mkdir -p build
gcc -c -o build/dbd_common.o dbd/common.c -I/usr/include/lua5.2 -g -pedantic -Wall -O2 -shared -fPIC -DPIC -std=c99 -Os -fstack-clash-protection -Wformat -Werror=format-security -fno-plt -I.
gcc -c -o build/dbd_mysql_main.o dbd/mysql/main.c -I/usr/include/lua5.2 -g -pedantic -Wall -O2 -shared -fPIC -DPIC -std=c99 -Os -fstack-clash-protection -Wformat -Werror=format-security -fno-plt -I. -shared -Wl,--as-needed,-O1,--sort-common -Wl,-z,pack-relative-relocs -I/usr/include/mysql -lmysqlclient
gcc -c -o build/dbd_mysql_connection.o dbd/mysql/connection.c -I/usr/include/lua5.2 -g -pedantic -Wall -O2 -shared -fPIC -DPIC -std=c99 -Os -fstack-clash-protection -Wformat -Werror=format-security -fno-plt -I. -shared -Wl,--as-needed,-O1,--sort-common -Wl,-z,pack-relative-relocs -I/usr/include/mysql -lmysqlclient
gcc -c -o build/dbd_mysql_statement.o dbd/mysql/statement.c -I/usr/include/lua5.2 -g -pedantic -Wall -O2 -shared -fPIC -DPIC -std=c99 -Os -fstack-clash-protection -Wformat -Werror=format-security -fno-plt -I. -shared -Wl,--as-needed,-O1,--sort-common -Wl,-z,pack-relative-relocs -I/usr/include/mysql -lmysqlclient
dbd/mysql/statement.c: In function 'statement_execute':
dbd/mysql/statement.c:215:23: warning: unused variable 'inum' [-Wunused-variable]
  215 |                 long *inum = NULL;
      |                       ^~~~
dbd/mysql/statement.c:309:17: warning: dangling pointer 'errstr' to 'err' may be used [-Wdangling-pointer=]
  309 |                 lua_pushfstring(L, error_message, errstr ? errstr : mysql_stmt_error(statement->stmt));
      |                 ^~~~~~~~~~~~~~~~~~~~~~~~~~~~~~~~~~~~~~~~~~~~~~~~~~~~~~~~~~~~~~~~~~~~~~~~~~~~~~~~~~~~~~
dbd/mysql/statement.c:217:22: note: 'err' declared here
  217 |                 char err[64];
      |                      ^~~
gcc build/dbd_common.o build/dbd_mysql_main.o build/dbd_mysql_connection.o build/dbd_mysql_statement.o -o dbd/mysql.so -I/usr/include/lua5.2 -g -pedantic -Wall -O2 -shared -fPIC -DPIC -std=c99 -Os -fstack-clash-protection -Wformat -Werror=format-security -fno-plt -I. -shared -Wl,--as-needed,-O1,--sort-common -Wl,-z,pack-relative-relocs -I/usr/include/mysql -lmysqlclient
/usr/lib/gcc/x86_64-alpine-linux-musl/14.2.0/../../../../x86_64-alpine-linux-musl/bin/ld: warning: dbd/mysql.so has a LOAD segment with RWX permissions
make: Leaving directory '/home/packager/aports/main/lua-dbi/src/luadbi-0.7.4-5.2'
make: Entering directory '/home/packager/aports/main/lua-dbi/src/luadbi-0.7.4-5.2'
gcc -c -o build/dbd_postgresql_main.o dbd/postgresql/main.c -I/usr/include/lua5.2 -g -pedantic -Wall -O2 -shared -fPIC -DPIC -std=c99 -Os -fstack-clash-protection -Wformat -Werror=format-security -fno-plt -I. -shared -Wl,--as-needed,-O1,--sort-common -Wl,-z,pack-relative-relocs -I/usr/include/postgresql -lpq
gcc -c -o build/dbd_postgresql_connection.o dbd/postgresql/connection.c -I/usr/include/lua5.2 -g -pedantic -Wall -O2 -shared -fPIC -DPIC -std=c99 -Os -fstack-clash-protection -Wformat -Werror=format-security -fno-plt -I. -shared -Wl,--as-needed,-O1,--sort-common -Wl,-z,pack-relative-relocs -I/usr/include/postgresql -lpq
gcc -c -o build/dbd_postgresql_statement.o dbd/postgresql/statement.c -I/usr/include/lua5.2 -g -pedantic -Wall -O2 -shared -fPIC -DPIC -std=c99 -Os -fstack-clash-protection -Wformat -Werror=format-security -fno-plt -I. -shared -Wl,--as-needed,-O1,--sort-common -Wl,-z,pack-relative-relocs -I/usr/include/postgresql -lpq
dbd/postgresql/statement.c: In function 'statement_execute':
dbd/postgresql/statement.c:205:17: warning: dangling pointer 'errstr' to 'err' may be used [-Wdangling-pointer=]
  205 |                 lua_pushfstring(L, DBI_ERR_BINDING_PARAMS, errstr);
      |                 ^~~~~~~~~~~~~~~~~~~~~~~~~~~~~~~~~~~~~~~~~~~~~~~~~~
dbd/postgresql/statement.c:163:22: note: 'err' declared here
  163 |                 char err[64];
      |                      ^~~
gcc build/dbd_common.o build/dbd_postgresql_main.o build/dbd_postgresql_connection.o build/dbd_postgresql_statement.o -o dbd/postgresql.so -I/usr/include/lua5.2 -g -pedantic -Wall -O2 -shared -fPIC -DPIC -std=c99 -Os -fstack-clash-protection -Wformat -Werror=format-security -fno-plt -I. -shared -Wl,--as-needed,-O1,--sort-common -Wl,-z,pack-relative-relocs -I/usr/include/postgresql -lpq
/usr/lib/gcc/x86_64-alpine-linux-musl/14.2.0/../../../../x86_64-alpine-linux-musl/bin/ld: warning: dbd/postgresql.so has a LOAD segment with RWX permissions
make: Leaving directory '/home/packager/aports/main/lua-dbi/src/luadbi-0.7.4-5.2'
make: Entering directory '/home/packager/aports/main/lua-dbi/src/luadbi-0.7.4-5.2'
gcc -c -o build/dbd_sqlite3_main.o dbd/sqlite3/main.c -I/usr/include/lua5.2 -g -pedantic -Wall -O2 -shared -fPIC -DPIC -std=c99 -Os -fstack-clash-protection -Wformat -Werror=format-security -fno-plt -I. -shared -Wl,--as-needed,-O1,--sort-common -Wl,-z,pack-relative-relocs -I/usr/include -lsqlite3
gcc -c -o build/dbd_sqlite3_connection.o dbd/sqlite3/connection.c -I/usr/include/lua5.2 -g -pedantic -Wall -O2 -shared -fPIC -DPIC -std=c99 -Os -fstack-clash-protection -Wformat -Werror=format-security -fno-plt -I. -shared -Wl,--as-needed,-O1,--sort-common -Wl,-z,pack-relative-relocs -I/usr/include -lsqlite3
gcc -c -o build/dbd_sqlite3_statement.o dbd/sqlite3/statement.c -I/usr/include/lua5.2 -g -pedantic -Wall -O2 -shared -fPIC -DPIC -std=c99 -Os -fstack-clash-protection -Wformat -Werror=format-security -fno-plt -I. -shared -Wl,--as-needed,-O1,--sort-common -Wl,-z,pack-relative-relocs -I/usr/include -lsqlite3
gcc build/dbd_common.o build/dbd_sqlite3_main.o build/dbd_sqlite3_connection.o build/dbd_sqlite3_statement.o -o dbd/sqlite3.so -I/usr/include/lua5.2 -g -pedantic -Wall -O2 -shared -fPIC -DPIC -std=c99 -Os -fstack-clash-protection -Wformat -Werror=format-security -fno-plt -I. -shared -Wl,--as-needed,-O1,--sort-common -Wl,-z,pack-relative-relocs -I/usr/include -lsqlite3
/usr/lib/gcc/x86_64-alpine-linux-musl/14.2.0/../../../../x86_64-alpine-linux-musl/bin/ld: warning: dbd/sqlite3.so has a LOAD segment with RWX permissions
make: Leaving directory '/home/packager/aports/main/lua-dbi/src/luadbi-0.7.4-5.2'
>>> lua-dbi: Building for Lua 5.3...
make: Entering directory '/home/packager/aports/main/lua-dbi/src/luadbi-0.7.4-5.3'
mkdir -p build
gcc -c -o build/dbd_common.o dbd/common.c -I/usr/include/lua5.3 -g -pedantic -Wall -O2 -shared -fPIC -DPIC -std=c99 -Os -fstack-clash-protection -Wformat -Werror=format-security -fno-plt -I.
gcc -c -o build/dbd_mysql_main.o dbd/mysql/main.c -I/usr/include/lua5.3 -g -pedantic -Wall -O2 -shared -fPIC -DPIC -std=c99 -Os -fstack-clash-protection -Wformat -Werror=format-security -fno-plt -I. -shared -Wl,--as-needed,-O1,--sort-common -Wl,-z,pack-relative-relocs -I/usr/include/mysql -lmysqlclient
gcc -c -o build/dbd_mysql_connection.o dbd/mysql/connection.c -I/usr/include/lua5.3 -g -pedantic -Wall -O2 -shared -fPIC -DPIC -std=c99 -Os -fstack-clash-protection -Wformat -Werror=format-security -fno-plt -I. -shared -Wl,--as-needed,-O1,--sort-common -Wl,-z,pack-relative-relocs -I/usr/include/mysql -lmysqlclient
gcc -c -o build/dbd_mysql_statement.o dbd/mysql/statement.c -I/usr/include/lua5.3 -g -pedantic -Wall -O2 -shared -fPIC -DPIC -std=c99 -Os -fstack-clash-protection -Wformat -Werror=format-security -fno-plt -I. -shared -Wl,--as-needed,-O1,--sort-common -Wl,-z,pack-relative-relocs -I/usr/include/mysql -lmysqlclient
dbd/mysql/statement.c: In function 'statement_execute':
dbd/mysql/statement.c:309:17: warning: dangling pointer 'errstr' to 'err' may be used [-Wdangling-pointer=]
  309 |                 lua_pushfstring(L, error_message, errstr ? errstr : mysql_stmt_error(statement->stmt));
      |                 ^~~~~~~~~~~~~~~~~~~~~~~~~~~~~~~~~~~~~~~~~~~~~~~~~~~~~~~~~~~~~~~~~~~~~~~~~~~~~~~~~~~~~~
dbd/mysql/statement.c:217:22: note: 'err' declared here
  217 |                 char err[64];
      |                      ^~~
gcc build/dbd_common.o build/dbd_mysql_main.o build/dbd_mysql_connection.o build/dbd_mysql_statement.o -o dbd/mysql.so -I/usr/include/lua5.3 -g -pedantic -Wall -O2 -shared -fPIC -DPIC -std=c99 -Os -fstack-clash-protection -Wformat -Werror=format-security -fno-plt -I. -shared -Wl,--as-needed,-O1,--sort-common -Wl,-z,pack-relative-relocs -I/usr/include/mysql -lmysqlclient
/usr/lib/gcc/x86_64-alpine-linux-musl/14.2.0/../../../../x86_64-alpine-linux-musl/bin/ld: warning: dbd/mysql.so has a LOAD segment with RWX permissions
make: Leaving directory '/home/packager/aports/main/lua-dbi/src/luadbi-0.7.4-5.3'
make: Entering directory '/home/packager/aports/main/lua-dbi/src/luadbi-0.7.4-5.3'
gcc -c -o build/dbd_postgresql_main.o dbd/postgresql/main.c -I/usr/include/lua5.3 -g -pedantic -Wall -O2 -shared -fPIC -DPIC -std=c99 -Os -fstack-clash-protection -Wformat -Werror=format-security -fno-plt -I. -shared -Wl,--as-needed,-O1,--sort-common -Wl,-z,pack-relative-relocs -I/usr/include/postgresql -lpq
gcc -c -o build/dbd_postgresql_connection.o dbd/postgresql/connection.c -I/usr/include/lua5.3 -g -pedantic -Wall -O2 -shared -fPIC -DPIC -std=c99 -Os -fstack-clash-protection -Wformat -Werror=format-security -fno-plt -I. -shared -Wl,--as-needed,-O1,--sort-common -Wl,-z,pack-relative-relocs -I/usr/include/postgresql -lpq
gcc -c -o build/dbd_postgresql_statement.o dbd/postgresql/statement.c -I/usr/include/lua5.3 -g -pedantic -Wall -O2 -shared -fPIC -DPIC -std=c99 -Os -fstack-clash-protection -Wformat -Werror=format-security -fno-plt -I. -shared -Wl,--as-needed,-O1,--sort-common -Wl,-z,pack-relative-relocs -I/usr/include/postgresql -lpq
dbd/postgresql/statement.c: In function 'statement_execute':
dbd/postgresql/statement.c:205:17: warning: dangling pointer 'errstr' to 'err' may be used [-Wdangling-pointer=]
  205 |                 lua_pushfstring(L, DBI_ERR_BINDING_PARAMS, errstr);
      |                 ^~~~~~~~~~~~~~~~~~~~~~~~~~~~~~~~~~~~~~~~~~~~~~~~~~
dbd/postgresql/statement.c:163:22: note: 'err' declared here
  163 |                 char err[64];
      |                      ^~~
gcc build/dbd_common.o build/dbd_postgresql_main.o build/dbd_postgresql_connection.o build/dbd_postgresql_statement.o -o dbd/postgresql.so -I/usr/include/lua5.3 -g -pedantic -Wall -O2 -shared -fPIC -DPIC -std=c99 -Os -fstack-clash-protection -Wformat -Werror=format-security -fno-plt -I. -shared -Wl,--as-needed,-O1,--sort-common -Wl,-z,pack-relative-relocs -I/usr/include/postgresql -lpq
/usr/lib/gcc/x86_64-alpine-linux-musl/14.2.0/../../../../x86_64-alpine-linux-musl/bin/ld: warning: dbd/postgresql.so has a LOAD segment with RWX permissions
make: Leaving directory '/home/packager/aports/main/lua-dbi/src/luadbi-0.7.4-5.3'
make: Entering directory '/home/packager/aports/main/lua-dbi/src/luadbi-0.7.4-5.3'
gcc -c -o build/dbd_sqlite3_main.o dbd/sqlite3/main.c -I/usr/include/lua5.3 -g -pedantic -Wall -O2 -shared -fPIC -DPIC -std=c99 -Os -fstack-clash-protection -Wformat -Werror=format-security -fno-plt -I. -shared -Wl,--as-needed,-O1,--sort-common -Wl,-z,pack-relative-relocs -I/usr/include -lsqlite3
gcc -c -o build/dbd_sqlite3_connection.o dbd/sqlite3/connection.c -I/usr/include/lua5.3 -g -pedantic -Wall -O2 -shared -fPIC -DPIC -std=c99 -Os -fstack-clash-protection -Wformat -Werror=format-security -fno-plt -I. -shared -Wl,--as-needed,-O1,--sort-common -Wl,-z,pack-relative-relocs -I/usr/include -lsqlite3
gcc -c -o build/dbd_sqlite3_statement.o dbd/sqlite3/statement.c -I/usr/include/lua5.3 -g -pedantic -Wall -O2 -shared -fPIC -DPIC -std=c99 -Os -fstack-clash-protection -Wformat -Werror=format-security -fno-plt -I. -shared -Wl,--as-needed,-O1,--sort-common -Wl,-z,pack-relative-relocs -I/usr/include -lsqlite3
gcc build/dbd_common.o build/dbd_sqlite3_main.o build/dbd_sqlite3_connection.o build/dbd_sqlite3_statement.o -o dbd/sqlite3.so -I/usr/include/lua5.3 -g -pedantic -Wall -O2 -shared -fPIC -DPIC -std=c99 -Os -fstack-clash-protection -Wformat -Werror=format-security -fno-plt -I. -shared -Wl,--as-needed,-O1,--sort-common -Wl,-z,pack-relative-relocs -I/usr/include -lsqlite3
/usr/lib/gcc/x86_64-alpine-linux-musl/14.2.0/../../../../x86_64-alpine-linux-musl/bin/ld: warning: dbd/sqlite3.so has a LOAD segment with RWX permissions
make: Leaving directory '/home/packager/aports/main/lua-dbi/src/luadbi-0.7.4-5.3'
>>> lua-dbi: Building for Lua 5.4...
make: Entering directory '/home/packager/aports/main/lua-dbi/src/luadbi-0.7.4-5.4'
mkdir -p build
gcc -c -o build/dbd_common.o dbd/common.c -I/usr/include/lua5.4 -g -pedantic -Wall -O2 -shared -fPIC -DPIC -std=c99 -Os -fstack-clash-protection -Wformat -Werror=format-security -fno-plt -I.
gcc -c -o build/dbd_mysql_main.o dbd/mysql/main.c -I/usr/include/lua5.4 -g -pedantic -Wall -O2 -shared -fPIC -DPIC -std=c99 -Os -fstack-clash-protection -Wformat -Werror=format-security -fno-plt -I. -shared -Wl,--as-needed,-O1,--sort-common -Wl,-z,pack-relative-relocs -I/usr/include/mysql -lmysqlclient
gcc -c -o build/dbd_mysql_connection.o dbd/mysql/connection.c -I/usr/include/lua5.4 -g -pedantic -Wall -O2 -shared -fPIC -DPIC -std=c99 -Os -fstack-clash-protection -Wformat -Werror=format-security -fno-plt -I. -shared -Wl,--as-needed,-O1,--sort-common -Wl,-z,pack-relative-relocs -I/usr/include/mysql -lmysqlclient
gcc -c -o build/dbd_mysql_statement.o dbd/mysql/statement.c -I/usr/include/lua5.4 -g -pedantic -Wall -O2 -shared -fPIC -DPIC -std=c99 -Os -fstack-clash-protection -Wformat -Werror=format-security -fno-plt -I. -shared -Wl,--as-needed,-O1,--sort-common -Wl,-z,pack-relative-relocs -I/usr/include/mysql -lmysqlclient
dbd/mysql/statement.c: In function 'statement_execute':
dbd/mysql/statement.c:309:17: warning: dangling pointer 'errstr' to 'err' may be used [-Wdangling-pointer=]
  309 |                 lua_pushfstring(L, error_message, errstr ? errstr : mysql_stmt_error(statement->stmt));
      |                 ^~~~~~~~~~~~~~~~~~~~~~~~~~~~~~~~~~~~~~~~~~~~~~~~~~~~~~~~~~~~~~~~~~~~~~~~~~~~~~~~~~~~~~
dbd/mysql/statement.c:217:22: note: 'err' declared here
  217 |                 char err[64];
      |                      ^~~
gcc build/dbd_common.o build/dbd_mysql_main.o build/dbd_mysql_connection.o build/dbd_mysql_statement.o -o dbd/mysql.so -I/usr/include/lua5.4 -g -pedantic -Wall -O2 -shared -fPIC -DPIC -std=c99 -Os -fstack-clash-protection -Wformat -Werror=format-security -fno-plt -I. -shared -Wl,--as-needed,-O1,--sort-common -Wl,-z,pack-relative-relocs -I/usr/include/mysql -lmysqlclient
/usr/lib/gcc/x86_64-alpine-linux-musl/14.2.0/../../../../x86_64-alpine-linux-musl/bin/ld: warning: dbd/mysql.so has a LOAD segment with RWX permissions
make: Leaving directory '/home/packager/aports/main/lua-dbi/src/luadbi-0.7.4-5.4'
make: Entering directory '/home/packager/aports/main/lua-dbi/src/luadbi-0.7.4-5.4'
gcc -c -o build/dbd_postgresql_main.o dbd/postgresql/main.c -I/usr/include/lua5.4 -g -pedantic -Wall -O2 -shared -fPIC -DPIC -std=c99 -Os -fstack-clash-protection -Wformat -Werror=format-security -fno-plt -I. -shared -Wl,--as-needed,-O1,--sort-common -Wl,-z,pack-relative-relocs -I/usr/include/postgresql -lpq
gcc -c -o build/dbd_postgresql_connection.o dbd/postgresql/connection.c -I/usr/include/lua5.4 -g -pedantic -Wall -O2 -shared -fPIC -DPIC -std=c99 -Os -fstack-clash-protection -Wformat -Werror=format-security -fno-plt -I. -shared -Wl,--as-needed,-O1,--sort-common -Wl,-z,pack-relative-relocs -I/usr/include/postgresql -lpq
gcc -c -o build/dbd_postgresql_statement.o dbd/postgresql/statement.c -I/usr/include/lua5.4 -g -pedantic -Wall -O2 -shared -fPIC -DPIC -std=c99 -Os -fstack-clash-protection -Wformat -Werror=format-security -fno-plt -I. -shared -Wl,--as-needed,-O1,--sort-common -Wl,-z,pack-relative-relocs -I/usr/include/postgresql -lpq
dbd/postgresql/statement.c: In function 'statement_execute':
dbd/postgresql/statement.c:205:17: warning: dangling pointer 'errstr' to 'err' may be used [-Wdangling-pointer=]
  205 |                 lua_pushfstring(L, DBI_ERR_BINDING_PARAMS, errstr);
      |                 ^~~~~~~~~~~~~~~~~~~~~~~~~~~~~~~~~~~~~~~~~~~~~~~~~~
dbd/postgresql/statement.c:163:22: note: 'err' declared here
  163 |                 char err[64];
      |                      ^~~
gcc build/dbd_common.o build/dbd_postgresql_main.o build/dbd_postgresql_connection.o build/dbd_postgresql_statement.o -o dbd/postgresql.so -I/usr/include/lua5.4 -g -pedantic -Wall -O2 -shared -fPIC -DPIC -std=c99 -Os -fstack-clash-protection -Wformat -Werror=format-security -fno-plt -I. -shared -Wl,--as-needed,-O1,--sort-common -Wl,-z,pack-relative-relocs -I/usr/include/postgresql -lpq
/usr/lib/gcc/x86_64-alpine-linux-musl/14.2.0/../../../../x86_64-alpine-linux-musl/bin/ld: warning: dbd/postgresql.so has a LOAD segment with RWX permissions
make: Leaving directory '/home/packager/aports/main/lua-dbi/src/luadbi-0.7.4-5.4'
make: Entering directory '/home/packager/aports/main/lua-dbi/src/luadbi-0.7.4-5.4'
gcc -c -o build/dbd_sqlite3_main.o dbd/sqlite3/main.c -I/usr/include/lua5.4 -g -pedantic -Wall -O2 -shared -fPIC -DPIC -std=c99 -Os -fstack-clash-protection -Wformat -Werror=format-security -fno-plt -I. -shared -Wl,--as-needed,-O1,--sort-common -Wl,-z,pack-relative-relocs -I/usr/include -lsqlite3
gcc -c -o build/dbd_sqlite3_connection.o dbd/sqlite3/connection.c -I/usr/include/lua5.4 -g -pedantic -Wall -O2 -shared -fPIC -DPIC -std=c99 -Os -fstack-clash-protection -Wformat -Werror=format-security -fno-plt -I. -shared -Wl,--as-needed,-O1,--sort-common -Wl,-z,pack-relative-relocs -I/usr/include -lsqlite3
gcc -c -o build/dbd_sqlite3_statement.o dbd/sqlite3/statement.c -I/usr/include/lua5.4 -g -pedantic -Wall -O2 -shared -fPIC -DPIC -std=c99 -Os -fstack-clash-protection -Wformat -Werror=format-security -fno-plt -I. -shared -Wl,--as-needed,-O1,--sort-common -Wl,-z,pack-relative-relocs -I/usr/include -lsqlite3
gcc build/dbd_common.o build/dbd_sqlite3_main.o build/dbd_sqlite3_connection.o build/dbd_sqlite3_statement.o -o dbd/sqlite3.so -I/usr/include/lua5.4 -g -pedantic -Wall -O2 -shared -fPIC -DPIC -std=c99 -Os -fstack-clash-protection -Wformat -Werror=format-security -fno-plt -I. -shared -Wl,--as-needed,-O1,--sort-common -Wl,-z,pack-relative-relocs -I/usr/include -lsqlite3
/usr/lib/gcc/x86_64-alpine-linux-musl/14.2.0/../../../../x86_64-alpine-linux-musl/bin/ld: warning: dbd/sqlite3.so has a LOAD segment with RWX permissions
make: Leaving directory '/home/packager/aports/main/lua-dbi/src/luadbi-0.7.4-5.4'
>>> lua-dbi: Entering fakeroot...
>>> lua5.1-dbi-mysql*: Running split function _subpackage...
gcc build/dbd_common.o build/dbd_mysql_main.o build/dbd_mysql_connection.o build/dbd_mysql_statement.o -o dbd/mysql.so -I/usr/include/lua5.1 -g -pedantic -Wall -O2 -shared -fPIC -DPIC -std=c99 -Os -fstack-clash-protection -Wformat -Werror=format-security -fno-plt -I. -shared -Wl,--as-needed,-O1,--sort-common -Wl,-z,pack-relative-relocs -I/usr/include/mysql -lmysqlclient
install -m 644 -D DBI.lua /home/packager/aports/main/lua-dbi/pkg/lua5.1-dbi-mysql/usr/share/lua/5.1/DBI.lua
/usr/lib/gcc/x86_64-alpine-linux-musl/14.2.0/../../../../x86_64-alpine-linux-musl/bin/ld: warning: dbd/mysql.so has a LOAD segment with RWX permissions
install -D dbd/mysql.so /home/packager/aports/main/lua-dbi/pkg/lua5.1-dbi-mysql/usr/lib/lua/5.1/dbd/mysql.so
>>> lua5.1-dbi-mysql*: Preparing subpackage lua5.1-dbi-mysql...
>>> lua5.1-dbi-mysql*: Stripping binaries
>>> lua5.1-dbi-mysql*: Running postcheck for lua5.1-dbi-mysql
>>> lua5.1-dbi-postgresql*: Running split function _subpackage...
gcc build/dbd_common.o build/dbd_postgresql_main.o build/dbd_postgresql_connection.o build/dbd_postgresql_statement.o -o dbd/postgresql.so -I/usr/include/lua5.1 -g -pedantic -Wall -O2 -shared -fPIC -DPIC -std=c99 -Os -fstack-clash-protection -Wformat -Werror=format-security -fno-plt -I. -shared -Wl,--as-needed,-O1,--sort-common -Wl,-z,pack-relative-relocs -I/usr/include/postgresql -lpq
install -m 644 -D DBI.lua /home/packager/aports/main/lua-dbi/pkg/lua5.1-dbi-postgresql/usr/share/lua/5.1/DBI.lua
/usr/lib/gcc/x86_64-alpine-linux-musl/14.2.0/../../../../x86_64-alpine-linux-musl/bin/ld: warning: dbd/postgresql.so has a LOAD segment with RWX permissions
install -D dbd/postgresql.so /home/packager/aports/main/lua-dbi/pkg/lua5.1-dbi-postgresql/usr/lib/lua/5.1/dbd/postgresql.so
>>> lua5.1-dbi-postgresql*: Preparing subpackage lua5.1-dbi-postgresql...
>>> lua5.1-dbi-postgresql*: Stripping binaries
libfakeroot internal error: payload not recognized!
>>> lua5.1-dbi-postgresql*: Running postcheck for lua5.1-dbi-postgresql
>>> lua5.1-dbi-sqlite3*: Running split function _subpackage...
gcc build/dbd_common.o build/dbd_sqlite3_main.o build/dbd_sqlite3_connection.o build/dbd_sqlite3_statement.o -o dbd/sqlite3.so -I/usr/include/lua5.1 -g -pedantic -Wall -O2 -shared -fPIC -DPIC -std=c99 -Os -fstack-clash-protection -Wformat -Werror=format-security -fno-plt -I. -shared -Wl,--as-needed,-O1,--sort-common -Wl,-z,pack-relative-relocs -I/usr/include -lsqlite3
install -m 644 -D DBI.lua /home/packager/aports/main/lua-dbi/pkg/lua5.1-dbi-sqlite3/usr/share/lua/5.1/DBI.lua
/usr/lib/gcc/x86_64-alpine-linux-musl/14.2.0/../../../../x86_64-alpine-linux-musl/bin/ld: warning: dbd/sqlite3.so has a LOAD segment with RWX permissions
install -D dbd/sqlite3.so /home/packager/aports/main/lua-dbi/pkg/lua5.1-dbi-sqlite3/usr/lib/lua/5.1/dbd/sqlite3.so
>>> lua5.1-dbi-sqlite3*: Preparing subpackage lua5.1-dbi-sqlite3...
>>> lua5.1-dbi-sqlite3*: Stripping binaries
libfakeroot internal error: payload not recognized!
>>> lua5.1-dbi-sqlite3*: Running postcheck for lua5.1-dbi-sqlite3
>>> lua5.2-dbi-mysql*: Running split function _subpackage...
gcc build/dbd_common.o build/dbd_mysql_main.o build/dbd_mysql_connection.o build/dbd_mysql_statement.o -o dbd/mysql.so -I/usr/include/lua5.2 -g -pedantic -Wall -O2 -shared -fPIC -DPIC -std=c99 -Os -fstack-clash-protection -Wformat -Werror=format-security -fno-plt -I. -shared -Wl,--as-needed,-O1,--sort-common -Wl,-z,pack-relative-relocs -I/usr/include/mysql -lmysqlclient
install -m 644 -D DBI.lua /home/packager/aports/main/lua-dbi/pkg/lua5.2-dbi-mysql/usr/share/lua/5.2/DBI.lua
/usr/lib/gcc/x86_64-alpine-linux-musl/14.2.0/../../../../x86_64-alpine-linux-musl/bin/ld: warning: dbd/mysql.so has a LOAD segment with RWX permissions
install -D dbd/mysql.so /home/packager/aports/main/lua-dbi/pkg/lua5.2-dbi-mysql/usr/lib/lua/5.2/dbd/mysql.so
>>> lua5.2-dbi-mysql*: Preparing subpackage lua5.2-dbi-mysql...
>>> lua5.2-dbi-mysql*: Stripping binaries
>>> lua5.2-dbi-mysql*: Running postcheck for lua5.2-dbi-mysql
>>> lua5.2-dbi-postgresql*: Running split function _subpackage...
gcc build/dbd_common.o build/dbd_postgresql_main.o build/dbd_postgresql_connection.o build/dbd_postgresql_statement.o -o dbd/postgresql.so -I/usr/include/lua5.2 -g -pedantic -Wall -O2 -shared -fPIC -DPIC -std=c99 -Os -fstack-clash-protection -Wformat -Werror=format-security -fno-plt -I. -shared -Wl,--as-needed,-O1,--sort-common -Wl,-z,pack-relative-relocs -I/usr/include/postgresql -lpq
install -m 644 -D DBI.lua /home/packager/aports/main/lua-dbi/pkg/lua5.2-dbi-postgresql/usr/share/lua/5.2/DBI.lua
/usr/lib/gcc/x86_64-alpine-linux-musl/14.2.0/../../../../x86_64-alpine-linux-musl/bin/ld: warning: dbd/postgresql.so has a LOAD segment with RWX permissions
install -D dbd/postgresql.so /home/packager/aports/main/lua-dbi/pkg/lua5.2-dbi-postgresql/usr/lib/lua/5.2/dbd/postgresql.so
>>> lua5.2-dbi-postgresql*: Preparing subpackage lua5.2-dbi-postgresql...
>>> lua5.2-dbi-postgresql*: Stripping binaries
>>> lua5.2-dbi-postgresql*: Running postcheck for lua5.2-dbi-postgresql
>>> lua5.2-dbi-sqlite3*: Running split function _subpackage...
gcc build/dbd_common.o build/dbd_sqlite3_main.o build/dbd_sqlite3_connection.o build/dbd_sqlite3_statement.o -o dbd/sqlite3.so -I/usr/include/lua5.2 -g -pedantic -Wall -O2 -shared -fPIC -DPIC -std=c99 -Os -fstack-clash-protection -Wformat -Werror=format-security -fno-plt -I. -shared -Wl,--as-needed,-O1,--sort-common -Wl,-z,pack-relative-relocs -I/usr/include -lsqlite3
install -m 644 -D DBI.lua /home/packager/aports/main/lua-dbi/pkg/lua5.2-dbi-sqlite3/usr/share/lua/5.2/DBI.lua
/usr/lib/gcc/x86_64-alpine-linux-musl/14.2.0/../../../../x86_64-alpine-linux-musl/bin/ld: warning: dbd/sqlite3.so has a LOAD segment with RWX permissions
install -D dbd/sqlite3.so /home/packager/aports/main/lua-dbi/pkg/lua5.2-dbi-sqlite3/usr/lib/lua/5.2/dbd/sqlite3.so
>>> lua5.2-dbi-sqlite3*: Preparing subpackage lua5.2-dbi-sqlite3...
>>> lua5.2-dbi-sqlite3*: Stripping binaries
>>> lua5.2-dbi-sqlite3*: Running postcheck for lua5.2-dbi-sqlite3
>>> lua5.3-dbi-mysql*: Running split function _subpackage...
gcc build/dbd_common.o build/dbd_mysql_main.o build/dbd_mysql_connection.o build/dbd_mysql_statement.o -o dbd/mysql.so -I/usr/include/lua5.3 -g -pedantic -Wall -O2 -shared -fPIC -DPIC -std=c99 -Os -fstack-clash-protection -Wformat -Werror=format-security -fno-plt -I. -shared -Wl,--as-needed,-O1,--sort-common -Wl,-z,pack-relative-relocs -I/usr/include/mysql -lmysqlclient
install -m 644 -D DBI.lua /home/packager/aports/main/lua-dbi/pkg/lua5.3-dbi-mysql/usr/share/lua/5.3/DBI.lua
/usr/lib/gcc/x86_64-alpine-linux-musl/14.2.0/../../../../x86_64-alpine-linux-musl/bin/ld: warning: dbd/mysql.so has a LOAD segment with RWX permissions
install -D dbd/mysql.so /home/packager/aports/main/lua-dbi/pkg/lua5.3-dbi-mysql/usr/lib/lua/5.3/dbd/mysql.so
>>> lua5.3-dbi-mysql*: Preparing subpackage lua5.3-dbi-mysql...
>>> lua5.3-dbi-mysql*: Stripping binaries
libfakeroot internal error: payload not recognized!
>>> lua5.3-dbi-mysql*: Running postcheck for lua5.3-dbi-mysql
>>> lua5.3-dbi-postgresql*: Running split function _subpackage...
gcc build/dbd_common.o build/dbd_postgresql_main.o build/dbd_postgresql_connection.o build/dbd_postgresql_statement.o -o dbd/postgresql.so -I/usr/include/lua5.3 -g -pedantic -Wall -O2 -shared -fPIC -DPIC -std=c99 -Os -fstack-clash-protection -Wformat -Werror=format-security -fno-plt -I. -shared -Wl,--as-needed,-O1,--sort-common -Wl,-z,pack-relative-relocs -I/usr/include/postgresql -lpq
install -m 644 -D DBI.lua /home/packager/aports/main/lua-dbi/pkg/lua5.3-dbi-postgresql/usr/share/lua/5.3/DBI.lua
/usr/lib/gcc/x86_64-alpine-linux-musl/14.2.0/../../../../x86_64-alpine-linux-musl/bin/ld: warning: dbd/postgresql.so has a LOAD segment with RWX permissions
install -D dbd/postgresql.so /home/packager/aports/main/lua-dbi/pkg/lua5.3-dbi-postgresql/usr/lib/lua/5.3/dbd/postgresql.so
>>> lua5.3-dbi-postgresql*: Preparing subpackage lua5.3-dbi-postgresql...
>>> lua5.3-dbi-postgresql*: Stripping binaries
>>> lua5.3-dbi-postgresql*: Running postcheck for lua5.3-dbi-postgresql
>>> lua5.3-dbi-sqlite3*: Running split function _subpackage...
gcc build/dbd_common.o build/dbd_sqlite3_main.o build/dbd_sqlite3_connection.o build/dbd_sqlite3_statement.o -o dbd/sqlite3.so -I/usr/include/lua5.3 -g -pedantic -Wall -O2 -shared -fPIC -DPIC -std=c99 -Os -fstack-clash-protection -Wformat -Werror=format-security -fno-plt -I. -shared -Wl,--as-needed,-O1,--sort-common -Wl,-z,pack-relative-relocs -I/usr/include -lsqlite3
install -m 644 -D DBI.lua /home/packager/aports/main/lua-dbi/pkg/lua5.3-dbi-sqlite3/usr/share/lua/5.3/DBI.lua
/usr/lib/gcc/x86_64-alpine-linux-musl/14.2.0/../../../../x86_64-alpine-linux-musl/bin/ld: warning: dbd/sqlite3.so has a LOAD segment with RWX permissions
install -D dbd/sqlite3.so /home/packager/aports/main/lua-dbi/pkg/lua5.3-dbi-sqlite3/usr/lib/lua/5.3/dbd/sqlite3.so
>>> lua5.3-dbi-sqlite3*: Preparing subpackage lua5.3-dbi-sqlite3...
>>> lua5.3-dbi-sqlite3*: Stripping binaries
>>> lua5.3-dbi-sqlite3*: Running postcheck for lua5.3-dbi-sqlite3
>>> lua5.4-dbi-mysql*: Running split function _subpackage...
gcc build/dbd_common.o build/dbd_mysql_main.o build/dbd_mysql_connection.o build/dbd_mysql_statement.o -o dbd/mysql.so -I/usr/include/lua5.4 -g -pedantic -Wall -O2 -shared -fPIC -DPIC -std=c99 -Os -fstack-clash-protection -Wformat -Werror=format-security -fno-plt -I. -shared -Wl,--as-needed,-O1,--sort-common -Wl,-z,pack-relative-relocs -I/usr/include/mysql -lmysqlclient
install -m 644 -D DBI.lua /home/packager/aports/main/lua-dbi/pkg/lua5.4-dbi-mysql/usr/share/lua/5.4/DBI.lua
/usr/lib/gcc/x86_64-alpine-linux-musl/14.2.0/../../../../x86_64-alpine-linux-musl/bin/ld: warning: dbd/mysql.so has a LOAD segment with RWX permissions
install -D dbd/mysql.so /home/packager/aports/main/lua-dbi/pkg/lua5.4-dbi-mysql/usr/lib/lua/5.4/dbd/mysql.so
>>> lua5.4-dbi-mysql*: Preparing subpackage lua5.4-dbi-mysql...
>>> lua5.4-dbi-mysql*: Stripping binaries
>>> lua5.4-dbi-mysql*: Running postcheck for lua5.4-dbi-mysql
>>> lua5.4-dbi-postgresql*: Running split function _subpackage...
gcc build/dbd_common.o build/dbd_postgresql_main.o build/dbd_postgresql_connection.o build/dbd_postgresql_statement.o -o dbd/postgresql.so -I/usr/include/lua5.4 -g -pedantic -Wall -O2 -shared -fPIC -DPIC -std=c99 -Os -fstack-clash-protection -Wformat -Werror=format-security -fno-plt -I. -shared -Wl,--as-needed,-O1,--sort-common -Wl,-z,pack-relative-relocs -I/usr/include/postgresql -lpq
install -m 644 -D DBI.lua /home/packager/aports/main/lua-dbi/pkg/lua5.4-dbi-postgresql/usr/share/lua/5.4/DBI.lua
/usr/lib/gcc/x86_64-alpine-linux-musl/14.2.0/../../../../x86_64-alpine-linux-musl/bin/ld: warning: dbd/postgresql.so has a LOAD segment with RWX permissions
install -D dbd/postgresql.so /home/packager/aports/main/lua-dbi/pkg/lua5.4-dbi-postgresql/usr/lib/lua/5.4/dbd/postgresql.so
>>> lua5.4-dbi-postgresql*: Preparing subpackage lua5.4-dbi-postgresql...
>>> lua5.4-dbi-postgresql*: Stripping binaries
libfakeroot internal error: payload not recognized!
>>> lua5.4-dbi-postgresql*: Running postcheck for lua5.4-dbi-postgresql
>>> lua5.4-dbi-sqlite3*: Running split function _subpackage...
gcc build/dbd_common.o build/dbd_sqlite3_main.o build/dbd_sqlite3_connection.o build/dbd_sqlite3_statement.o -o dbd/sqlite3.so -I/usr/include/lua5.4 -g -pedantic -Wall -O2 -shared -fPIC -DPIC -std=c99 -Os -fstack-clash-protection -Wformat -Werror=format-security -fno-plt -I. -shared -Wl,--as-needed,-O1,--sort-common -Wl,-z,pack-relative-relocs -I/usr/include -lsqlite3
install -m 644 -D DBI.lua /home/packager/aports/main/lua-dbi/pkg/lua5.4-dbi-sqlite3/usr/share/lua/5.4/DBI.lua
/usr/lib/gcc/x86_64-alpine-linux-musl/14.2.0/../../../../x86_64-alpine-linux-musl/bin/ld: warning: dbd/sqlite3.so has a LOAD segment with RWX permissions
install -D dbd/sqlite3.so /home/packager/aports/main/lua-dbi/pkg/lua5.4-dbi-sqlite3/usr/lib/lua/5.4/dbd/sqlite3.so
>>> lua5.4-dbi-sqlite3*: Preparing subpackage lua5.4-dbi-sqlite3...
>>> lua5.4-dbi-sqlite3*: Stripping binaries
>>> lua5.4-dbi-sqlite3*: Running postcheck for lua5.4-dbi-sqlite3
>>> lua-dbi*: Running postcheck for lua-dbi
>>> lua-dbi*: Preparing package lua-dbi...
>>> lua-dbi*: Stripping binaries
>>> WARNING: lua-dbi*: No arch specific binaries found so arch should probably be set to "noarch"
>>> lua-dbi*: Scanning shared objects
>>> lua5.1-dbi-mysql*: Scanning shared objects
>>> lua5.1-dbi-postgresql*: Scanning shared objects
>>> lua5.1-dbi-sqlite3*: Scanning shared objects
libfakeroot internal error: payload not recognized!
>>> lua5.2-dbi-mysql*: Scanning shared objects
>>> lua5.2-dbi-postgresql*: Scanning shared objects
>>> lua5.2-dbi-sqlite3*: Scanning shared objects
libfakeroot internal error: payload not recognized!
>>> lua5.3-dbi-mysql*: Scanning shared objects
>>> lua5.3-dbi-postgresql*: Scanning shared objects
>>> lua5.3-dbi-sqlite3*: Scanning shared objects
>>> lua5.4-dbi-mysql*: Scanning shared objects
>>> lua5.4-dbi-postgresql*: Scanning shared objects
>>> lua5.4-dbi-sqlite3*: Scanning shared objects
>>> lua-dbi*: Tracing dependencies...
>>> lua-dbi*: Package size: 0.0 
>>> lua-dbi*: Compressing data...
>>> lua-dbi*: Create checksum...
pigz: not found
>>> lua-dbi*: Create lua-dbi-0.7.4-r0.apk
>>> lua5.1-dbi-mysql*: Tracing dependencies...
	lua5.1
	so:libc.musl-x86_64.so.1
	so:libmariadb.so.3
>>> lua5.1-dbi-mysql*: Package size: 22.1 KB
>>> lua5.1-dbi-mysql*: Compressing data...
>>> lua5.1-dbi-mysql*: Create checksum...
pigz: not found
>>> lua5.1-dbi-mysql*: Create lua5.1-dbi-mysql-0.7.4-r0.apk
>>> lua5.1-dbi-postgresql*: Tracing dependencies...
	lua5.1
	so:libc.musl-x86_64.so.1
	so:libpq.so.5
>>> lua5.1-dbi-postgresql*: Package size: 20.4 KB
>>> lua5.1-dbi-postgresql*: Compressing data...
>>> lua5.1-dbi-postgresql*: Create checksum...
pigz: not found
>>> lua5.1-dbi-postgresql*: Create lua5.1-dbi-postgresql-0.7.4-r0.apk
>>> lua5.1-dbi-sqlite3*: Tracing dependencies...
	lua5.1
	so:libc.musl-x86_64.so.1
	so:libsqlite3.so.0
>>> lua5.1-dbi-sqlite3*: Package size: 20.3 KB
>>> lua5.1-dbi-sqlite3*: Compressing data...
>>> lua5.1-dbi-sqlite3*: Create checksum...
libfakeroot internal error: payload not recognized!
pigz: not found
>>> lua5.1-dbi-sqlite3*: Create lua5.1-dbi-sqlite3-0.7.4-r0.apk
>>> lua5.2-dbi-mysql*: Tracing dependencies...
	lua5.2
	so:libc.musl-x86_64.so.1
	so:libmariadb.so.3
>>> lua5.2-dbi-mysql*: Package size: 22.1 KB
>>> lua5.2-dbi-mysql*: Compressing data...
>>> lua5.2-dbi-mysql*: Create checksum...
libfakeroot internal error: payload not recognized!
pigz: not found
>>> lua5.2-dbi-mysql*: Create lua5.2-dbi-mysql-0.7.4-r0.apk
>>> lua5.2-dbi-postgresql*: Tracing dependencies...
	lua5.2
	so:libc.musl-x86_64.so.1
	so:libpq.so.5
>>> lua5.2-dbi-postgresql*: Package size: 20.4 KB
>>> lua5.2-dbi-postgresql*: Compressing data...
>>> lua5.2-dbi-postgresql*: Create checksum...
pigz: not found
>>> lua5.2-dbi-postgresql*: Create lua5.2-dbi-postgresql-0.7.4-r0.apk
>>> lua5.2-dbi-sqlite3*: Tracing dependencies...
	lua5.2
	so:libc.musl-x86_64.so.1
	so:libsqlite3.so.0
>>> lua5.2-dbi-sqlite3*: Package size: 20.3 KB
>>> lua5.2-dbi-sqlite3*: Compressing data...
>>> lua5.2-dbi-sqlite3*: Create checksum...
pigz: not found
>>> lua5.2-dbi-sqlite3*: Create lua5.2-dbi-sqlite3-0.7.4-r0.apk
>>> lua5.3-dbi-mysql*: Tracing dependencies...
	lua5.3
	so:libc.musl-x86_64.so.1
	so:libmariadb.so.3
>>> lua5.3-dbi-mysql*: Package size: 22.3 KB
>>> lua5.3-dbi-mysql*: Compressing data...
>>> lua5.3-dbi-mysql*: Create checksum...
pigz: not found
>>> lua5.3-dbi-mysql*: Create lua5.3-dbi-mysql-0.7.4-r0.apk
>>> lua5.3-dbi-postgresql*: Tracing dependencies...
	lua5.3
	so:libc.musl-x86_64.so.1
	so:libpq.so.5
>>> lua5.3-dbi-postgresql*: Package size: 20.4 KB
>>> lua5.3-dbi-postgresql*: Compressing data...
>>> lua5.3-dbi-postgresql*: Create checksum...
pigz: not found
>>> lua5.3-dbi-postgresql*: Create lua5.3-dbi-postgresql-0.7.4-r0.apk
>>> lua5.3-dbi-sqlite3*: Tracing dependencies...
	lua5.3
	so:libc.musl-x86_64.so.1
	so:libsqlite3.so.0
>>> lua5.3-dbi-sqlite3*: Package size: 20.5 KB
>>> lua5.3-dbi-sqlite3*: Compressing data...
>>> lua5.3-dbi-sqlite3*: Create checksum...
pigz: not found
>>> lua5.3-dbi-sqlite3*: Create lua5.3-dbi-sqlite3-0.7.4-r0.apk
>>> lua5.4-dbi-mysql*: Tracing dependencies...
	lua5.4
	so:libc.musl-x86_64.so.1
	so:libmariadb.so.3
>>> lua5.4-dbi-mysql*: Package size: 22.3 KB
>>> lua5.4-dbi-mysql*: Compressing data...
>>> lua5.4-dbi-mysql*: Create checksum...
pigz: not found
>>> lua5.4-dbi-mysql*: Create lua5.4-dbi-mysql-0.7.4-r0.apk
>>> lua5.4-dbi-postgresql*: Tracing dependencies...
	lua5.4
	so:libc.musl-x86_64.so.1
	so:libpq.so.5
>>> lua5.4-dbi-postgresql*: Package size: 20.4 KB
>>> lua5.4-dbi-postgresql*: Compressing data...
>>> lua5.4-dbi-postgresql*: Create checksum...
pigz: not found
>>> lua5.4-dbi-postgresql*: Create lua5.4-dbi-postgresql-0.7.4-r0.apk
>>> lua5.4-dbi-sqlite3*: Tracing dependencies...
	lua5.4
	so:libc.musl-x86_64.so.1
	so:libsqlite3.so.0
>>> lua5.4-dbi-sqlite3*: Package size: 20.5 KB
>>> lua5.4-dbi-sqlite3*: Compressing data...
>>> lua5.4-dbi-sqlite3*: Create checksum...
libfakeroot internal error: payload not recognized!
pigz: not found
>>> lua5.4-dbi-sqlite3*: Create lua5.4-dbi-sqlite3-0.7.4-r0.apk
>>> lua-dbi: Build complete at Fri, 23 May 2025 02:43:13 +0000 elapsed time 0h 0m 38s
>>> lua-dbi: Cleaning up srcdir
>>> lua-dbi: Cleaning up pkgdir
>>> lua-dbi: Uninstalling dependencies...
(1/20) Purging .makedepends-lua-dbi (20250523.024238)
(2/20) Purging mariadb-connector-c-dev (3.3.10-r0)
(3/20) Purging mariadb-connector-c (3.3.10-r0)
(4/20) Purging libpq-dev (17.5-r0)
(5/20) Purging libpq (17.5-r0)
(6/20) Purging sqlite-dev (3.49.2-r0)
(7/20) Purging sqlite (3.49.2-r0)
(8/20) Purging sqlite-libs (3.49.2-r0)
(9/20) Purging lua5.1-dev (5.1.5-r13)
(10/20) Purging lua5.1 (5.1.5-r13)
(11/20) Purging lua5.1-libs (5.1.5-r13)
(12/20) Purging lua5.2-dev (5.2.4-r13)
(13/20) Purging lua5.2 (5.2.4-r13)
(14/20) Purging lua5.2-libs (5.2.4-r13)
(15/20) Purging lua5.3-dev (5.3.6-r6)
(16/20) Purging lua5.3 (5.3.6-r6)
(17/20) Purging lua5.3-libs (5.3.6-r6)
(18/20) Purging lua5.4-dev (5.4.7-r0)
(19/20) Purging linenoise (1.0-r5)
(20/20) Purging openssl-dev (3.5.0-r0)
Executing busybox-1.37.0-r12.trigger
OK: 313 MiB in 114 packages
>>> lua-dbi: Updating the main/x86_64 repository index...
>>> lua-dbi: Signing the index...
pigz: not found
