>>> py3-ptyprocess: Validating /home/packager/oily-pine/main/py3-ptyprocess/APKBUILD...
>>> py3-ptyprocess: Cleaning up srcdir
>>> py3-ptyprocess: Cleaning up pkgdir
>>> py3-ptyprocess: Cleaning up tmpdir
>>> py3-ptyprocess: Fetching https://files.pythonhosted.org/packages/source/p/ptyprocess/ptyprocess-0.7.0.tar.gz
  % Total    % Received % Xferd  Average Speed   Time    Time     Time  Current
                                 Dload  Upload   Total   Spent    Left  Speed
  0     0    0     0    0     0      0      0 --:--:-- --:--:-- --:--:--     0  0     0    0     0    0     0      0      0 --:--:-- --:--:-- --:--:--     0
100 70762  100 70762    0     0  1025k      0 --:--:-- --:--:-- --:--:-- 1025k
>>> py3-ptyprocess: Fetching https://files.pythonhosted.org/packages/source/p/ptyprocess/ptyprocess-0.7.0.tar.gz
>>> py3-ptyprocess: Checking sha512sums...
ptyprocess-0.7.0.tar.gz: OK
>>> py3-ptyprocess: Preparing build chroot...
fetch http://dl-cdn.alpinelinux.org/alpine/edge/main/x86_64/APKINDEX.tar.gz
(1/89) Installing musl (1.2.5-r10)
(2/89) Installing libcrypto3 (3.5.0-r0)
(3/89) Installing ca-certificates-bundle (20241121-r2)
(4/89) Installing libssl3 (3.5.0-r0)
(5/89) Installing zlib (1.3.1-r2)
(6/89) Installing libapk2 (2.14.9-r2)
(7/89) Installing apk-tools (2.14.9-r2)
(8/89) Installing libcap2 (2.76-r0)
(9/89) Installing libcap-getcap (2.76-r0)
(10/89) Installing fakeroot (1.37.1.1-r0)
(11/89) Installing scanelf (1.3.8-r1)
(12/89) Installing musl-utils (1.2.5-r10)
(13/89) Installing libgcc (14.3.0-r1)
(14/89) Installing libstdc++ (14.3.0-r1)
(15/89) Installing lzip (1.25-r0)
(16/89) Installing openssl (3.5.0-r0)
(17/89) Installing patch (2.8-r0)
(18/89) Installing pkgconf (2.4.3-r0)
(19/89) Installing acl-libs (2.3.2-r1)
(20/89) Installing tar (1.35-r3)
(21/89) Installing busybox (1.37.0-r18)
Executing busybox-1.37.0-r18.post-install
(22/89) Installing ssl_client (1.37.0-r18)
(23/89) Installing busybox-binsh (1.37.0-r18)
(24/89) Installing abuild (3.15.0-r0)
Executing abuild-3.15.0-r0.pre-install
(25/89) Installing abuild-sudo (3.15.0-r0)
(26/89) Installing alpine-baselayout-data (3.7.0-r0)
(27/89) Installing alpine-baselayout (3.7.0-r0)
Executing alpine-baselayout-3.7.0-r0.pre-install
Executing alpine-baselayout-3.7.0-r0.post-install
(28/89) Installing bridge (1.5-r5)
(29/89) Installing ifupdown-ng (0.12.1-r7)
(30/89) Installing openrc-user (0.62.2-r2)
(31/89) Installing openrc (0.62.2-r2)
Executing openrc-0.62.2-r2.post-install
(32/89) Installing mdev-conf (4.8-r0)
(33/89) Installing busybox-mdev-openrc (1.37.0-r18)
(34/89) Installing alpine-conf (3.20.0-r0)
(35/89) Installing alpine-keys (2.5-r0)
(36/89) Installing alpine-release (3.22.0-r0)
(37/89) Installing busybox-openrc (1.37.0-r18)
(38/89) Installing busybox-suid (1.37.0-r18)
(39/89) Installing alpine-base (3.22.0-r0)
(40/89) Installing ncurses-terminfo-base (6.5_p20250503-r0)
(41/89) Installing libncursesw (6.5_p20250503-r0)
(42/89) Installing readline (8.2.13-r1)
(43/89) Installing bash (5.2.37-r0)
Executing bash-5.2.37-r0.post-install
(44/89) Installing jansson (2.14.1-r0)
(45/89) Installing zstd-libs (1.5.7-r0)
(46/89) Installing binutils (2.44-r0)
(47/89) Installing libmagic (5.46-r2)
(48/89) Installing file (5.46-r2)
(49/89) Installing libgomp (14.3.0-r1)
(50/89) Installing libatomic (14.3.0-r1)
(51/89) Installing gmp (6.3.0-r3)
(52/89) Installing isl26 (0.26-r1)
(53/89) Installing mpfr4 (4.2.1_p1-r0)
(54/89) Installing mpc1 (1.3.1-r1)
(55/89) Installing gcc (14.3.0-r1)
(56/89) Installing libstdc++-dev (14.3.0-r1)
(57/89) Installing musl-dev (1.2.5-r10)
(58/89) Installing g++ (14.3.0-r1)
(59/89) Installing make (4.4.1-r3)
(60/89) Installing fortify-headers (1.1-r5)
(61/89) Installing build-base (0.5-r3)
(62/89) Installing brotli-libs (1.1.0-r2)
(63/89) Installing c-ares (1.34.5-r0)
(64/89) Installing libunistring (1.3-r0)
(65/89) Installing libidn2 (2.3.7-r0)
(66/89) Installing nghttp2-libs (1.65.0-r0)
(67/89) Installing libpsl (0.21.5-r3)
(68/89) Installing libcurl (8.14.0-r2)
(69/89) Installing libexpat (2.7.1-r0)
(70/89) Installing pcre2 (10.43-r1)
(71/89) Installing git (2.49.0-r0)
(72/89) Installing git-init-template (2.49.0-r0)
(73/89) Installing libbz2 (1.0.8-r6)
(74/89) Installing libffi (3.4.8-r0)
(75/89) Installing gdbm (1.24-r0)
(76/89) Installing xz-libs (5.8.1-r0)
(77/89) Installing mpdecimal (4.0.1-r0)
(78/89) Installing libpanelw (6.5_p20250503-r0)
(79/89) Installing sqlite-libs (3.50.0-r0)
(80/89) Installing python3 (3.12.10-r1)
(81/89) Installing python3-pycache-pyc0 (3.12.10-r1)
(82/89) Installing pyc (3.12.10-r1)
(83/89) Installing py3-setuptools-pyc (80.9.0-r0)
(84/89) Installing py3-parsing (3.2.3-r0)
(85/89) Installing py3-parsing-pyc (3.2.3-r0)
(86/89) Installing py3-packaging-pyc (25.0-r0)
(87/89) Installing python3-pyc (3.12.10-r1)
(88/89) Installing py3-packaging (25.0-r0)
(89/89) Installing py3-setuptools (80.9.0-r0)
Executing busybox-1.37.0-r18.trigger
OK: 306 MiB in 89 packages
>>> py3-ptyprocess: Fetching https://files.pythonhosted.org/packages/source/p/ptyprocess/ptyprocess-0.7.0.tar.gz
>>> py3-ptyprocess: Checking sha512sums...
ptyprocess-0.7.0.tar.gz: OK
>>> py3-ptyprocess: Unpacking /var/cache/distfiles/ptyprocess-0.7.0.tar.gz...
..............
----------------------------------------------------------------------
Ran 14 tests in 11.896s

OK
>>> py3-ptyprocess: Entering fakeroot...
/usr/lib/python3.12/site-packages/setuptools/_distutils/cmd.py:90: SetuptoolsDeprecationWarning: setup.py install is deprecated.
!!

        ********************************************************************************
        Please avoid running ``setup.py`` directly.
        Instead, use pypa/build, pypa/installer or other
        standards-based tools.

        By 2025-Oct-31, you need to update your project and remove deprecated calls
        or your builds will no longer be supported.

        See https://blog.ganssle.io/articles/2021/10/setup-py-deprecated.html for details.
        ********************************************************************************

!!
  self.initialize_options()
>>> py3-ptyprocess-pyc*: Running split function pyc...
'usr/lib/python3.12/site-packages/ptyprocess/__pycache__' -> '/tmp/pkg/py3-ptyprocess-pyc/usr/lib/python3.12/site-packages/ptyprocess/__pycache__'
>>> py3-ptyprocess-pyc*: Preparing subpackage py3-ptyprocess-pyc...
>>> py3-ptyprocess-pyc*: Running postcheck for py3-ptyprocess-pyc
>>> py3-ptyprocess*: Running postcheck for py3-ptyprocess
>>> py3-ptyprocess*: Preparing package py3-ptyprocess...
>>> py3-ptyprocess-pyc*: Tracing dependencies...
	python3
	python3~3.12
>>> py3-ptyprocess-pyc*: Package size: 40.2 KB
>>> py3-ptyprocess-pyc*: Compressing data...
>>> py3-ptyprocess-pyc*: Create checksum...
>>> py3-ptyprocess-pyc*: Create py3-ptyprocess-pyc-0.7.0-r6.apk
>>> py3-ptyprocess*: Tracing dependencies...
	python3
	python3~3.12
>>> py3-ptyprocess*: Package size: 36.8 KB
>>> py3-ptyprocess*: Compressing data...
>>> py3-ptyprocess*: Create checksum...
>>> py3-ptyprocess*: Create py3-ptyprocess-0.7.0-r6.apk
>>> py3-ptyprocess: Updating the main/x86_64 repository index...
>>> py3-ptyprocess: Signing the index...
>>> py3-ptyprocess: Cleaning up srcdir
>>> py3-ptyprocess: Cleaning up build chroot
>>> py3-ptyprocess: Cleaning up pkgdir
