pigz: not found
>>> musl-legacy-error: Building main/musl-legacy-error 0.5-r1 (using abuild 3.14.1-r4) started Sun, 18 May 2025 06:21:01 +0000
>>> musl-legacy-error: Validating /home/packager/aports/main/musl-legacy-error/APKBUILD...
>>> WARNING: musl-legacy-error: No maintainer
>>> musl-legacy-error: Analyzing dependencies...
>>> musl-legacy-error: Installing for build: build-base
(1/1) Installing .makedepends-musl-legacy-error (20250518.062103)
OK: 260 MiB in 82 packages
>>> musl-legacy-error: Cleaning up srcdir
>>> musl-legacy-error: Cleaning up pkgdir
>>> musl-legacy-error: Cleaning up tmpdir
>>> musl-legacy-error: Checking sha512sums...
error.h: OK
>>> musl-legacy-error: Entering fakeroot...
>>> musl-legacy-error*: Running postcheck for musl-legacy-error
>>> musl-legacy-error*: Preparing package musl-legacy-error...
>>> musl-legacy-error*: Tracing dependencies...
>>> musl-legacy-error*: Package size: 1.4 KB
>>> musl-legacy-error*: Compressing data...
>>> musl-legacy-error*: Create checksum...
pigz: not found
>>> musl-legacy-error*: Create musl-legacy-error-0.5-r1.apk
>>> musl-legacy-error: Build complete at Sun, 18 May 2025 06:21:04 +0000 elapsed time 0h 0m 3s
>>> musl-legacy-error: Cleaning up srcdir
>>> musl-legacy-error: Cleaning up pkgdir
>>> musl-legacy-error: Uninstalling dependencies...
(1/1) Purging .makedepends-musl-legacy-error (20250518.062103)
OK: 260 MiB in 81 packages
>>> musl-legacy-error: Updating the main/x86_64 repository index...
>>> musl-legacy-error: Signing the index...
pigz: not found
