pigz: not found
>>> libmnl: Building main/libmnl 1.0.5-r2 (using abuild 3.14.1-r4) started Sun, 18 May 2025 08:51:36 +0000
>>> libmnl: Validating /home/packager/aports/main/libmnl/APKBUILD...
>>> libmnl: Analyzing dependencies...
>>> libmnl: Installing for build: build-base linux-headers bsd-compat-headers
(1/3) Installing linux-headers (6.14.2-r0)
(2/3) Installing bsd-compat-headers (0.7.2-r6)
(3/3) Installing .makedepends-libmnl (20250518.085138)
OK: 267 MiB in 84 packages
>>> libmnl: Cleaning up srcdir
>>> libmnl: Cleaning up pkgdir
>>> libmnl: Cleaning up tmpdir
>>> libmnl: Fetching https://www.netfilter.org/projects/libmnl/files/libmnl-1.0.5.tar.bz2
Connecting to www.netfilter.org (92.243.20.29:443)
saving to '/var/cache/distfiles/libmnl-1.0.5.tar.bz2.part'
libmnl-1.0.5.tar.bz2 100% |********************************|  307k  0:00:00 ETA
'/var/cache/distfiles/libmnl-1.0.5.tar.bz2.part' saved
>>> libmnl: Fetching https://www.netfilter.org/projects/libmnl/files/libmnl-1.0.5.tar.bz2
>>> libmnl: Checking sha512sums...
libmnl-1.0.5.tar.bz2: OK
musl-fix-headers.patch: OK
>>> libmnl: Unpacking /var/cache/distfiles/libmnl-1.0.5.tar.bz2...
>>> libmnl: musl-fix-headers.patch
patching file examples/netfilter/nfct-daemon.c
Hunk #1 succeeded at 21 (offset 1 line).
>>> libmnl: Updating ./build-aux/config.sub
checking build system type... x86_64-alpine-linux-musl
checking host system type... x86_64-alpine-linux-musl
checking for a BSD-compatible install... /usr/bin/install -c
checking whether build environment is sane... yes
checking for a thread-safe mkdir -p... build-aux/install-sh -c -d
checking for gawk... no
checking for mawk... no
checking for nawk... no
checking for awk... awk
checking whether make sets $(MAKE)... yes
checking whether make supports nested variables... yes
checking how to create a pax tar archive... gnutar
checking whether make supports nested variables... (cached) yes
checking for x86_64-alpine-linux-musl-gcc... gcc
checking whether the C compiler works... yes
checking for C compiler default output file name... a.out
checking for suffix of executables... 
checking whether we are cross compiling... no
checking for suffix of object files... o
checking whether we are using the GNU C compiler... yes
checking whether gcc accepts -g... yes
checking for gcc option to accept ISO C89... none needed
checking whether gcc understands -c and -o together... yes
checking whether make supports the include directive... yes (GNU style)
checking dependency style of gcc... gcc3
checking how to print strings... printf
checking for a sed that does not truncate output... /bin/sed
checking for grep that handles long lines and -e... /bin/grep
checking for egrep... /bin/grep -E
checking for fgrep... /bin/grep -F
checking for ld used by gcc... /usr/x86_64-alpine-linux-musl/bin/ld
checking if the linker (/usr/x86_64-alpine-linux-musl/bin/ld) is GNU ld... yes
checking for BSD- or MS-compatible name lister (nm)... /usr/bin/nm -B
checking the name lister (/usr/bin/nm -B) interface... BSD nm
checking whether ln -s works... yes
checking the maximum length of command line arguments... 98304
checking how to convert x86_64-alpine-linux-musl file names to x86_64-alpine-linux-musl format... func_convert_file_noop
checking how to convert x86_64-alpine-linux-musl file names to toolchain format... func_convert_file_noop
checking for /usr/x86_64-alpine-linux-musl/bin/ld option to reload object files... -r
checking for x86_64-alpine-linux-musl-objdump... no
checking for objdump... objdump
checking how to recognize dependent libraries... pass_all
checking for x86_64-alpine-linux-musl-dlltool... no
checking for dlltool... no
checking how to associate runtime and link libraries... printf %s\n
checking for x86_64-alpine-linux-musl-ar... no
checking for ar... ar
checking for archiver @FILE support... @
checking for x86_64-alpine-linux-musl-strip... no
checking for strip... strip
checking for x86_64-alpine-linux-musl-ranlib... no
checking for ranlib... ranlib
checking command to parse /usr/bin/nm -B output from gcc object... ok
checking for sysroot... no
checking for a working dd... /bin/dd
checking how to truncate binary pipes... /bin/dd bs=4096 count=1
checking for x86_64-alpine-linux-musl-mt... no
checking for mt... no
checking if : is a manifest tool... no
checking how to run the C preprocessor... gcc -E
checking for ANSI C header files... yes
checking for sys/types.h... yes
checking for sys/stat.h... yes
checking for stdlib.h... yes
checking for string.h... yes
checking for memory.h... yes
checking for strings.h... yes
checking for inttypes.h... yes
checking for stdint.h... yes
checking for unistd.h... yes
checking for dlfcn.h... yes
checking for objdir... .libs
checking if gcc supports -fno-rtti -fno-exceptions... no
checking for gcc option to produce PIC... -fPIC -DPIC
checking if gcc PIC flag -fPIC -DPIC works... yes
checking if gcc static flag -static works... yes
checking if gcc supports -c -o file.o... yes
checking if gcc supports -c -o file.o... (cached) yes
checking whether the gcc linker (/usr/x86_64-alpine-linux-musl/bin/ld -m elf_x86_64) supports shared libraries... yes
checking whether -lc should be explicitly linked in... no
checking dynamic linker characteristics... GNU/Linux ld.so
checking how to hardcode library paths into programs... immediate
checking whether stripping libraries is possible... yes
checking if libtool supports shared libraries... yes
checking whether to build shared libraries... yes
checking whether to build static libraries... yes
checking whether compiler accepts -fvisibility=hidden... yes
checking for doxygen... no
checking for dot... no
configure: WARNING: Doxygen not found - continuing without Doxygen support
checking that generated files are newer than configure... done
configure: creating ./config.status
config.status: creating Makefile
config.status: creating src/Makefile
config.status: creating include/Makefile
config.status: creating include/libmnl/Makefile
config.status: creating include/linux/Makefile
config.status: creating include/linux/netfilter/Makefile
config.status: creating examples/Makefile
config.status: creating examples/genl/Makefile
config.status: creating examples/kobject/Makefile
config.status: creating examples/netfilter/Makefile
config.status: creating examples/rtnl/Makefile
config.status: creating libmnl.pc
config.status: creating doxygen.cfg
config.status: creating doxygen/Makefile
config.status: creating config.h
config.status: executing depfiles commands
config.status: executing libtool commands

libmnl configuration:
  doxygen:          no
Making check in src
make[1]: Entering directory '/home/packager/aports/main/libmnl/src/libmnl-1.0.5/src'
  CC       callback.lo
  CC       socket.lo
  CC       attr.lo
  CC       nlmsg.lo
  CCLD     libmnl.la
make[1]: Leaving directory '/home/packager/aports/main/libmnl/src/libmnl-1.0.5/src'
Making check in include
make[1]: Entering directory '/home/packager/aports/main/libmnl/src/libmnl-1.0.5/include'
Making check in libmnl
make[2]: Entering directory '/home/packager/aports/main/libmnl/src/libmnl-1.0.5/include/libmnl'
make[2]: Nothing to be done for 'check'.
make[2]: Leaving directory '/home/packager/aports/main/libmnl/src/libmnl-1.0.5/include/libmnl'
Making check in linux
make[2]: Entering directory '/home/packager/aports/main/libmnl/src/libmnl-1.0.5/include/linux'
Making check in netfilter
make[3]: Entering directory '/home/packager/aports/main/libmnl/src/libmnl-1.0.5/include/linux/netfilter'
make[3]: Nothing to be done for 'check'.
make[3]: Leaving directory '/home/packager/aports/main/libmnl/src/libmnl-1.0.5/include/linux/netfilter'
make[3]: Entering directory '/home/packager/aports/main/libmnl/src/libmnl-1.0.5/include/linux'
make[3]: Nothing to be done for 'check-am'.
make[3]: Leaving directory '/home/packager/aports/main/libmnl/src/libmnl-1.0.5/include/linux'
make[2]: Leaving directory '/home/packager/aports/main/libmnl/src/libmnl-1.0.5/include/linux'
make[2]: Entering directory '/home/packager/aports/main/libmnl/src/libmnl-1.0.5/include'
make[2]: Nothing to be done for 'check-am'.
make[2]: Leaving directory '/home/packager/aports/main/libmnl/src/libmnl-1.0.5/include'
make[1]: Leaving directory '/home/packager/aports/main/libmnl/src/libmnl-1.0.5/include'
Making check in examples
make[1]: Entering directory '/home/packager/aports/main/libmnl/src/libmnl-1.0.5/examples'
Making check in genl
make[2]: Entering directory '/home/packager/aports/main/libmnl/src/libmnl-1.0.5/examples/genl'
make  genl-family-get genl-group-events
make[3]: Entering directory '/home/packager/aports/main/libmnl/src/libmnl-1.0.5/examples/genl'
  CC       genl-family-get.o
  CC       genl-group-events.o
  CCLD     genl-group-events
  CCLD     genl-family-get
make[3]: Leaving directory '/home/packager/aports/main/libmnl/src/libmnl-1.0.5/examples/genl'
make[2]: Leaving directory '/home/packager/aports/main/libmnl/src/libmnl-1.0.5/examples/genl'
Making check in kobject
make[2]: Entering directory '/home/packager/aports/main/libmnl/src/libmnl-1.0.5/examples/kobject'
make  kobject-event
make[3]: Entering directory '/home/packager/aports/main/libmnl/src/libmnl-1.0.5/examples/kobject'
  CC       kobject-event.o
  CCLD     kobject-event
make[3]: Leaving directory '/home/packager/aports/main/libmnl/src/libmnl-1.0.5/examples/kobject'
make[2]: Leaving directory '/home/packager/aports/main/libmnl/src/libmnl-1.0.5/examples/kobject'
Making check in netfilter
make[2]: Entering directory '/home/packager/aports/main/libmnl/src/libmnl-1.0.5/examples/netfilter'
make  nf-queue nf-log nfct-dump nfct-event nfct-create-batch nfct-daemon
make[3]: Entering directory '/home/packager/aports/main/libmnl/src/libmnl-1.0.5/examples/netfilter'
  CC       nf-log.o
  CC       nf-queue.o
  CC       nfct-dump.o
  CC       nfct-create-batch.o
  CC       nfct-event.o
  CC       nfct-daemon.o
  CCLD     nf-log
  CCLD     nf-queue
  CCLD     nfct-create-batch
  CCLD     nfct-event
  CCLD     nfct-dump
  CCLD     nfct-daemon
make[3]: Leaving directory '/home/packager/aports/main/libmnl/src/libmnl-1.0.5/examples/netfilter'
make[2]: Leaving directory '/home/packager/aports/main/libmnl/src/libmnl-1.0.5/examples/netfilter'
Making check in rtnl
make[2]: Entering directory '/home/packager/aports/main/libmnl/src/libmnl-1.0.5/examples/rtnl'
make  rtnl-addr-add rtnl-addr-dump rtnl-link-dump rtnl-link-dump2 rtnl-link-dump3 rtnl-link-event rtnl-link-set rtnl-route-add rtnl-route-dump rtnl-route-event rtnl-neigh-dump
make[3]: Entering directory '/home/packager/aports/main/libmnl/src/libmnl-1.0.5/examples/rtnl'
  CC       rtnl-link-dump.o
  CC       rtnl-addr-add.o
  CC       rtnl-addr-dump.o
  CC       rtnl-link-dump3.o
  CC       rtnl-link-dump2.o
  CC       rtnl-link-set.o
  CC       rtnl-link-event.o
  CC       rtnl-route-add.o
  CC       rtnl-route-dump.o
  CC       rtnl-route-event.o
  CC       rtnl-neigh-dump.o
  CCLD     rtnl-addr-add
  CCLD     rtnl-link-dump2
  CCLD     rtnl-link-dump3
  CCLD     rtnl-link-event
  CCLD     rtnl-link-set
  CCLD     rtnl-route-add
  CCLD     rtnl-neigh-dump
  CCLD     rtnl-addr-dump
  CCLD     rtnl-link-dump
  CCLD     rtnl-route-dump
  CCLD     rtnl-route-event
make[3]: Leaving directory '/home/packager/aports/main/libmnl/src/libmnl-1.0.5/examples/rtnl'
make[2]: Leaving directory '/home/packager/aports/main/libmnl/src/libmnl-1.0.5/examples/rtnl'
make[2]: Entering directory '/home/packager/aports/main/libmnl/src/libmnl-1.0.5/examples'
make[2]: Nothing to be done for 'check-am'.
make[2]: Leaving directory '/home/packager/aports/main/libmnl/src/libmnl-1.0.5/examples'
make[1]: Leaving directory '/home/packager/aports/main/libmnl/src/libmnl-1.0.5/examples'
Making check in doxygen
make[1]: Entering directory '/home/packager/aports/main/libmnl/src/libmnl-1.0.5/doxygen'
make[1]: Nothing to be done for 'check'.
make[1]: Leaving directory '/home/packager/aports/main/libmnl/src/libmnl-1.0.5/doxygen'
make[1]: Entering directory '/home/packager/aports/main/libmnl/src/libmnl-1.0.5'
make[1]: Leaving directory '/home/packager/aports/main/libmnl/src/libmnl-1.0.5'
>>> libmnl: Entering fakeroot...
Making install in src
make[1]: Entering directory '/home/packager/aports/main/libmnl/src/libmnl-1.0.5/src'
make[2]: Entering directory '/home/packager/aports/main/libmnl/src/libmnl-1.0.5/src'
make[2]: Nothing to be done for 'install-data-am'.
 ../build-aux/install-sh -c -d '/home/packager/aports/main/libmnl/pkg/libmnl/usr/lib'
 /bin/sh ../libtool   --mode=install /usr/bin/install -c   libmnl.la '/home/packager/aports/main/libmnl/pkg/libmnl/usr/lib'
libtool: install: /usr/bin/install -c .libs/libmnl.so.0.2.0 /home/packager/aports/main/libmnl/pkg/libmnl/usr/lib/libmnl.so.0.2.0
libtool: install: (cd /home/packager/aports/main/libmnl/pkg/libmnl/usr/lib && { ln -s -f libmnl.so.0.2.0 libmnl.so.0 || { rm -f libmnl.so.0 && ln -s libmnl.so.0.2.0 libmnl.so.0; }; })
libtool: install: (cd /home/packager/aports/main/libmnl/pkg/libmnl/usr/lib && { ln -s -f libmnl.so.0.2.0 libmnl.so || { rm -f libmnl.so && ln -s libmnl.so.0.2.0 libmnl.so; }; })
libtool: install: /usr/bin/install -c .libs/libmnl.lai /home/packager/aports/main/libmnl/pkg/libmnl/usr/lib/libmnl.la
libtool: install: /usr/bin/install -c .libs/libmnl.a /home/packager/aports/main/libmnl/pkg/libmnl/usr/lib/libmnl.a
libtool: install: chmod 644 /home/packager/aports/main/libmnl/pkg/libmnl/usr/lib/libmnl.a
libtool: install: ranlib /home/packager/aports/main/libmnl/pkg/libmnl/usr/lib/libmnl.a
libtool: warning: remember to run 'libtool --finish /usr/lib'
make[2]: Leaving directory '/home/packager/aports/main/libmnl/src/libmnl-1.0.5/src'
make[1]: Leaving directory '/home/packager/aports/main/libmnl/src/libmnl-1.0.5/src'
Making install in include
make[1]: Entering directory '/home/packager/aports/main/libmnl/src/libmnl-1.0.5/include'
Making install in libmnl
make[2]: Entering directory '/home/packager/aports/main/libmnl/src/libmnl-1.0.5/include/libmnl'
make[3]: Entering directory '/home/packager/aports/main/libmnl/src/libmnl-1.0.5/include/libmnl'
make[3]: Nothing to be done for 'install-exec-am'.
 ../../build-aux/install-sh -c -d '/home/packager/aports/main/libmnl/pkg/libmnl/usr/include/libmnl'
 /usr/bin/install -c -m 644 libmnl.h '/home/packager/aports/main/libmnl/pkg/libmnl/usr/include/libmnl'
make[3]: Leaving directory '/home/packager/aports/main/libmnl/src/libmnl-1.0.5/include/libmnl'
make[2]: Leaving directory '/home/packager/aports/main/libmnl/src/libmnl-1.0.5/include/libmnl'
Making install in linux
make[2]: Entering directory '/home/packager/aports/main/libmnl/src/libmnl-1.0.5/include/linux'
Making install in netfilter
make[3]: Entering directory '/home/packager/aports/main/libmnl/src/libmnl-1.0.5/include/linux/netfilter'
make[4]: Entering directory '/home/packager/aports/main/libmnl/src/libmnl-1.0.5/include/linux/netfilter'
make[4]: Nothing to be done for 'install-exec-am'.
make[4]: Nothing to be done for 'install-data-am'.
make[4]: Leaving directory '/home/packager/aports/main/libmnl/src/libmnl-1.0.5/include/linux/netfilter'
make[3]: Leaving directory '/home/packager/aports/main/libmnl/src/libmnl-1.0.5/include/linux/netfilter'
make[3]: Entering directory '/home/packager/aports/main/libmnl/src/libmnl-1.0.5/include/linux'
make[4]: Entering directory '/home/packager/aports/main/libmnl/src/libmnl-1.0.5/include/linux'
make[4]: Nothing to be done for 'install-exec-am'.
make[4]: Nothing to be done for 'install-data-am'.
make[4]: Leaving directory '/home/packager/aports/main/libmnl/src/libmnl-1.0.5/include/linux'
make[3]: Leaving directory '/home/packager/aports/main/libmnl/src/libmnl-1.0.5/include/linux'
make[2]: Leaving directory '/home/packager/aports/main/libmnl/src/libmnl-1.0.5/include/linux'
make[2]: Entering directory '/home/packager/aports/main/libmnl/src/libmnl-1.0.5/include'
make[3]: Entering directory '/home/packager/aports/main/libmnl/src/libmnl-1.0.5/include'
make[3]: Nothing to be done for 'install-exec-am'.
make[3]: Nothing to be done for 'install-data-am'.
make[3]: Leaving directory '/home/packager/aports/main/libmnl/src/libmnl-1.0.5/include'
make[2]: Leaving directory '/home/packager/aports/main/libmnl/src/libmnl-1.0.5/include'
make[1]: Leaving directory '/home/packager/aports/main/libmnl/src/libmnl-1.0.5/include'
Making install in examples
make[1]: Entering directory '/home/packager/aports/main/libmnl/src/libmnl-1.0.5/examples'
Making install in genl
make[2]: Entering directory '/home/packager/aports/main/libmnl/src/libmnl-1.0.5/examples/genl'
make[3]: Entering directory '/home/packager/aports/main/libmnl/src/libmnl-1.0.5/examples/genl'
make[3]: Nothing to be done for 'install-exec-am'.
make[3]: Nothing to be done for 'install-data-am'.
make[3]: Leaving directory '/home/packager/aports/main/libmnl/src/libmnl-1.0.5/examples/genl'
make[2]: Leaving directory '/home/packager/aports/main/libmnl/src/libmnl-1.0.5/examples/genl'
Making install in kobject
make[2]: Entering directory '/home/packager/aports/main/libmnl/src/libmnl-1.0.5/examples/kobject'
make[3]: Entering directory '/home/packager/aports/main/libmnl/src/libmnl-1.0.5/examples/kobject'
make[3]: Nothing to be done for 'install-exec-am'.
make[3]: Nothing to be done for 'install-data-am'.
make[3]: Leaving directory '/home/packager/aports/main/libmnl/src/libmnl-1.0.5/examples/kobject'
make[2]: Leaving directory '/home/packager/aports/main/libmnl/src/libmnl-1.0.5/examples/kobject'
Making install in netfilter
make[2]: Entering directory '/home/packager/aports/main/libmnl/src/libmnl-1.0.5/examples/netfilter'
make[3]: Entering directory '/home/packager/aports/main/libmnl/src/libmnl-1.0.5/examples/netfilter'
make[3]: Nothing to be done for 'install-exec-am'.
make[3]: Nothing to be done for 'install-data-am'.
make[3]: Leaving directory '/home/packager/aports/main/libmnl/src/libmnl-1.0.5/examples/netfilter'
make[2]: Leaving directory '/home/packager/aports/main/libmnl/src/libmnl-1.0.5/examples/netfilter'
Making install in rtnl
make[2]: Entering directory '/home/packager/aports/main/libmnl/src/libmnl-1.0.5/examples/rtnl'
make[3]: Entering directory '/home/packager/aports/main/libmnl/src/libmnl-1.0.5/examples/rtnl'
make[3]: Nothing to be done for 'install-exec-am'.
make[3]: Nothing to be done for 'install-data-am'.
make[3]: Leaving directory '/home/packager/aports/main/libmnl/src/libmnl-1.0.5/examples/rtnl'
make[2]: Leaving directory '/home/packager/aports/main/libmnl/src/libmnl-1.0.5/examples/rtnl'
make[2]: Entering directory '/home/packager/aports/main/libmnl/src/libmnl-1.0.5/examples'
make[3]: Entering directory '/home/packager/aports/main/libmnl/src/libmnl-1.0.5/examples'
make[3]: Nothing to be done for 'install-exec-am'.
make[3]: Nothing to be done for 'install-data-am'.
make[3]: Leaving directory '/home/packager/aports/main/libmnl/src/libmnl-1.0.5/examples'
make[2]: Leaving directory '/home/packager/aports/main/libmnl/src/libmnl-1.0.5/examples'
make[1]: Leaving directory '/home/packager/aports/main/libmnl/src/libmnl-1.0.5/examples'
Making install in doxygen
make[1]: Entering directory '/home/packager/aports/main/libmnl/src/libmnl-1.0.5/doxygen'
make[2]: Entering directory '/home/packager/aports/main/libmnl/src/libmnl-1.0.5/doxygen'
make[2]: Nothing to be done for 'install-exec-am'.
make[2]: Nothing to be done for 'install-data-am'.
make[2]: Leaving directory '/home/packager/aports/main/libmnl/src/libmnl-1.0.5/doxygen'
make[1]: Leaving directory '/home/packager/aports/main/libmnl/src/libmnl-1.0.5/doxygen'
make[1]: Entering directory '/home/packager/aports/main/libmnl/src/libmnl-1.0.5'
make[2]: Entering directory '/home/packager/aports/main/libmnl/src/libmnl-1.0.5'
make[2]: Nothing to be done for 'install-exec-am'.
 build-aux/install-sh -c -d '/home/packager/aports/main/libmnl/pkg/libmnl/usr/lib/pkgconfig'
 /usr/bin/install -c -m 644 libmnl.pc '/home/packager/aports/main/libmnl/pkg/libmnl/usr/lib/pkgconfig'
make[2]: Leaving directory '/home/packager/aports/main/libmnl/src/libmnl-1.0.5'
make[1]: Leaving directory '/home/packager/aports/main/libmnl/src/libmnl-1.0.5'
>>> libmnl-static*: Running split function static...
'./usr/lib/libmnl.a' -> '/home/packager/aports/main/libmnl/pkg/libmnl-static/./usr/lib/libmnl.a'
>>> libmnl-static*: Preparing subpackage libmnl-static...
>>> libmnl-static*: Stripping binaries
>>> libmnl-static*: Running postcheck for libmnl-static
>>> libmnl-dev*: Running split function dev...
'usr/include' -> '/home/packager/aports/main/libmnl/pkg/libmnl-dev/usr/include'
'usr/lib/pkgconfig' -> '/home/packager/aports/main/libmnl/pkg/libmnl-dev/usr/lib/pkgconfig'
'usr/lib/libmnl.so' -> '/home/packager/aports/main/libmnl/pkg/libmnl-dev/usr/lib/libmnl.so'
>>> libmnl-dev*: Preparing subpackage libmnl-dev...
>>> libmnl-dev*: Stripping binaries
>>> libmnl-dev*: Running postcheck for libmnl-dev
>>> libmnl*: Running postcheck for libmnl
>>> libmnl*: Preparing package libmnl...
>>> libmnl*: Stripping binaries
>>> libmnl-dev*: Scanning shared objects
>>> libmnl-static*: Scanning shared objects
>>> libmnl*: Scanning shared objects
>>> libmnl-dev*: Tracing dependencies...
	linux-headers
	libmnl=1.0.5-r2
	pkgconfig
>>> libmnl-dev*: Package size: 8.2 KB
>>> libmnl-dev*: Compressing data...
>>> libmnl-dev*: Create checksum...
pigz: not found
>>> libmnl-dev*: Create libmnl-dev-1.0.5-r2.apk
>>> libmnl-static*: Tracing dependencies...
>>> libmnl-static*: Package size: 22.3 KB
>>> libmnl-static*: Compressing data...
>>> libmnl-static*: Create checksum...
pigz: not found
>>> libmnl-static*: Create libmnl-static-1.0.5-r2.apk
>>> libmnl*: Tracing dependencies...
	so:libc.musl-x86_64.so.1
>>> libmnl*: Package size: 25.8 KB
>>> libmnl*: Compressing data...
>>> libmnl*: Create checksum...
pigz: not found
>>> libmnl*: Create libmnl-1.0.5-r2.apk
>>> libmnl: Build complete at Sun, 18 May 2025 08:51:47 +0000 elapsed time 0h 0m 11s
>>> libmnl: Cleaning up srcdir
>>> libmnl: Cleaning up pkgdir
>>> libmnl: Uninstalling dependencies...
(1/3) Purging .makedepends-libmnl (20250518.085138)
(2/3) Purging linux-headers (6.14.2-r0)
(3/3) Purging bsd-compat-headers (0.7.2-r6)
OK: 261 MiB in 81 packages
>>> libmnl: Updating the main/x86_64 repository index...
>>> libmnl: Signing the index...
pigz: not found
