>>> lmdb: Validating /home/packager/oily-pine/main/lmdb/APKBUILD...
>>> lmdb: Cleaning up srcdir
>>> lmdb: Cleaning up pkgdir
>>> lmdb: Cleaning up tmpdir
>>> lmdb: Fetching https://git.openldap.org/openldap/openldap/-/archive/LMDB_0.9.33/openldap-LMDB_0.9.33.tar.gz
  % Total    % Received % Xferd  Average Speed   Time    Time     Time  Current
                                 Dload  Upload   Total   Spent    Left  Speed
  0     0    0     0    0     0      0      0 --:--:-- --:--:-- --:--:--     0  0     0    0     0    0     0      0      0 --:--:-- --:--:-- --:--:--     0100  145k  100  145k    0     0   122k      0  0:00:01  0:00:01 --:--:--  122k
>>> lmdb: Fetching https://git.openldap.org/openldap/openldap/-/archive/LMDB_0.9.33/openldap-LMDB_0.9.33.tar.gz
>>> lmdb: Checking sha512sums...
openldap-LMDB_0.9.33.tar.gz: OK
lmdb-make.patch: OK
lmdb.pc: OK
>>> lmdb: Preparing build chroot...
fetch http://dl-cdn.alpinelinux.org/alpine/edge/main/x86_64/APKINDEX.tar.gz
(1/68) Installing musl (1.2.5-r10)
(2/68) Installing libcrypto3 (3.5.0-r0)
(3/68) Installing ca-certificates-bundle (20241121-r2)
(4/68) Installing libssl3 (3.5.0-r0)
(5/68) Installing zlib (1.3.1-r2)
(6/68) Installing libapk2 (2.14.9-r2)
(7/68) Installing apk-tools (2.14.9-r2)
(8/68) Installing libcap2 (2.76-r0)
(9/68) Installing libcap-getcap (2.76-r0)
(10/68) Installing fakeroot (1.37.1.1-r0)
(11/68) Installing scanelf (1.3.8-r1)
(12/68) Installing musl-utils (1.2.5-r10)
(13/68) Installing libgcc (14.3.0-r0)
(14/68) Installing libstdc++ (14.3.0-r0)
(15/68) Installing lzip (1.25-r0)
(16/68) Installing openssl (3.5.0-r0)
(17/68) Installing patch (2.8-r0)
(18/68) Installing pkgconf (2.4.3-r0)
(19/68) Installing acl-libs (2.3.2-r1)
(20/68) Installing tar (1.35-r3)
(21/68) Installing busybox (1.37.0-r18)
Executing busybox-1.37.0-r18.post-install
(22/68) Installing ssl_client (1.37.0-r18)
(23/68) Installing busybox-binsh (1.37.0-r18)
(24/68) Installing abuild (3.15.0-r0)
Executing abuild-3.15.0-r0.pre-install
(25/68) Installing abuild-sudo (3.15.0-r0)
(26/68) Installing alpine-baselayout-data (3.7.0-r0)
(27/68) Installing alpine-baselayout (3.7.0-r0)
Executing alpine-baselayout-3.7.0-r0.pre-install
Executing alpine-baselayout-3.7.0-r0.post-install
(28/68) Installing bridge (1.5-r5)
(29/68) Installing ifupdown-ng (0.12.1-r7)
(30/68) Installing openrc-user (0.62.2-r2)
(31/68) Installing openrc (0.62.2-r2)
Executing openrc-0.62.2-r2.post-install
(32/68) Installing mdev-conf (4.8-r0)
(33/68) Installing busybox-mdev-openrc (1.37.0-r18)
(34/68) Installing alpine-conf (3.20.0-r0)
(35/68) Installing alpine-keys (2.5-r0)
(36/68) Installing alpine-release (3.22.0-r0)
(37/68) Installing busybox-openrc (1.37.0-r18)
(38/68) Installing busybox-suid (1.37.0-r18)
(39/68) Installing alpine-base (3.22.0-r0)
(40/68) Installing jansson (2.14.1-r0)
(41/68) Installing zstd-libs (1.5.7-r0)
(42/68) Installing binutils (2.44-r0)
(43/68) Installing libmagic (5.46-r2)
(44/68) Installing file (5.46-r2)
(45/68) Installing libgomp (14.3.0-r0)
(46/68) Installing libatomic (14.3.0-r0)
(47/68) Installing gmp (6.3.0-r3)
(48/68) Installing isl26 (0.26-r1)
(49/68) Installing mpfr4 (4.2.1_p1-r0)
(50/68) Installing mpc1 (1.3.1-r1)
(51/68) Installing gcc (14.3.0-r0)
(52/68) Installing libstdc++-dev (14.3.0-r0)
(53/68) Installing musl-dev (1.2.5-r10)
(54/68) Installing g++ (14.3.0-r0)
(55/68) Installing make (4.4.1-r3)
(56/68) Installing fortify-headers (1.1-r5)
(57/68) Installing build-base (0.5-r3)
(58/68) Installing brotli-libs (1.1.0-r2)
(59/68) Installing c-ares (1.34.5-r0)
(60/68) Installing libunistring (1.3-r0)
(61/68) Installing libidn2 (2.3.7-r0)
(62/68) Installing nghttp2-libs (1.65.0-r0)
(63/68) Installing libpsl (0.21.5-r3)
(64/68) Installing libcurl (8.14.0-r2)
(65/68) Installing libexpat (2.7.1-r0)
(66/68) Installing pcre2 (10.43-r1)
(67/68) Installing git (2.49.0-r0)
(68/68) Installing git-init-template (2.49.0-r0)
Executing busybox-1.37.0-r18.trigger
OK: 260 MiB in 68 packages
>>> lmdb: Fetching https://git.openldap.org/openldap/openldap/-/archive/LMDB_0.9.33/openldap-LMDB_0.9.33.tar.gz
>>> lmdb: Checking sha512sums...
openldap-LMDB_0.9.33.tar.gz: OK
lmdb-make.patch: OK
lmdb.pc: OK
>>> lmdb: Unpacking /var/cache/distfiles/openldap-LMDB_0.9.33.tar.gz...
>>> lmdb: lmdb-make.patch
patching file Makefile
cc -Os -fstack-clash-protection -Wformat -Werror=format-security -fno-plt -O2 -fPIC -fPIC  -c mdb.c -o mdb.lo
cc -Os -fstack-clash-protection -Wformat -Werror=format-security -fno-plt -O2 -fPIC -fPIC  -c midl.c -o midl.lo
cc -Os -fstack-clash-protection -Wformat -Werror=format-security -fno-plt -O2 -fPIC  -c mdb_stat.c
cc -Os -fstack-clash-protection -Wformat -Werror=format-security -fno-plt -O2 -fPIC  -c mdb_copy.c
cc -Os -fstack-clash-protection -Wformat -Werror=format-security -fno-plt -O2 -fPIC  -c mdb_dump.c
cc -Os -fstack-clash-protection -Wformat -Werror=format-security -fno-plt -O2 -fPIC  -c mdb_load.c
cc -Os -fstack-clash-protection -Wformat -Werror=format-security -fno-plt -O2 -fPIC  -c mtest.c
cc -Os -fstack-clash-protection -Wformat -Werror=format-security -fno-plt -O2 -fPIC  -c mtest2.c
cc -Os -fstack-clash-protection -Wformat -Werror=format-security -fno-plt -O2 -fPIC  -c mtest3.c
cc -Os -fstack-clash-protection -Wformat -Werror=format-security -fno-plt -O2 -fPIC  -c mtest4.c
cc -Os -fstack-clash-protection -Wformat -Werror=format-security -fno-plt -O2 -fPIC  -c mtest5.c
cc -Wl,--as-needed,-O1,--sort-common -Wl,-z,pack-relative-relocs -pthread -shared -Wl,-soname,liblmdb.so.0 -o liblmdb.so.0.0.0 mdb.lo midl.lo 
rm -f liblmdb.so
rm -f liblmdb.so.0
ln -s liblmdb.so.0.0.0 liblmdb.so
ln -s liblmdb.so.0.0.0 liblmdb.so.0
cc -Os -fstack-clash-protection -Wformat -Werror=format-security -fno-plt -O2 -fPIC -Wl,--as-needed,-O1,--sort-common -Wl,-z,pack-relative-relocs mdb_stat.o liblmdb.so  -o mdb_stat
cc -Os -fstack-clash-protection -Wformat -Werror=format-security -fno-plt -O2 -fPIC -Wl,--as-needed,-O1,--sort-common -Wl,-z,pack-relative-relocs mdb_copy.o liblmdb.so  -o mdb_copy
cc -Os -fstack-clash-protection -Wformat -Werror=format-security -fno-plt -O2 -fPIC -Wl,--as-needed,-O1,--sort-common -Wl,-z,pack-relative-relocs mdb_dump.o liblmdb.so  -o mdb_dump
cc -Os -fstack-clash-protection -Wformat -Werror=format-security -fno-plt -O2 -fPIC -Wl,--as-needed,-O1,--sort-common -Wl,-z,pack-relative-relocs mdb_load.o liblmdb.so  -o mdb_load
cc -Os -fstack-clash-protection -Wformat -Werror=format-security -fno-plt -O2 -fPIC -Wl,--as-needed,-O1,--sort-common -Wl,-z,pack-relative-relocs mtest.o liblmdb.so  -o mtest
cc -Os -fstack-clash-protection -Wformat -Werror=format-security -fno-plt -O2 -fPIC -Wl,--as-needed,-O1,--sort-common -Wl,-z,pack-relative-relocs mtest2.o liblmdb.so  -o mtest2
cc -Os -fstack-clash-protection -Wformat -Werror=format-security -fno-plt -O2 -fPIC -Wl,--as-needed,-O1,--sort-common -Wl,-z,pack-relative-relocs mtest3.o liblmdb.so  -o mtest3
cc -Os -fstack-clash-protection -Wformat -Werror=format-security -fno-plt -O2 -fPIC -Wl,--as-needed,-O1,--sort-common -Wl,-z,pack-relative-relocs mtest4.o liblmdb.so  -o mtest4
cc -Os -fstack-clash-protection -Wformat -Werror=format-security -fno-plt -O2 -fPIC -Wl,--as-needed,-O1,--sort-common -Wl,-z,pack-relative-relocs mtest5.o liblmdb.so  -o mtest5
rm -rf testdb && mkdir testdb
./mtest && ./mdb_stat testdb
Adding 229 values
29 duplicates skipped
key: 0x7f85a8e02fdc 004 , data: 0x7f85a8e02fe0 004 4 foo bar
key: 0x7f85a8e02fb0 008 , data: 0x7f85a8e02fb4 008 8 foo bar
key: 0x7f85a8e02f84 00f , data: 0x7f85a8e02f88 00f 15 foo bar
key: 0x7f85a8e02f58 010 , data: 0x7f85a8e02f5c 010 16 foo bar
key: 0x7f85a8e02f2c 01b , data: 0x7f85a8e02f30 01b 27 foo bar
key: 0x7f85a8e02f00 01c , data: 0x7f85a8e02f04 01c 28 foo bar
key: 0x7f85a8e02ed4 02d , data: 0x7f85a8e02ed8 02d 45 foo bar
key: 0x7f85a8e02ea8 034 , data: 0x7f85a8e02eac 034 52 foo bar
key: 0x7f85a8e02e7c 03d , data: 0x7f85a8e02e80 03d 61 foo bar
key: 0x7f85a8e02e50 03e , data: 0x7f85a8e02e54 03e 62 foo bar
key: 0x7f85a8e02e24 03f , data: 0x7f85a8e02e28 03f 63 foo bar
key: 0x7f85a8e027f4 041 , data: 0x7f85a8e027f8 041 65 foo bar
key: 0x7f85a8e02df8 053 , data: 0x7f85a8e02dfc 053 83 foo bar
key: 0x7f85a8e02dcc 056 , data: 0x7f85a8e02dd0 056 86 foo bar
key: 0x7f85a8e02da0 058 , data: 0x7f85a8e02da4 058 88 foo bar
key: 0x7f85a8e02d74 05b , data: 0x7f85a8e02d78 05b 91 foo bar
key: 0x7f85a8e02d48 068 , data: 0x7f85a8e02d4c 068 104 foo bar
key: 0x7f85a8e02d1c 069 , data: 0x7f85a8e02d20 069 105 foo bar
key: 0x7f85a8e02cf0 071 , data: 0x7f85a8e02cf4 071 113 foo bar
key: 0x7f85a8e02cc4 072 , data: 0x7f85a8e02cc8 072 114 foo bar
key: 0x7f85a8e02c98 08e , data: 0x7f85a8e02c9c 08e 142 foo bar
key: 0x7f85a8e02c6c 08f , data: 0x7f85a8e02c70 08f 143 foo bar
key: 0x7f85a8e02c40 093 , data: 0x7f85a8e02c44 093 147 foo bar
key: 0x7f85a8e02c14 096 , data: 0x7f85a8e02c18 096 150 foo bar
key: 0x7f85a8e02be8 09a , data: 0x7f85a8e02bec 09a 154 foo bar
key: 0x7f85a8e0284c 09e , data: 0x7f85a8e02850 09e 158 foo bar
key: 0x7f85a8e02bbc 0a3 , data: 0x7f85a8e02bc0 0a3 163 foo bar
key: 0x7f85a8e02b90 0a6 , data: 0x7f85a8e02b94 0a6 166 foo bar
key: 0x7f85a8e02b64 0b3 , data: 0x7f85a8e02b68 0b3 179 foo bar
key: 0x7f85a8e02b38 0b7 , data: 0x7f85a8e02b3c 0b7 183 foo bar
key: 0x7f85a8e02b0c 0bf , data: 0x7f85a8e02b10 0bf 191 foo bar
key: 0x7f85a8e02ae0 0c8 , data: 0x7f85a8e02ae4 0c8 200 foo bar
key: 0x7f85a8e02ab4 0d1 , data: 0x7f85a8e02ab8 0d1 209 foo bar
key: 0x7f85a8e02a88 0de , data: 0x7f85a8e02a8c 0de 222 foo bar
key: 0x7f85a8e02a5c 0df , data: 0x7f85a8e02a60 0df 223 foo bar
key: 0x7f85a8e02a30 0e0 , data: 0x7f85a8e02a34 0e0 224 foo bar
key: 0x7f85a8e02a04 0e4 , data: 0x7f85a8e02a08 0e4 228 foo bar
key: 0x7f85a8e029d8 0ea , data: 0x7f85a8e029dc 0ea 234 foo bar
key: 0x7f85a8e029ac 0eb , data: 0x7f85a8e029b0 0eb 235 foo bar
key: 0x7f85a8e02980 0ee , data: 0x7f85a8e02984 0ee 238 foo bar
key: 0x7f85a8e02954 107 , data: 0x7f85a8e02958 107 263 foo bar
key: 0x7f85a8e02928 110 , data: 0x7f85a8e0292c 110 272 foo bar
key: 0x7f85a8e028fc 11d , data: 0x7f85a8e02900 11d 285 foo bar
key: 0x7f85a8e02820 126 , data: 0x7f85a8e02824 126 294 foo bar
key: 0x7f85a8e028d0 127 , data: 0x7f85a8e028d4 127 295 foo bar
key: 0x7f85a8e028a4 128 , data: 0x7f85a8e028a8 128 296 foo bar
key: 0x7f85a8e02878 12d , data: 0x7f85a8e0287c 12d 301 foo bar
key: 0x7f85a8e06fdc 133 , data: 0x7f85a8e06fe0 133 307 foo bar
key: 0x7f85a8e06fb0 13f , data: 0x7f85a8e06fb4 13f 319 foo bar
key: 0x7f85a8e06f84 14c , data: 0x7f85a8e06f88 14c 332 foo bar
key: 0x7f85a8e06f58 155 , data: 0x7f85a8e06f5c 155 341 foo bar
key: 0x7f85a8e06f2c 158 , data: 0x7f85a8e06f30 158 344 foo bar
key: 0x7f85a8e067f4 166 , data: 0x7f85a8e067f8 166 358 foo bar
key: 0x7f85a8e06820 168 , data: 0x7f85a8e06824 168 360 foo bar
key: 0x7f85a8e06744 172 , data: 0x7f85a8e06748 172 370 foo bar
key: 0x7f85a8e06f00 181 , data: 0x7f85a8e06f04 181 385 foo bar
key: 0x7f85a8e06ed4 186 , data: 0x7f85a8e06ed8 186 390 foo bar
key: 0x7f85a8e06ea8 188 , data: 0x7f85a8e06eac 188 392 foo bar
key: 0x7f85a8e06e7c 196 , data: 0x7f85a8e06e80 196 406 foo bar
key: 0x7f85a8e06e50 1a2 , data: 0x7f85a8e06e54 1a2 418 foo bar
key: 0x7f85a8e06e24 1a7 , data: 0x7f85a8e06e28 1a7 423 foo bar
key: 0x7f85a8e06df8 1a9 , data: 0x7f85a8e06dfc 1a9 425 foo bar
key: 0x7f85a8e06dcc 1b0 , data: 0x7f85a8e06dd0 1b0 432 foo bar
key: 0x7f85a8e06da0 1b1 , data: 0x7f85a8e06da4 1b1 433 foo bar
key: 0x7f85a8e067c8 1b6 , data: 0x7f85a8e067cc 1b6 438 foo bar
key: 0x7f85a8e06d74 1bf , data: 0x7f85a8e06d78 1bf 447 foo bar
key: 0x7f85a8e06d48 1c4 , data: 0x7f85a8e06d4c 1c4 452 foo bar
key: 0x7f85a8e06d1c 1cb , data: 0x7f85a8e06d20 1cb 459 foo bar
key: 0x7f85a8e06cf0 1dc , data: 0x7f85a8e06cf4 1dc 476 foo bar
key: 0x7f85a8e06cc4 1df , data: 0x7f85a8e06cc8 1df 479 foo bar
key: 0x7f85a8e06c98 1e0 , data: 0x7f85a8e06c9c 1e0 480 foo bar
key: 0x7f85a8e06c6c 1e3 , data: 0x7f85a8e06c70 1e3 483 foo bar
key: 0x7f85a8e06c40 1ee , data: 0x7f85a8e06c44 1ee 494 foo bar
key: 0x7f85a8e06c14 1f6 , data: 0x7f85a8e06c18 1f6 502 foo bar
key: 0x7f85a8e06be8 1fc , data: 0x7f85a8e06bec 1fc 508 foo bar
key: 0x7f85a8e06bbc 1fd , data: 0x7f85a8e06bc0 1fd 509 foo bar
key: 0x7f85a8e06b90 200 , data: 0x7f85a8e06b94 200 512 foo bar
key: 0x7f85a8e06b64 204 , data: 0x7f85a8e06b68 204 516 foo bar
key: 0x7f85a8e06b38 205 , data: 0x7f85a8e06b3c 205 517 foo bar
key: 0x7f85a8e06b0c 206 , data: 0x7f85a8e06b10 206 518 foo bar
key: 0x7f85a8e06ae0 208 , data: 0x7f85a8e06ae4 208 520 foo bar
key: 0x7f85a8e06ab4 210 , data: 0x7f85a8e06ab8 210 528 foo bar
key: 0x7f85a8e06a88 216 , data: 0x7f85a8e06a8c 216 534 foo bar
key: 0x7f85a8e06a5c 218 , data: 0x7f85a8e06a60 218 536 foo bar
key: 0x7f85a8e06a30 21f , data: 0x7f85a8e06a34 21f 543 foo bar
key: 0x7f85a8e06a04 220 , data: 0x7f85a8e06a08 220 544 foo bar
key: 0x7f85a8e069d8 222 , data: 0x7f85a8e069dc 222 546 foo bar
key: 0x7f85a8e069ac 226 , data: 0x7f85a8e069b0 226 550 foo bar
key: 0x7f85a8e06980 227 , data: 0x7f85a8e06984 227 551 foo bar
key: 0x7f85a8e06954 22a , data: 0x7f85a8e06958 22a 554 foo bar
key: 0x7f85a8e06770 232 , data: 0x7f85a8e06774 232 562 foo bar
key: 0x7f85a8e06928 235 , data: 0x7f85a8e0692c 235 565 foo bar
key: 0x7f85a8e068fc 237 , data: 0x7f85a8e06900 237 567 foo bar
key: 0x7f85a8e068d0 238 , data: 0x7f85a8e068d4 238 568 foo bar
key: 0x7f85a8e068a4 23a , data: 0x7f85a8e068a8 23a 570 foo bar
key: 0x7f85a8e06878 23e , data: 0x7f85a8e0687c 23e 574 foo bar
key: 0x7f85a8e0684c 243 , data: 0x7f85a8e06850 243 579 foo bar
key: 0x7f85a8e0679c 24a , data: 0x7f85a8e067a0 24a 586 foo bar
key: 0x7f85a8e03fdc 24f , data: 0x7f85a8e03fe0 24f 591 foo bar
key: 0x7f85a8e03fb0 250 , data: 0x7f85a8e03fb4 250 592 foo bar
key: 0x7f85a8e03f84 251 , data: 0x7f85a8e03f88 251 593 foo bar
key: 0x7f85a8e03f58 253 , data: 0x7f85a8e03f5c 253 595 foo bar
key: 0x7f85a8e03f2c 254 , data: 0x7f85a8e03f30 254 596 foo bar
key: 0x7f85a8e03f00 256 , data: 0x7f85a8e03f04 256 598 foo bar
key: 0x7f85a8e03ed4 257 , data: 0x7f85a8e03ed8 257 599 foo bar
key: 0x7f85a8e03ea8 258 , data: 0x7f85a8e03eac 258 600 foo bar
key: 0x7f85a8e03e7c 25e , data: 0x7f85a8e03e80 25e 606 foo bar
key: 0x7f85a8e03e50 261 , data: 0x7f85a8e03e54 261 609 foo bar
key: 0x7f85a8e03e24 267 , data: 0x7f85a8e03e28 267 615 foo bar
key: 0x7f85a8e0379c 26a , data: 0x7f85a8e037a0 26a 618 foo bar
key: 0x7f85a8e03df8 26e , data: 0x7f85a8e03dfc 26e 622 foo bar
key: 0x7f85a8e03718 270 , data: 0x7f85a8e0371c 270 624 foo bar
key: 0x7f85a8e03dcc 278 , data: 0x7f85a8e03dd0 278 632 foo bar
key: 0x7f85a8e03770 285 , data: 0x7f85a8e03774 285 645 foo bar
key: 0x7f85a8e03da0 291 , data: 0x7f85a8e03da4 291 657 foo bar
key: 0x7f85a8e03d74 29c , data: 0x7f85a8e03d78 29c 668 foo bar
key: 0x7f85a8e03d48 29e , data: 0x7f85a8e03d4c 29e 670 foo bar
key: 0x7f85a8e03744 2a1 , data: 0x7f85a8e03748 2a1 673 foo bar
key: 0x7f85a8e03d1c 2a3 , data: 0x7f85a8e03d20 2a3 675 foo bar
key: 0x7f85a8e03cf0 2a8 , data: 0x7f85a8e03cf4 2a8 680 foo bar
key: 0x7f85a8e03cc4 2a9 , data: 0x7f85a8e03cc8 2a9 681 foo bar
key: 0x7f85a8e037f4 2ac , data: 0x7f85a8e037f8 2ac 684 foo bar
key: 0x7f85a8e03c98 2b2 , data: 0x7f85a8e03c9c 2b2 690 foo bar
key: 0x7f85a8e037c8 2b3 , data: 0x7f85a8e037cc 2b3 691 foo bar
key: 0x7f85a8e03c6c 2b4 , data: 0x7f85a8e03c70 2b4 692 foo bar
key: 0x7f85a8e03c40 2b5 , data: 0x7f85a8e03c44 2b5 693 foo bar
key: 0x7f85a8e03c14 2ba , data: 0x7f85a8e03c18 2ba 698 foo bar
key: 0x7f85a8e03be8 2be , data: 0x7f85a8e03bec 2be 702 foo bar
key: 0x7f85a8e03bbc 2c9 , data: 0x7f85a8e03bc0 2c9 713 foo bar
key: 0x7f85a8e03b90 2d5 , data: 0x7f85a8e03b94 2d5 725 foo bar
key: 0x7f85a8e03b64 2d7 , data: 0x7f85a8e03b68 2d7 727 foo bar
key: 0x7f85a8e03b38 2d8 , data: 0x7f85a8e03b3c 2d8 728 foo bar
key: 0x7f85a8e03b0c 2d9 , data: 0x7f85a8e03b10 2d9 729 foo bar
key: 0x7f85a8e03ae0 2e2 , data: 0x7f85a8e03ae4 2e2 738 foo bar
key: 0x7f85a8e03ab4 2e4 , data: 0x7f85a8e03ab8 2e4 740 foo bar
key: 0x7f85a8e0384c 2e5 , data: 0x7f85a8e03850 2e5 741 foo bar
key: 0x7f85a8e03a88 2ee , data: 0x7f85a8e03a8c 2ee 750 foo bar
key: 0x7f85a8e03820 2f0 , data: 0x7f85a8e03824 2f0 752 foo bar
key: 0x7f85a8e03a5c 2f1 , data: 0x7f85a8e03a60 2f1 753 foo bar
key: 0x7f85a8e03a30 2fa , data: 0x7f85a8e03a34 2fa 762 foo bar
key: 0x7f85a8e03a04 2ff , data: 0x7f85a8e03a08 2ff 767 foo bar
key: 0x7f85a8e039d8 301 , data: 0x7f85a8e039dc 301 769 foo bar
key: 0x7f85a8e039ac 305 , data: 0x7f85a8e039b0 305 773 foo bar
key: 0x7f85a8e03980 308 , data: 0x7f85a8e03984 308 776 foo bar
key: 0x7f85a8e03954 30c , data: 0x7f85a8e03958 30c 780 foo bar
key: 0x7f85a8e03928 30f , data: 0x7f85a8e0392c 30f 783 foo bar
key: 0x7f85a8e038fc 31a , data: 0x7f85a8e03900 31a 794 foo bar
key: 0x7f85a8e038d0 31c , data: 0x7f85a8e038d4 31c 796 foo bar
key: 0x7f85a8e038a4 31e , data: 0x7f85a8e038a8 31e 798 foo bar
key: 0x7f85a8e03878 31f , data: 0x7f85a8e0387c 31f 799 foo bar
key: 0x7f85a8e05fdc 321 , data: 0x7f85a8e05fe0 321 801 foo bar
key: 0x7f85a8e05fb0 325 , data: 0x7f85a8e05fb4 325 805 foo bar
key: 0x7f85a8e05f84 329 , data: 0x7f85a8e05f88 329 809 foo bar
key: 0x7f85a8e05f58 334 , data: 0x7f85a8e05f5c 334 820 foo bar
key: 0x7f85a8e05f2c 337 , data: 0x7f85a8e05f30 337 823 foo bar
key: 0x7f85a8e05f00 33a , data: 0x7f85a8e05f04 33a 826 foo bar
key: 0x7f85a8e05ed4 33c , data: 0x7f85a8e05ed8 33c 828 foo bar
key: 0x7f85a8e05ea8 340 , data: 0x7f85a8e05eac 340 832 foo bar
key: 0x7f85a8e05e7c 344 , data: 0x7f85a8e05e80 344 836 foo bar
key: 0x7f85a8e05e50 345 , data: 0x7f85a8e05e54 345 837 foo bar
key: 0x7f85a8e05e24 347 , data: 0x7f85a8e05e28 347 839 foo bar
key: 0x7f85a8e05df8 349 , data: 0x7f85a8e05dfc 349 841 foo bar
key: 0x7f85a8e05dcc 34c , data: 0x7f85a8e05dd0 34c 844 foo bar
key: 0x7f85a8e05da0 350 , data: 0x7f85a8e05da4 350 848 foo bar
key: 0x7f85a8e05d74 351 , data: 0x7f85a8e05d78 351 849 foo bar
key: 0x7f85a8e05d48 356 , data: 0x7f85a8e05d4c 356 854 foo bar
key: 0x7f85a8e05d1c 35f , data: 0x7f85a8e05d20 35f 863 foo bar
key: 0x7f85a8e05cf0 368 , data: 0x7f85a8e05cf4 368 872 foo bar
key: 0x7f85a8e05cc4 36b , data: 0x7f85a8e05cc8 36b 875 foo bar
key: 0x7f85a8e05c98 36e , data: 0x7f85a8e05c9c 36e 878 foo bar
key: 0x7f85a8e05c6c 36f , data: 0x7f85a8e05c70 36f 879 foo bar
key: 0x7f85a8e057f4 370 , data: 0x7f85a8e057f8 370 880 foo bar
key: 0x7f85a8e05c40 373 , data: 0x7f85a8e05c44 373 883 foo bar
key: 0x7f85a8e05c14 376 , data: 0x7f85a8e05c18 376 886 foo bar
key: 0x7f85a8e05be8 379 , data: 0x7f85a8e05bec 379 889 foo bar
key: 0x7f85a8e05bbc 37a , data: 0x7f85a8e05bc0 37a 890 foo bar
key: 0x7f85a8e05b90 37d , data: 0x7f85a8e05b94 37d 893 foo bar
key: 0x7f85a8e05b64 37e , data: 0x7f85a8e05b68 37e 894 foo bar
key: 0x7f85a8e05b38 387 , data: 0x7f85a8e05b3c 387 903 foo bar
key: 0x7f85a8e05b0c 38f , data: 0x7f85a8e05b10 38f 911 foo bar
key: 0x7f85a8e05ae0 39b , data: 0x7f85a8e05ae4 39b 923 foo bar
key: 0x7f85a8e05ab4 3a4 , data: 0x7f85a8e05ab8 3a4 932 foo bar
key: 0x7f85a8e05a88 3a8 , data: 0x7f85a8e05a8c 3a8 936 foo bar
key: 0x7f85a8e05770 3b3 , data: 0x7f85a8e05774 3b3 947 foo bar
key: 0x7f85a8e05a5c 3c2 , data: 0x7f85a8e05a60 3c2 962 foo bar
key: 0x7f85a8e05a30 3ca , data: 0x7f85a8e05a34 3ca 970 foo bar
key: 0x7f85a8e05a04 3cd , data: 0x7f85a8e05a08 3cd 973 foo bar
key: 0x7f85a8e05820 3d2 , data: 0x7f85a8e05824 3d2 978 foo bar
key: 0x7f85a8e059d8 3d3 , data: 0x7f85a8e059dc 3d3 979 foo bar
key: 0x7f85a8e059ac 3da , data: 0x7f85a8e059b0 3da 986 foo bar
key: 0x7f85a8e05980 3e6 , data: 0x7f85a8e05984 3e6 998 foo bar
key: 0x7f85a8e05954 3e7 , data: 0x7f85a8e05958 3e7 999 foo bar
key: 0x7f85a8e05928 3ef , data: 0x7f85a8e0592c 3ef 1007 foo bar
key: 0x7f85a8e0579c 3f1 , data: 0x7f85a8e057a0 3f1 1009 foo bar
key: 0x7f85a8e058fc 3f4 , data: 0x7f85a8e05900 3f4 1012 foo bar
key: 0x7f85a8e057c8 3f5 , data: 0x7f85a8e057cc 3f5 1013 foo bar
key: 0x7f85a8e058d0 3f8 , data: 0x7f85a8e058d4 3f8 1016 foo bar
key: 0x7f85a8e058a4 3fa , data: 0x7f85a8e058a8 3fa 1018 foo bar
key: 0x7f85a8e05878 3fc , data: 0x7f85a8e0587c 3fc 1020 foo bar
key: 0x7f85a8e0584c 3ff , data: 0x7f85a8e05850 3ff 1023 foo bar
Deleted 85 values
Cursor next
key: 004 , data: 004 4 foo bar
key: 008 , data: 008 8 foo bar
key: 00f , data: 00f 15 foo bar
key: 01b , data: 01b 27 foo bar
key: 01c , data: 01c 28 foo bar
key: 02d , data: 02d 45 foo bar
key: 034 , data: 034 52 foo bar
key: 03d , data: 03d 61 foo bar
key: 03e , data: 03e 62 foo bar
key: 03f , data: 03f 63 foo bar
key: 041 , data: 041 65 foo bar
key: 056 , data: 056 86 foo bar
key: 05b , data: 05b 91 foo bar
key: 068 , data: 068 104 foo bar
key: 072 , data: 072 114 foo bar
key: 08e , data: 08e 142 foo bar
key: 08f , data: 08f 143 foo bar
key: 093 , data: 093 147 foo bar
key: 0a6 , data: 0a6 166 foo bar
key: 0b3 , data: 0b3 179 foo bar
key: 0bf , data: 0bf 191 foo bar
key: 0c8 , data: 0c8 200 foo bar
key: 0d1 , data: 0d1 209 foo bar
key: 0de , data: 0de 222 foo bar
key: 0e4 , data: 0e4 228 foo bar
key: 0ea , data: 0ea 234 foo bar
key: 0ee , data: 0ee 238 foo bar
key: 107 , data: 107 263 foo bar
key: 110 , data: 110 272 foo bar
key: 11d , data: 11d 285 foo bar
key: 126 , data: 126 294 foo bar
key: 127 , data: 127 295 foo bar
key: 128 , data: 128 296 foo bar
key: 133 , data: 133 307 foo bar
key: 13f , data: 13f 319 foo bar
key: 155 , data: 155 341 foo bar
key: 158 , data: 158 344 foo bar
key: 186 , data: 186 390 foo bar
key: 196 , data: 196 406 foo bar
key: 1a2 , data: 1a2 418 foo bar
key: 1a7 , data: 1a7 423 foo bar
key: 1a9 , data: 1a9 425 foo bar
key: 1b0 , data: 1b0 432 foo bar
key: 1b1 , data: 1b1 433 foo bar
key: 1b6 , data: 1b6 438 foo bar
key: 1e3 , data: 1e3 483 foo bar
key: 1ee , data: 1ee 494 foo bar
key: 1f6 , data: 1f6 502 foo bar
key: 1fd , data: 1fd 509 foo bar
key: 205 , data: 205 517 foo bar
key: 206 , data: 206 518 foo bar
key: 210 , data: 210 528 foo bar
key: 216 , data: 216 534 foo bar
key: 21f , data: 21f 543 foo bar
key: 220 , data: 220 544 foo bar
key: 222 , data: 222 546 foo bar
key: 226 , data: 226 550 foo bar
key: 227 , data: 227 551 foo bar
key: 22a , data: 22a 554 foo bar
key: 235 , data: 235 565 foo bar
key: 238 , data: 238 568 foo bar
key: 243 , data: 243 579 foo bar
key: 250 , data: 250 592 foo bar
key: 256 , data: 256 598 foo bar
key: 257 , data: 257 599 foo bar
key: 25e , data: 25e 606 foo bar
key: 261 , data: 261 609 foo bar
key: 26a , data: 26a 618 foo bar
key: 29c , data: 29c 668 foo bar
key: 29e , data: 29e 670 foo bar
key: 2a1 , data: 2a1 673 foo bar
key: 2a8 , data: 2a8 680 foo bar
key: 2ac , data: 2ac 684 foo bar
key: 2b3 , data: 2b3 691 foo bar
key: 2b4 , data: 2b4 692 foo bar
key: 2b5 , data: 2b5 693 foo bar
key: 2be , data: 2be 702 foo bar
key: 2c9 , data: 2c9 713 foo bar
key: 2d5 , data: 2d5 725 foo bar
key: 2d9 , data: 2d9 729 foo bar
key: 2e2 , data: 2e2 738 foo bar
key: 2e4 , data: 2e4 740 foo bar
key: 2e5 , data: 2e5 741 foo bar
key: 2f1 , data: 2f1 753 foo bar
key: 2fa , data: 2fa 762 foo bar
key: 301 , data: 301 769 foo bar
key: 308 , data: 308 776 foo bar
key: 30c , data: 30c 780 foo bar
key: 30f , data: 30f 783 foo bar
key: 321 , data: 321 801 foo bar
key: 325 , data: 325 805 foo bar
key: 334 , data: 334 820 foo bar
key: 337 , data: 337 823 foo bar
key: 33a , data: 33a 826 foo bar
key: 33c , data: 33c 828 foo bar
key: 345 , data: 345 837 foo bar
key: 351 , data: 351 849 foo bar
key: 35f , data: 35f 863 foo bar
key: 368 , data: 368 872 foo bar
key: 36b , data: 36b 875 foo bar
key: 370 , data: 370 880 foo bar
key: 376 , data: 376 886 foo bar
key: 379 , data: 379 889 foo bar
key: 37a , data: 37a 890 foo bar
key: 387 , data: 387 903 foo bar
key: 38f , data: 38f 911 foo bar
key: 39b , data: 39b 923 foo bar
key: 3a4 , data: 3a4 932 foo bar
key: 3a8 , data: 3a8 936 foo bar
key: 3b3 , data: 3b3 947 foo bar
key: 3c2 , data: 3c2 962 foo bar
key: 3d2 , data: 3d2 978 foo bar
key: 3e6 , data: 3e6 998 foo bar
key: 3ef , data: 3ef 1007 foo bar
key: 3ff , data: 3ff 1023 foo bar
Cursor last
key: 3ff , data: 3ff 1023 foo bar
Cursor prev
key: 3ef , data: 3ef 1007 foo bar
key: 3e6 , data: 3e6 998 foo bar
key: 3d2 , data: 3d2 978 foo bar
key: 3c2 , data: 3c2 962 foo bar
key: 3b3 , data: 3b3 947 foo bar
key: 3a8 , data: 3a8 936 foo bar
key: 3a4 , data: 3a4 932 foo bar
key: 39b , data: 39b 923 foo bar
key: 38f , data: 38f 911 foo bar
key: 387 , data: 387 903 foo bar
key: 37a , data: 37a 890 foo bar
key: 379 , data: 379 889 foo bar
key: 376 , data: 376 886 foo bar
key: 370 , data: 370 880 foo bar
key: 36b , data: 36b 875 foo bar
key: 368 , data: 368 872 foo bar
key: 35f , data: 35f 863 foo bar
key: 351 , data: 351 849 foo bar
key: 345 , data: 345 837 foo bar
key: 33c , data: 33c 828 foo bar
key: 33a , data: 33a 826 foo bar
key: 337 , data: 337 823 foo bar
key: 334 , data: 334 820 foo bar
key: 325 , data: 325 805 foo bar
key: 321 , data: 321 801 foo bar
key: 30f , data: 30f 783 foo bar
key: 30c , data: 30c 780 foo bar
key: 308 , data: 308 776 foo bar
key: 301 , data: 301 769 foo bar
key: 2fa , data: 2fa 762 foo bar
key: 2f1 , data: 2f1 753 foo bar
key: 2e5 , data: 2e5 741 foo bar
key: 2e4 , data: 2e4 740 foo bar
key: 2e2 , data: 2e2 738 foo bar
key: 2d9 , data: 2d9 729 foo bar
key: 2d5 , data: 2d5 725 foo bar
key: 2c9 , data: 2c9 713 foo bar
key: 2be , data: 2be 702 foo bar
key: 2b5 , data: 2b5 693 foo bar
key: 2b4 , data: 2b4 692 foo bar
key: 2b3 , data: 2b3 691 foo bar
key: 2ac , data: 2ac 684 foo bar
key: 2a8 , data: 2a8 680 foo bar
key: 2a1 , data: 2a1 673 foo bar
key: 29e , data: 29e 670 foo bar
key: 29c , data: 29c 668 foo bar
key: 26a , data: 26a 618 foo bar
key: 261 , data: 261 609 foo bar
key: 25e , data: 25e 606 foo bar
key: 257 , data: 257 599 foo bar
key: 256 , data: 256 598 foo bar
key: 250 , data: 250 592 foo bar
key: 243 , data: 243 579 foo bar
key: 238 , data: 238 568 foo bar
key: 235 , data: 235 565 foo bar
key: 22a , data: 22a 554 foo bar
key: 227 , data: 227 551 foo bar
key: 226 , data: 226 550 foo bar
key: 222 , data: 222 546 foo bar
key: 220 , data: 220 544 foo bar
key: 21f , data: 21f 543 foo bar
key: 216 , data: 216 534 foo bar
key: 210 , data: 210 528 foo bar
key: 206 , data: 206 518 foo bar
key: 205 , data: 205 517 foo bar
key: 1fd , data: 1fd 509 foo bar
key: 1f6 , data: 1f6 502 foo bar
key: 1ee , data: 1ee 494 foo bar
key: 1e3 , data: 1e3 483 foo bar
key: 1b6 , data: 1b6 438 foo bar
key: 1b1 , data: 1b1 433 foo bar
key: 1b0 , data: 1b0 432 foo bar
key: 1a9 , data: 1a9 425 foo bar
key: 1a7 , data: 1a7 423 foo bar
key: 1a2 , data: 1a2 418 foo bar
key: 196 , data: 196 406 foo bar
key: 186 , data: 186 390 foo bar
key: 158 , data: 158 344 foo bar
key: 155 , data: 155 341 foo bar
key: 13f , data: 13f 319 foo bar
key: 133 , data: 133 307 foo bar
key: 128 , data: 128 296 foo bar
key: 127 , data: 127 295 foo bar
key: 126 , data: 126 294 foo bar
key: 11d , data: 11d 285 foo bar
key: 110 , data: 110 272 foo bar
key: 107 , data: 107 263 foo bar
key: 0ee , data: 0ee 238 foo bar
key: 0ea , data: 0ea 234 foo bar
key: 0e4 , data: 0e4 228 foo bar
key: 0de , data: 0de 222 foo bar
key: 0d1 , data: 0d1 209 foo bar
key: 0c8 , data: 0c8 200 foo bar
key: 0bf , data: 0bf 191 foo bar
key: 0b3 , data: 0b3 179 foo bar
key: 0a6 , data: 0a6 166 foo bar
key: 093 , data: 093 147 foo bar
key: 08f , data: 08f 143 foo bar
key: 08e , data: 08e 142 foo bar
key: 072 , data: 072 114 foo bar
key: 068 , data: 068 104 foo bar
key: 05b , data: 05b 91 foo bar
key: 056 , data: 056 86 foo bar
key: 041 , data: 041 65 foo bar
key: 03f , data: 03f 63 foo bar
key: 03e , data: 03e 62 foo bar
key: 03d , data: 03d 61 foo bar
key: 034 , data: 034 52 foo bar
key: 02d , data: 02d 45 foo bar
key: 01c , data: 01c 28 foo bar
key: 01b , data: 01b 27 foo bar
key: 00f , data: 00f 15 foo bar
key: 008 , data: 008 8 foo bar
key: 004 , data: 004 4 foo bar
Cursor last/prev
key: 3ff , data: 3ff 1023 foo bar
key: 3ef , data: 3ef 1007 foo bar
Deleting with cursor
key: 0x7f85a8e0afdc 004 , data: 0x7f85a8e0afe0 004 4 foo bar
key: 0x7f85a996057c 008 , data: 0x7f85a9960580 008 8 foo bar
key: 0x7f85a996057c 00f , data: 0x7f85a9960580 00f 15 foo bar
key: 0x7f85a996057c 01b , data: 0x7f85a9960580 01b 27 foo bar
key: 0x7f85a996057c 01c , data: 0x7f85a9960580 01c 28 foo bar
key: 0x7f85a996057c 02d , data: 0x7f85a9960580 02d 45 foo bar
key: 0x7f85a996057c 034 , data: 0x7f85a9960580 034 52 foo bar
key: 0x7f85a996057c 03d , data: 0x7f85a9960580 03d 61 foo bar
key: 0x7f85a996057c 03e , data: 0x7f85a9960580 03e 62 foo bar
key: 0x7f85a996057c 03f , data: 0x7f85a9960580 03f 63 foo bar
key: 0x7f85a99601b4 041 , data: 0x7f85a99601b8 041 65 foo bar
key: 0x7f85a996057c 056 , data: 0x7f85a9960580 056 86 foo bar
key: 0x7f85a996057c 05b , data: 0x7f85a9960580 05b 91 foo bar
key: 0x7f85a996057c 068 , data: 0x7f85a9960580 068 104 foo bar
key: 0x7f85a996057c 072 , data: 0x7f85a9960580 072 114 foo bar
key: 0x7f85a996057c 08e , data: 0x7f85a9960580 08e 142 foo bar
key: 0x7f85a996057c 08f , data: 0x7f85a9960580 08f 143 foo bar
key: 0x7f85a996057c 093 , data: 0x7f85a9960580 093 147 foo bar
key: 0x7f85a996057c 0a6 , data: 0x7f85a9960580 0a6 166 foo bar
key: 0x7f85a996057c 0b3 , data: 0x7f85a9960580 0b3 179 foo bar
key: 0x7f85a996057c 0bf , data: 0x7f85a9960580 0bf 191 foo bar
key: 0x7f85a996057c 0c8 , data: 0x7f85a9960580 0c8 200 foo bar
key: 0x7f85a996057c 0d1 , data: 0x7f85a9960580 0d1 209 foo bar
key: 0x7f85a996057c 0de , data: 0x7f85a9960580 0de 222 foo bar
key: 0x7f85a996057c 0e4 , data: 0x7f85a9960580 0e4 228 foo bar
key: 0x7f85a996057c 0ea , data: 0x7f85a9960580 0ea 234 foo bar
key: 0x7f85a996057c 0ee , data: 0x7f85a9960580 0ee 238 foo bar
key: 0x7f85a996057c 107 , data: 0x7f85a9960580 107 263 foo bar
key: 0x7f85a996057c 110 , data: 0x7f85a9960580 110 272 foo bar
key: 0x7f85a996057c 11d , data: 0x7f85a9960580 11d 285 foo bar
key: 0x7f85a9960524 126 , data: 0x7f85a9960528 126 294 foo bar
key: 0x7f85a996057c 127 , data: 0x7f85a9960580 127 295 foo bar
key: 0x7f85a996057c 128 , data: 0x7f85a9960580 128 296 foo bar
key: 0x7f85a996057c 133 , data: 0x7f85a9960580 133 307 foo bar
key: 0x7f85a996057c 13f , data: 0x7f85a9960580 13f 319 foo bar
key: 0x7f85a996057c 155 , data: 0x7f85a9960580 155 341 foo bar
key: 0x7f85a996057c 158 , data: 0x7f85a9960580 158 344 foo bar
key: 0x7f85a996057c 186 , data: 0x7f85a9960580 186 390 foo bar
key: 0x7f85a996057c 196 , data: 0x7f85a9960580 196 406 foo bar
key: 0x7f85a996057c 1a2 , data: 0x7f85a9960580 1a2 418 foo bar
key: 0x7f85a996057c 1a7 , data: 0x7f85a9960580 1a7 423 foo bar
key: 0x7f85a996057c 1a9 , data: 0x7f85a9960580 1a9 425 foo bar
key: 0x7f85a996057c 1b0 , data: 0x7f85a9960580 1b0 432 foo bar
key: 0x7f85a996057c 1b1 , data: 0x7f85a9960580 1b1 433 foo bar
key: 0x7f85a996057c 1b6 , data: 0x7f85a9960580 1b6 438 foo bar
key: 0x7f85a996057c 1e3 , data: 0x7f85a9960580 1e3 483 foo bar
key: 0x7f85a996057c 1ee , data: 0x7f85a9960580 1ee 494 foo bar
key: 0x7f85a996057c 1f6 , data: 0x7f85a9960580 1f6 502 foo bar
key: 0x7f85a996057c 1fd , data: 0x7f85a9960580 1fd 509 foo bar
key: 0x7f85a996057c 205 , data: 0x7f85a9960580 205 517 foo bar
Restarting cursor in txn
key: 0x7f85a996057c 206 , data: 0x7f85a9960580 206 518 foo bar
key: 0x7f85a9960550 210 , data: 0x7f85a9960554 210 528 foo bar
key: 0x7f85a9960524 216 , data: 0x7f85a9960528 216 534 foo bar
key: 0x7f85a99604f8 21f , data: 0x7f85a99604fc 21f 543 foo bar
key: 0x7f85a99604cc 220 , data: 0x7f85a99604d0 220 544 foo bar
key: 0x7f85a99604a0 222 , data: 0x7f85a99604a4 222 546 foo bar
key: 0x7f85a9960474 226 , data: 0x7f85a9960478 226 550 foo bar
key: 0x7f85a9960448 227 , data: 0x7f85a996044c 227 551 foo bar
key: 0x7f85a996041c 22a , data: 0x7f85a9960420 22a 554 foo bar
key: 0x7f85a99603f0 235 , data: 0x7f85a99603f4 235 565 foo bar
key: 0x7f85a99603c4 238 , data: 0x7f85a99603c8 238 568 foo bar
key: 0x7f85a9960398 243 , data: 0x7f85a996039c 243 579 foo bar
key: 0x7f85a996036c 250 , data: 0x7f85a9960370 250 592 foo bar
key: 0x7f85a9960340 256 , data: 0x7f85a9960344 256 598 foo bar
key: 0x7f85a9960314 257 , data: 0x7f85a9960318 257 599 foo bar
key: 0x7f85a99602e8 25e , data: 0x7f85a99602ec 25e 606 foo bar
key: 0x7f85a99602bc 261 , data: 0x7f85a99602c0 261 609 foo bar
key: 0x7f85a9960290 26a , data: 0x7f85a9960294 26a 618 foo bar
key: 0x7f85a9960264 29c , data: 0x7f85a9960268 29c 668 foo bar
key: 0x7f85a9960238 29e , data: 0x7f85a996023c 29e 670 foo bar
key: 0x7f85a996020c 2a1 , data: 0x7f85a9960210 2a1 673 foo bar
key: 0x7f85a99601e0 2a8 , data: 0x7f85a99601e4 2a8 680 foo bar
key: 0x7f85a99601b4 2ac , data: 0x7f85a99601b8 2ac 684 foo bar
key: 0x7f85a9960188 2b3 , data: 0x7f85a996018c 2b3 691 foo bar
key: 0x7f85a996015c 2b4 , data: 0x7f85a9960160 2b4 692 foo bar
key: 0x7f85a9960130 2b5 , data: 0x7f85a9960134 2b5 693 foo bar
key: 0x7f85a9960104 2be , data: 0x7f85a9960108 2be 702 foo bar
key: 0x7f85a99600d8 2c9 , data: 0x7f85a99600dc 2c9 713 foo bar
key: 0x7f85a99600ac 2d5 , data: 0x7f85a99600b0 2d5 725 foo bar
key: 0x7f85a9960080 2d9 , data: 0x7f85a9960084 2d9 729 foo bar
key: 0x7f85a9960054 2e2 , data: 0x7f85a9960058 2e2 738 foo bar
key: 0x7f85a9960028 2e4 , data: 0x7f85a996002c 2e4 740 foo bar
key: 0x7f85a995fffc 2e5 , data: 0x7f85a9960000 2e5 741 foo bar
Restarting cursor outside txn
key: 0x7f85a8e09fdc 206 , data: 0x7f85a8e09fe0 206 518 foo bar
key: 0x7f85a8e09fb0 210 , data: 0x7f85a8e09fb4 210 528 foo bar
key: 0x7f85a8e09f84 216 , data: 0x7f85a8e09f88 216 534 foo bar
key: 0x7f85a8e09f58 21f , data: 0x7f85a8e09f5c 21f 543 foo bar
key: 0x7f85a8e09f2c 220 , data: 0x7f85a8e09f30 220 544 foo bar
key: 0x7f85a8e09f00 222 , data: 0x7f85a8e09f04 222 546 foo bar
key: 0x7f85a8e09ed4 226 , data: 0x7f85a8e09ed8 226 550 foo bar
key: 0x7f85a8e09ea8 227 , data: 0x7f85a8e09eac 227 551 foo bar
key: 0x7f85a8e09e7c 22a , data: 0x7f85a8e09e80 22a 554 foo bar
key: 0x7f85a8e09e50 235 , data: 0x7f85a8e09e54 235 565 foo bar
key: 0x7f85a8e09e24 238 , data: 0x7f85a8e09e28 238 568 foo bar
key: 0x7f85a8e09df8 243 , data: 0x7f85a8e09dfc 243 579 foo bar
key: 0x7f85a8e09dcc 250 , data: 0x7f85a8e09dd0 250 592 foo bar
key: 0x7f85a8e09da0 256 , data: 0x7f85a8e09da4 256 598 foo bar
key: 0x7f85a8e09d74 257 , data: 0x7f85a8e09d78 257 599 foo bar
key: 0x7f85a8e09d48 25e , data: 0x7f85a8e09d4c 25e 606 foo bar
key: 0x7f85a8e09d1c 261 , data: 0x7f85a8e09d20 261 609 foo bar
key: 0x7f85a8e09cf0 26a , data: 0x7f85a8e09cf4 26a 618 foo bar
key: 0x7f85a8e09cc4 29c , data: 0x7f85a8e09cc8 29c 668 foo bar
key: 0x7f85a8e09c98 29e , data: 0x7f85a8e09c9c 29e 670 foo bar
key: 0x7f85a8e09c6c 2a1 , data: 0x7f85a8e09c70 2a1 673 foo bar
key: 0x7f85a8e09c40 2a8 , data: 0x7f85a8e09c44 2a8 680 foo bar
key: 0x7f85a8e09c14 2ac , data: 0x7f85a8e09c18 2ac 684 foo bar
key: 0x7f85a8e09be8 2b3 , data: 0x7f85a8e09bec 2b3 691 foo bar
key: 0x7f85a8e09bbc 2b4 , data: 0x7f85a8e09bc0 2b4 692 foo bar
key: 0x7f85a8e09b90 2b5 , data: 0x7f85a8e09b94 2b5 693 foo bar
key: 0x7f85a8e09b64 2be , data: 0x7f85a8e09b68 2be 702 foo bar
key: 0x7f85a8e09b38 2c9 , data: 0x7f85a8e09b3c 2c9 713 foo bar
key: 0x7f85a8e09b0c 2d5 , data: 0x7f85a8e09b10 2d5 725 foo bar
key: 0x7f85a8e09ae0 2d9 , data: 0x7f85a8e09ae4 2d9 729 foo bar
key: 0x7f85a8e09ab4 2e2 , data: 0x7f85a8e09ab8 2e2 738 foo bar
key: 0x7f85a8e09a88 2e4 , data: 0x7f85a8e09a8c 2e4 740 foo bar
key: 0x7f85a8e09a5c 2e5 , data: 0x7f85a8e09a60 2e5 741 foo bar
Status of Main DB
  Tree depth: 2
  Branch pages: 1
  Leaf pages: 2
  Overflow pages: 0
  Entries: 65
>>> lmdb: Entering fakeroot...
mkdir -p /tmp/pkg/lmdb/usr/bin
mkdir -p /tmp/pkg/lmdb/usr/lib
mkdir -p /tmp/pkg/lmdb/usr/include
mkdir -p /tmp/pkg/lmdb/usr/share/man/man1
for f in mdb_stat mdb_copy mdb_dump mdb_load; do cp -a $f /tmp/pkg/lmdb/usr/bin; done
for f in liblmdb.so liblmdb.so.0.0.0 liblmdb.so.0; do cp -a $f /tmp/pkg/lmdb/usr/lib; done
for f in lmdb.h; do cp -a $f /tmp/pkg/lmdb/usr/include; done
for f in mdb_stat.1 mdb_copy.1 mdb_dump.1 mdb_load.1; do cp -a $f /tmp/pkg/lmdb/usr/share/man/man1; done
>>> lmdb-dev*: Running split function dev...
'usr/include' -> '/tmp/pkg/lmdb-dev/usr/include'
'usr/lib/pkgconfig' -> '/tmp/pkg/lmdb-dev/usr/lib/pkgconfig'
'usr/lib/liblmdb.so' -> '/tmp/pkg/lmdb-dev/usr/lib/liblmdb.so'
>>> lmdb-dev*: Preparing subpackage lmdb-dev...
>>> lmdb-dev*: Stripping binaries
>>> lmdb-dev*: Running postcheck for lmdb-dev
>>> lmdb-doc*: Running split function doc...
'usr/share/man' -> '/tmp/pkg/lmdb-doc/usr/share/man'
>>> lmdb-doc*: Preparing subpackage lmdb-doc...
>>> lmdb-doc*: Running postcheck for lmdb-doc
>>> lmdb-tools*: Running split function tools...
>>> lmdb-tools*: Preparing subpackage lmdb-tools...
>>> lmdb-tools*: Stripping binaries
>>> lmdb-tools*: Running postcheck for lmdb-tools
>>> lmdb*: Running postcheck for lmdb
>>> lmdb*: Preparing package lmdb...
>>> lmdb*: Stripping binaries
>>> lmdb-dev*: Scanning shared objects
>>> lmdb-doc*: Scanning shared objects
>>> lmdb-tools*: Scanning shared objects
>>> lmdb*: Scanning shared objects
>>> lmdb-dev*: Tracing dependencies...
	lmdb=0.9.33-r0
	pkgconfig
>>> lmdb-dev*: Package size: 72.5 KB
>>> lmdb-dev*: Compressing data...
>>> lmdb-dev*: Create checksum...
>>> lmdb-dev*: Create lmdb-dev-0.9.33-r0.apk
>>> lmdb-doc*: Tracing dependencies...
>>> lmdb-doc*: Package size: 4.0 KB
>>> lmdb-doc*: Compressing data...
>>> lmdb-doc*: Create checksum...
>>> lmdb-doc*: Create lmdb-doc-0.9.33-r0.apk
>>> lmdb-tools*: Tracing dependencies...
	so:libc.musl-x86_64.so.1
	so:liblmdb.so.0
>>> lmdb-tools*: Package size: 63.7 KB
>>> lmdb-tools*: Compressing data...
>>> lmdb-tools*: Create checksum...
>>> lmdb-tools*: Create lmdb-tools-0.9.33-r0.apk
>>> lmdb*: Tracing dependencies...
	so:libc.musl-x86_64.so.1
>>> lmdb*: Package size: 93.7 KB
>>> lmdb*: Compressing data...
>>> lmdb*: Create checksum...
>>> lmdb*: Create lmdb-0.9.33-r0.apk
>>> lmdb: Updating the main/x86_64 repository index...
>>> lmdb: Signing the index...
>>> lmdb: Cleaning up srcdir
>>> lmdb: Cleaning up build chroot
>>> lmdb: Cleaning up pkgdir
