pigz: not found
>>> bluez-firmware: Building main/bluez-firmware 1.2-r2 (using abuild 3.14.1-r4) started Fri, 16 May 2025 20:24:55 +0000
>>> bluez-firmware: Validating /home/packager/aports/main/bluez-firmware/APKBUILD...
>>> bluez-firmware: Analyzing dependencies...
>>> bluez-firmware: Installing for build: build-base
fetch https://dl-cdn.alpinelinux.org/alpine/v3.21/main/x86_64/APKINDEX.tar.gz
fetch https://dl-cdn.alpinelinux.org/alpine/v3.21/community/x86_64/APKINDEX.tar.gz
(1/1) Installing .makedepends-bluez-firmware (20250516.202456)
OK: 259 MiB in 75 packages
>>> bluez-firmware: Cleaning up srcdir
>>> bluez-firmware: Cleaning up pkgdir
>>> bluez-firmware: Cleaning up tmpdir
>>> bluez-firmware: Fetching https://dev.alpinelinux.org/archive/bluez-firmware/bluez-firmware-1.2.tar.gz
Connecting to dev.alpinelinux.org (185.15.220.34:443)
saving to '/var/cache/distfiles/bluez-firmware-1.2.tar.gz.part'
bluez-firmware-1.2.t 100% |********************************|  361k  0:00:00 ETA
'/var/cache/distfiles/bluez-firmware-1.2.tar.gz.part' saved
>>> bluez-firmware: Fetching https://dev.alpinelinux.org/archive/bluez-firmware/bluez-firmware-1.2.tar.gz
>>> bluez-firmware: Checking sha512sums...
bluez-firmware-1.2.tar.gz: OK
>>> bluez-firmware: Unpacking /var/cache/distfiles/bluez-firmware-1.2.tar.gz...
checking for a BSD-compatible install... /usr/bin/install -c
checking whether build environment is sane... yes
checking for gawk... no
checking for mawk... no
checking for nawk... no
checking for awk... awk
checking whether make sets $(MAKE)... yes
checking whether to enable maintainer-specific portions of Makefiles... no
checking for a BSD-compatible install... /usr/bin/install -c
configure: creating ./config.status
config.status: creating Makefile
make: Nothing to be done for 'all'.
>>> bluez-firmware: Entering fakeroot...
make[1]: Entering directory '/home/packager/aports/main/bluez-firmware/src/bluez-firmware-1.2'
make[1]: Nothing to be done for 'install-exec-am'.
/bin/sh ./mkinstalldirs /home/packager/aports/main/bluez-firmware/pkg/bluez-firmware/lib/firmware
mkdir -p -- /home/packager/aports/main/bluez-firmware/pkg/bluez-firmware/lib/firmware
 /usr/bin/install -c -m 644 broadcom/BCM2033-MD.hex /home/packager/aports/main/bluez-firmware/pkg/bluez-firmware/lib/firmware/BCM2033-MD.hex
 /usr/bin/install -c -m 644 broadcom/BCM2033-FW.bin /home/packager/aports/main/bluez-firmware/pkg/bluez-firmware/lib/firmware/BCM2033-FW.bin
 /usr/bin/install -c -m 644 broadcom/BCM-LEGAL.txt /home/packager/aports/main/bluez-firmware/pkg/bluez-firmware/lib/firmware/BCM-LEGAL.txt
 /usr/bin/install -c -m 644 st/STLC2500_R4_00_03.ptc /home/packager/aports/main/bluez-firmware/pkg/bluez-firmware/lib/firmware/STLC2500_R4_00_03.ptc
 /usr/bin/install -c -m 644 st/STLC2500_R4_00_06.ssf /home/packager/aports/main/bluez-firmware/pkg/bluez-firmware/lib/firmware/STLC2500_R4_00_06.ssf
 /usr/bin/install -c -m 644 st/STLC2500_R4_02_02_WLAN.ssf /home/packager/aports/main/bluez-firmware/pkg/bluez-firmware/lib/firmware/STLC2500_R4_02_02_WLAN.ssf
 /usr/bin/install -c -m 644 st/STLC2500_R4_02_04.ptc /home/packager/aports/main/bluez-firmware/pkg/bluez-firmware/lib/firmware/STLC2500_R4_02_04.ptc
make[1]: Leaving directory '/home/packager/aports/main/bluez-firmware/src/bluez-firmware-1.2'
>>> bluez-firmware*: Running postcheck for bluez-firmware
>>> WARNING: bluez-firmware*: Packages must not put anything under /lib, use /usr/lib instead
>>> bluez-firmware*: Preparing package bluez-firmware...
>>> bluez-firmware*: Stripping binaries
>>> WARNING: bluez-firmware*: No arch specific binaries found so arch should probably be set to "noarch"
>>> bluez-firmware*: Scanning shared objects
>>> bluez-firmware*: Tracing dependencies...
>>> bluez-firmware*: Package size: 120.8 KB
>>> bluez-firmware*: Compressing data...
>>> bluez-firmware*: Create checksum...
pigz: not found
>>> bluez-firmware*: Create bluez-firmware-1.2-r2.apk
>>> bluez-firmware: Build complete at Fri, 16 May 2025 20:24:59 +0000 elapsed time 0h 0m 4s
>>> bluez-firmware: Cleaning up srcdir
>>> bluez-firmware: Cleaning up pkgdir
>>> bluez-firmware: Uninstalling dependencies...
(1/1) Purging .makedepends-bluez-firmware (20250516.202456)
OK: 259 MiB in 74 packages
>>> bluez-firmware: Updating the main/x86_64 repository index...
>>> bluez-firmware: Signing the index...
pigz: not found
