>>> fprobe: Validating /home/packager/oily-pine/main/fprobe/APKBUILD...
>>> fprobe: Cleaning up srcdir
>>> fprobe: Cleaning up pkgdir
>>> fprobe: Cleaning up tmpdir
>>> fprobe: Fetching https://downloads.sourceforge.net/fprobe/fprobe-1.1.tar.bz2
  % Total    % Received % Xferd  Average Speed   Time    Time     Time  Current
                                 Dload  Upload   Total   Spent    Left  Speed
  0     0    0     0    0     0      0      0 --:--:-- --:--:-- --:--:--     0100   368  100   368    0     0   1396      0 --:--:-- --:--:-- --:--:--  1399
100   359  100   359    0     0    785      0 --:--:-- --:--:-- --:--:--   785
  0     0    0     0    0     0      0      0 --:--:-- --:--:-- --:--:--     0 94  101k   94 98059    0     0  51900      0  0:00:02  0:00:01  0:00:01   99k100  101k  100  101k    0     0  54026      0  0:00:01  0:00:01 --:--:--  101k
>>> fprobe: Fetching https://downloads.sourceforge.net/fprobe/fprobe-1.1.tar.bz2
>>> fprobe: Checking sha512sums...
fprobe-1.1.tar.bz2: OK
fprobe-1.1-pidfile-sanity.patch: OK
fprobe-1.1-setgroups.patch: OK
fprobe.initd: OK
fprobe.confd: OK
>>> fprobe: Preparing build chroot...
fetch http://dl-cdn.alpinelinux.org/alpine/edge/main/x86_64/APKINDEX.tar.gz
(1/70) Installing musl (1.2.5-r10)
(2/70) Installing libcrypto3 (3.5.0-r0)
(3/70) Installing ca-certificates-bundle (20241121-r2)
(4/70) Installing libssl3 (3.5.0-r0)
(5/70) Installing zlib (1.3.1-r2)
(6/70) Installing libapk2 (2.14.9-r2)
(7/70) Installing apk-tools (2.14.9-r2)
(8/70) Installing libcap2 (2.76-r0)
(9/70) Installing libcap-getcap (2.76-r0)
(10/70) Installing fakeroot (1.37.1.1-r0)
(11/70) Installing scanelf (1.3.8-r1)
(12/70) Installing musl-utils (1.2.5-r10)
(13/70) Installing libgcc (14.3.0-r0)
(14/70) Installing libstdc++ (14.3.0-r0)
(15/70) Installing lzip (1.25-r0)
(16/70) Installing openssl (3.5.0-r0)
(17/70) Installing patch (2.8-r0)
(18/70) Installing pkgconf (2.4.3-r0)
(19/70) Installing acl-libs (2.3.2-r1)
(20/70) Installing tar (1.35-r3)
(21/70) Installing busybox (1.37.0-r18)
Executing busybox-1.37.0-r18.post-install
(22/70) Installing ssl_client (1.37.0-r18)
(23/70) Installing busybox-binsh (1.37.0-r18)
(24/70) Installing abuild (3.15.0-r0)
Executing abuild-3.15.0-r0.pre-install
(25/70) Installing abuild-sudo (3.15.0-r0)
(26/70) Installing alpine-baselayout-data (3.7.0-r0)
(27/70) Installing alpine-baselayout (3.7.0-r0)
Executing alpine-baselayout-3.7.0-r0.pre-install
Executing alpine-baselayout-3.7.0-r0.post-install
(28/70) Installing bridge (1.5-r5)
(29/70) Installing ifupdown-ng (0.12.1-r7)
(30/70) Installing openrc-user (0.62.2-r2)
(31/70) Installing openrc (0.62.2-r2)
Executing openrc-0.62.2-r2.post-install
(32/70) Installing mdev-conf (4.8-r0)
(33/70) Installing busybox-mdev-openrc (1.37.0-r18)
(34/70) Installing alpine-conf (3.20.0-r0)
(35/70) Installing alpine-keys (2.5-r0)
(36/70) Installing alpine-release (3.22.0-r0)
(37/70) Installing busybox-openrc (1.37.0-r18)
(38/70) Installing busybox-suid (1.37.0-r18)
(39/70) Installing alpine-base (3.22.0-r0)
(40/70) Installing jansson (2.14.1-r0)
(41/70) Installing zstd-libs (1.5.7-r0)
(42/70) Installing binutils (2.44-r0)
(43/70) Installing libmagic (5.46-r2)
(44/70) Installing file (5.46-r2)
(45/70) Installing libgomp (14.3.0-r0)
(46/70) Installing libatomic (14.3.0-r0)
(47/70) Installing gmp (6.3.0-r3)
(48/70) Installing isl26 (0.26-r1)
(49/70) Installing mpfr4 (4.2.1_p1-r0)
(50/70) Installing mpc1 (1.3.1-r1)
(51/70) Installing gcc (14.3.0-r0)
(52/70) Installing libstdc++-dev (14.3.0-r0)
(53/70) Installing musl-dev (1.2.5-r10)
(54/70) Installing g++ (14.3.0-r0)
(55/70) Installing make (4.4.1-r3)
(56/70) Installing fortify-headers (1.1-r5)
(57/70) Installing build-base (0.5-r3)
(58/70) Installing brotli-libs (1.1.0-r2)
(59/70) Installing c-ares (1.34.5-r0)
(60/70) Installing libunistring (1.3-r0)
(61/70) Installing libidn2 (2.3.7-r0)
(62/70) Installing nghttp2-libs (1.65.0-r0)
(63/70) Installing libpsl (0.21.5-r3)
(64/70) Installing libcurl (8.14.0-r2)
(65/70) Installing libexpat (2.7.1-r0)
(66/70) Installing pcre2 (10.43-r1)
(67/70) Installing git (2.49.0-r0)
(68/70) Installing git-init-template (2.49.0-r0)
(69/70) Installing libpcap (1.10.5-r1)
(70/70) Installing libpcap-dev (1.10.5-r1)
Executing busybox-1.37.0-r18.trigger
OK: 260 MiB in 70 packages
>>> fprobe: Fetching https://downloads.sourceforge.net/fprobe/fprobe-1.1.tar.bz2
>>> fprobe: Checking sha512sums...
fprobe-1.1.tar.bz2: OK
fprobe-1.1-pidfile-sanity.patch: OK
fprobe-1.1-setgroups.patch: OK
fprobe.initd: OK
fprobe.confd: OK
>>> fprobe: Unpacking /var/cache/distfiles/fprobe-1.1.tar.bz2...
>>> fprobe: fprobe-1.1-pidfile-sanity.patch
patching file src/fprobe.c
>>> fprobe: fprobe-1.1-setgroups.patch
patching file src/fprobe.c
Hunk #1 succeeded at 1541 with fuzz 1.
>>> fprobe: Updating ./config.sub
checking build system type... x86_64-alpine-linux-musl
checking host system type... x86_64-alpine-linux-musl
checking target system type... x86_64-alpine-linux-musl
checking for a BSD-compatible install... /usr/bin/install -c
checking whether build environment is sane... yes
checking for gawk... no
checking for mawk... no
checking for nawk... no
checking for awk... awk
checking whether make sets $(MAKE)... yes
checking for x86_64-alpine-linux-musl-gcc... cc
checking for C compiler default output file name... a.out
checking whether the C compiler works... yes
checking whether we are cross compiling... no
checking for suffix of executables... 
checking for suffix of object files... o
checking whether we are using the GNU C compiler... yes
checking whether cc accepts -g... yes
checking for cc option to accept ANSI C... none needed
checking for style of include used by make... GNU
checking dependency style of cc... none
checking for a BSD-compatible install... /usr/bin/install -c
checking for pthread_create in -lpthread... yes
checking for library containing socket... none required
checking for library containing gethostbyname... none required
checking for library containing sched_setscheduler... none required
checking how to run the C preprocessor... cc -E
checking for egrep... grep -E
checking for ANSI C header files... yes
checking for sys/types.h... yes
checking for sys/stat.h... yes
checking for stdlib.h... yes
checking for string.h... yes
checking for memory.h... yes
checking for strings.h... yes
checking for inttypes.h... yes
checking for stdint.h... yes
checking for unistd.h... yes
checking for inttypes.h... (cached) yes
checking pcap.h usability... yes
checking pcap.h presence... yes
checking for pcap.h... yes
checking for pcap_loop in -lpcap... yes
checking which memory bulk indexing mode to use... "ptr"
checking which hash type and size to use... "crc16"
checking whether to enable uptime trick... yes
checking whether to enable icmp trick... yes
checking whether to enable debugging... no
checking whether to enable runtime messages... no
checking directory to store pidfiles... "/var/run"
configure: creating ./config.status
config.status: creating Makefile
config.status: creating src/Makefile
config.status: creating config.h
config.status: executing depfiles commands
make  all-recursive
make[1]: Entering directory '/tmp/src/fprobe-1.1'
Making all in src
make[2]: Entering directory '/tmp/src/fprobe-1.1/src'
cc -DHAVE_CONFIG_H -I. -I. -I..     -Os -fstack-clash-protection -Wformat -Werror=format-security -fno-plt -std=gnu89 -D_BSD_SOURCE -D_REENTRANT -DWALL -W -Wall -c fprobe.c
cc -DHAVE_CONFIG_H -I. -I. -I..     -Os -fstack-clash-protection -Wformat -Werror=format-security -fno-plt -std=gnu89 -D_BSD_SOURCE -D_REENTRANT -DWALL -W -Wall -c netflow.c
cc -DHAVE_CONFIG_H -I. -I. -I..     -Os -fstack-clash-protection -Wformat -Werror=format-security -fno-plt -std=gnu89 -D_BSD_SOURCE -D_REENTRANT -DWALL -W -Wall -c hash.c
cc -DHAVE_CONFIG_H -I. -I. -I..     -Os -fstack-clash-protection -Wformat -Werror=format-security -fno-plt -std=gnu89 -D_BSD_SOURCE -D_REENTRANT -DWALL -W -Wall -c mem.c
cc -DHAVE_CONFIG_H -I. -I. -I..     -Os -fstack-clash-protection -Wformat -Werror=format-security -fno-plt -std=gnu89 -D_BSD_SOURCE -D_REENTRANT -DWALL -W -Wall -c my_getopt.c
cc -DHAVE_CONFIG_H -I. -I. -I..     -Os -fstack-clash-protection -Wformat -Werror=format-security -fno-plt -std=gnu89 -D_BSD_SOURCE -D_REENTRANT -DWALL -W -Wall -c my_log.c
mem.c: In function 'mem_init':
mem.c:156:36: warning: cast to pointer from integer of different size [-Wint-to-pointer-cast]
  156 |         bulk_quantity = (unsigned) (mem_index_t) bulk; /* for safety: movzbl, movzwl */
      |                                    ^
mem.c:156:25: warning: cast from pointer to integer of different size [-Wpointer-to-int-cast]
  156 |         bulk_quantity = (unsigned) (mem_index_t) bulk; /* for safety: movzbl, movzwl */
      |                         ^
fprobe.c: In function 'usage':
fprobe.c:251:27: warning: cast from pointer to integer of different size [-Wpointer-to-int-cast]
  251 | #define BULK_QUANTITY_MAX (unsigned)(mem_index_t)(-1)
      |                           ^
fprobe.c:352:26: note: in expansion of macro 'BULK_QUANTITY_MAX'
  352 |                 VERSION, BULK_QUANTITY_MAX, bulk_quantity, sched_min, sched_max);
      |                          ^~~~~~~~~~~~~~~~~
fprobe.c: In function 'pcap_callback':
fprobe.c:966:28: warning: parameter 'useless' set but not used [-Wunused-but-set-parameter]
  966 | void pcap_callback(u_char *useless,
      |                    ~~~~~~~~^~~~~~~
fprobe.c: In function 'main':
fprobe.c:251:27: warning: cast from pointer to integer of different size [-Wpointer-to-int-cast]
  251 | #define BULK_QUANTITY_MAX (unsigned)(mem_index_t)(-1)
      |                           ^
fprobe.c:1284:58: note: in expansion of macro 'BULK_QUANTITY_MAX'
 1284 |                 if (bulk_quantity < 1 || bulk_quantity > BULK_QUANTITY_MAX) {
      |                                                          ^~~~~~~~~~~~~~~~~
fprobe.c:1416:17: warning: 'pcap_lookupdev' is deprecated: use 'pcap_findalldevs' and use the first device [-Wdeprecated-declarations]
 1416 |                 if (!(dev = pcap_lookupdev(errbuf))) {
      |                 ^~
In file included from /usr/include/pcap.h:43,
                 from fprobe.c:28:
/usr/include/pcap/pcap.h:444:18: note: declared here
  444 | PCAP_API char   *pcap_lookupdev(char *);
      |                  ^~~~~~~~~~~~~~
fprobe.c:1212:33: warning: this statement may fall through [-Wimplicit-fallthrough=]
 1212 |                                 usage();
      |                                 ^~~~~~~
fprobe.c:1214:25: note: here
 1214 |                         case 'h':
      |                         ^~~~
cc  -Os -fstack-clash-protection -Wformat -Werror=format-security -fno-plt -std=gnu89 -D_BSD_SOURCE -D_REENTRANT -DWALL -W -Wall  -Wl,--as-needed,-O1,--sort-common -Wl,-z,pack-relative-relocs -o fprobe  fprobe.o netflow.o hash.o mem.o my_getopt.o my_log.o  -lpcap -lpthread 
make[2]: Leaving directory '/tmp/src/fprobe-1.1/src'
make[2]: Entering directory '/tmp/src/fprobe-1.1'
make[2]: Leaving directory '/tmp/src/fprobe-1.1'
make[1]: Leaving directory '/tmp/src/fprobe-1.1'
>>> fprobe: Entering fakeroot...
Making install in src
make[1]: Entering directory '/tmp/src/fprobe-1.1/src'
make[2]: Entering directory '/tmp/src/fprobe-1.1/src'
test -z "/usr/sbin" || /bin/sh ../mkinstalldirs "/tmp/pkg/fprobe/usr/sbin"
test -z "/usr/share/man/man8" || /bin/sh ../mkinstalldirs "/tmp/pkg/fprobe/usr/share/man/man8"
mkdir /tmp/pkg/fprobe
mkdir /tmp/pkg/fprobe/usr
mkdir /tmp/pkg/fprobe/usr
mkdir /tmp/pkg/fprobe/usr/sbin
mkdir: can't create directory '/tmp/pkg/fprobe/usr': File exists
mkdir /tmp/pkg/fprobe/usr/share
mkdir /tmp/pkg/fprobe/usr/share/man
mkdir /tmp/pkg/fprobe/usr/share/man/man8
  /usr/bin/install -c 'fprobe' '/tmp/pkg/fprobe/usr/sbin/fprobe'
 /usr/bin/install -c -m 644 './fprobe.8' '/tmp/pkg/fprobe/usr/share/man/man8/fprobe.8'
make[2]: Leaving directory '/tmp/src/fprobe-1.1/src'
make[1]: Leaving directory '/tmp/src/fprobe-1.1/src'
make[1]: Entering directory '/tmp/src/fprobe-1.1'
make[2]: Entering directory '/tmp/src/fprobe-1.1'
make[2]: Nothing to be done for 'install-exec-am'.
make[2]: Nothing to be done for 'install-data-am'.
make[2]: Leaving directory '/tmp/src/fprobe-1.1'
make[1]: Leaving directory '/tmp/src/fprobe-1.1'
>>> fprobe-doc*: Running split function doc...
'usr/share/man' -> '/tmp/pkg/fprobe-doc/usr/share/man'
>>> fprobe-doc*: Preparing subpackage fprobe-doc...
>>> fprobe-doc*: Running postcheck for fprobe-doc
>>> fprobe-openrc*: Running split function openrc...
'etc/conf.d' -> '/tmp/pkg/fprobe-openrc/etc/conf.d'
'etc/init.d' -> '/tmp/pkg/fprobe-openrc/etc/init.d'
>>> fprobe-openrc*: Preparing subpackage fprobe-openrc...
>>> fprobe-openrc*: Running postcheck for fprobe-openrc
>>> fprobe*: Running postcheck for fprobe
>>> fprobe*: Preparing package fprobe...
>>> fprobe*: Stripping binaries
>>> fprobe-doc*: Scanning shared objects
>>> fprobe-openrc*: Scanning shared objects
>>> fprobe*: Scanning shared objects
>>> fprobe-doc*: Tracing dependencies...
>>> fprobe-doc*: Package size: 3.1 KB
>>> fprobe-doc*: Compressing data...
>>> fprobe-doc*: Create checksum...
>>> fprobe-doc*: Create fprobe-doc-1.1-r13.apk
>>> fprobe-openrc*: Tracing dependencies...
>>> fprobe-openrc*: Package size: 2.6 KB
>>> fprobe-openrc*: Compressing data...
>>> fprobe-openrc*: Create checksum...
>>> fprobe-openrc*: Create fprobe-openrc-1.1-r13.apk
>>> fprobe*: Tracing dependencies...
	so:libc.musl-x86_64.so.1
	so:libpcap.so.1
>>> fprobe*: Package size: 32.1 KB
>>> fprobe*: Compressing data...
>>> fprobe*: Create checksum...
>>> fprobe*: Create fprobe-1.1-r13.apk
>>> fprobe: Updating the main/x86_64 repository index...
>>> fprobe: Signing the index...
>>> fprobe: Cleaning up srcdir
>>> fprobe: Cleaning up build chroot
>>> fprobe: Cleaning up pkgdir
