pigz: not found
>>> perl-html-rewriteattributes: Building main/perl-html-rewriteattributes 0.06-r0 (using abuild 3.14.1-r4) started Sun, 18 May 2025 10:41:28 +0000
>>> perl-html-rewriteattributes: Validating /home/packager/aports/main/perl-html-rewriteattributes/APKBUILD...
>>> perl-html-rewriteattributes: Analyzing dependencies...
>>> perl-html-rewriteattributes: Installing for build: build-base perl perl-html-tagset perl-uri perl-html-parser
(1/15) Installing libbz2 (1.0.8-r6)
(2/15) Installing perl (5.40.2-r0)
(3/15) Installing perl-html-tagset (3.24-r0)
(4/15) Installing perl-uri (5.28-r0)
(5/15) Installing perl-clone (0.47-r0)
(6/15) Installing perl-http-date (6.06-r0)
(7/15) Installing perl-io-html (1.004-r1)
(8/15) Installing perl-encode-locale (1.05-r5)
(9/15) Installing perl-lwp-mediatypes (6.04-r3)
(10/15) Installing perl-http-message (7.00-r0)
(11/15) Installing perl-html-parser (3.83-r0)
(12/15) Installing .makedepends-perl-html-rewriteattributes (20250518.104130)
(13/15) Installing perl-error (0.17030-r0)
(14/15) Installing perl-git (2.47.2-r0)
(15/15) Installing git-perl (2.47.2-r0)
Executing busybox-1.37.0-r12.trigger
OK: 298 MiB in 96 packages
>>> perl-html-rewriteattributes: Cleaning up srcdir
>>> perl-html-rewriteattributes: Cleaning up pkgdir
>>> perl-html-rewriteattributes: Cleaning up tmpdir
>>> perl-html-rewriteattributes: Fetching https://cpan.metacpan.org/authors/id/B/BP/BPS/HTML-RewriteAttributes-0.06.tar.gz
Connecting to cpan.metacpan.org (146.75.122.217:443)
saving to '/var/cache/distfiles/HTML-RewriteAttributes-0.06.tar.gz.part'
HTML-RewriteAttribut 100% |********************************| 26989  0:00:00 ETA
'/var/cache/distfiles/HTML-RewriteAttributes-0.06.tar.gz.part' saved
>>> perl-html-rewriteattributes: Fetching https://cpan.metacpan.org/authors/id/B/BP/BPS/HTML-RewriteAttributes-0.06.tar.gz
>>> perl-html-rewriteattributes: Checking sha512sums...
HTML-RewriteAttributes-0.06.tar.gz: OK
>>> perl-html-rewriteattributes: Unpacking /var/cache/distfiles/HTML-RewriteAttributes-0.06.tar.gz...
Cannot determine perl version info from lib/HTML/RewriteAttributes.pm
Checking if your kit is complete...
Looks good
Generating a Unix-style Makefile
Writing Makefile for HTML::RewriteAttributes
Writing MYMETA.yml and MYMETA.json
cp lib/HTML/RewriteAttributes/Links.pm blib/lib/HTML/RewriteAttributes/Links.pm
cp lib/HTML/RewriteAttributes/Resources.pm blib/lib/HTML/RewriteAttributes/Resources.pm
cp lib/HTML/RewriteAttributes.pm blib/lib/HTML/RewriteAttributes.pm
Manifying 3 pod documents
PERL_DL_NONLAZY=1 "/usr/bin/perl" "-MExtUtils::Command::MM" "-MTest::Harness" "-e" "undef *Test::Harness::Switches; test_harness(0, 'inc', 'blib/lib', 'blib/arch')" t/*.t
# Add an attribute
t/000-synopsis.t ........ ok
t/001-basic.t ........... ok
t/002-resources.t ....... ok
t/003-links.t ........... ok
t/004-misc.t ............ ok
t/005-links-code.t ...... ok
t/010-resolvelink.t ..... ok
t/020-inline-css.t ...... ok
t/021-import.t .......... ok
t/022-import-off.t ...... ok
t/023-import-comment.t .. ok
All tests successful.
Files=11, Tests=30,  1 wallclock secs ( 0.04 usr  0.02 sys +  0.81 cusr  0.09 csys =  0.96 CPU)
Result: PASS
>>> perl-html-rewriteattributes: Entering fakeroot...
Manifying 3 pod documents
Installing /home/packager/aports/main/perl-html-rewriteattributes/pkg/perl-html-rewriteattributes/usr/share/perl5/vendor_perl/HTML/RewriteAttributes.pm
Installing /home/packager/aports/main/perl-html-rewriteattributes/pkg/perl-html-rewriteattributes/usr/share/perl5/vendor_perl/HTML/RewriteAttributes/Resources.pm
Installing /home/packager/aports/main/perl-html-rewriteattributes/pkg/perl-html-rewriteattributes/usr/share/perl5/vendor_perl/HTML/RewriteAttributes/Links.pm
Installing /home/packager/aports/main/perl-html-rewriteattributes/pkg/perl-html-rewriteattributes/usr/share/man/man3/HTML::RewriteAttributes::Resources.3pm
Installing /home/packager/aports/main/perl-html-rewriteattributes/pkg/perl-html-rewriteattributes/usr/share/man/man3/HTML::RewriteAttributes.3pm
Installing /home/packager/aports/main/perl-html-rewriteattributes/pkg/perl-html-rewriteattributes/usr/share/man/man3/HTML::RewriteAttributes::Links.3pm
>>> perl-html-rewriteattributes-doc*: Running split function doc...
'usr/share/man' -> '/home/packager/aports/main/perl-html-rewriteattributes/pkg/perl-html-rewriteattributes-doc/usr/share/man'
>>> perl-html-rewriteattributes-doc*: Preparing subpackage perl-html-rewriteattributes-doc...
>>> perl-html-rewriteattributes-doc*: Running postcheck for perl-html-rewriteattributes-doc
>>> perl-html-rewriteattributes*: Running postcheck for perl-html-rewriteattributes
>>> perl-html-rewriteattributes*: Preparing package perl-html-rewriteattributes...
>>> perl-html-rewriteattributes-doc*: Tracing dependencies...
>>> perl-html-rewriteattributes-doc*: Package size: 5.8 KB
>>> perl-html-rewriteattributes-doc*: Compressing data...
>>> perl-html-rewriteattributes-doc*: Create checksum...
pigz: not found
>>> perl-html-rewriteattributes-doc*: Create perl-html-rewriteattributes-doc-0.06-r0.apk
>>> perl-html-rewriteattributes*: Tracing dependencies...
	perl
	perl-html-tagset
	perl-uri
	perl-html-parser
>>> perl-html-rewriteattributes*: Package size: 14.1 KB
>>> perl-html-rewriteattributes*: Compressing data...
>>> perl-html-rewriteattributes*: Create checksum...
pigz: not found
>>> perl-html-rewriteattributes*: Create perl-html-rewriteattributes-0.06-r0.apk
>>> perl-html-rewriteattributes: Build complete at Sun, 18 May 2025 10:41:33 +0000 elapsed time 0h 0m 5s
>>> perl-html-rewriteattributes: Cleaning up srcdir
>>> perl-html-rewriteattributes: Cleaning up pkgdir
>>> perl-html-rewriteattributes: Uninstalling dependencies...
(1/15) Purging .makedepends-perl-html-rewriteattributes (20250518.104130)
(2/15) Purging perl-html-parser (3.83-r0)
(3/15) Purging perl-html-tagset (3.24-r0)
(4/15) Purging perl-http-message (7.00-r0)
(5/15) Purging perl-clone (0.47-r0)
(6/15) Purging perl-http-date (6.06-r0)
(7/15) Purging perl-io-html (1.004-r1)
(8/15) Purging perl-encode-locale (1.05-r5)
(9/15) Purging perl-lwp-mediatypes (6.04-r3)
(10/15) Purging perl-uri (5.28-r0)
(11/15) Purging git-perl (2.47.2-r0)
(12/15) Purging perl-git (2.47.2-r0)
(13/15) Purging perl-error (0.17030-r0)
(14/15) Purging perl (5.40.2-r0)
(15/15) Purging libbz2 (1.0.8-r6)
Executing busybox-1.37.0-r12.trigger
OK: 261 MiB in 81 packages
>>> perl-html-rewriteattributes: Updating the main/x86_64 repository index...
>>> perl-html-rewriteattributes: Signing the index...
pigz: not found
