pigz: not found
>>> aumix: Building main/aumix 2.9.1-r10 (using abuild 3.14.1-r4) started Sun, 18 May 2025 10:40:04 +0000
>>> aumix: Validating /home/packager/aports/main/aumix/APKBUILD...
>>> aumix: Analyzing dependencies...
>>> aumix: Installing for build: build-base ncurses-dev linux-headers
(1/2) Installing linux-headers (6.14.2-r0)
(2/2) Installing .makedepends-aumix (20250518.104005)
OK: 267 MiB in 83 packages
>>> aumix: Cleaning up srcdir
>>> aumix: Cleaning up pkgdir
>>> aumix: Cleaning up tmpdir
>>> aumix: Fetching https://downloads.sourceforge.net/aumix/2.9.1/aumix-2.9.1.tar.bz2
Connecting to downloads.sourceforge.net (104.18.13.149:443)
Connecting to downloads.sourceforge.net (104.18.13.149:443)
Connecting to altushost-swe.dl.sourceforge.net (79.142.76.130:443)
saving to '/var/cache/distfiles/aumix-2.9.1.tar.bz2.part'
aumix-2.9.1.tar.bz2.  56% |******************              |  127k  0:00:00 ETA
aumix-2.9.1.tar.bz2. 100% |********************************|  226k  0:00:00 ETA
'/var/cache/distfiles/aumix-2.9.1.tar.bz2.part' saved
>>> aumix: Fetching https://downloads.sourceforge.net/aumix/2.9.1/aumix-2.9.1.tar.bz2
>>> aumix: Checking sha512sums...
aumix-2.9.1.tar.bz2: OK
gcc-10.patch: OK
aumix.initd: OK
>>> aumix: Unpacking /var/cache/distfiles/aumix-2.9.1.tar.bz2...
>>> aumix: gcc-10.patch
patching file src/common.h
patching file src/curses.c
patching file src/curses.h
patching file src/gtk.c
patching file src/gtk.h
patching file src/interactive.c
patching file src/interactive.h
>>> aumix: Updating ./build-aux/config.sub
checking for a BSD-compatible install... /usr/bin/install -c
checking whether build environment is sane... yes
checking for a thread-safe mkdir -p... build-aux/install-sh -c -d
checking for gawk... no
checking for mawk... no
checking for nawk... no
checking for awk... awk
checking whether make sets $(MAKE)... yes
checking whether NLS is requested... no
checking for msgfmt... no
checking for gmsgfmt... :
checking for xgettext... no
checking for msgmerge... no
checking for style of include used by make... GNU
checking for x86_64-alpine-linux-musl-gcc... gcc
checking for C compiler default output file name... a.out
checking whether the C compiler works... yes
checking whether we are cross compiling... no
checking for suffix of executables... 
checking for suffix of object files... o
checking whether we are using the GNU C compiler... yes
checking whether gcc accepts -g... yes
checking for gcc option to accept ISO C89... none needed
checking dependency style of gcc... gcc3
checking build system type... x86_64-alpine-linux-musl
checking host system type... x86_64-alpine-linux-musl
checking for ld used by GCC... /usr/x86_64-alpine-linux-musl/bin/ld
checking if the linker (/usr/x86_64-alpine-linux-musl/bin/ld) is GNU ld... yes
checking for shared library run path origin... done
checking for CFPreferencesCopyAppValue... no
checking for CFLocaleCopyCurrent... no
checking whether to use NLS... no
checking for x86_64-alpine-linux-musl-gcc... (cached) gcc
checking whether we are using the GNU C compiler... (cached) yes
checking whether gcc accepts -g... (cached) yes
checking for gcc option to accept ISO C89... (cached) none needed
checking dependency style of gcc... (cached) gcc3
checking for a BSD-compatible install... /usr/bin/install -c
checking whether ln -s works... yes
checking for x86_64-alpine-linux-musl-ranlib... no
checking for ranlib... ranlib
checking for _oss_ioctl in -lossaudio... no
checking how to run the C preprocessor... gcc -E
checking for grep that handles long lines and -e... /bin/grep
checking for egrep... /bin/grep -E
checking for ANSI C header files... yes
checking for sys/types.h... yes
checking for sys/stat.h... yes
checking for stdlib.h... yes
checking for string.h... yes
checking for memory.h... yes
checking for strings.h... yes
checking for inttypes.h... yes
checking for stdint.h... yes
checking for unistd.h... yes
checking for working alloca.h... yes
checking for alloca... yes
checking for ANSI C header files... (cached) yes
checking argz.h usability... no
checking argz.h presence... no
checking for argz.h... no
checking fcntl.h usability... yes
checking fcntl.h presence... yes
checking for fcntl.h... yes
checking libintl.h usability... no
checking libintl.h presence... no
checking for libintl.h... no
checking limits.h usability... yes
checking limits.h presence... yes
checking for limits.h... yes
checking locale.h usability... yes
checking locale.h presence... yes
checking for locale.h... yes
checking malloc.h usability... yes
checking malloc.h presence... yes
checking for malloc.h... yes
checking nl_types.h usability... yes
checking nl_types.h presence... yes
checking for nl_types.h... yes
checking stddef.h usability... yes
checking stddef.h presence... yes
checking for stddef.h... yes
checking for stdlib.h... (cached) yes
checking for string.h... (cached) yes
checking for strings.h... (cached) yes
checking sys/ioctl.h usability... yes
checking sys/ioctl.h presence... yes
checking for sys/ioctl.h... yes
checking sys/param.h usability... yes
checking sys/param.h presence... yes
checking for sys/param.h... yes
checking sys/time.h usability... yes
checking sys/time.h presence... yes
checking for sys/time.h... yes
checking for unistd.h... (cached) yes
checking sys/soundcard.h usability... yes
checking sys/soundcard.h presence... yes
checking for sys/soundcard.h... yes
checking soundcard.h usability... no
checking soundcard.h presence... no
checking for soundcard.h... no
checking machine/soundcard.h usability... no
checking machine/soundcard.h presence... no
checking for machine/soundcard.h... no
checking ncurses.h usability... yes
checking ncurses.h presence... yes
checking for ncurses.h... yes
checking curses.h usability... yes
checking curses.h presence... yes
checking for curses.h... yes
checking for an ANSI C-conforming const... yes
checking for inline... inline
checking for size_t... yes
checking whether gcc needs -traditional... no
checking for stdlib.h... (cached) yes
checking for GNU libc compatible malloc... yes
checking for stdlib.h... (cached) yes
checking for unistd.h... (cached) yes
checking for getpagesize... yes
checking for working mmap... yes
checking for stdlib.h... (cached) yes
checking for GNU libc compatible realloc... yes
checking sys/select.h usability... yes
checking sys/select.h presence... yes
checking for sys/select.h... yes
checking sys/socket.h usability... yes
checking sys/socket.h presence... yes
checking for sys/socket.h... yes
checking types of arguments for select... int,fd_set *,struct timeval *
checking return type of signal handlers... void
checking whether lstat dereferences a symlink specified with a trailing slash... yes
checking whether stat accepts an empty string... no
checking for __argz_count... no
checking for __argz_next... no
checking for __argz_stringify... no
checking for alarm... yes
checking for getcwd... yes
checking for mempcpy... yes
checking for memset... yes
checking for munmap... yes
checking for putenv... yes
checking for select... yes
checking for setenv... yes
checking for setlocale... yes
checking for stpcpy... yes
checking for strcasecmp... yes
checking for strchr... yes
checking for strdup... yes
checking for initscr in -lncurses... yes
checking for getmouse in -lncurses... yes
checking for use_default_colors in -lncurses... yes
checking for private member _use_keypad in WINDOW... no
checking for Gpm_Repeat in -lgpm... no
checking for CONS_MOUSECTL... no
checking whether built-in label text is requested... no
Compiling without GTK+ 2.0.
checking whether dummy mixer is requested... no
checking for an ANSI C-conforming const... (cached) yes
checking for inline... (cached) inline
checking for off_t... yes
checking for size_t... (cached) yes
checking whether time.h and sys/time.h may both be included... yes
checking for working alloca.h... (cached) yes
checking for alloca... (cached) yes
checking for stdlib.h... (cached) yes
checking for unistd.h... (cached) yes
checking for getpagesize... (cached) yes
checking for working mmap... (cached) yes
checking return type of signal handlers... (cached) void
checking for getcwd... (cached) yes
checking for getwd... no
checking for putenv... (cached) yes
checking for select... (cached) yes
configure: creating ./config.status
config.status: creating Makefile
config.status: creating data/Makefile
config.status: creating doc/Makefile
config.status: creating po/Makefile.in
config.status: creating src/Makefile
config.status: creating config.h
config.status: executing po-directories commands
config.status: creating po/POTFILES
config.status: creating po/Makefile
config.status: executing depfiles commands
make  all-recursive
make[1]: Entering directory '/home/packager/aports/main/aumix/src/aumix-2.9.1'
Making all in data
make[2]: Entering directory '/home/packager/aports/main/aumix/src/aumix-2.9.1/data'
make[2]: Nothing to be done for 'all'.
make[2]: Leaving directory '/home/packager/aports/main/aumix/src/aumix-2.9.1/data'
Making all in doc
make[2]: Entering directory '/home/packager/aports/main/aumix/src/aumix-2.9.1/doc'
make[2]: Nothing to be done for 'all'.
make[2]: Leaving directory '/home/packager/aports/main/aumix/src/aumix-2.9.1/doc'
Making all in po
make[2]: Entering directory '/home/packager/aports/main/aumix/src/aumix-2.9.1/po'
make[2]: Leaving directory '/home/packager/aports/main/aumix/src/aumix-2.9.1/po'
Making all in src
make[2]: Entering directory '/home/packager/aports/main/aumix/src/aumix-2.9.1/src'
gcc -DHAVE_CONFIG_H -I. -I.. -I../intl -DLOCALEDIR=\"/usr/share/locale\" -I/usr/include   -Os -fstack-clash-protection -Wformat -Werror=format-security -fno-plt   -Os -fstack-clash-protection -Wformat -Werror=format-security -fno-plt -MT common.o -MD -MP -MF .deps/common.Tpo -c -o common.o common.c
gcc -DHAVE_CONFIG_H -I. -I.. -I../intl -DLOCALEDIR=\"/usr/share/locale\" -I/usr/include   -Os -fstack-clash-protection -Wformat -Werror=format-security -fno-plt   -Os -fstack-clash-protection -Wformat -Werror=format-security -fno-plt -DDATADIR=\"/usr/share/aumix\" -c curses.c
gcc -DHAVE_CONFIG_H -I. -I.. -I../intl -DLOCALEDIR=\"/usr/share/locale\" -I/usr/include   -Os -fstack-clash-protection -Wformat -Werror=format-security -fno-plt   -Os -fstack-clash-protection -Wformat -Werror=format-security -fno-plt -MT dummy.o -MD -MP -MF .deps/dummy.Tpo -c -o dummy.o dummy.c
gcc -DHAVE_CONFIG_H -I. -I.. -I../intl -DLOCALEDIR=\"/usr/share/locale\" -I/usr/include   -Os -fstack-clash-protection -Wformat -Werror=format-security -fno-plt   -Os -fstack-clash-protection -Wformat -Werror=format-security -fno-plt -MT gpm-xterm.o -MD -MP -MF .deps/gpm-xterm.Tpo -c -o gpm-xterm.o gpm-xterm.c
gcc -DHAVE_CONFIG_H -I. -I.. -I../intl -DLOCALEDIR=\"/usr/share/locale\" -I/usr/include   -Os -fstack-clash-protection -Wformat -Werror=format-security -fno-plt   -Os -fstack-clash-protection -Wformat -Werror=format-security -fno-plt -MT gtk.o -MD -MP -MF .deps/gtk.Tpo -c -o gtk.o gtk.c
gcc -DHAVE_CONFIG_H -I. -I.. -I../intl -DLOCALEDIR=\"/usr/share/locale\" -I/usr/include   -Os -fstack-clash-protection -Wformat -Werror=format-security -fno-plt   -Os -fstack-clash-protection -Wformat -Werror=format-security -fno-plt -MT interactive.o -MD -MP -MF .deps/interactive.Tpo -c -o interactive.o interactive.c
gcc -DHAVE_CONFIG_H -I. -I.. -I../intl -DLOCALEDIR=\"/usr/share/locale\" -I/usr/include   -Os -fstack-clash-protection -Wformat -Werror=format-security -fno-plt   -Os -fstack-clash-protection -Wformat -Werror=format-security -fno-plt -MT mouse.o -MD -MP -MF .deps/mouse.Tpo -c -o mouse.o mouse.c
mv -f .deps/gtk.Tpo .deps/gtk.Po
mv -f .deps/dummy.Tpo .deps/dummy.Po
mv -f .deps/mouse.Tpo .deps/mouse.Po
mv -f .deps/gpm-xterm.Tpo .deps/gpm-xterm.Po
mv -f .deps/interactive.Tpo .deps/interactive.Po
mv -f .deps/common.Tpo .deps/common.Po
gcc -Os -fstack-clash-protection -Wformat -Werror=format-security -fno-plt   -Os -fstack-clash-protection -Wformat -Werror=format-security -fno-plt  -Wl,--as-needed,-O1,--sort-common -Wl,-z,pack-relative-relocs -o aumix common.o curses.o dummy.o gpm-xterm.o gtk.o interactive.o mouse.o -L/usr/lib -lncurses   
make[2]: Leaving directory '/home/packager/aports/main/aumix/src/aumix-2.9.1/src'
make[2]: Entering directory '/home/packager/aports/main/aumix/src/aumix-2.9.1'
make[2]: Leaving directory '/home/packager/aports/main/aumix/src/aumix-2.9.1'
make[1]: Leaving directory '/home/packager/aports/main/aumix/src/aumix-2.9.1'
>>> aumix: Entering fakeroot...
Making install in data
make[1]: Entering directory '/home/packager/aports/main/aumix/src/aumix-2.9.1/data'
make[2]: Entering directory '/home/packager/aports/main/aumix/src/aumix-2.9.1/data'
make[2]: Nothing to be done for 'install-exec-am'.
test -z "/usr/share/aumix" || ../build-aux/install-sh -c -d "/home/packager/aports/main/aumix/pkg/aumix/usr/share/aumix"
 /usr/bin/install -c -m 644 'aumix.xpm' '/home/packager/aports/main/aumix/pkg/aumix/usr/share/aumix/aumix.xpm'
 /usr/bin/install -c -m 644 'fadein.set' '/home/packager/aports/main/aumix/pkg/aumix/usr/share/aumix/fadein.set'
 /usr/bin/install -c -m 644 'fadeout.set' '/home/packager/aports/main/aumix/pkg/aumix/usr/share/aumix/fadeout.set'
 /usr/bin/install -c -m 644 'ansi' '/home/packager/aports/main/aumix/pkg/aumix/usr/share/aumix/ansi'
 /usr/bin/install -c -m 644 'vt100' '/home/packager/aports/main/aumix/pkg/aumix/usr/share/aumix/vt100'
 /usr/bin/install -c -m 644 'xterm' '/home/packager/aports/main/aumix/pkg/aumix/usr/share/aumix/xterm'
make[2]: Leaving directory '/home/packager/aports/main/aumix/src/aumix-2.9.1/data'
make[1]: Leaving directory '/home/packager/aports/main/aumix/src/aumix-2.9.1/data'
Making install in doc
make[1]: Entering directory '/home/packager/aports/main/aumix/src/aumix-2.9.1/doc'
make[2]: Entering directory '/home/packager/aports/main/aumix/src/aumix-2.9.1/doc'
make[2]: Nothing to be done for 'install-exec-am'.
test -z "/usr/share/man/man1" || ../build-aux/install-sh -c -d "/home/packager/aports/main/aumix/pkg/aumix/usr/share/man/man1"
 /usr/bin/install -c -m 644 './aumix.1' '/home/packager/aports/main/aumix/pkg/aumix/usr/share/man/man1/aumix.1'
 /usr/bin/install -c -m 644 './mute.1' '/home/packager/aports/main/aumix/pkg/aumix/usr/share/man/man1/mute.1'
 /usr/bin/install -c -m 644 './xaumix.1' '/home/packager/aports/main/aumix/pkg/aumix/usr/share/man/man1/xaumix.1'
make[2]: Leaving directory '/home/packager/aports/main/aumix/src/aumix-2.9.1/doc'
make[1]: Leaving directory '/home/packager/aports/main/aumix/src/aumix-2.9.1/doc'
Making install in po
make[1]: Entering directory '/home/packager/aports/main/aumix/src/aumix-2.9.1/po'
if test "aumix" = "gettext-tools"; then \
  ../build-aux/install-sh -c -d /home/packager/aports/main/aumix/pkg/aumix/usr/share/gettext/po; \
  for file in Makefile.in.in remove-potcdate.sin    Makevars.template; do \
    /usr/bin/install -c -m 644 ./$file \
		    /home/packager/aports/main/aumix/pkg/aumix/usr/share/gettext/po/$file; \
  done; \
  for file in Makevars; do \
    rm -f /home/packager/aports/main/aumix/pkg/aumix/usr/share/gettext/po/$file; \
  done; \
else \
  : ; \
fi
make[1]: Leaving directory '/home/packager/aports/main/aumix/src/aumix-2.9.1/po'
Making install in src
make[1]: Entering directory '/home/packager/aports/main/aumix/src/aumix-2.9.1/src'
make[2]: Entering directory '/home/packager/aports/main/aumix/src/aumix-2.9.1/src'
test -z "/usr/bin" || ../build-aux/install-sh -c -d "/home/packager/aports/main/aumix/pkg/aumix/usr/bin"
  /usr/bin/install -c 'aumix' '/home/packager/aports/main/aumix/pkg/aumix/usr/bin/aumix'
test -z "/usr/bin" || ../build-aux/install-sh -c -d "/home/packager/aports/main/aumix/pkg/aumix/usr/bin"
 /usr/bin/install -c 'mute' '/home/packager/aports/main/aumix/pkg/aumix/usr/bin/mute'
 /usr/bin/install -c 'xaumix' '/home/packager/aports/main/aumix/pkg/aumix/usr/bin/xaumix'
make[2]: Nothing to be done for 'install-data-am'.
make[2]: Leaving directory '/home/packager/aports/main/aumix/src/aumix-2.9.1/src'
make[1]: Leaving directory '/home/packager/aports/main/aumix/src/aumix-2.9.1/src'
make[1]: Entering directory '/home/packager/aports/main/aumix/src/aumix-2.9.1'
make[2]: Entering directory '/home/packager/aports/main/aumix/src/aumix-2.9.1'
make[2]: Nothing to be done for 'install-exec-am'.
make[2]: Nothing to be done for 'install-data-am'.
make[2]: Leaving directory '/home/packager/aports/main/aumix/src/aumix-2.9.1'
make[1]: Leaving directory '/home/packager/aports/main/aumix/src/aumix-2.9.1'
>>> aumix-doc*: Running split function doc...
'usr/share/man' -> '/home/packager/aports/main/aumix/pkg/aumix-doc/usr/share/man'
>>> aumix-doc*: Preparing subpackage aumix-doc...
>>> aumix-doc*: Running postcheck for aumix-doc
>>> aumix-openrc*: Running split function openrc...
'etc/init.d' -> '/home/packager/aports/main/aumix/pkg/aumix-openrc/etc/init.d'
>>> aumix-openrc*: Preparing subpackage aumix-openrc...
>>> aumix-openrc*: Running postcheck for aumix-openrc
>>> aumix*: Running postcheck for aumix
>>> aumix*: Preparing package aumix...
>>> aumix*: Stripping binaries
>>> aumix-doc*: Scanning shared objects
>>> aumix-openrc*: Scanning shared objects
>>> aumix*: Scanning shared objects
>>> aumix-doc*: Tracing dependencies...
>>> aumix-doc*: Package size: 4.9 KB
>>> aumix-doc*: Compressing data...
>>> aumix-doc*: Create checksum...
pigz: not found
>>> aumix-doc*: Create aumix-doc-2.9.1-r10.apk
>>> aumix-openrc*: Tracing dependencies...
>>> aumix-openrc*: Package size: 1.1 KB
>>> aumix-openrc*: Compressing data...
>>> aumix-openrc*: Create checksum...
pigz: not found
>>> aumix-openrc*: Create aumix-openrc-2.9.1-r10.apk
>>> aumix*: Tracing dependencies...
	so:libc.musl-x86_64.so.1
	so:libncursesw.so.6
>>> aumix*: Package size: 40.9 KB
>>> aumix*: Compressing data...
>>> aumix*: Create checksum...
pigz: not found
>>> aumix*: Create aumix-2.9.1-r10.apk
>>> aumix: Build complete at Sun, 18 May 2025 10:40:19 +0000 elapsed time 0h 0m 15s
>>> aumix: Cleaning up srcdir
>>> aumix: Cleaning up pkgdir
>>> aumix: Uninstalling dependencies...
(1/2) Purging .makedepends-aumix (20250518.104005)
(2/2) Purging linux-headers (6.14.2-r0)
OK: 261 MiB in 81 packages
>>> aumix: Updating the main/x86_64 repository index...
>>> aumix: Signing the index...
pigz: not found
