pigz: not found
>>> ulogd: Building main/ulogd 2.0.8-r3 (using abuild 3.14.1-r4) started Fri, 23 May 2025 18:37:10 +0000
>>> ulogd: Validating /home/packager/aports/main/ulogd/APKBUILD...
>>> ulogd: Analyzing dependencies...
>>> ulogd: Installing for build: build-base bsd-compat-headers jansson-dev libmnl-dev libnetfilter_acct-dev libnetfilter_conntrack-dev libnetfilter_log-dev libnfnetlink-dev libpcap-dev libpq-dev linux-headers mariadb-connector-c-dev openssl-dev>3 sqlite-dev zlib-dev
(1/22) Installing jansson-dev (2.14-r4)
(2/22) Installing libmnl (1.0.5-r2)
(3/22) Installing libmnl-dev (1.0.5-r2)
(4/22) Installing libnetfilter_acct (1.0.3-r3)
(5/22) Installing libnetfilter_acct-dev (1.0.3-r3)
(6/22) Installing libnfnetlink (1.0.2-r3)
(7/22) Installing libnetfilter_conntrack (1.0.9-r3)
(8/22) Installing libnfnetlink-dev (1.0.2-r3)
(9/22) Installing libnetfilter_conntrack-dev (1.0.9-r3)
(10/22) Installing libnetfilter_log (1.0.2-r2)
(11/22) Installing libnetfilter_log-dev (1.0.2-r2)
(12/22) Installing libpcap (1.10.5-r0)
(13/22) Installing libpcap-dev (1.10.5-r0)
(14/22) Installing libpq (17.5-r0)
(15/22) Installing openssl-dev (3.5.0-r0)
(16/22) Installing libpq-dev (17.5-r0)
(17/22) Installing mariadb-connector-c (3.3.10-r0)
(18/22) Installing mariadb-connector-c-dev (3.3.10-r0)
(19/22) Installing sqlite (3.49.2-r0)
(20/22) Installing sqlite-libs (3.49.2-r0)
(21/22) Installing sqlite-dev (3.49.2-r0)
(22/22) Installing .makedepends-ulogd (20250523.183714)
Executing busybox-1.37.0-r12.trigger
OK: 574 MiB in 154 packages
>>> ulogd: Cleaning up srcdir
>>> ulogd: Cleaning up pkgdir
>>> ulogd: Cleaning up tmpdir
>>> ulogd: Fetching https://www.netfilter.org/projects/ulogd/files/ulogd-2.0.8.tar.bz2
Connecting to www.netfilter.org (92.243.20.29:443)
saving to '/var/cache/distfiles/ulogd-2.0.8.tar.bz2.part'
ulogd-2.0.8.tar.bz2. 100% |********************************|  425k  0:00:00 ETA
'/var/cache/distfiles/ulogd-2.0.8.tar.bz2.part' saved
>>> ulogd: Fetching https://www.netfilter.org/projects/ulogd/files/ulogd-2.0.8.tar.bz2
>>> ulogd: Checking sha512sums...
ulogd-2.0.8.tar.bz2: OK
ulogd.initd: OK
ulogd.confd: OK
ulogd.logrotate: OK
>>> ulogd: Unpacking /var/cache/distfiles/ulogd-2.0.8.tar.bz2...
>>> ulogd: Updating ./build-aux/config.sub
configure: WARNING: unrecognized options: --with-pgsql, --with-mysql
checking for a BSD-compatible install... /usr/bin/install -c
checking whether build environment is sane... yes
checking for a thread-safe mkdir -p... /bin/mkdir -p
checking for gawk... gawk
checking whether make sets $(MAKE)... yes
checking whether make supports nested variables... yes
checking how to create a pax tar archive... gnutar
checking whether make supports the include directive... yes (GNU style)
checking for x86_64-alpine-linux-musl-gcc... gcc
checking whether the C compiler works... no
configure: error: in `/home/packager/aports/main/ulogd/src/ulogd-2.0.8':
configure: error: C compiler cannot create executables
See `config.log' for more details
>>> ERROR: ulogd: build failed
>>> ulogd: Uninstalling dependencies...
(1/22) Purging .makedepends-ulogd (20250523.183714)
(2/22) Purging jansson-dev (2.14-r4)
(3/22) Purging libnetfilter_acct-dev (1.0.3-r3)
(4/22) Purging libnetfilter_acct (1.0.3-r3)
(5/22) Purging libnetfilter_conntrack-dev (1.0.9-r3)
(6/22) Purging libnetfilter_conntrack (1.0.9-r3)
(7/22) Purging libnetfilter_log-dev (1.0.2-r2)
(8/22) Purging libnetfilter_log (1.0.2-r2)
(9/22) Purging libnfnetlink-dev (1.0.2-r3)
(10/22) Purging libnfnetlink (1.0.2-r3)
(11/22) Purging libpcap-dev (1.10.5-r0)
(12/22) Purging libpcap (1.10.5-r0)
(13/22) Purging libpq-dev (17.5-r0)
(14/22) Purging libpq (17.5-r0)
(15/22) Purging mariadb-connector-c-dev (3.3.10-r0)
(16/22) Purging mariadb-connector-c (3.3.10-r0)
(17/22) Purging openssl-dev (3.5.0-r0)
(18/22) Purging sqlite-dev (3.49.2-r0)
(19/22) Purging sqlite (3.49.2-r0)
(20/22) Purging sqlite-libs (3.49.2-r0)
(21/22) Purging libmnl-dev (1.0.5-r2)
(22/22) Purging libmnl (1.0.5-r2)
Executing busybox-1.37.0-r12.trigger
OK: 564 MiB in 132 packages
