>>> perl-libwww: Validating /home/packager/oily-pine/main/perl-libwww/APKBUILD...
>>> perl-libwww: Cleaning up srcdir
>>> perl-libwww: Cleaning up pkgdir
>>> perl-libwww: Cleaning up tmpdir
>>> perl-libwww: Fetching https://cpan.metacpan.org/authors/id/O/OA/OALDERS/libwww-perl-6.77.tar.gz
  % Total    % Received % Xferd  Average Speed   Time    Time     Time  Current
                                 Dload  Upload   Total   Spent    Left  Speed
  0     0    0     0    0     0      0      0 --:--:-- --:--:-- --:--:--     0  0     0    0     0    0     0      0      0 --:--:-- --:--:-- --:--:--     0100  179k  100  179k    0     0   861k      0 --:--:-- --:--:-- --:--:--  859k
>>> perl-libwww: Fetching https://cpan.metacpan.org/authors/id/O/OA/OALDERS/libwww-perl-6.77.tar.gz
>>> perl-libwww: Checking sha512sums...
libwww-perl-6.77.tar.gz: OK
>>> perl-libwww: Preparing build chroot...
fetch http://dl-cdn.alpinelinux.org/alpine/edge/main/x86_64/APKINDEX.tar.gz
(1/94) Installing musl (1.2.5-r10)
(2/94) Installing libcrypto3 (3.5.0-r0)
(3/94) Installing ca-certificates-bundle (20241121-r2)
(4/94) Installing libssl3 (3.5.0-r0)
(5/94) Installing zlib (1.3.1-r2)
(6/94) Installing libapk2 (2.14.9-r2)
(7/94) Installing apk-tools (2.14.9-r2)
(8/94) Installing libcap2 (2.76-r0)
(9/94) Installing libcap-getcap (2.76-r0)
(10/94) Installing fakeroot (1.37.1.1-r0)
(11/94) Installing scanelf (1.3.8-r1)
(12/94) Installing musl-utils (1.2.5-r10)
(13/94) Installing libgcc (14.3.0-r1)
(14/94) Installing libstdc++ (14.3.0-r1)
(15/94) Installing lzip (1.25-r0)
(16/94) Installing openssl (3.5.0-r0)
(17/94) Installing patch (2.8-r0)
(18/94) Installing pkgconf (2.4.3-r0)
(19/94) Installing acl-libs (2.3.2-r1)
(20/94) Installing tar (1.35-r3)
(21/94) Installing busybox (1.37.0-r18)
Executing busybox-1.37.0-r18.post-install
(22/94) Installing ssl_client (1.37.0-r18)
(23/94) Installing busybox-binsh (1.37.0-r18)
(24/94) Installing abuild (3.15.0-r0)
Executing abuild-3.15.0-r0.pre-install
(25/94) Installing abuild-sudo (3.15.0-r0)
(26/94) Installing alpine-baselayout-data (3.7.0-r0)
(27/94) Installing alpine-baselayout (3.7.0-r0)
Executing alpine-baselayout-3.7.0-r0.pre-install
Executing alpine-baselayout-3.7.0-r0.post-install
(28/94) Installing bridge (1.5-r5)
(29/94) Installing ifupdown-ng (0.12.1-r7)
(30/94) Installing openrc-user (0.62.2-r2)
(31/94) Installing openrc (0.62.2-r2)
Executing openrc-0.62.2-r2.post-install
(32/94) Installing mdev-conf (4.8-r0)
(33/94) Installing busybox-mdev-openrc (1.37.0-r18)
(34/94) Installing alpine-conf (3.20.0-r0)
(35/94) Installing alpine-keys (2.5-r0)
(36/94) Installing alpine-release (3.22.0-r0)
(37/94) Installing busybox-openrc (1.37.0-r18)
(38/94) Installing busybox-suid (1.37.0-r18)
(39/94) Installing alpine-base (3.22.0-r0)
(40/94) Installing jansson (2.14.1-r0)
(41/94) Installing zstd-libs (1.5.7-r0)
(42/94) Installing binutils (2.44-r0)
(43/94) Installing libmagic (5.46-r2)
(44/94) Installing file (5.46-r2)
(45/94) Installing libgomp (14.3.0-r1)
(46/94) Installing libatomic (14.3.0-r1)
(47/94) Installing gmp (6.3.0-r3)
(48/94) Installing isl26 (0.26-r1)
(49/94) Installing mpfr4 (4.2.1_p1-r0)
(50/94) Installing mpc1 (1.3.1-r1)
(51/94) Installing gcc (14.3.0-r1)
(52/94) Installing libstdc++-dev (14.3.0-r1)
(53/94) Installing musl-dev (1.2.5-r10)
(54/94) Installing g++ (14.3.0-r1)
(55/94) Installing make (4.4.1-r3)
(56/94) Installing fortify-headers (1.1-r5)
(57/94) Installing build-base (0.5-r3)
(58/94) Installing brotli-libs (1.1.0-r2)
(59/94) Installing c-ares (1.34.5-r0)
(60/94) Installing libunistring (1.3-r0)
(61/94) Installing libidn2 (2.3.7-r0)
(62/94) Installing nghttp2-libs (1.65.0-r0)
(63/94) Installing libpsl (0.21.5-r3)
(64/94) Installing libcurl (8.14.0-r2)
(65/94) Installing libexpat (2.7.1-r0)
(66/94) Installing pcre2 (10.43-r1)
(67/94) Installing git (2.49.0-r0)
(68/94) Installing git-init-template (2.49.0-r0)
(69/94) Installing libbz2 (1.0.8-r6)
(70/94) Installing perl (5.40.2-r0)
(71/94) Installing perl-error (0.17030-r0)
(72/94) Installing perl-git (2.49.0-r0)
(73/94) Installing git-perl (2.49.0-r0)
(74/94) Installing perl-encode-locale (1.05-r5)
(75/94) Installing perl-http-date (6.06-r0)
(76/94) Installing perl-file-listing (6.16-r0)
(77/94) Installing perl-html-tagset (3.24-r0)
(78/94) Installing perl-clone (0.47-r0)
(79/94) Installing perl-uri (5.28-r0)
(80/94) Installing perl-io-html (1.004-r1)
(81/94) Installing perl-lwp-mediatypes (6.04-r3)
(82/94) Installing perl-http-message (7.00-r0)
(83/94) Installing perl-html-parser (3.83-r0)
(84/94) Installing perl-http-cookiejar (0.014-r1)
(85/94) Installing perl-http-cookies (6.11-r0)
(86/94) Installing perl-http-daemon (6.16-r2)
(87/94) Installing perl-http-negotiate (6.01-r5)
(88/94) Installing perl-net-http (6.23-r1)
(89/94) Installing perl-try-tiny (0.32-r0)
(90/94) Installing perl-test-fatal (0.017-r1)
(91/94) Installing perl-test-leaktrace (0.17-r5)
(92/94) Installing perl-test-needs (0.002010-r1)
(93/94) Installing perl-test-requiresinternet (0.05-r4)
(94/94) Installing perl-www-robotrules (6.02-r5)
Executing busybox-1.37.0-r18.trigger
OK: 298 MiB in 94 packages
>>> perl-libwww: Fetching https://cpan.metacpan.org/authors/id/O/OA/OALDERS/libwww-perl-6.77.tar.gz
>>> perl-libwww: Checking sha512sums...
libwww-perl-6.77.tar.gz: OK
>>> perl-libwww: Unpacking /var/cache/distfiles/libwww-perl-6.77.tar.gz...
Checking if your kit is complete...
Looks good
Generating a Unix-style Makefile
Writing Makefile for LWP
Writing MYMETA.yml and MYMETA.json
cp lib/LWP/Protocol/file.pm blib/lib/LWP/Protocol/file.pm
cp lib/LWP/Authen/Basic.pm blib/lib/LWP/Authen/Basic.pm
cp lib/LWP/Protocol/nntp.pm blib/lib/LWP/Protocol/nntp.pm
cp lib/LWP.pm blib/lib/LWP.pm
cp lib/LWP/Authen/Ntlm.pm blib/lib/LWP/Authen/Ntlm.pm
cp lib/LWP/Protocol/http.pm blib/lib/LWP/Protocol/http.pm
cp lib/LWP/Debug/TraceHTTP.pm blib/lib/LWP/Debug/TraceHTTP.pm
cp lib/LWP/Protocol/nogo.pm blib/lib/LWP/Protocol/nogo.pm
cp lib/LWP/Protocol/loopback.pm blib/lib/LWP/Protocol/loopback.pm
cp lib/LWP/Protocol/gopher.pm blib/lib/LWP/Protocol/gopher.pm
cp lib/LWP/UserAgent.pm blib/lib/LWP/UserAgent.pm
cp lib/LWP/MemberMixin.pm blib/lib/LWP/MemberMixin.pm
cp lib/LWP/Protocol/cpan.pm blib/lib/LWP/Protocol/cpan.pm
cp lib/LWP/Debug.pm blib/lib/LWP/Debug.pm
cp lib/LWP/Simple.pm blib/lib/LWP/Simple.pm
cp lib/LWP/Protocol.pm blib/lib/LWP/Protocol.pm
cp lwpcook.pod blib/lib/lwpcook.pod
cp lib/LWP/DebugFile.pm blib/lib/LWP/DebugFile.pm
cp lib/LWP/Authen/Digest.pm blib/lib/LWP/Authen/Digest.pm
cp lib/LWP/RobotUA.pm blib/lib/LWP/RobotUA.pm
cp lib/LWP/Protocol/ftp.pm blib/lib/LWP/Protocol/ftp.pm
cp lib/LWP/Protocol/mailto.pm blib/lib/LWP/Protocol/mailto.pm
cp lib/LWP/Protocol/data.pm blib/lib/LWP/Protocol/data.pm
cp lib/LWP/ConnCache.pm blib/lib/LWP/ConnCache.pm
cp lwptut.pod blib/lib/lwptut.pod
cp bin/lwp-download blib/script/lwp-download
cp bin/lwp-dump blib/script/lwp-dump
cp bin/lwp-mirror blib/script/lwp-mirror
"/usr/bin/perl" -MExtUtils::MY -e 'MY->fixin(shift)' -- blib/script/lwp-download
cp bin/lwp-request blib/script/lwp-request
"/usr/bin/perl" -MExtUtils::MY -e 'MY->fixin(shift)' -- blib/script/lwp-dump
"/usr/bin/perl" -MExtUtils::MY -e 'MY->fixin(shift)' -- blib/script/lwp-mirror
"/usr/bin/perl" -MExtUtils::MY -e 'MY->fixin(shift)' -- blib/script/lwp-request
Manifying 4 pod documents
Manifying 11 pod documents
PERL_DL_NONLAZY=1 "/usr/bin/perl" "-MExtUtils::Command::MM" "-MTest::Harness" "-e" "undef *Test::Harness::Switches; test_harness(0, 'blib/lib', 'blib/arch')" t/*.t t/base/*.t t/base/protocols/*.t t/leak/*.t t/local/*.t t/robot/*.t
# 
# Versions for all modules listed in MYMETA.json (including optional ones):
# 
# === Configure Requires ===
# 
#     Module              Want Have
#     ------------------- ---- ----
#     ExtUtils::MakeMaker  any 7.70
#     File::Copy           any 2.41
#     Getopt::Long         any 2.57
# 
# === Configure Suggests ===
# 
#     Module      Want Have
#     -------- ------- ----
#     JSON::PP 2.27300 4.16
# 
# === Build Requires ===
# 
#     Module              Want Have
#     ------------------- ---- ----
#     ExtUtils::MakeMaker  any 7.70
# 
# === Test Requires ===
# 
#     Module                 Want     Have
#     ---------------------- ---- --------
#     ExtUtils::MakeMaker     any     7.70
#     File::Spec              any     3.91
#     FindBin                 any     1.54
#     HTTP::CookieJar::LWP    any    0.014
#     HTTP::Daemon           6.12     6.16
#     Test::Fatal             any    0.017
#     Test::More             0.96 1.302199
#     Test::Needs             any 0.002010
#     Test::RequiresInternet  any     0.05
# 
# === Test Recommends ===
# 
#     Module              Want     Have
#     --------------- -------- --------
#     CPAN::Meta      2.120900 2.150010
#     Test::LeakTrace      any     0.17
# 
# === Runtime Requires ===
# 
#     Module                    Want     Have
#     --------------------- -------- --------
#     Digest::MD5                any  2.58_01
#     Encode                    2.12     3.21
#     Encode::Locale             any     1.05
#     File::Copy                 any     2.41
#     File::Listing                6     6.16
#     File::Temp                 any   0.2311
#     Getopt::Long               any     2.57
#     HTML::Entities             any     3.83
#     HTML::HeadParser          3.71     3.83
#     HTTP::Cookies                6     6.11
#     HTTP::Date                   6     6.06
#     HTTP::Negotiate              6     6.01
#     HTTP::Request             6.18     7.00
#     HTTP::Request::Common     6.18     7.00
#     HTTP::Response            6.18     7.00
#     HTTP::Status              6.18     7.00
#     IO::Select                 any     1.55
#     IO::Socket                 any     1.55
#     LWP::MediaTypes              6     6.04
#     MIME::Base64               2.1  3.16_01
#     Module::Load               any     0.36
#     Net::FTP                  2.58     3.15
#     Net::HTTP                 6.18     6.23
#     Scalar::Util               any     1.63
#     Try::Tiny                  any     0.32
#     URI                       1.10     5.28
#     URI::Escape                any     5.28
#     WWW::RobotRules              6     6.02
#     parent                   0.217    0.241
#     perl                  5.008001 5.040002
#     strict                     any     1.13
#     warnings                   any     1.70
# 
# === Runtime Suggests ===
# 
#     Module               Want    Have
#     -------------------- ---- -------
#     Authen::NTLM         1.02 missing
#     Data::Dump           1.13 missing
#     IO::Socket::INET      any    1.55
#     LWP::Protocol::https 6.02 missing
# 
t/00-report-prereqs.t .......... ok
t/10-attrs.t ................... ok
t/base/default_content_type.t .. ok
t/base/protocols.t ............. ok
t/base/protocols/nntp.t ........ skipped: nntp.perl.org is unstable and Test::RequiresInternet is not catching it
t/base/proxy.t ................. ok
t/base/proxy_request.t ......... ok
t/base/simple.t ................ ok
t/base/ua.t .................... ok
t/base/ua_handlers.t ........... ok
t/leak/no_leak.t ............... skipped: no host: neverssl.com
t/local/autoload-get.t ......... ok
t/local/autoload.t ............. ok
t/local/cookie_jar.t ........... ok
t/local/download_to_fh.t ....... ok
t/local/get.t .................. ok
t/local/http.t ................. ok
t/local/httpsub.t .............. ok
t/local/protosub.t ............. ok
t/redirect.t ................... skipped: no host: www.google.com
t/robot/ua-get.t ............... ok
t/robot/ua.t ................... ok
All tests successful.
Files=22, Tests=312, 49 wallclock secs ( 0.05 usr  0.01 sys +  1.64 cusr  0.34 csys =  2.04 CPU)
Result: PASS
>>> perl-libwww: Entering fakeroot...
Manifying 4 pod documents
Manifying 11 pod documents
Installing /tmp/pkg/perl-libwww/usr/share/perl5/vendor_perl/lwpcook.pod
Installing /tmp/pkg/perl-libwww/usr/share/perl5/vendor_perl/lwptut.pod
Installing /tmp/pkg/perl-libwww/usr/share/perl5/vendor_perl/LWP.pm
Installing /tmp/pkg/perl-libwww/usr/share/perl5/vendor_perl/LWP/UserAgent.pm
Installing /tmp/pkg/perl-libwww/usr/share/perl5/vendor_perl/LWP/RobotUA.pm
Installing /tmp/pkg/perl-libwww/usr/share/perl5/vendor_perl/LWP/Simple.pm
Installing /tmp/pkg/perl-libwww/usr/share/perl5/vendor_perl/LWP/Protocol.pm
Installing /tmp/pkg/perl-libwww/usr/share/perl5/vendor_perl/LWP/DebugFile.pm
Installing /tmp/pkg/perl-libwww/usr/share/perl5/vendor_perl/LWP/MemberMixin.pm
Installing /tmp/pkg/perl-libwww/usr/share/perl5/vendor_perl/LWP/ConnCache.pm
Installing /tmp/pkg/perl-libwww/usr/share/perl5/vendor_perl/LWP/Debug.pm
Installing /tmp/pkg/perl-libwww/usr/share/perl5/vendor_perl/LWP/Protocol/file.pm
Installing /tmp/pkg/perl-libwww/usr/share/perl5/vendor_perl/LWP/Protocol/http.pm
Installing /tmp/pkg/perl-libwww/usr/share/perl5/vendor_perl/LWP/Protocol/gopher.pm
Installing /tmp/pkg/perl-libwww/usr/share/perl5/vendor_perl/LWP/Protocol/data.pm
Installing /tmp/pkg/perl-libwww/usr/share/perl5/vendor_perl/LWP/Protocol/mailto.pm
Installing /tmp/pkg/perl-libwww/usr/share/perl5/vendor_perl/LWP/Protocol/ftp.pm
Installing /tmp/pkg/perl-libwww/usr/share/perl5/vendor_perl/LWP/Protocol/nogo.pm
Installing /tmp/pkg/perl-libwww/usr/share/perl5/vendor_perl/LWP/Protocol/nntp.pm
Installing /tmp/pkg/perl-libwww/usr/share/perl5/vendor_perl/LWP/Protocol/cpan.pm
Installing /tmp/pkg/perl-libwww/usr/share/perl5/vendor_perl/LWP/Protocol/loopback.pm
Installing /tmp/pkg/perl-libwww/usr/share/perl5/vendor_perl/LWP/Authen/Digest.pm
Installing /tmp/pkg/perl-libwww/usr/share/perl5/vendor_perl/LWP/Authen/Basic.pm
Installing /tmp/pkg/perl-libwww/usr/share/perl5/vendor_perl/LWP/Authen/Ntlm.pm
Installing /tmp/pkg/perl-libwww/usr/share/perl5/vendor_perl/LWP/Debug/TraceHTTP.pm
Installing /tmp/pkg/perl-libwww/usr/share/man/man1/lwp-request.1
Installing /tmp/pkg/perl-libwww/usr/share/man/man1/lwp-download.1
Installing /tmp/pkg/perl-libwww/usr/share/man/man1/lwp-mirror.1
Installing /tmp/pkg/perl-libwww/usr/share/man/man1/lwp-dump.1
Installing /tmp/pkg/perl-libwww/usr/share/man/man3/LWP::ConnCache.3pm
Installing /tmp/pkg/perl-libwww/usr/share/man/man3/LWP::RobotUA.3pm
Installing /tmp/pkg/perl-libwww/usr/share/man/man3/LWP::Simple.3pm
Installing /tmp/pkg/perl-libwww/usr/share/man/man3/lwptut.3pm
Installing /tmp/pkg/perl-libwww/usr/share/man/man3/LWP::Protocol.3pm
Installing /tmp/pkg/perl-libwww/usr/share/man/man3/LWP::Authen::Ntlm.3pm
Installing /tmp/pkg/perl-libwww/usr/share/man/man3/LWP.3pm
Installing /tmp/pkg/perl-libwww/usr/share/man/man3/LWP::UserAgent.3pm
Installing /tmp/pkg/perl-libwww/usr/share/man/man3/lwpcook.3pm
Installing /tmp/pkg/perl-libwww/usr/share/man/man3/LWP::MemberMixin.3pm
Installing /tmp/pkg/perl-libwww/usr/share/man/man3/LWP::Debug.3pm
Installing /tmp/pkg/perl-libwww/usr/bin/lwp-request
Installing /tmp/pkg/perl-libwww/usr/bin/lwp-dump
Installing /tmp/pkg/perl-libwww/usr/bin/lwp-download
Installing /tmp/pkg/perl-libwww/usr/bin/lwp-mirror
>>> perl-libwww-doc*: Running split function doc...
'usr/share/man' -> '/tmp/pkg/perl-libwww-doc/usr/share/man'
>>> perl-libwww-doc*: Preparing subpackage perl-libwww-doc...
>>> perl-libwww-doc*: Running postcheck for perl-libwww-doc
>>> perl-libwww*: Running postcheck for perl-libwww
>>> perl-libwww*: Preparing package perl-libwww...
>>> perl-libwww-doc*: Tracing dependencies...
>>> perl-libwww-doc*: Package size: 59.3 KB
>>> perl-libwww-doc*: Compressing data...
>>> perl-libwww-doc*: Create checksum...
>>> perl-libwww-doc*: Create perl-libwww-doc-6.77-r0.apk
>>> perl-libwww*: Tracing dependencies...
	perl
	perl-http-date
	perl-http-cookies
	perl-net-http
	perl-html-parser
	perl-file-listing
	perl-www-robotrules
	perl-http-negotiate
	perl-uri
	perl-http-message
	perl-lwp-mediatypes
	perl-encode-locale
	perl-try-tiny
>>> perl-libwww*: Package size: 260.8 KB
>>> perl-libwww*: Compressing data...
>>> perl-libwww*: Create checksum...
>>> perl-libwww*: Create perl-libwww-6.77-r0.apk
>>> perl-libwww: Updating the main/x86_64 repository index...
>>> perl-libwww: Signing the index...
>>> perl-libwww: Cleaning up srcdir
>>> perl-libwww: Cleaning up build chroot
>>> perl-libwww: Cleaning up pkgdir
