pigz: not found
>>> byobu: Building main/byobu 6.12-r0 (using abuild 3.14.1-r4) started Fri, 23 May 2025 03:24:32 +0000
>>> byobu: Validating /home/packager/aports/main/byobu/APKBUILD...
>>> byobu: Analyzing dependencies...
>>> byobu: Installing for build: build-base python3 tmux py3-newt automake autoconf libtool
(1/18) Installing libffi (3.4.7-r0)
(2/18) Installing gdbm (1.24-r0)
(3/18) Installing xz-libs (5.6.3-r1)
(4/18) Installing mpdecimal (4.0.0-r0)
(5/18) Installing sqlite-libs (3.49.2-r0)
(6/18) Installing python3 (3.12.10-r1)
(7/18) Installing python3-pycache-pyc0 (3.12.10-r1)
(8/18) Installing pyc (3.12.10-r1)
(9/18) Installing python3-pyc (3.12.10-r1)
(10/18) Installing libevent (2.1.12-r8)
(11/18) Installing tmux (3.5a-r0)
(12/18) Installing popt (1.19-r4)
(13/18) Installing slang (2.3.3-r3)
(14/18) Installing newt (0.52.24-r1)
(15/18) Installing py3-newt (0.52.24-r1)
(16/18) Installing libltdl (2.4.7-r3)
(17/18) Installing libtool (2.4.7-r3)
(18/18) Installing .makedepends-byobu (20250523.032435)
Executing busybox-1.37.0-r12.trigger
OK: 353 MiB in 132 packages
>>> byobu: Cleaning up srcdir
>>> byobu: Cleaning up pkgdir
>>> byobu: Cleaning up tmpdir
>>> byobu: Fetching byobu-6.12.tar.gz::https://github.com/dustinkirkland/byobu/archive/refs/tags/6.12.tar.gz
Connecting to github.com (140.82.121.3:443)
Connecting to codeload.github.com (140.82.121.9:443)
saving to '/var/cache/distfiles/byobu-6.12.tar.gz.part'
byobu-6.12.tar.gz.pa 100% |********************************|  657k  0:00:00 ETA
'/var/cache/distfiles/byobu-6.12.tar.gz.part' saved
>>> byobu: Fetching byobu-6.12.tar.gz::https://github.com/dustinkirkland/byobu/archive/refs/tags/6.12.tar.gz
>>> byobu: Checking sha512sums...
byobu-6.12.tar.gz: OK
>>> byobu: Unpacking /var/cache/distfiles/byobu-6.12.tar.gz...
autoreconf: export WARNINGS=
autoreconf: Entering directory '.'
autoreconf: configure.ac: not using Gettext
autoreconf: running: aclocal --force 
autoreconf: configure.ac: tracing
autoreconf: configure.ac: not using Libtool
autoreconf: configure.ac: not using Intltool
autoreconf: configure.ac: not using Gtkdoc
autoreconf: running: /usr/bin/autoconf --force
configure.ac:20: warning: AC_OUTPUT should be used without arguments.
configure.ac:20: You should run autoupdate.
autoreconf: configure.ac: not using Autoheader
autoreconf: running: automake --add-missing --copy --force-missing
configure.ac:7: installing './install-sh'
configure.ac:7: installing './missing'
autoreconf: Leaving directory '.'
The byobu build system is now prepared.

To build here, run:
  ./configure
  make
checking for a BSD-compatible install... /usr/bin/install -c
checking whether sleep supports fractional seconds... yes
checking filesystem timestamp resolution... 0.01
checking whether build environment is sane... yes
checking for a race-free mkdir -p... /bin/mkdir -p
checking for gawk... gawk
checking whether make sets $(MAKE)... yes
checking whether make supports nested variables... yes
checking xargs -n works... yes
checking whether ln -s works... yes
checking that generated files are newer than configure... done
configure: creating ./config.status
config.status: creating Makefile
config.status: creating etc/byobu/Makefile
config.status: creating etc/profile.d/Makefile
config.status: creating etc/profile.d/Z97-byobu.sh
config.status: creating usr/bin/byobu
config.status: creating usr/bin/byobu-config
config.status: creating usr/bin/byobu-ctrl-a
config.status: creating usr/bin/byobu-disable
config.status: creating usr/bin/byobu-disable-prompt
config.status: creating usr/bin/byobu-enable
config.status: creating usr/bin/byobu-enable-prompt
config.status: creating usr/bin/byobu-export
config.status: creating usr/bin/byobu-janitor
config.status: creating usr/bin/byobu-launch
config.status: creating usr/bin/byobu-launcher
config.status: creating usr/bin/byobu-launcher-install
config.status: creating usr/bin/byobu-launcher-uninstall
config.status: creating usr/bin/byobu-layout
config.status: creating usr/bin/byobu-prompt
config.status: creating usr/bin/byobu-quiet
config.status: creating usr/bin/byobu-reconnect-sockets
config.status: creating usr/bin/byobu-select-backend
config.status: creating usr/bin/byobu-select-profile
config.status: creating usr/bin/byobu-select-session
config.status: creating usr/bin/byobu-shell
config.status: creating usr/bin/byobu-silent
config.status: creating usr/bin/byobu-status
config.status: creating usr/bin/byobu-status-detail
config.status: creating usr/bin/byobu-ugraph
config.status: creating usr/bin/byobu-ulevel
config.status: creating usr/lib/byobu/include/config.py
config.status: creating usr/lib/byobu/include/dirs
config.status: creating usr/lib/byobu/include/toggle-utf8
config.status: creating usr/share/byobu/tests/byobu-time-notifications
config.status: creating usr/share/byobu/desktop/Makefile
config.status: creating usr/share/byobu/keybindings/Makefile
config.status: creating usr/share/byobu/pixmaps/Makefile
config.status: creating usr/share/byobu/profiles/Makefile
config.status: creating usr/share/byobu/status/Makefile
config.status: creating usr/share/byobu/tests/Makefile
config.status: creating usr/share/byobu/windows/Makefile
config.status: creating usr/share/dbus-1/services/Makefile
config.status: creating usr/share/doc/byobu/Makefile
config.status: creating usr/lib/byobu/Makefile
config.status: creating usr/lib/byobu/include/Makefile
config.status: creating usr/share/man/man1/Makefile
config.status: creating usr/bin/Makefile
Making all in etc/byobu
make[1]: Entering directory '/home/packager/aports/main/byobu/src/byobu-6.12/etc/byobu'
make[1]: Nothing to be done for 'all'.
make[1]: Leaving directory '/home/packager/aports/main/byobu/src/byobu-6.12/etc/byobu'
Making all in etc/profile.d
make[1]: Entering directory '/home/packager/aports/main/byobu/src/byobu-6.12/etc/profile.d'
make[1]: Nothing to be done for 'all'.
make[1]: Leaving directory '/home/packager/aports/main/byobu/src/byobu-6.12/etc/profile.d'
Making all in usr/share/byobu/desktop
make[1]: Entering directory '/home/packager/aports/main/byobu/src/byobu-6.12/usr/share/byobu/desktop'
make[1]: Nothing to be done for 'all'.
make[1]: Leaving directory '/home/packager/aports/main/byobu/src/byobu-6.12/usr/share/byobu/desktop'
Making all in usr/share/byobu/keybindings
make[1]: Entering directory '/home/packager/aports/main/byobu/src/byobu-6.12/usr/share/byobu/keybindings'
make[1]: Nothing to be done for 'all'.
make[1]: Leaving directory '/home/packager/aports/main/byobu/src/byobu-6.12/usr/share/byobu/keybindings'
Making all in usr/share/byobu/pixmaps
make[1]: Entering directory '/home/packager/aports/main/byobu/src/byobu-6.12/usr/share/byobu/pixmaps'
make[1]: Nothing to be done for 'all'.
make[1]: Leaving directory '/home/packager/aports/main/byobu/src/byobu-6.12/usr/share/byobu/pixmaps'
Making all in usr/share/byobu/profiles
make[1]: Entering directory '/home/packager/aports/main/byobu/src/byobu-6.12/usr/share/byobu/profiles'
make[1]: Nothing to be done for 'all'.
make[1]: Leaving directory '/home/packager/aports/main/byobu/src/byobu-6.12/usr/share/byobu/profiles'
Making all in usr/share/byobu/status
make[1]: Entering directory '/home/packager/aports/main/byobu/src/byobu-6.12/usr/share/byobu/status'
make[1]: Nothing to be done for 'all'.
make[1]: Leaving directory '/home/packager/aports/main/byobu/src/byobu-6.12/usr/share/byobu/status'
Making all in usr/share/byobu/tests
make[1]: Entering directory '/home/packager/aports/main/byobu/src/byobu-6.12/usr/share/byobu/tests'
make[1]: Nothing to be done for 'all'.
make[1]: Leaving directory '/home/packager/aports/main/byobu/src/byobu-6.12/usr/share/byobu/tests'
Making all in usr/share/byobu/windows
make[1]: Entering directory '/home/packager/aports/main/byobu/src/byobu-6.12/usr/share/byobu/windows'
make[1]: Nothing to be done for 'all'.
make[1]: Leaving directory '/home/packager/aports/main/byobu/src/byobu-6.12/usr/share/byobu/windows'
Making all in usr/share/dbus-1/services
make[1]: Entering directory '/home/packager/aports/main/byobu/src/byobu-6.12/usr/share/dbus-1/services'
make[1]: Nothing to be done for 'all'.
make[1]: Leaving directory '/home/packager/aports/main/byobu/src/byobu-6.12/usr/share/dbus-1/services'
Making all in usr/share/doc/byobu
make[1]: Entering directory '/home/packager/aports/main/byobu/src/byobu-6.12/usr/share/doc/byobu'
make[1]: Nothing to be done for 'all'.
make[1]: Leaving directory '/home/packager/aports/main/byobu/src/byobu-6.12/usr/share/doc/byobu'
Making all in usr/lib/byobu
make[1]: Entering directory '/home/packager/aports/main/byobu/src/byobu-6.12/usr/lib/byobu'
make[1]: Nothing to be done for 'all'.
make[1]: Leaving directory '/home/packager/aports/main/byobu/src/byobu-6.12/usr/lib/byobu'
Making all in usr/lib/byobu/include
make[1]: Entering directory '/home/packager/aports/main/byobu/src/byobu-6.12/usr/lib/byobu/include'
make[1]: Nothing to be done for 'all'.
make[1]: Leaving directory '/home/packager/aports/main/byobu/src/byobu-6.12/usr/lib/byobu/include'
Making all in usr/share/man/man1
make[1]: Entering directory '/home/packager/aports/main/byobu/src/byobu-6.12/usr/share/man/man1'
make[1]: Nothing to be done for 'all'.
make[1]: Leaving directory '/home/packager/aports/main/byobu/src/byobu-6.12/usr/share/man/man1'
Making all in usr/bin
make[1]: Entering directory '/home/packager/aports/main/byobu/src/byobu-6.12/usr/bin'
make[1]: Nothing to be done for 'all'.
make[1]: Leaving directory '/home/packager/aports/main/byobu/src/byobu-6.12/usr/bin'
make[1]: Entering directory '/home/packager/aports/main/byobu/src/byobu-6.12'
make[1]: Nothing to be done for 'all-am'.
make[1]: Leaving directory '/home/packager/aports/main/byobu/src/byobu-6.12'
Making check in etc/byobu
make[1]: Entering directory '/home/packager/aports/main/byobu/src/byobu-6.12/etc/byobu'
make[1]: Nothing to be done for 'check'.
make[1]: Leaving directory '/home/packager/aports/main/byobu/src/byobu-6.12/etc/byobu'
Making check in etc/profile.d
make[1]: Entering directory '/home/packager/aports/main/byobu/src/byobu-6.12/etc/profile.d'
make[1]: Nothing to be done for 'check'.
make[1]: Leaving directory '/home/packager/aports/main/byobu/src/byobu-6.12/etc/profile.d'
Making check in usr/share/byobu/desktop
make[1]: Entering directory '/home/packager/aports/main/byobu/src/byobu-6.12/usr/share/byobu/desktop'
make[1]: Nothing to be done for 'check'.
make[1]: Leaving directory '/home/packager/aports/main/byobu/src/byobu-6.12/usr/share/byobu/desktop'
Making check in usr/share/byobu/keybindings
make[1]: Entering directory '/home/packager/aports/main/byobu/src/byobu-6.12/usr/share/byobu/keybindings'
make[1]: Nothing to be done for 'check'.
make[1]: Leaving directory '/home/packager/aports/main/byobu/src/byobu-6.12/usr/share/byobu/keybindings'
Making check in usr/share/byobu/pixmaps
make[1]: Entering directory '/home/packager/aports/main/byobu/src/byobu-6.12/usr/share/byobu/pixmaps'
make[1]: Nothing to be done for 'check'.
make[1]: Leaving directory '/home/packager/aports/main/byobu/src/byobu-6.12/usr/share/byobu/pixmaps'
Making check in usr/share/byobu/profiles
make[1]: Entering directory '/home/packager/aports/main/byobu/src/byobu-6.12/usr/share/byobu/profiles'
make[1]: Nothing to be done for 'check'.
make[1]: Leaving directory '/home/packager/aports/main/byobu/src/byobu-6.12/usr/share/byobu/profiles'
Making check in usr/share/byobu/status
make[1]: Entering directory '/home/packager/aports/main/byobu/src/byobu-6.12/usr/share/byobu/status'
make[1]: Nothing to be done for 'check'.
make[1]: Leaving directory '/home/packager/aports/main/byobu/src/byobu-6.12/usr/share/byobu/status'
Making check in usr/share/byobu/tests
make[1]: Entering directory '/home/packager/aports/main/byobu/src/byobu-6.12/usr/share/byobu/tests'
make[1]: Nothing to be done for 'check'.
make[1]: Leaving directory '/home/packager/aports/main/byobu/src/byobu-6.12/usr/share/byobu/tests'
Making check in usr/share/byobu/windows
make[1]: Entering directory '/home/packager/aports/main/byobu/src/byobu-6.12/usr/share/byobu/windows'
make[1]: Nothing to be done for 'check'.
make[1]: Leaving directory '/home/packager/aports/main/byobu/src/byobu-6.12/usr/share/byobu/windows'
Making check in usr/share/dbus-1/services
make[1]: Entering directory '/home/packager/aports/main/byobu/src/byobu-6.12/usr/share/dbus-1/services'
make[1]: Nothing to be done for 'check'.
make[1]: Leaving directory '/home/packager/aports/main/byobu/src/byobu-6.12/usr/share/dbus-1/services'
Making check in usr/share/doc/byobu
make[1]: Entering directory '/home/packager/aports/main/byobu/src/byobu-6.12/usr/share/doc/byobu'
make[1]: Nothing to be done for 'check'.
make[1]: Leaving directory '/home/packager/aports/main/byobu/src/byobu-6.12/usr/share/doc/byobu'
Making check in usr/lib/byobu
make[1]: Entering directory '/home/packager/aports/main/byobu/src/byobu-6.12/usr/lib/byobu'
make[1]: Nothing to be done for 'check'.
make[1]: Leaving directory '/home/packager/aports/main/byobu/src/byobu-6.12/usr/lib/byobu'
Making check in usr/lib/byobu/include
make[1]: Entering directory '/home/packager/aports/main/byobu/src/byobu-6.12/usr/lib/byobu/include'
make[1]: Nothing to be done for 'check'.
make[1]: Leaving directory '/home/packager/aports/main/byobu/src/byobu-6.12/usr/lib/byobu/include'
Making check in usr/share/man/man1
make[1]: Entering directory '/home/packager/aports/main/byobu/src/byobu-6.12/usr/share/man/man1'
make[1]: Nothing to be done for 'check'.
make[1]: Leaving directory '/home/packager/aports/main/byobu/src/byobu-6.12/usr/share/man/man1'
Making check in usr/bin
make[1]: Entering directory '/home/packager/aports/main/byobu/src/byobu-6.12/usr/bin'
make[1]: Nothing to be done for 'check'.
make[1]: Leaving directory '/home/packager/aports/main/byobu/src/byobu-6.12/usr/bin'
make[1]: Entering directory '/home/packager/aports/main/byobu/src/byobu-6.12'
make[1]: Nothing to be done for 'check-am'.
make[1]: Leaving directory '/home/packager/aports/main/byobu/src/byobu-6.12'
>>> byobu: Entering fakeroot...
Making install in etc/byobu
make[1]: Entering directory '/home/packager/aports/main/byobu/src/byobu-6.12/etc/byobu'
make[2]: Entering directory '/home/packager/aports/main/byobu/src/byobu-6.12/etc/byobu'
make[2]: Nothing to be done for 'install-exec-am'.
 /bin/mkdir -p '/home/packager/aports/main/byobu/pkg/byobu/etc/byobu/'
 /usr/bin/install -c -m 644 backend socketdir '/home/packager/aports/main/byobu/pkg/byobu/etc/byobu/'
make[2]: Leaving directory '/home/packager/aports/main/byobu/src/byobu-6.12/etc/byobu'
make[1]: Leaving directory '/home/packager/aports/main/byobu/src/byobu-6.12/etc/byobu'
Making install in etc/profile.d
make[1]: Entering directory '/home/packager/aports/main/byobu/src/byobu-6.12/etc/profile.d'
make[2]: Entering directory '/home/packager/aports/main/byobu/src/byobu-6.12/etc/profile.d'
make[2]: Nothing to be done for 'install-exec-am'.
 /bin/mkdir -p '/home/packager/aports/main/byobu/pkg/byobu/etc/profile.d'
 /usr/bin/install -c -m 644 Z97-byobu.sh '/home/packager/aports/main/byobu/pkg/byobu/etc/profile.d'
make[2]: Leaving directory '/home/packager/aports/main/byobu/src/byobu-6.12/etc/profile.d'
make[1]: Leaving directory '/home/packager/aports/main/byobu/src/byobu-6.12/etc/profile.d'
Making install in usr/share/byobu/desktop
make[1]: Entering directory '/home/packager/aports/main/byobu/src/byobu-6.12/usr/share/byobu/desktop'
make[2]: Entering directory '/home/packager/aports/main/byobu/src/byobu-6.12/usr/share/byobu/desktop'
make[2]: Nothing to be done for 'install-exec-am'.
 /bin/mkdir -p '/home/packager/aports/main/byobu/pkg/byobu/usr/share/byobu/desktop'
 /usr/bin/install -c byobu.desktop byobu.desktop.old '/home/packager/aports/main/byobu/pkg/byobu/usr/share/byobu/desktop'
make[2]: Leaving directory '/home/packager/aports/main/byobu/src/byobu-6.12/usr/share/byobu/desktop'
make[1]: Leaving directory '/home/packager/aports/main/byobu/src/byobu-6.12/usr/share/byobu/desktop'
Making install in usr/share/byobu/keybindings
make[1]: Entering directory '/home/packager/aports/main/byobu/src/byobu-6.12/usr/share/byobu/keybindings'
make[2]: Entering directory '/home/packager/aports/main/byobu/src/byobu-6.12/usr/share/byobu/keybindings'
make[2]: Nothing to be done for 'install-exec-am'.
 /bin/mkdir -p '/home/packager/aports/main/byobu/pkg/byobu/usr/share/byobu/keybindings'
 /usr/bin/install -c -m 644 common f-keys f-keys.screen f-keys.screen.disable f-keys.tmux f-keys.tmux.disable mouse.tmux.disable mouse.tmux.enable none tmux-screen-keys.conf '/home/packager/aports/main/byobu/pkg/byobu/usr/share/byobu/keybindings'
make[2]: Leaving directory '/home/packager/aports/main/byobu/src/byobu-6.12/usr/share/byobu/keybindings'
make[1]: Leaving directory '/home/packager/aports/main/byobu/src/byobu-6.12/usr/share/byobu/keybindings'
Making install in usr/share/byobu/pixmaps
make[1]: Entering directory '/home/packager/aports/main/byobu/src/byobu-6.12/usr/share/byobu/pixmaps'
make[2]: Entering directory '/home/packager/aports/main/byobu/src/byobu-6.12/usr/share/byobu/pixmaps'
make[2]: Nothing to be done for 'install-exec-am'.
 /bin/mkdir -p '/home/packager/aports/main/byobu/pkg/byobu/usr/share/byobu/pixmaps'
 /usr/bin/install -c -m 644 byobu.svg '/home/packager/aports/main/byobu/pkg/byobu/usr/share/byobu/pixmaps'
make[2]: Leaving directory '/home/packager/aports/main/byobu/src/byobu-6.12/usr/share/byobu/pixmaps'
make[1]: Leaving directory '/home/packager/aports/main/byobu/src/byobu-6.12/usr/share/byobu/pixmaps'
Making install in usr/share/byobu/profiles
make[1]: Entering directory '/home/packager/aports/main/byobu/src/byobu-6.12/usr/share/byobu/profiles'
make[2]: Entering directory '/home/packager/aports/main/byobu/src/byobu-6.12/usr/share/byobu/profiles'
make[2]: Nothing to be done for 'install-exec-am'.
 /bin/mkdir -p '/home/packager/aports/main/byobu/pkg/byobu/usr/share/byobu/profiles'
 /usr/bin/install -c -m 644 bashrc byoburc dircolors screenrc common tmux tmuxrc NONE '/home/packager/aports/main/byobu/pkg/byobu/usr/share/byobu/profiles'
make[2]: Leaving directory '/home/packager/aports/main/byobu/src/byobu-6.12/usr/share/byobu/profiles'
make[1]: Leaving directory '/home/packager/aports/main/byobu/src/byobu-6.12/usr/share/byobu/profiles'
Making install in usr/share/byobu/status
make[1]: Entering directory '/home/packager/aports/main/byobu/src/byobu-6.12/usr/share/byobu/status'
make[2]: Entering directory '/home/packager/aports/main/byobu/src/byobu-6.12/usr/share/byobu/status'
make[2]: Nothing to be done for 'install-exec-am'.
 /bin/mkdir -p '/home/packager/aports/main/byobu/pkg/byobu/usr/share/byobu/status'
 /usr/bin/install -c -m 644 status statusrc '/home/packager/aports/main/byobu/pkg/byobu/usr/share/byobu/status'
make[2]: Leaving directory '/home/packager/aports/main/byobu/src/byobu-6.12/usr/share/byobu/status'
make[1]: Leaving directory '/home/packager/aports/main/byobu/src/byobu-6.12/usr/share/byobu/status'
Making install in usr/share/byobu/tests
make[1]: Entering directory '/home/packager/aports/main/byobu/src/byobu-6.12/usr/share/byobu/tests'
make[2]: Entering directory '/home/packager/aports/main/byobu/src/byobu-6.12/usr/share/byobu/tests'
make[2]: Nothing to be done for 'install-exec-am'.
 /bin/mkdir -p '/home/packager/aports/main/byobu/pkg/byobu/usr/share/byobu/tests'
 /usr/bin/install -c byobu-time-notifications '/home/packager/aports/main/byobu/pkg/byobu/usr/share/byobu/tests'
make[2]: Leaving directory '/home/packager/aports/main/byobu/src/byobu-6.12/usr/share/byobu/tests'
make[1]: Leaving directory '/home/packager/aports/main/byobu/src/byobu-6.12/usr/share/byobu/tests'
Making install in usr/share/byobu/windows
make[1]: Entering directory '/home/packager/aports/main/byobu/src/byobu-6.12/usr/share/byobu/windows'
make[2]: Entering directory '/home/packager/aports/main/byobu/src/byobu-6.12/usr/share/byobu/windows'
make[2]: Nothing to be done for 'install-exec-am'.
 /bin/mkdir -p '/home/packager/aports/main/byobu/pkg/byobu/usr/share/byobu/windows'
 /usr/bin/install -c -m 644 common '/home/packager/aports/main/byobu/pkg/byobu/usr/share/byobu/windows'
make[2]: Leaving directory '/home/packager/aports/main/byobu/src/byobu-6.12/usr/share/byobu/windows'
make[1]: Leaving directory '/home/packager/aports/main/byobu/src/byobu-6.12/usr/share/byobu/windows'
Making install in usr/share/dbus-1/services
make[1]: Entering directory '/home/packager/aports/main/byobu/src/byobu-6.12/usr/share/dbus-1/services'
make[2]: Entering directory '/home/packager/aports/main/byobu/src/byobu-6.12/usr/share/dbus-1/services'
make[2]: Nothing to be done for 'install-exec-am'.
 /bin/mkdir -p '/home/packager/aports/main/byobu/pkg/byobu/usr/share/dbus-1/services'
 /usr/bin/install -c -m 644 us.kirkland.terminals.byobu.service '/home/packager/aports/main/byobu/pkg/byobu/usr/share/dbus-1/services'
make[2]: Leaving directory '/home/packager/aports/main/byobu/src/byobu-6.12/usr/share/dbus-1/services'
make[1]: Leaving directory '/home/packager/aports/main/byobu/src/byobu-6.12/usr/share/dbus-1/services'
Making install in usr/share/doc/byobu
make[1]: Entering directory '/home/packager/aports/main/byobu/src/byobu-6.12/usr/share/doc/byobu'
make[2]: Entering directory '/home/packager/aports/main/byobu/src/byobu-6.12/usr/share/doc/byobu'
make[2]: Nothing to be done for 'install-exec-am'.
 /bin/mkdir -p '/home/packager/aports/main/byobu/pkg/byobu/usr/share/doc/byobu'
 /usr/bin/install -c -m 644 help.screen.txt help.tmux.txt '/home/packager/aports/main/byobu/pkg/byobu/usr/share/doc/byobu'
make[2]: Leaving directory '/home/packager/aports/main/byobu/src/byobu-6.12/usr/share/doc/byobu'
make[1]: Leaving directory '/home/packager/aports/main/byobu/src/byobu-6.12/usr/share/doc/byobu'
Making install in usr/lib/byobu
make[1]: Entering directory '/home/packager/aports/main/byobu/src/byobu-6.12/usr/lib/byobu'
make[2]: Entering directory '/home/packager/aports/main/byobu/src/byobu-6.12/usr/lib/byobu'
make[2]: Nothing to be done for 'install-exec-am'.
 /bin/mkdir -p '/home/packager/aports/main/byobu/pkg/byobu/usr/lib/byobu'
 /usr/bin/install -c apport arch battery cpu_count cpu_freq cpu_temp color custom date disk disk_io distro entropy fan_speed hostname ip_address load_average logo mail memory menu network packages processes raid reboot_required release services session swap time time_binary time_utc trash updates_available uptime users whoami wifi_quality '/home/packager/aports/main/byobu/pkg/byobu/usr/lib/byobu'
make[2]: Leaving directory '/home/packager/aports/main/byobu/src/byobu-6.12/usr/lib/byobu'
make[1]: Leaving directory '/home/packager/aports/main/byobu/src/byobu-6.12/usr/lib/byobu'
Making install in usr/lib/byobu/include
make[1]: Entering directory '/home/packager/aports/main/byobu/src/byobu-6.12/usr/lib/byobu/include'
make[2]: Entering directory '/home/packager/aports/main/byobu/src/byobu-6.12/usr/lib/byobu/include'
make[2]: Nothing to be done for 'install-exec-am'.
 /bin/mkdir -p '/home/packager/aports/main/byobu/pkg/byobu/usr/lib/byobu/include'
 /usr/bin/install -c common colors config.py constants cycle-status dirs icons mondrian notify_osd shutil select-session.py tmux-detach-all-but-current-client tmux-send-command-to-all-panes tmux-send-command-to-all-windows toggle-utf8 '/home/packager/aports/main/byobu/pkg/byobu/usr/lib/byobu/include'
make[2]: Leaving directory '/home/packager/aports/main/byobu/src/byobu-6.12/usr/lib/byobu/include'
make[1]: Leaving directory '/home/packager/aports/main/byobu/src/byobu-6.12/usr/lib/byobu/include'
Making install in usr/share/man/man1
make[1]: Entering directory '/home/packager/aports/main/byobu/src/byobu-6.12/usr/share/man/man1'
make[2]: Entering directory '/home/packager/aports/main/byobu/src/byobu-6.12/usr/share/man/man1'
make[2]: Nothing to be done for 'install-exec-am'.
 /bin/mkdir -p '/home/packager/aports/main/byobu/pkg/byobu/usr/share/man/man1'
 /usr/bin/install -c -m 644 byobu.1 byobu-config.1 byobu-ctrl-a.1 byobu-disable.1 byobu-disable-prompt.1 byobu-enable.1 byobu-enable-prompt.1 byobu-export.1 byobu-janitor.1 byobu-keybindings.1 byobu-launch.1 byobu-launcher.1 byobu-launcher-install.1 byobu-launcher-uninstall.1 byobu-layout.1 byobu-prompt.1 byobu-quiet.1 byobu-reconnect-sockets.1 byobu-screen.1 byobu-select-backend.1 byobu-select-profile.1 byobu-select-session.1 byobu-shell.1 byobu-silent.1 byobu-status.1 byobu-status-detail.1 byobu-tmux.1 byobu-ugraph.1 byobu-ulevel.1 col1.1 ctail.1 wifi-status.1 vigpg.1 manifest.1 purge-old-kernels.1 '/home/packager/aports/main/byobu/pkg/byobu/usr/share/man/man1'
make[2]: Leaving directory '/home/packager/aports/main/byobu/src/byobu-6.12/usr/share/man/man1'
make[1]: Leaving directory '/home/packager/aports/main/byobu/src/byobu-6.12/usr/share/man/man1'
Making install in usr/bin
make[1]: Entering directory '/home/packager/aports/main/byobu/src/byobu-6.12/usr/bin'
make[2]: Entering directory '/home/packager/aports/main/byobu/src/byobu-6.12/usr/bin'
make[2]: Nothing to be done for 'install-data-am'.
 /bin/mkdir -p '/home/packager/aports/main/byobu/pkg/byobu/usr/bin'
 /usr/bin/install -c byobu byobu-config byobu-ctrl-a byobu-disable byobu-disable-prompt byobu-enable byobu-enable-prompt byobu-export byobu-janitor byobu-keybindings byobu-launch byobu-launcher byobu-launcher-install byobu-launcher-uninstall byobu-layout byobu-prompt byobu-quiet byobu-reconnect-sockets byobu-select-backend byobu-select-profile byobu-select-session byobu-silent byobu-status byobu-status-detail byobu-shell byobu-ugraph byobu-ulevel col1 ctail wifi-status vigpg manifest purge-old-kernels '/home/packager/aports/main/byobu/pkg/byobu/usr/bin'
make  install-exec-hook
make[3]: Entering directory '/home/packager/aports/main/byobu/src/byobu-6.12/usr/bin'
cd /home/packager/aports/main/byobu/pkg/byobu/usr/bin && rm -f byobu-screen && ln -s byobu byobu-screen
cd /home/packager/aports/main/byobu/pkg/byobu/usr/bin && rm -f byobu-tmux   && ln -s byobu byobu-tmux
make[3]: Leaving directory '/home/packager/aports/main/byobu/src/byobu-6.12/usr/bin'
make[2]: Leaving directory '/home/packager/aports/main/byobu/src/byobu-6.12/usr/bin'
make[1]: Leaving directory '/home/packager/aports/main/byobu/src/byobu-6.12/usr/bin'
make[1]: Entering directory '/home/packager/aports/main/byobu/src/byobu-6.12'
make[2]: Entering directory '/home/packager/aports/main/byobu/src/byobu-6.12'
make[2]: Nothing to be done for 'install-exec-am'.
make[2]: Nothing to be done for 'install-data-am'.
make[2]: Leaving directory '/home/packager/aports/main/byobu/src/byobu-6.12'
make[1]: Leaving directory '/home/packager/aports/main/byobu/src/byobu-6.12'
>>> byobu-doc*: Running split function doc...
renamed 'usr/share/doc' -> '/home/packager/aports/main/byobu/pkg/byobu-doc/usr/share/doc'
renamed 'usr/share/man' -> '/home/packager/aports/main/byobu/pkg/byobu-doc/usr/share/man'
>>> byobu-doc*: Preparing subpackage byobu-doc...
libfakeroot internal error: payload not recognized!
>>> byobu-doc*: Running postcheck for byobu-doc
>>> byobu*: Running postcheck for byobu
>>> byobu*: Preparing package byobu...
>>> byobu-doc*: Tracing dependencies...
>>> byobu-doc*: Package size: 30.2 KB
>>> byobu-doc*: Compressing data...
>>> byobu-doc*: Create checksum...
libfakeroot internal error: payload not recognized!
pigz: not found
>>> byobu-doc*: Create byobu-doc-6.12-r0.apk
>>> byobu*: Tracing dependencies...
	python3
	tmux
	py3-newt
>>> byobu*: Package size: 279.3 KB
>>> byobu*: Compressing data...
>>> byobu*: Create checksum...
pigz: not found
>>> byobu*: Create byobu-6.12-r0.apk
>>> byobu: Build complete at Fri, 23 May 2025 03:24:57 +0000 elapsed time 0h 0m 25s
>>> byobu: Cleaning up srcdir
>>> byobu: Cleaning up pkgdir
>>> byobu: Uninstalling dependencies...
(1/18) Purging .makedepends-byobu (20250523.032435)
(2/18) Purging tmux (3.5a-r0)
(3/18) Purging py3-newt (0.52.24-r1)
(4/18) Purging python3-pyc (3.12.10-r1)
(5/18) Purging python3-pycache-pyc0 (3.12.10-r1)
(6/18) Purging pyc (3.12.10-r1)
(7/18) Purging python3 (3.12.10-r1)
(8/18) Purging libtool (2.4.7-r3)
(9/18) Purging libltdl (2.4.7-r3)
(10/18) Purging gdbm (1.24-r0)
(11/18) Purging libevent (2.1.12-r8)
(12/18) Purging libffi (3.4.7-r0)
(13/18) Purging mpdecimal (4.0.0-r0)
(14/18) Purging newt (0.52.24-r1)
(15/18) Purging popt (1.19-r4)
(16/18) Purging slang (2.3.3-r3)
(17/18) Purging sqlite-libs (3.49.2-r0)
(18/18) Purging xz-libs (5.6.3-r1)
Executing busybox-1.37.0-r12.trigger
OK: 313 MiB in 114 packages
>>> byobu: Updating the main/x86_64 repository index...
>>> byobu: Signing the index...
pigz: not found
