pigz: not found
>>> perl-digest-hmac: Building main/perl-digest-hmac 1.05-r0 (using abuild 3.14.1-r4) started Sun, 18 May 2025 07:06:39 +0000
>>> perl-digest-hmac: Validating /home/packager/aports/main/perl-digest-hmac/APKBUILD...
>>> perl-digest-hmac: Analyzing dependencies...
>>> perl-digest-hmac: Installing for build: build-base perl perl-digest-sha1 perl-digest-md5
(1/8) Installing libbz2 (1.0.8-r6)
(2/8) Installing perl (5.40.2-r0)
(3/8) Installing perl-digest-sha1 (2.13-r19)
(4/8) Installing perl-digest-md5 (2.59-r2)
(5/8) Installing .makedepends-perl-digest-hmac (20250518.070640)
(6/8) Installing perl-error (0.17029-r2)
(7/8) Installing perl-git (2.47.2-r0)
(8/8) Installing git-perl (2.47.2-r0)
Executing busybox-1.37.0-r12.trigger
OK: 297 MiB in 89 packages
>>> perl-digest-hmac: Cleaning up srcdir
>>> perl-digest-hmac: Cleaning up pkgdir
>>> perl-digest-hmac: Cleaning up tmpdir
>>> perl-digest-hmac: Fetching https://cpan.metacpan.org/authors/id/A/AR/ARODLAND/Digest-HMAC-1.05.tar.gz
Connecting to cpan.metacpan.org (146.75.122.217:443)
saving to '/var/cache/distfiles/Digest-HMAC-1.05.tar.gz.part'
Digest-HMAC-1.05.tar 100% |********************************| 14975  0:00:00 ETA
'/var/cache/distfiles/Digest-HMAC-1.05.tar.gz.part' saved
>>> perl-digest-hmac: Fetching https://cpan.metacpan.org/authors/id/A/AR/ARODLAND/Digest-HMAC-1.05.tar.gz
>>> perl-digest-hmac: Checking sha512sums...
Digest-HMAC-1.05.tar.gz: OK
>>> perl-digest-hmac: Unpacking /var/cache/distfiles/Digest-HMAC-1.05.tar.gz...
Checking if your kit is complete...
Looks good
Generating a Unix-style Makefile
Writing Makefile for Digest::HMAC
Writing MYMETA.yml and MYMETA.json
cp lib/Digest/HMAC.pm blib/lib/Digest/HMAC.pm
cp lib/Digest/HMAC_MD5.pm blib/lib/Digest/HMAC_MD5.pm
cp lib/Digest/HMAC_SHA1.pm blib/lib/Digest/HMAC_SHA1.pm
Manifying 3 pod documents
PERL_DL_NONLAZY=1 "/usr/bin/perl" "-MExtUtils::Command::MM" "-MTest::Harness" "-e" "undef *Test::Harness::Switches; test_harness(0, 'blib/lib', 'blib/arch')" t/*.t
t/rfc2202.t .. ok
All tests successful.
Files=1, Tests=14,  0 wallclock secs ( 0.02 usr  0.00 sys +  0.02 cusr  0.00 csys =  0.04 CPU)
Result: PASS
>>> perl-digest-hmac: Entering fakeroot...
Manifying 3 pod documents
Installing /home/packager/aports/main/perl-digest-hmac/pkg/perl-digest-hmac/usr/share/perl5/vendor_perl/Digest/HMAC.pm
Installing /home/packager/aports/main/perl-digest-hmac/pkg/perl-digest-hmac/usr/share/perl5/vendor_perl/Digest/HMAC_SHA1.pm
Installing /home/packager/aports/main/perl-digest-hmac/pkg/perl-digest-hmac/usr/share/perl5/vendor_perl/Digest/HMAC_MD5.pm
Installing /home/packager/aports/main/perl-digest-hmac/pkg/perl-digest-hmac/usr/share/man/man3/Digest::HMAC_MD5.3pm
Installing /home/packager/aports/main/perl-digest-hmac/pkg/perl-digest-hmac/usr/share/man/man3/Digest::HMAC.3pm
Installing /home/packager/aports/main/perl-digest-hmac/pkg/perl-digest-hmac/usr/share/man/man3/Digest::HMAC_SHA1.3pm
>>> perl-digest-hmac-doc*: Running split function doc...
'usr/share/man' -> '/home/packager/aports/main/perl-digest-hmac/pkg/perl-digest-hmac-doc/usr/share/man'
>>> perl-digest-hmac-doc*: Preparing subpackage perl-digest-hmac-doc...
>>> perl-digest-hmac-doc*: Running postcheck for perl-digest-hmac-doc
>>> perl-digest-hmac*: Running postcheck for perl-digest-hmac
>>> perl-digest-hmac*: Preparing package perl-digest-hmac...
>>> perl-digest-hmac-doc*: Tracing dependencies...
>>> perl-digest-hmac-doc*: Package size: 3.8 KB
>>> perl-digest-hmac-doc*: Compressing data...
>>> perl-digest-hmac-doc*: Create checksum...
pigz: not found
>>> perl-digest-hmac-doc*: Create perl-digest-hmac-doc-1.05-r0.apk
>>> perl-digest-hmac*: Tracing dependencies...
	perl
	perl-digest-sha1
	perl-digest-md5
>>> perl-digest-hmac*: Package size: 5.4 KB
>>> perl-digest-hmac*: Compressing data...
>>> perl-digest-hmac*: Create checksum...
pigz: not found
>>> perl-digest-hmac*: Create perl-digest-hmac-1.05-r0.apk
>>> perl-digest-hmac: Build complete at Sun, 18 May 2025 07:06:42 +0000 elapsed time 0h 0m 3s
>>> perl-digest-hmac: Cleaning up srcdir
>>> perl-digest-hmac: Cleaning up pkgdir
>>> perl-digest-hmac: Uninstalling dependencies...
(1/8) Purging .makedepends-perl-digest-hmac (20250518.070640)
(2/8) Purging perl-digest-sha1 (2.13-r19)
(3/8) Purging perl-digest-md5 (2.59-r2)
(4/8) Purging git-perl (2.47.2-r0)
(5/8) Purging perl-git (2.47.2-r0)
(6/8) Purging perl-error (0.17029-r2)
(7/8) Purging perl (5.40.2-r0)
(8/8) Purging libbz2 (1.0.8-r6)
Executing busybox-1.37.0-r12.trigger
OK: 260 MiB in 81 packages
>>> perl-digest-hmac: Updating the main/x86_64 repository index...
>>> perl-digest-hmac: Signing the index...
pigz: not found
