>>> py3-cparser: Validating /home/packager/oily-pine/main/py3-cparser/APKBUILD...
>>> py3-cparser: Cleaning up srcdir
>>> py3-cparser: Cleaning up pkgdir
>>> py3-cparser: Cleaning up tmpdir
>>> py3-cparser: Fetching https://files.pythonhosted.org/packages/source/p/pycparser/pycparser-2.22.tar.gz
  % Total    % Received % Xferd  Average Speed   Time    Time     Time  Current
                                 Dload  Upload   Total   Spent    Left  Speed
  0     0    0     0    0     0      0      0 --:--:-- --:--:-- --:--:--     0  0     0    0     0    0     0      0      0 --:--:--  0:00:01 --:--:--     0  0     0    0     0    0     0      0      0 --:--:--  0:00:02 --:--:--     0  0     0    0     0    0     0      0      0 --:--:--  0:00:03 --:--:--     0  0     0    0     0    0     0      0      0 --:--:--  0:00:04 --:--:--     0  0     0    0     0    0     0      0      0 --:--:--  0:00:04 --:--:--     0
100  168k  100  168k    0     0  42120      0  0:00:04  0:00:04 --:--:-- 42120
>>> py3-cparser: Fetching https://files.pythonhosted.org/packages/source/p/pycparser/pycparser-2.22.tar.gz
>>> py3-cparser: Checking sha512sums...
pycparser-2.22.tar.gz: OK
>>> py3-cparser: Preparing build chroot...
fetch http://dl-cdn.alpinelinux.org/alpine/edge/main/x86_64/APKINDEX.tar.gz
(1/102) Installing musl (1.2.5-r10)
(2/102) Installing libcrypto3 (3.5.0-r0)
(3/102) Installing ca-certificates-bundle (20241121-r2)
(4/102) Installing libssl3 (3.5.0-r0)
(5/102) Installing zlib (1.3.1-r2)
(6/102) Installing libapk2 (2.14.9-r2)
(7/102) Installing apk-tools (2.14.9-r2)
(8/102) Installing libcap2 (2.76-r0)
(9/102) Installing libcap-getcap (2.76-r0)
(10/102) Installing fakeroot (1.37.1.1-r0)
(11/102) Installing scanelf (1.3.8-r1)
(12/102) Installing musl-utils (1.2.5-r10)
(13/102) Installing libgcc (14.3.0-r0)
(14/102) Installing libstdc++ (14.3.0-r0)
(15/102) Installing lzip (1.25-r0)
(16/102) Installing openssl (3.5.0-r0)
(17/102) Installing patch (2.8-r0)
(18/102) Installing pkgconf (2.4.3-r0)
(19/102) Installing acl-libs (2.3.2-r1)
(20/102) Installing tar (1.35-r3)
(21/102) Installing busybox (1.37.0-r18)
Executing busybox-1.37.0-r18.post-install
(22/102) Installing ssl_client (1.37.0-r18)
(23/102) Installing busybox-binsh (1.37.0-r18)
(24/102) Installing abuild (3.15.0-r0)
Executing abuild-3.15.0-r0.pre-install
(25/102) Installing abuild-sudo (3.15.0-r0)
(26/102) Installing alpine-baselayout-data (3.7.0-r0)
(27/102) Installing alpine-baselayout (3.7.0-r0)
Executing alpine-baselayout-3.7.0-r0.pre-install
Executing alpine-baselayout-3.7.0-r0.post-install
(28/102) Installing bridge (1.5-r5)
(29/102) Installing ifupdown-ng (0.12.1-r7)
(30/102) Installing openrc-user (0.62.2-r2)
(31/102) Installing openrc (0.62.2-r2)
Executing openrc-0.62.2-r2.post-install
(32/102) Installing mdev-conf (4.8-r0)
(33/102) Installing busybox-mdev-openrc (1.37.0-r18)
(34/102) Installing alpine-conf (3.20.0-r0)
(35/102) Installing alpine-keys (2.5-r0)
(36/102) Installing alpine-release (3.22.0-r0)
(37/102) Installing busybox-openrc (1.37.0-r18)
(38/102) Installing busybox-suid (1.37.0-r18)
(39/102) Installing alpine-base (3.22.0-r0)
(40/102) Installing jansson (2.14.1-r0)
(41/102) Installing zstd-libs (1.5.7-r0)
(42/102) Installing binutils (2.44-r0)
(43/102) Installing libmagic (5.46-r2)
(44/102) Installing file (5.46-r2)
(45/102) Installing libgomp (14.3.0-r0)
(46/102) Installing libatomic (14.3.0-r0)
(47/102) Installing gmp (6.3.0-r3)
(48/102) Installing isl26 (0.26-r1)
(49/102) Installing mpfr4 (4.2.1_p1-r0)
(50/102) Installing mpc1 (1.3.1-r1)
(51/102) Installing gcc (14.3.0-r0)
(52/102) Installing libstdc++-dev (14.3.0-r0)
(53/102) Installing musl-dev (1.2.5-r10)
(54/102) Installing g++ (14.3.0-r0)
(55/102) Installing make (4.4.1-r3)
(56/102) Installing fortify-headers (1.1-r5)
(57/102) Installing build-base (0.5-r3)
(58/102) Installing brotli-libs (1.1.0-r2)
(59/102) Installing c-ares (1.34.5-r0)
(60/102) Installing libunistring (1.3-r0)
(61/102) Installing libidn2 (2.3.7-r0)
(62/102) Installing nghttp2-libs (1.65.0-r0)
(63/102) Installing libpsl (0.21.5-r3)
(64/102) Installing libcurl (8.14.0-r2)
(65/102) Installing libexpat (2.7.1-r0)
(66/102) Installing pcre2 (10.43-r1)
(67/102) Installing git (2.49.0-r0)
(68/102) Installing git-init-template (2.49.0-r0)
(69/102) Installing libbz2 (1.0.8-r6)
(70/102) Installing libffi (3.4.8-r0)
(71/102) Installing gdbm (1.24-r0)
(72/102) Installing xz-libs (5.8.1-r0)
(73/102) Installing mpdecimal (4.0.1-r0)
(74/102) Installing ncurses-terminfo-base (6.5_p20250503-r0)
(75/102) Installing libncursesw (6.5_p20250503-r0)
(76/102) Installing libpanelw (6.5_p20250503-r0)
(77/102) Installing readline (8.2.13-r1)
(78/102) Installing sqlite-libs (3.50.0-r0)
(79/102) Installing python3 (3.12.10-r1)
(80/102) Installing python3-pycache-pyc0 (3.12.10-r1)
(81/102) Installing pyc (3.12.10-r1)
(82/102) Installing py3-installer-pyc (0.7.0-r2)
(83/102) Installing py3-gpep517-pyc (19-r0)
(84/102) Installing python3-pyc (3.12.10-r1)
(85/102) Installing py3-installer (0.7.0-r2)
(86/102) Installing py3-gpep517 (19-r0)
(87/102) Installing py3-iniconfig (2.1.0-r0)
(88/102) Installing py3-iniconfig-pyc (2.1.0-r0)
(89/102) Installing py3-parsing (3.2.3-r0)
(90/102) Installing py3-parsing-pyc (3.2.3-r0)
(91/102) Installing py3-packaging (25.0-r0)
(92/102) Installing py3-packaging-pyc (25.0-r0)
(93/102) Installing py3-pluggy (1.5.0-r0)
(94/102) Installing py3-pluggy-pyc (1.5.0-r0)
(95/102) Installing py3-py (1.11.0-r4)
(96/102) Installing py3-py-pyc (1.11.0-r4)
(97/102) Installing py3-pytest (8.3.5-r0)
(98/102) Installing py3-pytest-pyc (8.3.5-r0)
(99/102) Installing py3-setuptools (80.9.0-r0)
(100/102) Installing py3-setuptools-pyc (80.9.0-r0)
(101/102) Installing py3-wheel (0.46.1-r0)
(102/102) Installing py3-wheel-pyc (0.46.1-r0)
Executing busybox-1.37.0-r18.trigger
OK: 310 MiB in 102 packages
>>> py3-cparser: Fetching https://files.pythonhosted.org/packages/source/p/pycparser/pycparser-2.22.tar.gz
>>> py3-cparser: Checking sha512sums...
pycparser-2.22.tar.gz: OK
>>> py3-cparser: Unpacking /var/cache/distfiles/pycparser-2.22.tar.gz...
2025-05-31 19:00:30,538 gpep517 INFO Building wheel via backend setuptools.build_meta:__legacy__
/usr/lib/python3.12/site-packages/setuptools/dist.py:759: SetuptoolsDeprecationWarning: License classifiers are deprecated.
!!

        ********************************************************************************
        Please consider removing the following classifiers in favor of a SPDX license expression:

        License :: OSI Approved :: BSD License

        See https://packaging.python.org/en/latest/guides/writing-pyproject-toml/#license for details.
        ********************************************************************************

!!
  self._finalize_license_expression()
2025-05-31 19:00:30,550 root INFO running bdist_wheel
2025-05-31 19:00:30,559 root INFO running build
2025-05-31 19:00:30,559 root INFO running build_py
2025-05-31 19:00:30,561 root INFO creating build/lib/pycparser
2025-05-31 19:00:30,561 root INFO copying pycparser/yacctab.py -> build/lib/pycparser
2025-05-31 19:00:30,562 root INFO copying pycparser/lextab.py -> build/lib/pycparser
2025-05-31 19:00:30,562 root INFO copying pycparser/plyparser.py -> build/lib/pycparser
2025-05-31 19:00:30,562 root INFO copying pycparser/c_parser.py -> build/lib/pycparser
2025-05-31 19:00:30,562 root INFO copying pycparser/ast_transforms.py -> build/lib/pycparser
2025-05-31 19:00:30,562 root INFO copying pycparser/c_generator.py -> build/lib/pycparser
2025-05-31 19:00:30,562 root INFO copying pycparser/_build_tables.py -> build/lib/pycparser
2025-05-31 19:00:30,563 root INFO copying pycparser/__init__.py -> build/lib/pycparser
2025-05-31 19:00:30,563 root INFO copying pycparser/c_lexer.py -> build/lib/pycparser
2025-05-31 19:00:30,563 root INFO copying pycparser/_ast_gen.py -> build/lib/pycparser
2025-05-31 19:00:30,563 root INFO copying pycparser/c_ast.py -> build/lib/pycparser
2025-05-31 19:00:30,563 root INFO creating build/lib/pycparser/ply
2025-05-31 19:00:30,563 root INFO copying pycparser/ply/yacc.py -> build/lib/pycparser/ply
2025-05-31 19:00:30,563 root INFO copying pycparser/ply/cpp.py -> build/lib/pycparser/ply
2025-05-31 19:00:30,563 root INFO copying pycparser/ply/__init__.py -> build/lib/pycparser/ply
2025-05-31 19:00:30,564 root INFO copying pycparser/ply/ygen.py -> build/lib/pycparser/ply
2025-05-31 19:00:30,564 root INFO copying pycparser/ply/lex.py -> build/lib/pycparser/ply
2025-05-31 19:00:30,564 root INFO copying pycparser/ply/ctokens.py -> build/lib/pycparser/ply
2025-05-31 19:00:30,564 root INFO copying pycparser/_c_ast.cfg -> build/lib/pycparser
2025-05-31 19:00:30,566 root INFO installing to build/bdist.linux-x86_64/wheel
2025-05-31 19:00:30,566 root INFO running install
2025-05-31 19:00:30,571 root INFO running install_lib
2025-05-31 19:00:30,572 root INFO creating build/bdist.linux-x86_64/wheel
2025-05-31 19:00:30,572 root INFO creating build/bdist.linux-x86_64/wheel/pycparser
2025-05-31 19:00:30,573 root INFO copying build/lib/pycparser/yacctab.py -> build/bdist.linux-x86_64/wheel/./pycparser
2025-05-31 19:00:30,573 root INFO copying build/lib/pycparser/lextab.py -> build/bdist.linux-x86_64/wheel/./pycparser
2025-05-31 19:00:30,573 root INFO copying build/lib/pycparser/plyparser.py -> build/bdist.linux-x86_64/wheel/./pycparser
2025-05-31 19:00:30,573 root INFO creating build/bdist.linux-x86_64/wheel/pycparser/ply
2025-05-31 19:00:30,573 root INFO copying build/lib/pycparser/ply/yacc.py -> build/bdist.linux-x86_64/wheel/./pycparser/ply
2025-05-31 19:00:30,573 root INFO copying build/lib/pycparser/ply/cpp.py -> build/bdist.linux-x86_64/wheel/./pycparser/ply
2025-05-31 19:00:30,573 root INFO copying build/lib/pycparser/ply/__init__.py -> build/bdist.linux-x86_64/wheel/./pycparser/ply
2025-05-31 19:00:30,573 root INFO copying build/lib/pycparser/ply/ygen.py -> build/bdist.linux-x86_64/wheel/./pycparser/ply
2025-05-31 19:00:30,573 root INFO copying build/lib/pycparser/ply/lex.py -> build/bdist.linux-x86_64/wheel/./pycparser/ply
2025-05-31 19:00:30,574 root INFO copying build/lib/pycparser/ply/ctokens.py -> build/bdist.linux-x86_64/wheel/./pycparser/ply
2025-05-31 19:00:30,574 root INFO copying build/lib/pycparser/c_parser.py -> build/bdist.linux-x86_64/wheel/./pycparser
2025-05-31 19:00:30,574 root INFO copying build/lib/pycparser/ast_transforms.py -> build/bdist.linux-x86_64/wheel/./pycparser
2025-05-31 19:00:30,574 root INFO copying build/lib/pycparser/c_generator.py -> build/bdist.linux-x86_64/wheel/./pycparser
2025-05-31 19:00:30,574 root INFO copying build/lib/pycparser/_c_ast.cfg -> build/bdist.linux-x86_64/wheel/./pycparser
2025-05-31 19:00:30,574 root INFO copying build/lib/pycparser/_build_tables.py -> build/bdist.linux-x86_64/wheel/./pycparser
2025-05-31 19:00:30,574 root INFO copying build/lib/pycparser/__init__.py -> build/bdist.linux-x86_64/wheel/./pycparser
2025-05-31 19:00:30,574 root INFO copying build/lib/pycparser/c_lexer.py -> build/bdist.linux-x86_64/wheel/./pycparser
2025-05-31 19:00:30,574 root INFO copying build/lib/pycparser/_ast_gen.py -> build/bdist.linux-x86_64/wheel/./pycparser
2025-05-31 19:00:30,574 root INFO copying build/lib/pycparser/c_ast.py -> build/bdist.linux-x86_64/wheel/./pycparser
2025-05-31 19:00:30,574 root INFO running install_egg_info
2025-05-31 19:00:30,576 root INFO running egg_info
2025-05-31 19:00:30,577 root INFO writing pycparser.egg-info/PKG-INFO
2025-05-31 19:00:30,578 root INFO writing dependency_links to pycparser.egg-info/dependency_links.txt
2025-05-31 19:00:30,578 root INFO writing top-level names to pycparser.egg-info/top_level.txt
2025-05-31 19:00:30,580 root INFO reading manifest file 'pycparser.egg-info/SOURCES.txt'
2025-05-31 19:00:30,582 root INFO reading manifest template 'MANIFEST.in'
2025-05-31 19:00:30,586 root WARNING warning: no previously-included files found matching 'setup.pyc'
2025-05-31 19:00:30,587 root WARNING warning: no previously-included files matching 'yacctab.*' found under directory 'tests'
2025-05-31 19:00:30,587 root WARNING warning: no previously-included files matching 'lextab.*' found under directory 'tests'
2025-05-31 19:00:30,587 root WARNING warning: no previously-included files matching 'yacctab.*' found under directory 'examples'
2025-05-31 19:00:30,587 root WARNING warning: no previously-included files matching 'lextab.*' found under directory 'examples'
2025-05-31 19:00:30,587 root INFO adding license file 'LICENSE'
2025-05-31 19:00:30,589 root INFO writing manifest file 'pycparser.egg-info/SOURCES.txt'
2025-05-31 19:00:30,589 root INFO Copying pycparser.egg-info to build/bdist.linux-x86_64/wheel/./pycparser-2.22-py3.12.egg-info
2025-05-31 19:00:30,590 root INFO running install_scripts
2025-05-31 19:00:30,590 root INFO Build the lexing/parsing tables
2025-05-31 19:00:30,811 root INFO creating build/bdist.linux-x86_64/wheel/pycparser-2.22.dist-info/WHEEL
2025-05-31 19:00:30,811 wheel INFO creating '/tmp/src/pycparser-2.22/.dist/.tmp-pyvv_twg/pycparser-2.22-py3-none-any.whl' and adding 'build/bdist.linux-x86_64/wheel' to it
2025-05-31 19:00:30,812 wheel INFO adding 'pycparser/__init__.py'
2025-05-31 19:00:30,812 wheel INFO adding 'pycparser/_ast_gen.py'
2025-05-31 19:00:30,812 wheel INFO adding 'pycparser/_build_tables.py'
2025-05-31 19:00:30,812 wheel INFO adding 'pycparser/_c_ast.cfg'
2025-05-31 19:00:30,812 wheel INFO adding 'pycparser/ast_transforms.py'
2025-05-31 19:00:30,812 wheel INFO adding 'pycparser/c_ast.py'
2025-05-31 19:00:30,812 wheel INFO adding 'pycparser/c_generator.py'
2025-05-31 19:00:30,813 wheel INFO adding 'pycparser/c_lexer.py'
2025-05-31 19:00:30,813 wheel INFO adding 'pycparser/c_parser.py'
2025-05-31 19:00:30,813 wheel INFO adding 'pycparser/lextab.py'
2025-05-31 19:00:30,813 wheel INFO adding 'pycparser/plyparser.py'
2025-05-31 19:00:30,813 wheel INFO adding 'pycparser/yacctab.py'
2025-05-31 19:00:30,814 wheel INFO adding 'pycparser/ply/__init__.py'
2025-05-31 19:00:30,814 wheel INFO adding 'pycparser/ply/cpp.py'
2025-05-31 19:00:30,814 wheel INFO adding 'pycparser/ply/ctokens.py'
2025-05-31 19:00:30,814 wheel INFO adding 'pycparser/ply/lex.py'
2025-05-31 19:00:30,815 wheel INFO adding 'pycparser/ply/yacc.py'
2025-05-31 19:00:30,815 wheel INFO adding 'pycparser/ply/ygen.py'
2025-05-31 19:00:30,815 wheel INFO adding 'pycparser-2.22.dist-info/licenses/LICENSE'
2025-05-31 19:00:30,815 wheel INFO adding 'pycparser-2.22.dist-info/METADATA'
2025-05-31 19:00:30,815 wheel INFO adding 'pycparser-2.22.dist-info/WHEEL'
2025-05-31 19:00:30,815 wheel INFO adding 'pycparser-2.22.dist-info/top_level.txt'
2025-05-31 19:00:30,815 wheel INFO adding 'pycparser-2.22.dist-info/RECORD'
2025-05-31 19:00:30,816 root INFO removing build/bdist.linux-x86_64/wheel
2025-05-31 19:00:30,816 gpep517 INFO The backend produced .dist/pycparser-2.22-py3-none-any.whl
pycparser-2.22-py3-none-any.whl
============================= test session starts ==============================
platform linux -- Python 3.12.10, pytest-8.3.5, pluggy-1.5.0
rootdir: /tmp/src/pycparser-2.22
collected 130 items

tests/test_c_ast.py ......                                               [  4%]
tests/test_c_generator.py .........................................      [ 36%]
tests/test_c_lexer.py .....................                              [ 52%]
tests/test_c_parser.py ................................................. [ 90%]
.......                                                                  [ 95%]
tests/test_examples.py .                                                 [ 96%]
tests/test_general.py .....                                              [100%]

============================= 130 passed in 1.43s ==============================
>>> py3-cparser: Entering fakeroot...
>>> py3-cparser-pyc*: Running split function pyc...
'usr/lib/python3.12/site-packages/pycparser/ply/__pycache__' -> '/tmp/pkg/py3-cparser-pyc/usr/lib/python3.12/site-packages/pycparser/ply/__pycache__'
'usr/lib/python3.12/site-packages/pycparser/__pycache__' -> '/tmp/pkg/py3-cparser-pyc/usr/lib/python3.12/site-packages/pycparser/__pycache__'
>>> py3-cparser-pyc*: Preparing subpackage py3-cparser-pyc...
>>> py3-cparser-pyc*: Running postcheck for py3-cparser-pyc
>>> py3-cparser*: Running postcheck for py3-cparser
>>> py3-cparser*: Preparing package py3-cparser...
>>> py3-cparser-pyc*: Tracing dependencies...
	python3
	python3~3.12
>>> py3-cparser-pyc*: Package size: 573.8 KB
>>> py3-cparser-pyc*: Compressing data...
>>> py3-cparser-pyc*: Create checksum...
>>> py3-cparser-pyc*: Create py3-cparser-pyc-2.22-r1.apk
>>> py3-cparser*: Tracing dependencies...
	python3
	python3~3.12
>>> py3-cparser*: Package size: 597.7 KB
>>> py3-cparser*: Compressing data...
>>> py3-cparser*: Create checksum...
>>> py3-cparser*: Create py3-cparser-2.22-r1.apk
>>> py3-cparser: Updating the main/x86_64 repository index...
>>> py3-cparser: Signing the index...
>>> py3-cparser: Cleaning up srcdir
>>> py3-cparser: Cleaning up build chroot
>>> py3-cparser: Cleaning up pkgdir
