pigz: not found
>>> py3-sphinxcontrib-htmlhelp: Building main/py3-sphinxcontrib-htmlhelp 2.0.1-r3 (using abuild 3.14.1-r4) started Fri, 16 May 2025 20:38:44 +0000
>>> py3-sphinxcontrib-htmlhelp: Validating /home/packager/aports/main/py3-sphinxcontrib-htmlhelp/APKBUILD...
>>> py3-sphinxcontrib-htmlhelp: Analyzing dependencies...
>>> py3-sphinxcontrib-htmlhelp: Installing for build: build-base python3 py3-gpep517 py3-setuptools py3-wheel
(1/24) Installing libbz2 (1.0.8-r6)
(2/24) Installing libffi (3.4.7-r0)
(3/24) Installing gdbm (1.24-r0)
(4/24) Installing xz-libs (5.6.3-r1)
(5/24) Installing mpdecimal (4.0.0-r0)
(6/24) Installing libpanelw (6.5_p20250503-r0)
(7/24) Installing sqlite-libs (3.49.2-r0)
(8/24) Installing python3 (3.12.10-r0)
(9/24) Installing python3-pycache-pyc0 (3.12.10-r0)
(10/24) Installing pyc (3.12.10-r0)
(11/24) Installing python3-pyc (3.12.10-r0)
(12/24) Installing py3-installer (0.7.0-r2)
(13/24) Installing py3-installer-pyc (0.7.0-r2)
(14/24) Installing py3-gpep517 (19-r0)
(15/24) Installing py3-gpep517-pyc (19-r0)
(16/24) Installing py3-parsing (3.2.3-r0)
(17/24) Installing py3-parsing-pyc (3.2.3-r0)
(18/24) Installing py3-packaging (25.0-r0)
(19/24) Installing py3-packaging-pyc (25.0-r0)
(20/24) Installing py3-setuptools (80.3.1-r0)
(21/24) Installing py3-setuptools-pyc (80.3.1-r0)
(22/24) Installing py3-wheel (0.46.1-r0)
(23/24) Installing py3-wheel-pyc (0.46.1-r0)
(24/24) Installing .makedepends-py3-sphinxcontrib-htmlhelp (20250516.203846)
Executing busybox-1.37.0-r12.trigger
OK: 305 MiB in 98 packages
>>> py3-sphinxcontrib-htmlhelp: Cleaning up srcdir
>>> py3-sphinxcontrib-htmlhelp: Cleaning up pkgdir
>>> py3-sphinxcontrib-htmlhelp: Cleaning up tmpdir
>>> py3-sphinxcontrib-htmlhelp: Fetching https://files.pythonhosted.org/packages/source/s/sphinxcontrib-htmlhelp/sphinxcontrib-htmlhelp-2.0.1.tar.gz
Connecting to files.pythonhosted.org (151.101.192.223:443)
Connecting to files.pythonhosted.org (151.101.192.223:443)
saving to '/var/cache/distfiles/sphinxcontrib-htmlhelp-2.0.1.tar.gz.part'
sphinxcontrib-htmlhe 100% |********************************| 27967  0:00:00 ETA
'/var/cache/distfiles/sphinxcontrib-htmlhelp-2.0.1.tar.gz.part' saved
>>> py3-sphinxcontrib-htmlhelp: Fetching https://files.pythonhosted.org/packages/source/s/sphinxcontrib-htmlhelp/sphinxcontrib-htmlhelp-2.0.1.tar.gz
>>> py3-sphinxcontrib-htmlhelp: Checking sha512sums...
sphinxcontrib-htmlhelp-2.0.1.tar.gz: OK
>>> py3-sphinxcontrib-htmlhelp: Unpacking /var/cache/distfiles/sphinxcontrib-htmlhelp-2.0.1.tar.gz...
2025-05-16 20:38:47,937 gpep517 INFO Building wheel via backend setuptools.build_meta
/usr/lib/python3.12/site-packages/setuptools/config/_apply_pyprojecttoml.py:82: SetuptoolsDeprecationWarning: `project.license` as a TOML table is deprecated
!!

        ********************************************************************************
        Please use a simple string containing a SPDX expression for `project.license`. You can also use `project.license-files`. (Both options available on setuptools>=77.0.0).

        By 2026-Feb-18, you need to update your project and remove deprecated calls
        or your builds will no longer be supported.

        See https://packaging.python.org/en/latest/guides/writing-pyproject-toml/#license for details.
        ********************************************************************************

!!
  corresp(dist, value, root_dir)
/usr/lib/python3.12/site-packages/setuptools/config/_apply_pyprojecttoml.py:61: SetuptoolsDeprecationWarning: License classifiers are deprecated.
!!

        ********************************************************************************
        Please consider removing the following classifiers in favor of a SPDX license expression:

        License :: OSI Approved :: BSD License

        See https://packaging.python.org/en/latest/guides/writing-pyproject-toml/#license for details.
        ********************************************************************************

!!
  dist._finalize_license_expression()
/usr/lib/python3.12/site-packages/setuptools/dist.py:761: SetuptoolsDeprecationWarning: License classifiers are deprecated.
!!

        ********************************************************************************
        Please consider removing the following classifiers in favor of a SPDX license expression:

        License :: OSI Approved :: BSD License

        See https://packaging.python.org/en/latest/guides/writing-pyproject-toml/#license for details.
        ********************************************************************************

!!
  self._finalize_license_expression()
2025-05-16 20:38:48,015 root INFO running bdist_wheel
2025-05-16 20:38:48,026 root INFO running build
2025-05-16 20:38:48,026 root INFO running build_py
2025-05-16 20:38:48,029 root INFO creating build/lib/sphinxcontrib/htmlhelp
2025-05-16 20:38:48,029 root INFO copying sphinxcontrib/htmlhelp/__init__.py -> build/lib/sphinxcontrib/htmlhelp
2025-05-16 20:38:48,037 root INFO running egg_info
2025-05-16 20:38:48,039 root INFO writing sphinxcontrib_htmlhelp.egg-info/PKG-INFO
2025-05-16 20:38:48,059 root INFO writing dependency_links to sphinxcontrib_htmlhelp.egg-info/dependency_links.txt
2025-05-16 20:38:48,060 root INFO writing requirements to sphinxcontrib_htmlhelp.egg-info/requires.txt
2025-05-16 20:38:48,061 root INFO writing top-level names to sphinxcontrib_htmlhelp.egg-info/top_level.txt
2025-05-16 20:38:48,086 root INFO reading manifest file 'sphinxcontrib_htmlhelp.egg-info/SOURCES.txt'
2025-05-16 20:38:48,089 root INFO reading manifest template 'MANIFEST.in'
2025-05-16 20:38:48,097 root INFO adding license file 'LICENSE'
2025-05-16 20:38:48,100 root INFO writing manifest file 'sphinxcontrib_htmlhelp.egg-info/SOURCES.txt'
2025-05-16 20:38:48,114 root INFO creating build/lib/sphinxcontrib/htmlhelp/templates
2025-05-16 20:38:48,114 root INFO copying sphinxcontrib/htmlhelp/templates/project.hhc -> build/lib/sphinxcontrib/htmlhelp/templates
2025-05-16 20:38:48,114 root INFO copying sphinxcontrib/htmlhelp/templates/project.hhp -> build/lib/sphinxcontrib/htmlhelp/templates
2025-05-16 20:38:48,114 root INFO copying sphinxcontrib/htmlhelp/templates/project.stp -> build/lib/sphinxcontrib/htmlhelp/templates
2025-05-16 20:38:48,114 root INFO creating build/lib/sphinxcontrib/htmlhelp/locales
2025-05-16 20:38:48,115 root INFO copying sphinxcontrib/htmlhelp/locales/sphinxcontrib.htmlhelp.pot -> build/lib/sphinxcontrib/htmlhelp/locales
2025-05-16 20:38:48,115 root INFO creating build/lib/sphinxcontrib/htmlhelp/locales/.tx
2025-05-16 20:38:48,115 root INFO copying sphinxcontrib/htmlhelp/locales/.tx/config -> build/lib/sphinxcontrib/htmlhelp/locales/.tx
2025-05-16 20:38:48,115 root INFO creating build/lib/sphinxcontrib/htmlhelp/locales/sr@latin/LC_MESSAGES
2025-05-16 20:38:48,115 root INFO copying sphinxcontrib/htmlhelp/locales/sr@latin/LC_MESSAGES/sphinxcontrib.htmlhelp.mo -> build/lib/sphinxcontrib/htmlhelp/locales/sr@latin/LC_MESSAGES
2025-05-16 20:38:48,115 root INFO copying sphinxcontrib/htmlhelp/locales/sr@latin/LC_MESSAGES/sphinxcontrib.htmlhelp.po -> build/lib/sphinxcontrib/htmlhelp/locales/sr@latin/LC_MESSAGES
2025-05-16 20:38:48,116 root INFO creating build/lib/sphinxcontrib/htmlhelp/locales/id/LC_MESSAGES
2025-05-16 20:38:48,116 root INFO copying sphinxcontrib/htmlhelp/locales/id/LC_MESSAGES/sphinxcontrib.htmlhelp.mo -> build/lib/sphinxcontrib/htmlhelp/locales/id/LC_MESSAGES
2025-05-16 20:38:48,116 root INFO copying sphinxcontrib/htmlhelp/locales/id/LC_MESSAGES/sphinxcontrib.htmlhelp.po -> build/lib/sphinxcontrib/htmlhelp/locales/id/LC_MESSAGES
2025-05-16 20:38:48,116 root INFO creating build/lib/sphinxcontrib/htmlhelp/locales/lt/LC_MESSAGES
2025-05-16 20:38:48,116 root INFO copying sphinxcontrib/htmlhelp/locales/lt/LC_MESSAGES/sphinxcontrib.htmlhelp.mo -> build/lib/sphinxcontrib/htmlhelp/locales/lt/LC_MESSAGES
2025-05-16 20:38:48,117 root INFO copying sphinxcontrib/htmlhelp/locales/lt/LC_MESSAGES/sphinxcontrib.htmlhelp.po -> build/lib/sphinxcontrib/htmlhelp/locales/lt/LC_MESSAGES
2025-05-16 20:38:48,117 root INFO creating build/lib/sphinxcontrib/htmlhelp/locales/zh_TW/LC_MESSAGES
2025-05-16 20:38:48,117 root INFO copying sphinxcontrib/htmlhelp/locales/zh_TW/LC_MESSAGES/sphinxcontrib.htmlhelp.mo -> build/lib/sphinxcontrib/htmlhelp/locales/zh_TW/LC_MESSAGES
2025-05-16 20:38:48,117 root INFO copying sphinxcontrib/htmlhelp/locales/zh_TW/LC_MESSAGES/sphinxcontrib.htmlhelp.po -> build/lib/sphinxcontrib/htmlhelp/locales/zh_TW/LC_MESSAGES
2025-05-16 20:38:48,117 root INFO creating build/lib/sphinxcontrib/htmlhelp/locales/ne/LC_MESSAGES
2025-05-16 20:38:48,118 root INFO copying sphinxcontrib/htmlhelp/locales/ne/LC_MESSAGES/sphinxcontrib.htmlhelp.mo -> build/lib/sphinxcontrib/htmlhelp/locales/ne/LC_MESSAGES
2025-05-16 20:38:48,118 root INFO copying sphinxcontrib/htmlhelp/locales/ne/LC_MESSAGES/sphinxcontrib.htmlhelp.po -> build/lib/sphinxcontrib/htmlhelp/locales/ne/LC_MESSAGES
2025-05-16 20:38:48,118 root INFO creating build/lib/sphinxcontrib/htmlhelp/locales/lv/LC_MESSAGES
2025-05-16 20:38:48,118 root INFO copying sphinxcontrib/htmlhelp/locales/lv/LC_MESSAGES/sphinxcontrib.htmlhelp.mo -> build/lib/sphinxcontrib/htmlhelp/locales/lv/LC_MESSAGES
2025-05-16 20:38:48,118 root INFO copying sphinxcontrib/htmlhelp/locales/lv/LC_MESSAGES/sphinxcontrib.htmlhelp.po -> build/lib/sphinxcontrib/htmlhelp/locales/lv/LC_MESSAGES
2025-05-16 20:38:48,119 root INFO creating build/lib/sphinxcontrib/htmlhelp/locales/he/LC_MESSAGES
2025-05-16 20:38:48,119 root INFO copying sphinxcontrib/htmlhelp/locales/he/LC_MESSAGES/sphinxcontrib.htmlhelp.mo -> build/lib/sphinxcontrib/htmlhelp/locales/he/LC_MESSAGES
2025-05-16 20:38:48,119 root INFO copying sphinxcontrib/htmlhelp/locales/he/LC_MESSAGES/sphinxcontrib.htmlhelp.po -> build/lib/sphinxcontrib/htmlhelp/locales/he/LC_MESSAGES
2025-05-16 20:38:48,119 root INFO creating build/lib/sphinxcontrib/htmlhelp/locales/eu/LC_MESSAGES
2025-05-16 20:38:48,119 root INFO copying sphinxcontrib/htmlhelp/locales/eu/LC_MESSAGES/sphinxcontrib.htmlhelp.mo -> build/lib/sphinxcontrib/htmlhelp/locales/eu/LC_MESSAGES
2025-05-16 20:38:48,120 root INFO copying sphinxcontrib/htmlhelp/locales/eu/LC_MESSAGES/sphinxcontrib.htmlhelp.po -> build/lib/sphinxcontrib/htmlhelp/locales/eu/LC_MESSAGES
2025-05-16 20:38:48,120 root INFO creating build/lib/sphinxcontrib/htmlhelp/locales/ru/LC_MESSAGES
2025-05-16 20:38:48,120 root INFO copying sphinxcontrib/htmlhelp/locales/ru/LC_MESSAGES/sphinxcontrib.htmlhelp.mo -> build/lib/sphinxcontrib/htmlhelp/locales/ru/LC_MESSAGES
2025-05-16 20:38:48,120 root INFO copying sphinxcontrib/htmlhelp/locales/ru/LC_MESSAGES/sphinxcontrib.htmlhelp.po -> build/lib/sphinxcontrib/htmlhelp/locales/ru/LC_MESSAGES
2025-05-16 20:38:48,120 root INFO creating build/lib/sphinxcontrib/htmlhelp/locales/ar/LC_MESSAGES
2025-05-16 20:38:48,121 root INFO copying sphinxcontrib/htmlhelp/locales/ar/LC_MESSAGES/sphinxcontrib.htmlhelp.mo -> build/lib/sphinxcontrib/htmlhelp/locales/ar/LC_MESSAGES
2025-05-16 20:38:48,121 root INFO copying sphinxcontrib/htmlhelp/locales/ar/LC_MESSAGES/sphinxcontrib.htmlhelp.po -> build/lib/sphinxcontrib/htmlhelp/locales/ar/LC_MESSAGES
2025-05-16 20:38:48,121 root INFO creating build/lib/sphinxcontrib/htmlhelp/locales/pt/LC_MESSAGES
2025-05-16 20:38:48,121 root INFO copying sphinxcontrib/htmlhelp/locales/pt/LC_MESSAGES/sphinxcontrib.htmlhelp.mo -> build/lib/sphinxcontrib/htmlhelp/locales/pt/LC_MESSAGES
2025-05-16 20:38:48,121 root INFO copying sphinxcontrib/htmlhelp/locales/pt/LC_MESSAGES/sphinxcontrib.htmlhelp.po -> build/lib/sphinxcontrib/htmlhelp/locales/pt/LC_MESSAGES
2025-05-16 20:38:48,122 root INFO creating build/lib/sphinxcontrib/htmlhelp/locales/uk_UA/LC_MESSAGES
2025-05-16 20:38:48,122 root INFO copying sphinxcontrib/htmlhelp/locales/uk_UA/LC_MESSAGES/sphinxcontrib.htmlhelp.mo -> build/lib/sphinxcontrib/htmlhelp/locales/uk_UA/LC_MESSAGES
2025-05-16 20:38:48,122 root INFO copying sphinxcontrib/htmlhelp/locales/uk_UA/LC_MESSAGES/sphinxcontrib.htmlhelp.po -> build/lib/sphinxcontrib/htmlhelp/locales/uk_UA/LC_MESSAGES
2025-05-16 20:38:48,122 root INFO creating build/lib/sphinxcontrib/htmlhelp/locales/hi_IN/LC_MESSAGES
2025-05-16 20:38:48,122 root INFO copying sphinxcontrib/htmlhelp/locales/hi_IN/LC_MESSAGES/sphinxcontrib.htmlhelp.mo -> build/lib/sphinxcontrib/htmlhelp/locales/hi_IN/LC_MESSAGES
2025-05-16 20:38:48,123 root INFO copying sphinxcontrib/htmlhelp/locales/hi_IN/LC_MESSAGES/sphinxcontrib.htmlhelp.po -> build/lib/sphinxcontrib/htmlhelp/locales/hi_IN/LC_MESSAGES
2025-05-16 20:38:48,123 root INFO creating build/lib/sphinxcontrib/htmlhelp/locales/ta/LC_MESSAGES
2025-05-16 20:38:48,123 root INFO copying sphinxcontrib/htmlhelp/locales/ta/LC_MESSAGES/sphinxcontrib.htmlhelp.mo -> build/lib/sphinxcontrib/htmlhelp/locales/ta/LC_MESSAGES
2025-05-16 20:38:48,123 root INFO copying sphinxcontrib/htmlhelp/locales/ta/LC_MESSAGES/sphinxcontrib.htmlhelp.po -> build/lib/sphinxcontrib/htmlhelp/locales/ta/LC_MESSAGES
2025-05-16 20:38:48,123 root INFO creating build/lib/sphinxcontrib/htmlhelp/locales/cy/LC_MESSAGES
2025-05-16 20:38:48,124 root INFO copying sphinxcontrib/htmlhelp/locales/cy/LC_MESSAGES/sphinxcontrib.htmlhelp.mo -> build/lib/sphinxcontrib/htmlhelp/locales/cy/LC_MESSAGES
2025-05-16 20:38:48,124 root INFO copying sphinxcontrib/htmlhelp/locales/cy/LC_MESSAGES/sphinxcontrib.htmlhelp.po -> build/lib/sphinxcontrib/htmlhelp/locales/cy/LC_MESSAGES
2025-05-16 20:38:48,124 root INFO creating build/lib/sphinxcontrib/htmlhelp/locales/nl/LC_MESSAGES
2025-05-16 20:38:48,124 root INFO copying sphinxcontrib/htmlhelp/locales/nl/LC_MESSAGES/sphinxcontrib.htmlhelp.mo -> build/lib/sphinxcontrib/htmlhelp/locales/nl/LC_MESSAGES
2025-05-16 20:38:48,124 root INFO copying sphinxcontrib/htmlhelp/locales/nl/LC_MESSAGES/sphinxcontrib.htmlhelp.po -> build/lib/sphinxcontrib/htmlhelp/locales/nl/LC_MESSAGES
2025-05-16 20:38:48,125 root INFO creating build/lib/sphinxcontrib/htmlhelp/locales/sr_RS/LC_MESSAGES
2025-05-16 20:38:48,125 root INFO copying sphinxcontrib/htmlhelp/locales/sr_RS/LC_MESSAGES/sphinxcontrib.htmlhelp.mo -> build/lib/sphinxcontrib/htmlhelp/locales/sr_RS/LC_MESSAGES
2025-05-16 20:38:48,125 root INFO copying sphinxcontrib/htmlhelp/locales/sr_RS/LC_MESSAGES/sphinxcontrib.htmlhelp.po -> build/lib/sphinxcontrib/htmlhelp/locales/sr_RS/LC_MESSAGES
2025-05-16 20:38:48,125 root INFO creating build/lib/sphinxcontrib/htmlhelp/locales/cak/LC_MESSAGES
2025-05-16 20:38:48,125 root INFO copying sphinxcontrib/htmlhelp/locales/cak/LC_MESSAGES/sphinxcontrib.htmlhelp.mo -> build/lib/sphinxcontrib/htmlhelp/locales/cak/LC_MESSAGES
2025-05-16 20:38:48,125 root INFO copying sphinxcontrib/htmlhelp/locales/cak/LC_MESSAGES/sphinxcontrib.htmlhelp.po -> build/lib/sphinxcontrib/htmlhelp/locales/cak/LC_MESSAGES
2025-05-16 20:38:48,126 root INFO creating build/lib/sphinxcontrib/htmlhelp/locales/sk/LC_MESSAGES
2025-05-16 20:38:48,126 root INFO copying sphinxcontrib/htmlhelp/locales/sk/LC_MESSAGES/sphinxcontrib.htmlhelp.mo -> build/lib/sphinxcontrib/htmlhelp/locales/sk/LC_MESSAGES
2025-05-16 20:38:48,126 root INFO copying sphinxcontrib/htmlhelp/locales/sk/LC_MESSAGES/sphinxcontrib.htmlhelp.po -> build/lib/sphinxcontrib/htmlhelp/locales/sk/LC_MESSAGES
2025-05-16 20:38:48,126 root INFO creating build/lib/sphinxcontrib/htmlhelp/locales/ja/LC_MESSAGES
2025-05-16 20:38:48,126 root INFO copying sphinxcontrib/htmlhelp/locales/ja/LC_MESSAGES/sphinxcontrib.htmlhelp.mo -> build/lib/sphinxcontrib/htmlhelp/locales/ja/LC_MESSAGES
2025-05-16 20:38:48,127 root INFO copying sphinxcontrib/htmlhelp/locales/ja/LC_MESSAGES/sphinxcontrib.htmlhelp.po -> build/lib/sphinxcontrib/htmlhelp/locales/ja/LC_MESSAGES
2025-05-16 20:38:48,127 root INFO creating build/lib/sphinxcontrib/htmlhelp/locales/sv/LC_MESSAGES
2025-05-16 20:38:48,127 root INFO copying sphinxcontrib/htmlhelp/locales/sv/LC_MESSAGES/sphinxcontrib.htmlhelp.mo -> build/lib/sphinxcontrib/htmlhelp/locales/sv/LC_MESSAGES
2025-05-16 20:38:48,127 root INFO copying sphinxcontrib/htmlhelp/locales/sv/LC_MESSAGES/sphinxcontrib.htmlhelp.po -> build/lib/sphinxcontrib/htmlhelp/locales/sv/LC_MESSAGES
2025-05-16 20:38:48,127 root INFO creating build/lib/sphinxcontrib/htmlhelp/locales/si/LC_MESSAGES
2025-05-16 20:38:48,128 root INFO copying sphinxcontrib/htmlhelp/locales/si/LC_MESSAGES/sphinxcontrib.htmlhelp.mo -> build/lib/sphinxcontrib/htmlhelp/locales/si/LC_MESSAGES
2025-05-16 20:38:48,128 root INFO copying sphinxcontrib/htmlhelp/locales/si/LC_MESSAGES/sphinxcontrib.htmlhelp.po -> build/lib/sphinxcontrib/htmlhelp/locales/si/LC_MESSAGES
2025-05-16 20:38:48,128 root INFO creating build/lib/sphinxcontrib/htmlhelp/locales/eo/LC_MESSAGES
2025-05-16 20:38:48,128 root INFO copying sphinxcontrib/htmlhelp/locales/eo/LC_MESSAGES/sphinxcontrib.htmlhelp.mo -> build/lib/sphinxcontrib/htmlhelp/locales/eo/LC_MESSAGES
2025-05-16 20:38:48,128 root INFO copying sphinxcontrib/htmlhelp/locales/eo/LC_MESSAGES/sphinxcontrib.htmlhelp.po -> build/lib/sphinxcontrib/htmlhelp/locales/eo/LC_MESSAGES
2025-05-16 20:38:48,129 root INFO creating build/lib/sphinxcontrib/htmlhelp/locales/pt_BR/LC_MESSAGES
2025-05-16 20:38:48,129 root INFO copying sphinxcontrib/htmlhelp/locales/pt_BR/LC_MESSAGES/sphinxcontrib.htmlhelp.mo -> build/lib/sphinxcontrib/htmlhelp/locales/pt_BR/LC_MESSAGES
2025-05-16 20:38:48,129 root INFO copying sphinxcontrib/htmlhelp/locales/pt_BR/LC_MESSAGES/sphinxcontrib.htmlhelp.po -> build/lib/sphinxcontrib/htmlhelp/locales/pt_BR/LC_MESSAGES
2025-05-16 20:38:48,129 root INFO creating build/lib/sphinxcontrib/htmlhelp/locales/fr/LC_MESSAGES
2025-05-16 20:38:48,129 root INFO copying sphinxcontrib/htmlhelp/locales/fr/LC_MESSAGES/sphinxcontrib.htmlhelp.mo -> build/lib/sphinxcontrib/htmlhelp/locales/fr/LC_MESSAGES
2025-05-16 20:38:48,130 root INFO copying sphinxcontrib/htmlhelp/locales/fr/LC_MESSAGES/sphinxcontrib.htmlhelp.po -> build/lib/sphinxcontrib/htmlhelp/locales/fr/LC_MESSAGES
2025-05-16 20:38:48,130 root INFO creating build/lib/sphinxcontrib/htmlhelp/locales/es/LC_MESSAGES
2025-05-16 20:38:48,130 root INFO copying sphinxcontrib/htmlhelp/locales/es/LC_MESSAGES/sphinxcontrib.htmlhelp.mo -> build/lib/sphinxcontrib/htmlhelp/locales/es/LC_MESSAGES
2025-05-16 20:38:48,130 root INFO copying sphinxcontrib/htmlhelp/locales/es/LC_MESSAGES/sphinxcontrib.htmlhelp.po -> build/lib/sphinxcontrib/htmlhelp/locales/es/LC_MESSAGES
2025-05-16 20:38:48,130 root INFO creating build/lib/sphinxcontrib/htmlhelp/locales/tr/LC_MESSAGES
2025-05-16 20:38:48,131 root INFO copying sphinxcontrib/htmlhelp/locales/tr/LC_MESSAGES/sphinxcontrib.htmlhelp.mo -> build/lib/sphinxcontrib/htmlhelp/locales/tr/LC_MESSAGES
2025-05-16 20:38:48,131 root INFO copying sphinxcontrib/htmlhelp/locales/tr/LC_MESSAGES/sphinxcontrib.htmlhelp.po -> build/lib/sphinxcontrib/htmlhelp/locales/tr/LC_MESSAGES
2025-05-16 20:38:48,131 root INFO creating build/lib/sphinxcontrib/htmlhelp/locales/bg/LC_MESSAGES
2025-05-16 20:38:48,131 root INFO copying sphinxcontrib/htmlhelp/locales/bg/LC_MESSAGES/sphinxcontrib.htmlhelp.mo -> build/lib/sphinxcontrib/htmlhelp/locales/bg/LC_MESSAGES
2025-05-16 20:38:48,131 root INFO copying sphinxcontrib/htmlhelp/locales/bg/LC_MESSAGES/sphinxcontrib.htmlhelp.po -> build/lib/sphinxcontrib/htmlhelp/locales/bg/LC_MESSAGES
2025-05-16 20:38:48,132 root INFO creating build/lib/sphinxcontrib/htmlhelp/locales/da/LC_MESSAGES
2025-05-16 20:38:48,132 root INFO copying sphinxcontrib/htmlhelp/locales/da/LC_MESSAGES/sphinxcontrib.htmlhelp.mo -> build/lib/sphinxcontrib/htmlhelp/locales/da/LC_MESSAGES
2025-05-16 20:38:48,132 root INFO copying sphinxcontrib/htmlhelp/locales/da/LC_MESSAGES/sphinxcontrib.htmlhelp.po -> build/lib/sphinxcontrib/htmlhelp/locales/da/LC_MESSAGES
2025-05-16 20:38:48,132 root INFO creating build/lib/sphinxcontrib/htmlhelp/locales/hi/LC_MESSAGES
2025-05-16 20:38:48,132 root INFO copying sphinxcontrib/htmlhelp/locales/hi/LC_MESSAGES/sphinxcontrib.htmlhelp.mo -> build/lib/sphinxcontrib/htmlhelp/locales/hi/LC_MESSAGES
2025-05-16 20:38:48,132 root INFO copying sphinxcontrib/htmlhelp/locales/hi/LC_MESSAGES/sphinxcontrib.htmlhelp.po -> build/lib/sphinxcontrib/htmlhelp/locales/hi/LC_MESSAGES
2025-05-16 20:38:48,133 root INFO creating build/lib/sphinxcontrib/htmlhelp/locales/ur/LC_MESSAGES
2025-05-16 20:38:48,133 root INFO copying sphinxcontrib/htmlhelp/locales/ur/LC_MESSAGES/sphinxcontrib.htmlhelp.mo -> build/lib/sphinxcontrib/htmlhelp/locales/ur/LC_MESSAGES
2025-05-16 20:38:48,133 root INFO copying sphinxcontrib/htmlhelp/locales/ur/LC_MESSAGES/sphinxcontrib.htmlhelp.po -> build/lib/sphinxcontrib/htmlhelp/locales/ur/LC_MESSAGES
2025-05-16 20:38:48,133 root INFO creating build/lib/sphinxcontrib/htmlhelp/locales/hr/LC_MESSAGES
2025-05-16 20:38:48,133 root INFO copying sphinxcontrib/htmlhelp/locales/hr/LC_MESSAGES/sphinxcontrib.htmlhelp.mo -> build/lib/sphinxcontrib/htmlhelp/locales/hr/LC_MESSAGES
2025-05-16 20:38:48,134 root INFO copying sphinxcontrib/htmlhelp/locales/hr/LC_MESSAGES/sphinxcontrib.htmlhelp.po -> build/lib/sphinxcontrib/htmlhelp/locales/hr/LC_MESSAGES
2025-05-16 20:38:48,134 root INFO creating build/lib/sphinxcontrib/htmlhelp/locales/sl/LC_MESSAGES
2025-05-16 20:38:48,134 root INFO copying sphinxcontrib/htmlhelp/locales/sl/LC_MESSAGES/sphinxcontrib.htmlhelp.mo -> build/lib/sphinxcontrib/htmlhelp/locales/sl/LC_MESSAGES
2025-05-16 20:38:48,134 root INFO copying sphinxcontrib/htmlhelp/locales/sl/LC_MESSAGES/sphinxcontrib.htmlhelp.po -> build/lib/sphinxcontrib/htmlhelp/locales/sl/LC_MESSAGES
2025-05-16 20:38:48,134 root INFO creating build/lib/sphinxcontrib/htmlhelp/locales/ca/LC_MESSAGES
2025-05-16 20:38:48,135 root INFO copying sphinxcontrib/htmlhelp/locales/ca/LC_MESSAGES/sphinxcontrib.htmlhelp.mo -> build/lib/sphinxcontrib/htmlhelp/locales/ca/LC_MESSAGES
2025-05-16 20:38:48,135 root INFO copying sphinxcontrib/htmlhelp/locales/ca/LC_MESSAGES/sphinxcontrib.htmlhelp.po -> build/lib/sphinxcontrib/htmlhelp/locales/ca/LC_MESSAGES
2025-05-16 20:38:48,135 root INFO creating build/lib/sphinxcontrib/htmlhelp/locales/et/LC_MESSAGES
2025-05-16 20:38:48,135 root INFO copying sphinxcontrib/htmlhelp/locales/et/LC_MESSAGES/sphinxcontrib.htmlhelp.mo -> build/lib/sphinxcontrib/htmlhelp/locales/et/LC_MESSAGES
2025-05-16 20:38:48,135 root INFO copying sphinxcontrib/htmlhelp/locales/et/LC_MESSAGES/sphinxcontrib.htmlhelp.po -> build/lib/sphinxcontrib/htmlhelp/locales/et/LC_MESSAGES
2025-05-16 20:38:48,136 root INFO creating build/lib/sphinxcontrib/htmlhelp/locales/el/LC_MESSAGES
2025-05-16 20:38:48,136 root INFO copying sphinxcontrib/htmlhelp/locales/el/LC_MESSAGES/sphinxcontrib.htmlhelp.mo -> build/lib/sphinxcontrib/htmlhelp/locales/el/LC_MESSAGES
2025-05-16 20:38:48,136 root INFO copying sphinxcontrib/htmlhelp/locales/el/LC_MESSAGES/sphinxcontrib.htmlhelp.po -> build/lib/sphinxcontrib/htmlhelp/locales/el/LC_MESSAGES
2025-05-16 20:38:48,136 root INFO creating build/lib/sphinxcontrib/htmlhelp/locales/pt_PT/LC_MESSAGES
2025-05-16 20:38:48,136 root INFO copying sphinxcontrib/htmlhelp/locales/pt_PT/LC_MESSAGES/sphinxcontrib.htmlhelp.mo -> build/lib/sphinxcontrib/htmlhelp/locales/pt_PT/LC_MESSAGES
2025-05-16 20:38:48,137 root INFO copying sphinxcontrib/htmlhelp/locales/pt_PT/LC_MESSAGES/sphinxcontrib.htmlhelp.po -> build/lib/sphinxcontrib/htmlhelp/locales/pt_PT/LC_MESSAGES
2025-05-16 20:38:48,137 root INFO creating build/lib/sphinxcontrib/htmlhelp/locales/nb_NO/LC_MESSAGES
2025-05-16 20:38:48,137 root INFO copying sphinxcontrib/htmlhelp/locales/nb_NO/LC_MESSAGES/sphinxcontrib.htmlhelp.mo -> build/lib/sphinxcontrib/htmlhelp/locales/nb_NO/LC_MESSAGES
2025-05-16 20:38:48,137 root INFO copying sphinxcontrib/htmlhelp/locales/nb_NO/LC_MESSAGES/sphinxcontrib.htmlhelp.po -> build/lib/sphinxcontrib/htmlhelp/locales/nb_NO/LC_MESSAGES
2025-05-16 20:38:48,137 root INFO creating build/lib/sphinxcontrib/htmlhelp/locales/hu/LC_MESSAGES
2025-05-16 20:38:48,137 root INFO copying sphinxcontrib/htmlhelp/locales/hu/LC_MESSAGES/sphinxcontrib.htmlhelp.mo -> build/lib/sphinxcontrib/htmlhelp/locales/hu/LC_MESSAGES
2025-05-16 20:38:48,138 root INFO copying sphinxcontrib/htmlhelp/locales/hu/LC_MESSAGES/sphinxcontrib.htmlhelp.po -> build/lib/sphinxcontrib/htmlhelp/locales/hu/LC_MESSAGES
2025-05-16 20:38:48,138 root INFO creating build/lib/sphinxcontrib/htmlhelp/locales/zh_CN/LC_MESSAGES
2025-05-16 20:38:48,138 root INFO copying sphinxcontrib/htmlhelp/locales/zh_CN/LC_MESSAGES/sphinxcontrib.htmlhelp.mo -> build/lib/sphinxcontrib/htmlhelp/locales/zh_CN/LC_MESSAGES
2025-05-16 20:38:48,138 root INFO copying sphinxcontrib/htmlhelp/locales/zh_CN/LC_MESSAGES/sphinxcontrib.htmlhelp.po -> build/lib/sphinxcontrib/htmlhelp/locales/zh_CN/LC_MESSAGES
2025-05-16 20:38:48,138 root INFO creating build/lib/sphinxcontrib/htmlhelp/locales/sq/LC_MESSAGES
2025-05-16 20:38:48,139 root INFO copying sphinxcontrib/htmlhelp/locales/sq/LC_MESSAGES/sphinxcontrib.htmlhelp.mo -> build/lib/sphinxcontrib/htmlhelp/locales/sq/LC_MESSAGES
2025-05-16 20:38:48,139 root INFO copying sphinxcontrib/htmlhelp/locales/sq/LC_MESSAGES/sphinxcontrib.htmlhelp.po -> build/lib/sphinxcontrib/htmlhelp/locales/sq/LC_MESSAGES
2025-05-16 20:38:48,139 root INFO creating build/lib/sphinxcontrib/htmlhelp/locales/ko/LC_MESSAGES
2025-05-16 20:38:48,139 root INFO copying sphinxcontrib/htmlhelp/locales/ko/LC_MESSAGES/sphinxcontrib.htmlhelp.mo -> build/lib/sphinxcontrib/htmlhelp/locales/ko/LC_MESSAGES
2025-05-16 20:38:48,139 root INFO copying sphinxcontrib/htmlhelp/locales/ko/LC_MESSAGES/sphinxcontrib.htmlhelp.po -> build/lib/sphinxcontrib/htmlhelp/locales/ko/LC_MESSAGES
2025-05-16 20:38:48,140 root INFO creating build/lib/sphinxcontrib/htmlhelp/locales/bn/LC_MESSAGES
2025-05-16 20:38:48,140 root INFO copying sphinxcontrib/htmlhelp/locales/bn/LC_MESSAGES/sphinxcontrib.htmlhelp.mo -> build/lib/sphinxcontrib/htmlhelp/locales/bn/LC_MESSAGES
2025-05-16 20:38:48,140 root INFO copying sphinxcontrib/htmlhelp/locales/bn/LC_MESSAGES/sphinxcontrib.htmlhelp.po -> build/lib/sphinxcontrib/htmlhelp/locales/bn/LC_MESSAGES
2025-05-16 20:38:48,140 root INFO creating build/lib/sphinxcontrib/htmlhelp/locales/mk/LC_MESSAGES
2025-05-16 20:38:48,140 root INFO copying sphinxcontrib/htmlhelp/locales/mk/LC_MESSAGES/sphinxcontrib.htmlhelp.mo -> build/lib/sphinxcontrib/htmlhelp/locales/mk/LC_MESSAGES
2025-05-16 20:38:48,141 root INFO copying sphinxcontrib/htmlhelp/locales/mk/LC_MESSAGES/sphinxcontrib.htmlhelp.po -> build/lib/sphinxcontrib/htmlhelp/locales/mk/LC_MESSAGES
2025-05-16 20:38:48,141 root INFO creating build/lib/sphinxcontrib/htmlhelp/locales/te/LC_MESSAGES
2025-05-16 20:38:48,141 root INFO copying sphinxcontrib/htmlhelp/locales/te/LC_MESSAGES/sphinxcontrib.htmlhelp.mo -> build/lib/sphinxcontrib/htmlhelp/locales/te/LC_MESSAGES
2025-05-16 20:38:48,141 root INFO copying sphinxcontrib/htmlhelp/locales/te/LC_MESSAGES/sphinxcontrib.htmlhelp.po -> build/lib/sphinxcontrib/htmlhelp/locales/te/LC_MESSAGES
2025-05-16 20:38:48,141 root INFO creating build/lib/sphinxcontrib/htmlhelp/locales/de/LC_MESSAGES
2025-05-16 20:38:48,141 root INFO copying sphinxcontrib/htmlhelp/locales/de/LC_MESSAGES/sphinxcontrib.htmlhelp.mo -> build/lib/sphinxcontrib/htmlhelp/locales/de/LC_MESSAGES
2025-05-16 20:38:48,142 root INFO copying sphinxcontrib/htmlhelp/locales/de/LC_MESSAGES/sphinxcontrib.htmlhelp.po -> build/lib/sphinxcontrib/htmlhelp/locales/de/LC_MESSAGES
2025-05-16 20:38:48,142 root INFO creating build/lib/sphinxcontrib/htmlhelp/locales/pl/LC_MESSAGES
2025-05-16 20:38:48,142 root INFO copying sphinxcontrib/htmlhelp/locales/pl/LC_MESSAGES/sphinxcontrib.htmlhelp.mo -> build/lib/sphinxcontrib/htmlhelp/locales/pl/LC_MESSAGES
2025-05-16 20:38:48,142 root INFO copying sphinxcontrib/htmlhelp/locales/pl/LC_MESSAGES/sphinxcontrib.htmlhelp.po -> build/lib/sphinxcontrib/htmlhelp/locales/pl/LC_MESSAGES
2025-05-16 20:38:48,142 root INFO creating build/lib/sphinxcontrib/htmlhelp/locales/cs/LC_MESSAGES
2025-05-16 20:38:48,143 root INFO copying sphinxcontrib/htmlhelp/locales/cs/LC_MESSAGES/sphinxcontrib.htmlhelp.mo -> build/lib/sphinxcontrib/htmlhelp/locales/cs/LC_MESSAGES
2025-05-16 20:38:48,143 root INFO copying sphinxcontrib/htmlhelp/locales/cs/LC_MESSAGES/sphinxcontrib.htmlhelp.po -> build/lib/sphinxcontrib/htmlhelp/locales/cs/LC_MESSAGES
2025-05-16 20:38:48,143 root INFO creating build/lib/sphinxcontrib/htmlhelp/locales/vi/LC_MESSAGES
2025-05-16 20:38:48,143 root INFO copying sphinxcontrib/htmlhelp/locales/vi/LC_MESSAGES/sphinxcontrib.htmlhelp.mo -> build/lib/sphinxcontrib/htmlhelp/locales/vi/LC_MESSAGES
2025-05-16 20:38:48,143 root INFO copying sphinxcontrib/htmlhelp/locales/vi/LC_MESSAGES/sphinxcontrib.htmlhelp.po -> build/lib/sphinxcontrib/htmlhelp/locales/vi/LC_MESSAGES
2025-05-16 20:38:48,144 root INFO creating build/lib/sphinxcontrib/htmlhelp/locales/fa/LC_MESSAGES
2025-05-16 20:38:48,144 root INFO copying sphinxcontrib/htmlhelp/locales/fa/LC_MESSAGES/sphinxcontrib.htmlhelp.mo -> build/lib/sphinxcontrib/htmlhelp/locales/fa/LC_MESSAGES
2025-05-16 20:38:48,144 root INFO copying sphinxcontrib/htmlhelp/locales/fa/LC_MESSAGES/sphinxcontrib.htmlhelp.po -> build/lib/sphinxcontrib/htmlhelp/locales/fa/LC_MESSAGES
2025-05-16 20:38:48,144 root INFO creating build/lib/sphinxcontrib/htmlhelp/locales/fi/LC_MESSAGES
2025-05-16 20:38:48,144 root INFO copying sphinxcontrib/htmlhelp/locales/fi/LC_MESSAGES/sphinxcontrib.htmlhelp.mo -> build/lib/sphinxcontrib/htmlhelp/locales/fi/LC_MESSAGES
2025-05-16 20:38:48,145 root INFO copying sphinxcontrib/htmlhelp/locales/fi/LC_MESSAGES/sphinxcontrib.htmlhelp.po -> build/lib/sphinxcontrib/htmlhelp/locales/fi/LC_MESSAGES
2025-05-16 20:38:48,145 root INFO creating build/lib/sphinxcontrib/htmlhelp/locales/it/LC_MESSAGES
2025-05-16 20:38:48,145 root INFO copying sphinxcontrib/htmlhelp/locales/it/LC_MESSAGES/sphinxcontrib.htmlhelp.mo -> build/lib/sphinxcontrib/htmlhelp/locales/it/LC_MESSAGES
2025-05-16 20:38:48,145 root INFO copying sphinxcontrib/htmlhelp/locales/it/LC_MESSAGES/sphinxcontrib.htmlhelp.po -> build/lib/sphinxcontrib/htmlhelp/locales/it/LC_MESSAGES
2025-05-16 20:38:48,145 root INFO creating build/lib/sphinxcontrib/htmlhelp/locales/sr/LC_MESSAGES
2025-05-16 20:38:48,146 root INFO copying sphinxcontrib/htmlhelp/locales/sr/LC_MESSAGES/sphinxcontrib.htmlhelp.mo -> build/lib/sphinxcontrib/htmlhelp/locales/sr/LC_MESSAGES
2025-05-16 20:38:48,146 root INFO copying sphinxcontrib/htmlhelp/locales/sr/LC_MESSAGES/sphinxcontrib.htmlhelp.po -> build/lib/sphinxcontrib/htmlhelp/locales/sr/LC_MESSAGES
2025-05-16 20:38:48,146 root INFO creating build/lib/sphinxcontrib/htmlhelp/locales/ro/LC_MESSAGES
2025-05-16 20:38:48,146 root INFO copying sphinxcontrib/htmlhelp/locales/ro/LC_MESSAGES/sphinxcontrib.htmlhelp.mo -> build/lib/sphinxcontrib/htmlhelp/locales/ro/LC_MESSAGES
2025-05-16 20:38:48,146 root INFO copying sphinxcontrib/htmlhelp/locales/ro/LC_MESSAGES/sphinxcontrib.htmlhelp.po -> build/lib/sphinxcontrib/htmlhelp/locales/ro/LC_MESSAGES
2025-05-16 20:38:48,156 root INFO installing to build/bdist.linux-x86_64/wheel
2025-05-16 20:38:48,156 root INFO running install
2025-05-16 20:38:48,166 root INFO running install_lib
2025-05-16 20:38:48,168 root INFO creating build/bdist.linux-x86_64/wheel
2025-05-16 20:38:48,168 root INFO creating build/bdist.linux-x86_64/wheel/sphinxcontrib
2025-05-16 20:38:48,169 root INFO creating build/bdist.linux-x86_64/wheel/sphinxcontrib/htmlhelp
2025-05-16 20:38:48,169 root INFO creating build/bdist.linux-x86_64/wheel/sphinxcontrib/htmlhelp/templates
2025-05-16 20:38:48,169 root INFO copying build/lib/sphinxcontrib/htmlhelp/templates/project.hhp -> build/bdist.linux-x86_64/wheel/./sphinxcontrib/htmlhelp/templates
2025-05-16 20:38:48,169 root INFO copying build/lib/sphinxcontrib/htmlhelp/templates/project.hhc -> build/bdist.linux-x86_64/wheel/./sphinxcontrib/htmlhelp/templates
2025-05-16 20:38:48,169 root INFO copying build/lib/sphinxcontrib/htmlhelp/templates/project.stp -> build/bdist.linux-x86_64/wheel/./sphinxcontrib/htmlhelp/templates
2025-05-16 20:38:48,169 root INFO copying build/lib/sphinxcontrib/htmlhelp/__init__.py -> build/bdist.linux-x86_64/wheel/./sphinxcontrib/htmlhelp
2025-05-16 20:38:48,170 root INFO creating build/bdist.linux-x86_64/wheel/sphinxcontrib/htmlhelp/locales
2025-05-16 20:38:48,170 root INFO creating build/bdist.linux-x86_64/wheel/sphinxcontrib/htmlhelp/locales/id
2025-05-16 20:38:48,170 root INFO creating build/bdist.linux-x86_64/wheel/sphinxcontrib/htmlhelp/locales/id/LC_MESSAGES
2025-05-16 20:38:48,170 root INFO copying build/lib/sphinxcontrib/htmlhelp/locales/id/LC_MESSAGES/sphinxcontrib.htmlhelp.mo -> build/bdist.linux-x86_64/wheel/./sphinxcontrib/htmlhelp/locales/id/LC_MESSAGES
2025-05-16 20:38:48,170 root INFO copying build/lib/sphinxcontrib/htmlhelp/locales/id/LC_MESSAGES/sphinxcontrib.htmlhelp.po -> build/bdist.linux-x86_64/wheel/./sphinxcontrib/htmlhelp/locales/id/LC_MESSAGES
2025-05-16 20:38:48,171 root INFO creating build/bdist.linux-x86_64/wheel/sphinxcontrib/htmlhelp/locales/lt
2025-05-16 20:38:48,171 root INFO creating build/bdist.linux-x86_64/wheel/sphinxcontrib/htmlhelp/locales/lt/LC_MESSAGES
2025-05-16 20:38:48,171 root INFO copying build/lib/sphinxcontrib/htmlhelp/locales/lt/LC_MESSAGES/sphinxcontrib.htmlhelp.mo -> build/bdist.linux-x86_64/wheel/./sphinxcontrib/htmlhelp/locales/lt/LC_MESSAGES
2025-05-16 20:38:48,171 root INFO copying build/lib/sphinxcontrib/htmlhelp/locales/lt/LC_MESSAGES/sphinxcontrib.htmlhelp.po -> build/bdist.linux-x86_64/wheel/./sphinxcontrib/htmlhelp/locales/lt/LC_MESSAGES
2025-05-16 20:38:48,171 root INFO creating build/bdist.linux-x86_64/wheel/sphinxcontrib/htmlhelp/locales/zh_TW
2025-05-16 20:38:48,171 root INFO creating build/bdist.linux-x86_64/wheel/sphinxcontrib/htmlhelp/locales/zh_TW/LC_MESSAGES
2025-05-16 20:38:48,172 root INFO copying build/lib/sphinxcontrib/htmlhelp/locales/zh_TW/LC_MESSAGES/sphinxcontrib.htmlhelp.mo -> build/bdist.linux-x86_64/wheel/./sphinxcontrib/htmlhelp/locales/zh_TW/LC_MESSAGES
2025-05-16 20:38:48,172 root INFO copying build/lib/sphinxcontrib/htmlhelp/locales/zh_TW/LC_MESSAGES/sphinxcontrib.htmlhelp.po -> build/bdist.linux-x86_64/wheel/./sphinxcontrib/htmlhelp/locales/zh_TW/LC_MESSAGES
2025-05-16 20:38:48,172 root INFO creating build/bdist.linux-x86_64/wheel/sphinxcontrib/htmlhelp/locales/ne
2025-05-16 20:38:48,172 root INFO creating build/bdist.linux-x86_64/wheel/sphinxcontrib/htmlhelp/locales/ne/LC_MESSAGES
2025-05-16 20:38:48,172 root INFO copying build/lib/sphinxcontrib/htmlhelp/locales/ne/LC_MESSAGES/sphinxcontrib.htmlhelp.mo -> build/bdist.linux-x86_64/wheel/./sphinxcontrib/htmlhelp/locales/ne/LC_MESSAGES
2025-05-16 20:38:48,172 root INFO copying build/lib/sphinxcontrib/htmlhelp/locales/ne/LC_MESSAGES/sphinxcontrib.htmlhelp.po -> build/bdist.linux-x86_64/wheel/./sphinxcontrib/htmlhelp/locales/ne/LC_MESSAGES
2025-05-16 20:38:48,173 root INFO creating build/bdist.linux-x86_64/wheel/sphinxcontrib/htmlhelp/locales/lv
2025-05-16 20:38:48,173 root INFO creating build/bdist.linux-x86_64/wheel/sphinxcontrib/htmlhelp/locales/lv/LC_MESSAGES
2025-05-16 20:38:48,173 root INFO copying build/lib/sphinxcontrib/htmlhelp/locales/lv/LC_MESSAGES/sphinxcontrib.htmlhelp.mo -> build/bdist.linux-x86_64/wheel/./sphinxcontrib/htmlhelp/locales/lv/LC_MESSAGES
2025-05-16 20:38:48,173 root INFO copying build/lib/sphinxcontrib/htmlhelp/locales/lv/LC_MESSAGES/sphinxcontrib.htmlhelp.po -> build/bdist.linux-x86_64/wheel/./sphinxcontrib/htmlhelp/locales/lv/LC_MESSAGES
2025-05-16 20:38:48,173 root INFO creating build/bdist.linux-x86_64/wheel/sphinxcontrib/htmlhelp/locales/he
2025-05-16 20:38:48,174 root INFO creating build/bdist.linux-x86_64/wheel/sphinxcontrib/htmlhelp/locales/he/LC_MESSAGES
2025-05-16 20:38:48,174 root INFO copying build/lib/sphinxcontrib/htmlhelp/locales/he/LC_MESSAGES/sphinxcontrib.htmlhelp.mo -> build/bdist.linux-x86_64/wheel/./sphinxcontrib/htmlhelp/locales/he/LC_MESSAGES
2025-05-16 20:38:48,174 root INFO copying build/lib/sphinxcontrib/htmlhelp/locales/he/LC_MESSAGES/sphinxcontrib.htmlhelp.po -> build/bdist.linux-x86_64/wheel/./sphinxcontrib/htmlhelp/locales/he/LC_MESSAGES
2025-05-16 20:38:48,174 root INFO creating build/bdist.linux-x86_64/wheel/sphinxcontrib/htmlhelp/locales/eu
2025-05-16 20:38:48,174 root INFO creating build/bdist.linux-x86_64/wheel/sphinxcontrib/htmlhelp/locales/eu/LC_MESSAGES
2025-05-16 20:38:48,174 root INFO copying build/lib/sphinxcontrib/htmlhelp/locales/eu/LC_MESSAGES/sphinxcontrib.htmlhelp.mo -> build/bdist.linux-x86_64/wheel/./sphinxcontrib/htmlhelp/locales/eu/LC_MESSAGES
2025-05-16 20:38:48,175 root INFO copying build/lib/sphinxcontrib/htmlhelp/locales/eu/LC_MESSAGES/sphinxcontrib.htmlhelp.po -> build/bdist.linux-x86_64/wheel/./sphinxcontrib/htmlhelp/locales/eu/LC_MESSAGES
2025-05-16 20:38:48,175 root INFO creating build/bdist.linux-x86_64/wheel/sphinxcontrib/htmlhelp/locales/ru
2025-05-16 20:38:48,175 root INFO creating build/bdist.linux-x86_64/wheel/sphinxcontrib/htmlhelp/locales/ru/LC_MESSAGES
2025-05-16 20:38:48,175 root INFO copying build/lib/sphinxcontrib/htmlhelp/locales/ru/LC_MESSAGES/sphinxcontrib.htmlhelp.mo -> build/bdist.linux-x86_64/wheel/./sphinxcontrib/htmlhelp/locales/ru/LC_MESSAGES
2025-05-16 20:38:48,175 root INFO copying build/lib/sphinxcontrib/htmlhelp/locales/ru/LC_MESSAGES/sphinxcontrib.htmlhelp.po -> build/bdist.linux-x86_64/wheel/./sphinxcontrib/htmlhelp/locales/ru/LC_MESSAGES
2025-05-16 20:38:48,176 root INFO creating build/bdist.linux-x86_64/wheel/sphinxcontrib/htmlhelp/locales/ar
2025-05-16 20:38:48,176 root INFO creating build/bdist.linux-x86_64/wheel/sphinxcontrib/htmlhelp/locales/ar/LC_MESSAGES
2025-05-16 20:38:48,176 root INFO copying build/lib/sphinxcontrib/htmlhelp/locales/ar/LC_MESSAGES/sphinxcontrib.htmlhelp.mo -> build/bdist.linux-x86_64/wheel/./sphinxcontrib/htmlhelp/locales/ar/LC_MESSAGES
2025-05-16 20:38:48,176 root INFO copying build/lib/sphinxcontrib/htmlhelp/locales/ar/LC_MESSAGES/sphinxcontrib.htmlhelp.po -> build/bdist.linux-x86_64/wheel/./sphinxcontrib/htmlhelp/locales/ar/LC_MESSAGES
2025-05-16 20:38:48,176 root INFO creating build/bdist.linux-x86_64/wheel/sphinxcontrib/htmlhelp/locales/pt
2025-05-16 20:38:48,176 root INFO creating build/bdist.linux-x86_64/wheel/sphinxcontrib/htmlhelp/locales/pt/LC_MESSAGES
2025-05-16 20:38:48,177 root INFO copying build/lib/sphinxcontrib/htmlhelp/locales/pt/LC_MESSAGES/sphinxcontrib.htmlhelp.mo -> build/bdist.linux-x86_64/wheel/./sphinxcontrib/htmlhelp/locales/pt/LC_MESSAGES
2025-05-16 20:38:48,177 root INFO copying build/lib/sphinxcontrib/htmlhelp/locales/pt/LC_MESSAGES/sphinxcontrib.htmlhelp.po -> build/bdist.linux-x86_64/wheel/./sphinxcontrib/htmlhelp/locales/pt/LC_MESSAGES
2025-05-16 20:38:48,177 root INFO creating build/bdist.linux-x86_64/wheel/sphinxcontrib/htmlhelp/locales/uk_UA
2025-05-16 20:38:48,177 root INFO creating build/bdist.linux-x86_64/wheel/sphinxcontrib/htmlhelp/locales/uk_UA/LC_MESSAGES
2025-05-16 20:38:48,177 root INFO copying build/lib/sphinxcontrib/htmlhelp/locales/uk_UA/LC_MESSAGES/sphinxcontrib.htmlhelp.mo -> build/bdist.linux-x86_64/wheel/./sphinxcontrib/htmlhelp/locales/uk_UA/LC_MESSAGES
2025-05-16 20:38:48,177 root INFO copying build/lib/sphinxcontrib/htmlhelp/locales/uk_UA/LC_MESSAGES/sphinxcontrib.htmlhelp.po -> build/bdist.linux-x86_64/wheel/./sphinxcontrib/htmlhelp/locales/uk_UA/LC_MESSAGES
2025-05-16 20:38:48,178 root INFO creating build/bdist.linux-x86_64/wheel/sphinxcontrib/htmlhelp/locales/hi_IN
2025-05-16 20:38:48,178 root INFO creating build/bdist.linux-x86_64/wheel/sphinxcontrib/htmlhelp/locales/hi_IN/LC_MESSAGES
2025-05-16 20:38:48,178 root INFO copying build/lib/sphinxcontrib/htmlhelp/locales/hi_IN/LC_MESSAGES/sphinxcontrib.htmlhelp.mo -> build/bdist.linux-x86_64/wheel/./sphinxcontrib/htmlhelp/locales/hi_IN/LC_MESSAGES
2025-05-16 20:38:48,178 root INFO copying build/lib/sphinxcontrib/htmlhelp/locales/hi_IN/LC_MESSAGES/sphinxcontrib.htmlhelp.po -> build/bdist.linux-x86_64/wheel/./sphinxcontrib/htmlhelp/locales/hi_IN/LC_MESSAGES
2025-05-16 20:38:48,178 root INFO creating build/bdist.linux-x86_64/wheel/sphinxcontrib/htmlhelp/locales/ta
2025-05-16 20:38:48,179 root INFO creating build/bdist.linux-x86_64/wheel/sphinxcontrib/htmlhelp/locales/ta/LC_MESSAGES
2025-05-16 20:38:48,179 root INFO copying build/lib/sphinxcontrib/htmlhelp/locales/ta/LC_MESSAGES/sphinxcontrib.htmlhelp.mo -> build/bdist.linux-x86_64/wheel/./sphinxcontrib/htmlhelp/locales/ta/LC_MESSAGES
2025-05-16 20:38:48,179 root INFO copying build/lib/sphinxcontrib/htmlhelp/locales/ta/LC_MESSAGES/sphinxcontrib.htmlhelp.po -> build/bdist.linux-x86_64/wheel/./sphinxcontrib/htmlhelp/locales/ta/LC_MESSAGES
2025-05-16 20:38:48,179 root INFO creating build/bdist.linux-x86_64/wheel/sphinxcontrib/htmlhelp/locales/cy
2025-05-16 20:38:48,179 root INFO creating build/bdist.linux-x86_64/wheel/sphinxcontrib/htmlhelp/locales/cy/LC_MESSAGES
2025-05-16 20:38:48,179 root INFO copying build/lib/sphinxcontrib/htmlhelp/locales/cy/LC_MESSAGES/sphinxcontrib.htmlhelp.mo -> build/bdist.linux-x86_64/wheel/./sphinxcontrib/htmlhelp/locales/cy/LC_MESSAGES
2025-05-16 20:38:48,180 root INFO copying build/lib/sphinxcontrib/htmlhelp/locales/cy/LC_MESSAGES/sphinxcontrib.htmlhelp.po -> build/bdist.linux-x86_64/wheel/./sphinxcontrib/htmlhelp/locales/cy/LC_MESSAGES
2025-05-16 20:38:48,180 root INFO creating build/bdist.linux-x86_64/wheel/sphinxcontrib/htmlhelp/locales/nl
2025-05-16 20:38:48,180 root INFO creating build/bdist.linux-x86_64/wheel/sphinxcontrib/htmlhelp/locales/nl/LC_MESSAGES
2025-05-16 20:38:48,180 root INFO copying build/lib/sphinxcontrib/htmlhelp/locales/nl/LC_MESSAGES/sphinxcontrib.htmlhelp.mo -> build/bdist.linux-x86_64/wheel/./sphinxcontrib/htmlhelp/locales/nl/LC_MESSAGES
2025-05-16 20:38:48,180 root INFO copying build/lib/sphinxcontrib/htmlhelp/locales/nl/LC_MESSAGES/sphinxcontrib.htmlhelp.po -> build/bdist.linux-x86_64/wheel/./sphinxcontrib/htmlhelp/locales/nl/LC_MESSAGES
2025-05-16 20:38:48,180 root INFO creating build/bdist.linux-x86_64/wheel/sphinxcontrib/htmlhelp/locales/sr_RS
2025-05-16 20:38:48,181 root INFO creating build/bdist.linux-x86_64/wheel/sphinxcontrib/htmlhelp/locales/sr_RS/LC_MESSAGES
2025-05-16 20:38:48,181 root INFO copying build/lib/sphinxcontrib/htmlhelp/locales/sr_RS/LC_MESSAGES/sphinxcontrib.htmlhelp.mo -> build/bdist.linux-x86_64/wheel/./sphinxcontrib/htmlhelp/locales/sr_RS/LC_MESSAGES
2025-05-16 20:38:48,181 root INFO copying build/lib/sphinxcontrib/htmlhelp/locales/sr_RS/LC_MESSAGES/sphinxcontrib.htmlhelp.po -> build/bdist.linux-x86_64/wheel/./sphinxcontrib/htmlhelp/locales/sr_RS/LC_MESSAGES
2025-05-16 20:38:48,181 root INFO creating build/bdist.linux-x86_64/wheel/sphinxcontrib/htmlhelp/locales/cak
2025-05-16 20:38:48,181 root INFO creating build/bdist.linux-x86_64/wheel/sphinxcontrib/htmlhelp/locales/cak/LC_MESSAGES
2025-05-16 20:38:48,181 root INFO copying build/lib/sphinxcontrib/htmlhelp/locales/cak/LC_MESSAGES/sphinxcontrib.htmlhelp.mo -> build/bdist.linux-x86_64/wheel/./sphinxcontrib/htmlhelp/locales/cak/LC_MESSAGES
2025-05-16 20:38:48,182 root INFO copying build/lib/sphinxcontrib/htmlhelp/locales/cak/LC_MESSAGES/sphinxcontrib.htmlhelp.po -> build/bdist.linux-x86_64/wheel/./sphinxcontrib/htmlhelp/locales/cak/LC_MESSAGES
2025-05-16 20:38:48,182 root INFO copying build/lib/sphinxcontrib/htmlhelp/locales/sphinxcontrib.htmlhelp.pot -> build/bdist.linux-x86_64/wheel/./sphinxcontrib/htmlhelp/locales
2025-05-16 20:38:48,182 root INFO creating build/bdist.linux-x86_64/wheel/sphinxcontrib/htmlhelp/locales/sk
2025-05-16 20:38:48,182 root INFO creating build/bdist.linux-x86_64/wheel/sphinxcontrib/htmlhelp/locales/sk/LC_MESSAGES
2025-05-16 20:38:48,182 root INFO copying build/lib/sphinxcontrib/htmlhelp/locales/sk/LC_MESSAGES/sphinxcontrib.htmlhelp.mo -> build/bdist.linux-x86_64/wheel/./sphinxcontrib/htmlhelp/locales/sk/LC_MESSAGES
2025-05-16 20:38:48,183 root INFO copying build/lib/sphinxcontrib/htmlhelp/locales/sk/LC_MESSAGES/sphinxcontrib.htmlhelp.po -> build/bdist.linux-x86_64/wheel/./sphinxcontrib/htmlhelp/locales/sk/LC_MESSAGES
2025-05-16 20:38:48,183 root INFO creating build/bdist.linux-x86_64/wheel/sphinxcontrib/htmlhelp/locales/ja
2025-05-16 20:38:48,183 root INFO creating build/bdist.linux-x86_64/wheel/sphinxcontrib/htmlhelp/locales/ja/LC_MESSAGES
2025-05-16 20:38:48,183 root INFO copying build/lib/sphinxcontrib/htmlhelp/locales/ja/LC_MESSAGES/sphinxcontrib.htmlhelp.mo -> build/bdist.linux-x86_64/wheel/./sphinxcontrib/htmlhelp/locales/ja/LC_MESSAGES
2025-05-16 20:38:48,183 root INFO copying build/lib/sphinxcontrib/htmlhelp/locales/ja/LC_MESSAGES/sphinxcontrib.htmlhelp.po -> build/bdist.linux-x86_64/wheel/./sphinxcontrib/htmlhelp/locales/ja/LC_MESSAGES
2025-05-16 20:38:48,183 root INFO creating build/bdist.linux-x86_64/wheel/sphinxcontrib/htmlhelp/locales/sv
2025-05-16 20:38:48,184 root INFO creating build/bdist.linux-x86_64/wheel/sphinxcontrib/htmlhelp/locales/sv/LC_MESSAGES
2025-05-16 20:38:48,184 root INFO copying build/lib/sphinxcontrib/htmlhelp/locales/sv/LC_MESSAGES/sphinxcontrib.htmlhelp.mo -> build/bdist.linux-x86_64/wheel/./sphinxcontrib/htmlhelp/locales/sv/LC_MESSAGES
2025-05-16 20:38:48,184 root INFO copying build/lib/sphinxcontrib/htmlhelp/locales/sv/LC_MESSAGES/sphinxcontrib.htmlhelp.po -> build/bdist.linux-x86_64/wheel/./sphinxcontrib/htmlhelp/locales/sv/LC_MESSAGES
2025-05-16 20:38:48,184 root INFO creating build/bdist.linux-x86_64/wheel/sphinxcontrib/htmlhelp/locales/sr@latin
2025-05-16 20:38:48,184 root INFO creating build/bdist.linux-x86_64/wheel/sphinxcontrib/htmlhelp/locales/sr@latin/LC_MESSAGES
2025-05-16 20:38:48,185 root INFO copying build/lib/sphinxcontrib/htmlhelp/locales/sr@latin/LC_MESSAGES/sphinxcontrib.htmlhelp.mo -> build/bdist.linux-x86_64/wheel/./sphinxcontrib/htmlhelp/locales/sr@latin/LC_MESSAGES
2025-05-16 20:38:48,185 root INFO copying build/lib/sphinxcontrib/htmlhelp/locales/sr@latin/LC_MESSAGES/sphinxcontrib.htmlhelp.po -> build/bdist.linux-x86_64/wheel/./sphinxcontrib/htmlhelp/locales/sr@latin/LC_MESSAGES
2025-05-16 20:38:48,185 root INFO creating build/bdist.linux-x86_64/wheel/sphinxcontrib/htmlhelp/locales/si
2025-05-16 20:38:48,185 root INFO creating build/bdist.linux-x86_64/wheel/sphinxcontrib/htmlhelp/locales/si/LC_MESSAGES
2025-05-16 20:38:48,185 root INFO copying build/lib/sphinxcontrib/htmlhelp/locales/si/LC_MESSAGES/sphinxcontrib.htmlhelp.mo -> build/bdist.linux-x86_64/wheel/./sphinxcontrib/htmlhelp/locales/si/LC_MESSAGES
2025-05-16 20:38:48,185 root INFO copying build/lib/sphinxcontrib/htmlhelp/locales/si/LC_MESSAGES/sphinxcontrib.htmlhelp.po -> build/bdist.linux-x86_64/wheel/./sphinxcontrib/htmlhelp/locales/si/LC_MESSAGES
2025-05-16 20:38:48,186 root INFO creating build/bdist.linux-x86_64/wheel/sphinxcontrib/htmlhelp/locales/eo
2025-05-16 20:38:48,186 root INFO creating build/bdist.linux-x86_64/wheel/sphinxcontrib/htmlhelp/locales/eo/LC_MESSAGES
2025-05-16 20:38:48,186 root INFO copying build/lib/sphinxcontrib/htmlhelp/locales/eo/LC_MESSAGES/sphinxcontrib.htmlhelp.mo -> build/bdist.linux-x86_64/wheel/./sphinxcontrib/htmlhelp/locales/eo/LC_MESSAGES
2025-05-16 20:38:48,186 root INFO copying build/lib/sphinxcontrib/htmlhelp/locales/eo/LC_MESSAGES/sphinxcontrib.htmlhelp.po -> build/bdist.linux-x86_64/wheel/./sphinxcontrib/htmlhelp/locales/eo/LC_MESSAGES
2025-05-16 20:38:48,186 root INFO creating build/bdist.linux-x86_64/wheel/sphinxcontrib/htmlhelp/locales/pt_BR
2025-05-16 20:38:48,187 root INFO creating build/bdist.linux-x86_64/wheel/sphinxcontrib/htmlhelp/locales/pt_BR/LC_MESSAGES
2025-05-16 20:38:48,187 root INFO copying build/lib/sphinxcontrib/htmlhelp/locales/pt_BR/LC_MESSAGES/sphinxcontrib.htmlhelp.mo -> build/bdist.linux-x86_64/wheel/./sphinxcontrib/htmlhelp/locales/pt_BR/LC_MESSAGES
2025-05-16 20:38:48,187 root INFO copying build/lib/sphinxcontrib/htmlhelp/locales/pt_BR/LC_MESSAGES/sphinxcontrib.htmlhelp.po -> build/bdist.linux-x86_64/wheel/./sphinxcontrib/htmlhelp/locales/pt_BR/LC_MESSAGES
2025-05-16 20:38:48,187 root INFO creating build/bdist.linux-x86_64/wheel/sphinxcontrib/htmlhelp/locales/fr
2025-05-16 20:38:48,187 root INFO creating build/bdist.linux-x86_64/wheel/sphinxcontrib/htmlhelp/locales/fr/LC_MESSAGES
2025-05-16 20:38:48,187 root INFO copying build/lib/sphinxcontrib/htmlhelp/locales/fr/LC_MESSAGES/sphinxcontrib.htmlhelp.mo -> build/bdist.linux-x86_64/wheel/./sphinxcontrib/htmlhelp/locales/fr/LC_MESSAGES
2025-05-16 20:38:48,188 root INFO copying build/lib/sphinxcontrib/htmlhelp/locales/fr/LC_MESSAGES/sphinxcontrib.htmlhelp.po -> build/bdist.linux-x86_64/wheel/./sphinxcontrib/htmlhelp/locales/fr/LC_MESSAGES
2025-05-16 20:38:48,188 root INFO creating build/bdist.linux-x86_64/wheel/sphinxcontrib/htmlhelp/locales/es
2025-05-16 20:38:48,188 root INFO creating build/bdist.linux-x86_64/wheel/sphinxcontrib/htmlhelp/locales/es/LC_MESSAGES
2025-05-16 20:38:48,188 root INFO copying build/lib/sphinxcontrib/htmlhelp/locales/es/LC_MESSAGES/sphinxcontrib.htmlhelp.mo -> build/bdist.linux-x86_64/wheel/./sphinxcontrib/htmlhelp/locales/es/LC_MESSAGES
2025-05-16 20:38:48,188 root INFO copying build/lib/sphinxcontrib/htmlhelp/locales/es/LC_MESSAGES/sphinxcontrib.htmlhelp.po -> build/bdist.linux-x86_64/wheel/./sphinxcontrib/htmlhelp/locales/es/LC_MESSAGES
2025-05-16 20:38:48,188 root INFO creating build/bdist.linux-x86_64/wheel/sphinxcontrib/htmlhelp/locales/tr
2025-05-16 20:38:48,189 root INFO creating build/bdist.linux-x86_64/wheel/sphinxcontrib/htmlhelp/locales/tr/LC_MESSAGES
2025-05-16 20:38:48,189 root INFO copying build/lib/sphinxcontrib/htmlhelp/locales/tr/LC_MESSAGES/sphinxcontrib.htmlhelp.mo -> build/bdist.linux-x86_64/wheel/./sphinxcontrib/htmlhelp/locales/tr/LC_MESSAGES
2025-05-16 20:38:48,189 root INFO copying build/lib/sphinxcontrib/htmlhelp/locales/tr/LC_MESSAGES/sphinxcontrib.htmlhelp.po -> build/bdist.linux-x86_64/wheel/./sphinxcontrib/htmlhelp/locales/tr/LC_MESSAGES
2025-05-16 20:38:48,189 root INFO creating build/bdist.linux-x86_64/wheel/sphinxcontrib/htmlhelp/locales/bg
2025-05-16 20:38:48,189 root INFO creating build/bdist.linux-x86_64/wheel/sphinxcontrib/htmlhelp/locales/bg/LC_MESSAGES
2025-05-16 20:38:48,189 root INFO copying build/lib/sphinxcontrib/htmlhelp/locales/bg/LC_MESSAGES/sphinxcontrib.htmlhelp.mo -> build/bdist.linux-x86_64/wheel/./sphinxcontrib/htmlhelp/locales/bg/LC_MESSAGES
2025-05-16 20:38:48,190 root INFO copying build/lib/sphinxcontrib/htmlhelp/locales/bg/LC_MESSAGES/sphinxcontrib.htmlhelp.po -> build/bdist.linux-x86_64/wheel/./sphinxcontrib/htmlhelp/locales/bg/LC_MESSAGES
2025-05-16 20:38:48,190 root INFO creating build/bdist.linux-x86_64/wheel/sphinxcontrib/htmlhelp/locales/da
2025-05-16 20:38:48,190 root INFO creating build/bdist.linux-x86_64/wheel/sphinxcontrib/htmlhelp/locales/da/LC_MESSAGES
2025-05-16 20:38:48,190 root INFO copying build/lib/sphinxcontrib/htmlhelp/locales/da/LC_MESSAGES/sphinxcontrib.htmlhelp.mo -> build/bdist.linux-x86_64/wheel/./sphinxcontrib/htmlhelp/locales/da/LC_MESSAGES
2025-05-16 20:38:48,190 root INFO copying build/lib/sphinxcontrib/htmlhelp/locales/da/LC_MESSAGES/sphinxcontrib.htmlhelp.po -> build/bdist.linux-x86_64/wheel/./sphinxcontrib/htmlhelp/locales/da/LC_MESSAGES
2025-05-16 20:38:48,191 root INFO creating build/bdist.linux-x86_64/wheel/sphinxcontrib/htmlhelp/locales/.tx
2025-05-16 20:38:48,191 root INFO copying build/lib/sphinxcontrib/htmlhelp/locales/.tx/config -> build/bdist.linux-x86_64/wheel/./sphinxcontrib/htmlhelp/locales/.tx
2025-05-16 20:38:48,191 root INFO creating build/bdist.linux-x86_64/wheel/sphinxcontrib/htmlhelp/locales/hi
2025-05-16 20:38:48,191 root INFO creating build/bdist.linux-x86_64/wheel/sphinxcontrib/htmlhelp/locales/hi/LC_MESSAGES
2025-05-16 20:38:48,191 root INFO copying build/lib/sphinxcontrib/htmlhelp/locales/hi/LC_MESSAGES/sphinxcontrib.htmlhelp.mo -> build/bdist.linux-x86_64/wheel/./sphinxcontrib/htmlhelp/locales/hi/LC_MESSAGES
2025-05-16 20:38:48,191 root INFO copying build/lib/sphinxcontrib/htmlhelp/locales/hi/LC_MESSAGES/sphinxcontrib.htmlhelp.po -> build/bdist.linux-x86_64/wheel/./sphinxcontrib/htmlhelp/locales/hi/LC_MESSAGES
2025-05-16 20:38:48,192 root INFO creating build/bdist.linux-x86_64/wheel/sphinxcontrib/htmlhelp/locales/ur
2025-05-16 20:38:48,192 root INFO creating build/bdist.linux-x86_64/wheel/sphinxcontrib/htmlhelp/locales/ur/LC_MESSAGES
2025-05-16 20:38:48,192 root INFO copying build/lib/sphinxcontrib/htmlhelp/locales/ur/LC_MESSAGES/sphinxcontrib.htmlhelp.mo -> build/bdist.linux-x86_64/wheel/./sphinxcontrib/htmlhelp/locales/ur/LC_MESSAGES
2025-05-16 20:38:48,192 root INFO copying build/lib/sphinxcontrib/htmlhelp/locales/ur/LC_MESSAGES/sphinxcontrib.htmlhelp.po -> build/bdist.linux-x86_64/wheel/./sphinxcontrib/htmlhelp/locales/ur/LC_MESSAGES
2025-05-16 20:38:48,192 root INFO creating build/bdist.linux-x86_64/wheel/sphinxcontrib/htmlhelp/locales/hr
2025-05-16 20:38:48,192 root INFO creating build/bdist.linux-x86_64/wheel/sphinxcontrib/htmlhelp/locales/hr/LC_MESSAGES
2025-05-16 20:38:48,193 root INFO copying build/lib/sphinxcontrib/htmlhelp/locales/hr/LC_MESSAGES/sphinxcontrib.htmlhelp.mo -> build/bdist.linux-x86_64/wheel/./sphinxcontrib/htmlhelp/locales/hr/LC_MESSAGES
2025-05-16 20:38:48,193 root INFO copying build/lib/sphinxcontrib/htmlhelp/locales/hr/LC_MESSAGES/sphinxcontrib.htmlhelp.po -> build/bdist.linux-x86_64/wheel/./sphinxcontrib/htmlhelp/locales/hr/LC_MESSAGES
2025-05-16 20:38:48,193 root INFO creating build/bdist.linux-x86_64/wheel/sphinxcontrib/htmlhelp/locales/sl
2025-05-16 20:38:48,193 root INFO creating build/bdist.linux-x86_64/wheel/sphinxcontrib/htmlhelp/locales/sl/LC_MESSAGES
2025-05-16 20:38:48,193 root INFO copying build/lib/sphinxcontrib/htmlhelp/locales/sl/LC_MESSAGES/sphinxcontrib.htmlhelp.mo -> build/bdist.linux-x86_64/wheel/./sphinxcontrib/htmlhelp/locales/sl/LC_MESSAGES
2025-05-16 20:38:48,194 root INFO copying build/lib/sphinxcontrib/htmlhelp/locales/sl/LC_MESSAGES/sphinxcontrib.htmlhelp.po -> build/bdist.linux-x86_64/wheel/./sphinxcontrib/htmlhelp/locales/sl/LC_MESSAGES
2025-05-16 20:38:48,194 root INFO creating build/bdist.linux-x86_64/wheel/sphinxcontrib/htmlhelp/locales/ca
2025-05-16 20:38:48,194 root INFO creating build/bdist.linux-x86_64/wheel/sphinxcontrib/htmlhelp/locales/ca/LC_MESSAGES
2025-05-16 20:38:48,194 root INFO copying build/lib/sphinxcontrib/htmlhelp/locales/ca/LC_MESSAGES/sphinxcontrib.htmlhelp.mo -> build/bdist.linux-x86_64/wheel/./sphinxcontrib/htmlhelp/locales/ca/LC_MESSAGES
2025-05-16 20:38:48,194 root INFO copying build/lib/sphinxcontrib/htmlhelp/locales/ca/LC_MESSAGES/sphinxcontrib.htmlhelp.po -> build/bdist.linux-x86_64/wheel/./sphinxcontrib/htmlhelp/locales/ca/LC_MESSAGES
2025-05-16 20:38:48,194 root INFO creating build/bdist.linux-x86_64/wheel/sphinxcontrib/htmlhelp/locales/et
2025-05-16 20:38:48,195 root INFO creating build/bdist.linux-x86_64/wheel/sphinxcontrib/htmlhelp/locales/et/LC_MESSAGES
2025-05-16 20:38:48,195 root INFO copying build/lib/sphinxcontrib/htmlhelp/locales/et/LC_MESSAGES/sphinxcontrib.htmlhelp.mo -> build/bdist.linux-x86_64/wheel/./sphinxcontrib/htmlhelp/locales/et/LC_MESSAGES
2025-05-16 20:38:48,195 root INFO copying build/lib/sphinxcontrib/htmlhelp/locales/et/LC_MESSAGES/sphinxcontrib.htmlhelp.po -> build/bdist.linux-x86_64/wheel/./sphinxcontrib/htmlhelp/locales/et/LC_MESSAGES
2025-05-16 20:38:48,195 root INFO creating build/bdist.linux-x86_64/wheel/sphinxcontrib/htmlhelp/locales/el
2025-05-16 20:38:48,195 root INFO creating build/bdist.linux-x86_64/wheel/sphinxcontrib/htmlhelp/locales/el/LC_MESSAGES
2025-05-16 20:38:48,195 root INFO copying build/lib/sphinxcontrib/htmlhelp/locales/el/LC_MESSAGES/sphinxcontrib.htmlhelp.mo -> build/bdist.linux-x86_64/wheel/./sphinxcontrib/htmlhelp/locales/el/LC_MESSAGES
2025-05-16 20:38:48,196 root INFO copying build/lib/sphinxcontrib/htmlhelp/locales/el/LC_MESSAGES/sphinxcontrib.htmlhelp.po -> build/bdist.linux-x86_64/wheel/./sphinxcontrib/htmlhelp/locales/el/LC_MESSAGES
2025-05-16 20:38:48,196 root INFO creating build/bdist.linux-x86_64/wheel/sphinxcontrib/htmlhelp/locales/pt_PT
2025-05-16 20:38:48,196 root INFO creating build/bdist.linux-x86_64/wheel/sphinxcontrib/htmlhelp/locales/pt_PT/LC_MESSAGES
2025-05-16 20:38:48,196 root INFO copying build/lib/sphinxcontrib/htmlhelp/locales/pt_PT/LC_MESSAGES/sphinxcontrib.htmlhelp.mo -> build/bdist.linux-x86_64/wheel/./sphinxcontrib/htmlhelp/locales/pt_PT/LC_MESSAGES
2025-05-16 20:38:48,196 root INFO copying build/lib/sphinxcontrib/htmlhelp/locales/pt_PT/LC_MESSAGES/sphinxcontrib.htmlhelp.po -> build/bdist.linux-x86_64/wheel/./sphinxcontrib/htmlhelp/locales/pt_PT/LC_MESSAGES
2025-05-16 20:38:48,197 root INFO creating build/bdist.linux-x86_64/wheel/sphinxcontrib/htmlhelp/locales/nb_NO
2025-05-16 20:38:48,197 root INFO creating build/bdist.linux-x86_64/wheel/sphinxcontrib/htmlhelp/locales/nb_NO/LC_MESSAGES
2025-05-16 20:38:48,197 root INFO copying build/lib/sphinxcontrib/htmlhelp/locales/nb_NO/LC_MESSAGES/sphinxcontrib.htmlhelp.mo -> build/bdist.linux-x86_64/wheel/./sphinxcontrib/htmlhelp/locales/nb_NO/LC_MESSAGES
2025-05-16 20:38:48,197 root INFO copying build/lib/sphinxcontrib/htmlhelp/locales/nb_NO/LC_MESSAGES/sphinxcontrib.htmlhelp.po -> build/bdist.linux-x86_64/wheel/./sphinxcontrib/htmlhelp/locales/nb_NO/LC_MESSAGES
2025-05-16 20:38:48,197 root INFO creating build/bdist.linux-x86_64/wheel/sphinxcontrib/htmlhelp/locales/hu
2025-05-16 20:38:48,197 root INFO creating build/bdist.linux-x86_64/wheel/sphinxcontrib/htmlhelp/locales/hu/LC_MESSAGES
2025-05-16 20:38:48,198 root INFO copying build/lib/sphinxcontrib/htmlhelp/locales/hu/LC_MESSAGES/sphinxcontrib.htmlhelp.mo -> build/bdist.linux-x86_64/wheel/./sphinxcontrib/htmlhelp/locales/hu/LC_MESSAGES
2025-05-16 20:38:48,198 root INFO copying build/lib/sphinxcontrib/htmlhelp/locales/hu/LC_MESSAGES/sphinxcontrib.htmlhelp.po -> build/bdist.linux-x86_64/wheel/./sphinxcontrib/htmlhelp/locales/hu/LC_MESSAGES
2025-05-16 20:38:48,198 root INFO creating build/bdist.linux-x86_64/wheel/sphinxcontrib/htmlhelp/locales/zh_CN
2025-05-16 20:38:48,198 root INFO creating build/bdist.linux-x86_64/wheel/sphinxcontrib/htmlhelp/locales/zh_CN/LC_MESSAGES
2025-05-16 20:38:48,198 root INFO copying build/lib/sphinxcontrib/htmlhelp/locales/zh_CN/LC_MESSAGES/sphinxcontrib.htmlhelp.mo -> build/bdist.linux-x86_64/wheel/./sphinxcontrib/htmlhelp/locales/zh_CN/LC_MESSAGES
2025-05-16 20:38:48,198 root INFO copying build/lib/sphinxcontrib/htmlhelp/locales/zh_CN/LC_MESSAGES/sphinxcontrib.htmlhelp.po -> build/bdist.linux-x86_64/wheel/./sphinxcontrib/htmlhelp/locales/zh_CN/LC_MESSAGES
2025-05-16 20:38:48,199 root INFO creating build/bdist.linux-x86_64/wheel/sphinxcontrib/htmlhelp/locales/sq
2025-05-16 20:38:48,199 root INFO creating build/bdist.linux-x86_64/wheel/sphinxcontrib/htmlhelp/locales/sq/LC_MESSAGES
2025-05-16 20:38:48,199 root INFO copying build/lib/sphinxcontrib/htmlhelp/locales/sq/LC_MESSAGES/sphinxcontrib.htmlhelp.mo -> build/bdist.linux-x86_64/wheel/./sphinxcontrib/htmlhelp/locales/sq/LC_MESSAGES
2025-05-16 20:38:48,199 root INFO copying build/lib/sphinxcontrib/htmlhelp/locales/sq/LC_MESSAGES/sphinxcontrib.htmlhelp.po -> build/bdist.linux-x86_64/wheel/./sphinxcontrib/htmlhelp/locales/sq/LC_MESSAGES
2025-05-16 20:38:48,199 root INFO creating build/bdist.linux-x86_64/wheel/sphinxcontrib/htmlhelp/locales/ko
2025-05-16 20:38:48,199 root INFO creating build/bdist.linux-x86_64/wheel/sphinxcontrib/htmlhelp/locales/ko/LC_MESSAGES
2025-05-16 20:38:48,200 root INFO copying build/lib/sphinxcontrib/htmlhelp/locales/ko/LC_MESSAGES/sphinxcontrib.htmlhelp.mo -> build/bdist.linux-x86_64/wheel/./sphinxcontrib/htmlhelp/locales/ko/LC_MESSAGES
2025-05-16 20:38:48,200 root INFO copying build/lib/sphinxcontrib/htmlhelp/locales/ko/LC_MESSAGES/sphinxcontrib.htmlhelp.po -> build/bdist.linux-x86_64/wheel/./sphinxcontrib/htmlhelp/locales/ko/LC_MESSAGES
2025-05-16 20:38:48,200 root INFO creating build/bdist.linux-x86_64/wheel/sphinxcontrib/htmlhelp/locales/bn
2025-05-16 20:38:48,200 root INFO creating build/bdist.linux-x86_64/wheel/sphinxcontrib/htmlhelp/locales/bn/LC_MESSAGES
2025-05-16 20:38:48,200 root INFO copying build/lib/sphinxcontrib/htmlhelp/locales/bn/LC_MESSAGES/sphinxcontrib.htmlhelp.mo -> build/bdist.linux-x86_64/wheel/./sphinxcontrib/htmlhelp/locales/bn/LC_MESSAGES
2025-05-16 20:38:48,200 root INFO copying build/lib/sphinxcontrib/htmlhelp/locales/bn/LC_MESSAGES/sphinxcontrib.htmlhelp.po -> build/bdist.linux-x86_64/wheel/./sphinxcontrib/htmlhelp/locales/bn/LC_MESSAGES
2025-05-16 20:38:48,201 root INFO creating build/bdist.linux-x86_64/wheel/sphinxcontrib/htmlhelp/locales/mk
2025-05-16 20:38:48,201 root INFO creating build/bdist.linux-x86_64/wheel/sphinxcontrib/htmlhelp/locales/mk/LC_MESSAGES
2025-05-16 20:38:48,201 root INFO copying build/lib/sphinxcontrib/htmlhelp/locales/mk/LC_MESSAGES/sphinxcontrib.htmlhelp.mo -> build/bdist.linux-x86_64/wheel/./sphinxcontrib/htmlhelp/locales/mk/LC_MESSAGES
2025-05-16 20:38:48,201 root INFO copying build/lib/sphinxcontrib/htmlhelp/locales/mk/LC_MESSAGES/sphinxcontrib.htmlhelp.po -> build/bdist.linux-x86_64/wheel/./sphinxcontrib/htmlhelp/locales/mk/LC_MESSAGES
2025-05-16 20:38:48,201 root INFO creating build/bdist.linux-x86_64/wheel/sphinxcontrib/htmlhelp/locales/te
2025-05-16 20:38:48,202 root INFO creating build/bdist.linux-x86_64/wheel/sphinxcontrib/htmlhelp/locales/te/LC_MESSAGES
2025-05-16 20:38:48,202 root INFO copying build/lib/sphinxcontrib/htmlhelp/locales/te/LC_MESSAGES/sphinxcontrib.htmlhelp.mo -> build/bdist.linux-x86_64/wheel/./sphinxcontrib/htmlhelp/locales/te/LC_MESSAGES
2025-05-16 20:38:48,202 root INFO copying build/lib/sphinxcontrib/htmlhelp/locales/te/LC_MESSAGES/sphinxcontrib.htmlhelp.po -> build/bdist.linux-x86_64/wheel/./sphinxcontrib/htmlhelp/locales/te/LC_MESSAGES
2025-05-16 20:38:48,202 root INFO creating build/bdist.linux-x86_64/wheel/sphinxcontrib/htmlhelp/locales/de
2025-05-16 20:38:48,202 root INFO creating build/bdist.linux-x86_64/wheel/sphinxcontrib/htmlhelp/locales/de/LC_MESSAGES
2025-05-16 20:38:48,202 root INFO copying build/lib/sphinxcontrib/htmlhelp/locales/de/LC_MESSAGES/sphinxcontrib.htmlhelp.mo -> build/bdist.linux-x86_64/wheel/./sphinxcontrib/htmlhelp/locales/de/LC_MESSAGES
2025-05-16 20:38:48,203 root INFO copying build/lib/sphinxcontrib/htmlhelp/locales/de/LC_MESSAGES/sphinxcontrib.htmlhelp.po -> build/bdist.linux-x86_64/wheel/./sphinxcontrib/htmlhelp/locales/de/LC_MESSAGES
2025-05-16 20:38:48,203 root INFO creating build/bdist.linux-x86_64/wheel/sphinxcontrib/htmlhelp/locales/pl
2025-05-16 20:38:48,203 root INFO creating build/bdist.linux-x86_64/wheel/sphinxcontrib/htmlhelp/locales/pl/LC_MESSAGES
2025-05-16 20:38:48,203 root INFO copying build/lib/sphinxcontrib/htmlhelp/locales/pl/LC_MESSAGES/sphinxcontrib.htmlhelp.mo -> build/bdist.linux-x86_64/wheel/./sphinxcontrib/htmlhelp/locales/pl/LC_MESSAGES
2025-05-16 20:38:48,203 root INFO copying build/lib/sphinxcontrib/htmlhelp/locales/pl/LC_MESSAGES/sphinxcontrib.htmlhelp.po -> build/bdist.linux-x86_64/wheel/./sphinxcontrib/htmlhelp/locales/pl/LC_MESSAGES
2025-05-16 20:38:48,204 root INFO creating build/bdist.linux-x86_64/wheel/sphinxcontrib/htmlhelp/locales/cs
2025-05-16 20:38:48,204 root INFO creating build/bdist.linux-x86_64/wheel/sphinxcontrib/htmlhelp/locales/cs/LC_MESSAGES
2025-05-16 20:38:48,204 root INFO copying build/lib/sphinxcontrib/htmlhelp/locales/cs/LC_MESSAGES/sphinxcontrib.htmlhelp.mo -> build/bdist.linux-x86_64/wheel/./sphinxcontrib/htmlhelp/locales/cs/LC_MESSAGES
2025-05-16 20:38:48,204 root INFO copying build/lib/sphinxcontrib/htmlhelp/locales/cs/LC_MESSAGES/sphinxcontrib.htmlhelp.po -> build/bdist.linux-x86_64/wheel/./sphinxcontrib/htmlhelp/locales/cs/LC_MESSAGES
2025-05-16 20:38:48,204 root INFO creating build/bdist.linux-x86_64/wheel/sphinxcontrib/htmlhelp/locales/vi
2025-05-16 20:38:48,204 root INFO creating build/bdist.linux-x86_64/wheel/sphinxcontrib/htmlhelp/locales/vi/LC_MESSAGES
2025-05-16 20:38:48,205 root INFO copying build/lib/sphinxcontrib/htmlhelp/locales/vi/LC_MESSAGES/sphinxcontrib.htmlhelp.mo -> build/bdist.linux-x86_64/wheel/./sphinxcontrib/htmlhelp/locales/vi/LC_MESSAGES
2025-05-16 20:38:48,205 root INFO copying build/lib/sphinxcontrib/htmlhelp/locales/vi/LC_MESSAGES/sphinxcontrib.htmlhelp.po -> build/bdist.linux-x86_64/wheel/./sphinxcontrib/htmlhelp/locales/vi/LC_MESSAGES
2025-05-16 20:38:48,205 root INFO creating build/bdist.linux-x86_64/wheel/sphinxcontrib/htmlhelp/locales/fa
2025-05-16 20:38:48,205 root INFO creating build/bdist.linux-x86_64/wheel/sphinxcontrib/htmlhelp/locales/fa/LC_MESSAGES
2025-05-16 20:38:48,205 root INFO copying build/lib/sphinxcontrib/htmlhelp/locales/fa/LC_MESSAGES/sphinxcontrib.htmlhelp.mo -> build/bdist.linux-x86_64/wheel/./sphinxcontrib/htmlhelp/locales/fa/LC_MESSAGES
2025-05-16 20:38:48,205 root INFO copying build/lib/sphinxcontrib/htmlhelp/locales/fa/LC_MESSAGES/sphinxcontrib.htmlhelp.po -> build/bdist.linux-x86_64/wheel/./sphinxcontrib/htmlhelp/locales/fa/LC_MESSAGES
2025-05-16 20:38:48,206 root INFO creating build/bdist.linux-x86_64/wheel/sphinxcontrib/htmlhelp/locales/fi
2025-05-16 20:38:48,206 root INFO creating build/bdist.linux-x86_64/wheel/sphinxcontrib/htmlhelp/locales/fi/LC_MESSAGES
2025-05-16 20:38:48,206 root INFO copying build/lib/sphinxcontrib/htmlhelp/locales/fi/LC_MESSAGES/sphinxcontrib.htmlhelp.mo -> build/bdist.linux-x86_64/wheel/./sphinxcontrib/htmlhelp/locales/fi/LC_MESSAGES
2025-05-16 20:38:48,206 root INFO copying build/lib/sphinxcontrib/htmlhelp/locales/fi/LC_MESSAGES/sphinxcontrib.htmlhelp.po -> build/bdist.linux-x86_64/wheel/./sphinxcontrib/htmlhelp/locales/fi/LC_MESSAGES
2025-05-16 20:38:48,206 root INFO creating build/bdist.linux-x86_64/wheel/sphinxcontrib/htmlhelp/locales/it
2025-05-16 20:38:48,207 root INFO creating build/bdist.linux-x86_64/wheel/sphinxcontrib/htmlhelp/locales/it/LC_MESSAGES
2025-05-16 20:38:48,207 root INFO copying build/lib/sphinxcontrib/htmlhelp/locales/it/LC_MESSAGES/sphinxcontrib.htmlhelp.mo -> build/bdist.linux-x86_64/wheel/./sphinxcontrib/htmlhelp/locales/it/LC_MESSAGES
2025-05-16 20:38:48,207 root INFO copying build/lib/sphinxcontrib/htmlhelp/locales/it/LC_MESSAGES/sphinxcontrib.htmlhelp.po -> build/bdist.linux-x86_64/wheel/./sphinxcontrib/htmlhelp/locales/it/LC_MESSAGES
2025-05-16 20:38:48,207 root INFO creating build/bdist.linux-x86_64/wheel/sphinxcontrib/htmlhelp/locales/sr
2025-05-16 20:38:48,207 root INFO creating build/bdist.linux-x86_64/wheel/sphinxcontrib/htmlhelp/locales/sr/LC_MESSAGES
2025-05-16 20:38:48,207 root INFO copying build/lib/sphinxcontrib/htmlhelp/locales/sr/LC_MESSAGES/sphinxcontrib.htmlhelp.mo -> build/bdist.linux-x86_64/wheel/./sphinxcontrib/htmlhelp/locales/sr/LC_MESSAGES
2025-05-16 20:38:48,208 root INFO copying build/lib/sphinxcontrib/htmlhelp/locales/sr/LC_MESSAGES/sphinxcontrib.htmlhelp.po -> build/bdist.linux-x86_64/wheel/./sphinxcontrib/htmlhelp/locales/sr/LC_MESSAGES
2025-05-16 20:38:48,208 root INFO creating build/bdist.linux-x86_64/wheel/sphinxcontrib/htmlhelp/locales/ro
2025-05-16 20:38:48,208 root INFO creating build/bdist.linux-x86_64/wheel/sphinxcontrib/htmlhelp/locales/ro/LC_MESSAGES
2025-05-16 20:38:48,208 root INFO copying build/lib/sphinxcontrib/htmlhelp/locales/ro/LC_MESSAGES/sphinxcontrib.htmlhelp.mo -> build/bdist.linux-x86_64/wheel/./sphinxcontrib/htmlhelp/locales/ro/LC_MESSAGES
2025-05-16 20:38:48,208 root INFO copying build/lib/sphinxcontrib/htmlhelp/locales/ro/LC_MESSAGES/sphinxcontrib.htmlhelp.po -> build/bdist.linux-x86_64/wheel/./sphinxcontrib/htmlhelp/locales/ro/LC_MESSAGES
2025-05-16 20:38:48,208 root INFO running install_egg_info
2025-05-16 20:38:48,211 root INFO Copying sphinxcontrib_htmlhelp.egg-info to build/bdist.linux-x86_64/wheel/./sphinxcontrib_htmlhelp-2.0.1-py3.12.egg-info
2025-05-16 20:38:48,211 root INFO running install_scripts
2025-05-16 20:38:48,212 root INFO creating build/bdist.linux-x86_64/wheel/sphinxcontrib_htmlhelp-2.0.1.dist-info/WHEEL
2025-05-16 20:38:48,213 wheel INFO creating '/home/packager/aports/main/py3-sphinxcontrib-htmlhelp/src/sphinxcontrib-htmlhelp-2.0.1/.dist/.tmp-n3gt1mqh/sphinxcontrib_htmlhelp-2.0.1-py3-none-any.whl' and adding 'build/bdist.linux-x86_64/wheel' to it
2025-05-16 20:38:48,213 wheel INFO adding 'sphinxcontrib/htmlhelp/__init__.py'
2025-05-16 20:38:48,214 wheel INFO adding 'sphinxcontrib/htmlhelp/locales/sphinxcontrib.htmlhelp.pot'
2025-05-16 20:38:48,214 wheel INFO adding 'sphinxcontrib/htmlhelp/locales/.tx/config'
2025-05-16 20:38:48,214 wheel INFO adding 'sphinxcontrib/htmlhelp/locales/ar/LC_MESSAGES/sphinxcontrib.htmlhelp.mo'
2025-05-16 20:38:48,215 wheel INFO adding 'sphinxcontrib/htmlhelp/locales/ar/LC_MESSAGES/sphinxcontrib.htmlhelp.po'
2025-05-16 20:38:48,215 wheel INFO adding 'sphinxcontrib/htmlhelp/locales/bg/LC_MESSAGES/sphinxcontrib.htmlhelp.mo'
2025-05-16 20:38:48,215 wheel INFO adding 'sphinxcontrib/htmlhelp/locales/bg/LC_MESSAGES/sphinxcontrib.htmlhelp.po'
2025-05-16 20:38:48,215 wheel INFO adding 'sphinxcontrib/htmlhelp/locales/bn/LC_MESSAGES/sphinxcontrib.htmlhelp.mo'
2025-05-16 20:38:48,215 wheel INFO adding 'sphinxcontrib/htmlhelp/locales/bn/LC_MESSAGES/sphinxcontrib.htmlhelp.po'
2025-05-16 20:38:48,216 wheel INFO adding 'sphinxcontrib/htmlhelp/locales/ca/LC_MESSAGES/sphinxcontrib.htmlhelp.mo'
2025-05-16 20:38:48,216 wheel INFO adding 'sphinxcontrib/htmlhelp/locales/ca/LC_MESSAGES/sphinxcontrib.htmlhelp.po'
2025-05-16 20:38:48,216 wheel INFO adding 'sphinxcontrib/htmlhelp/locales/cak/LC_MESSAGES/sphinxcontrib.htmlhelp.mo'
2025-05-16 20:38:48,216 wheel INFO adding 'sphinxcontrib/htmlhelp/locales/cak/LC_MESSAGES/sphinxcontrib.htmlhelp.po'
2025-05-16 20:38:48,216 wheel INFO adding 'sphinxcontrib/htmlhelp/locales/cs/LC_MESSAGES/sphinxcontrib.htmlhelp.mo'
2025-05-16 20:38:48,217 wheel INFO adding 'sphinxcontrib/htmlhelp/locales/cs/LC_MESSAGES/sphinxcontrib.htmlhelp.po'
2025-05-16 20:38:48,217 wheel INFO adding 'sphinxcontrib/htmlhelp/locales/cy/LC_MESSAGES/sphinxcontrib.htmlhelp.mo'
2025-05-16 20:38:48,217 wheel INFO adding 'sphinxcontrib/htmlhelp/locales/cy/LC_MESSAGES/sphinxcontrib.htmlhelp.po'
2025-05-16 20:38:48,217 wheel INFO adding 'sphinxcontrib/htmlhelp/locales/da/LC_MESSAGES/sphinxcontrib.htmlhelp.mo'
2025-05-16 20:38:48,217 wheel INFO adding 'sphinxcontrib/htmlhelp/locales/da/LC_MESSAGES/sphinxcontrib.htmlhelp.po'
2025-05-16 20:38:48,218 wheel INFO adding 'sphinxcontrib/htmlhelp/locales/de/LC_MESSAGES/sphinxcontrib.htmlhelp.mo'
2025-05-16 20:38:48,218 wheel INFO adding 'sphinxcontrib/htmlhelp/locales/de/LC_MESSAGES/sphinxcontrib.htmlhelp.po'
2025-05-16 20:38:48,218 wheel INFO adding 'sphinxcontrib/htmlhelp/locales/el/LC_MESSAGES/sphinxcontrib.htmlhelp.mo'
2025-05-16 20:38:48,218 wheel INFO adding 'sphinxcontrib/htmlhelp/locales/el/LC_MESSAGES/sphinxcontrib.htmlhelp.po'
2025-05-16 20:38:48,218 wheel INFO adding 'sphinxcontrib/htmlhelp/locales/eo/LC_MESSAGES/sphinxcontrib.htmlhelp.mo'
2025-05-16 20:38:48,219 wheel INFO adding 'sphinxcontrib/htmlhelp/locales/eo/LC_MESSAGES/sphinxcontrib.htmlhelp.po'
2025-05-16 20:38:48,219 wheel INFO adding 'sphinxcontrib/htmlhelp/locales/es/LC_MESSAGES/sphinxcontrib.htmlhelp.mo'
2025-05-16 20:38:48,219 wheel INFO adding 'sphinxcontrib/htmlhelp/locales/es/LC_MESSAGES/sphinxcontrib.htmlhelp.po'
2025-05-16 20:38:48,219 wheel INFO adding 'sphinxcontrib/htmlhelp/locales/et/LC_MESSAGES/sphinxcontrib.htmlhelp.mo'
2025-05-16 20:38:48,219 wheel INFO adding 'sphinxcontrib/htmlhelp/locales/et/LC_MESSAGES/sphinxcontrib.htmlhelp.po'
2025-05-16 20:38:48,220 wheel INFO adding 'sphinxcontrib/htmlhelp/locales/eu/LC_MESSAGES/sphinxcontrib.htmlhelp.mo'
2025-05-16 20:38:48,220 wheel INFO adding 'sphinxcontrib/htmlhelp/locales/eu/LC_MESSAGES/sphinxcontrib.htmlhelp.po'
2025-05-16 20:38:48,220 wheel INFO adding 'sphinxcontrib/htmlhelp/locales/fa/LC_MESSAGES/sphinxcontrib.htmlhelp.mo'
2025-05-16 20:38:48,220 wheel INFO adding 'sphinxcontrib/htmlhelp/locales/fa/LC_MESSAGES/sphinxcontrib.htmlhelp.po'
2025-05-16 20:38:48,221 wheel INFO adding 'sphinxcontrib/htmlhelp/locales/fi/LC_MESSAGES/sphinxcontrib.htmlhelp.mo'
2025-05-16 20:38:48,221 wheel INFO adding 'sphinxcontrib/htmlhelp/locales/fi/LC_MESSAGES/sphinxcontrib.htmlhelp.po'
2025-05-16 20:38:48,221 wheel INFO adding 'sphinxcontrib/htmlhelp/locales/fr/LC_MESSAGES/sphinxcontrib.htmlhelp.mo'
2025-05-16 20:38:48,221 wheel INFO adding 'sphinxcontrib/htmlhelp/locales/fr/LC_MESSAGES/sphinxcontrib.htmlhelp.po'
2025-05-16 20:38:48,221 wheel INFO adding 'sphinxcontrib/htmlhelp/locales/he/LC_MESSAGES/sphinxcontrib.htmlhelp.mo'
2025-05-16 20:38:48,221 wheel INFO adding 'sphinxcontrib/htmlhelp/locales/he/LC_MESSAGES/sphinxcontrib.htmlhelp.po'
2025-05-16 20:38:48,222 wheel INFO adding 'sphinxcontrib/htmlhelp/locales/hi/LC_MESSAGES/sphinxcontrib.htmlhelp.mo'
2025-05-16 20:38:48,222 wheel INFO adding 'sphinxcontrib/htmlhelp/locales/hi/LC_MESSAGES/sphinxcontrib.htmlhelp.po'
2025-05-16 20:38:48,222 wheel INFO adding 'sphinxcontrib/htmlhelp/locales/hi_IN/LC_MESSAGES/sphinxcontrib.htmlhelp.mo'
2025-05-16 20:38:48,222 wheel INFO adding 'sphinxcontrib/htmlhelp/locales/hi_IN/LC_MESSAGES/sphinxcontrib.htmlhelp.po'
2025-05-16 20:38:48,223 wheel INFO adding 'sphinxcontrib/htmlhelp/locales/hr/LC_MESSAGES/sphinxcontrib.htmlhelp.mo'
2025-05-16 20:38:48,223 wheel INFO adding 'sphinxcontrib/htmlhelp/locales/hr/LC_MESSAGES/sphinxcontrib.htmlhelp.po'
2025-05-16 20:38:48,223 wheel INFO adding 'sphinxcontrib/htmlhelp/locales/hu/LC_MESSAGES/sphinxcontrib.htmlhelp.mo'
2025-05-16 20:38:48,223 wheel INFO adding 'sphinxcontrib/htmlhelp/locales/hu/LC_MESSAGES/sphinxcontrib.htmlhelp.po'
2025-05-16 20:38:48,223 wheel INFO adding 'sphinxcontrib/htmlhelp/locales/id/LC_MESSAGES/sphinxcontrib.htmlhelp.mo'
2025-05-16 20:38:48,224 wheel INFO adding 'sphinxcontrib/htmlhelp/locales/id/LC_MESSAGES/sphinxcontrib.htmlhelp.po'
2025-05-16 20:38:48,224 wheel INFO adding 'sphinxcontrib/htmlhelp/locales/it/LC_MESSAGES/sphinxcontrib.htmlhelp.mo'
2025-05-16 20:38:48,224 wheel INFO adding 'sphinxcontrib/htmlhelp/locales/it/LC_MESSAGES/sphinxcontrib.htmlhelp.po'
2025-05-16 20:38:48,224 wheel INFO adding 'sphinxcontrib/htmlhelp/locales/ja/LC_MESSAGES/sphinxcontrib.htmlhelp.mo'
2025-05-16 20:38:48,224 wheel INFO adding 'sphinxcontrib/htmlhelp/locales/ja/LC_MESSAGES/sphinxcontrib.htmlhelp.po'
2025-05-16 20:38:48,225 wheel INFO adding 'sphinxcontrib/htmlhelp/locales/ko/LC_MESSAGES/sphinxcontrib.htmlhelp.mo'
2025-05-16 20:38:48,225 wheel INFO adding 'sphinxcontrib/htmlhelp/locales/ko/LC_MESSAGES/sphinxcontrib.htmlhelp.po'
2025-05-16 20:38:48,225 wheel INFO adding 'sphinxcontrib/htmlhelp/locales/lt/LC_MESSAGES/sphinxcontrib.htmlhelp.mo'
2025-05-16 20:38:48,225 wheel INFO adding 'sphinxcontrib/htmlhelp/locales/lt/LC_MESSAGES/sphinxcontrib.htmlhelp.po'
2025-05-16 20:38:48,225 wheel INFO adding 'sphinxcontrib/htmlhelp/locales/lv/LC_MESSAGES/sphinxcontrib.htmlhelp.mo'
2025-05-16 20:38:48,226 wheel INFO adding 'sphinxcontrib/htmlhelp/locales/lv/LC_MESSAGES/sphinxcontrib.htmlhelp.po'
2025-05-16 20:38:48,226 wheel INFO adding 'sphinxcontrib/htmlhelp/locales/mk/LC_MESSAGES/sphinxcontrib.htmlhelp.mo'
2025-05-16 20:38:48,226 wheel INFO adding 'sphinxcontrib/htmlhelp/locales/mk/LC_MESSAGES/sphinxcontrib.htmlhelp.po'
2025-05-16 20:38:48,226 wheel INFO adding 'sphinxcontrib/htmlhelp/locales/nb_NO/LC_MESSAGES/sphinxcontrib.htmlhelp.mo'
2025-05-16 20:38:48,226 wheel INFO adding 'sphinxcontrib/htmlhelp/locales/nb_NO/LC_MESSAGES/sphinxcontrib.htmlhelp.po'
2025-05-16 20:38:48,227 wheel INFO adding 'sphinxcontrib/htmlhelp/locales/ne/LC_MESSAGES/sphinxcontrib.htmlhelp.mo'
2025-05-16 20:38:48,227 wheel INFO adding 'sphinxcontrib/htmlhelp/locales/ne/LC_MESSAGES/sphinxcontrib.htmlhelp.po'
2025-05-16 20:38:48,227 wheel INFO adding 'sphinxcontrib/htmlhelp/locales/nl/LC_MESSAGES/sphinxcontrib.htmlhelp.mo'
2025-05-16 20:38:48,227 wheel INFO adding 'sphinxcontrib/htmlhelp/locales/nl/LC_MESSAGES/sphinxcontrib.htmlhelp.po'
2025-05-16 20:38:48,227 wheel INFO adding 'sphinxcontrib/htmlhelp/locales/pl/LC_MESSAGES/sphinxcontrib.htmlhelp.mo'
2025-05-16 20:38:48,228 wheel INFO adding 'sphinxcontrib/htmlhelp/locales/pl/LC_MESSAGES/sphinxcontrib.htmlhelp.po'
2025-05-16 20:38:48,228 wheel INFO adding 'sphinxcontrib/htmlhelp/locales/pt/LC_MESSAGES/sphinxcontrib.htmlhelp.mo'
2025-05-16 20:38:48,228 wheel INFO adding 'sphinxcontrib/htmlhelp/locales/pt/LC_MESSAGES/sphinxcontrib.htmlhelp.po'
2025-05-16 20:38:48,228 wheel INFO adding 'sphinxcontrib/htmlhelp/locales/pt_BR/LC_MESSAGES/sphinxcontrib.htmlhelp.mo'
2025-05-16 20:38:48,228 wheel INFO adding 'sphinxcontrib/htmlhelp/locales/pt_BR/LC_MESSAGES/sphinxcontrib.htmlhelp.po'
2025-05-16 20:38:48,229 wheel INFO adding 'sphinxcontrib/htmlhelp/locales/pt_PT/LC_MESSAGES/sphinxcontrib.htmlhelp.mo'
2025-05-16 20:38:48,229 wheel INFO adding 'sphinxcontrib/htmlhelp/locales/pt_PT/LC_MESSAGES/sphinxcontrib.htmlhelp.po'
2025-05-16 20:38:48,229 wheel INFO adding 'sphinxcontrib/htmlhelp/locales/ro/LC_MESSAGES/sphinxcontrib.htmlhelp.mo'
2025-05-16 20:38:48,229 wheel INFO adding 'sphinxcontrib/htmlhelp/locales/ro/LC_MESSAGES/sphinxcontrib.htmlhelp.po'
2025-05-16 20:38:48,229 wheel INFO adding 'sphinxcontrib/htmlhelp/locales/ru/LC_MESSAGES/sphinxcontrib.htmlhelp.mo'
2025-05-16 20:38:48,230 wheel INFO adding 'sphinxcontrib/htmlhelp/locales/ru/LC_MESSAGES/sphinxcontrib.htmlhelp.po'
2025-05-16 20:38:48,230 wheel INFO adding 'sphinxcontrib/htmlhelp/locales/si/LC_MESSAGES/sphinxcontrib.htmlhelp.mo'
2025-05-16 20:38:48,231 wheel INFO adding 'sphinxcontrib/htmlhelp/locales/si/LC_MESSAGES/sphinxcontrib.htmlhelp.po'
2025-05-16 20:38:48,231 wheel INFO adding 'sphinxcontrib/htmlhelp/locales/sk/LC_MESSAGES/sphinxcontrib.htmlhelp.mo'
2025-05-16 20:38:48,231 wheel INFO adding 'sphinxcontrib/htmlhelp/locales/sk/LC_MESSAGES/sphinxcontrib.htmlhelp.po'
2025-05-16 20:38:48,231 wheel INFO adding 'sphinxcontrib/htmlhelp/locales/sl/LC_MESSAGES/sphinxcontrib.htmlhelp.mo'
2025-05-16 20:38:48,232 wheel INFO adding 'sphinxcontrib/htmlhelp/locales/sl/LC_MESSAGES/sphinxcontrib.htmlhelp.po'
2025-05-16 20:38:48,232 wheel INFO adding 'sphinxcontrib/htmlhelp/locales/sq/LC_MESSAGES/sphinxcontrib.htmlhelp.mo'
2025-05-16 20:38:48,232 wheel INFO adding 'sphinxcontrib/htmlhelp/locales/sq/LC_MESSAGES/sphinxcontrib.htmlhelp.po'
2025-05-16 20:38:48,232 wheel INFO adding 'sphinxcontrib/htmlhelp/locales/sr/LC_MESSAGES/sphinxcontrib.htmlhelp.mo'
2025-05-16 20:38:48,233 wheel INFO adding 'sphinxcontrib/htmlhelp/locales/sr/LC_MESSAGES/sphinxcontrib.htmlhelp.po'
2025-05-16 20:38:48,233 wheel INFO adding 'sphinxcontrib/htmlhelp/locales/sr@latin/LC_MESSAGES/sphinxcontrib.htmlhelp.mo'
2025-05-16 20:38:48,233 wheel INFO adding 'sphinxcontrib/htmlhelp/locales/sr@latin/LC_MESSAGES/sphinxcontrib.htmlhelp.po'
2025-05-16 20:38:48,233 wheel INFO adding 'sphinxcontrib/htmlhelp/locales/sr_RS/LC_MESSAGES/sphinxcontrib.htmlhelp.mo'
2025-05-16 20:38:48,233 wheel INFO adding 'sphinxcontrib/htmlhelp/locales/sr_RS/LC_MESSAGES/sphinxcontrib.htmlhelp.po'
2025-05-16 20:38:48,234 wheel INFO adding 'sphinxcontrib/htmlhelp/locales/sv/LC_MESSAGES/sphinxcontrib.htmlhelp.mo'
2025-05-16 20:38:48,234 wheel INFO adding 'sphinxcontrib/htmlhelp/locales/sv/LC_MESSAGES/sphinxcontrib.htmlhelp.po'
2025-05-16 20:38:48,234 wheel INFO adding 'sphinxcontrib/htmlhelp/locales/ta/LC_MESSAGES/sphinxcontrib.htmlhelp.mo'
2025-05-16 20:38:48,234 wheel INFO adding 'sphinxcontrib/htmlhelp/locales/ta/LC_MESSAGES/sphinxcontrib.htmlhelp.po'
2025-05-16 20:38:48,234 wheel INFO adding 'sphinxcontrib/htmlhelp/locales/te/LC_MESSAGES/sphinxcontrib.htmlhelp.mo'
2025-05-16 20:38:48,235 wheel INFO adding 'sphinxcontrib/htmlhelp/locales/te/LC_MESSAGES/sphinxcontrib.htmlhelp.po'
2025-05-16 20:38:48,235 wheel INFO adding 'sphinxcontrib/htmlhelp/locales/tr/LC_MESSAGES/sphinxcontrib.htmlhelp.mo'
2025-05-16 20:38:48,235 wheel INFO adding 'sphinxcontrib/htmlhelp/locales/tr/LC_MESSAGES/sphinxcontrib.htmlhelp.po'
2025-05-16 20:38:48,235 wheel INFO adding 'sphinxcontrib/htmlhelp/locales/uk_UA/LC_MESSAGES/sphinxcontrib.htmlhelp.mo'
2025-05-16 20:38:48,235 wheel INFO adding 'sphinxcontrib/htmlhelp/locales/uk_UA/LC_MESSAGES/sphinxcontrib.htmlhelp.po'
2025-05-16 20:38:48,236 wheel INFO adding 'sphinxcontrib/htmlhelp/locales/ur/LC_MESSAGES/sphinxcontrib.htmlhelp.mo'
2025-05-16 20:38:48,236 wheel INFO adding 'sphinxcontrib/htmlhelp/locales/ur/LC_MESSAGES/sphinxcontrib.htmlhelp.po'
2025-05-16 20:38:48,236 wheel INFO adding 'sphinxcontrib/htmlhelp/locales/vi/LC_MESSAGES/sphinxcontrib.htmlhelp.mo'
2025-05-16 20:38:48,236 wheel INFO adding 'sphinxcontrib/htmlhelp/locales/vi/LC_MESSAGES/sphinxcontrib.htmlhelp.po'
2025-05-16 20:38:48,236 wheel INFO adding 'sphinxcontrib/htmlhelp/locales/zh_CN/LC_MESSAGES/sphinxcontrib.htmlhelp.mo'
2025-05-16 20:38:48,237 wheel INFO adding 'sphinxcontrib/htmlhelp/locales/zh_CN/LC_MESSAGES/sphinxcontrib.htmlhelp.po'
2025-05-16 20:38:48,237 wheel INFO adding 'sphinxcontrib/htmlhelp/locales/zh_TW/LC_MESSAGES/sphinxcontrib.htmlhelp.mo'
2025-05-16 20:38:48,237 wheel INFO adding 'sphinxcontrib/htmlhelp/locales/zh_TW/LC_MESSAGES/sphinxcontrib.htmlhelp.po'
2025-05-16 20:38:48,237 wheel INFO adding 'sphinxcontrib/htmlhelp/templates/project.hhc'
2025-05-16 20:38:48,237 wheel INFO adding 'sphinxcontrib/htmlhelp/templates/project.hhp'
2025-05-16 20:38:48,237 wheel INFO adding 'sphinxcontrib/htmlhelp/templates/project.stp'
2025-05-16 20:38:48,238 wheel INFO adding 'sphinxcontrib_htmlhelp-2.0.1.dist-info/licenses/LICENSE'
2025-05-16 20:38:48,238 wheel INFO adding 'sphinxcontrib_htmlhelp-2.0.1.dist-info/METADATA'
2025-05-16 20:38:48,238 wheel INFO adding 'sphinxcontrib_htmlhelp-2.0.1.dist-info/WHEEL'
2025-05-16 20:38:48,238 wheel INFO adding 'sphinxcontrib_htmlhelp-2.0.1.dist-info/top_level.txt'
2025-05-16 20:38:48,239 wheel INFO adding 'sphinxcontrib_htmlhelp-2.0.1.dist-info/RECORD'
2025-05-16 20:38:48,239 root INFO removing build/bdist.linux-x86_64/wheel
2025-05-16 20:38:48,248 gpep517 INFO The backend produced .dist/sphinxcontrib_htmlhelp-2.0.1-py3-none-any.whl
sphinxcontrib_htmlhelp-2.0.1-py3-none-any.whl
>>> py3-sphinxcontrib-htmlhelp: Entering fakeroot...
>>> py3-sphinxcontrib-htmlhelp-pyc*: Running split function pyc...
'usr/lib/python3.12/site-packages/sphinxcontrib/htmlhelp/__pycache__' -> '/home/packager/aports/main/py3-sphinxcontrib-htmlhelp/pkg/py3-sphinxcontrib-htmlhelp-pyc/usr/lib/python3.12/site-packages/sphinxcontrib/htmlhelp/__pycache__'
>>> py3-sphinxcontrib-htmlhelp-pyc*: Preparing subpackage py3-sphinxcontrib-htmlhelp-pyc...
>>> py3-sphinxcontrib-htmlhelp-pyc*: Running postcheck for py3-sphinxcontrib-htmlhelp-pyc
>>> py3-sphinxcontrib-htmlhelp*: Running postcheck for py3-sphinxcontrib-htmlhelp
>>> py3-sphinxcontrib-htmlhelp*: Preparing package py3-sphinxcontrib-htmlhelp...
>>> py3-sphinxcontrib-htmlhelp-pyc*: Tracing dependencies...
	python3
	python3~3.12
>>> py3-sphinxcontrib-htmlhelp-pyc*: Package size: 18.0 KB
>>> py3-sphinxcontrib-htmlhelp-pyc*: Compressing data...
>>> py3-sphinxcontrib-htmlhelp-pyc*: Create checksum...
pigz: not found
>>> py3-sphinxcontrib-htmlhelp-pyc*: Create py3-sphinxcontrib-htmlhelp-pyc-2.0.1-r3.apk
>>> py3-sphinxcontrib-htmlhelp*: Tracing dependencies...
	python3
	python3~3.12
>>> py3-sphinxcontrib-htmlhelp*: Package size: 139.9 KB
>>> py3-sphinxcontrib-htmlhelp*: Compressing data...
>>> py3-sphinxcontrib-htmlhelp*: Create checksum...
pigz: not found
>>> py3-sphinxcontrib-htmlhelp*: Create py3-sphinxcontrib-htmlhelp-2.0.1-r3.apk
>>> py3-sphinxcontrib-htmlhelp: Build complete at Fri, 16 May 2025 20:38:49 +0000 elapsed time 0h 0m 5s
>>> py3-sphinxcontrib-htmlhelp: Cleaning up srcdir
>>> py3-sphinxcontrib-htmlhelp: Cleaning up pkgdir
>>> py3-sphinxcontrib-htmlhelp: Uninstalling dependencies...
(1/24) Purging .makedepends-py3-sphinxcontrib-htmlhelp (20250516.203846)
(2/24) Purging py3-gpep517-pyc (19-r0)
(3/24) Purging py3-gpep517 (19-r0)
(4/24) Purging py3-installer-pyc (0.7.0-r2)
(5/24) Purging py3-installer (0.7.0-r2)
(6/24) Purging py3-setuptools-pyc (80.3.1-r0)
(7/24) Purging py3-setuptools (80.3.1-r0)
(8/24) Purging py3-wheel-pyc (0.46.1-r0)
(9/24) Purging py3-wheel (0.46.1-r0)
(10/24) Purging py3-packaging-pyc (25.0-r0)
(11/24) Purging py3-packaging (25.0-r0)
(12/24) Purging py3-parsing-pyc (3.2.3-r0)
(13/24) Purging py3-parsing (3.2.3-r0)
(14/24) Purging python3-pyc (3.12.10-r0)
(15/24) Purging python3-pycache-pyc0 (3.12.10-r0)
(16/24) Purging pyc (3.12.10-r0)
(17/24) Purging python3 (3.12.10-r0)
(18/24) Purging gdbm (1.24-r0)
(19/24) Purging libbz2 (1.0.8-r6)
(20/24) Purging libffi (3.4.7-r0)
(21/24) Purging libpanelw (6.5_p20250503-r0)
(22/24) Purging mpdecimal (4.0.0-r0)
(23/24) Purging sqlite-libs (3.49.2-r0)
(24/24) Purging xz-libs (5.6.3-r1)
Executing busybox-1.37.0-r12.trigger
OK: 259 MiB in 74 packages
>>> py3-sphinxcontrib-htmlhelp: Updating the main/x86_64 repository index...
>>> py3-sphinxcontrib-htmlhelp: Signing the index...
pigz: not found
