>>> libeatmydata: Validating /home/packager/oily-pine/main/libeatmydata/APKBUILD...
>>> WARNING: libeatmydata: No maintainer
>>> libeatmydata: Cleaning up srcdir
>>> libeatmydata: Cleaning up pkgdir
>>> libeatmydata: Cleaning up tmpdir
>>> libeatmydata: Fetching https://github.com/stewartsmith/libeatmydata/releases/download/v131/libeatmydata-131.tar.gz
  % Total    % Received % Xferd  Average Speed   Time    Time     Time  Current
                                 Dload  Upload   Total   Spent    Left  Speed
  0     0    0     0    0     0      0      0 --:--:-- --:--:-- --:--:--     0  0     0    0     0    0     0      0      0 --:--:-- --:--:-- --:--:--     0
  3  359k    3 12379    0     0  13786      0  0:00:26 --:--:--  0:00:26 13786100  359k  100  359k    0     0   354k      0  0:00:01  0:00:01 --:--:-- 2972k
>>> libeatmydata: Fetching https://github.com/stewartsmith/libeatmydata/releases/download/v131/libeatmydata-131.tar.gz
>>> libeatmydata: Checking sha512sums...
libeatmydata-131.tar.gz: OK
lfs64.patch: OK
>>> libeatmydata: Preparing build chroot...
fetch http://dl-cdn.alpinelinux.org/alpine/edge/main/x86_64/APKINDEX.tar.gz
(1/78) Installing musl (1.2.5-r10)
(2/78) Installing libcrypto3 (3.5.0-r0)
(3/78) Installing ca-certificates-bundle (20241121-r2)
(4/78) Installing libssl3 (3.5.0-r0)
(5/78) Installing zlib (1.3.1-r2)
(6/78) Installing libapk2 (2.14.9-r2)
(7/78) Installing apk-tools (2.14.9-r2)
(8/78) Installing libcap2 (2.76-r0)
(9/78) Installing libcap-getcap (2.76-r0)
(10/78) Installing fakeroot (1.37.1.1-r0)
(11/78) Installing scanelf (1.3.8-r1)
(12/78) Installing musl-utils (1.2.5-r10)
(13/78) Installing libgcc (14.3.0-r1)
(14/78) Installing libstdc++ (14.3.0-r1)
(15/78) Installing lzip (1.25-r0)
(16/78) Installing openssl (3.5.0-r0)
(17/78) Installing patch (2.8-r0)
(18/78) Installing pkgconf (2.4.3-r0)
(19/78) Installing acl-libs (2.3.2-r1)
(20/78) Installing tar (1.35-r3)
(21/78) Installing busybox (1.37.0-r18)
Executing busybox-1.37.0-r18.post-install
(22/78) Installing ssl_client (1.37.0-r18)
(23/78) Installing busybox-binsh (1.37.0-r18)
(24/78) Installing abuild (3.15.0-r0)
Executing abuild-3.15.0-r0.pre-install
(25/78) Installing abuild-sudo (3.15.0-r0)
(26/78) Installing alpine-baselayout-data (3.7.0-r0)
(27/78) Installing alpine-baselayout (3.7.0-r0)
Executing alpine-baselayout-3.7.0-r0.pre-install
Executing alpine-baselayout-3.7.0-r0.post-install
(28/78) Installing bridge (1.5-r5)
(29/78) Installing ifupdown-ng (0.12.1-r7)
(30/78) Installing openrc-user (0.62.2-r2)
(31/78) Installing openrc (0.62.2-r2)
Executing openrc-0.62.2-r2.post-install
(32/78) Installing mdev-conf (4.8-r0)
(33/78) Installing busybox-mdev-openrc (1.37.0-r18)
(34/78) Installing alpine-conf (3.20.0-r0)
(35/78) Installing alpine-keys (2.5-r0)
(36/78) Installing alpine-release (3.22.0-r0)
(37/78) Installing busybox-openrc (1.37.0-r18)
(38/78) Installing busybox-suid (1.37.0-r18)
(39/78) Installing alpine-base (3.22.0-r0)
(40/78) Installing ncurses-terminfo-base (6.5_p20250503-r0)
(41/78) Installing libncursesw (6.5_p20250503-r0)
(42/78) Installing readline (8.2.13-r1)
(43/78) Installing bash (5.2.37-r0)
Executing bash-5.2.37-r0.post-install
(44/78) Installing jansson (2.14.1-r0)
(45/78) Installing zstd-libs (1.5.7-r0)
(46/78) Installing binutils (2.44-r0)
(47/78) Installing libmagic (5.46-r2)
(48/78) Installing file (5.46-r2)
(49/78) Installing libgomp (14.3.0-r1)
(50/78) Installing libatomic (14.3.0-r1)
(51/78) Installing gmp (6.3.0-r3)
(52/78) Installing isl26 (0.26-r1)
(53/78) Installing mpfr4 (4.2.1_p1-r0)
(54/78) Installing mpc1 (1.3.1-r1)
(55/78) Installing gcc (14.3.0-r1)
(56/78) Installing libstdc++-dev (14.3.0-r1)
(57/78) Installing musl-dev (1.2.5-r10)
(58/78) Installing g++ (14.3.0-r1)
(59/78) Installing make (4.4.1-r3)
(60/78) Installing fortify-headers (1.1-r5)
(61/78) Installing build-base (0.5-r3)
(62/78) Installing brotli-libs (1.1.0-r2)
(63/78) Installing c-ares (1.34.5-r0)
(64/78) Installing libunistring (1.3-r0)
(65/78) Installing libidn2 (2.3.7-r0)
(66/78) Installing nghttp2-libs (1.65.0-r0)
(67/78) Installing libpsl (0.21.5-r3)
(68/78) Installing libcurl (8.14.0-r2)
(69/78) Installing libexpat (2.7.1-r0)
(70/78) Installing pcre2 (10.43-r1)
(71/78) Installing git (2.49.0-r0)
(72/78) Installing git-init-template (2.49.0-r0)
(73/78) Installing libelf (0.193-r0)
(74/78) Installing libbz2 (1.0.8-r6)
(75/78) Installing musl-fts (1.2.7-r6)
(76/78) Installing xz-libs (5.8.1-r0)
(77/78) Installing libdw (0.193-r0)
(78/78) Installing strace (6.13-r0)
Executing busybox-1.37.0-r18.trigger
OK: 264 MiB in 78 packages
>>> libeatmydata: Fetching https://github.com/stewartsmith/libeatmydata/releases/download/v131/libeatmydata-131.tar.gz
>>> libeatmydata: Checking sha512sums...
libeatmydata-131.tar.gz: OK
lfs64.patch: OK
>>> libeatmydata: Unpacking /var/cache/distfiles/libeatmydata-131.tar.gz...
>>> libeatmydata: lfs64.patch
patching file libeatmydata/libeatmydata.c
checking build system type... x86_64-alpine-linux-musl
checking host system type... x86_64-alpine-linux-musl
checking target system type... x86_64-alpine-linux-musl
checking for x86_64-alpine-linux-musl-gcc... cc
checking whether the C compiler works... yes
checking for C compiler default output file name... a.out
checking for suffix of executables... 
checking whether we are cross compiling... no
checking for suffix of object files... o
checking whether the compiler supports GNU C... yes
checking whether cc accepts -g... yes
checking for cc option to enable C11 features... none needed
checking whether cc understands -c and -o together... yes
checking for stdio.h... yes
checking for stdlib.h... yes
checking for string.h... yes
checking for inttypes.h... yes
checking for stdint.h... yes
checking for strings.h... yes
checking for sys/stat.h... yes
checking for sys/types.h... yes
checking for unistd.h... yes
checking for wchar.h... yes
checking for minix/config.h... no
checking for pthread.h... yes
checking whether it is safe to define __EXTENSIONS__... yes
checking whether _XOPEN_SOURCE should be defined... no
checking for a BSD-compatible install... /usr/bin/install -c
checking whether build environment is sane... yes
checking for a race-free mkdir -p... ./config/install-sh -c -d
checking for gawk... no
checking for mawk... no
checking for nawk... no
checking for awk... awk
checking whether make sets $(MAKE)... yes
checking whether make supports the include directive... yes (GNU style)
checking whether make supports nested variables... yes
checking whether UID '1000' is supported by ustar format... yes
checking whether GID '1000' is supported by ustar format... yes
checking how to create a ustar tar archive... gnutar
checking dependency style of cc... gcc3
checking how to print strings... printf
checking for a sed that does not truncate output... /bin/sed
checking for grep that handles long lines and -e... /bin/grep
checking for egrep... /bin/grep -E
checking for fgrep... /bin/grep -F
checking for ld used by cc... /usr/x86_64-alpine-linux-musl/bin/ld
checking if the linker (/usr/x86_64-alpine-linux-musl/bin/ld) is GNU ld... yes
checking for BSD- or MS-compatible name lister (nm)... /usr/bin/nm -B
checking the name lister (/usr/bin/nm -B) interface... BSD nm
checking whether ln -s works... yes
checking the maximum length of command line arguments... 98304
checking how to convert x86_64-alpine-linux-musl file names to x86_64-alpine-linux-musl format... func_convert_file_noop
checking how to convert x86_64-alpine-linux-musl file names to toolchain format... func_convert_file_noop
checking for /usr/x86_64-alpine-linux-musl/bin/ld option to reload object files... -r
checking for x86_64-alpine-linux-musl-file... no
checking for file... file
checking for x86_64-alpine-linux-musl-objdump... no
checking for objdump... objdump
checking how to recognize dependent libraries... pass_all
checking for x86_64-alpine-linux-musl-dlltool... no
checking for dlltool... no
checking how to associate runtime and link libraries... printf %s\n
checking for x86_64-alpine-linux-musl-ar... no
checking for ar... ar
checking for archiver @FILE support... @
checking for x86_64-alpine-linux-musl-strip... no
checking for strip... strip
checking for x86_64-alpine-linux-musl-ranlib... no
checking for ranlib... ranlib
checking command to parse /usr/bin/nm -B output from cc object... ok
checking for sysroot... no
checking for a working dd... /bin/dd
checking how to truncate binary pipes... /bin/dd bs=4096 count=1
checking for x86_64-alpine-linux-musl-mt... no
checking for mt... no
checking if : is a manifest tool... no
checking for dlfcn.h... yes
checking for objdir... .libs
checking if cc supports -fno-rtti -fno-exceptions... no
checking for cc option to produce PIC... -fPIC -DPIC
checking if cc PIC flag -fPIC -DPIC works... yes
checking if cc static flag -static works... yes
checking if cc supports -c -o file.o... yes
checking if cc supports -c -o file.o... (cached) yes
checking whether the cc linker (/usr/x86_64-alpine-linux-musl/bin/ld -m elf_x86_64) supports shared libraries... yes
checking whether -lc should be explicitly linked in... no
checking dynamic linker characteristics... GNU/Linux ld.so
checking how to hardcode library paths into programs... immediate
checking whether stripping libraries is possible... yes
checking if libtool supports shared libraries... yes
checking whether to build shared libraries... yes
checking whether to build static libraries... no
checking whether make supports nested variables... (cached) yes
checking size of mode_t... 4
checking size of int... 4
checking for pthread_barrier_t... yes
checking for cc options needed to detect all undeclared functions... none needed
checking whether fdatasync is declared... yes
checking for fdatasync... yes
checking whether sync_file_range is declared... no
checking for sync_file_range... yes
checking for open64... no
checking for syncfs... yes
checking for thread local storage (TLS) class... _Thread_local
checking that generated files are newer than configure... done
configure: creating ./config.status
config.status: creating Makefile
config.status: creating libeatmydata.spec
config.status: creating config.h
config.status: executing depfiles commands
config.status: executing libtool commands
make  all-am
make[1]: Entering directory '/tmp/src/libeatmydata-131'
/bin/sed -e 's!@''libdir''@!/usr/lib!g' -e 's!@''libexecdir''@!/usr/libexec!g' ./eatmydata.in > eatmydata
/bin/sed -e 's!@''libdir''@!/usr/lib!g' -e 's!@''libexecdir''@!/usr/libexec!g' ./eatmydata.sh.in > eatmydata.sh
chmod +x eatmydata
  CC       libeatmydata/la-libeatmydata.lo
  CCLD     libeatmydata.la
make[1]: Leaving directory '/tmp/src/libeatmydata-131'
make[1]: Entering directory '/tmp/src/libeatmydata-131'
make  libeatmydata/test/fsynctest libeatmydata/test/tst-key4 libeatmydata/test/tst-invalidfd libeatmydata/test/eatmydatatest libeatmydata/test/eatmydatatest_largefile libeatmydata/test/syncfstest libeatmydata/test/fcntltest libeatmydata/test/tst-cancel4
make[2]: Entering directory '/tmp/src/libeatmydata-131'
  CC       libeatmydata/test/fsynctest.o
  CC       libeatmydata/test/tst-key4.o
  CC       libeatmydata/test/tst-invalidfd.o
  CC       libeatmydata/test/eatmydatatest.o
  CC       libeatmydata/test/eatmydatatest_largefile.o
  CC       libeatmydata/test/syncfstest.o
  CC       libeatmydata/test/fcntltest.o
  CC       libeatmydata/test/tst-cancel4.o
libeatmydata/test/tst-cancel4.c:28:9: warning: "_GNU_SOURCE" redefined
   28 | #define _GNU_SOURCE
      |         ^~~~~~~~~~~
In file included from libeatmydata/test/tst-cancel4.c:26:
./config.h:115:10: note: this is the location of the previous definition
  115 | # define _GNU_SOURCE 1
      |          ^~~~~~~~~~~
libeatmydata/test/tst-invalidfd.c:24:9: warning: "_GNU_SOURCE" redefined
   24 | #define _GNU_SOURCE
      |         ^~~~~~~~~~~
In file included from ./libeatmydata/portability.h:24,
                 from libeatmydata/test/tst-invalidfd.c:16:
./config.h:115:10: note: this is the location of the previous definition
  115 | # define _GNU_SOURCE 1
      |          ^~~~~~~~~~~
In file included from libeatmydata/test/tst-cancel4.c:43:
/usr/include/sys/poll.h:1:2: warning: #warning redirecting incorrect #include <sys/poll.h> to <poll.h> [-Wcpp]
    1 | #warning redirecting incorrect #include <sys/poll.h> to <poll.h>
      |  ^~~~~~~
  CCLD     libeatmydata/test/tst-invalidfd
  CCLD     libeatmydata/test/syncfstest
  CCLD     libeatmydata/test/fcntltest
  CCLD     libeatmydata/test/eatmydatatest
  CCLD     libeatmydata/test/tst-key4
  CCLD     libeatmydata/test/fsynctest
  CCLD     libeatmydata/test/eatmydatatest_largefile
  CCLD     libeatmydata/test/tst-cancel4
make[2]: Leaving directory '/tmp/src/libeatmydata-131'
make  check-TESTS
make[2]: Entering directory '/tmp/src/libeatmydata-131'
make[3]: Entering directory '/tmp/src/libeatmydata-131'
PASS: libeatmydata/test/eatmydatatest_largefile
PASS: libeatmydata/test/fcntltest
PASS: libeatmydata/test/eatmydatatest
PASS: libeatmydata/test/tst-cancel4
PASS: libeatmydata/test/tst-invalidfd
PASS: libeatmydata/test/tst-key4
PASS: libeatmydata/test/syncfstest
PASS: libeatmydata/test/fsynctest
============================================================================
Testsuite summary for libeatmydata 131
============================================================================
# TOTAL: 8
# PASS:  8
# SKIP:  0
# XFAIL: 0
# FAIL:  0
# XPASS: 0
# ERROR: 0
============================================================================
make[3]: Leaving directory '/tmp/src/libeatmydata-131'
make[2]: Leaving directory '/tmp/src/libeatmydata-131'
make[1]: Leaving directory '/tmp/src/libeatmydata-131'
>>> libeatmydata: Entering fakeroot...
make[1]: Entering directory '/tmp/src/libeatmydata-131'
 ./config/install-sh -c -d '/tmp/pkg/libeatmydata/usr/bin'
 ./config/install-sh -c -d '/tmp/pkg/libeatmydata/usr/libexec'
 ./config/install-sh -c -d '/tmp/pkg/libeatmydata/usr/lib'
 /bin/sh ./libtool   --mode=install /usr/bin/install -c   libeatmydata.la '/tmp/pkg/libeatmydata/usr/lib'
 /usr/bin/install -c eatmydata '/tmp/pkg/libeatmydata/usr/bin'
 /usr/bin/install -c eatmydata.sh '/tmp/pkg/libeatmydata/usr/libexec'
libtool: install: /usr/bin/install -c .libs/libeatmydata.so /tmp/pkg/libeatmydata/usr/lib/libeatmydata.so
libtool: install: /usr/bin/install -c .libs/libeatmydata.lai /tmp/pkg/libeatmydata/usr/lib/libeatmydata.la
libtool: warning: remember to run 'libtool --finish /usr/lib'
make[1]: Leaving directory '/tmp/src/libeatmydata-131'
>>> libeatmydata*: Running postcheck for libeatmydata
>>> libeatmydata*: Preparing package libeatmydata...
>>> libeatmydata*: Stripping binaries
>>> libeatmydata*: Scanning shared objects
>>> libeatmydata*: Tracing dependencies...
	so:libc.musl-x86_64.so.1
>>> libeatmydata*: Package size: 17.1 KB
>>> libeatmydata*: Compressing data...
>>> libeatmydata*: Create checksum...
>>> libeatmydata*: Create libeatmydata-131-r7.apk
>>> libeatmydata: Updating the main/x86_64 repository index...
>>> libeatmydata: Signing the index...
>>> libeatmydata: Cleaning up srcdir
>>> libeatmydata: Cleaning up build chroot
>>> libeatmydata: Cleaning up pkgdir
