pigz: not found
>>> libmaxminddb: Building main/libmaxminddb 1.9.1-r0 (using abuild 3.14.1-r4) started Fri, 23 May 2025 17:11:01 +0000
>>> libmaxminddb: Validating /home/packager/aports/main/libmaxminddb/APKBUILD...
>>> libmaxminddb: Analyzing dependencies...
>>> libmaxminddb: Installing for build: build-base curl perl
(1/2) Installing curl (8.13.0-r1)
(2/2) Installing .makedepends-libmaxminddb (20250523.171104)
Executing busybox-1.37.0-r12.trigger
OK: 565 MiB in 134 packages
>>> libmaxminddb: Cleaning up srcdir
>>> libmaxminddb: Cleaning up pkgdir
>>> libmaxminddb: Cleaning up tmpdir
>>> libmaxminddb: Fetching https://github.com/maxmind/libmaxminddb/releases/download/1.9.1/libmaxminddb-1.9.1.tar.gz
  % Total    % Received % Xferd  Average Speed   Time    Time     Time  Current
                                 Dload  Upload   Total   Spent    Left  Speed
  0     0    0     0    0     0      0      0 --:--:-- --:--:-- --:--:--     0  0     0    0     0    0     0      0      0 --:--:-- --:--:-- --:--:--     0
100  598k  100  598k    0     0   791k      0 --:--:-- --:--:-- --:--:--  791k
>>> libmaxminddb: Fetching https://github.com/maxmind/libmaxminddb/releases/download/1.9.1/libmaxminddb-1.9.1.tar.gz
>>> libmaxminddb: Checking sha512sums...
libmaxminddb-1.9.1.tar.gz: OK
libmaxminddb.cron: OK
libmaxminddb.confd: OK
>>> libmaxminddb: Unpacking /var/cache/distfiles/libmaxminddb-1.9.1.tar.gz...
checking for x86_64-alpine-linux-musl-pkg-config... no
checking for pkg-config... /usr/bin/pkg-config
checking pkg-config is at least version 0.9.0... yes
checking build system type... x86_64-alpine-linux-musl
checking host system type... x86_64-alpine-linux-musl
checking how to print strings... printf
checking for x86_64-alpine-linux-musl-gcc... gcc
checking whether the C compiler works... no
configure: error: in `/home/packager/aports/main/libmaxminddb/src/libmaxminddb-1.9.1':
configure: error: C compiler cannot create executables
See `config.log' for more details
>>> ERROR: libmaxminddb: build failed
>>> libmaxminddb: Uninstalling dependencies...
(1/2) Purging .makedepends-libmaxminddb (20250523.171104)
(2/2) Purging curl (8.13.0-r1)
Executing busybox-1.37.0-r12.trigger
OK: 564 MiB in 132 packages
