pigz: not found
>>> lang: Building main/lang 0.1-r2 (using abuild 3.14.1-r4) started Fri, 23 May 2025 03:13:45 +0000
>>> lang: Validating /home/packager/aports/main/lang/APKBUILD...
>>> lang: Analyzing dependencies...
>>> lang: Installing for build: build-base musl-locales
(1/2) Installing musl-locales (0.1.0-r1)
(2/2) Installing .makedepends-lang (20250523.031347)
Executing busybox-1.37.0-r12.trigger
OK: 313 MiB in 116 packages
>>> lang: Cleaning up srcdir
>>> lang: Cleaning up pkgdir
>>> lang: Cleaning up tmpdir
>>> lang: Entering fakeroot...
>>> lang*: Running postcheck for lang
>>> lang*: Preparing package lang...
>>> lang*: Tracing dependencies...
	musl-locales
>>> lang*: Package size: 0.0 
>>> lang*: Compressing data...
>>> lang*: Create checksum...
pigz: not found
>>> lang*: Create lang-0.1-r2.apk
>>> lang: Build complete at Fri, 23 May 2025 03:13:49 +0000 elapsed time 0h 0m 4s
>>> lang: Cleaning up srcdir
>>> lang: Cleaning up pkgdir
>>> lang: Uninstalling dependencies...
(1/2) Purging .makedepends-lang (20250523.031347)
(2/2) Purging musl-locales (0.1.0-r1)
Executing busybox-1.37.0-r12.trigger
OK: 313 MiB in 114 packages
>>> lang: Updating the main/x86_64 repository index...
>>> lang: Signing the index...
pigz: not found
