>>> sntpc: Validating /home/packager/oily-pine/main/sntpc/APKBUILD...
>>> sntpc: Cleaning up srcdir
>>> sntpc: Cleaning up pkgdir
>>> sntpc: Cleaning up tmpdir
>>> sntpc: Fetching https://dev.alpinelinux.org/archive/sntpc/sntpc-0.9.tar.xz
  % Total    % Received % Xferd  Average Speed   Time    Time     Time  Current
                                 Dload  Upload   Total   Spent    Left  Speed
  0     0    0     0    0     0      0      0 --:--:-- --:--:-- --:--:--     0100  5052  100  5052    0     0  25775      0 --:--:-- --:--:-- --:--:-- 25907
>>> sntpc: Fetching https://dev.alpinelinux.org/archive/sntpc/sntpc-0.9.tar.xz
>>> sntpc: Checking sha512sums...
sntpc-0.9.tar.xz: OK
format-security.patch: OK
gcc-10.patch: OK
sntpc.initd: OK
sntpc.confd: OK
>>> sntpc: Preparing build chroot...
fetch http://dl-cdn.alpinelinux.org/alpine/edge/main/x86_64/APKINDEX.tar.gz
(1/68) Installing musl (1.2.5-r10)
(2/68) Installing libcrypto3 (3.5.0-r0)
(3/68) Installing ca-certificates-bundle (20241121-r2)
(4/68) Installing libssl3 (3.5.0-r0)
(5/68) Installing zlib (1.3.1-r2)
(6/68) Installing libapk2 (2.14.9-r2)
(7/68) Installing apk-tools (2.14.9-r2)
(8/68) Installing libcap2 (2.76-r0)
(9/68) Installing libcap-getcap (2.76-r0)
(10/68) Installing fakeroot (1.37.1.1-r0)
(11/68) Installing scanelf (1.3.8-r1)
(12/68) Installing musl-utils (1.2.5-r10)
(13/68) Installing libgcc (14.3.0-r0)
(14/68) Installing libstdc++ (14.3.0-r0)
(15/68) Installing lzip (1.25-r0)
(16/68) Installing openssl (3.5.0-r0)
(17/68) Installing patch (2.8-r0)
(18/68) Installing pkgconf (2.4.3-r0)
(19/68) Installing acl-libs (2.3.2-r1)
(20/68) Installing tar (1.35-r3)
(21/68) Installing busybox (1.37.0-r18)
Executing busybox-1.37.0-r18.post-install
(22/68) Installing ssl_client (1.37.0-r18)
(23/68) Installing busybox-binsh (1.37.0-r18)
(24/68) Installing abuild (3.15.0-r0)
Executing abuild-3.15.0-r0.pre-install
(25/68) Installing abuild-sudo (3.15.0-r0)
(26/68) Installing alpine-baselayout-data (3.7.0-r0)
(27/68) Installing alpine-baselayout (3.7.0-r0)
Executing alpine-baselayout-3.7.0-r0.pre-install
Executing alpine-baselayout-3.7.0-r0.post-install
(28/68) Installing bridge (1.5-r5)
(29/68) Installing ifupdown-ng (0.12.1-r7)
(30/68) Installing openrc-user (0.62.2-r2)
(31/68) Installing openrc (0.62.2-r2)
Executing openrc-0.62.2-r2.post-install
(32/68) Installing mdev-conf (4.8-r0)
(33/68) Installing busybox-mdev-openrc (1.37.0-r18)
(34/68) Installing alpine-conf (3.20.0-r0)
(35/68) Installing alpine-keys (2.5-r0)
(36/68) Installing alpine-release (3.22.0-r0)
(37/68) Installing busybox-openrc (1.37.0-r18)
(38/68) Installing busybox-suid (1.37.0-r18)
(39/68) Installing alpine-base (3.22.0-r0)
(40/68) Installing jansson (2.14.1-r0)
(41/68) Installing zstd-libs (1.5.7-r0)
(42/68) Installing binutils (2.44-r0)
(43/68) Installing libmagic (5.46-r2)
(44/68) Installing file (5.46-r2)
(45/68) Installing libgomp (14.3.0-r0)
(46/68) Installing libatomic (14.3.0-r0)
(47/68) Installing gmp (6.3.0-r3)
(48/68) Installing isl26 (0.26-r1)
(49/68) Installing mpfr4 (4.2.1_p1-r0)
(50/68) Installing mpc1 (1.3.1-r1)
(51/68) Installing gcc (14.3.0-r0)
(52/68) Installing libstdc++-dev (14.3.0-r0)
(53/68) Installing musl-dev (1.2.5-r10)
(54/68) Installing g++ (14.3.0-r0)
(55/68) Installing make (4.4.1-r3)
(56/68) Installing fortify-headers (1.1-r5)
(57/68) Installing build-base (0.5-r3)
(58/68) Installing brotli-libs (1.1.0-r2)
(59/68) Installing c-ares (1.34.5-r0)
(60/68) Installing libunistring (1.3-r0)
(61/68) Installing libidn2 (2.3.7-r0)
(62/68) Installing nghttp2-libs (1.65.0-r0)
(63/68) Installing libpsl (0.21.5-r3)
(64/68) Installing libcurl (8.14.0-r2)
(65/68) Installing libexpat (2.7.1-r0)
(66/68) Installing pcre2 (10.43-r1)
(67/68) Installing git (2.49.0-r0)
(68/68) Installing git-init-template (2.49.0-r0)
Executing busybox-1.37.0-r18.trigger
OK: 260 MiB in 68 packages
>>> sntpc: Fetching https://dev.alpinelinux.org/archive/sntpc/sntpc-0.9.tar.xz
>>> sntpc: Checking sha512sums...
sntpc-0.9.tar.xz: OK
format-security.patch: OK
gcc-10.patch: OK
sntpc.initd: OK
sntpc.confd: OK
>>> sntpc: Unpacking /var/cache/distfiles/sntpc-0.9.tar.xz...
>>> sntpc: format-security.patch
patching file sntpc.c
>>> sntpc: gcc-10.patch
patching file ntp.h
cc -Os -fstack-clash-protection -Wformat -Werror=format-security -fno-plt -DSNTPC_VERSION=\"0.9\" -Wl,--as-needed,-O1,--sort-common -Wl,-z,pack-relative-relocs -o sntpc sntpc.c log.c util.c
>>> sntpc: Entering fakeroot...
>>> sntpc-openrc*: Running split function openrc...
'etc/conf.d' -> '/tmp/pkg/sntpc-openrc/etc/conf.d'
'etc/init.d' -> '/tmp/pkg/sntpc-openrc/etc/init.d'
>>> sntpc-openrc*: Preparing subpackage sntpc-openrc...
>>> sntpc-openrc*: Running postcheck for sntpc-openrc
>>> sntpc*: Running postcheck for sntpc
>>> sntpc*: Preparing package sntpc...
>>> sntpc*: Stripping binaries
>>> sntpc-openrc*: Scanning shared objects
>>> sntpc*: Scanning shared objects
>>> sntpc-openrc*: Tracing dependencies...
>>> sntpc-openrc*: Package size: 682.0 B
>>> sntpc-openrc*: Compressing data...
>>> sntpc-openrc*: Create checksum...
>>> sntpc-openrc*: Create sntpc-openrc-0.9-r12.apk
>>> sntpc*: Tracing dependencies...
	so:libc.musl-x86_64.so.1
>>> sntpc*: Package size: 13.9 KB
>>> sntpc*: Compressing data...
>>> sntpc*: Create checksum...
>>> sntpc*: Create sntpc-0.9-r12.apk
>>> sntpc: Updating the main/x86_64 repository index...
>>> sntpc: Signing the index...
>>> sntpc: Cleaning up srcdir
>>> sntpc: Cleaning up build chroot
>>> sntpc: Cleaning up pkgdir
