pigz: not found
>>> py3-markupsafe: Building main/py3-markupsafe 3.0.2-r0 (using abuild 3.14.1-r4) started Fri, 16 May 2025 20:37:27 +0000
>>> py3-markupsafe: Validating /home/packager/aports/main/py3-markupsafe/APKBUILD...
>>> py3-markupsafe: Analyzing dependencies...
>>> py3-markupsafe: Installing for build: build-base python3 python3-dev py3-gpep517 py3-setuptools py3-wheel pytest
(1/33) Installing libbz2 (1.0.8-r6)
(2/33) Installing libffi (3.4.7-r0)
(3/33) Installing gdbm (1.24-r0)
(4/33) Installing xz-libs (5.6.3-r1)
(5/33) Installing mpdecimal (4.0.0-r0)
(6/33) Installing libpanelw (6.5_p20250503-r0)
(7/33) Installing sqlite-libs (3.49.2-r0)
(8/33) Installing python3 (3.12.10-r0)
(9/33) Installing python3-pycache-pyc0 (3.12.10-r0)
(10/33) Installing pyc (3.12.10-r0)
(11/33) Installing python3-pyc (3.12.10-r0)
(12/33) Installing python3-dev (3.12.10-r0)
(13/33) Installing py3-installer (0.7.0-r2)
(14/33) Installing py3-installer-pyc (0.7.0-r2)
(15/33) Installing py3-gpep517 (19-r0)
(16/33) Installing py3-gpep517-pyc (19-r0)
(17/33) Installing py3-parsing (3.2.3-r0)
(18/33) Installing py3-parsing-pyc (3.2.3-r0)
(19/33) Installing py3-packaging (25.0-r0)
(20/33) Installing py3-packaging-pyc (25.0-r0)
(21/33) Installing py3-setuptools (80.3.1-r0)
(22/33) Installing py3-setuptools-pyc (80.3.1-r0)
(23/33) Installing py3-wheel (0.46.1-r0)
(24/33) Installing py3-wheel-pyc (0.46.1-r0)
(25/33) Installing py3-iniconfig (2.1.0-r0)
(26/33) Installing py3-iniconfig-pyc (2.1.0-r0)
(27/33) Installing py3-pluggy (1.5.0-r0)
(28/33) Installing py3-pluggy-pyc (1.5.0-r0)
(29/33) Installing py3-py (1.11.0-r4)
(30/33) Installing py3-py-pyc (1.11.0-r4)
(31/33) Installing py3-pytest (8.3.5-r0)
(32/33) Installing py3-pytest-pyc (8.3.5-r0)
(33/33) Installing .makedepends-py3-markupsafe (20250516.203728)
Executing busybox-1.37.0-r12.trigger
OK: 400 MiB in 107 packages
>>> py3-markupsafe: Cleaning up srcdir
>>> py3-markupsafe: Cleaning up pkgdir
>>> py3-markupsafe: Cleaning up tmpdir
>>> py3-markupsafe: Fetching https://files.pythonhosted.org/packages/source/M/MarkupSafe/markupsafe-3.0.2.tar.gz
Connecting to files.pythonhosted.org (151.101.128.223:443)
Connecting to files.pythonhosted.org (151.101.128.223:443)
saving to '/var/cache/distfiles/markupsafe-3.0.2.tar.gz.part'
markupsafe-3.0.2.tar 100% |********************************| 20537  0:00:00 ETA
'/var/cache/distfiles/markupsafe-3.0.2.tar.gz.part' saved
>>> py3-markupsafe: Fetching https://files.pythonhosted.org/packages/source/M/MarkupSafe/markupsafe-3.0.2.tar.gz
>>> py3-markupsafe: Checking sha512sums...
markupsafe-3.0.2.tar.gz: OK
>>> py3-markupsafe: Unpacking /var/cache/distfiles/markupsafe-3.0.2.tar.gz...
2025-05-16 20:37:30,254 gpep517 INFO Building wheel via backend setuptools.build_meta
/usr/lib/python3.12/site-packages/setuptools/config/_apply_pyprojecttoml.py:82: SetuptoolsDeprecationWarning: `project.license` as a TOML table is deprecated
!!

        ********************************************************************************
        Please use a simple string containing a SPDX expression for `project.license`. You can also use `project.license-files`. (Both options available on setuptools>=77.0.0).

        By 2026-Feb-18, you need to update your project and remove deprecated calls
        or your builds will no longer be supported.

        See https://packaging.python.org/en/latest/guides/writing-pyproject-toml/#license for details.
        ********************************************************************************

!!
  corresp(dist, value, root_dir)
/usr/lib/python3.12/site-packages/setuptools/config/_apply_pyprojecttoml.py:61: SetuptoolsDeprecationWarning: License classifiers are deprecated.
!!

        ********************************************************************************
        Please consider removing the following classifiers in favor of a SPDX license expression:

        License :: OSI Approved :: BSD License

        See https://packaging.python.org/en/latest/guides/writing-pyproject-toml/#license for details.
        ********************************************************************************

!!
  dist._finalize_license_expression()
/usr/lib/python3.12/site-packages/setuptools/dist.py:761: SetuptoolsDeprecationWarning: License classifiers are deprecated.
!!

        ********************************************************************************
        Please consider removing the following classifiers in favor of a SPDX license expression:

        License :: OSI Approved :: BSD License

        See https://packaging.python.org/en/latest/guides/writing-pyproject-toml/#license for details.
        ********************************************************************************

!!
  self._finalize_license_expression()
2025-05-16 20:37:30,315 root INFO running bdist_wheel
2025-05-16 20:37:30,326 root INFO running build
2025-05-16 20:37:30,326 root INFO running build_py
2025-05-16 20:37:30,328 root INFO creating build/lib.linux-x86_64-cpython-312/markupsafe
2025-05-16 20:37:30,329 root INFO copying src/markupsafe/_native.py -> build/lib.linux-x86_64-cpython-312/markupsafe
2025-05-16 20:37:30,329 root INFO copying src/markupsafe/__init__.py -> build/lib.linux-x86_64-cpython-312/markupsafe
2025-05-16 20:37:30,329 root INFO running egg_info
2025-05-16 20:37:30,332 root INFO writing src/MarkupSafe.egg-info/PKG-INFO
2025-05-16 20:37:30,351 root INFO writing dependency_links to src/MarkupSafe.egg-info/dependency_links.txt
2025-05-16 20:37:30,351 root INFO writing top-level names to src/MarkupSafe.egg-info/top_level.txt
2025-05-16 20:37:30,359 root INFO reading manifest file 'src/MarkupSafe.egg-info/SOURCES.txt'
2025-05-16 20:37:30,360 root INFO reading manifest template 'MANIFEST.in'
2025-05-16 20:37:30,361 root WARNING no previously-included directories found matching 'docs/_build'
2025-05-16 20:37:30,362 root WARNING warning: no previously-included files matching '*.pyc' found anywhere in distribution
2025-05-16 20:37:30,362 root INFO adding license file 'LICENSE.txt'
2025-05-16 20:37:30,364 root INFO writing manifest file 'src/MarkupSafe.egg-info/SOURCES.txt'
2025-05-16 20:37:30,364 root INFO copying src/markupsafe/_speedups.c -> build/lib.linux-x86_64-cpython-312/markupsafe
2025-05-16 20:37:30,365 root INFO copying src/markupsafe/_speedups.pyi -> build/lib.linux-x86_64-cpython-312/markupsafe
2025-05-16 20:37:30,365 root INFO copying src/markupsafe/py.typed -> build/lib.linux-x86_64-cpython-312/markupsafe
2025-05-16 20:37:30,365 root INFO running build_ext
2025-05-16 20:37:30,367 root INFO building 'markupsafe._speedups' extension
2025-05-16 20:37:30,368 root INFO creating build/temp.linux-x86_64-cpython-312/src/markupsafe
2025-05-16 20:37:30,368 root INFO gcc -Os -fstack-clash-protection -Wformat -Werror=format-security -fno-plt -fPIC -I/usr/include/python3.12 -c src/markupsafe/_speedups.c -o build/temp.linux-x86_64-cpython-312/src/markupsafe/_speedups.o
2025-05-16 20:37:30,685 root INFO gcc -shared -Wl,--as-needed,-O1,--sort-common -Wl,-z,pack-relative-relocs -Os -fstack-clash-protection -Wformat -Werror=format-security -fno-plt build/temp.linux-x86_64-cpython-312/src/markupsafe/_speedups.o -L/usr/lib -o build/lib.linux-x86_64-cpython-312/markupsafe/_speedups.cpython-312-x86_64-linux-musl.so
2025-05-16 20:37:30,710 root INFO installing to build/bdist.linux-x86_64/wheel
2025-05-16 20:37:30,710 root INFO running install
2025-05-16 20:37:30,720 root INFO running install_lib
2025-05-16 20:37:30,722 root INFO creating build/bdist.linux-x86_64/wheel
2025-05-16 20:37:30,723 root INFO creating build/bdist.linux-x86_64/wheel/markupsafe
2025-05-16 20:37:30,723 root INFO copying build/lib.linux-x86_64-cpython-312/markupsafe/py.typed -> build/bdist.linux-x86_64/wheel/./markupsafe
2025-05-16 20:37:30,723 root INFO copying build/lib.linux-x86_64-cpython-312/markupsafe/_native.py -> build/bdist.linux-x86_64/wheel/./markupsafe
2025-05-16 20:37:30,723 root INFO copying build/lib.linux-x86_64-cpython-312/markupsafe/_speedups.cpython-312-x86_64-linux-musl.so -> build/bdist.linux-x86_64/wheel/./markupsafe
2025-05-16 20:37:30,723 root INFO copying build/lib.linux-x86_64-cpython-312/markupsafe/__init__.py -> build/bdist.linux-x86_64/wheel/./markupsafe
2025-05-16 20:37:30,723 root INFO copying build/lib.linux-x86_64-cpython-312/markupsafe/_speedups.c -> build/bdist.linux-x86_64/wheel/./markupsafe
2025-05-16 20:37:30,724 root INFO copying build/lib.linux-x86_64-cpython-312/markupsafe/_speedups.pyi -> build/bdist.linux-x86_64/wheel/./markupsafe
2025-05-16 20:37:30,724 root INFO running install_egg_info
2025-05-16 20:37:30,726 root INFO Copying src/MarkupSafe.egg-info to build/bdist.linux-x86_64/wheel/./MarkupSafe-3.0.2-py3.12.egg-info
2025-05-16 20:37:30,727 root INFO running install_scripts
2025-05-16 20:37:30,732 root INFO creating build/bdist.linux-x86_64/wheel/markupsafe-3.0.2.dist-info/WHEEL
2025-05-16 20:37:30,732 wheel INFO creating '/home/packager/aports/main/py3-markupsafe/src/markupsafe-3.0.2/.dist/.tmp-9vfu3aqr/markupsafe-3.0.2-cp312-cp312-linux_x86_64.whl' and adding 'build/bdist.linux-x86_64/wheel' to it
2025-05-16 20:37:30,733 wheel INFO adding 'markupsafe/__init__.py'
2025-05-16 20:37:30,733 wheel INFO adding 'markupsafe/_native.py'
2025-05-16 20:37:30,733 wheel INFO adding 'markupsafe/_speedups.c'
2025-05-16 20:37:30,733 wheel INFO adding 'markupsafe/_speedups.cpython-312-x86_64-linux-musl.so'
2025-05-16 20:37:30,734 wheel INFO adding 'markupsafe/_speedups.pyi'
2025-05-16 20:37:30,734 wheel INFO adding 'markupsafe/py.typed'
2025-05-16 20:37:30,734 wheel INFO adding 'markupsafe-3.0.2.dist-info/licenses/LICENSE.txt'
2025-05-16 20:37:30,734 wheel INFO adding 'markupsafe-3.0.2.dist-info/METADATA'
2025-05-16 20:37:30,734 wheel INFO adding 'markupsafe-3.0.2.dist-info/WHEEL'
2025-05-16 20:37:30,735 wheel INFO adding 'markupsafe-3.0.2.dist-info/top_level.txt'
2025-05-16 20:37:30,735 wheel INFO adding 'markupsafe-3.0.2.dist-info/RECORD'
2025-05-16 20:37:30,735 root INFO removing build/bdist.linux-x86_64/wheel
2025-05-16 20:37:30,736 gpep517 INFO The backend produced .dist/markupsafe-3.0.2-cp312-cp312-linux_x86_64.whl
markupsafe-3.0.2-cp312-cp312-linux_x86_64.whl
============================= test session starts ==============================
platform linux -- Python 3.12.10, pytest-8.3.5, pluggy-1.5.0
rootdir: /home/packager/aports/main/py3-markupsafe/src/markupsafe-3.0.2
configfile: pyproject.toml
testpaths: tests
collected 78 items

tests/test_escape.py ............                                        [ 15%]
tests/test_exception_custom_html.py .                                    [ 16%]
tests/test_leak.py .                                                     [ 17%]
tests/test_markupsafe.py .........................                       [ 50%]
tests/test_escape.py ............                                        [ 65%]
tests/test_exception_custom_html.py .                                    [ 66%]
tests/test_leak.py .                                                     [ 67%]
tests/test_markupsafe.py .........................                       [100%]

============================== 78 passed in 0.34s ==============================
>>> py3-markupsafe: Entering fakeroot...
>>> py3-markupsafe-pyc*: Running split function pyc...
'usr/lib/python3.12/site-packages/markupsafe/__pycache__' -> '/home/packager/aports/main/py3-markupsafe/pkg/py3-markupsafe-pyc/usr/lib/python3.12/site-packages/markupsafe/__pycache__'
>>> py3-markupsafe-pyc*: Preparing subpackage py3-markupsafe-pyc...
>>> py3-markupsafe-pyc*: Running postcheck for py3-markupsafe-pyc
>>> py3-markupsafe*: Running postcheck for py3-markupsafe
>>> py3-markupsafe*: Preparing package py3-markupsafe...
>>> py3-markupsafe*: Stripping binaries
>>> py3-markupsafe-pyc*: Scanning shared objects
>>> py3-markupsafe*: Scanning shared objects
>>> py3-markupsafe-pyc*: Tracing dependencies...
	python3
	python3~3.12
>>> py3-markupsafe-pyc*: Package size: 21.0 KB
>>> py3-markupsafe-pyc*: Compressing data...
>>> py3-markupsafe-pyc*: Create checksum...
pigz: not found
>>> py3-markupsafe-pyc*: Create py3-markupsafe-pyc-3.0.2-r0.apk
>>> py3-markupsafe*: Tracing dependencies...
	python3
	python3~3.12
	so:libc.musl-x86_64.so.1
>>> py3-markupsafe*: Package size: 33.3 KB
>>> py3-markupsafe*: Compressing data...
>>> py3-markupsafe*: Create checksum...
pigz: not found
>>> py3-markupsafe*: Create py3-markupsafe-3.0.2-r0.apk
>>> py3-markupsafe: Build complete at Fri, 16 May 2025 20:37:32 +0000 elapsed time 0h 0m 5s
>>> py3-markupsafe: Cleaning up srcdir
>>> py3-markupsafe: Cleaning up pkgdir
>>> py3-markupsafe: Uninstalling dependencies...
(1/33) Purging .makedepends-py3-markupsafe (20250516.203728)
(2/33) Purging python3-dev (3.12.10-r0)
(3/33) Purging py3-gpep517-pyc (19-r0)
(4/33) Purging py3-gpep517 (19-r0)
(5/33) Purging py3-installer-pyc (0.7.0-r2)
(6/33) Purging py3-installer (0.7.0-r2)
(7/33) Purging py3-setuptools-pyc (80.3.1-r0)
(8/33) Purging py3-setuptools (80.3.1-r0)
(9/33) Purging py3-wheel-pyc (0.46.1-r0)
(10/33) Purging py3-wheel (0.46.1-r0)
(11/33) Purging py3-iniconfig-pyc (2.1.0-r0)
(12/33) Purging py3-packaging-pyc (25.0-r0)
(13/33) Purging py3-parsing-pyc (3.2.3-r0)
(14/33) Purging py3-pluggy-pyc (1.5.0-r0)
(15/33) Purging py3-py-pyc (1.11.0-r4)
(16/33) Purging py3-pytest-pyc (8.3.5-r0)
(17/33) Purging py3-pytest (8.3.5-r0)
(18/33) Purging py3-iniconfig (2.1.0-r0)
(19/33) Purging py3-packaging (25.0-r0)
(20/33) Purging py3-parsing (3.2.3-r0)
(21/33) Purging py3-pluggy (1.5.0-r0)
(22/33) Purging py3-py (1.11.0-r4)
(23/33) Purging python3-pyc (3.12.10-r0)
(24/33) Purging python3-pycache-pyc0 (3.12.10-r0)
(25/33) Purging pyc (3.12.10-r0)
(26/33) Purging python3 (3.12.10-r0)
(27/33) Purging sqlite-libs (3.49.2-r0)
(28/33) Purging xz-libs (5.6.3-r1)
(29/33) Purging gdbm (1.24-r0)
(30/33) Purging libbz2 (1.0.8-r6)
(31/33) Purging libffi (3.4.7-r0)
(32/33) Purging libpanelw (6.5_p20250503-r0)
(33/33) Purging mpdecimal (4.0.0-r0)
Executing busybox-1.37.0-r12.trigger
OK: 259 MiB in 74 packages
>>> py3-markupsafe: Updating the main/x86_64 repository index...
>>> py3-markupsafe: Signing the index...
pigz: not found
