pigz: not found
>>> darkhttpd: Building main/darkhttpd 1.16-r0 (using abuild 3.14.1-r4) started Sun, 18 May 2025 09:41:57 +0000
>>> darkhttpd: Validating /home/packager/aports/main/darkhttpd/APKBUILD...
>>> darkhttpd: Analyzing dependencies...
>>> darkhttpd: Installing for build: build-base
(1/1) Installing .makedepends-darkhttpd (20250518.094159)
OK: 261 MiB in 82 packages
>>> darkhttpd: Cleaning up srcdir
>>> darkhttpd: Cleaning up pkgdir
>>> darkhttpd: Cleaning up tmpdir
>>> darkhttpd: Fetching darkhttpd-1.16.tar.gz::https://github.com/emikulic/darkhttpd/archive/v1.16.tar.gz
Connecting to github.com (140.82.121.3:443)
Connecting to codeload.github.com (140.82.121.10:443)
saving to '/var/cache/distfiles/darkhttpd-1.16.tar.gz.part'
darkhttpd-1.16.tar.g 100% |********************************| 40912  0:00:00 ETA
'/var/cache/distfiles/darkhttpd-1.16.tar.gz.part' saved
>>> darkhttpd: Fetching darkhttpd-1.16.tar.gz::https://github.com/emikulic/darkhttpd/archive/v1.16.tar.gz
>>> darkhttpd: Checking sha512sums...
darkhttpd-1.16.tar.gz: OK
darkhttpd.logrotate: OK
darkhttpd.initd: OK
darkhttpd.confd: OK
>>> darkhttpd: Unpacking /var/cache/distfiles/darkhttpd-1.16.tar.gz...
gcc -Os -fstack-clash-protection -Wformat -Werror=format-security -fno-plt -Wl,--as-needed,-O1,--sort-common -Wl,-z,pack-relative-relocs `[ \`uname\` = "SunOS" ] && echo -lsocket -lnsl -lsendfile` darkhttpd.c -o darkhttpd
>>> darkhttpd: Entering fakeroot...
>>> darkhttpd-openrc*: Running split function openrc...
'etc/conf.d' -> '/home/packager/aports/main/darkhttpd/pkg/darkhttpd-openrc/etc/conf.d'
'etc/init.d' -> '/home/packager/aports/main/darkhttpd/pkg/darkhttpd-openrc/etc/init.d'
>>> darkhttpd-openrc*: Preparing subpackage darkhttpd-openrc...
>>> darkhttpd-openrc*: Running postcheck for darkhttpd-openrc
>>> darkhttpd*: Running postcheck for darkhttpd
>>> darkhttpd*: Preparing package darkhttpd...
>>> darkhttpd*: Stripping binaries
>>> darkhttpd*: Script found. /bin/sh added as a dependency for darkhttpd-1.16-r0.apk
>>> darkhttpd*: Adding .pre-install
>>> darkhttpd-openrc*: Scanning shared objects
>>> darkhttpd*: Scanning shared objects
>>> darkhttpd-openrc*: Tracing dependencies...
>>> darkhttpd-openrc*: Package size: 979.0 B
>>> darkhttpd-openrc*: Compressing data...
>>> darkhttpd-openrc*: Create checksum...
pigz: not found
>>> darkhttpd-openrc*: Create darkhttpd-openrc-1.16-r0.apk
>>> darkhttpd*: Tracing dependencies...
	/bin/sh
	so:libc.musl-x86_64.so.1
>>> darkhttpd*: Package size: 42.0 KB
>>> darkhttpd*: Compressing data...
>>> darkhttpd*: Create checksum...
pigz: not found
>>> darkhttpd*: Create darkhttpd-1.16-r0.apk
>>> darkhttpd: Build complete at Sun, 18 May 2025 09:42:01 +0000 elapsed time 0h 0m 4s
>>> darkhttpd: Cleaning up srcdir
>>> darkhttpd: Cleaning up pkgdir
>>> darkhttpd: Uninstalling dependencies...
(1/1) Purging .makedepends-darkhttpd (20250518.094159)
OK: 261 MiB in 81 packages
>>> darkhttpd: Updating the main/x86_64 repository index...
>>> darkhttpd: Signing the index...
pigz: not found
