>>> libmnl: Validating /home/packager/oily-pine/main/libmnl/APKBUILD...
>>> libmnl: Cleaning up srcdir
>>> libmnl: Cleaning up pkgdir
>>> libmnl: Cleaning up tmpdir
>>> libmnl: Fetching https://www.netfilter.org/projects/libmnl/files/libmnl-1.0.5.tar.bz2
  % Total    % Received % Xferd  Average Speed   Time    Time     Time  Current
                                 Dload  Upload   Total   Spent    Left  Speed
  0     0    0     0    0     0      0      0 --:--:-- --:--:-- --:--:--     0  0     0    0     0    0     0      0      0 --:--:-- --:--:-- --:--:--     0100  307k  100  307k    0     0   270k      0  0:00:01  0:00:01 --:--:--  270k
>>> libmnl: Fetching https://www.netfilter.org/projects/libmnl/files/libmnl-1.0.5.tar.bz2
>>> libmnl: Checking sha512sums...
libmnl-1.0.5.tar.bz2: OK
musl-fix-headers.patch: OK
>>> libmnl: Preparing build chroot...
fetch http://dl-cdn.alpinelinux.org/alpine/edge/main/x86_64/APKINDEX.tar.gz
(1/70) Installing musl (1.2.5-r10)
(2/70) Installing libcrypto3 (3.5.0-r0)
(3/70) Installing ca-certificates-bundle (20241121-r2)
(4/70) Installing libssl3 (3.5.0-r0)
(5/70) Installing zlib (1.3.1-r2)
(6/70) Installing libapk2 (2.14.9-r2)
(7/70) Installing apk-tools (2.14.9-r2)
(8/70) Installing libcap2 (2.76-r0)
(9/70) Installing libcap-getcap (2.76-r0)
(10/70) Installing fakeroot (1.37.1.1-r0)
(11/70) Installing scanelf (1.3.8-r1)
(12/70) Installing musl-utils (1.2.5-r10)
(13/70) Installing libgcc (14.3.0-r0)
(14/70) Installing libstdc++ (14.3.0-r0)
(15/70) Installing lzip (1.25-r0)
(16/70) Installing openssl (3.5.0-r0)
(17/70) Installing patch (2.8-r0)
(18/70) Installing pkgconf (2.4.3-r0)
(19/70) Installing acl-libs (2.3.2-r1)
(20/70) Installing tar (1.35-r3)
(21/70) Installing busybox (1.37.0-r18)
Executing busybox-1.37.0-r18.post-install
(22/70) Installing ssl_client (1.37.0-r18)
(23/70) Installing busybox-binsh (1.37.0-r18)
(24/70) Installing abuild (3.15.0-r0)
Executing abuild-3.15.0-r0.pre-install
(25/70) Installing abuild-sudo (3.15.0-r0)
(26/70) Installing alpine-baselayout-data (3.7.0-r0)
(27/70) Installing alpine-baselayout (3.7.0-r0)
Executing alpine-baselayout-3.7.0-r0.pre-install
Executing alpine-baselayout-3.7.0-r0.post-install
(28/70) Installing bridge (1.5-r5)
(29/70) Installing ifupdown-ng (0.12.1-r7)
(30/70) Installing openrc-user (0.62.2-r2)
(31/70) Installing openrc (0.62.2-r2)
Executing openrc-0.62.2-r2.post-install
(32/70) Installing mdev-conf (4.8-r0)
(33/70) Installing busybox-mdev-openrc (1.37.0-r18)
(34/70) Installing alpine-conf (3.20.0-r0)
(35/70) Installing alpine-keys (2.5-r0)
(36/70) Installing alpine-release (3.22.0-r0)
(37/70) Installing busybox-openrc (1.37.0-r18)
(38/70) Installing busybox-suid (1.37.0-r18)
(39/70) Installing alpine-base (3.22.0-r0)
(40/70) Installing bsd-compat-headers (0.7.2-r6)
(41/70) Installing jansson (2.14.1-r0)
(42/70) Installing zstd-libs (1.5.7-r0)
(43/70) Installing binutils (2.44-r0)
(44/70) Installing libmagic (5.46-r2)
(45/70) Installing file (5.46-r2)
(46/70) Installing libgomp (14.3.0-r0)
(47/70) Installing libatomic (14.3.0-r0)
(48/70) Installing gmp (6.3.0-r3)
(49/70) Installing isl26 (0.26-r1)
(50/70) Installing mpfr4 (4.2.1_p1-r0)
(51/70) Installing mpc1 (1.3.1-r1)
(52/70) Installing gcc (14.3.0-r0)
(53/70) Installing libstdc++-dev (14.3.0-r0)
(54/70) Installing musl-dev (1.2.5-r10)
(55/70) Installing g++ (14.3.0-r0)
(56/70) Installing make (4.4.1-r3)
(57/70) Installing fortify-headers (1.1-r5)
(58/70) Installing build-base (0.5-r3)
(59/70) Installing brotli-libs (1.1.0-r2)
(60/70) Installing c-ares (1.34.5-r0)
(61/70) Installing libunistring (1.3-r0)
(62/70) Installing libidn2 (2.3.7-r0)
(63/70) Installing nghttp2-libs (1.65.0-r0)
(64/70) Installing libpsl (0.21.5-r3)
(65/70) Installing libcurl (8.14.0-r2)
(66/70) Installing libexpat (2.7.1-r0)
(67/70) Installing pcre2 (10.43-r1)
(68/70) Installing git (2.49.0-r0)
(69/70) Installing git-init-template (2.49.0-r0)
(70/70) Installing linux-headers (6.14.2-r0)
Executing busybox-1.37.0-r18.trigger
OK: 265 MiB in 70 packages
>>> libmnl: Fetching https://www.netfilter.org/projects/libmnl/files/libmnl-1.0.5.tar.bz2
>>> libmnl: Checking sha512sums...
libmnl-1.0.5.tar.bz2: OK
musl-fix-headers.patch: OK
>>> libmnl: Unpacking /var/cache/distfiles/libmnl-1.0.5.tar.bz2...
>>> libmnl: musl-fix-headers.patch
patching file examples/netfilter/nfct-daemon.c
Hunk #1 succeeded at 21 (offset 1 line).
>>> libmnl: Updating ./build-aux/config.sub
checking build system type... x86_64-alpine-linux-musl
checking host system type... x86_64-alpine-linux-musl
checking for a BSD-compatible install... /usr/bin/install -c
checking whether build environment is sane... yes
checking for a thread-safe mkdir -p... build-aux/install-sh -c -d
checking for gawk... no
checking for mawk... no
checking for nawk... no
checking for awk... awk
checking whether make sets $(MAKE)... yes
checking whether make supports nested variables... yes
checking how to create a pax tar archive... gnutar
checking whether make supports nested variables... (cached) yes
checking for x86_64-alpine-linux-musl-gcc... cc
checking whether the C compiler works... yes
checking for C compiler default output file name... a.out
checking for suffix of executables... 
checking whether we are cross compiling... no
checking for suffix of object files... o
checking whether we are using the GNU C compiler... yes
checking whether cc accepts -g... yes
checking for cc option to accept ISO C89... none needed
checking whether cc understands -c and -o together... yes
checking whether make supports the include directive... yes (GNU style)
checking dependency style of cc... gcc3
checking how to print strings... printf
checking for a sed that does not truncate output... /bin/sed
checking for grep that handles long lines and -e... /bin/grep
checking for egrep... /bin/grep -E
checking for fgrep... /bin/grep -F
checking for ld used by cc... /usr/x86_64-alpine-linux-musl/bin/ld
checking if the linker (/usr/x86_64-alpine-linux-musl/bin/ld) is GNU ld... yes
checking for BSD- or MS-compatible name lister (nm)... /usr/bin/nm -B
checking the name lister (/usr/bin/nm -B) interface... BSD nm
checking whether ln -s works... yes
checking the maximum length of command line arguments... 98304
checking how to convert x86_64-alpine-linux-musl file names to x86_64-alpine-linux-musl format... func_convert_file_noop
checking how to convert x86_64-alpine-linux-musl file names to toolchain format... func_convert_file_noop
checking for /usr/x86_64-alpine-linux-musl/bin/ld option to reload object files... -r
checking for x86_64-alpine-linux-musl-objdump... no
checking for objdump... objdump
checking how to recognize dependent libraries... pass_all
checking for x86_64-alpine-linux-musl-dlltool... no
checking for dlltool... no
checking how to associate runtime and link libraries... printf %s\n
checking for x86_64-alpine-linux-musl-ar... no
checking for ar... ar
checking for archiver @FILE support... @
checking for x86_64-alpine-linux-musl-strip... no
checking for strip... strip
checking for x86_64-alpine-linux-musl-ranlib... no
checking for ranlib... ranlib
checking command to parse /usr/bin/nm -B output from cc object... ok
checking for sysroot... no
checking for a working dd... /bin/dd
checking how to truncate binary pipes... /bin/dd bs=4096 count=1
checking for x86_64-alpine-linux-musl-mt... no
checking for mt... no
checking if : is a manifest tool... no
checking how to run the C preprocessor... cc -E
checking for ANSI C header files... yes
checking for sys/types.h... yes
checking for sys/stat.h... yes
checking for stdlib.h... yes
checking for string.h... yes
checking for memory.h... yes
checking for strings.h... yes
checking for inttypes.h... yes
checking for stdint.h... yes
checking for unistd.h... yes
checking for dlfcn.h... yes
checking for objdir... .libs
checking if cc supports -fno-rtti -fno-exceptions... no
checking for cc option to produce PIC... -fPIC -DPIC
checking if cc PIC flag -fPIC -DPIC works... yes
checking if cc static flag -static works... yes
checking if cc supports -c -o file.o... yes
checking if cc supports -c -o file.o... (cached) yes
checking whether the cc linker (/usr/x86_64-alpine-linux-musl/bin/ld -m elf_x86_64) supports shared libraries... yes
checking whether -lc should be explicitly linked in... no
checking dynamic linker characteristics... GNU/Linux ld.so
checking how to hardcode library paths into programs... immediate
checking whether stripping libraries is possible... yes
checking if libtool supports shared libraries... yes
checking whether to build shared libraries... yes
checking whether to build static libraries... yes
checking whether compiler accepts -fvisibility=hidden... yes
checking for doxygen... no
checking for dot... no
configure: WARNING: Doxygen not found - continuing without Doxygen support
checking that generated files are newer than configure... done
configure: creating ./config.status
config.status: creating Makefile
config.status: creating src/Makefile
config.status: creating include/Makefile
config.status: creating include/libmnl/Makefile
config.status: creating include/linux/Makefile
config.status: creating include/linux/netfilter/Makefile
config.status: creating examples/Makefile
config.status: creating examples/genl/Makefile
config.status: creating examples/kobject/Makefile
config.status: creating examples/netfilter/Makefile
config.status: creating examples/rtnl/Makefile
config.status: creating libmnl.pc
config.status: creating doxygen.cfg
config.status: creating doxygen/Makefile
config.status: creating config.h
config.status: executing depfiles commands
config.status: executing libtool commands

libmnl configuration:
  doxygen:          no
Making check in src
make[1]: Entering directory '/tmp/src/libmnl-1.0.5/src'
  CC       socket.lo
  CC       callback.lo
  CC       nlmsg.lo
  CC       attr.lo
  CCLD     libmnl.la
make[1]: Leaving directory '/tmp/src/libmnl-1.0.5/src'
Making check in include
make[1]: Entering directory '/tmp/src/libmnl-1.0.5/include'
Making check in libmnl
make[2]: Entering directory '/tmp/src/libmnl-1.0.5/include/libmnl'
make[2]: Nothing to be done for 'check'.
make[2]: Leaving directory '/tmp/src/libmnl-1.0.5/include/libmnl'
Making check in linux
make[2]: Entering directory '/tmp/src/libmnl-1.0.5/include/linux'
Making check in netfilter
make[3]: Entering directory '/tmp/src/libmnl-1.0.5/include/linux/netfilter'
make[3]: Nothing to be done for 'check'.
make[3]: Leaving directory '/tmp/src/libmnl-1.0.5/include/linux/netfilter'
make[3]: Entering directory '/tmp/src/libmnl-1.0.5/include/linux'
make[3]: Nothing to be done for 'check-am'.
make[3]: Leaving directory '/tmp/src/libmnl-1.0.5/include/linux'
make[2]: Leaving directory '/tmp/src/libmnl-1.0.5/include/linux'
make[2]: Entering directory '/tmp/src/libmnl-1.0.5/include'
make[2]: Nothing to be done for 'check-am'.
make[2]: Leaving directory '/tmp/src/libmnl-1.0.5/include'
make[1]: Leaving directory '/tmp/src/libmnl-1.0.5/include'
Making check in examples
make[1]: Entering directory '/tmp/src/libmnl-1.0.5/examples'
Making check in genl
make[2]: Entering directory '/tmp/src/libmnl-1.0.5/examples/genl'
make  genl-family-get genl-group-events
make[3]: Entering directory '/tmp/src/libmnl-1.0.5/examples/genl'
  CC       genl-family-get.o
  CC       genl-group-events.o
  CCLD     genl-group-events
  CCLD     genl-family-get
make[3]: Leaving directory '/tmp/src/libmnl-1.0.5/examples/genl'
make[2]: Leaving directory '/tmp/src/libmnl-1.0.5/examples/genl'
Making check in kobject
make[2]: Entering directory '/tmp/src/libmnl-1.0.5/examples/kobject'
make  kobject-event
make[3]: Entering directory '/tmp/src/libmnl-1.0.5/examples/kobject'
  CC       kobject-event.o
  CCLD     kobject-event
make[3]: Leaving directory '/tmp/src/libmnl-1.0.5/examples/kobject'
make[2]: Leaving directory '/tmp/src/libmnl-1.0.5/examples/kobject'
Making check in netfilter
make[2]: Entering directory '/tmp/src/libmnl-1.0.5/examples/netfilter'
make  nf-queue nf-log nfct-dump nfct-event nfct-create-batch nfct-daemon
make[3]: Entering directory '/tmp/src/libmnl-1.0.5/examples/netfilter'
  CC       nf-queue.o
  CC       nf-log.o
  CC       nfct-dump.o
  CC       nfct-event.o
  CC       nfct-create-batch.o
  CC       nfct-daemon.o
  CCLD     nf-log
  CCLD     nfct-create-batch
  CCLD     nfct-event
  CCLD     nfct-dump
  CCLD     nf-queue
  CCLD     nfct-daemon
make[3]: Leaving directory '/tmp/src/libmnl-1.0.5/examples/netfilter'
make[2]: Leaving directory '/tmp/src/libmnl-1.0.5/examples/netfilter'
Making check in rtnl
make[2]: Entering directory '/tmp/src/libmnl-1.0.5/examples/rtnl'
make  rtnl-addr-add rtnl-addr-dump rtnl-link-dump rtnl-link-dump2 rtnl-link-dump3 rtnl-link-event rtnl-link-set rtnl-route-add rtnl-route-dump rtnl-route-event rtnl-neigh-dump
make[3]: Entering directory '/tmp/src/libmnl-1.0.5/examples/rtnl'
  CC       rtnl-addr-add.o
  CC       rtnl-addr-dump.o
  CC       rtnl-link-dump.o
  CC       rtnl-link-dump2.o
  CC       rtnl-link-dump3.o
  CC       rtnl-link-event.o
  CC       rtnl-link-set.o
  CC       rtnl-route-add.o
  CC       rtnl-route-dump.o
  CC       rtnl-route-event.o
  CC       rtnl-neigh-dump.o
  CCLD     rtnl-link-dump3
  CCLD     rtnl-addr-add
  CCLD     rtnl-link-event
  CCLD     rtnl-link-dump
  CCLD     rtnl-addr-dump
  CCLD     rtnl-link-dump2
  CCLD     rtnl-link-set
  CCLD     rtnl-neigh-dump
  CCLD     rtnl-route-add
  CCLD     rtnl-route-event
  CCLD     rtnl-route-dump
make[3]: Leaving directory '/tmp/src/libmnl-1.0.5/examples/rtnl'
make[2]: Leaving directory '/tmp/src/libmnl-1.0.5/examples/rtnl'
make[2]: Entering directory '/tmp/src/libmnl-1.0.5/examples'
make[2]: Nothing to be done for 'check-am'.
make[2]: Leaving directory '/tmp/src/libmnl-1.0.5/examples'
make[1]: Leaving directory '/tmp/src/libmnl-1.0.5/examples'
Making check in doxygen
make[1]: Entering directory '/tmp/src/libmnl-1.0.5/doxygen'
make[1]: Nothing to be done for 'check'.
make[1]: Leaving directory '/tmp/src/libmnl-1.0.5/doxygen'
make[1]: Entering directory '/tmp/src/libmnl-1.0.5'
make[1]: Nothing to be done for 'check-am'.
make[1]: Leaving directory '/tmp/src/libmnl-1.0.5'
>>> libmnl: Entering fakeroot...
Making install in src
make[1]: Entering directory '/tmp/src/libmnl-1.0.5/src'
make[2]: Entering directory '/tmp/src/libmnl-1.0.5/src'
make[2]: Nothing to be done for 'install-data-am'.
 ../build-aux/install-sh -c -d '/tmp/pkg/libmnl/usr/lib'
 /bin/sh ../libtool   --mode=install /usr/bin/install -c   libmnl.la '/tmp/pkg/libmnl/usr/lib'
libtool: install: /usr/bin/install -c .libs/libmnl.so.0.2.0 /tmp/pkg/libmnl/usr/lib/libmnl.so.0.2.0
libtool: install: (cd /tmp/pkg/libmnl/usr/lib && { ln -s -f libmnl.so.0.2.0 libmnl.so.0 || { rm -f libmnl.so.0 && ln -s libmnl.so.0.2.0 libmnl.so.0; }; })
libtool: install: (cd /tmp/pkg/libmnl/usr/lib && { ln -s -f libmnl.so.0.2.0 libmnl.so || { rm -f libmnl.so && ln -s libmnl.so.0.2.0 libmnl.so; }; })
libtool: install: /usr/bin/install -c .libs/libmnl.lai /tmp/pkg/libmnl/usr/lib/libmnl.la
libtool: install: /usr/bin/install -c .libs/libmnl.a /tmp/pkg/libmnl/usr/lib/libmnl.a
libtool: install: chmod 644 /tmp/pkg/libmnl/usr/lib/libmnl.a
libtool: install: ranlib /tmp/pkg/libmnl/usr/lib/libmnl.a
libtool: warning: remember to run 'libtool --finish /usr/lib'
make[2]: Leaving directory '/tmp/src/libmnl-1.0.5/src'
make[1]: Leaving directory '/tmp/src/libmnl-1.0.5/src'
Making install in include
make[1]: Entering directory '/tmp/src/libmnl-1.0.5/include'
Making install in libmnl
make[2]: Entering directory '/tmp/src/libmnl-1.0.5/include/libmnl'
make[3]: Entering directory '/tmp/src/libmnl-1.0.5/include/libmnl'
make[3]: Nothing to be done for 'install-exec-am'.
 ../../build-aux/install-sh -c -d '/tmp/pkg/libmnl/usr/include/libmnl'
 /usr/bin/install -c -m 644 libmnl.h '/tmp/pkg/libmnl/usr/include/libmnl'
make[3]: Leaving directory '/tmp/src/libmnl-1.0.5/include/libmnl'
make[2]: Leaving directory '/tmp/src/libmnl-1.0.5/include/libmnl'
Making install in linux
make[2]: Entering directory '/tmp/src/libmnl-1.0.5/include/linux'
Making install in netfilter
make[3]: Entering directory '/tmp/src/libmnl-1.0.5/include/linux/netfilter'
make[4]: Entering directory '/tmp/src/libmnl-1.0.5/include/linux/netfilter'
make[4]: Nothing to be done for 'install-exec-am'.
make[4]: Nothing to be done for 'install-data-am'.
make[4]: Leaving directory '/tmp/src/libmnl-1.0.5/include/linux/netfilter'
make[3]: Leaving directory '/tmp/src/libmnl-1.0.5/include/linux/netfilter'
make[3]: Entering directory '/tmp/src/libmnl-1.0.5/include/linux'
make[4]: Entering directory '/tmp/src/libmnl-1.0.5/include/linux'
make[4]: Nothing to be done for 'install-exec-am'.
make[4]: Nothing to be done for 'install-data-am'.
make[4]: Leaving directory '/tmp/src/libmnl-1.0.5/include/linux'
make[3]: Leaving directory '/tmp/src/libmnl-1.0.5/include/linux'
make[2]: Leaving directory '/tmp/src/libmnl-1.0.5/include/linux'
make[2]: Entering directory '/tmp/src/libmnl-1.0.5/include'
make[3]: Entering directory '/tmp/src/libmnl-1.0.5/include'
make[3]: Nothing to be done for 'install-exec-am'.
make[3]: Nothing to be done for 'install-data-am'.
make[3]: Leaving directory '/tmp/src/libmnl-1.0.5/include'
make[2]: Leaving directory '/tmp/src/libmnl-1.0.5/include'
make[1]: Leaving directory '/tmp/src/libmnl-1.0.5/include'
Making install in examples
make[1]: Entering directory '/tmp/src/libmnl-1.0.5/examples'
Making install in genl
make[2]: Entering directory '/tmp/src/libmnl-1.0.5/examples/genl'
make[3]: Entering directory '/tmp/src/libmnl-1.0.5/examples/genl'
make[3]: Nothing to be done for 'install-exec-am'.
make[3]: Nothing to be done for 'install-data-am'.
make[3]: Leaving directory '/tmp/src/libmnl-1.0.5/examples/genl'
make[2]: Leaving directory '/tmp/src/libmnl-1.0.5/examples/genl'
Making install in kobject
make[2]: Entering directory '/tmp/src/libmnl-1.0.5/examples/kobject'
make[3]: Entering directory '/tmp/src/libmnl-1.0.5/examples/kobject'
make[3]: Nothing to be done for 'install-exec-am'.
make[3]: Nothing to be done for 'install-data-am'.
make[3]: Leaving directory '/tmp/src/libmnl-1.0.5/examples/kobject'
make[2]: Leaving directory '/tmp/src/libmnl-1.0.5/examples/kobject'
Making install in netfilter
make[2]: Entering directory '/tmp/src/libmnl-1.0.5/examples/netfilter'
make[3]: Entering directory '/tmp/src/libmnl-1.0.5/examples/netfilter'
make[3]: Nothing to be done for 'install-exec-am'.
make[3]: Nothing to be done for 'install-data-am'.
make[3]: Leaving directory '/tmp/src/libmnl-1.0.5/examples/netfilter'
make[2]: Leaving directory '/tmp/src/libmnl-1.0.5/examples/netfilter'
Making install in rtnl
make[2]: Entering directory '/tmp/src/libmnl-1.0.5/examples/rtnl'
make[3]: Entering directory '/tmp/src/libmnl-1.0.5/examples/rtnl'
make[3]: Nothing to be done for 'install-exec-am'.
make[3]: Nothing to be done for 'install-data-am'.
make[3]: Leaving directory '/tmp/src/libmnl-1.0.5/examples/rtnl'
make[2]: Leaving directory '/tmp/src/libmnl-1.0.5/examples/rtnl'
make[2]: Entering directory '/tmp/src/libmnl-1.0.5/examples'
make[3]: Entering directory '/tmp/src/libmnl-1.0.5/examples'
make[3]: Nothing to be done for 'install-exec-am'.
make[3]: Nothing to be done for 'install-data-am'.
make[3]: Leaving directory '/tmp/src/libmnl-1.0.5/examples'
make[2]: Leaving directory '/tmp/src/libmnl-1.0.5/examples'
make[1]: Leaving directory '/tmp/src/libmnl-1.0.5/examples'
Making install in doxygen
make[1]: Entering directory '/tmp/src/libmnl-1.0.5/doxygen'
make[2]: Entering directory '/tmp/src/libmnl-1.0.5/doxygen'
make[2]: Nothing to be done for 'install-exec-am'.
make[2]: Nothing to be done for 'install-data-am'.
make[2]: Leaving directory '/tmp/src/libmnl-1.0.5/doxygen'
make[1]: Leaving directory '/tmp/src/libmnl-1.0.5/doxygen'
make[1]: Entering directory '/tmp/src/libmnl-1.0.5'
make[2]: Entering directory '/tmp/src/libmnl-1.0.5'
make[2]: Nothing to be done for 'install-exec-am'.
 build-aux/install-sh -c -d '/tmp/pkg/libmnl/usr/lib/pkgconfig'
 /usr/bin/install -c -m 644 libmnl.pc '/tmp/pkg/libmnl/usr/lib/pkgconfig'
make[2]: Leaving directory '/tmp/src/libmnl-1.0.5'
make[1]: Leaving directory '/tmp/src/libmnl-1.0.5'
>>> libmnl-static*: Running split function static...
'usr/lib/libmnl.a' -> '/tmp/pkg/libmnl-static/usr/lib/libmnl.a'
>>> libmnl-static*: Preparing subpackage libmnl-static...
>>> libmnl-static*: Stripping binaries
>>> libmnl-static*: Running postcheck for libmnl-static
>>> libmnl-dev*: Running split function dev...
'usr/include' -> '/tmp/pkg/libmnl-dev/usr/include'
'usr/lib/pkgconfig' -> '/tmp/pkg/libmnl-dev/usr/lib/pkgconfig'
'usr/lib/libmnl.so' -> '/tmp/pkg/libmnl-dev/usr/lib/libmnl.so'
>>> libmnl-dev*: Preparing subpackage libmnl-dev...
>>> libmnl-dev*: Stripping binaries
>>> libmnl-dev*: Running postcheck for libmnl-dev
>>> libmnl*: Running postcheck for libmnl
>>> libmnl*: Preparing package libmnl...
>>> libmnl*: Stripping binaries
>>> libmnl-dev*: Scanning shared objects
>>> libmnl-static*: Scanning shared objects
>>> libmnl*: Scanning shared objects
>>> libmnl-dev*: Tracing dependencies...
	linux-headers
	libmnl=1.0.5-r2
	pkgconfig
>>> libmnl-dev*: Package size: 8.2 KB
>>> libmnl-dev*: Compressing data...
>>> libmnl-dev*: Create checksum...
>>> libmnl-dev*: Create libmnl-dev-1.0.5-r2.apk
>>> libmnl-static*: Tracing dependencies...
>>> libmnl-static*: Package size: 22.3 KB
>>> libmnl-static*: Compressing data...
>>> libmnl-static*: Create checksum...
>>> libmnl-static*: Create libmnl-static-1.0.5-r2.apk
>>> libmnl*: Tracing dependencies...
	so:libc.musl-x86_64.so.1
>>> libmnl*: Package size: 25.8 KB
>>> libmnl*: Compressing data...
>>> libmnl*: Create checksum...
>>> libmnl*: Create libmnl-1.0.5-r2.apk
>>> libmnl: Updating the main/x86_64 repository index...
>>> libmnl: Signing the index...
>>> libmnl: Cleaning up srcdir
>>> libmnl: Cleaning up build chroot
>>> libmnl: Cleaning up pkgdir
