pigz: not found
>>> perl-cps: Building main/perl-cps 0.19-r5 (using abuild 3.14.1-r4) started Sun, 18 May 2025 09:16:56 +0000
>>> perl-cps: Validating /home/packager/aports/main/perl-cps/APKBUILD...
>>> perl-cps: Analyzing dependencies...
>>> perl-cps: Installing for build: build-base perl perl-future perl-dev perl-module-build perl-test-identity perl-test-refcount perl-test-fatal
(1/14) Installing libbz2 (1.0.8-r6)
(2/14) Installing perl (5.40.2-r0)
(3/14) Installing perl-future (0.51-r0)
(4/14) Installing perl-utils (5.40.2-r0)
(5/14) Installing perl-dev (5.40.2-r0)
(6/14) Installing perl-module-build (0.4234-r1)
(7/14) Installing perl-test-identity (0.01-r5)
(8/14) Installing perl-test-refcount (0.10-r5)
(9/14) Installing perl-try-tiny (0.32-r0)
(10/14) Installing perl-test-fatal (0.017-r1)
(11/14) Installing .makedepends-perl-cps (20250518.091659)
(12/14) Installing perl-error (0.17030-r0)
(13/14) Installing perl-git (2.47.2-r0)
(14/14) Installing git-perl (2.47.2-r0)
Executing busybox-1.37.0-r12.trigger
OK: 307 MiB in 95 packages
>>> perl-cps: Cleaning up srcdir
>>> perl-cps: Cleaning up pkgdir
>>> perl-cps: Cleaning up tmpdir
>>> perl-cps: Fetching https://cpan.metacpan.org/authors/id/P/PE/PEVANS/CPS-0.19.tar.gz
Connecting to cpan.metacpan.org (146.75.122.217:443)
saving to '/var/cache/distfiles/CPS-0.19.tar.gz.part'
CPS-0.19.tar.gz.part 100% |********************************| 31621  0:00:00 ETA
'/var/cache/distfiles/CPS-0.19.tar.gz.part' saved
>>> perl-cps: Fetching https://cpan.metacpan.org/authors/id/P/PE/PEVANS/CPS-0.19.tar.gz
>>> perl-cps: Checking sha512sums...
CPS-0.19.tar.gz: OK
>>> perl-cps: Unpacking /var/cache/distfiles/CPS-0.19.tar.gz...
Checking prerequisites...
  recommends:
    *  Sub::Name is not installed

ERRORS/WARNINGS FOUND IN PREREQUISITES.  You may wish to install the versions
of the modules indicated above before proceeding with this installation

Run 'Build installdeps' to install missing prerequisites.

Created MYMETA.yml and MYMETA.json
Creating new 'Build' script for 'CPS' version '0.19'
Building CPS
t/00use.t ................ ok
t/01kloop.t .............. ok
t/02kforeach.t ........... ok
t/03kdescend.t ........... ok
t/04kpar.t ............... ok
t/05kpareach.t ........... ok
t/06kseq.t ............... ok
t/10liftk.t .............. ok
t/11dropk.t .............. ok
t/20governor-simple.t .... ok
t/21governor-deferred.t .. ok
t/30governor.t ........... ok
t/31caller.t ............. skipped: No Sub::Name
t/32leakcheck.t .......... ok
t/40kmap.t ............... ok
t/41kgrep.t .............. ok
t/42kfold.t .............. ok
t/43kunfold.t ............ ok
t/99pod.t ................ skipped: Test::Pod 1.00 required for testing POD
All tests successful.
Files=19, Tests=71,  1 wallclock secs ( 0.06 usr  0.03 sys +  1.14 cusr  0.26 csys =  1.49 CPU)
Result: PASS
>>> perl-cps: Entering fakeroot...
Building CPS
Installing /home/packager/aports/main/perl-cps/pkg/perl-cps/usr/share/perl5/vendor_perl/CPS.pm
Installing /home/packager/aports/main/perl-cps/pkg/perl-cps/usr/share/perl5/vendor_perl/CPS/Governor.pm
Installing /home/packager/aports/main/perl-cps/pkg/perl-cps/usr/share/perl5/vendor_perl/CPS/Functional.pm
Installing /home/packager/aports/main/perl-cps/pkg/perl-cps/usr/share/perl5/vendor_perl/CPS/Governor/Simple.pm
Installing /home/packager/aports/main/perl-cps/pkg/perl-cps/usr/share/perl5/vendor_perl/CPS/Governor/Deferred.pm
Installing /home/packager/aports/main/perl-cps/pkg/perl-cps/usr/share/man/man3/CPS::Governor.3pm
Installing /home/packager/aports/main/perl-cps/pkg/perl-cps/usr/share/man/man3/CPS::Functional.3pm
Installing /home/packager/aports/main/perl-cps/pkg/perl-cps/usr/share/man/man3/CPS.3pm
Installing /home/packager/aports/main/perl-cps/pkg/perl-cps/usr/share/man/man3/CPS::Governor::Simple.3pm
Installing /home/packager/aports/main/perl-cps/pkg/perl-cps/usr/share/man/man3/CPS::Governor::Deferred.3pm
>>> perl-cps-doc*: Running split function doc...
'usr/share/man' -> '/home/packager/aports/main/perl-cps/pkg/perl-cps-doc/usr/share/man'
>>> perl-cps-doc*: Preparing subpackage perl-cps-doc...
>>> perl-cps-doc*: Running postcheck for perl-cps-doc
>>> perl-cps*: Running postcheck for perl-cps
>>> perl-cps*: Preparing package perl-cps...
>>> perl-cps-doc*: Tracing dependencies...
>>> perl-cps-doc*: Package size: 15.2 KB
>>> perl-cps-doc*: Compressing data...
>>> perl-cps-doc*: Create checksum...
pigz: not found
>>> perl-cps-doc*: Create perl-cps-doc-0.19-r5.apk
>>> perl-cps*: Tracing dependencies...
	perl
	perl-future
>>> perl-cps*: Package size: 36.1 KB
>>> perl-cps*: Compressing data...
>>> perl-cps*: Create checksum...
pigz: not found
>>> perl-cps*: Create perl-cps-0.19-r5.apk
>>> perl-cps: Build complete at Sun, 18 May 2025 09:17:03 +0000 elapsed time 0h 0m 7s
>>> perl-cps: Cleaning up srcdir
>>> perl-cps: Cleaning up pkgdir
>>> perl-cps: Uninstalling dependencies...
(1/14) Purging .makedepends-perl-cps (20250518.091659)
(2/14) Purging perl-future (0.51-r0)
(3/14) Purging perl-dev (5.40.2-r0)
(4/14) Purging perl-utils (5.40.2-r0)
(5/14) Purging perl-module-build (0.4234-r1)
(6/14) Purging perl-test-identity (0.01-r5)
(7/14) Purging perl-test-refcount (0.10-r5)
(8/14) Purging perl-test-fatal (0.017-r1)
(9/14) Purging perl-try-tiny (0.32-r0)
(10/14) Purging git-perl (2.47.2-r0)
(11/14) Purging perl-git (2.47.2-r0)
(12/14) Purging perl-error (0.17030-r0)
(13/14) Purging perl (5.40.2-r0)
(14/14) Purging libbz2 (1.0.8-r6)
Executing busybox-1.37.0-r12.trigger
OK: 261 MiB in 81 packages
>>> perl-cps: Updating the main/x86_64 repository index...
>>> perl-cps: Signing the index...
pigz: not found
