pigz: not found
>>> perl-module-pluggable: Building main/perl-module-pluggable 6.3-r0 (using abuild 3.14.1-r4) started Sun, 18 May 2025 07:52:40 +0000
>>> perl-module-pluggable: Validating /home/packager/aports/main/perl-module-pluggable/APKBUILD...
>>> perl-module-pluggable: Analyzing dependencies...
>>> perl-module-pluggable: Installing for build: build-base perl
(1/6) Installing libbz2 (1.0.8-r6)
(2/6) Installing perl (5.40.2-r0)
(3/6) Installing .makedepends-perl-module-pluggable (20250518.075241)
(4/6) Installing perl-error (0.17029-r2)
(5/6) Installing perl-git (2.47.2-r0)
(6/6) Installing git-perl (2.47.2-r0)
Executing busybox-1.37.0-r12.trigger
OK: 297 MiB in 87 packages
>>> perl-module-pluggable: Cleaning up srcdir
>>> perl-module-pluggable: Cleaning up pkgdir
>>> perl-module-pluggable: Cleaning up tmpdir
>>> perl-module-pluggable: Fetching https://cpan.metacpan.org/authors/id/S/SI/SIMONW/Module-Pluggable-6.3.tar.gz
Connecting to cpan.metacpan.org (146.75.122.217:443)
saving to '/var/cache/distfiles/Module-Pluggable-6.3.tar.gz.part'
Module-Pluggable-6.3 100% |********************************| 29053  0:00:00 ETA
'/var/cache/distfiles/Module-Pluggable-6.3.tar.gz.part' saved
>>> perl-module-pluggable: Fetching https://cpan.metacpan.org/authors/id/S/SI/SIMONW/Module-Pluggable-6.3.tar.gz
>>> perl-module-pluggable: Checking sha512sums...
Module-Pluggable-6.3.tar.gz: OK
>>> perl-module-pluggable: Unpacking /var/cache/distfiles/Module-Pluggable-6.3.tar.gz...
tar: Ignoring unknown extended header keyword 'LIBARCHIVE.xattr.com.apple.metadata:kMDItemTextContentLanguage'
tar: Ignoring unknown extended header keyword 'LIBARCHIVE.xattr.com.apple.metadata:kMDItemKeyphraseVersion'
tar: Ignoring unknown extended header keyword 'LIBARCHIVE.xattr.com.apple.metadata:kMDItemKeyphraseLabels'
tar: Ignoring unknown extended header keyword 'LIBARCHIVE.xattr.com.apple.metadata:kMDItemKeyphraseConfidences'
tar: Ignoring unknown extended header keyword 'LIBARCHIVE.xattr.com.macromates.visibleIndex'
tar: Ignoring unknown extended header keyword 'LIBARCHIVE.xattr.com.macromates.selectionRange'
tar: Ignoring unknown extended header keyword 'LIBARCHIVE.xattr.com.apple.metadata:kMDItemTextContentLanguage'
tar: Ignoring unknown extended header keyword 'LIBARCHIVE.xattr.com.apple.metadata:kMDItemKeyphraseVersion'
tar: Ignoring unknown extended header keyword 'LIBARCHIVE.xattr.com.apple.metadata:kMDItemKeyphraseLabels'
tar: Ignoring unknown extended header keyword 'LIBARCHIVE.xattr.com.apple.metadata:kMDItemKeyphraseConfidences'
tar: Ignoring unknown extended header keyword 'LIBARCHIVE.xattr.com.macromates.visibleIndex'
tar: Ignoring unknown extended header keyword 'LIBARCHIVE.xattr.com.macromates.selectionRange'
tar: Ignoring unknown extended header keyword 'LIBARCHIVE.xattr.com.macromates.visibleIndex'
tar: Ignoring unknown extended header keyword 'LIBARCHIVE.xattr.com.macromates.selectionRange'
tar: Ignoring unknown extended header keyword 'LIBARCHIVE.xattr.com.macromates.visibleIndex'
tar: Ignoring unknown extended header keyword 'LIBARCHIVE.xattr.com.macromates.selectionRange'
tar: Ignoring unknown extended header keyword 'LIBARCHIVE.xattr.com.macromates.visibleIndex'
tar: Ignoring unknown extended header keyword 'LIBARCHIVE.xattr.com.macromates.selectionRange'
tar: Ignoring unknown extended header keyword 'LIBARCHIVE.xattr.com.macromates.caret'
tar: Ignoring unknown extended header keyword 'LIBARCHIVE.xattr.com.macromates.caret'
tar: Ignoring unknown extended header keyword 'LIBARCHIVE.xattr.com.macromates.caret'
tar: Ignoring unknown extended header keyword 'LIBARCHIVE.xattr.com.macromates.caret'
tar: Ignoring unknown extended header keyword 'LIBARCHIVE.xattr.com.macromates.visibleIndex'
tar: Ignoring unknown extended header keyword 'LIBARCHIVE.xattr.com.macromates.selectionRange'
tar: Ignoring unknown extended header keyword 'LIBARCHIVE.xattr.com.macromates.visibleIndex'
tar: Ignoring unknown extended header keyword 'LIBARCHIVE.xattr.com.macromates.selectionRange'
tar: Ignoring unknown extended header keyword 'LIBARCHIVE.xattr.com.macromates.caret'
tar: Ignoring unknown extended header keyword 'LIBARCHIVE.xattr.com.macromates.caret'
tar: Ignoring unknown extended header keyword 'LIBARCHIVE.xattr.com.macromates.visibleIndex'
tar: Ignoring unknown extended header keyword 'LIBARCHIVE.xattr.com.macromates.selectionRange'
tar: Ignoring unknown extended header keyword 'LIBARCHIVE.xattr.com.macromates.caret'
tar: Ignoring unknown extended header keyword 'LIBARCHIVE.xattr.com.macromates.visibleIndex'
tar: Ignoring unknown extended header keyword 'LIBARCHIVE.xattr.com.macromates.selectionRange'
tar: Ignoring unknown extended header keyword 'LIBARCHIVE.xattr.com.macromates.visibleIndex'
tar: Ignoring unknown extended header keyword 'LIBARCHIVE.xattr.com.macromates.selectionRange'
tar: Ignoring unknown extended header keyword 'LIBARCHIVE.xattr.com.macromates.caret'
tar: Ignoring unknown extended header keyword 'LIBARCHIVE.xattr.com.macromates.caret'
tar: Ignoring unknown extended header keyword 'LIBARCHIVE.xattr.com.macromates.caret'
tar: Ignoring unknown extended header keyword 'LIBARCHIVE.xattr.com.macromates.caret'
tar: Ignoring unknown extended header keyword 'LIBARCHIVE.xattr.com.macromates.caret'
tar: Ignoring unknown extended header keyword 'LIBARCHIVE.xattr.com.macromates.caret'
tar: Ignoring unknown extended header keyword 'LIBARCHIVE.xattr.com.macromates.visibleIndex'
tar: Ignoring unknown extended header keyword 'LIBARCHIVE.xattr.com.macromates.selectionRange'
tar: Ignoring unknown extended header keyword 'LIBARCHIVE.xattr.com.macromates.visibleIndex'
tar: Ignoring unknown extended header keyword 'LIBARCHIVE.xattr.com.macromates.selectionRange'
tar: Ignoring unknown extended header keyword 'LIBARCHIVE.xattr.com.macromates.caret'
tar: Ignoring unknown extended header keyword 'LIBARCHIVE.xattr.com.macromates.visibleIndex'
tar: Ignoring unknown extended header keyword 'LIBARCHIVE.xattr.com.macromates.selectionRange'
tar: Ignoring unknown extended header keyword 'LIBARCHIVE.xattr.com.macromates.caret'
tar: Ignoring unknown extended header keyword 'LIBARCHIVE.xattr.com.macromates.visibleIndex'
tar: Ignoring unknown extended header keyword 'LIBARCHIVE.xattr.com.macromates.selectionRange'
tar: Ignoring unknown extended header keyword 'LIBARCHIVE.xattr.com.macromates.visibleIndex'
tar: Ignoring unknown extended header keyword 'LIBARCHIVE.xattr.com.macromates.selectionRange'
tar: Ignoring unknown extended header keyword 'LIBARCHIVE.xattr.com.macromates.caret'
tar: Ignoring unknown extended header keyword 'LIBARCHIVE.xattr.com.macromates.visibleIndex'
tar: Ignoring unknown extended header keyword 'LIBARCHIVE.xattr.com.macromates.selectionRange'
tar: Ignoring unknown extended header keyword 'LIBARCHIVE.xattr.com.macromates.visibleIndex'
tar: Ignoring unknown extended header keyword 'LIBARCHIVE.xattr.com.macromates.selectionRange'
tar: Ignoring unknown extended header keyword 'LIBARCHIVE.xattr.com.macromates.visibleIndex'
tar: Ignoring unknown extended header keyword 'LIBARCHIVE.xattr.com.macromates.selectionRange'
Checking if your kit is complete...
Looks good
Generating a Unix-style Makefile
Writing Makefile for Module::Pluggable
Writing MYMETA.yml and MYMETA.json
cp lib/Devel/InnerPackage.pm blib/lib/Devel/InnerPackage.pm
cp lib/Module/Pluggable.pm blib/lib/Module/Pluggable.pm
cp lib/Module/Pluggable/Object.pm blib/lib/Module/Pluggable/Object.pm
Manifying 3 pod documents
PERL_DL_NONLAZY=1 "/usr/bin/perl" "-MExtUtils::Command::MM" "-MTest::Harness" "-e" "undef *Test::Harness::Switches; test_harness(0, 'blib/lib', 'blib/arch')" t/*.t
t/01use.t .................... ok
t/02alsoworks.t .............. ok
t/02works.t .................. ok
t/02works_taint.t ............ ok
t/03diffname.t ............... ok
t/04acmedir.t ................ ok
t/04acmedir_single.t ......... ok
t/04acmepath.t ............... ok
t/04acmepath_single.t ........ ok
t/05postpath.t ............... ok
t/06multipath.t .............. ok
t/07instantiate.t ............ ok
t/08nothing.t ................ ok
t/09require.t ................ ok
t/10innerpack.t .............. ok
t/10innerpack_inner.t ........ ok
t/10innerpack_noinner.t ...... ok
t/10innerpack_onefile.t ...... ok
t/10innerpack_override.t ..... ok
t/10innerpack_super.t ........ ok
t/11usetwice.t ............... ok
t/12only.t ................... ok
t/12onlyarray.t .............. ok
t/12onlyregex.t .............. ok
t/12onlyrequire.t ............ ok
t/13except.t ................. ok
t/13exceptarray.t ............ ok
t/13exceptregex.t ............ ok
t/14package.t ................ ok
t/15topicsafe.t .............. ok
t/16different_extension.t .... ok
t/17devel_inner_package.t .... ok
t/18skipped_package.t ........ ok
t/19can_ok_clobber.t ......... ok
t/20dodgy_files.t ............ ok
t/21editor_junk.t ............ ok
t/22trigger.t ................ ok
t/23depth.t .................. ok
t/24local_inc_object.t ....... ok
t/24local_inc_package.t ...... ok
t/25single_letter_package.t .. ok
t/26inc_hook.t ............... ok
t/27app_fatpacker.t .......... skipped: App::FatPacker >= 0.10.0 not available
t/28appledouble.t ............ ok
t/29unreadable.t ............. ok
All tests successful.
Files=45, Tests=192,  4 wallclock secs ( 0.11 usr  0.06 sys +  3.47 cusr  0.57 csys =  4.21 CPU)
Result: PASS
>>> perl-module-pluggable: Entering fakeroot...
Manifying 3 pod documents
Installing /home/packager/aports/main/perl-module-pluggable/pkg/perl-module-pluggable/usr/share/perl5/vendor_perl/Module/Pluggable.pm
Installing /home/packager/aports/main/perl-module-pluggable/pkg/perl-module-pluggable/usr/share/perl5/vendor_perl/Module/Pluggable/Object.pm
Installing /home/packager/aports/main/perl-module-pluggable/pkg/perl-module-pluggable/usr/share/perl5/vendor_perl/Devel/InnerPackage.pm
Installing /home/packager/aports/main/perl-module-pluggable/pkg/perl-module-pluggable/usr/share/man/man3/Module::Pluggable.3pm
Installing /home/packager/aports/main/perl-module-pluggable/pkg/perl-module-pluggable/usr/share/man/man3/Module::Pluggable::Object.3pm
Installing /home/packager/aports/main/perl-module-pluggable/pkg/perl-module-pluggable/usr/share/man/man3/Devel::InnerPackage.3pm
>>> perl-module-pluggable-doc*: Running split function doc...
'usr/share/man' -> '/home/packager/aports/main/perl-module-pluggable/pkg/perl-module-pluggable-doc/usr/share/man'
>>> perl-module-pluggable-doc*: Preparing subpackage perl-module-pluggable-doc...
>>> perl-module-pluggable-doc*: Running postcheck for perl-module-pluggable-doc
>>> perl-module-pluggable*: Running postcheck for perl-module-pluggable
>>> perl-module-pluggable*: Preparing package perl-module-pluggable...
>>> perl-module-pluggable-doc*: Tracing dependencies...
>>> perl-module-pluggable-doc*: Package size: 7.7 KB
>>> perl-module-pluggable-doc*: Compressing data...
>>> perl-module-pluggable-doc*: Create checksum...
pigz: not found
>>> perl-module-pluggable-doc*: Create perl-module-pluggable-doc-6.3-r0.apk
>>> perl-module-pluggable*: Tracing dependencies...
	perl
>>> perl-module-pluggable*: Package size: 29.1 KB
>>> perl-module-pluggable*: Compressing data...
>>> perl-module-pluggable*: Create checksum...
pigz: not found
>>> perl-module-pluggable*: Create perl-module-pluggable-6.3-r0.apk
>>> perl-module-pluggable: Build complete at Sun, 18 May 2025 07:52:47 +0000 elapsed time 0h 0m 7s
>>> perl-module-pluggable: Cleaning up srcdir
>>> perl-module-pluggable: Cleaning up pkgdir
>>> perl-module-pluggable: Uninstalling dependencies...
(1/6) Purging .makedepends-perl-module-pluggable (20250518.075241)
(2/6) Purging git-perl (2.47.2-r0)
(3/6) Purging perl-git (2.47.2-r0)
(4/6) Purging perl-error (0.17029-r2)
(5/6) Purging perl (5.40.2-r0)
(6/6) Purging libbz2 (1.0.8-r6)
Executing busybox-1.37.0-r12.trigger
OK: 261 MiB in 81 packages
>>> perl-module-pluggable: Updating the main/x86_64 repository index...
>>> perl-module-pluggable: Signing the index...
pigz: not found
