pigz: not found
>>> diffutils: Building main/diffutils 3.12-r0 (using abuild 3.14.1-r4) started Fri, 16 May 2025 13:44:02 +0000
>>> diffutils: Validating /home/packager/aports/main/diffutils/APKBUILD...
>>> diffutils: Analyzing dependencies...
>>> diffutils: Installing for build: build-base perl
(1/6) Installing libbz2 (1.0.8-r6)
(2/6) Installing perl (5.40.2-r0)
(3/6) Installing .makedepends-diffutils (20250516.134403)
(4/6) Installing perl-error (0.17029-r2)
(5/6) Installing perl-git (2.47.2-r0)
(6/6) Installing git-perl (2.47.2-r0)
Executing busybox-1.37.0-r12.trigger
OK: 296 MiB in 80 packages
>>> diffutils: Cleaning up srcdir
>>> diffutils: Cleaning up pkgdir
>>> diffutils: Cleaning up tmpdir
>>> diffutils: Fetching https://ftp.gnu.org/pub/gnu/diffutils/diffutils-3.12.tar.xz
Connecting to ftp.gnu.org (209.51.188.20:443)
saving to '/var/cache/distfiles/diffutils-3.12.tar.xz.part'
diffutils-3.12.tar.x  11% |***                             |  218k  0:00:07 ETA
diffutils-3.12.tar.x 100% |********************************| 1893k  0:00:00 ETA
'/var/cache/distfiles/diffutils-3.12.tar.xz.part' saved
>>> diffutils: Fetching https://ftp.gnu.org/pub/gnu/diffutils/diffutils-3.12.tar.xz
>>> diffutils: Checking sha512sums...
diffutils-3.12.tar.xz: OK
>>> diffutils: Unpacking /var/cache/distfiles/diffutils-3.12.tar.xz...
checking for a BSD-compatible install... /usr/bin/install -c
checking whether sleep supports fractional seconds... yes
checking filesystem timestamp resolution... 2
checking whether build environment is sane... yes
checking for a race-free mkdir -p... /bin/mkdir -p
checking for gawk... no
checking for mawk... no
checking for nawk... no
checking for awk... awk
checking whether make sets $(MAKE)... yes
checking whether make supports nested variables... yes
checking xargs -n works... yes
checking for gawk... (cached) awk
checking for x86_64-alpine-linux-musl-gcc... gcc
checking whether the C compiler works... yes
checking for C compiler default output file name... a.out
checking for suffix of executables... 
checking whether we are cross compiling... no
checking for suffix of object files... o
checking whether the compiler supports GNU C... yes
checking whether gcc accepts -g... yes
checking for gcc option to enable C23 features... -std=gnu23
checking whether gcc -std=gnu23 understands -c and -o together... yes
checking whether the compiler is clang... no
checking for compiler option needed when checking for declarations... none
checking whether make supports the include directive... yes (GNU style)
checking dependency style of gcc -std=gnu23... gcc3
checking for x86_64-alpine-linux-musl-ranlib... no
checking for ranlib... ranlib
checking for stdio.h... yes
checking for stdlib.h... yes
checking for string.h... yes
checking for inttypes.h... yes
checking for stdint.h... yes
checking for strings.h... yes
checking for sys/stat.h... yes
checking for sys/types.h... yes
checking for unistd.h... yes
checking for wchar.h... yes
checking for minix/config.h... no
checking for stdbool.h... yes
checking for uchar.h... yes
checking for sys/param.h... yes
checking for sys/socket.h... yes
checking for dirent.h... yes
checking for error.h... no
checking for fnmatch.h... yes
checking for getopt.h... yes
checking for sys/time.h... yes
checking for threads.h... yes
checking for limits.h... yes
checking for crtdefs.h... no
checking for wctype.h... yes
checking for langinfo.h... yes
checking for xlocale.h... no
checking for sys/mman.h... yes
checking for pthread.h... yes
checking for malloc.h... yes
checking for stdbit.h... no
checking for stdckdint.h... yes
checking for sys/random.h... yes
checking for sys/wait.h... yes
checking for features.h... yes
checking for arpa/inet.h... yes
checking for netdb.h... yes
checking for netinet/in.h... yes
checking for math.h... yes
checking for priv.h... no
checking for sys/select.h... yes
checking for semaphore.h... yes
checking for sys/ioctl.h... yes
checking for sys/un.h... yes
checking for sys/uio.h... yes
checking for vfork.h... no
checking whether it is safe to define __EXTENSIONS__... yes
checking whether _XOPEN_SOURCE should be defined... no
checking build system type... x86_64-alpine-linux-musl
checking host system type... x86_64-alpine-linux-musl
checking how to run the C preprocessor... gcc -std=gnu23 -E
checking for egrep -e... /bin/grep -E
checking for Minix Amsterdam compiler... no
checking for x86_64-alpine-linux-musl-ar... no
checking for ar... ar
checking for gcc -std=gnu23 option to support large files... none needed
checking for gcc -std=gnu23 option to support timestamps after 2038... none needed
checking for size_t... yes
checking for working alloca.h... yes
checking for alloca... yes
checking whether the preprocessor supports include_next... yes
checking whether source code line length is unlimited... yes
checking for wint_t... yes
checking whether wint_t is large enough... yes
checking whether <wchar.h> uses 'inline' correctly... yes
checking for btowc... yes
checking for mbrtowc... yes
checking for mbsinit... yes
checking for _set_invalid_parameter_handler... no
checking for fchdir... yes
checking for fcntl... yes
checking for symlink... yes
checking for fdopendir... yes
checking for fnmatch... yes
checking for mbsrtowcs... yes
checking for fstatat... yes
checking for getdtablesize... yes
checking for getexecname... no
checking for gettimeofday... yes
checking for isblank... yes
checking for iswcntrl... yes
checking for lstat... yes
checking for mprotect... yes
checking for mkstemp... yes
checking for strftime_z... no
checking for openat... yes
checking for pclose... yes
checking for popen... yes
checking for readlink... yes
checking for iswctype... yes
checking for setenv... yes
checking for sigaction... yes
checking for sigaltstack... yes
checking for siginterrupt... yes
checking for setrlimit... yes
checking for getrlimit... yes
checking for __xpg_strerror_r... yes
checking for strptime... yes
checking for strtoimax... yes
checking for localtime_r... yes
checking for wcrtomb... yes
checking for wcwidth... yes
checking for pipe... yes
checking for pselect... yes
checking for pthread_sigmask... yes
checking for sleep... yes
checking for snprintf... yes
checking for shutdown... yes
checking for unlinkat... yes
checking for vasnprintf... no
checking for wctob... yes
checking for sigprocmask... yes
checking for fork... yes
checking for vfork... yes
checking for nl_langinfo and CODESET... yes
checking for a traditional french locale... none
checking for ld used by gcc -std=gnu23... /usr/x86_64-alpine-linux-musl/bin/ld
checking if the linker (/usr/x86_64-alpine-linux-musl/bin/ld) is GNU ld... yes
checking for shared library run path origin... done
checking 32-bit host C ABI... no
checking for ELF binary format... yes
checking for the common suffixes of directories in the library search path... lib,lib,lib
checking whether char8_t is correctly defined... no
checking whether char16_t is correctly defined... yes
checking whether char32_t is correctly defined... yes
checking for bit size of wchar_t... 32
checking for mbstate_t... yes
checking for a traditional japanese locale... none
checking for an english Unicode locale... en_US.UTF-8
checking for a transitional chinese locale... none
checking whether mbrtowc handles incomplete characters... yes
checking whether mbrtowc works as well as mbtowc... guessing yes
checking for gcc -std=gnu23 options needed to detect all undeclared functions... none needed
checking whether mbrtoc32 is declared... yes
checking for mbrtoc32... yes
checking whether mbrtoc32 works as well as mbrtowc... guessing yes
checking whether c32rtomb is declared... yes
checking for c32rtomb... yes
checking whether c32rtomb works as well as wcrtomb... guessing yes
checking whether malloc is ptrdiff_t safe... yes
checking whether malloc, realloc, calloc set errno on failure... yes
checking for C/C++ restrict keyword... __restrict__
checking if environ is properly declared... yes
checking for complete errno.h... yes
checking for error... no
checking whether error_at_line is declared... no
checking whether strerror_r is declared... yes
checking whether strerror_r returns char *... no
checking whether ctype.h defines __header_inline... no
checking whether fchdir is declared... yes
checking for working fcntl.h... yes
checking for pid_t... yes
checking for mode_t... yes
checking for mempcpy... yes
checking whether fopen recognizes a trailing slash... yes
checking whether fflush works on input streams... yes
checking whether fclose works on input streams... yes
checking whether stat file-mode macros are broken... no
checking for nlink_t... yes
checking whether lstat correctly handles trailing slash... yes
checking whether getcwd (NULL, 0) allocates memory for result... yes
checking for getcwd with POSIX signature... yes
checking whether getdtablesize is declared... yes
checking for getopt.h... (cached) yes
checking for getopt_long_only... yes
checking whether getopt is POSIX compatible... no
checking for glibc-compatible sys/cdefs.h... no
checking whether timespec_get is declared... yes
checking for timespec_get... yes
checking for struct timeval... yes
checking for wide-enough struct timeval.tv_sec member... yes
checking for pthread.h... (cached) yes
checking for pthread_kill in -lpthread... yes
checking whether POSIX threads API is available... yes
checking whether setlocale (LC_ALL, NULL) is multithread-safe... no
checking whether setlocale (category, NULL) is multithread-safe... yes
checking whether imported symbols can be declared weak... yes
checking host CPU and C ABI... x86_64
checking for inline... inline
checking whether limits.h has WORD_BIT, BOOL_WIDTH etc.... no
checking whether the compiler produces multi-arch binaries... no
checking whether stdint.h conforms to C99... yes
checking whether stdint.h works without ISO C predefines... yes
checking whether stdint.h has UINTMAX_WIDTH etc.... no
checking whether INT32_MAX < INTMAX_MAX... yes
checking whether INT64_MAX == LONG_MAX... yes
checking whether UINT32_MAX < UINTMAX_MAX... yes
checking whether UINT64_MAX == ULONG_MAX... yes
checking whether iswcntrl works... yes
checking for towlower... yes
checking for wctype_t... yes
checking for wctrans_t... yes
checking whether wctype supports the "blank" and "punct" character classes... yes
checking whether langinfo.h defines CODESET... yes
checking whether langinfo.h defines T_FMT_AMPM... yes
checking whether langinfo.h defines ALTMON_1... no
checking whether langinfo.h defines ABALTMON_1... no
checking whether langinfo.h defines ERA... yes
checking whether langinfo.h defines YESEXPR... yes
checking for good max_align_t... yes
checking whether NULL can be used in arbitrary expressions... yes
checking for unreachable... no
checking whether nullptr_t needs <stddef.h>... no
checking for clean definition of __STDC_VERSION_STDDEF_H__... yes
checking whether locale.h defines locale_t... yes
checking whether locale.h defines _locale_t... no
checking whether locale.h conforms to POSIX:2001... yes
checking whether struct lconv is properly defined... yes
checking for LC_MESSAGES... yes
checking whether imported symbols can be declared weak... (cached) yes
checking for multithread API to use... posix
checking for a sed that does not truncate output... /bin/sed
checking for grep that handles long lines and -e... /bin/grep
checking whether malloc (0) returns nonnull... yes
checking for mmap... yes
checking for MAP_ANONYMOUS... yes
checking whether memchr works... yes
checking whether memrchr is declared... yes
checking whether <limits.h> defines MIN and MAX... no
checking whether <sys/param.h> defines MIN and MAX... yes
checking whether time_t is signed... yes
checking whether alarm is declared... yes
checking for working mktime... yes
checking for struct tm.tm_gmtoff... yes
checking for struct tm.tm_zone... yes
checking for O_CLOEXEC... yes
checking for promoted mode_t type... mode_t
checking for pthread_t... yes
checking for pthread_spinlock_t... yes
checking for pthread_spin_init... yes
checking for sigset_t... yes
checking whether realloc should abort upon undefined behaviour... no
checking for sched.h... yes
checking for struct sched_param... yes
checking whether setenv is declared... yes
checking whether _putenv is declared... no
checking for search.h... yes
checking for tsearch... yes
checking for uid_t... yes
checking for gid_t... yes
checking for volatile sig_atomic_t... yes
checking for sighandler_t... yes
checking whether byte ordering is bigendian... no
checking whether fcloseall is declared... no
checking whether getw is declared... yes
checking whether putw is declared... yes
checking which flavor of printf attribute matches inttypes macros... system
checking whether ecvt is declared... yes
checking whether fcvt is declared... yes
checking whether gcvt is declared... yes
checking whether MB_CUR_MAX is correct... yes
checking whether strdup is declared... yes
checking whether strerror(0) succeeds... yes
checking for strerror_r... yes
checking for strerror_r with POSIX signature... yes
checking whether strerror_r works... yes
checking whether strnlen is declared... yes
checking whether strtoimax is declared... yes
checking for off64_t... no
checking for blksize_t... yes
checking for blkcnt_t... yes
checking for struct timespec in <time.h>... yes
checking for TIME_UTC in <time.h>... yes
checking whether execvpe is declared... yes
checking whether clearerr_unlocked is declared... yes
checking whether feof_unlocked is declared... yes
checking whether ferror_unlocked is declared... yes
checking whether fflush_unlocked is declared... yes
checking whether fgets_unlocked is declared... yes
checking whether fputc_unlocked is declared... yes
checking whether fputs_unlocked is declared... yes
checking whether fread_unlocked is declared... yes
checking whether fwrite_unlocked is declared... yes
checking whether getc_unlocked is declared... yes
checking whether getchar_unlocked is declared... yes
checking whether putc_unlocked is declared... yes
checking whether putchar_unlocked is declared... yes
checking whether unsetenv is declared... yes
checking whether wcsdup is declared... yes
checking for C compiler option to allow warnings... -Wno-error
checking for C++ compiler option to allow warnings... -Wno-error
checking whether <sys/socket.h> is self-contained... yes
checking for shutdown... (cached) yes
checking whether <sys/socket.h> defines the SHUT_* macros... yes
checking for struct sockaddr_storage... yes
checking for sa_family_t... yes
checking for struct sockaddr_storage.ss_family... yes
checking for a french Unicode locale... fr_FR.UTF-8
checking for a turkish Unicode locale... none
checking for IPv4 sockets... yes
checking for IPv6 sockets... yes
checking for off_t... yes
checking where to find the exponent in a 'double'... word 1 bit 20
checking where to find the exponent in a 'float'... word 0 bit 23
checking whether long double and double are the same... no
checking where to find the exponent in a 'long double'... word 2 bit 0
checking whether NAN macro works... yes
checking whether HUGE_VAL works... yes
checking whether <sys/select.h> is self-contained... yes
checking for library needed for semaphore functions... none
checking whether initstate is declared... yes
checking whether setstate is declared... yes
checking for library containing setsockopt... none needed
checking whether snprintf returns a byte count as in C99... yes
checking whether printf supports POSIX/XSI format strings with positions... yes
checking whether snprintf is declared... yes
checking whether <sys/ioctl.h> declares ioctl... yes
checking for inttypes.h... yes
checking for stdint.h... yes
checking for intmax_t... yes
checking whether snprintf truncates the result as in C99... yes
checking for wcslen... yes
checking for snprintf... (cached) yes
checking for strnlen... yes
checking for wcrtomb... (cached) yes
checking whether _snprintf is declared... no
checking for alloca as a compiler built-in... yes
checking for static_assert... yes, a keyword
checking for bool, true, false... yes
checking whether btowc(0) is correct... yes
checking whether btowc(EOF) is correct... guessing yes
checking whether btowc is consistent with mbrtowc in the C locale... yes
checking whether the C locale is free of encoding errors... yes
checking for __builtin_expect... yes
checking whether calloc (0, n) and calloc (n, 0) return nonnull... yes
checking for readlinkat... yes
checking whether this system supports file names of any length... no
checking for library containing clock_gettime... none required
checking for clock_getres... yes
checking for clock_gettime... yes
checking for clock_settime... yes
checking for closedir... yes
checking for d_type member in directory struct... yes
checking for dirfd... yes
checking whether dirfd is declared... yes
checking whether dirfd is a macro... no
checking whether // is distinct from /... no
checking whether dup works... yes
checking whether dup2 works... yes
checking whether fcntl handles F_DUPFD correctly... yes
checking whether fcntl understands F_DUPFD_CLOEXEC... needs runtime check
checking whether fdopendir is declared... yes
checking whether fdopendir works... yes
checking for struct stat.st_blocks... yes
checking for mempcpy... (cached) yes
checking for flexible array member... yes
checking for working GNU fnmatch... no
checking whether fopen supports the mode character 'x'... yes
checking whether fopen supports the mode character 'e'... yes
checking whether free is known to preserve errno... no
checking whether freopen works on closed fds... yes
checking whether fstatat (..., 0) works... yes
checking whether getdtablesize works... yes
checking for getpagesize... yes
checking whether getpagesize is declared... yes
checking for getprogname... no
checking whether program_invocation_name is declared... yes
checking whether program_invocation_name is declared... (cached) yes
checking whether program_invocation_short_name is declared... yes
checking whether __argv is declared... no
checking for getrandom... yes
checking whether getrandom is compatible with its GNU+BSD signature... yes
checking for gettimeofday with POSIX signature... yes
checking whether the compiler generally respects inline... yes
checking for iswblank... yes
checking whether iswblank is declared... yes
checking whether iswdigit is ISO C compliant... yes
checking whether iswpunct is consistent with ispunct... yes
checking whether iswxdigit is ISO C compliant... yes
checking whether the compiler supports the __inline keyword... yes
checking whether localeconv works... yes
checking for pthread_rwlock_t... yes
checking whether pthread_rwlock_rdlock prefers a writer to a reader... no
checking whether mbrtoc32 works on empty input... yes
checking whether the C locale is free of encoding errors... yes
checking whether mbrtoc32 works in an UTF-8 locale... yes
checking whether mbrtowc handles a NULL pwc argument... yes
checking whether mbrtowc handles a NULL string argument... yes
checking whether mbrtowc has a correct return value... yes
checking whether mbrtowc returns 0 when parsing a NUL character... guessing yes
checking whether mbrtowc stores incomplete characters... no
checking whether mbrtowc works on empty input... yes
checking whether the C locale is free of encoding errors... (cached) yes
checking whether mbsrtowcs works... yes
checking whether the C locale is free of encoding errors... (cached) yes
checking for mbtowc... yes
checking for mempcpy... (cached) yes
checking for memrchr... yes
checking whether mkdir handles trailing slash... yes
checking whether mkdir handles trailing dot... yes
checking for working mkstemp... yes
checking for __mktime_internal... no
checking for nl_langinfo... yes
checking whether YESEXPR works... yes
checking for C nullptr... yes
checking whether open recognizes a trailing slash... yes
checking for opendir... yes
checking for Perl 5.005 or newer... perl
checking whether popen works with closed stdin... yes
checking whether program_invocation_name is declared... (cached) yes
checking whether program_invocation_short_name is declared... (cached) yes
checking for PTHREAD_CREATE_DETACHED... yes
checking for PTHREAD_MUTEX_RECURSIVE... yes
checking for PTHREAD_MUTEX_ROBUST... yes
checking for PTHREAD_PROCESS_SHARED... yes
checking whether pthread_once works... yes
checking for raise... yes
checking for sigprocmask... (cached) yes
checking for rawmemchr... no
checking for readdir... yes
checking whether readlink signature is correct... yes
checking whether readlink handles trailing slash correctly... yes
checking whether readlink truncates results correctly... yes
checking for readlinkat... (cached) yes
checking whether readlinkat signature is correct... yes
checking whether realloc (..., 0) returns nonnull... yes
checking for reallocarray... yes
checking for working re_compile_pattern... no
checking for libintl.h... no
checking whether isblank is declared... yes
checking whether setenv validates arguments... yes
checking whether the -Werror option is usable... yes
checking for simple visibility declarations... yes
checking for struct sigaction.sa_sigaction... yes
checking for sigprocmask... (cached) yes
checking for stack direction... grows down
checking for stack_t... yes
checking for working sigaltstack... yes
checking for correct stack_t interpretation... yes
checking for ssize_t... yes
checking whether stat handles trailing slashes on files... yes
checking for struct stat.st_atim.tv_nsec... yes
checking whether struct stat.st_atim is of type struct timespec... yes
checking for struct stat.st_birthtimespec.tv_nsec... no
checking for struct stat.st_birthtimensec... no
checking for struct stat.st_birthtim.tv_nsec... no
checking for va_copy... yes
checking for stpcpy... yes
checking for strcasecmp... yes
checking whether strcasecmp works... guessing yes
checking for working strerror function... yes
checking for strncasecmp... yes
checking whether strcasecmp works... (cached) guessing yes
checking whether strncasecmp is declared... yes
checking for working strnlen... yes
checking whether strtoimax works... yes
checking for strtoll... yes
checking whether strtoll works... no
checking whether localtime_r is declared... yes
checking whether localtime_r is compatible with its POSIX signature... yes
checking whether localtime works even near extrema... yes
checking for timezone_t... no
checking for tzalloc... no
checking for timegm... yes
checking for unsetenv... yes
checking for unsetenv() return type... int
checking whether unsetenv obeys POSIX... yes
checking for variable-length arrays... yes
checking whether wcrtomb works in the C locale... yes
checking whether wcrtomb return value is correct... yes
checking whether wcwidth is declared... yes
checking whether wcwidth works reasonably in UTF-8 locales... yes
checking for wmemchr... yes
checking for wmempcpy... no
checking for alignas and alignof... yes, keywords
checking for atoll... yes
checking whether c32rtomb return value is correct... yes
checking whether fdopen sets errno... yes
checking whether float.h conforms to ISO C23... no
checking whether conversion from 'int' to 'long double' works... yes
checking for ftruncate... yes
checking for duplocale... yes
checking for library containing inet_pton... none required
checking whether inet_pton is declared... yes
checking whether byte ordering is bigendian... (cached) no
checking for ioctl... yes
checking for ioctl with POSIX signature... yes
checking whether isnan(double) can be used without linking with libm... yes
checking whether isnan(float) can be used without linking with libm... yes
checking whether isnan(float) works... yes
checking whether isnan(long double) can be used without linking with libm... yes
checking whether isnanl works... yes
checking for newlocale... yes
checking for library containing nanosleep... none required
checking for working nanosleep... no (mishandles large arguments)
checking whether <netinet/in.h> is self-contained... yes
checking for uselocale... yes
checking whether uselocale works... yes
checking whether perror matches strerror... yes
checking for getppriv... no
checking whether signature of pselect conforms to POSIX... yes
checking whether pselect detects invalid fds... yes
checking for pthread_mutexattr_getrobust... yes
checking for pthread_rwlock_init... yes
checking whether pthread_rwlock_timedrdlock is declared... yes
checking for reasonable pthread_rwlock wait queue handling... guessing yes
checking whether pthread_create exists as a global function... yes
checking whether pthread_mutex_timedlock is declared... yes
checking for pthread_mutex_timedlock... yes
checking whether pthread_sigmask is a macro... no
checking whether pthread_sigmask works without -lpthread... yes
checking whether pthread_sigmask returns error numbers... yes
checking whether pthread_sigmask unblocks signals correctly... guessing yes
checking for putenv compatible with GNU and SVID... yes
checking for random... yes
checking for initstate... yes
checking for setstate... yes
checking for random.h... no
checking for struct random_data... no
checking for random_r... no
checking whether rmdir works... yes
checking whether sched_yield is declared... yes
checking whether select supports a 0 argument... yes
checking whether select detects invalid fds... yes
checking for signbit macro... yes
checking for signbit compiler built-ins... yes
checking for stdint.h... (cached) yes
checking for SIZE_MAX... yes
checking whether sleep is declared... yes
checking for working sleep... yes
checking for snprintf... (cached) yes
checking whether snprintf respects a size of 1... yes
checking for socklen_t... yes
checking whether symlink handles trailing slash correctly... yes
checking for symlinkat... yes
checking whether symlinkat handles trailing slash correctly... yes
checking for IPv4 sockets... (cached) yes
checking for IPv6 sockets... (cached) yes
checking for UNIX domain sockets... yes
checking for pthread_atfork... yes
checking whether time() works... guessing yes
checking for struct tm.tm_gmtoff... (cached) yes
checking for struct tm.tm_zone... (cached) yes
checking whether unlink honors trailing slashes... yes
checking whether unlink of a parent directory fails as it should... guessing yes
checking for ptrdiff_t... yes
checking whether wctob works... guessing yes
checking whether wctob is declared... yes
checking for stdint.h... (cached) yes
checking for inline... (cached) inline
checking for struct stat.st_rdev... yes
checking for dirent.h that defines DIR... yes
checking for library containing opendir... none required
checking for sys/wait.h that is POSIX.1 compatible... (cached) yes
checking for pid_t... (cached) yes
checking for working fork... yes
checking for working vfork... (cached) yes
checking whether O_PATH supports fstat... yes
checking for pr... no
checking whether NLS is requested... no
checking for msgfmt... no
checking for gmsgfmt... :
checking for xgettext... no
checking for msgmerge... no
checking for CFPreferencesCopyAppValue... no
checking for CFLocaleCopyCurrent... no
checking whether to use NLS... no
checking that generated files are newer than configure... done
configure: creating ./config.status
config.status: creating Makefile
config.status: creating doc/Makefile
config.status: creating lib/Makefile
config.status: creating src/Makefile
config.status: creating tests/Makefile
config.status: creating gnulib-tests/Makefile
config.status: creating man/Makefile
config.status: creating po/Makefile.in
config.status: creating lib/config.h
config.status: executing depfiles commands
config.status: executing po-directories commands
config.status: creating po/POTFILES
config.status: creating po/Makefile
Making all in lib
make[1]: Entering directory '/home/packager/aports/main/diffutils/src/diffutils-3.12/lib'
  GEN      alloca.h
  GEN      ctype.h
  GEN      dirent.h
  GEN      error.h
  GEN      fnmatch.h
  GEN      fcntl.h
  GEN      getopt.h
  GEN      getopt-cdefs.h
  GEN      malloc/dynarray.gl.h
  GEN      malloc/dynarray-skeleton.gl.h
  GEN      inttypes.h
  GEN      langinfo.h
  GEN      limits.h
  GEN      locale.h
  GEN      pthread.h
  GEN      sched.h
  GEN      signal.h
  GEN      sigsegv.h
  GEN      stdbit.h
  GEN      stddef.h
  GEN      stdint.h
  GEN      stdio.h
  GEN      stdlib.h
  GEN      string.h
  GEN      strings.h
  GEN      sys/random.h
  GEN      sys/stat.h
  GEN      sys/time.h
  GEN      sys/types.h
  GEN      sys/wait.h
  GEN      time.h
  GEN      uchar.h
  GEN      unicase.h
  GEN      unictype.h
  GEN      uninorm.h
  GEN      unistd.h
  GEN      unistr.h
  GEN      unitypes.h
  GEN      uniwidth.h
  GEN      wchar.h
  GEN      wctype.h
make  all-am
make[2]: Entering directory '/home/packager/aports/main/diffutils/src/diffutils-3.12/lib'
  CC       libdiffutils_a-allocator.o
  CC       libdiffutils_a-argmatch.o
  CC       libdiffutils_a-openat-proc.o
  CC       libdiffutils_a-basename-lgpl.o
  CC       libdiffutils_a-binary-io.o
  CC       libdiffutils_a-btoc32.o
  CC       libdiffutils_a-c-ctype.o
  CC       libdiffutils_a-bitrotate.o
  CC       libdiffutils_a-c-file-type.o
  CC       libdiffutils_a-c-stack.o
  CC       libdiffutils_a-c32_apply_type_test.o
  CC       libdiffutils_a-c-strcasecmp.o
  CC       libdiffutils_a-c32_get_type_test.o
  CC       libdiffutils_a-c32isalnum.o
  CC       libdiffutils_a-c32isalpha.o
  CC       libdiffutils_a-c32isblank.o
  CC       libdiffutils_a-c32iscntrl.o
  CC       libdiffutils_a-c32isdigit.o
  CC       libdiffutils_a-c32isgraph.o
  CC       libdiffutils_a-c32isprint.o
  CC       libdiffutils_a-c32islower.o
  CC       libdiffutils_a-c32ispunct.o
  CC       libdiffutils_a-c32isspace.o
  CC       libdiffutils_a-c32isupper.o
  CC       libdiffutils_a-c32isxdigit.o
  CC       libdiffutils_a-c32tolower.o
  CC       libdiffutils_a-c32width.o
  CC       libdiffutils_a-careadlinkat.o
  CC       libdiffutils_a-chdir-long.o
  CC       libdiffutils_a-cloexec.o
  CC       libdiffutils_a-dirname.o
  CC       libdiffutils_a-basename.o
  CC       libdiffutils_a-dirname-lgpl.o
  CC       libdiffutils_a-stripslash.o
  CC       libdiffutils_a-error.o
  CC       libdiffutils_a-exclude.o
  CC       libdiffutils_a-exitfail.o
  CC       libdiffutils_a-fcntl.o
  CC       libdiffutils_a-fd-hook.o
  CC       libdiffutils_a-filenamecat.o
  CC       libdiffutils_a-filenamecat-lgpl.o
  CC       libdiffutils_a-free.o
  CC       libdiffutils_a-getopt.o
  CC       libdiffutils_a-getopt1.o
  CC       libdiffutils_a-getprogname.o
  CC       libdiffutils_a-gettime.o
  CC       libdiffutils_a-hard-locale.o
  CC       libdiffutils_a-hash.o
  CC       libdiffutils_a-ialloc.o
  CC       libdiffutils_a-localcharset.o
  CC       libdiffutils_a-malloca.o
  CC       libdiffutils_a-mbscasecmp.o
  CC       libdiffutils_a-mbsrtoc32s.o
  CC       libdiffutils_a-mbszero.o
  CC       libdiffutils_a-mcel.o
  CC       libdiffutils_a-nl_langinfo.o
  CC       libdiffutils_a-nstrftime.o
  CC       glthread/libdiffutils_a-once.o
  CC       libdiffutils_a-openat-die.o
  CC       libdiffutils_a-propername-lite.o
  CC       libdiffutils_a-progname.o
  CC       libdiffutils_a-quotearg.o
  CC       libdiffutils_a-rawmemchr.o
  CC       libdiffutils_a-regex.o
  CC       libdiffutils_a-same-inode.o
  CC       libdiffutils_a-save-cwd.o
  CC       libdiffutils_a-setlocale_null.o
  CC       libdiffutils_a-setlocale-lock.o
  CC       libdiffutils_a-setlocale_null-unlocked.o
  CC       libdiffutils_a-sh-quote.o
  CC       libdiffutils_a-sig-handler.o
  CC       libdiffutils_a-sigsegv.o
  CC       libdiffutils_a-stackvma.o
  CC       libdiffutils_a-stat-time.o
  CC       libdiffutils_a-stdbit.o
  CC       libdiffutils_a-stdc_bit_width.o
  CC       libdiffutils_a-stdc_leading_zeros.o
  CC       libdiffutils_a-stdlib.o
  CC       libdiffutils_a-stdopen.o
  CC       libdiffutils_a-strnlen1.o
  CC       libdiffutils_a-strtoll.o
  CC       libdiffutils_a-system-quote.o
  CC       libdiffutils_a-tempname.o
  CC       glthread/libdiffutils_a-threadlib.o
  CC       libdiffutils_a-time_rz.o
  CC       libdiffutils_a-timespec.o
  CC       libdiffutils_a-unistd.o
  CC       libdiffutils_a-version-etc.o
  CC       libdiffutils_a-version-etc-fsf.o
  CC       libdiffutils_a-wctype-h.o
  CC       libdiffutils_a-wmempcpy.o
  CC       libdiffutils_a-xmalloc.o
  CC       libdiffutils_a-xalloc-die.o
  CC       libdiffutils_a-xfreopen.o
  CC       libdiffutils_a-xmalloca.o
  CC       libdiffutils_a-xstdopen.o
  CC       libdiffutils_a-xstrtoimax.o
  CC       libdiffutils_a-xstrtol.o
  CC       libdiffutils_a-xstrtoul.o
  CC       libdiffutils_a-cmpbuf.o
  CC       libdiffutils_a-diagnose.o
  CC       libdiffutils_a-fnmatch.o
  CC       libdiffutils_a-mbsrtoc32s-state.o
  CC       libdiffutils_a-mktime.o
  CC       malloc/libdiffutils_a-dynarray_at_failure.o
  CC       malloc/libdiffutils_a-dynarray_emplace_enlarge.o
  CC       malloc/libdiffutils_a-dynarray_finalize.o
  CC       malloc/libdiffutils_a-dynarray_resize.o
  CC       malloc/libdiffutils_a-dynarray_resize_clear.o
  CC       glthread/libdiffutils_a-lock.o
  CC       unicase/libdiffutils_a-tolower.o
  CC       unictype/libdiffutils_a-ctype_alnum.o
  CC       unictype/libdiffutils_a-ctype_alpha.o
  CC       unictype/libdiffutils_a-ctype_blank.o
  CC       unictype/libdiffutils_a-ctype_cntrl.o
  CC       unictype/libdiffutils_a-ctype_digit.o
  CC       unictype/libdiffutils_a-ctype_graph.o
  CC       unictype/libdiffutils_a-ctype_lower.o
  CC       unictype/libdiffutils_a-ctype_print.o
  CC       unictype/libdiffutils_a-ctype_punct.o
  CC       unictype/libdiffutils_a-ctype_space.o
  CC       unictype/libdiffutils_a-ctype_upper.o
  CC       unictype/libdiffutils_a-ctype_xdigit.o
  CC       unistr/libdiffutils_a-u32-cpy.o
  CC       unistr/libdiffutils_a-u32-chr.o
  CC       unistr/libdiffutils_a-u32-pcpy.o
  CC       unistr/libdiffutils_a-u32-strcat.o
  CC       unistr/libdiffutils_a-u32-strlen.o
  CC       uniwidth/libdiffutils_a-width.o
  AR       libdiffutils.a
make[2]: Leaving directory '/home/packager/aports/main/diffutils/src/diffutils-3.12/lib'
make[1]: Leaving directory '/home/packager/aports/main/diffutils/src/diffutils-3.12/lib'
Making all in src
make[1]: Entering directory '/home/packager/aports/main/diffutils/src/diffutils-3.12/src'
  GEN      paths.h
  GEN      version.c
  GEN      version.h
make  all-am
make[2]: Entering directory '/home/packager/aports/main/diffutils/src/diffutils-3.12/src'
  CC       cmp.o
  CC       system.o
  CC       version.o
  CC       analyze.o
  CC       context.o
  CC       diff.o
  CC       dir.o
  CC       ed.o
  CC       ifdef.o
  CC       io.o
  CC       normal.o
  CC       side.o
  CC       util.o
  CC       diff3.o
  CC       sdiff.o
  AR       libver.a
  CCLD     cmp
  CCLD     diff
  CCLD     diff3
  CCLD     sdiff
make[2]: Leaving directory '/home/packager/aports/main/diffutils/src/diffutils-3.12/src'
make[1]: Leaving directory '/home/packager/aports/main/diffutils/src/diffutils-3.12/src'
Making all in tests
make[1]: Entering directory '/home/packager/aports/main/diffutils/src/diffutils-3.12/tests'
make[1]: Nothing to be done for 'all'.
make[1]: Leaving directory '/home/packager/aports/main/diffutils/src/diffutils-3.12/tests'
Making all in doc
make[1]: Entering directory '/home/packager/aports/main/diffutils/src/diffutils-3.12/doc'
make[1]: Nothing to be done for 'all'.
make[1]: Leaving directory '/home/packager/aports/main/diffutils/src/diffutils-3.12/doc'
Making all in man
make[1]: Entering directory '/home/packager/aports/main/diffutils/src/diffutils-3.12/man'
make[1]: Nothing to be done for 'all'.
make[1]: Leaving directory '/home/packager/aports/main/diffutils/src/diffutils-3.12/man'
Making all in po
make[1]: Entering directory '/home/packager/aports/main/diffutils/src/diffutils-3.12/po'
make[1]: Nothing to be done for 'all'.
make[1]: Leaving directory '/home/packager/aports/main/diffutils/src/diffutils-3.12/po'
Making all in gnulib-tests
make[1]: Entering directory '/home/packager/aports/main/diffutils/src/diffutils-3.12/gnulib-tests'
  GEN      arpa/inet.h
  GEN      float.h
  GEN      math.h
  GEN      sys/ioctl.h
  GEN      sys/socket.h
  GEN      sys/select.h
## ---------------------------------------------------- ##
## ------------------- Gnulib tests ------------------- ##
## You can ignore compiler warnings in this directory.  ##
  GEN      sys/uio.h
## ---------------------------------------------------- ##
make  all-recursive
make[2]: Entering directory '/home/packager/aports/main/diffutils/src/diffutils-3.12/gnulib-tests'
Making all in .
make[3]: Entering directory '/home/packager/aports/main/diffutils/src/diffutils-3.12/gnulib-tests'
  CC       locale.o
  CC       arpa_inet.o
  CC       c-strcasestr.o
  CC       c-strncasecmp.o
  CC       c32tob.o
  CC       concat-filename.o
  CC       dtotimespec.o
  CC       float.o
  CC       hash-pjw.o
  CC       imaxtostr.o
  CC       inttostr.o
  CC       offtostr.o
  CC       uinttostr.o
  CC       umaxtostr.o
  CC       math.o
  CC       nanosleep.o
  CC       priv-set.o
  CC       random_r.o
  CC       sockets.o
  CC       str_startswith.o
  CC       sys_socket.o
  CC       timespec-add.o
  CC       timespec-sub.o
  CC       unlinkdir.o
  CC       vsnzprintf.o
  CC       xconcat-filename.o
  CC       xgetcwd.o
  CC       xsize.o
  CC       xstrtol-error.o
  CC       asnprintf.o
  CC       printf-args.o
  CC       printf-parse.o
  CC       vasnprintf.o
  CC       test-localcharset.o
  CC       glthread/thread.o
  CC       unistr/u32-set.o
  AR       libtests.a
  CCLD     current-locale
  CCLD     test-localcharset
make[3]: Leaving directory '/home/packager/aports/main/diffutils/src/diffutils-3.12/gnulib-tests'
make[2]: Leaving directory '/home/packager/aports/main/diffutils/src/diffutils-3.12/gnulib-tests'
make[1]: Leaving directory '/home/packager/aports/main/diffutils/src/diffutils-3.12/gnulib-tests'
make[1]: Entering directory '/home/packager/aports/main/diffutils/src/diffutils-3.12'
make[1]: Nothing to be done for 'all-am'.
make[1]: Leaving directory '/home/packager/aports/main/diffutils/src/diffutils-3.12'
  GEN      public-submodule-commit
Making check in lib
make[1]: Entering directory '/home/packager/aports/main/diffutils/src/diffutils-3.12/lib'
make  check-am
make[2]: Entering directory '/home/packager/aports/main/diffutils/src/diffutils-3.12/lib'
make[2]: Leaving directory '/home/packager/aports/main/diffutils/src/diffutils-3.12/lib'
make[1]: Leaving directory '/home/packager/aports/main/diffutils/src/diffutils-3.12/lib'
Making check in src
make[1]: Entering directory '/home/packager/aports/main/diffutils/src/diffutils-3.12/src'
make  check-am
make[2]: Entering directory '/home/packager/aports/main/diffutils/src/diffutils-3.12/src'
make[2]: Nothing to be done for 'check-am'.
make[2]: Leaving directory '/home/packager/aports/main/diffutils/src/diffutils-3.12/src'
make[1]: Leaving directory '/home/packager/aports/main/diffutils/src/diffutils-3.12/src'
Making check in tests
make[1]: Entering directory '/home/packager/aports/main/diffutils/src/diffutils-3.12/tests'
make  check-TESTS
make[2]: Entering directory '/home/packager/aports/main/diffutils/src/diffutils-3.12/tests'
make[3]: Entering directory '/home/packager/aports/main/diffutils/src/diffutils-3.12/tests'
using SHELL=/bin/sh with 'set -x' corrupts stderr
using SHELL=/bin/sh with 'set -x' corrupts stderr
using SHELL=/bin/sh with 'set -x' corrupts stderr
using SHELL=/bin/sh with 'set -x' corrupts stderr
using SHELL=/bin/sh with 'set -x' corrupts stderr
using SHELL=/bin/sh with 'set -x' corrupts stderr
using SHELL=/bin/sh with 'set -x' corrupts stderr
using SHELL=/bin/sh with 'set -x' corrupts stderr
PASS: binary
brief-vs-stat-zero-kernel-lies: skipped test: stat --format %s does not work
SKIP: brief-vs-stat-zero-kernel-lies
PASS: bignum
PASS: bug-64316
PASS: colliding-file-names
PASS: diff3
PASS: basic
using SHELL=/bin/sh with 'set -x' corrupts stderr
using SHELL=/bin/sh with 'set -x' corrupts stderr
using SHELL=/bin/sh with 'set -x' corrupts stderr
using SHELL=/bin/sh with 'set -x' corrupts stderr
using SHELL=/bin/sh with 'set -x' corrupts stderr
PASS: excess-slash
using SHELL=/bin/sh with 'set -x' corrupts stderr
PASS: empty-file
PASS: expand-tabs
using SHELL=/bin/sh with 'set -x' corrupts stderr
PASS: ifdef
PASS: invalid-re
PASS: function-line-vs-leading-space
PASS: cmp
using SHELL=/bin/sh with 'set -x' corrupts stderr
using SHELL=/bin/sh with 'set -x' corrupts stderr
using SHELL=/bin/sh with 'set -x' corrupts stderr
ignore-tab-expansion: skipped test: No UTF-8 locale found
using SHELL=/bin/sh with 'set -x' corrupts stderr
ignore-case: skipped test: No UTF-8 locale found
SKIP: ignore-tab-expansion
SKIP: ignore-case
using SHELL=/bin/sh with 'set -x' corrupts stderr
PASS: ignore-matching-lines
PASS: label-vs-func
using SHELL=/bin/sh with 'set -x' corrupts stderr
PASS: help-version
PASS: new-file
using SHELL=/bin/sh with 'set -x' corrupts stderr
using SHELL=/bin/sh with 'set -x' corrupts stderr
using SHELL=/bin/sh with 'set -x' corrupts stderr
using SHELL=/bin/sh with 'set -x' corrupts stderr
using SHELL=/bin/sh with 'set -x' corrupts stderr
side-by-side: skipped test: No UTF-8 locale found
SKIP: side-by-side
PASS: side-by-side-seq
PASS: no-newline-at-eof
using SHELL=/bin/sh with 'set -x' corrupts stderr
PASS: starting-file
using SHELL=/bin/sh with 'set -x' corrupts stderr
PASS: stdin
PASS: strcoll-0-names
PASS: no-dereference
XFAIL: large-subopt
using SHELL=/bin/sh with 'set -x' corrupts stderr
using SHELL=/bin/sh with 'set -x' corrupts stderr
using SHELL=/bin/sh with 'set -x' corrupts stderr
using SHELL=/bin/sh with 'set -x' corrupts stderr
PASS: timezone
strip-trailing-cr: skipped test: 'timeout 0.01 sleep 0.02' did not time out
SKIP: strip-trailing-cr
using SHELL=/bin/sh with 'set -x' corrupts stderr
PASS: filename-quoting
PASS: y2038-vs-32bit
PASS: colors
============================================================================
Testsuite summary for GNU diffutils 3.12
============================================================================
# TOTAL: 33
# PASS:  27
# SKIP:  5
# XFAIL: 1
# FAIL:  0
# XPASS: 0
# ERROR: 0
============================================================================
make[3]: Leaving directory '/home/packager/aports/main/diffutils/src/diffutils-3.12/tests'
make[2]: Leaving directory '/home/packager/aports/main/diffutils/src/diffutils-3.12/tests'
make[1]: Leaving directory '/home/packager/aports/main/diffutils/src/diffutils-3.12/tests'
Making check in doc
make[1]: Entering directory '/home/packager/aports/main/diffutils/src/diffutils-3.12/doc'
make[1]: Nothing to be done for 'check'.
make[1]: Leaving directory '/home/packager/aports/main/diffutils/src/diffutils-3.12/doc'
Making check in man
make[1]: Entering directory '/home/packager/aports/main/diffutils/src/diffutils-3.12/man'
make[1]: Nothing to be done for 'check'.
make[1]: Leaving directory '/home/packager/aports/main/diffutils/src/diffutils-3.12/man'
Making check in po
make[1]: Entering directory '/home/packager/aports/main/diffutils/src/diffutils-3.12/po'
make[1]: Nothing to be done for 'check'.
make[1]: Leaving directory '/home/packager/aports/main/diffutils/src/diffutils-3.12/po'
Making check in gnulib-tests
make[1]: Entering directory '/home/packager/aports/main/diffutils/src/diffutils-3.12/gnulib-tests'
make  check-recursive
make[2]: Entering directory '/home/packager/aports/main/diffutils/src/diffutils-3.12/gnulib-tests'
Making check in .
make[3]: Entering directory '/home/packager/aports/main/diffutils/src/diffutils-3.12/gnulib-tests'
## ---------------------------------------------------------------------- ##
## ---------------------------- Gnulib tests ---------------------------- ##
## Please report test failures in this directory to <bug-gnulib@gnu.org>. ##
## ---------------------------------------------------------------------- ##
make  test-accept test-alignasof test-alloca-opt test-argmatch test-arpa_inet-h test-assert test-binary-io test-bind test-bitrotate test-bool test-btoc32 test-btowc test-c-ctype test-c-stack test-c-strcasecmp test-c-strcasestr test-c-strncasecmp test-c32_apply_type_test test-c32_get_type_test test-c32isalnum test-c32isalpha test-c32isblank test-c32iscntrl test-c32isdigit test-c32isgraph test-c32islower test-c32isprint test-c32ispunct test-c32isspace test-c32isupper test-c32isxdigit test-c32rtomb test-c32rtomb-w32 test-c32tolower test-c32width test-calloc-gnu test-calloc-posix test-chdir test-cloexec test-close test-connect test-ctype-h test-dirent-h test-dirfd test-dirname test-dup test-dup2 test-environ test-errno-h test-error test-exclude test-fchdir test-fcntl-h test-fcntl test-fdopen test-fdopendir test-fgetc test-filenamecat test-float-h test-fnmatch-h test-fnmatch test-fnmatch-w32 test-fopen-gnu test-fopen test-fputc test-fread test-free test-freopen test-fstat test-fstatat test-ftruncate test-fwrite test-getcwd-lgpl test-getdtablesize test-getopt-gnu test-getopt-posix test-getprogname test-getrandom test-gettext-h test-gettimeofday test-dynarray test-hard-locale test-hash test-ignore-value test-inet_pton test-intprops test-inttostr test-inttypes-h test-ioctl test-isblank test-isnand-nolibm test-isnanf-nolibm test-isnanl-nolibm test-iswblank test-iswctype test-iswdigit test-iswpunct test-iswxdigit test-langinfo-h test-largefile test-limits-h test-listen test-locale-h test-localeconv test-lstat test-malloc-gnu test-malloc-posix test-malloca test-math-h test-mbrtoc32 test-mbrtoc32-w32 test-mbrtowc test-mbrtowc-w32 test-mbscasecmp test-mbsinit test-mbsrtoc32s test-mbsrtowcs test-mcel test-memchr test-memrchr test-mkdir test-nanosleep test-netinet_in-h test-nl_langinfo1 test-nl_langinfo2 test-nl_langinfo-mt test-nstrftime test-nullptr test-once1 test-once2 test-open test-openat test-pathmax test-perror test-perror2 test-pipe test-popen test-priv-set test-pselect test-pthread-cond test-pthread test-pthread-mutex test-pthread-mutex-type test-pthread-once1 test-pthread-once2 test-pthread-rwlock test-pthread-thread test-pthread_sigmask1 test-pthread_sigmask2 test-putenv test-quotearg-simple test-raise test-random test-random-mt test-random_r test-rawmemchr test-readlink test-readlinkat test-realloc-posix test-reallocarray test-regex test-rmdir test-sched-h test-select test-select-fd test-select-stdin test-setenv test-setlocale_null test-setlocale_null-mt-one test-setlocale_null-mt-all test-setlocale_null-unlocked test-setsockopt test-sh-quote test-sigaction test-signal-h test-signbit test-sigprocmask test-sigsegv-catch-segv1 test-sigsegv-catch-segv2 test-sigsegv-catch-stackoverflow1 test-sigsegv-catch-stackoverflow2 test-sleep test-snprintf test-sockets test-stat test-stat-time test-stdbit-h test-stdc_bit_width test-stdc_leading_zeros test-stdckdint-h test-stddef-h test-stdint-h test-stdio-h test-stdlib-h test-str_startswith test-strcasecmp test-strerror test-strerror_r test-string-h test-strings-h test-strncasecmp test-strnlen test-strtoimax test-strtoll test-symlink test-symlinkat test-sys_ioctl-h test-sys_random-h test-sys_select-h test-sys_socket-h test-sys_stat-h test-sys_time-h test-sys_types-h test-sys_uio-h test-sys_wait-h test-thread_self test-thread_create test-time-h test-time test-gmtime_r test-gmtime_r-mt test-localtime_r test-localtime_r-mt test-timespec test-timespec_get test-uchar-h test-uc_tolower test-ctype_alnum test-ctype_alpha test-ctype_blank test-ctype_cntrl test-ctype_digit test-ctype_graph test-ctype_lower test-ctype_print test-ctype_punct test-ctype_space test-ctype_upper test-ctype_xdigit test-unistd-h test-u32-chr test-u32-cpy test-u32-pcpy test-u32-set test-u32-strcat test-u32-strlen test-uc_width test-uc_width2 test-unlink test-unlinkat test-unsetenv test-vasnprintf test-verify test-version-etc test-wchar-h test-wcrtomb test-wcrtomb-w32 test-wctype-h test-wctype test-wcwidth test-windows-mutex-type test-windows-recmutex-type test-windows-timedmutex-type test-windows-timedrecmutex-type test-wmemchr test-xalloc-die test-xstdopen test-xstrtoimax test-xstrtol test-xstrtoul test-year2038 libtests.a
make[4]: Entering directory '/home/packager/aports/main/diffutils/src/diffutils-3.12/gnulib-tests'
  CC       test-accept.o
  CC       test-alignasof.o
  CC       test-alloca-opt.o
  CC       test-argmatch.o
  CC       test-arpa_inet-h.o
  CC       test-assert.o
  CC       test-binary-io.o
  CC       test-bind.o
  CC       test-bitrotate.o
  CC       test-bool.o
  CC       test-btoc32.o
  CC       test-btowc.o
  CC       test-c-ctype.o
  CC       test-c-stack.o
  CC       test-c-strcasecmp.o
  CC       test-c-strcasestr.o
  CC       test-c-strncasecmp.o
  CC       test-c32_apply_type_test.o
  CC       test-c32_get_type_test.o
  CC       test-c32isalnum.o
  CC       test-c32isalpha.o
  CC       test-c32isblank.o
  CC       test-c32iscntrl.o
  CC       test-c32isdigit.o
  CC       test-c32isgraph.o
  CC       test-c32islower.o
  CC       test-c32isprint.o
  CC       test-c32ispunct.o
  CC       test-c32isspace.o
  CC       test-c32isupper.o
  CC       test-c32isxdigit.o
  CC       test-c32rtomb.o
  CC       test-c32rtomb-w32.o
  CC       test-c32tolower.o
  CC       test-c32width.o
  CC       test-calloc-gnu.o
  CC       test-calloc-posix.o
  CC       test-chdir.o
  CC       test-cloexec.o
  CC       test-close.o
  CC       test-connect.o
  CC       test-ctype-h.o
  CC       test-dirent-h.o
  CC       test-dirfd.o
  CC       test-dirname.o
  CC       test-dup.o
  CC       test-dup2.o
  CC       test-environ.o
  CC       test-errno-h.o
  CC       test-error.o
  CC       test-exclude.o
  CC       test-fchdir.o
  CC       test-fcntl-h.o
  CC       test-fcntl.o
  CC       test-fdopen.o
  CC       test-fdopendir.o
  CC       test-fgetc.o
  CC       test-filenamecat.o
  CC       test-float-h.o
  CC       test-fnmatch-h.o
  CC       test-fnmatch.o
  CC       test-fnmatch-w32.o
  CC       test-fopen-gnu.o
  CC       test-fopen.o
  CC       test-fputc.o
  CC       test-fread.o
  CC       test-free.o
  CC       test-freopen.o
  CC       test-fstat.o
  CC       test-fstatat.o
  CC       test-ftruncate.o
  CC       test-fwrite.o
  CC       test-getcwd-lgpl.o
  CC       test-getdtablesize.o
  CC       test-getopt-gnu.o
  CC       test-getopt-posix.o
  CC       test-getprogname.o
  CC       test-getrandom.o
  CC       test-gettext-h.o
  CC       test-gettimeofday.o
  CC       test-dynarray.o
  CC       test-hard-locale.o
  CC       test-hash.o
  CC       test-ignore-value.o
  CC       test-inet_pton.o
  CC       test-intprops.o
  CC       test-inttostr.o
  CC       test-inttypes-h.o
  CC       test-ioctl.o
  CC       test-isblank.o
  CC       test-isnand-nolibm.o
  CC       test-isnanf-nolibm.o
  CC       test-isnanl-nolibm.o
  CC       test-iswblank.o
  CC       test-iswctype.o
  CC       test-iswdigit.o
  CC       test-iswpunct.o
  CC       test-iswxdigit.o
  CC       test-langinfo-h.o
  CC       test-largefile.o
  CC       test-limits-h.o
  CC       test-listen.o
  CC       test-locale-h.o
  CC       test-localeconv.o
  CC       test-lstat.o
  CC       test-malloc-gnu.o
  CC       test-malloc-posix.o
  CC       test-malloca.o
  CC       test-math-h.o
  CC       test-mbrtoc32.o
  CC       test-mbrtoc32-w32.o
  CC       test-mbrtowc.o
  CC       test-mbrtowc-w32.o
  CC       test-mbscasecmp.o
  CC       test-mbsinit.o
  CC       test-mbsrtoc32s.o
  CC       test-mbsrtowcs.o
  CC       test-mcel.o
  CC       test-memchr.o
  CC       test-memrchr.o
  CC       test-mkdir.o
  CC       test-nanosleep.o
  CC       test-netinet_in-h.o
  CC       test-nl_langinfo1.o
  CC       test-nl_langinfo2.o
  CC       test-nl_langinfo-mt.o
  CC       test-nstrftime.o
  CC       test-nullptr.o
  CC       test-once.o
  CC       test-open.o
  CC       test-openat.o
  CC       test-pathmax.o
  CC       test-perror.o
  CC       test-perror2.o
  CC       test-pipe.o
  CC       test-popen.o
  CC       test-priv-set.o
  CC       test-pselect.o
  CC       test-pthread-cond.o
  CC       test-pthread.o
  CC       test-pthread-mutex.o
  CC       test-pthread-mutex-type.o
  CC       test-pthread-once1.o
  CC       test-pthread-once2.o
  CC       test-pthread-rwlock.o
  CC       test-pthread-thread.o
  CC       test-pthread_sigmask1.o
  CC       test-pthread_sigmask2.o
  CC       test-putenv.o
  CC       test-quotearg-simple.o
  CC       test-raise.o
  CC       test-random.o
  CC       test-random-mt.o
  CC       test-random_r.o
  CC       test-rawmemchr.o
  CC       test-readlink.o
  CC       test-readlinkat.o
  CC       test-realloc-posix.o
  CC       test-reallocarray.o
  CC       test-regex.o
  CC       test-rmdir.o
  CC       test-sched-h.o
  CC       test-select.o
  CC       test-select-fd.o
  CC       test-select-stdin.o
  CC       test-setenv.o
  CC       test-setlocale_null.o
  CC       test-setlocale_null-mt-one.o
  CC       test-setlocale_null-mt-all.o
  CC       test-setlocale_null-unlocked.o
  CC       test-setsockopt.o
  CC       test-sh-quote.o
  CC       test-sigaction.o
  CC       test-signal-h.o
  CC       test-signbit.o
  CC       test-sigprocmask.o
  CC       test-sigsegv-catch-segv1.o
  CC       test-sigsegv-catch-segv2.o
  CC       test-sigsegv-catch-stackoverflow1.o
  CC       test-sigsegv-catch-stackoverflow2.o
  CC       test-sleep.o
  CC       test-snprintf.o
  CC       test-sockets.o
  CC       test-stat.o
  CC       test-stat-time.o
  CC       test-stdbit-h.o
  CC       test-stdckdint-h.o
  CC       test-stddef-h.o
  CC       test-stdint-h.o
  CC       test-stdio-h.o
  CC       test-stdlib-h.o
  CC       test-str_startswith.o
  CC       test-strcasecmp.o
  CC       test-strerror.o
  CC       test-strerror_r.o
  CC       test-string-h.o
  CC       test-strings-h.o
  CC       test-strncasecmp.o
  CC       test-strnlen.o
  CC       test-strtoimax.o
  CC       test-strtoll.o
  CC       test-symlink.o
  CC       test-symlinkat.o
  CC       test-sys_ioctl-h.o
  CC       test-sys_random-h.o
  CC       test-sys_select-h.o
  CC       test-sys_socket-h.o
  CC       test-sys_stat-h.o
  CC       test-sys_time-h.o
  CC       test-sys_types-h.o
  CC       test-sys_uio-h.o
  CC       test-sys_wait-h.o
  CC       test-thread_self.o
  CC       test-thread_create.o
  CC       test-time-h.o
  CC       test-time.o
  CC       test-gmtime_r.o
  CC       test-gmtime_r-mt.o
  CC       test-localtime_r.o
  CC       test-localtime_r-mt.o
  CC       test-timespec.o
  CC       test-timespec_get.o
  CC       test-uchar-h.o
  CC       test-unistd-h.o
  CC       unistr/test-u32-chr.o
  CC       unistr/test-u32-cpy.o
  CC       unistr/test-u32-pcpy.o
  CC       unistr/test-u32-set.o
  CC       unistr/test-u32-strcat.o
  CC       unistr/test-u32-strlen.o
  CC       test-unlink.o
  CC       test-unlinkat.o
  CC       test-unsetenv.o
  CC       test-vasnprintf.o
  CC       test-verify.o
  CC       test-version-etc.o
  CC       test-wchar-h.o
  CC       test-wcrtomb.o
  CC       test-wcrtomb-w32.o
  CC       test-wctype-h.o
  CC       test-wctype.o
  CC       test-wcwidth.o
  CC       test-windows-mutex-type.o
  CC       test-windows-recmutex-type.o
  CC       test-windows-timedmutex-type.o
  CC       test-windows-timedrecmutex-type.o
  CC       test-wmemchr.o
  CC       test-xalloc-die.o
  CC       test-xstdopen.o
  CC       test-xstrtoimax.o
  CC       test-xstrtol.o
  CC       test-xstrtoul.o
make[4]: 'libtests.a' is up to date.
  CC       test-year2038.o
  CCLD     test-accept
  CCLD     test-alignasof
  CCLD     test-alloca-opt
  CCLD     test-argmatch
  CCLD     test-arpa_inet-h
  CCLD     test-assert
  CCLD     test-binary-io
  CCLD     test-bind
  CCLD     test-bitrotate
  CCLD     test-bool
  CCLD     test-btoc32
  CCLD     test-btowc
  CCLD     test-c-ctype
  CCLD     test-c-stack
  CCLD     test-c-strcasecmp
  CCLD     test-c-strcasestr
  CCLD     test-c-strncasecmp
  CCLD     test-c32_apply_type_test
  CCLD     test-c32_get_type_test
  CCLD     test-c32isalnum
  CCLD     test-c32isalpha
  CCLD     test-c32isblank
  CCLD     test-c32iscntrl
  CCLD     test-c32isdigit
  CCLD     test-c32isgraph
  CCLD     test-c32islower
  CCLD     test-c32isprint
  CCLD     test-c32ispunct
  CCLD     test-c32isspace
  CCLD     test-c32isupper
  CCLD     test-c32isxdigit
  CCLD     test-c32rtomb
  CCLD     test-c32rtomb-w32
  CCLD     test-c32tolower
  CCLD     test-c32width
  CCLD     test-calloc-gnu
  CCLD     test-calloc-posix
  CCLD     test-chdir
  CCLD     test-cloexec
  CCLD     test-close
  CCLD     test-connect
  CCLD     test-ctype-h
  CCLD     test-dirent-h
  CCLD     test-dirfd
  CCLD     test-dirname
  CCLD     test-dup
  CCLD     test-dup2
  CCLD     test-environ
  CCLD     test-errno-h
  CCLD     test-error
  CCLD     test-exclude
  CCLD     test-fchdir
  CCLD     test-fcntl-h
  CCLD     test-fcntl
  CCLD     test-fdopen
  CCLD     test-fdopendir
  CCLD     test-fgetc
  CCLD     test-filenamecat
  CCLD     test-float-h
  CCLD     test-fnmatch-h
  CCLD     test-fnmatch
  CCLD     test-fnmatch-w32
  CCLD     test-fopen-gnu
  CCLD     test-fopen
  CCLD     test-fputc
  CCLD     test-fread
  CCLD     test-free
  CCLD     test-freopen
  CCLD     test-fstat
  CCLD     test-fstatat
  CCLD     test-ftruncate
  CCLD     test-fwrite
  CCLD     test-getcwd-lgpl
  CCLD     test-getdtablesize
  CCLD     test-getopt-gnu
  CCLD     test-getopt-posix
  CCLD     test-getprogname
  CCLD     test-getrandom
  CCLD     test-gettext-h
  CCLD     test-gettimeofday
  CCLD     test-dynarray
  CCLD     test-hard-locale
  CCLD     test-hash
  CCLD     test-ignore-value
  CCLD     test-inet_pton
  CCLD     test-intprops
  CCLD     test-inttostr
  CCLD     test-inttypes-h
  CCLD     test-ioctl
  CCLD     test-isblank
  CCLD     test-isnand-nolibm
  CCLD     test-isnanf-nolibm
  CCLD     test-isnanl-nolibm
  CCLD     test-iswblank
  CCLD     test-iswctype
  CCLD     test-iswdigit
  CCLD     test-iswpunct
  CCLD     test-iswxdigit
  CCLD     test-langinfo-h
  CCLD     test-largefile
  CCLD     test-limits-h
  CCLD     test-listen
  CCLD     test-locale-h
  CCLD     test-localeconv
  CCLD     test-lstat
  CCLD     test-malloc-gnu
  CCLD     test-malloc-posix
  CCLD     test-malloca
  CCLD     test-math-h
  CCLD     test-mbrtoc32
  CCLD     test-mbrtoc32-w32
  CCLD     test-mbrtowc
  CCLD     test-mbrtowc-w32
  CCLD     test-mbscasecmp
  CCLD     test-mbsinit
  CCLD     test-mbsrtoc32s
  CCLD     test-mbsrtowcs
  CCLD     test-mcel
  CCLD     test-memchr
  CCLD     test-memrchr
  CCLD     test-mkdir
  CCLD     test-nanosleep
  CCLD     test-netinet_in-h
  CCLD     test-nl_langinfo1
  CCLD     test-nl_langinfo2
  CCLD     test-nl_langinfo-mt
  CCLD     test-nstrftime
  CCLD     test-nullptr
  CCLD     test-once1
  CCLD     test-once2
  CCLD     test-open
  CCLD     test-openat
  CCLD     test-pathmax
  CCLD     test-perror
  CCLD     test-perror2
  CCLD     test-pipe
  CCLD     test-popen
  CCLD     test-priv-set
  CCLD     test-pselect
  CCLD     test-pthread-cond
  CCLD     test-pthread
  CCLD     test-pthread-mutex
  CCLD     test-pthread-mutex-type
  CCLD     test-pthread-once1
  CCLD     test-pthread-once2
  CCLD     test-pthread-rwlock
  CCLD     test-pthread-thread
  CCLD     test-pthread_sigmask1
  CCLD     test-pthread_sigmask2
  CCLD     test-putenv
  CCLD     test-quotearg-simple
  CCLD     test-raise
  CCLD     test-random
  CCLD     test-random-mt
  CCLD     test-random_r
  CCLD     test-rawmemchr
  CCLD     test-readlink
  CCLD     test-readlinkat
  CCLD     test-realloc-posix
  CCLD     test-reallocarray
  CCLD     test-regex
  CCLD     test-rmdir
  CCLD     test-sched-h
  CCLD     test-select
  CCLD     test-select-fd
  CCLD     test-select-stdin
  CCLD     test-setenv
  CCLD     test-setlocale_null
  CCLD     test-setlocale_null-mt-one
  CCLD     test-setlocale_null-mt-all
  CCLD     test-setlocale_null-unlocked
  CCLD     test-setsockopt
  CCLD     test-sh-quote
  CCLD     test-sigaction
  CCLD     test-signbit
  CCLD     test-signal-h
  CCLD     test-sigprocmask
  CCLD     test-sigsegv-catch-segv2
  CCLD     test-sigsegv-catch-segv1
  CCLD     test-sigsegv-catch-stackoverflow1
  CCLD     test-sigsegv-catch-stackoverflow2
  CCLD     test-sleep
  CCLD     test-snprintf
  CCLD     test-sockets
  CCLD     test-stat
  CCLD     test-stat-time
  CCLD     test-stdbit-h
  CC       from-glibc/test_stdc_bit_width-tst-stdc_bit_width.o
  CC       from-glibc/test_stdc_leading_zeros-tst-stdc_leading_zeros.o
  CCLD     test-stdckdint-h
  CCLD     test-stddef-h
  CCLD     test-stdint-h
  CCLD     test-stdio-h
  CCLD     test-stdlib-h
  CCLD     test-str_startswith
  CCLD     test-strerror
  CCLD     test-strcasecmp
  CCLD     test-strerror_r
  CCLD     test-string-h
  CCLD     test-strings-h
  CCLD     test-strncasecmp
  CCLD     test-strnlen
  CCLD     test-strtoimax
  CCLD     test-strtoll
  CCLD     test-symlink
  CCLD     test-symlinkat
test-strnlen.c: In function 'main':
test-strnlen.c:46:3: warning: 'strnlen' specified bound 1048576 exceeds source size 1 [-Wstringop-overread]
   46 |   ASSERT (strnlen ("", 0x100000) == 0);
      |   ^
  CCLD     test-sys_ioctl-h
  CCLD     test-sys_random-h
  CCLD     test-sys_select-h
  CCLD     test-sys_socket-h
  CCLD     test-sys_stat-h
  CCLD     test-sys_time-h
  CCLD     test-sys_types-h
  CCLD     test-sys_uio-h
  CCLD     test-sys_wait-h
  CCLD     test-thread_self
  CCLD     test-thread_create
  CCLD     test-time-h
  CCLD     test-time
  CCLD     test-gmtime_r
  CCLD     test-gmtime_r-mt
  CCLD     test-localtime_r
  CCLD     test-localtime_r-mt
  CCLD     test-timespec
  CCLD     test-timespec_get
  CCLD     test-uchar-h
  CC       unicase/test-uc_tolower.o
  CC       unictype/test-ctype_alnum.o
  CC       unictype/test-ctype_alpha.o
  CC       unictype/test-ctype_blank.o
  CC       unictype/test-ctype_cntrl.o
  CC       unictype/test-ctype_digit.o
  CC       unictype/test-ctype_graph.o
  CC       unictype/test-ctype_lower.o
  CC       unictype/test-ctype_print.o
  CC       unictype/test-ctype_punct.o
  CC       unictype/test-ctype_space.o
  CC       unictype/test-ctype_upper.o
  CC       unictype/test-ctype_xdigit.o
  CCLD     test-unistd-h
  CCLD     test-u32-chr
  CCLD     test-u32-cpy
  CCLD     test-u32-pcpy
  CCLD     test-u32-set
  CCLD     test-u32-strcat
  CCLD     test-u32-strlen
  CC       uniwidth/test-uc_width.o
  CC       uniwidth/test-uc_width2.o
  CCLD     test-unlink
  CCLD     test-unlinkat
  CCLD     test-unsetenv
  CCLD     test-vasnprintf
  CCLD     test-verify
  CCLD     test-version-etc
  CCLD     test-wchar-h
  CCLD     test-wcrtomb
  CCLD     test-wcrtomb-w32
  CCLD     test-wctype-h
  CCLD     test-wctype
  CCLD     test-wcwidth
  CCLD     test-windows-recmutex-type
  CCLD     test-windows-mutex-type
  CCLD     test-windows-timedmutex-type
  CCLD     test-windows-timedrecmutex-type
  CCLD     test-wmemchr
  CCLD     test-xalloc-die
  CCLD     test-xstdopen
  CCLD     test-xstrtoimax
  CCLD     test-xstrtol
  CCLD     test-xstrtoul
  CCLD     test-year2038
  CCLD     test-stdc_bit_width
  CCLD     test-stdc_leading_zeros
  CCLD     test-uc_tolower
  CCLD     test-ctype_alnum
  CCLD     test-ctype_alpha
  CCLD     test-ctype_blank
  CCLD     test-ctype_cntrl
  CCLD     test-ctype_digit
  CCLD     test-ctype_graph
  CCLD     test-ctype_lower
  CCLD     test-ctype_print
  CCLD     test-ctype_punct
  CCLD     test-ctype_space
  CCLD     test-ctype_upper
  CCLD     test-ctype_xdigit
  CCLD     test-uc_width
  CCLD     test-uc_width2
make[4]: Leaving directory '/home/packager/aports/main/diffutils/src/diffutils-3.12/gnulib-tests'
make  check-TESTS
make[4]: Entering directory '/home/packager/aports/main/diffutils/src/diffutils-3.12/gnulib-tests'
make[5]: Entering directory '/home/packager/aports/main/diffutils/src/diffutils-3.12/gnulib-tests'
PASS: test-alignasof
PASS: test-accept
PASS: test-argmatch
PASS: test-arpa_inet-h
PASS: test-assert
PASS: test-bind
PASS: test-binary-io.sh
PASS: test-bitrotate
PASS: test-bool
SKIP: test-btoc32-2.sh
PASS: test-btoc32-1.sh
PASS: test-btoc32-3.sh
PASS: test-btowc-1.sh
SKIP: test-btowc-2.sh
PASS: test-btowc-3.sh
PASS: test-c-ctype
PASS: test-c-strcasecmp.sh
PASS: test-c-stack.sh
PASS: test-c-strncasecmp.sh
PASS: test-c32_apply_type_test
PASS: test-c32_get_type_test
PASS: test-c-stack2.sh
PASS: test-c32isalnum.sh
PASS: test-c32isalpha.sh
PASS: test-c32isblank.sh
PASS: test-c32iscntrl.sh
PASS: test-alloca-opt
PASS: test-c32isdigit.sh
PASS: test-c32isgraph.sh
PASS: test-c32islower.sh
PASS: test-c32isprint.sh
PASS: test-c32ispunct.sh
PASS: test-c32isspace.sh
PASS: test-c32isxdigit.sh
PASS: test-c32isupper.sh
SKIP: test-c32rtomb-w32-2.sh
PASS: test-c32rtomb.sh
SKIP: test-c32rtomb-w32-3.sh
SKIP: test-c32rtomb-w32-4.sh
SKIP: test-c32rtomb-w32-6.sh
SKIP: test-c32rtomb-w32-5.sh
SKIP: test-c32rtomb-w32-8.sh
SKIP: test-c32rtomb-w32-7.sh
PASS: test-c32width
PASS: test-calloc-gnu
PASS: test-c32tolower.sh
PASS: test-calloc-posix
PASS: test-chdir
PASS: test-cloexec
PASS: test-close
PASS: test-connect
PASS: test-c-strcasestr
PASS: test-ctype-h
PASS: test-dirfd
PASS: test-dirname
PASS: test-dirent-h
PASS: test-dup
PASS: test-dup2
PASS: test-environ
PASS: test-errno-h
PASS: test-error.sh
PASS: test-exclude1.sh
PASS: test-exclude4.sh
PASS: test-exclude2.sh
PASS: test-exclude7.sh
PASS: test-exclude5.sh
PASS: test-exclude6.sh
PASS: test-exclude3.sh
PASS: test-fchdir
PASS: test-fcntl-h
PASS: test-fcntl
PASS: test-fdopen
PASS: test-fgetc
PASS: test-fdopendir
PASS: test-filenamecat
PASS: test-float-h
PASS: test-fnmatch-h
SKIP: test-fnmatch-2.sh
PASS: test-exclude8.sh
PASS: test-fnmatch-1.sh
SKIP: test-fnmatch-5.sh
PASS: test-fnmatch-3.sh
SKIP: test-fnmatch-4.sh
SKIP: test-fnmatch-w32-2.sh
SKIP: test-fnmatch-w32-3.sh
SKIP: test-fnmatch-w32-6.sh
SKIP: test-fnmatch-w32-4.sh
SKIP: test-fnmatch-w32-5.sh
SKIP: test-fnmatch-w32-7.sh
PASS: test-fopen-gnu
SKIP: test-fnmatch-w32-8.sh
PASS: test-fputc
PASS: test-fread
PASS: test-fopen
PASS: test-freopen
PASS: test-fstat
PASS: test-fstatat
PASS: test-fwrite
PASS: test-ftruncate.sh
PASS: test-getdtablesize
PASS: test-getcwd-lgpl
PASS: test-getopt-gnu
PASS: test-getopt-posix
PASS: test-getprogname
PASS: test-getrandom
PASS: test-gettimeofday
PASS: test-gettext-h
PASS: test-hard-locale
PASS: test-dynarray
PASS: test-ignore-value
PASS: test-inet_pton
PASS: test-intprops
PASS: test-ioctl
PASS: test-inttostr
PASS: test-inttypes-h
PASS: test-isblank
PASS: test-isnand-nolibm
PASS: test-isnanf-nolibm
PASS: test-isnanl-nolibm
PASS: test-iswblank
PASS: test-iswctype
PASS: test-langinfo-h
PASS: test-largefile
PASS: test-iswdigit.sh
PASS: test-iswxdigit.sh
PASS: test-iswpunct.sh
PASS: test-limits-h
PASS: test-listen
PASS: test-locale-h
PASS: test-localeconv
PASS: test-malloc-gnu
PASS: test-lstat
PASS: test-malloc-posix
PASS: test-math-h
PASS: test-mbrtoc32-1.sh
SKIP: test-mbrtoc32-2.sh
PASS: test-free
SKIP: test-mbrtoc32-4.sh
PASS: test-mbrtoc32-3.sh
SKIP: test-mbrtoc32-w32-2.sh
SKIP: test-mbrtoc32-5.sh
SKIP: test-mbrtoc32-w32-3.sh
SKIP: test-mbrtoc32-w32-4.sh
SKIP: test-mbrtoc32-w32-5.sh
SKIP: test-mbrtoc32-w32-6.sh
SKIP: test-mbrtoc32-w32-7.sh
SKIP: test-mbrtoc32-w32-8.sh
PASS: test-mbrtowc-1.sh
SKIP: test-mbrtowc-2.sh
PASS: test-mbrtowc-3.sh
SKIP: test-mbrtowc-4.sh
SKIP: test-mbrtowc-5.sh
SKIP: test-mbrtowc-w32-2.sh
SKIP: test-mbrtowc-w32-3.sh
SKIP: test-mbrtowc-w32-5.sh
SKIP: test-mbrtowc-w32-4.sh
SKIP: test-mbrtowc-w32-6.sh
SKIP: test-mbrtowc-w32-7.sh
SKIP: test-mbrtowc-w32-8.sh
SKIP: test-mbscasecmp.sh
PASS: test-mbsinit.sh
SKIP: test-mbsrtoc32s-2.sh
PASS: test-mbsrtoc32s-1.sh
SKIP: test-mbsrtoc32s-4.sh
PASS: test-mbsrtoc32s-3.sh
SKIP: test-mbsrtoc32s-5.sh
PASS: test-mbsrtowcs-1.sh
SKIP: test-mbsrtowcs-2.sh
PASS: test-mbsrtowcs-3.sh
SKIP: test-mbsrtowcs-4.sh
SKIP: test-mbsrtowcs-5.sh
SKIP: test-mcel-2.sh
SKIP: test-mcel-4.sh
SKIP: test-mcel-5.sh
PASS: test-memrchr
PASS: test-mkdir
PASS: test-netinet_in-h
PASS: test-nl_langinfo1.sh
PASS: test-nl_langinfo2.sh
PASS: test-nstrftime-1.sh
SKIP: test-nstrftime-2.sh
PASS: test-nullptr
PASS: test-hash
PASS: test-once1
PASS: test-once2
PASS: test-nanosleep
PASS: test-open
PASS: test-openat
PASS: test-pathmax
PASS: test-perror2
PASS: test-pipe
PASS: test-priv-set
PASS: test-malloca
PASS: test-popen
PASS: test-pselect
PASS: test-pthread
PASS: test-pthread-mutex-type
PASS: test-pthread-once1
PASS: test-nl_langinfo-mt
PASS: test-perror.sh
PASS: test-pthread-thread
PASS: test-pthread-rwlock
PASS: test-memchr
PASS: test-putenv
PASS: test-quotearg-simple
PASS: test-raise
PASS: test-random
PASS: test-pthread_sigmask1
PASS: test-random_r
PASS: test-random-mt
PASS: test-rawmemchr
PASS: test-readlinkat
PASS: test-mcel-3.sh
PASS: test-readlink
PASS: test-pthread-mutex
PASS: test-reallocarray
PASS: test-realloc-posix
PASS: test-rmdir
PASS: test-sched-h
PASS: test-select
PASS: test-setenv
PASS: test-setlocale_null
PASS: test-pthread-cond
PASS: test-pthread_sigmask2
PASS: test-setlocale_null-unlocked
PASS: test-setsockopt
PASS: test-sh-quote
PASS: test-sigaction
PASS: test-signal-h
PASS: test-signbit
PASS: test-select-out.sh
PASS: test-sigsegv-catch-segv1
PASS: test-sigsegv-catch-segv2
PASS: test-sigsegv-catch-stackoverflow1
PASS: test-sigsegv-catch-stackoverflow2
PASS: test-setlocale_null-mt-one
PASS: test-snprintf
PASS: test-select-in.sh
PASS: test-sockets
PASS: test-stat
PASS: test-stat-time
PASS: test-stdbit-h
PASS: test-stdc_bit_width
PASS: test-stdc_leading_zeros
PASS: test-stdckdint-h
PASS: test-stdint-h
PASS: test-stddef-h
PASS: test-stdio-h
PASS: test-str_startswith
PASS: test-stdlib-h
PASS: test-strcasecmp-1.sh
SKIP: test-strcasecmp-2.sh
PASS: test-strerror
PASS: test-strerror_r
PASS: test-string-h
PASS: test-strings-h
SKIP: test-strncasecmp-2.sh
PASS: test-strncasecmp-1.sh
PASS: test-strtoimax
PASS: test-strnlen
PASS: test-strtoll
PASS: test-symlink
PASS: test-symlinkat
PASS: test-sys_ioctl-h
PASS: test-pthread-once2
PASS: test-sigprocmask
PASS: test-sys_select-h
PASS: test-sys_random-h
PASS: test-sys_socket-h
PASS: test-sys_stat-h
PASS: test-sys_types-h
PASS: test-sys_time-h
PASS: test-sys_uio-h
PASS: test-sys_wait-h
PASS: test-thread_self
PASS: test-thread_create
PASS: test-time-h
PASS: test-gmtime_r
SKIP: test-localtime_r
SKIP: test-localtime_r-mt
PASS: test-timespec
PASS: test-timespec_get
PASS: test-uchar-h
PASS: test-uc_tolower
PASS: test-ctype_alnum
PASS: test-ctype_alpha
PASS: test-ctype_blank
PASS: test-ctype_cntrl
PASS: test-ctype_digit
PASS: test-sleep
PASS: test-ctype_graph
PASS: test-ctype_print
PASS: test-init.sh
PASS: test-ctype_lower
PASS: test-ctype_punct
PASS: test-ctype_space
PASS: test-ctype_xdigit
PASS: test-ctype_upper
PASS: test-unistd-h
PASS: test-time
PASS: test-u32-chr
PASS: test-u32-cpy
PASS: test-u32-pcpy
PASS: test-u32-set
PASS: test-u32-strcat
PASS: test-u32-strlen
PASS: test-uc_width
PASS: test-gmtime_r-mt
PASS: test-unsetenv
PASS: test-unlink
PASS: test-unlinkat
PASS: uniwidth/test-uc_width2.sh
PASS: test-vasnprintf
PASS: test-verify
SKIP: test-vc-list-files-cvs.sh
PASS: test-wchar-h
PASS: test-version-etc.sh
PASS: test-wcrtomb.sh
SKIP: test-wcrtomb-w32-2.sh
PASS: test-vc-list-files-git.sh
SKIP: test-wcrtomb-w32-3.sh
SKIP: test-wcrtomb-w32-4.sh
SKIP: test-wcrtomb-w32-5.sh
SKIP: test-wcrtomb-w32-6.sh
SKIP: test-wcrtomb-w32-7.sh
SKIP: test-wcrtomb-w32-8.sh
PASS: test-wctype-h
PASS: test-wctype
PASS: test-wcwidth
SKIP: test-windows-mutex-type
SKIP: test-windows-recmutex-type
SKIP: test-windows-timedrecmutex-type
SKIP: test-windows-timedmutex-type
PASS: test-wmemchr
PASS: test-xstdopen.sh
PASS: test-xalloc-die.sh
PASS: test-year2038
PASS: test-xstrtoimax.sh
PASS: test-xstrtol.sh
PASS: test-setlocale_null-mt-all
PASS: test-update-copyright.sh
PASS: test-mcel-1.sh
PASS: test-verify.sh
PASS: test-regex
============================================================================
Testsuite summary for GNU diffutils 3.12
============================================================================
# TOTAL: 344
# PASS:  278
# SKIP:  66
# XFAIL: 0
# FAIL:  0
# XPASS: 0
# ERROR: 0
============================================================================
make[5]: Leaving directory '/home/packager/aports/main/diffutils/src/diffutils-3.12/gnulib-tests'
make[4]: Leaving directory '/home/packager/aports/main/diffutils/src/diffutils-3.12/gnulib-tests'
make[3]: Leaving directory '/home/packager/aports/main/diffutils/src/diffutils-3.12/gnulib-tests'
make[2]: Leaving directory '/home/packager/aports/main/diffutils/src/diffutils-3.12/gnulib-tests'
make[1]: Leaving directory '/home/packager/aports/main/diffutils/src/diffutils-3.12/gnulib-tests'
make[1]: Entering directory '/home/packager/aports/main/diffutils/src/diffutils-3.12'
make[1]: Nothing to be done for 'check-am'.
make[1]: Leaving directory '/home/packager/aports/main/diffutils/src/diffutils-3.12'
>>> diffutils: Entering fakeroot...
Making install in lib
make[1]: Entering directory '/home/packager/aports/main/diffutils/src/diffutils-3.12/lib'
make  install-am
make[2]: Entering directory '/home/packager/aports/main/diffutils/src/diffutils-3.12/lib'
make[3]: Entering directory '/home/packager/aports/main/diffutils/src/diffutils-3.12/lib'
make[3]: Nothing to be done for 'install-exec-am'.
make[3]: Nothing to be done for 'install-data-am'.
make[3]: Leaving directory '/home/packager/aports/main/diffutils/src/diffutils-3.12/lib'
make[2]: Leaving directory '/home/packager/aports/main/diffutils/src/diffutils-3.12/lib'
make[1]: Leaving directory '/home/packager/aports/main/diffutils/src/diffutils-3.12/lib'
Making install in src
make[1]: Entering directory '/home/packager/aports/main/diffutils/src/diffutils-3.12/src'
make  install-am
make[2]: Entering directory '/home/packager/aports/main/diffutils/src/diffutils-3.12/src'
make[3]: Entering directory '/home/packager/aports/main/diffutils/src/diffutils-3.12/src'
make[3]: Nothing to be done for 'install-data-am'.
 /bin/mkdir -p '/home/packager/aports/main/diffutils/pkg/diffutils/usr/bin'
  /usr/bin/install -c cmp diff diff3 sdiff '/home/packager/aports/main/diffutils/pkg/diffutils/usr/bin'
make[3]: Leaving directory '/home/packager/aports/main/diffutils/src/diffutils-3.12/src'
make[2]: Leaving directory '/home/packager/aports/main/diffutils/src/diffutils-3.12/src'
make[1]: Leaving directory '/home/packager/aports/main/diffutils/src/diffutils-3.12/src'
Making install in tests
make[1]: Entering directory '/home/packager/aports/main/diffutils/src/diffutils-3.12/tests'
make[2]: Entering directory '/home/packager/aports/main/diffutils/src/diffutils-3.12/tests'
make[2]: Nothing to be done for 'install-exec-am'.
make[2]: Nothing to be done for 'install-data-am'.
make[2]: Leaving directory '/home/packager/aports/main/diffutils/src/diffutils-3.12/tests'
make[1]: Leaving directory '/home/packager/aports/main/diffutils/src/diffutils-3.12/tests'
Making install in doc
make[1]: Entering directory '/home/packager/aports/main/diffutils/src/diffutils-3.12/doc'
make[2]: Entering directory '/home/packager/aports/main/diffutils/src/diffutils-3.12/doc'
make[2]: Nothing to be done for 'install-exec-am'.
 /bin/mkdir -p '/home/packager/aports/main/diffutils/pkg/diffutils/usr/share/info'
 /usr/bin/install -c -m 644 ./diffutils.info '/home/packager/aports/main/diffutils/pkg/diffutils/usr/share/info'
make[2]: Leaving directory '/home/packager/aports/main/diffutils/src/diffutils-3.12/doc'
make[1]: Leaving directory '/home/packager/aports/main/diffutils/src/diffutils-3.12/doc'
Making install in man
make[1]: Entering directory '/home/packager/aports/main/diffutils/src/diffutils-3.12/man'
make[2]: Entering directory '/home/packager/aports/main/diffutils/src/diffutils-3.12/man'
make[2]: Nothing to be done for 'install-exec-am'.
 /bin/mkdir -p '/home/packager/aports/main/diffutils/pkg/diffutils/usr/share/man/man1'
 /usr/bin/install -c -m 644 cmp.1 diff.1 diff3.1 sdiff.1 '/home/packager/aports/main/diffutils/pkg/diffutils/usr/share/man/man1'
make[2]: Leaving directory '/home/packager/aports/main/diffutils/src/diffutils-3.12/man'
make[1]: Leaving directory '/home/packager/aports/main/diffutils/src/diffutils-3.12/man'
Making install in po
make[1]: Entering directory '/home/packager/aports/main/diffutils/src/diffutils-3.12/po'
if test "diffutils" = "gettext-tools"; then \
  /bin/mkdir -p /home/packager/aports/main/diffutils/pkg/diffutils/usr/share/gettext/po; \
  for file in Makefile.in.in remove-potcdate.sin quot.sed boldquot.sed en@quot.header en@boldquot.header insert-header.sin Rules-quot   Makevars.template; do \
    /usr/bin/install -c -m 644 ./$file \
		    /home/packager/aports/main/diffutils/pkg/diffutils/usr/share/gettext/po/$file; \
  done; \
  for file in Makevars; do \
    rm -f /home/packager/aports/main/diffutils/pkg/diffutils/usr/share/gettext/po/$file; \
  done; \
else \
  : ; \
fi
make[1]: Leaving directory '/home/packager/aports/main/diffutils/src/diffutils-3.12/po'
Making install in gnulib-tests
make[1]: Entering directory '/home/packager/aports/main/diffutils/src/diffutils-3.12/gnulib-tests'
make  install-recursive
make[2]: Entering directory '/home/packager/aports/main/diffutils/src/diffutils-3.12/gnulib-tests'
Making install in .
make[3]: Entering directory '/home/packager/aports/main/diffutils/src/diffutils-3.12/gnulib-tests'
make[4]: Entering directory '/home/packager/aports/main/diffutils/src/diffutils-3.12/gnulib-tests'
make[4]: Nothing to be done for 'install-exec-am'.
make[4]: Leaving directory '/home/packager/aports/main/diffutils/src/diffutils-3.12/gnulib-tests'
make[3]: Leaving directory '/home/packager/aports/main/diffutils/src/diffutils-3.12/gnulib-tests'
make[2]: Leaving directory '/home/packager/aports/main/diffutils/src/diffutils-3.12/gnulib-tests'
make[1]: Leaving directory '/home/packager/aports/main/diffutils/src/diffutils-3.12/gnulib-tests'
make[1]: Entering directory '/home/packager/aports/main/diffutils/src/diffutils-3.12'
make[2]: Entering directory '/home/packager/aports/main/diffutils/src/diffutils-3.12'
make[2]: Nothing to be done for 'install-exec-am'.
make[2]: Nothing to be done for 'install-data-am'.
make[2]: Leaving directory '/home/packager/aports/main/diffutils/src/diffutils-3.12'
make[1]: Leaving directory '/home/packager/aports/main/diffutils/src/diffutils-3.12'
>>> diffutils-doc*: Running split function doc...
'usr/share/man' -> '/home/packager/aports/main/diffutils/pkg/diffutils-doc/usr/share/man'
'usr/share/info' -> '/home/packager/aports/main/diffutils/pkg/diffutils-doc/usr/share/info'
>>> diffutils-doc*: Preparing subpackage diffutils-doc...
>>> diffutils-doc*: Running postcheck for diffutils-doc
>>> diffutils*: Running postcheck for diffutils
>>> diffutils*: Preparing package diffutils...
>>> diffutils*: Stripping binaries
>>> diffutils-doc*: Scanning shared objects
>>> diffutils*: Scanning shared objects
>>> diffutils-doc*: Tracing dependencies...
>>> diffutils-doc*: Package size: 231.0 KB
>>> diffutils-doc*: Compressing data...
>>> diffutils-doc*: Create checksum...
pigz: not found
>>> diffutils-doc*: Create diffutils-doc-3.12-r0.apk
>>> diffutils*: Tracing dependencies...
	so:libc.musl-x86_64.so.1
>>> diffutils*: Package size: 280.3 KB
>>> diffutils*: Compressing data...
>>> diffutils*: Create checksum...
pigz: not found
>>> diffutils*: Create diffutils-3.12-r0.apk
>>> diffutils: Build complete at Fri, 16 May 2025 13:46:03 +0000 elapsed time 0h 2m 1s
>>> diffutils: Cleaning up srcdir
>>> diffutils: Cleaning up pkgdir
>>> diffutils: Uninstalling dependencies...
(1/6) Purging .makedepends-diffutils (20250516.134403)
(2/6) Purging git-perl (2.47.2-r0)
(3/6) Purging perl-git (2.47.2-r0)
(4/6) Purging perl-error (0.17029-r2)
(5/6) Purging perl (5.40.2-r0)
(6/6) Purging libbz2 (1.0.8-r6)
Executing busybox-1.37.0-r12.trigger
OK: 259 MiB in 74 packages
>>> diffutils: Updating the main/x86_64 repository index...
>>> diffutils: Signing the index...
pigz: not found
