pigz: not found
>>> ncftp: Building main/ncftp 3.3.0-r0 (using abuild 3.14.1-r4) started Sun, 18 May 2025 09:25:41 +0000
>>> ncftp: Validating /home/packager/aports/main/ncftp/APKBUILD...
>>> ncftp: Analyzing dependencies...
>>> ncftp: Installing for build: build-base ncurses-dev
(1/1) Installing .makedepends-ncftp (20250518.092541)
OK: 261 MiB in 82 packages
>>> ncftp: Cleaning up srcdir
>>> ncftp: Cleaning up pkgdir
>>> ncftp: Cleaning up tmpdir
>>> ncftp: Fetching https://www.ncftp.com/public_ftp/ncftp/ncftp-3.3.0-src.tar.gz
Connecting to www.ncftp.com (66.39.133.47:443)
saving to '/var/cache/distfiles/ncftp-3.3.0-src.tar.gz.part'
ncftp-3.3.0-src.tar. 100% |********************************|  625k  0:00:00 ETA
'/var/cache/distfiles/ncftp-3.3.0-src.tar.gz.part' saved
>>> ncftp: Fetching https://www.ncftp.com/public_ftp/ncftp/ncftp-3.3.0-src.tar.gz
>>> ncftp: Checking sha512sums...
ncftp-3.3.0-src.tar.gz: OK
>>> ncftp: Unpacking /var/cache/distfiles/ncftp-3.3.0-src.tar.gz...
creating cache ./config.cache
checking if you set and exported the environment variable CC... gcc
checking for environment variable CFLAGS... -fpermissive
checking for environment variable CPPFLAGS... no
checking for environment variable LDFLAGS... -Wl,--as-needed,-O1,--sort-common -Wl,-z,pack-relative-relocs
checking for environment variable LIBS... no
checking for clang C compiler... no
checking if CC should now be set... no
checking for gcc... gcc
checking whether the C compiler (gcc -fpermissive -Wl,--as-needed,-O1,--sort-common -Wl,-z,pack-relative-relocs) works... yes
checking whether the C compiler (gcc -fpermissive -Wl,--as-needed,-O1,--sort-common -Wl,-z,pack-relative-relocs) is a cross-compiler... no
checking whether we are using GNU C... yes
checking whether gcc accepts -g... yes
checking version of C library... libc5
checking platform... linux-x86_64
checking for object suffix... o
checking for Cygwin environment... no
checking for mingw32 environment... no
checking for executable suffix... no
checking how to run the C preprocessor... gcc -E
checking for ANSI C header files... yes
checking for stdio.h... yes
checking for sys/types.h... yes
checking for sys/stat.h... yes
checking for stdlib.h... yes
checking for stddef.h... yes
checking for stdlib.h... (cached) yes
checking for memory.h... yes
checking for string.h... yes
checking for strings.h... yes
checking for inttypes.h... yes
checking for stdint.h... yes
checking for unistd.h... yes
checking for arpa/nameser.h... yes
checking for fnmatch.h... yes
checking for gnu/libc-version.h... no
checking for locale.h... yes
checking for net/errno.h... no
checking for nserve.h... no
checking for resolv.h... yes
checking for sgtty.h... no
checking for sys/id.h... no
checking for sys/ioctl.h... yes
checking for syslog.h... yes
checking for sys/sendfile.h... yes
checking for sys/socket.h... yes
checking for sys/time.h... yes
checking for sys/utsname.h... yes
checking for sys/systeminfo.h... no
checking for termio.h... no
checking for termios.h... yes
checking for time.h... yes
checking for utime.h... yes
checking for gnu/libc-version.h... (cached) no
checking whether time.h and sys/time.h may both be included... yes
checking size of off_t... 8
checking if unnecessary Large File Support flags should be removed from CFLAGS... no
checking if we should add CFLAGS for reentrancy... -D_REENTRANT
checking for strip... strip
checking CC... gcc
checking CFLAGS... -D_REENTRANT -fpermissive
checking CPPFLAGS... 
checking DEFS... 
checking NDEFS...  -DLINUX=59000 -DLINUX_LIBC=5
checking LDFLAGS... -Wl,--as-needed,-O1,--sort-common -Wl,-z,pack-relative-relocs
checking LIBS... 
checking for sys/un.h... yes
checking for UNIX domain sockets... yes
checking for sun_len field in struct sockaddr_un... no
checking for strerror... yes
checking for socket... yes
checking for gethostbyname... yes
checking if we need to look for a separate DNS resolver library... no
checking if SOCKS5 will be used... no
checking for curses library headers... checking for ncurses.h... yes
checking for curses.h... yes
checking for termios.h... (cached) yes
checking for termio.h... (cached) no
checking for sgtty.h... (cached) no
checking for sys/ioctl.h... (cached) yes
checking for curses library... yes
checking for working const... yes
checking for size_t... yes
checking for off_t... yes
checking for mode_t... yes
checking for pid_t... yes
checking for uid_t in sys/types.h... yes
checking what type main() should return... int
checking for 64-bit integral type: long long... yes
checking how to print a 64-bit integral type... %lld
checking how to scan a 64-bit integral type... %lld
checking if everything was available to use the 64-bit integral type... yes
checking what type the tv_sec field of struct timeval is... long long
checking what type the tv_usec field of struct timeval is... long long
checking for perl... perl
checking for mktemp... /bin/mktemp
checking for return type from write...   	"$PERL" "$wi_tmpdir/prpp.pl" < "$wi_tmpdir/unistd.i" > "$wi_tmpdir/protos.h"
  	^
./configure:5480: Command 'perl' not found (OILS-ERR-100)
int
checking for size parameter to write... int
checking for return type from send... int
checking for size parameter to send... int
checking for size parameter to connect... int
checking for size parameter to setsockopt... int
checking for backlog parameter to listen... int
checking for seconds parameter to alarm... int
checking for address parameter to gethostbyaddr... struct in_addr *
checking for size parameter to gethostname... int
checking for size parameter to getdomainname... int
checking for negative_control_t... no
checking for ssize_t... yes
checking for socklen_t... yes
checking for sa_family_t... yes
checking types of arguments for select()... int,fd_set *,struct timeval *
checking for struct stat64... not needed
checking for sig_atomic_t... yes
checking how to access getopt() global variables... automatic
checking for useable _res global variable... yes
checking for struct cmsghdr... yes
checking for msg_control field in struct msghdr... yes
checking for msg_accrights field in struct msghdr... no
checking for sys/time.h... (cached) yes
checking for getcwd... yes
checking for getwd... no
checking for fnmatch... yes
checking for fseeko... yes
checking for ftello... yes
checking for getnameinfo... yes
checking for getaddrinfo... yes
checking for gethostbyname2_r... yes
checking for getdomainname... yes
checking for gethostname... yes
checking for getpass... yes
checking for getpassphrase... no
checking for gnu_get_libc_release... no
checking for gnu_get_libc_version... no
checking for inet_aton... yes
checking for inet_ntop... yes
checking for llseek... no
checking for lseek64... no
checking for memmove... yes
checking for mktime... yes
checking for pathconf... yes
checking for readlink... yes
checking for recvfile... no
checking for res_init... yes
checking for sendfile... yes
checking for setlocale... yes
checking for setpgid... yes
checking for setpgrp... yes
checking for setsid... yes
checking for setvbuf... yes
checking for sigaction... yes
checking for sigsetjmp... yes
checking for stat64... no
checking for strcasecmp... yes
checking for strcoll... yes
checking for strdup... yes
checking for strerror... (cached) yes
checking for strncoll... no
checking for strstr... yes
checking for strtoq... no
checking for symlink... yes
checking for sysconf... yes
checking for sysctl... no
checking for sysinfo... yes
checking for syslog... yes
checking for tcgetattr... yes
checking for uname... yes
checking for waitpid... yes
checking for gethostbyaddr_r... yes
checking for gethostbyname_r... yes
checking for getlogin_r... yes
checking for getpwnam_r... yes
checking for _posix_getpwnam_r... no
checking for getpwuid_r... yes
checking for _posix_getpwuid_r... no
checking for getservbyname_r... yes
checking for getservbyport_r... yes
checking for gmtime_r... yes
checking for localtime_r... yes
checking for readdir_r... yes
checking for snprintf... yes
checking for vsnprintf... yes
checking if snprintf works correctly... yes
checking what snprintf() returns... length of data written
checking for sigsetjmp and siglongjmp... yes
checking if setpgrp behavior needs to be checked... no
checking whether setvbuf behavior can be checked... yes
checking whether setvbuf arguments are reversed... no
checking string parameter to waddstr...   	"$PERL" "$wi_tmpdir/prpp.pl" < "$wi_tmpdir/curses.i" > "$wi_tmpdir/protos.h"
  	^
./configure:7936: Command 'perl' not found (OILS-ERR-100)
const char *
checking whether curses structure has maxx or _maxx field... _maxx
checking for getcurx() functionality in curses library... yes
checking for getyx() functionality in curses library... yes
checking for getmaxx() functionality in curses library... yes
checking for getmaxyx() functionality in curses library... yes
checking for getbegx() functionality in curses library... yes
checking for getbegyx() functionality in curses library... yes
checking for touchwin() functionality in curses library... yes
checking for beep() functionality in curses library... yes
checking for keypad... yes
checking for nodelay... yes
checking for curs_set... yes
checking for doupdate... yes
checking for wnoutrefresh... yes
checking for long file names... yes
checking whether make sets ${MAKE}... yes
checking for gtar... no
checking for tar... /usr/bin/tar
checking how to create TAR files... /usr/bin/tar -c --owner=root --group=root --verbose -f
checking for ranlib... ranlib
checking for ar... ar
checking for a BSD compatible install... /usr/bin/install -c
checking for pwd... /bin/pwd
checking for ccdv... /home/packager/aports/main/ncftp/src/ncftp-3.3.0/ccdv
checking if shell can test for symlinks... yes
checking CC... gcc
checking CFLAGS... -D_REENTRANT -fpermissive
checking CPPFLAGS... -I/home/packager/aports/main/ncftp/src/ncftp-3.3.0 -I/home/packager/aports/main/ncftp/src/ncftp-3.3.0/libncftp -I/home/packager/aports/main/ncftp/src/ncftp-3.3.0/sio -I/home/packager/aports/main/ncftp/src/ncftp-3.3.0/Strn
checking DEFS... 
checking NDEFS...  -DLINUX=59000 -DLINUX_LIBC=5
checking LDFLAGS... -L/home/packager/aports/main/ncftp/src/ncftp-3.3.0/libncftp -L/home/packager/aports/main/ncftp/src/ncftp-3.3.0/sio -L/home/packager/aports/main/ncftp/src/ncftp-3.3.0/Strn -Wl,--as-needed,-O1,--sort-common -Wl,-z,pack-relative-relocs
checking LIBS... 
updating cache ./config.cache
creating ./config.status
creating Makefile
creating Makefile.bin
creating ncftp/Makefile
creating libncftp/Makefile
creating Strn/Makefile
creating sio/Makefile
creating sh_util/Makefile
creating vis/Makefile
creating config.h
Compiling c_chdir.so.
Compiling c_chdir3.so.
Compiling c_chdirlist.so.
Compiling c_chmod.so.
Compiling c_delete.so.
Compiling c_exists.so.
Compiling c_filetype.so.
Compiling c_getcwd.so.
Compiling c_mkdir.so.
Compiling c_mlist1.so.
Compiling c_modtime.so.
Compiling c_opennologin.so.
Compiling c_rename.so.
Compiling c_rhelp.so.
Compiling c_rmdir.so.
Compiling c_rmdirr.so.
Compiling c_size.so.
Compiling c_sizemdtm.so.
Compiling c_symlink.so.
Compiling c_type.so.
Compiling c_umask.so.
Compiling c_utime.so.
Compiling errno.so.
Compiling ftp.so.
Compiling ftw.so.
Compiling io_get.so.
Compiling io_getfiles.so.
Compiling io_getmem.so.
Compiling io_getonefile.so.
Compiling io_gettar.so.
Compiling io_list.so.
Compiling io_listmem.so.
Compiling io_put.so.
Compiling io_putfiles.so.
Compiling io_putmem.so.
Compiling io_putonefile.so.
Compiling io_sendfile.so.
Compiling io_util.so.
Compiling lglob.so.
Compiling lglobr.so.
Compiling linelist.so.
Compiling open.so.
Compiling rcmd.so.
Compiling rftw.so.
Compiling rglob.so.
Compiling rglobr.so.
Compiling u_close.so.
Compiling u_decodeurl.so.
Compiling u_decodehost.so.
Compiling u_error.so.
Compiling u_fileextn.so.
Compiling u_getcwd.so.
Compiling u_gethome.so.
Compiling u_getopt.so.
Compiling u_getpass.so.
Compiling u_getpw.so.
Compiling u_getusr.so.
Compiling u_getutc.so.
Compiling u_gmtime.so.
Compiling u_localtime.so.
Compiling u_misc.so.
Compiling u_miscdebug.so.
Compiling u_mkdirs.so.
Compiling u_pathcat.so.
Compiling u_printf.so.
Compiling u_rebuildci.so.
Compiling u_scram.so.
Compiling u_shutdownci.so.
Compiling u_signal.so.
Compiling u_slash.so.
Compiling u_unmdtm.so.
Compiling unls.so.
Compiling u_feat.so.
/bin/rm -rf libncftp.so.3 libncftp.so
gcc -shared -Wl,-soname,libncftp.so.3 -o libncftp.so.3 c_chdir.so c_chdir3.so c_chdirlist.so c_chmod.so c_delete.so c_exists.so c_filetype.so c_getcwd.so c_mkdir.so c_mlist1.so c_modtime.so c_opennologin.so c_rename.so c_rhelp.so c_rmdir.so c_rmdirr.so c_size.so c_sizemdtm.so c_symlink.so c_type.so c_umask.so c_utime.so errno.so ftp.so ftw.so io_get.so io_getfiles.so io_getmem.so io_getonefile.so io_gettar.so io_list.so io_listmem.so io_put.so io_putfiles.so io_putmem.so io_putonefile.so io_sendfile.so io_util.so lglob.so lglobr.so linelist.so open.so rcmd.so rftw.so rglob.so rglobr.so u_close.so u_decodeurl.so u_decodehost.so u_error.so u_fileextn.so u_getcwd.so u_gethome.so u_getopt.so u_getpass.so u_getpw.so u_getusr.so u_getutc.so u_gmtime.so u_localtime.so u_misc.so u_miscdebug.so u_mkdirs.so u_pathcat.so u_printf.so u_rebuildci.so u_scram.so u_shutdownci.so u_signal.so u_slash.so u_unmdtm.so unls.so u_feat.so
/bin/ln -s libncftp.so.3 libncftp.so
lrwxrwxrwx    1 packager packager        13 May 18 09:25 libncftp.so -> libncftp.so.3
-rwxr-xr-x    1 packager packager    230984 May 18 09:25 libncftp.so.3
make[1]: Entering directory '/home/packager/aports/main/ncftp/src/ncftp-3.3.0/Strn'
Compiling DStrCat.c.
Compiling DStrFree.c.
Compiling Dynscpy.c.
Compiling Strncpy.c.
Compiling strtokc.c.
Compiling DStrCatList.c.
Compiling DStrInit.c.
Compiling Dynsrecpy.c.
Compiling Strnpcat.c.
Compiling DStrCpy.c.
Compiling DStrNew.c.
Compiling StrFree.c.
Compiling Strnpcpy.c.
Compiling DStrCpyList.c.
Compiling Dynscat.c.
Compiling Strncat.c.
Compiling Strntok.c.
Compiling Strncpy_NoZeroPad.c.
Compiling Strncat_NoZeroPad.c.
Creating library libStrn.a.
  ar: creating libStrn.a
ranlib "libStrn.a"
-rw-r--r--    1 packager packager     39042 May 18 09:25 libStrn.a
Done making Strn.
make[1]: Leaving directory '/home/packager/aports/main/ncftp/src/ncftp-3.3.0/Strn'
make[1]: Entering directory '/home/packager/aports/main/ncftp/src/ncftp-3.3.0/sio'
Compiling UAccept.c.
Compiling UBind.c.
Compiling UConnectByName.c.
Compiling UConnect.c.
Compiling UNew.c.
Compiling URecvfrom.c.
Compiling USendtoByName.c.
Compiling USendto.c.
Compiling DNSUtil.c.
Compiling main.c.
Compiling PRead.c.
Compiling PWrite.c.
Compiling SAccept.c.
Compiling SBind.c.
Compiling SClose.c.
Compiling SConnectByName.c.
Compiling SConnect.c.
Compiling SError.c.
Compiling SNew.c.
Compiling SocketUtil.c.
Compiling SRead.c.
Compiling SReadline.c.
Compiling SRecv.c.
Compiling SRecvfrom.c.
Compiling SRecvmsg.c.
Compiling SSelect.c.
Compiling SSend.c.
Compiling SSendtoByName.c.
Compiling SSendto.c.
Compiling StrAddr.c.
Compiling SWait.c.
Compiling SWrite.c.
Creating library libsio.a.
  ar: creating libsio.a
ranlib libsio.a
-rw-r--r--    1 packager packager    100060 May 18 09:25 libsio.a
make[1]: [Makefile:66: libsio.a] Error 1 (ignored)
Done.
make[1]: Leaving directory '/home/packager/aports/main/ncftp/src/ncftp-3.3.0/sio'
make[1]: Entering directory '/home/packager/aports/main/ncftp/src/ncftp-3.3.0/libncftp'
Compiling c_chdir.c.
Compiling c_chdir3.c.
Compiling c_chdirlist.c.
Compiling c_chmod.c.
Compiling c_delete.c.
Compiling c_exists.c.
Compiling c_filetype.c.
Compiling c_getcwd.c.
Compiling c_mkdir.c.
Compiling c_mlist1.c.
Compiling c_modtime.c.
Compiling c_opennologin.c.
Compiling c_rename.c.
Compiling c_rhelp.c.
Compiling c_rmdir.c.
Compiling c_rmdirr.c.
Compiling c_size.c.
Compiling c_sizemdtm.c.
Compiling c_symlink.c.
Compiling c_type.c.
Compiling c_umask.c.
Compiling c_utime.c.
Compiling errno.c.
Compiling ftp.c.
Compiling ftw.c.
Compiling io_get.c.
Compiling io_getfiles.c.
Compiling io_getmem.c.
Compiling io_getonefile.c.
Compiling io_gettar.c.
Compiling io_list.c.
Compiling io_listmem.c.
Compiling io_put.c.
Compiling io_putfiles.c.
Compiling io_putmem.c.
Compiling io_putonefile.c.
Compiling io_sendfile.c.
Compiling io_util.c.
Compiling lglob.c.
Compiling lglobr.c.
Compiling linelist.c.
Compiling open.c.
Compiling rcmd.c.
Compiling rftw.c.
Compiling rglob.c.
Compiling rglobr.c.
Compiling u_close.c.
Compiling u_decodeurl.c.
Compiling u_decodehost.c.
Compiling u_error.c.
Compiling u_fileextn.c.
Compiling u_getcwd.c.
Compiling u_gethome.c.
Compiling u_getpass.c.
Compiling u_getopt.c.
Compiling u_getpw.c.
Compiling u_getusr.c.
Compiling u_getutc.c.
Compiling u_gmtime.c.
Compiling u_localtime.c.
Compiling u_misc.c.
Compiling u_miscdebug.c.
Compiling u_mkdirs.c.
Compiling u_pathcat.c.
Compiling u_printf.c.
Compiling u_rebuildci.c.
Compiling u_scram.c.
Compiling u_shutdownci.c.
Compiling u_signal.c.
Compiling u_slash.c.
Compiling u_unmdtm.c.
Compiling unls.c.
Compiling u_feat.c.
Creating library libncftp.a.
  ar: creating libncftp.a
-rw-r--r--    1 packager packager    390736 May 18 09:25 libncftp.a
make[2]: Entering directory '/home/packager/aports/main/ncftp/src/ncftp-3.3.0/sio'
Done.
make[2]: Leaving directory '/home/packager/aports/main/ncftp/src/ncftp-3.3.0/sio'
make[2]: Entering directory '/home/packager/aports/main/ncftp/src/ncftp-3.3.0/Strn'
Done making Strn.
make[2]: Leaving directory '/home/packager/aports/main/ncftp/src/ncftp-3.3.0/Strn'
Done.
make[1]: Leaving directory '/home/packager/aports/main/ncftp/src/ncftp-3.3.0/libncftp'
make[1]: Entering directory '/home/packager/aports/main/ncftp/src/ncftp-3.3.0/ncftp'
Compiling cmds.c.
Compiling cmdlist.c.
Compiling ls.c.
Compiling main.c.
Compiling version.c.
Compiling shell.c.
Compiling util.c.
Compiling readln.c.
Compiling progress.c.
Compiling bookmark.c.
Compiling pref.c.
Compiling preffw.c.
Compiling trace.c.
Compiling spool.c.
Compiling spoolutil.c.
Compiling log.c.
Compiling gl_getline.c.
Linking ncftp.
Done making NcFTP.
make[1]: Leaving directory '/home/packager/aports/main/ncftp/src/ncftp-3.3.0/ncftp'
make[1]: Entering directory '/home/packager/aports/main/ncftp/src/ncftp-3.3.0/sh_util'
Compiling gpshare.c.
Compiling bookmark.c.
Compiling preffw.c.
Compiling spoolutil.c.
Compiling util.c.
Compiling gl_getline.c.
Compiling version.c.
Compiling ncftpbatch.
Compiling ncftpget.
Compiling ncftpput.
Compiling ncftpls.
Done making NcFTP shell utilities.
make[1]: Leaving directory '/home/packager/aports/main/ncftp/src/ncftp-3.3.0/sh_util'
make[1]: Entering directory '/home/packager/aports/main/ncftp/src/ncftp-3.3.0/vis'
Compiling wgets.c.
Compiling wutil.c.
Compiling pref.c.
Compiling preffw.c.
Compiling trace.c.
Compiling util.c.
Compiling bookmark.c.
Compiling version.c.
Compiling ncftpbookmarks.
Done making NcFTP full-screen utilities.
make[1]: Leaving directory '/home/packager/aports/main/ncftp/src/ncftp-3.3.0/vis'
total 800
-rwxr-xr-x    1 packager packager    218992 May 18 09:25 ncftp
-rwxr-xr-x    1 packager packager    125296 May 18 09:25 ncftpbatch
-rwxr-xr-x    1 packager packager    105208 May 18 09:25 ncftpbookmarks
-rwxr-xr-x    1 packager packager    125328 May 18 09:25 ncftpget
-rwxr-xr-x    1 packager packager    113040 May 18 09:25 ncftpls
-rwxr-xr-x    1 packager packager    121232 May 18 09:25 ncftpput
lrwxrwxrwx    1 packager packager        10 May 18 09:25 ncftpspooler -> ncftpbatch
Done.

** Please report any problems to http://www.NcFTP.com/contact/ **
>>> ncftp: Entering fakeroot...
[ -d "/home/packager/aports/main/ncftp/pkg/ncftp/usr/lib" ] || mkdir -m 755 -p "/home/packager/aports/main/ncftp/pkg/ncftp/usr/lib"
[ -d "/home/packager/aports/main/ncftp/pkg/ncftp/usr/include" ] || mkdir -m 755 -p "/home/packager/aports/main/ncftp/pkg/ncftp/usr/include"
/bin/cp -pr libncftp.so.3 /home/packager/aports/main/ncftp/pkg/ncftp/usr/lib/libncftp.so.3
( cd /home/packager/aports/main/ncftp/pkg/ncftp/usr/lib ; /bin/rm -rf libncftp.so ; /bin/ln -s libncftp.so.3 libncftp.so )
/bin/cp -pr ncftp.h ncftp_errno.h /home/packager/aports/main/ncftp/pkg/ncftp/usr/include
chmod a+r /home/packager/aports/main/ncftp/pkg/ncftp/usr/lib/libncftp.so.3 /home/packager/aports/main/ncftp/pkg/ncftp/usr/include/ncftp.h /home/packager/aports/main/ncftp/pkg/ncftp/usr/include/ncftp_errno.h
-rwxr-xr-x    1 root     root        230984 May 18 09:25 /home/packager/aports/main/ncftp/pkg/ncftp/usr/lib/libncftp.so.3

Make sure that your dynamic loader searches for the directory /home/packager/aports/main/ncftp/pkg/ncftp/usr/lib.
For example, edit /etc/ld.so.conf accordingly if your system uses ld.so.
make[1]: Entering directory '/home/packager/aports/main/ncftp/src/ncftp-3.3.0/ncftp'
Done making NcFTP.
make[1]: Leaving directory '/home/packager/aports/main/ncftp/src/ncftp-3.3.0/ncftp'
make[1]: Entering directory '/home/packager/aports/main/ncftp/src/ncftp-3.3.0/sh_util'
Done making NcFTP shell utilities.
make[1]: Leaving directory '/home/packager/aports/main/ncftp/src/ncftp-3.3.0/sh_util'
make[1]: Entering directory '/home/packager/aports/main/ncftp/src/ncftp-3.3.0/vis'
Done making NcFTP full-screen utilities.
make[1]: Leaving directory '/home/packager/aports/main/ncftp/src/ncftp-3.3.0/vis'
mkdir -p "/home/packager/aports/main/ncftp/pkg/ncftp/usr" "/home/packager/aports/main/ncftp/pkg/ncftp/usr/bin" "/home/packager/aports/main/ncftp/pkg/ncftp/etc" "/home/packager/aports/main/ncftp/pkg/ncftp/usr/share/man" "/home/packager/aports/main/ncftp/pkg/ncftp/usr/share/man/man1" 2>/dev/null
..... Installing the programs .....
/usr/bin/install -c bin/ncftp "/home/packager/aports/main/ncftp/pkg/ncftp/usr/bin/ncftp"
/usr/bin/install -c bin/ncftpget "/home/packager/aports/main/ncftp/pkg/ncftp/usr/bin/ncftpget"
/usr/bin/install -c bin/ncftpput "/home/packager/aports/main/ncftp/pkg/ncftp/usr/bin/ncftpput"
/usr/bin/install -c bin/ncftpls "/home/packager/aports/main/ncftp/pkg/ncftp/usr/bin/ncftpls"
/usr/bin/install -c bin/ncftpbatch "/home/packager/aports/main/ncftp/pkg/ncftp/usr/bin/ncftpbatch"
make: [Makefile:55: install] Error 1 (ignored)
ln "/home/packager/aports/main/ncftp/pkg/ncftp/usr/bin/ncftpbatch" "/home/packager/aports/main/ncftp/pkg/ncftp/usr/bin/ncftpspooler"
test -f bin/ncftpbookmarks && /usr/bin/install -c bin/ncftpbookmarks "/home/packager/aports/main/ncftp/pkg/ncftp/usr/bin/ncftpbookmarks"
..... Installing the manual pages .....
/usr/bin/install -c -m 644 doc/man/ncftp.1 "/home/packager/aports/main/ncftp/pkg/ncftp/usr/share/man/man1/ncftp.1"
/usr/bin/install -c -m 644 doc/man/ncftpget.1 "/home/packager/aports/main/ncftp/pkg/ncftp/usr/share/man/man1/ncftpget.1"
/usr/bin/install -c -m 644 doc/man/ncftpput.1 "/home/packager/aports/main/ncftp/pkg/ncftp/usr/share/man/man1/ncftpput.1"
/usr/bin/install -c -m 644 doc/man/ncftpbatch.1 "/home/packager/aports/main/ncftp/pkg/ncftp/usr/share/man/man1/ncftpbatch.1"
/usr/bin/install -c -m 644 doc/man/ncftpspooler.1 "/home/packager/aports/main/ncftp/pkg/ncftp/usr/share/man/man1/ncftpspooler.1"
/usr/bin/install -c -m 644 doc/man/ncftpls.1 "/home/packager/aports/main/ncftp/pkg/ncftp/usr/share/man/man1/ncftpls.1"
..... Finishing up .....

/home/packager/aports/main/ncftp/pkg/ncftp/usr/bin:
  -rwxr-xr-x    1 root     root        218992 May 18 09:25 ncftp
  -rwxr-xr-x    2 root     root        125296 May 18 09:25 ncftpbatch
  -rwxr-xr-x    1 root     root        105208 May 18 09:25 ncftpbookmarks
  -rwxr-xr-x    1 root     root        125328 May 18 09:25 ncftpget
  -rwxr-xr-x    1 root     root        113040 May 18 09:25 ncftpls
  -rwxr-xr-x    1 root     root        121232 May 18 09:25 ncftpput
  -rwxr-xr-x    2 root     root        125296 May 18 09:25 ncftpspooler

Done installing NcFTP.
>>> ncftp-doc*: Running split function doc...
'usr/share/man' -> '/home/packager/aports/main/ncftp/pkg/ncftp-doc/usr/share/man'
'usr/share/licenses' -> '/home/packager/aports/main/ncftp/pkg/ncftp-doc/usr/share/licenses'
>>> ncftp-doc*: Preparing subpackage ncftp-doc...
>>> ncftp-doc*: Running postcheck for ncftp-doc
>>> ncftp-bookmarks*: Running split function bookmarks...
>>> ncftp-bookmarks*: Preparing subpackage ncftp-bookmarks...
>>> ncftp-bookmarks*: Stripping binaries
>>> ncftp-bookmarks*: Running postcheck for ncftp-bookmarks
>>> ncftp-dev*: Running split function dev...
'usr/include' -> '/home/packager/aports/main/ncftp/pkg/ncftp-dev/usr/include'
'usr/lib/libncftp.so' -> '/home/packager/aports/main/ncftp/pkg/ncftp-dev/usr/lib/libncftp.so'
>>> ncftp-dev*: Preparing subpackage ncftp-dev...
>>> ncftp-dev*: Stripping binaries
>>> ncftp-dev*: Running postcheck for ncftp-dev
>>> ncftp*: Running postcheck for ncftp
>>> ncftp*: Preparing package ncftp...
>>> ncftp*: Stripping binaries
>>> ncftp-bookmarks*: Scanning shared objects
>>> ncftp-dev*: Scanning shared objects
>>> ncftp-doc*: Scanning shared objects
>>> ncftp*: Scanning shared objects
>>> ncftp-bookmarks*: Tracing dependencies...
	so:libc.musl-x86_64.so.1
	so:libncftp.so.3
	so:libncursesw.so.6
>>> ncftp-bookmarks*: Package size: 102.7 KB
>>> ncftp-bookmarks*: Compressing data...
>>> ncftp-bookmarks*: Create checksum...
pigz: not found
>>> ncftp-bookmarks*: Create ncftp-bookmarks-3.3.0-r0.apk
>>> ncftp-dev*: Tracing dependencies...
	ncftp=3.3.0-r0
>>> ncftp-dev*: Package size: 48.2 KB
>>> ncftp-dev*: Compressing data...
>>> ncftp-dev*: Create checksum...
pigz: not found
>>> ncftp-dev*: Create ncftp-dev-3.3.0-r0.apk
>>> ncftp-doc*: Tracing dependencies...
>>> ncftp-doc*: Package size: 32.6 KB
>>> ncftp-doc*: Compressing data...
>>> ncftp-doc*: Create checksum...
pigz: not found
>>> ncftp-doc*: Create ncftp-doc-3.3.0-r0.apk
>>> ncftp*: Tracing dependencies...
	so:libc.musl-x86_64.so.1
>>> ncftp*: Package size: 894.4 KB
>>> ncftp*: Compressing data...
>>> ncftp*: Create checksum...
pigz: not found
>>> ncftp*: Create ncftp-3.3.0-r0.apk
>>> ncftp: Build complete at Sun, 18 May 2025 09:25:58 +0000 elapsed time 0h 0m 17s
>>> ncftp: Cleaning up srcdir
>>> ncftp: Cleaning up pkgdir
>>> ncftp: Uninstalling dependencies...
(1/1) Purging .makedepends-ncftp (20250518.092541)
OK: 261 MiB in 81 packages
>>> ncftp: Updating the main/x86_64 repository index...
>>> ncftp: Signing the index...
pigz: not found
