pigz: not found
>>> libkcapi: Building main/libkcapi 1.5.0-r1 (using abuild 3.14.1-r4) started Fri, 23 May 2025 16:43:40 +0000
>>> libkcapi: Validating /home/packager/aports/main/libkcapi/APKBUILD...
>>> WARNING: libkcapi: No maintainer
>>> libkcapi: Analyzing dependencies...
>>> libkcapi: Installing for build: build-base autoconf automake libtool linux-headers
(1/3) Installing libltdl (2.4.7-r3)
(2/3) Installing libtool (2.4.7-r3)
(3/3) Installing .makedepends-libkcapi (20250523.164341)
Executing busybox-1.37.0-r12.trigger
OK: 566 MiB in 135 packages
>>> libkcapi: Cleaning up srcdir
>>> libkcapi: Cleaning up pkgdir
>>> libkcapi: Cleaning up tmpdir
>>> libkcapi: Fetching libkcapi-1.5.0.tar.gz::https://github.com/smuellerDD/libkcapi/archive/refs/tags/v1.5.0.tar.gz
Connecting to github.com (140.82.121.3:443)
Connecting to codeload.github.com (140.82.121.9:443)
saving to '/var/cache/distfiles/libkcapi-1.5.0.tar.gz.part'
libkcapi-1.5.0.tar.g 100% |********************************|  717k  0:00:00 ETA
'/var/cache/distfiles/libkcapi-1.5.0.tar.gz.part' saved
>>> libkcapi: Fetching libkcapi-1.5.0.tar.gz::https://github.com/smuellerDD/libkcapi/archive/refs/tags/v1.5.0.tar.gz
>>> libkcapi: Checking sha512sums...
libkcapi-1.5.0.tar.gz: OK
busybox-ln.patch: OK
>>> libkcapi: Unpacking /var/cache/distfiles/libkcapi-1.5.0.tar.gz...
>>> libkcapi: busybox-ln.patch
patching file Makefile.am
autoreconf: export WARNINGS=
autoreconf: Entering directory '.'
autoreconf: configure.ac: not using Gettext
autoreconf: running: aclocal --force -I m4
autoreconf: configure.ac: tracing
autoreconf: running: libtoolize --copy --force
libtoolize: putting auxiliary files in '.'.
libtoolize: copying file './ltmain.sh'
libtoolize: putting macros in AC_CONFIG_MACRO_DIRS, 'm4'.
libtoolize: copying file 'm4/libtool.m4'
libtoolize: copying file 'm4/ltoptions.m4'
libtoolize: copying file 'm4/ltsugar.m4'
libtoolize: copying file 'm4/ltversion.m4'
libtoolize: copying file 'm4/lt~obsolete.m4'
autoreconf: configure.ac: not using Intltool
autoreconf: configure.ac: not using Gtkdoc
autoreconf: running: aclocal --force -I m4
autoreconf: running: /usr/bin/autoconf --force
autoreconf: configure.ac: not using Autoheader
autoreconf: running: automake --add-missing --copy --force-missing
configure.ac:22: installing './compile'
configure.ac:22: installing './config.guess'
configure.ac:22: installing './config.sub'
configure.ac:21: installing './install-sh'
configure.ac:21: installing './missing'
Makefile.am: installing './depcomp'
autoreconf: Leaving directory '.'
checking for a BSD-compatible install... /usr/bin/install -c
checking whether sleep supports fractional seconds... yes
checking filesystem timestamp resolution... 0.01
checking whether build environment is sane... yes
checking for a race-free mkdir -p... /bin/mkdir -p
checking for gawk... gawk
checking whether make sets $(MAKE)... yes
checking whether make supports nested variables... yes
checking xargs -n works... yes
checking build system type... x86_64-alpine-linux-musl
checking host system type... x86_64-alpine-linux-musl
checking how to print strings... printf
checking whether make supports the include directive... yes (GNU style)
checking for x86_64-alpine-linux-musl-gcc... gcc
checking whether the C compiler works... no
configure: error: in '/home/packager/aports/main/libkcapi/src/libkcapi-1.5.0':
configure: error: C compiler cannot create executables
See 'config.log' for more details
>>> ERROR: libkcapi: build failed
>>> libkcapi: Uninstalling dependencies...
(1/3) Purging .makedepends-libkcapi (20250523.164341)
(2/3) Purging libtool (2.4.7-r3)
(3/3) Purging libltdl (2.4.7-r3)
Executing busybox-1.37.0-r12.trigger
OK: 564 MiB in 132 packages
