pigz: not found
>>> font-bitstream-100dpi: Building main/font-bitstream-100dpi 1.0.4-r2 (using abuild 3.14.1-r4) started Thu, 22 May 2025 23:31:59 +0000
>>> font-bitstream-100dpi: Validating /home/packager/aports/main/font-bitstream-100dpi/APKBUILD...
>>> font-bitstream-100dpi: Analyzing dependencies...
>>> font-bitstream-100dpi: Installing for build: build-base encodings font-alias mkfontscale fontconfig font-util-dev bdftopcf
(1/11) Installing encodings (1.0.7-r1)
(2/11) Installing font-alias (1.0.5-r0)
(3/11) Installing libfontenc (1.1.8-r0)
(4/11) Installing libpng (1.6.47-r0)
(5/11) Installing freetype (2.13.3-r0)
(6/11) Installing mkfontscale (1.2.3-r1)
(7/11) Installing fontconfig (2.15.0-r1)
(8/11) Installing font-util (1.4.1-r0)
(9/11) Installing font-util-dev (1.4.1-r0)
(10/11) Installing bdftopcf (1.1.2-r0)
(11/11) Installing .makedepends-font-bitstream-100dpi (20250522.233202)
Executing mkfontscale-1.2.3-r1.trigger
Executing fontconfig-2.15.0-r1.trigger
Executing busybox-1.37.0-r12.trigger
OK: 315 MiB in 125 packages
>>> font-bitstream-100dpi: Cleaning up srcdir
>>> font-bitstream-100dpi: Cleaning up pkgdir
>>> font-bitstream-100dpi: Cleaning up tmpdir
>>> font-bitstream-100dpi: Fetching https://www.x.org/releases/individual/font/font-bitstream-100dpi-1.0.4.tar.xz
Connecting to www.x.org (131.252.210.176:443)
saving to '/var/cache/distfiles/font-bitstream-100dpi-1.0.4.tar.xz.part'
font-bitstream-100dp 100% |********************************|  172k  0:00:00 ETA
'/var/cache/distfiles/font-bitstream-100dpi-1.0.4.tar.xz.part' saved
>>> font-bitstream-100dpi: Fetching https://www.x.org/releases/individual/font/font-bitstream-100dpi-1.0.4.tar.xz
>>> font-bitstream-100dpi: Checking sha512sums...
font-bitstream-100dpi-1.0.4.tar.xz: OK
>>> font-bitstream-100dpi: Unpacking /var/cache/distfiles/font-bitstream-100dpi-1.0.4.tar.xz...
configure: WARNING: unrecognized options: --with-mapfiles
checking for a BSD-compatible install... /usr/bin/install -c
checking whether build environment is sane... yes
checking for a race-free mkdir -p... /bin/mkdir -p
checking for gawk... gawk
checking whether make sets $(MAKE)... yes
checking whether make supports nested variables... yes
checking for x86_64-alpine-linux-musl-pkg-config... no
checking for pkg-config... /usr/bin/pkg-config
checking pkg-config is at least version 0.9.0... yes
checking build system type... x86_64-alpine-linux-musl
checking host system type... x86_64-alpine-linux-musl
checking for a sed that does not truncate output... /bin/sed
Package xorg-macros was not found in the pkg-config search path.
Perhaps you should add the directory containing `xorg-macros.pc'
to the PKG_CONFIG_PATH environment variable
Package 'xorg-macros' not found
checking whether make supports nested variables... (cached) yes
checking for root directory for font files... /usr/share/fonts/X11
checking for directory for 100dpi files... /usr/share/fonts/100dpi
checking for fc-cache... /usr/bin/fc-cache
checking for mkfontdir... /usr/bin/mkfontdir
checking for bdftopcf... /usr/bin/bdftopcf
checking font compression method... gzip
checking for gzip... /usr/bin/gzip
checking options to font compression command... -n
checking that generated files are newer than configure... done
configure: creating ./config.status
config.status: creating Makefile
configure: WARNING: unrecognized options: --with-mapfiles
  GEN      charB08.pcf.gz
  GEN      charB10.pcf.gz
  GEN      charB12.pcf.gz
  GEN      charB18.pcf.gz
  GEN      charB14.pcf.gz
  GEN      charB24.pcf.gz
  GEN      charBI08.pcf.gz
  GEN      charBI10.pcf.gz
  GEN      charBI12.pcf.gz
  GEN      charBI14.pcf.gz
  GEN      charBI18.pcf.gz
  GEN      charBI24.pcf.gz
  GEN      charI08.pcf.gz
  GEN      charI10.pcf.gz
  GEN      charI12.pcf.gz
  GEN      charI14.pcf.gz
  GEN      charI18.pcf.gz
  GEN      charI24.pcf.gz
  GEN      charR08.pcf.gz
  GEN      charR10.pcf.gz
  GEN      charR12.pcf.gz
  GEN      charR14.pcf.gz
  GEN      charR18.pcf.gz
  GEN      charR24.pcf.gz
  GEN      tech14.pcf.gz
  GEN      techB14.pcf.gz
  GEN      term14.pcf.gz
  GEN      termB14.pcf.gz
>>> font-bitstream-100dpi: Entering fakeroot...
make[1]: Entering directory '/home/packager/aports/main/font-bitstream-100dpi/src/font-bitstream-100dpi-1.0.4'
make[1]: Nothing to be done for 'install-exec-am'.
 /bin/mkdir -p '/home/packager/aports/main/font-bitstream-100dpi/pkg/font-bitstream-100dpi/usr/share/fonts/100dpi'
 /usr/bin/install -c -m 644 charB08.pcf.gz charB10.pcf.gz charB12.pcf.gz charB14.pcf.gz charB18.pcf.gz charB24.pcf.gz charBI08.pcf.gz charBI10.pcf.gz charBI12.pcf.gz charBI14.pcf.gz charBI18.pcf.gz charBI24.pcf.gz charI08.pcf.gz charI10.pcf.gz charI12.pcf.gz charI14.pcf.gz charI18.pcf.gz charI24.pcf.gz charR08.pcf.gz charR10.pcf.gz charR12.pcf.gz charR14.pcf.gz charR18.pcf.gz charR24.pcf.gz tech14.pcf.gz techB14.pcf.gz term14.pcf.gz termB14.pcf.gz '/home/packager/aports/main/font-bitstream-100dpi/pkg/font-bitstream-100dpi/usr/share/fonts/100dpi'
make  install-data-hook
make[2]: Entering directory '/home/packager/aports/main/font-bitstream-100dpi/src/font-bitstream-100dpi-1.0.4'
: /home/packager/aports/main/font-bitstream-100dpi/pkg/font-bitstream-100dpi/usr/share/fonts/100dpi
** Warning: fonts.cache not built
** Generate this file manually on host system using fc-cache
make[2]: Leaving directory '/home/packager/aports/main/font-bitstream-100dpi/src/font-bitstream-100dpi-1.0.4'
make[1]: Leaving directory '/home/packager/aports/main/font-bitstream-100dpi/src/font-bitstream-100dpi-1.0.4'
>>> font-bitstream-100dpi-doc*: Running split function doc...
renamed 'usr/share/licenses' -> '/home/packager/aports/main/font-bitstream-100dpi/pkg/font-bitstream-100dpi-doc/usr/share/licenses'
>>> font-bitstream-100dpi-doc*: Preparing subpackage font-bitstream-100dpi-doc...
libfakeroot internal error: payload not recognized!
>>> font-bitstream-100dpi-doc*: Running postcheck for font-bitstream-100dpi-doc
>>> font-bitstream-100dpi*: Running postcheck for font-bitstream-100dpi
>>> font-bitstream-100dpi*: Preparing package font-bitstream-100dpi...
>>> font-bitstream-100dpi-doc*: Tracing dependencies...
>>> font-bitstream-100dpi-doc*: Package size: 2.2 KB
>>> font-bitstream-100dpi-doc*: Compressing data...
>>> font-bitstream-100dpi-doc*: Create checksum...
pigz: not found
>>> font-bitstream-100dpi-doc*: Create font-bitstream-100dpi-doc-1.0.4-r2.apk
>>> font-bitstream-100dpi*: Tracing dependencies...
	encodings
	font-alias
	mkfontscale
	fontconfig
>>> font-bitstream-100dpi*: Package size: 155.6 KB
>>> font-bitstream-100dpi*: Compressing data...
>>> font-bitstream-100dpi*: Create checksum...
pigz: not found
>>> font-bitstream-100dpi*: Create font-bitstream-100dpi-1.0.4-r2.apk
>>> font-bitstream-100dpi: Build complete at Thu, 22 May 2025 23:32:11 +0000 elapsed time 0h 0m 12s
>>> font-bitstream-100dpi: Cleaning up srcdir
>>> font-bitstream-100dpi: Cleaning up pkgdir
>>> font-bitstream-100dpi: Uninstalling dependencies...
(1/11) Purging .makedepends-font-bitstream-100dpi (20250522.233202)
(2/11) Purging encodings (1.0.7-r1)
(3/11) Purging font-alias (1.0.5-r0)
(4/11) Purging mkfontscale (1.2.3-r1)
(5/11) Purging fontconfig (2.15.0-r1)
(6/11) Purging font-util-dev (1.4.1-r0)
(7/11) Purging font-util (1.4.1-r0)
(8/11) Purging bdftopcf (1.1.2-r0)
(9/11) Purging freetype (2.13.3-r0)
(10/11) Purging libfontenc (1.1.8-r0)
(11/11) Purging libpng (1.6.47-r0)
Executing busybox-1.37.0-r12.trigger
OK: 313 MiB in 114 packages
>>> font-bitstream-100dpi: Updating the main/x86_64 repository index...
>>> font-bitstream-100dpi: Signing the index...
pigz: not found
