pigz: not found
>>> py3-ply: Building main/py3-ply 3.11-r11 (using abuild 3.14.1-r4) started Sun, 18 May 2025 06:25:26 +0000
>>> py3-ply: Validating /home/packager/aports/main/py3-ply/APKBUILD...
>>> py3-ply: Analyzing dependencies...
>>> py3-ply: Installing for build: build-base python3 py3-gpep517 py3-setuptools py3-wheel
(1/23) Installing libbz2 (1.0.8-r6)
(2/23) Installing libffi (3.4.7-r0)
(3/23) Installing gdbm (1.24-r0)
(4/23) Installing xz-libs (5.6.3-r1)
(5/23) Installing mpdecimal (4.0.0-r0)
(6/23) Installing sqlite-libs (3.49.2-r0)
(7/23) Installing python3 (3.12.10-r0)
(8/23) Installing python3-pycache-pyc0 (3.12.10-r0)
(9/23) Installing pyc (3.12.10-r0)
(10/23) Installing python3-pyc (3.12.10-r0)
(11/23) Installing py3-installer (0.7.0-r2)
(12/23) Installing py3-installer-pyc (0.7.0-r2)
(13/23) Installing py3-gpep517 (19-r0)
(14/23) Installing py3-gpep517-pyc (19-r0)
(15/23) Installing py3-parsing (3.2.3-r0)
(16/23) Installing py3-parsing-pyc (3.2.3-r0)
(17/23) Installing py3-packaging (25.0-r0)
(18/23) Installing py3-packaging-pyc (25.0-r0)
(19/23) Installing py3-setuptools (80.3.1-r0)
(20/23) Installing py3-setuptools-pyc (80.3.1-r0)
(21/23) Installing py3-wheel (0.46.1-r0)
(22/23) Installing py3-wheel-pyc (0.46.1-r0)
(23/23) Installing .makedepends-py3-ply (20250518.062528)
Executing busybox-1.37.0-r12.trigger
OK: 306 MiB in 104 packages
>>> py3-ply: Cleaning up srcdir
>>> py3-ply: Cleaning up pkgdir
>>> py3-ply: Cleaning up tmpdir
>>> py3-ply: Fetching ply-3.11.tar.gz::https://github.com/dabeaz/ply/archive/3.11.tar.gz
Connecting to github.com (140.82.121.4:443)
Connecting to codeload.github.com (140.82.121.9:443)
saving to '/var/cache/distfiles/ply-3.11.tar.gz.part'
ply-3.11.tar.gz.part 100% |********************************|  148k  0:00:00 ETA
'/var/cache/distfiles/ply-3.11.tar.gz.part' saved
>>> py3-ply: Fetching ply-3.11.tar.gz::https://github.com/dabeaz/ply/archive/3.11.tar.gz
>>> py3-ply: Checking sha512sums...
ply-3.11.tar.gz: OK
no-py3-six.patch: OK
assertTrue.patch: OK
>>> py3-ply: Unpacking /var/cache/distfiles/ply-3.11.tar.gz...
>>> py3-ply: no-py3-six.patch
patching file test/testcpp.py
>>> py3-ply: assertTrue.patch
patching file test/testlex.py
patching file test/testyacc.py
2025-05-18 06:25:29,978 gpep517 INFO Building wheel via backend setuptools.build_meta:__legacy__
/usr/lib/python3.12/site-packages/setuptools/dist.py:601: SetuptoolsDeprecationWarning: Invalid dash-separated key 'description-file' in 'metadata' (setup.cfg), please use the underscore name 'description_file' instead.
!!

        ********************************************************************************
        Usage of dash-separated 'description-file' will not be supported in future
        versions. Please use the underscore name 'description_file' instead.
        (Affected: ply).

        By 2026-Mar-03, you need to update your project and remove deprecated calls
        or your builds will no longer be supported.

        See https://setuptools.pypa.io/en/latest/userguide/declarative_config.html for details.
        ********************************************************************************

!!
  opt = self._enforce_underscore(opt, section)
2025-05-18 06:25:29,996 root INFO running bdist_wheel
/usr/lib/python3.12/site-packages/setuptools/_distutils/cmd.py:135: SetuptoolsDeprecationWarning: bdist_wheel.universal is deprecated
!!

        ********************************************************************************
        With Python 2.7 end-of-life, support for building universal wheels
        (i.e., wheels that support both Python 2 and Python 3)
        is being obviated.
        Please discontinue using this option, or if you still need it,
        file an issue with pypa/setuptools describing your use case.

        By 2025-Aug-30, you need to update your project and remove deprecated calls
        or your builds will no longer be supported.
        ********************************************************************************

!!
  self.finalize_options()
2025-05-18 06:25:30,013 root INFO running build
2025-05-18 06:25:30,013 root INFO running build_py
2025-05-18 06:25:30,017 root INFO creating build/lib/ply
2025-05-18 06:25:30,017 root INFO copying ply/cpp.py -> build/lib/ply
2025-05-18 06:25:30,017 root INFO copying ply/__init__.py -> build/lib/ply
2025-05-18 06:25:30,018 root INFO copying ply/lex.py -> build/lib/ply
2025-05-18 06:25:30,018 root INFO copying ply/yacc.py -> build/lib/ply
2025-05-18 06:25:30,018 root INFO copying ply/ctokens.py -> build/lib/ply
2025-05-18 06:25:30,019 root INFO copying ply/ygen.py -> build/lib/ply
2025-05-18 06:25:30,025 root INFO installing to build/bdist.linux-x86_64/wheel
2025-05-18 06:25:30,025 root INFO running install
2025-05-18 06:25:30,035 root INFO running install_lib
2025-05-18 06:25:30,037 root INFO creating build/bdist.linux-x86_64/wheel
2025-05-18 06:25:30,038 root INFO creating build/bdist.linux-x86_64/wheel/ply
2025-05-18 06:25:30,038 root INFO copying build/lib/ply/cpp.py -> build/bdist.linux-x86_64/wheel/./ply
2025-05-18 06:25:30,038 root INFO copying build/lib/ply/__init__.py -> build/bdist.linux-x86_64/wheel/./ply
2025-05-18 06:25:30,038 root INFO copying build/lib/ply/lex.py -> build/bdist.linux-x86_64/wheel/./ply
2025-05-18 06:25:30,038 root INFO copying build/lib/ply/yacc.py -> build/bdist.linux-x86_64/wheel/./ply
2025-05-18 06:25:30,039 root INFO copying build/lib/ply/ctokens.py -> build/bdist.linux-x86_64/wheel/./ply
2025-05-18 06:25:30,039 root INFO copying build/lib/ply/ygen.py -> build/bdist.linux-x86_64/wheel/./ply
2025-05-18 06:25:30,039 root INFO running install_egg_info
2025-05-18 06:25:30,042 root INFO running egg_info
2025-05-18 06:25:30,044 root INFO creating ply.egg-info
2025-05-18 06:25:30,045 root INFO writing ply.egg-info/PKG-INFO
2025-05-18 06:25:30,045 root INFO writing dependency_links to ply.egg-info/dependency_links.txt
2025-05-18 06:25:30,045 root INFO writing top-level names to ply.egg-info/top_level.txt
2025-05-18 06:25:30,045 root INFO writing manifest file 'ply.egg-info/SOURCES.txt'
2025-05-18 06:25:30,048 root INFO reading manifest file 'ply.egg-info/SOURCES.txt'
2025-05-18 06:25:30,049 root INFO reading manifest template 'MANIFEST.in'
2025-05-18 06:25:30,054 root WARNING warning: no previously-included files matching '*.pyc' found anywhere in distribution
2025-05-18 06:25:30,057 root INFO writing manifest file 'ply.egg-info/SOURCES.txt'
2025-05-18 06:25:30,057 root INFO Copying ply.egg-info to build/bdist.linux-x86_64/wheel/./ply-3.11-py3.12.egg-info
2025-05-18 06:25:30,058 root INFO running install_scripts
2025-05-18 06:25:30,059 root INFO creating build/bdist.linux-x86_64/wheel/ply-3.11.dist-info/WHEEL
2025-05-18 06:25:30,059 wheel INFO creating '/home/packager/aports/main/py3-ply/src/ply-3.11/.dist/.tmp-4rz74yyv/ply-3.11-py2.py3-none-any.whl' and adding 'build/bdist.linux-x86_64/wheel' to it
2025-05-18 06:25:30,059 wheel INFO adding 'ply/__init__.py'
2025-05-18 06:25:30,060 wheel INFO adding 'ply/cpp.py'
2025-05-18 06:25:30,060 wheel INFO adding 'ply/ctokens.py'
2025-05-18 06:25:30,060 wheel INFO adding 'ply/lex.py'
2025-05-18 06:25:30,061 wheel INFO adding 'ply/yacc.py'
2025-05-18 06:25:30,061 wheel INFO adding 'ply/ygen.py'
2025-05-18 06:25:30,062 wheel INFO adding 'ply-3.11.dist-info/METADATA'
2025-05-18 06:25:30,062 wheel INFO adding 'ply-3.11.dist-info/WHEEL'
2025-05-18 06:25:30,062 wheel INFO adding 'ply-3.11.dist-info/top_level.txt'
2025-05-18 06:25:30,062 wheel INFO adding 'ply-3.11.dist-info/RECORD'
2025-05-18 06:25:30,062 root INFO removing build/bdist.linux-x86_64/wheel
2025-05-18 06:25:30,063 gpep517 INFO The backend produced .dist/ply-3.11-py2.py3-none-any.whl
ply-3.11-py2.py3-none-any.whl
/home/packager/aports/main/py3-ply/src/ply-3.11/test/testlex.py:194: SyntaxWarning: invalid escape sequence '\#'
  "ERROR: Make sure '#' in rule 't_POUND' is escaped with '\#'")
...........................................
----------------------------------------------------------------------
Ran 43 tests in 2.102s

OK
..........................................
----------------------------------------------------------------------
Ran 42 tests in 0.143s

OK
...
----------------------------------------------------------------------
Ran 3 tests in 0.046s

OK
>>> py3-ply: Entering fakeroot...
>>> py3-ply-pyc*: Running split function pyc...
'usr/lib/python3.12/site-packages/ply/__pycache__' -> '/home/packager/aports/main/py3-ply/pkg/py3-ply-pyc/usr/lib/python3.12/site-packages/ply/__pycache__'
>>> py3-ply-pyc*: Preparing subpackage py3-ply-pyc...
>>> py3-ply-pyc*: Running postcheck for py3-ply-pyc
>>> py3-ply*: Running postcheck for py3-ply
>>> py3-ply*: Preparing package py3-ply...
>>> py3-ply-pyc*: Tracing dependencies...
	python3
	python3~3.12
>>> py3-ply-pyc*: Package size: 176.1 KB
>>> py3-ply-pyc*: Compressing data...
>>> py3-ply-pyc*: Create checksum...
pigz: not found
>>> py3-ply-pyc*: Create py3-ply-pyc-3.11-r11.apk
>>> py3-ply*: Tracing dependencies...
	python3
	python3~3.12
>>> py3-ply*: Package size: 216.4 KB
>>> py3-ply*: Compressing data...
>>> py3-ply*: Create checksum...
pigz: not found
>>> py3-ply*: Create py3-ply-3.11-r11.apk
>>> py3-ply: Build complete at Sun, 18 May 2025 06:25:34 +0000 elapsed time 0h 0m 8s
>>> py3-ply: Cleaning up srcdir
>>> py3-ply: Cleaning up pkgdir
>>> py3-ply: Uninstalling dependencies...
(1/23) Purging .makedepends-py3-ply (20250518.062528)
(2/23) Purging py3-gpep517-pyc (19-r0)
(3/23) Purging py3-gpep517 (19-r0)
(4/23) Purging py3-installer-pyc (0.7.0-r2)
(5/23) Purging py3-installer (0.7.0-r2)
(6/23) Purging py3-setuptools-pyc (80.3.1-r0)
(7/23) Purging py3-setuptools (80.3.1-r0)
(8/23) Purging py3-wheel-pyc (0.46.1-r0)
(9/23) Purging py3-wheel (0.46.1-r0)
(10/23) Purging py3-packaging-pyc (25.0-r0)
(11/23) Purging py3-packaging (25.0-r0)
(12/23) Purging py3-parsing-pyc (3.2.3-r0)
(13/23) Purging py3-parsing (3.2.3-r0)
(14/23) Purging python3-pyc (3.12.10-r0)
(15/23) Purging python3-pycache-pyc0 (3.12.10-r0)
(16/23) Purging pyc (3.12.10-r0)
(17/23) Purging python3 (3.12.10-r0)
(18/23) Purging gdbm (1.24-r0)
(19/23) Purging libbz2 (1.0.8-r6)
(20/23) Purging libffi (3.4.7-r0)
(21/23) Purging mpdecimal (4.0.0-r0)
(22/23) Purging sqlite-libs (3.49.2-r0)
(23/23) Purging xz-libs (5.6.3-r1)
Executing busybox-1.37.0-r12.trigger
OK: 260 MiB in 81 packages
>>> py3-ply: Updating the main/x86_64 repository index...
>>> py3-ply: Signing the index...
pigz: not found
