pigz: not found
>>> linenoise: Building main/linenoise 1.0-r5 (using abuild 3.14.1-r4) started Sun, 18 May 2025 07:35:07 +0000
>>> linenoise: Validating /home/packager/aports/main/linenoise/APKBUILD...
>>> linenoise: Analyzing dependencies...
>>> linenoise: Installing for build: build-base
(1/1) Installing .makedepends-linenoise (20250518.073507)
OK: 260 MiB in 82 packages
>>> linenoise: Cleaning up srcdir
>>> linenoise: Cleaning up pkgdir
>>> linenoise: Cleaning up tmpdir
>>> linenoise: Fetching linenoise-1.0.tar.gz::https://github.com/antirez/linenoise/archive/1.0.tar.gz
Connecting to github.com (140.82.121.4:443)
Connecting to codeload.github.com (140.82.121.10:443)
saving to '/var/cache/distfiles/linenoise-1.0.tar.gz.part'
linenoise-1.0.tar.gz 100% |********************************| 14222  0:00:00 ETA
'/var/cache/distfiles/linenoise-1.0.tar.gz.part' saved
>>> linenoise: Fetching linenoise-1.0.tar.gz::https://github.com/antirez/linenoise/archive/1.0.tar.gz
>>> linenoise: Checking sha512sums...
linenoise-1.0.tar.gz: OK
build-shared-lib.patch: OK
>>> linenoise: Unpacking /var/cache/distfiles/linenoise-1.0.tar.gz...
>>> linenoise: build-shared-lib.patch
patching file Makefile
gcc -Os -fstack-clash-protection -Wformat -Werror=format-security -fno-plt -Wall -fpic -DUSE_UTF8   -c -o linenoise.o linenoise.c
gcc -Wall -W -Os -g -o linenoise_example linenoise.c example.c
gcc -Os -fstack-clash-protection -Wformat -Werror=format-security -fno-plt -Wall -fpic -DUSE_UTF8 -shared -Wl,-soname,liblinenoise.so.0 -Wl,--as-needed,-O1,--sort-common -Wl,-z,pack-relative-relocs -o liblinenoise.so.0.0.0 linenoise.o
>>> linenoise: Entering fakeroot...
install -m 0755 -d /home/packager/aports/main/linenoise/pkg/linenoise/usr/include
install -m 0644 linenoise.h /home/packager/aports/main/linenoise/pkg/linenoise/usr/include
install -m 0755 -d /home/packager/aports/main/linenoise/pkg/linenoise/usr/lib
install -m 0755 liblinenoise.so.0.0.0 /home/packager/aports/main/linenoise/pkg/linenoise/usr/lib
ldconfig -n /home/packager/aports/main/linenoise/pkg/linenoise/usr/lib
ln -s liblinenoise.so.0.0.0 /home/packager/aports/main/linenoise/pkg/linenoise/usr/lib/liblinenoise.so
>>> linenoise-dev*: Running split function dev...
'usr/include' -> '/home/packager/aports/main/linenoise/pkg/linenoise-dev/usr/include'
'usr/lib/liblinenoise.so' -> '/home/packager/aports/main/linenoise/pkg/linenoise-dev/usr/lib/liblinenoise.so'
>>> linenoise-dev*: Preparing subpackage linenoise-dev...
>>> linenoise-dev*: Stripping binaries
>>> linenoise-dev*: Running postcheck for linenoise-dev
>>> linenoise*: Running postcheck for linenoise
>>> linenoise*: Preparing package linenoise...
>>> linenoise*: Stripping binaries
>>> linenoise-dev*: Scanning shared objects
>>> linenoise*: Scanning shared objects
>>> linenoise-dev*: Tracing dependencies...
	linenoise=1.0-r5
>>> linenoise-dev*: Package size: 2.5 KB
>>> linenoise-dev*: Compressing data...
>>> linenoise-dev*: Create checksum...
pigz: not found
>>> linenoise-dev*: Create linenoise-dev-1.0-r5.apk
>>> linenoise*: Tracing dependencies...
	so:libc.musl-x86_64.so.1
>>> linenoise*: Package size: 21.7 KB
>>> linenoise*: Compressing data...
>>> linenoise*: Create checksum...
pigz: not found
>>> linenoise*: Create linenoise-1.0-r5.apk
>>> linenoise: Build complete at Sun, 18 May 2025 07:35:10 +0000 elapsed time 0h 0m 3s
>>> linenoise: Cleaning up srcdir
>>> linenoise: Cleaning up pkgdir
>>> linenoise: Uninstalling dependencies...
(1/1) Purging .makedepends-linenoise (20250518.073507)
OK: 260 MiB in 81 packages
>>> linenoise: Updating the main/x86_64 repository index...
>>> linenoise: Signing the index...
pigz: not found
