pigz: not found
>>> bcnm: Building main/bcnm 0.0.2.0-r0 (using abuild 3.14.1-r4) started Sun, 18 May 2025 10:46:21 +0000
>>> bcnm: Validating /home/packager/aports/main/bcnm/APKBUILD...
>>> bcnm: Analyzing dependencies...
>>> bcnm: Installing for build: build-base skalibs-dev>=2.14.4 linux-headers
(1/4) Installing skalibs-libs (2.14.4.0-r0)
(2/4) Installing skalibs-dev (2.14.4.0-r0)
(3/4) Installing linux-headers (6.14.2-r0)
(4/4) Installing .makedepends-bcnm (20250518.104622)
OK: 267 MiB in 85 packages
>>> bcnm: Cleaning up srcdir
>>> bcnm: Cleaning up pkgdir
>>> bcnm: Cleaning up tmpdir
>>> bcnm: Fetching https://skarnet.org/software/bcnm/bcnm-0.0.2.0.tar.gz
Connecting to skarnet.org (95.142.172.232:443)
saving to '/var/cache/distfiles/bcnm-0.0.2.0.tar.gz.part'
bcnm-0.0.2.0.tar.gz. 100% |********************************| 36482  0:00:00 ETA
'/var/cache/distfiles/bcnm-0.0.2.0.tar.gz.part' saved
>>> bcnm: Fetching https://skarnet.org/software/bcnm/bcnm-0.0.2.0.tar.gz
>>> bcnm: Checking sha512sums...
bcnm-0.0.2.0.tar.gz: OK
>>> bcnm: Unpacking /var/cache/distfiles/bcnm-0.0.2.0.tar.gz...
Checking for C compiler...
  ... gcc
Checking whether C compiler works... 
  ... yes
Checking target system type...
  ... x86_64-alpine-linux-musl
Checking whether compiler accepts -fPIC ...
  ... yes
Checking whether compiler accepts -std=c99 ...
  ... yes
Checking whether compiler accepts -fomit-frame-pointer ...
  ... yes
Checking whether compiler accepts -fno-exceptions ...
  ... yes
Checking whether compiler accepts -fno-unwind-tables ...
  ... yes
Checking whether compiler accepts -fno-asynchronous-unwind-tables ...
  ... yes
Checking whether compiler accepts -Werror=implicit-function-declaration ...
  ... yes
Checking whether compiler accepts -Werror=implicit-int ...
  ... yes
Checking whether compiler accepts -Werror=pointer-sign ...
  ... yes
Checking whether compiler accepts -Werror=pointer-arith ...
  ... yes
Checking whether compiler accepts -ffunction-sections ...
  ... yes
Checking whether compiler accepts -fdata-sections ...
  ... yes
Checking whether linker accepts -Wl,--sort-section=alignment ...
  ... yes
Checking whether linker accepts -Wl,--sort-common ...
  ... yes
Checking whether linker accepts -Wl,--hash-style=both ...
  ... yes
Creating config.mak...
  ... done.
Creating src/include/bcnm/config.h...
  ... done.
exec gcc -D_POSIX_C_SOURCE=200809L -D_XOPEN_SOURCE=700 -iquote src/include-local -Isrc/include -fPIC -Werror=implicit-function-declaration -Werror=implicit-int -Werror=pointer-sign -Werror=pointer-arith  -pipe -Wall -std=c99 -fno-exceptions -fno-unwind-tables -fno-asynchronous-unwind-tables -ffunction-sections -fdata-sections -O2 -fomit-frame-pointer -Os -fstack-clash-protection -Wformat -Werror=format-security -fno-plt  -c -o src/libbcnm/bcnm_if_getstate.lo src/libbcnm/bcnm_if_getstate.c
exec gcc -D_POSIX_C_SOURCE=200809L -D_XOPEN_SOURCE=700 -iquote src/include-local -Isrc/include -fPIC -Werror=implicit-function-declaration -Werror=implicit-int -Werror=pointer-sign -Werror=pointer-arith  -pipe -Wall -std=c99 -fno-exceptions -fno-unwind-tables -fno-asynchronous-unwind-tables -ffunction-sections -fdata-sections -O2 -fomit-frame-pointer -Os -fstack-clash-protection -Wformat -Werror=format-security -fno-plt  -c -o src/libbcnm/bcnm_if_link_init.lo src/libbcnm/bcnm_if_link_init.c
exec gcc -D_POSIX_C_SOURCE=200809L -D_XOPEN_SOURCE=700 -iquote src/include-local -Isrc/include -fPIC -Werror=implicit-function-declaration -Werror=implicit-int -Werror=pointer-sign -Werror=pointer-arith  -pipe -Wall -std=c99 -fno-exceptions -fno-unwind-tables -fno-asynchronous-unwind-tables -ffunction-sections -fdata-sections -O2 -fomit-frame-pointer -Os -fstack-clash-protection -Wformat -Werror=format-security -fno-plt  -c -o src/libbcnm/bcnm_if_link_event.lo src/libbcnm/bcnm_if_link_event.c
exec gcc -D_POSIX_C_SOURCE=200809L -D_XOPEN_SOURCE=700 -iquote src/include-local -Isrc/include -fPIC -Werror=implicit-function-declaration -Werror=implicit-int -Werror=pointer-sign -Werror=pointer-arith  -pipe -Wall -std=c99 -fno-exceptions -fno-unwind-tables -fno-asynchronous-unwind-tables -ffunction-sections -fdata-sections -O2 -fomit-frame-pointer -Os -fstack-clash-protection -Wformat -Werror=format-security -fno-plt  -c -o src/libwpactrl/wpactrl_ackmsg.lo src/libwpactrl/wpactrl_ackmsg.c
exec gcc -D_POSIX_C_SOURCE=200809L -D_XOPEN_SOURCE=700 -iquote src/include-local -Isrc/include -fPIC -Werror=implicit-function-declaration -Werror=implicit-int -Werror=pointer-sign -Werror=pointer-arith  -pipe -Wall -std=c99 -fno-exceptions -fno-unwind-tables -fno-asynchronous-unwind-tables -ffunction-sections -fdata-sections -O2 -fomit-frame-pointer -Os -fstack-clash-protection -Wformat -Werror=format-security -fno-plt  -c -o src/libwpactrl/wpactrl_addnetwork.lo src/libwpactrl/wpactrl_addnetwork.c
exec gcc -D_POSIX_C_SOURCE=200809L -D_XOPEN_SOURCE=700 -iquote src/include-local -Isrc/include -fPIC -Werror=implicit-function-declaration -Werror=implicit-int -Werror=pointer-sign -Werror=pointer-arith  -pipe -Wall -std=c99 -fno-exceptions -fno-unwind-tables -fno-asynchronous-unwind-tables -ffunction-sections -fdata-sections -O2 -fomit-frame-pointer -Os -fstack-clash-protection -Wformat -Werror=format-security -fno-plt  -c -o src/libwpactrl/wpactrl_associate.lo src/libwpactrl/wpactrl_associate.c
exec gcc -D_POSIX_C_SOURCE=200809L -D_XOPEN_SOURCE=700 -iquote src/include-local -Isrc/include -fPIC -Werror=implicit-function-declaration -Werror=implicit-int -Werror=pointer-sign -Werror=pointer-arith  -pipe -Wall -std=c99 -fno-exceptions -fno-unwind-tables -fno-asynchronous-unwind-tables -ffunction-sections -fdata-sections -O2 -fomit-frame-pointer -Os -fstack-clash-protection -Wformat -Werror=format-security -fno-plt  -c -o src/libwpactrl/wpactrl_bssid_scan.lo src/libwpactrl/wpactrl_bssid_scan.c
exec gcc -D_POSIX_C_SOURCE=200809L -D_XOPEN_SOURCE=700 -iquote src/include-local -Isrc/include -fPIC -Werror=implicit-function-declaration -Werror=implicit-int -Werror=pointer-sign -Werror=pointer-arith  -pipe -Wall -std=c99 -fno-exceptions -fno-unwind-tables -fno-asynchronous-unwind-tables -ffunction-sections -fdata-sections -O2 -fomit-frame-pointer -Os -fstack-clash-protection -Wformat -Werror=format-security -fno-plt  -c -o src/libwpactrl/wpactrl_command.lo src/libwpactrl/wpactrl_command.c
exec gcc -D_POSIX_C_SOURCE=200809L -D_XOPEN_SOURCE=700 -iquote src/include-local -Isrc/include -fPIC -Werror=implicit-function-declaration -Werror=implicit-int -Werror=pointer-sign -Werror=pointer-arith  -pipe -Wall -std=c99 -fno-exceptions -fno-unwind-tables -fno-asynchronous-unwind-tables -ffunction-sections -fdata-sections -O2 -fomit-frame-pointer -Os -fstack-clash-protection -Wformat -Werror=format-security -fno-plt  -c -o src/libwpactrl/wpactrl_end.lo src/libwpactrl/wpactrl_end.c
exec gcc -D_POSIX_C_SOURCE=200809L -D_XOPEN_SOURCE=700 -iquote src/include-local -Isrc/include -fPIC -Werror=implicit-function-declaration -Werror=implicit-int -Werror=pointer-sign -Werror=pointer-arith  -pipe -Wall -std=c99 -fno-exceptions -fno-unwind-tables -fno-asynchronous-unwind-tables -ffunction-sections -fdata-sections -O2 -fomit-frame-pointer -Os -fstack-clash-protection -Wformat -Werror=format-security -fno-plt  -c -o src/libwpactrl/wpactrl_env_parse.lo src/libwpactrl/wpactrl_env_parse.c
exec gcc -D_POSIX_C_SOURCE=200809L -D_XOPEN_SOURCE=700 -iquote src/include-local -Isrc/include -fPIC -Werror=implicit-function-declaration -Werror=implicit-int -Werror=pointer-sign -Werror=pointer-arith  -pipe -Wall -std=c99 -fno-exceptions -fno-unwind-tables -fno-asynchronous-unwind-tables -ffunction-sections -fdata-sections -O2 -fomit-frame-pointer -Os -fstack-clash-protection -Wformat -Werror=format-security -fno-plt  -c -o src/libwpactrl/wpactrl_fd_recv.lo src/libwpactrl/wpactrl_fd_recv.c
exec gcc -D_POSIX_C_SOURCE=200809L -D_XOPEN_SOURCE=700 -iquote src/include-local -Isrc/include -fPIC -Werror=implicit-function-declaration -Werror=implicit-int -Werror=pointer-sign -Werror=pointer-arith  -pipe -Wall -std=c99 -fno-exceptions -fno-unwind-tables -fno-asynchronous-unwind-tables -ffunction-sections -fdata-sections -O2 -fomit-frame-pointer -Os -fstack-clash-protection -Wformat -Werror=format-security -fno-plt  -c -o src/libwpactrl/wpactrl_fd_timed_recv.lo src/libwpactrl/wpactrl_fd_timed_recv.c
exec gcc -D_POSIX_C_SOURCE=200809L -D_XOPEN_SOURCE=700 -iquote src/include-local -Isrc/include -fPIC -Werror=implicit-function-declaration -Werror=implicit-int -Werror=pointer-sign -Werror=pointer-arith  -pipe -Wall -std=c99 -fno-exceptions -fno-unwind-tables -fno-asynchronous-unwind-tables -ffunction-sections -fdata-sections -O2 -fomit-frame-pointer -Os -fstack-clash-protection -Wformat -Werror=format-security -fno-plt  -c -o src/libwpactrl/wpactrl_filter_add.lo src/libwpactrl/wpactrl_filter_add.c
exec gcc -D_POSIX_C_SOURCE=200809L -D_XOPEN_SOURCE=700 -iquote src/include-local -Isrc/include -fPIC -Werror=implicit-function-declaration -Werror=implicit-int -Werror=pointer-sign -Werror=pointer-arith  -pipe -Wall -std=c99 -fno-exceptions -fno-unwind-tables -fno-asynchronous-unwind-tables -ffunction-sections -fdata-sections -O2 -fomit-frame-pointer -Os -fstack-clash-protection -Wformat -Werror=format-security -fno-plt  -c -o src/libwpactrl/wpactrl_filter_exact_search.lo src/libwpactrl/wpactrl_filter_exact_search.c
exec gcc -D_POSIX_C_SOURCE=200809L -D_XOPEN_SOURCE=700 -iquote src/include-local -Isrc/include -fPIC -Werror=implicit-function-declaration -Werror=implicit-int -Werror=pointer-sign -Werror=pointer-arith  -pipe -Wall -std=c99 -fno-exceptions -fno-unwind-tables -fno-asynchronous-unwind-tables -ffunction-sections -fdata-sections -O2 -fomit-frame-pointer -Os -fstack-clash-protection -Wformat -Werror=format-security -fno-plt  -c -o src/libwpactrl/wpactrl_filter_match.lo src/libwpactrl/wpactrl_filter_match.c
exec gcc -D_POSIX_C_SOURCE=200809L -D_XOPEN_SOURCE=700 -iquote src/include-local -Isrc/include -fPIC -Werror=implicit-function-declaration -Werror=implicit-int -Werror=pointer-sign -Werror=pointer-arith  -pipe -Wall -std=c99 -fno-exceptions -fno-unwind-tables -fno-asynchronous-unwind-tables -ffunction-sections -fdata-sections -O2 -fomit-frame-pointer -Os -fstack-clash-protection -Wformat -Werror=format-security -fno-plt  -c -o src/libwpactrl/wpactrl_filter_remove.lo src/libwpactrl/wpactrl_filter_remove.c
exec gcc -D_POSIX_C_SOURCE=200809L -D_XOPEN_SOURCE=700 -iquote src/include-local -Isrc/include -fPIC -Werror=implicit-function-declaration -Werror=implicit-int -Werror=pointer-sign -Werror=pointer-arith  -pipe -Wall -std=c99 -fno-exceptions -fno-unwind-tables -fno-asynchronous-unwind-tables -ffunction-sections -fdata-sections -O2 -fomit-frame-pointer -Os -fstack-clash-protection -Wformat -Werror=format-security -fno-plt  -c -o src/libwpactrl/wpactrl_findnetwork.lo src/libwpactrl/wpactrl_findnetwork.c
exec gcc -D_POSIX_C_SOURCE=200809L -D_XOPEN_SOURCE=700 -iquote src/include-local -Isrc/include -fPIC -Werror=implicit-function-declaration -Werror=implicit-int -Werror=pointer-sign -Werror=pointer-arith  -pipe -Wall -std=c99 -fno-exceptions -fno-unwind-tables -fno-asynchronous-unwind-tables -ffunction-sections -fdata-sections -O2 -fomit-frame-pointer -Os -fstack-clash-protection -Wformat -Werror=format-security -fno-plt  -c -o src/libwpactrl/wpactrl_flags_scan.lo src/libwpactrl/wpactrl_flags_scan.c
exec gcc -D_POSIX_C_SOURCE=200809L -D_XOPEN_SOURCE=700 -iquote src/include-local -Isrc/include -fPIC -Werror=implicit-function-declaration -Werror=implicit-int -Werror=pointer-sign -Werror=pointer-arith  -pipe -Wall -std=c99 -fno-exceptions -fno-unwind-tables -fno-asynchronous-unwind-tables -ffunction-sections -fdata-sections -O2 -fomit-frame-pointer -Os -fstack-clash-protection -Wformat -Werror=format-security -fno-plt  -c -o src/libwpactrl/wpactrl_msg.lo src/libwpactrl/wpactrl_msg.c
exec gcc -D_POSIX_C_SOURCE=200809L -D_XOPEN_SOURCE=700 -iquote src/include-local -Isrc/include -fPIC -Werror=implicit-function-declaration -Werror=implicit-int -Werror=pointer-sign -Werror=pointer-arith  -pipe -Wall -std=c99 -fno-exceptions -fno-unwind-tables -fno-asynchronous-unwind-tables -ffunction-sections -fdata-sections -O2 -fomit-frame-pointer -Os -fstack-clash-protection -Wformat -Werror=format-security -fno-plt  -c -o src/libwpactrl/wpactrl_networks_parse.lo src/libwpactrl/wpactrl_networks_parse.c
exec gcc -D_POSIX_C_SOURCE=200809L -D_XOPEN_SOURCE=700 -iquote src/include-local -Isrc/include -fPIC -Werror=implicit-function-declaration -Werror=implicit-int -Werror=pointer-sign -Werror=pointer-arith  -pipe -Wall -std=c99 -fno-exceptions -fno-unwind-tables -fno-asynchronous-unwind-tables -ffunction-sections -fdata-sections -O2 -fomit-frame-pointer -Os -fstack-clash-protection -Wformat -Werror=format-security -fno-plt  -c -o src/libwpactrl/wpactrl_query.lo src/libwpactrl/wpactrl_query.c
exec gcc -D_POSIX_C_SOURCE=200809L -D_XOPEN_SOURCE=700 -iquote src/include-local -Isrc/include -fPIC -Werror=implicit-function-declaration -Werror=implicit-int -Werror=pointer-sign -Werror=pointer-arith  -pipe -Wall -std=c99 -fno-exceptions -fno-unwind-tables -fno-asynchronous-unwind-tables -ffunction-sections -fdata-sections -O2 -fomit-frame-pointer -Os -fstack-clash-protection -Wformat -Werror=format-security -fno-plt  -c -o src/libwpactrl/wpactrl_querysa.lo src/libwpactrl/wpactrl_querysa.c
exec gcc -D_POSIX_C_SOURCE=200809L -D_XOPEN_SOURCE=700 -iquote src/include-local -Isrc/include -fPIC -Werror=implicit-function-declaration -Werror=implicit-int -Werror=pointer-sign -Werror=pointer-arith  -pipe -Wall -std=c99 -fno-exceptions -fno-unwind-tables -fno-asynchronous-unwind-tables -ffunction-sections -fdata-sections -O2 -fomit-frame-pointer -Os -fstack-clash-protection -Wformat -Werror=format-security -fno-plt  -c -o src/libwpactrl/wpactrl_removenetwork.lo src/libwpactrl/wpactrl_removenetwork.c
exec gcc -D_POSIX_C_SOURCE=200809L -D_XOPEN_SOURCE=700 -iquote src/include-local -Isrc/include -fPIC -Werror=implicit-function-declaration -Werror=implicit-int -Werror=pointer-sign -Werror=pointer-arith  -pipe -Wall -std=c99 -fno-exceptions -fno-unwind-tables -fno-asynchronous-unwind-tables -ffunction-sections -fdata-sections -O2 -fomit-frame-pointer -Os -fstack-clash-protection -Wformat -Werror=format-security -fno-plt  -c -o src/libwpactrl/wpactrl_scan_parse.lo src/libwpactrl/wpactrl_scan_parse.c
exec gcc -D_POSIX_C_SOURCE=200809L -D_XOPEN_SOURCE=700 -iquote src/include-local -Isrc/include -fPIC -Werror=implicit-function-declaration -Werror=implicit-int -Werror=pointer-sign -Werror=pointer-arith  -pipe -Wall -std=c99 -fno-exceptions -fno-unwind-tables -fno-asynchronous-unwind-tables -ffunction-sections -fdata-sections -O2 -fomit-frame-pointer -Os -fstack-clash-protection -Wformat -Werror=format-security -fno-plt  -c -o src/libwpactrl/wpactrl_selectnetwork.lo src/libwpactrl/wpactrl_selectnetwork.c
exec gcc -D_POSIX_C_SOURCE=200809L -D_XOPEN_SOURCE=700 -iquote src/include-local -Isrc/include -fPIC -Werror=implicit-function-declaration -Werror=implicit-int -Werror=pointer-sign -Werror=pointer-arith  -pipe -Wall -std=c99 -fno-exceptions -fno-unwind-tables -fno-asynchronous-unwind-tables -ffunction-sections -fdata-sections -O2 -fomit-frame-pointer -Os -fstack-clash-protection -Wformat -Werror=format-security -fno-plt  -c -o src/libwpactrl/wpactrl_setnetworkoption.lo src/libwpactrl/wpactrl_setnetworkoption.c
exec gcc -D_POSIX_C_SOURCE=200809L -D_XOPEN_SOURCE=700 -iquote src/include-local -Isrc/include -fPIC -Werror=implicit-function-declaration -Werror=implicit-int -Werror=pointer-sign -Werror=pointer-arith  -pipe -Wall -std=c99 -fno-exceptions -fno-unwind-tables -fno-asynchronous-unwind-tables -ffunction-sections -fdata-sections -O2 -fomit-frame-pointer -Os -fstack-clash-protection -Wformat -Werror=format-security -fno-plt  -c -o src/libwpactrl/wpactrl_start.lo src/libwpactrl/wpactrl_start.c
exec gcc -D_POSIX_C_SOURCE=200809L -D_XOPEN_SOURCE=700 -iquote src/include-local -Isrc/include -fPIC -Werror=implicit-function-declaration -Werror=implicit-int -Werror=pointer-sign -Werror=pointer-arith  -pipe -Wall -std=c99 -fno-exceptions -fno-unwind-tables -fno-asynchronous-unwind-tables -ffunction-sections -fdata-sections -O2 -fomit-frame-pointer -Os -fstack-clash-protection -Wformat -Werror=format-security -fno-plt  -c -o src/libwpactrl/wpactrl_startscan.lo src/libwpactrl/wpactrl_startscan.c
exec gcc -D_POSIX_C_SOURCE=200809L -D_XOPEN_SOURCE=700 -iquote src/include-local -Isrc/include -fPIC -Werror=implicit-function-declaration -Werror=implicit-int -Werror=pointer-sign -Werror=pointer-arith  -pipe -Wall -std=c99 -fno-exceptions -fno-unwind-tables -fno-asynchronous-unwind-tables -ffunction-sections -fdata-sections -O2 -fomit-frame-pointer -Os -fstack-clash-protection -Wformat -Werror=format-security -fno-plt  -c -o src/libwpactrl/wpactrl_update.lo src/libwpactrl/wpactrl_update.c
exec gcc -D_POSIX_C_SOURCE=200809L -D_XOPEN_SOURCE=700 -iquote src/include-local -Isrc/include -fPIC -Werror=implicit-function-declaration -Werror=implicit-int -Werror=pointer-sign -Werror=pointer-arith  -pipe -Wall -std=c99 -fno-exceptions -fno-unwind-tables -fno-asynchronous-unwind-tables -ffunction-sections -fdata-sections -O2 -fomit-frame-pointer -Os -fstack-clash-protection -Wformat -Werror=format-security -fno-plt  -c -o src/libwpactrl/wpactrl_xchg_cbres_free.lo src/libwpactrl/wpactrl_xchg_cbres_free.c
exec gcc -D_POSIX_C_SOURCE=200809L -D_XOPEN_SOURCE=700 -iquote src/include-local -Isrc/include -fPIC -Werror=implicit-function-declaration -Werror=implicit-int -Werror=pointer-sign -Werror=pointer-arith  -pipe -Wall -std=c99 -fno-exceptions -fno-unwind-tables -fno-asynchronous-unwind-tables -ffunction-sections -fdata-sections -O2 -fomit-frame-pointer -Os -fstack-clash-protection -Wformat -Werror=format-security -fno-plt  -c -o src/libwpactrl/wpactrl_xchg_cbres_zero.lo src/libwpactrl/wpactrl_xchg_cbres_zero.c
exec gcc -D_POSIX_C_SOURCE=200809L -D_XOPEN_SOURCE=700 -iquote src/include-local -Isrc/include -fPIC -Werror=implicit-function-declaration -Werror=implicit-int -Werror=pointer-sign -Werror=pointer-arith  -pipe -Wall -std=c99 -fno-exceptions -fno-unwind-tables -fno-asynchronous-unwind-tables -ffunction-sections -fdata-sections -O2 -fomit-frame-pointer -Os -fstack-clash-protection -Wformat -Werror=format-security -fno-plt  -c -o src/libwpactrl/wpactrl_xchg_computedeadline.lo src/libwpactrl/wpactrl_xchg_computedeadline.c
exec gcc -D_POSIX_C_SOURCE=200809L -D_XOPEN_SOURCE=700 -iquote src/include-local -Isrc/include -fPIC -Werror=implicit-function-declaration -Werror=implicit-int -Werror=pointer-sign -Werror=pointer-arith  -pipe -Wall -std=c99 -fno-exceptions -fno-unwind-tables -fno-asynchronous-unwind-tables -ffunction-sections -fdata-sections -O2 -fomit-frame-pointer -Os -fstack-clash-protection -Wformat -Werror=format-security -fno-plt  -c -o src/libwpactrl/wpactrl_xchg_event.lo src/libwpactrl/wpactrl_xchg_event.c
exec gcc -D_POSIX_C_SOURCE=200809L -D_XOPEN_SOURCE=700 -iquote src/include-local -Isrc/include -fPIC -Werror=implicit-function-declaration -Werror=implicit-int -Werror=pointer-sign -Werror=pointer-arith  -pipe -Wall -std=c99 -fno-exceptions -fno-unwind-tables -fno-asynchronous-unwind-tables -ffunction-sections -fdata-sections -O2 -fomit-frame-pointer -Os -fstack-clash-protection -Wformat -Werror=format-security -fno-plt  -c -o src/libwpactrl/wpactrl_xchg_init.lo src/libwpactrl/wpactrl_xchg_init.c
exec gcc -D_POSIX_C_SOURCE=200809L -D_XOPEN_SOURCE=700 -iquote src/include-local -Isrc/include -fPIC -Werror=implicit-function-declaration -Werror=implicit-int -Werror=pointer-sign -Werror=pointer-arith  -pipe -Wall -std=c99 -fno-exceptions -fno-unwind-tables -fno-asynchronous-unwind-tables -ffunction-sections -fdata-sections -O2 -fomit-frame-pointer -Os -fstack-clash-protection -Wformat -Werror=format-security -fno-plt  -c -o src/libwpactrl/wpactrl_xchg_start.lo src/libwpactrl/wpactrl_xchg_start.c
exec gcc -D_POSIX_C_SOURCE=200809L -D_XOPEN_SOURCE=700 -iquote src/include-local -Isrc/include -fPIC -Werror=implicit-function-declaration -Werror=implicit-int -Werror=pointer-sign -Werror=pointer-arith  -pipe -Wall -std=c99 -fno-exceptions -fno-unwind-tables -fno-asynchronous-unwind-tables -ffunction-sections -fdata-sections -O2 -fomit-frame-pointer -Os -fstack-clash-protection -Wformat -Werror=format-security -fno-plt  -c -o src/libwpactrl/wpactrl_xchg_timeout.lo src/libwpactrl/wpactrl_xchg_timeout.c
exec gcc -D_POSIX_C_SOURCE=200809L -D_XOPEN_SOURCE=700 -iquote src/include-local -Isrc/include -fPIC -Werror=implicit-function-declaration -Werror=implicit-int -Werror=pointer-sign -Werror=pointer-arith  -pipe -Wall -std=c99 -fno-exceptions -fno-unwind-tables -fno-asynchronous-unwind-tables -ffunction-sections -fdata-sections -O2 -fomit-frame-pointer -Os -fstack-clash-protection -Wformat -Werror=format-security -fno-plt  -c -o src/libwpactrl/wpactrl_xchg_zero.lo src/libwpactrl/wpactrl_xchg_zero.c
exec gcc -D_POSIX_C_SOURCE=200809L -D_XOPEN_SOURCE=700 -iquote src/include-local -Isrc/include -fPIC -Werror=implicit-function-declaration -Werror=implicit-int -Werror=pointer-sign -Werror=pointer-arith  -pipe -Wall -std=c99 -fno-exceptions -fno-unwind-tables -fno-asynchronous-unwind-tables -ffunction-sections -fdata-sections -O2 -fomit-frame-pointer -Os -fstack-clash-protection -Wformat -Werror=format-security -fno-plt  -c -o src/libwpactrl/wpactrl_zero.lo src/libwpactrl/wpactrl_zero.c
exec ar rc libbcnm.a.xyzzy src/libbcnm/bcnm_if_getstate.lo src/libbcnm/bcnm_if_link_init.lo src/libbcnm/bcnm_if_link_event.lo
exec ranlib libbcnm.a.xyzzy
exec gcc -D_POSIX_C_SOURCE=200809L -D_XOPEN_SOURCE=700 -iquote src/include-local -Isrc/include -fPIC -Werror=implicit-function-declaration -Werror=implicit-int -Werror=pointer-sign -Werror=pointer-arith  -pipe -Wall -std=c99 -fno-exceptions -fno-unwind-tables -fno-asynchronous-unwind-tables -ffunction-sections -fdata-sections -O2 -fomit-frame-pointer -Os -fstack-clash-protection -Wformat -Werror=format-security -fno-plt -c -o src/utils/bcnm-waitif.o src/utils/bcnm-waitif.c
exec env library="bcnm" includedir="/usr/include" dynlibdir="/usr/lib" libdir="/usr/lib" extra_includedirs="" extra_libdirs="" extra_libs="-lskarnet" description="A library to read uevents related to network interfaces without race conditions" url="" ldlibs="" ./tools/gen-dotpc.sh > libbcnm.pc.tmp
exec env library="wpactrl" includedir="/usr/include" dynlibdir="/usr/lib" libdir="/usr/lib" extra_includedirs="" extra_libdirs="" extra_libs="-lskarnet" description="A library to command wpa_supplicant from C without going through wpa_cli" url="" ldlibs="" ./tools/gen-dotpc.sh > libwpactrl.pc.tmp
exec gcc -o libbcnm.so.xyzzy -pipe -Wall -std=c99 -fno-exceptions -fno-unwind-tables -fno-asynchronous-unwind-tables -ffunction-sections -fdata-sections -O2 -fomit-frame-pointer -Os -fstack-clash-protection -Wformat -Werror=format-security -fno-plt  -Wl,--sort-section=alignment -Wl,--sort-common -Wl,--hash-style=both -Wl,--as-needed,-O1,--sort-common -Wl,-z,pack-relative-relocs -shared -Wl,-soname,libbcnm.so.0.0 -Wl,-rpath=/usr/lib src/libbcnm/bcnm_if_getstate.lo src/libbcnm/bcnm_if_link_init.lo src/libbcnm/bcnm_if_link_event.lo -lskarnet 
exec mv -f libbcnm.pc.tmp libbcnm.pc
exec mv -f libwpactrl.pc.tmp libwpactrl.pc
exec gcc -o libwpactrl.so.xyzzy -pipe -Wall -std=c99 -fno-exceptions -fno-unwind-tables -fno-asynchronous-unwind-tables -ffunction-sections -fdata-sections -O2 -fomit-frame-pointer -Os -fstack-clash-protection -Wformat -Werror=format-security -fno-plt  -Wl,--sort-section=alignment -Wl,--sort-common -Wl,--hash-style=both -Wl,--as-needed,-O1,--sort-common -Wl,-z,pack-relative-relocs -shared -Wl,-soname,libwpactrl.so.0.0 -Wl,-rpath=/usr/lib src/libwpactrl/wpactrl_ackmsg.lo src/libwpactrl/wpactrl_addnetwork.lo src/libwpactrl/wpactrl_associate.lo src/libwpactrl/wpactrl_bssid_scan.lo src/libwpactrl/wpactrl_command.lo src/libwpactrl/wpactrl_end.lo src/libwpactrl/wpactrl_env_parse.lo src/libwpactrl/wpactrl_fd_recv.lo src/libwpactrl/wpactrl_fd_timed_recv.lo src/libwpactrl/wpactrl_filter_add.lo src/libwpactrl/wpactrl_filter_exact_search.lo src/libwpactrl/wpactrl_filter_match.lo src/libwpactrl/wpactrl_filter_remove.lo src/libwpactrl/wpactrl_findnetwork.lo src/libwpactrl/wpactrl_flags_scan.lo src/libwpactrl/wpactrl_msg.lo src/libwpactrl/wpactrl_networks_parse.lo src/libwpactrl/wpactrl_query.lo src/libwpactrl/wpactrl_querysa.lo src/libwpactrl/wpactrl_removenetwork.lo src/libwpactrl/wpactrl_scan_parse.lo src/libwpactrl/wpactrl_selectnetwork.lo src/libwpactrl/wpactrl_setnetworkoption.lo src/libwpactrl/wpactrl_start.lo src/libwpactrl/wpactrl_startscan.lo src/libwpactrl/wpactrl_update.lo src/libwpactrl/wpactrl_xchg_cbres_free.lo src/libwpactrl/wpactrl_xchg_cbres_zero.lo src/libwpactrl/wpactrl_xchg_computedeadline.lo src/libwpactrl/wpactrl_xchg_event.lo src/libwpactrl/wpactrl_xchg_init.lo src/libwpactrl/wpactrl_xchg_start.lo src/libwpactrl/wpactrl_xchg_timeout.lo src/libwpactrl/wpactrl_xchg_zero.lo src/libwpactrl/wpactrl_zero.lo -lskarnet 
exec ar rc libwpactrl.a.xyzzy src/libwpactrl/wpactrl_ackmsg.lo src/libwpactrl/wpactrl_addnetwork.lo src/libwpactrl/wpactrl_associate.lo src/libwpactrl/wpactrl_bssid_scan.lo src/libwpactrl/wpactrl_command.lo src/libwpactrl/wpactrl_end.lo src/libwpactrl/wpactrl_env_parse.lo src/libwpactrl/wpactrl_fd_recv.lo src/libwpactrl/wpactrl_fd_timed_recv.lo src/libwpactrl/wpactrl_filter_add.lo src/libwpactrl/wpactrl_filter_exact_search.lo src/libwpactrl/wpactrl_filter_match.lo src/libwpactrl/wpactrl_filter_remove.lo src/libwpactrl/wpactrl_findnetwork.lo src/libwpactrl/wpactrl_flags_scan.lo src/libwpactrl/wpactrl_msg.lo src/libwpactrl/wpactrl_networks_parse.lo src/libwpactrl/wpactrl_query.lo src/libwpactrl/wpactrl_querysa.lo src/libwpactrl/wpactrl_removenetwork.lo src/libwpactrl/wpactrl_scan_parse.lo src/libwpactrl/wpactrl_selectnetwork.lo src/libwpactrl/wpactrl_setnetworkoption.lo src/libwpactrl/wpactrl_start.lo src/libwpactrl/wpactrl_startscan.lo src/libwpactrl/wpactrl_update.lo src/libwpactrl/wpactrl_xchg_cbres_free.lo src/libwpactrl/wpactrl_xchg_cbres_zero.lo src/libwpactrl/wpactrl_xchg_computedeadline.lo src/libwpactrl/wpactrl_xchg_event.lo src/libwpactrl/wpactrl_xchg_init.lo src/libwpactrl/wpactrl_xchg_start.lo src/libwpactrl/wpactrl_xchg_timeout.lo src/libwpactrl/wpactrl_xchg_zero.lo src/libwpactrl/wpactrl_zero.lo
exec ranlib libwpactrl.a.xyzzy
exec gcc -o bcnm-waitif -pipe -Wall -std=c99 -fno-exceptions -fno-unwind-tables -fno-asynchronous-unwind-tables -ffunction-sections -fdata-sections -O2 -fomit-frame-pointer -Os -fstack-clash-protection -Wformat -Werror=format-security -fno-plt -Wl,--sort-section=alignment -Wl,--sort-common -Wl,--hash-style=both -Wl,--as-needed,-O1,--sort-common -Wl,-z,pack-relative-relocs  src/utils/bcnm-waitif.o libbcnm.a.xyzzy /usr/lib/libskarnet.so   
>>> bcnm: Entering fakeroot...
./tools/install.sh -D -m 755 libbcnm.so.xyzzy /home/packager/aports/main/bcnm/pkg/bcnm/usr/lib/libbcnm.so.0.0.2.0 && \
./tools/install.sh -l libbcnm.so.0.0.2.0 /home/packager/aports/main/bcnm/pkg/bcnm/usr/lib/libbcnm.so.0.0 && \
exec ./tools/install.sh -l libbcnm.so.0.0 /home/packager/aports/main/bcnm/pkg/bcnm/usr/lib/libbcnm.so
./tools/install.sh -D -m 755 libwpactrl.so.xyzzy /home/packager/aports/main/bcnm/pkg/bcnm/usr/lib/libwpactrl.so.0.0.2.0 && \
./tools/install.sh -l libwpactrl.so.0.0.2.0 /home/packager/aports/main/bcnm/pkg/bcnm/usr/lib/libwpactrl.so.0.0 && \
exec ./tools/install.sh -l libwpactrl.so.0.0 /home/packager/aports/main/bcnm/pkg/bcnm/usr/lib/libwpactrl.so
exec ./tools/install.sh -D -m 600 bcnm-waitif /home/packager/aports/main/bcnm/pkg/bcnm/usr/bin/bcnm-waitif
exec ./tools/install.sh -D -m 644 libbcnm.a.xyzzy /home/packager/aports/main/bcnm/pkg/bcnm/usr/lib/libbcnm.a
exec ./tools/install.sh -D -m 644 libwpactrl.a.xyzzy /home/packager/aports/main/bcnm/pkg/bcnm/usr/lib/libwpactrl.a
exec ./tools/install.sh -D -m 644 src/include/bcnm/bcnm.h /home/packager/aports/main/bcnm/pkg/bcnm/usr/include/bcnm/bcnm.h
exec ./tools/install.sh -D -m 644 src/include/bcnm/config.h /home/packager/aports/main/bcnm/pkg/bcnm/usr/include/bcnm/config.h
exec ./tools/install.sh -D -m 644 src/include/bcnm/if.h /home/packager/aports/main/bcnm/pkg/bcnm/usr/include/bcnm/if.h
exec ./tools/install.sh -D -m 644 src/include/bcnm/wpactrl.h /home/packager/aports/main/bcnm/pkg/bcnm/usr/include/bcnm/wpactrl.h
grep -- ^bcnm-waitif < package/modes | { read name mode owner && if [ x$owner != x ] ; then chown -- $owner /home/packager/aports/main/bcnm/pkg/bcnm/usr/bin/bcnm-waitif ; fi && chmod $mode /home/packager/aports/main/bcnm/pkg/bcnm/usr/bin/bcnm-waitif ; }
exec ./tools/install.sh -D -m 644 libbcnm.pc /home/packager/aports/main/bcnm/pkg/bcnm/usr/lib/pkgconfig/libbcnm.pc
exec ./tools/install.sh -D -m 644 libwpactrl.pc /home/packager/aports/main/bcnm/pkg/bcnm/usr/lib/pkgconfig/libwpactrl.pc
>>> bcnm-static*: Running split function static...
'./usr/lib/libwpactrl.a' -> '/home/packager/aports/main/bcnm/pkg/bcnm-static/./usr/lib/libwpactrl.a'
'./usr/lib/libbcnm.a' -> '/home/packager/aports/main/bcnm/pkg/bcnm-static/./usr/lib/libbcnm.a'
>>> bcnm-static*: Preparing subpackage bcnm-static...
>>> bcnm-static*: Stripping binaries
>>> bcnm-static*: Running postcheck for bcnm-static
>>> bcnm-libs*: Running split function libs...
'usr/lib/libbcnm.so.0.0' -> '/home/packager/aports/main/bcnm/pkg/bcnm-libs/usr/lib/libbcnm.so.0.0'
'usr/lib/libbcnm.so.0.0.2.0' -> '/home/packager/aports/main/bcnm/pkg/bcnm-libs/usr/lib/libbcnm.so.0.0.2.0'
'usr/lib/libwpactrl.so.0.0' -> '/home/packager/aports/main/bcnm/pkg/bcnm-libs/usr/lib/libwpactrl.so.0.0'
'usr/lib/libwpactrl.so.0.0.2.0' -> '/home/packager/aports/main/bcnm/pkg/bcnm-libs/usr/lib/libwpactrl.so.0.0.2.0'
>>> bcnm-libs*: Preparing subpackage bcnm-libs...
>>> bcnm-libs*: Stripping binaries
>>> WARNING: bcnm-libs*: Redundant /usr/lib in rpath found
>>> bcnm-libs*: Running postcheck for bcnm-libs
>>> bcnm-dev*: Running split function dev...
'usr/include' -> '/home/packager/aports/main/bcnm/pkg/bcnm-dev/usr/include'
'usr/lib/pkgconfig' -> '/home/packager/aports/main/bcnm/pkg/bcnm-dev/usr/lib/pkgconfig'
'usr/lib/libbcnm.so' -> '/home/packager/aports/main/bcnm/pkg/bcnm-dev/usr/lib/libbcnm.so'
'usr/lib/libwpactrl.so' -> '/home/packager/aports/main/bcnm/pkg/bcnm-dev/usr/lib/libwpactrl.so'
>>> bcnm-dev*: Preparing subpackage bcnm-dev...
>>> bcnm-dev*: Stripping binaries
>>> bcnm-dev*: Running postcheck for bcnm-dev
>>> bcnm-doc*: Running split function doc...
'usr/share/doc' -> '/home/packager/aports/main/bcnm/pkg/bcnm-doc/usr/share/doc'
>>> bcnm-doc*: Preparing subpackage bcnm-doc...
>>> bcnm-doc*: Running postcheck for bcnm-doc
>>> bcnm*: Running postcheck for bcnm
>>> bcnm*: Preparing package bcnm...
>>> bcnm*: Stripping binaries
>>> bcnm-dev*: Scanning shared objects
>>> bcnm-doc*: Scanning shared objects
>>> bcnm-libs*: Scanning shared objects
>>> bcnm-static*: Scanning shared objects
>>> bcnm*: Scanning shared objects
>>> bcnm-dev*: Tracing dependencies...
	bcnm-libs=0.0.2.0-r0
	pc:libskarnet>=2.14.4.0
	pkgconfig
>>> bcnm-dev*: Package size: 8.0 KB
>>> bcnm-dev*: Compressing data...
>>> bcnm-dev*: Create checksum...
pigz: not found
>>> bcnm-dev*: Create bcnm-dev-0.0.2.0-r0.apk
>>> bcnm-doc*: Tracing dependencies...
>>> bcnm-doc*: Package size: 32.2 KB
>>> bcnm-doc*: Compressing data...
>>> bcnm-doc*: Create checksum...
pigz: not found
>>> bcnm-doc*: Create bcnm-doc-0.0.2.0-r0.apk
>>> bcnm-libs*: Tracing dependencies...
	so:libc.musl-x86_64.so.1
	so:libskarnet.so.2.14
>>> bcnm-libs*: Package size: 35.2 KB
>>> bcnm-libs*: Compressing data...
>>> bcnm-libs*: Create checksum...
pigz: not found
>>> bcnm-libs*: Create bcnm-libs-0.0.2.0-r0.apk
>>> bcnm-static*: Tracing dependencies...
>>> bcnm-static*: Package size: 70.1 KB
>>> bcnm-static*: Compressing data...
>>> bcnm-static*: Create checksum...
pigz: not found
>>> bcnm-static*: Create bcnm-static-0.0.2.0-r0.apk
>>> bcnm*: Tracing dependencies...
	so:libc.musl-x86_64.so.1
	so:libskarnet.so.2.14
>>> bcnm*: Package size: 13.8 KB
>>> bcnm*: Compressing data...
>>> bcnm*: Create checksum...
pigz: not found
>>> bcnm*: Create bcnm-0.0.2.0-r0.apk
>>> bcnm: Build complete at Sun, 18 May 2025 10:46:26 +0000 elapsed time 0h 0m 5s
>>> bcnm: Cleaning up srcdir
>>> bcnm: Cleaning up pkgdir
>>> bcnm: Uninstalling dependencies...
(1/4) Purging .makedepends-bcnm (20250518.104622)
(2/4) Purging skalibs-dev (2.14.4.0-r0)
(3/4) Purging skalibs-libs (2.14.4.0-r0)
(4/4) Purging linux-headers (6.14.2-r0)
OK: 261 MiB in 81 packages
>>> bcnm: Updating the main/x86_64 repository index...
>>> bcnm: Signing the index...
pigz: not found
