>>> geoip: Validating /home/packager/oily-pine/main/geoip/APKBUILD...
>>> geoip: Cleaning up srcdir
>>> geoip: Cleaning up pkgdir
>>> geoip: Cleaning up tmpdir
>>> geoip: Fetching https://github.com/maxmind/geoip-api-c/releases/download/v1.6.12/GeoIP-1.6.12.tar.gz
  % Total    % Received % Xferd  Average Speed   Time    Time     Time  Current
                                 Dload  Upload   Total   Spent    Left  Speed
  0     0    0     0    0     0      0      0 --:--:-- --:--:-- --:--:--     0  0     0    0     0    0     0      0      0 --:--:-- --:--:-- --:--:--     0
  0  462k    0     0    0     0      0      0 --:--:-- --:--:-- --:--:--     0100  462k  100  462k    0     0   452k      0  0:00:01  0:00:01 --:--:-- 3922k
>>> geoip: Fetching https://github.com/maxmind/geoip-api-c/releases/download/v1.6.12/GeoIP-1.6.12.tar.gz
>>> geoip: Checking sha512sums...
GeoIP-1.6.12.tar.gz: OK
>>> geoip: Preparing build chroot...
fetch http://dl-cdn.alpinelinux.org/alpine/edge/main/x86_64/APKINDEX.tar.gz
(1/69) Installing musl (1.2.5-r10)
(2/69) Installing libcrypto3 (3.5.0-r0)
(3/69) Installing ca-certificates-bundle (20241121-r2)
(4/69) Installing libssl3 (3.5.0-r0)
(5/69) Installing zlib (1.3.1-r2)
(6/69) Installing libapk2 (2.14.9-r2)
(7/69) Installing apk-tools (2.14.9-r2)
(8/69) Installing libcap2 (2.76-r0)
(9/69) Installing libcap-getcap (2.76-r0)
(10/69) Installing fakeroot (1.37.1.1-r0)
(11/69) Installing scanelf (1.3.8-r1)
(12/69) Installing musl-utils (1.2.5-r10)
(13/69) Installing libgcc (14.3.0-r0)
(14/69) Installing libstdc++ (14.3.0-r0)
(15/69) Installing lzip (1.25-r0)
(16/69) Installing openssl (3.5.0-r0)
(17/69) Installing patch (2.8-r0)
(18/69) Installing pkgconf (2.4.3-r0)
(19/69) Installing acl-libs (2.3.2-r1)
(20/69) Installing tar (1.35-r3)
(21/69) Installing busybox (1.37.0-r18)
Executing busybox-1.37.0-r18.post-install
(22/69) Installing ssl_client (1.37.0-r18)
(23/69) Installing busybox-binsh (1.37.0-r18)
(24/69) Installing abuild (3.15.0-r0)
Executing abuild-3.15.0-r0.pre-install
(25/69) Installing abuild-sudo (3.15.0-r0)
(26/69) Installing alpine-baselayout-data (3.7.0-r0)
(27/69) Installing alpine-baselayout (3.7.0-r0)
Executing alpine-baselayout-3.7.0-r0.pre-install
Executing alpine-baselayout-3.7.0-r0.post-install
(28/69) Installing bridge (1.5-r5)
(29/69) Installing ifupdown-ng (0.12.1-r7)
(30/69) Installing openrc-user (0.62.2-r2)
(31/69) Installing openrc (0.62.2-r2)
Executing openrc-0.62.2-r2.post-install
(32/69) Installing mdev-conf (4.8-r0)
(33/69) Installing busybox-mdev-openrc (1.37.0-r18)
(34/69) Installing alpine-conf (3.20.0-r0)
(35/69) Installing alpine-keys (2.5-r0)
(36/69) Installing alpine-release (3.22.0-r0)
(37/69) Installing busybox-openrc (1.37.0-r18)
(38/69) Installing busybox-suid (1.37.0-r18)
(39/69) Installing alpine-base (3.22.0-r0)
(40/69) Installing jansson (2.14.1-r0)
(41/69) Installing zstd-libs (1.5.7-r0)
(42/69) Installing binutils (2.44-r0)
(43/69) Installing libmagic (5.46-r2)
(44/69) Installing file (5.46-r2)
(45/69) Installing libgomp (14.3.0-r0)
(46/69) Installing libatomic (14.3.0-r0)
(47/69) Installing gmp (6.3.0-r3)
(48/69) Installing isl26 (0.26-r1)
(49/69) Installing mpfr4 (4.2.1_p1-r0)
(50/69) Installing mpc1 (1.3.1-r1)
(51/69) Installing gcc (14.3.0-r0)
(52/69) Installing libstdc++-dev (14.3.0-r0)
(53/69) Installing musl-dev (1.2.5-r10)
(54/69) Installing g++ (14.3.0-r0)
(55/69) Installing make (4.4.1-r3)
(56/69) Installing fortify-headers (1.1-r5)
(57/69) Installing build-base (0.5-r3)
(58/69) Installing brotli-libs (1.1.0-r2)
(59/69) Installing c-ares (1.34.5-r0)
(60/69) Installing libunistring (1.3-r0)
(61/69) Installing libidn2 (2.3.7-r0)
(62/69) Installing nghttp2-libs (1.65.0-r0)
(63/69) Installing libpsl (0.21.5-r3)
(64/69) Installing libcurl (8.14.0-r2)
(65/69) Installing libexpat (2.7.1-r0)
(66/69) Installing pcre2 (10.43-r1)
(67/69) Installing git (2.49.0-r0)
(68/69) Installing git-init-template (2.49.0-r0)
(69/69) Installing zlib-dev (1.3.1-r2)
Executing busybox-1.37.0-r18.trigger
OK: 260 MiB in 69 packages
>>> geoip: Fetching https://github.com/maxmind/geoip-api-c/releases/download/v1.6.12/GeoIP-1.6.12.tar.gz
>>> geoip: Checking sha512sums...
GeoIP-1.6.12.tar.gz: OK
>>> geoip: Unpacking /var/cache/distfiles/GeoIP-1.6.12.tar.gz...
>>> geoip: Updating ./config.sub
checking for a BSD-compatible install... /usr/bin/install -c
checking whether build environment is sane... yes
checking for a thread-safe mkdir -p... ./install-sh -c -d
checking for gawk... no
checking for mawk... no
checking for nawk... no
checking for awk... awk
checking whether make sets $(MAKE)... yes
checking whether make supports nested variables... yes
checking for style of include used by make... GNU
checking for x86_64-alpine-linux-musl-gcc... cc
checking whether the C compiler works... yes
checking for C compiler default output file name... a.out
checking for suffix of executables... 
checking whether we are cross compiling... no
checking for suffix of object files... o
checking whether we are using the GNU C compiler... yes
checking whether cc accepts -g... yes
checking for cc option to accept ISO C89... none needed
checking whether cc understands -c and -o together... yes
checking dependency style of cc... gcc3
checking how to run the C preprocessor... cc -E
checking for grep that handles long lines and -e... /bin/grep
checking for egrep... /bin/grep -E
checking for ANSI C header files... yes
checking for sys/types.h... yes
checking for sys/stat.h... yes
checking for stdlib.h... yes
checking for string.h... yes
checking for memory.h... yes
checking for strings.h... yes
checking for inttypes.h... yes
checking for stdint.h... yes
checking for unistd.h... yes
checking minix/config.h usability... no
checking minix/config.h presence... no
checking for minix/config.h... no
checking whether it is safe to define __EXTENSIONS__... yes
checking for x86_64-alpine-linux-musl-gcc... (cached) cc
checking whether we are using the GNU C compiler... (cached) yes
checking whether cc accepts -g... (cached) yes
checking for cc option to accept ISO C89... (cached) none needed
checking whether cc understands -c and -o together... (cached) yes
checking dependency style of cc... (cached) gcc3
checking build system type... x86_64-alpine-linux-musl
checking host system type... x86_64-alpine-linux-musl
checking how to print strings... printf
checking for a sed that does not truncate output... /bin/sed
checking for fgrep... /bin/grep -F
checking for ld used by cc... /usr/x86_64-alpine-linux-musl/bin/ld
checking if the linker (/usr/x86_64-alpine-linux-musl/bin/ld) is GNU ld... yes
checking for BSD- or MS-compatible name lister (nm)... /usr/bin/nm -B
checking the name lister (/usr/bin/nm -B) interface... BSD nm
checking whether ln -s works... yes
checking the maximum length of command line arguments... 98304
checking how to convert x86_64-alpine-linux-musl file names to x86_64-alpine-linux-musl format... func_convert_file_noop
checking how to convert x86_64-alpine-linux-musl file names to toolchain format... func_convert_file_noop
checking for /usr/x86_64-alpine-linux-musl/bin/ld option to reload object files... -r
checking for x86_64-alpine-linux-musl-objdump... no
checking for objdump... objdump
checking how to recognize dependent libraries... pass_all
checking for x86_64-alpine-linux-musl-dlltool... no
checking for dlltool... no
checking how to associate runtime and link libraries... printf %s\n
checking for x86_64-alpine-linux-musl-ar... no
checking for ar... ar
checking for archiver @FILE support... @
checking for x86_64-alpine-linux-musl-strip... no
checking for strip... strip
checking for x86_64-alpine-linux-musl-ranlib... no
checking for ranlib... ranlib
checking command to parse /usr/bin/nm -B output from cc object... ok
checking for sysroot... no
checking for a working dd... /bin/dd
checking how to truncate binary pipes... /bin/dd bs=4096 count=1
checking for x86_64-alpine-linux-musl-mt... no
checking for mt... no
checking if : is a manifest tool... no
checking for dlfcn.h... yes
checking for objdir... .libs
checking if cc supports -fno-rtti -fno-exceptions... no
checking for cc option to produce PIC... -fPIC -DPIC
checking if cc PIC flag -fPIC -DPIC works... yes
checking if cc static flag -static works... yes
checking if cc supports -c -o file.o... yes
checking if cc supports -c -o file.o... (cached) yes
checking whether the cc linker (/usr/x86_64-alpine-linux-musl/bin/ld -m elf_x86_64) supports shared libraries... yes
checking whether -lc should be explicitly linked in... no
checking dynamic linker characteristics... GNU/Linux ld.so
checking how to hardcode library paths into programs... immediate
checking whether stripping libraries is possible... yes
checking if libtool supports shared libraries... yes
checking whether to build shared libraries... yes
checking whether to build static libraries... yes
checking for byte... no
checking for ushort... yes
checking for ulong... yes
checking for u16... no
checking for u32... no
checking for off_t... yes
checking for size_t... yes
checking for ssize_t... yes
checking for uint32_t... yes
checking for uint64_t... yes
checking whether byte ordering is bigendian... no
checking for getopt... yes
checking for gettimeofday... yes
checking for pread... yes
checking for vasprintf... yes
checking for vsnprintf... yes
checking for vsprintf... yes
checking for gethostbyname... yes
checking for gethostbyname_r... yes
checking for memset... yes
checking for memchr... yes
checking for munmap... yes
checking for strrchr... yes
checking for socket... yes
checking for strchr... yes
checking for strdup... yes
checking for strstr... yes
checking for stdlib.h... (cached) yes
checking for GNU libc compatible malloc... yes
checking for stdlib.h... (cached) yes
checking for GNU libc compatible realloc... yes
checking for stdlib.h... (cached) yes
checking for unistd.h... (cached) yes
checking for sys/param.h... yes
checking for getpagesize... yes
checking for working mmap... yes
checking that generated files are newer than configure... done
configure: creating ./config.status
config.status: creating Makefile
config.status: creating GeoIP.spec
config.status: creating geoip.pc
config.status: creating libGeoIP/Makefile
config.status: creating apps/Makefile
config.status: creating man/Makefile
config.status: creating test/Makefile
config.status: executing depfiles commands
config.status: executing libtool commands
Making all in libGeoIP
make[1]: Entering directory '/tmp/src/GeoIP-1.6.12/libGeoIP'
/bin/sh ../libtool  --tag=CC   --mode=compile cc -DPACKAGE_NAME=\"GeoIP\" -DPACKAGE_TARNAME=\"GeoIP\" -DPACKAGE_VERSION=\"1.6.12\" -DPACKAGE_STRING=\"GeoIP\ 1.6.12\" -DPACKAGE_BUGREPORT=\"support@maxmind.com\" -DPACKAGE_URL=\"\" -DPACKAGE=\"GeoIP\" -DVERSION=\"1.6.12\" -DSTDC_HEADERS=1 -DHAVE_SYS_TYPES_H=1 -DHAVE_SYS_STAT_H=1 -DHAVE_STDLIB_H=1 -DHAVE_STRING_H=1 -DHAVE_MEMORY_H=1 -DHAVE_STRINGS_H=1 -DHAVE_INTTYPES_H=1 -DHAVE_STDINT_H=1 -DHAVE_UNISTD_H=1 -D__EXTENSIONS__=1 -D_ALL_SOURCE=1 -D_GNU_SOURCE=1 -D_POSIX_PTHREAD_SEMANTICS=1 -D_TANDEM_SOURCE=1 -DHAVE_DLFCN_H=1 -DLT_OBJDIR=\".libs/\" -DHAVE_USHORT_TYPEDEF=1 -DHAVE_ULONG_TYPEDEF=1 -DLITTLE_ENDIAN_HOST=1 -DHAVE_GETOPT=1 -DHAVE_GETTIMEOFDAY=1 -DHAVE_PREAD=1 -DHAVE_VASPRINTF=1 -DHAVE_VSNPRINTF=1 -DHAVE_VSPRINTF=1 -DHAVE_GETHOSTBYNAME=1 -DHAVE_GETHOSTBYNAME_R=1 -DGETHOSTBYNAME_R_RETURNS_INT=1 -DHAVE_MEMSET=1 -DHAVE_MEMCHR=1 -DHAVE_MUNMAP=1 -DHAVE_STRRCHR=1 -DHAVE_SOCKET=1 -DHAVE_STRCHR=1 -DHAVE_STRDUP=1 -DHAVE_STRSTR=1 -DHAVE_STDLIB_H=1 -DHAVE_MALLOC=1 -DHAVE_STDLIB_H=1 -DHAVE_REALLOC=1 -DHAVE_STDLIB_H=1 -DHAVE_UNISTD_H=1 -DHAVE_SYS_PARAM_H=1 -DHAVE_GETPAGESIZE=1 -DHAVE_MMAP=1 -I.  -DGEOIPDATADIR=\"/usr/share/GeoIP\" -Wall   -Os -fstack-clash-protection -Wformat -Werror=format-security -fno-plt -MT GeoIP.lo -MD -MP -MF .deps/GeoIP.Tpo -c -o GeoIP.lo GeoIP.c
/bin/sh ../libtool  --tag=CC   --mode=compile cc -DPACKAGE_NAME=\"GeoIP\" -DPACKAGE_TARNAME=\"GeoIP\" -DPACKAGE_VERSION=\"1.6.12\" -DPACKAGE_STRING=\"GeoIP\ 1.6.12\" -DPACKAGE_BUGREPORT=\"support@maxmind.com\" -DPACKAGE_URL=\"\" -DPACKAGE=\"GeoIP\" -DVERSION=\"1.6.12\" -DSTDC_HEADERS=1 -DHAVE_SYS_TYPES_H=1 -DHAVE_SYS_STAT_H=1 -DHAVE_STDLIB_H=1 -DHAVE_STRING_H=1 -DHAVE_MEMORY_H=1 -DHAVE_STRINGS_H=1 -DHAVE_INTTYPES_H=1 -DHAVE_STDINT_H=1 -DHAVE_UNISTD_H=1 -D__EXTENSIONS__=1 -D_ALL_SOURCE=1 -D_GNU_SOURCE=1 -D_POSIX_PTHREAD_SEMANTICS=1 -D_TANDEM_SOURCE=1 -DHAVE_DLFCN_H=1 -DLT_OBJDIR=\".libs/\" -DHAVE_USHORT_TYPEDEF=1 -DHAVE_ULONG_TYPEDEF=1 -DLITTLE_ENDIAN_HOST=1 -DHAVE_GETOPT=1 -DHAVE_GETTIMEOFDAY=1 -DHAVE_PREAD=1 -DHAVE_VASPRINTF=1 -DHAVE_VSNPRINTF=1 -DHAVE_VSPRINTF=1 -DHAVE_GETHOSTBYNAME=1 -DHAVE_GETHOSTBYNAME_R=1 -DGETHOSTBYNAME_R_RETURNS_INT=1 -DHAVE_MEMSET=1 -DHAVE_MEMCHR=1 -DHAVE_MUNMAP=1 -DHAVE_STRRCHR=1 -DHAVE_SOCKET=1 -DHAVE_STRCHR=1 -DHAVE_STRDUP=1 -DHAVE_STRSTR=1 -DHAVE_STDLIB_H=1 -DHAVE_MALLOC=1 -DHAVE_STDLIB_H=1 -DHAVE_REALLOC=1 -DHAVE_STDLIB_H=1 -DHAVE_UNISTD_H=1 -DHAVE_SYS_PARAM_H=1 -DHAVE_GETPAGESIZE=1 -DHAVE_MMAP=1 -I.  -DGEOIPDATADIR=\"/usr/share/GeoIP\" -Wall   -Os -fstack-clash-protection -Wformat -Werror=format-security -fno-plt -MT GeoIP_deprecated.lo -MD -MP -MF .deps/GeoIP_deprecated.Tpo -c -o GeoIP_deprecated.lo GeoIP_deprecated.c
/bin/sh ../libtool  --tag=CC   --mode=compile cc -DPACKAGE_NAME=\"GeoIP\" -DPACKAGE_TARNAME=\"GeoIP\" -DPACKAGE_VERSION=\"1.6.12\" -DPACKAGE_STRING=\"GeoIP\ 1.6.12\" -DPACKAGE_BUGREPORT=\"support@maxmind.com\" -DPACKAGE_URL=\"\" -DPACKAGE=\"GeoIP\" -DVERSION=\"1.6.12\" -DSTDC_HEADERS=1 -DHAVE_SYS_TYPES_H=1 -DHAVE_SYS_STAT_H=1 -DHAVE_STDLIB_H=1 -DHAVE_STRING_H=1 -DHAVE_MEMORY_H=1 -DHAVE_STRINGS_H=1 -DHAVE_INTTYPES_H=1 -DHAVE_STDINT_H=1 -DHAVE_UNISTD_H=1 -D__EXTENSIONS__=1 -D_ALL_SOURCE=1 -D_GNU_SOURCE=1 -D_POSIX_PTHREAD_SEMANTICS=1 -D_TANDEM_SOURCE=1 -DHAVE_DLFCN_H=1 -DLT_OBJDIR=\".libs/\" -DHAVE_USHORT_TYPEDEF=1 -DHAVE_ULONG_TYPEDEF=1 -DLITTLE_ENDIAN_HOST=1 -DHAVE_GETOPT=1 -DHAVE_GETTIMEOFDAY=1 -DHAVE_PREAD=1 -DHAVE_VASPRINTF=1 -DHAVE_VSNPRINTF=1 -DHAVE_VSPRINTF=1 -DHAVE_GETHOSTBYNAME=1 -DHAVE_GETHOSTBYNAME_R=1 -DGETHOSTBYNAME_R_RETURNS_INT=1 -DHAVE_MEMSET=1 -DHAVE_MEMCHR=1 -DHAVE_MUNMAP=1 -DHAVE_STRRCHR=1 -DHAVE_SOCKET=1 -DHAVE_STRCHR=1 -DHAVE_STRDUP=1 -DHAVE_STRSTR=1 -DHAVE_STDLIB_H=1 -DHAVE_MALLOC=1 -DHAVE_STDLIB_H=1 -DHAVE_REALLOC=1 -DHAVE_STDLIB_H=1 -DHAVE_UNISTD_H=1 -DHAVE_SYS_PARAM_H=1 -DHAVE_GETPAGESIZE=1 -DHAVE_MMAP=1 -I.  -DGEOIPDATADIR=\"/usr/share/GeoIP\" -Wall   -Os -fstack-clash-protection -Wformat -Werror=format-security -fno-plt -MT GeoIPCity.lo -MD -MP -MF .deps/GeoIPCity.Tpo -c -o GeoIPCity.lo GeoIPCity.c
/bin/sh ../libtool  --tag=CC   --mode=compile cc -DPACKAGE_NAME=\"GeoIP\" -DPACKAGE_TARNAME=\"GeoIP\" -DPACKAGE_VERSION=\"1.6.12\" -DPACKAGE_STRING=\"GeoIP\ 1.6.12\" -DPACKAGE_BUGREPORT=\"support@maxmind.com\" -DPACKAGE_URL=\"\" -DPACKAGE=\"GeoIP\" -DVERSION=\"1.6.12\" -DSTDC_HEADERS=1 -DHAVE_SYS_TYPES_H=1 -DHAVE_SYS_STAT_H=1 -DHAVE_STDLIB_H=1 -DHAVE_STRING_H=1 -DHAVE_MEMORY_H=1 -DHAVE_STRINGS_H=1 -DHAVE_INTTYPES_H=1 -DHAVE_STDINT_H=1 -DHAVE_UNISTD_H=1 -D__EXTENSIONS__=1 -D_ALL_SOURCE=1 -D_GNU_SOURCE=1 -D_POSIX_PTHREAD_SEMANTICS=1 -D_TANDEM_SOURCE=1 -DHAVE_DLFCN_H=1 -DLT_OBJDIR=\".libs/\" -DHAVE_USHORT_TYPEDEF=1 -DHAVE_ULONG_TYPEDEF=1 -DLITTLE_ENDIAN_HOST=1 -DHAVE_GETOPT=1 -DHAVE_GETTIMEOFDAY=1 -DHAVE_PREAD=1 -DHAVE_VASPRINTF=1 -DHAVE_VSNPRINTF=1 -DHAVE_VSPRINTF=1 -DHAVE_GETHOSTBYNAME=1 -DHAVE_GETHOSTBYNAME_R=1 -DGETHOSTBYNAME_R_RETURNS_INT=1 -DHAVE_MEMSET=1 -DHAVE_MEMCHR=1 -DHAVE_MUNMAP=1 -DHAVE_STRRCHR=1 -DHAVE_SOCKET=1 -DHAVE_STRCHR=1 -DHAVE_STRDUP=1 -DHAVE_STRSTR=1 -DHAVE_STDLIB_H=1 -DHAVE_MALLOC=1 -DHAVE_STDLIB_H=1 -DHAVE_REALLOC=1 -DHAVE_STDLIB_H=1 -DHAVE_UNISTD_H=1 -DHAVE_SYS_PARAM_H=1 -DHAVE_GETPAGESIZE=1 -DHAVE_MMAP=1 -I.  -DGEOIPDATADIR=\"/usr/share/GeoIP\" -Wall   -Os -fstack-clash-protection -Wformat -Werror=format-security -fno-plt -MT regionName.lo -MD -MP -MF .deps/regionName.Tpo -c -o regionName.lo regionName.c
/bin/sh ../libtool  --tag=CC   --mode=compile cc -DPACKAGE_NAME=\"GeoIP\" -DPACKAGE_TARNAME=\"GeoIP\" -DPACKAGE_VERSION=\"1.6.12\" -DPACKAGE_STRING=\"GeoIP\ 1.6.12\" -DPACKAGE_BUGREPORT=\"support@maxmind.com\" -DPACKAGE_URL=\"\" -DPACKAGE=\"GeoIP\" -DVERSION=\"1.6.12\" -DSTDC_HEADERS=1 -DHAVE_SYS_TYPES_H=1 -DHAVE_SYS_STAT_H=1 -DHAVE_STDLIB_H=1 -DHAVE_STRING_H=1 -DHAVE_MEMORY_H=1 -DHAVE_STRINGS_H=1 -DHAVE_INTTYPES_H=1 -DHAVE_STDINT_H=1 -DHAVE_UNISTD_H=1 -D__EXTENSIONS__=1 -D_ALL_SOURCE=1 -D_GNU_SOURCE=1 -D_POSIX_PTHREAD_SEMANTICS=1 -D_TANDEM_SOURCE=1 -DHAVE_DLFCN_H=1 -DLT_OBJDIR=\".libs/\" -DHAVE_USHORT_TYPEDEF=1 -DHAVE_ULONG_TYPEDEF=1 -DLITTLE_ENDIAN_HOST=1 -DHAVE_GETOPT=1 -DHAVE_GETTIMEOFDAY=1 -DHAVE_PREAD=1 -DHAVE_VASPRINTF=1 -DHAVE_VSNPRINTF=1 -DHAVE_VSPRINTF=1 -DHAVE_GETHOSTBYNAME=1 -DHAVE_GETHOSTBYNAME_R=1 -DGETHOSTBYNAME_R_RETURNS_INT=1 -DHAVE_MEMSET=1 -DHAVE_MEMCHR=1 -DHAVE_MUNMAP=1 -DHAVE_STRRCHR=1 -DHAVE_SOCKET=1 -DHAVE_STRCHR=1 -DHAVE_STRDUP=1 -DHAVE_STRSTR=1 -DHAVE_STDLIB_H=1 -DHAVE_MALLOC=1 -DHAVE_STDLIB_H=1 -DHAVE_REALLOC=1 -DHAVE_STDLIB_H=1 -DHAVE_UNISTD_H=1 -DHAVE_SYS_PARAM_H=1 -DHAVE_GETPAGESIZE=1 -DHAVE_MMAP=1 -I.  -DGEOIPDATADIR=\"/usr/share/GeoIP\" -Wall   -Os -fstack-clash-protection -Wformat -Werror=format-security -fno-plt -MT timeZone.lo -MD -MP -MF .deps/timeZone.Tpo -c -o timeZone.lo timeZone.c
libtool: compile:  cc "-DPACKAGE_NAME=\"GeoIP\"" "-DPACKAGE_TARNAME=\"GeoIP\"" "-DPACKAGE_VERSION=\"1.6.12\"" "-DPACKAGE_STRING=\"GeoIP 1.6.12\"" "-DPACKAGE_BUGREPORT=\"support@maxmind.com\"" "-DPACKAGE_URL=\"\"" "-DPACKAGE=\"GeoIP\"" "-DVERSION=\"1.6.12\"" -DSTDC_HEADERS=1 -DHAVE_SYS_TYPES_H=1 -DHAVE_SYS_STAT_H=1 -DHAVE_STDLIB_H=1 -DHAVE_STRING_H=1 -DHAVE_MEMORY_H=1 -DHAVE_STRINGS_H=1 -DHAVE_INTTYPES_H=1 -DHAVE_STDINT_H=1 -DHAVE_UNISTD_H=1 -D__EXTENSIONS__=1 -D_ALL_SOURCE=1 -D_GNU_SOURCE=1 -D_POSIX_PTHREAD_SEMANTICS=1 -D_TANDEM_SOURCE=1 -DHAVE_DLFCN_H=1 "-DLT_OBJDIR=\".libs/\"" -DHAVE_USHORT_TYPEDEF=1 -DHAVE_ULONG_TYPEDEF=1 -DLITTLE_ENDIAN_HOST=1 -DHAVE_GETOPT=1 -DHAVE_GETTIMEOFDAY=1 -DHAVE_PREAD=1 -DHAVE_VASPRINTF=1 -DHAVE_VSNPRINTF=1 -DHAVE_VSPRINTF=1 -DHAVE_GETHOSTBYNAME=1 -DHAVE_GETHOSTBYNAME_R=1 -DGETHOSTBYNAME_R_RETURNS_INT=1 -DHAVE_MEMSET=1 -DHAVE_MEMCHR=1 -DHAVE_MUNMAP=1 -DHAVE_STRRCHR=1 -DHAVE_SOCKET=1 -DHAVE_STRCHR=1 -DHAVE_STRDUP=1 -DHAVE_STRSTR=1 -DHAVE_STDLIB_H=1 -DHAVE_MALLOC=1 -DHAVE_STDLIB_H=1 -DHAVE_REALLOC=1 -DHAVE_STDLIB_H=1 -DHAVE_UNISTD_H=1 -DHAVE_SYS_PARAM_H=1 -DHAVE_GETPAGESIZE=1 -DHAVE_MMAP=1 -I. "-DGEOIPDATADIR=\"/usr/share/GeoIP\"" -Wall -Os -fstack-clash-protection -Wformat -Werror=format-security -fno-plt -MT GeoIP_deprecated.lo -MD -MP -MF .deps/GeoIP_deprecated.Tpo -c GeoIP_deprecated.c  -fPIC -DPIC -o .libs/GeoIP_deprecated.o
libtool: compile:  cc "-DPACKAGE_NAME=\"GeoIP\"" "-DPACKAGE_TARNAME=\"GeoIP\"" "-DPACKAGE_VERSION=\"1.6.12\"" "-DPACKAGE_STRING=\"GeoIP 1.6.12\"" "-DPACKAGE_BUGREPORT=\"support@maxmind.com\"" "-DPACKAGE_URL=\"\"" "-DPACKAGE=\"GeoIP\"" "-DVERSION=\"1.6.12\"" -DSTDC_HEADERS=1 -DHAVE_SYS_TYPES_H=1 -DHAVE_SYS_STAT_H=1 -DHAVE_STDLIB_H=1 -DHAVE_STRING_H=1 -DHAVE_MEMORY_H=1 -DHAVE_STRINGS_H=1 -DHAVE_INTTYPES_H=1 -DHAVE_STDINT_H=1 -DHAVE_UNISTD_H=1 -D__EXTENSIONS__=1 -D_ALL_SOURCE=1 -D_GNU_SOURCE=1 -D_POSIX_PTHREAD_SEMANTICS=1 -D_TANDEM_SOURCE=1 -DHAVE_DLFCN_H=1 "-DLT_OBJDIR=\".libs/\"" -DHAVE_USHORT_TYPEDEF=1 -DHAVE_ULONG_TYPEDEF=1 -DLITTLE_ENDIAN_HOST=1 -DHAVE_GETOPT=1 -DHAVE_GETTIMEOFDAY=1 -DHAVE_PREAD=1 -DHAVE_VASPRINTF=1 -DHAVE_VSNPRINTF=1 -DHAVE_VSPRINTF=1 -DHAVE_GETHOSTBYNAME=1 -DHAVE_GETHOSTBYNAME_R=1 -DGETHOSTBYNAME_R_RETURNS_INT=1 -DHAVE_MEMSET=1 -DHAVE_MEMCHR=1 -DHAVE_MUNMAP=1 -DHAVE_STRRCHR=1 -DHAVE_SOCKET=1 -DHAVE_STRCHR=1 -DHAVE_STRDUP=1 -DHAVE_STRSTR=1 -DHAVE_STDLIB_H=1 -DHAVE_MALLOC=1 -DHAVE_STDLIB_H=1 -DHAVE_REALLOC=1 -DHAVE_STDLIB_H=1 -DHAVE_UNISTD_H=1 -DHAVE_SYS_PARAM_H=1 -DHAVE_GETPAGESIZE=1 -DHAVE_MMAP=1 -I. "-DGEOIPDATADIR=\"/usr/share/GeoIP\"" -Wall -Os -fstack-clash-protection -Wformat -Werror=format-security -fno-plt -MT regionName.lo -MD -MP -MF .deps/regionName.Tpo -c regionName.c  -fPIC -DPIC -o .libs/regionName.o
libtool: compile:  cc "-DPACKAGE_NAME=\"GeoIP\"" "-DPACKAGE_TARNAME=\"GeoIP\"" "-DPACKAGE_VERSION=\"1.6.12\"" "-DPACKAGE_STRING=\"GeoIP 1.6.12\"" "-DPACKAGE_BUGREPORT=\"support@maxmind.com\"" "-DPACKAGE_URL=\"\"" "-DPACKAGE=\"GeoIP\"" "-DVERSION=\"1.6.12\"" -DSTDC_HEADERS=1 -DHAVE_SYS_TYPES_H=1 -DHAVE_SYS_STAT_H=1 -DHAVE_STDLIB_H=1 -DHAVE_STRING_H=1 -DHAVE_MEMORY_H=1 -DHAVE_STRINGS_H=1 -DHAVE_INTTYPES_H=1 -DHAVE_STDINT_H=1 -DHAVE_UNISTD_H=1 -D__EXTENSIONS__=1 -D_ALL_SOURCE=1 -D_GNU_SOURCE=1 -D_POSIX_PTHREAD_SEMANTICS=1 -D_TANDEM_SOURCE=1 -DHAVE_DLFCN_H=1 "-DLT_OBJDIR=\".libs/\"" -DHAVE_USHORT_TYPEDEF=1 -DHAVE_ULONG_TYPEDEF=1 -DLITTLE_ENDIAN_HOST=1 -DHAVE_GETOPT=1 -DHAVE_GETTIMEOFDAY=1 -DHAVE_PREAD=1 -DHAVE_VASPRINTF=1 -DHAVE_VSNPRINTF=1 -DHAVE_VSPRINTF=1 -DHAVE_GETHOSTBYNAME=1 -DHAVE_GETHOSTBYNAME_R=1 -DGETHOSTBYNAME_R_RETURNS_INT=1 -DHAVE_MEMSET=1 -DHAVE_MEMCHR=1 -DHAVE_MUNMAP=1 -DHAVE_STRRCHR=1 -DHAVE_SOCKET=1 -DHAVE_STRCHR=1 -DHAVE_STRDUP=1 -DHAVE_STRSTR=1 -DHAVE_STDLIB_H=1 -DHAVE_MALLOC=1 -DHAVE_STDLIB_H=1 -DHAVE_REALLOC=1 -DHAVE_STDLIB_H=1 -DHAVE_UNISTD_H=1 -DHAVE_SYS_PARAM_H=1 -DHAVE_GETPAGESIZE=1 -DHAVE_MMAP=1 -I. "-DGEOIPDATADIR=\"/usr/share/GeoIP\"" -Wall -Os -fstack-clash-protection -Wformat -Werror=format-security -fno-plt -MT GeoIPCity.lo -MD -MP -MF .deps/GeoIPCity.Tpo -c GeoIPCity.c  -fPIC -DPIC -o .libs/GeoIPCity.o
libtool: compile:  cc "-DPACKAGE_NAME=\"GeoIP\"" "-DPACKAGE_TARNAME=\"GeoIP\"" "-DPACKAGE_VERSION=\"1.6.12\"" "-DPACKAGE_STRING=\"GeoIP 1.6.12\"" "-DPACKAGE_BUGREPORT=\"support@maxmind.com\"" "-DPACKAGE_URL=\"\"" "-DPACKAGE=\"GeoIP\"" "-DVERSION=\"1.6.12\"" -DSTDC_HEADERS=1 -DHAVE_SYS_TYPES_H=1 -DHAVE_SYS_STAT_H=1 -DHAVE_STDLIB_H=1 -DHAVE_STRING_H=1 -DHAVE_MEMORY_H=1 -DHAVE_STRINGS_H=1 -DHAVE_INTTYPES_H=1 -DHAVE_STDINT_H=1 -DHAVE_UNISTD_H=1 -D__EXTENSIONS__=1 -D_ALL_SOURCE=1 -D_GNU_SOURCE=1 -D_POSIX_PTHREAD_SEMANTICS=1 -D_TANDEM_SOURCE=1 -DHAVE_DLFCN_H=1 "-DLT_OBJDIR=\".libs/\"" -DHAVE_USHORT_TYPEDEF=1 -DHAVE_ULONG_TYPEDEF=1 -DLITTLE_ENDIAN_HOST=1 -DHAVE_GETOPT=1 -DHAVE_GETTIMEOFDAY=1 -DHAVE_PREAD=1 -DHAVE_VASPRINTF=1 -DHAVE_VSNPRINTF=1 -DHAVE_VSPRINTF=1 -DHAVE_GETHOSTBYNAME=1 -DHAVE_GETHOSTBYNAME_R=1 -DGETHOSTBYNAME_R_RETURNS_INT=1 -DHAVE_MEMSET=1 -DHAVE_MEMCHR=1 -DHAVE_MUNMAP=1 -DHAVE_STRRCHR=1 -DHAVE_SOCKET=1 -DHAVE_STRCHR=1 -DHAVE_STRDUP=1 -DHAVE_STRSTR=1 -DHAVE_STDLIB_H=1 -DHAVE_MALLOC=1 -DHAVE_STDLIB_H=1 -DHAVE_REALLOC=1 -DHAVE_STDLIB_H=1 -DHAVE_UNISTD_H=1 -DHAVE_SYS_PARAM_H=1 -DHAVE_GETPAGESIZE=1 -DHAVE_MMAP=1 -I. "-DGEOIPDATADIR=\"/usr/share/GeoIP\"" -Wall -Os -fstack-clash-protection -Wformat -Werror=format-security -fno-plt -MT GeoIP.lo -MD -MP -MF .deps/GeoIP.Tpo -c GeoIP.c  -fPIC -DPIC -o .libs/GeoIP.o
libtool: compile:  cc "-DPACKAGE_NAME=\"GeoIP\"" "-DPACKAGE_TARNAME=\"GeoIP\"" "-DPACKAGE_VERSION=\"1.6.12\"" "-DPACKAGE_STRING=\"GeoIP 1.6.12\"" "-DPACKAGE_BUGREPORT=\"support@maxmind.com\"" "-DPACKAGE_URL=\"\"" "-DPACKAGE=\"GeoIP\"" "-DVERSION=\"1.6.12\"" -DSTDC_HEADERS=1 -DHAVE_SYS_TYPES_H=1 -DHAVE_SYS_STAT_H=1 -DHAVE_STDLIB_H=1 -DHAVE_STRING_H=1 -DHAVE_MEMORY_H=1 -DHAVE_STRINGS_H=1 -DHAVE_INTTYPES_H=1 -DHAVE_STDINT_H=1 -DHAVE_UNISTD_H=1 -D__EXTENSIONS__=1 -D_ALL_SOURCE=1 -D_GNU_SOURCE=1 -D_POSIX_PTHREAD_SEMANTICS=1 -D_TANDEM_SOURCE=1 -DHAVE_DLFCN_H=1 "-DLT_OBJDIR=\".libs/\"" -DHAVE_USHORT_TYPEDEF=1 -DHAVE_ULONG_TYPEDEF=1 -DLITTLE_ENDIAN_HOST=1 -DHAVE_GETOPT=1 -DHAVE_GETTIMEOFDAY=1 -DHAVE_PREAD=1 -DHAVE_VASPRINTF=1 -DHAVE_VSNPRINTF=1 -DHAVE_VSPRINTF=1 -DHAVE_GETHOSTBYNAME=1 -DHAVE_GETHOSTBYNAME_R=1 -DGETHOSTBYNAME_R_RETURNS_INT=1 -DHAVE_MEMSET=1 -DHAVE_MEMCHR=1 -DHAVE_MUNMAP=1 -DHAVE_STRRCHR=1 -DHAVE_SOCKET=1 -DHAVE_STRCHR=1 -DHAVE_STRDUP=1 -DHAVE_STRSTR=1 -DHAVE_STDLIB_H=1 -DHAVE_MALLOC=1 -DHAVE_STDLIB_H=1 -DHAVE_REALLOC=1 -DHAVE_STDLIB_H=1 -DHAVE_UNISTD_H=1 -DHAVE_SYS_PARAM_H=1 -DHAVE_GETPAGESIZE=1 -DHAVE_MMAP=1 -I. "-DGEOIPDATADIR=\"/usr/share/GeoIP\"" -Wall -Os -fstack-clash-protection -Wformat -Werror=format-security -fno-plt -MT timeZone.lo -MD -MP -MF .deps/timeZone.Tpo -c timeZone.c  -fPIC -DPIC -o .libs/timeZone.o
libtool: compile:  cc "-DPACKAGE_NAME=\"GeoIP\"" "-DPACKAGE_TARNAME=\"GeoIP\"" "-DPACKAGE_VERSION=\"1.6.12\"" "-DPACKAGE_STRING=\"GeoIP 1.6.12\"" "-DPACKAGE_BUGREPORT=\"support@maxmind.com\"" "-DPACKAGE_URL=\"\"" "-DPACKAGE=\"GeoIP\"" "-DVERSION=\"1.6.12\"" -DSTDC_HEADERS=1 -DHAVE_SYS_TYPES_H=1 -DHAVE_SYS_STAT_H=1 -DHAVE_STDLIB_H=1 -DHAVE_STRING_H=1 -DHAVE_MEMORY_H=1 -DHAVE_STRINGS_H=1 -DHAVE_INTTYPES_H=1 -DHAVE_STDINT_H=1 -DHAVE_UNISTD_H=1 -D__EXTENSIONS__=1 -D_ALL_SOURCE=1 -D_GNU_SOURCE=1 -D_POSIX_PTHREAD_SEMANTICS=1 -D_TANDEM_SOURCE=1 -DHAVE_DLFCN_H=1 "-DLT_OBJDIR=\".libs/\"" -DHAVE_USHORT_TYPEDEF=1 -DHAVE_ULONG_TYPEDEF=1 -DLITTLE_ENDIAN_HOST=1 -DHAVE_GETOPT=1 -DHAVE_GETTIMEOFDAY=1 -DHAVE_PREAD=1 -DHAVE_VASPRINTF=1 -DHAVE_VSNPRINTF=1 -DHAVE_VSPRINTF=1 -DHAVE_GETHOSTBYNAME=1 -DHAVE_GETHOSTBYNAME_R=1 -DGETHOSTBYNAME_R_RETURNS_INT=1 -DHAVE_MEMSET=1 -DHAVE_MEMCHR=1 -DHAVE_MUNMAP=1 -DHAVE_STRRCHR=1 -DHAVE_SOCKET=1 -DHAVE_STRCHR=1 -DHAVE_STRDUP=1 -DHAVE_STRSTR=1 -DHAVE_STDLIB_H=1 -DHAVE_MALLOC=1 -DHAVE_STDLIB_H=1 -DHAVE_REALLOC=1 -DHAVE_STDLIB_H=1 -DHAVE_UNISTD_H=1 -DHAVE_SYS_PARAM_H=1 -DHAVE_GETPAGESIZE=1 -DHAVE_MMAP=1 -I. "-DGEOIPDATADIR=\"/usr/share/GeoIP\"" -Wall -Os -fstack-clash-protection -Wformat -Werror=format-security -fno-plt -MT GeoIPCity.lo -MD -MP -MF .deps/GeoIPCity.Tpo -c GeoIPCity.c -o GeoIPCity.o >/dev/null 2>&1
libtool: compile:  cc "-DPACKAGE_NAME=\"GeoIP\"" "-DPACKAGE_TARNAME=\"GeoIP\"" "-DPACKAGE_VERSION=\"1.6.12\"" "-DPACKAGE_STRING=\"GeoIP 1.6.12\"" "-DPACKAGE_BUGREPORT=\"support@maxmind.com\"" "-DPACKAGE_URL=\"\"" "-DPACKAGE=\"GeoIP\"" "-DVERSION=\"1.6.12\"" -DSTDC_HEADERS=1 -DHAVE_SYS_TYPES_H=1 -DHAVE_SYS_STAT_H=1 -DHAVE_STDLIB_H=1 -DHAVE_STRING_H=1 -DHAVE_MEMORY_H=1 -DHAVE_STRINGS_H=1 -DHAVE_INTTYPES_H=1 -DHAVE_STDINT_H=1 -DHAVE_UNISTD_H=1 -D__EXTENSIONS__=1 -D_ALL_SOURCE=1 -D_GNU_SOURCE=1 -D_POSIX_PTHREAD_SEMANTICS=1 -D_TANDEM_SOURCE=1 -DHAVE_DLFCN_H=1 "-DLT_OBJDIR=\".libs/\"" -DHAVE_USHORT_TYPEDEF=1 -DHAVE_ULONG_TYPEDEF=1 -DLITTLE_ENDIAN_HOST=1 -DHAVE_GETOPT=1 -DHAVE_GETTIMEOFDAY=1 -DHAVE_PREAD=1 -DHAVE_VASPRINTF=1 -DHAVE_VSNPRINTF=1 -DHAVE_VSPRINTF=1 -DHAVE_GETHOSTBYNAME=1 -DHAVE_GETHOSTBYNAME_R=1 -DGETHOSTBYNAME_R_RETURNS_INT=1 -DHAVE_MEMSET=1 -DHAVE_MEMCHR=1 -DHAVE_MUNMAP=1 -DHAVE_STRRCHR=1 -DHAVE_SOCKET=1 -DHAVE_STRCHR=1 -DHAVE_STRDUP=1 -DHAVE_STRSTR=1 -DHAVE_STDLIB_H=1 -DHAVE_MALLOC=1 -DHAVE_STDLIB_H=1 -DHAVE_REALLOC=1 -DHAVE_STDLIB_H=1 -DHAVE_UNISTD_H=1 -DHAVE_SYS_PARAM_H=1 -DHAVE_GETPAGESIZE=1 -DHAVE_MMAP=1 -I. "-DGEOIPDATADIR=\"/usr/share/GeoIP\"" -Wall -Os -fstack-clash-protection -Wformat -Werror=format-security -fno-plt -MT GeoIP_deprecated.lo -MD -MP -MF .deps/GeoIP_deprecated.Tpo -c GeoIP_deprecated.c -o GeoIP_deprecated.o >/dev/null 2>&1
mv -f .deps/GeoIPCity.Tpo .deps/GeoIPCity.Plo
mv -f .deps/GeoIP_deprecated.Tpo .deps/GeoIP_deprecated.Plo
libtool: compile:  cc "-DPACKAGE_NAME=\"GeoIP\"" "-DPACKAGE_TARNAME=\"GeoIP\"" "-DPACKAGE_VERSION=\"1.6.12\"" "-DPACKAGE_STRING=\"GeoIP 1.6.12\"" "-DPACKAGE_BUGREPORT=\"support@maxmind.com\"" "-DPACKAGE_URL=\"\"" "-DPACKAGE=\"GeoIP\"" "-DVERSION=\"1.6.12\"" -DSTDC_HEADERS=1 -DHAVE_SYS_TYPES_H=1 -DHAVE_SYS_STAT_H=1 -DHAVE_STDLIB_H=1 -DHAVE_STRING_H=1 -DHAVE_MEMORY_H=1 -DHAVE_STRINGS_H=1 -DHAVE_INTTYPES_H=1 -DHAVE_STDINT_H=1 -DHAVE_UNISTD_H=1 -D__EXTENSIONS__=1 -D_ALL_SOURCE=1 -D_GNU_SOURCE=1 -D_POSIX_PTHREAD_SEMANTICS=1 -D_TANDEM_SOURCE=1 -DHAVE_DLFCN_H=1 "-DLT_OBJDIR=\".libs/\"" -DHAVE_USHORT_TYPEDEF=1 -DHAVE_ULONG_TYPEDEF=1 -DLITTLE_ENDIAN_HOST=1 -DHAVE_GETOPT=1 -DHAVE_GETTIMEOFDAY=1 -DHAVE_PREAD=1 -DHAVE_VASPRINTF=1 -DHAVE_VSNPRINTF=1 -DHAVE_VSPRINTF=1 -DHAVE_GETHOSTBYNAME=1 -DHAVE_GETHOSTBYNAME_R=1 -DGETHOSTBYNAME_R_RETURNS_INT=1 -DHAVE_MEMSET=1 -DHAVE_MEMCHR=1 -DHAVE_MUNMAP=1 -DHAVE_STRRCHR=1 -DHAVE_SOCKET=1 -DHAVE_STRCHR=1 -DHAVE_STRDUP=1 -DHAVE_STRSTR=1 -DHAVE_STDLIB_H=1 -DHAVE_MALLOC=1 -DHAVE_STDLIB_H=1 -DHAVE_REALLOC=1 -DHAVE_STDLIB_H=1 -DHAVE_UNISTD_H=1 -DHAVE_SYS_PARAM_H=1 -DHAVE_GETPAGESIZE=1 -DHAVE_MMAP=1 -I. "-DGEOIPDATADIR=\"/usr/share/GeoIP\"" -Wall -Os -fstack-clash-protection -Wformat -Werror=format-security -fno-plt -MT timeZone.lo -MD -MP -MF .deps/timeZone.Tpo -c timeZone.c -o timeZone.o >/dev/null 2>&1
libtool: compile:  cc "-DPACKAGE_NAME=\"GeoIP\"" "-DPACKAGE_TARNAME=\"GeoIP\"" "-DPACKAGE_VERSION=\"1.6.12\"" "-DPACKAGE_STRING=\"GeoIP 1.6.12\"" "-DPACKAGE_BUGREPORT=\"support@maxmind.com\"" "-DPACKAGE_URL=\"\"" "-DPACKAGE=\"GeoIP\"" "-DVERSION=\"1.6.12\"" -DSTDC_HEADERS=1 -DHAVE_SYS_TYPES_H=1 -DHAVE_SYS_STAT_H=1 -DHAVE_STDLIB_H=1 -DHAVE_STRING_H=1 -DHAVE_MEMORY_H=1 -DHAVE_STRINGS_H=1 -DHAVE_INTTYPES_H=1 -DHAVE_STDINT_H=1 -DHAVE_UNISTD_H=1 -D__EXTENSIONS__=1 -D_ALL_SOURCE=1 -D_GNU_SOURCE=1 -D_POSIX_PTHREAD_SEMANTICS=1 -D_TANDEM_SOURCE=1 -DHAVE_DLFCN_H=1 "-DLT_OBJDIR=\".libs/\"" -DHAVE_USHORT_TYPEDEF=1 -DHAVE_ULONG_TYPEDEF=1 -DLITTLE_ENDIAN_HOST=1 -DHAVE_GETOPT=1 -DHAVE_GETTIMEOFDAY=1 -DHAVE_PREAD=1 -DHAVE_VASPRINTF=1 -DHAVE_VSNPRINTF=1 -DHAVE_VSPRINTF=1 -DHAVE_GETHOSTBYNAME=1 -DHAVE_GETHOSTBYNAME_R=1 -DGETHOSTBYNAME_R_RETURNS_INT=1 -DHAVE_MEMSET=1 -DHAVE_MEMCHR=1 -DHAVE_MUNMAP=1 -DHAVE_STRRCHR=1 -DHAVE_SOCKET=1 -DHAVE_STRCHR=1 -DHAVE_STRDUP=1 -DHAVE_STRSTR=1 -DHAVE_STDLIB_H=1 -DHAVE_MALLOC=1 -DHAVE_STDLIB_H=1 -DHAVE_REALLOC=1 -DHAVE_STDLIB_H=1 -DHAVE_UNISTD_H=1 -DHAVE_SYS_PARAM_H=1 -DHAVE_GETPAGESIZE=1 -DHAVE_MMAP=1 -I. "-DGEOIPDATADIR=\"/usr/share/GeoIP\"" -Wall -Os -fstack-clash-protection -Wformat -Werror=format-security -fno-plt -MT GeoIP.lo -MD -MP -MF .deps/GeoIP.Tpo -c GeoIP.c -o GeoIP.o >/dev/null 2>&1
mv -f .deps/timeZone.Tpo .deps/timeZone.Plo
libtool: compile:  cc "-DPACKAGE_NAME=\"GeoIP\"" "-DPACKAGE_TARNAME=\"GeoIP\"" "-DPACKAGE_VERSION=\"1.6.12\"" "-DPACKAGE_STRING=\"GeoIP 1.6.12\"" "-DPACKAGE_BUGREPORT=\"support@maxmind.com\"" "-DPACKAGE_URL=\"\"" "-DPACKAGE=\"GeoIP\"" "-DVERSION=\"1.6.12\"" -DSTDC_HEADERS=1 -DHAVE_SYS_TYPES_H=1 -DHAVE_SYS_STAT_H=1 -DHAVE_STDLIB_H=1 -DHAVE_STRING_H=1 -DHAVE_MEMORY_H=1 -DHAVE_STRINGS_H=1 -DHAVE_INTTYPES_H=1 -DHAVE_STDINT_H=1 -DHAVE_UNISTD_H=1 -D__EXTENSIONS__=1 -D_ALL_SOURCE=1 -D_GNU_SOURCE=1 -D_POSIX_PTHREAD_SEMANTICS=1 -D_TANDEM_SOURCE=1 -DHAVE_DLFCN_H=1 "-DLT_OBJDIR=\".libs/\"" -DHAVE_USHORT_TYPEDEF=1 -DHAVE_ULONG_TYPEDEF=1 -DLITTLE_ENDIAN_HOST=1 -DHAVE_GETOPT=1 -DHAVE_GETTIMEOFDAY=1 -DHAVE_PREAD=1 -DHAVE_VASPRINTF=1 -DHAVE_VSNPRINTF=1 -DHAVE_VSPRINTF=1 -DHAVE_GETHOSTBYNAME=1 -DHAVE_GETHOSTBYNAME_R=1 -DGETHOSTBYNAME_R_RETURNS_INT=1 -DHAVE_MEMSET=1 -DHAVE_MEMCHR=1 -DHAVE_MUNMAP=1 -DHAVE_STRRCHR=1 -DHAVE_SOCKET=1 -DHAVE_STRCHR=1 -DHAVE_STRDUP=1 -DHAVE_STRSTR=1 -DHAVE_STDLIB_H=1 -DHAVE_MALLOC=1 -DHAVE_STDLIB_H=1 -DHAVE_REALLOC=1 -DHAVE_STDLIB_H=1 -DHAVE_UNISTD_H=1 -DHAVE_SYS_PARAM_H=1 -DHAVE_GETPAGESIZE=1 -DHAVE_MMAP=1 -I. "-DGEOIPDATADIR=\"/usr/share/GeoIP\"" -Wall -Os -fstack-clash-protection -Wformat -Werror=format-security -fno-plt -MT regionName.lo -MD -MP -MF .deps/regionName.Tpo -c regionName.c -o regionName.o >/dev/null 2>&1
mv -f .deps/GeoIP.Tpo .deps/GeoIP.Plo
mv -f .deps/regionName.Tpo .deps/regionName.Plo
/bin/sh ../libtool  --tag=CC   --mode=link cc  -Os -fstack-clash-protection -Wformat -Werror=format-security -fno-plt -no-undefined -version-info 7:12:6 -Wl,--as-needed,-O1,--sort-common -Wl,-z,pack-relative-relocs -o libGeoIP.la -rpath /usr/lib GeoIP.lo GeoIP_deprecated.lo GeoIPCity.lo regionName.lo timeZone.lo  
libtool: link: cc -shared  -fPIC -DPIC  .libs/GeoIP.o .libs/GeoIP_deprecated.o .libs/GeoIPCity.o .libs/regionName.o .libs/timeZone.o    -Os -Wl,--as-needed -Wl,-O1 -Wl,--sort-common -Wl,-z -Wl,pack-relative-relocs   -Wl,-soname -Wl,libGeoIP.so.1 -o .libs/libGeoIP.so.1.6.12
libtool: link: (cd ".libs" && rm -f "libGeoIP.so.1" && ln -s "libGeoIP.so.1.6.12" "libGeoIP.so.1")
libtool: link: (cd ".libs" && rm -f "libGeoIP.so" && ln -s "libGeoIP.so.1.6.12" "libGeoIP.so")
libtool: link: ar cru .libs/libGeoIP.a  GeoIP.o GeoIP_deprecated.o GeoIPCity.o regionName.o timeZone.o
ar: `u' modifier ignored since `D' is the default (see `U')
libtool: link: ranlib .libs/libGeoIP.a
libtool: link: ( cd ".libs" && rm -f "libGeoIP.la" && ln -s "../libGeoIP.la" "libGeoIP.la" )
make[1]: Leaving directory '/tmp/src/GeoIP-1.6.12/libGeoIP'
Making all in apps
make[1]: Entering directory '/tmp/src/GeoIP-1.6.12/apps'
cc -DPACKAGE_NAME=\"GeoIP\" -DPACKAGE_TARNAME=\"GeoIP\" -DPACKAGE_VERSION=\"1.6.12\" -DPACKAGE_STRING=\"GeoIP\ 1.6.12\" -DPACKAGE_BUGREPORT=\"support@maxmind.com\" -DPACKAGE_URL=\"\" -DPACKAGE=\"GeoIP\" -DVERSION=\"1.6.12\" -DSTDC_HEADERS=1 -DHAVE_SYS_TYPES_H=1 -DHAVE_SYS_STAT_H=1 -DHAVE_STDLIB_H=1 -DHAVE_STRING_H=1 -DHAVE_MEMORY_H=1 -DHAVE_STRINGS_H=1 -DHAVE_INTTYPES_H=1 -DHAVE_STDINT_H=1 -DHAVE_UNISTD_H=1 -D__EXTENSIONS__=1 -D_ALL_SOURCE=1 -D_GNU_SOURCE=1 -D_POSIX_PTHREAD_SEMANTICS=1 -D_TANDEM_SOURCE=1 -DHAVE_DLFCN_H=1 -DLT_OBJDIR=\".libs/\" -DHAVE_USHORT_TYPEDEF=1 -DHAVE_ULONG_TYPEDEF=1 -DLITTLE_ENDIAN_HOST=1 -DHAVE_GETOPT=1 -DHAVE_GETTIMEOFDAY=1 -DHAVE_PREAD=1 -DHAVE_VASPRINTF=1 -DHAVE_VSNPRINTF=1 -DHAVE_VSPRINTF=1 -DHAVE_GETHOSTBYNAME=1 -DHAVE_GETHOSTBYNAME_R=1 -DGETHOSTBYNAME_R_RETURNS_INT=1 -DHAVE_MEMSET=1 -DHAVE_MEMCHR=1 -DHAVE_MUNMAP=1 -DHAVE_STRRCHR=1 -DHAVE_SOCKET=1 -DHAVE_STRCHR=1 -DHAVE_STRDUP=1 -DHAVE_STRSTR=1 -DHAVE_STDLIB_H=1 -DHAVE_MALLOC=1 -DHAVE_STDLIB_H=1 -DHAVE_REALLOC=1 -DHAVE_STDLIB_H=1 -DHAVE_UNISTD_H=1 -DHAVE_SYS_PARAM_H=1 -DHAVE_GETPAGESIZE=1 -DHAVE_MMAP=1 -I.  -I../libGeoIP -DSYSCONFDIR=\"/etc/geoip\" -Wall   -Os -fstack-clash-protection -Wformat -Werror=format-security -fno-plt -MT geoiplookup.o -MD -MP -MF .deps/geoiplookup.Tpo -c -o geoiplookup.o geoiplookup.c
cc -DPACKAGE_NAME=\"GeoIP\" -DPACKAGE_TARNAME=\"GeoIP\" -DPACKAGE_VERSION=\"1.6.12\" -DPACKAGE_STRING=\"GeoIP\ 1.6.12\" -DPACKAGE_BUGREPORT=\"support@maxmind.com\" -DPACKAGE_URL=\"\" -DPACKAGE=\"GeoIP\" -DVERSION=\"1.6.12\" -DSTDC_HEADERS=1 -DHAVE_SYS_TYPES_H=1 -DHAVE_SYS_STAT_H=1 -DHAVE_STDLIB_H=1 -DHAVE_STRING_H=1 -DHAVE_MEMORY_H=1 -DHAVE_STRINGS_H=1 -DHAVE_INTTYPES_H=1 -DHAVE_STDINT_H=1 -DHAVE_UNISTD_H=1 -D__EXTENSIONS__=1 -D_ALL_SOURCE=1 -D_GNU_SOURCE=1 -D_POSIX_PTHREAD_SEMANTICS=1 -D_TANDEM_SOURCE=1 -DHAVE_DLFCN_H=1 -DLT_OBJDIR=\".libs/\" -DHAVE_USHORT_TYPEDEF=1 -DHAVE_ULONG_TYPEDEF=1 -DLITTLE_ENDIAN_HOST=1 -DHAVE_GETOPT=1 -DHAVE_GETTIMEOFDAY=1 -DHAVE_PREAD=1 -DHAVE_VASPRINTF=1 -DHAVE_VSNPRINTF=1 -DHAVE_VSPRINTF=1 -DHAVE_GETHOSTBYNAME=1 -DHAVE_GETHOSTBYNAME_R=1 -DGETHOSTBYNAME_R_RETURNS_INT=1 -DHAVE_MEMSET=1 -DHAVE_MEMCHR=1 -DHAVE_MUNMAP=1 -DHAVE_STRRCHR=1 -DHAVE_SOCKET=1 -DHAVE_STRCHR=1 -DHAVE_STRDUP=1 -DHAVE_STRSTR=1 -DHAVE_STDLIB_H=1 -DHAVE_MALLOC=1 -DHAVE_STDLIB_H=1 -DHAVE_REALLOC=1 -DHAVE_STDLIB_H=1 -DHAVE_UNISTD_H=1 -DHAVE_SYS_PARAM_H=1 -DHAVE_GETPAGESIZE=1 -DHAVE_MMAP=1 -I.  -I../libGeoIP -DSYSCONFDIR=\"/etc/geoip\" -Wall   -Os -fstack-clash-protection -Wformat -Werror=format-security -fno-plt -MT geoiplookup6.o -MD -MP -MF .deps/geoiplookup6.Tpo -c -o geoiplookup6.o geoiplookup6.c
mv -f .deps/geoiplookup6.Tpo .deps/geoiplookup6.Po
/bin/sh ../libtool  --tag=CC   --mode=link cc  -Os -fstack-clash-protection -Wformat -Werror=format-security -fno-plt  -Wl,--as-needed,-O1,--sort-common -Wl,-z,pack-relative-relocs -o geoiplookup6 geoiplookup6.o ../libGeoIP/libGeoIP.la 
libtool: link: cc -Os -fstack-clash-protection -Wformat -Werror=format-security -fno-plt -Wl,--as-needed -Wl,-O1 -Wl,--sort-common -Wl,-z -Wl,pack-relative-relocs -o .libs/geoiplookup6 geoiplookup6.o  ../libGeoIP/.libs/libGeoIP.so
mv -f .deps/geoiplookup.Tpo .deps/geoiplookup.Po
/bin/sh ../libtool  --tag=CC   --mode=link cc  -Os -fstack-clash-protection -Wformat -Werror=format-security -fno-plt  -Wl,--as-needed,-O1,--sort-common -Wl,-z,pack-relative-relocs -o geoiplookup geoiplookup.o ../libGeoIP/libGeoIP.la 
libtool: link: cc -Os -fstack-clash-protection -Wformat -Werror=format-security -fno-plt -Wl,--as-needed -Wl,-O1 -Wl,--sort-common -Wl,-z -Wl,pack-relative-relocs -o .libs/geoiplookup geoiplookup.o  ../libGeoIP/.libs/libGeoIP.so
make[1]: Leaving directory '/tmp/src/GeoIP-1.6.12/apps'
Making all in test
make[1]: Entering directory '/tmp/src/GeoIP-1.6.12/test'
cc -DPACKAGE_NAME=\"GeoIP\" -DPACKAGE_TARNAME=\"GeoIP\" -DPACKAGE_VERSION=\"1.6.12\" -DPACKAGE_STRING=\"GeoIP\ 1.6.12\" -DPACKAGE_BUGREPORT=\"support@maxmind.com\" -DPACKAGE_URL=\"\" -DPACKAGE=\"GeoIP\" -DVERSION=\"1.6.12\" -DSTDC_HEADERS=1 -DHAVE_SYS_TYPES_H=1 -DHAVE_SYS_STAT_H=1 -DHAVE_STDLIB_H=1 -DHAVE_STRING_H=1 -DHAVE_MEMORY_H=1 -DHAVE_STRINGS_H=1 -DHAVE_INTTYPES_H=1 -DHAVE_STDINT_H=1 -DHAVE_UNISTD_H=1 -D__EXTENSIONS__=1 -D_ALL_SOURCE=1 -D_GNU_SOURCE=1 -D_POSIX_PTHREAD_SEMANTICS=1 -D_TANDEM_SOURCE=1 -DHAVE_DLFCN_H=1 -DLT_OBJDIR=\".libs/\" -DHAVE_USHORT_TYPEDEF=1 -DHAVE_ULONG_TYPEDEF=1 -DLITTLE_ENDIAN_HOST=1 -DHAVE_GETOPT=1 -DHAVE_GETTIMEOFDAY=1 -DHAVE_PREAD=1 -DHAVE_VASPRINTF=1 -DHAVE_VSNPRINTF=1 -DHAVE_VSPRINTF=1 -DHAVE_GETHOSTBYNAME=1 -DHAVE_GETHOSTBYNAME_R=1 -DGETHOSTBYNAME_R_RETURNS_INT=1 -DHAVE_MEMSET=1 -DHAVE_MEMCHR=1 -DHAVE_MUNMAP=1 -DHAVE_STRRCHR=1 -DHAVE_SOCKET=1 -DHAVE_STRCHR=1 -DHAVE_STRDUP=1 -DHAVE_STRSTR=1 -DHAVE_STDLIB_H=1 -DHAVE_MALLOC=1 -DHAVE_STDLIB_H=1 -DHAVE_REALLOC=1 -DHAVE_STDLIB_H=1 -DHAVE_UNISTD_H=1 -DHAVE_SYS_PARAM_H=1 -DHAVE_GETPAGESIZE=1 -DHAVE_MMAP=1 -I.  -I../libGeoIP -DSRCDIR=\"..\" -Wall   -Os -fstack-clash-protection -Wformat -Werror=format-security -fno-plt -MT benchmark.o -MD -MP -MF .deps/benchmark.Tpo -c -o benchmark.o benchmark.c
cc -DPACKAGE_NAME=\"GeoIP\" -DPACKAGE_TARNAME=\"GeoIP\" -DPACKAGE_VERSION=\"1.6.12\" -DPACKAGE_STRING=\"GeoIP\ 1.6.12\" -DPACKAGE_BUGREPORT=\"support@maxmind.com\" -DPACKAGE_URL=\"\" -DPACKAGE=\"GeoIP\" -DVERSION=\"1.6.12\" -DSTDC_HEADERS=1 -DHAVE_SYS_TYPES_H=1 -DHAVE_SYS_STAT_H=1 -DHAVE_STDLIB_H=1 -DHAVE_STRING_H=1 -DHAVE_MEMORY_H=1 -DHAVE_STRINGS_H=1 -DHAVE_INTTYPES_H=1 -DHAVE_STDINT_H=1 -DHAVE_UNISTD_H=1 -D__EXTENSIONS__=1 -D_ALL_SOURCE=1 -D_GNU_SOURCE=1 -D_POSIX_PTHREAD_SEMANTICS=1 -D_TANDEM_SOURCE=1 -DHAVE_DLFCN_H=1 -DLT_OBJDIR=\".libs/\" -DHAVE_USHORT_TYPEDEF=1 -DHAVE_ULONG_TYPEDEF=1 -DLITTLE_ENDIAN_HOST=1 -DHAVE_GETOPT=1 -DHAVE_GETTIMEOFDAY=1 -DHAVE_PREAD=1 -DHAVE_VASPRINTF=1 -DHAVE_VSNPRINTF=1 -DHAVE_VSPRINTF=1 -DHAVE_GETHOSTBYNAME=1 -DHAVE_GETHOSTBYNAME_R=1 -DGETHOSTBYNAME_R_RETURNS_INT=1 -DHAVE_MEMSET=1 -DHAVE_MEMCHR=1 -DHAVE_MUNMAP=1 -DHAVE_STRRCHR=1 -DHAVE_SOCKET=1 -DHAVE_STRCHR=1 -DHAVE_STRDUP=1 -DHAVE_STRSTR=1 -DHAVE_STDLIB_H=1 -DHAVE_MALLOC=1 -DHAVE_STDLIB_H=1 -DHAVE_REALLOC=1 -DHAVE_STDLIB_H=1 -DHAVE_UNISTD_H=1 -DHAVE_SYS_PARAM_H=1 -DHAVE_GETPAGESIZE=1 -DHAVE_MMAP=1 -I.  -I../libGeoIP -DSRCDIR=\"..\" -Wall   -Os -fstack-clash-protection -Wformat -Werror=format-security -fno-plt -MT test-geoip-region.o -MD -MP -MF .deps/test-geoip-region.Tpo -c -o test-geoip-region.o test-geoip-region.c
cc -DPACKAGE_NAME=\"GeoIP\" -DPACKAGE_TARNAME=\"GeoIP\" -DPACKAGE_VERSION=\"1.6.12\" -DPACKAGE_STRING=\"GeoIP\ 1.6.12\" -DPACKAGE_BUGREPORT=\"support@maxmind.com\" -DPACKAGE_URL=\"\" -DPACKAGE=\"GeoIP\" -DVERSION=\"1.6.12\" -DSTDC_HEADERS=1 -DHAVE_SYS_TYPES_H=1 -DHAVE_SYS_STAT_H=1 -DHAVE_STDLIB_H=1 -DHAVE_STRING_H=1 -DHAVE_MEMORY_H=1 -DHAVE_STRINGS_H=1 -DHAVE_INTTYPES_H=1 -DHAVE_STDINT_H=1 -DHAVE_UNISTD_H=1 -D__EXTENSIONS__=1 -D_ALL_SOURCE=1 -D_GNU_SOURCE=1 -D_POSIX_PTHREAD_SEMANTICS=1 -D_TANDEM_SOURCE=1 -DHAVE_DLFCN_H=1 -DLT_OBJDIR=\".libs/\" -DHAVE_USHORT_TYPEDEF=1 -DHAVE_ULONG_TYPEDEF=1 -DLITTLE_ENDIAN_HOST=1 -DHAVE_GETOPT=1 -DHAVE_GETTIMEOFDAY=1 -DHAVE_PREAD=1 -DHAVE_VASPRINTF=1 -DHAVE_VSNPRINTF=1 -DHAVE_VSPRINTF=1 -DHAVE_GETHOSTBYNAME=1 -DHAVE_GETHOSTBYNAME_R=1 -DGETHOSTBYNAME_R_RETURNS_INT=1 -DHAVE_MEMSET=1 -DHAVE_MEMCHR=1 -DHAVE_MUNMAP=1 -DHAVE_STRRCHR=1 -DHAVE_SOCKET=1 -DHAVE_STRCHR=1 -DHAVE_STRDUP=1 -DHAVE_STRSTR=1 -DHAVE_STDLIB_H=1 -DHAVE_MALLOC=1 -DHAVE_STDLIB_H=1 -DHAVE_REALLOC=1 -DHAVE_STDLIB_H=1 -DHAVE_UNISTD_H=1 -DHAVE_SYS_PARAM_H=1 -DHAVE_GETPAGESIZE=1 -DHAVE_MMAP=1 -I.  -I../libGeoIP -DSRCDIR=\"..\" -Wall   -Os -fstack-clash-protection -Wformat -Werror=format-security -fno-plt -MT test-geoip-city.o -MD -MP -MF .deps/test-geoip-city.Tpo -c -o test-geoip-city.o test-geoip-city.c
cc -DPACKAGE_NAME=\"GeoIP\" -DPACKAGE_TARNAME=\"GeoIP\" -DPACKAGE_VERSION=\"1.6.12\" -DPACKAGE_STRING=\"GeoIP\ 1.6.12\" -DPACKAGE_BUGREPORT=\"support@maxmind.com\" -DPACKAGE_URL=\"\" -DPACKAGE=\"GeoIP\" -DVERSION=\"1.6.12\" -DSTDC_HEADERS=1 -DHAVE_SYS_TYPES_H=1 -DHAVE_SYS_STAT_H=1 -DHAVE_STDLIB_H=1 -DHAVE_STRING_H=1 -DHAVE_MEMORY_H=1 -DHAVE_STRINGS_H=1 -DHAVE_INTTYPES_H=1 -DHAVE_STDINT_H=1 -DHAVE_UNISTD_H=1 -D__EXTENSIONS__=1 -D_ALL_SOURCE=1 -D_GNU_SOURCE=1 -D_POSIX_PTHREAD_SEMANTICS=1 -D_TANDEM_SOURCE=1 -DHAVE_DLFCN_H=1 -DLT_OBJDIR=\".libs/\" -DHAVE_USHORT_TYPEDEF=1 -DHAVE_ULONG_TYPEDEF=1 -DLITTLE_ENDIAN_HOST=1 -DHAVE_GETOPT=1 -DHAVE_GETTIMEOFDAY=1 -DHAVE_PREAD=1 -DHAVE_VASPRINTF=1 -DHAVE_VSNPRINTF=1 -DHAVE_VSPRINTF=1 -DHAVE_GETHOSTBYNAME=1 -DHAVE_GETHOSTBYNAME_R=1 -DGETHOSTBYNAME_R_RETURNS_INT=1 -DHAVE_MEMSET=1 -DHAVE_MEMCHR=1 -DHAVE_MUNMAP=1 -DHAVE_STRRCHR=1 -DHAVE_SOCKET=1 -DHAVE_STRCHR=1 -DHAVE_STRDUP=1 -DHAVE_STRSTR=1 -DHAVE_STDLIB_H=1 -DHAVE_MALLOC=1 -DHAVE_STDLIB_H=1 -DHAVE_REALLOC=1 -DHAVE_STDLIB_H=1 -DHAVE_UNISTD_H=1 -DHAVE_SYS_PARAM_H=1 -DHAVE_GETPAGESIZE=1 -DHAVE_MMAP=1 -I.  -I../libGeoIP -DSRCDIR=\"..\" -Wall   -Os -fstack-clash-protection -Wformat -Werror=format-security -fno-plt -MT test-geoip-org.o -MD -MP -MF .deps/test-geoip-org.Tpo -c -o test-geoip-org.o test-geoip-org.c
cc -DPACKAGE_NAME=\"GeoIP\" -DPACKAGE_TARNAME=\"GeoIP\" -DPACKAGE_VERSION=\"1.6.12\" -DPACKAGE_STRING=\"GeoIP\ 1.6.12\" -DPACKAGE_BUGREPORT=\"support@maxmind.com\" -DPACKAGE_URL=\"\" -DPACKAGE=\"GeoIP\" -DVERSION=\"1.6.12\" -DSTDC_HEADERS=1 -DHAVE_SYS_TYPES_H=1 -DHAVE_SYS_STAT_H=1 -DHAVE_STDLIB_H=1 -DHAVE_STRING_H=1 -DHAVE_MEMORY_H=1 -DHAVE_STRINGS_H=1 -DHAVE_INTTYPES_H=1 -DHAVE_STDINT_H=1 -DHAVE_UNISTD_H=1 -D__EXTENSIONS__=1 -D_ALL_SOURCE=1 -D_GNU_SOURCE=1 -D_POSIX_PTHREAD_SEMANTICS=1 -D_TANDEM_SOURCE=1 -DHAVE_DLFCN_H=1 -DLT_OBJDIR=\".libs/\" -DHAVE_USHORT_TYPEDEF=1 -DHAVE_ULONG_TYPEDEF=1 -DLITTLE_ENDIAN_HOST=1 -DHAVE_GETOPT=1 -DHAVE_GETTIMEOFDAY=1 -DHAVE_PREAD=1 -DHAVE_VASPRINTF=1 -DHAVE_VSNPRINTF=1 -DHAVE_VSPRINTF=1 -DHAVE_GETHOSTBYNAME=1 -DHAVE_GETHOSTBYNAME_R=1 -DGETHOSTBYNAME_R_RETURNS_INT=1 -DHAVE_MEMSET=1 -DHAVE_MEMCHR=1 -DHAVE_MUNMAP=1 -DHAVE_STRRCHR=1 -DHAVE_SOCKET=1 -DHAVE_STRCHR=1 -DHAVE_STRDUP=1 -DHAVE_STRSTR=1 -DHAVE_STDLIB_H=1 -DHAVE_MALLOC=1 -DHAVE_STDLIB_H=1 -DHAVE_REALLOC=1 -DHAVE_STDLIB_H=1 -DHAVE_UNISTD_H=1 -DHAVE_SYS_PARAM_H=1 -DHAVE_GETPAGESIZE=1 -DHAVE_MMAP=1 -I.  -I../libGeoIP -DSRCDIR=\"..\" -Wall   -Os -fstack-clash-protection -Wformat -Werror=format-security -fno-plt -MT test-geoip-domain.o -MD -MP -MF .deps/test-geoip-domain.Tpo -c -o test-geoip-domain.o test-geoip-domain.c
cc -DPACKAGE_NAME=\"GeoIP\" -DPACKAGE_TARNAME=\"GeoIP\" -DPACKAGE_VERSION=\"1.6.12\" -DPACKAGE_STRING=\"GeoIP\ 1.6.12\" -DPACKAGE_BUGREPORT=\"support@maxmind.com\" -DPACKAGE_URL=\"\" -DPACKAGE=\"GeoIP\" -DVERSION=\"1.6.12\" -DSTDC_HEADERS=1 -DHAVE_SYS_TYPES_H=1 -DHAVE_SYS_STAT_H=1 -DHAVE_STDLIB_H=1 -DHAVE_STRING_H=1 -DHAVE_MEMORY_H=1 -DHAVE_STRINGS_H=1 -DHAVE_INTTYPES_H=1 -DHAVE_STDINT_H=1 -DHAVE_UNISTD_H=1 -D__EXTENSIONS__=1 -D_ALL_SOURCE=1 -D_GNU_SOURCE=1 -D_POSIX_PTHREAD_SEMANTICS=1 -D_TANDEM_SOURCE=1 -DHAVE_DLFCN_H=1 -DLT_OBJDIR=\".libs/\" -DHAVE_USHORT_TYPEDEF=1 -DHAVE_ULONG_TYPEDEF=1 -DLITTLE_ENDIAN_HOST=1 -DHAVE_GETOPT=1 -DHAVE_GETTIMEOFDAY=1 -DHAVE_PREAD=1 -DHAVE_VASPRINTF=1 -DHAVE_VSNPRINTF=1 -DHAVE_VSPRINTF=1 -DHAVE_GETHOSTBYNAME=1 -DHAVE_GETHOSTBYNAME_R=1 -DGETHOSTBYNAME_R_RETURNS_INT=1 -DHAVE_MEMSET=1 -DHAVE_MEMCHR=1 -DHAVE_MUNMAP=1 -DHAVE_STRRCHR=1 -DHAVE_SOCKET=1 -DHAVE_STRCHR=1 -DHAVE_STRDUP=1 -DHAVE_STRSTR=1 -DHAVE_STDLIB_H=1 -DHAVE_MALLOC=1 -DHAVE_STDLIB_H=1 -DHAVE_REALLOC=1 -DHAVE_STDLIB_H=1 -DHAVE_UNISTD_H=1 -DHAVE_SYS_PARAM_H=1 -DHAVE_GETPAGESIZE=1 -DHAVE_MMAP=1 -I.  -I../libGeoIP -DSRCDIR=\"..\" -Wall   -Os -fstack-clash-protection -Wformat -Werror=format-security -fno-plt -MT test-geoip-asnum.o -MD -MP -MF .deps/test-geoip-asnum.Tpo -c -o test-geoip-asnum.o test-geoip-asnum.c
cc -DPACKAGE_NAME=\"GeoIP\" -DPACKAGE_TARNAME=\"GeoIP\" -DPACKAGE_VERSION=\"1.6.12\" -DPACKAGE_STRING=\"GeoIP\ 1.6.12\" -DPACKAGE_BUGREPORT=\"support@maxmind.com\" -DPACKAGE_URL=\"\" -DPACKAGE=\"GeoIP\" -DVERSION=\"1.6.12\" -DSTDC_HEADERS=1 -DHAVE_SYS_TYPES_H=1 -DHAVE_SYS_STAT_H=1 -DHAVE_STDLIB_H=1 -DHAVE_STRING_H=1 -DHAVE_MEMORY_H=1 -DHAVE_STRINGS_H=1 -DHAVE_INTTYPES_H=1 -DHAVE_STDINT_H=1 -DHAVE_UNISTD_H=1 -D__EXTENSIONS__=1 -D_ALL_SOURCE=1 -D_GNU_SOURCE=1 -D_POSIX_PTHREAD_SEMANTICS=1 -D_TANDEM_SOURCE=1 -DHAVE_DLFCN_H=1 -DLT_OBJDIR=\".libs/\" -DHAVE_USHORT_TYPEDEF=1 -DHAVE_ULONG_TYPEDEF=1 -DLITTLE_ENDIAN_HOST=1 -DHAVE_GETOPT=1 -DHAVE_GETTIMEOFDAY=1 -DHAVE_PREAD=1 -DHAVE_VASPRINTF=1 -DHAVE_VSNPRINTF=1 -DHAVE_VSPRINTF=1 -DHAVE_GETHOSTBYNAME=1 -DHAVE_GETHOSTBYNAME_R=1 -DGETHOSTBYNAME_R_RETURNS_INT=1 -DHAVE_MEMSET=1 -DHAVE_MEMCHR=1 -DHAVE_MUNMAP=1 -DHAVE_STRRCHR=1 -DHAVE_SOCKET=1 -DHAVE_STRCHR=1 -DHAVE_STRDUP=1 -DHAVE_STRSTR=1 -DHAVE_STDLIB_H=1 -DHAVE_MALLOC=1 -DHAVE_STDLIB_H=1 -DHAVE_REALLOC=1 -DHAVE_STDLIB_H=1 -DHAVE_UNISTD_H=1 -DHAVE_SYS_PARAM_H=1 -DHAVE_GETPAGESIZE=1 -DHAVE_MMAP=1 -I.  -I../libGeoIP -DSRCDIR=\"..\" -Wall   -Os -fstack-clash-protection -Wformat -Werror=format-security -fno-plt -MT test-geoip-isp.o -MD -MP -MF .deps/test-geoip-isp.Tpo -c -o test-geoip-isp.o test-geoip-isp.c
cc -DPACKAGE_NAME=\"GeoIP\" -DPACKAGE_TARNAME=\"GeoIP\" -DPACKAGE_VERSION=\"1.6.12\" -DPACKAGE_STRING=\"GeoIP\ 1.6.12\" -DPACKAGE_BUGREPORT=\"support@maxmind.com\" -DPACKAGE_URL=\"\" -DPACKAGE=\"GeoIP\" -DVERSION=\"1.6.12\" -DSTDC_HEADERS=1 -DHAVE_SYS_TYPES_H=1 -DHAVE_SYS_STAT_H=1 -DHAVE_STDLIB_H=1 -DHAVE_STRING_H=1 -DHAVE_MEMORY_H=1 -DHAVE_STRINGS_H=1 -DHAVE_INTTYPES_H=1 -DHAVE_STDINT_H=1 -DHAVE_UNISTD_H=1 -D__EXTENSIONS__=1 -D_ALL_SOURCE=1 -D_GNU_SOURCE=1 -D_POSIX_PTHREAD_SEMANTICS=1 -D_TANDEM_SOURCE=1 -DHAVE_DLFCN_H=1 -DLT_OBJDIR=\".libs/\" -DHAVE_USHORT_TYPEDEF=1 -DHAVE_ULONG_TYPEDEF=1 -DLITTLE_ENDIAN_HOST=1 -DHAVE_GETOPT=1 -DHAVE_GETTIMEOFDAY=1 -DHAVE_PREAD=1 -DHAVE_VASPRINTF=1 -DHAVE_VSNPRINTF=1 -DHAVE_VSPRINTF=1 -DHAVE_GETHOSTBYNAME=1 -DHAVE_GETHOSTBYNAME_R=1 -DGETHOSTBYNAME_R_RETURNS_INT=1 -DHAVE_MEMSET=1 -DHAVE_MEMCHR=1 -DHAVE_MUNMAP=1 -DHAVE_STRRCHR=1 -DHAVE_SOCKET=1 -DHAVE_STRCHR=1 -DHAVE_STRDUP=1 -DHAVE_STRSTR=1 -DHAVE_STDLIB_H=1 -DHAVE_MALLOC=1 -DHAVE_STDLIB_H=1 -DHAVE_REALLOC=1 -DHAVE_STDLIB_H=1 -DHAVE_UNISTD_H=1 -DHAVE_SYS_PARAM_H=1 -DHAVE_GETPAGESIZE=1 -DHAVE_MMAP=1 -I.  -I../libGeoIP -DSRCDIR=\"..\" -Wall   -Os -fstack-clash-protection -Wformat -Werror=format-security -fno-plt -MT test-geoip-netspeed.o -MD -MP -MF .deps/test-geoip-netspeed.Tpo -c -o test-geoip-netspeed.o test-geoip-netspeed.c
mv -f .deps/test-geoip-asnum.Tpo .deps/test-geoip-asnum.Po
mv -f .deps/test-geoip-org.Tpo .deps/test-geoip-org.Po
/bin/sh ../libtool  --tag=CC   --mode=link cc  -Os -fstack-clash-protection -Wformat -Werror=format-security -fno-plt  -Wl,--as-needed,-O1,--sort-common -Wl,-z,pack-relative-relocs -o test-geoip-asnum test-geoip-asnum.o ../libGeoIP/libGeoIP.la 
mv -f .deps/test-geoip-domain.Tpo .deps/test-geoip-domain.Po
/bin/sh ../libtool  --tag=CC   --mode=link cc  -Os -fstack-clash-protection -Wformat -Werror=format-security -fno-plt  -Wl,--as-needed,-O1,--sort-common -Wl,-z,pack-relative-relocs -o test-geoip-org test-geoip-org.o ../libGeoIP/libGeoIP.la 
/bin/sh ../libtool  --tag=CC   --mode=link cc  -Os -fstack-clash-protection -Wformat -Werror=format-security -fno-plt  -Wl,--as-needed,-O1,--sort-common -Wl,-z,pack-relative-relocs -o test-geoip-domain test-geoip-domain.o ../libGeoIP/libGeoIP.la 
mv -f .deps/test-geoip-netspeed.Tpo .deps/test-geoip-netspeed.Po
/bin/sh ../libtool  --tag=CC   --mode=link cc  -Os -fstack-clash-protection -Wformat -Werror=format-security -fno-plt  -Wl,--as-needed,-O1,--sort-common -Wl,-z,pack-relative-relocs -o test-geoip-netspeed test-geoip-netspeed.o ../libGeoIP/libGeoIP.la 
mv -f .deps/test-geoip-region.Tpo .deps/test-geoip-region.Po
/bin/sh ../libtool  --tag=CC   --mode=link cc  -Os -fstack-clash-protection -Wformat -Werror=format-security -fno-plt  -Wl,--as-needed,-O1,--sort-common -Wl,-z,pack-relative-relocs -o test-geoip-region test-geoip-region.o ../libGeoIP/libGeoIP.la 
mv -f .deps/test-geoip-isp.Tpo .deps/test-geoip-isp.Po
/bin/sh ../libtool  --tag=CC   --mode=link cc  -Os -fstack-clash-protection -Wformat -Werror=format-security -fno-plt  -Wl,--as-needed,-O1,--sort-common -Wl,-z,pack-relative-relocs -o test-geoip-isp test-geoip-isp.o ../libGeoIP/libGeoIP.la 
mv -f .deps/test-geoip-city.Tpo .deps/test-geoip-city.Po
/bin/sh ../libtool  --tag=CC   --mode=link cc  -Os -fstack-clash-protection -Wformat -Werror=format-security -fno-plt  -Wl,--as-needed,-O1,--sort-common -Wl,-z,pack-relative-relocs -o test-geoip-city test-geoip-city.o ../libGeoIP/libGeoIP.la 
libtool: link: cc -Os -fstack-clash-protection -Wformat -Werror=format-security -fno-plt -Wl,--as-needed -Wl,-O1 -Wl,--sort-common -Wl,-z -Wl,pack-relative-relocs -o .libs/test-geoip-asnum test-geoip-asnum.o  ../libGeoIP/.libs/libGeoIP.so
libtool: link: cc -Os -fstack-clash-protection -Wformat -Werror=format-security -fno-plt -Wl,--as-needed -Wl,-O1 -Wl,--sort-common -Wl,-z -Wl,pack-relative-relocs -o .libs/test-geoip-org test-geoip-org.o  ../libGeoIP/.libs/libGeoIP.so
libtool: link: cc -Os -fstack-clash-protection -Wformat -Werror=format-security -fno-plt -Wl,--as-needed -Wl,-O1 -Wl,--sort-common -Wl,-z -Wl,pack-relative-relocs -o .libs/test-geoip-netspeed test-geoip-netspeed.o  ../libGeoIP/.libs/libGeoIP.so
mv -f .deps/benchmark.Tpo .deps/benchmark.Po
libtool: link: cc -Os -fstack-clash-protection -Wformat -Werror=format-security -fno-plt -Wl,--as-needed -Wl,-O1 -Wl,--sort-common -Wl,-z -Wl,pack-relative-relocs -o .libs/test-geoip-domain test-geoip-domain.o  ../libGeoIP/.libs/libGeoIP.so
/bin/sh ../libtool  --tag=CC   --mode=link cc  -Os -fstack-clash-protection -Wformat -Werror=format-security -fno-plt  -Wl,--as-needed,-O1,--sort-common -Wl,-z,pack-relative-relocs -o benchmark benchmark.o ../libGeoIP/libGeoIP.la 
libtool: link: cc -Os -fstack-clash-protection -Wformat -Werror=format-security -fno-plt -Wl,--as-needed -Wl,-O1 -Wl,--sort-common -Wl,-z -Wl,pack-relative-relocs -o .libs/test-geoip-region test-geoip-region.o  ../libGeoIP/.libs/libGeoIP.so
libtool: link: cc -Os -fstack-clash-protection -Wformat -Werror=format-security -fno-plt -Wl,--as-needed -Wl,-O1 -Wl,--sort-common -Wl,-z -Wl,pack-relative-relocs -o .libs/test-geoip-isp test-geoip-isp.o  ../libGeoIP/.libs/libGeoIP.so
libtool: link: cc -Os -fstack-clash-protection -Wformat -Werror=format-security -fno-plt -Wl,--as-needed -Wl,-O1 -Wl,--sort-common -Wl,-z -Wl,pack-relative-relocs -o .libs/test-geoip-city test-geoip-city.o  ../libGeoIP/.libs/libGeoIP.so
libtool: link: cc -Os -fstack-clash-protection -Wformat -Werror=format-security -fno-plt -Wl,--as-needed -Wl,-O1 -Wl,--sort-common -Wl,-z -Wl,pack-relative-relocs -o .libs/benchmark benchmark.o  ../libGeoIP/.libs/libGeoIP.so
make[1]: Leaving directory '/tmp/src/GeoIP-1.6.12/test'
Making all in man
make[1]: Entering directory '/tmp/src/GeoIP-1.6.12/man'
rm -f geoiplookup6.1 geoiplookup6.1.tmp
rm -f geoiplookup.1 geoiplookup.1.tmp
sed -e 's|DATADIR|/usr/share/GeoIP|g' -e 's|CONF_DIR|/etc/geoip|g' './geoiplookup6.1.in' >geoiplookup6.1.tmp
sed -e 's|DATADIR|/usr/share/GeoIP|g' -e 's|CONF_DIR|/etc/geoip|g' './geoiplookup.1.in' >geoiplookup.1.tmp
mv geoiplookup6.1.tmp geoiplookup6.1
mv geoiplookup.1.tmp geoiplookup.1
make[1]: Leaving directory '/tmp/src/GeoIP-1.6.12/man'
make[1]: Entering directory '/tmp/src/GeoIP-1.6.12'
make[1]: Nothing to be done for 'all-am'.
make[1]: Leaving directory '/tmp/src/GeoIP-1.6.12'
Making check in libGeoIP
make[1]: Entering directory '/tmp/src/GeoIP-1.6.12/libGeoIP'
make[1]: Nothing to be done for 'check'.
make[1]: Leaving directory '/tmp/src/GeoIP-1.6.12/libGeoIP'
Making check in apps
make[1]: Entering directory '/tmp/src/GeoIP-1.6.12/apps'
make[1]: Nothing to be done for 'check'.
make[1]: Leaving directory '/tmp/src/GeoIP-1.6.12/apps'
Making check in test
make[1]: Entering directory '/tmp/src/GeoIP-1.6.12/test'
make  test-geoip test-geoip-invalid-file
make[2]: Entering directory '/tmp/src/GeoIP-1.6.12/test'
cc -DPACKAGE_NAME=\"GeoIP\" -DPACKAGE_TARNAME=\"GeoIP\" -DPACKAGE_VERSION=\"1.6.12\" -DPACKAGE_STRING=\"GeoIP\ 1.6.12\" -DPACKAGE_BUGREPORT=\"support@maxmind.com\" -DPACKAGE_URL=\"\" -DPACKAGE=\"GeoIP\" -DVERSION=\"1.6.12\" -DSTDC_HEADERS=1 -DHAVE_SYS_TYPES_H=1 -DHAVE_SYS_STAT_H=1 -DHAVE_STDLIB_H=1 -DHAVE_STRING_H=1 -DHAVE_MEMORY_H=1 -DHAVE_STRINGS_H=1 -DHAVE_INTTYPES_H=1 -DHAVE_STDINT_H=1 -DHAVE_UNISTD_H=1 -D__EXTENSIONS__=1 -D_ALL_SOURCE=1 -D_GNU_SOURCE=1 -D_POSIX_PTHREAD_SEMANTICS=1 -D_TANDEM_SOURCE=1 -DHAVE_DLFCN_H=1 -DLT_OBJDIR=\".libs/\" -DHAVE_USHORT_TYPEDEF=1 -DHAVE_ULONG_TYPEDEF=1 -DLITTLE_ENDIAN_HOST=1 -DHAVE_GETOPT=1 -DHAVE_GETTIMEOFDAY=1 -DHAVE_PREAD=1 -DHAVE_VASPRINTF=1 -DHAVE_VSNPRINTF=1 -DHAVE_VSPRINTF=1 -DHAVE_GETHOSTBYNAME=1 -DHAVE_GETHOSTBYNAME_R=1 -DGETHOSTBYNAME_R_RETURNS_INT=1 -DHAVE_MEMSET=1 -DHAVE_MEMCHR=1 -DHAVE_MUNMAP=1 -DHAVE_STRRCHR=1 -DHAVE_SOCKET=1 -DHAVE_STRCHR=1 -DHAVE_STRDUP=1 -DHAVE_STRSTR=1 -DHAVE_STDLIB_H=1 -DHAVE_MALLOC=1 -DHAVE_STDLIB_H=1 -DHAVE_REALLOC=1 -DHAVE_STDLIB_H=1 -DHAVE_UNISTD_H=1 -DHAVE_SYS_PARAM_H=1 -DHAVE_GETPAGESIZE=1 -DHAVE_MMAP=1 -I.  -I../libGeoIP -DSRCDIR=\"..\" -Wall   -Os -fstack-clash-protection -Wformat -Werror=format-security -fno-plt -MT test-geoip.o -MD -MP -MF .deps/test-geoip.Tpo -c -o test-geoip.o test-geoip.c
cc -DPACKAGE_NAME=\"GeoIP\" -DPACKAGE_TARNAME=\"GeoIP\" -DPACKAGE_VERSION=\"1.6.12\" -DPACKAGE_STRING=\"GeoIP\ 1.6.12\" -DPACKAGE_BUGREPORT=\"support@maxmind.com\" -DPACKAGE_URL=\"\" -DPACKAGE=\"GeoIP\" -DVERSION=\"1.6.12\" -DSTDC_HEADERS=1 -DHAVE_SYS_TYPES_H=1 -DHAVE_SYS_STAT_H=1 -DHAVE_STDLIB_H=1 -DHAVE_STRING_H=1 -DHAVE_MEMORY_H=1 -DHAVE_STRINGS_H=1 -DHAVE_INTTYPES_H=1 -DHAVE_STDINT_H=1 -DHAVE_UNISTD_H=1 -D__EXTENSIONS__=1 -D_ALL_SOURCE=1 -D_GNU_SOURCE=1 -D_POSIX_PTHREAD_SEMANTICS=1 -D_TANDEM_SOURCE=1 -DHAVE_DLFCN_H=1 -DLT_OBJDIR=\".libs/\" -DHAVE_USHORT_TYPEDEF=1 -DHAVE_ULONG_TYPEDEF=1 -DLITTLE_ENDIAN_HOST=1 -DHAVE_GETOPT=1 -DHAVE_GETTIMEOFDAY=1 -DHAVE_PREAD=1 -DHAVE_VASPRINTF=1 -DHAVE_VSNPRINTF=1 -DHAVE_VSPRINTF=1 -DHAVE_GETHOSTBYNAME=1 -DHAVE_GETHOSTBYNAME_R=1 -DGETHOSTBYNAME_R_RETURNS_INT=1 -DHAVE_MEMSET=1 -DHAVE_MEMCHR=1 -DHAVE_MUNMAP=1 -DHAVE_STRRCHR=1 -DHAVE_SOCKET=1 -DHAVE_STRCHR=1 -DHAVE_STRDUP=1 -DHAVE_STRSTR=1 -DHAVE_STDLIB_H=1 -DHAVE_MALLOC=1 -DHAVE_STDLIB_H=1 -DHAVE_REALLOC=1 -DHAVE_STDLIB_H=1 -DHAVE_UNISTD_H=1 -DHAVE_SYS_PARAM_H=1 -DHAVE_GETPAGESIZE=1 -DHAVE_MMAP=1 -I.  -I../libGeoIP -DSRCDIR=\"..\" -Wall   -Os -fstack-clash-protection -Wformat -Werror=format-security -fno-plt -MT test-geoip-invalid-file.o -MD -MP -MF .deps/test-geoip-invalid-file.Tpo -c -o test-geoip-invalid-file.o test-geoip-invalid-file.c
mv -f .deps/test-geoip-invalid-file.Tpo .deps/test-geoip-invalid-file.Po
/bin/sh ../libtool  --tag=CC   --mode=link cc  -Os -fstack-clash-protection -Wformat -Werror=format-security -fno-plt  -Wl,--as-needed,-O1,--sort-common -Wl,-z,pack-relative-relocs -o test-geoip-invalid-file test-geoip-invalid-file.o ../libGeoIP/libGeoIP.la 
mv -f .deps/test-geoip.Tpo .deps/test-geoip.Po
/bin/sh ../libtool  --tag=CC   --mode=link cc  -Os -fstack-clash-protection -Wformat -Werror=format-security -fno-plt  -Wl,--as-needed,-O1,--sort-common -Wl,-z,pack-relative-relocs -o test-geoip test-geoip.o ../libGeoIP/libGeoIP.la 
libtool: link: cc -Os -fstack-clash-protection -Wformat -Werror=format-security -fno-plt -Wl,--as-needed -Wl,-O1 -Wl,--sort-common -Wl,-z -Wl,pack-relative-relocs -o .libs/test-geoip-invalid-file test-geoip-invalid-file.o  ../libGeoIP/.libs/libGeoIP.so
libtool: link: cc -Os -fstack-clash-protection -Wformat -Werror=format-security -fno-plt -Wl,--as-needed -Wl,-O1 -Wl,--sort-common -Wl,-z -Wl,pack-relative-relocs -o .libs/test-geoip test-geoip.o  ../libGeoIP/.libs/libGeoIP.so
make[2]: Leaving directory '/tmp/src/GeoIP-1.6.12/test'
make  check-TESTS
make[2]: Entering directory '/tmp/src/GeoIP-1.6.12/test'
make[3]: Entering directory '/tmp/src/GeoIP-1.6.12/test'
PASS: test-geoip-invalid-file
PASS: test-geoip
============================================================================
Testsuite summary for GeoIP 1.6.12
============================================================================
# TOTAL: 2
# PASS:  2
# SKIP:  0
# XFAIL: 0
# FAIL:  0
# XPASS: 0
# ERROR: 0
============================================================================
make[3]: Leaving directory '/tmp/src/GeoIP-1.6.12/test'
make[2]: Leaving directory '/tmp/src/GeoIP-1.6.12/test'
make[1]: Leaving directory '/tmp/src/GeoIP-1.6.12/test'
Making check in man
make[1]: Entering directory '/tmp/src/GeoIP-1.6.12/man'
make[1]: Nothing to be done for 'check'.
make[1]: Leaving directory '/tmp/src/GeoIP-1.6.12/man'
make[1]: Entering directory '/tmp/src/GeoIP-1.6.12'
make[1]: Nothing to be done for 'check-am'.
make[1]: Leaving directory '/tmp/src/GeoIP-1.6.12'
>>> geoip: Entering fakeroot...
Making install in libGeoIP
make[1]: Entering directory '/tmp/src/GeoIP-1.6.12/libGeoIP'
make[2]: Entering directory '/tmp/src/GeoIP-1.6.12/libGeoIP'
 .././install-sh -c -d '/tmp/pkg/geoip/usr/lib'
 .././install-sh -c -d '/tmp/pkg/geoip/usr/include'
 /bin/sh ../libtool   --mode=install /usr/bin/install -c   libGeoIP.la '/tmp/pkg/geoip/usr/lib'
 /usr/bin/install -c -m 644 GeoIP.h GeoIPCity.h '/tmp/pkg/geoip/usr/include'
libtool: install: /usr/bin/install -c .libs/libGeoIP.so.1.6.12 /tmp/pkg/geoip/usr/lib/libGeoIP.so.1.6.12
libtool: install: (cd /tmp/pkg/geoip/usr/lib && { ln -s -f libGeoIP.so.1.6.12 libGeoIP.so.1 || { rm -f libGeoIP.so.1 && ln -s libGeoIP.so.1.6.12 libGeoIP.so.1; }; })
libtool: install: (cd /tmp/pkg/geoip/usr/lib && { ln -s -f libGeoIP.so.1.6.12 libGeoIP.so || { rm -f libGeoIP.so && ln -s libGeoIP.so.1.6.12 libGeoIP.so; }; })
libtool: install: /usr/bin/install -c .libs/libGeoIP.lai /tmp/pkg/geoip/usr/lib/libGeoIP.la
libtool: install: /usr/bin/install -c .libs/libGeoIP.a /tmp/pkg/geoip/usr/lib/libGeoIP.a
libtool: install: chmod 644 /tmp/pkg/geoip/usr/lib/libGeoIP.a
libtool: install: ranlib /tmp/pkg/geoip/usr/lib/libGeoIP.a
libtool: warning: remember to run 'libtool --finish /usr/lib'
make[2]: Leaving directory '/tmp/src/GeoIP-1.6.12/libGeoIP'
make[1]: Leaving directory '/tmp/src/GeoIP-1.6.12/libGeoIP'
Making install in apps
make[1]: Entering directory '/tmp/src/GeoIP-1.6.12/apps'
make[2]: Entering directory '/tmp/src/GeoIP-1.6.12/apps'
make[2]: Nothing to be done for 'install-data-am'.
 .././install-sh -c -d '/tmp/pkg/geoip/usr/bin'
  /bin/sh ../libtool   --mode=install /usr/bin/install -c geoiplookup geoiplookup6 '/tmp/pkg/geoip/usr/bin'
libtool: warning: '../libGeoIP/libGeoIP.la' has not been installed in '/usr/lib'
libtool: install: /usr/bin/install -c .libs/geoiplookup /tmp/pkg/geoip/usr/bin/geoiplookup
libtool: warning: '../libGeoIP/libGeoIP.la' has not been installed in '/usr/lib'
libtool: install: /usr/bin/install -c .libs/geoiplookup6 /tmp/pkg/geoip/usr/bin/geoiplookup6
make[2]: Leaving directory '/tmp/src/GeoIP-1.6.12/apps'
make[1]: Leaving directory '/tmp/src/GeoIP-1.6.12/apps'
Making install in test
make[1]: Entering directory '/tmp/src/GeoIP-1.6.12/test'
make[2]: Entering directory '/tmp/src/GeoIP-1.6.12/test'
make[2]: Nothing to be done for 'install-exec-am'.
make[2]: Nothing to be done for 'install-data-am'.
make[2]: Leaving directory '/tmp/src/GeoIP-1.6.12/test'
make[1]: Leaving directory '/tmp/src/GeoIP-1.6.12/test'
Making install in man
make[1]: Entering directory '/tmp/src/GeoIP-1.6.12/man'
make[2]: Entering directory '/tmp/src/GeoIP-1.6.12/man'
make[2]: Nothing to be done for 'install-exec-am'.
 .././install-sh -c -d '/tmp/pkg/geoip/usr/share/man/man1'
 /usr/bin/install -c -m 644 geoiplookup6.1 geoiplookup.1 '/tmp/pkg/geoip/usr/share/man/man1'
make  install-data-hook
make[3]: Entering directory '/tmp/src/GeoIP-1.6.12/man'
cat geoiplookup.1 | sed s,DATADIR,/usr/share/GeoIP, > /tmp/pkg/geoip/usr/share/man/man1/geoiplookup.1
cat geoiplookup6.1 | sed s,DATADIR,/usr/share/GeoIP, > /tmp/pkg/geoip/usr/share/man/man1/geoiplookup6.1
make[3]: Leaving directory '/tmp/src/GeoIP-1.6.12/man'
make[2]: Leaving directory '/tmp/src/GeoIP-1.6.12/man'
make[1]: Leaving directory '/tmp/src/GeoIP-1.6.12/man'
make[1]: Entering directory '/tmp/src/GeoIP-1.6.12'
make[2]: Entering directory '/tmp/src/GeoIP-1.6.12'
make[2]: Nothing to be done for 'install-exec-am'.
 ./install-sh -c -d '/tmp/pkg/geoip/usr/lib/pkgconfig/'
 /usr/bin/install -c -m 644 geoip.pc '/tmp/pkg/geoip/usr/lib/pkgconfig/'
make[2]: Leaving directory '/tmp/src/GeoIP-1.6.12'
make[1]: Leaving directory '/tmp/src/GeoIP-1.6.12'
>>> geoip-static*: Running split function static...
'usr/lib/libGeoIP.a' -> '/tmp/pkg/geoip-static/usr/lib/libGeoIP.a'
>>> geoip-static*: Preparing subpackage geoip-static...
>>> geoip-static*: Stripping binaries
>>> geoip-static*: Running postcheck for geoip-static
>>> geoip-dev*: Running split function dev...
'usr/include' -> '/tmp/pkg/geoip-dev/usr/include'
'usr/lib/pkgconfig' -> '/tmp/pkg/geoip-dev/usr/lib/pkgconfig'
'usr/lib/libGeoIP.so' -> '/tmp/pkg/geoip-dev/usr/lib/libGeoIP.so'
>>> geoip-dev*: Preparing subpackage geoip-dev...
>>> geoip-dev*: Stripping binaries
>>> geoip-dev*: Running postcheck for geoip-dev
>>> geoip-doc*: Running split function doc...
'usr/share/man' -> '/tmp/pkg/geoip-doc/usr/share/man'
>>> geoip-doc*: Preparing subpackage geoip-doc...
>>> geoip-doc*: Running postcheck for geoip-doc
>>> geoip*: Running postcheck for geoip
>>> geoip*: Preparing package geoip...
>>> geoip*: Stripping binaries
>>> geoip-dev*: Scanning shared objects
>>> geoip-doc*: Scanning shared objects
>>> geoip-static*: Scanning shared objects
>>> geoip*: Scanning shared objects
>>> geoip-dev*: Tracing dependencies...
	geoip=1.6.12-r6
	pkgconfig
>>> geoip-dev*: Package size: 19.9 KB
>>> geoip-dev*: Compressing data...
>>> geoip-dev*: Create checksum...
>>> geoip-dev*: Create geoip-dev-1.6.12-r6.apk
>>> geoip-doc*: Tracing dependencies...
>>> geoip-doc*: Package size: 1.4 KB
>>> geoip-doc*: Compressing data...
>>> geoip-doc*: Create checksum...
>>> geoip-doc*: Create geoip-doc-1.6.12-r6.apk
>>> geoip-static*: Tracing dependencies...
>>> geoip-static*: Package size: 661.3 KB
>>> geoip-static*: Compressing data...
>>> geoip-static*: Create checksum...
>>> geoip-static*: Create geoip-static-1.6.12-r6.apk
>>> geoip*: Tracing dependencies...
	so:libc.musl-x86_64.so.1
>>> geoip*: Package size: 221.8 KB
>>> geoip*: Compressing data...
>>> geoip*: Create checksum...
>>> geoip*: Create geoip-1.6.12-r6.apk
>>> geoip: Updating the main/x86_64 repository index...
>>> geoip: Signing the index...
>>> geoip: Cleaning up srcdir
>>> geoip: Cleaning up build chroot
>>> geoip: Cleaning up pkgdir
