>>> keyutils: Validating /home/packager/oily-pine/main/keyutils/APKBUILD...
>>> keyutils: Cleaning up srcdir
>>> keyutils: Cleaning up pkgdir
>>> keyutils: Cleaning up tmpdir
>>> keyutils: Fetching https://git.kernel.org/pub/scm/linux/kernel/git/dhowells/keyutils.git/snapshot/keyutils-1.6.3.tar.gz
  % Total    % Received % Xferd  Average Speed   Time    Time     Time  Current
                                 Dload  Upload   Total   Spent    Left  Speed
  0     0    0     0    0     0      0      0 --:--:-- --:--:-- --:--:--     0100  133k    0  133k    0     0   402k      0 --:--:-- --:--:-- --:--:--  403k
>>> keyutils: Fetching https://git.kernel.org/pub/scm/linux/kernel/git/dhowells/keyutils.git/snapshot/keyutils-1.6.3.tar.gz
>>> keyutils: Checking sha512sums...
keyutils-1.6.3.tar.gz: OK
symlink.patch: OK
>>> keyutils: Preparing build chroot...
fetch http://dl-cdn.alpinelinux.org/alpine/edge/main/x86_64/APKINDEX.tar.gz
(1/69) Installing musl (1.2.5-r10)
(2/69) Installing libcrypto3 (3.5.0-r0)
(3/69) Installing ca-certificates-bundle (20241121-r2)
(4/69) Installing libssl3 (3.5.0-r0)
(5/69) Installing zlib (1.3.1-r2)
(6/69) Installing libapk2 (2.14.9-r2)
(7/69) Installing apk-tools (2.14.9-r2)
(8/69) Installing libcap2 (2.76-r0)
(9/69) Installing libcap-getcap (2.76-r0)
(10/69) Installing fakeroot (1.37.1.1-r0)
(11/69) Installing scanelf (1.3.8-r1)
(12/69) Installing musl-utils (1.2.5-r10)
(13/69) Installing libgcc (14.3.0-r0)
(14/69) Installing libstdc++ (14.3.0-r0)
(15/69) Installing lzip (1.25-r0)
(16/69) Installing openssl (3.5.0-r0)
(17/69) Installing patch (2.8-r0)
(18/69) Installing pkgconf (2.4.3-r0)
(19/69) Installing acl-libs (2.3.2-r1)
(20/69) Installing tar (1.35-r3)
(21/69) Installing busybox (1.37.0-r18)
Executing busybox-1.37.0-r18.post-install
(22/69) Installing ssl_client (1.37.0-r18)
(23/69) Installing busybox-binsh (1.37.0-r18)
(24/69) Installing abuild (3.15.0-r0)
Executing abuild-3.15.0-r0.pre-install
(25/69) Installing abuild-sudo (3.15.0-r0)
(26/69) Installing alpine-baselayout-data (3.7.0-r0)
(27/69) Installing alpine-baselayout (3.7.0-r0)
Executing alpine-baselayout-3.7.0-r0.pre-install
Executing alpine-baselayout-3.7.0-r0.post-install
(28/69) Installing bridge (1.5-r5)
(29/69) Installing ifupdown-ng (0.12.1-r7)
(30/69) Installing openrc-user (0.62.2-r2)
(31/69) Installing openrc (0.62.2-r2)
Executing openrc-0.62.2-r2.post-install
(32/69) Installing mdev-conf (4.8-r0)
(33/69) Installing busybox-mdev-openrc (1.37.0-r18)
(34/69) Installing alpine-conf (3.20.0-r0)
(35/69) Installing alpine-keys (2.5-r0)
(36/69) Installing alpine-release (3.22.0-r0)
(37/69) Installing busybox-openrc (1.37.0-r18)
(38/69) Installing busybox-suid (1.37.0-r18)
(39/69) Installing alpine-base (3.22.0-r0)
(40/69) Installing jansson (2.14.1-r0)
(41/69) Installing zstd-libs (1.5.7-r0)
(42/69) Installing binutils (2.44-r0)
(43/69) Installing libmagic (5.46-r2)
(44/69) Installing file (5.46-r2)
(45/69) Installing libgomp (14.3.0-r0)
(46/69) Installing libatomic (14.3.0-r0)
(47/69) Installing gmp (6.3.0-r3)
(48/69) Installing isl26 (0.26-r1)
(49/69) Installing mpfr4 (4.2.1_p1-r0)
(50/69) Installing mpc1 (1.3.1-r1)
(51/69) Installing gcc (14.3.0-r0)
(52/69) Installing libstdc++-dev (14.3.0-r0)
(53/69) Installing musl-dev (1.2.5-r10)
(54/69) Installing g++ (14.3.0-r0)
(55/69) Installing make (4.4.1-r3)
(56/69) Installing fortify-headers (1.1-r5)
(57/69) Installing build-base (0.5-r3)
(58/69) Installing brotli-libs (1.1.0-r2)
(59/69) Installing c-ares (1.34.5-r0)
(60/69) Installing libunistring (1.3-r0)
(61/69) Installing libidn2 (2.3.7-r0)
(62/69) Installing nghttp2-libs (1.65.0-r0)
(63/69) Installing libpsl (0.21.5-r3)
(64/69) Installing libcurl (8.14.0-r2)
(65/69) Installing libexpat (2.7.1-r0)
(66/69) Installing pcre2 (10.43-r1)
(67/69) Installing git (2.49.0-r0)
(68/69) Installing git-init-template (2.49.0-r0)
(69/69) Installing linux-headers (6.14.2-r0)
Executing busybox-1.37.0-r18.trigger
OK: 265 MiB in 69 packages
>>> keyutils: Fetching https://git.kernel.org/pub/scm/linux/kernel/git/dhowells/keyutils.git/snapshot/keyutils-1.6.3.tar.gz
>>> keyutils: Checking sha512sums...
keyutils-1.6.3.tar.gz: OK
symlink.patch: OK
>>> keyutils: Unpacking /var/cache/distfiles/keyutils-1.6.3.tar.gz...
>>> keyutils: symlink.patch
patching file Makefile
/bin/sh: rpmspec: not found
cc -I. -Os -fstack-clash-protection -Wformat -Werror=format-security -fno-plt -o keyctl.o -c keyctl.c
cc -I. -Os -fstack-clash-protection -Wformat -Werror=format-security -fno-plt -o keyctl_testing.o -c keyctl_testing.c
cc -I. -Os -fstack-clash-protection -Wformat -Werror=format-security -fno-plt -o keyctl_watch.o -c keyctl_watch.c
cc -I. -DPKGBUILD="\"2025-05-31\"" -DPKGVERSION="\"keyutils-1.6.3\"" -DAPIVERSION="\"libkeyutils-1.10\"" -Os -fstack-clash-protection -Wformat -Werror=format-security -fno-plt -fPIC -o keyutils.os -c keyutils.c
cc -Os -fstack-clash-protection -Wformat -Werror=format-security -fno-plt -fPIC -Wl,--as-needed,-O1,--sort-common -Wl,-z,pack-relative-relocs -shared -Wl,-soname,libkeyutils.so.1 -Wl,--version-script,version.lds -o libkeyutils.so.1.10 keyutils.os 
ln -sf libkeyutils.so.1.10 libkeyutils.so.1
ln -sf libkeyutils.so.1 libkeyutils.so
cc -L. -Os -fstack-clash-protection -Wformat -Werror=format-security -fno-plt -Wl,--as-needed,-O1,--sort-common -Wl,-z,pack-relative-relocs  -o keyctl \
	keyctl.o keyctl_testing.o keyctl_watch.o -lkeyutils
cc -I. -Os -fstack-clash-protection -Wformat -Werror=format-security -fno-plt -o request-key.o -c request-key.c
cc -L. -Os -fstack-clash-protection -Wformat -Werror=format-security -fno-plt -Wl,--as-needed,-O1,--sort-common -Wl,-z,pack-relative-relocs  -o request-key request-key.o -lkeyutils
cc -I. -Os -fstack-clash-protection -Wformat -Werror=format-security -fno-plt -o key.dns_resolver.o -c key.dns_resolver.c
cc -I. -Os -fstack-clash-protection -Wformat -Werror=format-security -fno-plt -o dns.afsdb.o -c dns.afsdb.c
cc -L. -Os -fstack-clash-protection -Wformat -Werror=format-security -fno-plt -Wl,--as-needed,-O1,--sort-common -Wl,-z,pack-relative-relocs  -o key.dns_resolver \
	key.dns_resolver.o dns.afsdb.o -lkeyutils -lresolv
c++ -I. -g -Wall -Werror -x c++-header -fsyntax-only keyutils.h
touch cxx.stamp
>>> keyutils: Entering fakeroot...
/bin/sh: rpmspec: not found
install -D libkeyutils.so.1.10 /tmp/pkg/keyutils/usr/lib/libkeyutils.so.1.10
ln -sf libkeyutils.so.1.10 /tmp/pkg/keyutils/usr/lib/libkeyutils.so.1
mkdir -p /tmp/pkg/keyutils/usr/lib
ln -sf libkeyutils.so.1 /tmp/pkg/keyutils/usr/lib/libkeyutils.so
sed \
-e 's,@VERSION\@,1.6.3,g' \
-e 's,@prefix\@,/usr,g' \
-e 's,@exec_prefix\@,/usr,g' \
-e 's,@libdir\@,/usr/lib,g' \
-e 's,@includedir\@,/usr/include,g' \
< libkeyutils.pc.in > libkeyutils.pc || rm libkeyutils.pc
install -D libkeyutils.pc /tmp/pkg/keyutils/usr/lib/pkgconfig/libkeyutils.pc
rm libkeyutils.pc
install -D keyctl /tmp/pkg/keyutils/bin/keyctl
install -D request-key /tmp/pkg/keyutils/sbin/request-key
install -D request-key-debug.sh /tmp/pkg/keyutils/usr/share/keyutils/request-key-debug.sh
install -D key.dns_resolver /tmp/pkg/keyutils/sbin/key.dns_resolver
install -D -m 0644 request-key.conf /tmp/pkg/keyutils/etc/request-key.conf
mkdir -p /tmp/pkg/keyutils/etc/request-key.d
mkdir -p /tmp/pkg/keyutils/etc/keyutils
mkdir -p /tmp/pkg/keyutils/usr/share/man/man1
install -m 0644 man/keyctl.1 /tmp/pkg/keyutils/usr/share/man/man1
mkdir -p /tmp/pkg/keyutils/usr/share/man/man3
install -m 0644 man/find_key_by_type_and_name.3 man/keyctl.3 man/keyctl_capabilities.3 man/keyctl_chown.3 man/keyctl_clear.3 man/keyctl_describe.3 man/keyctl_dh_compute.3 man/keyctl_get_keyring_ID.3 man/keyctl_get_persistent.3 man/keyctl_get_security.3 man/keyctl_instantiate.3 man/keyctl_invalidate.3 man/keyctl_join_session_keyring.3 man/keyctl_link.3 man/keyctl_move.3 man/keyctl_pkey_decrypt.3 man/keyctl_pkey_encrypt.3 man/keyctl_pkey_query.3 man/keyctl_pkey_sign.3 man/keyctl_pkey_verify.3 man/keyctl_read.3 man/keyctl_restrict_keyring.3 man/keyctl_revoke.3 man/keyctl_search.3 man/keyctl_session_to_parent.3 man/keyctl_set_reqkey_keyring.3 man/keyctl_set_timeout.3 man/keyctl_setperm.3 man/keyctl_update.3 man/keyctl_watch_key.3 man/recursive_key_scan.3 /tmp/pkg/keyutils/usr/share/man/man3
mkdir -p /tmp/pkg/keyutils/usr/share/man/man5
install -m 0644 man/key.dns_resolver.conf.5 man/request-key.conf.5 /tmp/pkg/keyutils/usr/share/man/man5
mkdir -p /tmp/pkg/keyutils/usr/share/man/man7
install -m 0644 man/asymmetric-key.7 man/keyutils.7 /tmp/pkg/keyutils/usr/share/man/man7
mkdir -p /tmp/pkg/keyutils/usr/share/man/man8
install -m 0644 man/key.dns_resolver.8 man/request-key.8 /tmp/pkg/keyutils/usr/share/man/man8
ln -sf keyctl_describe.3 /tmp/pkg/keyutils/usr/share/man/man3/keyctl_describe_alloc.3
ln -sf keyctl_get_security.3 /tmp/pkg/keyutils/usr/share/man/man3/keyctl_get_security_alloc.3
ln -sf keyctl_instantiate.3 /tmp/pkg/keyutils/usr/share/man/man3/keyctl_instantiate_iov.3
ln -sf keyctl_instantiate.3 /tmp/pkg/keyutils/usr/share/man/man3/keyctl_reject.3
ln -sf keyctl_instantiate.3 /tmp/pkg/keyutils/usr/share/man/man3/keyctl_negate.3
ln -sf keyctl_instantiate.3 /tmp/pkg/keyutils/usr/share/man/man3/keyctl_assume_authority.3
ln -sf keyctl_link.3 /tmp/pkg/keyutils/usr/share/man/man3/keyctl_unlink.3
ln -sf keyctl_read.3 /tmp/pkg/keyutils/usr/share/man/man3/keyctl_read_alloc.3
ln -sf recursive_key_scan.3 /tmp/pkg/keyutils/usr/share/man/man3/recursive_session_key_scan.3
ln -sf keyctl_dh_compute.3 /tmp/pkg/keyutils/usr/share/man/man3/keyctl_dh_compute_alloc.3
ln -sf keyctl_dh_compute.3 /tmp/pkg/keyutils/usr/share/man/man3/keyctl_dh_compute_kdf.3
install -D -m 0644 keyutils.h /tmp/pkg/keyutils/usr/include/keyutils.h
>>> keyutils-dev*: Running split function dev...
'usr/include' -> '/tmp/pkg/keyutils-dev/usr/include'
'usr/lib/pkgconfig' -> '/tmp/pkg/keyutils-dev/usr/lib/pkgconfig'
'usr/lib/libkeyutils.so' -> '/tmp/pkg/keyutils-dev/usr/lib/libkeyutils.so'
>>> keyutils-dev*: Preparing subpackage keyutils-dev...
>>> keyutils-dev*: Stripping binaries
>>> keyutils-dev*: Running postcheck for keyutils-dev
>>> keyutils-doc*: Running split function doc...
'usr/share/man' -> '/tmp/pkg/keyutils-doc/usr/share/man'
>>> keyutils-doc*: Preparing subpackage keyutils-doc...
>>> keyutils-doc*: Running postcheck for keyutils-doc
>>> keyutils-libs*: Running split function libs...
'usr/lib' -> '/tmp/pkg/keyutils-libs/usr/lib'
>>> keyutils-libs*: Preparing subpackage keyutils-libs...
>>> keyutils-libs*: Stripping binaries
>>> keyutils-libs*: Running postcheck for keyutils-libs
>>> keyutils*: Running postcheck for keyutils
>>> WARNING: keyutils*: Packages must not put anything under /bin, use /usr/bin instead
>>> WARNING: keyutils*: Packages must not put anything under /sbin, use /usr/bin instead
>>> keyutils*: Preparing package keyutils...
>>> keyutils*: Stripping binaries
>>> keyutils-dev*: Scanning shared objects
>>> keyutils-doc*: Scanning shared objects
>>> keyutils-libs*: Scanning shared objects
>>> keyutils*: Scanning shared objects
>>> keyutils-dev*: Tracing dependencies...
	keyutils-libs=1.6.3-r4
	pkgconfig
>>> keyutils-dev*: Package size: 11.7 KB
>>> keyutils-dev*: Compressing data...
>>> keyutils-dev*: Create checksum...
>>> keyutils-dev*: Create keyutils-dev-1.6.3-r4.apk
>>> keyutils-doc*: Tracing dependencies...
>>> keyutils-doc*: Package size: 55.7 KB
>>> keyutils-doc*: Compressing data...
>>> keyutils-doc*: Create checksum...
>>> keyutils-doc*: Create keyutils-doc-1.6.3-r4.apk
>>> keyutils-libs*: Tracing dependencies...
	so:libc.musl-x86_64.so.1
>>> keyutils-libs*: Package size: 17.8 KB
>>> keyutils-libs*: Compressing data...
>>> keyutils-libs*: Create checksum...
>>> keyutils-libs*: Create keyutils-libs-1.6.3-r4.apk
>>> keyutils*: Tracing dependencies...
	so:libc.musl-x86_64.so.1
	so:libkeyutils.so.1
>>> keyutils*: Package size: 92.9 KB
>>> keyutils*: Compressing data...
>>> keyutils*: Create checksum...
>>> keyutils*: Create keyutils-1.6.3-r4.apk
>>> keyutils: Updating the main/x86_64 repository index...
>>> keyutils: Signing the index...
>>> keyutils: Cleaning up srcdir
>>> keyutils: Cleaning up build chroot
>>> keyutils: Cleaning up pkgdir
