pigz: not found
>>> bacula: Building main/bacula 15.0.2-r0 (using abuild 3.14.1-r4) started Fri, 23 May 2025 17:59:37 +0000
>>> bacula: Validating /home/packager/aports/main/bacula/APKBUILD...
>>> bacula: Analyzing dependencies...
>>> bacula: Installing for build: build-base autoconf automake libtool mariadb-connector-c-dev ncurses-dev openssl-dev>3 libpq-dev sqlite-dev zlib-dev lzo-dev acl-dev linux-headers
(1/14) Installing libltdl (2.4.7-r3)
(2/14) Installing libtool (2.4.7-r3)
(3/14) Installing openssl-dev (3.5.0-r0)
(4/14) Installing mariadb-connector-c (3.3.10-r0)
(5/14) Installing mariadb-connector-c-dev (3.3.10-r0)
(6/14) Installing libpq (17.5-r0)
(7/14) Installing libpq-dev (17.5-r0)
(8/14) Installing sqlite (3.49.2-r0)
(9/14) Installing sqlite-libs (3.49.2-r0)
(10/14) Installing sqlite-dev (3.49.2-r0)
(11/14) Installing lzo (2.10-r5)
(12/14) Installing lzo-dev (2.10-r5)
(13/14) Installing acl-dev (2.3.2-r1)
(14/14) Installing .makedepends-bacula (20250523.175939)
Executing busybox-1.37.0-r12.trigger
OK: 576 MiB in 146 packages
>>> bacula: Cleaning up srcdir
>>> bacula: Cleaning up pkgdir
>>> bacula: Cleaning up tmpdir
>>> bacula: Fetching https://downloads.sourceforge.net/project/bacula/bacula/15.0.2/bacula-15.0.2.tar.gz
Connecting to downloads.sourceforge.net (104.18.12.149:443)
Connecting to altushost-swe.dl.sourceforge.net (79.142.76.130:443)
saving to '/var/cache/distfiles/bacula-15.0.2.tar.gz.part'
bacula-15.0.2.tar.gz  14% |****                            |  927k  0:00:05 ETA
bacula-15.0.2.tar.gz 100% |********************************| 6371k  0:00:00 ETA
'/var/cache/distfiles/bacula-15.0.2.tar.gz.part' saved
>>> bacula: Fetching https://downloads.sourceforge.net/project/bacula/bacula/15.0.2/bacula-15.0.2.tar.gz
>>> bacula: Checking sha512sums...
bacula-15.0.2.tar.gz: OK
bacula-dir.initd: OK
bacula-sd.initd: OK
bacula-fd.initd: OK
bacula-7.4.0-path-mounted.patch: OK
bacula-11.0.6-pthread-double-detach-fix.patch: OK
>>> bacula: Unpacking /var/cache/distfiles/bacula-15.0.2.tar.gz...
>>> bacula: bacula-7.4.0-path-mounted.patch
patching file src/findlib/fstype.c
Hunk #1 succeeded at 52 (offset 6 lines).
>>> bacula: bacula-11.0.6-pthread-double-detach-fix.patch
patching file src/dird/ua_server.c
Hunk #1 succeeded at 216 (offset 90 lines).
patching file src/dird/job.c
Hunk #1 succeeded at 418 (offset 10 lines).
>>> bacula: Updating ./autoconf/config.sub
>>> bacula: Creating group bacula
>>> bacula: Creating user bacula
checking for true... /bin/true
checking for false... /bin/false
configuring for Bacula 15.0.2 (21 March 2024)
checking for x86_64-alpine-linux-musl-gcc... gcc
checking whether the C compiler works... no
configure: error: in `/home/packager/aports/main/bacula/src/bacula-15.0.2':
configure: error: C compiler cannot create executables
See `config.log' for more details
>>> ERROR: bacula: build failed
>>> bacula: Uninstalling dependencies...
(1/14) Purging .makedepends-bacula (20250523.175939)
(2/14) Purging libtool (2.4.7-r3)
(3/14) Purging libltdl (2.4.7-r3)
(4/14) Purging mariadb-connector-c-dev (3.3.10-r0)
(5/14) Purging mariadb-connector-c (3.3.10-r0)
(6/14) Purging libpq-dev (17.5-r0)
(7/14) Purging libpq (17.5-r0)
(8/14) Purging sqlite-dev (3.49.2-r0)
(9/14) Purging sqlite (3.49.2-r0)
(10/14) Purging sqlite-libs (3.49.2-r0)
(11/14) Purging lzo-dev (2.10-r5)
(12/14) Purging lzo (2.10-r5)
(13/14) Purging acl-dev (2.3.2-r1)
(14/14) Purging openssl-dev (3.5.0-r0)
Executing busybox-1.37.0-r12.trigger
OK: 564 MiB in 132 packages
