>>> speex: Validating /home/packager/oily-pine/main/speex/APKBUILD...
>>> speex: Cleaning up srcdir
>>> speex: Cleaning up pkgdir
>>> speex: Cleaning up tmpdir
>>> speex: Fetching https://gitlab.xiph.org/xiph/speex/-/archive/Speex-1.2.1/speex-Speex-1.2.1.tar.bz2
  % Total    % Received % Xferd  Average Speed   Time    Time     Time  Current
                                 Dload  Upload   Total   Spent    Left  Speed
  0     0    0     0    0     0      0      0 --:--:-- --:--:-- --:--:--     0  0     0    0     0    0     0      0      0 --:--:-- --:--:-- --:--:--     0100 90000    0 90000    0     0  83012      0 --:--:--  0:00:01 --:--:-- 82949100  965k    0  965k    0     0   578k      0 --:--:--  0:00:01 --:--:--  578k
>>> speex: Fetching https://gitlab.xiph.org/xiph/speex/-/archive/Speex-1.2.1/speex-Speex-1.2.1.tar.bz2
>>> speex: Checking sha512sums...
speex-Speex-1.2.1.tar.bz2: OK
>>> speex: Preparing build chroot...
fetch http://dl-cdn.alpinelinux.org/alpine/edge/main/x86_64/APKINDEX.tar.gz
(1/82) Installing musl (1.2.5-r10)
(2/82) Installing libcrypto3 (3.5.0-r0)
(3/82) Installing ca-certificates-bundle (20241121-r2)
(4/82) Installing libssl3 (3.5.0-r0)
(5/82) Installing zlib (1.3.1-r2)
(6/82) Installing libapk2 (2.14.9-r2)
(7/82) Installing apk-tools (2.14.9-r2)
(8/82) Installing libcap2 (2.76-r0)
(9/82) Installing libcap-getcap (2.76-r0)
(10/82) Installing fakeroot (1.37.1.1-r0)
(11/82) Installing scanelf (1.3.8-r1)
(12/82) Installing musl-utils (1.2.5-r10)
(13/82) Installing libgcc (14.3.0-r0)
(14/82) Installing libstdc++ (14.3.0-r0)
(15/82) Installing lzip (1.25-r0)
(16/82) Installing openssl (3.5.0-r0)
(17/82) Installing patch (2.8-r0)
(18/82) Installing pkgconf (2.4.3-r0)
(19/82) Installing acl-libs (2.3.2-r1)
(20/82) Installing tar (1.35-r3)
(21/82) Installing busybox (1.37.0-r18)
Executing busybox-1.37.0-r18.post-install
(22/82) Installing ssl_client (1.37.0-r18)
(23/82) Installing busybox-binsh (1.37.0-r18)
(24/82) Installing abuild (3.15.0-r0)
Executing abuild-3.15.0-r0.pre-install
(25/82) Installing abuild-sudo (3.15.0-r0)
(26/82) Installing alpine-baselayout-data (3.7.0-r0)
(27/82) Installing alpine-baselayout (3.7.0-r0)
Executing alpine-baselayout-3.7.0-r0.pre-install
Executing alpine-baselayout-3.7.0-r0.post-install
(28/82) Installing bridge (1.5-r5)
(29/82) Installing ifupdown-ng (0.12.1-r7)
(30/82) Installing openrc-user (0.62.2-r2)
(31/82) Installing openrc (0.62.2-r2)
Executing openrc-0.62.2-r2.post-install
(32/82) Installing mdev-conf (4.8-r0)
(33/82) Installing busybox-mdev-openrc (1.37.0-r18)
(34/82) Installing alpine-conf (3.20.0-r0)
(35/82) Installing alpine-keys (2.5-r0)
(36/82) Installing alpine-release (3.22.0-r0)
(37/82) Installing busybox-openrc (1.37.0-r18)
(38/82) Installing busybox-suid (1.37.0-r18)
(39/82) Installing alpine-base (3.22.0-r0)
(40/82) Installing m4 (1.4.20-r0)
(41/82) Installing libbz2 (1.0.8-r6)
(42/82) Installing perl (5.40.2-r0)
(43/82) Installing autoconf (2.72-r1)
(44/82) Installing automake (1.18-r0)
(45/82) Installing jansson (2.14.1-r0)
(46/82) Installing zstd-libs (1.5.7-r0)
(47/82) Installing binutils (2.44-r0)
(48/82) Installing libmagic (5.46-r2)
(49/82) Installing file (5.46-r2)
(50/82) Installing libgomp (14.3.0-r0)
(51/82) Installing libatomic (14.3.0-r0)
(52/82) Installing gmp (6.3.0-r3)
(53/82) Installing isl26 (0.26-r1)
(54/82) Installing mpfr4 (4.2.1_p1-r0)
(55/82) Installing mpc1 (1.3.1-r1)
(56/82) Installing gcc (14.3.0-r0)
(57/82) Installing libstdc++-dev (14.3.0-r0)
(58/82) Installing musl-dev (1.2.5-r10)
(59/82) Installing g++ (14.3.0-r0)
(60/82) Installing make (4.4.1-r3)
(61/82) Installing fortify-headers (1.1-r5)
(62/82) Installing build-base (0.5-r3)
(63/82) Installing brotli-libs (1.1.0-r2)
(64/82) Installing c-ares (1.34.5-r0)
(65/82) Installing libunistring (1.3-r0)
(66/82) Installing libidn2 (2.3.7-r0)
(67/82) Installing nghttp2-libs (1.65.0-r0)
(68/82) Installing libpsl (0.21.5-r3)
(69/82) Installing libcurl (8.14.0-r2)
(70/82) Installing libexpat (2.7.1-r0)
(71/82) Installing pcre2 (10.43-r1)
(72/82) Installing git (2.49.0-r0)
(73/82) Installing git-init-template (2.49.0-r0)
(74/82) Installing perl-error (0.17030-r0)
(75/82) Installing perl-git (2.49.0-r0)
(76/82) Installing git-perl (2.49.0-r0)
(77/82) Installing libogg (1.3.5-r5)
(78/82) Installing libogg-dev (1.3.5-r5)
(79/82) Installing libltdl (2.5.4-r1)
(80/82) Installing libtool (2.5.4-r1)
(81/82) Installing speexdsp (1.2.1-r2)
(82/82) Installing speexdsp-dev (1.2.1-r2)
Executing busybox-1.37.0-r18.trigger
OK: 302 MiB in 82 packages
>>> speex: Fetching https://gitlab.xiph.org/xiph/speex/-/archive/Speex-1.2.1/speex-Speex-1.2.1.tar.bz2
>>> speex: Checking sha512sums...
speex-Speex-1.2.1.tar.bz2: OK
>>> speex: Unpacking /var/cache/distfiles/speex-Speex-1.2.1.tar.bz2...
autoreconf: export WARNINGS=
autoreconf: Entering directory '.'
autoreconf: configure.ac: not using Gettext
autoreconf: running: aclocal --force -I m4
autoreconf: configure.ac: tracing
autoreconf: running: libtoolize --copy --force
libtoolize: putting auxiliary files in '.'.
libtoolize: copying file './ltmain.sh'
libtoolize: putting macros in AC_CONFIG_MACRO_DIRS, 'm4'.
libtoolize: copying file 'm4/libtool.m4'
libtoolize: copying file 'm4/ltoptions.m4'
libtoolize: copying file 'm4/ltsugar.m4'
libtoolize: copying file 'm4/ltversion.m4'
libtoolize: copying file 'm4/lt~obsolete.m4'
autoreconf: configure.ac: not using Intltool
autoreconf: configure.ac: not using Gtkdoc
autoreconf: running: aclocal --force -I m4
autoreconf: running: /usr/bin/autoconf --force
configure.ac:51: warning: The macro 'AC_TRY_COMPILE' is obsolete.
configure.ac:51: You should run autoupdate.
./lib/autoconf/general.m4:2845: AC_TRY_COMPILE is expanded from...
configure.ac:51: the top level
configure.ac:307: warning: The macro 'AC_TRY_LINK' is obsolete.
configure.ac:307: You should run autoupdate.
./lib/autoconf/general.m4:2918: AC_TRY_LINK is expanded from...
m4/add_cflags.m4:5: XIPH_ADD_CFLAGS is expanded from...
configure.ac:307: the top level
autoreconf: running: /usr/bin/autoheader --force
autoreconf: running: automake --add-missing --copy --force-missing
configure.ac:31: installing './compile'
configure.ac:29: installing './config.guess'
configure.ac:29: installing './config.sub'
configure.ac:26: installing './install-sh'
configure.ac:26: installing './missing'
libspeex/Makefile.am: installing './depcomp'
autoreconf: Leaving directory '.'
checking whether make supports nested variables... yes
checking for a BSD-compatible install... /usr/bin/install -c
checking whether sleep supports fractional seconds... yes
checking filesystem timestamp resolution... 2
checking whether build environment is sane... yes
checking for a race-free mkdir -p... /bin/mkdir -p
checking for gawk... no
checking for mawk... no
checking for nawk... no
checking for awk... awk
checking whether make sets $(MAKE)... yes
checking xargs -n works... yes
checking whether UID '1000' is supported by ustar format... yes
checking whether GID '1000' is supported by ustar format... yes
checking how to create a ustar tar archive... gnutar
checking whether to enable maintainer-specific portions of Makefiles... yes
checking build system type... x86_64-alpine-linux-musl
checking host system type... x86_64-alpine-linux-musl
checking how to print strings... printf
checking whether make supports the include directive... yes (GNU style)
checking for x86_64-alpine-linux-musl-gcc... cc
checking whether the C compiler works... yes
checking for C compiler default output file name... a.out
checking for suffix of executables... 
checking whether we are cross compiling... no
checking for suffix of object files... o
checking whether the compiler supports GNU C... yes
checking whether cc accepts -g... yes
checking for cc option to enable C11 features... none needed
checking whether cc understands -c and -o together... yes
checking dependency style of cc... gcc3
checking for a sed that does not truncate output... /bin/sed
checking for grep that handles long lines and -e... /bin/grep
checking for egrep... /bin/grep -E
checking for fgrep... /bin/grep -F
checking for ld used by cc... /usr/x86_64-alpine-linux-musl/bin/ld
checking if the linker (/usr/x86_64-alpine-linux-musl/bin/ld) is GNU ld... yes
checking for BSD- or MS-compatible name lister (nm)... /usr/bin/nm -B
checking the name lister (/usr/bin/nm -B) interface... BSD nm
checking whether ln -s works... yes
checking the maximum length of command line arguments... 98304
checking how to convert x86_64-alpine-linux-musl file names to x86_64-alpine-linux-musl format... func_convert_file_noop
checking how to convert x86_64-alpine-linux-musl file names to toolchain format... func_convert_file_noop
checking for /usr/x86_64-alpine-linux-musl/bin/ld option to reload object files... -r
checking for file... file
checking for x86_64-alpine-linux-musl-objdump... objdump
checking how to recognize dependent libraries... pass_all
checking for x86_64-alpine-linux-musl-dlltool... dlltool
checking how to associate runtime and link libraries... printf %s\n
checking for x86_64-alpine-linux-musl-ranlib... no
checking for ranlib... ranlib
checking for x86_64-alpine-linux-musl-ar... no
checking for ar... ar
checking for archiver @FILE support... @
checking for x86_64-alpine-linux-musl-strip... no
checking for strip... strip
checking command to parse /usr/bin/nm -B output from cc object... ok
checking for sysroot... no
checking for a working dd... /bin/dd
checking how to truncate binary pipes... /bin/dd bs=4096 count=1
checking for x86_64-alpine-linux-musl-mt... no
checking for mt... no
checking if : is a manifest tool... no
checking for stdio.h... yes
checking for stdlib.h... yes
checking for string.h... yes
checking for inttypes.h... yes
checking for stdint.h... yes
checking for strings.h... yes
checking for sys/stat.h... yes
checking for sys/types.h... yes
checking for unistd.h... yes
checking for dlfcn.h... yes
checking for objdir... .libs
checking if cc supports -fno-rtti -fno-exceptions... no
checking for cc option to produce PIC... -fPIC -DPIC
checking if cc PIC flag -fPIC -DPIC works... yes
checking if cc static flag -static works... yes
checking if cc supports -c -o file.o... yes
checking if cc supports -c -o file.o... (cached) yes
checking whether the cc linker (/usr/x86_64-alpine-linux-musl/bin/ld -m elf_x86_64) supports shared libraries... yes
checking whether -lc should be explicitly linked in... no
checking dynamic linker characteristics... GNU/Linux ld.so
checking how to hardcode library paths into programs... immediate
checking whether stripping libraries is possible... yes
checking if libtool supports shared libraries... yes
checking whether to build shared libraries... yes
checking whether to build static libraries... no
checking whether byte ordering is bigendian... no
checking for an ANSI C-conforming const... yes
checking for inline... inline
checking for C/C++ restrict keyword... __restrict__
checking for C99 variable-size arrays... ./configure: line 14753: +cat: not found
yes
checking for alloca.h... yes
checking for getopt.h... yes
checking for alloca... yes
checking for SSE in current arch/CFLAGS... yes
checking for ELF visibility... yes
checking for sys/soundcard.h... no
checking for sys/audioio.h... no
checking for cos in -lm... yes
checking for getopt_long... yes
checking for x86_64-alpine-linux-musl-pkg-config... no
checking for pkg-config... /usr/bin/pkg-config
checking pkg-config is at least version 0.9.0... yes
checking for OGG... yes
checking for SPEEXDSP... yes
checking size of int16_t... 2
checking size of uint16_t... 2
checking size of u_int16_t... 2
checking size of int32_t... 4
checking size of uint32_t... 4
checking size of u_int32_t... 4
checking size of short... 2
checking size of int... 4
checking size of long... 8
checking if cc accepts -Wall... yes
checking that generated files are newer than configure... done
configure: creating ./config.status
config.status: creating Makefile
config.status: creating libspeex/Makefile
config.status: creating src/Makefile
config.status: creating doc/Makefile
config.status: creating Speex.spec
config.status: creating include/Makefile
config.status: creating include/speex/Makefile
config.status: creating speex.pc
config.status: creating win32/Makefile
config.status: creating win32/libspeex/Makefile
config.status: creating win32/speexenc/Makefile
config.status: creating win32/speexdec/Makefile
config.status: creating symbian/Makefile
config.status: creating win32/VS2003/Makefile
config.status: creating win32/VS2003/tests/Makefile
config.status: creating win32/VS2003/libspeex/Makefile
config.status: creating win32/VS2003/speexdec/Makefile
config.status: creating win32/VS2003/speexenc/Makefile
config.status: creating win32/VS2005/Makefile
config.status: creating win32/VS2005/libspeex/Makefile
config.status: creating win32/VS2005/speexdec/Makefile
config.status: creating win32/VS2005/speexenc/Makefile
config.status: creating win32/VS2005/tests/Makefile
config.status: creating win32/VS2008/Makefile
config.status: creating win32/VS2008/speexdec/Makefile
config.status: creating win32/VS2008/tests/Makefile
config.status: creating win32/VS2008/libspeex/Makefile
config.status: creating win32/VS2008/speexenc/Makefile
config.status: creating include/speex/speex_config_types.h
config.status: creating ti/Makefile
config.status: creating ti/speex_C54_test/Makefile
config.status: creating ti/speex_C55_test/Makefile
config.status: creating ti/speex_C64_test/Makefile
config.status: creating config.h
config.status: executing depfiles commands
config.status: executing libtool commands
Type "make; make install" to compile and install Speex
make  all-recursive
make[1]: Entering directory '/tmp/src/speex-Speex-1.2.1'
Making all in libspeex
make[2]: Entering directory '/tmp/src/speex-Speex-1.2.1/libspeex'
  CC       testenc.o
  CC       cb_search.lo
  CC       exc_10_32_table.lo
  CC       exc_8_128_table.lo
  CC       filters.lo
  CC       gain_table.lo
  CC       hexc_table.lo
  CC       high_lsp_tables.lo
  CC       ltp.lo
  CC       lsp.lo
  CC       speex.lo
  CC       stereo.lo
  CC       vbr.lo
  CC       vq.lo
  CC       bits.lo
  CC       exc_10_16_table.lo
  CC       exc_20_32_table.lo
  CC       exc_5_256_table.lo
  CC       exc_5_64_table.lo
  CC       gain_table_lbr.lo
  CC       hexc_10_32_table.lo
  CC       lpc.lo
  CC       lsp_tables_nb.lo
  CC       modes.lo
  CC       modes_wb.lo
  CC       nb_celp.lo
  CC       quant_lsp.lo
  CC       sb_celp.lo
  CC       speex_callbacks.lo
  CC       speex_header.lo
  CC       window.lo
  CC       testenc_wb.o
  CC       testenc_uwb.o
  CCLD     libspeex.la
  CCLD     testenc
  CCLD     testenc_wb
  CCLD     testenc_uwb
make[2]: Leaving directory '/tmp/src/speex-Speex-1.2.1/libspeex'
Making all in include
make[2]: Entering directory '/tmp/src/speex-Speex-1.2.1/include'
Making all in speex
make[3]: Entering directory '/tmp/src/speex-Speex-1.2.1/include/speex'
make[3]: Nothing to be done for 'all'.
make[3]: Leaving directory '/tmp/src/speex-Speex-1.2.1/include/speex'
make[3]: Entering directory '/tmp/src/speex-Speex-1.2.1/include'
make[3]: Nothing to be done for 'all-am'.
make[3]: Leaving directory '/tmp/src/speex-Speex-1.2.1/include'
make[2]: Leaving directory '/tmp/src/speex-Speex-1.2.1/include'
Making all in doc
make[2]: Entering directory '/tmp/src/speex-Speex-1.2.1/doc'
make[2]: Nothing to be done for 'all'.
make[2]: Leaving directory '/tmp/src/speex-Speex-1.2.1/doc'
Making all in win32
make[2]: Entering directory '/tmp/src/speex-Speex-1.2.1/win32'
Making all in libspeex
make[3]: Entering directory '/tmp/src/speex-Speex-1.2.1/win32/libspeex'
make[3]: Nothing to be done for 'all'.
make[3]: Leaving directory '/tmp/src/speex-Speex-1.2.1/win32/libspeex'
Making all in speexenc
make[3]: Entering directory '/tmp/src/speex-Speex-1.2.1/win32/speexenc'
make[3]: Nothing to be done for 'all'.
make[3]: Leaving directory '/tmp/src/speex-Speex-1.2.1/win32/speexenc'
Making all in speexdec
make[3]: Entering directory '/tmp/src/speex-Speex-1.2.1/win32/speexdec'
make[3]: Nothing to be done for 'all'.
make[3]: Leaving directory '/tmp/src/speex-Speex-1.2.1/win32/speexdec'
Making all in VS2003
make[3]: Entering directory '/tmp/src/speex-Speex-1.2.1/win32/VS2003'
Making all in libspeex
make[4]: Entering directory '/tmp/src/speex-Speex-1.2.1/win32/VS2003/libspeex'
make[4]: Nothing to be done for 'all'.
make[4]: Leaving directory '/tmp/src/speex-Speex-1.2.1/win32/VS2003/libspeex'
Making all in speexenc
make[4]: Entering directory '/tmp/src/speex-Speex-1.2.1/win32/VS2003/speexenc'
make[4]: Nothing to be done for 'all'.
make[4]: Leaving directory '/tmp/src/speex-Speex-1.2.1/win32/VS2003/speexenc'
Making all in speexdec
make[4]: Entering directory '/tmp/src/speex-Speex-1.2.1/win32/VS2003/speexdec'
make[4]: Nothing to be done for 'all'.
make[4]: Leaving directory '/tmp/src/speex-Speex-1.2.1/win32/VS2003/speexdec'
Making all in tests
make[4]: Entering directory '/tmp/src/speex-Speex-1.2.1/win32/VS2003/tests'
make[4]: Nothing to be done for 'all'.
make[4]: Leaving directory '/tmp/src/speex-Speex-1.2.1/win32/VS2003/tests'
make[4]: Entering directory '/tmp/src/speex-Speex-1.2.1/win32/VS2003'
make[4]: Nothing to be done for 'all-am'.
make[4]: Leaving directory '/tmp/src/speex-Speex-1.2.1/win32/VS2003'
make[3]: Leaving directory '/tmp/src/speex-Speex-1.2.1/win32/VS2003'
Making all in VS2005
make[3]: Entering directory '/tmp/src/speex-Speex-1.2.1/win32/VS2005'
Making all in libspeex
make[4]: Entering directory '/tmp/src/speex-Speex-1.2.1/win32/VS2005/libspeex'
make[4]: Nothing to be done for 'all'.
make[4]: Leaving directory '/tmp/src/speex-Speex-1.2.1/win32/VS2005/libspeex'
Making all in speexenc
make[4]: Entering directory '/tmp/src/speex-Speex-1.2.1/win32/VS2005/speexenc'
make[4]: Nothing to be done for 'all'.
make[4]: Leaving directory '/tmp/src/speex-Speex-1.2.1/win32/VS2005/speexenc'
Making all in speexdec
make[4]: Entering directory '/tmp/src/speex-Speex-1.2.1/win32/VS2005/speexdec'
make[4]: Nothing to be done for 'all'.
make[4]: Leaving directory '/tmp/src/speex-Speex-1.2.1/win32/VS2005/speexdec'
Making all in tests
make[4]: Entering directory '/tmp/src/speex-Speex-1.2.1/win32/VS2005/tests'
make[4]: Nothing to be done for 'all'.
make[4]: Leaving directory '/tmp/src/speex-Speex-1.2.1/win32/VS2005/tests'
make[4]: Entering directory '/tmp/src/speex-Speex-1.2.1/win32/VS2005'
make[4]: Nothing to be done for 'all-am'.
make[4]: Leaving directory '/tmp/src/speex-Speex-1.2.1/win32/VS2005'
make[3]: Leaving directory '/tmp/src/speex-Speex-1.2.1/win32/VS2005'
Making all in VS2008
make[3]: Entering directory '/tmp/src/speex-Speex-1.2.1/win32/VS2008'
Making all in libspeex
make[4]: Entering directory '/tmp/src/speex-Speex-1.2.1/win32/VS2008/libspeex'
make[4]: Nothing to be done for 'all'.
make[4]: Leaving directory '/tmp/src/speex-Speex-1.2.1/win32/VS2008/libspeex'
Making all in speexenc
make[4]: Entering directory '/tmp/src/speex-Speex-1.2.1/win32/VS2008/speexenc'
make[4]: Nothing to be done for 'all'.
make[4]: Leaving directory '/tmp/src/speex-Speex-1.2.1/win32/VS2008/speexenc'
Making all in speexdec
make[4]: Entering directory '/tmp/src/speex-Speex-1.2.1/win32/VS2008/speexdec'
make[4]: Nothing to be done for 'all'.
make[4]: Leaving directory '/tmp/src/speex-Speex-1.2.1/win32/VS2008/speexdec'
Making all in tests
make[4]: Entering directory '/tmp/src/speex-Speex-1.2.1/win32/VS2008/tests'
make[4]: Nothing to be done for 'all'.
make[4]: Leaving directory '/tmp/src/speex-Speex-1.2.1/win32/VS2008/tests'
make[4]: Entering directory '/tmp/src/speex-Speex-1.2.1/win32/VS2008'
make[4]: Nothing to be done for 'all-am'.
make[4]: Leaving directory '/tmp/src/speex-Speex-1.2.1/win32/VS2008'
make[3]: Leaving directory '/tmp/src/speex-Speex-1.2.1/win32/VS2008'
make[3]: Entering directory '/tmp/src/speex-Speex-1.2.1/win32'
make[3]: Nothing to be done for 'all-am'.
make[3]: Leaving directory '/tmp/src/speex-Speex-1.2.1/win32'
make[2]: Leaving directory '/tmp/src/speex-Speex-1.2.1/win32'
Making all in symbian
make[2]: Entering directory '/tmp/src/speex-Speex-1.2.1/symbian'
make[2]: Nothing to be done for 'all'.
make[2]: Leaving directory '/tmp/src/speex-Speex-1.2.1/symbian'
Making all in ti
make[2]: Entering directory '/tmp/src/speex-Speex-1.2.1/ti'
Making all in speex_C54_test
make[3]: Entering directory '/tmp/src/speex-Speex-1.2.1/ti/speex_C54_test'
make[3]: Nothing to be done for 'all'.
make[3]: Leaving directory '/tmp/src/speex-Speex-1.2.1/ti/speex_C54_test'
Making all in speex_C55_test
make[3]: Entering directory '/tmp/src/speex-Speex-1.2.1/ti/speex_C55_test'
make[3]: Nothing to be done for 'all'.
make[3]: Leaving directory '/tmp/src/speex-Speex-1.2.1/ti/speex_C55_test'
Making all in speex_C64_test
make[3]: Entering directory '/tmp/src/speex-Speex-1.2.1/ti/speex_C64_test'
make[3]: Nothing to be done for 'all'.
make[3]: Leaving directory '/tmp/src/speex-Speex-1.2.1/ti/speex_C64_test'
make[3]: Entering directory '/tmp/src/speex-Speex-1.2.1/ti'
make[3]: Nothing to be done for 'all-am'.
make[3]: Leaving directory '/tmp/src/speex-Speex-1.2.1/ti'
make[2]: Leaving directory '/tmp/src/speex-Speex-1.2.1/ti'
Making all in src
make[2]: Entering directory '/tmp/src/speex-Speex-1.2.1/src'
  CC       speexenc.o
  CC       wav_io.o
  CC       skeleton.o
  CC       speexdec.o
  CCLD     speexdec
  CCLD     speexenc
make[2]: Leaving directory '/tmp/src/speex-Speex-1.2.1/src'
make[2]: Entering directory '/tmp/src/speex-Speex-1.2.1'
make[2]: Nothing to be done for 'all-am'.
make[2]: Leaving directory '/tmp/src/speex-Speex-1.2.1'
make[1]: Leaving directory '/tmp/src/speex-Speex-1.2.1'
>>> speex: Entering fakeroot...
Making install in libspeex
make[1]: Entering directory '/tmp/src/speex-Speex-1.2.1/libspeex'
make[2]: Entering directory '/tmp/src/speex-Speex-1.2.1/libspeex'
 /bin/mkdir -p '/tmp/pkg/speex/usr/lib'
 /bin/sh ../libtool   --mode=install /usr/bin/install -c   libspeex.la '/tmp/pkg/speex/usr/lib'
libtool: install: /usr/bin/install -c .libs/libspeex.so.1.5.2 /tmp/pkg/speex/usr/lib/libspeex.so.1.5.2
libtool: install: (cd /tmp/pkg/speex/usr/lib && { ln -s -f libspeex.so.1.5.2 libspeex.so.1 || { rm -f libspeex.so.1 && ln -s libspeex.so.1.5.2 libspeex.so.1; }; })
libtool: install: (cd /tmp/pkg/speex/usr/lib && { ln -s -f libspeex.so.1.5.2 libspeex.so || { rm -f libspeex.so && ln -s libspeex.so.1.5.2 libspeex.so; }; })
libtool: install: /usr/bin/install -c .libs/libspeex.lai /tmp/pkg/speex/usr/lib/libspeex.la
libtool: warning: remember to run 'libtool --finish /usr/lib'
make[2]: Nothing to be done for 'install-data-am'.
make[2]: Leaving directory '/tmp/src/speex-Speex-1.2.1/libspeex'
make[1]: Leaving directory '/tmp/src/speex-Speex-1.2.1/libspeex'
Making install in include
make[1]: Entering directory '/tmp/src/speex-Speex-1.2.1/include'
Making install in speex
make[2]: Entering directory '/tmp/src/speex-Speex-1.2.1/include/speex'
make[3]: Entering directory '/tmp/src/speex-Speex-1.2.1/include/speex'
make[3]: Nothing to be done for 'install-exec-am'.
 /bin/mkdir -p '/tmp/pkg/speex/usr/include/speex'
 /usr/bin/install -c -m 644 speex_config_types.h '/tmp/pkg/speex/usr/include/speex'
 /bin/mkdir -p '/tmp/pkg/speex/usr/include/speex'
 /usr/bin/install -c -m 644 speex.h speex_bits.h speex_callbacks.h speex_header.h speex_stereo.h speex_types.h '/tmp/pkg/speex/usr/include/speex'
make[3]: Leaving directory '/tmp/src/speex-Speex-1.2.1/include/speex'
make[2]: Leaving directory '/tmp/src/speex-Speex-1.2.1/include/speex'
make[2]: Entering directory '/tmp/src/speex-Speex-1.2.1/include'
make[3]: Entering directory '/tmp/src/speex-Speex-1.2.1/include'
make[3]: Nothing to be done for 'install-exec-am'.
make[3]: Nothing to be done for 'install-data-am'.
make[3]: Leaving directory '/tmp/src/speex-Speex-1.2.1/include'
make[2]: Leaving directory '/tmp/src/speex-Speex-1.2.1/include'
make[1]: Leaving directory '/tmp/src/speex-Speex-1.2.1/include'
Making install in doc
make[1]: Entering directory '/tmp/src/speex-Speex-1.2.1/doc'
make[2]: Entering directory '/tmp/src/speex-Speex-1.2.1/doc'
make[2]: Nothing to be done for 'install-exec-am'.
 /bin/mkdir -p '/tmp/pkg/speex/usr/share/doc/speex'
 /usr/bin/install -c -m 644 manual.pdf '/tmp/pkg/speex/usr/share/doc/speex'
make[2]: Leaving directory '/tmp/src/speex-Speex-1.2.1/doc'
make[1]: Leaving directory '/tmp/src/speex-Speex-1.2.1/doc'
Making install in win32
make[1]: Entering directory '/tmp/src/speex-Speex-1.2.1/win32'
Making install in libspeex
make[2]: Entering directory '/tmp/src/speex-Speex-1.2.1/win32/libspeex'
make[3]: Entering directory '/tmp/src/speex-Speex-1.2.1/win32/libspeex'
make[3]: Nothing to be done for 'install-exec-am'.
make[3]: Nothing to be done for 'install-data-am'.
make[3]: Leaving directory '/tmp/src/speex-Speex-1.2.1/win32/libspeex'
make[2]: Leaving directory '/tmp/src/speex-Speex-1.2.1/win32/libspeex'
Making install in speexenc
make[2]: Entering directory '/tmp/src/speex-Speex-1.2.1/win32/speexenc'
make[3]: Entering directory '/tmp/src/speex-Speex-1.2.1/win32/speexenc'
make[3]: Nothing to be done for 'install-exec-am'.
make[3]: Nothing to be done for 'install-data-am'.
make[3]: Leaving directory '/tmp/src/speex-Speex-1.2.1/win32/speexenc'
make[2]: Leaving directory '/tmp/src/speex-Speex-1.2.1/win32/speexenc'
Making install in speexdec
make[2]: Entering directory '/tmp/src/speex-Speex-1.2.1/win32/speexdec'
make[3]: Entering directory '/tmp/src/speex-Speex-1.2.1/win32/speexdec'
make[3]: Nothing to be done for 'install-exec-am'.
make[3]: Nothing to be done for 'install-data-am'.
make[3]: Leaving directory '/tmp/src/speex-Speex-1.2.1/win32/speexdec'
make[2]: Leaving directory '/tmp/src/speex-Speex-1.2.1/win32/speexdec'
Making install in VS2003
make[2]: Entering directory '/tmp/src/speex-Speex-1.2.1/win32/VS2003'
Making install in libspeex
make[3]: Entering directory '/tmp/src/speex-Speex-1.2.1/win32/VS2003/libspeex'
make[4]: Entering directory '/tmp/src/speex-Speex-1.2.1/win32/VS2003/libspeex'
make[4]: Nothing to be done for 'install-exec-am'.
make[4]: Nothing to be done for 'install-data-am'.
make[4]: Leaving directory '/tmp/src/speex-Speex-1.2.1/win32/VS2003/libspeex'
make[3]: Leaving directory '/tmp/src/speex-Speex-1.2.1/win32/VS2003/libspeex'
Making install in speexenc
make[3]: Entering directory '/tmp/src/speex-Speex-1.2.1/win32/VS2003/speexenc'
make[4]: Entering directory '/tmp/src/speex-Speex-1.2.1/win32/VS2003/speexenc'
make[4]: Nothing to be done for 'install-exec-am'.
make[4]: Nothing to be done for 'install-data-am'.
make[4]: Leaving directory '/tmp/src/speex-Speex-1.2.1/win32/VS2003/speexenc'
make[3]: Leaving directory '/tmp/src/speex-Speex-1.2.1/win32/VS2003/speexenc'
Making install in speexdec
make[3]: Entering directory '/tmp/src/speex-Speex-1.2.1/win32/VS2003/speexdec'
make[4]: Entering directory '/tmp/src/speex-Speex-1.2.1/win32/VS2003/speexdec'
make[4]: Nothing to be done for 'install-exec-am'.
make[4]: Nothing to be done for 'install-data-am'.
make[4]: Leaving directory '/tmp/src/speex-Speex-1.2.1/win32/VS2003/speexdec'
make[3]: Leaving directory '/tmp/src/speex-Speex-1.2.1/win32/VS2003/speexdec'
Making install in tests
make[3]: Entering directory '/tmp/src/speex-Speex-1.2.1/win32/VS2003/tests'
make[4]: Entering directory '/tmp/src/speex-Speex-1.2.1/win32/VS2003/tests'
make[4]: Nothing to be done for 'install-exec-am'.
make[4]: Nothing to be done for 'install-data-am'.
make[4]: Leaving directory '/tmp/src/speex-Speex-1.2.1/win32/VS2003/tests'
make[3]: Leaving directory '/tmp/src/speex-Speex-1.2.1/win32/VS2003/tests'
make[3]: Entering directory '/tmp/src/speex-Speex-1.2.1/win32/VS2003'
make[4]: Entering directory '/tmp/src/speex-Speex-1.2.1/win32/VS2003'
make[4]: Nothing to be done for 'install-exec-am'.
make[4]: Nothing to be done for 'install-data-am'.
make[4]: Leaving directory '/tmp/src/speex-Speex-1.2.1/win32/VS2003'
make[3]: Leaving directory '/tmp/src/speex-Speex-1.2.1/win32/VS2003'
make[2]: Leaving directory '/tmp/src/speex-Speex-1.2.1/win32/VS2003'
Making install in VS2005
make[2]: Entering directory '/tmp/src/speex-Speex-1.2.1/win32/VS2005'
Making install in libspeex
make[3]: Entering directory '/tmp/src/speex-Speex-1.2.1/win32/VS2005/libspeex'
make[4]: Entering directory '/tmp/src/speex-Speex-1.2.1/win32/VS2005/libspeex'
make[4]: Nothing to be done for 'install-exec-am'.
make[4]: Nothing to be done for 'install-data-am'.
make[4]: Leaving directory '/tmp/src/speex-Speex-1.2.1/win32/VS2005/libspeex'
make[3]: Leaving directory '/tmp/src/speex-Speex-1.2.1/win32/VS2005/libspeex'
Making install in speexenc
make[3]: Entering directory '/tmp/src/speex-Speex-1.2.1/win32/VS2005/speexenc'
make[4]: Entering directory '/tmp/src/speex-Speex-1.2.1/win32/VS2005/speexenc'
make[4]: Nothing to be done for 'install-exec-am'.
make[4]: Nothing to be done for 'install-data-am'.
make[4]: Leaving directory '/tmp/src/speex-Speex-1.2.1/win32/VS2005/speexenc'
make[3]: Leaving directory '/tmp/src/speex-Speex-1.2.1/win32/VS2005/speexenc'
Making install in speexdec
make[3]: Entering directory '/tmp/src/speex-Speex-1.2.1/win32/VS2005/speexdec'
make[4]: Entering directory '/tmp/src/speex-Speex-1.2.1/win32/VS2005/speexdec'
make[4]: Nothing to be done for 'install-exec-am'.
make[4]: Nothing to be done for 'install-data-am'.
make[4]: Leaving directory '/tmp/src/speex-Speex-1.2.1/win32/VS2005/speexdec'
make[3]: Leaving directory '/tmp/src/speex-Speex-1.2.1/win32/VS2005/speexdec'
Making install in tests
make[3]: Entering directory '/tmp/src/speex-Speex-1.2.1/win32/VS2005/tests'
make[4]: Entering directory '/tmp/src/speex-Speex-1.2.1/win32/VS2005/tests'
make[4]: Nothing to be done for 'install-exec-am'.
make[4]: Nothing to be done for 'install-data-am'.
make[4]: Leaving directory '/tmp/src/speex-Speex-1.2.1/win32/VS2005/tests'
make[3]: Leaving directory '/tmp/src/speex-Speex-1.2.1/win32/VS2005/tests'
make[3]: Entering directory '/tmp/src/speex-Speex-1.2.1/win32/VS2005'
make[4]: Entering directory '/tmp/src/speex-Speex-1.2.1/win32/VS2005'
make[4]: Nothing to be done for 'install-exec-am'.
make[4]: Nothing to be done for 'install-data-am'.
make[4]: Leaving directory '/tmp/src/speex-Speex-1.2.1/win32/VS2005'
make[3]: Leaving directory '/tmp/src/speex-Speex-1.2.1/win32/VS2005'
make[2]: Leaving directory '/tmp/src/speex-Speex-1.2.1/win32/VS2005'
Making install in VS2008
make[2]: Entering directory '/tmp/src/speex-Speex-1.2.1/win32/VS2008'
Making install in libspeex
make[3]: Entering directory '/tmp/src/speex-Speex-1.2.1/win32/VS2008/libspeex'
make[4]: Entering directory '/tmp/src/speex-Speex-1.2.1/win32/VS2008/libspeex'
make[4]: Nothing to be done for 'install-exec-am'.
make[4]: Nothing to be done for 'install-data-am'.
make[4]: Leaving directory '/tmp/src/speex-Speex-1.2.1/win32/VS2008/libspeex'
make[3]: Leaving directory '/tmp/src/speex-Speex-1.2.1/win32/VS2008/libspeex'
Making install in speexenc
make[3]: Entering directory '/tmp/src/speex-Speex-1.2.1/win32/VS2008/speexenc'
make[4]: Entering directory '/tmp/src/speex-Speex-1.2.1/win32/VS2008/speexenc'
make[4]: Nothing to be done for 'install-exec-am'.
make[4]: Nothing to be done for 'install-data-am'.
make[4]: Leaving directory '/tmp/src/speex-Speex-1.2.1/win32/VS2008/speexenc'
make[3]: Leaving directory '/tmp/src/speex-Speex-1.2.1/win32/VS2008/speexenc'
Making install in speexdec
make[3]: Entering directory '/tmp/src/speex-Speex-1.2.1/win32/VS2008/speexdec'
make[4]: Entering directory '/tmp/src/speex-Speex-1.2.1/win32/VS2008/speexdec'
make[4]: Nothing to be done for 'install-exec-am'.
make[4]: Nothing to be done for 'install-data-am'.
make[4]: Leaving directory '/tmp/src/speex-Speex-1.2.1/win32/VS2008/speexdec'
make[3]: Leaving directory '/tmp/src/speex-Speex-1.2.1/win32/VS2008/speexdec'
Making install in tests
make[3]: Entering directory '/tmp/src/speex-Speex-1.2.1/win32/VS2008/tests'
make[4]: Entering directory '/tmp/src/speex-Speex-1.2.1/win32/VS2008/tests'
make[4]: Nothing to be done for 'install-exec-am'.
make[4]: Nothing to be done for 'install-data-am'.
make[4]: Leaving directory '/tmp/src/speex-Speex-1.2.1/win32/VS2008/tests'
make[3]: Leaving directory '/tmp/src/speex-Speex-1.2.1/win32/VS2008/tests'
make[3]: Entering directory '/tmp/src/speex-Speex-1.2.1/win32/VS2008'
make[4]: Entering directory '/tmp/src/speex-Speex-1.2.1/win32/VS2008'
make[4]: Nothing to be done for 'install-exec-am'.
make[4]: Nothing to be done for 'install-data-am'.
make[4]: Leaving directory '/tmp/src/speex-Speex-1.2.1/win32/VS2008'
make[3]: Leaving directory '/tmp/src/speex-Speex-1.2.1/win32/VS2008'
make[2]: Leaving directory '/tmp/src/speex-Speex-1.2.1/win32/VS2008'
make[2]: Entering directory '/tmp/src/speex-Speex-1.2.1/win32'
make[3]: Entering directory '/tmp/src/speex-Speex-1.2.1/win32'
make[3]: Nothing to be done for 'install-exec-am'.
make[3]: Nothing to be done for 'install-data-am'.
make[3]: Leaving directory '/tmp/src/speex-Speex-1.2.1/win32'
make[2]: Leaving directory '/tmp/src/speex-Speex-1.2.1/win32'
make[1]: Leaving directory '/tmp/src/speex-Speex-1.2.1/win32'
Making install in symbian
make[1]: Entering directory '/tmp/src/speex-Speex-1.2.1/symbian'
make[2]: Entering directory '/tmp/src/speex-Speex-1.2.1/symbian'
make[2]: Nothing to be done for 'install-exec-am'.
make[2]: Nothing to be done for 'install-data-am'.
make[2]: Leaving directory '/tmp/src/speex-Speex-1.2.1/symbian'
make[1]: Leaving directory '/tmp/src/speex-Speex-1.2.1/symbian'
Making install in ti
make[1]: Entering directory '/tmp/src/speex-Speex-1.2.1/ti'
Making install in speex_C54_test
make[2]: Entering directory '/tmp/src/speex-Speex-1.2.1/ti/speex_C54_test'
make[3]: Entering directory '/tmp/src/speex-Speex-1.2.1/ti/speex_C54_test'
make[3]: Nothing to be done for 'install-exec-am'.
make[3]: Nothing to be done for 'install-data-am'.
make[3]: Leaving directory '/tmp/src/speex-Speex-1.2.1/ti/speex_C54_test'
make[2]: Leaving directory '/tmp/src/speex-Speex-1.2.1/ti/speex_C54_test'
Making install in speex_C55_test
make[2]: Entering directory '/tmp/src/speex-Speex-1.2.1/ti/speex_C55_test'
make[3]: Entering directory '/tmp/src/speex-Speex-1.2.1/ti/speex_C55_test'
make[3]: Nothing to be done for 'install-exec-am'.
make[3]: Nothing to be done for 'install-data-am'.
make[3]: Leaving directory '/tmp/src/speex-Speex-1.2.1/ti/speex_C55_test'
make[2]: Leaving directory '/tmp/src/speex-Speex-1.2.1/ti/speex_C55_test'
Making install in speex_C64_test
make[2]: Entering directory '/tmp/src/speex-Speex-1.2.1/ti/speex_C64_test'
make[3]: Entering directory '/tmp/src/speex-Speex-1.2.1/ti/speex_C64_test'
make[3]: Nothing to be done for 'install-exec-am'.
make[3]: Nothing to be done for 'install-data-am'.
make[3]: Leaving directory '/tmp/src/speex-Speex-1.2.1/ti/speex_C64_test'
make[2]: Leaving directory '/tmp/src/speex-Speex-1.2.1/ti/speex_C64_test'
make[2]: Entering directory '/tmp/src/speex-Speex-1.2.1/ti'
make[3]: Entering directory '/tmp/src/speex-Speex-1.2.1/ti'
make[3]: Nothing to be done for 'install-exec-am'.
make[3]: Nothing to be done for 'install-data-am'.
make[3]: Leaving directory '/tmp/src/speex-Speex-1.2.1/ti'
make[2]: Leaving directory '/tmp/src/speex-Speex-1.2.1/ti'
make[1]: Leaving directory '/tmp/src/speex-Speex-1.2.1/ti'
Making install in src
make[1]: Entering directory '/tmp/src/speex-Speex-1.2.1/src'
make[2]: Entering directory '/tmp/src/speex-Speex-1.2.1/src'
 /bin/mkdir -p '/tmp/pkg/speex/usr/bin'
  /bin/sh ../libtool   --mode=install /usr/bin/install -c speexenc speexdec '/tmp/pkg/speex/usr/bin'
libtool: warning: '../libspeex/libspeex.la' has not been installed in '/usr/lib'
libtool: install: /usr/bin/install -c .libs/speexenc /tmp/pkg/speex/usr/bin/speexenc
libtool: warning: '../libspeex/libspeex.la' has not been installed in '/usr/lib'
libtool: install: /usr/bin/install -c .libs/speexdec /tmp/pkg/speex/usr/bin/speexdec
 /bin/mkdir -p '/tmp/pkg/speex/usr/share/man/man1'
 /usr/bin/install -c -m 644 speexenc.1 speexdec.1 '/tmp/pkg/speex/usr/share/man/man1'
make[2]: Leaving directory '/tmp/src/speex-Speex-1.2.1/src'
make[1]: Leaving directory '/tmp/src/speex-Speex-1.2.1/src'
make[1]: Entering directory '/tmp/src/speex-Speex-1.2.1'
make[2]: Entering directory '/tmp/src/speex-Speex-1.2.1'
make[2]: Nothing to be done for 'install-exec-am'.
 /bin/mkdir -p '/tmp/pkg/speex/usr/share/aclocal'
 /usr/bin/install -c -m 644 speex.m4 '/tmp/pkg/speex/usr/share/aclocal'
 /bin/mkdir -p '/tmp/pkg/speex/usr/lib/pkgconfig'
 /usr/bin/install -c -m 644 speex.pc '/tmp/pkg/speex/usr/lib/pkgconfig'
make[2]: Leaving directory '/tmp/src/speex-Speex-1.2.1'
make[1]: Leaving directory '/tmp/src/speex-Speex-1.2.1'
>>> speex-dev*: Running split function dev...
'usr/include' -> '/tmp/pkg/speex-dev/usr/include'
'usr/lib/pkgconfig' -> '/tmp/pkg/speex-dev/usr/lib/pkgconfig'
'usr/share/aclocal' -> '/tmp/pkg/speex-dev/usr/share/aclocal'
'usr/lib/libspeex.so' -> '/tmp/pkg/speex-dev/usr/lib/libspeex.so'
>>> speex-dev*: Preparing subpackage speex-dev...
>>> speex-dev*: Stripping binaries
>>> speex-dev*: Running postcheck for speex-dev
>>> speex-doc*: Running split function doc...
'usr/share/doc' -> '/tmp/pkg/speex-doc/usr/share/doc'
'usr/share/man' -> '/tmp/pkg/speex-doc/usr/share/man'
>>> speex-doc*: Preparing subpackage speex-doc...
>>> speex-doc*: Running postcheck for speex-doc
>>> speex-tools*: Running split function tools...
'usr/bin' -> '/tmp/pkg/speex-tools/usr/bin'
>>> speex-tools*: Preparing subpackage speex-tools...
>>> speex-tools*: Stripping binaries
>>> speex-tools*: Running postcheck for speex-tools
>>> speex*: Running postcheck for speex
>>> speex*: Preparing package speex...
>>> speex*: Stripping binaries
>>> speex-dev*: Scanning shared objects
>>> speex-doc*: Scanning shared objects
>>> speex-tools*: Scanning shared objects
>>> speex*: Scanning shared objects
>>> speex-dev*: Tracing dependencies...
	pkgconfig
	speex=1.2.1-r2
>>> speex-dev*: Package size: 40.3 KB
>>> speex-dev*: Compressing data...
>>> speex-dev*: Create checksum...
>>> speex-dev*: Create speex-dev-1.2.1-r2.apk
>>> speex-doc*: Tracing dependencies...
>>> speex-doc*: Package size: 431.0 KB
>>> speex-doc*: Compressing data...
>>> speex-doc*: Create checksum...
>>> speex-doc*: Create speex-doc-1.2.1-r2.apk
>>> speex-tools*: Tracing dependencies...
	so:libc.musl-x86_64.so.1
	so:libogg.so.0
	so:libspeex.so.1
	so:libspeexdsp.so.1
>>> speex-tools*: Package size: 57.4 KB
>>> speex-tools*: Compressing data...
>>> speex-tools*: Create checksum...
>>> speex-tools*: Create speex-tools-1.2.1-r2.apk
>>> speex*: Tracing dependencies...
	so:libc.musl-x86_64.so.1
>>> speex*: Package size: 85.7 KB
>>> speex*: Compressing data...
>>> speex*: Create checksum...
>>> speex*: Create speex-1.2.1-r2.apk
>>> speex: Updating the main/x86_64 repository index...
>>> speex: Signing the index...
>>> speex: Cleaning up srcdir
>>> speex: Cleaning up build chroot
>>> speex: Cleaning up pkgdir
