pigz: not found
>>> libwebp: Building main/libwebp 1.5.0-r0 (using abuild 3.14.1-r4) started Fri, 23 May 2025 16:06:43 +0000
>>> libwebp: Validating /home/packager/aports/main/libwebp/APKBUILD...
>>> libwebp: Analyzing dependencies...
>>> libwebp: Installing for build: build-base giflib-dev libjpeg-turbo-dev libpng-dev
(1/8) Installing giflib (5.2.2-r1)
(2/8) Installing giflib-dev (5.2.2-r1)
(3/8) Installing libjpeg-turbo (3.1.0-r0)
(4/8) Installing libturbojpeg (3.1.0-r0)
(5/8) Installing libjpeg-turbo-dev (3.1.0-r0)
(6/8) Installing libpng (1.6.47-r0)
(7/8) Installing libpng-dev (1.6.47-r0)
(8/8) Installing .makedepends-libwebp (20250523.160645)
Executing busybox-1.37.0-r12.trigger
OK: 566 MiB in 140 packages
>>> libwebp: Cleaning up srcdir
>>> libwebp: Cleaning up pkgdir
>>> libwebp: Cleaning up tmpdir
>>> libwebp: Fetching https://storage.googleapis.com/downloads.webmproject.org/releases/webp/libwebp-1.5.0.tar.gz
Connecting to storage.googleapis.com (172.217.18.27:443)
saving to '/var/cache/distfiles/libwebp-1.5.0.tar.gz.part'
libwebp-1.5.0.tar.gz 100% |********************************| 4167k  0:00:00 ETA
'/var/cache/distfiles/libwebp-1.5.0.tar.gz.part' saved
>>> libwebp: Fetching https://storage.googleapis.com/downloads.webmproject.org/releases/webp/libwebp-1.5.0.tar.gz
>>> libwebp: Checking sha512sums...
libwebp-1.5.0.tar.gz: OK
>>> libwebp: Unpacking /var/cache/distfiles/libwebp-1.5.0.tar.gz...
checking build system type... x86_64-alpine-linux-musl
checking host system type... x86_64-alpine-linux-musl
checking for a BSD-compatible install... /usr/bin/install -c
checking whether build environment is sane... yes
checking for a race-free mkdir -p... /bin/mkdir -p
checking for gawk... gawk
checking whether make sets $(MAKE)... yes
checking whether make supports nested variables... yes
checking whether make supports the include directive... yes (GNU style)
checking for x86_64-alpine-linux-musl-gcc... gcc
checking whether the C compiler works... no
configure: error: in `/home/packager/aports/main/libwebp/src/libwebp-1.5.0':
configure: error: C compiler cannot create executables
See `config.log' for more details
>>> ERROR: libwebp: build failed
>>> libwebp: Uninstalling dependencies...
(1/8) Purging .makedepends-libwebp (20250523.160645)
(2/8) Purging giflib-dev (5.2.2-r1)
(3/8) Purging giflib (5.2.2-r1)
(4/8) Purging libjpeg-turbo-dev (3.1.0-r0)
(5/8) Purging libjpeg-turbo (3.1.0-r0)
(6/8) Purging libturbojpeg (3.1.0-r0)
(7/8) Purging libpng-dev (1.6.47-r0)
(8/8) Purging libpng (1.6.47-r0)
Executing busybox-1.37.0-r12.trigger
OK: 564 MiB in 132 packages
