>>> lua-luaxml: Validating /home/packager/oily-pine/main/lua-luaxml/APKBUILD...
>>> lua-luaxml: Cleaning up srcdir
>>> lua-luaxml: Cleaning up pkgdir
>>> lua-luaxml: Cleaning up tmpdir
>>> lua-luaxml: Fetching lua-luaxml-2.0.0.tar.gz::https://github.com/n1tehawk/LuaXML/archive/7cd4a7ab5db85222edb4c955d53e5674afd170b6.tar.gz
  % Total    % Received % Xferd  Average Speed   Time    Time     Time  Current
                                 Dload  Upload   Total   Spent    Left  Speed
  0     0    0     0    0     0      0      0 --:--:-- --:--:-- --:--:--     0  0     0    0     0    0     0      0      0 --:--:-- --:--:-- --:--:--     0
100  9640    0  9640    0     0  11884      0 --:--:-- --:--:-- --:--:-- 11884100 33405    0 33405    0     0  37068      0 --:--:-- --:--:-- --:--:--  257k
>>> lua-luaxml: Fetching lua-luaxml-2.0.0.tar.gz::https://github.com/n1tehawk/LuaXML/archive/7cd4a7ab5db85222edb4c955d53e5674afd170b6.tar.gz
>>> lua-luaxml: Checking sha512sums...
lua-luaxml-2.0.0.tar.gz: OK
0001-XML-attributes.patch: OK
>>> lua-luaxml: Preparing build chroot...
fetch http://dl-cdn.alpinelinux.org/alpine/edge/main/x86_64/APKINDEX.tar.gz
(1/85) Installing musl (1.2.5-r10)
(2/85) Installing libcrypto3 (3.5.0-r0)
(3/85) Installing ca-certificates-bundle (20241121-r2)
(4/85) Installing libssl3 (3.5.0-r0)
(5/85) Installing zlib (1.3.1-r2)
(6/85) Installing libapk2 (2.14.9-r2)
(7/85) Installing apk-tools (2.14.9-r2)
(8/85) Installing libcap2 (2.76-r0)
(9/85) Installing libcap-getcap (2.76-r0)
(10/85) Installing fakeroot (1.37.1.1-r0)
(11/85) Installing scanelf (1.3.8-r1)
(12/85) Installing musl-utils (1.2.5-r10)
(13/85) Installing libgcc (14.3.0-r1)
(14/85) Installing libstdc++ (14.3.0-r1)
(15/85) Installing lzip (1.25-r0)
(16/85) Installing openssl (3.5.0-r0)
(17/85) Installing patch (2.8-r0)
(18/85) Installing pkgconf (2.4.3-r0)
(19/85) Installing acl-libs (2.3.2-r1)
(20/85) Installing tar (1.35-r3)
(21/85) Installing busybox (1.37.0-r18)
Executing busybox-1.37.0-r18.post-install
(22/85) Installing ssl_client (1.37.0-r18)
(23/85) Installing busybox-binsh (1.37.0-r18)
(24/85) Installing abuild (3.15.0-r0)
Executing abuild-3.15.0-r0.pre-install
(25/85) Installing abuild-sudo (3.15.0-r0)
(26/85) Installing alpine-baselayout-data (3.7.0-r0)
(27/85) Installing alpine-baselayout (3.7.0-r0)
Executing alpine-baselayout-3.7.0-r0.pre-install
Executing alpine-baselayout-3.7.0-r0.post-install
(28/85) Installing bridge (1.5-r5)
(29/85) Installing ifupdown-ng (0.12.1-r7)
(30/85) Installing openrc-user (0.62.2-r2)
(31/85) Installing openrc (0.62.2-r2)
Executing openrc-0.62.2-r2.post-install
(32/85) Installing mdev-conf (4.8-r0)
(33/85) Installing busybox-mdev-openrc (1.37.0-r18)
(34/85) Installing alpine-conf (3.20.0-r0)
(35/85) Installing alpine-keys (2.5-r0)
(36/85) Installing alpine-release (3.22.0-r0)
(37/85) Installing busybox-openrc (1.37.0-r18)
(38/85) Installing busybox-suid (1.37.0-r18)
(39/85) Installing alpine-base (3.22.0-r0)
(40/85) Installing jansson (2.14.1-r0)
(41/85) Installing zstd-libs (1.5.7-r0)
(42/85) Installing binutils (2.44-r0)
(43/85) Installing libmagic (5.46-r2)
(44/85) Installing file (5.46-r2)
(45/85) Installing libgomp (14.3.0-r1)
(46/85) Installing libatomic (14.3.0-r1)
(47/85) Installing gmp (6.3.0-r3)
(48/85) Installing isl26 (0.26-r1)
(49/85) Installing mpfr4 (4.2.1_p1-r0)
(50/85) Installing mpc1 (1.3.1-r1)
(51/85) Installing gcc (14.3.0-r1)
(52/85) Installing libstdc++-dev (14.3.0-r1)
(53/85) Installing musl-dev (1.2.5-r10)
(54/85) Installing g++ (14.3.0-r1)
(55/85) Installing make (4.4.1-r3)
(56/85) Installing fortify-headers (1.1-r5)
(57/85) Installing build-base (0.5-r3)
(58/85) Installing brotli-libs (1.1.0-r2)
(59/85) Installing c-ares (1.34.5-r0)
(60/85) Installing libunistring (1.3-r0)
(61/85) Installing libidn2 (2.3.7-r0)
(62/85) Installing nghttp2-libs (1.65.0-r0)
(63/85) Installing libpsl (0.21.5-r3)
(64/85) Installing libcurl (8.14.0-r2)
(65/85) Installing libexpat (2.7.1-r0)
(66/85) Installing pcre2 (10.43-r1)
(67/85) Installing git (2.49.0-r0)
(68/85) Installing git-init-template (2.49.0-r0)
(69/85) Installing lua5.2-libs (5.2.4-r13)
(70/85) Installing lua5.2 (5.2.4-r13)
(71/85) Installing lua5.2-unit (3.4-r0)
(72/85) Installing lua-unit (3.4-r0)
(73/85) Installing lua5.2-dev (5.2.4-r13)
(74/85) Installing linenoise (1.0-r5)
(75/85) Installing lua5.3-libs (5.3.6-r6)
(76/85) Installing lua5.3 (5.3.6-r6)
(77/85) Installing lua5.3-unit (3.4-r0)
(78/85) Installing lua5.3-dev (5.3.6-r6)
(79/85) Installing lua5.4-libs (5.4.7-r0)
(80/85) Installing ncurses-terminfo-base (6.5_p20250503-r0)
(81/85) Installing libncursesw (6.5_p20250503-r0)
(82/85) Installing readline (8.2.13-r1)
(83/85) Installing lua5.4 (5.4.7-r0)
(84/85) Installing lua5.4-unit (3.4-r0)
(85/85) Installing lua5.4-dev (5.4.7-r0)
Executing busybox-1.37.0-r18.trigger
OK: 266 MiB in 85 packages
>>> lua-luaxml: Fetching lua-luaxml-2.0.0.tar.gz::https://github.com/n1tehawk/LuaXML/archive/7cd4a7ab5db85222edb4c955d53e5674afd170b6.tar.gz
>>> lua-luaxml: Checking sha512sums...
lua-luaxml-2.0.0.tar.gz: OK
0001-XML-attributes.patch: OK
>>> lua-luaxml: Unpacking /var/cache/distfiles/lua-luaxml-2.0.0.tar.gz...
>>> lua-luaxml: 0001-XML-attributes.patch
patching file LuaXML_lib.c
patching file unittest.lua
>>> lua-luaxml: Building for Lua 5.2...
make: Entering directory '/tmp/src/LuaXML-7cd4a7ab5db85222edb4c955d53e5674afd170b6-5.2'
cc -Os -fstack-clash-protection -Wformat -Werror=format-security -fno-plt -fPIC -I/usr/include/lua5.2 -c LuaXML_lib.c
cc -o LuaXML_lib.so -Wl,--as-needed,-O1,--sort-common -Wl,-z,pack-relative-relocs -fPIC -shared LuaXML_lib.o  
make: Leaving directory '/tmp/src/LuaXML-7cd4a7ab5db85222edb4c955d53e5674afd170b6-5.2'
>>> lua-luaxml: Building for Lua 5.3...
make: Entering directory '/tmp/src/LuaXML-7cd4a7ab5db85222edb4c955d53e5674afd170b6-5.3'
cc -Os -fstack-clash-protection -Wformat -Werror=format-security -fno-plt -fPIC -I/usr/include/lua5.3 -c LuaXML_lib.c
cc -o LuaXML_lib.so -Wl,--as-needed,-O1,--sort-common -Wl,-z,pack-relative-relocs -fPIC -shared LuaXML_lib.o  
make: Leaving directory '/tmp/src/LuaXML-7cd4a7ab5db85222edb4c955d53e5674afd170b6-5.3'
>>> lua-luaxml: Building for Lua 5.4...
make: Entering directory '/tmp/src/LuaXML-7cd4a7ab5db85222edb4c955d53e5674afd170b6-5.4'
cc -Os -fstack-clash-protection -Wformat -Werror=format-security -fno-plt -fPIC -I/usr/include/lua5.4 -c LuaXML_lib.c
cc -o LuaXML_lib.so -Wl,--as-needed,-O1,--sort-common -Wl,-z,pack-relative-relocs -fPIC -shared LuaXML_lib.o  
make: Leaving directory '/tmp/src/LuaXML-7cd4a7ab5db85222edb4c955d53e5674afd170b6-5.4'
>>> lua-luaxml: Testing on Lua 5.2
<scene id="0" script="main">
	<object input="window" name="observer" id="0" script="camera.lua" />
	<object surface="2" pos="0 0 0" id="1" shape="1" />
	<object shape="20" pos="-5 5 0 225 0 0" id="3" sound="20" />
	<object shape="21" pos="2 2 2" speed="0 2 0 30 0 0" id="5" sound="21" />
	<object shape="6" id="6" pos="0 7 5" />
	<object shape="7" id="7" pos="-4.5 4.5 1.7" />
	<object pos="10 -10 0" id="11" sound="11" />
	<light diffuse="0.7 0.7 0.7 1.0" position="-.5 -.75 1.0 0.0" specular="1.0 1.0 1.0 1.0" ambient="0.3 0.3 0.3 1.0" enabled="1" id="0" />
</scene>

scene	0	<object input="window" name="observer" id="0" script="camera.lua" />

<resource url="resources/virtualab.wrl" name="virtualab" id="1" mime="model/vrml" />
<resource url="resources/virtualab_surface.wrl" name="surface" id="2" mime="model/vrml" />
<resource url="resources/box.wrl" name="cube" id="3" mime="model/vrml" />
<resource url="resources/ball01.wrl" name="ball" id="5" mime="model/vrml" />
resource	veRner	6	image/png	resources/veRner_small.png
resource	explo	7	image/png	resources/explo.png
floatArray	fgNormalColor	1.0 0.0 1.0 0.7
floatArray	fgSelectColor	1.0 1.0 1.0 1.0
float	farClipping	2000
---
READY.
Started on Sun Jun  1 01:11:19 2025
    TestXml.test_basics ... Ok
    TestXml.test_malformed_attribute ... Ok
    TestXml.test_parse ... Ok
    TestXml.test_transform ... Ok
=========================================================
Ran 4 tests in 0.003 seconds, 4 successes, 0 failures
OK
>>> lua-luaxml: Testing on Lua 5.3
<scene id="0" script="main">
	<object id="0" script="camera.lua" input="window" name="observer" />
	<object shape="1" surface="2" pos="0 0 0" id="1" />
	<object shape="20" id="3" sound="20" pos="-5 5 0 225 0 0" />
	<object shape="21" id="5" speed="0 2 0 30 0 0" sound="21" pos="2 2 2" />
	<object id="6" pos="0 7 5" shape="6" />
	<object id="7" pos="-4.5 4.5 1.7" shape="7" />
	<object id="11" pos="10 -10 0" sound="11" />
	<light position="-.5 -.75 1.0 0.0" id="0" specular="1.0 1.0 1.0 1.0" diffuse="0.7 0.7 0.7 1.0" ambient="0.3 0.3 0.3 1.0" enabled="1" />
</scene>

scene	0	<object id="0" script="camera.lua" input="window" name="observer" />

<resource id="1" name="virtualab" url="resources/virtualab.wrl" mime="model/vrml" />
<resource id="2" name="surface" url="resources/virtualab_surface.wrl" mime="model/vrml" />
<resource id="3" name="cube" url="resources/box.wrl" mime="model/vrml" />
<resource id="5" name="ball" url="resources/ball01.wrl" mime="model/vrml" />
resource	veRner	6	image/png	resources/veRner_small.png
resource	explo	7	image/png	resources/explo.png
floatArray	fgNormalColor	1.0 0.0 1.0 0.7
floatArray	fgSelectColor	1.0 1.0 1.0 1.0
float	farClipping	2000
---
READY.
Started on Sun Jun  1 01:11:19 2025
    TestXml.test_basics ... Ok
    TestXml.test_malformed_attribute ... Ok
    TestXml.test_parse ... Ok
    TestXml.test_transform ... Ok
=========================================================
Ran 4 tests in 0.002 seconds, 4 successes, 0 failures
OK
>>> lua-luaxml: Testing on Lua 5.4
<scene script="main" id="0">
	<object script="camera.lua" input="window" id="0" name="observer" />
	<object shape="1" surface="2" pos="0 0 0" id="1" />
	<object shape="20" id="3" pos="-5 5 0 225 0 0" sound="20" />
	<object shape="21" id="5" sound="21" pos="2 2 2" speed="0 2 0 30 0 0" />
	<object pos="0 7 5" shape="6" id="6" />
	<object pos="-4.5 4.5 1.7" shape="7" id="7" />
	<object pos="10 -10 0" sound="11" id="11" />
	<light diffuse="0.7 0.7 0.7 1.0" position="-.5 -.75 1.0 0.0" ambient="0.3 0.3 0.3 1.0" enabled="1" specular="1.0 1.0 1.0 1.0" id="0" />
</scene>

scene	0	<object script="camera.lua" input="window" id="0" name="observer" />

<resource id="1" url="resources/virtualab.wrl" name="virtualab" mime="model/vrml" />
<resource id="2" url="resources/virtualab_surface.wrl" name="surface" mime="model/vrml" />
<resource id="3" url="resources/box.wrl" name="cube" mime="model/vrml" />
<resource id="5" url="resources/ball01.wrl" name="ball" mime="model/vrml" />
resource	veRner	6	image/png	resources/veRner_small.png
resource	explo	7	image/png	resources/explo.png
floatArray	fgNormalColor	1.0 0.0 1.0 0.7
floatArray	fgSelectColor	1.0 1.0 1.0 1.0
float	farClipping	2000
---
READY.
Started on Sun Jun  1 01:11:19 2025
    TestXml.test_basics ... Ok
    TestXml.test_malformed_attribute ... Ok
    TestXml.test_parse ... Ok
    TestXml.test_transform ... Ok
=========================================================
Ran 4 tests in 0.002 seconds, 4 successes, 0 failures
OK
>>> lua-luaxml: Entering fakeroot...
>>> lua5.2-luaxml*: Running split function _subpackage...
>>> lua5.2-luaxml*: Preparing subpackage lua5.2-luaxml...
>>> lua5.2-luaxml*: Stripping binaries
>>> lua5.2-luaxml*: Running postcheck for lua5.2-luaxml
>>> lua5.3-luaxml*: Running split function _subpackage...
>>> lua5.3-luaxml*: Preparing subpackage lua5.3-luaxml...
>>> lua5.3-luaxml*: Stripping binaries
>>> lua5.3-luaxml*: Running postcheck for lua5.3-luaxml
>>> lua5.4-luaxml*: Running split function _subpackage...
>>> lua5.4-luaxml*: Preparing subpackage lua5.4-luaxml...
>>> lua5.4-luaxml*: Stripping binaries
>>> lua5.4-luaxml*: Running postcheck for lua5.4-luaxml
>>> lua-luaxml*: Running postcheck for lua-luaxml
>>> lua-luaxml*: Preparing package lua-luaxml...
>>> lua-luaxml*: Stripping binaries
>>> WARNING: lua-luaxml*: No arch specific binaries found so arch should probably be set to "noarch"
>>> lua-luaxml*: Scanning shared objects
>>> lua5.2-luaxml*: Scanning shared objects
>>> lua5.3-luaxml*: Scanning shared objects
>>> lua5.4-luaxml*: Scanning shared objects
>>> lua-luaxml*: Tracing dependencies...
>>> lua-luaxml*: Package size: 0.0 
>>> lua-luaxml*: Compressing data...
>>> lua-luaxml*: Create checksum...
>>> lua-luaxml*: Create lua-luaxml-2.0.0-r1.apk
>>> lua5.2-luaxml*: Tracing dependencies...
	lua5.2
	so:libc.musl-x86_64.so.1
>>> lua5.2-luaxml*: Package size: 31.9 KB
>>> lua5.2-luaxml*: Compressing data...
>>> lua5.2-luaxml*: Create checksum...
>>> lua5.2-luaxml*: Create lua5.2-luaxml-2.0.0-r1.apk
>>> lua5.3-luaxml*: Tracing dependencies...
	lua5.3
	so:libc.musl-x86_64.so.1
>>> lua5.3-luaxml*: Package size: 35.9 KB
>>> lua5.3-luaxml*: Compressing data...
>>> lua5.3-luaxml*: Create checksum...
>>> lua5.3-luaxml*: Create lua5.3-luaxml-2.0.0-r1.apk
>>> lua5.4-luaxml*: Tracing dependencies...
	lua5.4
	so:libc.musl-x86_64.so.1
>>> lua5.4-luaxml*: Package size: 35.9 KB
>>> lua5.4-luaxml*: Compressing data...
>>> lua5.4-luaxml*: Create checksum...
>>> lua5.4-luaxml*: Create lua5.4-luaxml-2.0.0-r1.apk
>>> lua-luaxml: Updating the main/x86_64 repository index...
>>> lua-luaxml: Signing the index...
>>> lua-luaxml: Cleaning up srcdir
>>> lua-luaxml: Cleaning up build chroot
>>> lua-luaxml: Cleaning up pkgdir
