pigz: not found
>>> userspace-rcu: Building main/userspace-rcu 0.15.2-r0 (using abuild 3.14.1-r4) started Fri, 23 May 2025 17:49:10 +0000
>>> userspace-rcu: Validating /home/packager/aports/main/userspace-rcu/APKBUILD...
>>> userspace-rcu: Analyzing dependencies...
>>> userspace-rcu: Installing for build: build-base cmd:bash perl perl-utils
(1/2) Installing perl-utils (5.40.2-r0)
(2/2) Installing .makedepends-userspace-rcu (20250523.174912)
Executing busybox-1.37.0-r12.trigger
OK: 565 MiB in 134 packages
>>> userspace-rcu: Cleaning up srcdir
>>> userspace-rcu: Cleaning up pkgdir
>>> userspace-rcu: Cleaning up tmpdir
>>> userspace-rcu: Fetching https://lttng.org/files/urcu/userspace-rcu-0.15.2.tar.bz2
Connecting to lttng.org (158.69.130.25:443)
saving to '/var/cache/distfiles/userspace-rcu-0.15.2.tar.bz2.part'
userspace-rcu-0.15.2 100% |********************************|  667k  0:00:00 ETA
'/var/cache/distfiles/userspace-rcu-0.15.2.tar.bz2.part' saved
>>> userspace-rcu: Fetching https://lttng.org/files/urcu/userspace-rcu-0.15.2.tar.bz2
>>> userspace-rcu: Checking sha512sums...
userspace-rcu-0.15.2.tar.bz2: OK
>>> userspace-rcu: Unpacking /var/cache/distfiles/userspace-rcu-0.15.2.tar.bz2...
checking build system type... x86_64-alpine-linux-musl
checking host system type... x86_64-alpine-linux-musl
checking target system type... x86_64-alpine-linux-musl
checking for a BSD-compatible install... /usr/bin/install -c
checking whether build environment is sane... yes
checking for a race-free mkdir -p... /bin/mkdir -p
checking for gawk... gawk
checking whether make sets $(MAKE)... yes
checking whether make supports nested variables... yes
checking whether to enable maintainer-specific portions of Makefiles... yes
checking whether make supports nested variables... (cached) yes
checking for x86_64-alpine-linux-musl-gcc... gcc
checking whether the C compiler works... no
configure: error: in `/home/packager/aports/main/userspace-rcu/src/userspace-rcu-0.15.2':
configure: error: C compiler cannot create executables
See `config.log' for more details
>>> ERROR: userspace-rcu: build failed
>>> userspace-rcu: Uninstalling dependencies...
(1/2) Purging .makedepends-userspace-rcu (20250523.174912)
(2/2) Purging perl-utils (5.40.2-r0)
Executing busybox-1.37.0-r12.trigger
OK: 564 MiB in 132 packages
