pigz: not found
>>> font-screen-cyrillic: Building main/font-screen-cyrillic 1.0.5-r1 (using abuild 3.14.1-r4) started Fri, 23 May 2025 03:24:20 +0000
>>> font-screen-cyrillic: Validating /home/packager/aports/main/font-screen-cyrillic/APKBUILD...
>>> font-screen-cyrillic: Analyzing dependencies...
>>> font-screen-cyrillic: Installing for build: build-base encodings font-alias mkfontscale fontconfig font-util-dev bdftopcf
(1/11) Installing encodings (1.0.7-r1)
(2/11) Installing font-alias (1.0.5-r0)
(3/11) Installing libfontenc (1.1.8-r0)
(4/11) Installing libpng (1.6.47-r0)
(5/11) Installing freetype (2.13.3-r0)
(6/11) Installing mkfontscale (1.2.3-r1)
(7/11) Installing fontconfig (2.15.0-r1)
(8/11) Installing font-util (1.4.1-r0)
(9/11) Installing font-util-dev (1.4.1-r0)
(10/11) Installing bdftopcf (1.1.2-r0)
(11/11) Installing .makedepends-font-screen-cyrillic (20250523.032423)
Executing mkfontscale-1.2.3-r1.trigger
Executing fontconfig-2.15.0-r1.trigger
Executing busybox-1.37.0-r12.trigger
OK: 315 MiB in 125 packages
>>> font-screen-cyrillic: Cleaning up srcdir
>>> font-screen-cyrillic: Cleaning up pkgdir
>>> font-screen-cyrillic: Cleaning up tmpdir
>>> font-screen-cyrillic: Fetching https://www.x.org/releases/individual/font/font-screen-cyrillic-1.0.5.tar.xz
Connecting to www.x.org (131.252.210.176:443)
saving to '/var/cache/distfiles/font-screen-cyrillic-1.0.5.tar.xz.part'
font-screen-cyrillic  40% |************                    | 39949  0:00:01 ETA
font-screen-cyrillic 100% |********************************| 98788  0:00:00 ETA
'/var/cache/distfiles/font-screen-cyrillic-1.0.5.tar.xz.part' saved
>>> font-screen-cyrillic: Fetching https://www.x.org/releases/individual/font/font-screen-cyrillic-1.0.5.tar.xz
>>> font-screen-cyrillic: Checking sha512sums...
font-screen-cyrillic-1.0.5.tar.xz: OK
>>> font-screen-cyrillic: Unpacking /var/cache/distfiles/font-screen-cyrillic-1.0.5.tar.xz...
configure: WARNING: unrecognized options: --with-mapfiles
checking for a BSD-compatible install... /usr/bin/install -c
checking whether build environment is sane... yes
checking for a race-free mkdir -p... /bin/mkdir -p
checking for gawk... gawk
checking whether make sets $(MAKE)... yes
checking whether make supports nested variables... yes
checking for x86_64-alpine-linux-musl-pkg-config... no
checking for pkg-config... /usr/bin/pkg-config
checking pkg-config is at least version 0.9.0... yes
checking build system type... x86_64-alpine-linux-musl
checking host system type... x86_64-alpine-linux-musl
checking for a sed that does not truncate output... /bin/sed
Package xorg-macros was not found in the pkg-config search path.
Perhaps you should add the directory containing `xorg-macros.pc'
to the PKG_CONFIG_PATH environment variable
Package 'xorg-macros' not found
checking whether make supports nested variables... (cached) yes
checking for root directory for font files... /usr/share/fonts/X11
checking for directory for cyrillic files... /usr/share/fonts/cyrillic
checking for fc-cache... /usr/bin/fc-cache
checking for mkfontdir... /usr/bin/mkfontdir
checking for bdftopcf... /usr/bin/bdftopcf
checking font compression method... gzip
checking for gzip... /usr/bin/gzip
checking options to font compression command... -n
checking that generated files are newer than configure... done
configure: creating ./config.status
config.status: creating Makefile
configure: WARNING: unrecognized options: --with-mapfiles
  GEN      screen8x16b.pcf.gz
  GEN      screen8x16.pcf.gz
>>> font-screen-cyrillic: Entering fakeroot...
make[1]: Entering directory '/home/packager/aports/main/font-screen-cyrillic/src/font-screen-cyrillic-1.0.5'
make[1]: Nothing to be done for 'install-exec-am'.
 /bin/mkdir -p '/home/packager/aports/main/font-screen-cyrillic/pkg/font-screen-cyrillic/usr/share/fonts/cyrillic'
 /usr/bin/install -c -m 644 screen8x16b.pcf.gz screen8x16.pcf.gz '/home/packager/aports/main/font-screen-cyrillic/pkg/font-screen-cyrillic/usr/share/fonts/cyrillic'
make  install-data-hook
make[2]: Entering directory '/home/packager/aports/main/font-screen-cyrillic/src/font-screen-cyrillic-1.0.5'
: /home/packager/aports/main/font-screen-cyrillic/pkg/font-screen-cyrillic/usr/share/fonts/cyrillic
** Warning: fonts.cache not built
** Generate this file manually on host system using fc-cache
make[2]: Leaving directory '/home/packager/aports/main/font-screen-cyrillic/src/font-screen-cyrillic-1.0.5'
make[1]: Leaving directory '/home/packager/aports/main/font-screen-cyrillic/src/font-screen-cyrillic-1.0.5'
>>> font-screen-cyrillic-doc*: Running split function doc...
renamed 'usr/share/licenses' -> '/home/packager/aports/main/font-screen-cyrillic/pkg/font-screen-cyrillic-doc/usr/share/licenses'
>>> font-screen-cyrillic-doc*: Preparing subpackage font-screen-cyrillic-doc...
>>> font-screen-cyrillic-doc*: Running postcheck for font-screen-cyrillic-doc
>>> font-screen-cyrillic*: Running postcheck for font-screen-cyrillic
>>> font-screen-cyrillic*: Preparing package font-screen-cyrillic...
>>> font-screen-cyrillic-doc*: Tracing dependencies...
>>> font-screen-cyrillic-doc*: Package size: 616.0 B
>>> font-screen-cyrillic-doc*: Compressing data...
>>> font-screen-cyrillic-doc*: Create checksum...
libfakeroot internal error: payload not recognized!
pigz: not found
>>> font-screen-cyrillic-doc*: Create font-screen-cyrillic-doc-1.0.5-r1.apk
>>> font-screen-cyrillic*: Tracing dependencies...
	encodings
	font-alias
	mkfontscale
	fontconfig
>>> font-screen-cyrillic*: Package size: 9.0 KB
>>> font-screen-cyrillic*: Compressing data...
>>> font-screen-cyrillic*: Create checksum...
pigz: not found
>>> font-screen-cyrillic*: Create font-screen-cyrillic-1.0.5-r1.apk
>>> font-screen-cyrillic: Build complete at Fri, 23 May 2025 03:24:31 +0000 elapsed time 0h 0m 11s
>>> font-screen-cyrillic: Cleaning up srcdir
>>> font-screen-cyrillic: Cleaning up pkgdir
>>> font-screen-cyrillic: Uninstalling dependencies...
(1/11) Purging .makedepends-font-screen-cyrillic (20250523.032423)
(2/11) Purging encodings (1.0.7-r1)
(3/11) Purging font-alias (1.0.5-r0)
(4/11) Purging mkfontscale (1.2.3-r1)
(5/11) Purging fontconfig (2.15.0-r1)
(6/11) Purging font-util-dev (1.4.1-r0)
(7/11) Purging font-util (1.4.1-r0)
(8/11) Purging bdftopcf (1.1.2-r0)
(9/11) Purging freetype (2.13.3-r0)
(10/11) Purging libfontenc (1.1.8-r0)
(11/11) Purging libpng (1.6.47-r0)
Executing busybox-1.37.0-r12.trigger
OK: 313 MiB in 114 packages
>>> font-screen-cyrillic: Updating the main/x86_64 repository index...
>>> font-screen-cyrillic: Signing the index...
pigz: not found
