>>> bcnm: Validating /home/packager/oily-pine/main/bcnm/APKBUILD...
>>> bcnm: Cleaning up srcdir
>>> bcnm: Cleaning up pkgdir
>>> bcnm: Cleaning up tmpdir
>>> bcnm: Fetching https://skarnet.org/software/bcnm/bcnm-0.0.2.0.tar.gz
  % Total    % Received % Xferd  Average Speed   Time    Time     Time  Current
                                 Dload  Upload   Total   Spent    Left  Speed
  0     0    0     0    0     0      0      0 --:--:-- --:--:-- --:--:--     0100 36482  100 36482    0     0   102k      0 --:--:-- --:--:-- --:--:--  103k
>>> bcnm: Fetching https://skarnet.org/software/bcnm/bcnm-0.0.2.0.tar.gz
>>> bcnm: Checking sha512sums...
bcnm-0.0.2.0.tar.gz: OK
>>> bcnm: Preparing build chroot...
fetch http://dl-cdn.alpinelinux.org/alpine/edge/main/x86_64/APKINDEX.tar.gz
(1/71) Installing musl (1.2.5-r10)
(2/71) Installing libcrypto3 (3.5.0-r0)
(3/71) Installing ca-certificates-bundle (20241121-r2)
(4/71) Installing libssl3 (3.5.0-r0)
(5/71) Installing zlib (1.3.1-r2)
(6/71) Installing libapk2 (2.14.9-r2)
(7/71) Installing apk-tools (2.14.9-r2)
(8/71) Installing libcap2 (2.76-r0)
(9/71) Installing libcap-getcap (2.76-r0)
(10/71) Installing fakeroot (1.37.1.1-r0)
(11/71) Installing scanelf (1.3.8-r1)
(12/71) Installing musl-utils (1.2.5-r10)
(13/71) Installing libgcc (14.3.0-r1)
(14/71) Installing libstdc++ (14.3.0-r1)
(15/71) Installing lzip (1.25-r0)
(16/71) Installing openssl (3.5.0-r0)
(17/71) Installing patch (2.8-r0)
(18/71) Installing pkgconf (2.4.3-r0)
(19/71) Installing acl-libs (2.3.2-r1)
(20/71) Installing tar (1.35-r3)
(21/71) Installing busybox (1.37.0-r18)
Executing busybox-1.37.0-r18.post-install
(22/71) Installing ssl_client (1.37.0-r18)
(23/71) Installing busybox-binsh (1.37.0-r18)
(24/71) Installing abuild (3.15.0-r0)
Executing abuild-3.15.0-r0.pre-install
(25/71) Installing abuild-sudo (3.15.0-r0)
(26/71) Installing alpine-baselayout-data (3.7.0-r0)
(27/71) Installing alpine-baselayout (3.7.0-r0)
Executing alpine-baselayout-3.7.0-r0.pre-install
Executing alpine-baselayout-3.7.0-r0.post-install
(28/71) Installing bridge (1.5-r5)
(29/71) Installing ifupdown-ng (0.12.1-r7)
(30/71) Installing openrc-user (0.62.2-r2)
(31/71) Installing openrc (0.62.2-r2)
Executing openrc-0.62.2-r2.post-install
(32/71) Installing mdev-conf (4.8-r0)
(33/71) Installing busybox-mdev-openrc (1.37.0-r18)
(34/71) Installing alpine-conf (3.20.0-r0)
(35/71) Installing alpine-keys (2.5-r0)
(36/71) Installing alpine-release (3.22.0-r0)
(37/71) Installing busybox-openrc (1.37.0-r18)
(38/71) Installing busybox-suid (1.37.0-r18)
(39/71) Installing alpine-base (3.22.0-r0)
(40/71) Installing jansson (2.14.1-r0)
(41/71) Installing zstd-libs (1.5.7-r0)
(42/71) Installing binutils (2.44-r0)
(43/71) Installing libmagic (5.46-r2)
(44/71) Installing file (5.46-r2)
(45/71) Installing libgomp (14.3.0-r1)
(46/71) Installing libatomic (14.3.0-r1)
(47/71) Installing gmp (6.3.0-r3)
(48/71) Installing isl26 (0.26-r1)
(49/71) Installing mpfr4 (4.2.1_p1-r0)
(50/71) Installing mpc1 (1.3.1-r1)
(51/71) Installing gcc (14.3.0-r1)
(52/71) Installing libstdc++-dev (14.3.0-r1)
(53/71) Installing musl-dev (1.2.5-r10)
(54/71) Installing g++ (14.3.0-r1)
(55/71) Installing make (4.4.1-r3)
(56/71) Installing fortify-headers (1.1-r5)
(57/71) Installing build-base (0.5-r3)
(58/71) Installing brotli-libs (1.1.0-r2)
(59/71) Installing c-ares (1.34.5-r0)
(60/71) Installing libunistring (1.3-r0)
(61/71) Installing libidn2 (2.3.7-r0)
(62/71) Installing nghttp2-libs (1.65.0-r0)
(63/71) Installing libpsl (0.21.5-r3)
(64/71) Installing libcurl (8.14.0-r2)
(65/71) Installing libexpat (2.7.1-r0)
(66/71) Installing pcre2 (10.43-r1)
(67/71) Installing git (2.49.0-r0)
(68/71) Installing git-init-template (2.49.0-r0)
(69/71) Installing linux-headers (6.14.2-r0)
(70/71) Installing skalibs-libs (2.14.4.0-r0)
(71/71) Installing skalibs-dev (2.14.4.0-r0)
Executing busybox-1.37.0-r18.trigger
OK: 266 MiB in 71 packages
>>> bcnm: Fetching https://skarnet.org/software/bcnm/bcnm-0.0.2.0.tar.gz
>>> bcnm: Checking sha512sums...
bcnm-0.0.2.0.tar.gz: OK
>>> bcnm: Unpacking /var/cache/distfiles/bcnm-0.0.2.0.tar.gz...
Checking for C compiler...
  ... cc
Checking whether C compiler works... 
  ... yes
Checking target system type...
  ... x86_64-alpine-linux-musl
Checking whether compiler accepts -fPIC ...
  ... yes
Checking whether compiler accepts -std=c99 ...
  ... yes
Checking whether compiler accepts -fomit-frame-pointer ...
  ... yes
Checking whether compiler accepts -fno-exceptions ...
  ... yes
Checking whether compiler accepts -fno-unwind-tables ...
  ... yes
Checking whether compiler accepts -fno-asynchronous-unwind-tables ...
  ... yes
Checking whether compiler accepts -Werror=implicit-function-declaration ...
  ... yes
Checking whether compiler accepts -Werror=implicit-int ...
  ... yes
Checking whether compiler accepts -Werror=pointer-sign ...
  ... yes
Checking whether compiler accepts -Werror=pointer-arith ...
  ... yes
Checking whether compiler accepts -ffunction-sections ...
  ... yes
Checking whether compiler accepts -fdata-sections ...
  ... yes
Checking whether linker accepts -Wl,--sort-section=alignment ...
  ... yes
Checking whether linker accepts -Wl,--sort-common ...
  ... yes
Checking whether linker accepts -Wl,--hash-style=both ...
  ... yes
Creating config.mak...
  ... done.
Creating src/include/bcnm/config.h...
  ... done.
exec cc -D_POSIX_C_SOURCE=200809L -D_XOPEN_SOURCE=700 -iquote src/include-local -Isrc/include -fPIC -Werror=implicit-function-declaration -Werror=implicit-int -Werror=pointer-sign -Werror=pointer-arith  -pipe -Wall -std=c99 -fno-exceptions -fno-unwind-tables -fno-asynchronous-unwind-tables -ffunction-sections -fdata-sections -O2 -fomit-frame-pointer -Os -fstack-clash-protection -Wformat -Werror=format-security -fno-plt  -c -o src/libbcnm/bcnm_if_getstate.lo src/libbcnm/bcnm_if_getstate.c
exec cc -D_POSIX_C_SOURCE=200809L -D_XOPEN_SOURCE=700 -iquote src/include-local -Isrc/include -fPIC -Werror=implicit-function-declaration -Werror=implicit-int -Werror=pointer-sign -Werror=pointer-arith  -pipe -Wall -std=c99 -fno-exceptions -fno-unwind-tables -fno-asynchronous-unwind-tables -ffunction-sections -fdata-sections -O2 -fomit-frame-pointer -Os -fstack-clash-protection -Wformat -Werror=format-security -fno-plt  -c -o src/libbcnm/bcnm_if_link_init.lo src/libbcnm/bcnm_if_link_init.c
exec cc -D_POSIX_C_SOURCE=200809L -D_XOPEN_SOURCE=700 -iquote src/include-local -Isrc/include -fPIC -Werror=implicit-function-declaration -Werror=implicit-int -Werror=pointer-sign -Werror=pointer-arith  -pipe -Wall -std=c99 -fno-exceptions -fno-unwind-tables -fno-asynchronous-unwind-tables -ffunction-sections -fdata-sections -O2 -fomit-frame-pointer -Os -fstack-clash-protection -Wformat -Werror=format-security -fno-plt  -c -o src/libbcnm/bcnm_if_link_event.lo src/libbcnm/bcnm_if_link_event.c
exec cc -D_POSIX_C_SOURCE=200809L -D_XOPEN_SOURCE=700 -iquote src/include-local -Isrc/include -fPIC -Werror=implicit-function-declaration -Werror=implicit-int -Werror=pointer-sign -Werror=pointer-arith  -pipe -Wall -std=c99 -fno-exceptions -fno-unwind-tables -fno-asynchronous-unwind-tables -ffunction-sections -fdata-sections -O2 -fomit-frame-pointer -Os -fstack-clash-protection -Wformat -Werror=format-security -fno-plt  -c -o src/libwpactrl/wpactrl_ackmsg.lo src/libwpactrl/wpactrl_ackmsg.c
exec cc -D_POSIX_C_SOURCE=200809L -D_XOPEN_SOURCE=700 -iquote src/include-local -Isrc/include -fPIC -Werror=implicit-function-declaration -Werror=implicit-int -Werror=pointer-sign -Werror=pointer-arith  -pipe -Wall -std=c99 -fno-exceptions -fno-unwind-tables -fno-asynchronous-unwind-tables -ffunction-sections -fdata-sections -O2 -fomit-frame-pointer -Os -fstack-clash-protection -Wformat -Werror=format-security -fno-plt  -c -o src/libwpactrl/wpactrl_addnetwork.lo src/libwpactrl/wpactrl_addnetwork.c
exec cc -D_POSIX_C_SOURCE=200809L -D_XOPEN_SOURCE=700 -iquote src/include-local -Isrc/include -fPIC -Werror=implicit-function-declaration -Werror=implicit-int -Werror=pointer-sign -Werror=pointer-arith  -pipe -Wall -std=c99 -fno-exceptions -fno-unwind-tables -fno-asynchronous-unwind-tables -ffunction-sections -fdata-sections -O2 -fomit-frame-pointer -Os -fstack-clash-protection -Wformat -Werror=format-security -fno-plt  -c -o src/libwpactrl/wpactrl_associate.lo src/libwpactrl/wpactrl_associate.c
exec cc -D_POSIX_C_SOURCE=200809L -D_XOPEN_SOURCE=700 -iquote src/include-local -Isrc/include -fPIC -Werror=implicit-function-declaration -Werror=implicit-int -Werror=pointer-sign -Werror=pointer-arith  -pipe -Wall -std=c99 -fno-exceptions -fno-unwind-tables -fno-asynchronous-unwind-tables -ffunction-sections -fdata-sections -O2 -fomit-frame-pointer -Os -fstack-clash-protection -Wformat -Werror=format-security -fno-plt  -c -o src/libwpactrl/wpactrl_bssid_scan.lo src/libwpactrl/wpactrl_bssid_scan.c
exec cc -D_POSIX_C_SOURCE=200809L -D_XOPEN_SOURCE=700 -iquote src/include-local -Isrc/include -fPIC -Werror=implicit-function-declaration -Werror=implicit-int -Werror=pointer-sign -Werror=pointer-arith  -pipe -Wall -std=c99 -fno-exceptions -fno-unwind-tables -fno-asynchronous-unwind-tables -ffunction-sections -fdata-sections -O2 -fomit-frame-pointer -Os -fstack-clash-protection -Wformat -Werror=format-security -fno-plt  -c -o src/libwpactrl/wpactrl_command.lo src/libwpactrl/wpactrl_command.c
exec cc -D_POSIX_C_SOURCE=200809L -D_XOPEN_SOURCE=700 -iquote src/include-local -Isrc/include -fPIC -Werror=implicit-function-declaration -Werror=implicit-int -Werror=pointer-sign -Werror=pointer-arith  -pipe -Wall -std=c99 -fno-exceptions -fno-unwind-tables -fno-asynchronous-unwind-tables -ffunction-sections -fdata-sections -O2 -fomit-frame-pointer -Os -fstack-clash-protection -Wformat -Werror=format-security -fno-plt  -c -o src/libwpactrl/wpactrl_end.lo src/libwpactrl/wpactrl_end.c
exec cc -D_POSIX_C_SOURCE=200809L -D_XOPEN_SOURCE=700 -iquote src/include-local -Isrc/include -fPIC -Werror=implicit-function-declaration -Werror=implicit-int -Werror=pointer-sign -Werror=pointer-arith  -pipe -Wall -std=c99 -fno-exceptions -fno-unwind-tables -fno-asynchronous-unwind-tables -ffunction-sections -fdata-sections -O2 -fomit-frame-pointer -Os -fstack-clash-protection -Wformat -Werror=format-security -fno-plt  -c -o src/libwpactrl/wpactrl_env_parse.lo src/libwpactrl/wpactrl_env_parse.c
exec cc -D_POSIX_C_SOURCE=200809L -D_XOPEN_SOURCE=700 -iquote src/include-local -Isrc/include -fPIC -Werror=implicit-function-declaration -Werror=implicit-int -Werror=pointer-sign -Werror=pointer-arith  -pipe -Wall -std=c99 -fno-exceptions -fno-unwind-tables -fno-asynchronous-unwind-tables -ffunction-sections -fdata-sections -O2 -fomit-frame-pointer -Os -fstack-clash-protection -Wformat -Werror=format-security -fno-plt  -c -o src/libwpactrl/wpactrl_fd_recv.lo src/libwpactrl/wpactrl_fd_recv.c
exec cc -D_POSIX_C_SOURCE=200809L -D_XOPEN_SOURCE=700 -iquote src/include-local -Isrc/include -fPIC -Werror=implicit-function-declaration -Werror=implicit-int -Werror=pointer-sign -Werror=pointer-arith  -pipe -Wall -std=c99 -fno-exceptions -fno-unwind-tables -fno-asynchronous-unwind-tables -ffunction-sections -fdata-sections -O2 -fomit-frame-pointer -Os -fstack-clash-protection -Wformat -Werror=format-security -fno-plt  -c -o src/libwpactrl/wpactrl_fd_timed_recv.lo src/libwpactrl/wpactrl_fd_timed_recv.c
exec cc -D_POSIX_C_SOURCE=200809L -D_XOPEN_SOURCE=700 -iquote src/include-local -Isrc/include -fPIC -Werror=implicit-function-declaration -Werror=implicit-int -Werror=pointer-sign -Werror=pointer-arith  -pipe -Wall -std=c99 -fno-exceptions -fno-unwind-tables -fno-asynchronous-unwind-tables -ffunction-sections -fdata-sections -O2 -fomit-frame-pointer -Os -fstack-clash-protection -Wformat -Werror=format-security -fno-plt  -c -o src/libwpactrl/wpactrl_filter_add.lo src/libwpactrl/wpactrl_filter_add.c
exec cc -D_POSIX_C_SOURCE=200809L -D_XOPEN_SOURCE=700 -iquote src/include-local -Isrc/include -fPIC -Werror=implicit-function-declaration -Werror=implicit-int -Werror=pointer-sign -Werror=pointer-arith  -pipe -Wall -std=c99 -fno-exceptions -fno-unwind-tables -fno-asynchronous-unwind-tables -ffunction-sections -fdata-sections -O2 -fomit-frame-pointer -Os -fstack-clash-protection -Wformat -Werror=format-security -fno-plt  -c -o src/libwpactrl/wpactrl_filter_exact_search.lo src/libwpactrl/wpactrl_filter_exact_search.c
exec cc -D_POSIX_C_SOURCE=200809L -D_XOPEN_SOURCE=700 -iquote src/include-local -Isrc/include -fPIC -Werror=implicit-function-declaration -Werror=implicit-int -Werror=pointer-sign -Werror=pointer-arith  -pipe -Wall -std=c99 -fno-exceptions -fno-unwind-tables -fno-asynchronous-unwind-tables -ffunction-sections -fdata-sections -O2 -fomit-frame-pointer -Os -fstack-clash-protection -Wformat -Werror=format-security -fno-plt  -c -o src/libwpactrl/wpactrl_filter_match.lo src/libwpactrl/wpactrl_filter_match.c
exec cc -D_POSIX_C_SOURCE=200809L -D_XOPEN_SOURCE=700 -iquote src/include-local -Isrc/include -fPIC -Werror=implicit-function-declaration -Werror=implicit-int -Werror=pointer-sign -Werror=pointer-arith  -pipe -Wall -std=c99 -fno-exceptions -fno-unwind-tables -fno-asynchronous-unwind-tables -ffunction-sections -fdata-sections -O2 -fomit-frame-pointer -Os -fstack-clash-protection -Wformat -Werror=format-security -fno-plt  -c -o src/libwpactrl/wpactrl_filter_remove.lo src/libwpactrl/wpactrl_filter_remove.c
exec cc -D_POSIX_C_SOURCE=200809L -D_XOPEN_SOURCE=700 -iquote src/include-local -Isrc/include -fPIC -Werror=implicit-function-declaration -Werror=implicit-int -Werror=pointer-sign -Werror=pointer-arith  -pipe -Wall -std=c99 -fno-exceptions -fno-unwind-tables -fno-asynchronous-unwind-tables -ffunction-sections -fdata-sections -O2 -fomit-frame-pointer -Os -fstack-clash-protection -Wformat -Werror=format-security -fno-plt  -c -o src/libwpactrl/wpactrl_findnetwork.lo src/libwpactrl/wpactrl_findnetwork.c
exec cc -D_POSIX_C_SOURCE=200809L -D_XOPEN_SOURCE=700 -iquote src/include-local -Isrc/include -fPIC -Werror=implicit-function-declaration -Werror=implicit-int -Werror=pointer-sign -Werror=pointer-arith  -pipe -Wall -std=c99 -fno-exceptions -fno-unwind-tables -fno-asynchronous-unwind-tables -ffunction-sections -fdata-sections -O2 -fomit-frame-pointer -Os -fstack-clash-protection -Wformat -Werror=format-security -fno-plt  -c -o src/libwpactrl/wpactrl_flags_scan.lo src/libwpactrl/wpactrl_flags_scan.c
exec cc -D_POSIX_C_SOURCE=200809L -D_XOPEN_SOURCE=700 -iquote src/include-local -Isrc/include -fPIC -Werror=implicit-function-declaration -Werror=implicit-int -Werror=pointer-sign -Werror=pointer-arith  -pipe -Wall -std=c99 -fno-exceptions -fno-unwind-tables -fno-asynchronous-unwind-tables -ffunction-sections -fdata-sections -O2 -fomit-frame-pointer -Os -fstack-clash-protection -Wformat -Werror=format-security -fno-plt  -c -o src/libwpactrl/wpactrl_msg.lo src/libwpactrl/wpactrl_msg.c
exec cc -D_POSIX_C_SOURCE=200809L -D_XOPEN_SOURCE=700 -iquote src/include-local -Isrc/include -fPIC -Werror=implicit-function-declaration -Werror=implicit-int -Werror=pointer-sign -Werror=pointer-arith  -pipe -Wall -std=c99 -fno-exceptions -fno-unwind-tables -fno-asynchronous-unwind-tables -ffunction-sections -fdata-sections -O2 -fomit-frame-pointer -Os -fstack-clash-protection -Wformat -Werror=format-security -fno-plt  -c -o src/libwpactrl/wpactrl_networks_parse.lo src/libwpactrl/wpactrl_networks_parse.c
exec cc -D_POSIX_C_SOURCE=200809L -D_XOPEN_SOURCE=700 -iquote src/include-local -Isrc/include -fPIC -Werror=implicit-function-declaration -Werror=implicit-int -Werror=pointer-sign -Werror=pointer-arith  -pipe -Wall -std=c99 -fno-exceptions -fno-unwind-tables -fno-asynchronous-unwind-tables -ffunction-sections -fdata-sections -O2 -fomit-frame-pointer -Os -fstack-clash-protection -Wformat -Werror=format-security -fno-plt  -c -o src/libwpactrl/wpactrl_query.lo src/libwpactrl/wpactrl_query.c
exec cc -D_POSIX_C_SOURCE=200809L -D_XOPEN_SOURCE=700 -iquote src/include-local -Isrc/include -fPIC -Werror=implicit-function-declaration -Werror=implicit-int -Werror=pointer-sign -Werror=pointer-arith  -pipe -Wall -std=c99 -fno-exceptions -fno-unwind-tables -fno-asynchronous-unwind-tables -ffunction-sections -fdata-sections -O2 -fomit-frame-pointer -Os -fstack-clash-protection -Wformat -Werror=format-security -fno-plt  -c -o src/libwpactrl/wpactrl_querysa.lo src/libwpactrl/wpactrl_querysa.c
exec cc -D_POSIX_C_SOURCE=200809L -D_XOPEN_SOURCE=700 -iquote src/include-local -Isrc/include -fPIC -Werror=implicit-function-declaration -Werror=implicit-int -Werror=pointer-sign -Werror=pointer-arith  -pipe -Wall -std=c99 -fno-exceptions -fno-unwind-tables -fno-asynchronous-unwind-tables -ffunction-sections -fdata-sections -O2 -fomit-frame-pointer -Os -fstack-clash-protection -Wformat -Werror=format-security -fno-plt  -c -o src/libwpactrl/wpactrl_removenetwork.lo src/libwpactrl/wpactrl_removenetwork.c
exec cc -D_POSIX_C_SOURCE=200809L -D_XOPEN_SOURCE=700 -iquote src/include-local -Isrc/include -fPIC -Werror=implicit-function-declaration -Werror=implicit-int -Werror=pointer-sign -Werror=pointer-arith  -pipe -Wall -std=c99 -fno-exceptions -fno-unwind-tables -fno-asynchronous-unwind-tables -ffunction-sections -fdata-sections -O2 -fomit-frame-pointer -Os -fstack-clash-protection -Wformat -Werror=format-security -fno-plt  -c -o src/libwpactrl/wpactrl_scan_parse.lo src/libwpactrl/wpactrl_scan_parse.c
exec cc -D_POSIX_C_SOURCE=200809L -D_XOPEN_SOURCE=700 -iquote src/include-local -Isrc/include -fPIC -Werror=implicit-function-declaration -Werror=implicit-int -Werror=pointer-sign -Werror=pointer-arith  -pipe -Wall -std=c99 -fno-exceptions -fno-unwind-tables -fno-asynchronous-unwind-tables -ffunction-sections -fdata-sections -O2 -fomit-frame-pointer -Os -fstack-clash-protection -Wformat -Werror=format-security -fno-plt  -c -o src/libwpactrl/wpactrl_selectnetwork.lo src/libwpactrl/wpactrl_selectnetwork.c
exec cc -D_POSIX_C_SOURCE=200809L -D_XOPEN_SOURCE=700 -iquote src/include-local -Isrc/include -fPIC -Werror=implicit-function-declaration -Werror=implicit-int -Werror=pointer-sign -Werror=pointer-arith  -pipe -Wall -std=c99 -fno-exceptions -fno-unwind-tables -fno-asynchronous-unwind-tables -ffunction-sections -fdata-sections -O2 -fomit-frame-pointer -Os -fstack-clash-protection -Wformat -Werror=format-security -fno-plt  -c -o src/libwpactrl/wpactrl_setnetworkoption.lo src/libwpactrl/wpactrl_setnetworkoption.c
exec cc -D_POSIX_C_SOURCE=200809L -D_XOPEN_SOURCE=700 -iquote src/include-local -Isrc/include -fPIC -Werror=implicit-function-declaration -Werror=implicit-int -Werror=pointer-sign -Werror=pointer-arith  -pipe -Wall -std=c99 -fno-exceptions -fno-unwind-tables -fno-asynchronous-unwind-tables -ffunction-sections -fdata-sections -O2 -fomit-frame-pointer -Os -fstack-clash-protection -Wformat -Werror=format-security -fno-plt  -c -o src/libwpactrl/wpactrl_start.lo src/libwpactrl/wpactrl_start.c
exec cc -D_POSIX_C_SOURCE=200809L -D_XOPEN_SOURCE=700 -iquote src/include-local -Isrc/include -fPIC -Werror=implicit-function-declaration -Werror=implicit-int -Werror=pointer-sign -Werror=pointer-arith  -pipe -Wall -std=c99 -fno-exceptions -fno-unwind-tables -fno-asynchronous-unwind-tables -ffunction-sections -fdata-sections -O2 -fomit-frame-pointer -Os -fstack-clash-protection -Wformat -Werror=format-security -fno-plt  -c -o src/libwpactrl/wpactrl_startscan.lo src/libwpactrl/wpactrl_startscan.c
exec cc -D_POSIX_C_SOURCE=200809L -D_XOPEN_SOURCE=700 -iquote src/include-local -Isrc/include -fPIC -Werror=implicit-function-declaration -Werror=implicit-int -Werror=pointer-sign -Werror=pointer-arith  -pipe -Wall -std=c99 -fno-exceptions -fno-unwind-tables -fno-asynchronous-unwind-tables -ffunction-sections -fdata-sections -O2 -fomit-frame-pointer -Os -fstack-clash-protection -Wformat -Werror=format-security -fno-plt  -c -o src/libwpactrl/wpactrl_update.lo src/libwpactrl/wpactrl_update.c
exec cc -D_POSIX_C_SOURCE=200809L -D_XOPEN_SOURCE=700 -iquote src/include-local -Isrc/include -fPIC -Werror=implicit-function-declaration -Werror=implicit-int -Werror=pointer-sign -Werror=pointer-arith  -pipe -Wall -std=c99 -fno-exceptions -fno-unwind-tables -fno-asynchronous-unwind-tables -ffunction-sections -fdata-sections -O2 -fomit-frame-pointer -Os -fstack-clash-protection -Wformat -Werror=format-security -fno-plt  -c -o src/libwpactrl/wpactrl_xchg_cbres_free.lo src/libwpactrl/wpactrl_xchg_cbres_free.c
exec cc -D_POSIX_C_SOURCE=200809L -D_XOPEN_SOURCE=700 -iquote src/include-local -Isrc/include -fPIC -Werror=implicit-function-declaration -Werror=implicit-int -Werror=pointer-sign -Werror=pointer-arith  -pipe -Wall -std=c99 -fno-exceptions -fno-unwind-tables -fno-asynchronous-unwind-tables -ffunction-sections -fdata-sections -O2 -fomit-frame-pointer -Os -fstack-clash-protection -Wformat -Werror=format-security -fno-plt  -c -o src/libwpactrl/wpactrl_xchg_cbres_zero.lo src/libwpactrl/wpactrl_xchg_cbres_zero.c
exec cc -D_POSIX_C_SOURCE=200809L -D_XOPEN_SOURCE=700 -iquote src/include-local -Isrc/include -fPIC -Werror=implicit-function-declaration -Werror=implicit-int -Werror=pointer-sign -Werror=pointer-arith  -pipe -Wall -std=c99 -fno-exceptions -fno-unwind-tables -fno-asynchronous-unwind-tables -ffunction-sections -fdata-sections -O2 -fomit-frame-pointer -Os -fstack-clash-protection -Wformat -Werror=format-security -fno-plt  -c -o src/libwpactrl/wpactrl_xchg_computedeadline.lo src/libwpactrl/wpactrl_xchg_computedeadline.c
exec cc -D_POSIX_C_SOURCE=200809L -D_XOPEN_SOURCE=700 -iquote src/include-local -Isrc/include -fPIC -Werror=implicit-function-declaration -Werror=implicit-int -Werror=pointer-sign -Werror=pointer-arith  -pipe -Wall -std=c99 -fno-exceptions -fno-unwind-tables -fno-asynchronous-unwind-tables -ffunction-sections -fdata-sections -O2 -fomit-frame-pointer -Os -fstack-clash-protection -Wformat -Werror=format-security -fno-plt  -c -o src/libwpactrl/wpactrl_xchg_event.lo src/libwpactrl/wpactrl_xchg_event.c
exec cc -D_POSIX_C_SOURCE=200809L -D_XOPEN_SOURCE=700 -iquote src/include-local -Isrc/include -fPIC -Werror=implicit-function-declaration -Werror=implicit-int -Werror=pointer-sign -Werror=pointer-arith  -pipe -Wall -std=c99 -fno-exceptions -fno-unwind-tables -fno-asynchronous-unwind-tables -ffunction-sections -fdata-sections -O2 -fomit-frame-pointer -Os -fstack-clash-protection -Wformat -Werror=format-security -fno-plt  -c -o src/libwpactrl/wpactrl_xchg_init.lo src/libwpactrl/wpactrl_xchg_init.c
exec cc -D_POSIX_C_SOURCE=200809L -D_XOPEN_SOURCE=700 -iquote src/include-local -Isrc/include -fPIC -Werror=implicit-function-declaration -Werror=implicit-int -Werror=pointer-sign -Werror=pointer-arith  -pipe -Wall -std=c99 -fno-exceptions -fno-unwind-tables -fno-asynchronous-unwind-tables -ffunction-sections -fdata-sections -O2 -fomit-frame-pointer -Os -fstack-clash-protection -Wformat -Werror=format-security -fno-plt  -c -o src/libwpactrl/wpactrl_xchg_start.lo src/libwpactrl/wpactrl_xchg_start.c
exec cc -D_POSIX_C_SOURCE=200809L -D_XOPEN_SOURCE=700 -iquote src/include-local -Isrc/include -fPIC -Werror=implicit-function-declaration -Werror=implicit-int -Werror=pointer-sign -Werror=pointer-arith  -pipe -Wall -std=c99 -fno-exceptions -fno-unwind-tables -fno-asynchronous-unwind-tables -ffunction-sections -fdata-sections -O2 -fomit-frame-pointer -Os -fstack-clash-protection -Wformat -Werror=format-security -fno-plt  -c -o src/libwpactrl/wpactrl_xchg_timeout.lo src/libwpactrl/wpactrl_xchg_timeout.c
exec cc -D_POSIX_C_SOURCE=200809L -D_XOPEN_SOURCE=700 -iquote src/include-local -Isrc/include -fPIC -Werror=implicit-function-declaration -Werror=implicit-int -Werror=pointer-sign -Werror=pointer-arith  -pipe -Wall -std=c99 -fno-exceptions -fno-unwind-tables -fno-asynchronous-unwind-tables -ffunction-sections -fdata-sections -O2 -fomit-frame-pointer -Os -fstack-clash-protection -Wformat -Werror=format-security -fno-plt  -c -o src/libwpactrl/wpactrl_xchg_zero.lo src/libwpactrl/wpactrl_xchg_zero.c
exec cc -D_POSIX_C_SOURCE=200809L -D_XOPEN_SOURCE=700 -iquote src/include-local -Isrc/include -fPIC -Werror=implicit-function-declaration -Werror=implicit-int -Werror=pointer-sign -Werror=pointer-arith  -pipe -Wall -std=c99 -fno-exceptions -fno-unwind-tables -fno-asynchronous-unwind-tables -ffunction-sections -fdata-sections -O2 -fomit-frame-pointer -Os -fstack-clash-protection -Wformat -Werror=format-security -fno-plt  -c -o src/libwpactrl/wpactrl_zero.lo src/libwpactrl/wpactrl_zero.c
exec ar rc libbcnm.a.xyzzy src/libbcnm/bcnm_if_getstate.lo src/libbcnm/bcnm_if_link_init.lo src/libbcnm/bcnm_if_link_event.lo
exec cc -D_POSIX_C_SOURCE=200809L -D_XOPEN_SOURCE=700 -iquote src/include-local -Isrc/include -fPIC -Werror=implicit-function-declaration -Werror=implicit-int -Werror=pointer-sign -Werror=pointer-arith  -pipe -Wall -std=c99 -fno-exceptions -fno-unwind-tables -fno-asynchronous-unwind-tables -ffunction-sections -fdata-sections -O2 -fomit-frame-pointer -Os -fstack-clash-protection -Wformat -Werror=format-security -fno-plt -c -o src/utils/bcnm-waitif.o src/utils/bcnm-waitif.c
exec env library="bcnm" includedir="/usr/include" dynlibdir="/usr/lib" libdir="/usr/lib" extra_includedirs="" extra_libdirs="" extra_libs="-lskarnet" description="A library to read uevents related to network interfaces without race conditions" url="" ldlibs="" ./tools/gen-dotpc.sh > libbcnm.pc.tmp
exec ranlib libbcnm.a.xyzzy
exec env library="wpactrl" includedir="/usr/include" dynlibdir="/usr/lib" libdir="/usr/lib" extra_includedirs="" extra_libdirs="" extra_libs="-lskarnet" description="A library to command wpa_supplicant from C without going through wpa_cli" url="" ldlibs="" ./tools/gen-dotpc.sh > libwpactrl.pc.tmp
exec cc -o libbcnm.so.xyzzy -pipe -Wall -std=c99 -fno-exceptions -fno-unwind-tables -fno-asynchronous-unwind-tables -ffunction-sections -fdata-sections -O2 -fomit-frame-pointer -Os -fstack-clash-protection -Wformat -Werror=format-security -fno-plt  -Wl,--sort-section=alignment -Wl,--sort-common -Wl,--hash-style=both -Wl,--as-needed,-O1,--sort-common -Wl,-z,pack-relative-relocs -shared -Wl,-soname,libbcnm.so.0.0 -Wl,-rpath=/usr/lib src/libbcnm/bcnm_if_getstate.lo src/libbcnm/bcnm_if_link_init.lo src/libbcnm/bcnm_if_link_event.lo -lskarnet 
exec mv -f libbcnm.pc.tmp libbcnm.pc
exec mv -f libwpactrl.pc.tmp libwpactrl.pc
exec cc -o libwpactrl.so.xyzzy -pipe -Wall -std=c99 -fno-exceptions -fno-unwind-tables -fno-asynchronous-unwind-tables -ffunction-sections -fdata-sections -O2 -fomit-frame-pointer -Os -fstack-clash-protection -Wformat -Werror=format-security -fno-plt  -Wl,--sort-section=alignment -Wl,--sort-common -Wl,--hash-style=both -Wl,--as-needed,-O1,--sort-common -Wl,-z,pack-relative-relocs -shared -Wl,-soname,libwpactrl.so.0.0 -Wl,-rpath=/usr/lib src/libwpactrl/wpactrl_ackmsg.lo src/libwpactrl/wpactrl_addnetwork.lo src/libwpactrl/wpactrl_associate.lo src/libwpactrl/wpactrl_bssid_scan.lo src/libwpactrl/wpactrl_command.lo src/libwpactrl/wpactrl_end.lo src/libwpactrl/wpactrl_env_parse.lo src/libwpactrl/wpactrl_fd_recv.lo src/libwpactrl/wpactrl_fd_timed_recv.lo src/libwpactrl/wpactrl_filter_add.lo src/libwpactrl/wpactrl_filter_exact_search.lo src/libwpactrl/wpactrl_filter_match.lo src/libwpactrl/wpactrl_filter_remove.lo src/libwpactrl/wpactrl_findnetwork.lo src/libwpactrl/wpactrl_flags_scan.lo src/libwpactrl/wpactrl_msg.lo src/libwpactrl/wpactrl_networks_parse.lo src/libwpactrl/wpactrl_query.lo src/libwpactrl/wpactrl_querysa.lo src/libwpactrl/wpactrl_removenetwork.lo src/libwpactrl/wpactrl_scan_parse.lo src/libwpactrl/wpactrl_selectnetwork.lo src/libwpactrl/wpactrl_setnetworkoption.lo src/libwpactrl/wpactrl_start.lo src/libwpactrl/wpactrl_startscan.lo src/libwpactrl/wpactrl_update.lo src/libwpactrl/wpactrl_xchg_cbres_free.lo src/libwpactrl/wpactrl_xchg_cbres_zero.lo src/libwpactrl/wpactrl_xchg_computedeadline.lo src/libwpactrl/wpactrl_xchg_event.lo src/libwpactrl/wpactrl_xchg_init.lo src/libwpactrl/wpactrl_xchg_start.lo src/libwpactrl/wpactrl_xchg_timeout.lo src/libwpactrl/wpactrl_xchg_zero.lo src/libwpactrl/wpactrl_zero.lo -lskarnet 
exec ar rc libwpactrl.a.xyzzy src/libwpactrl/wpactrl_ackmsg.lo src/libwpactrl/wpactrl_addnetwork.lo src/libwpactrl/wpactrl_associate.lo src/libwpactrl/wpactrl_bssid_scan.lo src/libwpactrl/wpactrl_command.lo src/libwpactrl/wpactrl_end.lo src/libwpactrl/wpactrl_env_parse.lo src/libwpactrl/wpactrl_fd_recv.lo src/libwpactrl/wpactrl_fd_timed_recv.lo src/libwpactrl/wpactrl_filter_add.lo src/libwpactrl/wpactrl_filter_exact_search.lo src/libwpactrl/wpactrl_filter_match.lo src/libwpactrl/wpactrl_filter_remove.lo src/libwpactrl/wpactrl_findnetwork.lo src/libwpactrl/wpactrl_flags_scan.lo src/libwpactrl/wpactrl_msg.lo src/libwpactrl/wpactrl_networks_parse.lo src/libwpactrl/wpactrl_query.lo src/libwpactrl/wpactrl_querysa.lo src/libwpactrl/wpactrl_removenetwork.lo src/libwpactrl/wpactrl_scan_parse.lo src/libwpactrl/wpactrl_selectnetwork.lo src/libwpactrl/wpactrl_setnetworkoption.lo src/libwpactrl/wpactrl_start.lo src/libwpactrl/wpactrl_startscan.lo src/libwpactrl/wpactrl_update.lo src/libwpactrl/wpactrl_xchg_cbres_free.lo src/libwpactrl/wpactrl_xchg_cbres_zero.lo src/libwpactrl/wpactrl_xchg_computedeadline.lo src/libwpactrl/wpactrl_xchg_event.lo src/libwpactrl/wpactrl_xchg_init.lo src/libwpactrl/wpactrl_xchg_start.lo src/libwpactrl/wpactrl_xchg_timeout.lo src/libwpactrl/wpactrl_xchg_zero.lo src/libwpactrl/wpactrl_zero.lo
exec ranlib libwpactrl.a.xyzzy
exec cc -o bcnm-waitif -pipe -Wall -std=c99 -fno-exceptions -fno-unwind-tables -fno-asynchronous-unwind-tables -ffunction-sections -fdata-sections -O2 -fomit-frame-pointer -Os -fstack-clash-protection -Wformat -Werror=format-security -fno-plt -Wl,--sort-section=alignment -Wl,--sort-common -Wl,--hash-style=both -Wl,--as-needed,-O1,--sort-common -Wl,-z,pack-relative-relocs  src/utils/bcnm-waitif.o libbcnm.a.xyzzy /usr/lib/libskarnet.so   
>>> bcnm: Entering fakeroot...
./tools/install.sh -D -m 755 libbcnm.so.xyzzy /tmp/pkg/bcnm/usr/lib/libbcnm.so.0.0.2.0 && \
./tools/install.sh -l libbcnm.so.0.0.2.0 /tmp/pkg/bcnm/usr/lib/libbcnm.so.0.0 && \
exec ./tools/install.sh -l libbcnm.so.0.0 /tmp/pkg/bcnm/usr/lib/libbcnm.so
./tools/install.sh -D -m 755 libwpactrl.so.xyzzy /tmp/pkg/bcnm/usr/lib/libwpactrl.so.0.0.2.0 && \
./tools/install.sh -l libwpactrl.so.0.0.2.0 /tmp/pkg/bcnm/usr/lib/libwpactrl.so.0.0 && \
exec ./tools/install.sh -l libwpactrl.so.0.0 /tmp/pkg/bcnm/usr/lib/libwpactrl.so
exec ./tools/install.sh -D -m 600 bcnm-waitif /tmp/pkg/bcnm/usr/bin/bcnm-waitif
exec ./tools/install.sh -D -m 644 libbcnm.a.xyzzy /tmp/pkg/bcnm/usr/lib/libbcnm.a
exec ./tools/install.sh -D -m 644 libwpactrl.a.xyzzy /tmp/pkg/bcnm/usr/lib/libwpactrl.a
exec ./tools/install.sh -D -m 644 src/include/bcnm/bcnm.h /tmp/pkg/bcnm/usr/include/bcnm/bcnm.h
exec ./tools/install.sh -D -m 644 src/include/bcnm/config.h /tmp/pkg/bcnm/usr/include/bcnm/config.h
exec ./tools/install.sh -D -m 644 src/include/bcnm/if.h /tmp/pkg/bcnm/usr/include/bcnm/if.h
exec ./tools/install.sh -D -m 644 src/include/bcnm/wpactrl.h /tmp/pkg/bcnm/usr/include/bcnm/wpactrl.h
exec ./tools/install.sh -D -m 644 libbcnm.pc /tmp/pkg/bcnm/usr/lib/pkgconfig/libbcnm.pc
exec ./tools/install.sh -D -m 644 libwpactrl.pc /tmp/pkg/bcnm/usr/lib/pkgconfig/libwpactrl.pc
grep -- ^bcnm-waitif < package/modes | { read name mode owner && if [ x$owner != x ] ; then chown -- $owner /tmp/pkg/bcnm/usr/bin/bcnm-waitif ; fi && chmod $mode /tmp/pkg/bcnm/usr/bin/bcnm-waitif ; }
>>> bcnm-static*: Running split function static...
'usr/lib/libwpactrl.a' -> '/tmp/pkg/bcnm-static/usr/lib/libwpactrl.a'
'usr/lib/libbcnm.a' -> '/tmp/pkg/bcnm-static/usr/lib/libbcnm.a'
>>> bcnm-static*: Preparing subpackage bcnm-static...
>>> bcnm-static*: Stripping binaries
>>> bcnm-static*: Running postcheck for bcnm-static
>>> bcnm-libs*: Running split function libs...
'usr/lib/libbcnm.so.0.0' -> '/tmp/pkg/bcnm-libs/usr/lib/libbcnm.so.0.0'
'usr/lib/libbcnm.so.0.0.2.0' -> '/tmp/pkg/bcnm-libs/usr/lib/libbcnm.so.0.0.2.0'
'usr/lib/libwpactrl.so.0.0' -> '/tmp/pkg/bcnm-libs/usr/lib/libwpactrl.so.0.0'
'usr/lib/libwpactrl.so.0.0.2.0' -> '/tmp/pkg/bcnm-libs/usr/lib/libwpactrl.so.0.0.2.0'
>>> bcnm-libs*: Preparing subpackage bcnm-libs...
>>> bcnm-libs*: Stripping binaries
>>> WARNING: bcnm-libs*: Redundant /usr/lib in rpath found
>>> bcnm-libs*: Running postcheck for bcnm-libs
>>> bcnm-dev*: Running split function dev...
'usr/include' -> '/tmp/pkg/bcnm-dev/usr/include'
'usr/lib/pkgconfig' -> '/tmp/pkg/bcnm-dev/usr/lib/pkgconfig'
'usr/lib/libbcnm.so' -> '/tmp/pkg/bcnm-dev/usr/lib/libbcnm.so'
'usr/lib/libwpactrl.so' -> '/tmp/pkg/bcnm-dev/usr/lib/libwpactrl.so'
>>> bcnm-dev*: Preparing subpackage bcnm-dev...
>>> bcnm-dev*: Stripping binaries
>>> bcnm-dev*: Running postcheck for bcnm-dev
>>> bcnm-doc*: Running split function doc...
'usr/share/doc' -> '/tmp/pkg/bcnm-doc/usr/share/doc'
>>> bcnm-doc*: Preparing subpackage bcnm-doc...
>>> bcnm-doc*: Running postcheck for bcnm-doc
>>> bcnm*: Running postcheck for bcnm
>>> bcnm*: Preparing package bcnm...
>>> bcnm*: Stripping binaries
>>> bcnm-dev*: Scanning shared objects
>>> bcnm-doc*: Scanning shared objects
>>> bcnm-libs*: Scanning shared objects
>>> bcnm-static*: Scanning shared objects
>>> bcnm*: Scanning shared objects
>>> bcnm-dev*: Tracing dependencies...
	bcnm-libs=0.0.2.0-r0
	pc:libskarnet>=2.14.4.0
	pkgconfig
>>> bcnm-dev*: Package size: 8.0 KB
>>> bcnm-dev*: Compressing data...
>>> bcnm-dev*: Create checksum...
>>> bcnm-dev*: Create bcnm-dev-0.0.2.0-r0.apk
>>> bcnm-doc*: Tracing dependencies...
>>> bcnm-doc*: Package size: 32.2 KB
>>> bcnm-doc*: Compressing data...
>>> bcnm-doc*: Create checksum...
>>> bcnm-doc*: Create bcnm-doc-0.0.2.0-r0.apk
>>> bcnm-libs*: Tracing dependencies...
	so:libc.musl-x86_64.so.1
	so:libskarnet.so.2.14
>>> bcnm-libs*: Package size: 35.2 KB
>>> bcnm-libs*: Compressing data...
>>> bcnm-libs*: Create checksum...
>>> bcnm-libs*: Create bcnm-libs-0.0.2.0-r0.apk
>>> bcnm-static*: Tracing dependencies...
>>> bcnm-static*: Package size: 70.1 KB
>>> bcnm-static*: Compressing data...
>>> bcnm-static*: Create checksum...
>>> bcnm-static*: Create bcnm-static-0.0.2.0-r0.apk
>>> bcnm*: Tracing dependencies...
	so:libc.musl-x86_64.so.1
	so:libskarnet.so.2.14
>>> bcnm*: Package size: 13.8 KB
>>> bcnm*: Compressing data...
>>> bcnm*: Create checksum...
>>> bcnm*: Create bcnm-0.0.2.0-r0.apk
>>> bcnm: Updating the main/x86_64 repository index...
>>> bcnm: Signing the index...
>>> bcnm: Cleaning up srcdir
>>> bcnm: Cleaning up build chroot
>>> bcnm: Cleaning up pkgdir
