pigz: not found
>>> perl-gdgraph: Building main/perl-gdgraph 1.56-r2 (using abuild 3.14.1-r4) started Fri, 23 May 2025 03:19:49 +0000
>>> perl-gdgraph: Validating /home/packager/aports/main/perl-gdgraph/APKBUILD...
>>> perl-gdgraph: Analyzing dependencies...
>>> perl-gdgraph: Installing for build: build-base perl perl-gd perl-gdtextutil perl-capture-tiny perl-test-exception
(1/29) Installing libxau (1.0.12-r0)
(2/29) Installing libmd (1.1.0-r0)
(3/29) Installing libbsd (0.12.2-r0)
(4/29) Installing libxdmcp (1.1.5-r1)
(5/29) Installing libxcb (1.16.1-r0)
(6/29) Installing libx11 (1.8.10-r0)
(7/29) Installing libxext (1.3.6-r2)
(8/29) Installing libice (1.1.1-r6)
(9/29) Installing libuuid (2.40.4-r1)
(10/29) Installing libsm (1.2.4-r4)
(11/29) Installing libxt (1.3.1-r0)
(12/29) Installing libxpm (3.5.17-r0)
(13/29) Installing aom-libs (3.11.0-r1)
(14/29) Installing libdav1d (1.5.1-r0)
(15/29) Installing libsharpyuv (1.4.0-r0)
(16/29) Installing libavif (1.0.4-r0)
(17/29) Installing libpng (1.6.47-r0)
(18/29) Installing freetype (2.13.3-r0)
(19/29) Installing fontconfig (2.15.0-r1)
(20/29) Installing libjpeg-turbo (3.1.0-r0)
(21/29) Installing libwebp (1.4.0-r0)
(22/29) Installing tiff (4.7.0-r0)
(23/29) Installing libgd (2.3.3-r9)
(24/29) Installing perl-gd (2.83-r0)
(25/29) Installing perl-gdtextutil (0.86-r5)
(26/29) Installing perl-capture-tiny (0.50-r0)
(27/29) Installing perl-sub-uplevel (0.2800-r6)
(28/29) Installing perl-test-exception (0.43-r4)
(29/29) Installing .makedepends-perl-gdgraph (20250523.031951)
Executing busybox-1.37.0-r12.trigger
OK: 330 MiB in 143 packages
>>> perl-gdgraph: Cleaning up srcdir
>>> perl-gdgraph: Cleaning up pkgdir
>>> perl-gdgraph: Cleaning up tmpdir
>>> perl-gdgraph: Fetching https://cpan.metacpan.org/authors/id/B/BP/BPS/GDGraph-1.56.tar.gz
Connecting to cpan.metacpan.org (146.75.122.217:443)
saving to '/var/cache/distfiles/GDGraph-1.56.tar.gz.part'
GDGraph-1.56.tar.gz. 100% |********************************|  159k  0:00:00 ETA
'/var/cache/distfiles/GDGraph-1.56.tar.gz.part' saved
>>> perl-gdgraph: Fetching https://cpan.metacpan.org/authors/id/B/BP/BPS/GDGraph-1.56.tar.gz
>>> perl-gdgraph: Checking sha512sums...
GDGraph-1.56.tar.gz: OK
>>> perl-gdgraph: Unpacking /var/cache/distfiles/GDGraph-1.56.tar.gz...
tar: Ignoring unknown extended header keyword 'LIBARCHIVE.xattr.com.macromates.visibleIndex'
tar: Ignoring unknown extended header keyword 'LIBARCHIVE.xattr.com.macromates.selectionRange'
tar: Ignoring unknown extended header keyword 'LIBARCHIVE.xattr.com.macromates.visibleIndex'
tar: Ignoring unknown extended header keyword 'LIBARCHIVE.xattr.com.macromates.selectionRange'
tar: Ignoring unknown extended header keyword 'LIBARCHIVE.xattr.com.macromates.visibleIndex'
tar: Ignoring unknown extended header keyword 'LIBARCHIVE.xattr.com.macromates.selectionRange'
tar: Ignoring unknown extended header keyword 'LIBARCHIVE.xattr.com.macromates.visibleIndex'
tar: Ignoring unknown extended header keyword 'LIBARCHIVE.xattr.com.macromates.selectionRange'
tar: Ignoring unknown extended header keyword 'LIBARCHIVE.xattr.com.macromates.visibleIndex'
tar: Ignoring unknown extended header keyword 'LIBARCHIVE.xattr.com.macromates.selectionRange'
Checking if your kit is complete...
Looks good
Generating a Unix-style Makefile
Writing Makefile for GD::Graph
Writing MYMETA.yml and MYMETA.json

The automatic tests for GDGraph are not really a solid workout of the
library. The best way to test the package is to run the examples
before installing it.  You can run the examples in the samples
directory with `make samples` or by going into that directory, and
just running `make`.
If that fails, please read samples/Makefile.

UPDATE 1: Running the examples is part of the test procedure now. You
are still encouraged to run check them out to learn from them and
to see the ouput images.

UPDATE 2 (2023-0-13): The samples fail if libgd is installed without
image support enabled, which is the default starting with version 2.3.3.
The samples should be automatically skipped if this is detected. To
run the tests from samples, install libgd with image support enabled.
cp Graph/utils.pm blib/lib/GD/Graph/utils.pm
cp Graph/pie.pm blib/lib/GD/Graph/pie.pm
cp Graph/Error.pm blib/lib/GD/Graph/Error.pm
cp Graph/Data.pm blib/lib/GD/Graph/Data.pm
cp Graph/linespoints.pm blib/lib/GD/Graph/linespoints.pm
cp Graph/points.pm blib/lib/GD/Graph/points.pm
cp Graph/FAQ.pod blib/lib/GD/Graph/FAQ.pod
cp Graph/lines.pm blib/lib/GD/Graph/lines.pm
cp Graph/area.pm blib/lib/GD/Graph/area.pm
cp Graph/hbars.pm blib/lib/GD/Graph/hbars.pm
cp Graph/bars.pm blib/lib/GD/Graph/bars.pm
cp Graph/colour.pm blib/lib/GD/Graph/colour.pm
cp Graph/mixed.pm blib/lib/GD/Graph/mixed.pm
cp Graph/axestype.pm blib/lib/GD/Graph/axestype.pm
cp Graph.pm blib/lib/GD/Graph.pm
Manifying 6 pod documents
PERL_DL_NONLAZY=1 "/usr/bin/perl" "-MExtUtils::Command::MM" "-MTest::Harness" "-e" "undef *Test::Harness::Switches; test_harness(0, 'blib/lib', 'blib/arch')" t/*.t t/*/*.t
t/axestype.t ................... ok
t/bugfixes.t ................... ok
t/colour.t ..................... ok
t/data.t ....................... ok
t/error.t ...................... ok
t/samples.t .................... ok
t/tickets/73185-div-by-zero.t .. ok
t/use.t ........................ ok
All tests successful.
Files=8, Tests=194,  1 wallclock secs ( 0.08 usr  0.01 sys +  1.37 cusr  0.17 csys =  1.63 CPU)
Result: PASS
>>> perl-gdgraph: Entering fakeroot...
Manifying 6 pod documents
Installing /home/packager/aports/main/perl-gdgraph/pkg/perl-gdgraph/usr/share/perl5/vendor_perl/GD/Graph.pm
Installing /home/packager/aports/main/perl-gdgraph/pkg/perl-gdgraph/usr/share/perl5/vendor_perl/GD/Graph/bars.pm
Installing /home/packager/aports/main/perl-gdgraph/pkg/perl-gdgraph/usr/share/perl5/vendor_perl/GD/Graph/mixed.pm
Installing /home/packager/aports/main/perl-gdgraph/pkg/perl-gdgraph/usr/share/perl5/vendor_perl/GD/Graph/pie.pm
Installing /home/packager/aports/main/perl-gdgraph/pkg/perl-gdgraph/usr/share/perl5/vendor_perl/GD/Graph/linespoints.pm
Installing /home/packager/aports/main/perl-gdgraph/pkg/perl-gdgraph/usr/share/perl5/vendor_perl/GD/Graph/Data.pm
Installing /home/packager/aports/main/perl-gdgraph/pkg/perl-gdgraph/usr/share/perl5/vendor_perl/GD/Graph/area.pm
Installing /home/packager/aports/main/perl-gdgraph/pkg/perl-gdgraph/usr/share/perl5/vendor_perl/GD/Graph/Error.pm
Installing /home/packager/aports/main/perl-gdgraph/pkg/perl-gdgraph/usr/share/perl5/vendor_perl/GD/Graph/colour.pm
Installing /home/packager/aports/main/perl-gdgraph/pkg/perl-gdgraph/usr/share/perl5/vendor_perl/GD/Graph/FAQ.pod
Installing /home/packager/aports/main/perl-gdgraph/pkg/perl-gdgraph/usr/share/perl5/vendor_perl/GD/Graph/points.pm
Installing /home/packager/aports/main/perl-gdgraph/pkg/perl-gdgraph/usr/share/perl5/vendor_perl/GD/Graph/utils.pm
Installing /home/packager/aports/main/perl-gdgraph/pkg/perl-gdgraph/usr/share/perl5/vendor_perl/GD/Graph/lines.pm
Installing /home/packager/aports/main/perl-gdgraph/pkg/perl-gdgraph/usr/share/perl5/vendor_perl/GD/Graph/hbars.pm
Installing /home/packager/aports/main/perl-gdgraph/pkg/perl-gdgraph/usr/share/perl5/vendor_perl/GD/Graph/axestype.pm
Installing /home/packager/aports/main/perl-gdgraph/pkg/perl-gdgraph/usr/share/man/man3/GD::Graph::FAQ.3pm
Installing /home/packager/aports/main/perl-gdgraph/pkg/perl-gdgraph/usr/share/man/man3/GD::Graph::Data.3pm
Installing /home/packager/aports/main/perl-gdgraph/pkg/perl-gdgraph/usr/share/man/man3/GD::Graph::colour.3pm
Installing /home/packager/aports/main/perl-gdgraph/pkg/perl-gdgraph/usr/share/man/man3/GD::Graph.3pm
Installing /home/packager/aports/main/perl-gdgraph/pkg/perl-gdgraph/usr/share/man/man3/GD::Graph::hbars.3pm
Installing /home/packager/aports/main/perl-gdgraph/pkg/perl-gdgraph/usr/share/man/man3/GD::Graph::Error.3pm
>>> perl-gdgraph-doc*: Running split function doc...
renamed 'usr/share/man' -> '/home/packager/aports/main/perl-gdgraph/pkg/perl-gdgraph-doc/usr/share/man'
>>> perl-gdgraph-doc*: Preparing subpackage perl-gdgraph-doc...
libfakeroot internal error: payload not recognized!
>>> perl-gdgraph-doc*: Running postcheck for perl-gdgraph-doc
>>> perl-gdgraph*: Running postcheck for perl-gdgraph
>>> perl-gdgraph*: Preparing package perl-gdgraph...
>>> perl-gdgraph-doc*: Tracing dependencies...
>>> perl-gdgraph-doc*: Package size: 29.9 KB
>>> perl-gdgraph-doc*: Compressing data...
>>> perl-gdgraph-doc*: Create checksum...
pigz: not found
>>> perl-gdgraph-doc*: Create perl-gdgraph-doc-1.56-r2.apk
>>> perl-gdgraph*: Tracing dependencies...
	perl
	perl-gd
	perl-gdtextutil
>>> perl-gdgraph*: Package size: 196.3 KB
>>> perl-gdgraph*: Compressing data...
>>> perl-gdgraph*: Create checksum...
pigz: not found
>>> perl-gdgraph*: Create perl-gdgraph-1.56-r2.apk
>>> perl-gdgraph: Build complete at Fri, 23 May 2025 03:19:59 +0000 elapsed time 0h 0m 10s
>>> perl-gdgraph: Cleaning up srcdir
>>> perl-gdgraph: Cleaning up pkgdir
>>> perl-gdgraph: Uninstalling dependencies...
(1/29) Purging .makedepends-perl-gdgraph (20250523.031951)
(2/29) Purging perl-gdtextutil (0.86-r5)
(3/29) Purging perl-gd (2.83-r0)
(4/29) Purging perl-capture-tiny (0.50-r0)
(5/29) Purging perl-test-exception (0.43-r4)
(6/29) Purging perl-sub-uplevel (0.2800-r6)
(7/29) Purging libgd (2.3.3-r9)
(8/29) Purging libxpm (3.5.17-r0)
(9/29) Purging libxt (1.3.1-r0)
(10/29) Purging tiff (4.7.0-r0)
(11/29) Purging libavif (1.0.4-r0)
(12/29) Purging aom-libs (3.11.0-r1)
(13/29) Purging fontconfig (2.15.0-r1)
(14/29) Purging freetype (2.13.3-r0)
(15/29) Purging libxext (1.3.6-r2)
(16/29) Purging libx11 (1.8.10-r0)
(17/29) Purging libxcb (1.16.1-r0)
(18/29) Purging libxdmcp (1.1.5-r1)
(19/29) Purging libbsd (0.12.2-r0)
(20/29) Purging libdav1d (1.5.1-r0)
(21/29) Purging libsm (1.2.4-r4)
(22/29) Purging libice (1.1.1-r6)
(23/29) Purging libjpeg-turbo (3.1.0-r0)
(24/29) Purging libmd (1.1.0-r0)
(25/29) Purging libpng (1.6.47-r0)
(26/29) Purging libwebp (1.4.0-r0)
(27/29) Purging libsharpyuv (1.4.0-r0)
(28/29) Purging libuuid (2.40.4-r1)
(29/29) Purging libxau (1.0.12-r0)
Executing busybox-1.37.0-r12.trigger
OK: 313 MiB in 114 packages
>>> perl-gdgraph: Updating the main/x86_64 repository index...
>>> perl-gdgraph: Signing the index...
pigz: not found
