pigz: not found
>>> py3-sphinx: Building main/py3-sphinx 8.2.3-r1 (using abuild 3.14.1-r4) started Fri, 16 May 2025 20:39:04 +0000
>>> py3-sphinx: Validating /home/packager/aports/main/py3-sphinx/APKBUILD...
>>> py3-sphinx: Analyzing dependencies...
>>> py3-sphinx: Installing for build: build-base py3-babel py3-docutils py3-imagesize py3-jinja2 py3-packaging py3-pygments py3-requests py3-snowballstemmer py3-alabaster py3-roman-numerals py3-sphinxcontrib-applehelp py3-sphinxcontrib-devhelp py3-sphinxcontrib-htmlhelp py3-sphinxcontrib-jsmath py3-sphinxcontrib-serializinghtml py3-sphinxcontrib-qthelp py3-gpep517 py3-flit-core py3-installer
(1/66) Installing libbz2 (1.0.8-r6)
(2/66) Installing libffi (3.4.7-r0)
(3/66) Installing gdbm (1.24-r0)
(4/66) Installing xz-libs (5.6.3-r1)
(5/66) Installing mpdecimal (4.0.0-r0)
(6/66) Installing libpanelw (6.5_p20250503-r0)
(7/66) Installing sqlite-libs (3.49.2-r0)
(8/66) Installing python3 (3.12.10-r0)
(9/66) Installing python3-pycache-pyc0 (3.12.10-r0)
(10/66) Installing pyc (3.12.10-r0)
(11/66) Installing py3-parsing (3.2.3-r0)
(12/66) Installing py3-parsing-pyc (3.2.3-r0)
(13/66) Installing py3-packaging (25.0-r0)
(14/66) Installing py3-packaging-pyc (25.0-r0)
(15/66) Installing py3-setuptools (80.3.1-r0)
(16/66) Installing py3-setuptools-pyc (80.3.1-r0)
(17/66) Installing py3-babel-pyc (2.17.0-r0)
(18/66) Installing py3-tz-pyc (2025.2-r0)
(19/66) Installing python3-pyc (3.12.10-r0)
(20/66) Installing py3-tz (2025.2-r0)
(21/66) Installing py3-babel (2.17.0-r0)
(22/66) Installing py3-docutils (0.21.2-r0)
(23/66) Installing py3-docutils-pyc (0.21.2-r0)
(24/66) Installing py3-imagesize (1.4.1-r4)
(25/66) Installing py3-imagesize-pyc (1.4.1-r4)
(26/66) Installing py3-markupsafe (3.0.2-r0)
(27/66) Installing py3-markupsafe-pyc (3.0.2-r0)
(28/66) Installing py3-jinja2 (3.1.6-r0)
(29/66) Installing py3-jinja2-pyc (3.1.6-r0)
(30/66) Installing py3-pygments (2.19.1-r1)
(31/66) Installing py3-pygments-pyc (2.19.1-r1)
(32/66) Installing py3-certifi (2025.4.26-r0)
(33/66) Installing py3-certifi-pyc (2025.4.26-r0)
(34/66) Installing py3-charset-normalizer (3.4.2-r0)
(35/66) Installing py3-charset-normalizer-pyc (3.4.2-r0)
(36/66) Installing py3-idna (3.10-r0)
(37/66) Installing py3-idna-pyc (3.10-r0)
(38/66) Installing py3-urllib3 (1.26.20-r0)
(39/66) Installing py3-urllib3-pyc (1.26.20-r0)
(40/66) Installing py3-requests (2.32.3-r0)
(41/66) Installing py3-requests-pyc (2.32.3-r0)
(42/66) Installing py3-snowballstemmer (2.2.0-r5)
(43/66) Installing py3-snowballstemmer-pyc (2.2.0-r5)
(44/66) Installing py3-alabaster (1.0.0-r0)
(45/66) Installing py3-alabaster-pyc (1.0.0-r0)
(46/66) Installing py3-roman-numerals (3.1.0-r0)
(47/66) Installing py3-roman-numerals-pyc (3.1.0-r0)
(48/66) Installing py3-sphinxcontrib-applehelp (1.0.4-r3)
(49/66) Installing py3-sphinxcontrib-applehelp-pyc (1.0.4-r3)
(50/66) Installing py3-sphinxcontrib-devhelp (1.0.5-r2)
(51/66) Installing py3-sphinxcontrib-devhelp-pyc (1.0.5-r2)
(52/66) Installing py3-sphinxcontrib-htmlhelp (2.0.1-r3)
(53/66) Installing py3-sphinxcontrib-htmlhelp-pyc (2.0.1-r3)
(54/66) Installing py3-sphinxcontrib-jsmath (1.0.1-r8)
(55/66) Installing py3-sphinxcontrib-jsmath-pyc (1.0.1-r8)
(56/66) Installing py3-sphinxcontrib-serializinghtml (1.1.9-r2)
(57/66) Installing py3-sphinxcontrib-serializinghtml-pyc (1.1.9-r2)
(58/66) Installing py3-sphinxcontrib-qthelp (2.0.0-r0)
(59/66) Installing py3-sphinxcontrib-qthelp-pyc (2.0.0-r0)
(60/66) Installing py3-installer (0.7.0-r2)
(61/66) Installing py3-installer-pyc (0.7.0-r2)
(62/66) Installing py3-gpep517 (19-r0)
(63/66) Installing py3-gpep517-pyc (19-r0)
(64/66) Installing py3-flit-core (3.12.0-r0)
(65/66) Installing py3-flit-core-pyc (3.12.0-r0)
(66/66) Installing .makedepends-py3-sphinx (20250516.203905)
Executing busybox-1.37.0-r12.trigger
OK: 353 MiB in 140 packages
>>> py3-sphinx: Cleaning up srcdir
>>> py3-sphinx: Cleaning up pkgdir
>>> py3-sphinx: Cleaning up tmpdir
>>> py3-sphinx: Fetching py3-sphinx-8.2.3.tar.gz::https://github.com/sphinx-doc/sphinx/archive/v8.2.3.tar.gz
Connecting to github.com (140.82.121.3:443)
Connecting to codeload.github.com (140.82.121.10:443)
saving to '/var/cache/distfiles/py3-sphinx-8.2.3.tar.gz.part'
py3-sphinx-8.2.3.tar 100% |********************************| 8182k  0:00:00 ETA
'/var/cache/distfiles/py3-sphinx-8.2.3.tar.gz.part' saved
>>> py3-sphinx: Fetching py3-sphinx-8.2.3.tar.gz::https://github.com/sphinx-doc/sphinx/archive/v8.2.3.tar.gz
>>> py3-sphinx: Checking sha512sums...
py3-sphinx-8.2.3.tar.gz: OK
>>> py3-sphinx: Unpacking /var/cache/distfiles/py3-sphinx-8.2.3.tar.gz...
2025-05-16 20:39:08,552 gpep517 INFO Building wheel via backend flit_core.buildapi
2025-05-16 20:39:08,563 flit_core.wheel INFO Zip timestamps will be from SOURCE_DATE_EPOCH: 2025-03-14 13:45:07+00:00
2025-05-16 20:39:08,563 flit_core.wheel INFO Copying package file(s) from sphinx
2025-05-16 20:39:08,717 flit_core.wheel INFO Writing metadata files
2025-05-16 20:39:08,718 flit_core.wheel INFO Writing the record of files
2025-05-16 20:39:08,721 flit_core.wheel INFO Built wheel: .dist/sphinx-8.2.3-py3-none-any.whl
2025-05-16 20:39:08,721 gpep517 INFO The backend produced .dist/sphinx-8.2.3-py3-none-any.whl
sphinx-8.2.3-py3-none-any.whl
>>> py3-sphinx: Entering fakeroot...
>>> py3-sphinx-pyc*: Running split function pyc...
'usr/lib/python3.12/site-packages/sphinx/_cli/util/__pycache__' -> '/home/packager/aports/main/py3-sphinx/pkg/py3-sphinx-pyc/usr/lib/python3.12/site-packages/sphinx/_cli/util/__pycache__'
'usr/lib/python3.12/site-packages/sphinx/_cli/__pycache__' -> '/home/packager/aports/main/py3-sphinx/pkg/py3-sphinx-pyc/usr/lib/python3.12/site-packages/sphinx/_cli/__pycache__'
'usr/lib/python3.12/site-packages/sphinx/util/__pycache__' -> '/home/packager/aports/main/py3-sphinx/pkg/py3-sphinx-pyc/usr/lib/python3.12/site-packages/sphinx/util/__pycache__'
'usr/lib/python3.12/site-packages/sphinx/environment/adapters/__pycache__' -> '/home/packager/aports/main/py3-sphinx/pkg/py3-sphinx-pyc/usr/lib/python3.12/site-packages/sphinx/environment/adapters/__pycache__'
'usr/lib/python3.12/site-packages/sphinx/environment/collectors/__pycache__' -> '/home/packager/aports/main/py3-sphinx/pkg/py3-sphinx-pyc/usr/lib/python3.12/site-packages/sphinx/environment/collectors/__pycache__'
'usr/lib/python3.12/site-packages/sphinx/environment/__pycache__' -> '/home/packager/aports/main/py3-sphinx/pkg/py3-sphinx-pyc/usr/lib/python3.12/site-packages/sphinx/environment/__pycache__'
'usr/lib/python3.12/site-packages/sphinx/locale/__pycache__' -> '/home/packager/aports/main/py3-sphinx/pkg/py3-sphinx-pyc/usr/lib/python3.12/site-packages/sphinx/locale/__pycache__'
'usr/lib/python3.12/site-packages/sphinx/writers/__pycache__' -> '/home/packager/aports/main/py3-sphinx/pkg/py3-sphinx-pyc/usr/lib/python3.12/site-packages/sphinx/writers/__pycache__'
'usr/lib/python3.12/site-packages/sphinx/testing/__pycache__' -> '/home/packager/aports/main/py3-sphinx/pkg/py3-sphinx-pyc/usr/lib/python3.12/site-packages/sphinx/testing/__pycache__'
'usr/lib/python3.12/site-packages/sphinx/cmd/__pycache__' -> '/home/packager/aports/main/py3-sphinx/pkg/py3-sphinx-pyc/usr/lib/python3.12/site-packages/sphinx/cmd/__pycache__'
'usr/lib/python3.12/site-packages/sphinx/pycode/__pycache__' -> '/home/packager/aports/main/py3-sphinx/pkg/py3-sphinx-pyc/usr/lib/python3.12/site-packages/sphinx/pycode/__pycache__'
'usr/lib/python3.12/site-packages/sphinx/search/__pycache__' -> '/home/packager/aports/main/py3-sphinx/pkg/py3-sphinx-pyc/usr/lib/python3.12/site-packages/sphinx/search/__pycache__'
'usr/lib/python3.12/site-packages/sphinx/ext/intersphinx/__pycache__' -> '/home/packager/aports/main/py3-sphinx/pkg/py3-sphinx-pyc/usr/lib/python3.12/site-packages/sphinx/ext/intersphinx/__pycache__'
'usr/lib/python3.12/site-packages/sphinx/ext/apidoc/__pycache__' -> '/home/packager/aports/main/py3-sphinx/pkg/py3-sphinx-pyc/usr/lib/python3.12/site-packages/sphinx/ext/apidoc/__pycache__'
'usr/lib/python3.12/site-packages/sphinx/ext/napoleon/__pycache__' -> '/home/packager/aports/main/py3-sphinx/pkg/py3-sphinx-pyc/usr/lib/python3.12/site-packages/sphinx/ext/napoleon/__pycache__'
'usr/lib/python3.12/site-packages/sphinx/ext/autodoc/__pycache__' -> '/home/packager/aports/main/py3-sphinx/pkg/py3-sphinx-pyc/usr/lib/python3.12/site-packages/sphinx/ext/autodoc/__pycache__'
'usr/lib/python3.12/site-packages/sphinx/ext/__pycache__' -> '/home/packager/aports/main/py3-sphinx/pkg/py3-sphinx-pyc/usr/lib/python3.12/site-packages/sphinx/ext/__pycache__'
'usr/lib/python3.12/site-packages/sphinx/ext/autosummary/__pycache__' -> '/home/packager/aports/main/py3-sphinx/pkg/py3-sphinx-pyc/usr/lib/python3.12/site-packages/sphinx/ext/autosummary/__pycache__'
'usr/lib/python3.12/site-packages/sphinx/directives/__pycache__' -> '/home/packager/aports/main/py3-sphinx/pkg/py3-sphinx-pyc/usr/lib/python3.12/site-packages/sphinx/directives/__pycache__'
'usr/lib/python3.12/site-packages/sphinx/__pycache__' -> '/home/packager/aports/main/py3-sphinx/pkg/py3-sphinx-pyc/usr/lib/python3.12/site-packages/sphinx/__pycache__'
'usr/lib/python3.12/site-packages/sphinx/domains/python/__pycache__' -> '/home/packager/aports/main/py3-sphinx/pkg/py3-sphinx-pyc/usr/lib/python3.12/site-packages/sphinx/domains/python/__pycache__'
'usr/lib/python3.12/site-packages/sphinx/domains/std/__pycache__' -> '/home/packager/aports/main/py3-sphinx/pkg/py3-sphinx-pyc/usr/lib/python3.12/site-packages/sphinx/domains/std/__pycache__'
'usr/lib/python3.12/site-packages/sphinx/domains/cpp/__pycache__' -> '/home/packager/aports/main/py3-sphinx/pkg/py3-sphinx-pyc/usr/lib/python3.12/site-packages/sphinx/domains/cpp/__pycache__'
'usr/lib/python3.12/site-packages/sphinx/domains/__pycache__' -> '/home/packager/aports/main/py3-sphinx/pkg/py3-sphinx-pyc/usr/lib/python3.12/site-packages/sphinx/domains/__pycache__'
'usr/lib/python3.12/site-packages/sphinx/domains/c/__pycache__' -> '/home/packager/aports/main/py3-sphinx/pkg/py3-sphinx-pyc/usr/lib/python3.12/site-packages/sphinx/domains/c/__pycache__'
'usr/lib/python3.12/site-packages/sphinx/builders/html/__pycache__' -> '/home/packager/aports/main/py3-sphinx/pkg/py3-sphinx-pyc/usr/lib/python3.12/site-packages/sphinx/builders/html/__pycache__'
'usr/lib/python3.12/site-packages/sphinx/builders/__pycache__' -> '/home/packager/aports/main/py3-sphinx/pkg/py3-sphinx-pyc/usr/lib/python3.12/site-packages/sphinx/builders/__pycache__'
'usr/lib/python3.12/site-packages/sphinx/builders/latex/__pycache__' -> '/home/packager/aports/main/py3-sphinx/pkg/py3-sphinx-pyc/usr/lib/python3.12/site-packages/sphinx/builders/latex/__pycache__'
'usr/lib/python3.12/site-packages/sphinx/transforms/__pycache__' -> '/home/packager/aports/main/py3-sphinx/pkg/py3-sphinx-pyc/usr/lib/python3.12/site-packages/sphinx/transforms/__pycache__'
'usr/lib/python3.12/site-packages/sphinx/transforms/post_transforms/__pycache__' -> '/home/packager/aports/main/py3-sphinx/pkg/py3-sphinx-pyc/usr/lib/python3.12/site-packages/sphinx/transforms/post_transforms/__pycache__'
>>> py3-sphinx-pyc*: Preparing subpackage py3-sphinx-pyc...
>>> py3-sphinx-pyc*: Running postcheck for py3-sphinx-pyc
>>> py3-sphinx*: Running postcheck for py3-sphinx
>>> py3-sphinx*: Preparing package py3-sphinx...
>>> py3-sphinx-pyc*: Tracing dependencies...
	py3-babel
	py3-docutils
	py3-imagesize
	py3-jinja2
	py3-packaging
	py3-pygments
	py3-requests
	py3-snowballstemmer
	py3-alabaster
	py3-roman-numerals
	py3-sphinxcontrib-applehelp
	py3-sphinxcontrib-devhelp
	py3-sphinxcontrib-htmlhelp
	py3-sphinxcontrib-jsmath
	py3-sphinxcontrib-serializinghtml
	py3-sphinxcontrib-qthelp
	python3~3.12
>>> py3-sphinx-pyc*: Package size: 3.5 MB
>>> py3-sphinx-pyc*: Compressing data...
>>> py3-sphinx-pyc*: Create checksum...
pigz: not found
>>> py3-sphinx-pyc*: Create py3-sphinx-pyc-8.2.3-r1.apk
>>> py3-sphinx*: Tracing dependencies...
	py3-babel
	py3-docutils
	py3-imagesize
	py3-jinja2
	py3-packaging
	py3-pygments
	py3-requests
	py3-snowballstemmer
	py3-alabaster
	py3-roman-numerals
	py3-sphinxcontrib-applehelp
	py3-sphinxcontrib-devhelp
	py3-sphinxcontrib-htmlhelp
	py3-sphinxcontrib-jsmath
	py3-sphinxcontrib-serializinghtml
	py3-sphinxcontrib-qthelp
	python3~3.12
>>> py3-sphinx*: Package size: 12.8 MB
>>> py3-sphinx*: Compressing data...
>>> py3-sphinx*: Create checksum...
pigz: not found
>>> py3-sphinx*: Create py3-sphinx-8.2.3-r1.apk
>>> py3-sphinx: Build complete at Fri, 16 May 2025 20:39:13 +0000 elapsed time 0h 0m 9s
>>> py3-sphinx: Cleaning up srcdir
>>> py3-sphinx: Cleaning up pkgdir
>>> py3-sphinx: Uninstalling dependencies...
(1/66) Purging .makedepends-py3-sphinx (20250516.203905)
(2/66) Purging py3-babel-pyc (2.17.0-r0)
(3/66) Purging py3-babel (2.17.0-r0)
(4/66) Purging py3-tz-pyc (2025.2-r0)
(5/66) Purging py3-tz (2025.2-r0)
(6/66) Purging py3-setuptools-pyc (80.3.1-r0)
(7/66) Purging py3-setuptools (80.3.1-r0)
(8/66) Purging py3-docutils-pyc (0.21.2-r0)
(9/66) Purging py3-docutils (0.21.2-r0)
(10/66) Purging py3-imagesize-pyc (1.4.1-r4)
(11/66) Purging py3-imagesize (1.4.1-r4)
(12/66) Purging py3-jinja2-pyc (3.1.6-r0)
(13/66) Purging py3-jinja2 (3.1.6-r0)
(14/66) Purging py3-markupsafe-pyc (3.0.2-r0)
(15/66) Purging py3-markupsafe (3.0.2-r0)
(16/66) Purging py3-packaging-pyc (25.0-r0)
(17/66) Purging py3-packaging (25.0-r0)
(18/66) Purging py3-parsing-pyc (3.2.3-r0)
(19/66) Purging py3-parsing (3.2.3-r0)
(20/66) Purging py3-pygments-pyc (2.19.1-r1)
(21/66) Purging py3-pygments (2.19.1-r1)
(22/66) Purging py3-requests-pyc (2.32.3-r0)
(23/66) Purging py3-requests (2.32.3-r0)
(24/66) Purging py3-certifi-pyc (2025.4.26-r0)
(25/66) Purging py3-certifi (2025.4.26-r0)
(26/66) Purging py3-charset-normalizer-pyc (3.4.2-r0)
(27/66) Purging py3-charset-normalizer (3.4.2-r0)
(28/66) Purging py3-idna-pyc (3.10-r0)
(29/66) Purging py3-idna (3.10-r0)
(30/66) Purging py3-urllib3-pyc (1.26.20-r0)
(31/66) Purging py3-urllib3 (1.26.20-r0)
(32/66) Purging py3-snowballstemmer-pyc (2.2.0-r5)
(33/66) Purging py3-snowballstemmer (2.2.0-r5)
(34/66) Purging py3-alabaster-pyc (1.0.0-r0)
(35/66) Purging py3-alabaster (1.0.0-r0)
(36/66) Purging py3-roman-numerals-pyc (3.1.0-r0)
(37/66) Purging py3-roman-numerals (3.1.0-r0)
(38/66) Purging py3-sphinxcontrib-applehelp-pyc (1.0.4-r3)
(39/66) Purging py3-sphinxcontrib-applehelp (1.0.4-r3)
(40/66) Purging py3-sphinxcontrib-devhelp-pyc (1.0.5-r2)
(41/66) Purging py3-sphinxcontrib-devhelp (1.0.5-r2)
(42/66) Purging py3-sphinxcontrib-htmlhelp-pyc (2.0.1-r3)
(43/66) Purging py3-sphinxcontrib-htmlhelp (2.0.1-r3)
(44/66) Purging py3-sphinxcontrib-jsmath-pyc (1.0.1-r8)
(45/66) Purging py3-sphinxcontrib-jsmath (1.0.1-r8)
(46/66) Purging py3-sphinxcontrib-serializinghtml-pyc (1.1.9-r2)
(47/66) Purging py3-sphinxcontrib-serializinghtml (1.1.9-r2)
(48/66) Purging py3-sphinxcontrib-qthelp-pyc (2.0.0-r0)
(49/66) Purging py3-sphinxcontrib-qthelp (2.0.0-r0)
(50/66) Purging py3-gpep517-pyc (19-r0)
(51/66) Purging py3-gpep517 (19-r0)
(52/66) Purging py3-flit-core-pyc (3.12.0-r0)
(53/66) Purging py3-flit-core (3.12.0-r0)
(54/66) Purging py3-installer-pyc (0.7.0-r2)
(55/66) Purging py3-installer (0.7.0-r2)
(56/66) Purging python3-pyc (3.12.10-r0)
(57/66) Purging python3-pycache-pyc0 (3.12.10-r0)
(58/66) Purging pyc (3.12.10-r0)
(59/66) Purging python3 (3.12.10-r0)
(60/66) Purging gdbm (1.24-r0)
(61/66) Purging libbz2 (1.0.8-r6)
(62/66) Purging libffi (3.4.7-r0)
(63/66) Purging libpanelw (6.5_p20250503-r0)
(64/66) Purging mpdecimal (4.0.0-r0)
(65/66) Purging sqlite-libs (3.49.2-r0)
(66/66) Purging xz-libs (5.6.3-r1)
Executing busybox-1.37.0-r12.trigger
OK: 259 MiB in 74 packages
>>> py3-sphinx: Updating the main/x86_64 repository index...
>>> py3-sphinx: Signing the index...
pigz: not found
