>>> execline: Validating /home/packager/oily-pine/main/execline/APKBUILD...
>>> execline: Cleaning up srcdir
>>> execline: Cleaning up pkgdir
>>> execline: Cleaning up tmpdir
>>> execline: Fetching https://skarnet.org/software/execline/execline-2.9.7.0.tar.gz
>>> execline: Fetching https://skarnet.org/software/execline/execline-2.9.7.0.tar.gz
>>> execline: Checking sha512sums...
execline-2.9.7.0.tar.gz: OK
>>> execline: Preparing build chroot...
fetch http://dl-cdn.alpinelinux.org/alpine/edge/main/x86_64/APKINDEX.tar.gz
(1/70) Installing musl (1.2.5-r10)
(2/70) Installing libcrypto3 (3.5.0-r0)
(3/70) Installing ca-certificates-bundle (20241121-r2)
(4/70) Installing libssl3 (3.5.0-r0)
(5/70) Installing zlib (1.3.1-r2)
(6/70) Installing libapk2 (2.14.9-r2)
(7/70) Installing apk-tools (2.14.9-r2)
(8/70) Installing libcap2 (2.76-r0)
(9/70) Installing libcap-getcap (2.76-r0)
(10/70) Installing fakeroot (1.37.1.1-r0)
(11/70) Installing scanelf (1.3.8-r1)
(12/70) Installing musl-utils (1.2.5-r10)
(13/70) Installing libgcc (14.3.0-r0)
(14/70) Installing libstdc++ (14.3.0-r0)
(15/70) Installing lzip (1.25-r0)
(16/70) Installing openssl (3.5.0-r0)
(17/70) Installing patch (2.8-r0)
(18/70) Installing pkgconf (2.4.3-r0)
(19/70) Installing acl-libs (2.3.2-r1)
(20/70) Installing tar (1.35-r3)
(21/70) Installing busybox (1.37.0-r18)
Executing busybox-1.37.0-r18.post-install
(22/70) Installing ssl_client (1.37.0-r18)
(23/70) Installing busybox-binsh (1.37.0-r18)
(24/70) Installing abuild (3.15.0-r0)
Executing abuild-3.15.0-r0.pre-install
(25/70) Installing abuild-sudo (3.15.0-r0)
(26/70) Installing alpine-baselayout-data (3.7.0-r0)
(27/70) Installing alpine-baselayout (3.7.0-r0)
Executing alpine-baselayout-3.7.0-r0.pre-install
Executing alpine-baselayout-3.7.0-r0.post-install
(28/70) Installing bridge (1.5-r5)
(29/70) Installing ifupdown-ng (0.12.1-r7)
(30/70) Installing openrc-user (0.62.2-r2)
(31/70) Installing openrc (0.62.2-r2)
Executing openrc-0.62.2-r2.post-install
(32/70) Installing mdev-conf (4.8-r0)
(33/70) Installing busybox-mdev-openrc (1.37.0-r18)
(34/70) Installing alpine-conf (3.20.0-r0)
(35/70) Installing alpine-keys (2.5-r0)
(36/70) Installing alpine-release (3.22.0-r0)
(37/70) Installing busybox-openrc (1.37.0-r18)
(38/70) Installing busybox-suid (1.37.0-r18)
(39/70) Installing alpine-base (3.22.0-r0)
(40/70) Installing jansson (2.14.1-r0)
(41/70) Installing zstd-libs (1.5.7-r0)
(42/70) Installing binutils (2.44-r0)
(43/70) Installing libmagic (5.46-r2)
(44/70) Installing file (5.46-r2)
(45/70) Installing libgomp (14.3.0-r0)
(46/70) Installing libatomic (14.3.0-r0)
(47/70) Installing gmp (6.3.0-r3)
(48/70) Installing isl26 (0.26-r1)
(49/70) Installing mpfr4 (4.2.1_p1-r0)
(50/70) Installing mpc1 (1.3.1-r1)
(51/70) Installing gcc (14.3.0-r0)
(52/70) Installing libstdc++-dev (14.3.0-r0)
(53/70) Installing musl-dev (1.2.5-r10)
(54/70) Installing g++ (14.3.0-r0)
(55/70) Installing make (4.4.1-r3)
(56/70) Installing fortify-headers (1.1-r5)
(57/70) Installing build-base (0.5-r3)
(58/70) Installing brotli-libs (1.1.0-r2)
(59/70) Installing c-ares (1.34.5-r0)
(60/70) Installing libunistring (1.3-r0)
(61/70) Installing libidn2 (2.3.7-r0)
(62/70) Installing nghttp2-libs (1.65.0-r0)
(63/70) Installing libpsl (0.21.5-r3)
(64/70) Installing libcurl (8.14.0-r2)
(65/70) Installing libexpat (2.7.1-r0)
(66/70) Installing pcre2 (10.43-r1)
(67/70) Installing git (2.49.0-r0)
(68/70) Installing git-init-template (2.49.0-r0)
(69/70) Installing skalibs-libs (2.14.4.0-r0)
(70/70) Installing skalibs-dev (2.14.4.0-r0)
Executing busybox-1.37.0-r18.trigger
OK: 260 MiB in 70 packages
>>> execline: Fetching https://skarnet.org/software/execline/execline-2.9.7.0.tar.gz
>>> execline: Checking sha512sums...
execline-2.9.7.0.tar.gz: OK
>>> execline: Unpacking /var/cache/distfiles/execline-2.9.7.0.tar.gz...
Checking for C compiler...
  ... cc
Checking whether C compiler works... 
  ... yes
Checking target system type...
  ... x86_64-alpine-linux-musl
Checking whether compiler accepts -fPIC ...
  ... yes
Checking whether compiler accepts -std=c99 ...
  ... yes
Checking whether compiler accepts -fomit-frame-pointer ...
  ... yes
Checking whether compiler accepts -fno-exceptions ...
  ... yes
Checking whether compiler accepts -fno-unwind-tables ...
  ... yes
Checking whether compiler accepts -fno-asynchronous-unwind-tables ...
  ... yes
Checking whether compiler accepts -Werror=implicit-function-declaration ...
  ... yes
Checking whether compiler accepts -Werror=implicit-int ...
  ... yes
Checking whether compiler accepts -Werror=pointer-sign ...
  ... yes
Checking whether compiler accepts -Werror=pointer-arith ...
  ... yes
Checking whether compiler accepts -ffunction-sections ...
  ... yes
Checking whether compiler accepts -fdata-sections ...
  ... yes
Checking whether linker accepts -Wl,--sort-section=alignment ...
  ... yes
Checking whether linker accepts -Wl,--sort-common ...
  ... yes
Checking whether linker accepts -Wl,--hash-style=both ...
  ... yes
Creating config.mak...
  ... done.
Creating src/include/execline/config.h...
  ... done.
exec cc -D_POSIX_C_SOURCE=200809L -D_XOPEN_SOURCE=700 -iquote src/include-local -Isrc/include -fPIC -Werror=implicit-function-declaration -Werror=implicit-int -Werror=pointer-sign -Werror=pointer-arith  -pipe -Wall -std=c99 -fno-exceptions -fno-unwind-tables -fno-asynchronous-unwind-tables -ffunction-sections -fdata-sections -O2 -fomit-frame-pointer -Os -fstack-clash-protection -Wformat -Werror=format-security -fno-plt  -c -o src/libexecline/el_execsequence.lo src/libexecline/el_execsequence.c
exec cc -D_POSIX_C_SOURCE=200809L -D_XOPEN_SOURCE=700 -iquote src/include-local -Isrc/include -fPIC -Werror=implicit-function-declaration -Werror=implicit-int -Werror=pointer-sign -Werror=pointer-arith  -pipe -Wall -std=c99 -fno-exceptions -fno-unwind-tables -fno-asynchronous-unwind-tables -ffunction-sections -fdata-sections -O2 -fomit-frame-pointer -Os -fstack-clash-protection -Wformat -Werror=format-security -fno-plt  -c -o src/libexecline/el_forx_pidinfo.lo src/libexecline/el_forx_pidinfo.c
exec cc -D_POSIX_C_SOURCE=200809L -D_XOPEN_SOURCE=700 -iquote src/include-local -Isrc/include -fPIC -Werror=implicit-function-declaration -Werror=implicit-int -Werror=pointer-sign -Werror=pointer-arith  -pipe -Wall -std=c99 -fno-exceptions -fno-unwind-tables -fno-asynchronous-unwind-tables -ffunction-sections -fdata-sections -O2 -fomit-frame-pointer -Os -fstack-clash-protection -Wformat -Werror=format-security -fno-plt  -c -o src/libexecline/el_getstrict.lo src/libexecline/el_getstrict.c
exec cc -D_POSIX_C_SOURCE=200809L -D_XOPEN_SOURCE=700 -iquote src/include-local -Isrc/include -fPIC -Werror=implicit-function-declaration -Werror=implicit-int -Werror=pointer-sign -Werror=pointer-arith  -pipe -Wall -std=c99 -fno-exceptions -fno-unwind-tables -fno-asynchronous-unwind-tables -ffunction-sections -fdata-sections -O2 -fomit-frame-pointer -Os -fstack-clash-protection -Wformat -Werror=format-security -fno-plt  -c -o src/libexecline/el_modif_and_exec.lo src/libexecline/el_modif_and_exec.c
exec cc -D_POSIX_C_SOURCE=200809L -D_XOPEN_SOURCE=700 -iquote src/include-local -Isrc/include -fPIC -Werror=implicit-function-declaration -Werror=implicit-int -Werror=pointer-sign -Werror=pointer-arith  -pipe -Wall -std=c99 -fno-exceptions -fno-unwind-tables -fno-asynchronous-unwind-tables -ffunction-sections -fdata-sections -O2 -fomit-frame-pointer -Os -fstack-clash-protection -Wformat -Werror=format-security -fno-plt  -c -o src/libexecline/el_modif_and_spawn.lo src/libexecline/el_modif_and_spawn.c
exec cc -D_POSIX_C_SOURCE=200809L -D_XOPEN_SOURCE=700 -iquote src/include-local -Isrc/include -fPIC -Werror=implicit-function-declaration -Werror=implicit-int -Werror=pointer-sign -Werror=pointer-arith  -pipe -Wall -std=c99 -fno-exceptions -fno-unwind-tables -fno-asynchronous-unwind-tables -ffunction-sections -fdata-sections -O2 -fomit-frame-pointer -Os -fstack-clash-protection -Wformat -Werror=format-security -fno-plt  -c -o src/libexecline/el_modifs_and_exec.lo src/libexecline/el_modifs_and_exec.c
exec cc -D_POSIX_C_SOURCE=200809L -D_XOPEN_SOURCE=700 -iquote src/include-local -Isrc/include -fPIC -Werror=implicit-function-declaration -Werror=implicit-int -Werror=pointer-sign -Werror=pointer-arith  -pipe -Wall -std=c99 -fno-exceptions -fno-unwind-tables -fno-asynchronous-unwind-tables -ffunction-sections -fdata-sections -O2 -fomit-frame-pointer -Os -fstack-clash-protection -Wformat -Werror=format-security -fno-plt  -c -o src/libexecline/el_parse.lo src/libexecline/el_parse.c
exec cc -D_POSIX_C_SOURCE=200809L -D_XOPEN_SOURCE=700 -iquote src/include-local -Isrc/include -fPIC -Werror=implicit-function-declaration -Werror=implicit-int -Werror=pointer-sign -Werror=pointer-arith  -pipe -Wall -std=c99 -fno-exceptions -fno-unwind-tables -fno-asynchronous-unwind-tables -ffunction-sections -fdata-sections -O2 -fomit-frame-pointer -Os -fstack-clash-protection -Wformat -Werror=format-security -fno-plt  -c -o src/libexecline/el_parse_from_buffer.lo src/libexecline/el_parse_from_buffer.c
exec cc -D_POSIX_C_SOURCE=200809L -D_XOPEN_SOURCE=700 -iquote src/include-local -Isrc/include -fPIC -Werror=implicit-function-declaration -Werror=implicit-int -Werror=pointer-sign -Werror=pointer-arith  -pipe -Wall -std=c99 -fno-exceptions -fno-unwind-tables -fno-asynchronous-unwind-tables -ffunction-sections -fdata-sections -O2 -fomit-frame-pointer -Os -fstack-clash-protection -Wformat -Werror=format-security -fno-plt  -c -o src/libexecline/el_parse_from_string.lo src/libexecline/el_parse_from_string.c
exec cc -D_POSIX_C_SOURCE=200809L -D_XOPEN_SOURCE=700 -iquote src/include-local -Isrc/include -fPIC -Werror=implicit-function-declaration -Werror=implicit-int -Werror=pointer-sign -Werror=pointer-arith  -pipe -Wall -std=c99 -fno-exceptions -fno-unwind-tables -fno-asynchronous-unwind-tables -ffunction-sections -fdata-sections -O2 -fomit-frame-pointer -Os -fstack-clash-protection -Wformat -Werror=format-security -fno-plt  -c -o src/libexecline/el_popenv.lo src/libexecline/el_popenv.c
exec cc -D_POSIX_C_SOURCE=200809L -D_XOPEN_SOURCE=700 -iquote src/include-local -Isrc/include -fPIC -Werror=implicit-function-declaration -Werror=implicit-int -Werror=pointer-sign -Werror=pointer-arith  -pipe -Wall -std=c99 -fno-exceptions -fno-unwind-tables -fno-asynchronous-unwind-tables -ffunction-sections -fdata-sections -O2 -fomit-frame-pointer -Os -fstack-clash-protection -Wformat -Werror=format-security -fno-plt  -c -o src/libexecline/el_pushenv.lo src/libexecline/el_pushenv.c
exec cc -D_POSIX_C_SOURCE=200809L -D_XOPEN_SOURCE=700 -iquote src/include-local -Isrc/include -fPIC -Werror=implicit-function-declaration -Werror=implicit-int -Werror=pointer-sign -Werror=pointer-arith  -pipe -Wall -std=c99 -fno-exceptions -fno-unwind-tables -fno-asynchronous-unwind-tables -ffunction-sections -fdata-sections -O2 -fomit-frame-pointer -Os -fstack-clash-protection -Wformat -Werror=format-security -fno-plt  -c -o src/libexecline/el_semicolon.lo src/libexecline/el_semicolon.c
exec cc -D_POSIX_C_SOURCE=200809L -D_XOPEN_SOURCE=700 -iquote src/include-local -Isrc/include -fPIC -Werror=implicit-function-declaration -Werror=implicit-int -Werror=pointer-sign -Werror=pointer-arith  -pipe -Wall -std=c99 -fno-exceptions -fno-unwind-tables -fno-asynchronous-unwind-tables -ffunction-sections -fdata-sections -O2 -fomit-frame-pointer -Os -fstack-clash-protection -Wformat -Werror=format-security -fno-plt  -c -o src/libexecline/el_spawn0.lo src/libexecline/el_spawn0.c
exec cc -D_POSIX_C_SOURCE=200809L -D_XOPEN_SOURCE=700 -iquote src/include-local -Isrc/include -fPIC -Werror=implicit-function-declaration -Werror=implicit-int -Werror=pointer-sign -Werror=pointer-arith  -pipe -Wall -std=c99 -fno-exceptions -fno-unwind-tables -fno-asynchronous-unwind-tables -ffunction-sections -fdata-sections -O2 -fomit-frame-pointer -Os -fstack-clash-protection -Wformat -Werror=format-security -fno-plt  -c -o src/libexecline/el_gspawn0.lo src/libexecline/el_gspawn0.c
exec cc -D_POSIX_C_SOURCE=200809L -D_XOPEN_SOURCE=700 -iquote src/include-local -Isrc/include -fPIC -Werror=implicit-function-declaration -Werror=implicit-int -Werror=pointer-sign -Werror=pointer-arith  -pipe -Wall -std=c99 -fno-exceptions -fno-unwind-tables -fno-asynchronous-unwind-tables -ffunction-sections -fdata-sections -O2 -fomit-frame-pointer -Os -fstack-clash-protection -Wformat -Werror=format-security -fno-plt  -c -o src/libexecline/el_substandrun.lo src/libexecline/el_substandrun.c
exec cc -D_POSIX_C_SOURCE=200809L -D_XOPEN_SOURCE=700 -iquote src/include-local -Isrc/include -fPIC -Werror=implicit-function-declaration -Werror=implicit-int -Werror=pointer-sign -Werror=pointer-arith  -pipe -Wall -std=c99 -fno-exceptions -fno-unwind-tables -fno-asynchronous-unwind-tables -ffunction-sections -fdata-sections -O2 -fomit-frame-pointer -Os -fstack-clash-protection -Wformat -Werror=format-security -fno-plt  -c -o src/libexecline/el_substandrun_str.lo src/libexecline/el_substandrun_str.c
exec cc -D_POSIX_C_SOURCE=200809L -D_XOPEN_SOURCE=700 -iquote src/include-local -Isrc/include -fPIC -Werror=implicit-function-declaration -Werror=implicit-int -Werror=pointer-sign -Werror=pointer-arith  -pipe -Wall -std=c99 -fno-exceptions -fno-unwind-tables -fno-asynchronous-unwind-tables -ffunction-sections -fdata-sections -O2 -fomit-frame-pointer -Os -fstack-clash-protection -Wformat -Werror=format-security -fno-plt  -c -o src/libexecline/el_substitute.lo src/libexecline/el_substitute.c
exec cc -D_POSIX_C_SOURCE=200809L -D_XOPEN_SOURCE=700 -iquote src/include-local -Isrc/include -fPIC -Werror=implicit-function-declaration -Werror=implicit-int -Werror=pointer-sign -Werror=pointer-arith  -pipe -Wall -std=c99 -fno-exceptions -fno-unwind-tables -fno-asynchronous-unwind-tables -ffunction-sections -fdata-sections -O2 -fomit-frame-pointer -Os -fstack-clash-protection -Wformat -Werror=format-security -fno-plt  -c -o src/libexecline/el_transform.lo src/libexecline/el_transform.c
exec cc -D_POSIX_C_SOURCE=200809L -D_XOPEN_SOURCE=700 -iquote src/include-local -Isrc/include -fPIC -Werror=implicit-function-declaration -Werror=implicit-int -Werror=pointer-sign -Werror=pointer-arith  -pipe -Wall -std=c99 -fno-exceptions -fno-unwind-tables -fno-asynchronous-unwind-tables -ffunction-sections -fdata-sections -O2 -fomit-frame-pointer -Os -fstack-clash-protection -Wformat -Werror=format-security -fno-plt  -c -o src/libexecline/el_trueargv.lo src/libexecline/el_trueargv.c
exec cc -D_POSIX_C_SOURCE=200809L -D_XOPEN_SOURCE=700 -iquote src/include-local -Isrc/include -fPIC -Werror=implicit-function-declaration -Werror=implicit-int -Werror=pointer-sign -Werror=pointer-arith  -pipe -Wall -std=c99 -fno-exceptions -fno-unwind-tables -fno-asynchronous-unwind-tables -ffunction-sections -fdata-sections -O2 -fomit-frame-pointer -Os -fstack-clash-protection -Wformat -Werror=format-security -fno-plt  -c -o src/libexecline/el_vardupl.lo src/libexecline/el_vardupl.c
exec cc -D_POSIX_C_SOURCE=200809L -D_XOPEN_SOURCE=700 -iquote src/include-local -Isrc/include -fPIC -Werror=implicit-function-declaration -Werror=implicit-int -Werror=pointer-sign -Werror=pointer-arith  -pipe -Wall -std=c99 -fno-exceptions -fno-unwind-tables -fno-asynchronous-unwind-tables -ffunction-sections -fdata-sections -O2 -fomit-frame-pointer -Os -fstack-clash-protection -Wformat -Werror=format-security -fno-plt  -c -o src/libexecline/exlsn_define.lo src/libexecline/exlsn_define.c
exec cc -D_POSIX_C_SOURCE=200809L -D_XOPEN_SOURCE=700 -iquote src/include-local -Isrc/include -fPIC -Werror=implicit-function-declaration -Werror=implicit-int -Werror=pointer-sign -Werror=pointer-arith  -pipe -Wall -std=c99 -fno-exceptions -fno-unwind-tables -fno-asynchronous-unwind-tables -ffunction-sections -fdata-sections -O2 -fomit-frame-pointer -Os -fstack-clash-protection -Wformat -Werror=format-security -fno-plt  -c -o src/libexecline/exlsn_elglob.lo src/libexecline/exlsn_elglob.c
exec cc -D_POSIX_C_SOURCE=200809L -D_XOPEN_SOURCE=700 -iquote src/include-local -Isrc/include -fPIC -Werror=implicit-function-declaration -Werror=implicit-int -Werror=pointer-sign -Werror=pointer-arith  -pipe -Wall -std=c99 -fno-exceptions -fno-unwind-tables -fno-asynchronous-unwind-tables -ffunction-sections -fdata-sections -O2 -fomit-frame-pointer -Os -fstack-clash-protection -Wformat -Werror=format-security -fno-plt  -c -o src/libexecline/exlsn_importas.lo src/libexecline/exlsn_importas.c
exec cc -D_POSIX_C_SOURCE=200809L -D_XOPEN_SOURCE=700 -iquote src/include-local -Isrc/include -fPIC -Werror=implicit-function-declaration -Werror=implicit-int -Werror=pointer-sign -Werror=pointer-arith  -pipe -Wall -std=c99 -fno-exceptions -fno-unwind-tables -fno-asynchronous-unwind-tables -ffunction-sections -fdata-sections -O2 -fomit-frame-pointer -Os -fstack-clash-protection -Wformat -Werror=format-security -fno-plt  -c -o src/libexecline/exlsn_multidefine.lo src/libexecline/exlsn_multidefine.c
exec cc -D_POSIX_C_SOURCE=200809L -D_XOPEN_SOURCE=700 -iquote src/include-local -Isrc/include -fPIC -Werror=implicit-function-declaration -Werror=implicit-int -Werror=pointer-sign -Werror=pointer-arith  -pipe -Wall -std=c99 -fno-exceptions -fno-unwind-tables -fno-asynchronous-unwind-tables -ffunction-sections -fdata-sections -O2 -fomit-frame-pointer -Os -fstack-clash-protection -Wformat -Werror=format-security -fno-plt  -c -o src/libexecline/exlsn_exlp.lo src/libexecline/exlsn_exlp.c
exec cc -D_POSIX_C_SOURCE=200809L -D_XOPEN_SOURCE=700 -iquote src/include-local -Isrc/include -fPIC -Werror=implicit-function-declaration -Werror=implicit-int -Werror=pointer-sign -Werror=pointer-arith  -pipe -Wall -std=c99 -fno-exceptions -fno-unwind-tables -fno-asynchronous-unwind-tables -ffunction-sections -fdata-sections -O2 -fomit-frame-pointer -Os -fstack-clash-protection -Wformat -Werror=format-security -fno-plt  -c -o src/libexecline/exlsn_main.lo src/libexecline/exlsn_main.c
exec cc -D_POSIX_C_SOURCE=200809L -D_XOPEN_SOURCE=700 -iquote src/include-local -Isrc/include -fPIC -Werror=implicit-function-declaration -Werror=implicit-int -Werror=pointer-sign -Werror=pointer-arith  -pipe -Wall -std=c99 -fno-exceptions -fno-unwind-tables -fno-asynchronous-unwind-tables -ffunction-sections -fdata-sections -O2 -fomit-frame-pointer -Os -fstack-clash-protection -Wformat -Werror=format-security -fno-plt  -c -o src/libexecline/exlsn_free.lo src/libexecline/exlsn_free.c
exec cc -D_POSIX_C_SOURCE=200809L -D_XOPEN_SOURCE=700 -iquote src/include-local -Isrc/include -fPIC -Werror=implicit-function-declaration -Werror=implicit-int -Werror=pointer-sign -Werror=pointer-arith  -pipe -Wall -std=c99 -fno-exceptions -fno-unwind-tables -fno-asynchronous-unwind-tables -ffunction-sections -fdata-sections -O2 -fomit-frame-pointer -Os -fstack-clash-protection -Wformat -Werror=format-security -fno-plt  -c -o src/libexecline/exlp.lo src/libexecline/exlp.c
./tools/gen-multicall.sh > src/multicall/execline.c
exec env library="execline" includedir="/usr/include" dynlibdir="/usr/lib" libdir="/usr/lib" extra_includedirs="" extra_libdirs="" extra_libs="-lskarnet" description="" url="" ldlibs="" ./tools/gen-dotpc.sh > libexecline.pc.tmp
exec mv -f libexecline.pc.tmp libexecline.pc
exec cc -o libexecline.so.xyzzy -pipe -Wall -std=c99 -fno-exceptions -fno-unwind-tables -fno-asynchronous-unwind-tables -ffunction-sections -fdata-sections -O2 -fomit-frame-pointer -Os -fstack-clash-protection -Wformat -Werror=format-security -fno-plt  -Wl,--sort-section=alignment -Wl,--sort-common -Wl,--hash-style=both -Wl,--as-needed,-O1,--sort-common -Wl,-z,pack-relative-relocs -shared -Wl,-soname,libexecline.so.2.9 -Wl,-rpath=/usr/lib src/libexecline/el_execsequence.lo src/libexecline/el_forx_pidinfo.lo src/libexecline/el_getstrict.lo src/libexecline/el_modif_and_exec.lo src/libexecline/el_modif_and_spawn.lo src/libexecline/el_modifs_and_exec.lo src/libexecline/el_parse.lo src/libexecline/el_parse_from_buffer.lo src/libexecline/el_parse_from_string.lo src/libexecline/el_popenv.lo src/libexecline/el_pushenv.lo src/libexecline/el_semicolon.lo src/libexecline/el_spawn0.lo src/libexecline/el_gspawn0.lo src/libexecline/el_substandrun.lo src/libexecline/el_substandrun_str.lo src/libexecline/el_substitute.lo src/libexecline/el_transform.lo src/libexecline/el_trueargv.lo src/libexecline/el_vardupl.lo src/libexecline/exlsn_define.lo src/libexecline/exlsn_elglob.lo src/libexecline/exlsn_importas.lo src/libexecline/exlsn_multidefine.lo src/libexecline/exlsn_exlp.lo src/libexecline/exlsn_main.lo src/libexecline/exlsn_free.lo src/libexecline/exlp.lo -lskarnet  
exec ar rc libexecline.a.xyzzy src/libexecline/el_execsequence.lo src/libexecline/el_forx_pidinfo.lo src/libexecline/el_getstrict.lo src/libexecline/el_modif_and_exec.lo src/libexecline/el_modif_and_spawn.lo src/libexecline/el_modifs_and_exec.lo src/libexecline/el_parse.lo src/libexecline/el_parse_from_buffer.lo src/libexecline/el_parse_from_string.lo src/libexecline/el_popenv.lo src/libexecline/el_pushenv.lo src/libexecline/el_semicolon.lo src/libexecline/el_spawn0.lo src/libexecline/el_gspawn0.lo src/libexecline/el_substandrun.lo src/libexecline/el_substandrun_str.lo src/libexecline/el_substitute.lo src/libexecline/el_transform.lo src/libexecline/el_trueargv.lo src/libexecline/el_vardupl.lo src/libexecline/exlsn_define.lo src/libexecline/exlsn_elglob.lo src/libexecline/exlsn_importas.lo src/libexecline/exlsn_multidefine.lo src/libexecline/exlsn_exlp.lo src/libexecline/exlsn_main.lo src/libexecline/exlsn_free.lo src/libexecline/exlp.lo
exec ranlib libexecline.a.xyzzy
exec cc -D_POSIX_C_SOURCE=200809L -D_XOPEN_SOURCE=700 -iquote src/include-local -Isrc/include -fPIC -Werror=implicit-function-declaration -Werror=implicit-int -Werror=pointer-sign -Werror=pointer-arith  -pipe -Wall -std=c99 -fno-exceptions -fno-unwind-tables -fno-asynchronous-unwind-tables -ffunction-sections -fdata-sections -O2 -fomit-frame-pointer -Os -fstack-clash-protection -Wformat -Werror=format-security -fno-plt -c -o src/multicall/execline.o src/multicall/execline.c
exec cc -o execline -pipe -Wall -std=c99 -fno-exceptions -fno-unwind-tables -fno-asynchronous-unwind-tables -ffunction-sections -fdata-sections -O2 -fomit-frame-pointer -Os -fstack-clash-protection -Wformat -Werror=format-security -fno-plt -Wl,--sort-section=alignment -Wl,--sort-common -Wl,--hash-style=both -Wl,--as-needed,-O1,--sort-common -Wl,-z,pack-relative-relocs  src/multicall/execline.o libexecline.so.xyzzy /usr/lib/libskarnet.so   
>>> execline: Entering fakeroot...
./tools/install.sh -D -m 755 libexecline.so.xyzzy /tmp/pkg/execline/usr/lib/libexecline.so.2.9.7.0 && \
./tools/install.sh -l libexecline.so.2.9.7.0 /tmp/pkg/execline/usr/lib/libexecline.so.2.9 && \
exec ./tools/install.sh -l libexecline.so.2.9 /tmp/pkg/execline/usr/lib/libexecline.so
exec ./tools/install.sh -D -m 600 execline /tmp/pkg/execline/usr/bin/execline
exec ./tools/install.sh -D -m 644 libexecline.a.xyzzy /tmp/pkg/execline/usr/lib/libexecline.a
exec ./tools/install.sh -D -m 644 src/include/execline/config.h /tmp/pkg/execline/usr/include/execline/config.h
exec ./tools/install.sh -D -m 644 src/include/execline/execline.h /tmp/pkg/execline/usr/include/execline/execline.h
exec ./tools/install.sh -D -m 644 libexecline.pc /tmp/pkg/execline/usr/lib/pkgconfig/libexecline.pc
grep -- ^execline < package/modes | { read name mode owner && if [ x$owner != x ] ; then chown -- $owner /tmp/pkg/execline/usr/bin/execline ; fi && chmod $mode /tmp/pkg/execline/usr/bin/execline ; }
exec ./tools/install.sh -l execline /tmp/pkg/execline/usr/bin/cd
exec ./tools/install.sh -l execline /tmp/pkg/execline/usr/bin/umask
exec ./tools/install.sh -l execline /tmp/pkg/execline/usr/bin/background
exec ./tools/install.sh -l execline /tmp/pkg/execline/usr/bin/backtick
exec ./tools/install.sh -l execline /tmp/pkg/execline/usr/bin/case
exec ./tools/install.sh -l execline /tmp/pkg/execline/usr/bin/define
exec ./tools/install.sh -l execline /tmp/pkg/execline/usr/bin/dollarat
exec ./tools/install.sh -l execline /tmp/pkg/execline/usr/bin/elgetopt
exec ./tools/install.sh -l execline /tmp/pkg/execline/usr/bin/elgetpositionals
exec ./tools/install.sh -l execline /tmp/pkg/execline/usr/bin/elglob
exec ./tools/install.sh -l execline /tmp/pkg/execline/usr/bin/eltest
exec ./tools/install.sh -l execline /tmp/pkg/execline/usr/bin/emptyenv
exec ./tools/install.sh -l execline /tmp/pkg/execline/usr/bin/envfile
exec ./tools/install.sh -l execline /tmp/pkg/execline/usr/bin/exec
exec ./tools/install.sh -l execline /tmp/pkg/execline/usr/bin/execline-cd
exec ./tools/install.sh -l execline /tmp/pkg/execline/usr/bin/execline-umask
exec ./tools/install.sh -l execline /tmp/pkg/execline/usr/bin/execlineb
exec ./tools/install.sh -l execline /tmp/pkg/execline/usr/bin/exit
exec ./tools/install.sh -l execline /tmp/pkg/execline/usr/bin/export
exec ./tools/install.sh -l execline /tmp/pkg/execline/usr/bin/export-array
exec ./tools/install.sh -l execline /tmp/pkg/execline/usr/bin/fdblock
exec ./tools/install.sh -l execline /tmp/pkg/execline/usr/bin/fdclose
exec ./tools/install.sh -l execline /tmp/pkg/execline/usr/bin/fdmove
exec ./tools/install.sh -l execline /tmp/pkg/execline/usr/bin/fdreserve
exec ./tools/install.sh -l execline /tmp/pkg/execline/usr/bin/fdswap
exec ./tools/install.sh -l execline /tmp/pkg/execline/usr/bin/forbacktickx
exec ./tools/install.sh -l execline /tmp/pkg/execline/usr/bin/foreground
exec ./tools/install.sh -l execline /tmp/pkg/execline/usr/bin/forstdin
exec ./tools/install.sh -l execline /tmp/pkg/execline/usr/bin/forx
exec ./tools/install.sh -l execline /tmp/pkg/execline/usr/bin/getcwd
exec ./tools/install.sh -l execline /tmp/pkg/execline/usr/bin/getpid
exec ./tools/install.sh -l execline /tmp/pkg/execline/usr/bin/heredoc
exec ./tools/install.sh -l execline /tmp/pkg/execline/usr/bin/homeof
exec ./tools/install.sh -l execline /tmp/pkg/execline/usr/bin/if
exec ./tools/install.sh -l execline /tmp/pkg/execline/usr/bin/ifelse
exec ./tools/install.sh -l execline /tmp/pkg/execline/usr/bin/ifte
exec ./tools/install.sh -l execline /tmp/pkg/execline/usr/bin/ifthenelse
exec ./tools/install.sh -l execline /tmp/pkg/execline/usr/bin/importas
exec ./tools/install.sh -l execline /tmp/pkg/execline/usr/bin/loopwhilex
exec ./tools/install.sh -l execline /tmp/pkg/execline/usr/bin/multidefine
exec ./tools/install.sh -l execline /tmp/pkg/execline/usr/bin/multisubstitute
exec ./tools/install.sh -l execline /tmp/pkg/execline/usr/bin/pipeline
exec ./tools/install.sh -l execline /tmp/pkg/execline/usr/bin/piperw
exec ./tools/install.sh -l execline /tmp/pkg/execline/usr/bin/posix-cd
exec ./tools/install.sh -l execline /tmp/pkg/execline/usr/bin/posix-umask
exec ./tools/install.sh -l execline /tmp/pkg/execline/usr/bin/redirfd
exec ./tools/install.sh -l execline /tmp/pkg/execline/usr/bin/runblock
exec ./tools/install.sh -l execline /tmp/pkg/execline/usr/bin/shift
exec ./tools/install.sh -l execline /tmp/pkg/execline/usr/bin/trap
exec ./tools/install.sh -l execline /tmp/pkg/execline/usr/bin/tryexec
exec ./tools/install.sh -l execline /tmp/pkg/execline/usr/bin/unexport
exec ./tools/install.sh -l execline /tmp/pkg/execline/usr/bin/wait
exec ./tools/install.sh -l execline /tmp/pkg/execline/usr/bin/withstdinas
>>> execline-static*: Running split function static...
'usr/lib/libexecline.a' -> '/tmp/pkg/execline-static/usr/lib/libexecline.a'
>>> execline-static*: Preparing subpackage execline-static...
>>> execline-static*: Stripping binaries
>>> execline-static*: Running postcheck for execline-static
>>> execline-libs*: Running split function libs...
'usr/lib/libexecline.so.2.9' -> '/tmp/pkg/execline-libs/usr/lib/libexecline.so.2.9'
'usr/lib/libexecline.so.2.9.7.0' -> '/tmp/pkg/execline-libs/usr/lib/libexecline.so.2.9.7.0'
>>> execline-libs*: Preparing subpackage execline-libs...
>>> execline-libs*: Stripping binaries
>>> WARNING: execline-libs*: Redundant /usr/lib in rpath found
>>> execline-libs*: Running postcheck for execline-libs
>>> execline-dev*: Running split function dev...
'usr/include' -> '/tmp/pkg/execline-dev/usr/include'
'usr/lib/pkgconfig' -> '/tmp/pkg/execline-dev/usr/lib/pkgconfig'
'usr/lib/libexecline.so' -> '/tmp/pkg/execline-dev/usr/lib/libexecline.so'
>>> execline-dev*: Preparing subpackage execline-dev...
>>> execline-dev*: Stripping binaries
>>> execline-dev*: Running postcheck for execline-dev
>>> execline-doc*: Running split function doc...
'usr/share/doc' -> '/tmp/pkg/execline-doc/usr/share/doc'
>>> execline-doc*: Preparing subpackage execline-doc...
>>> execline-doc*: Running postcheck for execline-doc
>>> execline*: Running postcheck for execline
>>> execline*: Preparing package execline...
>>> execline*: Stripping binaries
>>> execline*: Script found. /bin/sh added as a dependency for execline-2.9.7.0-r0.apk
>>> execline*: Adding .post-install
>>> execline*: Adding .post-upgrade
>>> execline*: Adding .pre-deinstall
>>> execline-dev*: Scanning shared objects
>>> execline-doc*: Scanning shared objects
>>> execline-libs*: Scanning shared objects
>>> execline-static*: Scanning shared objects
>>> execline*: Scanning shared objects
>>> execline-dev*: Tracing dependencies...
	execline-libs=2.9.7.0-r0
	pc:libskarnet>=2.14.4.0
	pkgconfig
>>> execline-dev*: Package size: 3.6 KB
>>> execline-dev*: Compressing data...
>>> execline-dev*: Create checksum...
>>> execline-dev*: Create execline-dev-2.9.7.0-r0.apk
>>> execline-doc*: Tracing dependencies...
>>> execline-doc*: Package size: 222.5 KB
>>> execline-doc*: Compressing data...
>>> execline-doc*: Create checksum...
>>> execline-doc*: Create execline-doc-2.9.7.0-r0.apk
>>> execline-libs*: Tracing dependencies...
	so:libc.musl-x86_64.so.1
	so:libskarnet.so.2.14
>>> execline-libs*: Package size: 29.7 KB
>>> execline-libs*: Compressing data...
>>> execline-libs*: Create checksum...
>>> execline-libs*: Create execline-libs-2.9.7.0-r0.apk
>>> execline-static*: Tracing dependencies...
>>> execline-static*: Package size: 67.9 KB
>>> execline-static*: Compressing data...
>>> execline-static*: Create checksum...
>>> execline-static*: Create execline-static-2.9.7.0-r0.apk
>>> execline*: Tracing dependencies...
	/bin/sh
	so:libc.musl-x86_64.so.1
	so:libexecline.so.2.9
	so:libskarnet.so.2.14
>>> execline*: Package size: 78.0 KB
>>> execline*: Compressing data...
>>> execline*: Create checksum...
>>> execline*: Create execline-2.9.7.0-r0.apk
>>> execline: Updating the main/x86_64 repository index...
>>> execline: Signing the index...
>>> execline: Cleaning up srcdir
>>> execline: Cleaning up build chroot
>>> execline: Cleaning up pkgdir
