>>> ruby-augeas: Validating /home/packager/oily-pine/main/ruby-augeas/APKBUILD...
>>> ruby-augeas: Cleaning up srcdir
>>> ruby-augeas: Cleaning up pkgdir
>>> ruby-augeas: Cleaning up tmpdir
>>> ruby-augeas: Fetching https://github.com/hercules-team/ruby-augeas/archive/release-0.5.0/ruby-augeas-0.5.0.tar.gz
  % Total    % Received % Xferd  Average Speed   Time    Time     Time  Current
                                 Dload  Upload   Total   Spent    Left  Speed
  0     0    0     0    0     0      0      0 --:--:-- --:--:-- --:--:--     0  0     0    0     0    0     0      0      0 --:--:-- --:--:-- --:--:--     0
100 21935    0 21935    0     0  32269      0 --:--:-- --:--:-- --:--:-- 32269100 21935    0 21935    0     0  32266      0 --:--:-- --:--:-- --:--:--     0
>>> ruby-augeas: Fetching https://github.com/hercules-team/ruby-augeas/archive/release-0.5.0/ruby-augeas-0.5.0.tar.gz
>>> ruby-augeas: Checking sha512sums...
ruby-augeas-0.5.0.tar.gz: OK
gcc14.patch: OK
>>> ruby-augeas: Preparing build chroot...
fetch http://dl-cdn.alpinelinux.org/alpine/edge/main/x86_64/APKINDEX.tar.gz
(1/91) Installing musl (1.2.5-r10)
(2/91) Installing libcrypto3 (3.5.0-r0)
(3/91) Installing ca-certificates-bundle (20241121-r2)
(4/91) Installing libssl3 (3.5.0-r0)
(5/91) Installing zlib (1.3.1-r2)
(6/91) Installing libapk2 (2.14.9-r2)
(7/91) Installing apk-tools (2.14.9-r2)
(8/91) Installing libcap2 (2.76-r0)
(9/91) Installing libcap-getcap (2.76-r0)
(10/91) Installing fakeroot (1.37.1.1-r0)
(11/91) Installing scanelf (1.3.8-r1)
(12/91) Installing musl-utils (1.2.5-r10)
(13/91) Installing libgcc (14.3.0-r1)
(14/91) Installing libstdc++ (14.3.0-r1)
(15/91) Installing lzip (1.25-r0)
(16/91) Installing openssl (3.5.0-r0)
(17/91) Installing patch (2.8-r0)
(18/91) Installing pkgconf (2.4.3-r0)
(19/91) Installing acl-libs (2.3.2-r1)
(20/91) Installing tar (1.35-r3)
(21/91) Installing busybox (1.37.0-r18)
Executing busybox-1.37.0-r18.post-install
(22/91) Installing ssl_client (1.37.0-r18)
(23/91) Installing busybox-binsh (1.37.0-r18)
(24/91) Installing abuild (3.15.0-r0)
Executing abuild-3.15.0-r0.pre-install
(25/91) Installing abuild-sudo (3.15.0-r0)
(26/91) Installing alpine-baselayout-data (3.7.0-r0)
(27/91) Installing alpine-baselayout (3.7.0-r0)
Executing alpine-baselayout-3.7.0-r0.pre-install
Executing alpine-baselayout-3.7.0-r0.post-install
(28/91) Installing bridge (1.5-r5)
(29/91) Installing ifupdown-ng (0.12.1-r7)
(30/91) Installing openrc-user (0.62.2-r2)
(31/91) Installing openrc (0.62.2-r2)
Executing openrc-0.62.2-r2.post-install
(32/91) Installing mdev-conf (4.8-r0)
(33/91) Installing busybox-mdev-openrc (1.37.0-r18)
(34/91) Installing alpine-conf (3.20.0-r0)
(35/91) Installing alpine-keys (2.5-r0)
(36/91) Installing alpine-release (3.22.0-r0)
(37/91) Installing busybox-openrc (1.37.0-r18)
(38/91) Installing busybox-suid (1.37.0-r18)
(39/91) Installing alpine-base (3.22.0-r0)
(40/91) Installing xz-libs (5.8.1-r0)
(41/91) Installing libxml2 (2.13.8-r0)
(42/91) Installing augeas-libs (1.12.0-r10)
(43/91) Installing zlib-dev (1.3.1-r2)
(44/91) Installing xz (5.8.1-r0)
(45/91) Installing xz-dev (5.8.1-r0)
(46/91) Installing libxml2-utils (2.13.8-r0)
(47/91) Installing libxml2-dev (2.13.8-r0)
(48/91) Installing augeas-dev (1.12.0-r10)
(49/91) Installing jansson (2.14.1-r0)
(50/91) Installing zstd-libs (1.5.7-r0)
(51/91) Installing binutils (2.44-r0)
(52/91) Installing libmagic (5.46-r2)
(53/91) Installing file (5.46-r2)
(54/91) Installing libgomp (14.3.0-r1)
(55/91) Installing libatomic (14.3.0-r1)
(56/91) Installing gmp (6.3.0-r3)
(57/91) Installing isl26 (0.26-r1)
(58/91) Installing mpfr4 (4.2.1_p1-r0)
(59/91) Installing mpc1 (1.3.1-r1)
(60/91) Installing gcc (14.3.0-r1)
(61/91) Installing libstdc++-dev (14.3.0-r1)
(62/91) Installing musl-dev (1.2.5-r10)
(63/91) Installing g++ (14.3.0-r1)
(64/91) Installing make (4.4.1-r3)
(65/91) Installing fortify-headers (1.1-r5)
(66/91) Installing build-base (0.5-r3)
(67/91) Installing brotli-libs (1.1.0-r2)
(68/91) Installing c-ares (1.34.5-r0)
(69/91) Installing libunistring (1.3-r0)
(70/91) Installing libidn2 (2.3.7-r0)
(71/91) Installing nghttp2-libs (1.65.0-r0)
(72/91) Installing libpsl (0.21.5-r3)
(73/91) Installing libcurl (8.14.0-r2)
(74/91) Installing libexpat (2.7.1-r0)
(75/91) Installing pcre2 (10.43-r1)
(76/91) Installing git (2.49.0-r0)
(77/91) Installing git-init-template (2.49.0-r0)
(78/91) Installing ca-certificates (20241121-r2)
(79/91) Installing libffi (3.4.8-r0)
(80/91) Installing yaml (0.2.5-r2)
(81/91) Installing ruby-libs (3.4.4-r0)
(82/91) Installing libucontext (1.3.2-r0)
(83/91) Installing ruby (3.4.4-r0)
(84/91) Installing ruby-rdoc (3.4.4-r0)
(85/91) Installing libgmpxx (6.3.0-r3)
(86/91) Installing gmp-dev (6.3.0-r3)
(87/91) Installing libucontext-dev (1.3.2-r0)
(88/91) Installing ruby-dev (3.4.4-r0)
(89/91) Installing ruby-rake (13.2.1-r1)
(90/91) Installing ruby-power_assert (2.0.5-r0)
(91/91) Installing ruby-test-unit (3.6.8-r0)
Executing busybox-1.37.0-r18.trigger
Executing ca-certificates-20241121-r2.trigger
OK: 284 MiB in 91 packages
>>> ruby-augeas: Fetching https://github.com/hercules-team/ruby-augeas/archive/release-0.5.0/ruby-augeas-0.5.0.tar.gz
>>> ruby-augeas: Checking sha512sums...
ruby-augeas-0.5.0.tar.gz: OK
gcc14.patch: OK
>>> ruby-augeas: Unpacking /var/cache/distfiles/ruby-augeas-0.5.0.tar.gz...
>>> ruby-augeas: gcc14.patch
patching file ext/augeas/_augeas.c
Hunk #1 succeeded at 158 (offset -26 lines).
WARNING:  licenses is empty, but is recommended. Use an license identifier from
https://spdx.org/licenses or 'Nonstandard' for a nonstandard license,
or set it to nil if you don't want to specify a license.
WARNING:  deprecated autorequire specified
WARNING:  See https://guides.rubygems.org/specification-reference/ for help
mkdir -p pkg
mkdir -p pkg/ruby-augeas-0.5.0
rm -f pkg/ruby-augeas-0.5.0/COPYING
ln COPYING pkg/ruby-augeas-0.5.0/COPYING
rm -f pkg/ruby-augeas-0.5.0/NEWS
ln NEWS pkg/ruby-augeas-0.5.0/NEWS
rm -f pkg/ruby-augeas-0.5.0/README.rdoc
ln README.rdoc pkg/ruby-augeas-0.5.0/README.rdoc
rm -f pkg/ruby-augeas-0.5.0/Rakefile
ln Rakefile pkg/ruby-augeas-0.5.0/Rakefile
mkdir -p pkg/ruby-augeas-0.5.0/ext/augeas
rm -f pkg/ruby-augeas-0.5.0/ext/augeas/_augeas.c
ln ext/augeas/_augeas.c pkg/ruby-augeas-0.5.0/ext/augeas/_augeas.c
rm -f pkg/ruby-augeas-0.5.0/ext/augeas/_augeas.h
ln ext/augeas/_augeas.h pkg/ruby-augeas-0.5.0/ext/augeas/_augeas.h
rm -f pkg/ruby-augeas-0.5.0/ext/augeas/extconf.rb
ln ext/augeas/extconf.rb pkg/ruby-augeas-0.5.0/ext/augeas/extconf.rb
mkdir -p pkg/ruby-augeas-0.5.0/lib
rm -f pkg/ruby-augeas-0.5.0/lib/augeas.rb
ln lib/augeas.rb pkg/ruby-augeas-0.5.0/lib/augeas.rb
mkdir -p pkg/ruby-augeas-0.5.0/tests
mkdir -p pkg/ruby-augeas-0.5.0/tests/root
mkdir -p pkg/ruby-augeas-0.5.0/tests/root/etc
rm -f pkg/ruby-augeas-0.5.0/tests/root/etc/group
ln tests/root/etc/group pkg/ruby-augeas-0.5.0/tests/root/etc/group
rm -f pkg/ruby-augeas-0.5.0/tests/root/etc/hosts
ln tests/root/etc/hosts pkg/ruby-augeas-0.5.0/tests/root/etc/hosts
rm -f pkg/ruby-augeas-0.5.0/tests/root/etc/inittab
ln tests/root/etc/inittab pkg/ruby-augeas-0.5.0/tests/root/etc/inittab
mkdir -p pkg/ruby-augeas-0.5.0/tests/root/etc/ssh
rm -f pkg/ruby-augeas-0.5.0/tests/root/etc/ssh/sshd_config
ln tests/root/etc/ssh/sshd_config pkg/ruby-augeas-0.5.0/tests/root/etc/ssh/sshd_config
rm -f pkg/ruby-augeas-0.5.0/tests/tc_augeas.rb
ln tests/tc_augeas.rb pkg/ruby-augeas-0.5.0/tests/tc_augeas.rb
cd pkg/ruby-augeas-0.5.0
  Successfully built RubyGem
  Name: ruby-augeas
  Version: 0.5.0
  File: ruby-augeas-0.5.0.gem
cd -
/tmp/src/ruby-augeas-release-0.5.0/dist/gems/ruby-augeas-0.5.0/COPYING
/tmp/src/ruby-augeas-release-0.5.0/dist/gems/ruby-augeas-0.5.0/NEWS
/tmp/src/ruby-augeas-release-0.5.0/dist/gems/ruby-augeas-0.5.0/README.rdoc
/tmp/src/ruby-augeas-release-0.5.0/dist/gems/ruby-augeas-0.5.0/Rakefile
/tmp/src/ruby-augeas-release-0.5.0/dist/gems/ruby-augeas-0.5.0/ext/augeas/_augeas.c
/tmp/src/ruby-augeas-release-0.5.0/dist/gems/ruby-augeas-0.5.0/ext/augeas/_augeas.h
/tmp/src/ruby-augeas-release-0.5.0/dist/gems/ruby-augeas-0.5.0/ext/augeas/extconf.rb
/tmp/src/ruby-augeas-release-0.5.0/dist/gems/ruby-augeas-0.5.0/lib/augeas.rb
/tmp/src/ruby-augeas-release-0.5.0/dist/gems/ruby-augeas-0.5.0/tests/root/etc/group
/tmp/src/ruby-augeas-release-0.5.0/dist/gems/ruby-augeas-0.5.0/tests/root/etc/hosts
/tmp/src/ruby-augeas-release-0.5.0/dist/gems/ruby-augeas-0.5.0/tests/root/etc/inittab
/tmp/src/ruby-augeas-release-0.5.0/dist/gems/ruby-augeas-0.5.0/tests/root/etc/ssh/sshd_config
/tmp/src/ruby-augeas-release-0.5.0/dist/gems/ruby-augeas-0.5.0/tests/tc_augeas.rb
Building native extensions. This could take a while...
current directory: /tmp/src/ruby-augeas-release-0.5.0/dist/gems/ruby-augeas-0.5.0/ext/augeas
["/usr/bin/ruby", "extconf.rb"]
checking for pkg-config for augeas... ["-I/usr/include/libxml2 ", "", "-laugeas"]
checking for pkg-config for libxml-2.0... ["-I/usr/include/libxml2 ", "", "-lxml2"]
creating Makefile
current directory: /tmp/src/ruby-augeas-release-0.5.0/dist/gems/ruby-augeas-0.5.0/ext/augeas
["make", "DESTDIR=", "sitearchdir=./.gem.20250601-46-mcsly4", "sitelibdir=./.gem.20250601-46-mcsly4", "clean"]
current directory: /tmp/src/ruby-augeas-release-0.5.0/dist/gems/ruby-augeas-0.5.0/ext/augeas
["make", "DESTDIR=", "sitearchdir=./.gem.20250601-46-mcsly4", "sitelibdir=./.gem.20250601-46-mcsly4"]
compiling _augeas.c
In file included from /usr/include/ruby-3.4.0/ruby/internal/assume.h:29,
                 from /usr/include/ruby-3.4.0/ruby/backward/2/assume.h:24,
                 from /usr/include/ruby-3.4.0/ruby/defines.h:72,
                 from /usr/include/ruby-3.4.0/ruby/ruby.h:25,
                 from /usr/include/ruby-3.4.0/ruby.h:38,
                 from _augeas.h:21,
                 from _augeas.c:22:
_augeas.c: In function 'aug_handle':
_augeas.c:32:31: warning: 'rb_data_object_get_warning' is deprecated: by TypedData [-Wdeprecated-declarations]
   32 |     Data_Get_Struct(s, struct augeas, aug);
      |                               ^~~~~~
/usr/include/ruby-3.4.0/ruby/internal/cast.h:31:29: note: in definition of macro 'RBIMPL_CAST'
   31 | # define RBIMPL_CAST(expr) (expr)
      |                             ^~~~
_augeas.c:32:5: note: in expansion of macro 'Data_Get_Struct'
   32 |     Data_Get_Struct(s, struct augeas, aug);
      |     ^~~~~~~~~~~~~~~
In file included from /usr/include/ruby-3.4.0/ruby/internal/core.h:27,
                 from /usr/include/ruby-3.4.0/ruby/ruby.h:29:
/usr/include/ruby-3.4.0/ruby/internal/core/rdata.h:325:1: note: declared here
  325 | rb_data_object_get_warning(VALUE obj)
      | ^~~~~~~~~~~~~~~~~~~~~~~~~~
_augeas.c: In function 'augeas_init':
_augeas.c:295:5: warning: 'rb_data_object_wrap_warning' is deprecated: by TypedData [-Wdeprecated-declarations]
  295 |     return Data_Wrap_Struct(c_augeas, NULL, augeas_free, aug);
      |     ^~~~~~
/usr/include/ruby-3.4.0/ruby/internal/core/rdata.h:293:1: note: declared here
  293 | rb_data_object_wrap_warning(VALUE klass, void *ptr, RUBY_DATA_FUNC mark, RUBY_DATA_FUNC free)
      | ^~~~~~~~~~~~~~~~~~~~~~~~~~~
linking shared-object _augeas.so
current directory: /tmp/src/ruby-augeas-release-0.5.0/dist/gems/ruby-augeas-0.5.0/ext/augeas
["make", "DESTDIR=", "sitearchdir=./.gem.20250601-46-mcsly4", "sitelibdir=./.gem.20250601-46-mcsly4", "install"]
install -m 0755 _augeas.so ./.gem.20250601-46-mcsly4
current directory: /tmp/src/ruby-augeas-release-0.5.0/dist/gems/ruby-augeas-0.5.0/ext/augeas
["make", "DESTDIR=", "sitearchdir=./.gem.20250601-46-mcsly4", "sitelibdir=./.gem.20250601-46-mcsly4", "clean"]
current directory: /tmp/src/ruby-augeas-release-0.5.0/dist/gems/ruby-augeas-0.5.0/ext/augeas
/usr/bin/ruby extconf.rb
current directory: /tmp/src/ruby-augeas-release-0.5.0/dist/gems/ruby-augeas-0.5.0/ext/augeas
make DESTDIR\= sitearchdir\=./.gem.20250601-46-mcsly4 sitelibdir\=./.gem.20250601-46-mcsly4 clean
current directory: /tmp/src/ruby-augeas-release-0.5.0/dist/gems/ruby-augeas-0.5.0/ext/augeas
make DESTDIR\= sitearchdir\=./.gem.20250601-46-mcsly4 sitelibdir\=./.gem.20250601-46-mcsly4
current directory: /tmp/src/ruby-augeas-release-0.5.0/dist/gems/ruby-augeas-0.5.0/ext/augeas
make DESTDIR\= sitearchdir\=./.gem.20250601-46-mcsly4 sitelibdir\=./.gem.20250601-46-mcsly4 install
current directory: /tmp/src/ruby-augeas-release-0.5.0/dist/gems/ruby-augeas-0.5.0/ext/augeas
make DESTDIR\= sitearchdir\=./.gem.20250601-46-mcsly4 sitelibdir\=./.gem.20250601-46-mcsly4 clean
Successfully installed ruby-augeas-0.5.0
1 gem installed
ruby extconf.rb
checking for pkg-config for augeas... ["-I/usr/include/libxml2 ", "", "-laugeas"]
checking for pkg-config for libxml-2.0... ["-I/usr/include/libxml2 ", "", "-lxml2"]
creating Makefile
make
compiling _augeas.c
In file included from /usr/include/ruby-3.4.0/ruby/internal/assume.h:29,
                 from /usr/include/ruby-3.4.0/ruby/backward/2/assume.h:24,
                 from /usr/include/ruby-3.4.0/ruby/defines.h:72,
                 from /usr/include/ruby-3.4.0/ruby/ruby.h:25,
                 from /usr/include/ruby-3.4.0/ruby.h:38,
                 from _augeas.h:21,
                 from _augeas.c:22:
_augeas.c: In function 'aug_handle':
_augeas.c:32:31: warning: 'rb_data_object_get_warning' is deprecated: by TypedData [-Wdeprecated-declarations]
   32 |     Data_Get_Struct(s, struct augeas, aug);
      |                               ^~~~~~
/usr/include/ruby-3.4.0/ruby/internal/cast.h:31:29: note: in definition of macro 'RBIMPL_CAST'
   31 | # define RBIMPL_CAST(expr) (expr)
      |                             ^~~~
_augeas.c:32:5: note: in expansion of macro 'Data_Get_Struct'
   32 |     Data_Get_Struct(s, struct augeas, aug);
      |     ^~~~~~~~~~~~~~~
In file included from /usr/include/ruby-3.4.0/ruby/internal/core.h:27,
                 from /usr/include/ruby-3.4.0/ruby/ruby.h:29:
/usr/include/ruby-3.4.0/ruby/internal/core/rdata.h:325:1: note: declared here
  325 | rb_data_object_get_warning(VALUE obj)
      | ^~~~~~~~~~~~~~~~~~~~~~~~~~
_augeas.c: In function 'augeas_init':
_augeas.c:295:5: warning: 'rb_data_object_wrap_warning' is deprecated: by TypedData [-Wdeprecated-declarations]
  295 |     return Data_Wrap_Struct(c_augeas, NULL, augeas_free, aug);
      |     ^~~~~~
/usr/include/ruby-3.4.0/ruby/internal/core/rdata.h:293:1: note: declared here
  293 | rb_data_object_wrap_warning(VALUE klass, void *ptr, RUBY_DATA_FUNC mark, RUBY_DATA_FUNC free)
      | ^~~~~~~~~~~~~~~~~~~~~~~~~~~
linking shared-object _augeas.so
Loaded suite /usr/lib/ruby/gems/3.4.0/gems/rake-13.2.1/lib/rake/rake_test_loader
Started
TestAugeas: 
  test_basics:						/tmp/src/ruby-augeas-release-0.5.0/lib/augeas.rb:48: warning: undefining the allocator of T_DATA class Augeas
.: (0.348841)
  test_clearm:						.: (0.329019)
  test_close:						.: (0.329348)
  test_context:						.: (0.328787)
  test_defnode:						.: (0.336588)
  test_defvar:						.: (0.327799)
  test_error:						.: (0.334357)
  test_label:						.: (0.327822)
  test_load:						.: (0.320335)
  test_mv:						.: (0.325461)
  test_no_new:						.: (0.000123)
  test_rename:						.: (0.331739)
  test_save!:						.: (0.343449)
  test_set:						.: (0.331639)
  test_set!:						.: (0.332269)
  test_setm:						.: (0.332684)
  test_span:						.: (0.346526)
  test_srun:						.: (0.330711)
  test_text_store_retrieve:				.: (0.322872)
  test_touch:						.: (0.324024)
  test_transform:					.: (0.317769)

Finished in 6.623649709 seconds.
-------------------------------------------------------------------------------
21 tests, 79 assertions, 0 failures, 0 errors, 0 pendings, 0 omissions, 0 notifications
100% passed
-------------------------------------------------------------------------------
3.17 tests/s, 11.93 assertions/s
>>> ruby-augeas: Entering fakeroot...
>>> ruby-augeas-doc*: Running split function doc...
'usr/lib/ruby/gems/3.4.0/doc' -> '/tmp/pkg/ruby-augeas-doc/usr/lib/ruby/gems/3.4.0/doc'
>>> ruby-augeas-doc*: Preparing subpackage ruby-augeas-doc...
>>> ruby-augeas-doc*: Running postcheck for ruby-augeas-doc
>>> ruby-augeas*: Running postcheck for ruby-augeas
>>> ruby-augeas*: Preparing package ruby-augeas...
>>> ruby-augeas*: Stripping binaries
>>> ruby-augeas-doc*: Scanning shared objects
>>> ruby-augeas*: Scanning shared objects
>>> ruby-augeas-doc*: Tracing dependencies...
	ruby
>>> ruby-augeas-doc*: Package size: 1.0 B
>>> ruby-augeas-doc*: Compressing data...
>>> ruby-augeas-doc*: Create checksum...
>>> ruby-augeas-doc*: Create ruby-augeas-doc-0.5.0-r15.apk
>>> ruby-augeas*: Tracing dependencies...
	ruby
	so:libaugeas.so.0
	so:libc.musl-x86_64.so.1
	so:libruby.so.3.4
>>> ruby-augeas*: Package size: 28.3 KB
>>> ruby-augeas*: Compressing data...
>>> ruby-augeas*: Create checksum...
>>> ruby-augeas*: Create ruby-augeas-0.5.0-r15.apk
>>> ruby-augeas: Updating the main/x86_64 repository index...
>>> ruby-augeas: Signing the index...
>>> ruby-augeas: Cleaning up srcdir
>>> ruby-augeas: Cleaning up build chroot
>>> ruby-augeas: Cleaning up pkgdir
