>>> gzip: Validating /home/packager/oily-pine/main/gzip/APKBUILD...
>>> gzip: Cleaning up srcdir
>>> gzip: Cleaning up pkgdir
>>> gzip: Cleaning up tmpdir
>>> gzip: Fetching https://ftp.gnu.org/gnu/gzip/gzip-1.14.tar.xz
  % Total    % Received % Xferd  Average Speed   Time    Time     Time  Current
                                 Dload  Upload   Total   Spent    Left  Speed
  0     0    0     0    0     0      0      0 --:--:-- --:--:-- --:--:--     0  0     0    0     0    0     0      0      0 --:--:-- --:--:-- --:--:--     0100  864k  100  864k    0     0  1030k      0 --:--:-- --:--:-- --:--:-- 1029k
>>> gzip: Fetching https://ftp.gnu.org/gnu/gzip/gzip-1.14.tar.xz
>>> gzip: Checking sha512sums...
gzip-1.14.tar.xz: OK
>>> gzip: Preparing build chroot...
fetch http://dl-cdn.alpinelinux.org/alpine/edge/main/x86_64/APKINDEX.tar.gz
(1/78) Installing musl (1.2.5-r10)
(2/78) Installing libcrypto3 (3.5.0-r0)
(3/78) Installing ca-certificates-bundle (20241121-r2)
(4/78) Installing libssl3 (3.5.0-r0)
(5/78) Installing zlib (1.3.1-r2)
(6/78) Installing libapk2 (2.14.9-r2)
(7/78) Installing apk-tools (2.14.9-r2)
(8/78) Installing libcap2 (2.76-r0)
(9/78) Installing libcap-getcap (2.76-r0)
(10/78) Installing fakeroot (1.37.1.1-r0)
(11/78) Installing scanelf (1.3.8-r1)
(12/78) Installing musl-utils (1.2.5-r10)
(13/78) Installing libgcc (14.3.0-r0)
(14/78) Installing libstdc++ (14.3.0-r0)
(15/78) Installing lzip (1.25-r0)
(16/78) Installing openssl (3.5.0-r0)
(17/78) Installing patch (2.8-r0)
(18/78) Installing pkgconf (2.4.3-r0)
(19/78) Installing acl-libs (2.3.2-r1)
(20/78) Installing tar (1.35-r3)
(21/78) Installing busybox (1.37.0-r18)
Executing busybox-1.37.0-r18.post-install
(22/78) Installing ssl_client (1.37.0-r18)
(23/78) Installing busybox-binsh (1.37.0-r18)
(24/78) Installing abuild (3.15.0-r0)
Executing abuild-3.15.0-r0.pre-install
(25/78) Installing abuild-sudo (3.15.0-r0)
(26/78) Installing alpine-baselayout-data (3.7.0-r0)
(27/78) Installing alpine-baselayout (3.7.0-r0)
Executing alpine-baselayout-3.7.0-r0.pre-install
Executing alpine-baselayout-3.7.0-r0.post-install
(28/78) Installing bridge (1.5-r5)
(29/78) Installing ifupdown-ng (0.12.1-r7)
(30/78) Installing openrc-user (0.62.2-r2)
(31/78) Installing openrc (0.62.2-r2)
Executing openrc-0.62.2-r2.post-install
(32/78) Installing mdev-conf (4.8-r0)
(33/78) Installing busybox-mdev-openrc (1.37.0-r18)
(34/78) Installing alpine-conf (3.20.0-r0)
(35/78) Installing alpine-keys (2.5-r0)
(36/78) Installing alpine-release (3.22.0-r0)
(37/78) Installing busybox-openrc (1.37.0-r18)
(38/78) Installing busybox-suid (1.37.0-r18)
(39/78) Installing alpine-base (3.22.0-r0)
(40/78) Installing jansson (2.14.1-r0)
(41/78) Installing zstd-libs (1.5.7-r0)
(42/78) Installing binutils (2.44-r0)
(43/78) Installing libmagic (5.46-r2)
(44/78) Installing file (5.46-r2)
(45/78) Installing libgomp (14.3.0-r0)
(46/78) Installing libatomic (14.3.0-r0)
(47/78) Installing gmp (6.3.0-r3)
(48/78) Installing isl26 (0.26-r1)
(49/78) Installing mpfr4 (4.2.1_p1-r0)
(50/78) Installing mpc1 (1.3.1-r1)
(51/78) Installing gcc (14.3.0-r0)
(52/78) Installing libstdc++-dev (14.3.0-r0)
(53/78) Installing musl-dev (1.2.5-r10)
(54/78) Installing g++ (14.3.0-r0)
(55/78) Installing make (4.4.1-r3)
(56/78) Installing fortify-headers (1.1-r5)
(57/78) Installing build-base (0.5-r3)
(58/78) Installing diffutils (3.12-r0)
(59/78) Installing brotli-libs (1.1.0-r2)
(60/78) Installing c-ares (1.34.5-r0)
(61/78) Installing libunistring (1.3-r0)
(62/78) Installing libidn2 (2.3.7-r0)
(63/78) Installing nghttp2-libs (1.65.0-r0)
(64/78) Installing libpsl (0.21.5-r3)
(65/78) Installing libcurl (8.14.0-r2)
(66/78) Installing libexpat (2.7.1-r0)
(67/78) Installing pcre2 (10.43-r1)
(68/78) Installing git (2.49.0-r0)
(69/78) Installing git-init-template (2.49.0-r0)
(70/78) Installing grep (3.12-r0)
(71/78) Installing ncurses-terminfo-base (6.5_p20250503-r0)
(72/78) Installing libncursesw (6.5_p20250503-r0)
(73/78) Installing less (678-r0)
(74/78) Installing libbz2 (1.0.8-r6)
(75/78) Installing perl (5.40.2-r0)
(76/78) Installing perl-error (0.17030-r0)
(77/78) Installing perl-git (2.49.0-r0)
(78/78) Installing git-perl (2.49.0-r0)
Executing busybox-1.37.0-r18.trigger
OK: 297 MiB in 78 packages
>>> gzip: Fetching https://ftp.gnu.org/gnu/gzip/gzip-1.14.tar.xz
>>> gzip: Checking sha512sums...
gzip-1.14.tar.xz: OK
>>> gzip: Unpacking /var/cache/distfiles/gzip-1.14.tar.xz...
checking for a BSD-compatible install... /usr/bin/install -c
checking whether sleep supports fractional seconds... yes
checking filesystem timestamp resolution... 2
checking whether build environment is sane... yes
checking for a race-free mkdir -p... /bin/mkdir -p
checking for gawk... no
checking for mawk... no
checking for nawk... no
checking for awk... awk
checking whether make sets $(MAKE)... yes
checking whether make supports nested variables... yes
checking xargs -n works... yes
checking for x86_64-alpine-linux-musl-gcc... cc
checking whether the C compiler works... yes
checking for C compiler default output file name... a.out
checking for suffix of executables... 
checking whether we are cross compiling... no
checking for suffix of object files... o
checking whether the compiler supports GNU C... yes
checking whether cc accepts -g... yes
checking for cc option to enable C23 features... -std=gnu23
checking whether cc -std=gnu23 understands -c and -o together... yes
checking whether the compiler is clang... no
checking for compiler option needed when checking for declarations... none
checking whether make supports the include directive... yes (GNU style)
checking dependency style of cc -std=gnu23... gcc3
checking how to run the C preprocessor... cc -std=gnu23 -E
checking for grep that handles long lines and -e... /bin/grep
checking for less... less
checking for more... more
checking for x86_64-alpine-linux-musl-nm... no
checking for nm... nm
checking whether ln -s works... yes
checking for x86_64-alpine-linux-musl-ranlib... no
checking for ranlib... ranlib
checking for a POSIX-compliant shell... /bin/sh
checking for stdio.h... yes
checking for stdlib.h... yes
checking for string.h... yes
checking for inttypes.h... yes
checking for stdint.h... yes
checking for strings.h... yes
checking for sys/stat.h... yes
checking for sys/types.h... yes
checking for unistd.h... yes
checking for wchar.h... yes
checking for minix/config.h... no
checking for stdbool.h... yes
checking for byteswap.h... yes
checking for sys/param.h... yes
checking for sys/socket.h... yes
checking for dirent.h... yes
checking for endian.h... yes
checking for sys/endian.h... no
checking for error.h... no
checking for features.h... yes
checking for stdio_ext.h... yes
checking for getopt.h... yes
checking for sys/time.h... yes
checking for limits.h... yes
checking for math.h... yes
checking for sys/mman.h... yes
checking for stdckdint.h... yes
checking for utime.h... yes
checking for crtdefs.h... no
checking for fcntl.h... yes
checking for memory.h... yes
checking for time.h... yes
checking for sys/sdt.h... no
checking whether it is safe to define __EXTENSIONS__... yes
checking whether _XOPEN_SOURCE should be defined... no
checking build system type... x86_64-alpine-linux-musl
checking host system type... x86_64-alpine-linux-musl
checking for egrep -e... /bin/grep -E
checking for Minix Amsterdam compiler... no
checking for x86_64-alpine-linux-musl-ar... no
checking for ar... ar
checking for cc -std=gnu23 option to support large files... none needed
checking for cc -std=gnu23 option to support timestamps after 2038... none needed
checking for size_t... yes
checking for working alloca.h... yes
checking for alloca... yes
checking whether the preprocessor supports include_next... yes
checking whether source code line length is unlimited... yes
checking whether malloc is ptrdiff_t safe... yes
checking whether malloc, realloc, calloc set errno on failure... yes
checking for _set_invalid_parameter_handler... no
checking for fchdir... yes
checking for fcntl... yes
checking for symlink... yes
checking for fdopendir... yes
checking for snprintf... yes
checking for vasnprintf... no
checking for fpurge... yes
checking for fsync... yes
checking for getdtablesize... yes
checking for getexecname... no
checking for gettimeofday... yes
checking for lstat... yes
checking for mbsinit... yes
checking for mbrtowc... yes
checking for mprotect... yes
checking for openat... yes
checking for pipe... yes
checking for qsort_r... yes
checking for sigaction... yes
checking for sigaltstack... yes
checking for siginterrupt... yes
checking for unlinkat... yes
checking for utimens... no
checking for lutimens... no
checking for chown... yes
checking for fchmod... yes
checking for fchown... yes
checking whether to enable CRC slice-by-8 algorithm... yes
checking if pclmul intrinsic exists... yes
checking for cc -std=gnu23 options needed to detect all undeclared functions... none needed
checking whether byte ordering is bigendian... no
checking if endian.h defines stdint types... yes
checking if endian.h defines functions and macros... yes
checking for complete errno.h... yes
checking for error... no
checking whether error_at_line is declared... no
checking whether strerror_r is declared... yes
checking whether strerror_r returns char *... no
checking whether ctype.h defines __header_inline... no
checking whether fchdir is declared... yes
checking whether fflush works on input streams... yes
checking whether fclose works on input streams... yes
checking for working fcntl.h... yes
checking for pid_t... yes
checking for mode_t... yes
checking for promoted mode_t type... mode_t
checking whether fdatasync is declared... yes
checking whether fopen recognizes a trailing slash... yes
checking for stdint.h... yes
checking for inttypes.h... yes
checking whether printf supports size specifiers as in C99... yes
checking whether printf supports size specifiers as in C23... no
checking whether printf supports 'long double' arguments... yes
checking whether printf supports infinite 'double' arguments... yes
checking whether long double and double are the same... no
checking whether printf supports infinite 'long double' arguments... yes
checking whether printf supports the 'a' and 'A' directives... yes
checking whether printf supports the 'b' directive... no
checking whether printf supports the 'F' directive... yes
checking whether printf supports the 'ls' directive... yes
checking whether printf supports the 'lc' directive correctly... yes
checking whether printf supports POSIX/XSI format strings with positions... yes
checking whether printf supports the grouping flag... yes
checking whether printf supports the left-adjust flag correctly... yes
checking whether printf supports the zero flag correctly... yes
checking whether printf supports the alternative flag with a zero precision... yes
checking whether printf supports large precisions... yes
checking whether the compiler produces multi-arch binaries... no
checking whether printf survives out-of-memory conditions... yes
checking whether snprintf returns a byte count as in C99... yes
checking whether snprintf truncates the result as in C99... yes
checking for wint_t... yes
checking whether wint_t is large enough... yes
checking where to find the exponent in a 'double'... word 1 bit 20
checking for wcslen... yes
checking for snprintf... (cached) yes
checking for strnlen... yes
checking for wcrtomb... yes
checking whether _snprintf is declared... no
checking for intmax_t... yes
checking whether frexp() can be used without linking with libm... yes
checking whether alarm is declared... yes
checking whether stdin defaults to large file offsets... yes
checking for off64_t... no
checking for blksize_t... yes
checking for blkcnt_t... yes
checking whether fseeko is declared... yes
checking for fseeko... yes
checking whether fflush works on input streams... (cached) yes
checking whether stat file-mode macros are broken... no
checking for C/C++ restrict keyword... __restrict__
checking for nlink_t... yes
checking whether ftello is declared... yes
checking whether ungetc works on arbitrary bytes... yes
checking for ftello... yes
checking whether ftello works... yes
checking whether getcwd (NULL, 0) allocates memory for result... yes
checking for getcwd with POSIX signature... yes
checking whether getdtablesize is declared... yes
checking for getopt.h... (cached) yes
checking for getopt_long_only... yes
checking whether getopt is POSIX compatible... no
checking for glibc-compatible sys/cdefs.h... no
checking whether timespec_get is declared... yes
checking for timespec_get... yes
checking for struct timeval... yes
checking for wide-enough struct timeval.tv_sec member... yes
checking whether limits.h has WORD_BIT, BOOL_WIDTH etc.... no
checking whether stdint.h conforms to C99... yes
checking whether stdint.h works without ISO C predefines... yes
checking whether stdint.h has UINTMAX_WIDTH etc.... no
checking whether INT32_MAX < INTMAX_MAX... yes
checking whether INT64_MAX == LONG_MAX... yes
checking whether UINT32_MAX < UINTMAX_MAX... yes
checking whether UINT64_MAX == ULONG_MAX... yes
checking where to find the exponent in a 'float'... word 0 bit 23
checking where to find the exponent in a 'long double'... word 2 bit 0
checking whether lstat correctly handles trailing slash... yes
checking for a sed that does not truncate output... /bin/sed
checking whether malloc (0) returns nonnull... yes
checking whether NAN macro works... yes
checking whether HUGE_VAL works... yes
checking for mbstate_t... yes
checking for nl_langinfo and CODESET... yes
checking for a traditional japanese locale... none
checking for an english Unicode locale... en_US.UTF-8
checking for a transitional chinese locale... none
checking whether mbrtowc handles incomplete characters... yes
checking whether mbrtowc works as well as mbtowc... guessing yes
checking for mmap... yes
checking for MAP_ANONYMOUS... yes
checking whether memchr works... yes
checking whether memrchr is declared... yes
checking whether <limits.h> defines MIN and MAX... no
checking whether <sys/param.h> defines MIN and MAX... yes
checking for O_CLOEXEC... yes
checking for egrep... /bin/grep -E
checking whether C symbols are prefixed with underscore at the linker level... no
checking for sigset_t... yes
checking whether realloc should abort upon undefined behaviour... no
checking for uid_t... yes
checking for gid_t... yes
checking for volatile sig_atomic_t... yes
checking for sighandler_t... yes
checking for good max_align_t... yes
checking whether NULL can be used in arbitrary expressions... yes
checking for unreachable... no
checking whether nullptr_t needs <stddef.h>... no
checking for clean definition of __STDC_VERSION_STDDEF_H__... yes
checking whether fcloseall is declared... no
checking whether getw is declared... yes
checking whether putw is declared... yes
checking which flavor of printf attribute matches inttypes macros... system
checking whether ecvt is declared... yes
checking whether fcvt is declared... yes
checking whether gcvt is declared... yes
checking whether MB_CUR_MAX is correct... yes
checking whether strdup is declared... yes
checking whether strerror(0) succeeds... yes
checking for struct timespec in <time.h>... yes
checking for TIME_UTC in <time.h>... yes
checking whether execvpe is declared... yes
checking whether the utimes function works... yes
checking whether <wchar.h> uses 'inline' correctly... yes
checking whether wcsdup is declared... yes
checking for C compiler option to allow warnings... -Wno-error
checking for alignas and alignof... yes, keywords
checking for alloca as a compiler built-in... yes
checking for static_assert... yes, a keyword
checking for bool, true, false... yes
checking for working bswap_16, bswap_32, bswap_64... yes
checking whether calloc (0, n) and calloc (n, 0) return nonnull... yes
checking whether this system supports file names of any length... no
checking for library containing clock_gettime... none required
checking for clock_getres... yes
checking for clock_gettime... yes
checking for clock_settime... yes
checking for closedir... yes
checking for dirfd... yes
checking whether dirfd is declared... yes
checking whether dirfd is a macro... no
checking whether // is distinct from /... no
checking whether dup works... yes
checking whether dup2 works... yes
checking whether fcntl handles F_DUPFD correctly... yes
checking whether fcntl understands F_DUPFD_CLOEXEC... needs runtime check
checking for fdatasync... yes
checking whether fdopendir is declared... yes
checking whether fdopendir works... yes
checking whether fflush works on input streams... (cached) yes
checking for mempcpy... yes
checking whether float.h conforms to ISO C23... no
checking whether conversion from 'int' to 'long double' works... yes
checking for ptrdiff_t... yes
checking for __fpurge... yes
checking whether fpurge is declared... no
checking whether fpurge works... no
checking for __freading... yes
checking whether free is known to preserve errno... no
checking whether frexp works... yes
checking whether frexpl is declared... yes
checking whether frexpl() can be used without linking with libm... yes
checking whether frexpl works... yes
checking for fseeko... (cached) yes
checking whether fflush works on input streams... (cached) yes
checking for __fseterr... yes
checking for ftello... (cached) yes
checking whether ftello works... (cached) yes
checking whether getdtablesize works... yes
checking for getprogname... no
checking whether program_invocation_name is declared... yes
checking whether program_invocation_name is declared... (cached) yes
checking whether program_invocation_short_name is declared... yes
checking whether __argv is declared... no
checking for gettimeofday with POSIX signature... yes
checking whether isnan(double) can be used without linking with libm... yes
checking whether isnan(float) can be used without linking with libm... yes
checking whether isnan(float) works... yes
checking whether isnan(long double) can be used without linking with libm... yes
checking whether isnanl works... yes
checking for C compiler flag to ignore unused libraries... -Wl,--as-needed
checking whether lseek detects pipes... yes
checking whether SEEK_DATA works but is incompatible with GNU... no
checking for mempcpy... (cached) yes
checking for memrchr... yes
checking whether open recognizes a trailing slash... yes
checking for opendir... yes
checking whether frexp works... (cached) yes
checking whether ldexp can be used without linking with libm... yes
checking whether frexpl() can be used without linking with libm... (cached) yes
checking whether frexpl works... (cached) yes
checking whether frexpl is declared... (cached) yes
checking whether ldexpl() can be used without linking with libm... yes
checking whether ldexpl works... yes
checking whether ldexpl is declared... yes
checking for ptrdiff_t... (cached) yes
checking for qsort_r signature... GNU
checking for raise... yes
checking for sigprocmask... yes
checking for readdir... yes
checking whether realloc (..., 0) returns nonnull... yes
checking for reallocarray... yes
checking whether rmdir works... yes
checking for struct sigaction.sa_sigaction... yes
checking for signbit macro... yes
checking for signbit compiler built-ins... yes
checking for sigprocmask... (cached) yes
checking for stdint.h... (cached) yes
checking for SIZE_MAX... yes
checking for ssize_t... yes
checking whether stat handles trailing slashes on files... yes
checking for struct stat.st_atim.tv_nsec... yes
checking whether struct stat.st_atim is of type struct timespec... yes
checking for struct stat.st_birthtimespec.tv_nsec... no
checking for struct stat.st_birthtimensec... no
checking for struct stat.st_birthtim.tv_nsec... no
checking for stpcpy... yes
checking for working strerror function... yes
checking whether time() works... guessing yes
checking whether unlink honors trailing slashes... yes
checking whether unlink of a parent directory fails as it should... guessing yes
checking for utime... yes
checking whether utime handles trailing slashes on files... yes
checking for futimes... yes
checking for futimesat... yes
checking for lutimes... yes
checking for futimens... yes
checking for utimensat... yes
checking for variable-length arrays... yes
checking for ptrdiff_t... (cached) yes
checking for ptrdiff_t... (cached) yes
checking for stdint.h... (cached) yes
checking for underline in external names... no
checking for an assembler syntax supported by this package... no
checking for an ANSI C-conforming const... yes
checking for dirent.h that defines DIR... yes
checking for library containing opendir... none required
checking for size_t... (cached) yes
checking for off_t... yes
checking that generated files are newer than configure... done
configure: creating ./config.status
config.status: creating Makefile
config.status: creating doc/Makefile
config.status: creating lib/Makefile
config.status: creating tests/Makefile
config.status: creating lib/config.h
config.status: executing depfiles commands
  GEN      version.c
  GEN      version.h
make  all-recursive
make[1]: Entering directory '/tmp/src/gzip-1.14'
Making all in lib
make[2]: Entering directory '/tmp/src/gzip-1.14/lib'
  GEN      alloca.h
  GEN      dirent.h
  GEN      error.h
  GEN      fcntl.h
  GEN      float.h
  GEN      getopt.h
  GEN      getopt-cdefs.h
  GEN      inttypes.h
  GEN      limits.h
  GEN      math.h
  GEN      signal.h
  GEN      stddef.h
  GEN      stdint.h
  GEN      stdio.h
  GEN      stdlib.h
  GEN      string.h
  GEN      sys/stat.h
  GEN      sys/time.h
  GEN      sys/types.h
  GEN      time.h
  GEN      unistd.h
  GEN      utime.h
  GEN      wchar.h
make  all-am
make[3]: Entering directory '/tmp/src/gzip-1.14/lib'
  CC       libgzip_a-openat-proc.o
  CC       libgzip_a-basename-lgpl.o
  CC       libgzip_a-chdir-long.o
  CC       libgzip_a-cloexec.o
  CC       libgzip_a-crc.o
  CC       libgzip_a-crc-x86_64-pclmul.o
  CC       libgzip_a-dirname-lgpl.o
  CC       libgzip_a-stripslash.o
  CC       libgzip_a-error.o
  CC       libgzip_a-exitfail.o
  CC       libgzip_a-fcntl.o
  CC       libgzip_a-creat-safer.o
  CC       libgzip_a-open-safer.o
  CC       libgzip_a-fd-hook.o
  CC       libgzip_a-filenamecat-lgpl.o
  CC       libgzip_a-float.o
  CC       libgzip_a-fpurge.o
  CC       libgzip_a-freading.o
  CC       libgzip_a-free.o
  CC       libgzip_a-getopt.o
  CC       libgzip_a-getopt1.o
  CC       libgzip_a-getprogname.o
  CC       libgzip_a-gettime.o
  CC       libgzip_a-ialloc.o
  CC       libgzip_a-malloca.o
  CC       libgzip_a-math.o
  CC       libgzip_a-mbszero.o
  CC       libgzip_a-openat-die.o
  CC       libgzip_a-openat-safer.o
  CC       libgzip_a-printf-frexp.o
  CC       libgzip_a-printf-frexpl.o
  CC       libgzip_a-save-cwd.o
  CC       libgzip_a-savedir.o
  CC       libgzip_a-sig-handler.o
  CC       libgzip_a-stat-time.o
  CC       libgzip_a-stdlib.o
  CC       libgzip_a-timespec.o
  CC       libgzip_a-unistd.o
  CC       libgzip_a-dup-safer.o
  CC       libgzip_a-fd-safer.o
  CC       libgzip_a-pipe-safer.o
  CC       libgzip_a-utimens.o
  CC       libgzip_a-vfzprintf.o
  CC       libgzip_a-xmalloc.o
  CC       libgzip_a-xalloc-die.o
  CC       libgzip_a-xsize.o
  CC       libgzip_a-yesno.o
  CC       asnprintf.o
  CC       fprintf.o
  CC       printf.o
  CC       printf-args.o
  CC       printf-parse.o
  CC       vasnprintf.o
  CC       vfprintf.o
  AR       libgzip.a
make[3]: Leaving directory '/tmp/src/gzip-1.14/lib'
make[2]: Leaving directory '/tmp/src/gzip-1.14/lib'
Making all in doc
make[2]: Entering directory '/tmp/src/gzip-1.14/doc'
make[2]: Nothing to be done for 'all'.
make[2]: Leaving directory '/tmp/src/gzip-1.14/doc'
Making all in .
make[2]: Entering directory '/tmp/src/gzip-1.14'
  CC       bits.o
  CC       deflate.o
  CC       gzip.o
  CC       inflate.o
  CC       trees.o
  CC       unlzh.o
  CC       unlzw.o
  CC       unpack.o
  CC       unzip.o
  CC       util.o
  CC       zip.o
  CC       version.o
  GEN      gunzip
  GEN      gzexe
  GEN      zcat
  GEN      zcmp
  GEN      zdiff
  GEN      zegrep
  GEN      zfgrep
  GEN      zforce
  GEN      zgrep
  GEN      zless
  GEN      zmore
  GEN      znew
  AR       libver.a
  CCLD     gzip
make[2]: Leaving directory '/tmp/src/gzip-1.14'
Making all in tests
make[2]: Entering directory '/tmp/src/gzip-1.14/tests'
make[2]: Nothing to be done for 'all'.
make[2]: Leaving directory '/tmp/src/gzip-1.14/tests'
make[1]: Leaving directory '/tmp/src/gzip-1.14'
  GEN      public-submodule-commit
make  check-recursive
make[1]: Entering directory '/tmp/src/gzip-1.14'
Making check in lib
make[2]: Entering directory '/tmp/src/gzip-1.14/lib'
make  check-am
make[3]: Entering directory '/tmp/src/gzip-1.14/lib'
make[3]: Leaving directory '/tmp/src/gzip-1.14/lib'
make[2]: Leaving directory '/tmp/src/gzip-1.14/lib'
Making check in doc
make[2]: Entering directory '/tmp/src/gzip-1.14/doc'
make[2]: Nothing to be done for 'check'.
make[2]: Leaving directory '/tmp/src/gzip-1.14/doc'
Making check in .
make[2]: Entering directory '/tmp/src/gzip-1.14'
make  check-local
make[3]: Entering directory '/tmp/src/gzip-1.14'
  GEN      gzip.doc.gz
  GEN      check-local
make[3]: Leaving directory '/tmp/src/gzip-1.14'
make[2]: Leaving directory '/tmp/src/gzip-1.14'
Making check in tests
make[2]: Entering directory '/tmp/src/gzip-1.14/tests'
make  check-TESTS
make[3]: Entering directory '/tmp/src/gzip-1.14/tests'
make[4]: Entering directory '/tmp/src/gzip-1.14/tests'
PASS: helin-segv
PASS: hufts
PASS: memcpy-abuse
PASS: null-suffix-clobber
PASS: list
PASS: keep
PASS: stdin
PASS: synchronous
PASS: reference
PASS: timestamp
PASS: unpack-invalid
PASS: upper-suffix
PASS: trailing-nul
PASS: unpack-valid
PASS: write-error
PASS: z-suffix
PASS: two-files
PASS: zdiff
PASS: zgrep-f
PASS: zgrep-abuse
PASS: zgrep-binary
PASS: zgrep-context
PASS: znew-k
PASS: gzip-env
PASS: zgrep-signal
PASS: help-version
PASS: pipe-output
PASS: mixed
PASS: reproducible
PASS: list-big
============================================================================
Testsuite summary for gzip 1.14
============================================================================
# TOTAL: 30
# PASS:  30
# SKIP:  0
# XFAIL: 0
# FAIL:  0
# XPASS: 0
# ERROR: 0
============================================================================
make[4]: Leaving directory '/tmp/src/gzip-1.14/tests'
make[3]: Leaving directory '/tmp/src/gzip-1.14/tests'
make[2]: Leaving directory '/tmp/src/gzip-1.14/tests'
make[1]: Leaving directory '/tmp/src/gzip-1.14'
>>> gzip: Entering fakeroot...
make  install-recursive
make[1]: Entering directory '/tmp/src/gzip-1.14'
Making install in lib
make[2]: Entering directory '/tmp/src/gzip-1.14/lib'
make  install-am
make[3]: Entering directory '/tmp/src/gzip-1.14/lib'
make[4]: Entering directory '/tmp/src/gzip-1.14/lib'
make[4]: Nothing to be done for 'install-exec-am'.
make[4]: Nothing to be done for 'install-data-am'.
make[4]: Leaving directory '/tmp/src/gzip-1.14/lib'
make[3]: Leaving directory '/tmp/src/gzip-1.14/lib'
make[2]: Leaving directory '/tmp/src/gzip-1.14/lib'
Making install in doc
make[2]: Entering directory '/tmp/src/gzip-1.14/doc'
make[3]: Entering directory '/tmp/src/gzip-1.14/doc'
make[3]: Nothing to be done for 'install-exec-am'.
 /bin/mkdir -p '/tmp/pkg/gzip/usr/share/info'
 /usr/bin/install -c -m 644 ./gzip.info '/tmp/pkg/gzip/usr/share/info'
make[3]: Leaving directory '/tmp/src/gzip-1.14/doc'
make[2]: Leaving directory '/tmp/src/gzip-1.14/doc'
Making install in .
make[2]: Entering directory '/tmp/src/gzip-1.14'
make[3]: Entering directory '/tmp/src/gzip-1.14'
 /bin/mkdir -p '/tmp/pkg/gzip/usr/bin'
 /bin/mkdir -p '/tmp/pkg/gzip/usr/bin'
 /bin/mkdir -p '/tmp/pkg/gzip/usr/share/man/man1'
  /usr/bin/install -c gzip '/tmp/pkg/gzip/usr/bin'
 /usr/bin/install -c gunzip gzexe zcat zcmp zdiff zegrep zfgrep zforce zgrep zless zmore znew '/tmp/pkg/gzip/usr/bin'
make  install-exec-hook
 /usr/bin/install -c -m 644 gunzip.1 gzexe.1 gzip.1 zcat.1 zcmp.1 zdiff.1 zforce.1 zgrep.1 zless.1 zmore.1 znew.1 '/tmp/pkg/gzip/usr/share/man/man1'
make[4]: Entering directory '/tmp/src/gzip-1.14'
+ cd /tmp/pkg/gzip/usr/bin
+ rm -f uncompress
+ cd /tmp/pkg/gzip/usr/bin
+ rm -f uncompress
+ ln gunzip uncompress
make[4]: Leaving directory '/tmp/src/gzip-1.14'
make[3]: Leaving directory '/tmp/src/gzip-1.14'
make[2]: Leaving directory '/tmp/src/gzip-1.14'
Making install in tests
make[2]: Entering directory '/tmp/src/gzip-1.14/tests'
make[3]: Entering directory '/tmp/src/gzip-1.14/tests'
make[3]: Nothing to be done for 'install-exec-am'.
make[3]: Nothing to be done for 'install-data-am'.
make[3]: Leaving directory '/tmp/src/gzip-1.14/tests'
make[2]: Leaving directory '/tmp/src/gzip-1.14/tests'
make[1]: Leaving directory '/tmp/src/gzip-1.14'
>>> gzip-doc*: Running split function doc...
'usr/share/man' -> '/tmp/pkg/gzip-doc/usr/share/man'
'usr/share/info' -> '/tmp/pkg/gzip-doc/usr/share/info'
>>> gzip-doc*: Preparing subpackage gzip-doc...
>>> gzip-doc*: Running postcheck for gzip-doc
>>> gzip*: Running postcheck for gzip
>>> WARNING: gzip*: Packages must not put anything under /bin, use /usr/bin instead
>>> gzip*: Preparing package gzip...
>>> gzip*: Stripping binaries
>>> gzip-doc*: Scanning shared objects
>>> gzip*: Scanning shared objects
>>> gzip-doc*: Tracing dependencies...
>>> gzip-doc*: Package size: 58.9 KB
>>> gzip-doc*: Compressing data...
>>> gzip-doc*: Create checksum...
>>> gzip-doc*: Create gzip-doc-1.14-r1.apk
>>> gzip*: Tracing dependencies...
	less
	so:libc.musl-x86_64.so.1
>>> gzip*: Package size: 131.5 KB
>>> gzip*: Compressing data...
>>> gzip*: Create checksum...
>>> gzip*: Create gzip-1.14-r1.apk
>>> gzip: Updating the main/x86_64 repository index...
>>> gzip: Signing the index...
>>> gzip: Cleaning up srcdir
>>> gzip: Cleaning up build chroot
>>> gzip: Cleaning up pkgdir
