>>> ruby-prime: Validating /home/packager/oily-pine/main/ruby-prime/APKBUILD...
>>> ruby-prime: Cleaning up srcdir
>>> ruby-prime: Cleaning up pkgdir
>>> ruby-prime: Cleaning up tmpdir
>>> ruby-prime: Fetching https://github.com/ruby/prime/archive/v0.1.3/prime-0.1.3.tar.gz
  % Total    % Received % Xferd  Average Speed   Time    Time     Time  Current
                                 Dload  Upload   Total   Spent    Left  Speed
  0     0    0     0    0     0      0      0 --:--:-- --:--:-- --:--:--     0  0     0    0     0    0     0      0      0 --:--:-- --:--:-- --:--:--     0
  0     0    0     0    0     0      0      0 --:--:-- --:--:-- --:--:--     0100 12970    0 12970    0     0  19329      0 --:--:-- --:--:-- --:--:-- 51062
>>> ruby-prime: Fetching https://github.com/ruby/prime/archive/v0.1.3/prime-0.1.3.tar.gz
>>> ruby-prime: Checking sha512sums...
prime-0.1.3.tar.gz: OK
>>> ruby-prime: Preparing build chroot...
fetch http://dl-cdn.alpinelinux.org/alpine/edge/main/x86_64/APKINDEX.tar.gz
(1/80) Installing musl (1.2.5-r10)
(2/80) Installing libcrypto3 (3.5.0-r0)
(3/80) Installing ca-certificates-bundle (20241121-r2)
(4/80) Installing libssl3 (3.5.0-r0)
(5/80) Installing zlib (1.3.1-r2)
(6/80) Installing libapk2 (2.14.9-r2)
(7/80) Installing apk-tools (2.14.9-r2)
(8/80) Installing libcap2 (2.76-r0)
(9/80) Installing libcap-getcap (2.76-r0)
(10/80) Installing fakeroot (1.37.1.1-r0)
(11/80) Installing scanelf (1.3.8-r1)
(12/80) Installing musl-utils (1.2.5-r10)
(13/80) Installing libgcc (14.3.0-r0)
(14/80) Installing libstdc++ (14.3.0-r0)
(15/80) Installing lzip (1.25-r0)
(16/80) Installing openssl (3.5.0-r0)
(17/80) Installing patch (2.8-r0)
(18/80) Installing pkgconf (2.4.3-r0)
(19/80) Installing acl-libs (2.3.2-r1)
(20/80) Installing tar (1.35-r3)
(21/80) Installing busybox (1.37.0-r18)
Executing busybox-1.37.0-r18.post-install
(22/80) Installing ssl_client (1.37.0-r18)
(23/80) Installing busybox-binsh (1.37.0-r18)
(24/80) Installing abuild (3.15.0-r0)
Executing abuild-3.15.0-r0.pre-install
(25/80) Installing abuild-sudo (3.15.0-r0)
(26/80) Installing alpine-baselayout-data (3.7.0-r0)
(27/80) Installing alpine-baselayout (3.7.0-r0)
Executing alpine-baselayout-3.7.0-r0.pre-install
Executing alpine-baselayout-3.7.0-r0.post-install
(28/80) Installing bridge (1.5-r5)
(29/80) Installing ifupdown-ng (0.12.1-r7)
(30/80) Installing openrc-user (0.62.2-r2)
(31/80) Installing openrc (0.62.2-r2)
Executing openrc-0.62.2-r2.post-install
(32/80) Installing mdev-conf (4.8-r0)
(33/80) Installing busybox-mdev-openrc (1.37.0-r18)
(34/80) Installing alpine-conf (3.20.0-r0)
(35/80) Installing alpine-keys (2.5-r0)
(36/80) Installing alpine-release (3.22.0-r0)
(37/80) Installing busybox-openrc (1.37.0-r18)
(38/80) Installing busybox-suid (1.37.0-r18)
(39/80) Installing alpine-base (3.22.0-r0)
(40/80) Installing jansson (2.14.1-r0)
(41/80) Installing zstd-libs (1.5.7-r0)
(42/80) Installing binutils (2.44-r0)
(43/80) Installing libmagic (5.46-r2)
(44/80) Installing file (5.46-r2)
(45/80) Installing libgomp (14.3.0-r0)
(46/80) Installing libatomic (14.3.0-r0)
(47/80) Installing gmp (6.3.0-r3)
(48/80) Installing isl26 (0.26-r1)
(49/80) Installing mpfr4 (4.2.1_p1-r0)
(50/80) Installing mpc1 (1.3.1-r1)
(51/80) Installing gcc (14.3.0-r0)
(52/80) Installing libstdc++-dev (14.3.0-r0)
(53/80) Installing musl-dev (1.2.5-r10)
(54/80) Installing g++ (14.3.0-r0)
(55/80) Installing make (4.4.1-r3)
(56/80) Installing fortify-headers (1.1-r5)
(57/80) Installing build-base (0.5-r3)
(58/80) Installing brotli-libs (1.1.0-r2)
(59/80) Installing c-ares (1.34.5-r0)
(60/80) Installing libunistring (1.3-r0)
(61/80) Installing libidn2 (2.3.7-r0)
(62/80) Installing nghttp2-libs (1.65.0-r0)
(63/80) Installing libpsl (0.21.5-r3)
(64/80) Installing libcurl (8.14.0-r2)
(65/80) Installing libexpat (2.7.1-r0)
(66/80) Installing pcre2 (10.43-r1)
(67/80) Installing git (2.49.0-r0)
(68/80) Installing git-init-template (2.49.0-r0)
(69/80) Installing ca-certificates (20241121-r2)
(70/80) Installing libffi (3.4.8-r0)
(71/80) Installing yaml (0.2.5-r2)
(72/80) Installing ruby-libs (3.4.4-r0)
(73/80) Installing libucontext (1.3.2-r0)
(74/80) Installing ruby (3.4.4-r0)
(75/80) Installing ruby-bundler (2.6.8-r0)
(76/80) Installing ruby-rbs (3.8.1-r0)
(77/80) Installing ruby-rdoc (3.4.4-r0)
(78/80) Installing ruby-power_assert (2.0.5-r0)
(79/80) Installing ruby-test-unit (3.6.8-r0)
(80/80) Installing ruby-test-unit-ruby-core (1.0.6-r0)
Executing busybox-1.37.0-r18.trigger
Executing ca-certificates-20241121-r2.trigger
OK: 285 MiB in 80 packages
>>> ruby-prime: Fetching https://github.com/ruby/prime/archive/v0.1.3/prime-0.1.3.tar.gz
>>> ruby-prime: Checking sha512sums...
prime-0.1.3.tar.gz: OK
>>> ruby-prime: Unpacking /var/cache/distfiles/prime-0.1.3.tar.gz...
WARNING:  description and summary are identical
WARNING:  open-ended dependency on singleton (>= 0) is not recommended
  use a bounded requirement, such as "~> x.y"
WARNING:  open-ended dependency on forwardable (>= 0) is not recommended
  use a bounded requirement, such as "~> x.y"
WARNING:  See https://guides.rubygems.org/specification-reference/ for help
  Successfully built RubyGem
  Name: prime
  Version: 0.1.3
  File: prime-0.1.3.gem
Loaded suite -e
Started
TestPrime: 
  test_default_instance_does_not_have_compatibility_methods:	.: (0.000100)
  test_each:						.: (0.000118)
  test_each_by_prime_number_theorem:			.: (0.106646)
  test_each_without_block:				.: (0.000071)
  test_enumerator_size:					.: (0.000039)
  test_enumerator_succ:					.: (0.000073)
  test_enumerator_with_index:				.: (0.000496)
  test_enumerator_with_index_with_offset:		.: (0.000459)
  test_enumerator_with_object:				.: (0.000028)
  test_eratosthenes_works_fine_after_timeout:		.: (0.500383)
  test_include?:					.: (0.000070)
  test_instance_without_block:				.: (0.000043)
  test_integer_each_prime:				.: (0.000075)
  test_new:						.: (0.000030)
  test_prime?:						.: (0.000030)
  test_prime_each_basic_argument_checking:		.: (0.000037)
TestPrime::TestGenerator23: 
  test_rewind:						.: (0.000063)
TestPrime::TestInteger: 
  test_from_prime_division:				.: (0.000143)
  test_prime?:						.: (0.011115)
  test_prime_division:					.: (0.000421)
  test_prime_in_ractor:					.: (0.070379)
TestPrime::TestPseudoPrimeGenerator: 
  test_next:						.: (0.000084)
  test_rewind:						.: (0.000029)
  test_succ:						.: (0.000025)
  test_upper_bound:					.: (0.000025)
TestPrime::TestTrialDivisionGenerator: 
  test_each:						.: (0.000347)
  test_rewind:						.: (0.000031)

Finished in 0.692158159 seconds.
-------------------------------------------------------------------------------
27 tests, 1034 assertions, 0 failures, 0 errors, 0 pendings, 0 omissions, 0 notifications
100% passed
-------------------------------------------------------------------------------
39.01 tests/s, 1493.88 assertions/s
>>> ruby-prime: Entering fakeroot...
/tmp/pkg/ruby-prime/usr/lib/ruby/gems/3.4.0/gems/prime-0.1.3/BSDL
/tmp/pkg/ruby-prime/usr/lib/ruby/gems/3.4.0/gems/prime-0.1.3/COPYING
/tmp/pkg/ruby-prime/usr/lib/ruby/gems/3.4.0/gems/prime-0.1.3/README.md
/tmp/pkg/ruby-prime/usr/lib/ruby/gems/3.4.0/gems/prime-0.1.3/Rakefile
/tmp/pkg/ruby-prime/usr/lib/ruby/gems/3.4.0/gems/prime-0.1.3/lib/prime.rb
/tmp/pkg/ruby-prime/usr/lib/ruby/gems/3.4.0/gems/prime-0.1.3/prime.gemspec
/tmp/pkg/ruby-prime/usr/lib/ruby/gems/3.4.0/gems/prime-0.1.3/sig/integer-extension.rbs
/tmp/pkg/ruby-prime/usr/lib/ruby/gems/3.4.0/gems/prime-0.1.3/sig/manifest.yaml
/tmp/pkg/ruby-prime/usr/lib/ruby/gems/3.4.0/gems/prime-0.1.3/sig/prime.rbs
Successfully installed prime-0.1.3
1 gem installed
>>> ruby-prime-doc*: Running split function doc...
'usr/lib/ruby/gems/3.4.0/doc' -> '/tmp/pkg/ruby-prime-doc/usr/lib/ruby/gems/3.4.0/doc'
>>> ruby-prime-doc*: Preparing subpackage ruby-prime-doc...
>>> ruby-prime-doc*: Running postcheck for ruby-prime-doc
>>> ruby-prime*: Running postcheck for ruby-prime
>>> ruby-prime*: Preparing package ruby-prime...
>>> ruby-prime-doc*: Tracing dependencies...
	ruby
>>> ruby-prime-doc*: Package size: 1.0 B
>>> ruby-prime-doc*: Compressing data...
>>> ruby-prime-doc*: Create checksum...
>>> ruby-prime-doc*: Create ruby-prime-doc-0.1.3-r0.apk
>>> ruby-prime*: Tracing dependencies...
	ruby
>>> ruby-prime*: Package size: 31.8 KB
>>> ruby-prime*: Compressing data...
>>> ruby-prime*: Create checksum...
>>> ruby-prime*: Create ruby-prime-0.1.3-r0.apk
>>> ruby-prime: Updating the main/x86_64 repository index...
>>> ruby-prime: Signing the index...
>>> ruby-prime: Cleaning up srcdir
>>> ruby-prime: Cleaning up build chroot
>>> ruby-prime: Cleaning up pkgdir
