pigz: not found
>>> py3-dnspython: Building main/py3-dnspython 2.7.0-r0 (using abuild 3.14.1-r4) started Sun, 18 May 2025 09:08:45 +0000
>>> py3-dnspython: Validating /home/packager/aports/main/py3-dnspython/APKBUILD...
>>> py3-dnspython: Analyzing dependencies...
>>> py3-dnspython: Installing for build: build-base cython py3-gpep517 py3-hatchling py3-wheel python3-dev
(1/34) Installing libbz2 (1.0.8-r6)
(2/34) Installing libffi (3.4.7-r0)
(3/34) Installing gdbm (1.24-r0)
(4/34) Installing xz-libs (5.6.3-r1)
(5/34) Installing mpdecimal (4.0.0-r0)
(6/34) Installing sqlite-libs (3.49.2-r0)
(7/34) Installing python3 (3.12.10-r0)
(8/34) Installing python3-pycache-pyc0 (3.12.10-r0)
(9/34) Installing pyc (3.12.10-r0)
(10/34) Installing cython-pyc (3.0.12-r0)
(11/34) Installing python3-pyc (3.12.10-r0)
(12/34) Installing cython (3.0.12-r0)
(13/34) Installing py3-installer (0.7.0-r2)
(14/34) Installing py3-installer-pyc (0.7.0-r2)
(15/34) Installing py3-gpep517 (19-r0)
(16/34) Installing py3-gpep517-pyc (19-r0)
(17/34) Installing py3-editables (0.5-r2)
(18/34) Installing py3-editables-pyc (0.5-r2)
(19/34) Installing py3-parsing (3.2.3-r0)
(20/34) Installing py3-parsing-pyc (3.2.3-r0)
(21/34) Installing py3-packaging (25.0-r0)
(22/34) Installing py3-packaging-pyc (25.0-r0)
(23/34) Installing py3-pathspec (0.12.1-r2)
(24/34) Installing py3-pathspec-pyc (0.12.1-r2)
(25/34) Installing py3-pluggy (1.5.0-r0)
(26/34) Installing py3-pluggy-pyc (1.5.0-r0)
(27/34) Installing py3-trove-classifiers (2025.1.15.22-r0)
(28/34) Installing py3-trove-classifiers-pyc (2025.1.15.22-r0)
(29/34) Installing py3-hatchling (1.27.0-r0)
(30/34) Installing py3-hatchling-pyc (1.27.0-r0)
(31/34) Installing py3-wheel (0.46.1-r0)
(32/34) Installing py3-wheel-pyc (0.46.1-r0)
(33/34) Installing python3-dev (3.12.10-r0)
(34/34) Installing .makedepends-py3-dnspython (20250518.090847)
Executing busybox-1.37.0-r12.trigger
OK: 404 MiB in 115 packages
>>> py3-dnspython: Cleaning up srcdir
>>> py3-dnspython: Cleaning up pkgdir
>>> py3-dnspython: Cleaning up tmpdir
>>> py3-dnspython: Fetching https://github.com/rthalley/dnspython/archive/v2.7.0/dnspython-2.7.0.tar.gz
Connecting to github.com (140.82.121.4:443)
Connecting to codeload.github.com (140.82.121.10:443)
saving to '/var/cache/distfiles/dnspython-2.7.0.tar.gz.part'
dnspython-2.7.0.tar. 100% |********************************|  377k  0:00:00 ETA
'/var/cache/distfiles/dnspython-2.7.0.tar.gz.part' saved
>>> py3-dnspython: Fetching https://github.com/rthalley/dnspython/archive/v2.7.0/dnspython-2.7.0.tar.gz
>>> py3-dnspython: Checking sha512sums...
dnspython-2.7.0.tar.gz: OK
>>> py3-dnspython: Unpacking /var/cache/distfiles/dnspython-2.7.0.tar.gz...
2025-05-18 09:08:48,820 gpep517 INFO Building wheel via backend hatchling.build
2025-05-18 09:08:48,937 gpep517 INFO The backend produced .dist/dnspython-2.7.0-py3-none-any.whl
dnspython-2.7.0-py3-none-any.whl
>>> py3-dnspython: Entering fakeroot...
>>> py3-dnspython-pyc*: Running split function pyc...
'usr/lib/python3.12/site-packages/dns/rdtypes/CH/__pycache__' -> '/home/packager/aports/main/py3-dnspython/pkg/py3-dnspython-pyc/usr/lib/python3.12/site-packages/dns/rdtypes/CH/__pycache__'
'usr/lib/python3.12/site-packages/dns/rdtypes/IN/__pycache__' -> '/home/packager/aports/main/py3-dnspython/pkg/py3-dnspython-pyc/usr/lib/python3.12/site-packages/dns/rdtypes/IN/__pycache__'
'usr/lib/python3.12/site-packages/dns/rdtypes/ANY/__pycache__' -> '/home/packager/aports/main/py3-dnspython/pkg/py3-dnspython-pyc/usr/lib/python3.12/site-packages/dns/rdtypes/ANY/__pycache__'
'usr/lib/python3.12/site-packages/dns/rdtypes/__pycache__' -> '/home/packager/aports/main/py3-dnspython/pkg/py3-dnspython-pyc/usr/lib/python3.12/site-packages/dns/rdtypes/__pycache__'
'usr/lib/python3.12/site-packages/dns/__pycache__' -> '/home/packager/aports/main/py3-dnspython/pkg/py3-dnspython-pyc/usr/lib/python3.12/site-packages/dns/__pycache__'
'usr/lib/python3.12/site-packages/dns/dnssecalgs/__pycache__' -> '/home/packager/aports/main/py3-dnspython/pkg/py3-dnspython-pyc/usr/lib/python3.12/site-packages/dns/dnssecalgs/__pycache__'
'usr/lib/python3.12/site-packages/dns/quic/__pycache__' -> '/home/packager/aports/main/py3-dnspython/pkg/py3-dnspython-pyc/usr/lib/python3.12/site-packages/dns/quic/__pycache__'
>>> py3-dnspython-pyc*: Preparing subpackage py3-dnspython-pyc...
>>> py3-dnspython-pyc*: Running postcheck for py3-dnspython-pyc
>>> py3-dnspython*: Running postcheck for py3-dnspython
>>> py3-dnspython*: Preparing package py3-dnspython...
>>> py3-dnspython*: Stripping binaries
>>> WARNING: py3-dnspython*: No arch specific binaries found so arch should probably be set to "noarch"
>>> py3-dnspython-pyc*: Scanning shared objects
>>> py3-dnspython*: Scanning shared objects
>>> py3-dnspython-pyc*: Tracing dependencies...
	python3~3.12
>>> py3-dnspython-pyc*: Package size: 1.2 MB
>>> py3-dnspython-pyc*: Compressing data...
>>> py3-dnspython-pyc*: Create checksum...
pigz: not found
>>> py3-dnspython-pyc*: Create py3-dnspython-pyc-2.7.0-r0.apk
>>> py3-dnspython*: Tracing dependencies...
	python3~3.12
>>> py3-dnspython*: Package size: 1000.3 KB
>>> py3-dnspython*: Compressing data...
>>> py3-dnspython*: Create checksum...
pigz: not found
>>> py3-dnspython*: Create py3-dnspython-2.7.0-r0.apk
>>> py3-dnspython: Build complete at Sun, 18 May 2025 09:08:51 +0000 elapsed time 0h 0m 6s
>>> py3-dnspython: Cleaning up srcdir
>>> py3-dnspython: Cleaning up pkgdir
>>> py3-dnspython: Uninstalling dependencies...
(1/34) Purging .makedepends-py3-dnspython (20250518.090847)
(2/34) Purging cython-pyc (3.0.12-r0)
(3/34) Purging cython (3.0.12-r0)
(4/34) Purging py3-gpep517-pyc (19-r0)
(5/34) Purging py3-gpep517 (19-r0)
(6/34) Purging py3-installer-pyc (0.7.0-r2)
(7/34) Purging py3-installer (0.7.0-r2)
(8/34) Purging py3-hatchling-pyc (1.27.0-r0)
(9/34) Purging py3-hatchling (1.27.0-r0)
(10/34) Purging py3-editables-pyc (0.5-r2)
(11/34) Purging py3-editables (0.5-r2)
(12/34) Purging py3-pathspec-pyc (0.12.1-r2)
(13/34) Purging py3-pathspec (0.12.1-r2)
(14/34) Purging py3-pluggy-pyc (1.5.0-r0)
(15/34) Purging py3-pluggy (1.5.0-r0)
(16/34) Purging py3-trove-classifiers-pyc (2025.1.15.22-r0)
(17/34) Purging py3-trove-classifiers (2025.1.15.22-r0)
(18/34) Purging py3-wheel-pyc (0.46.1-r0)
(19/34) Purging py3-wheel (0.46.1-r0)
(20/34) Purging py3-packaging-pyc (25.0-r0)
(21/34) Purging py3-packaging (25.0-r0)
(22/34) Purging py3-parsing-pyc (3.2.3-r0)
(23/34) Purging py3-parsing (3.2.3-r0)
(24/34) Purging python3-dev (3.12.10-r0)
(25/34) Purging python3-pyc (3.12.10-r0)
(26/34) Purging python3-pycache-pyc0 (3.12.10-r0)
(27/34) Purging pyc (3.12.10-r0)
(28/34) Purging python3 (3.12.10-r0)
(29/34) Purging gdbm (1.24-r0)
(30/34) Purging libbz2 (1.0.8-r6)
(31/34) Purging libffi (3.4.7-r0)
(32/34) Purging mpdecimal (4.0.0-r0)
(33/34) Purging sqlite-libs (3.49.2-r0)
(34/34) Purging xz-libs (5.6.3-r1)
Executing busybox-1.37.0-r12.trigger
OK: 261 MiB in 81 packages
>>> py3-dnspython: Updating the main/x86_64 repository index...
>>> py3-dnspython: Signing the index...
pigz: not found
