>>> ruby-abbrev: Validating /home/packager/oily-pine/main/ruby-abbrev/APKBUILD...
>>> ruby-abbrev: Cleaning up srcdir
>>> ruby-abbrev: Cleaning up pkgdir
>>> ruby-abbrev: Cleaning up tmpdir
>>> ruby-abbrev: Fetching https://github.com/ruby/abbrev/archive/v0.1.2/abbrev-0.1.2.tar.gz
  % Total    % Received % Xferd  Average Speed   Time    Time     Time  Current
                                 Dload  Upload   Total   Spent    Left  Speed
  0     0    0     0    0     0      0      0 --:--:-- --:--:-- --:--:--     0  0     0    0     0    0     0      0      0 --:--:-- --:--:-- --:--:--     0
100  4679    0  4679    0     0   7215      0 --:--:-- --:--:-- --:--:--  7215100  4679    0  4679    0     0   7215      0 --:--:-- --:--:-- --:--:--     0
>>> ruby-abbrev: Fetching https://github.com/ruby/abbrev/archive/v0.1.2/abbrev-0.1.2.tar.gz
>>> ruby-abbrev: Checking sha512sums...
abbrev-0.1.2.tar.gz: OK
gemspec.patch: OK
>>> ruby-abbrev: Preparing build chroot...
fetch http://dl-cdn.alpinelinux.org/alpine/edge/main/x86_64/APKINDEX.tar.gz
(1/77) Installing musl (1.2.5-r10)
(2/77) Installing libcrypto3 (3.5.0-r0)
(3/77) Installing ca-certificates-bundle (20241121-r2)
(4/77) Installing libssl3 (3.5.0-r0)
(5/77) Installing zlib (1.3.1-r2)
(6/77) Installing libapk2 (2.14.9-r2)
(7/77) Installing apk-tools (2.14.9-r2)
(8/77) Installing libcap2 (2.76-r0)
(9/77) Installing libcap-getcap (2.76-r0)
(10/77) Installing fakeroot (1.37.1.1-r0)
(11/77) Installing scanelf (1.3.8-r1)
(12/77) Installing musl-utils (1.2.5-r10)
(13/77) Installing libgcc (14.3.0-r1)
(14/77) Installing libstdc++ (14.3.0-r1)
(15/77) Installing lzip (1.25-r0)
(16/77) Installing openssl (3.5.0-r0)
(17/77) Installing patch (2.8-r0)
(18/77) Installing pkgconf (2.4.3-r0)
(19/77) Installing acl-libs (2.3.2-r1)
(20/77) Installing tar (1.35-r3)
(21/77) Installing busybox (1.37.0-r18)
Executing busybox-1.37.0-r18.post-install
(22/77) Installing ssl_client (1.37.0-r18)
(23/77) Installing busybox-binsh (1.37.0-r18)
(24/77) Installing abuild (3.15.0-r0)
Executing abuild-3.15.0-r0.pre-install
(25/77) Installing abuild-sudo (3.15.0-r0)
(26/77) Installing alpine-baselayout-data (3.7.0-r0)
(27/77) Installing alpine-baselayout (3.7.0-r0)
Executing alpine-baselayout-3.7.0-r0.pre-install
Executing alpine-baselayout-3.7.0-r0.post-install
(28/77) Installing bridge (1.5-r5)
(29/77) Installing ifupdown-ng (0.12.1-r7)
(30/77) Installing openrc-user (0.62.2-r2)
(31/77) Installing openrc (0.62.2-r2)
Executing openrc-0.62.2-r2.post-install
(32/77) Installing mdev-conf (4.8-r0)
(33/77) Installing busybox-mdev-openrc (1.37.0-r18)
(34/77) Installing alpine-conf (3.20.0-r0)
(35/77) Installing alpine-keys (2.5-r0)
(36/77) Installing alpine-release (3.22.0-r0)
(37/77) Installing busybox-openrc (1.37.0-r18)
(38/77) Installing busybox-suid (1.37.0-r18)
(39/77) Installing alpine-base (3.22.0-r0)
(40/77) Installing jansson (2.14.1-r0)
(41/77) Installing zstd-libs (1.5.7-r0)
(42/77) Installing binutils (2.44-r0)
(43/77) Installing libmagic (5.46-r2)
(44/77) Installing file (5.46-r2)
(45/77) Installing libgomp (14.3.0-r1)
(46/77) Installing libatomic (14.3.0-r1)
(47/77) Installing gmp (6.3.0-r3)
(48/77) Installing isl26 (0.26-r1)
(49/77) Installing mpfr4 (4.2.1_p1-r0)
(50/77) Installing mpc1 (1.3.1-r1)
(51/77) Installing gcc (14.3.0-r1)
(52/77) Installing libstdc++-dev (14.3.0-r1)
(53/77) Installing musl-dev (1.2.5-r10)
(54/77) Installing g++ (14.3.0-r1)
(55/77) Installing make (4.4.1-r3)
(56/77) Installing fortify-headers (1.1-r5)
(57/77) Installing build-base (0.5-r3)
(58/77) Installing brotli-libs (1.1.0-r2)
(59/77) Installing c-ares (1.34.5-r0)
(60/77) Installing libunistring (1.3-r0)
(61/77) Installing libidn2 (2.3.7-r0)
(62/77) Installing nghttp2-libs (1.65.0-r0)
(63/77) Installing libpsl (0.21.5-r3)
(64/77) Installing libcurl (8.14.0-r2)
(65/77) Installing libexpat (2.7.1-r0)
(66/77) Installing pcre2 (10.43-r1)
(67/77) Installing git (2.49.0-r0)
(68/77) Installing git-init-template (2.49.0-r0)
(69/77) Installing ca-certificates (20241121-r2)
(70/77) Installing libffi (3.4.8-r0)
(71/77) Installing yaml (0.2.5-r2)
(72/77) Installing ruby-libs (3.4.4-r0)
(73/77) Installing libucontext (1.3.2-r0)
(74/77) Installing ruby (3.4.4-r0)
(75/77) Installing ruby-rdoc (3.4.4-r0)
(76/77) Installing ruby-power_assert (2.0.5-r0)
(77/77) Installing ruby-test-unit (3.6.8-r0)
Executing busybox-1.37.0-r18.trigger
Executing ca-certificates-20241121-r2.trigger
OK: 279 MiB in 77 packages
>>> ruby-abbrev: Fetching https://github.com/ruby/abbrev/archive/v0.1.2/abbrev-0.1.2.tar.gz
>>> ruby-abbrev: Checking sha512sums...
abbrev-0.1.2.tar.gz: OK
gemspec.patch: OK
>>> ruby-abbrev: Unpacking /var/cache/distfiles/abbrev-0.1.2.tar.gz...
>>> ruby-abbrev: gemspec.patch
patching file abbrev.gemspec
WARNING:  description and summary are identical
WARNING:  You have specified the uri:
  https://github.com/ruby/abbrev
for all of the following keys:
  homepage_uri
  source_code_uri
Only the first one will be shown on rubygems.org
WARNING:  See https://guides.rubygems.org/specification-reference/ for help
  Successfully built RubyGem
  Name: abbrev
  Version: 0.1.2
  File: abbrev-0.1.2.gem
Loaded suite -e
Started
TestAbbrev: 
  test_abbrev:						.: (0.000212)
  test_abbrev_lf:					.: (0.000046)

Finished in 0.000424161 seconds.
-------------------------------------------------------------------------------
2 tests, 6 assertions, 0 failures, 0 errors, 0 pendings, 0 omissions, 0 notifications
100% passed
-------------------------------------------------------------------------------
4715.19 tests/s, 14145.57 assertions/s
>>> ruby-abbrev: Entering fakeroot...
/tmp/pkg/ruby-abbrev/usr/lib/ruby/gems/3.4.0/gems/abbrev-0.1.2/lib/abbrev.rb
Successfully installed abbrev-0.1.2
1 gem installed
>>> ruby-abbrev-doc*: Running split function doc...
'usr/lib/ruby/gems/3.4.0/doc' -> '/tmp/pkg/ruby-abbrev-doc/usr/lib/ruby/gems/3.4.0/doc'
>>> ruby-abbrev-doc*: Preparing subpackage ruby-abbrev-doc...
>>> ruby-abbrev-doc*: Running postcheck for ruby-abbrev-doc
>>> ruby-abbrev*: Running postcheck for ruby-abbrev
>>> ruby-abbrev*: Preparing package ruby-abbrev...
>>> ruby-abbrev-doc*: Tracing dependencies...
	ruby
>>> ruby-abbrev-doc*: Package size: 1.0 B
>>> ruby-abbrev-doc*: Compressing data...
>>> ruby-abbrev-doc*: Create checksum...
>>> ruby-abbrev-doc*: Create ruby-abbrev-doc-0.1.2-r0.apk
>>> ruby-abbrev*: Tracing dependencies...
	ruby
>>> ruby-abbrev*: Package size: 4.5 KB
>>> ruby-abbrev*: Compressing data...
>>> ruby-abbrev*: Create checksum...
>>> ruby-abbrev*: Create ruby-abbrev-0.1.2-r0.apk
>>> ruby-abbrev: Updating the main/x86_64 repository index...
>>> ruby-abbrev: Signing the index...
>>> ruby-abbrev: Cleaning up srcdir
>>> ruby-abbrev: Cleaning up build chroot
>>> ruby-abbrev: Cleaning up pkgdir
