pigz: not found
>>> rlog: Building main/rlog 1.4-r7 (using abuild 3.14.1-r4) started Sun, 18 May 2025 08:16:49 +0000
>>> rlog: Validating /home/packager/aports/main/rlog/APKBUILD...
>>> rlog: Analyzing dependencies...
>>> rlog: Installing for build: build-base
(1/1) Installing .makedepends-rlog (20250518.081653)
OK: 261 MiB in 82 packages
>>> rlog: Cleaning up srcdir
>>> rlog: Cleaning up pkgdir
>>> rlog: Cleaning up tmpdir
>>> rlog: Fetching https://storage.googleapis.com/google-code-archive-downloads/v2/code.google.com/rlog/rlog-1.4.tar.gz
Connecting to storage.googleapis.com (172.217.16.155:443)
saving to '/var/cache/distfiles/rlog-1.4.tar.gz.part'
rlog-1.4.tar.gz.part  71% |**********************          |  444k  0:00:00 ETA
rlog-1.4.tar.gz.part 100% |********************************|  625k  0:00:00 ETA
'/var/cache/distfiles/rlog-1.4.tar.gz.part' saved
>>> rlog: Fetching https://storage.googleapis.com/google-code-archive-downloads/v2/code.google.com/rlog/rlog-1.4.tar.gz
>>> rlog: Checking sha512sums...
rlog-1.4.tar.gz: OK
>>> rlog: Unpacking /var/cache/distfiles/rlog-1.4.tar.gz...
>>> rlog: Updating ./config/config.sub
checking build system type... x86_64-alpine-linux-musl
checking host system type... x86_64-alpine-linux-musl
checking target system type... x86_64-alpine-linux-musl
checking for a BSD-compatible install... /usr/bin/install -c
checking whether build environment is sane... yes
checking for a thread-safe mkdir -p... config/install-sh -c -d
checking for gawk... no
checking for mawk... no
checking for nawk... no
checking for awk... awk
checking whether make sets $(MAKE)... yes
checking for C++ compiler default output file name... a.out
checking whether the C++ compiler works... yes
checking whether we are cross compiling... no
checking for suffix of executables... 
checking for suffix of object files... o
checking whether we are using the GNU C++ compiler... yes
checking whether g++ accepts -g... yes
checking for style of include used by make... GNU
checking dependency style of g++... gcc3
checking for x86_64-alpine-linux-musl-gcc... gcc
checking whether we are using the GNU C compiler... yes
checking whether gcc accepts -g... yes
checking for gcc option to accept ISO C89... none needed
checking dependency style of gcc... gcc3
checking for a sed that does not truncate output... /bin/sed
checking for grep that handles long lines and -e... /bin/grep
checking for egrep... /bin/grep -E
checking for ld used by gcc... /usr/x86_64-alpine-linux-musl/bin/ld
checking if the linker (/usr/x86_64-alpine-linux-musl/bin/ld) is GNU ld... yes
checking for /usr/x86_64-alpine-linux-musl/bin/ld option to reload object files... -r
checking for BSD-compatible nm... /usr/bin/nm -B
checking whether ln -s works... yes
checking how to recognize dependent libraries... pass_all
checking how to run the C preprocessor... gcc -E
checking for ANSI C header files... yes
checking for sys/types.h... yes
checking for sys/stat.h... yes
checking for stdlib.h... yes
checking for string.h... yes
checking for memory.h... yes
checking for strings.h... yes
checking for inttypes.h... yes
checking for stdint.h... yes
checking for unistd.h... yes
checking dlfcn.h usability... yes
checking dlfcn.h presence... yes
checking for dlfcn.h... yes
checking how to run the C++ preprocessor... g++ -E
checking for x86_64-alpine-linux-musl-g77... no
checking for x86_64-alpine-linux-musl-xlf... no
checking for x86_64-alpine-linux-musl-f77... no
checking for x86_64-alpine-linux-musl-frt... no
checking for x86_64-alpine-linux-musl-pgf77... no
checking for x86_64-alpine-linux-musl-cf77... no
checking for x86_64-alpine-linux-musl-fort77... no
checking for x86_64-alpine-linux-musl-fl32... no
checking for x86_64-alpine-linux-musl-af77... no
checking for x86_64-alpine-linux-musl-xlf90... no
checking for x86_64-alpine-linux-musl-f90... no
checking for x86_64-alpine-linux-musl-pgf90... no
checking for x86_64-alpine-linux-musl-pghpf... no
checking for x86_64-alpine-linux-musl-epcf90... no
checking for x86_64-alpine-linux-musl-gfortran... no
checking for x86_64-alpine-linux-musl-g95... no
checking for x86_64-alpine-linux-musl-xlf95... no
checking for x86_64-alpine-linux-musl-f95... no
checking for x86_64-alpine-linux-musl-fort... no
checking for x86_64-alpine-linux-musl-ifort... no
checking for x86_64-alpine-linux-musl-ifc... no
checking for x86_64-alpine-linux-musl-efc... no
checking for x86_64-alpine-linux-musl-pgf95... no
checking for x86_64-alpine-linux-musl-lf95... no
checking for x86_64-alpine-linux-musl-ftn... no
checking for g77... no
checking for xlf... no
checking for f77... no
checking for frt... no
checking for pgf77... no
checking for cf77... no
checking for fort77... no
checking for fl32... no
checking for af77... no
checking for xlf90... no
checking for f90... no
checking for pgf90... no
checking for pghpf... no
checking for epcf90... no
checking for gfortran... no
checking for g95... no
checking for xlf95... no
checking for f95... no
checking for fort... no
checking for ifort... no
checking for ifc... no
checking for efc... no
checking for pgf95... no
checking for lf95... no
checking for ftn... no
checking whether we are using the GNU Fortran 77 compiler... no
checking whether  accepts -g... no
checking the maximum length of command line arguments... 98304
checking command to parse /usr/bin/nm -B output from gcc object... ok
checking for objdir... .libs
checking for x86_64-alpine-linux-musl-ar... no
checking for ar... ar
checking for x86_64-alpine-linux-musl-ranlib... no
checking for ranlib... ranlib
checking for x86_64-alpine-linux-musl-strip... no
checking for strip... strip
checking if gcc supports -fno-rtti -fno-exceptions... no
checking for gcc option to produce PIC... -fPIC
checking if gcc PIC flag -fPIC works... yes
checking if gcc static flag -static works... yes
checking if gcc supports -c -o file.o... yes
checking whether the gcc linker (/usr/x86_64-alpine-linux-musl/bin/ld -m elf_x86_64) supports shared libraries... yes
checking whether -lc should be explicitly linked in... no
checking dynamic linker characteristics... GNU/Linux ld.so
checking how to hardcode library paths into programs... immediate
checking whether stripping libraries is possible... yes
checking if libtool supports shared libraries... yes
checking whether to build shared libraries... yes
checking whether to build static libraries... no
configure: creating libtool
appending configuration tag "CXX" to libtool
checking for ld used by g++... /usr/x86_64-alpine-linux-musl/bin/ld -m elf_x86_64
checking if the linker (/usr/x86_64-alpine-linux-musl/bin/ld -m elf_x86_64) is GNU ld... yes
checking whether the g++ linker (/usr/x86_64-alpine-linux-musl/bin/ld -m elf_x86_64) supports shared libraries... yes
checking for g++ option to produce PIC... -fPIC
checking if g++ PIC flag -fPIC works... yes
checking if g++ static flag -static works... yes
checking if g++ supports -c -o file.o... yes
checking whether the g++ linker (/usr/x86_64-alpine-linux-musl/bin/ld -m elf_x86_64) supports shared libraries... yes
checking dynamic linker characteristics... GNU/Linux ld.so
(cached) (cached) checking how to hardcode library paths into programs... immediate
appending configuration tag "F77" to libtool
checking for the pthreads library -lpthreads... no
checking whether pthreads work without any flags... yes
checking for joinable pthread attribute... PTHREAD_CREATE_JOINABLE
checking if more special flags are required for pthreads... no
checking for cc_r... gcc
checking if __printf__ attribute can apply to function pointers... yes
checking if compiler has C99 variadac macro... yes
checking if compiler has pre-C99 variadac macro... yes
checking valgrind/valgrind.h usability... no
checking valgrind/valgrind.h presence... no
checking for valgrind/valgrind.h... no
checking for doxygen... no
checking for latex... no
checking for pdflatex... no
checking for localtime_r... yes
checking sstream usability... yes
checking sstream presence... yes
checking for sstream... yes
configure: creating ./config.status
config.status: creating Makefile
config.status: creating rlog/Makefile
config.status: creating docs/Makefile
config.status: creating config/Makefile
config.status: creating rlog/common.h
config.status: creating librlog.pc
config.status: creating rlog.spec
config.status: creating makedist2.sh
config.status: creating config.h
config.status: executing depfiles commands
make  all-recursive
make[1]: Entering directory '/home/packager/aports/main/rlog/src/rlog-1.4'
Making all in rlog
make[2]: Entering directory '/home/packager/aports/main/rlog/src/rlog-1.4/rlog'
/bin/sh ../libtool --tag=CXX   --mode=compile g++ -DHAVE_CONFIG_H -I. -I..   -I..   -DRLOG_COMPONENT="rlog" -DUSE_VALGRIND=0 -Os -fstack-clash-protection -Wformat -Werror=format-security -D_GLIBCXX_ASSERTIONS=1 -D_LIBCPP_ENABLE_THREAD_SAFETY_ANNOTATIONS=1 -D_LIBCPP_ENABLE_HARDENED_MODE=1 -fno-plt   -MT rlog.lo -MD -MP -MF .deps/rlog.Tpo -c -o rlog.lo rlog.cpp
/bin/sh ../libtool --tag=CXX   --mode=compile g++ -DHAVE_CONFIG_H -I. -I..   -I..   -DRLOG_COMPONENT="rlog" -DUSE_VALGRIND=0 -Os -fstack-clash-protection -Wformat -Werror=format-security -D_GLIBCXX_ASSERTIONS=1 -D_LIBCPP_ENABLE_THREAD_SAFETY_ANNOTATIONS=1 -D_LIBCPP_ENABLE_HARDENED_MODE=1 -fno-plt   -MT rloginit.lo -MD -MP -MF .deps/rloginit.Tpo -c -o rloginit.lo rloginit.cpp
/bin/sh ../libtool --tag=CXX   --mode=compile g++ -DHAVE_CONFIG_H -I. -I..   -I..   -DRLOG_COMPONENT="rlog" -DUSE_VALGRIND=0 -Os -fstack-clash-protection -Wformat -Werror=format-security -D_GLIBCXX_ASSERTIONS=1 -D_LIBCPP_ENABLE_THREAD_SAFETY_ANNOTATIONS=1 -D_LIBCPP_ENABLE_HARDENED_MODE=1 -fno-plt   -MT rloglocation.lo -MD -MP -MF .deps/rloglocation.Tpo -c -o rloglocation.lo rloglocation.cpp
/bin/sh ../libtool --tag=CXX   --mode=compile g++ -DHAVE_CONFIG_H -I. -I..   -I..   -DRLOG_COMPONENT="rlog" -DUSE_VALGRIND=0 -Os -fstack-clash-protection -Wformat -Werror=format-security -D_GLIBCXX_ASSERTIONS=1 -D_LIBCPP_ENABLE_THREAD_SAFETY_ANNOTATIONS=1 -D_LIBCPP_ENABLE_HARDENED_MODE=1 -fno-plt   -MT Error.lo -MD -MP -MF .deps/Error.Tpo -c -o Error.lo Error.cpp
/bin/sh ../libtool --tag=CXX   --mode=compile g++ -DHAVE_CONFIG_H -I. -I..   -I..   -DRLOG_COMPONENT="rlog" -DUSE_VALGRIND=0 -Os -fstack-clash-protection -Wformat -Werror=format-security -D_GLIBCXX_ASSERTIONS=1 -D_LIBCPP_ENABLE_THREAD_SAFETY_ANNOTATIONS=1 -D_LIBCPP_ENABLE_HARDENED_MODE=1 -fno-plt   -MT RLogChannel.lo -MD -MP -MF .deps/RLogChannel.Tpo -c -o RLogChannel.lo RLogChannel.cpp
/bin/sh ../libtool --tag=CXX   --mode=compile g++ -DHAVE_CONFIG_H -I. -I..   -I..   -DRLOG_COMPONENT="rlog" -DUSE_VALGRIND=0 -Os -fstack-clash-protection -Wformat -Werror=format-security -D_GLIBCXX_ASSERTIONS=1 -D_LIBCPP_ENABLE_THREAD_SAFETY_ANNOTATIONS=1 -D_LIBCPP_ENABLE_HARDENED_MODE=1 -fno-plt   -MT RLogNode.lo -MD -MP -MF .deps/RLogNode.Tpo -c -o RLogNode.lo RLogNode.cpp
/bin/sh ../libtool --tag=CXX   --mode=compile g++ -DHAVE_CONFIG_H -I. -I..   -I..   -DRLOG_COMPONENT="rlog" -DUSE_VALGRIND=0 -Os -fstack-clash-protection -Wformat -Werror=format-security -D_GLIBCXX_ASSERTIONS=1 -D_LIBCPP_ENABLE_THREAD_SAFETY_ANNOTATIONS=1 -D_LIBCPP_ENABLE_HARDENED_MODE=1 -fno-plt   -MT RLogPublisher.lo -MD -MP -MF .deps/RLogPublisher.Tpo -c -o RLogPublisher.lo RLogPublisher.cpp
/bin/sh ../libtool --tag=CXX   --mode=compile g++ -DHAVE_CONFIG_H -I. -I..   -I..   -DRLOG_COMPONENT="rlog" -DUSE_VALGRIND=0 -Os -fstack-clash-protection -Wformat -Werror=format-security -D_GLIBCXX_ASSERTIONS=1 -D_LIBCPP_ENABLE_THREAD_SAFETY_ANNOTATIONS=1 -D_LIBCPP_ENABLE_HARDENED_MODE=1 -fno-plt   -MT RLogTime.lo -MD -MP -MF .deps/RLogTime.Tpo -c -o RLogTime.lo RLogTime.cpp
mkdir .libs
 g++ -DHAVE_CONFIG_H -I. -I.. -I.. -DRLOG_COMPONENT=rlog -DUSE_VALGRIND=0 -Os -fstack-clash-protection -Wformat -Werror=format-security -D_GLIBCXX_ASSERTIONS=1 -D_LIBCPP_ENABLE_THREAD_SAFETY_ANNOTATIONS=1 -D_LIBCPP_ENABLE_HARDENED_MODE=1 -fno-plt -MT rlog.lo -MD -MP -MF .deps/rlog.Tpo -c rlog.cpp  -fPIC -DPIC -o .libs/rlog.o
 g++ -DHAVE_CONFIG_H -I. -I.. -I.. -DRLOG_COMPONENT=rlog -DUSE_VALGRIND=0 -Os -fstack-clash-protection -Wformat -Werror=format-security -D_GLIBCXX_ASSERTIONS=1 -D_LIBCPP_ENABLE_THREAD_SAFETY_ANNOTATIONS=1 -D_LIBCPP_ENABLE_HARDENED_MODE=1 -fno-plt -MT rloglocation.lo -MD -MP -MF .deps/rloglocation.Tpo -c rloglocation.cpp  -fPIC -DPIC -o .libs/rloglocation.o
 g++ -DHAVE_CONFIG_H -I. -I.. -I.. -DRLOG_COMPONENT=rlog -DUSE_VALGRIND=0 -Os -fstack-clash-protection -Wformat -Werror=format-security -D_GLIBCXX_ASSERTIONS=1 -D_LIBCPP_ENABLE_THREAD_SAFETY_ANNOTATIONS=1 -D_LIBCPP_ENABLE_HARDENED_MODE=1 -fno-plt -MT RLogChannel.lo -MD -MP -MF .deps/RLogChannel.Tpo -c RLogChannel.cpp  -fPIC -DPIC -o .libs/RLogChannel.o
 g++ -DHAVE_CONFIG_H -I. -I.. -I.. -DRLOG_COMPONENT=rlog -DUSE_VALGRIND=0 -Os -fstack-clash-protection -Wformat -Werror=format-security -D_GLIBCXX_ASSERTIONS=1 -D_LIBCPP_ENABLE_THREAD_SAFETY_ANNOTATIONS=1 -D_LIBCPP_ENABLE_HARDENED_MODE=1 -fno-plt -MT RLogNode.lo -MD -MP -MF .deps/RLogNode.Tpo -c RLogNode.cpp  -fPIC -DPIC -o .libs/RLogNode.o
 g++ -DHAVE_CONFIG_H -I. -I.. -I.. -DRLOG_COMPONENT=rlog -DUSE_VALGRIND=0 -Os -fstack-clash-protection -Wformat -Werror=format-security -D_GLIBCXX_ASSERTIONS=1 -D_LIBCPP_ENABLE_THREAD_SAFETY_ANNOTATIONS=1 -D_LIBCPP_ENABLE_HARDENED_MODE=1 -fno-plt -MT rloginit.lo -MD -MP -MF .deps/rloginit.Tpo -c rloginit.cpp  -fPIC -DPIC -o .libs/rloginit.o
 g++ -DHAVE_CONFIG_H -I. -I.. -I.. -DRLOG_COMPONENT=rlog -DUSE_VALGRIND=0 -Os -fstack-clash-protection -Wformat -Werror=format-security -D_GLIBCXX_ASSERTIONS=1 -D_LIBCPP_ENABLE_THREAD_SAFETY_ANNOTATIONS=1 -D_LIBCPP_ENABLE_HARDENED_MODE=1 -fno-plt -MT RLogTime.lo -MD -MP -MF .deps/RLogTime.Tpo -c RLogTime.cpp  -fPIC -DPIC -o .libs/RLogTime.o
 g++ -DHAVE_CONFIG_H -I. -I.. -I.. -DRLOG_COMPONENT=rlog -DUSE_VALGRIND=0 -Os -fstack-clash-protection -Wformat -Werror=format-security -D_GLIBCXX_ASSERTIONS=1 -D_LIBCPP_ENABLE_THREAD_SAFETY_ANNOTATIONS=1 -D_LIBCPP_ENABLE_HARDENED_MODE=1 -fno-plt -MT Error.lo -MD -MP -MF .deps/Error.Tpo -c Error.cpp  -fPIC -DPIC -o .libs/Error.o
 g++ -DHAVE_CONFIG_H -I. -I.. -I.. -DRLOG_COMPONENT=rlog -DUSE_VALGRIND=0 -Os -fstack-clash-protection -Wformat -Werror=format-security -D_GLIBCXX_ASSERTIONS=1 -D_LIBCPP_ENABLE_THREAD_SAFETY_ANNOTATIONS=1 -D_LIBCPP_ENABLE_HARDENED_MODE=1 -fno-plt -MT RLogPublisher.lo -MD -MP -MF .deps/RLogPublisher.Tpo -c RLogPublisher.cpp  -fPIC -DPIC -o .libs/RLogPublisher.o
mv -f .deps/RLogTime.Tpo .deps/RLogTime.Plo
/bin/sh ../libtool --tag=CXX   --mode=compile g++ -DHAVE_CONFIG_H -I. -I..   -I..   -DRLOG_COMPONENT="rlog" -DUSE_VALGRIND=0 -Os -fstack-clash-protection -Wformat -Werror=format-security -D_GLIBCXX_ASSERTIONS=1 -D_LIBCPP_ENABLE_THREAD_SAFETY_ANNOTATIONS=1 -D_LIBCPP_ENABLE_HARDENED_MODE=1 -fno-plt   -MT StdioNode.lo -MD -MP -MF .deps/StdioNode.Tpo -c -o StdioNode.lo StdioNode.cpp
 g++ -DHAVE_CONFIG_H -I. -I.. -I.. -DRLOG_COMPONENT=rlog -DUSE_VALGRIND=0 -Os -fstack-clash-protection -Wformat -Werror=format-security -D_GLIBCXX_ASSERTIONS=1 -D_LIBCPP_ENABLE_THREAD_SAFETY_ANNOTATIONS=1 -D_LIBCPP_ENABLE_HARDENED_MODE=1 -fno-plt -MT StdioNode.lo -MD -MP -MF .deps/StdioNode.Tpo -c StdioNode.cpp  -fPIC -DPIC -o .libs/StdioNode.o
mv -f .deps/rloginit.Tpo .deps/rloginit.Plo
/bin/sh ../libtool --tag=CXX   --mode=compile g++ -DHAVE_CONFIG_H -I. -I..   -I..   -DRLOG_COMPONENT="rlog" -DUSE_VALGRIND=0 -Os -fstack-clash-protection -Wformat -Werror=format-security -D_GLIBCXX_ASSERTIONS=1 -D_LIBCPP_ENABLE_THREAD_SAFETY_ANNOTATIONS=1 -D_LIBCPP_ENABLE_HARDENED_MODE=1 -fno-plt   -MT SyslogNode.lo -MD -MP -MF .deps/SyslogNode.Tpo -c -o SyslogNode.lo SyslogNode.cpp
 g++ -DHAVE_CONFIG_H -I. -I.. -I.. -DRLOG_COMPONENT=rlog -DUSE_VALGRIND=0 -Os -fstack-clash-protection -Wformat -Werror=format-security -D_GLIBCXX_ASSERTIONS=1 -D_LIBCPP_ENABLE_THREAD_SAFETY_ANNOTATIONS=1 -D_LIBCPP_ENABLE_HARDENED_MODE=1 -fno-plt -MT SyslogNode.lo -MD -MP -MF .deps/SyslogNode.Tpo -c SyslogNode.cpp  -fPIC -DPIC -o .libs/SyslogNode.o
mv -f .deps/rlog.Tpo .deps/rlog.Plo
g++ -DHAVE_CONFIG_H -I. -I..   -I..   -DRLOG_COMPONENT="rlog" -DUSE_VALGRIND=0 -Os -fstack-clash-protection -Wformat -Werror=format-security -D_GLIBCXX_ASSERTIONS=1 -D_LIBCPP_ENABLE_THREAD_SAFETY_ANNOTATIONS=1 -D_LIBCPP_ENABLE_HARDENED_MODE=1 -fno-plt   -MT test.o -MD -MP -MF .deps/test.Tpo -c -o test.o test.cpp
mv -f .deps/RLogNode.Tpo .deps/RLogNode.Plo
g++ -DHAVE_CONFIG_H -I. -I..   -I..   -DRLOG_COMPONENT="rlog" -DUSE_VALGRIND=0 -Os -fstack-clash-protection -Wformat -Werror=format-security -D_GLIBCXX_ASSERTIONS=1 -D_LIBCPP_ENABLE_THREAD_SAFETY_ANNOTATIONS=1 -D_LIBCPP_ENABLE_HARDENED_MODE=1 -fno-plt   -MT testlog-testlog.o -MD -MP -MF .deps/testlog-testlog.Tpo -c -o testlog-testlog.o `test -f 'testlog.cpp' || echo './'`testlog.cpp
mv -f .deps/RLogPublisher.Tpo .deps/RLogPublisher.Plo
mv -f .deps/rloglocation.Tpo .deps/rloglocation.Plo
mv -f .deps/Error.Tpo .deps/Error.Plo
mv -f .deps/RLogChannel.Tpo .deps/RLogChannel.Plo
In file included from rlog.h:206,
                 from test.cpp:21:
test.cpp: In function 'int main(int, char**)':
test.cpp:125:12: warning: format '%lli' expects argument of type 'long long int', but argument 4 has type 'rlog_time_interval' {aka 'long int'} [-Wformat=]
  125 |     rDebug("leaving main(), total time = %lli %s ", totalTime, rlog_time_unit());
      |            ^~~~~~~~~~~~~~~~~~~~~~~~~~~~~~~~~~~~~~~  ~~~~~~~~~
      |                                                     |
      |                                                     rlog_time_interval {aka long int}
../rlog/rlog-c99.h:39:36: note: in definition of macro '_rMessageCall'
   39 |     (*ID.publish)( &ID, CHANNEL, ##__VA_ARGS__ ); \
      |                                    ^~~~~~~~~~~
../rlog/rlog-c99.h:89:3: note: in expansion of macro '_rMessage'
   89 |   _rMessage( LOGID, rlog::_RLDebugChannel, ##__VA_ARGS__ )
      |   ^~~~~~~~~
test.cpp:125:5: note: in expansion of macro 'rDebug'
  125 |     rDebug("leaving main(), total time = %lli %s ", totalTime, rlog_time_unit());
      |     ^~~~~~
test.cpp:125:45: note: format string is defined here
  125 |     rDebug("leaving main(), total time = %lli %s ", totalTime, rlog_time_unit());
      |                                          ~~~^
      |                                             |
      |                                             long long int
      |                                          %li
mv -f .deps/SyslogNode.Tpo .deps/SyslogNode.Plo
mv -f .deps/StdioNode.Tpo .deps/StdioNode.Plo
/bin/sh ../libtool --tag=CXX   --mode=link g++ -DRLOG_COMPONENT="rlog" -DUSE_VALGRIND=0 -Os -fstack-clash-protection -Wformat -Werror=format-security -D_GLIBCXX_ASSERTIONS=1 -D_LIBCPP_ENABLE_THREAD_SAFETY_ANNOTATIONS=1 -D_LIBCPP_ENABLE_HARDENED_MODE=1 -fno-plt   -version-info 5:0:0  -Wl,--as-needed,-O1,--sort-common -Wl,-z,pack-relative-relocs   -o librlog.la -rpath /usr/lib rlog.lo rloginit.lo rloglocation.lo Error.lo RLogChannel.lo RLogNode.lo RLogPublisher.lo RLogTime.lo StdioNode.lo SyslogNode.lo  
mv -f .deps/test.Tpo .deps/test.Po
g++ -shared -nostdlib /usr/lib/gcc/x86_64-alpine-linux-musl/14.2.0/../../../../lib/crti.o /usr/lib/gcc/x86_64-alpine-linux-musl/14.2.0/crtbeginS.o  .libs/rlog.o .libs/rloginit.o .libs/rloglocation.o .libs/Error.o .libs/RLogChannel.o .libs/RLogNode.o .libs/RLogPublisher.o .libs/RLogTime.o .libs/StdioNode.o .libs/SyslogNode.o  -L/usr/lib/gcc/x86_64-alpine-linux-musl/14.2.0 -L/usr/lib/gcc/x86_64-alpine-linux-musl/14.2.0/../../../../x86_64-alpine-linux-musl/lib/../lib -L/usr/lib/gcc/x86_64-alpine-linux-musl/14.2.0/../../../../lib -L/lib/../lib -L/usr/lib/../lib -L/usr/lib/gcc/x86_64-alpine-linux-musl/14.2.0/../../../../x86_64-alpine-linux-musl/lib -L/usr/lib/gcc/x86_64-alpine-linux-musl/14.2.0/../../.. -lstdc++ -lm -lssp_nonshared -lc -lgcc_s /usr/lib/gcc/x86_64-alpine-linux-musl/14.2.0/crtendS.o /usr/lib/gcc/x86_64-alpine-linux-musl/14.2.0/../../../../lib/crtn.o  -Wl,--as-needed -Wl,-O1 -Wl,--sort-common -Wl,-z -Wl,pack-relative-relocs -Wl,-soname -Wl,librlog.so.5 -o .libs/librlog.so.5.0.0
(cd .libs && rm -f librlog.so.5 && ln -s librlog.so.5.0.0 librlog.so.5)
(cd .libs && rm -f librlog.so && ln -s librlog.so.5.0.0 librlog.so)
creating librlog.la
(cd .libs && rm -f librlog.la && ln -s ../librlog.la librlog.la)
/bin/sh ../libtool --tag=CXX   --mode=link g++ -DRLOG_COMPONENT="rlog" -DUSE_VALGRIND=0 -Os -fstack-clash-protection -Wformat -Werror=format-security -D_GLIBCXX_ASSERTIONS=1 -D_LIBCPP_ENABLE_THREAD_SAFETY_ANNOTATIONS=1 -D_LIBCPP_ENABLE_HARDENED_MODE=1 -fno-plt    -Wl,--as-needed,-O1,--sort-common -Wl,-z,pack-relative-relocs   -o test test.o librlog.la  
g++ -DRLOG_COMPONENT=rlog -DUSE_VALGRIND=0 -Os -fstack-clash-protection -Wformat -Werror=format-security -D_GLIBCXX_ASSERTIONS=1 -D_LIBCPP_ENABLE_THREAD_SAFETY_ANNOTATIONS=1 -D_LIBCPP_ENABLE_HARDENED_MODE=1 -fno-plt -Wl,--as-needed -Wl,-O1 -Wl,--sort-common -Wl,-z -Wl,pack-relative-relocs -o .libs/test test.o  ./.libs/librlog.so 
creating test
mv -f .deps/testlog-testlog.Tpo .deps/testlog-testlog.Po
/bin/sh ../libtool --tag=CXX   --mode=link g++ -DRLOG_COMPONENT="rlog" -DUSE_VALGRIND=0 -Os -fstack-clash-protection -Wformat -Werror=format-security -D_GLIBCXX_ASSERTIONS=1 -D_LIBCPP_ENABLE_THREAD_SAFETY_ANNOTATIONS=1 -D_LIBCPP_ENABLE_HARDENED_MODE=1 -fno-plt    -Wl,--as-needed,-O1,--sort-common -Wl,-z,pack-relative-relocs   -o testlog testlog-testlog.o librlog.la 
g++ -DRLOG_COMPONENT=rlog -DUSE_VALGRIND=0 -Os -fstack-clash-protection -Wformat -Werror=format-security -D_GLIBCXX_ASSERTIONS=1 -D_LIBCPP_ENABLE_THREAD_SAFETY_ANNOTATIONS=1 -D_LIBCPP_ENABLE_HARDENED_MODE=1 -fno-plt -Wl,--as-needed -Wl,-O1 -Wl,--sort-common -Wl,-z -Wl,pack-relative-relocs -o .libs/testlog testlog-testlog.o  ./.libs/librlog.so 
creating testlog
make[2]: Leaving directory '/home/packager/aports/main/rlog/src/rlog-1.4/rlog'
Making all in docs
make[2]: Entering directory '/home/packager/aports/main/rlog/src/rlog-1.4/docs'
make[2]: Nothing to be done for 'all'.
make[2]: Leaving directory '/home/packager/aports/main/rlog/src/rlog-1.4/docs'
Making all in config
make[2]: Entering directory '/home/packager/aports/main/rlog/src/rlog-1.4/config'
make[2]: Nothing to be done for 'all'.
make[2]: Leaving directory '/home/packager/aports/main/rlog/src/rlog-1.4/config'
make[2]: Entering directory '/home/packager/aports/main/rlog/src/rlog-1.4'
make[2]: Leaving directory '/home/packager/aports/main/rlog/src/rlog-1.4'
make[1]: Leaving directory '/home/packager/aports/main/rlog/src/rlog-1.4'
>>> rlog: Entering fakeroot...
Making install in rlog
make[1]: Entering directory '/home/packager/aports/main/rlog/src/rlog-1.4/rlog'
make[2]: Entering directory '/home/packager/aports/main/rlog/src/rlog-1.4/rlog'
test -z "/usr/lib" || ../config/install-sh -c -d "/home/packager/aports/main/rlog/pkg/rlog/usr/lib"
test -z "/usr/include/rlog" || ../config/install-sh -c -d "/home/packager/aports/main/rlog/pkg/rlog/usr/include/rlog"
 /bin/sh ../libtool   --mode=install /usr/bin/install -c  'librlog.la' '/home/packager/aports/main/rlog/pkg/rlog/usr/lib/librlog.la'
 /usr/bin/install -c -m 644 'common.h' '/home/packager/aports/main/rlog/pkg/rlog/usr/include/rlog/common.h'
 /usr/bin/install -c -m 644 'Error.h' '/home/packager/aports/main/rlog/pkg/rlog/usr/include/rlog/Error.h'
 /usr/bin/install -c -m 644 'Lock.h' '/home/packager/aports/main/rlog/pkg/rlog/usr/include/rlog/Lock.h'
 /usr/bin/install -c -m 644 'Mutex.h' '/home/packager/aports/main/rlog/pkg/rlog/usr/include/rlog/Mutex.h'
 /usr/bin/install -c -m 644 'rlog-c99.h' '/home/packager/aports/main/rlog/pkg/rlog/usr/include/rlog/rlog-c99.h'
 /usr/bin/install -c -m 644 'RLogChannel.h' '/home/packager/aports/main/rlog/pkg/rlog/usr/include/rlog/RLogChannel.h'
 /usr/bin/install -c -m 644 'rlog.h' '/home/packager/aports/main/rlog/pkg/rlog/usr/include/rlog/rlog.h'
 /usr/bin/install -c -m 644 'rloginit.h' '/home/packager/aports/main/rlog/pkg/rlog/usr/include/rlog/rloginit.h'
 /usr/bin/install -c -m 644 'rloglocation.h' '/home/packager/aports/main/rlog/pkg/rlog/usr/include/rlog/rloglocation.h'
 /usr/bin/install -c -m 644 'RLogNode.h' '/home/packager/aports/main/rlog/pkg/rlog/usr/include/rlog/RLogNode.h'
 /usr/bin/install -c -m 644 'rlog-novariadic.h' '/home/packager/aports/main/rlog/pkg/rlog/usr/include/rlog/rlog-novariadic.h'
 /usr/bin/install -c -m 644 'rlog-prec99.h' '/home/packager/aports/main/rlog/pkg/rlog/usr/include/rlog/rlog-prec99.h'
 /usr/bin/install -c -m 644 'RLogPublisher.h' '/home/packager/aports/main/rlog/pkg/rlog/usr/include/rlog/RLogPublisher.h'
 /usr/bin/install -c -m 644 'RLogTime.h' '/home/packager/aports/main/rlog/pkg/rlog/usr/include/rlog/RLogTime.h'
 /usr/bin/install -c -m 644 'StdioNode.h' '/home/packager/aports/main/rlog/pkg/rlog/usr/include/rlog/StdioNode.h'
 /usr/bin/install -c -m 644 'SyslogNode.h' '/home/packager/aports/main/rlog/pkg/rlog/usr/include/rlog/SyslogNode.h'
/usr/bin/install -c .libs/librlog.so.5.0.0 /home/packager/aports/main/rlog/pkg/rlog/usr/lib/librlog.so.5.0.0
(cd /home/packager/aports/main/rlog/pkg/rlog/usr/lib && { ln -s -f librlog.so.5.0.0 librlog.so.5 || { rm -f librlog.so.5 && ln -s librlog.so.5.0.0 librlog.so.5; }; })
(cd /home/packager/aports/main/rlog/pkg/rlog/usr/lib && { ln -s -f librlog.so.5.0.0 librlog.so || { rm -f librlog.so && ln -s librlog.so.5.0.0 librlog.so; }; })
/usr/bin/install -c .libs/librlog.lai /home/packager/aports/main/rlog/pkg/rlog/usr/lib/librlog.la
libtool: install: warning: remember to run `libtool --finish /usr/lib'
make[2]: Leaving directory '/home/packager/aports/main/rlog/src/rlog-1.4/rlog'
make[1]: Leaving directory '/home/packager/aports/main/rlog/src/rlog-1.4/rlog'
Making install in docs
make[1]: Entering directory '/home/packager/aports/main/rlog/src/rlog-1.4/docs'
make[2]: Entering directory '/home/packager/aports/main/rlog/src/rlog-1.4/docs'
make[2]: Nothing to be done for 'install-exec-am'.
echo installing to /home/packager/aports/main/rlog/pkg/rlog/usr/share/doc/rlog/html
test -z "/usr/share/doc/rlog" || ../config/install-sh -c -d "/home/packager/aports/main/rlog/pkg/rlog/usr/share/doc/rlog"
installing to /home/packager/aports/main/rlog/pkg/rlog/usr/share/doc/rlog/html
/bin/sh ../mkinstalldirs /home/packager/aports/main/rlog/pkg/rlog/usr/share/doc/rlog/html
mkdir /home/packager/aports/main/rlog/pkg/rlog/usr/share
mkdir /home/packager/aports/main/rlog/pkg/rlog/usr/share/doc
mkdir /home/packager/aports/main/rlog/pkg/rlog/usr/share/doc/rlog
mkdir /home/packager/aports/main/rlog/pkg/rlog/usr/share/doc/rlog/html
install html/* /home/packager/aports/main/rlog/pkg/rlog/usr/share/doc/rlog/html
 /usr/bin/install -c -m 644 'latex/refman.pdf' '/home/packager/aports/main/rlog/pkg/rlog/usr/share/doc/rlog/refman.pdf'
make[2]: Leaving directory '/home/packager/aports/main/rlog/src/rlog-1.4/docs'
make[1]: Leaving directory '/home/packager/aports/main/rlog/src/rlog-1.4/docs'
Making install in config
make[1]: Entering directory '/home/packager/aports/main/rlog/src/rlog-1.4/config'
make[2]: Entering directory '/home/packager/aports/main/rlog/src/rlog-1.4/config'
make[2]: Nothing to be done for 'install-exec-am'.
make[2]: Nothing to be done for 'install-data-am'.
make[2]: Leaving directory '/home/packager/aports/main/rlog/src/rlog-1.4/config'
make[1]: Leaving directory '/home/packager/aports/main/rlog/src/rlog-1.4/config'
make[1]: Entering directory '/home/packager/aports/main/rlog/src/rlog-1.4'
make[2]: Entering directory '/home/packager/aports/main/rlog/src/rlog-1.4'
make[2]: Nothing to be done for 'install-exec-am'.
test -z "/usr/lib/pkgconfig" || config/install-sh -c -d "/home/packager/aports/main/rlog/pkg/rlog/usr/lib/pkgconfig"
 /usr/bin/install -c -m 644 'librlog.pc' '/home/packager/aports/main/rlog/pkg/rlog/usr/lib/pkgconfig/librlog.pc'
make[2]: Leaving directory '/home/packager/aports/main/rlog/src/rlog-1.4'
make[1]: Leaving directory '/home/packager/aports/main/rlog/src/rlog-1.4'
>>> rlog-doc*: Running split function doc...
'usr/share/doc' -> '/home/packager/aports/main/rlog/pkg/rlog-doc/usr/share/doc'
>>> rlog-doc*: Preparing subpackage rlog-doc...
>>> rlog-doc*: Running postcheck for rlog-doc
>>> rlog-dev*: Running split function dev...
'usr/include' -> '/home/packager/aports/main/rlog/pkg/rlog-dev/usr/include'
'usr/lib/pkgconfig' -> '/home/packager/aports/main/rlog/pkg/rlog-dev/usr/lib/pkgconfig'
'usr/lib/librlog.so' -> '/home/packager/aports/main/rlog/pkg/rlog-dev/usr/lib/librlog.so'
>>> rlog-dev*: Preparing subpackage rlog-dev...
>>> rlog-dev*: Stripping binaries
>>> rlog-dev*: Running postcheck for rlog-dev
>>> rlog*: Running postcheck for rlog
>>> rlog*: Preparing package rlog...
>>> rlog*: Stripping binaries
>>> rlog-dev*: Scanning shared objects
>>> rlog-doc*: Scanning shared objects
>>> rlog*: Scanning shared objects
>>> rlog-dev*: Tracing dependencies...
	pkgconfig
	rlog=1.4-r7
>>> rlog-dev*: Package size: 41.6 KB
>>> rlog-dev*: Compressing data...
>>> rlog-dev*: Create checksum...
pigz: not found
>>> rlog-dev*: Create rlog-dev-1.4-r7.apk
>>> rlog-doc*: Tracing dependencies...
>>> rlog-doc*: Package size: 683.0 KB
>>> rlog-doc*: Compressing data...
>>> rlog-doc*: Create checksum...
pigz: not found
>>> rlog-doc*: Create rlog-doc-1.4-r7.apk
>>> rlog*: Tracing dependencies...
	so:libc.musl-x86_64.so.1
	so:libgcc_s.so.1
	so:libstdc++.so.6
>>> rlog*: Package size: 53.9 KB
>>> rlog*: Compressing data...
>>> rlog*: Create checksum...
pigz: not found
>>> rlog*: Create rlog-1.4-r7.apk
>>> rlog: Build complete at Sun, 18 May 2025 08:17:05 +0000 elapsed time 0h 0m 16s
>>> rlog: Cleaning up srcdir
>>> rlog: Cleaning up pkgdir
>>> rlog: Uninstalling dependencies...
(1/1) Purging .makedepends-rlog (20250518.081653)
OK: 261 MiB in 81 packages
>>> rlog: Updating the main/x86_64 repository index...
>>> rlog: Signing the index...
pigz: not found
