>>> inih: Validating /home/packager/oily-pine/main/inih/APKBUILD...
>>> inih: Cleaning up srcdir
>>> inih: Cleaning up pkgdir
>>> inih: Cleaning up tmpdir
>>> inih: Fetching inih-60.tar.gz::https://github.com/benhoyt/inih/archive/r60.tar.gz
  % Total    % Received % Xferd  Average Speed   Time    Time     Time  Current
                                 Dload  Upload   Total   Spent    Left  Speed
  0     0    0     0    0     0      0      0 --:--:-- --:--:-- --:--:--     0  0     0    0     0    0     0      0      0 --:--:-- --:--:-- --:--:--     0  0     0    0     0    0     0      0      0 --:--:-- --:--:-- --:--:--     0
100 21121    0 21121    0     0  33842      0 --:--:-- --:--:-- --:--:-- 33842
>>> inih: Fetching inih-60.tar.gz::https://github.com/benhoyt/inih/archive/r60.tar.gz
>>> inih: Checking sha512sums...
inih-60.tar.gz: OK
>>> inih: Preparing build chroot...
fetch http://dl-cdn.alpinelinux.org/alpine/edge/main/x86_64/APKINDEX.tar.gz
(1/86) Installing musl (1.2.5-r10)
(2/86) Installing libcrypto3 (3.5.0-r0)
(3/86) Installing ca-certificates-bundle (20241121-r2)
(4/86) Installing libssl3 (3.5.0-r0)
(5/86) Installing zlib (1.3.1-r2)
(6/86) Installing libapk2 (2.14.9-r2)
(7/86) Installing apk-tools (2.14.9-r2)
(8/86) Installing libcap2 (2.76-r0)
(9/86) Installing libcap-getcap (2.76-r0)
(10/86) Installing fakeroot (1.37.1.1-r0)
(11/86) Installing scanelf (1.3.8-r1)
(12/86) Installing musl-utils (1.2.5-r10)
(13/86) Installing libgcc (14.3.0-r1)
(14/86) Installing libstdc++ (14.3.0-r1)
(15/86) Installing lzip (1.25-r0)
(16/86) Installing openssl (3.5.0-r0)
(17/86) Installing patch (2.8-r0)
(18/86) Installing pkgconf (2.4.3-r0)
(19/86) Installing acl-libs (2.3.2-r1)
(20/86) Installing tar (1.35-r3)
(21/86) Installing busybox (1.37.0-r18)
Executing busybox-1.37.0-r18.post-install
(22/86) Installing ssl_client (1.37.0-r18)
(23/86) Installing busybox-binsh (1.37.0-r18)
(24/86) Installing abuild (3.15.0-r0)
Executing abuild-3.15.0-r0.pre-install
(25/86) Installing abuild-sudo (3.15.0-r0)
(26/86) Installing alpine-baselayout-data (3.7.0-r0)
(27/86) Installing alpine-baselayout (3.7.0-r0)
Executing alpine-baselayout-3.7.0-r0.pre-install
Executing alpine-baselayout-3.7.0-r0.post-install
(28/86) Installing bridge (1.5-r5)
(29/86) Installing ifupdown-ng (0.12.1-r7)
(30/86) Installing openrc-user (0.62.2-r2)
(31/86) Installing openrc (0.62.2-r2)
Executing openrc-0.62.2-r2.post-install
(32/86) Installing mdev-conf (4.8-r0)
(33/86) Installing busybox-mdev-openrc (1.37.0-r18)
(34/86) Installing alpine-conf (3.20.0-r0)
(35/86) Installing alpine-keys (2.5-r0)
(36/86) Installing alpine-release (3.22.0-r0)
(37/86) Installing busybox-openrc (1.37.0-r18)
(38/86) Installing busybox-suid (1.37.0-r18)
(39/86) Installing alpine-base (3.22.0-r0)
(40/86) Installing jansson (2.14.1-r0)
(41/86) Installing zstd-libs (1.5.7-r0)
(42/86) Installing binutils (2.44-r0)
(43/86) Installing libmagic (5.46-r2)
(44/86) Installing file (5.46-r2)
(45/86) Installing libgomp (14.3.0-r1)
(46/86) Installing libatomic (14.3.0-r1)
(47/86) Installing gmp (6.3.0-r3)
(48/86) Installing isl26 (0.26-r1)
(49/86) Installing mpfr4 (4.2.1_p1-r0)
(50/86) Installing mpc1 (1.3.1-r1)
(51/86) Installing gcc (14.3.0-r1)
(52/86) Installing libstdc++-dev (14.3.0-r1)
(53/86) Installing musl-dev (1.2.5-r10)
(54/86) Installing g++ (14.3.0-r1)
(55/86) Installing make (4.4.1-r3)
(56/86) Installing fortify-headers (1.1-r5)
(57/86) Installing build-base (0.5-r3)
(58/86) Installing brotli-libs (1.1.0-r2)
(59/86) Installing c-ares (1.34.5-r0)
(60/86) Installing libunistring (1.3-r0)
(61/86) Installing libidn2 (2.3.7-r0)
(62/86) Installing nghttp2-libs (1.65.0-r0)
(63/86) Installing libpsl (0.21.5-r3)
(64/86) Installing libcurl (8.14.0-r2)
(65/86) Installing libexpat (2.7.1-r0)
(66/86) Installing pcre2 (10.43-r1)
(67/86) Installing git (2.49.0-r0)
(68/86) Installing git-init-template (2.49.0-r0)
(69/86) Installing samurai (1.2-r7)
(70/86) Installing libbz2 (1.0.8-r6)
(71/86) Installing libffi (3.4.8-r0)
(72/86) Installing gdbm (1.24-r0)
(73/86) Installing xz-libs (5.8.1-r0)
(74/86) Installing mpdecimal (4.0.1-r0)
(75/86) Installing ncurses-terminfo-base (6.5_p20250503-r0)
(76/86) Installing libncursesw (6.5_p20250503-r0)
(77/86) Installing libpanelw (6.5_p20250503-r0)
(78/86) Installing readline (8.2.13-r1)
(79/86) Installing sqlite-libs (3.50.0-r0)
(80/86) Installing python3 (3.12.10-r1)
(81/86) Installing python3-pycache-pyc0 (3.12.10-r1)
(82/86) Installing pyc (3.12.10-r1)
(83/86) Installing meson-pyc (1.8.1-r0)
(84/86) Installing python3-pyc (3.12.10-r1)
(85/86) Installing meson (1.8.1-r0)
(86/86) Installing abuild-meson (1.8.1-r0)
Executing busybox-1.37.0-r18.trigger
OK: 304 MiB in 86 packages
>>> inih: Fetching inih-60.tar.gz::https://github.com/benhoyt/inih/archive/r60.tar.gz
>>> inih: Checking sha512sums...
inih-60.tar.gz: OK
>>> inih: Unpacking /var/cache/distfiles/inih-60.tar.gz...
The Meson build system
Version: 1.8.1
Source dir: /tmp/src/inih-r60
Build dir: /tmp/src/inih-r60/output
Build type: native build
Project name: inih
Project version: 60
C compiler for the host machine: cc (gcc 14.3.0 "cc (Alpine 14.3.0) 14.3.0")
C linker for the host machine: cc ld.bfd 2.44
Host machine cpu family: x86_64
Host machine cpu: x86_64
Found pkg-config: YES (/usr/bin/pkg-config) 2.4.3
Program runtest.sh found: YES (/tmp/src/inih-r60/tests/runtest.sh)
C++ compiler for the host machine: c++ (gcc 14.3.0 "c++ (Alpine 14.3.0) 14.3.0")
C++ linker for the host machine: c++ ld.bfd 2.44
Build targets in project: 20

inih 60

  User defined options
    auto_features     : auto
    b_lto             : false
    b_pie             : true
    b_staticpic       : true
    bindir            : /usr/bin
    buildtype         : plain
    datadir           : /usr/share
    default_library   : both
    distro_install    : true
    includedir        : /usr/include
    infodir           : /usr/share/info
    inline_comments   : true
    libdir            : /usr/lib
    libexecdir        : /usr/libexec
    localedir         : /usr/share/locale
    localstatedir     : /var
    mandir            : /usr/share/man
    multi-line_entries: true
    prefix            : /usr
    python.bytecompile: 0
    sbindir           : /usr/sbin
    sharedstatedir    : /var/lib
    sysconfdir        : /etc
    use_heap          : false
    utf-8_bom         : true
    werror            : false
    with_INIReader    : true
    wrap_mode         : nodownload

Found ninja-1.9 at /usr/bin/ninja
ninja: entering directory '/tmp/src/inih-r60/output'
[1/56] Compiling C++ object examples/unittest_INIReaderExample.p/INIReaderExample.cpp.o
[2/56] Compiling C++ object examples/unittest_INIReaderExample.p/.._cpp_INIReader.cpp.o
[3/56] Compiling C object examples/unittest_INIReaderExample.p/.._ini.c.o
[4/56] Compiling C++ object libINIReader.so.0.p/cpp_INIReader.cpp.o
[5/56] Compiling C object tests/unittest_alloc.p/unittest_alloc.c.o
[6/56] Compiling C object tests/unittest_alloc.p/.._ini.c.o
[7/56] Compiling C object tests/unittest_allow_no_value.p/unittest.c.o
[8/56] Compiling C object tests/unittest_allow_no_value.p/.._ini.c.o
[9/56] Compiling C object tests/unittest_call_handler_on_new_section.p/unittest.c.o
[10/56] Compiling C object tests/unittest_call_handler_on_new_section.p/.._ini.c.o
[11/56] Compiling C object tests/unittest_heap_string.p/unittest_string.c.o
[12/56] Compiling C object tests/unittest_heap_string.p/.._ini.c.o
[13/56] Compiling C object tests/unittest_heap_realloc_max_line.p/unittest.c.o
[14/56] Compiling C object tests/unittest_heap_realloc_max_line.p/.._ini.c.o
[15/56] Compiling C object tests/unittest_heap_realloc.p/unittest.c.o
[16/56] Compiling C object tests/unittest_heap_realloc.p/.._ini.c.o
[17/56] Compiling C object tests/unittest_heap_max_line.p/unittest.c.o
[18/56] Compiling C object tests/unittest_heap_max_line.p/.._ini.c.o
[19/56] Compiling C object tests/unittest_heap.p/unittest.c.o
[20/56] Compiling C object tests/unittest_heap.p/.._ini.c.o
[21/56] Compiling C object tests/unittest_string.p/unittest_string.c.o
[22/56] Compiling C object tests/unittest_string.p/.._ini.c.o
[23/56] Compiling C object tests/unittest_handler_lineno.p/unittest.c.o
[24/56] Compiling C object tests/unittest_handler_lineno.p/.._ini.c.o
[25/56] Linking target tests/unittest_heap_realloc_max_line
[26/56] Compiling C object tests/unittest_stop_on_first_error.p/unittest.c.o
[27/56] Compiling C object tests/unittest_stop_on_first_error.p/.._ini.c.o
[28/56] Compiling C object tests/unittest_disallow_inline_comments.p/unittest.c.o
[29/56] Linking target tests/unittest_allow_no_value
[30/56] Compiling C object tests/unittest_disallow_inline_comments.p/.._ini.c.o
[31/56] Compiling C object tests/unittest_single.p/unittest.c.o
[32/56] Linking target tests/unittest_heap_max_line
[33/56] Linking target tests/unittest_heap
[34/56] Compiling C object tests/unittest_single.p/.._ini.c.o
[35/56] Compiling C object tests/unittest_multi_max_line.p/unittest.c.o
[36/56] Linking target tests/unittest_call_handler_on_new_section
[37/56] Compiling C object tests/unittest_multi_max_line.p/.._ini.c.o
[38/56] Linking target tests/unittest_heap_realloc
[39/56] Linking target tests/unittest_heap_string
[40/56] Compiling C object tests/unittest_multi.p/unittest.c.o
[41/56] Compiling C object tests/unittest_multi.p/.._ini.c.o
[42/56] Compiling C object libinih.so.0.p/ini.c.o
[43/56] Linking target tests/unittest_alloc
[44/56] Linking target tests/unittest_string
[45/56] Linking target tests/unittest_stop_on_first_error
[46/56] Linking target tests/unittest_handler_lineno
[47/56] Linking target tests/unittest_disallow_inline_comments
[48/56] Linking static target libinih.a
[49/56] Linking target libinih.so.0
[50/56] Linking target tests/unittest_multi
[51/56] Generating symbol file libinih.so.0.p/libinih.so.0.symbols
[52/56] Linking target tests/unittest_single
[53/56] Linking target tests/unittest_multi_max_line
[54/56] Linking target examples/unittest_INIReaderExample
[55/56] Linking static target libINIReader.a
[56/56] Linking target libINIReader.so.0
INFO: autodetecting backend as ninja
INFO: calculating backend command to run: /usr/bin/ninja -C /tmp/src/inih-r60/output
>>> inih: Entering fakeroot...
Installing libinih.so.0 to /tmp/pkg/inih/usr/lib
Installing libinih.a to /tmp/pkg/inih/usr/lib
Installing libINIReader.so.0 to /tmp/pkg/inih/usr/lib
Installing libINIReader.a to /tmp/pkg/inih/usr/lib
Installing /tmp/src/inih-r60/ini.h to /tmp/pkg/inih/usr/include
Installing /tmp/src/inih-r60/cpp/INIReader.h to /tmp/pkg/inih/usr/include
Installing /tmp/src/inih-r60/output/meson-private/inih.pc to /tmp/pkg/inih/usr/lib/pkgconfig
Installing /tmp/src/inih-r60/output/meson-private/INIReader.pc to /tmp/pkg/inih/usr/lib/pkgconfig
Installing symlink pointing to libinih.so.0 to /tmp/pkg/inih/usr/lib/libinih.so
Installing symlink pointing to libINIReader.so.0 to /tmp/pkg/inih/usr/lib/libINIReader.so
>>> inih-dev*: Running split function _dev...
'usr/include' -> '/tmp/pkg/inih-dev/usr/include'
'usr/lib/pkgconfig' -> '/tmp/pkg/inih-dev/usr/lib/pkgconfig'
'usr/lib/libINIReader.a' -> '/tmp/pkg/inih-dev/usr/lib/libINIReader.a'
'usr/lib/libinih.a' -> '/tmp/pkg/inih-dev/usr/lib/libinih.a'
'usr/lib/libINIReader.so' -> '/tmp/pkg/inih-dev/usr/lib/libINIReader.so'
'usr/lib/libinih.so' -> '/tmp/pkg/inih-dev/usr/lib/libinih.so'
>>> inih-dev*: Preparing subpackage inih-dev...
>>> inih-dev*: Stripping binaries
>>> inih-dev*: Running postcheck for inih-dev
>>> inih-inireader*: Running split function inireader...
'usr/lib/libINIReader.so.0' -> '/tmp/pkg/inih-inireader/usr/lib/libINIReader.so.0'
>>> inih-inireader*: Preparing subpackage inih-inireader...
>>> inih-inireader*: Stripping binaries
>>> inih-inireader*: Running postcheck for inih-inireader
>>> inih-inireader-dev*: Running split function dev...
'usr/include' -> '/tmp/pkg/inih-inireader-dev/usr/include'
'usr/lib/pkgconfig' -> '/tmp/pkg/inih-inireader-dev/usr/lib/pkgconfig'
'usr/lib/libINIReader.a' -> '/tmp/pkg/inih-inireader-dev/usr/lib/libINIReader.a'
'usr/lib/libINIReader.so' -> '/tmp/pkg/inih-inireader-dev/usr/lib/libINIReader.so'
>>> inih-inireader-dev*: Preparing subpackage inih-inireader-dev...
>>> inih-inireader-dev*: Stripping binaries
>>> inih-inireader-dev*: Running postcheck for inih-inireader-dev
>>> inih*: Running postcheck for inih
>>> inih*: Preparing package inih...
>>> inih*: Stripping binaries
>>> inih-dev*: Scanning shared objects
>>> inih-inireader-dev*: Scanning shared objects
>>> inih-inireader*: Scanning shared objects
>>> inih*: Scanning shared objects
>>> inih-dev*: Tracing dependencies...
	inih=60-r0
	pkgconfig
>>> inih-dev*: Package size: 10.3 KB
>>> inih-dev*: Compressing data...
>>> inih-dev*: Create checksum...
>>> inih-dev*: Create inih-dev-60-r0.apk
>>> inih-inireader-dev*: Tracing dependencies...
	inih-inireader=60-r0
	pc:inih
	pkgconfig
>>> inih-inireader-dev*: Package size: 40.7 KB
>>> inih-inireader-dev*: Compressing data...
>>> inih-inireader-dev*: Create checksum...
>>> inih-inireader-dev*: Create inih-inireader-dev-60-r0.apk
>>> inih-inireader*: Tracing dependencies...
	so:libc.musl-x86_64.so.1
	so:libgcc_s.so.1
	so:libinih.so.0
	so:libstdc++.so.6
>>> inih-inireader*: Package size: 29.9 KB
>>> inih-inireader*: Compressing data...
>>> inih-inireader*: Create checksum...
>>> inih-inireader*: Create inih-inireader-60-r0.apk
>>> inih*: Tracing dependencies...
	so:libc.musl-x86_64.so.1
>>> inih*: Package size: 13.6 KB
>>> inih*: Compressing data...
>>> inih*: Create checksum...
>>> inih*: Create inih-60-r0.apk
>>> inih: Updating the main/x86_64 repository index...
>>> inih: Signing the index...
>>> inih: Cleaning up srcdir
>>> inih: Cleaning up build chroot
>>> inih: Cleaning up pkgdir
