>>> lua-mosquitto: Validating /home/packager/oily-pine/main/lua-mosquitto/APKBUILD...
>>> lua-mosquitto: Cleaning up srcdir
>>> lua-mosquitto: Cleaning up pkgdir
>>> lua-mosquitto: Cleaning up tmpdir
>>> lua-mosquitto: Fetching lua-mosquitto-0.4.1.tar.gz::https://github.com/flukso/lua-mosquitto/archive/v0.4.1.tar.gz
  % Total    % Received % Xferd  Average Speed   Time    Time     Time  Current
                                 Dload  Upload   Total   Spent    Left  Speed
  0     0    0     0    0     0      0      0 --:--:-- --:--:-- --:--:--     0  0     0    0     0    0     0      0      0 --:--:-- --:--:-- --:--:--     0  0     0    0     0    0     0      0      0 --:--:-- --:--:-- --:--:--     0
100 18129    0 18129    0     0  25696      0 --:--:-- --:--:-- --:--:-- 25696
>>> lua-mosquitto: Fetching lua-mosquitto-0.4.1.tar.gz::https://github.com/flukso/lua-mosquitto/archive/v0.4.1.tar.gz
>>> lua-mosquitto: Checking sha512sums...
lua-mosquitto-0.4.1.tar.gz: OK
checkinteger.patch: OK
0001-handle-lookup-errors-when-connecting.patch: OK
>>> lua-mosquitto: Preparing build chroot...
fetch http://dl-cdn.alpinelinux.org/alpine/edge/main/x86_64/APKINDEX.tar.gz
(1/87) Installing musl (1.2.5-r10)
(2/87) Installing libcrypto3 (3.5.0-r0)
(3/87) Installing ca-certificates-bundle (20241121-r2)
(4/87) Installing libssl3 (3.5.0-r0)
(5/87) Installing zlib (1.3.1-r2)
(6/87) Installing libapk2 (2.14.9-r2)
(7/87) Installing apk-tools (2.14.9-r2)
(8/87) Installing libcap2 (2.76-r0)
(9/87) Installing libcap-getcap (2.76-r0)
(10/87) Installing fakeroot (1.37.1.1-r0)
(11/87) Installing scanelf (1.3.8-r1)
(12/87) Installing musl-utils (1.2.5-r10)
(13/87) Installing libgcc (14.3.0-r0)
(14/87) Installing libstdc++ (14.3.0-r0)
(15/87) Installing lzip (1.25-r0)
(16/87) Installing openssl (3.5.0-r0)
(17/87) Installing patch (2.8-r0)
(18/87) Installing pkgconf (2.4.3-r0)
(19/87) Installing acl-libs (2.3.2-r1)
(20/87) Installing tar (1.35-r3)
(21/87) Installing busybox (1.37.0-r18)
Executing busybox-1.37.0-r18.post-install
(22/87) Installing ssl_client (1.37.0-r18)
(23/87) Installing busybox-binsh (1.37.0-r18)
(24/87) Installing abuild (3.15.0-r0)
Executing abuild-3.15.0-r0.pre-install
(25/87) Installing abuild-sudo (3.15.0-r0)
(26/87) Installing alpine-baselayout-data (3.7.0-r0)
(27/87) Installing alpine-baselayout (3.7.0-r0)
Executing alpine-baselayout-3.7.0-r0.pre-install
Executing alpine-baselayout-3.7.0-r0.post-install
(28/87) Installing bridge (1.5-r5)
(29/87) Installing ifupdown-ng (0.12.1-r7)
(30/87) Installing openrc-user (0.62.2-r2)
(31/87) Installing openrc (0.62.2-r2)
Executing openrc-0.62.2-r2.post-install
(32/87) Installing mdev-conf (4.8-r0)
(33/87) Installing busybox-mdev-openrc (1.37.0-r18)
(34/87) Installing alpine-conf (3.20.0-r0)
(35/87) Installing alpine-keys (2.5-r0)
(36/87) Installing alpine-release (3.22.0-r0)
(37/87) Installing busybox-openrc (1.37.0-r18)
(38/87) Installing busybox-suid (1.37.0-r18)
(39/87) Installing alpine-base (3.22.0-r0)
(40/87) Installing jansson (2.14.1-r0)
(41/87) Installing zstd-libs (1.5.7-r0)
(42/87) Installing binutils (2.44-r0)
(43/87) Installing libmagic (5.46-r2)
(44/87) Installing file (5.46-r2)
(45/87) Installing libgomp (14.3.0-r0)
(46/87) Installing libatomic (14.3.0-r0)
(47/87) Installing gmp (6.3.0-r3)
(48/87) Installing isl26 (0.26-r1)
(49/87) Installing mpfr4 (4.2.1_p1-r0)
(50/87) Installing mpc1 (1.3.1-r1)
(51/87) Installing gcc (14.3.0-r0)
(52/87) Installing libstdc++-dev (14.3.0-r0)
(53/87) Installing musl-dev (1.2.5-r10)
(54/87) Installing g++ (14.3.0-r0)
(55/87) Installing make (4.4.1-r3)
(56/87) Installing fortify-headers (1.1-r5)
(57/87) Installing build-base (0.5-r3)
(58/87) Installing brotli-libs (1.1.0-r2)
(59/87) Installing c-ares (1.34.5-r0)
(60/87) Installing libunistring (1.3-r0)
(61/87) Installing libidn2 (2.3.7-r0)
(62/87) Installing nghttp2-libs (1.65.0-r0)
(63/87) Installing libpsl (0.21.5-r3)
(64/87) Installing libcurl (8.14.0-r2)
(65/87) Installing libexpat (2.7.1-r0)
(66/87) Installing pcre2 (10.43-r1)
(67/87) Installing git (2.49.0-r0)
(68/87) Installing git-init-template (2.49.0-r0)
(69/87) Installing lua5.1-libs (5.1.5-r13)
(70/87) Installing lua5.1 (5.1.5-r13)
(71/87) Installing lua5.1-dev (5.1.5-r13)
(72/87) Installing lua5.2-libs (5.2.4-r13)
(73/87) Installing lua5.2 (5.2.4-r13)
(74/87) Installing lua5.2-dev (5.2.4-r13)
(75/87) Installing linenoise (1.0-r5)
(76/87) Installing lua5.3-libs (5.3.6-r6)
(77/87) Installing lua5.3 (5.3.6-r6)
(78/87) Installing lua5.3-dev (5.3.6-r6)
(79/87) Installing lua5.4-libs (5.4.7-r0)
(80/87) Installing ncurses-terminfo-base (6.5_p20250503-r0)
(81/87) Installing libncursesw (6.5_p20250503-r0)
(82/87) Installing readline (8.2.13-r1)
(83/87) Installing lua5.4 (5.4.7-r0)
(84/87) Installing lua5.4-dev (5.4.7-r0)
(85/87) Installing mosquitto-libs (2.0.20-r0)
(86/87) Installing mosquitto-libs++ (2.0.20-r0)
(87/87) Installing mosquitto-dev (2.0.20-r0)
Executing busybox-1.37.0-r18.trigger
OK: 267 MiB in 87 packages
>>> lua-mosquitto: Fetching lua-mosquitto-0.4.1.tar.gz::https://github.com/flukso/lua-mosquitto/archive/v0.4.1.tar.gz
>>> lua-mosquitto: Checking sha512sums...
lua-mosquitto-0.4.1.tar.gz: OK
checkinteger.patch: OK
0001-handle-lookup-errors-when-connecting.patch: OK
>>> lua-mosquitto: Unpacking /var/cache/distfiles/lua-mosquitto-0.4.1.tar.gz...
>>> lua-mosquitto: checkinteger.patch
patching file lua-mosquitto.c
>>> lua-mosquitto: 0001-handle-lookup-errors-when-connecting.patch
patching file lua-mosquitto.c
>>> lua-mosquitto: Building for Lua 5.1...
make: Entering directory '/tmp/src/lua-mosquitto-0.4.1-5.1'
cc -c -Os -fstack-clash-protection -Wformat -Werror=format-security -fno-plt -fPIC -std=gnu99 -Wall -pedantic -Os  -o lua-mosquitto.o lua-mosquitto.c
cc -Wl,--as-needed,-O1,--sort-common -Wl,-z,pack-relative-relocs -shared -std=gnu99 -lmosquitto  lua-mosquitto.o -lmosquitto -o mosquitto.so
make: Leaving directory '/tmp/src/lua-mosquitto-0.4.1-5.1'
>>> lua-mosquitto: Building for Lua 5.2...
make: Entering directory '/tmp/src/lua-mosquitto-0.4.1-5.2'
cc -c -Os -fstack-clash-protection -Wformat -Werror=format-security -fno-plt -fPIC -std=gnu99 -Wall -pedantic -Os -I/usr/include/lua5.2 -o lua-mosquitto.o lua-mosquitto.c
cc -Wl,--as-needed,-O1,--sort-common -Wl,-z,pack-relative-relocs -shared -std=gnu99 -lmosquitto -L/usr/lib/lua5.2 lua-mosquitto.o -lmosquitto -o mosquitto.so
make: Leaving directory '/tmp/src/lua-mosquitto-0.4.1-5.2'
>>> lua-mosquitto: Building for Lua 5.3...
make: Entering directory '/tmp/src/lua-mosquitto-0.4.1-5.3'
cc -c -Os -fstack-clash-protection -Wformat -Werror=format-security -fno-plt -fPIC -std=gnu99 -Wall -pedantic -Os -I/usr/include/lua5.3 -o lua-mosquitto.o lua-mosquitto.c
cc -Wl,--as-needed,-O1,--sort-common -Wl,-z,pack-relative-relocs -shared -std=gnu99 -lmosquitto -L/usr/lib/lua5.3 lua-mosquitto.o -lmosquitto -o mosquitto.so
make: Leaving directory '/tmp/src/lua-mosquitto-0.4.1-5.3'
>>> lua-mosquitto: Building for Lua 5.4...
make: Entering directory '/tmp/src/lua-mosquitto-0.4.1-5.4'
cc -c -Os -fstack-clash-protection -Wformat -Werror=format-security -fno-plt -fPIC -std=gnu99 -Wall -pedantic -Os -I/usr/include/lua5.4 -o lua-mosquitto.o lua-mosquitto.c
cc -Wl,--as-needed,-O1,--sort-common -Wl,-z,pack-relative-relocs -shared -std=gnu99 -lmosquitto -L/usr/lib/lua5.4 lua-mosquitto.o -lmosquitto -o mosquitto.so
make: Leaving directory '/tmp/src/lua-mosquitto-0.4.1-5.4'
>>> lua-mosquitto: Checking lua 5.1 build
2.0.20
>>> lua-mosquitto: Checking lua 5.2 build
2.0.20
>>> lua-mosquitto: Checking lua 5.3 build
2.0.20
>>> lua-mosquitto: Checking lua 5.4 build
2.0.20
>>> lua-mosquitto: Entering fakeroot...
>>> lua5.1-mosquitto*: Running split function _package...
>>> lua5.1-mosquitto*: installig Lua 5.1
mkdir -p /tmp/pkg/lua5.1-mosquitto/usr/lib/lua/5.1
cp mosquitto.so /tmp/pkg/lua5.1-mosquitto/usr/lib/lua/5.1
>>> lua5.1-mosquitto*: Preparing subpackage lua5.1-mosquitto...
>>> lua5.1-mosquitto*: Stripping binaries
>>> lua5.1-mosquitto*: Running postcheck for lua5.1-mosquitto
>>> lua5.2-mosquitto*: Running split function _package...
>>> lua5.2-mosquitto*: installig Lua 5.2
mkdir -p /tmp/pkg/lua5.2-mosquitto/usr/lib/lua/5.2
cp mosquitto.so /tmp/pkg/lua5.2-mosquitto/usr/lib/lua/5.2
>>> lua5.2-mosquitto*: Preparing subpackage lua5.2-mosquitto...
>>> lua5.2-mosquitto*: Stripping binaries
>>> lua5.2-mosquitto*: Running postcheck for lua5.2-mosquitto
>>> lua5.3-mosquitto*: Running split function _package...
>>> lua5.3-mosquitto*: installig Lua 5.3
mkdir -p /tmp/pkg/lua5.3-mosquitto/usr/lib/lua/5.3
cp mosquitto.so /tmp/pkg/lua5.3-mosquitto/usr/lib/lua/5.3
>>> lua5.3-mosquitto*: Preparing subpackage lua5.3-mosquitto...
>>> lua5.3-mosquitto*: Stripping binaries
>>> lua5.3-mosquitto*: Running postcheck for lua5.3-mosquitto
>>> lua5.4-mosquitto*: Running split function _package...
>>> lua5.4-mosquitto*: installig Lua 5.4
mkdir -p /tmp/pkg/lua5.4-mosquitto/usr/lib/lua/5.4
cp mosquitto.so /tmp/pkg/lua5.4-mosquitto/usr/lib/lua/5.4
>>> lua5.4-mosquitto*: Preparing subpackage lua5.4-mosquitto...
>>> lua5.4-mosquitto*: Stripping binaries
>>> lua5.4-mosquitto*: Running postcheck for lua5.4-mosquitto
>>> lua-mosquitto*: Running postcheck for lua-mosquitto
>>> lua-mosquitto*: Preparing package lua-mosquitto...
>>> lua-mosquitto*: Stripping binaries
>>> WARNING: lua-mosquitto*: No arch specific binaries found so arch should probably be set to "noarch"
>>> lua-mosquitto*: Scanning shared objects
>>> lua5.1-mosquitto*: Scanning shared objects
>>> lua5.2-mosquitto*: Scanning shared objects
>>> lua5.3-mosquitto*: Scanning shared objects
>>> lua5.4-mosquitto*: Scanning shared objects
>>> lua-mosquitto*: Tracing dependencies...
>>> lua-mosquitto*: Package size: 0.0 
>>> lua-mosquitto*: Compressing data...
>>> lua-mosquitto*: Create checksum...
>>> lua-mosquitto*: Create lua-mosquitto-0.4.1-r3.apk
>>> lua5.1-mosquitto*: Tracing dependencies...
	lua5.1
	so:libc.musl-x86_64.so.1
	so:libmosquitto.so.1
>>> lua5.1-mosquitto*: Package size: 25.9 KB
>>> lua5.1-mosquitto*: Compressing data...
>>> lua5.1-mosquitto*: Create checksum...
>>> lua5.1-mosquitto*: Create lua5.1-mosquitto-0.4.1-r3.apk
>>> lua5.2-mosquitto*: Tracing dependencies...
	lua5.2
	so:libc.musl-x86_64.so.1
	so:libmosquitto.so.1
>>> lua5.2-mosquitto*: Package size: 25.9 KB
>>> lua5.2-mosquitto*: Compressing data...
>>> lua5.2-mosquitto*: Create checksum...
>>> lua5.2-mosquitto*: Create lua5.2-mosquitto-0.4.1-r3.apk
>>> lua5.3-mosquitto*: Tracing dependencies...
	lua5.3
	so:libc.musl-x86_64.so.1
	so:libmosquitto.so.1
>>> lua5.3-mosquitto*: Package size: 25.9 KB
>>> lua5.3-mosquitto*: Compressing data...
>>> lua5.3-mosquitto*: Create checksum...
>>> lua5.3-mosquitto*: Create lua5.3-mosquitto-0.4.1-r3.apk
>>> lua5.4-mosquitto*: Tracing dependencies...
	lua5.4
	so:libc.musl-x86_64.so.1
	so:libmosquitto.so.1
>>> lua5.4-mosquitto*: Package size: 25.9 KB
>>> lua5.4-mosquitto*: Compressing data...
>>> lua5.4-mosquitto*: Create checksum...
>>> lua5.4-mosquitto*: Create lua5.4-mosquitto-0.4.1-r3.apk
>>> lua-mosquitto: Updating the main/x86_64 repository index...
>>> lua-mosquitto: Signing the index...
>>> lua-mosquitto: Cleaning up srcdir
>>> lua-mosquitto: Cleaning up build chroot
>>> lua-mosquitto: Cleaning up pkgdir
