pigz: not found
>>> s6-linux-init: Building main/s6-linux-init 1.1.3.0-r0 (using abuild 3.14.1-r4) started Sun, 18 May 2025 10:16:23 +0000
>>> s6-linux-init: Validating /home/packager/aports/main/s6-linux-init/APKBUILD...
>>> s6-linux-init: Analyzing dependencies...
>>> s6-linux-init: Installing for build: build-base execline>=2.9.7 s6>=2.13.2 skalibs-dev>=2.14.4 execline-dev>=2.9.7 s6-dev>=2.13.2 linux-headers
(1/11) Installing skalibs-libs (2.14.4.0-r0)
(2/11) Installing execline-libs (2.9.7.0-r0)
(3/11) Installing execline (2.9.7.0-r0)
Executing execline-2.9.7.0-r0.post-install
(4/11) Installing s6-ipcserver (2.13.2.0-r0)
(5/11) Installing s6-libs (2.13.2.0-r0)
(6/11) Installing s6 (2.13.2.0-r0)
Executing s6-2.13.2.0-r0.pre-install
(7/11) Installing skalibs-dev (2.14.4.0-r0)
(8/11) Installing execline-dev (2.9.7.0-r0)
(9/11) Installing s6-dev (2.13.2.0-r0)
(10/11) Installing linux-headers (6.14.2-r0)
(11/11) Installing .makedepends-s6-linux-init (20250518.101624)
Executing busybox-1.37.0-r12.trigger
OK: 268 MiB in 92 packages
>>> s6-linux-init: Cleaning up srcdir
>>> s6-linux-init: Cleaning up pkgdir
>>> s6-linux-init: Cleaning up tmpdir
>>> s6-linux-init: Fetching https://skarnet.org/software/s6-linux-init/s6-linux-init-1.1.3.0.tar.gz
Connecting to skarnet.org (95.142.172.232:443)
saving to '/var/cache/distfiles/s6-linux-init-1.1.3.0.tar.gz.part'
s6-linux-init-1.1.3. 100% |********************************| 65116  0:00:00 ETA
'/var/cache/distfiles/s6-linux-init-1.1.3.0.tar.gz.part' saved
>>> s6-linux-init: Fetching https://skarnet.org/software/s6-linux-init/s6-linux-init-1.1.3.0.tar.gz
>>> s6-linux-init: Checking sha512sums...
s6-linux-init-1.1.3.0.tar.gz: OK
>>> s6-linux-init: Unpacking /var/cache/distfiles/s6-linux-init-1.1.3.0.tar.gz...
Checking for C compiler...
  ... gcc
Checking whether C compiler works... 
  ... yes
Checking target system type...
  ... x86_64-alpine-linux-musl
Checking whether compiler accepts -fPIC ...
  ... yes
Checking whether compiler accepts -std=c99 ...
  ... yes
Checking whether compiler accepts -fomit-frame-pointer ...
  ... yes
Checking whether compiler accepts -fno-exceptions ...
  ... yes
Checking whether compiler accepts -fno-unwind-tables ...
  ... yes
Checking whether compiler accepts -fno-asynchronous-unwind-tables ...
  ... yes
Checking whether compiler accepts -Werror=implicit-function-declaration ...
  ... yes
Checking whether compiler accepts -Werror=implicit-int ...
  ... yes
Checking whether compiler accepts -Werror=pointer-sign ...
  ... yes
Checking whether compiler accepts -Werror=pointer-arith ...
  ... yes
Checking whether compiler accepts -ffunction-sections ...
  ... yes
Checking whether compiler accepts -fdata-sections ...
  ... yes
Checking whether linker accepts -Wl,--sort-section=alignment ...
  ... yes
Checking whether linker accepts -Wl,--sort-common ...
  ... yes
Checking whether linker accepts -Wl,--hash-style=both ...
  ... yes
Creating config.mak...
  ... done.
Creating src/include/s6-linux-init/config.h...
  ... done.
exec gcc -D_POSIX_C_SOURCE=200809L -D_XOPEN_SOURCE=700 -iquote src/include-local -Isrc/include -fPIC -Werror=implicit-function-declaration -Werror=implicit-int -Werror=pointer-sign -Werror=pointer-arith  -pipe -Wall -std=c99 -fno-exceptions -fno-unwind-tables -fno-asynchronous-unwind-tables -ffunction-sections -fdata-sections -O2 -fomit-frame-pointer -Os -fstack-clash-protection -Wformat -Werror=format-security -fno-plt  -c -o src/lib/s6_linux_init_logouthook.lo src/lib/s6_linux_init_logouthook.c
exec gcc -D_POSIX_C_SOURCE=200809L -D_XOPEN_SOURCE=700 -iquote src/include-local -Isrc/include -fPIC -Werror=implicit-function-declaration -Werror=implicit-int -Werror=pointer-sign -Werror=pointer-arith  -pipe -Wall -std=c99 -fno-exceptions -fno-unwind-tables -fno-asynchronous-unwind-tables -ffunction-sections -fdata-sections -O2 -fomit-frame-pointer -Os -fstack-clash-protection -Wformat -Werror=format-security -fno-plt  -c -o src/shutdown/hpr_shutdown.lo src/shutdown/hpr_shutdown.c
exec gcc -D_POSIX_C_SOURCE=200809L -D_XOPEN_SOURCE=700 -iquote src/include-local -Isrc/include -fPIC -Werror=implicit-function-declaration -Werror=implicit-int -Werror=pointer-sign -Werror=pointer-arith  -pipe -Wall -std=c99 -fno-exceptions -fno-unwind-tables -fno-asynchronous-unwind-tables -ffunction-sections -fdata-sections -O2 -fomit-frame-pointer -Os -fstack-clash-protection -Wformat -Werror=format-security -fno-plt  -c -o src/shutdown/hpr_wall.lo src/shutdown/hpr_wall.c
exec gcc -D_POSIX_C_SOURCE=200809L -D_XOPEN_SOURCE=700 -iquote src/include-local -Isrc/include -fPIC -Werror=implicit-function-declaration -Werror=implicit-int -Werror=pointer-sign -Werror=pointer-arith  -pipe -Wall -std=c99 -fno-exceptions -fno-unwind-tables -fno-asynchronous-unwind-tables -ffunction-sections -fdata-sections -O2 -fomit-frame-pointer -Os -fstack-clash-protection -Wformat -Werror=format-security -fno-plt  -c -o src/shutdown/hpr_wallv.lo src/shutdown/hpr_wallv.c
exec gcc -D_POSIX_C_SOURCE=200809L -D_XOPEN_SOURCE=700 -iquote src/include-local -Isrc/include -fPIC -Werror=implicit-function-declaration -Werror=implicit-int -Werror=pointer-sign -Werror=pointer-arith  -pipe -Wall -std=c99 -fno-exceptions -fno-unwind-tables -fno-asynchronous-unwind-tables -ffunction-sections -fdata-sections -O2 -fomit-frame-pointer -Os -fstack-clash-protection -Wformat -Werror=format-security -fno-plt  -c -o src/shutdown/hpr_confirm_hostname.lo src/shutdown/hpr_confirm_hostname.c
exec gcc -D_POSIX_C_SOURCE=200809L -D_XOPEN_SOURCE=700 -iquote src/include-local -Isrc/include -fPIC -Werror=implicit-function-declaration -Werror=implicit-int -Werror=pointer-sign -Werror=pointer-arith  -pipe -Wall -std=c99 -fno-exceptions -fno-unwind-tables -fno-asynchronous-unwind-tables -ffunction-sections -fdata-sections -O2 -fomit-frame-pointer -Os -fstack-clash-protection -Wformat -Werror=format-security -fno-plt -c -o src/init/s6-linux-init.o src/init/s6-linux-init.c
exec gcc -D_POSIX_C_SOURCE=200809L -D_XOPEN_SOURCE=700 -iquote src/include-local -Isrc/include -fPIC -Werror=implicit-function-declaration -Werror=implicit-int -Werror=pointer-sign -Werror=pointer-arith  -pipe -Wall -std=c99 -fno-exceptions -fno-unwind-tables -fno-asynchronous-unwind-tables -ffunction-sections -fdata-sections -O2 -fomit-frame-pointer -Os -fstack-clash-protection -Wformat -Werror=format-security -fno-plt -c -o src/shutdown/s6-linux-init-hpr.o src/shutdown/s6-linux-init-hpr.c
exec gcc -D_POSIX_C_SOURCE=200809L -D_XOPEN_SOURCE=700 -iquote src/include-local -Isrc/include -fPIC -Werror=implicit-function-declaration -Werror=implicit-int -Werror=pointer-sign -Werror=pointer-arith  -pipe -Wall -std=c99 -fno-exceptions -fno-unwind-tables -fno-asynchronous-unwind-tables -ffunction-sections -fdata-sections -O2 -fomit-frame-pointer -Os -fstack-clash-protection -Wformat -Werror=format-security -fno-plt -c -o src/shutdown/s6-linux-init-shutdown.o src/shutdown/s6-linux-init-shutdown.c
exec gcc -D_POSIX_C_SOURCE=200809L -D_XOPEN_SOURCE=700 -iquote src/include-local -Isrc/include -fPIC -Werror=implicit-function-declaration -Werror=implicit-int -Werror=pointer-sign -Werror=pointer-arith  -pipe -Wall -std=c99 -fno-exceptions -fno-unwind-tables -fno-asynchronous-unwind-tables -ffunction-sections -fdata-sections -O2 -fomit-frame-pointer -Os -fstack-clash-protection -Wformat -Werror=format-security -fno-plt -c -o src/shutdown/s6-linux-init-shutdownd.o src/shutdown/s6-linux-init-shutdownd.c
exec gcc -D_POSIX_C_SOURCE=200809L -D_XOPEN_SOURCE=700 -iquote src/include-local -Isrc/include -fPIC -Werror=implicit-function-declaration -Werror=implicit-int -Werror=pointer-sign -Werror=pointer-arith  -pipe -Wall -std=c99 -fno-exceptions -fno-unwind-tables -fno-asynchronous-unwind-tables -ffunction-sections -fdata-sections -O2 -fomit-frame-pointer -Os -fstack-clash-protection -Wformat -Werror=format-security -fno-plt -c -o src/init/s6-linux-init-telinit.o src/init/s6-linux-init-telinit.c
exec gcc -D_POSIX_C_SOURCE=200809L -D_XOPEN_SOURCE=700 -iquote src/include-local -Isrc/include -fPIC -Werror=implicit-function-declaration -Werror=implicit-int -Werror=pointer-sign -Werror=pointer-arith  -pipe -Wall -std=c99 -fno-exceptions -fno-unwind-tables -fno-asynchronous-unwind-tables -ffunction-sections -fdata-sections -O2 -fomit-frame-pointer -Os -fstack-clash-protection -Wformat -Werror=format-security -fno-plt -c -o src/misc/s6-linux-init-logouthookd.o src/misc/s6-linux-init-logouthookd.c
exec gcc -D_POSIX_C_SOURCE=200809L -D_XOPEN_SOURCE=700 -iquote src/include-local -Isrc/include -fPIC -Werror=implicit-function-declaration -Werror=implicit-int -Werror=pointer-sign -Werror=pointer-arith  -pipe -Wall -std=c99 -fno-exceptions -fno-unwind-tables -fno-asynchronous-unwind-tables -ffunction-sections -fdata-sections -O2 -fomit-frame-pointer -Os -fstack-clash-protection -Wformat -Werror=format-security -fno-plt -c -o src/misc/s6-linux-init-echo.o src/misc/s6-linux-init-echo.c
exec gcc -D_POSIX_C_SOURCE=200809L -D_XOPEN_SOURCE=700 -iquote src/include-local -Isrc/include -fPIC -Werror=implicit-function-declaration -Werror=implicit-int -Werror=pointer-sign -Werror=pointer-arith  -pipe -Wall -std=c99 -fno-exceptions -fno-unwind-tables -fno-asynchronous-unwind-tables -ffunction-sections -fdata-sections -O2 -fomit-frame-pointer -Os -fstack-clash-protection -Wformat -Werror=format-security -fno-plt -c -o src/misc/s6-linux-init-nuke.o src/misc/s6-linux-init-nuke.c
exec gcc -D_POSIX_C_SOURCE=200809L -D_XOPEN_SOURCE=700 -iquote src/include-local -Isrc/include -fPIC -Werror=implicit-function-declaration -Werror=implicit-int -Werror=pointer-sign -Werror=pointer-arith  -pipe -Wall -std=c99 -fno-exceptions -fno-unwind-tables -fno-asynchronous-unwind-tables -ffunction-sections -fdata-sections -O2 -fomit-frame-pointer -Os -fstack-clash-protection -Wformat -Werror=format-security -fno-plt -c -o src/misc/s6-linux-init-umountall.o src/misc/s6-linux-init-umountall.c
exec gcc -D_POSIX_C_SOURCE=200809L -D_XOPEN_SOURCE=700 -iquote src/include-local -Isrc/include -fPIC -Werror=implicit-function-declaration -Werror=implicit-int -Werror=pointer-sign -Werror=pointer-arith  -pipe -Wall -std=c99 -fno-exceptions -fno-unwind-tables -fno-asynchronous-unwind-tables -ffunction-sections -fdata-sections -O2 -fomit-frame-pointer -Os -fstack-clash-protection -Wformat -Werror=format-security -fno-plt -c -o src/init/s6-linux-init-maker.o src/init/s6-linux-init-maker.c
exec env library="s6_linux_init" includedir="/usr/include" dynlibdir="/usr/lib" libdir="/usr/lib" extra_includedirs="" extra_libdirs="" extra_libs="-lskarnet" description="The s6-linux-init library (small helpers nothing uses at this moment)" url="" ldlibs="" ./tools/gen-dotpc.sh > libs6_linux_init.pc.tmp
exec gcc -o libs6_linux_init.so.xyzzy -pipe -Wall -std=c99 -fno-exceptions -fno-unwind-tables -fno-asynchronous-unwind-tables -ffunction-sections -fdata-sections -O2 -fomit-frame-pointer -Os -fstack-clash-protection -Wformat -Werror=format-security -fno-plt  -Wl,--sort-section=alignment -Wl,--sort-common -Wl,--hash-style=both -Wl,--as-needed,-O1,--sort-common -Wl,-z,pack-relative-relocs -shared -Wl,-soname,libs6_linux_init.so.1.1 -Wl,-rpath=/usr/lib src/lib/s6_linux_init_logouthook.lo -lskarnet   
exec mv -f libs6_linux_init.pc.tmp libs6_linux_init.pc
exec ar rc libs6_linux_init.a.xyzzy src/lib/s6_linux_init_logouthook.lo
exec ar rc libhpr.a.xyzzy src/shutdown/hpr_shutdown.lo src/shutdown/hpr_wall.lo src/shutdown/hpr_wallv.lo src/shutdown/hpr_confirm_hostname.lo
exec ranlib libs6_linux_init.a.xyzzy
exec ranlib libhpr.a.xyzzy
exec gcc -o s6-linux-init-telinit -pipe -Wall -std=c99 -fno-exceptions -fno-unwind-tables -fno-asynchronous-unwind-tables -ffunction-sections -fdata-sections -O2 -fomit-frame-pointer -Os -fstack-clash-protection -Wformat -Werror=format-security -fno-plt -Wl,--sort-section=alignment -Wl,--sort-common -Wl,--hash-style=both -Wl,--as-needed,-O1,--sort-common -Wl,-z,pack-relative-relocs  src/init/s6-linux-init-telinit.o /usr/lib/libskarnet.so  
exec gcc -o s6-linux-init-logouthookd -pipe -Wall -std=c99 -fno-exceptions -fno-unwind-tables -fno-asynchronous-unwind-tables -ffunction-sections -fdata-sections -O2 -fomit-frame-pointer -Os -fstack-clash-protection -Wformat -Werror=format-security -fno-plt -Wl,--sort-section=alignment -Wl,--sort-common -Wl,--hash-style=both -Wl,--as-needed,-O1,--sort-common -Wl,-z,pack-relative-relocs  src/misc/s6-linux-init-logouthookd.o /usr/lib/libskarnet.so   
exec gcc -o s6-linux-init-echo -pipe -Wall -std=c99 -fno-exceptions -fno-unwind-tables -fno-asynchronous-unwind-tables -ffunction-sections -fdata-sections -O2 -fomit-frame-pointer -Os -fstack-clash-protection -Wformat -Werror=format-security -fno-plt -Wl,--sort-section=alignment -Wl,--sort-common -Wl,--hash-style=both -Wl,--as-needed,-O1,--sort-common -Wl,-z,pack-relative-relocs  src/misc/s6-linux-init-echo.o /usr/lib/libskarnet.so  
exec gcc -o s6-linux-init-nuke -pipe -Wall -std=c99 -fno-exceptions -fno-unwind-tables -fno-asynchronous-unwind-tables -ffunction-sections -fdata-sections -O2 -fomit-frame-pointer -Os -fstack-clash-protection -Wformat -Werror=format-security -fno-plt -Wl,--sort-section=alignment -Wl,--sort-common -Wl,--hash-style=both -Wl,--as-needed,-O1,--sort-common -Wl,-z,pack-relative-relocs  src/misc/s6-linux-init-nuke.o  
exec gcc -o s6-linux-init-hpr -pipe -Wall -std=c99 -fno-exceptions -fno-unwind-tables -fno-asynchronous-unwind-tables -ffunction-sections -fdata-sections -O2 -fomit-frame-pointer -Os -fstack-clash-protection -Wformat -Werror=format-security -fno-plt -Wl,--sort-section=alignment -Wl,--sort-common -Wl,--hash-style=both -Wl,--as-needed,-O1,--sort-common -Wl,-z,pack-relative-relocs  src/shutdown/s6-linux-init-hpr.o libhpr.a.xyzzy /usr/lib/libskarnet.so   
exec gcc -o s6-linux-init-umountall -pipe -Wall -std=c99 -fno-exceptions -fno-unwind-tables -fno-asynchronous-unwind-tables -ffunction-sections -fdata-sections -O2 -fomit-frame-pointer -Os -fstack-clash-protection -Wformat -Werror=format-security -fno-plt -Wl,--sort-section=alignment -Wl,--sort-common -Wl,--hash-style=both -Wl,--as-needed,-O1,--sort-common -Wl,-z,pack-relative-relocs  src/misc/s6-linux-init-umountall.o /usr/lib/libskarnet.so  
exec gcc -o s6-linux-init-shutdown -pipe -Wall -std=c99 -fno-exceptions -fno-unwind-tables -fno-asynchronous-unwind-tables -ffunction-sections -fdata-sections -O2 -fomit-frame-pointer -Os -fstack-clash-protection -Wformat -Werror=format-security -fno-plt -Wl,--sort-section=alignment -Wl,--sort-common -Wl,--hash-style=both -Wl,--as-needed,-O1,--sort-common -Wl,-z,pack-relative-relocs  src/shutdown/s6-linux-init-shutdown.o libhpr.a.xyzzy /usr/lib/libskarnet.so   
exec gcc -o s6-linux-init -pipe -Wall -std=c99 -fno-exceptions -fno-unwind-tables -fno-asynchronous-unwind-tables -ffunction-sections -fdata-sections -O2 -fomit-frame-pointer -Os -fstack-clash-protection -Wformat -Werror=format-security -fno-plt -Wl,--sort-section=alignment -Wl,--sort-common -Wl,--hash-style=both -Wl,--as-needed,-O1,--sort-common -Wl,-z,pack-relative-relocs  src/init/s6-linux-init.o /usr/lib/libskarnet.so  
exec gcc -o s6-linux-init-shutdownd -pipe -Wall -std=c99 -fno-exceptions -fno-unwind-tables -fno-asynchronous-unwind-tables -ffunction-sections -fdata-sections -O2 -fomit-frame-pointer -Os -fstack-clash-protection -Wformat -Werror=format-security -fno-plt -Wl,--sort-section=alignment -Wl,--sort-common -Wl,--hash-style=both -Wl,--as-needed,-O1,--sort-common -Wl,-z,pack-relative-relocs  src/shutdown/s6-linux-init-shutdownd.o /usr/lib/libs6.so /usr/lib/libskarnet.so   
exec gcc -o s6-linux-init-maker -pipe -Wall -std=c99 -fno-exceptions -fno-unwind-tables -fno-asynchronous-unwind-tables -ffunction-sections -fdata-sections -O2 -fomit-frame-pointer -Os -fstack-clash-protection -Wformat -Werror=format-security -fno-plt -Wl,--sort-section=alignment -Wl,--sort-common -Wl,--hash-style=both -Wl,--as-needed,-O1,--sort-common -Wl,-z,pack-relative-relocs  src/init/s6-linux-init-maker.o /usr/lib/libskarnet.so  
>>> s6-linux-init: Entering fakeroot...
./tools/install.sh -D -m 0755 skel/rc.init /home/packager/aports/main/s6-linux-init/pkg/s6-linux-init/etc/s6-linux-init/skel/rc.init
./tools/install.sh -D -m 0755 skel/rc.shutdown /home/packager/aports/main/s6-linux-init/pkg/s6-linux-init/etc/s6-linux-init/skel/rc.shutdown
./tools/install.sh -D -m 0755 skel/rc.shutdown.final /home/packager/aports/main/s6-linux-init/pkg/s6-linux-init/etc/s6-linux-init/skel/rc.shutdown.final
./tools/install.sh -D -m 0755 skel/runlevel /home/packager/aports/main/s6-linux-init/pkg/s6-linux-init/etc/s6-linux-init/skel/runlevel
./tools/install.sh -D -m 755 libs6_linux_init.so.xyzzy /home/packager/aports/main/s6-linux-init/pkg/s6-linux-init/usr/lib/libs6_linux_init.so.1.1.3.0 && \
./tools/install.sh -l libs6_linux_init.so.1.1.3.0 /home/packager/aports/main/s6-linux-init/pkg/s6-linux-init/usr/lib/libs6_linux_init.so.1.1 && \
exec ./tools/install.sh -l libs6_linux_init.so.1.1 /home/packager/aports/main/s6-linux-init/pkg/s6-linux-init/usr/lib/libs6_linux_init.so
exec ./tools/install.sh -D -m 600 s6-linux-init /home/packager/aports/main/s6-linux-init/pkg/s6-linux-init/usr/bin/s6-linux-init
exec ./tools/install.sh -D -m 600 s6-linux-init-hpr /home/packager/aports/main/s6-linux-init/pkg/s6-linux-init/usr/bin/s6-linux-init-hpr
exec ./tools/install.sh -D -m 600 s6-linux-init-shutdown /home/packager/aports/main/s6-linux-init/pkg/s6-linux-init/usr/bin/s6-linux-init-shutdown
exec ./tools/install.sh -D -m 600 s6-linux-init-shutdownd /home/packager/aports/main/s6-linux-init/pkg/s6-linux-init/usr/bin/s6-linux-init-shutdownd
exec ./tools/install.sh -D -m 600 s6-linux-init-telinit /home/packager/aports/main/s6-linux-init/pkg/s6-linux-init/usr/bin/s6-linux-init-telinit
exec ./tools/install.sh -D -m 600 s6-linux-init-logouthookd /home/packager/aports/main/s6-linux-init/pkg/s6-linux-init/usr/bin/s6-linux-init-logouthookd
exec ./tools/install.sh -D -m 600 s6-linux-init-echo /home/packager/aports/main/s6-linux-init/pkg/s6-linux-init/usr/bin/s6-linux-init-echo
grep -- ^s6-linux-init-shutdown < package/modes | { read name mode owner && if [ x$owner != x ] ; then chown -- $owner /home/packager/aports/main/s6-linux-init/pkg/s6-linux-init/usr/bin/s6-linux-init-shutdown ; fi && chmod $mode /home/packager/aports/main/s6-linux-init/pkg/s6-linux-init/usr/bin/s6-linux-init-shutdown ; }
grep -- ^s6-linux-init < package/modes | { read name mode owner && if [ x$owner != x ] ; then chown -- $owner /home/packager/aports/main/s6-linux-init/pkg/s6-linux-init/usr/bin/s6-linux-init ; fi && chmod $mode /home/packager/aports/main/s6-linux-init/pkg/s6-linux-init/usr/bin/s6-linux-init ; }
grep -- ^s6-linux-init-hpr < package/modes | { read name mode owner && if [ x$owner != x ] ; then chown -- $owner /home/packager/aports/main/s6-linux-init/pkg/s6-linux-init/usr/bin/s6-linux-init-hpr ; fi && chmod $mode /home/packager/aports/main/s6-linux-init/pkg/s6-linux-init/usr/bin/s6-linux-init-hpr ; }
grep -- ^s6-linux-init-shutdownd < package/modes | { read name mode owner && if [ x$owner != x ] ; then chown -- $owner /home/packager/aports/main/s6-linux-init/pkg/s6-linux-init/usr/bin/s6-linux-init-shutdownd ; fi && chmod $mode /home/packager/aports/main/s6-linux-init/pkg/s6-linux-init/usr/bin/s6-linux-init-shutdownd ; }
exec ./tools/install.sh -D -m 600 s6-linux-init-nuke /home/packager/aports/main/s6-linux-init/pkg/s6-linux-init/usr/bin/s6-linux-init-nuke
grep -- ^s6-linux-init-telinit < package/modes | { read name mode owner && if [ x$owner != x ] ; then chown -- $owner /home/packager/aports/main/s6-linux-init/pkg/s6-linux-init/usr/bin/s6-linux-init-telinit ; fi && chmod $mode /home/packager/aports/main/s6-linux-init/pkg/s6-linux-init/usr/bin/s6-linux-init-telinit ; }
exec ./tools/install.sh -D -m 600 s6-linux-init-umountall /home/packager/aports/main/s6-linux-init/pkg/s6-linux-init/usr/bin/s6-linux-init-umountall
grep -- ^s6-linux-init-echo < package/modes | { read name mode owner && if [ x$owner != x ] ; then chown -- $owner /home/packager/aports/main/s6-linux-init/pkg/s6-linux-init/usr/bin/s6-linux-init-echo ; fi && chmod $mode /home/packager/aports/main/s6-linux-init/pkg/s6-linux-init/usr/bin/s6-linux-init-echo ; }
exec ./tools/install.sh -D -m 600 s6-linux-init-maker /home/packager/aports/main/s6-linux-init/pkg/s6-linux-init/usr/bin/s6-linux-init-maker
grep -- ^s6-linux-init-logouthookd < package/modes | { read name mode owner && if [ x$owner != x ] ; then chown -- $owner /home/packager/aports/main/s6-linux-init/pkg/s6-linux-init/usr/bin/s6-linux-init-logouthookd ; fi && chmod $mode /home/packager/aports/main/s6-linux-init/pkg/s6-linux-init/usr/bin/s6-linux-init-logouthookd ; }
exec ./tools/install.sh -D -m 644 libs6_linux_init.a.xyzzy /home/packager/aports/main/s6-linux-init/pkg/s6-linux-init/usr/lib/libs6_linux_init.a
exec ./tools/install.sh -D -m 644 src/include/s6-linux-init/config.h /home/packager/aports/main/s6-linux-init/pkg/s6-linux-init/usr/include/s6-linux-init/config.h
exec ./tools/install.sh -D -m 644 src/include/s6-linux-init/s6-linux-init.h /home/packager/aports/main/s6-linux-init/pkg/s6-linux-init/usr/include/s6-linux-init/s6-linux-init.h
exec ./tools/install.sh -D -m 644 libs6_linux_init.pc /home/packager/aports/main/s6-linux-init/pkg/s6-linux-init/usr/lib/pkgconfig/libs6_linux_init.pc
grep -- ^s6-linux-init-nuke < package/modes | { read name mode owner && if [ x$owner != x ] ; then chown -- $owner /home/packager/aports/main/s6-linux-init/pkg/s6-linux-init/usr/bin/s6-linux-init-nuke ; fi && chmod $mode /home/packager/aports/main/s6-linux-init/pkg/s6-linux-init/usr/bin/s6-linux-init-nuke ; }
grep -- ^s6-linux-init-umountall < package/modes | { read name mode owner && if [ x$owner != x ] ; then chown -- $owner /home/packager/aports/main/s6-linux-init/pkg/s6-linux-init/usr/bin/s6-linux-init-umountall ; fi && chmod $mode /home/packager/aports/main/s6-linux-init/pkg/s6-linux-init/usr/bin/s6-linux-init-umountall ; }
grep -- ^s6-linux-init-maker < package/modes | { read name mode owner && if [ x$owner != x ] ; then chown -- $owner /home/packager/aports/main/s6-linux-init/pkg/s6-linux-init/usr/bin/s6-linux-init-maker ; fi && chmod $mode /home/packager/aports/main/s6-linux-init/pkg/s6-linux-init/usr/bin/s6-linux-init-maker ; }
>>> s6-linux-init-static*: Running split function static...
'./usr/lib/libs6_linux_init.a' -> '/home/packager/aports/main/s6-linux-init/pkg/s6-linux-init-static/./usr/lib/libs6_linux_init.a'
>>> s6-linux-init-static*: Preparing subpackage s6-linux-init-static...
>>> s6-linux-init-static*: Stripping binaries
>>> s6-linux-init-static*: Running postcheck for s6-linux-init-static
>>> s6-linux-init-libs*: Running split function libs...
'usr/lib/libs6_linux_init.so.1.1' -> '/home/packager/aports/main/s6-linux-init/pkg/s6-linux-init-libs/usr/lib/libs6_linux_init.so.1.1'
'usr/lib/libs6_linux_init.so.1.1.3.0' -> '/home/packager/aports/main/s6-linux-init/pkg/s6-linux-init-libs/usr/lib/libs6_linux_init.so.1.1.3.0'
>>> s6-linux-init-libs*: Preparing subpackage s6-linux-init-libs...
>>> s6-linux-init-libs*: Stripping binaries
>>> WARNING: s6-linux-init-libs*: Redundant /usr/lib in rpath found
>>> s6-linux-init-libs*: Running postcheck for s6-linux-init-libs
>>> s6-linux-init-dev*: Running split function dev...
'usr/include' -> '/home/packager/aports/main/s6-linux-init/pkg/s6-linux-init-dev/usr/include'
'usr/lib/pkgconfig' -> '/home/packager/aports/main/s6-linux-init/pkg/s6-linux-init-dev/usr/lib/pkgconfig'
'usr/lib/libs6_linux_init.so' -> '/home/packager/aports/main/s6-linux-init/pkg/s6-linux-init-dev/usr/lib/libs6_linux_init.so'
>>> s6-linux-init-dev*: Preparing subpackage s6-linux-init-dev...
>>> s6-linux-init-dev*: Stripping binaries
>>> s6-linux-init-dev*: Running postcheck for s6-linux-init-dev
>>> s6-linux-init-doc*: Running split function doc...
'usr/share/doc' -> '/home/packager/aports/main/s6-linux-init/pkg/s6-linux-init-doc/usr/share/doc'
>>> s6-linux-init-doc*: Preparing subpackage s6-linux-init-doc...
>>> s6-linux-init-doc*: Running postcheck for s6-linux-init-doc
>>> s6-linux-init*: Running postcheck for s6-linux-init
>>> s6-linux-init*: Preparing package s6-linux-init...
>>> s6-linux-init*: Stripping binaries
>>> s6-linux-init-dev*: Scanning shared objects
>>> s6-linux-init-doc*: Scanning shared objects
>>> s6-linux-init-libs*: Scanning shared objects
>>> s6-linux-init-static*: Scanning shared objects
>>> s6-linux-init*: Scanning shared objects
>>> s6-linux-init-dev*: Tracing dependencies...
	pc:libskarnet>=2.14.4.0
	pkgconfig
	s6-linux-init-libs=1.1.3.0-r0
>>> s6-linux-init-dev*: Package size: 1.2 KB
>>> s6-linux-init-dev*: Compressing data...
>>> s6-linux-init-dev*: Create checksum...
pigz: not found
>>> s6-linux-init-dev*: Create s6-linux-init-dev-1.1.3.0-r0.apk
>>> s6-linux-init-doc*: Tracing dependencies...
>>> s6-linux-init-doc*: Package size: 104.2 KB
>>> s6-linux-init-doc*: Compressing data...
>>> s6-linux-init-doc*: Create checksum...
pigz: not found
>>> s6-linux-init-doc*: Create s6-linux-init-doc-1.1.3.0-r0.apk
>>> s6-linux-init-libs*: Tracing dependencies...
	so:libskarnet.so.2.14
>>> s6-linux-init-libs*: Package size: 13.6 KB
>>> s6-linux-init-libs*: Compressing data...
>>> s6-linux-init-libs*: Create checksum...
pigz: not found
>>> s6-linux-init-libs*: Create s6-linux-init-libs-1.1.3.0-r0.apk
>>> s6-linux-init-static*: Tracing dependencies...
>>> s6-linux-init-static*: Package size: 1.9 KB
>>> s6-linux-init-static*: Compressing data...
>>> s6-linux-init-static*: Create checksum...
pigz: not found
>>> s6-linux-init-static*: Create s6-linux-init-static-1.1.3.0-r0.apk
>>> s6-linux-init*: Tracing dependencies...
	execline>=2.9.7
	s6>=2.13.2
	so:libc.musl-x86_64.so.1
	so:libs6.so.2.13
	so:libskarnet.so.2.14
>>> s6-linux-init*: Package size: 186.2 KB
>>> s6-linux-init*: Compressing data...
>>> s6-linux-init*: Create checksum...
pigz: not found
>>> s6-linux-init*: Create s6-linux-init-1.1.3.0-r0.apk
>>> s6-linux-init: Build complete at Sun, 18 May 2025 10:16:28 +0000 elapsed time 0h 0m 5s
>>> s6-linux-init: Cleaning up srcdir
>>> s6-linux-init: Cleaning up pkgdir
>>> s6-linux-init: Uninstalling dependencies...
(1/11) Purging .makedepends-s6-linux-init (20250518.101624)
(2/11) Purging s6 (2.13.2.0-r0)
(3/11) Purging s6-ipcserver (2.13.2.0-r0)
(4/11) Purging execline (2.9.7.0-r0)
Executing execline-2.9.7.0-r0.pre-deinstall
(5/11) Purging s6-dev (2.13.2.0-r0)
(6/11) Purging s6-libs (2.13.2.0-r0)
(7/11) Purging linux-headers (6.14.2-r0)
(8/11) Purging execline-dev (2.9.7.0-r0)
(9/11) Purging execline-libs (2.9.7.0-r0)
(10/11) Purging skalibs-dev (2.14.4.0-r0)
(11/11) Purging skalibs-libs (2.14.4.0-r0)
Executing busybox-1.37.0-r12.trigger
OK: 261 MiB in 81 packages
>>> s6-linux-init: Updating the main/x86_64 repository index...
>>> s6-linux-init: Signing the index...
pigz: not found
