>>> squashfs-tools: Validating /home/packager/oily-pine/main/squashfs-tools/APKBUILD...
>>> squashfs-tools: Cleaning up srcdir
>>> squashfs-tools: Cleaning up pkgdir
>>> squashfs-tools: Cleaning up tmpdir
>>> squashfs-tools: Fetching squashfs-tools-4.6.1.tar.gz::https://github.com/plougher/squashfs-tools/archive/4.6.1.tar.gz
  % Total    % Received % Xferd  Average Speed   Time    Time     Time  Current
                                 Dload  Upload   Total   Spent    Left  Speed
  0     0    0     0    0     0      0      0 --:--:-- --:--:-- --:--:--     0  0     0    0     0    0     0      0      0 --:--:-- --:--:-- --:--:--     0  0     0    0     0    0     0      0      0 --:--:-- --:--:-- --:--:--     0
100  280k  100  280k    0     0   289k      0 --:--:-- --:--:-- --:--:--  289k
>>> squashfs-tools: Fetching squashfs-tools-4.6.1.tar.gz::https://github.com/plougher/squashfs-tools/archive/4.6.1.tar.gz
>>> squashfs-tools: Checking sha512sums...
squashfs-tools-4.6.1.tar.gz: OK
>>> squashfs-tools: Preparing build chroot...
fetch http://dl-cdn.alpinelinux.org/alpine/edge/main/x86_64/APKINDEX.tar.gz
(1/80) Installing musl (1.2.5-r10)
(2/80) Installing libcrypto3 (3.5.0-r0)
(3/80) Installing ca-certificates-bundle (20241121-r2)
(4/80) Installing libssl3 (3.5.0-r0)
(5/80) Installing zlib (1.3.1-r2)
(6/80) Installing libapk2 (2.14.9-r2)
(7/80) Installing apk-tools (2.14.9-r2)
(8/80) Installing libcap2 (2.76-r0)
(9/80) Installing libcap-getcap (2.76-r0)
(10/80) Installing fakeroot (1.37.1.1-r0)
(11/80) Installing scanelf (1.3.8-r1)
(12/80) Installing musl-utils (1.2.5-r10)
(13/80) Installing libgcc (14.3.0-r1)
(14/80) Installing libstdc++ (14.3.0-r1)
(15/80) Installing lzip (1.25-r0)
(16/80) Installing openssl (3.5.0-r0)
(17/80) Installing patch (2.8-r0)
(18/80) Installing pkgconf (2.4.3-r0)
(19/80) Installing acl-libs (2.3.2-r1)
(20/80) Installing tar (1.35-r3)
(21/80) Installing busybox (1.37.0-r18)
Executing busybox-1.37.0-r18.post-install
(22/80) Installing ssl_client (1.37.0-r18)
(23/80) Installing busybox-binsh (1.37.0-r18)
(24/80) Installing abuild (3.15.0-r0)
Executing abuild-3.15.0-r0.pre-install
(25/80) Installing abuild-sudo (3.15.0-r0)
(26/80) Installing alpine-baselayout-data (3.7.0-r0)
(27/80) Installing alpine-baselayout (3.7.0-r0)
Executing alpine-baselayout-3.7.0-r0.pre-install
Executing alpine-baselayout-3.7.0-r0.post-install
(28/80) Installing bridge (1.5-r5)
(29/80) Installing ifupdown-ng (0.12.1-r7)
(30/80) Installing openrc-user (0.62.2-r2)
(31/80) Installing openrc (0.62.2-r2)
Executing openrc-0.62.2-r2.post-install
(32/80) Installing mdev-conf (4.8-r0)
(33/80) Installing busybox-mdev-openrc (1.37.0-r18)
(34/80) Installing alpine-conf (3.20.0-r0)
(35/80) Installing alpine-keys (2.5-r0)
(36/80) Installing alpine-release (3.22.0-r0)
(37/80) Installing busybox-openrc (1.37.0-r18)
(38/80) Installing busybox-suid (1.37.0-r18)
(39/80) Installing alpine-base (3.22.0-r0)
(40/80) Installing libattr (2.5.2-r2)
(41/80) Installing attr-dev (2.5.2-r2)
(42/80) Installing jansson (2.14.1-r0)
(43/80) Installing zstd-libs (1.5.7-r0)
(44/80) Installing binutils (2.44-r0)
(45/80) Installing libmagic (5.46-r2)
(46/80) Installing file (5.46-r2)
(47/80) Installing libgomp (14.3.0-r1)
(48/80) Installing libatomic (14.3.0-r1)
(49/80) Installing gmp (6.3.0-r3)
(50/80) Installing isl26 (0.26-r1)
(51/80) Installing mpfr4 (4.2.1_p1-r0)
(52/80) Installing mpc1 (1.3.1-r1)
(53/80) Installing gcc (14.3.0-r1)
(54/80) Installing libstdc++-dev (14.3.0-r1)
(55/80) Installing musl-dev (1.2.5-r10)
(56/80) Installing g++ (14.3.0-r1)
(57/80) Installing make (4.4.1-r3)
(58/80) Installing fortify-headers (1.1-r5)
(59/80) Installing build-base (0.5-r3)
(60/80) Installing brotli-libs (1.1.0-r2)
(61/80) Installing c-ares (1.34.5-r0)
(62/80) Installing libunistring (1.3-r0)
(63/80) Installing libidn2 (2.3.7-r0)
(64/80) Installing nghttp2-libs (1.65.0-r0)
(65/80) Installing libpsl (0.21.5-r3)
(66/80) Installing libcurl (8.14.0-r2)
(67/80) Installing libexpat (2.7.1-r0)
(68/80) Installing pcre2 (10.43-r1)
(69/80) Installing git (2.49.0-r0)
(70/80) Installing git-init-template (2.49.0-r0)
(71/80) Installing lz4-libs (1.10.0-r0)
(72/80) Installing lz4-dev (1.10.0-r0)
(73/80) Installing lzo (2.10-r5)
(74/80) Installing lzo-dev (2.10-r5)
(75/80) Installing xz-libs (5.8.1-r0)
(76/80) Installing xz (5.8.1-r0)
(77/80) Installing xz-dev (5.8.1-r0)
(78/80) Installing zlib-dev (1.3.1-r2)
(79/80) Installing zstd (1.5.7-r0)
(80/80) Installing zstd-dev (1.5.7-r0)
Executing busybox-1.37.0-r18.trigger
OK: 262 MiB in 80 packages
>>> squashfs-tools: Fetching squashfs-tools-4.6.1.tar.gz::https://github.com/plougher/squashfs-tools/archive/4.6.1.tar.gz
>>> squashfs-tools: Checking sha512sums...
squashfs-tools-4.6.1.tar.gz: OK
>>> squashfs-tools: Unpacking /var/cache/distfiles/squashfs-tools-4.6.1.tar.gz...
make: Entering directory '/tmp/src/squashfs-tools-4.6.1/squashfs-tools'
cc -Os -fstack-clash-protection -Wformat -Werror=format-security -fno-plt -O2 -flto=auto  -I. -D_FILE_OFFSET_BITS=64 -D_LARGEFILE_SOURCE -D_GNU_SOURCE -DCOMP_DEFAULT=\"gzip\" -Wall -DGZIP_SUPPORT -DXZ_SUPPORT -DLZO_SUPPORT -DLZ4_SUPPORT -DZSTD_SUPPORT -DXATTR_SUPPORT -DXATTR_DEFAULT -DREPRODUCIBLE_DEFAULT -DVERSION=\"4.6.1\" -DDATE=\"2023/03/25\" -DYEAR=\"2023\"  -O2 -flto=auto  -c -o mksquashfs.o mksquashfs.c
cc -Os -fstack-clash-protection -Wformat -Werror=format-security -fno-plt -O2 -flto=auto  -I. -D_FILE_OFFSET_BITS=64 -D_LARGEFILE_SOURCE -D_GNU_SOURCE -DCOMP_DEFAULT=\"gzip\" -Wall -DGZIP_SUPPORT -DXZ_SUPPORT -DLZO_SUPPORT -DLZ4_SUPPORT -DZSTD_SUPPORT -DXATTR_SUPPORT -DXATTR_DEFAULT -DREPRODUCIBLE_DEFAULT -DVERSION=\"4.6.1\" -DDATE=\"2023/03/25\" -DYEAR=\"2023\"  -O2 -flto=auto  -c -o read_fs.o read_fs.c
cc -Os -fstack-clash-protection -Wformat -Werror=format-security -fno-plt -O2 -flto=auto  -I. -D_FILE_OFFSET_BITS=64 -D_LARGEFILE_SOURCE -D_GNU_SOURCE -DCOMP_DEFAULT=\"gzip\" -Wall -DGZIP_SUPPORT -DXZ_SUPPORT -DLZO_SUPPORT -DLZ4_SUPPORT -DZSTD_SUPPORT -DXATTR_SUPPORT -DXATTR_DEFAULT -DREPRODUCIBLE_DEFAULT -DVERSION=\"4.6.1\" -DDATE=\"2023/03/25\" -DYEAR=\"2023\"  -O2 -flto=auto  -c -o action.o action.c
cc -Os -fstack-clash-protection -Wformat -Werror=format-security -fno-plt -O2 -flto=auto  -I. -D_FILE_OFFSET_BITS=64 -D_LARGEFILE_SOURCE -D_GNU_SOURCE -DCOMP_DEFAULT=\"gzip\" -Wall -DGZIP_SUPPORT -DXZ_SUPPORT -DLZO_SUPPORT -DLZ4_SUPPORT -DZSTD_SUPPORT -DXATTR_SUPPORT -DXATTR_DEFAULT -DREPRODUCIBLE_DEFAULT -DVERSION=\"4.6.1\" -DDATE=\"2023/03/25\" -DYEAR=\"2023\"  -O2 -flto=auto  -c -o swap.o swap.c
cc -Os -fstack-clash-protection -Wformat -Werror=format-security -fno-plt -O2 -flto=auto  -I. -D_FILE_OFFSET_BITS=64 -D_LARGEFILE_SOURCE -D_GNU_SOURCE -DCOMP_DEFAULT=\"gzip\" -Wall -DGZIP_SUPPORT -DXZ_SUPPORT -DLZO_SUPPORT -DLZ4_SUPPORT -DZSTD_SUPPORT -DXATTR_SUPPORT -DXATTR_DEFAULT -DREPRODUCIBLE_DEFAULT -DVERSION=\"4.6.1\" -DDATE=\"2023/03/25\" -DYEAR=\"2023\"  -O2 -flto=auto  -c -o pseudo.o pseudo.c
cc -Os -fstack-clash-protection -Wformat -Werror=format-security -fno-plt -O2 -flto=auto  -I. -D_FILE_OFFSET_BITS=64 -D_LARGEFILE_SOURCE -D_GNU_SOURCE -DCOMP_DEFAULT=\"gzip\" -Wall -DGZIP_SUPPORT -DXZ_SUPPORT -DLZO_SUPPORT -DLZ4_SUPPORT -DZSTD_SUPPORT -DXATTR_SUPPORT -DXATTR_DEFAULT -DREPRODUCIBLE_DEFAULT -DVERSION=\"4.6.1\" -DDATE=\"2023/03/25\" -DYEAR=\"2023\"  -O2 -flto=auto  -c -o compressor.o compressor.c
cc -Os -fstack-clash-protection -Wformat -Werror=format-security -fno-plt -O2 -flto=auto  -I. -D_FILE_OFFSET_BITS=64 -D_LARGEFILE_SOURCE -D_GNU_SOURCE -DCOMP_DEFAULT=\"gzip\" -Wall -DGZIP_SUPPORT -DXZ_SUPPORT -DLZO_SUPPORT -DLZ4_SUPPORT -DZSTD_SUPPORT -DXATTR_SUPPORT -DXATTR_DEFAULT -DREPRODUCIBLE_DEFAULT -DVERSION=\"4.6.1\" -DDATE=\"2023/03/25\" -DYEAR=\"2023\"  -O2 -flto=auto  -c -o sort.o sort.c
cc -Os -fstack-clash-protection -Wformat -Werror=format-security -fno-plt -O2 -flto=auto  -I. -D_FILE_OFFSET_BITS=64 -D_LARGEFILE_SOURCE -D_GNU_SOURCE -DCOMP_DEFAULT=\"gzip\" -Wall -DGZIP_SUPPORT -DXZ_SUPPORT -DLZO_SUPPORT -DLZ4_SUPPORT -DZSTD_SUPPORT -DXATTR_SUPPORT -DXATTR_DEFAULT -DREPRODUCIBLE_DEFAULT -DVERSION=\"4.6.1\" -DDATE=\"2023/03/25\" -DYEAR=\"2023\"  -O2 -flto=auto  -c -o progressbar.o progressbar.c
cc -Os -fstack-clash-protection -Wformat -Werror=format-security -fno-plt -O2 -flto=auto  -I. -D_FILE_OFFSET_BITS=64 -D_LARGEFILE_SOURCE -D_GNU_SOURCE -DCOMP_DEFAULT=\"gzip\" -Wall -DGZIP_SUPPORT -DXZ_SUPPORT -DLZO_SUPPORT -DLZ4_SUPPORT -DZSTD_SUPPORT -DXATTR_SUPPORT -DXATTR_DEFAULT -DREPRODUCIBLE_DEFAULT -DVERSION=\"4.6.1\" -DDATE=\"2023/03/25\" -DYEAR=\"2023\"  -O2 -flto=auto  -c -o info.o info.c
cc -Os -fstack-clash-protection -Wformat -Werror=format-security -fno-plt -O2 -flto=auto  -I. -D_FILE_OFFSET_BITS=64 -D_LARGEFILE_SOURCE -D_GNU_SOURCE -DCOMP_DEFAULT=\"gzip\" -Wall -DGZIP_SUPPORT -DXZ_SUPPORT -DLZO_SUPPORT -DLZ4_SUPPORT -DZSTD_SUPPORT -DXATTR_SUPPORT -DXATTR_DEFAULT -DREPRODUCIBLE_DEFAULT -DVERSION=\"4.6.1\" -DDATE=\"2023/03/25\" -DYEAR=\"2023\"  -O2 -flto=auto  -c -o restore.o restore.c
cc -Os -fstack-clash-protection -Wformat -Werror=format-security -fno-plt -O2 -flto=auto  -I. -D_FILE_OFFSET_BITS=64 -D_LARGEFILE_SOURCE -D_GNU_SOURCE -DCOMP_DEFAULT=\"gzip\" -Wall -DGZIP_SUPPORT -DXZ_SUPPORT -DLZO_SUPPORT -DLZ4_SUPPORT -DZSTD_SUPPORT -DXATTR_SUPPORT -DXATTR_DEFAULT -DREPRODUCIBLE_DEFAULT -DVERSION=\"4.6.1\" -DDATE=\"2023/03/25\" -DYEAR=\"2023\"  -O2 -flto=auto  -c -o process_fragments.o process_fragments.c
cc -Os -fstack-clash-protection -Wformat -Werror=format-security -fno-plt -O2 -flto=auto  -I. -D_FILE_OFFSET_BITS=64 -D_LARGEFILE_SOURCE -D_GNU_SOURCE -DCOMP_DEFAULT=\"gzip\" -Wall -DGZIP_SUPPORT -DXZ_SUPPORT -DLZO_SUPPORT -DLZ4_SUPPORT -DZSTD_SUPPORT -DXATTR_SUPPORT -DXATTR_DEFAULT -DREPRODUCIBLE_DEFAULT -DVERSION=\"4.6.1\" -DDATE=\"2023/03/25\" -DYEAR=\"2023\"  -O2 -flto=auto  -c -o caches-queues-lists.o caches-queues-lists.c
cc -Os -fstack-clash-protection -Wformat -Werror=format-security -fno-plt -O2 -flto=auto  -I. -D_FILE_OFFSET_BITS=64 -D_LARGEFILE_SOURCE -D_GNU_SOURCE -DCOMP_DEFAULT=\"gzip\" -Wall -DGZIP_SUPPORT -DXZ_SUPPORT -DLZO_SUPPORT -DLZ4_SUPPORT -DZSTD_SUPPORT -DXATTR_SUPPORT -DXATTR_DEFAULT -DREPRODUCIBLE_DEFAULT -DVERSION=\"4.6.1\" -DDATE=\"2023/03/25\" -DYEAR=\"2023\"  -O2 -flto=auto  -c -o reader.o reader.c
cc -Os -fstack-clash-protection -Wformat -Werror=format-security -fno-plt -O2 -flto=auto  -I. -D_FILE_OFFSET_BITS=64 -D_LARGEFILE_SOURCE -D_GNU_SOURCE -DCOMP_DEFAULT=\"gzip\" -Wall -DGZIP_SUPPORT -DXZ_SUPPORT -DLZO_SUPPORT -DLZ4_SUPPORT -DZSTD_SUPPORT -DXATTR_SUPPORT -DXATTR_DEFAULT -DREPRODUCIBLE_DEFAULT -DVERSION=\"4.6.1\" -DDATE=\"2023/03/25\" -DYEAR=\"2023\"  -O2 -flto=auto  -c -o tar.o tar.c
cc -Os -fstack-clash-protection -Wformat -Werror=format-security -fno-plt -O2 -flto=auto  -I. -D_FILE_OFFSET_BITS=64 -D_LARGEFILE_SOURCE -D_GNU_SOURCE -DCOMP_DEFAULT=\"gzip\" -Wall -DGZIP_SUPPORT -DXZ_SUPPORT -DLZO_SUPPORT -DLZ4_SUPPORT -DZSTD_SUPPORT -DXATTR_SUPPORT -DXATTR_DEFAULT -DREPRODUCIBLE_DEFAULT -DVERSION=\"4.6.1\" -DDATE=\"2023/03/25\" -DYEAR=\"2023\"  -O2 -flto=auto  -c -o date.o date.c
cc -Os -fstack-clash-protection -Wformat -Werror=format-security -fno-plt -O2 -flto=auto  -I. -D_FILE_OFFSET_BITS=64 -D_LARGEFILE_SOURCE -D_GNU_SOURCE -DCOMP_DEFAULT=\"gzip\" -Wall -DGZIP_SUPPORT -DXZ_SUPPORT -DLZO_SUPPORT -DLZ4_SUPPORT -DZSTD_SUPPORT -DXATTR_SUPPORT -DXATTR_DEFAULT -DREPRODUCIBLE_DEFAULT -DVERSION=\"4.6.1\" -DDATE=\"2023/03/25\" -DYEAR=\"2023\"  -O2 -flto=auto  -c -o gzip_wrapper.o gzip_wrapper.c
cc -Os -fstack-clash-protection -Wformat -Werror=format-security -fno-plt -O2 -flto=auto  -I. -D_FILE_OFFSET_BITS=64 -D_LARGEFILE_SOURCE -D_GNU_SOURCE -DCOMP_DEFAULT=\"gzip\" -Wall -DGZIP_SUPPORT -DXZ_SUPPORT -DLZO_SUPPORT -DLZ4_SUPPORT -DZSTD_SUPPORT -DXATTR_SUPPORT -DXATTR_DEFAULT -DREPRODUCIBLE_DEFAULT -DVERSION=\"4.6.1\" -DDATE=\"2023/03/25\" -DYEAR=\"2023\"  -O2 -flto=auto  -c -o xz_wrapper.o xz_wrapper.c
cc -Os -fstack-clash-protection -Wformat -Werror=format-security -fno-plt -O2 -flto=auto  -I. -D_FILE_OFFSET_BITS=64 -D_LARGEFILE_SOURCE -D_GNU_SOURCE -DCOMP_DEFAULT=\"gzip\" -Wall -DGZIP_SUPPORT -DXZ_SUPPORT -DLZO_SUPPORT -DLZ4_SUPPORT -DZSTD_SUPPORT -DXATTR_SUPPORT -DXATTR_DEFAULT -DREPRODUCIBLE_DEFAULT -DVERSION=\"4.6.1\" -DDATE=\"2023/03/25\" -DYEAR=\"2023\"  -O2 -flto=auto  -c -o lzo_wrapper.o lzo_wrapper.c
cc -Os -fstack-clash-protection -Wformat -Werror=format-security -fno-plt -O2 -flto=auto  -I. -D_FILE_OFFSET_BITS=64 -D_LARGEFILE_SOURCE -D_GNU_SOURCE -DCOMP_DEFAULT=\"gzip\" -Wall -DGZIP_SUPPORT -DXZ_SUPPORT -DLZO_SUPPORT -DLZ4_SUPPORT -DZSTD_SUPPORT -DXATTR_SUPPORT -DXATTR_DEFAULT -DREPRODUCIBLE_DEFAULT -DVERSION=\"4.6.1\" -DDATE=\"2023/03/25\" -DYEAR=\"2023\"  -O2 -flto=auto  -c -o lz4_wrapper.o lz4_wrapper.c
cc -Os -fstack-clash-protection -Wformat -Werror=format-security -fno-plt -O2 -flto=auto  -I. -D_FILE_OFFSET_BITS=64 -D_LARGEFILE_SOURCE -D_GNU_SOURCE -DCOMP_DEFAULT=\"gzip\" -Wall -DGZIP_SUPPORT -DXZ_SUPPORT -DLZO_SUPPORT -DLZ4_SUPPORT -DZSTD_SUPPORT -DXATTR_SUPPORT -DXATTR_DEFAULT -DREPRODUCIBLE_DEFAULT -DVERSION=\"4.6.1\" -DDATE=\"2023/03/25\" -DYEAR=\"2023\"  -O2 -flto=auto  -c -o zstd_wrapper.o zstd_wrapper.c
cc -Os -fstack-clash-protection -Wformat -Werror=format-security -fno-plt -O2 -flto=auto  -I. -D_FILE_OFFSET_BITS=64 -D_LARGEFILE_SOURCE -D_GNU_SOURCE -DCOMP_DEFAULT=\"gzip\" -Wall -DGZIP_SUPPORT -DXZ_SUPPORT -DLZO_SUPPORT -DLZ4_SUPPORT -DZSTD_SUPPORT -DXATTR_SUPPORT -DXATTR_DEFAULT -DREPRODUCIBLE_DEFAULT -DVERSION=\"4.6.1\" -DDATE=\"2023/03/25\" -DYEAR=\"2023\"  -O2 -flto=auto  -c -o xattr.o xattr.c
cc -Os -fstack-clash-protection -Wformat -Werror=format-security -fno-plt -O2 -flto=auto  -I. -D_FILE_OFFSET_BITS=64 -D_LARGEFILE_SOURCE -D_GNU_SOURCE -DCOMP_DEFAULT=\"gzip\" -Wall -DGZIP_SUPPORT -DXZ_SUPPORT -DLZO_SUPPORT -DLZ4_SUPPORT -DZSTD_SUPPORT -DXATTR_SUPPORT -DXATTR_DEFAULT -DREPRODUCIBLE_DEFAULT -DVERSION=\"4.6.1\" -DDATE=\"2023/03/25\" -DYEAR=\"2023\"  -O2 -flto=auto  -c -o read_xattrs.o read_xattrs.c
cc -Os -fstack-clash-protection -Wformat -Werror=format-security -fno-plt -O2 -flto=auto  -I. -D_FILE_OFFSET_BITS=64 -D_LARGEFILE_SOURCE -D_GNU_SOURCE -DCOMP_DEFAULT=\"gzip\" -Wall -DGZIP_SUPPORT -DXZ_SUPPORT -DLZO_SUPPORT -DLZ4_SUPPORT -DZSTD_SUPPORT -DXATTR_SUPPORT -DXATTR_DEFAULT -DREPRODUCIBLE_DEFAULT -DVERSION=\"4.6.1\" -DDATE=\"2023/03/25\" -DYEAR=\"2023\"  -O2 -flto=auto  -c -o tar_xattr.o tar_xattr.c
cc -Os -fstack-clash-protection -Wformat -Werror=format-security -fno-plt -O2 -flto=auto  -I. -D_FILE_OFFSET_BITS=64 -D_LARGEFILE_SOURCE -D_GNU_SOURCE -DCOMP_DEFAULT=\"gzip\" -Wall -DGZIP_SUPPORT -DXZ_SUPPORT -DLZO_SUPPORT -DLZ4_SUPPORT -DZSTD_SUPPORT -DXATTR_SUPPORT -DXATTR_DEFAULT -DREPRODUCIBLE_DEFAULT -DVERSION=\"4.6.1\" -DDATE=\"2023/03/25\" -DYEAR=\"2023\"  -O2 -flto=auto  -c -o pseudo_xattr.o pseudo_xattr.c
cc -Os -fstack-clash-protection -Wformat -Werror=format-security -fno-plt -O2 -flto=auto  -I. -D_FILE_OFFSET_BITS=64 -D_LARGEFILE_SOURCE -D_GNU_SOURCE -DCOMP_DEFAULT=\"gzip\" -Wall -DGZIP_SUPPORT -DXZ_SUPPORT -DLZO_SUPPORT -DLZ4_SUPPORT -DZSTD_SUPPORT -DXATTR_SUPPORT -DXATTR_DEFAULT -DREPRODUCIBLE_DEFAULT -DVERSION=\"4.6.1\" -DDATE=\"2023/03/25\" -DYEAR=\"2023\"  -O2 -flto=auto  -c -o unsquashfs.o unsquashfs.c
cc -Os -fstack-clash-protection -Wformat -Werror=format-security -fno-plt -O2 -flto=auto  -I. -D_FILE_OFFSET_BITS=64 -D_LARGEFILE_SOURCE -D_GNU_SOURCE -DCOMP_DEFAULT=\"gzip\" -Wall -DGZIP_SUPPORT -DXZ_SUPPORT -DLZO_SUPPORT -DLZ4_SUPPORT -DZSTD_SUPPORT -DXATTR_SUPPORT -DXATTR_DEFAULT -DREPRODUCIBLE_DEFAULT -DVERSION=\"4.6.1\" -DDATE=\"2023/03/25\" -DYEAR=\"2023\"  -O2 -flto=auto  -c -o unsquash-1.o unsquash-1.c
cc -Os -fstack-clash-protection -Wformat -Werror=format-security -fno-plt -O2 -flto=auto  -I. -D_FILE_OFFSET_BITS=64 -D_LARGEFILE_SOURCE -D_GNU_SOURCE -DCOMP_DEFAULT=\"gzip\" -Wall -DGZIP_SUPPORT -DXZ_SUPPORT -DLZO_SUPPORT -DLZ4_SUPPORT -DZSTD_SUPPORT -DXATTR_SUPPORT -DXATTR_DEFAULT -DREPRODUCIBLE_DEFAULT -DVERSION=\"4.6.1\" -DDATE=\"2023/03/25\" -DYEAR=\"2023\"  -O2 -flto=auto  -c -o unsquash-2.o unsquash-2.c
cc -Os -fstack-clash-protection -Wformat -Werror=format-security -fno-plt -O2 -flto=auto  -I. -D_FILE_OFFSET_BITS=64 -D_LARGEFILE_SOURCE -D_GNU_SOURCE -DCOMP_DEFAULT=\"gzip\" -Wall -DGZIP_SUPPORT -DXZ_SUPPORT -DLZO_SUPPORT -DLZ4_SUPPORT -DZSTD_SUPPORT -DXATTR_SUPPORT -DXATTR_DEFAULT -DREPRODUCIBLE_DEFAULT -DVERSION=\"4.6.1\" -DDATE=\"2023/03/25\" -DYEAR=\"2023\"  -O2 -flto=auto  -c -o unsquash-3.o unsquash-3.c
cc -Os -fstack-clash-protection -Wformat -Werror=format-security -fno-plt -O2 -flto=auto  -I. -D_FILE_OFFSET_BITS=64 -D_LARGEFILE_SOURCE -D_GNU_SOURCE -DCOMP_DEFAULT=\"gzip\" -Wall -DGZIP_SUPPORT -DXZ_SUPPORT -DLZO_SUPPORT -DLZ4_SUPPORT -DZSTD_SUPPORT -DXATTR_SUPPORT -DXATTR_DEFAULT -DREPRODUCIBLE_DEFAULT -DVERSION=\"4.6.1\" -DDATE=\"2023/03/25\" -DYEAR=\"2023\"  -O2 -flto=auto  -c -o unsquash-4.o unsquash-4.c
cc -Os -fstack-clash-protection -Wformat -Werror=format-security -fno-plt -O2 -flto=auto  -I. -D_FILE_OFFSET_BITS=64 -D_LARGEFILE_SOURCE -D_GNU_SOURCE -DCOMP_DEFAULT=\"gzip\" -Wall -DGZIP_SUPPORT -DXZ_SUPPORT -DLZO_SUPPORT -DLZ4_SUPPORT -DZSTD_SUPPORT -DXATTR_SUPPORT -DXATTR_DEFAULT -DREPRODUCIBLE_DEFAULT -DVERSION=\"4.6.1\" -DDATE=\"2023/03/25\" -DYEAR=\"2023\"  -O2 -flto=auto  -c -o unsquash-123.o unsquash-123.c
cc -Os -fstack-clash-protection -Wformat -Werror=format-security -fno-plt -O2 -flto=auto  -I. -D_FILE_OFFSET_BITS=64 -D_LARGEFILE_SOURCE -D_GNU_SOURCE -DCOMP_DEFAULT=\"gzip\" -Wall -DGZIP_SUPPORT -DXZ_SUPPORT -DLZO_SUPPORT -DLZ4_SUPPORT -DZSTD_SUPPORT -DXATTR_SUPPORT -DXATTR_DEFAULT -DREPRODUCIBLE_DEFAULT -DVERSION=\"4.6.1\" -DDATE=\"2023/03/25\" -DYEAR=\"2023\"  -O2 -flto=auto  -c -o unsquash-34.o unsquash-34.c
cc -Os -fstack-clash-protection -Wformat -Werror=format-security -fno-plt -O2 -flto=auto  -I. -D_FILE_OFFSET_BITS=64 -D_LARGEFILE_SOURCE -D_GNU_SOURCE -DCOMP_DEFAULT=\"gzip\" -Wall -DGZIP_SUPPORT -DXZ_SUPPORT -DLZO_SUPPORT -DLZ4_SUPPORT -DZSTD_SUPPORT -DXATTR_SUPPORT -DXATTR_DEFAULT -DREPRODUCIBLE_DEFAULT -DVERSION=\"4.6.1\" -DDATE=\"2023/03/25\" -DYEAR=\"2023\"  -O2 -flto=auto  -c -o unsquash-1234.o unsquash-1234.c
cc -Os -fstack-clash-protection -Wformat -Werror=format-security -fno-plt -O2 -flto=auto  -I. -D_FILE_OFFSET_BITS=64 -D_LARGEFILE_SOURCE -D_GNU_SOURCE -DCOMP_DEFAULT=\"gzip\" -Wall -DGZIP_SUPPORT -DXZ_SUPPORT -DLZO_SUPPORT -DLZ4_SUPPORT -DZSTD_SUPPORT -DXATTR_SUPPORT -DXATTR_DEFAULT -DREPRODUCIBLE_DEFAULT -DVERSION=\"4.6.1\" -DDATE=\"2023/03/25\" -DYEAR=\"2023\"  -O2 -flto=auto  -c -o unsquash-12.o unsquash-12.c
cc -Os -fstack-clash-protection -Wformat -Werror=format-security -fno-plt -O2 -flto=auto  -I. -D_FILE_OFFSET_BITS=64 -D_LARGEFILE_SOURCE -D_GNU_SOURCE -DCOMP_DEFAULT=\"gzip\" -Wall -DGZIP_SUPPORT -DXZ_SUPPORT -DLZO_SUPPORT -DLZ4_SUPPORT -DZSTD_SUPPORT -DXATTR_SUPPORT -DXATTR_DEFAULT -DREPRODUCIBLE_DEFAULT -DVERSION=\"4.6.1\" -DDATE=\"2023/03/25\" -DYEAR=\"2023\"  -O2 -flto=auto  -c -o unsquashfs_info.o unsquashfs_info.c
cc -Os -fstack-clash-protection -Wformat -Werror=format-security -fno-plt -O2 -flto=auto  -I. -D_FILE_OFFSET_BITS=64 -D_LARGEFILE_SOURCE -D_GNU_SOURCE -DCOMP_DEFAULT=\"gzip\" -Wall -DGZIP_SUPPORT -DXZ_SUPPORT -DLZO_SUPPORT -DLZ4_SUPPORT -DZSTD_SUPPORT -DXATTR_SUPPORT -DXATTR_DEFAULT -DREPRODUCIBLE_DEFAULT -DVERSION=\"4.6.1\" -DDATE=\"2023/03/25\" -DYEAR=\"2023\"  -O2 -flto=auto  -c -o unsquashfs_xattr.o unsquashfs_xattr.c
cc -Wl,--as-needed,-O1,--sort-common -Wl,-z,pack-relative-relocs  unsquashfs.o unsquash-1.o unsquash-2.o unsquash-3.o unsquash-4.o unsquash-123.o unsquash-34.o unsquash-1234.o unsquash-12.o swap.o compressor.o unsquashfs_info.o date.o gzip_wrapper.o xz_wrapper.o lzo_wrapper.o lz4_wrapper.o zstd_wrapper.o read_xattrs.o unsquashfs_xattr.o -lpthread -lm -lz -llzma -llzo2 -llz4 -lzstd -o unsquashfs
cc -Wl,--as-needed,-O1,--sort-common -Wl,-z,pack-relative-relocs  mksquashfs.o read_fs.o action.o swap.o pseudo.o compressor.o sort.o progressbar.o info.o restore.o process_fragments.o caches-queues-lists.o reader.o tar.o date.o gzip_wrapper.o xz_wrapper.o lzo_wrapper.o lz4_wrapper.o zstd_wrapper.o xattr.o read_xattrs.o tar_xattr.o pseudo_xattr.o -lpthread -lm -lz -llzma -llzo2 -llz4 -lzstd -o mksquashfs
ln -sf unsquashfs sqfscat
ln -sf mksquashfs sqfstar
make: Leaving directory '/tmp/src/squashfs-tools-4.6.1/squashfs-tools'
>>> squashfs-tools: Entering fakeroot...
make: Entering directory '/tmp/src/squashfs-tools-4.6.1/squashfs-tools'
mkdir -p /tmp/pkg/squashfs-tools/usr/bin
cp mksquashfs /tmp/pkg/squashfs-tools/usr/bin
cp unsquashfs /tmp/pkg/squashfs-tools/usr/bin
ln -fs unsquashfs /tmp/pkg/squashfs-tools/usr/bin/sqfscat
ln -fs mksquashfs /tmp/pkg/squashfs-tools/usr/bin/sqfstar
../generate-manpages/install-manpages.sh /tmp/src/squashfs-tools-4.6.1/squashfs-tools/.. "/tmp/pkg/squashfs-tools/usr/share/man/man1" "y"
../generate-manpages/install-manpages.sh: Using pre-built manpages
make: Leaving directory '/tmp/src/squashfs-tools-4.6.1/squashfs-tools'
>>> squashfs-tools-doc*: Running split function doc...
'usr/share/man' -> '/tmp/pkg/squashfs-tools-doc/usr/share/man'
>>> squashfs-tools-doc*: Preparing subpackage squashfs-tools-doc...
>>> squashfs-tools-doc*: Running postcheck for squashfs-tools-doc
>>> squashfs-tools*: Running postcheck for squashfs-tools
>>> squashfs-tools*: Preparing package squashfs-tools...
>>> squashfs-tools*: Stripping binaries
>>> squashfs-tools-doc*: Scanning shared objects
>>> squashfs-tools*: Scanning shared objects
>>> squashfs-tools-doc*: Tracing dependencies...
>>> squashfs-tools-doc*: Package size: 17.6 KB
>>> squashfs-tools-doc*: Compressing data...
>>> squashfs-tools-doc*: Create checksum...
>>> squashfs-tools-doc*: Create squashfs-tools-doc-4.6.1-r1.apk
>>> squashfs-tools*: Tracing dependencies...
	so:libc.musl-x86_64.so.1
	so:liblz4.so.1
	so:liblzma.so.5
	so:liblzo2.so.2
	so:libz.so.1
	so:libzstd.so.1
>>> squashfs-tools*: Package size: 421.9 KB
>>> squashfs-tools*: Compressing data...
>>> squashfs-tools*: Create checksum...
>>> squashfs-tools*: Create squashfs-tools-4.6.1-r1.apk
>>> squashfs-tools: Updating the main/x86_64 repository index...
>>> squashfs-tools: Signing the index...
>>> squashfs-tools: Cleaning up srcdir
>>> squashfs-tools: Cleaning up build chroot
>>> squashfs-tools: Cleaning up pkgdir
