>>> one-context: Validating /home/packager/oily-pine/main/one-context/APKBUILD...
>>> one-context: Cleaning up srcdir
>>> one-context: Cleaning up pkgdir
>>> one-context: Cleaning up tmpdir
>>> one-context: Fetching https://github.com/jirutka/one-context/archive/v0.9.0/one-context-0.9.0.tar.gz
  % Total    % Received % Xferd  Average Speed   Time    Time     Time  Current
                                 Dload  Upload   Total   Spent    Left  Speed
  0     0    0     0    0     0      0      0 --:--:-- --:--:-- --:--:--     0  0     0    0     0    0     0      0      0 --:--:-- --:--:-- --:--:--     0
100 10072    0 10072    0     0  14998      0 --:--:-- --:--:-- --:--:-- 14998
>>> one-context: Fetching https://github.com/jirutka/one-context/archive/v0.9.0/one-context-0.9.0.tar.gz
>>> one-context: Checking sha512sums...
one-context-0.9.0.tar.gz: OK
>>> one-context: Preparing build chroot...
fetch http://dl-cdn.alpinelinux.org/alpine/edge/main/x86_64/APKINDEX.tar.gz
(1/78) Installing musl (1.2.5-r10)
(2/78) Installing libcrypto3 (3.5.0-r0)
(3/78) Installing ca-certificates-bundle (20241121-r2)
(4/78) Installing libssl3 (3.5.0-r0)
(5/78) Installing zlib (1.3.1-r2)
(6/78) Installing libapk2 (2.14.9-r2)
(7/78) Installing apk-tools (2.14.9-r2)
(8/78) Installing libcap2 (2.76-r0)
(9/78) Installing libcap-getcap (2.76-r0)
(10/78) Installing fakeroot (1.37.1.1-r0)
(11/78) Installing scanelf (1.3.8-r1)
(12/78) Installing musl-utils (1.2.5-r10)
(13/78) Installing libgcc (14.3.0-r1)
(14/78) Installing libstdc++ (14.3.0-r1)
(15/78) Installing lzip (1.25-r0)
(16/78) Installing openssl (3.5.0-r0)
(17/78) Installing patch (2.8-r0)
(18/78) Installing pkgconf (2.4.3-r0)
(19/78) Installing acl-libs (2.3.2-r1)
(20/78) Installing tar (1.35-r3)
(21/78) Installing busybox (1.37.0-r18)
Executing busybox-1.37.0-r18.post-install
(22/78) Installing ssl_client (1.37.0-r18)
(23/78) Installing busybox-binsh (1.37.0-r18)
(24/78) Installing abuild (3.15.0-r0)
Executing abuild-3.15.0-r0.pre-install
(25/78) Installing abuild-sudo (3.15.0-r0)
(26/78) Installing alpine-baselayout-data (3.7.0-r0)
(27/78) Installing alpine-baselayout (3.7.0-r0)
Executing alpine-baselayout-3.7.0-r0.pre-install
Executing alpine-baselayout-3.7.0-r0.post-install
(28/78) Installing bridge (1.5-r5)
(29/78) Installing ifupdown-ng (0.12.1-r7)
(30/78) Installing openrc-user (0.62.2-r2)
(31/78) Installing openrc (0.62.2-r2)
Executing openrc-0.62.2-r2.post-install
(32/78) Installing mdev-conf (4.8-r0)
(33/78) Installing busybox-mdev-openrc (1.37.0-r18)
(34/78) Installing alpine-conf (3.20.0-r0)
(35/78) Installing alpine-keys (2.5-r0)
(36/78) Installing alpine-release (3.22.0-r0)
(37/78) Installing busybox-openrc (1.37.0-r18)
(38/78) Installing busybox-suid (1.37.0-r18)
(39/78) Installing alpine-base (3.22.0-r0)
(40/78) Installing libeconf (0.6.3-r0)
(41/78) Installing libblkid (2.41-r9)
(42/78) Installing blkid (2.41-r9)
(43/78) Installing jansson (2.14.1-r0)
(44/78) Installing zstd-libs (1.5.7-r0)
(45/78) Installing binutils (2.44-r0)
(46/78) Installing libmagic (5.46-r2)
(47/78) Installing file (5.46-r2)
(48/78) Installing libgomp (14.3.0-r1)
(49/78) Installing libatomic (14.3.0-r1)
(50/78) Installing gmp (6.3.0-r3)
(51/78) Installing isl26 (0.26-r1)
(52/78) Installing mpfr4 (4.2.1_p1-r0)
(53/78) Installing mpc1 (1.3.1-r1)
(54/78) Installing gcc (14.3.0-r1)
(55/78) Installing libstdc++-dev (14.3.0-r1)
(56/78) Installing musl-dev (1.2.5-r10)
(57/78) Installing g++ (14.3.0-r1)
(58/78) Installing make (4.4.1-r3)
(59/78) Installing fortify-headers (1.1-r5)
(60/78) Installing build-base (0.5-r3)
(61/78) Installing brotli-libs (1.1.0-r2)
(62/78) Installing c-ares (1.34.5-r0)
(63/78) Installing libunistring (1.3-r0)
(64/78) Installing libidn2 (2.3.7-r0)
(65/78) Installing nghttp2-libs (1.65.0-r0)
(66/78) Installing libpsl (0.21.5-r3)
(67/78) Installing libcurl (8.14.0-r2)
(68/78) Installing libexpat (2.7.1-r0)
(69/78) Installing pcre2 (10.43-r1)
(70/78) Installing git (2.49.0-r0)
(71/78) Installing git-init-template (2.49.0-r0)
(72/78) Installing libsmartcols (2.41-r9)
(73/78) Installing partx (2.41-r9)
(74/78) Installing libuuid (2.41-r9)
(75/78) Installing libfdisk (2.41-r9)
(76/78) Installing ncurses-terminfo-base (6.5_p20250503-r0)
(77/78) Installing libncursesw (6.5_p20250503-r0)
(78/78) Installing sfdisk (2.41-r9)
Executing busybox-1.37.0-r18.trigger
OK: 261 MiB in 78 packages
>>> one-context: Fetching https://github.com/jirutka/one-context/archive/v0.9.0/one-context-0.9.0.tar.gz
>>> one-context: Checking sha512sums...
one-context-0.9.0.tar.gz: OK
>>> one-context: Unpacking /var/cache/distfiles/one-context-0.9.0.tar.gz...
scripts/grow-fs                   PASS
scripts/hostname                  PASS
scripts/hosts                     PASS
scripts/network                   PASS
scripts/ntp                       PASS
scripts/ssh-public-key            PASS
scripts/ssmtp                     PASS
scripts/start-script              PASS
scripts/sudo-user                 PASS
scripts/timezone                  PASS
scripts/utils.sh                  PASS
>>> one-context: Entering fakeroot...
created directory: '/tmp/pkg/one-context/'
created directory: '/tmp/pkg/one-context/usr/'
created directory: '/tmp/pkg/one-context/usr/share/'
created directory: '/tmp/pkg/one-context/usr/share/one-context/'
created directory: '/tmp/pkg/one-context/usr/share/one-context/scripts'
'scripts/utils.sh' -> '/tmp/pkg/one-context/usr/share/one-context/scripts/utils.sh'
created directory: '/tmp/pkg/one-context/etc/'
created directory: '/tmp/pkg/one-context/etc/one-context.d'
created directory: '/tmp/pkg/one-context/etc/init.d'
'init.d/vmcontext' -> '/tmp/pkg/one-context/etc/init.d/vmcontext'
'/tmp/pkg/one-context/etc/one-context.d/00-network' -> '/usr/share/one-context/scripts/network'
'/tmp/pkg/one-context/etc/one-context.d/05-hostname' -> '/usr/share/one-context/scripts/hostname'
'scripts/network' -> '/tmp/pkg/one-context/usr/share/one-context/scripts/network'
'/tmp/pkg/one-context/etc/one-context.d/10-hosts' -> '/usr/share/one-context/scripts/hosts'
'scripts/hostname' -> '/tmp/pkg/one-context/usr/share/one-context/scripts/hostname'
'/tmp/pkg/one-context/etc/one-context.d/15-ntp' -> '/usr/share/one-context/scripts/ntp'
'/tmp/pkg/one-context/etc/one-context.d/20-timezone' -> '/usr/share/one-context/scripts/timezone'
'scripts/hosts' -> '/tmp/pkg/one-context/usr/share/one-context/scripts/hosts'
'/tmp/pkg/one-context/etc/one-context.d/50-sudo-user' -> '/usr/share/one-context/scripts/sudo-user'
'/tmp/pkg/one-context/etc/one-context.d/55-ssh-public-key' -> '/usr/share/one-context/scripts/ssh-public-key'
'scripts/ntp' -> '/tmp/pkg/one-context/usr/share/one-context/scripts/ntp'
'/tmp/pkg/one-context/etc/one-context.d/60-grow-fs' -> '/usr/share/one-context/scripts/grow-fs'
'scripts/timezone' -> '/tmp/pkg/one-context/usr/share/one-context/scripts/timezone'
'/tmp/pkg/one-context/etc/one-context.d/65-ssmtp' -> '/usr/share/one-context/scripts/ssmtp'
'/tmp/pkg/one-context/etc/one-context.d/90-start-script' -> '/usr/share/one-context/scripts/start-script'
'scripts/sudo-user' -> '/tmp/pkg/one-context/usr/share/one-context/scripts/sudo-user'
'scripts/ssh-public-key' -> '/tmp/pkg/one-context/usr/share/one-context/scripts/ssh-public-key'
'scripts/grow-fs' -> '/tmp/pkg/one-context/usr/share/one-context/scripts/grow-fs'
'scripts/ssmtp' -> '/tmp/pkg/one-context/usr/share/one-context/scripts/ssmtp'
'scripts/start-script' -> '/tmp/pkg/one-context/usr/share/one-context/scripts/start-script'
>>> one-context*: Running postcheck for one-context
>>> WARNING: one-context*: Found OpenRC directory (/etc/conf.d or /etc/init.d) but name doesn't end with -openrc
>>> one-context*: Preparing package one-context...
>>> one-context*: Tracing dependencies...
	blkid
	partx
	sfdisk
>>> one-context*: Package size: 14.6 KB
>>> one-context*: Compressing data...
>>> one-context*: Create checksum...
>>> one-context*: Create one-context-0.9.0-r0.apk
>>> one-context: Updating the main/x86_64 repository index...
>>> one-context: Signing the index...
>>> one-context: Cleaning up srcdir
>>> one-context: Cleaning up build chroot
>>> one-context: Cleaning up pkgdir
