>>> libnet: Validating /home/packager/oily-pine/main/libnet/APKBUILD...
>>> libnet: Cleaning up srcdir
>>> libnet: Cleaning up pkgdir
>>> libnet: Cleaning up tmpdir
>>> libnet: Fetching https://github.com/libnet/libnet/releases/download/v1.3/libnet-1.3.tar.gz
  % Total    % Received % Xferd  Average Speed   Time    Time     Time  Current
                                 Dload  Upload   Total   Spent    Left  Speed
  0     0    0     0    0     0      0      0 --:--:-- --:--:-- --:--:--     0  0     0    0     0    0     0      0      0 --:--:-- --:--:-- --:--:--     0  0     0    0     0    0     0      0      0 --:--:-- --:--:-- --:--:--     0
100  581k  100  581k    0     0   586k      0 --:--:-- --:--:-- --:--:--  586k
>>> libnet: Fetching https://github.com/libnet/libnet/releases/download/v1.3/libnet-1.3.tar.gz
>>> libnet: Checking sha512sums...
libnet-1.3.tar.gz: OK
>>> libnet: Preparing build chroot...
fetch http://dl-cdn.alpinelinux.org/alpine/edge/main/x86_64/APKINDEX.tar.gz
(1/68) Installing musl (1.2.5-r10)
(2/68) Installing libcrypto3 (3.5.0-r0)
(3/68) Installing ca-certificates-bundle (20241121-r2)
(4/68) Installing libssl3 (3.5.0-r0)
(5/68) Installing zlib (1.3.1-r2)
(6/68) Installing libapk2 (2.14.9-r2)
(7/68) Installing apk-tools (2.14.9-r2)
(8/68) Installing libcap2 (2.76-r0)
(9/68) Installing libcap-getcap (2.76-r0)
(10/68) Installing fakeroot (1.37.1.1-r0)
(11/68) Installing scanelf (1.3.8-r1)
(12/68) Installing musl-utils (1.2.5-r10)
(13/68) Installing libgcc (14.3.0-r0)
(14/68) Installing libstdc++ (14.3.0-r0)
(15/68) Installing lzip (1.25-r0)
(16/68) Installing openssl (3.5.0-r0)
(17/68) Installing patch (2.8-r0)
(18/68) Installing pkgconf (2.4.3-r0)
(19/68) Installing acl-libs (2.3.2-r1)
(20/68) Installing tar (1.35-r3)
(21/68) Installing busybox (1.37.0-r18)
Executing busybox-1.37.0-r18.post-install
(22/68) Installing ssl_client (1.37.0-r18)
(23/68) Installing busybox-binsh (1.37.0-r18)
(24/68) Installing abuild (3.15.0-r0)
Executing abuild-3.15.0-r0.pre-install
(25/68) Installing abuild-sudo (3.15.0-r0)
(26/68) Installing alpine-baselayout-data (3.7.0-r0)
(27/68) Installing alpine-baselayout (3.7.0-r0)
Executing alpine-baselayout-3.7.0-r0.pre-install
Executing alpine-baselayout-3.7.0-r0.post-install
(28/68) Installing bridge (1.5-r5)
(29/68) Installing ifupdown-ng (0.12.1-r7)
(30/68) Installing openrc-user (0.62.2-r2)
(31/68) Installing openrc (0.62.2-r2)
Executing openrc-0.62.2-r2.post-install
(32/68) Installing mdev-conf (4.8-r0)
(33/68) Installing busybox-mdev-openrc (1.37.0-r18)
(34/68) Installing alpine-conf (3.20.0-r0)
(35/68) Installing alpine-keys (2.5-r0)
(36/68) Installing alpine-release (3.22.0-r0)
(37/68) Installing busybox-openrc (1.37.0-r18)
(38/68) Installing busybox-suid (1.37.0-r18)
(39/68) Installing alpine-base (3.22.0-r0)
(40/68) Installing jansson (2.14.1-r0)
(41/68) Installing zstd-libs (1.5.7-r0)
(42/68) Installing binutils (2.44-r0)
(43/68) Installing libmagic (5.46-r2)
(44/68) Installing file (5.46-r2)
(45/68) Installing libgomp (14.3.0-r0)
(46/68) Installing libatomic (14.3.0-r0)
(47/68) Installing gmp (6.3.0-r3)
(48/68) Installing isl26 (0.26-r1)
(49/68) Installing mpfr4 (4.2.1_p1-r0)
(50/68) Installing mpc1 (1.3.1-r1)
(51/68) Installing gcc (14.3.0-r0)
(52/68) Installing libstdc++-dev (14.3.0-r0)
(53/68) Installing musl-dev (1.2.5-r10)
(54/68) Installing g++ (14.3.0-r0)
(55/68) Installing make (4.4.1-r3)
(56/68) Installing fortify-headers (1.1-r5)
(57/68) Installing build-base (0.5-r3)
(58/68) Installing brotli-libs (1.1.0-r2)
(59/68) Installing c-ares (1.34.5-r0)
(60/68) Installing libunistring (1.3-r0)
(61/68) Installing libidn2 (2.3.7-r0)
(62/68) Installing nghttp2-libs (1.65.0-r0)
(63/68) Installing libpsl (0.21.5-r3)
(64/68) Installing libcurl (8.14.0-r2)
(65/68) Installing libexpat (2.7.1-r0)
(66/68) Installing pcre2 (10.43-r1)
(67/68) Installing git (2.49.0-r0)
(68/68) Installing git-init-template (2.49.0-r0)
Executing busybox-1.37.0-r18.trigger
OK: 260 MiB in 68 packages
>>> libnet: Fetching https://github.com/libnet/libnet/releases/download/v1.3/libnet-1.3.tar.gz
>>> libnet: Checking sha512sums...
libnet-1.3.tar.gz: OK
>>> libnet: Unpacking /var/cache/distfiles/libnet-1.3.tar.gz...
checking for a POSIX-compliant shell... /bin/sh
checking for a sed that does not truncate output... /bin/sed
checking for chmod... chmod
checking build system type... x86_64-alpine-linux-musl
checking host system type... x86_64-alpine-linux-musl
checking target system type... x86_64-alpine-linux-musl
checking for a BSD-compatible install... /usr/bin/install -c
checking whether build environment is sane... yes
checking for a race-free mkdir -p... ./install-sh -c -d
checking for gawk... no
checking for mawk... no
checking for nawk... no
checking for awk... awk
checking whether make sets $(MAKE)... yes
checking whether make supports nested variables... yes
checking whether make supports nested variables... (cached) yes
checking for x86_64-alpine-linux-musl-gcc... cc
checking whether the C compiler works... yes
checking for C compiler default output file name... a.out
checking for suffix of executables... 
checking whether we are cross compiling... no
checking for suffix of object files... o
checking whether the compiler supports GNU C... yes
checking whether cc accepts -g... yes
checking for cc option to enable C11 features... none needed
checking whether cc understands -c and -o together... yes
checking for stdio.h... yes
checking for stdlib.h... yes
checking for string.h... yes
checking for inttypes.h... yes
checking for stdint.h... yes
checking for strings.h... yes
checking for sys/stat.h... yes
checking for sys/types.h... yes
checking for unistd.h... yes
checking for wchar.h... yes
checking for minix/config.h... no
checking whether it is safe to define __EXTENSIONS__... yes
checking whether _XOPEN_SOURCE should be defined... no
checking how to print strings... printf
checking for a sed that does not truncate output... (cached) /bin/sed
checking for grep that handles long lines and -e... /bin/grep
checking for egrep... /bin/grep -E
checking for fgrep... /bin/grep -F
checking for ld used by cc... /usr/x86_64-alpine-linux-musl/bin/ld
checking if the linker (/usr/x86_64-alpine-linux-musl/bin/ld) is GNU ld... yes
checking for BSD- or MS-compatible name lister (nm)... /usr/bin/nm -B
checking the name lister (/usr/bin/nm -B) interface... BSD nm
checking whether ln -s works... yes
checking the maximum length of command line arguments... 98304
checking how to convert x86_64-alpine-linux-musl file names to x86_64-alpine-linux-musl format... func_convert_file_noop
checking how to convert x86_64-alpine-linux-musl file names to toolchain format... func_convert_file_noop
checking for /usr/x86_64-alpine-linux-musl/bin/ld option to reload object files... -r
checking for x86_64-alpine-linux-musl-objdump... no
checking for objdump... objdump
checking how to recognize dependent libraries... pass_all
checking for x86_64-alpine-linux-musl-dlltool... no
checking for dlltool... no
checking how to associate runtime and link libraries... printf %s\n
checking for x86_64-alpine-linux-musl-ar... no
checking for ar... ar
checking for archiver @FILE support... @
checking for x86_64-alpine-linux-musl-strip... no
checking for strip... strip
checking for x86_64-alpine-linux-musl-ranlib... no
checking for ranlib... ranlib
checking command to parse /usr/bin/nm -B output from cc object... ok
checking for sysroot... no
checking for a working dd... /bin/dd
checking how to truncate binary pipes... /bin/dd bs=4096 count=1
checking for x86_64-alpine-linux-musl-mt... no
checking for mt... no
checking if : is a manifest tool... no
checking for dlfcn.h... yes
checking for objdir... .libs
checking if cc supports -fno-rtti -fno-exceptions... no
checking for cc option to produce PIC... -fPIC -DPIC
checking if cc PIC flag -fPIC -DPIC works... yes
checking if cc static flag -static works... yes
checking if cc supports -c -o file.o... yes
checking if cc supports -c -o file.o... (cached) yes
checking whether the cc linker (/usr/x86_64-alpine-linux-musl/bin/ld -m elf_x86_64) supports shared libraries... yes
checking whether -lc should be explicitly linked in... no
checking dynamic linker characteristics... GNU/Linux ld.so
checking how to hardcode library paths into programs... immediate
checking whether stripping libraries is possible... yes
checking if libtool supports shared libraries... yes
checking whether to build shared libraries... yes
checking whether to build static libraries... yes
checking for sys/sockio.h... no
checking for net/if.h... yes
checking for sys/ioctl.h... yes
checking for gethostbyname2... yes
checking for getifaddrs... yes
checking for uint16_t... yes
checking for uint32_t... yes
checking for uint64_t... yes
checking for socklen_t... yes
checking whether byte ordering is bigendian... no
checking for net/pfilt.h... no
checking for sys/net/nit.h... no
checking for net/raw.h... no
checking for sys/dlpi.h... no
checking for linux/socket.h... no
checking link-layer packet interface type... checking for Linux proc filesystem... yes
user selected link layer linux
checking for x86_64-alpine-linux-musl-doxygen... no
checking for doxygen... no
configure: WARNING: doxygen not found - will not generate any doxygen documentation
checking for x86_64-alpine-linux-musl-perl... no
checking for perl... no
checking whether to build sample programs... no
checking enable tests... no
checking for net/ethernet.h... yes
checking that generated files are newer than configure... done
configure: creating ./config.status
config.status: creating Makefile
config.status: creating libnet-config
config.status: creating doc/Doxyfile
config.status: creating doc/Makefile
config.status: creating include/Makefile
config.status: creating include/libnet.h
config.status: creating libnet.pc
config.status: creating src/Makefile
config.status: creating sample/Makefile
config.status: creating test/Makefile
config.status: creating win32/Makefile
config.status: creating doc/fixmanpages
config.status: creating include/config.h
config.status: executing libtool commands

-=-=-=-=-=-=-=-=-=-= libnet Configuration Complete =-=-=-=-=-=-=-=-=-=-

    Version ....................... 1.3

    Host .......................... x86_64-alpine-linux-musl
    Operating System .............. linux-musl
    Host CPU ...................... x86_64
    Host Vendor ................... alpine
    Host OS ....................... linux-musl
    Prefix ........................ /usr

    Cross-compiling ............... no
    Compiler is GNU (compatible) .. yes
    CC ............................ cc
    CFLAGS ........................ -Os -fstack-clash-protection -Wformat -Werror=format-security -fno-plt -D_DEFAULT_SOURCE=1
    LD ............................ /usr/x86_64-alpine-linux-musl/bin/ld -m elf_x86_64
    LDFLAGS ....................... -Wl,--as-needed,-O1,--sort-common -Wl,-z,pack-relative-relocs
    LIBS .......................... 

    Link Layer .................... linux
    Shared Libraries .............. yes
    Static Libraries .............. yes
    PIC ........................... yes
    Build Sample Programs ......... no
    Build Doxygen documentation.... no
    Run Unit Tests................. no

To override options

	./configure --help

Report bugs to https://github.com/libnet/libnet/issues

-=-=-=-=-=-=-=-=-=-=-=-=-=-=-=-=-=-=-=-=-=-=-=-=-=-=-=-=-=-=-=-=-=-=-=-
To disable silent build and print the full command line of every stage

	make V=1

Making all in include
make  all-am
Making all in src
  CC       libnet_asn1.lo
  CC       libnet_build_802.1q.lo
  CC       libnet_build_802.1x.lo
  CC       libnet_build_802.2.lo
  CC       libnet_build_802.3.lo
  CC       libnet_build_arp.lo
  CC       libnet_build_bgp.lo
  CC       libnet_build_cdp.lo
  CC       libnet_build_data.lo
  CC       libnet_build_dhcp.lo
  CC       libnet_build_dns.lo
  CC       libnet_build_ethernet.lo
  CC       libnet_build_fddi.lo
  CC       libnet_build_gre.lo
  CC       libnet_build_hsrp.lo
  CC       libnet_build_icmp.lo
  CC       libnet_build_igmp.lo
  CC       libnet_build_ip.lo
  CC       libnet_build_ipsec.lo
  CC       libnet_build_isl.lo
  CC       libnet_build_link.lo
  CC       libnet_build_mpls.lo
  CC       libnet_build_ntp.lo
  CC       libnet_build_ospf.lo
  CC       libnet_build_rip.lo
  CC       libnet_build_rpc.lo
  CC       libnet_build_sebek.lo
  CC       libnet_build_snmp.lo
  CC       libnet_build_stp.lo
  CC       libnet_build_udld.lo
  CC       libnet_build_tcp.lo
  CC       libnet_build_token_ring.lo
  CC       libnet_build_udp.lo
  CC       libnet_build_vrrp.lo
  CC       libnet_build_lldp.lo
  CC       libnet_advanced.lo
  CC       libnet_checksum.lo
  CC       libnet_cq.lo
  CC       libnet_crc.lo
  CC       libnet_error.lo
  CC       libnet_if_addr.lo
  CC       libnet_init.lo
  CC       libnet_internal.lo
  CC       libnet_pblock.lo
  CC       libnet_port_list.lo
  CC       libnet_prand.lo
  CC       libnet_raw.lo
  CC       libnet_resolve.lo
  CC       libnet_version.lo
  CC       libnet_write.lo
  CC       libnet_link_linux.lo
  CCLD     libnet.la
Making all in win32
make[1]: Nothing to be done for 'all'.
make[1]: Nothing to be done for 'all-am'.
>>> libnet: Entering fakeroot...
Making install in include
make[2]: Nothing to be done for 'install-exec-am'.
 .././install-sh -c -d '/tmp/pkg/libnet/usr/include'
 .././install-sh -c -d '/tmp/pkg/libnet/usr/include/libnet'
 /usr/bin/install -c -m 644  libnet/libnet-asn1.h libnet/libnet-functions.h libnet/libnet-headers.h libnet/libnet-macros.h libnet/libnet-structures.h libnet/libnet-types.h '/tmp/pkg/libnet/usr/include/libnet'
 /usr/bin/install -c -m 644  libnet.h '/tmp/pkg/libnet/usr/include/.'
Making install in src
make[2]: Nothing to be done for 'install-data-am'.
 .././install-sh -c -d '/tmp/pkg/libnet/usr/lib'
 /bin/sh ../libtool   --mode=install /usr/bin/install -c   libnet.la '/tmp/pkg/libnet/usr/lib'
libtool: install: /usr/bin/install -c .libs/libnet.so.9.0.0 /tmp/pkg/libnet/usr/lib/libnet.so.9.0.0
libtool: install: (cd /tmp/pkg/libnet/usr/lib && { ln -s -f libnet.so.9.0.0 libnet.so.9 || { rm -f libnet.so.9 && ln -s libnet.so.9.0.0 libnet.so.9; }; })
libtool: install: (cd /tmp/pkg/libnet/usr/lib && { ln -s -f libnet.so.9.0.0 libnet.so || { rm -f libnet.so && ln -s libnet.so.9.0.0 libnet.so; }; })
libtool: install: /usr/bin/install -c .libs/libnet.lai /tmp/pkg/libnet/usr/lib/libnet.la
libtool: install: /usr/bin/install -c .libs/libnet.a /tmp/pkg/libnet/usr/lib/libnet.a
libtool: install: chmod 644 /tmp/pkg/libnet/usr/lib/libnet.a
libtool: install: ranlib /tmp/pkg/libnet/usr/lib/libnet.a
libtool: warning: remember to run 'libtool --finish /usr/lib'
Making install in win32
make[2]: Nothing to be done for 'install-exec-am'.
make[2]: Nothing to be done for 'install-data-am'.
 ./install-sh -c -d '/tmp/pkg/libnet/usr/bin'
 ./install-sh -c -d '/tmp/pkg/libnet/usr/share/doc/libnet'
 ./install-sh -c -d '/tmp/pkg/libnet/usr/lib/pkgconfig'
 /usr/bin/install -c libnet-config '/tmp/pkg/libnet/usr/bin'
 /usr/bin/install -c -m 644 README.md ChangeLog.md LICENSE '/tmp/pkg/libnet/usr/share/doc/libnet'
 /usr/bin/install -c -m 644 libnet.pc '/tmp/pkg/libnet/usr/lib/pkgconfig'
>>> libnet-static*: Running split function static...
'usr/lib/libnet.a' -> '/tmp/pkg/libnet-static/usr/lib/libnet.a'
>>> libnet-static*: Preparing subpackage libnet-static...
>>> libnet-static*: Stripping binaries
>>> libnet-static*: Running postcheck for libnet-static
>>> libnet-dev*: Running split function dev...
'usr/include' -> '/tmp/pkg/libnet-dev/usr/include'
'usr/lib/pkgconfig' -> '/tmp/pkg/libnet-dev/usr/lib/pkgconfig'
'usr/bin/libnet-config' -> '/tmp/pkg/libnet-dev/usr/bin/libnet-config'
'usr/lib/libnet.so' -> '/tmp/pkg/libnet-dev/usr/lib/libnet.so'
>>> libnet-dev*: Preparing subpackage libnet-dev...
>>> libnet-dev*: Stripping binaries
>>> libnet-dev*: Running postcheck for libnet-dev
>>> libnet-doc*: Running split function doc...
'usr/share/doc' -> '/tmp/pkg/libnet-doc/usr/share/doc'
>>> libnet-doc*: Preparing subpackage libnet-doc...
>>> libnet-doc*: Running postcheck for libnet-doc
>>> libnet*: Running postcheck for libnet
>>> libnet*: Preparing package libnet...
>>> libnet*: Stripping binaries
>>> libnet-dev*: Scanning shared objects
>>> libnet-doc*: Scanning shared objects
>>> libnet-static*: Scanning shared objects
>>> libnet*: Scanning shared objects
>>> libnet-dev*: Tracing dependencies...
	libnet=1.3-r0
	pkgconfig
>>> libnet-dev*: Package size: 209.2 KB
>>> libnet-dev*: Compressing data...
>>> libnet-dev*: Create checksum...
>>> libnet-dev*: Create libnet-dev-1.3-r0.apk
>>> libnet-doc*: Tracing dependencies...
>>> libnet-doc*: Package size: 32.2 KB
>>> libnet-doc*: Compressing data...
>>> libnet-doc*: Create checksum...
>>> libnet-doc*: Create libnet-doc-1.3-r0.apk
>>> libnet-static*: Tracing dependencies...
>>> libnet-static*: Package size: 230.1 KB
>>> libnet-static*: Compressing data...
>>> libnet-static*: Create checksum...
>>> libnet-static*: Create libnet-static-1.3-r0.apk
>>> libnet*: Tracing dependencies...
	so:libc.musl-x86_64.so.1
>>> libnet*: Package size: 93.6 KB
>>> libnet*: Compressing data...
>>> libnet*: Create checksum...
>>> libnet*: Create libnet-1.3-r0.apk
>>> libnet: Updating the main/x86_64 repository index...
>>> libnet: Signing the index...
>>> libnet: Cleaning up srcdir
>>> libnet: Cleaning up build chroot
>>> libnet: Cleaning up pkgdir
