>>> ngrep: Validating /home/packager/oily-pine/main/ngrep/APKBUILD...
>>> ngrep: Cleaning up srcdir
>>> ngrep: Cleaning up pkgdir
>>> ngrep: Cleaning up tmpdir
>>> ngrep: Fetching ngrep-1.47.tar.gz::https://github.com/jpr5/ngrep/archive/V1_47.tar.gz
  % Total    % Received % Xferd  Average Speed   Time    Time     Time  Current
                                 Dload  Upload   Total   Spent    Left  Speed
  0     0    0     0    0     0      0      0 --:--:-- --:--:-- --:--:--     0  0     0    0     0    0     0      0      0 --:--:-- --:--:-- --:--:--     0
100  182k    0  182k    0     0   218k      0 --:--:-- --:--:-- --:--:--  218k
>>> ngrep: Fetching ngrep-1.47.tar.gz::https://github.com/jpr5/ngrep/archive/V1_47.tar.gz
>>> ngrep: Checking sha512sums...
ngrep-1.47.tar.gz: OK
inc.patch: OK
>>> ngrep: Preparing build chroot...
fetch http://dl-cdn.alpinelinux.org/alpine/edge/main/x86_64/APKINDEX.tar.gz
(1/83) Installing musl (1.2.5-r10)
(2/83) Installing libcrypto3 (3.5.0-r0)
(3/83) Installing ca-certificates-bundle (20241121-r2)
(4/83) Installing libssl3 (3.5.0-r0)
(5/83) Installing zlib (1.3.1-r2)
(6/83) Installing libapk2 (2.14.9-r2)
(7/83) Installing apk-tools (2.14.9-r2)
(8/83) Installing libcap2 (2.76-r0)
(9/83) Installing libcap-getcap (2.76-r0)
(10/83) Installing fakeroot (1.37.1.1-r0)
(11/83) Installing scanelf (1.3.8-r1)
(12/83) Installing musl-utils (1.2.5-r10)
(13/83) Installing libgcc (14.3.0-r1)
(14/83) Installing libstdc++ (14.3.0-r1)
(15/83) Installing lzip (1.25-r0)
(16/83) Installing openssl (3.5.0-r0)
(17/83) Installing patch (2.8-r0)
(18/83) Installing pkgconf (2.4.3-r0)
(19/83) Installing acl-libs (2.3.2-r1)
(20/83) Installing tar (1.35-r3)
(21/83) Installing busybox (1.37.0-r18)
Executing busybox-1.37.0-r18.post-install
(22/83) Installing ssl_client (1.37.0-r18)
(23/83) Installing busybox-binsh (1.37.0-r18)
(24/83) Installing abuild (3.15.0-r0)
Executing abuild-3.15.0-r0.pre-install
(25/83) Installing abuild-sudo (3.15.0-r0)
(26/83) Installing alpine-baselayout-data (3.7.0-r0)
(27/83) Installing alpine-baselayout (3.7.0-r0)
Executing alpine-baselayout-3.7.0-r0.pre-install
Executing alpine-baselayout-3.7.0-r0.post-install
(28/83) Installing bridge (1.5-r5)
(29/83) Installing ifupdown-ng (0.12.1-r7)
(30/83) Installing openrc-user (0.62.2-r2)
(31/83) Installing openrc (0.62.2-r2)
Executing openrc-0.62.2-r2.post-install
(32/83) Installing mdev-conf (4.8-r0)
(33/83) Installing busybox-mdev-openrc (1.37.0-r18)
(34/83) Installing alpine-conf (3.20.0-r0)
(35/83) Installing alpine-keys (2.5-r0)
(36/83) Installing alpine-release (3.22.0-r0)
(37/83) Installing busybox-openrc (1.37.0-r18)
(38/83) Installing busybox-suid (1.37.0-r18)
(39/83) Installing alpine-base (3.22.0-r0)
(40/83) Installing m4 (1.4.20-r0)
(41/83) Installing libbz2 (1.0.8-r6)
(42/83) Installing perl (5.40.2-r0)
(43/83) Installing autoconf (2.72-r1)
(44/83) Installing automake (1.18-r0)
(45/83) Installing jansson (2.14.1-r0)
(46/83) Installing zstd-libs (1.5.7-r0)
(47/83) Installing binutils (2.44-r0)
(48/83) Installing libmagic (5.46-r2)
(49/83) Installing file (5.46-r2)
(50/83) Installing libgomp (14.3.0-r1)
(51/83) Installing libatomic (14.3.0-r1)
(52/83) Installing gmp (6.3.0-r3)
(53/83) Installing isl26 (0.26-r1)
(54/83) Installing mpfr4 (4.2.1_p1-r0)
(55/83) Installing mpc1 (1.3.1-r1)
(56/83) Installing gcc (14.3.0-r1)
(57/83) Installing libstdc++-dev (14.3.0-r1)
(58/83) Installing musl-dev (1.2.5-r10)
(59/83) Installing g++ (14.3.0-r1)
(60/83) Installing make (4.4.1-r3)
(61/83) Installing fortify-headers (1.1-r5)
(62/83) Installing build-base (0.5-r3)
(63/83) Installing brotli-libs (1.1.0-r2)
(64/83) Installing c-ares (1.34.5-r0)
(65/83) Installing libunistring (1.3-r0)
(66/83) Installing libidn2 (2.3.7-r0)
(67/83) Installing nghttp2-libs (1.65.0-r0)
(68/83) Installing libpsl (0.21.5-r3)
(69/83) Installing libcurl (8.14.0-r2)
(70/83) Installing libexpat (2.7.1-r0)
(71/83) Installing pcre2 (10.43-r1)
(72/83) Installing git (2.49.0-r0)
(73/83) Installing git-init-template (2.49.0-r0)
(74/83) Installing perl-error (0.17030-r0)
(75/83) Installing perl-git (2.49.0-r0)
(76/83) Installing git-perl (2.49.0-r0)
(77/83) Installing libpcap (1.10.5-r1)
(78/83) Installing libpcap-dev (1.10.5-r1)
(79/83) Installing libpcre16 (8.45-r4)
(80/83) Installing libpcre32 (8.45-r4)
(81/83) Installing pcre (8.45-r4)
(82/83) Installing libpcrecpp (8.45-r4)
(83/83) Installing pcre-dev (8.45-r4)
Executing busybox-1.37.0-r18.trigger
OK: 301 MiB in 83 packages
>>> ngrep: Fetching ngrep-1.47.tar.gz::https://github.com/jpr5/ngrep/archive/V1_47.tar.gz
>>> ngrep: Checking sha512sums...
ngrep-1.47.tar.gz: OK
inc.patch: OK
>>> ngrep: Unpacking /var/cache/distfiles/ngrep-1.47.tar.gz...
>>> ngrep: inc.patch
patching file Makefile.in
>>> ngrep: Updating ./config.sub
autoreconf: export WARNINGS=
autoreconf: warning: autoconf input should be named 'configure.ac', not 'configure.in'
autoreconf: Entering directory '.'
autoreconf: configure.in: not using Gettext
autoreconf: running: aclocal --force 
aclocal: warning: autoconf input should be named 'configure.ac', not 'configure.in'
autoreconf: configure.in: tracing
autoreconf: configure.in: not using Libtool
autoreconf: configure.in: not using Intltool
autoreconf: configure.in: not using Gtkdoc
autoreconf: running: /usr/bin/autoconf --force
configure.in:14: warning: The macro 'AC_CANONICAL_SYSTEM' is obsolete.
configure.in:14: You should run autoupdate.
./lib/autoconf/general.m4:2081: AC_CANONICAL_SYSTEM is expanded from...
configure.in:14: the top level
configure.in:16: warning: The macro 'AC_HEADER_STDC' is obsolete.
configure.in:16: You should run autoupdate.
./lib/autoconf/headers.m4:663: AC_HEADER_STDC is expanded from...
configure.in:16: the top level
autoreconf: running: /usr/bin/autoheader --force
autoheader: warning: autoconf input should be named 'configure.ac', not 'configure.in'
autoreconf: configure.in: not using Automake
autoreconf: './config.sub' is updated
autoreconf: './config.guess' is updated
autoreconf: Leaving directory '.'

Configuring System ...

checking build system type... x86_64-alpine-linux-musl
checking host system type... x86_64-alpine-linux-musl
checking target system type... x86_64-alpine-linux-musl
checking for x86_64-alpine-linux-musl-gcc... cc
checking whether the C compiler works... yes
checking for C compiler default output file name... a.out
checking for suffix of executables... 
checking whether we are cross compiling... no
checking for suffix of object files... o
checking whether the compiler supports GNU C... yes
checking whether cc accepts -g... yes
checking for cc option to enable C11 features... none needed
checking for stdio.h... yes
checking for stdlib.h... yes
checking for string.h... yes
checking for inttypes.h... yes
checking for stdint.h... yes
checking for strings.h... yes
checking for sys/stat.h... yes
checking for sys/types.h... yes
checking for unistd.h... yes
checking for grep that handles long lines and -e... /bin/grep
checking for egrep... /bin/grep -E

Configuring GNU Regular Expression library ...

creating cache ./config.cache
checking host system type... x86_64-pc-linux-musl
checking target system type... x86_64-pc-linux-musl
checking build system type... x86_64-pc-linux-musl
checking for gcc... cc
checking whether the C compiler (cc -Os -fstack-clash-protection -Wformat -Werror=format-security -fno-plt -g -DSTDC_HEADERS -Wl,--as-needed,-O1,--sort-common -Wl,-z,pack-relative-relocs) works... no
configure: error: installation or configuration problem: C compiler cannot create executables.

Configuring Network Grep ...

checking for a complete set of pcap headers... checking how to run the C preprocessor... cc -E
checking for egrep -e... (cached) /bin/grep -E
found /usr/include/pcap
checking for pcap_open_live in -lpcap... yes
checking for BPF include path... pcap/bpf.h
checking for DLT_LINUX_SLL in pcap/bpf.h... yes
checking for DLT_LOOP in pcap/bpf.h... yes
checking for DLT_IEEE802_11 in pcap/bpf.h... yes
checking for DLT_IEEE802_11_RADIO in pcap/bpf.h... yes
checking for DLT_RAW in pcap/bpf.h... yes
checking for DLT_PFLOG in pcap/bpf.h... yes
checking for DLT_IPNET in pcap/bpf.h... yes

CONFIG: IPv6 support enabled
CONFIG: privilege dropping enabled (using nobody)
CONFIG: using GNU regex library
CONFIG: tcpkill feature disabled
CONFIG: automatically including VLAN frames

configure: creating ./config.status
config.status: creating Makefile
config.status: creating config.h
make  -j16 --jobserver-auth=fifo:/tmp/GMfifo732 -C regex-0.12 regex.o
cc -DHAVE_CONFIG_H -DLINUX  -D_BSD_SOURCE=1 -D__FAVOR_BSD=1  -Iregex-0.12 -I/usr/include/pcap -Os -fstack-clash-protection -Wformat -Werror=format-security -fno-plt -g -DSTDC_HEADERS -I/tmp/src/ngrep-1_47 -g -c ngrep.c
make[1]: Entering directory '/tmp/src/ngrep-1_47/regex-0.12'
make[1]: warning: -j16 forced in submake: resetting jobserver mode.
cc -Iregex-0.12 -I/usr/include/pcap -Os -fstack-clash-protection -Wformat -Werror=format-security -fno-plt -g -DSTDC_HEADERS -I/tmp/src/ngrep-1_47   -c -o regex.o regex.c
ngrep.c: In function 'setup_pcap_source':
ngrep.c:449:13: warning: 'pcap_lookupdev' is deprecated: use 'pcap_findalldevs' and use the first device [-Wdeprecated-declarations]
  449 |             pcap_lookupdev(pc_err);
      |             ^~~~~~~~~~~~~~
In file included from ngrep.c:83:
/usr/include/pcap/pcap.h:444:18: note: declared here
  444 | PCAP_API char   *pcap_lookupdev(char *);
      |                  ^~~~~~~~~~~~~~
make[1]: Leaving directory '/tmp/src/ngrep-1_47/regex-0.12'
cc -s -o ngrep ngrep.o  regex-0.12/regex.o -Wl,--as-needed,-O1,--sort-common -Wl,-z,pack-relative-relocs -lpcap  
>>> ngrep: Entering fakeroot...
./install-sh -c -m 0755 ngrep  /tmp/pkg/ngrep//usr/bin/ngrep
./install-sh -c -m 0644 ngrep.8 /tmp/pkg/ngrep//usr/share/man/man8/ngrep.8
>>> ngrep-dbg*: Running split function dbg...
>>> ngrep-dbg*: Preparing subpackage ngrep-dbg...
>>> ngrep-dbg*: Stripping binaries
>>> ngrep-dbg*: Running postcheck for ngrep-dbg
>>> ngrep-doc*: Running split function doc...
'usr/share/man' -> '/tmp/pkg/ngrep-doc/usr/share/man'
'usr/share/licenses' -> '/tmp/pkg/ngrep-doc/usr/share/licenses'
>>> ngrep-doc*: Preparing subpackage ngrep-doc...
>>> ngrep-doc*: Running postcheck for ngrep-doc
>>> ngrep*: Running postcheck for ngrep
>>> ngrep*: Preparing package ngrep...
>>> ngrep*: Stripping binaries
>>> ngrep-dbg*: Scanning shared objects
>>> ngrep-doc*: Scanning shared objects
>>> ngrep*: Scanning shared objects
>>> ngrep-dbg*: Tracing dependencies...
	!ngrep<1.47-r4
	!ngrep>1.47-r4
>>> ngrep-dbg*: Package size: 2.8 KB
>>> ngrep-dbg*: Compressing data...
>>> ngrep-dbg*: Create checksum...
>>> ngrep-dbg*: Create ngrep-dbg-1.47-r4.apk
>>> ngrep-doc*: Tracing dependencies...
>>> ngrep-doc*: Package size: 9.1 KB
>>> ngrep-doc*: Compressing data...
>>> ngrep-doc*: Create checksum...
>>> ngrep-doc*: Create ngrep-doc-1.47-r4.apk
>>> ngrep*: Tracing dependencies...
	so:libc.musl-x86_64.so.1
	so:libpcap.so.1
>>> ngrep*: Package size: 49.9 KB
>>> ngrep*: Compressing data...
>>> ngrep*: Create checksum...
>>> ngrep*: Create ngrep-1.47-r4.apk
>>> ngrep: Updating the main/x86_64 repository index...
>>> ngrep: Signing the index...
>>> ngrep: Cleaning up srcdir
>>> ngrep: Cleaning up build chroot
>>> ngrep: Cleaning up pkgdir
