>>> libxrandr: Validating /home/packager/oily-pine/main/libxrandr/APKBUILD...
>>> libxrandr: Cleaning up srcdir
>>> libxrandr: Cleaning up pkgdir
>>> libxrandr: Cleaning up tmpdir
>>> libxrandr: Fetching https://www.x.org/releases/individual/lib/libXrandr-1.5.4.tar.xz
  % Total    % Received % Xferd  Average Speed   Time    Time     Time  Current
                                 Dload  Upload   Total   Spent    Left  Speed
  0     0    0     0    0     0      0      0 --:--:-- --:--:-- --:--:--     0  2  276k    2  7967    0     0  11292      0  0:00:25 --:--:--  0:00:25 11284100  276k  100  276k    0     0   177k      0  0:00:01  0:00:01 --:--:--  177k
>>> libxrandr: Fetching https://www.x.org/releases/individual/lib/libXrandr-1.5.4.tar.xz
>>> libxrandr: Checking sha512sums...
libXrandr-1.5.4.tar.xz: OK
>>> libxrandr: Preparing build chroot...
fetch http://dl-cdn.alpinelinux.org/alpine/edge/main/x86_64/APKINDEX.tar.gz
(1/101) Installing musl (1.2.5-r10)
(2/101) Installing libcrypto3 (3.5.0-r0)
(3/101) Installing ca-certificates-bundle (20241121-r2)
(4/101) Installing libssl3 (3.5.0-r0)
(5/101) Installing zlib (1.3.1-r2)
(6/101) Installing libapk2 (2.14.9-r2)
(7/101) Installing apk-tools (2.14.9-r2)
(8/101) Installing libcap2 (2.76-r0)
(9/101) Installing libcap-getcap (2.76-r0)
(10/101) Installing fakeroot (1.37.1.1-r0)
(11/101) Installing scanelf (1.3.8-r1)
(12/101) Installing musl-utils (1.2.5-r10)
(13/101) Installing libgcc (14.3.0-r0)
(14/101) Installing libstdc++ (14.3.0-r0)
(15/101) Installing lzip (1.25-r0)
(16/101) Installing openssl (3.5.0-r0)
(17/101) Installing patch (2.8-r0)
(18/101) Installing pkgconf (2.4.3-r0)
(19/101) Installing acl-libs (2.3.2-r1)
(20/101) Installing tar (1.35-r3)
(21/101) Installing busybox (1.37.0-r18)
Executing busybox-1.37.0-r18.post-install
(22/101) Installing ssl_client (1.37.0-r18)
(23/101) Installing busybox-binsh (1.37.0-r18)
(24/101) Installing abuild (3.15.0-r0)
Executing abuild-3.15.0-r0.pre-install
(25/101) Installing abuild-sudo (3.15.0-r0)
(26/101) Installing alpine-baselayout-data (3.7.0-r0)
(27/101) Installing alpine-baselayout (3.7.0-r0)
Executing alpine-baselayout-3.7.0-r0.pre-install
Executing alpine-baselayout-3.7.0-r0.post-install
(28/101) Installing bridge (1.5-r5)
(29/101) Installing ifupdown-ng (0.12.1-r7)
(30/101) Installing openrc-user (0.62.2-r2)
(31/101) Installing openrc (0.62.2-r2)
Executing openrc-0.62.2-r2.post-install
(32/101) Installing mdev-conf (4.8-r0)
(33/101) Installing busybox-mdev-openrc (1.37.0-r18)
(34/101) Installing alpine-conf (3.20.0-r0)
(35/101) Installing alpine-keys (2.5-r0)
(36/101) Installing alpine-release (3.22.0-r0)
(37/101) Installing busybox-openrc (1.37.0-r18)
(38/101) Installing busybox-suid (1.37.0-r18)
(39/101) Installing alpine-base (3.22.0-r0)
(40/101) Installing jansson (2.14.1-r0)
(41/101) Installing zstd-libs (1.5.7-r0)
(42/101) Installing binutils (2.44-r0)
(43/101) Installing libmagic (5.46-r2)
(44/101) Installing file (5.46-r2)
(45/101) Installing libgomp (14.3.0-r0)
(46/101) Installing libatomic (14.3.0-r0)
(47/101) Installing gmp (6.3.0-r3)
(48/101) Installing isl26 (0.26-r1)
(49/101) Installing mpfr4 (4.2.1_p1-r0)
(50/101) Installing mpc1 (1.3.1-r1)
(51/101) Installing gcc (14.3.0-r0)
(52/101) Installing libstdc++-dev (14.3.0-r0)
(53/101) Installing musl-dev (1.2.5-r10)
(54/101) Installing g++ (14.3.0-r0)
(55/101) Installing make (4.4.1-r3)
(56/101) Installing fortify-headers (1.1-r5)
(57/101) Installing build-base (0.5-r3)
(58/101) Installing brotli-libs (1.1.0-r2)
(59/101) Installing c-ares (1.34.5-r0)
(60/101) Installing libunistring (1.3-r0)
(61/101) Installing libidn2 (2.3.7-r0)
(62/101) Installing nghttp2-libs (1.65.0-r0)
(63/101) Installing libpsl (0.21.5-r3)
(64/101) Installing libcurl (8.14.0-r2)
(65/101) Installing libexpat (2.7.1-r0)
(66/101) Installing pcre2 (10.43-r1)
(67/101) Installing git (2.49.0-r0)
(68/101) Installing git-init-template (2.49.0-r0)
(69/101) Installing libxau (1.0.12-r0)
(70/101) Installing xorgproto (2024.1-r0)
(71/101) Installing libxau-dev (1.0.12-r0)
(72/101) Installing libbz2 (1.0.8-r6)
(73/101) Installing libffi (3.4.8-r0)
(74/101) Installing gdbm (1.24-r0)
(75/101) Installing xz-libs (5.8.1-r0)
(76/101) Installing mpdecimal (4.0.1-r0)
(77/101) Installing ncurses-terminfo-base (6.5_p20250503-r0)
(78/101) Installing libncursesw (6.5_p20250503-r0)
(79/101) Installing libpanelw (6.5_p20250503-r0)
(80/101) Installing readline (8.2.13-r1)
(81/101) Installing sqlite-libs (3.50.0-r0)
(82/101) Installing python3 (3.12.10-r1)
(83/101) Installing python3-pycache-pyc0 (3.12.10-r1)
(84/101) Installing pyc (3.12.10-r1)
(85/101) Installing xcb-proto-pyc (1.17.0-r0)
(86/101) Installing python3-pyc (3.12.10-r1)
(87/101) Installing xcb-proto (1.17.0-r0)
(88/101) Installing libmd (1.1.0-r0)
(89/101) Installing libbsd (0.12.2-r0)
(90/101) Installing libxdmcp (1.1.5-r1)
(91/101) Installing libxcb (1.17.0-r0)
(92/101) Installing libxdmcp-dev (1.1.5-r1)
(93/101) Installing libxcb-dev (1.17.0-r0)
(94/101) Installing xtrans (1.5.2-r0)
(95/101) Installing libx11 (1.8.11-r0)
(96/101) Installing libx11-dev (1.8.11-r0)
(97/101) Installing libxext (1.3.6-r2)
(98/101) Installing libxext-dev (1.3.6-r2)
(99/101) Installing libxrender (0.9.12-r0)
(100/101) Installing libxrender-dev (0.9.12-r0)
(101/101) Installing util-macros (1.20.1-r0)
Executing busybox-1.37.0-r18.trigger
OK: 305 MiB in 101 packages
>>> libxrandr: Fetching https://www.x.org/releases/individual/lib/libXrandr-1.5.4.tar.xz
>>> libxrandr: Checking sha512sums...
libXrandr-1.5.4.tar.xz: OK
>>> libxrandr: Unpacking /var/cache/distfiles/libXrandr-1.5.4.tar.xz...
checking for a BSD-compatible install... /usr/bin/install -c
checking whether build environment is sane... yes
checking for a race-free mkdir -p... ./install-sh -c -d
checking for gawk... no
checking for mawk... no
checking for nawk... no
checking for awk... awk
checking whether make sets $(MAKE)... yes
checking whether make supports nested variables... yes
checking build system type... x86_64-alpine-linux-musl
checking host system type... x86_64-alpine-linux-musl
checking how to print strings... printf
checking whether make supports the include directive... yes (GNU style)
checking for x86_64-alpine-linux-musl-gcc... cc
checking whether the C compiler works... yes
checking for C compiler default output file name... a.out
checking for suffix of executables... 
checking whether we are cross compiling... no
checking for suffix of object files... o
checking whether the compiler supports GNU C... yes
checking whether cc accepts -g... yes
checking for cc option to enable C11 features... none needed
checking whether cc understands -c and -o together... yes
checking dependency style of cc... gcc3
checking for a sed that does not truncate output... /bin/sed
checking for grep that handles long lines and -e... /bin/grep
checking for egrep... /bin/grep -E
checking for fgrep... /bin/grep -F
checking for ld used by cc... /usr/x86_64-alpine-linux-musl/bin/ld
checking if the linker (/usr/x86_64-alpine-linux-musl/bin/ld) is GNU ld... yes
checking for BSD- or MS-compatible name lister (nm)... /usr/bin/nm -B
checking the name lister (/usr/bin/nm -B) interface... BSD nm
checking whether ln -s works... yes
checking the maximum length of command line arguments... 98304
checking how to convert x86_64-alpine-linux-musl file names to x86_64-alpine-linux-musl format... func_convert_file_noop
checking how to convert x86_64-alpine-linux-musl file names to toolchain format... func_convert_file_noop
checking for /usr/x86_64-alpine-linux-musl/bin/ld option to reload object files... -r
checking for x86_64-alpine-linux-musl-file... no
checking for file... file
checking for x86_64-alpine-linux-musl-objdump... no
checking for objdump... objdump
checking how to recognize dependent libraries... pass_all
checking for x86_64-alpine-linux-musl-dlltool... no
checking for dlltool... no
checking how to associate runtime and link libraries... printf %s\n
checking for x86_64-alpine-linux-musl-ar... no
checking for ar... ar
checking for archiver @FILE support... @
checking for x86_64-alpine-linux-musl-strip... no
checking for strip... strip
checking for x86_64-alpine-linux-musl-ranlib... no
checking for ranlib... ranlib
checking command to parse /usr/bin/nm -B output from cc object... ok
checking for sysroot... no
checking for a working dd... /bin/dd
checking how to truncate binary pipes... /bin/dd bs=4096 count=1
checking for x86_64-alpine-linux-musl-mt... no
checking for mt... no
checking if : is a manifest tool... no
checking for stdio.h... yes
checking for stdlib.h... yes
checking for string.h... yes
checking for inttypes.h... yes
checking for stdint.h... yes
checking for strings.h... yes
checking for sys/stat.h... yes
checking for sys/types.h... yes
checking for unistd.h... yes
checking for dlfcn.h... yes
checking for objdir... .libs
checking if cc supports -fno-rtti -fno-exceptions... no
checking for cc option to produce PIC... -fPIC -DPIC
checking if cc PIC flag -fPIC -DPIC works... yes
checking if cc static flag -static works... yes
checking if cc supports -c -o file.o... yes
checking if cc supports -c -o file.o... (cached) yes
checking whether the cc linker (/usr/x86_64-alpine-linux-musl/bin/ld -m elf_x86_64) supports shared libraries... yes
checking whether -lc should be explicitly linked in... no
checking dynamic linker characteristics... GNU/Linux ld.so
checking how to hardcode library paths into programs... immediate
checking whether stripping libraries is possible... yes
checking if libtool supports shared libraries... yes
checking whether to build shared libraries... yes
checking whether to build static libraries... no
checking for cc options needed to detect all undeclared functions... none needed
checking whether __clang__ is declared... no
checking whether __INTEL_COMPILER is declared... no
checking whether __SUNPRO_C is declared... no
checking for x86_64-alpine-linux-musl-pkg-config... no
checking for pkg-config... /usr/bin/pkg-config
checking pkg-config is at least version 0.9.0... yes
checking if cc supports -Werror=unknown-warning-option... no
checking if cc supports -Werror=unused-command-line-argument... no
checking if cc supports -Wall... yes
checking if cc supports -Wpointer-arith... yes
checking if cc supports -Wmissing-declarations... yes
checking if cc supports -Wformat=2... yes
checking if cc supports -Wstrict-prototypes... yes
checking if cc supports -Wmissing-prototypes... yes
checking if cc supports -Wnested-externs... yes
checking if cc supports -Wbad-function-cast... yes
checking if cc supports -Wold-style-definition... yes
checking if cc supports -Wdeclaration-after-statement... yes
checking if cc supports -Wunused... yes
checking if cc supports -Wuninitialized... yes
checking if cc supports -Wshadow... yes
checking if cc supports -Wmissing-noreturn... yes
checking if cc supports -Wmissing-format-attribute... yes
checking if cc supports -Wredundant-decls... yes
checking if cc supports -Wlogical-op... yes
checking if cc supports -Werror=implicit... yes
checking if cc supports -Werror=nonnull... yes
checking if cc supports -Werror=init-self... yes
checking if cc supports -Werror=main... yes
checking if cc supports -Werror=missing-braces... yes
checking if cc supports -Werror=sequence-point... yes
checking if cc supports -Werror=return-type... yes
checking if cc supports -Werror=trigraphs... yes
checking if cc supports -Werror=array-bounds... yes
checking if cc supports -Werror=write-strings... yes
checking if cc supports -Werror=address... yes
checking if cc supports -Werror=int-to-pointer-cast... yes
checking if cc supports -Werror=pointer-to-int-cast... yes
checking if cc supports -pedantic... yes
checking if cc supports -Werror... yes
checking if cc supports -Werror=attributes... yes
checking whether make supports nested variables... (cached) yes
checking whether malloc(0) returns NULL... no
checking for RANDR... yes
checking that generated files are newer than configure... done
configure: creating ./config.status
config.status: creating Makefile
config.status: creating src/Makefile
config.status: creating man/Makefile
config.status: creating xrandr.pc
config.status: creating config.h
config.status: executing depfiles commands
config.status: executing libtool commands
make  all-recursive
make[1]: Entering directory '/tmp/src/libXrandr-1.5.4'
Making all in src
make[2]: Entering directory '/tmp/src/libXrandr-1.5.4/src'
  CC       Xrandr.lo
  CC       XrrConfig.lo
  CC       XrrCrtc.lo
  CC       XrrMode.lo
  CC       XrrOutput.lo
  CC       XrrProperty.lo
  CC       XrrScreen.lo
  CC       XrrProvider.lo
  CC       XrrProviderProperty.lo
  CC       XrrMonitor.lo
  CCLD     libXrandr.la
make[2]: Leaving directory '/tmp/src/libXrandr-1.5.4/src'
Making all in man
make[2]: Entering directory '/tmp/src/libXrandr-1.5.4/man'
  GEN      Xrandr.3
  GEN      XRRQueryExtension.3
  GEN      XRRQueryVersion.3
  GEN      XRRGetScreenInfo.3
  GEN      XRRFreeScreenConfigInfo.3
  GEN      XRRSetScreenConfig.3
  GEN      XRRSetScreenConfigAndRate.3
  GEN      XRRConfigRotations.3
  GEN      XRRConfigTimes.3
  GEN      XRRConfigSizes.3
  GEN      XRRConfigRates.3
  GEN      XRRConfigCurrentConfiguration.3
  GEN      XRRConfigCurrentRate.3
  GEN      XRRRootToScreen.3
  GEN      XRRSelectInput.3
make[2]: Leaving directory '/tmp/src/libXrandr-1.5.4/man'
make[2]: Entering directory '/tmp/src/libXrandr-1.5.4'
make[2]: Leaving directory '/tmp/src/libXrandr-1.5.4'
make[1]: Leaving directory '/tmp/src/libXrandr-1.5.4'
>>> libxrandr: Entering fakeroot...
Making install in src
make[1]: Entering directory '/tmp/src/libXrandr-1.5.4/src'
make[2]: Entering directory '/tmp/src/libXrandr-1.5.4/src'
 .././install-sh -c -d '/tmp/pkg/libxrandr/usr/include/X11/extensions'
 .././install-sh -c -d '/tmp/pkg/libxrandr/usr/lib'
 /bin/sh ../libtool   --mode=install /usr/bin/install -c   libXrandr.la '/tmp/pkg/libxrandr/usr/lib'
 /usr/bin/install -c -m 644 ../include/X11/extensions/Xrandr.h '/tmp/pkg/libxrandr/usr/include/X11/extensions'
libtool: install: /usr/bin/install -c .libs/libXrandr.so.2.2.0 /tmp/pkg/libxrandr/usr/lib/libXrandr.so.2.2.0
libtool: install: (cd /tmp/pkg/libxrandr/usr/lib && { ln -s -f libXrandr.so.2.2.0 libXrandr.so.2 || { rm -f libXrandr.so.2 && ln -s libXrandr.so.2.2.0 libXrandr.so.2; }; })
libtool: install: (cd /tmp/pkg/libxrandr/usr/lib && { ln -s -f libXrandr.so.2.2.0 libXrandr.so || { rm -f libXrandr.so && ln -s libXrandr.so.2.2.0 libXrandr.so; }; })
libtool: install: /usr/bin/install -c .libs/libXrandr.lai /tmp/pkg/libxrandr/usr/lib/libXrandr.la
libtool: warning: remember to run 'libtool --finish /usr/lib'
make[2]: Leaving directory '/tmp/src/libXrandr-1.5.4/src'
make[1]: Leaving directory '/tmp/src/libXrandr-1.5.4/src'
Making install in man
make[1]: Entering directory '/tmp/src/libXrandr-1.5.4/man'
make[2]: Entering directory '/tmp/src/libXrandr-1.5.4/man'
make[2]: Nothing to be done for 'install-exec-am'.
 .././install-sh -c -d '/tmp/pkg/libxrandr/usr/share/man/man3'
 /usr/bin/install -c -m 644 Xrandr.3 XRRQueryExtension.3 XRRQueryVersion.3 XRRGetScreenInfo.3 XRRFreeScreenConfigInfo.3 XRRSetScreenConfig.3 XRRSetScreenConfigAndRate.3 XRRConfigRotations.3 XRRConfigTimes.3 XRRConfigSizes.3 XRRConfigRates.3 XRRConfigCurrentConfiguration.3 XRRConfigCurrentRate.3 XRRRootToScreen.3 XRRSelectInput.3 '/tmp/pkg/libxrandr/usr/share/man/man3'
make[2]: Leaving directory '/tmp/src/libXrandr-1.5.4/man'
make[1]: Leaving directory '/tmp/src/libXrandr-1.5.4/man'
make[1]: Entering directory '/tmp/src/libXrandr-1.5.4'
make[2]: Entering directory '/tmp/src/libXrandr-1.5.4'
make[2]: Nothing to be done for 'install-exec-am'.
 ./install-sh -c -d '/tmp/pkg/libxrandr/usr/lib/pkgconfig'
 /usr/bin/install -c -m 644 xrandr.pc '/tmp/pkg/libxrandr/usr/lib/pkgconfig'
make[2]: Leaving directory '/tmp/src/libXrandr-1.5.4'
make[1]: Leaving directory '/tmp/src/libXrandr-1.5.4'
>>> libxrandr-dev*: Running split function dev...
'usr/include' -> '/tmp/pkg/libxrandr-dev/usr/include'
'usr/lib/pkgconfig' -> '/tmp/pkg/libxrandr-dev/usr/lib/pkgconfig'
'usr/lib/libXrandr.so' -> '/tmp/pkg/libxrandr-dev/usr/lib/libXrandr.so'
>>> libxrandr-dev*: Preparing subpackage libxrandr-dev...
>>> libxrandr-dev*: Stripping binaries
>>> libxrandr-dev*: Running postcheck for libxrandr-dev
>>> libxrandr-doc*: Running split function doc...
'usr/share/man' -> '/tmp/pkg/libxrandr-doc/usr/share/man'
'usr/share/licenses' -> '/tmp/pkg/libxrandr-doc/usr/share/licenses'
>>> libxrandr-doc*: Preparing subpackage libxrandr-doc...
>>> libxrandr-doc*: Running postcheck for libxrandr-doc
>>> libxrandr*: Running postcheck for libxrandr
>>> libxrandr*: Preparing package libxrandr...
>>> libxrandr*: Stripping binaries
>>> libxrandr-dev*: Scanning shared objects
>>> libxrandr-doc*: Scanning shared objects
>>> libxrandr*: Scanning shared objects
>>> libxrandr-dev*: Tracing dependencies...
>>> WARNING: libxrandr-dev*: libxext-dev should be removed from depends_dev
	libxext-dev
	libxrandr=1.5.4-r1
	pc:randrproto>=1.5
	pc:x11
	pc:xext
	pc:xproto
	pc:xrender
	pkgconfig
>>> libxrandr-dev*: Package size: 16.9 KB
>>> libxrandr-dev*: Compressing data...
>>> libxrandr-dev*: Create checksum...
>>> libxrandr-dev*: Create libxrandr-dev-1.5.4-r1.apk
>>> libxrandr-doc*: Tracing dependencies...
>>> libxrandr-doc*: Package size: 8.4 KB
>>> libxrandr-doc*: Compressing data...
>>> libxrandr-doc*: Create checksum...
>>> libxrandr-doc*: Create libxrandr-doc-1.5.4-r1.apk
>>> libxrandr*: Tracing dependencies...
	so:libX11.so.6
	so:libXext.so.6
	so:libXrender.so.1
	so:libc.musl-x86_64.so.1
>>> libxrandr*: Package size: 41.7 KB
>>> libxrandr*: Compressing data...
>>> libxrandr*: Create checksum...
>>> libxrandr*: Create libxrandr-1.5.4-r1.apk
>>> libxrandr: Updating the main/x86_64 repository index...
>>> libxrandr: Signing the index...
>>> libxrandr: Cleaning up srcdir
>>> libxrandr: Cleaning up build chroot
>>> libxrandr: Cleaning up pkgdir
