>>> fontconfig: Validating /home/packager/oily-pine/main/fontconfig/APKBUILD...
>>> fontconfig: Cleaning up srcdir
>>> fontconfig: Cleaning up pkgdir
>>> fontconfig: Cleaning up tmpdir
>>> fontconfig: Fetching https://www.freedesktop.org/software/fontconfig/release/fontconfig-2.15.0.tar.gz
  % Total    % Received % Xferd  Average Speed   Time    Time     Time  Current
                                 Dload  Upload   Total   Spent    Left  Speed
  0     0    0     0    0     0      0      0 --:--:-- --:--:-- --:--:--     0  0     0    0     0    0     0      0      0 --:--:-- --:--:-- --:--:--     0  7 2081k    7  156k    0     0   127k      0  0:00:16  0:00:01  0:00:15  127k100 2081k  100 2081k    0     0   996k      0  0:00:02  0:00:02 --:--:--  997k
>>> fontconfig: Fetching https://www.freedesktop.org/software/fontconfig/release/fontconfig-2.15.0.tar.gz
>>> fontconfig: Checking sha512sums...
fontconfig-2.15.0.tar.gz: OK
fix-arithmetic.patch: OK
>>> fontconfig: Preparing build chroot...
fetch http://dl-cdn.alpinelinux.org/alpine/edge/main/x86_64/APKINDEX.tar.gz
(1/129) Installing musl (1.2.5-r10)
(2/129) Installing libcrypto3 (3.5.0-r0)
(3/129) Installing ca-certificates-bundle (20241121-r2)
(4/129) Installing libssl3 (3.5.0-r0)
(5/129) Installing zlib (1.3.1-r2)
(6/129) Installing libapk2 (2.14.9-r2)
(7/129) Installing apk-tools (2.14.9-r2)
(8/129) Installing libcap2 (2.76-r0)
(9/129) Installing libcap-getcap (2.76-r0)
(10/129) Installing fakeroot (1.37.1.1-r0)
(11/129) Installing scanelf (1.3.8-r1)
(12/129) Installing musl-utils (1.2.5-r10)
(13/129) Installing libgcc (14.3.0-r0)
(14/129) Installing libstdc++ (14.3.0-r0)
(15/129) Installing lzip (1.25-r0)
(16/129) Installing openssl (3.5.0-r0)
(17/129) Installing patch (2.8-r0)
(18/129) Installing pkgconf (2.4.3-r0)
(19/129) Installing acl-libs (2.3.2-r1)
(20/129) Installing tar (1.35-r3)
(21/129) Installing busybox (1.37.0-r18)
Executing busybox-1.37.0-r18.post-install
(22/129) Installing ssl_client (1.37.0-r18)
(23/129) Installing busybox-binsh (1.37.0-r18)
(24/129) Installing abuild (3.15.0-r0)
Executing abuild-3.15.0-r0.pre-install
(25/129) Installing abuild-sudo (3.15.0-r0)
(26/129) Installing alpine-baselayout-data (3.7.0-r0)
(27/129) Installing alpine-baselayout (3.7.0-r0)
Executing alpine-baselayout-3.7.0-r0.pre-install
Executing alpine-baselayout-3.7.0-r0.post-install
(28/129) Installing bridge (1.5-r5)
(29/129) Installing ifupdown-ng (0.12.1-r7)
(30/129) Installing openrc-user (0.62.2-r2)
(31/129) Installing openrc (0.62.2-r2)
Executing openrc-0.62.2-r2.post-install
(32/129) Installing mdev-conf (4.8-r0)
(33/129) Installing busybox-mdev-openrc (1.37.0-r18)
(34/129) Installing alpine-conf (3.20.0-r0)
(35/129) Installing alpine-keys (2.5-r0)
(36/129) Installing alpine-release (3.22.0-r0)
(37/129) Installing busybox-openrc (1.37.0-r18)
(38/129) Installing busybox-suid (1.37.0-r18)
(39/129) Installing alpine-base (3.22.0-r0)
(40/129) Installing ncurses-terminfo-base (6.5_p20250503-r0)
(41/129) Installing libncursesw (6.5_p20250503-r0)
(42/129) Installing readline (8.2.13-r1)
(43/129) Installing bash (5.2.37-r0)
Executing bash-5.2.37-r0.post-install
(44/129) Installing jansson (2.14.1-r0)
(45/129) Installing zstd-libs (1.5.7-r0)
(46/129) Installing binutils (2.44-r0)
(47/129) Installing libmagic (5.46-r2)
(48/129) Installing file (5.46-r2)
(49/129) Installing libgomp (14.3.0-r0)
(50/129) Installing libatomic (14.3.0-r0)
(51/129) Installing gmp (6.3.0-r3)
(52/129) Installing isl26 (0.26-r1)
(53/129) Installing mpfr4 (4.2.1_p1-r0)
(54/129) Installing mpc1 (1.3.1-r1)
(55/129) Installing gcc (14.3.0-r0)
(56/129) Installing libstdc++-dev (14.3.0-r0)
(57/129) Installing musl-dev (1.2.5-r10)
(58/129) Installing g++ (14.3.0-r0)
(59/129) Installing make (4.4.1-r3)
(60/129) Installing fortify-headers (1.1-r5)
(61/129) Installing build-base (0.5-r3)
(62/129) Installing brotli-libs (1.1.0-r2)
(63/129) Installing c-ares (1.34.5-r0)
(64/129) Installing libunistring (1.3-r0)
(65/129) Installing libidn2 (2.3.7-r0)
(66/129) Installing nghttp2-libs (1.65.0-r0)
(67/129) Installing libpsl (0.21.5-r3)
(68/129) Installing libcurl (8.14.0-r2)
(69/129) Installing curl (8.14.0-r2)
(70/129) Installing libbz2 (1.0.8-r6)
(71/129) Installing perl (5.40.2-r0)
(72/129) Installing texinfo (7.2-r0)
(73/129) Installing libintl (0.24.1-r0)
(74/129) Installing opensp (1.5.2-r6)
(75/129) Installing openjade-libs (1.3.2-r9)
(76/129) Installing openjade (1.3.2-r9)
(77/129) Installing xz-libs (5.8.1-r0)
(78/129) Installing libxml2 (2.13.8-r0)
(79/129) Installing libxml2-utils (2.13.8-r0)
(80/129) Installing docbook-xml (4.5-r10)
Executing docbook-xml-4.5-r10.post-install
(81/129) Installing libxslt (1.1.43-r3)
(82/129) Installing docbook-xsl-ns (1.79.2-r11)
Executing docbook-xsl-ns-1.79.2-r11.post-install
(83/129) Installing docbook-xsl-nons (1.79.2-r11)
Executing docbook-xsl-nons-1.79.2-r11.post-install
(84/129) Installing docbook-xsl (1.79.2-r11)
(85/129) Installing perl-xml-sax-base (1.09-r5)
(86/129) Installing perl-xml-namespacesupport (1.12-r5)
(87/129) Installing perl-xml-sax (1.02-r3)
Executing perl-xml-sax-1.02-r3.post-install
could not find ParserDetails.ini in /usr/share/perl5/vendor_perl/XML/SAX
(88/129) Installing docbook2x (0.8.8-r10)
(89/129) Installing libexpat (2.7.1-r0)
(90/129) Installing expat (2.7.1-r0)
(91/129) Installing expat-dev (2.7.1-r0)
(92/129) Installing libpng (1.6.47-r0)
(93/129) Installing freetype (2.13.3-r0)
(94/129) Installing bzip2-dev (1.0.8-r6)
(95/129) Installing brotli (1.1.0-r2)
(96/129) Installing brotli-dev (1.1.0-r2)
(97/129) Installing zlib-dev (1.3.1-r2)
(98/129) Installing libpng-dev (1.6.47-r0)
(99/129) Installing freetype-dev (2.13.3-r0)
(100/129) Installing pcre2 (10.43-r1)
(101/129) Installing git (2.49.0-r0)
(102/129) Installing git-init-template (2.49.0-r0)
(103/129) Installing perl-error (0.17030-r0)
(104/129) Installing perl-git (2.49.0-r0)
(105/129) Installing git-perl (2.49.0-r0)
(106/129) Installing gperf (3.3-r0)
(107/129) Installing json-c (0.18-r0)
(108/129) Installing json-c-dev (0.18-r0)
(109/129) Installing libffi (3.4.8-r0)
(110/129) Installing gdbm (1.24-r0)
(111/129) Installing mpdecimal (4.0.1-r0)
(112/129) Installing libpanelw (6.5_p20250503-r0)
(113/129) Installing sqlite-libs (3.50.0-r0)
(114/129) Installing python3 (3.12.10-r1)
(115/129) Installing python3-pycache-pyc0 (3.12.10-r1)
(116/129) Installing pyc (3.12.10-r1)
(117/129) Installing python3-pyc (3.12.10-r1)
(118/129) Installing python3-dev (3.12.10-r1)
(119/129) Installing libeconf (0.6.3-r0)
(120/129) Installing libblkid (2.41-r9)
(121/129) Installing libuuid (2.41-r9)
(122/129) Installing libfdisk (2.41-r9)
(123/129) Installing liblastlog2 (2.41-r9)
(124/129) Installing libmount (2.41-r9)
(125/129) Installing libsmartcols (2.41-r9)
(126/129) Installing sqlite (3.50.0-r0)
(127/129) Installing sqlite-dev (3.50.0-r0)
(128/129) Installing util-linux-dev (2.41-r9)
(129/129) Installing uuidgen (2.41-r9)
Executing busybox-1.37.0-r18.trigger
OK: 430 MiB in 129 packages
>>> fontconfig: Fetching https://www.freedesktop.org/software/fontconfig/release/fontconfig-2.15.0.tar.gz
>>> fontconfig: Checking sha512sums...
fontconfig-2.15.0.tar.gz: OK
fix-arithmetic.patch: OK
>>> fontconfig: Unpacking /var/cache/distfiles/fontconfig-2.15.0.tar.gz...
>>> fontconfig: fix-arithmetic.patch
patching file test/run-test.sh
Hunk #1 succeeded at 394 (offset 6 lines).
>>> fontconfig: Updating ./config.sub
checking for a BSD-compatible install... /usr/bin/install -c
checking whether build environment is sane... yes
checking for a race-free mkdir -p... ./install-sh -c -d
checking for gawk... no
checking for mawk... no
checking for nawk... no
checking for awk... awk
checking whether make sets $(MAKE)... yes
checking whether make supports nested variables... yes
checking whether make supports nested variables... (cached) yes
checking for x86_64-alpine-linux-musl-gcc... cc
checking whether the C compiler works... yes
checking for C compiler default output file name... a.out
checking for suffix of executables... 
checking whether we are cross compiling... no
checking for suffix of object files... o
checking whether the compiler supports GNU C... yes
checking whether cc accepts -g... yes
checking for cc option to enable C11 features... none needed
checking whether cc understands -c and -o together... yes
checking whether make supports the include directive... yes (GNU style)
checking dependency style of cc... gcc3
checking for stdio.h... yes
checking for stdlib.h... yes
checking for string.h... yes
checking for inttypes.h... yes
checking for stdint.h... yes
checking for strings.h... yes
checking for sys/stat.h... yes
checking for sys/types.h... yes
checking for unistd.h... yes
checking for wchar.h... yes
checking for minix/config.h... no
checking for sys/param.h... yes
checking whether it is safe to define __EXTENSIONS__... yes
checking whether _XOPEN_SOURCE should be defined... no
checking for special C compiler options needed for large files... no
checking for _FILE_OFFSET_BITS value needed for large files... no
checking whether ln -s works... yes
checking whether make sets $(MAKE)... (cached) yes
checking for x86_64-alpine-linux-musl-pkg-config... no
checking for pkg-config... /usr/bin/pkg-config
checking pkg-config is at least version 0.9.0... yes
checking for a Python interpreter with version >= 3... python
checking for python... /usr/bin/python
checking for python version... 3.12
checking for python platform... linux
checking for GNU default python prefix... ${prefix}
checking for GNU default python exec_prefix... ${exec_prefix}
checking for python script directory (pythondir)... ${PYTHON_PREFIX}/lib/python3.12/site-packages
checking for python extension module directory (pyexecdir)... ${PYTHON_EXEC_PREFIX}/lib/python3.12/site-packages
checking for RM macro... rm -f
checking build system type... x86_64-alpine-linux-musl
checking host system type... x86_64-alpine-linux-musl
checking how to print strings... printf
checking for a sed that does not truncate output... /bin/sed
checking for grep that handles long lines and -e... /bin/grep
checking for egrep... /bin/grep -E
checking for fgrep... /bin/grep -F
checking for ld used by cc... /usr/x86_64-alpine-linux-musl/bin/ld
checking if the linker (/usr/x86_64-alpine-linux-musl/bin/ld) is GNU ld... yes
checking for BSD- or MS-compatible name lister (nm)... /usr/bin/nm -B
checking the name lister (/usr/bin/nm -B) interface... BSD nm
checking the maximum length of command line arguments... 98304
checking how to convert x86_64-alpine-linux-musl file names to x86_64-alpine-linux-musl format... func_convert_file_noop
checking how to convert x86_64-alpine-linux-musl file names to toolchain format... func_convert_file_noop
checking for /usr/x86_64-alpine-linux-musl/bin/ld option to reload object files... -r
checking for x86_64-alpine-linux-musl-file... no
checking for file... file
checking for x86_64-alpine-linux-musl-objdump... no
checking for objdump... objdump
checking how to recognize dependent libraries... pass_all
checking for x86_64-alpine-linux-musl-dlltool... no
checking for dlltool... no
checking how to associate runtime and link libraries... printf %s\n
checking for x86_64-alpine-linux-musl-ar... no
checking for ar... ar
checking for archiver @FILE support... @
checking for x86_64-alpine-linux-musl-strip... no
checking for strip... strip
checking for x86_64-alpine-linux-musl-ranlib... no
checking for ranlib... ranlib
checking command to parse /usr/bin/nm -B output from cc object... ok
checking for sysroot... no
checking for a working dd... /bin/dd
checking how to truncate binary pipes... /bin/dd bs=4096 count=1
checking for x86_64-alpine-linux-musl-mt... no
checking for mt... no
checking if : is a manifest tool... no
checking for dlfcn.h... yes
checking for objdir... .libs
checking if cc supports -fno-rtti -fno-exceptions... no
checking for cc option to produce PIC... -fPIC -DPIC
checking if cc PIC flag -fPIC -DPIC works... yes
checking if cc static flag -static works... yes
checking if cc supports -c -o file.o... yes
checking if cc supports -c -o file.o... (cached) yes
checking whether the cc linker (/usr/x86_64-alpine-linux-musl/bin/ld -m elf_x86_64) supports shared libraries... yes
checking whether -lc should be explicitly linked in... no
checking dynamic linker characteristics... GNU/Linux ld.so
checking how to hardcode library paths into programs... immediate
checking whether stripping libraries is possible... yes
checking if libtool supports shared libraries... yes
checking whether to build shared libraries... yes
checking whether to build static libraries... yes
checking whether NLS is requested... no
checking for msgfmt... no
checking for gmsgfmt... :
checking for xgettext... no
checking for msgmerge... no
checking for ld used by cc... /usr/x86_64-alpine-linux-musl/bin/ld -m elf_x86_64
checking if the linker (/usr/x86_64-alpine-linux-musl/bin/ld -m elf_x86_64) is GNU ld... yes
checking for shared library run path origin... done
checking how to run the C preprocessor... cc -E
checking for CFPreferencesCopyAppValue... no
checking for CFLocaleCopyCurrent... no
checking whether to use NLS... no
checking for cc options needed to detect all undeclared functions... none needed
checking whether __SUNPRO_C is declared... no
checking for dirent.h that defines DIR... yes
checking for library containing opendir... none required
checking for egrep... (cached) /bin/grep -E
checking for dirent.h... yes
checking for fcntl.h... yes
checking for stdlib.h... (cached) yes
checking for string.h... (cached) yes
checking for unistd.h... (cached) yes
checking for sys/statvfs.h... yes
checking for sys/vfs.h... yes
checking for sys/statfs.h... yes
checking for sys/param.h... (cached) yes
checking for sys/mount.h... yes
checking for stdint types... stdint.h (shortcircuit)
make use of stdint.h in src/fcstdint.h (assuming C99 compatible system)
checking for an ANSI C-conforming const... yes
checking for inline... inline
checking for flexible array members... yes
checking for pid_t... yes
checking for vprintf... yes
checking for getpagesize... yes
checking for working mmap... yes
checking for link... yes
checking for mkstemp... yes
checking for mkostemp... yes
checking for _mktemp_s... no
checking for mkdtemp... yes
checking for getopt... yes
checking for getopt_long... yes
checking for getprogname... no
checking for getexecname... no
checking for rand... yes
checking for random... yes
checking for lrand48... yes
checking for random_r... no
checking for rand_r... yes
checking for readlink... yes
checking for fstatvfs... yes
checking for fstatfs... yes
checking for lstat... yes
checking for strerror... yes
checking for strerror_r... yes
checking for posix_fadvise in fcntl.h... fcntl.h
checking for struct stat.st_mtim... yes
checking for struct statvfs.f_basetype... no
checking for struct statvfs.f_fstypename... no
checking for struct statfs.f_flags... yes
checking for struct statfs.f_fstypename... no
checking for struct dirent.d_type... yes
checking The type of len parameter of gperf hash/lookup function... size_t
checking for FREETYPE... yes
checking for FT_Get_BDF_Property... yes
checking for FT_Get_PS_Font_Info... yes
checking for FT_Has_PS_Glyph_Names... yes
checking for FT_Get_X11_Font_Format... yes
checking for FT_Done_MM_Var... yes
checking for EXPAT... yes
checking for expat.h... yes
checking for XML_SetDoctypeDeclHandler... yes
checking for JSONC... yes
checking stdatomic.h atomic primitives... true
checking for Intel atomic primitives... true
checking for Solaris atomic operations... false
checking if compiler needs -Werror to reject unknown flags... no
checking for the pthreads library -lpthreads... no
checking whether pthreads work without any flags... yes
checking for joinable pthread attribute... PTHREAD_CREATE_JOINABLE
checking if more special flags are required for pthreads... no
checking for PTHREAD_PRIO_INHERIT... yes
checking for docbook2html... no
DOCMAN3 FcAtomicCreate.3 FcAtomicLock.3 FcAtomicNewFile.3 FcAtomicOrigFile.3 FcAtomicReplaceOrig.3 FcAtomicDeleteNew.3 FcAtomicUnlock.3 FcAtomicDestroy.3 FcBlanksCreate.3 FcBlanksDestroy.3 FcBlanksAdd.3 FcBlanksIsMember.3 FcCacheDir.3 FcCacheCopySet.3 FcCacheSubdir.3 FcCacheNumSubdir.3 FcCacheNumFont.3 FcDirCacheClean.3 FcCacheCreateTagFile.3 FcDirCacheCreateUUID.3 FcDirCacheDeleteUUID.3 FcCharSetCreate.3 FcCharSetDestroy.3 FcCharSetAddChar.3 FcCharSetDelChar.3 FcCharSetCopy.3 FcCharSetEqual.3 FcCharSetIntersect.3 FcCharSetUnion.3 FcCharSetSubtract.3 FcCharSetMerge.3 FcCharSetHasChar.3 FcCharSetCount.3 FcCharSetIntersectCount.3 FcCharSetSubtractCount.3 FcCharSetIsSubset.3 FcCharSetFirstPage.3 FcCharSetNextPage.3 FcCharSetCoverage.3 FcCharSetNew.3 FcConfigCreate.3 FcConfigReference.3 FcConfigDestroy.3 FcConfigSetCurrent.3 FcConfigGetCurrent.3 FcConfigUptoDate.3 FcConfigHome.3 FcConfigEnableHome.3 FcConfigBuildFonts.3 FcConfigGetConfigDirs.3 FcConfigGetFontDirs.3 FcConfigGetConfigFiles.3 FcConfigGetCache.3 FcConfigGetCacheDirs.3 FcConfigGetFonts.3 FcConfigGetBlanks.3 FcConfigGetRescanInterval.3 FcConfigSetRescanInterval.3 FcConfigAppFontAddFile.3 FcConfigAppFontAddDir.3 FcConfigAppFontClear.3 FcConfigSubstituteWithPat.3 FcConfigSubstitute.3 FcFontMatch.3 FcFontSort.3 FcFontRenderPrepare.3 FcFontList.3 FcConfigFilename.3 FcConfigGetFilename.3 FcConfigParseAndLoad.3 FcConfigParseAndLoadFromMemory.3 FcConfigGetSysRoot.3 FcConfigSetSysRoot.3 FcConfigFileInfoIterInit.3 FcConfigFileInfoIterNext.3 FcConfigFileInfoIterGet.3 FcNameRegisterConstants.3 FcNameUnregisterConstants.3 FcNameGetConstant.3 FcNameGetConstantFor.3 FcNameConstant.3 FcDirCacheUnlink.3 FcDirCacheValid.3 FcDirCacheLoad.3 FcDirCacheRescan.3 FcDirCacheRead.3 FcDirCacheLoadFile.3 FcDirCacheUnload.3 FcFileScan.3 FcFileIsDir.3 FcDirScan.3 FcDirSave.3 FcFontSetCreate.3 FcFontSetDestroy.3 FcFontSetAdd.3 FcFontSetList.3 FcFontSetMatch.3 FcFontSetPrint.3 FcFontSetSort.3 FcFontSetSortDestroy.3 FcPatternFormat.3 FcFreeTypeCharIndex.3 FcFreeTypeCharSet.3 FcFreeTypeCharSetAndSpacing.3 FcFreeTypeQuery.3 FcFreeTypeQueryAll.3 FcFreeTypeQueryFace.3 FcInitLoadConfig.3 FcInitLoadConfigAndFonts.3 FcInit.3 FcFini.3 FcGetVersion.3 FcInitReinitialize.3 FcInitBringUptoDate.3 FcLangSetCreate.3 FcLangSetDestroy.3 FcLangSetCopy.3 FcLangSetAdd.3 FcLangSetDel.3 FcLangSetUnion.3 FcLangSetSubtract.3 FcLangSetCompare.3 FcLangSetContains.3 FcLangSetEqual.3 FcLangSetHash.3 FcLangSetHasLang.3 FcGetDefaultLangs.3 FcLangSetGetLangs.3 FcGetLangs.3 FcLangNormalize.3 FcLangGetCharSet.3 FcMatrixInit.3 FcMatrixCopy.3 FcMatrixEqual.3 FcMatrixMultiply.3 FcMatrixRotate.3 FcMatrixScale.3 FcMatrixShear.3 FcObjectSetCreate.3 FcObjectSetAdd.3 FcObjectSetDestroy.3 FcObjectSetBuild.3 FcNameRegisterObjectTypes.3 FcNameUnregisterObjectTypes.3 FcNameGetObjectType.3 FcPatternCreate.3 FcPatternDuplicate.3 FcPatternReference.3 FcPatternDestroy.3 FcPatternObjectCount.3 FcPatternEqual.3 FcPatternEqualSubset.3 FcPatternFilter.3 FcPatternHash.3 FcPatternAdd.3 FcPatternAddWeak.3 FcPatternAdd-Type.3 FcPatternGetWithBinding.3 FcPatternGet.3 FcPatternGet-Type.3 FcPatternBuild.3 FcPatternDel.3 FcPatternRemove.3 FcPatternIterStart.3 FcPatternIterNext.3 FcPatternIterEqual.3 FcPatternFindIter.3 FcPatternIterIsValid.3 FcPatternIterGetObject.3 FcPatternIterValueCount.3 FcPatternIterGetValue.3 FcPatternPrint.3 FcDefaultSubstitute.3 FcNameParse.3 FcNameUnparse.3 FcRangeCopy.3 FcRangeCreateDouble.3 FcRangeCreateInteger.3 FcRangeDestroy.3 FcRangeGetDouble.3 FcUtf8ToUcs4.3 FcUcs4ToUtf8.3 FcUtf8Len.3 FcUtf16ToUcs4.3 FcUtf16Len.3 FcIsLower.3 FcIsUpper.3 FcToLower.3 FcStrCopy.3 FcStrDowncase.3 FcStrCopyFilename.3 FcStrCmp.3 FcStrCmpIgnoreCase.3 FcStrStr.3 FcStrStrIgnoreCase.3 FcStrPlus.3 FcStrFree.3 FcStrBuildFilename.3 FcStrDirname.3 FcStrBasename.3 FcStrSetCreate.3 FcStrSetMember.3 FcStrSetEqual.3 FcStrSetAdd.3 FcStrSetAddFilename.3 FcStrSetDel.3 FcStrSetDestroy.3 FcStrListCreate.3 FcStrListFirst.3 FcStrListNext.3 FcStrListDone.3 FcValueDestroy.3 FcValueSave.3 FcValuePrint.3 FcValueEqual.3 FcWeightFromOpenTypeDouble.3 FcWeightToOpenTypeDouble.3 FcWeightFromOpenType.3 FcWeightToOpenType.3
checking whether byte ordering is bigendian... no
checking size of void *... 8
checking alignment of double... 8
checking alignment of void *... 8
checking that generated files are newer than configure... done
configure: creating ./config.status
config.status: creating Makefile
config.status: creating fontconfig/Makefile
config.status: creating fc-lang/Makefile
config.status: creating fc-case/Makefile
config.status: creating src/Makefile
config.status: creating conf.d/Makefile
config.status: creating fc-cache/Makefile
config.status: creating fc-cat/Makefile
config.status: creating fc-conflist/Makefile
config.status: creating fc-list/Makefile
config.status: creating fc-match/Makefile
config.status: creating fc-pattern/Makefile
config.status: creating fc-query/Makefile
config.status: creating fc-scan/Makefile
config.status: creating fc-validate/Makefile
config.status: creating doc/Makefile
config.status: creating doc/version.sgml
config.status: creating its/Makefile
config.status: creating po/Makefile.in
config.status: creating po-conf/Makefile.in
config.status: creating test/Makefile
config.status: creating fontconfig.pc
config.status: creating fontconfig-zip
config.status: creating config.h
config.status: executing depfiles commands
config.status: executing libtool commands
config.status: executing po-directories commands
config.status: creating po/POTFILES
config.status: creating po/Makefile
config.status: creating po-conf/POTFILES
config.status: creating po-conf/Makefile
config.status: executing src/fcstdint.h commands
config.status: creating src/fcstdint.h : _FONTCONFIG_SRC_FCSTDINT_H
make  all-recursive
make[1]: Entering directory '/tmp/src/fontconfig-2.15.0'
Making all in fontconfig
make[2]: Entering directory '/tmp/src/fontconfig-2.15.0/fontconfig'
make[2]: Nothing to be done for 'all'.
make[2]: Leaving directory '/tmp/src/fontconfig-2.15.0/fontconfig'
Making all in fc-case
make[2]: Entering directory '/tmp/src/fontconfig-2.15.0/fc-case'
  GEN      fcalias.h
  GEN      fcaliastail.h
make  all-am
make[3]: Entering directory '/tmp/src/fontconfig-2.15.0/fc-case'
make[3]: Nothing to be done for 'all-am'.
make[3]: Leaving directory '/tmp/src/fontconfig-2.15.0/fc-case'
make[2]: Leaving directory '/tmp/src/fontconfig-2.15.0/fc-case'
Making all in fc-lang
make[2]: Entering directory '/tmp/src/fontconfig-2.15.0/fc-lang'
  GEN      fcalias.h
  GEN      fcaliastail.h
  GEN      ../conf.d/35-lang-normalize.conf
make  all-am
make[3]: Entering directory '/tmp/src/fontconfig-2.15.0/fc-lang'
make[3]: Nothing to be done for 'all-am'.
make[3]: Leaving directory '/tmp/src/fontconfig-2.15.0/fc-lang'
make[2]: Leaving directory '/tmp/src/fontconfig-2.15.0/fc-lang'
Making all in src
make[2]: Entering directory '/tmp/src/fontconfig-2.15.0/src'
  GEN      fcalias.h
  GEN      fcftalias.h
  GEN      stamp-fcstdint
  GEN      stamp-fcobjshash.gperf
make[3]: Entering directory '/tmp/src/fontconfig-2.15.0/src'
  GEN      stamp-fcobjshash.gperf
make[3]: Leaving directory '/tmp/src/fontconfig-2.15.0/src'
  GEN      fcobjshash.h
config.status: executing src/fcstdint.h commands
config.status: creating src/fcstdint.h : _FONTCONFIG_SRC_FCSTDINT_H
config.status: src/fcstdint.h is unchanged
make  all-am
make[3]: Entering directory '/tmp/src/fontconfig-2.15.0/src'
  CC       fcarch.o
  CC       fcatomic.lo
  CC       fccache.lo
  CC       fccfg.lo
  CC       fccharset.lo
  CC       fccompat.lo
  CC       fcdbg.lo
  CC       fcdefault.lo
  CC       fcdir.lo
  CC       fcformat.lo
  CC       fcfreetype.lo
  CC       fcfs.lo
  CC       fcptrlist.lo
  CC       fchash.lo
  CC       fcinit.lo
  CC       fclang.lo
  CC       fclist.lo
fccharset.c: In function 'FcCharSetPutLeaf':
fccharset.c:202:18: warning: pointer 'leaves' may be used after 'realloc' [-Wuse-after-free]
  202 |         distance = (char *) new_leaves - (char *) leaves;
      |         ~~~~~~~~~^~~~~~~~~~~~~~~~~~~~~~~~~~~~~~~~~~~~~~~
fccharset.c:187:22: note: call to 'realloc' here
  187 |         new_leaves = realloc (leaves, alloced * sizeof (*leaves));
      |                      ^~~~~~~~~~~~~~~~~~~~~~~~~~~~~~~~~~~~~~~~~~~~
  CC       fcmatch.lo
  CC       fcmatrix.lo
  CC       fcname.lo
  CC       fcobjs.lo
  CC       fcpat.lo
  CC       fcrange.lo
  CC       fcserialize.lo
  CC       fcstat.lo
  CC       fcstr.lo
  CC       fcweight.lo
  CC       fcxml.lo
  CC       ftglue.lo
  CCLD     fcarch
  CCLD     libfontconfig.la
make[3]: Leaving directory '/tmp/src/fontconfig-2.15.0/src'
make[2]: Leaving directory '/tmp/src/fontconfig-2.15.0/src'
Making all in fc-cache
make[2]: Entering directory '/tmp/src/fontconfig-2.15.0/fc-cache'
  CC       fc-cache.o
  CCLD     fc-cache
make[2]: Leaving directory '/tmp/src/fontconfig-2.15.0/fc-cache'
Making all in fc-cat
make[2]: Entering directory '/tmp/src/fontconfig-2.15.0/fc-cat'
  CC       fc-cat.o
  CCLD     fc-cat
make[2]: Leaving directory '/tmp/src/fontconfig-2.15.0/fc-cat'
Making all in fc-conflist
make[2]: Entering directory '/tmp/src/fontconfig-2.15.0/fc-conflist'
  CC       fc-conflist.o
  CCLD     fc-conflist
make[2]: Leaving directory '/tmp/src/fontconfig-2.15.0/fc-conflist'
Making all in fc-list
make[2]: Entering directory '/tmp/src/fontconfig-2.15.0/fc-list'
  CC       fc-list.o
  CCLD     fc-list
make[2]: Leaving directory '/tmp/src/fontconfig-2.15.0/fc-list'
Making all in fc-match
make[2]: Entering directory '/tmp/src/fontconfig-2.15.0/fc-match'
  CC       fc-match.o
  CCLD     fc-match
make[2]: Leaving directory '/tmp/src/fontconfig-2.15.0/fc-match'
Making all in fc-pattern
make[2]: Entering directory '/tmp/src/fontconfig-2.15.0/fc-pattern'
  CC       fc-pattern.o
  CCLD     fc-pattern
make[2]: Leaving directory '/tmp/src/fontconfig-2.15.0/fc-pattern'
Making all in fc-query
make[2]: Entering directory '/tmp/src/fontconfig-2.15.0/fc-query'
  CC       fc-query.o
  CCLD     fc-query
make[2]: Leaving directory '/tmp/src/fontconfig-2.15.0/fc-query'
Making all in fc-scan
make[2]: Entering directory '/tmp/src/fontconfig-2.15.0/fc-scan'
  CC       fc-scan.o
  CCLD     fc-scan
make[2]: Leaving directory '/tmp/src/fontconfig-2.15.0/fc-scan'
Making all in fc-validate
make[2]: Entering directory '/tmp/src/fontconfig-2.15.0/fc-validate'
  CC       fc-validate.o
  CCLD     fc-validate
make[2]: Leaving directory '/tmp/src/fontconfig-2.15.0/fc-validate'
Making all in conf.d
make[2]: Entering directory '/tmp/src/fontconfig-2.15.0/conf.d'
make  all-am
make[3]: Entering directory '/tmp/src/fontconfig-2.15.0/conf.d'
make[3]: Nothing to be done for 'all-am'.
make[3]: Leaving directory '/tmp/src/fontconfig-2.15.0/conf.d'
make[2]: Leaving directory '/tmp/src/fontconfig-2.15.0/conf.d'
Making all in its
make[2]: Entering directory '/tmp/src/fontconfig-2.15.0/its'
make[2]: Nothing to be done for 'all'.
make[2]: Leaving directory '/tmp/src/fontconfig-2.15.0/its'
Making all in po
make[2]: Entering directory '/tmp/src/fontconfig-2.15.0/po'
make[2]: Nothing to be done for 'all'.
make[2]: Leaving directory '/tmp/src/fontconfig-2.15.0/po'
Making all in po-conf
make[2]: Entering directory '/tmp/src/fontconfig-2.15.0/po-conf'
make[2]: Nothing to be done for 'all'.
make[2]: Leaving directory '/tmp/src/fontconfig-2.15.0/po-conf'
Making all in test
make[2]: Entering directory '/tmp/src/fontconfig-2.15.0/test'
cp ./out.expected-long-family-names ./out.expected
make  all-am
make[3]: Entering directory '/tmp/src/fontconfig-2.15.0/test'
  CC       test-pthread.o
  CC       test-crbug1004254.o
  CC       test_bz89617-test-bz89617.o
  CC       test-bz131804.o
  CC       test-migration.o
  CC       test-bz96676.o
  CC       test-name-parse.o
  CC       test_conf-test-conf.o
  CC       test-bz106618.o
  CC       test_bz106632-test-bz106632.o
  CC       test-issue107.o
  CC       test-bz1744377.o
  CC       test-issue180.o
  CC       test-family-matching.o
  CCLD     test-bz96676
  CCLD     test-bz106618
  CCLD     test-bz131804
  CCLD     test-name-parse
  CCLD     test-bz89617
  CCLD     test-bz1744377
  CCLD     test-issue180
  CCLD     test-issue107
  CCLD     test-pthread
  CCLD     test-migration
  CCLD     test-family-matching
  CCLD     test-crbug1004254
  CCLD     test-bz106632
  CCLD     test-conf
make[3]: Leaving directory '/tmp/src/fontconfig-2.15.0/test'
make[2]: Leaving directory '/tmp/src/fontconfig-2.15.0/test'
Making all in doc
make[2]: Entering directory '/tmp/src/fontconfig-2.15.0/doc'
  GEN      fcatomic.sgml
  GEN      fcblanks.sgml
  GEN      fccache.sgml
  GEN      fccharset.sgml
  GEN      fcconfig.sgml
  GEN      fcdircache.sgml
  GEN      fcconstant.sgml
  GEN      fcfile.sgml
  GEN      fcfontset.sgml
  GEN      fcformat.sgml
  GEN      fcfreetype.sgml
  GEN      fcinit.sgml
  GEN      fclangset.sgml
  GEN      fcmatrix.sgml
  GEN      fcobjectset.sgml
  GEN      fcobjecttype.sgml
  GEN      fcpattern.sgml
  GEN      fcrange.sgml
  GEN      fcstring.sgml
  GEN      fcvalue.sgml
  GEN      fcstrset.sgml
  GEN      fcweight.sgml
make  all-am
make[3]: Entering directory '/tmp/src/fontconfig-2.15.0/doc'
make[3]: Nothing to be done for 'all-am'.
make[3]: Leaving directory '/tmp/src/fontconfig-2.15.0/doc'
make[2]: Leaving directory '/tmp/src/fontconfig-2.15.0/doc'
make[2]: Entering directory '/tmp/src/fontconfig-2.15.0'
make[2]: Leaving directory '/tmp/src/fontconfig-2.15.0'
make[1]: Leaving directory '/tmp/src/fontconfig-2.15.0'
Making check in fontconfig
make[1]: Entering directory '/tmp/src/fontconfig-2.15.0/fontconfig'
make[1]: Nothing to be done for 'check'.
make[1]: Leaving directory '/tmp/src/fontconfig-2.15.0/fontconfig'
Making check in fc-case
make[1]: Entering directory '/tmp/src/fontconfig-2.15.0/fc-case'
make  check-am
make[2]: Entering directory '/tmp/src/fontconfig-2.15.0/fc-case'
make[2]: Nothing to be done for 'check-am'.
make[2]: Leaving directory '/tmp/src/fontconfig-2.15.0/fc-case'
make[1]: Leaving directory '/tmp/src/fontconfig-2.15.0/fc-case'
Making check in fc-lang
make[1]: Entering directory '/tmp/src/fontconfig-2.15.0/fc-lang'
make  check-am
make[2]: Entering directory '/tmp/src/fontconfig-2.15.0/fc-lang'
make[2]: Nothing to be done for 'check-am'.
make[2]: Leaving directory '/tmp/src/fontconfig-2.15.0/fc-lang'
make[1]: Leaving directory '/tmp/src/fontconfig-2.15.0/fc-lang'
Making check in src
make[1]: Entering directory '/tmp/src/fontconfig-2.15.0/src'
make  check-am
make[2]: Entering directory '/tmp/src/fontconfig-2.15.0/src'
make[2]: Nothing to be done for 'check-am'.
make[2]: Leaving directory '/tmp/src/fontconfig-2.15.0/src'
make[1]: Leaving directory '/tmp/src/fontconfig-2.15.0/src'
Making check in fc-cache
make[1]: Entering directory '/tmp/src/fontconfig-2.15.0/fc-cache'
make[1]: Nothing to be done for 'check'.
make[1]: Leaving directory '/tmp/src/fontconfig-2.15.0/fc-cache'
Making check in fc-cat
make[1]: Entering directory '/tmp/src/fontconfig-2.15.0/fc-cat'
make[1]: Nothing to be done for 'check'.
make[1]: Leaving directory '/tmp/src/fontconfig-2.15.0/fc-cat'
Making check in fc-conflist
make[1]: Entering directory '/tmp/src/fontconfig-2.15.0/fc-conflist'
make[1]: Nothing to be done for 'check'.
make[1]: Leaving directory '/tmp/src/fontconfig-2.15.0/fc-conflist'
Making check in fc-list
make[1]: Entering directory '/tmp/src/fontconfig-2.15.0/fc-list'
make[1]: Nothing to be done for 'check'.
make[1]: Leaving directory '/tmp/src/fontconfig-2.15.0/fc-list'
Making check in fc-match
make[1]: Entering directory '/tmp/src/fontconfig-2.15.0/fc-match'
make[1]: Nothing to be done for 'check'.
make[1]: Leaving directory '/tmp/src/fontconfig-2.15.0/fc-match'
Making check in fc-pattern
make[1]: Entering directory '/tmp/src/fontconfig-2.15.0/fc-pattern'
make[1]: Nothing to be done for 'check'.
make[1]: Leaving directory '/tmp/src/fontconfig-2.15.0/fc-pattern'
Making check in fc-query
make[1]: Entering directory '/tmp/src/fontconfig-2.15.0/fc-query'
make[1]: Nothing to be done for 'check'.
make[1]: Leaving directory '/tmp/src/fontconfig-2.15.0/fc-query'
Making check in fc-scan
make[1]: Entering directory '/tmp/src/fontconfig-2.15.0/fc-scan'
make[1]: Nothing to be done for 'check'.
make[1]: Leaving directory '/tmp/src/fontconfig-2.15.0/fc-scan'
Making check in fc-validate
make[1]: Entering directory '/tmp/src/fontconfig-2.15.0/fc-validate'
make[1]: Nothing to be done for 'check'.
make[1]: Leaving directory '/tmp/src/fontconfig-2.15.0/fc-validate'
Making check in conf.d
make[1]: Entering directory '/tmp/src/fontconfig-2.15.0/conf.d'
make  check-am
make[2]: Entering directory '/tmp/src/fontconfig-2.15.0/conf.d'
make[2]: Nothing to be done for 'check-am'.
make[2]: Leaving directory '/tmp/src/fontconfig-2.15.0/conf.d'
make[1]: Leaving directory '/tmp/src/fontconfig-2.15.0/conf.d'
Making check in its
make[1]: Entering directory '/tmp/src/fontconfig-2.15.0/its'
make[1]: Nothing to be done for 'check'.
make[1]: Leaving directory '/tmp/src/fontconfig-2.15.0/its'
Making check in po
make[1]: Entering directory '/tmp/src/fontconfig-2.15.0/po'
make[1]: Nothing to be done for 'check'.
make[1]: Leaving directory '/tmp/src/fontconfig-2.15.0/po'
Making check in po-conf
make[1]: Entering directory '/tmp/src/fontconfig-2.15.0/po-conf'
make[1]: Nothing to be done for 'check'.
make[1]: Leaving directory '/tmp/src/fontconfig-2.15.0/po-conf'
Making check in test
make[1]: Entering directory '/tmp/src/fontconfig-2.15.0/test'
make  check-am
make[2]: Entering directory '/tmp/src/fontconfig-2.15.0/test'
make  test-pthread test-crbug1004254 test-bz89617 test-bz131804 test-migration test-bz96676 test-name-parse test-conf test-bz106618 test-bz106632 test-issue107  test-bz1744377 test-issue180 test-family-matching run-test.sh
make[3]: Entering directory '/tmp/src/fontconfig-2.15.0/test'
make[3]: 'test-pthread' is up to date.
make[3]: 'test-crbug1004254' is up to date.
make[3]: 'test-bz89617' is up to date.
make[3]: 'test-bz131804' is up to date.
make[3]: 'test-migration' is up to date.
make[3]: 'test-bz96676' is up to date.
make[3]: 'test-name-parse' is up to date.
make[3]: 'test-conf' is up to date.
make[3]: 'test-bz106618' is up to date.
make[3]: 'test-bz106632' is up to date.
make[3]: 'test-issue107' is up to date.
make[3]: 'test-bz1744377' is up to date.
make[3]: 'test-issue180' is up to date.
make[3]: 'test-family-matching' is up to date.
make[3]: Nothing to be done for 'run-test.sh'.
make[3]: Leaving directory '/tmp/src/fontconfig-2.15.0/test'
make  check-TESTS
make[3]: Entering directory '/tmp/src/fontconfig-2.15.0/test'
make[4]: Entering directory '/tmp/src/fontconfig-2.15.0/test'
PASS: run-test.sh
PASS: test-bz89617
PASS: test-bz131804
PASS: test-bz96676
PASS: test-name-parse
PASS: run-test-conf.sh
PASS: test-bz106632
PASS: test-issue107
PASS: test-bz1744377
PASS: test-issue180
PASS: test-family-matching
============================================================================
Testsuite summary for fontconfig 2.15.0
============================================================================
# TOTAL: 11
# PASS:  11
# SKIP:  0
# XFAIL: 0
# FAIL:  0
# XPASS: 0
# ERROR: 0
============================================================================
make[4]: Leaving directory '/tmp/src/fontconfig-2.15.0/test'
make[3]: Leaving directory '/tmp/src/fontconfig-2.15.0/test'
make[2]: Leaving directory '/tmp/src/fontconfig-2.15.0/test'
make[1]: Leaving directory '/tmp/src/fontconfig-2.15.0/test'
Making check in doc
make[1]: Entering directory '/tmp/src/fontconfig-2.15.0/doc'
make  check-am
make[2]: Entering directory '/tmp/src/fontconfig-2.15.0/doc'
make  check-missing-doc 
make[3]: Entering directory '/tmp/src/fontconfig-2.15.0/doc'
make[3]: Nothing to be done for 'check-missing-doc'.
make[3]: Leaving directory '/tmp/src/fontconfig-2.15.0/doc'
make  check-TESTS
make[3]: Entering directory '/tmp/src/fontconfig-2.15.0/doc'
make[4]: Entering directory '/tmp/src/fontconfig-2.15.0/doc'
PASS: check-missing-doc
============================================================================
Testsuite summary for fontconfig 2.15.0
============================================================================
# TOTAL: 1
# PASS:  1
# SKIP:  0
# XFAIL: 0
# FAIL:  0
# XPASS: 0
# ERROR: 0
============================================================================
make[4]: Leaving directory '/tmp/src/fontconfig-2.15.0/doc'
make[3]: Leaving directory '/tmp/src/fontconfig-2.15.0/doc'
make[2]: Leaving directory '/tmp/src/fontconfig-2.15.0/doc'
make[1]: Leaving directory '/tmp/src/fontconfig-2.15.0/doc'
make[1]: Entering directory '/tmp/src/fontconfig-2.15.0'
make[1]: Leaving directory '/tmp/src/fontconfig-2.15.0'
>>> fontconfig: Entering fakeroot...
Making install in fontconfig
make[1]: Entering directory '/tmp/src/fontconfig-2.15.0/fontconfig'
make[2]: Entering directory '/tmp/src/fontconfig-2.15.0/fontconfig'
make[2]: Nothing to be done for 'install-exec-am'.
 .././install-sh -c -d '/tmp/pkg/fontconfig/usr/include/fontconfig'
 /usr/bin/install -c -m 644 fontconfig.h fcfreetype.h fcprivate.h '/tmp/pkg/fontconfig/usr/include/fontconfig'
make[2]: Leaving directory '/tmp/src/fontconfig-2.15.0/fontconfig'
make[1]: Leaving directory '/tmp/src/fontconfig-2.15.0/fontconfig'
Making install in fc-case
make[1]: Entering directory '/tmp/src/fontconfig-2.15.0/fc-case'
make  install-am
make[2]: Entering directory '/tmp/src/fontconfig-2.15.0/fc-case'
make[3]: Entering directory '/tmp/src/fontconfig-2.15.0/fc-case'
make[3]: Nothing to be done for 'install-exec-am'.
make[3]: Nothing to be done for 'install-data-am'.
make[3]: Leaving directory '/tmp/src/fontconfig-2.15.0/fc-case'
make[2]: Leaving directory '/tmp/src/fontconfig-2.15.0/fc-case'
make[1]: Leaving directory '/tmp/src/fontconfig-2.15.0/fc-case'
Making install in fc-lang
make[1]: Entering directory '/tmp/src/fontconfig-2.15.0/fc-lang'
make  install-am
make[2]: Entering directory '/tmp/src/fontconfig-2.15.0/fc-lang'
make[3]: Entering directory '/tmp/src/fontconfig-2.15.0/fc-lang'
make[3]: Nothing to be done for 'install-exec-am'.
make[3]: Nothing to be done for 'install-data-am'.
make[3]: Leaving directory '/tmp/src/fontconfig-2.15.0/fc-lang'
make[2]: Leaving directory '/tmp/src/fontconfig-2.15.0/fc-lang'
make[1]: Leaving directory '/tmp/src/fontconfig-2.15.0/fc-lang'
Making install in src
make[1]: Entering directory '/tmp/src/fontconfig-2.15.0/src'
make  install-am
make[2]: Entering directory '/tmp/src/fontconfig-2.15.0/src'
make[3]: Entering directory '/tmp/src/fontconfig-2.15.0/src'
make[3]: Nothing to be done for 'install-data-am'.
 .././install-sh -c -d '/tmp/pkg/fontconfig/usr/lib'
 /bin/sh ../libtool   --mode=install /usr/bin/install -c   libfontconfig.la '/tmp/pkg/fontconfig/usr/lib'
libtool: install: /usr/bin/install -c .libs/libfontconfig.so.1.12.1 /tmp/pkg/fontconfig/usr/lib/libfontconfig.so.1.12.1
libtool: install: (cd /tmp/pkg/fontconfig/usr/lib && { ln -s -f libfontconfig.so.1.12.1 libfontconfig.so.1 || { rm -f libfontconfig.so.1 && ln -s libfontconfig.so.1.12.1 libfontconfig.so.1; }; })
libtool: install: (cd /tmp/pkg/fontconfig/usr/lib && { ln -s -f libfontconfig.so.1.12.1 libfontconfig.so || { rm -f libfontconfig.so && ln -s libfontconfig.so.1.12.1 libfontconfig.so; }; })
libtool: install: /usr/bin/install -c .libs/libfontconfig.lai /tmp/pkg/fontconfig/usr/lib/libfontconfig.la
libtool: install: /usr/bin/install -c .libs/libfontconfig.a /tmp/pkg/fontconfig/usr/lib/libfontconfig.a
libtool: install: chmod 644 /tmp/pkg/fontconfig/usr/lib/libfontconfig.a
libtool: install: ranlib /tmp/pkg/fontconfig/usr/lib/libfontconfig.a
libtool: warning: remember to run 'libtool --finish /usr/lib'
make[3]: Leaving directory '/tmp/src/fontconfig-2.15.0/src'
make[2]: Leaving directory '/tmp/src/fontconfig-2.15.0/src'
make[1]: Leaving directory '/tmp/src/fontconfig-2.15.0/src'
Making install in fc-cache
make[1]: Entering directory '/tmp/src/fontconfig-2.15.0/fc-cache'
make[2]: Entering directory '/tmp/src/fontconfig-2.15.0/fc-cache'
/bin/sh /tmp/src/fontconfig-2.15.0/install-sh -d "/tmp/pkg/fontconfig/var/cache/fontconfig"
 .././install-sh -c -d '/tmp/pkg/fontconfig/usr/bin'
 .././install-sh -c -d '/tmp/pkg/fontconfig/usr/share/man/man1'
  /bin/sh ../libtool   --mode=install /usr/bin/install -c fc-cache '/tmp/pkg/fontconfig/usr/bin'
 /usr/bin/install -c -m 644 fc-cache.1 '/tmp/pkg/fontconfig/usr/share/man/man1'
libtool: warning: '../src/libfontconfig.la' has not been installed in '/usr/lib'
libtool: install: /usr/bin/install -c .libs/fc-cache /tmp/pkg/fontconfig/usr/bin/fc-cache
make[2]: Leaving directory '/tmp/src/fontconfig-2.15.0/fc-cache'
make[1]: Leaving directory '/tmp/src/fontconfig-2.15.0/fc-cache'
Making install in fc-cat
make[1]: Entering directory '/tmp/src/fontconfig-2.15.0/fc-cat'
make[2]: Entering directory '/tmp/src/fontconfig-2.15.0/fc-cat'
 .././install-sh -c -d '/tmp/pkg/fontconfig/usr/bin'
 .././install-sh -c -d '/tmp/pkg/fontconfig/usr/share/man/man1'
libfakeroot internal error: payload not recognized!
  /bin/sh ../libtool   --mode=install /usr/bin/install -c fc-cat '/tmp/pkg/fontconfig/usr/bin'
 /usr/bin/install -c -m 644 fc-cat.1 '/tmp/pkg/fontconfig/usr/share/man/man1'
libtool: warning: '../src/libfontconfig.la' has not been installed in '/usr/lib'
libtool: install: /usr/bin/install -c .libs/fc-cat /tmp/pkg/fontconfig/usr/bin/fc-cat
make[2]: Leaving directory '/tmp/src/fontconfig-2.15.0/fc-cat'
make[1]: Leaving directory '/tmp/src/fontconfig-2.15.0/fc-cat'
Making install in fc-conflist
make[1]: Entering directory '/tmp/src/fontconfig-2.15.0/fc-conflist'
make[2]: Entering directory '/tmp/src/fontconfig-2.15.0/fc-conflist'
 .././install-sh -c -d '/tmp/pkg/fontconfig/usr/bin'
 .././install-sh -c -d '/tmp/pkg/fontconfig/usr/share/man/man1'
  /bin/sh ../libtool   --mode=install /usr/bin/install -c fc-conflist '/tmp/pkg/fontconfig/usr/bin'
 /usr/bin/install -c -m 644 fc-conflist.1 '/tmp/pkg/fontconfig/usr/share/man/man1'
libtool: warning: '../src/libfontconfig.la' has not been installed in '/usr/lib'
libtool: install: /usr/bin/install -c .libs/fc-conflist /tmp/pkg/fontconfig/usr/bin/fc-conflist
make[2]: Leaving directory '/tmp/src/fontconfig-2.15.0/fc-conflist'
make[1]: Leaving directory '/tmp/src/fontconfig-2.15.0/fc-conflist'
Making install in fc-list
make[1]: Entering directory '/tmp/src/fontconfig-2.15.0/fc-list'
make[2]: Entering directory '/tmp/src/fontconfig-2.15.0/fc-list'
 .././install-sh -c -d '/tmp/pkg/fontconfig/usr/bin'
 .././install-sh -c -d '/tmp/pkg/fontconfig/usr/share/man/man1'
  /bin/sh ../libtool   --mode=install /usr/bin/install -c fc-list '/tmp/pkg/fontconfig/usr/bin'
 /usr/bin/install -c -m 644 fc-list.1 '/tmp/pkg/fontconfig/usr/share/man/man1'
libtool: warning: '../src/libfontconfig.la' has not been installed in '/usr/lib'
libtool: install: /usr/bin/install -c .libs/fc-list /tmp/pkg/fontconfig/usr/bin/fc-list
make[2]: Leaving directory '/tmp/src/fontconfig-2.15.0/fc-list'
make[1]: Leaving directory '/tmp/src/fontconfig-2.15.0/fc-list'
Making install in fc-match
make[1]: Entering directory '/tmp/src/fontconfig-2.15.0/fc-match'
make[2]: Entering directory '/tmp/src/fontconfig-2.15.0/fc-match'
 .././install-sh -c -d '/tmp/pkg/fontconfig/usr/bin'
 .././install-sh -c -d '/tmp/pkg/fontconfig/usr/share/man/man1'
  /bin/sh ../libtool   --mode=install /usr/bin/install -c fc-match '/tmp/pkg/fontconfig/usr/bin'
 /usr/bin/install -c -m 644 fc-match.1 '/tmp/pkg/fontconfig/usr/share/man/man1'
libtool: warning: '../src/libfontconfig.la' has not been installed in '/usr/lib'
libtool: install: /usr/bin/install -c .libs/fc-match /tmp/pkg/fontconfig/usr/bin/fc-match
make[2]: Leaving directory '/tmp/src/fontconfig-2.15.0/fc-match'
make[1]: Leaving directory '/tmp/src/fontconfig-2.15.0/fc-match'
Making install in fc-pattern
make[1]: Entering directory '/tmp/src/fontconfig-2.15.0/fc-pattern'
make[2]: Entering directory '/tmp/src/fontconfig-2.15.0/fc-pattern'
 .././install-sh -c -d '/tmp/pkg/fontconfig/usr/bin'
 .././install-sh -c -d '/tmp/pkg/fontconfig/usr/share/man/man1'
  /bin/sh ../libtool   --mode=install /usr/bin/install -c fc-pattern '/tmp/pkg/fontconfig/usr/bin'
 /usr/bin/install -c -m 644 fc-pattern.1 '/tmp/pkg/fontconfig/usr/share/man/man1'
libtool: warning: '../src/libfontconfig.la' has not been installed in '/usr/lib'
libtool: install: /usr/bin/install -c .libs/fc-pattern /tmp/pkg/fontconfig/usr/bin/fc-pattern
make[2]: Leaving directory '/tmp/src/fontconfig-2.15.0/fc-pattern'
make[1]: Leaving directory '/tmp/src/fontconfig-2.15.0/fc-pattern'
Making install in fc-query
make[1]: Entering directory '/tmp/src/fontconfig-2.15.0/fc-query'
make[2]: Entering directory '/tmp/src/fontconfig-2.15.0/fc-query'
 .././install-sh -c -d '/tmp/pkg/fontconfig/usr/bin'
 .././install-sh -c -d '/tmp/pkg/fontconfig/usr/share/man/man1'
  /bin/sh ../libtool   --mode=install /usr/bin/install -c fc-query '/tmp/pkg/fontconfig/usr/bin'
 /usr/bin/install -c -m 644 fc-query.1 '/tmp/pkg/fontconfig/usr/share/man/man1'
libtool: warning: '../src/libfontconfig.la' has not been installed in '/usr/lib'
libtool: install: /usr/bin/install -c .libs/fc-query /tmp/pkg/fontconfig/usr/bin/fc-query
make[2]: Leaving directory '/tmp/src/fontconfig-2.15.0/fc-query'
make[1]: Leaving directory '/tmp/src/fontconfig-2.15.0/fc-query'
Making install in fc-scan
make[1]: Entering directory '/tmp/src/fontconfig-2.15.0/fc-scan'
make[2]: Entering directory '/tmp/src/fontconfig-2.15.0/fc-scan'
 .././install-sh -c -d '/tmp/pkg/fontconfig/usr/bin'
 .././install-sh -c -d '/tmp/pkg/fontconfig/usr/share/man/man1'
  /bin/sh ../libtool   --mode=install /usr/bin/install -c fc-scan '/tmp/pkg/fontconfig/usr/bin'
 /usr/bin/install -c -m 644 fc-scan.1 '/tmp/pkg/fontconfig/usr/share/man/man1'
libtool: warning: '../src/libfontconfig.la' has not been installed in '/usr/lib'
libtool: install: /usr/bin/install -c .libs/fc-scan /tmp/pkg/fontconfig/usr/bin/fc-scan
make[2]: Leaving directory '/tmp/src/fontconfig-2.15.0/fc-scan'
make[1]: Leaving directory '/tmp/src/fontconfig-2.15.0/fc-scan'
Making install in fc-validate
make[1]: Entering directory '/tmp/src/fontconfig-2.15.0/fc-validate'
make[2]: Entering directory '/tmp/src/fontconfig-2.15.0/fc-validate'
 .././install-sh -c -d '/tmp/pkg/fontconfig/usr/bin'
 .././install-sh -c -d '/tmp/pkg/fontconfig/usr/share/man/man1'
libfakeroot internal error: payload not recognized!
  /bin/sh ../libtool   --mode=install /usr/bin/install -c fc-validate '/tmp/pkg/fontconfig/usr/bin'
 /usr/bin/install -c -m 644 fc-validate.1 '/tmp/pkg/fontconfig/usr/share/man/man1'
libtool: warning: '../src/libfontconfig.la' has not been installed in '/usr/lib'
libtool: install: /usr/bin/install -c .libs/fc-validate /tmp/pkg/fontconfig/usr/bin/fc-validate
make[2]: Leaving directory '/tmp/src/fontconfig-2.15.0/fc-validate'
make[1]: Leaving directory '/tmp/src/fontconfig-2.15.0/fc-validate'
Making install in conf.d
make[1]: Entering directory '/tmp/src/fontconfig-2.15.0/conf.d'
make  install-am
make[2]: Entering directory '/tmp/src/fontconfig-2.15.0/conf.d'
make[3]: Entering directory '/tmp/src/fontconfig-2.15.0/conf.d'
make[3]: Nothing to be done for 'install-exec-am'.
 .././install-sh -c -d '/tmp/pkg/fontconfig/etc/fonts/conf.d'
 .././install-sh -c -d '/tmp/pkg/fontconfig/usr/share/fontconfig/conf.avail'
 /usr/bin/install -c -m 644 README '/tmp/pkg/fontconfig/etc/fonts/conf.d'
 /usr/bin/install -c -m 644 05-reset-dirs-sample.conf 09-autohint-if-no-hinting.conf 10-autohint.conf 10-hinting-full.conf 10-hinting-medium.conf 10-hinting-none.conf 10-hinting-slight.conf 10-no-antialias.conf 10-scale-bitmap-fonts.conf 10-sub-pixel-bgr.conf 10-sub-pixel-none.conf 10-sub-pixel-rgb.conf 10-sub-pixel-vbgr.conf 10-sub-pixel-vrgb.conf 10-unhinted.conf 10-yes-antialias.conf 11-lcdfilter-default.conf 11-lcdfilter-legacy.conf 11-lcdfilter-light.conf 11-lcdfilter-none.conf 20-unhint-small-vera.conf 25-unhint-nonlatin.conf 30-metric-aliases.conf 35-lang-normalize.conf 40-nonlatin.conf 45-generic.conf 45-latin.conf 48-spacing.conf 49-sansserif.conf 50-user.conf 51-local.conf 60-generic.conf 60-latin.conf 65-fonts-persian.conf 65-khmer.conf 65-nonlatin.conf 69-unifont.conf 70-no-bitmaps.conf 70-yes-bitmaps.conf 80-delicious.conf '/tmp/pkg/fontconfig/usr/share/fontconfig/conf.avail'
 /usr/bin/install -c -m 644 90-synthetic.conf '/tmp/pkg/fontconfig/usr/share/fontconfig/conf.avail'
make  install-data-hook
make[4]: Entering directory '/tmp/src/fontconfig-2.15.0/conf.d'
/usr/bin/python ./link_confs.py /usr/share/fontconfig/conf.avail /etc/fonts/conf.d 10-hinting-slight.conf 10-scale-bitmap-fonts.conf 10-yes-antialias.conf 10-sub-pixel-none.conf 11-lcdfilter-default.conf 20-unhint-small-vera.conf 30-metric-aliases.conf 40-nonlatin.conf 45-generic.conf 45-latin.conf 48-spacing.conf 49-sansserif.conf 50-user.conf 51-local.conf 60-generic.conf 60-latin.conf 65-fonts-persian.conf 65-nonlatin.conf 69-unifont.conf 80-delicious.conf 90-synthetic.conf
make[4]: Leaving directory '/tmp/src/fontconfig-2.15.0/conf.d'
make[3]: Leaving directory '/tmp/src/fontconfig-2.15.0/conf.d'
make[2]: Leaving directory '/tmp/src/fontconfig-2.15.0/conf.d'
make[1]: Leaving directory '/tmp/src/fontconfig-2.15.0/conf.d'
Making install in its
make[1]: Entering directory '/tmp/src/fontconfig-2.15.0/its'
make[2]: Entering directory '/tmp/src/fontconfig-2.15.0/its'
make[2]: Nothing to be done for 'install-exec-am'.
 .././install-sh -c -d '/tmp/pkg/fontconfig/usr/share/gettext/its'
 /usr/bin/install -c -m 644 fontconfig.its fontconfig.loc '/tmp/pkg/fontconfig/usr/share/gettext/its'
make[2]: Leaving directory '/tmp/src/fontconfig-2.15.0/its'
make[1]: Leaving directory '/tmp/src/fontconfig-2.15.0/its'
Making install in po
make[1]: Entering directory '/tmp/src/fontconfig-2.15.0/po'
if test "fontconfig" = "gettext-tools"; then \
  .././install-sh -c -d /tmp/pkg/fontconfig/usr/share/gettext/po; \
  for file in Makefile.in.in remove-potcdate.sin quot.sed boldquot.sed en@quot.header en@boldquot.header insert-header.sin Rules-quot   Makevars.template; do \
    /usr/bin/install -c -m 644 ./$file \
		    /tmp/pkg/fontconfig/usr/share/gettext/po/$file; \
  done; \
  for file in Makevars; do \
    rm -f /tmp/pkg/fontconfig/usr/share/gettext/po/$file; \
  done; \
else \
  : ; \
fi
make[1]: Leaving directory '/tmp/src/fontconfig-2.15.0/po'
Making install in po-conf
make[1]: Entering directory '/tmp/src/fontconfig-2.15.0/po-conf'
if test "fontconfig" = "gettext-tools"; then \
  .././install-sh -c -d /tmp/pkg/fontconfig/usr/share/gettext/po; \
  for file in Makefile.in.in remove-potcdate.sin quot.sed boldquot.sed en@quot.header en@boldquot.header insert-header.sin Rules-quot   Makevars.template; do \
    /usr/bin/install -c -m 644 ./$file \
		    /tmp/pkg/fontconfig/usr/share/gettext/po/$file; \
  done; \
  for file in Makevars; do \
    rm -f /tmp/pkg/fontconfig/usr/share/gettext/po/$file; \
  done; \
else \
  : ; \
fi
make[1]: Leaving directory '/tmp/src/fontconfig-2.15.0/po-conf'
Making install in test
make[1]: Entering directory '/tmp/src/fontconfig-2.15.0/test'
make  install-am
make[2]: Entering directory '/tmp/src/fontconfig-2.15.0/test'
make[3]: Entering directory '/tmp/src/fontconfig-2.15.0/test'
make[3]: Nothing to be done for 'install-exec-am'.
make[3]: Nothing to be done for 'install-data-am'.
make[3]: Leaving directory '/tmp/src/fontconfig-2.15.0/test'
make[2]: Leaving directory '/tmp/src/fontconfig-2.15.0/test'
make[1]: Leaving directory '/tmp/src/fontconfig-2.15.0/test'
Making install in doc
make[1]: Entering directory '/tmp/src/fontconfig-2.15.0/doc'
make  install-am
make[2]: Entering directory '/tmp/src/fontconfig-2.15.0/doc'
make[3]: Entering directory '/tmp/src/fontconfig-2.15.0/doc'
make[3]: Nothing to be done for 'install-exec-am'.
 .././install-sh -c -d '/tmp/pkg/fontconfig/usr/share/doc/fontconfig'
 .././install-sh -c -d '/tmp/pkg/fontconfig/usr/share/doc/fontconfig/fontconfig-devel'
 /usr/bin/install -c -m 644 fontconfig-user.txt fontconfig-devel.txt fontconfig-user.pdf fontconfig-devel.pdf fontconfig-user.html '/tmp/pkg/fontconfig/usr/share/doc/fontconfig'
 .././install-sh -c -d '/tmp/pkg/fontconfig/usr/share/man/man3'
 .././install-sh -c -d '/tmp/pkg/fontconfig/usr/share/man/man5'
 /usr/bin/install -c -m 644 ./fontconfig-devel/fcatomiccreate.html ./fontconfig-devel/fcatomicdeletenew.html ./fontconfig-devel/fcatomicdestroy.html ./fontconfig-devel/fcatomiclock.html ./fontconfig-devel/fcatomicnewfile.html ./fontconfig-devel/fcatomicorigfile.html ./fontconfig-devel/fcatomicreplaceorig.html ./fontconfig-devel/fcatomicunlock.html ./fontconfig-devel/fcblanksadd.html ./fontconfig-devel/fcblankscreate.html ./fontconfig-devel/fcblanksdestroy.html ./fontconfig-devel/fcblanksismember.html ./fontconfig-devel/fccachecopyset.html ./fontconfig-devel/fccachecreatetagfile.html ./fontconfig-devel/fccachedir.html ./fontconfig-devel/fccachenumfont.html ./fontconfig-devel/fccachenumsubdir.html ./fontconfig-devel/fccachesubdir.html ./fontconfig-devel/fccharsetaddchar.html ./fontconfig-devel/fccharsetcopy.html ./fontconfig-devel/fccharsetcount.html ./fontconfig-devel/fccharsetcoverage.html ./fontconfig-devel/fccharsetcreate.html ./fontconfig-devel/fccharsetdelchar.html ./fontconfig-devel/fccharsetdestroy.html ./fontconfig-devel/fccharsetequal.html ./fontconfig-devel/fccharsetfirstpage.html ./fontconfig-devel/fccharsethaschar.html ./fontconfig-devel/fccharsetintersect.html ./fontconfig-devel/fccharsetintersectcount.html ./fontconfig-devel/fccharsetissubset.html ./fontconfig-devel/fccharsetmerge.html ./fontconfig-devel/fccharsetnew.html ./fontconfig-devel/fccharsetnextpage.html ./fontconfig-devel/fccharsetsubtract.html ./fontconfig-devel/fccharsetsubtractcount.html ./fontconfig-devel/fccharsetunion.html ./fontconfig-devel/fcconfigappfontadddir.html ./fontconfig-devel/fcconfigappfontaddfile.html ./fontconfig-devel/fcconfigappfontclear.html '/tmp/pkg/fontconfig/usr/share/doc/fontconfig/fontconfig-devel'
 /usr/bin/install -c -m 644 fonts-conf.5 '/tmp/pkg/fontconfig/usr/share/man/man5'
 /usr/bin/install -c -m 644 ./fontconfig-devel/fcconfigbuildfonts.html ./fontconfig-devel/fcconfigcreate.html ./fontconfig-devel/fcconfigdestroy.html ./fontconfig-devel/fcconfigenablehome.html ./fontconfig-devel/fcconfigfileinfoiterget.html ./fontconfig-devel/fcconfigfileinfoiterinit.html ./fontconfig-devel/fcconfigfileinfoiternext.html ./fontconfig-devel/fcconfigfilename.html ./fontconfig-devel/fcconfiggetblanks.html ./fontconfig-devel/fcconfiggetcache.html ./fontconfig-devel/fcconfiggetcachedirs.html ./fontconfig-devel/fcconfiggetconfigdirs.html ./fontconfig-devel/fcconfiggetconfigfiles.html ./fontconfig-devel/fcconfiggetcurrent.html ./fontconfig-devel/fcconfiggetfilename.html ./fontconfig-devel/fcconfiggetfontdirs.html ./fontconfig-devel/fcconfiggetfonts.html ./fontconfig-devel/fcconfiggetrescaninterval.html ./fontconfig-devel/fcconfiggetsysroot.html ./fontconfig-devel/fcconfighome.html ./fontconfig-devel/fcconfigparseandload.html ./fontconfig-devel/fcconfigparseandloadfrommemory.html ./fontconfig-devel/fcconfigreference.html ./fontconfig-devel/fcconfigsetcurrent.html ./fontconfig-devel/fcconfigsetrescaninterval.html ./fontconfig-devel/fcconfigsetsysroot.html ./fontconfig-devel/fcconfigsubstitute.html ./fontconfig-devel/fcconfigsubstitutewithpat.html ./fontconfig-devel/fcconfiguptodate.html ./fontconfig-devel/fcdefaultsubstitute.html ./fontconfig-devel/fcdircacheclean.html ./fontconfig-devel/fcdircachecreateuuid.html ./fontconfig-devel/fcdircachedeleteuuid.html ./fontconfig-devel/fcdircacheload.html ./fontconfig-devel/fcdircacheloadfile.html ./fontconfig-devel/fcdircacheread.html ./fontconfig-devel/fcdircacherescan.html ./fontconfig-devel/fcdircacheunlink.html ./fontconfig-devel/fcdircacheunload.html ./fontconfig-devel/fcdircachevalid.html '/tmp/pkg/fontconfig/usr/share/doc/fontconfig/fontconfig-devel'
 /usr/bin/install -c -m 644 ./fontconfig-devel/fcdirsave.html ./fontconfig-devel/fcdirscan.html ./fontconfig-devel/fcfileisdir.html ./fontconfig-devel/fcfilescan.html ./fontconfig-devel/fcfini.html ./fontconfig-devel/fcfontlist.html ./fontconfig-devel/fcfontmatch.html ./fontconfig-devel/fcfontrenderprepare.html ./fontconfig-devel/fcfontsetadd.html ./fontconfig-devel/fcfontsetcreate.html ./fontconfig-devel/fcfontsetdestroy.html ./fontconfig-devel/fcfontsetlist.html ./fontconfig-devel/fcfontsetmatch.html ./fontconfig-devel/fcfontsetprint.html ./fontconfig-devel/fcfontsetsort.html ./fontconfig-devel/fcfontsetsortdestroy.html ./fontconfig-devel/fcfontsort.html ./fontconfig-devel/fcfreetypecharindex.html ./fontconfig-devel/fcfreetypecharset.html ./fontconfig-devel/fcfreetypecharsetandspacing.html ./fontconfig-devel/fcfreetypequery.html ./fontconfig-devel/fcfreetypequeryall.html ./fontconfig-devel/fcfreetypequeryface.html ./fontconfig-devel/fcgetdefaultlangs.html ./fontconfig-devel/fcgetlangs.html ./fontconfig-devel/fcgetversion.html ./fontconfig-devel/fcinit.html ./fontconfig-devel/fcinitbringuptodate.html ./fontconfig-devel/fcinitloadconfig.html ./fontconfig-devel/fcinitloadconfigandfonts.html ./fontconfig-devel/fcinitreinitialize.html ./fontconfig-devel/fcislower.html ./fontconfig-devel/fcisupper.html ./fontconfig-devel/fclanggetcharset.html ./fontconfig-devel/fclangnormalize.html ./fontconfig-devel/fclangsetadd.html ./fontconfig-devel/fclangsetcompare.html ./fontconfig-devel/fclangsetcontains.html ./fontconfig-devel/fclangsetcopy.html ./fontconfig-devel/fclangsetcreate.html '/tmp/pkg/fontconfig/usr/share/doc/fontconfig/fontconfig-devel'
 /usr/bin/install -c -m 644 ./fontconfig-devel/fclangsetdel.html ./fontconfig-devel/fclangsetdestroy.html ./fontconfig-devel/fclangsetequal.html ./fontconfig-devel/fclangsetgetlangs.html ./fontconfig-devel/fclangsethash.html ./fontconfig-devel/fclangsethaslang.html ./fontconfig-devel/fclangsetsubtract.html ./fontconfig-devel/fclangsetunion.html ./fontconfig-devel/fcmatrixcopy.html ./fontconfig-devel/fcmatrixequal.html ./fontconfig-devel/fcmatrixinit.html ./fontconfig-devel/fcmatrixmultiply.html ./fontconfig-devel/fcmatrixrotate.html ./fontconfig-devel/fcmatrixscale.html ./fontconfig-devel/fcmatrixshear.html ./fontconfig-devel/fcnameconstant.html ./fontconfig-devel/fcnamegetconstant.html ./fontconfig-devel/fcnamegetconstantfor.html ./fontconfig-devel/fcnamegetobjecttype.html ./fontconfig-devel/fcnameparse.html ./fontconfig-devel/fcnameregisterconstants.html ./fontconfig-devel/fcnameregisterobjecttypes.html ./fontconfig-devel/fcnameunparse.html ./fontconfig-devel/fcnameunregisterconstants.html ./fontconfig-devel/fcnameunregisterobjecttypes.html ./fontconfig-devel/fcobjectsetadd.html ./fontconfig-devel/fcobjectsetbuild.html ./fontconfig-devel/fcobjectsetcreate.html ./fontconfig-devel/fcobjectsetdestroy.html ./fontconfig-devel/fcpatternadd-type.html ./fontconfig-devel/fcpatternadd.html ./fontconfig-devel/fcpatternaddweak.html ./fontconfig-devel/fcpatternbuild.html ./fontconfig-devel/fcpatterncreate.html ./fontconfig-devel/fcpatterndel.html ./fontconfig-devel/fcpatterndestroy.html ./fontconfig-devel/fcpatternduplicate.html ./fontconfig-devel/fcpatternequal.html ./fontconfig-devel/fcpatternequalsubset.html ./fontconfig-devel/fcpatternfilter.html '/tmp/pkg/fontconfig/usr/share/doc/fontconfig/fontconfig-devel'
 /usr/bin/install -c -m 644 ./fontconfig-devel/fcpatternfinditer.html ./fontconfig-devel/fcpatternformat.html ./fontconfig-devel/fcpatternget-type.html ./fontconfig-devel/fcpatternget.html ./fontconfig-devel/fcpatterngetwithbinding.html ./fontconfig-devel/fcpatternhash.html ./fontconfig-devel/fcpatterniterequal.html ./fontconfig-devel/fcpatternitergetobject.html ./fontconfig-devel/fcpatternitergetvalue.html ./fontconfig-devel/fcpatterniterisvalid.html ./fontconfig-devel/fcpatterniternext.html ./fontconfig-devel/fcpatterniterstart.html ./fontconfig-devel/fcpatternitervaluecount.html ./fontconfig-devel/fcpatternobjectcount.html ./fontconfig-devel/fcpatternprint.html ./fontconfig-devel/fcpatternreference.html ./fontconfig-devel/fcpatternremove.html ./fontconfig-devel/fcrangecopy.html ./fontconfig-devel/fcrangecreatedouble.html ./fontconfig-devel/fcrangecreateinteger.html ./fontconfig-devel/fcrangedestroy.html ./fontconfig-devel/fcrangegetdouble.html ./fontconfig-devel/fcstrbasename.html ./fontconfig-devel/fcstrbuildfilename.html ./fontconfig-devel/fcstrcmp.html ./fontconfig-devel/fcstrcmpignorecase.html ./fontconfig-devel/fcstrcopy.html ./fontconfig-devel/fcstrcopyfilename.html ./fontconfig-devel/fcstrdirname.html ./fontconfig-devel/fcstrdowncase.html ./fontconfig-devel/fcstrfree.html ./fontconfig-devel/fcstrlistcreate.html ./fontconfig-devel/fcstrlistdone.html ./fontconfig-devel/fcstrlistfirst.html ./fontconfig-devel/fcstrlistnext.html ./fontconfig-devel/fcstrplus.html ./fontconfig-devel/fcstrsetadd.html ./fontconfig-devel/fcstrsetaddfilename.html ./fontconfig-devel/fcstrsetcreate.html ./fontconfig-devel/fcstrsetdel.html '/tmp/pkg/fontconfig/usr/share/doc/fontconfig/fontconfig-devel'
 /usr/bin/install -c -m 644 FcAtomicCreate.3 FcAtomicLock.3 FcAtomicNewFile.3 FcAtomicOrigFile.3 FcAtomicReplaceOrig.3 FcAtomicDeleteNew.3 FcAtomicUnlock.3 FcAtomicDestroy.3 FcBlanksCreate.3 FcBlanksDestroy.3 FcBlanksAdd.3 FcBlanksIsMember.3 FcCacheDir.3 FcCacheCopySet.3 FcCacheSubdir.3 FcCacheNumSubdir.3 FcCacheNumFont.3 FcDirCacheClean.3 FcCacheCreateTagFile.3 FcDirCacheCreateUUID.3 FcDirCacheDeleteUUID.3 FcCharSetCreate.3 FcCharSetDestroy.3 FcCharSetAddChar.3 FcCharSetDelChar.3 FcCharSetCopy.3 FcCharSetEqual.3 FcCharSetIntersect.3 FcCharSetUnion.3 FcCharSetSubtract.3 FcCharSetMerge.3 FcCharSetHasChar.3 FcCharSetCount.3 FcCharSetIntersectCount.3 FcCharSetSubtractCount.3 FcCharSetIsSubset.3 FcCharSetFirstPage.3 FcCharSetNextPage.3 FcCharSetCoverage.3 FcCharSetNew.3 '/tmp/pkg/fontconfig/usr/share/man/man3'
 /usr/bin/install -c -m 644 ./fontconfig-devel/fcstrsetdestroy.html ./fontconfig-devel/fcstrsetequal.html ./fontconfig-devel/fcstrsetmember.html ./fontconfig-devel/fcstrstr.html ./fontconfig-devel/fcstrstrignorecase.html ./fontconfig-devel/fctolower.html ./fontconfig-devel/fcucs4toutf8.html ./fontconfig-devel/fcutf16len.html ./fontconfig-devel/fcutf16toucs4.html ./fontconfig-devel/fcutf8len.html ./fontconfig-devel/fcutf8toucs4.html ./fontconfig-devel/fcvaluedestroy.html ./fontconfig-devel/fcvalueequal.html ./fontconfig-devel/fcvalueprint.html ./fontconfig-devel/fcvaluesave.html ./fontconfig-devel/fcweightfromopentype.html ./fontconfig-devel/fcweightfromopentypedouble.html ./fontconfig-devel/fcweighttoopentype.html ./fontconfig-devel/fcweighttoopentypedouble.html ./fontconfig-devel/ln12.html ./fontconfig-devel/t1.html ./fontconfig-devel/x103.html ./fontconfig-devel/x19.html ./fontconfig-devel/x31.html '/tmp/pkg/fontconfig/usr/share/doc/fontconfig/fontconfig-devel'
 /usr/bin/install -c -m 644 FcConfigCreate.3 FcConfigReference.3 FcConfigDestroy.3 FcConfigSetCurrent.3 FcConfigGetCurrent.3 FcConfigUptoDate.3 FcConfigHome.3 FcConfigEnableHome.3 FcConfigBuildFonts.3 FcConfigGetConfigDirs.3 FcConfigGetFontDirs.3 FcConfigGetConfigFiles.3 FcConfigGetCache.3 FcConfigGetCacheDirs.3 FcConfigGetFonts.3 FcConfigGetBlanks.3 FcConfigGetRescanInterval.3 FcConfigSetRescanInterval.3 FcConfigAppFontAddFile.3 FcConfigAppFontAddDir.3 FcConfigAppFontClear.3 FcConfigSubstituteWithPat.3 FcConfigSubstitute.3 FcFontMatch.3 FcFontSort.3 FcFontRenderPrepare.3 FcFontList.3 FcConfigFilename.3 FcConfigGetFilename.3 FcConfigParseAndLoad.3 FcConfigParseAndLoadFromMemory.3 FcConfigGetSysRoot.3 FcConfigSetSysRoot.3 FcConfigFileInfoIterInit.3 FcConfigFileInfoIterNext.3 FcConfigFileInfoIterGet.3 FcNameRegisterConstants.3 FcNameUnregisterConstants.3 FcNameGetConstant.3 FcNameGetConstantFor.3 '/tmp/pkg/fontconfig/usr/share/man/man3'
 /usr/bin/install -c -m 644 FcNameConstant.3 FcDirCacheUnlink.3 FcDirCacheValid.3 FcDirCacheLoad.3 FcDirCacheRescan.3 FcDirCacheRead.3 FcDirCacheLoadFile.3 FcDirCacheUnload.3 FcFileScan.3 FcFileIsDir.3 FcDirScan.3 FcDirSave.3 FcFontSetCreate.3 FcFontSetDestroy.3 FcFontSetAdd.3 FcFontSetList.3 FcFontSetMatch.3 FcFontSetPrint.3 FcFontSetSort.3 FcFontSetSortDestroy.3 FcPatternFormat.3 FcFreeTypeCharIndex.3 FcFreeTypeCharSet.3 FcFreeTypeCharSetAndSpacing.3 FcFreeTypeQuery.3 FcFreeTypeQueryAll.3 FcFreeTypeQueryFace.3 FcInitLoadConfig.3 FcInitLoadConfigAndFonts.3 FcInit.3 FcFini.3 FcGetVersion.3 FcInitReinitialize.3 FcInitBringUptoDate.3 FcLangSetCreate.3 FcLangSetDestroy.3 FcLangSetCopy.3 FcLangSetAdd.3 FcLangSetDel.3 FcLangSetUnion.3 '/tmp/pkg/fontconfig/usr/share/man/man3'
 /usr/bin/install -c -m 644 FcLangSetSubtract.3 FcLangSetCompare.3 FcLangSetContains.3 FcLangSetEqual.3 FcLangSetHash.3 FcLangSetHasLang.3 FcGetDefaultLangs.3 FcLangSetGetLangs.3 FcGetLangs.3 FcLangNormalize.3 FcLangGetCharSet.3 FcMatrixInit.3 FcMatrixCopy.3 FcMatrixEqual.3 FcMatrixMultiply.3 FcMatrixRotate.3 FcMatrixScale.3 FcMatrixShear.3 FcObjectSetCreate.3 FcObjectSetAdd.3 FcObjectSetDestroy.3 FcObjectSetBuild.3 FcNameRegisterObjectTypes.3 FcNameUnregisterObjectTypes.3 FcNameGetObjectType.3 FcPatternCreate.3 FcPatternDuplicate.3 FcPatternReference.3 FcPatternDestroy.3 FcPatternObjectCount.3 FcPatternEqual.3 FcPatternEqualSubset.3 FcPatternFilter.3 FcPatternHash.3 FcPatternAdd.3 FcPatternAddWeak.3 FcPatternAdd-Type.3 FcPatternGetWithBinding.3 FcPatternGet.3 FcPatternGet-Type.3 '/tmp/pkg/fontconfig/usr/share/man/man3'
 /usr/bin/install -c -m 644 FcPatternBuild.3 FcPatternDel.3 FcPatternRemove.3 FcPatternIterStart.3 FcPatternIterNext.3 FcPatternIterEqual.3 FcPatternFindIter.3 FcPatternIterIsValid.3 FcPatternIterGetObject.3 FcPatternIterValueCount.3 FcPatternIterGetValue.3 FcPatternPrint.3 FcDefaultSubstitute.3 FcNameParse.3 FcNameUnparse.3 FcRangeCopy.3 FcRangeCreateDouble.3 FcRangeCreateInteger.3 FcRangeDestroy.3 FcRangeGetDouble.3 FcUtf8ToUcs4.3 FcUcs4ToUtf8.3 FcUtf8Len.3 FcUtf16ToUcs4.3 FcUtf16Len.3 FcIsLower.3 FcIsUpper.3 FcToLower.3 FcStrCopy.3 FcStrDowncase.3 FcStrCopyFilename.3 FcStrCmp.3 FcStrCmpIgnoreCase.3 FcStrStr.3 FcStrStrIgnoreCase.3 FcStrPlus.3 FcStrFree.3 FcStrBuildFilename.3 FcStrDirname.3 FcStrBasename.3 '/tmp/pkg/fontconfig/usr/share/man/man3'
 /usr/bin/install -c -m 644 FcStrSetCreate.3 FcStrSetMember.3 FcStrSetEqual.3 FcStrSetAdd.3 FcStrSetAddFilename.3 FcStrSetDel.3 FcStrSetDestroy.3 FcStrListCreate.3 FcStrListFirst.3 FcStrListNext.3 FcStrListDone.3 FcValueDestroy.3 FcValueSave.3 FcValuePrint.3 FcValueEqual.3 FcWeightFromOpenTypeDouble.3 FcWeightToOpenTypeDouble.3 FcWeightFromOpenType.3 FcWeightToOpenType.3 '/tmp/pkg/fontconfig/usr/share/man/man3'
make[3]: Leaving directory '/tmp/src/fontconfig-2.15.0/doc'
make[2]: Leaving directory '/tmp/src/fontconfig-2.15.0/doc'
make[1]: Leaving directory '/tmp/src/fontconfig-2.15.0/doc'
make[1]: Entering directory '/tmp/src/fontconfig-2.15.0'
make[2]: Entering directory '/tmp/src/fontconfig-2.15.0'
make[2]: Nothing to be done for 'install-exec-am'.
sed \
	-e 's,@FC_CACHEDIR\@,/var/cache/fontconfig,g' \
	-e 's,@FC_DEFAULT_FONTS\@,	<dir>/usr/share/fonts</dir>,g' \
	-e 's,@FC_FONTPATH\@,,g' \
	-e 's,@CONFIGDIR\@,conf.d,g' \
	-e 's,@PACKAGE\@,fontconfig,g' \
	-e 's,@VERSION\@,2.15.0,g' \
	./fonts.conf.in > fonts.conf.tmp && \
mv fonts.conf.tmp fonts.conf
 ./install-sh -c -d '/tmp/pkg/fontconfig/usr/lib/pkgconfig'
 ./install-sh -c -d '/tmp/pkg/fontconfig/usr/share/xml/fontconfig'
/bin/sh /tmp/src/fontconfig-2.15.0/install-sh -d /tmp/pkg/fontconfig/etc/fonts /tmp/pkg/fontconfig/var/cache/fontconfig
if [ -f /tmp/pkg/fontconfig/etc/fonts/fonts.conf ]; then \
  echo "backing up existing /tmp/pkg/fontconfig/etc/fonts/fonts.conf"; \
  mv /tmp/pkg/fontconfig/etc/fonts/fonts.conf /tmp/pkg/fontconfig/etc/fonts/fonts.conf.bak; \
fi
if [ -f ./fonts.conf ]; then \
  echo " /usr/bin/install -c -m 644 ./fonts.conf /tmp/pkg/fontconfig/etc/fonts/fonts.conf"; \
  /usr/bin/install -c -m 644 ./fonts.conf /tmp/pkg/fontconfig/etc/fonts/fonts.conf; \
else if [ -f fonts.conf ]; then \
  echo " /usr/bin/install -c -m 644 fonts.conf /tmp/pkg/fontconfig/etc/fonts/fonts.conf"; \
  /usr/bin/install -c -m 644 fonts.conf /tmp/pkg/fontconfig/etc/fonts/fonts.conf; \
fi; fi
 /usr/bin/install -c -m 644 ./fonts.conf /tmp/pkg/fontconfig/etc/fonts/fonts.conf
***
*** Warning: fonts.cache not built
***
*** Generate this file manually on host system using fc-cache
***
 /usr/bin/install -c -m 644 fontconfig.pc '/tmp/pkg/fontconfig/usr/lib/pkgconfig'
 /usr/bin/install -c -m 644 fonts.dtd '/tmp/pkg/fontconfig/usr/share/xml/fontconfig'
make[2]: Leaving directory '/tmp/src/fontconfig-2.15.0'
make[1]: Leaving directory '/tmp/src/fontconfig-2.15.0'
>>> fontconfig-static*: Running split function static...
'usr/lib/libfontconfig.a' -> '/tmp/pkg/fontconfig-static/usr/lib/libfontconfig.a'
>>> fontconfig-static*: Preparing subpackage fontconfig-static...
>>> fontconfig-static*: Stripping binaries
>>> fontconfig-static*: Running postcheck for fontconfig-static
>>> fontconfig-dev*: Running split function dev...
'usr/include' -> '/tmp/pkg/fontconfig-dev/usr/include'
'usr/lib/pkgconfig' -> '/tmp/pkg/fontconfig-dev/usr/lib/pkgconfig'
'usr/share/gettext' -> '/tmp/pkg/fontconfig-dev/usr/share/gettext'
'usr/lib/libfontconfig.so' -> '/tmp/pkg/fontconfig-dev/usr/lib/libfontconfig.so'
>>> fontconfig-dev*: Preparing subpackage fontconfig-dev...
>>> fontconfig-dev*: Stripping binaries
>>> fontconfig-dev*: Running postcheck for fontconfig-dev
>>> fontconfig-doc*: Running split function doc...
'usr/share/doc' -> '/tmp/pkg/fontconfig-doc/usr/share/doc'
'usr/share/man' -> '/tmp/pkg/fontconfig-doc/usr/share/man'
>>> fontconfig-doc*: Preparing subpackage fontconfig-doc...
>>> fontconfig-doc*: Running postcheck for fontconfig-doc
>>> fontconfig*: Running postcheck for fontconfig
>>> fontconfig*: Preparing package fontconfig...
>>> fontconfig*: Stripping binaries
>>> fontconfig*: Script found. /bin/sh added as a dependency for fontconfig-2.15.0-r3.apk
>>> fontconfig*: Adding .trigger
>>> fontconfig-dev*: Scanning shared objects
>>> fontconfig-doc*: Scanning shared objects
>>> fontconfig-static*: Scanning shared objects
>>> fontconfig*: Scanning shared objects
>>> fontconfig-dev*: Tracing dependencies...
	fontconfig=2.15.0-r3
	pc:expat
	pc:freetype2>=21.0.15
	pkgconfig
>>> fontconfig-dev*: Package size: 37.6 KB
>>> fontconfig-dev*: Compressing data...
>>> fontconfig-dev*: Create checksum...
>>> fontconfig-dev*: Create fontconfig-dev-2.15.0-r3.apk
>>> fontconfig-doc*: Tracing dependencies...
>>> fontconfig-doc*: Package size: 1.5 MB
>>> fontconfig-doc*: Compressing data...
>>> fontconfig-doc*: Create checksum...
>>> fontconfig-doc*: Create fontconfig-doc-2.15.0-r3.apk
>>> fontconfig-static*: Tracing dependencies...
>>> fontconfig-static*: Package size: 476.8 KB
>>> fontconfig-static*: Compressing data...
>>> fontconfig-static*: Create checksum...
>>> fontconfig-static*: Create fontconfig-static-2.15.0-r3.apk
>>> fontconfig*: Tracing dependencies...
	/bin/sh
	so:libc.musl-x86_64.so.1
	so:libexpat.so.1
	so:libfreetype.so.6
>>> fontconfig*: Package size: 516.2 KB
>>> fontconfig*: Compressing data...
>>> fontconfig*: Create checksum...
>>> fontconfig*: Create fontconfig-2.15.0-r3.apk
>>> fontconfig: Updating the main/x86_64 repository index...
>>> fontconfig: Signing the index...
>>> fontconfig: Cleaning up srcdir
>>> fontconfig: Cleaning up build chroot
>>> fontconfig: Cleaning up pkgdir
