>>> mkfontscale: Validating /home/packager/oily-pine/main/mkfontscale/APKBUILD...
>>> mkfontscale: Cleaning up srcdir
>>> mkfontscale: Cleaning up pkgdir
>>> mkfontscale: Cleaning up tmpdir
>>> mkfontscale: Fetching https://www.x.org/releases/individual/app/mkfontscale-1.2.3.tar.xz
  % Total    % Received % Xferd  Average Speed   Time    Time     Time  Current
                                 Dload  Upload   Total   Spent    Left  Speed
  0     0    0     0    0     0      0      0 --:--:-- --:--:-- --:--:--     0  0     0    0     0    0     0      0      0 --:--:-- --:--:-- --:--:--     0100  142k  100  142k    0     0   118k      0  0:00:01  0:00:01 --:--:--  118k
>>> mkfontscale: Fetching https://www.x.org/releases/individual/app/mkfontscale-1.2.3.tar.xz
>>> mkfontscale: Checking sha512sums...
mkfontscale-1.2.3.tar.xz: OK
>>> mkfontscale: Preparing build chroot...
fetch http://dl-cdn.alpinelinux.org/alpine/edge/main/x86_64/APKINDEX.tar.gz
(1/81) Installing musl (1.2.5-r10)
(2/81) Installing libcrypto3 (3.5.0-r0)
(3/81) Installing ca-certificates-bundle (20241121-r2)
(4/81) Installing libssl3 (3.5.0-r0)
(5/81) Installing zlib (1.3.1-r2)
(6/81) Installing libapk2 (2.14.9-r2)
(7/81) Installing apk-tools (2.14.9-r2)
(8/81) Installing libcap2 (2.76-r0)
(9/81) Installing libcap-getcap (2.76-r0)
(10/81) Installing fakeroot (1.37.1.1-r0)
(11/81) Installing scanelf (1.3.8-r1)
(12/81) Installing musl-utils (1.2.5-r10)
(13/81) Installing libgcc (14.3.0-r0)
(14/81) Installing libstdc++ (14.3.0-r0)
(15/81) Installing lzip (1.25-r0)
(16/81) Installing openssl (3.5.0-r0)
(17/81) Installing patch (2.8-r0)
(18/81) Installing pkgconf (2.4.3-r0)
(19/81) Installing acl-libs (2.3.2-r1)
(20/81) Installing tar (1.35-r3)
(21/81) Installing busybox (1.37.0-r18)
Executing busybox-1.37.0-r18.post-install
(22/81) Installing ssl_client (1.37.0-r18)
(23/81) Installing busybox-binsh (1.37.0-r18)
(24/81) Installing abuild (3.15.0-r0)
Executing abuild-3.15.0-r0.pre-install
(25/81) Installing abuild-sudo (3.15.0-r0)
(26/81) Installing alpine-baselayout-data (3.7.0-r0)
(27/81) Installing alpine-baselayout (3.7.0-r0)
Executing alpine-baselayout-3.7.0-r0.pre-install
Executing alpine-baselayout-3.7.0-r0.post-install
(28/81) Installing bridge (1.5-r5)
(29/81) Installing ifupdown-ng (0.12.1-r7)
(30/81) Installing openrc-user (0.62.2-r2)
(31/81) Installing openrc (0.62.2-r2)
Executing openrc-0.62.2-r2.post-install
(32/81) Installing mdev-conf (4.8-r0)
(33/81) Installing busybox-mdev-openrc (1.37.0-r18)
(34/81) Installing alpine-conf (3.20.0-r0)
(35/81) Installing alpine-keys (2.5-r0)
(36/81) Installing alpine-release (3.22.0-r0)
(37/81) Installing busybox-openrc (1.37.0-r18)
(38/81) Installing busybox-suid (1.37.0-r18)
(39/81) Installing alpine-base (3.22.0-r0)
(40/81) Installing jansson (2.14.1-r0)
(41/81) Installing zstd-libs (1.5.7-r0)
(42/81) Installing binutils (2.44-r0)
(43/81) Installing libmagic (5.46-r2)
(44/81) Installing file (5.46-r2)
(45/81) Installing libgomp (14.3.0-r0)
(46/81) Installing libatomic (14.3.0-r0)
(47/81) Installing gmp (6.3.0-r3)
(48/81) Installing isl26 (0.26-r1)
(49/81) Installing mpfr4 (4.2.1_p1-r0)
(50/81) Installing mpc1 (1.3.1-r1)
(51/81) Installing gcc (14.3.0-r0)
(52/81) Installing libstdc++-dev (14.3.0-r0)
(53/81) Installing musl-dev (1.2.5-r10)
(54/81) Installing g++ (14.3.0-r0)
(55/81) Installing make (4.4.1-r3)
(56/81) Installing fortify-headers (1.1-r5)
(57/81) Installing build-base (0.5-r3)
(58/81) Installing brotli-libs (1.1.0-r2)
(59/81) Installing libbz2 (1.0.8-r6)
(60/81) Installing libpng (1.6.47-r0)
(61/81) Installing freetype (2.13.3-r0)
(62/81) Installing bzip2-dev (1.0.8-r6)
(63/81) Installing brotli (1.1.0-r2)
(64/81) Installing brotli-dev (1.1.0-r2)
(65/81) Installing zlib-dev (1.3.1-r2)
(66/81) Installing libpng-dev (1.6.47-r0)
(67/81) Installing freetype-dev (2.13.3-r0)
(68/81) Installing c-ares (1.34.5-r0)
(69/81) Installing libunistring (1.3-r0)
(70/81) Installing libidn2 (2.3.7-r0)
(71/81) Installing nghttp2-libs (1.65.0-r0)
(72/81) Installing libpsl (0.21.5-r3)
(73/81) Installing libcurl (8.14.0-r2)
(74/81) Installing libexpat (2.7.1-r0)
(75/81) Installing pcre2 (10.43-r1)
(76/81) Installing git (2.49.0-r0)
(77/81) Installing git-init-template (2.49.0-r0)
(78/81) Installing libfontenc (1.1.8-r0)
(79/81) Installing libfontenc-dev (1.1.8-r0)
(80/81) Installing util-macros (1.20.1-r0)
(81/81) Installing xorgproto (2024.1-r0)
Executing busybox-1.37.0-r18.trigger
OK: 264 MiB in 81 packages
>>> mkfontscale: Fetching https://www.x.org/releases/individual/app/mkfontscale-1.2.3.tar.xz
>>> mkfontscale: Checking sha512sums...
mkfontscale-1.2.3.tar.xz: OK
>>> mkfontscale: Unpacking /var/cache/distfiles/mkfontscale-1.2.3.tar.xz...
checking for x86_64-alpine-linux-musl-gcc... cc
checking whether the C compiler works... yes
checking for C compiler default output file name... a.out
checking for suffix of executables... 
checking whether we are cross compiling... no
checking for suffix of object files... o
checking whether the compiler supports GNU C... yes
checking whether cc accepts -g... yes
checking for cc option to enable C11 features... none needed
checking whether cc understands -c and -o together... yes
checking for stdio.h... yes
checking for stdlib.h... yes
checking for string.h... yes
checking for inttypes.h... yes
checking for stdint.h... yes
checking for strings.h... yes
checking for sys/stat.h... yes
checking for sys/types.h... yes
checking for unistd.h... yes
checking for wchar.h... yes
checking for minix/config.h... no
checking whether it is safe to define __EXTENSIONS__... yes
checking whether _XOPEN_SOURCE should be defined... no
checking for a BSD-compatible install... /usr/bin/install -c
checking whether build environment is sane... yes
checking for a race-free mkdir -p... /bin/mkdir -p
checking for gawk... no
checking for mawk... no
checking for nawk... no
checking for awk... awk
checking whether make sets $(MAKE)... yes
checking whether make supports the include directive... yes (GNU style)
checking whether make supports nested variables... yes
checking dependency style of cc... gcc3
checking for cc options needed to detect all undeclared functions... none needed
checking whether __clang__ is declared... no
checking whether __INTEL_COMPILER is declared... no
checking whether __SUNPRO_C is declared... no
checking for x86_64-alpine-linux-musl-pkg-config... no
checking for pkg-config... /usr/bin/pkg-config
checking pkg-config is at least version 0.9.0... yes
checking build system type... x86_64-alpine-linux-musl
checking host system type... x86_64-alpine-linux-musl
checking for a sed that does not truncate output... /bin/sed
checking if cc supports -Werror=unknown-warning-option... no
checking if cc supports -Werror=unused-command-line-argument... no
checking if cc supports -Wall... yes
checking if cc supports -Wpointer-arith... yes
checking if cc supports -Wmissing-declarations... yes
checking if cc supports -Wformat=2... yes
checking if cc supports -Wstrict-prototypes... yes
checking if cc supports -Wmissing-prototypes... yes
checking if cc supports -Wnested-externs... yes
checking if cc supports -Wbad-function-cast... yes
checking if cc supports -Wold-style-definition... yes
checking if cc supports -Wdeclaration-after-statement... yes
checking if cc supports -Wunused... yes
checking if cc supports -Wuninitialized... yes
checking if cc supports -Wshadow... yes
checking if cc supports -Wmissing-noreturn... yes
checking if cc supports -Wmissing-format-attribute... yes
checking if cc supports -Wredundant-decls... yes
checking if cc supports -Wlogical-op... yes
checking if cc supports -Werror=implicit... yes
checking if cc supports -Werror=nonnull... yes
checking if cc supports -Werror=init-self... yes
checking if cc supports -Werror=main... yes
checking if cc supports -Werror=missing-braces... yes
checking if cc supports -Werror=sequence-point... yes
checking if cc supports -Werror=return-type... yes
checking if cc supports -Werror=trigraphs... yes
checking if cc supports -Werror=array-bounds... yes
checking if cc supports -Werror=write-strings... yes
checking if cc supports -Werror=address... yes
checking if cc supports -Werror=int-to-pointer-cast... yes
checking if cc supports -Werror=pointer-to-int-cast... yes
checking if cc supports -pedantic... yes
checking if cc supports -Werror... yes
checking if cc supports -Werror=attributes... yes
checking whether make supports nested variables... (cached) yes
checking for cc option to enable large file support... none needed
checking for vasprintf... yes
checking for MKFONTSCALE... yes
checking for ZLIB... yes
checking for X11... yes
checking that generated files are newer than configure... done
configure: creating ./config.status
config.status: creating Makefile
config.status: creating man/Makefile
config.status: creating config.h
config.status: executing depfiles commands
make  all-recursive
make[1]: Entering directory '/tmp/src/mkfontscale-1.2.3'
Making all in man
make[2]: Entering directory '/tmp/src/mkfontscale-1.2.3/man'
  GEN      mkfontdir.1
  GEN      mkfontscale.1
make[2]: Leaving directory '/tmp/src/mkfontscale-1.2.3/man'
make[2]: Entering directory '/tmp/src/mkfontscale-1.2.3'
  CC       constlist.o
  CC       hash.o
  CC       ident.o
  CC       list.o
  CC       mkfontscale.o
  GEN      mkfontdir
  CCLD     mkfontscale
make[2]: Leaving directory '/tmp/src/mkfontscale-1.2.3'
make[1]: Leaving directory '/tmp/src/mkfontscale-1.2.3'
>>> mkfontscale: Entering fakeroot...
Making install in man
make[1]: Entering directory '/tmp/src/mkfontscale-1.2.3/man'
make[2]: Entering directory '/tmp/src/mkfontscale-1.2.3/man'
make[2]: Nothing to be done for 'install-exec-am'.
 /bin/mkdir -p '/tmp/pkg/mkfontscale/usr/share/man/man1'
 /usr/bin/install -c -m 644 mkfontdir.1 mkfontscale.1 '/tmp/pkg/mkfontscale/usr/share/man/man1'
make[2]: Leaving directory '/tmp/src/mkfontscale-1.2.3/man'
make[1]: Leaving directory '/tmp/src/mkfontscale-1.2.3/man'
make[1]: Entering directory '/tmp/src/mkfontscale-1.2.3'
make[2]: Entering directory '/tmp/src/mkfontscale-1.2.3'
make[2]: Nothing to be done for 'install-data-am'.
 /bin/mkdir -p '/tmp/pkg/mkfontscale/usr/bin'
 /bin/mkdir -p '/tmp/pkg/mkfontscale/usr/bin'
  /usr/bin/install -c mkfontscale '/tmp/pkg/mkfontscale/usr/bin'
 /usr/bin/install -c mkfontdir '/tmp/pkg/mkfontscale/usr/bin'
make[2]: Leaving directory '/tmp/src/mkfontscale-1.2.3'
make[1]: Leaving directory '/tmp/src/mkfontscale-1.2.3'
>>> mkfontscale-doc*: Running split function doc...
'usr/share/man' -> '/tmp/pkg/mkfontscale-doc/usr/share/man'
>>> mkfontscale-doc*: Preparing subpackage mkfontscale-doc...
>>> mkfontscale-doc*: Running postcheck for mkfontscale-doc
>>> mkfontscale*: Running postcheck for mkfontscale
>>> mkfontscale*: Preparing package mkfontscale...
>>> mkfontscale*: Stripping binaries
>>> mkfontscale*: Script found. /bin/sh added as a dependency for mkfontscale-1.2.3-r1.apk
>>> mkfontscale*: Adding .trigger
>>> mkfontscale-doc*: Scanning shared objects
>>> mkfontscale*: Scanning shared objects
>>> mkfontscale-doc*: Tracing dependencies...
>>> mkfontscale-doc*: Package size: 4.3 KB
>>> mkfontscale-doc*: Compressing data...
>>> mkfontscale-doc*: Create checksum...
>>> mkfontscale-doc*: Create mkfontscale-doc-1.2.3-r1.apk
>>> mkfontscale*: Tracing dependencies...
	/bin/sh
	so:libc.musl-x86_64.so.1
	so:libfontenc.so.1
	so:libfreetype.so.6
	so:libz.so.1
>>> mkfontscale*: Package size: 34.4 KB
>>> mkfontscale*: Compressing data...
>>> mkfontscale*: Create checksum...
>>> mkfontscale*: Create mkfontscale-1.2.3-r1.apk
>>> mkfontscale: Updating the main/x86_64 repository index...
>>> mkfontscale: Signing the index...
>>> mkfontscale: Cleaning up srcdir
>>> mkfontscale: Cleaning up build chroot
>>> mkfontscale: Cleaning up pkgdir
