pigz: not found
>>> vlan: Building main/vlan 2.3-r1 (using abuild 3.14.1-r4) started Sun, 18 May 2025 09:32:49 +0000
>>> vlan: Validating /home/packager/aports/main/vlan/APKBUILD...
>>> vlan: Analyzing dependencies...
>>> vlan: Installing for build: build-base
(1/1) Installing .makedepends-vlan (20250518.093250)
OK: 261 MiB in 82 packages
>>> vlan: Cleaning up srcdir
>>> vlan: Cleaning up pkgdir
>>> vlan: Cleaning up tmpdir
>>> vlan: Checking sha512sums...
mvlan.post-down: OK
mvlan.pre-up: OK
vlan.post-down: OK
vlan.pre-up: OK
>>> vlan: Entering fakeroot...
>>> vlan*: Running postcheck for vlan
>>> vlan*: Preparing package vlan...
>>> vlan*: Tracing dependencies...
>>> vlan*: Package size: 2.2 KB
>>> vlan*: Compressing data...
>>> vlan*: Create checksum...
pigz: not found
>>> vlan*: Create vlan-2.3-r1.apk
>>> vlan: Build complete at Sun, 18 May 2025 09:32:51 +0000 elapsed time 0h 0m 2s
>>> vlan: Cleaning up srcdir
>>> vlan: Cleaning up pkgdir
>>> vlan: Uninstalling dependencies...
(1/1) Purging .makedepends-vlan (20250518.093250)
OK: 261 MiB in 81 packages
>>> vlan: Updating the main/x86_64 repository index...
>>> vlan: Signing the index...
pigz: not found
