pigz: not found
>>> py3-iniconfig: Building main/py3-iniconfig 2.1.0-r0 (using abuild 3.14.1-r4) started Fri, 16 May 2025 20:36:59 +0000
>>> py3-iniconfig: Validating /home/packager/aports/main/py3-iniconfig/APKBUILD...
>>> py3-iniconfig: Analyzing dependencies...
>>> py3-iniconfig: Installing for build: build-base py3-gpep517 py3-setuptools py3-wheel py3-py py3-hatch-vcs py3-hatchling
(1/40) Installing libbz2 (1.0.8-r6)
(2/40) Installing libffi (3.4.7-r0)
(3/40) Installing gdbm (1.24-r0)
(4/40) Installing xz-libs (5.6.3-r1)
(5/40) Installing mpdecimal (4.0.0-r0)
(6/40) Installing libpanelw (6.5_p20250503-r0)
(7/40) Installing sqlite-libs (3.49.2-r0)
(8/40) Installing python3 (3.12.10-r0)
(9/40) Installing python3-pycache-pyc0 (3.12.10-r0)
(10/40) Installing pyc (3.12.10-r0)
(11/40) Installing py3-installer-pyc (0.7.0-r2)
(12/40) Installing py3-gpep517-pyc (19-r0)
(13/40) Installing python3-pyc (3.12.10-r0)
(14/40) Installing py3-installer (0.7.0-r2)
(15/40) Installing py3-gpep517 (19-r0)
(16/40) Installing py3-parsing (3.2.3-r0)
(17/40) Installing py3-parsing-pyc (3.2.3-r0)
(18/40) Installing py3-packaging (25.0-r0)
(19/40) Installing py3-packaging-pyc (25.0-r0)
(20/40) Installing py3-setuptools (80.3.1-r0)
(21/40) Installing py3-setuptools-pyc (80.3.1-r0)
(22/40) Installing py3-wheel (0.46.1-r0)
(23/40) Installing py3-wheel-pyc (0.46.1-r0)
(24/40) Installing py3-py (1.11.0-r4)
(25/40) Installing py3-py-pyc (1.11.0-r4)
(26/40) Installing py3-editables (0.5-r2)
(27/40) Installing py3-editables-pyc (0.5-r2)
(28/40) Installing py3-pathspec (0.12.1-r2)
(29/40) Installing py3-pathspec-pyc (0.12.1-r2)
(30/40) Installing py3-pluggy (1.5.0-r0)
(31/40) Installing py3-pluggy-pyc (1.5.0-r0)
(32/40) Installing py3-trove-classifiers (2025.1.15.22-r0)
(33/40) Installing py3-trove-classifiers-pyc (2025.1.15.22-r0)
(34/40) Installing py3-hatchling (1.27.0-r0)
(35/40) Installing py3-hatchling-pyc (1.27.0-r0)
(36/40) Installing py3-setuptools_scm (8.2.0-r0)
(37/40) Installing py3-setuptools_scm-pyc (8.2.0-r0)
(38/40) Installing py3-hatch-vcs (0.4.0-r2)
(39/40) Installing py3-hatch-vcs-pyc (0.4.0-r2)
(40/40) Installing .makedepends-py3-iniconfig (20250516.203700)
Executing busybox-1.37.0-r12.trigger
OK: 307 MiB in 114 packages
>>> py3-iniconfig: Cleaning up srcdir
>>> py3-iniconfig: Cleaning up pkgdir
>>> py3-iniconfig: Cleaning up tmpdir
>>> py3-iniconfig: Fetching https://files.pythonhosted.org/packages/source/i/iniconfig/iniconfig-2.1.0.tar.gz
Connecting to files.pythonhosted.org (151.101.64.223:443)
Connecting to files.pythonhosted.org (151.101.64.223:443)
saving to '/var/cache/distfiles/iniconfig-2.1.0.tar.gz.part'
iniconfig-2.1.0.tar. 100% |********************************|  4793  0:00:00 ETA
'/var/cache/distfiles/iniconfig-2.1.0.tar.gz.part' saved
>>> py3-iniconfig: Fetching https://github.com/pytest-dev/iniconfig/raw/v2.1.0/testing/test_iniconfig.py
Connecting to github.com (140.82.121.3:443)
Connecting to raw.githubusercontent.com (185.199.111.133:443)
saving to '/var/cache/distfiles/test_iniconfig.py.part'
test_iniconfig.py.pa 100% |********************************|  8197  0:00:00 ETA
'/var/cache/distfiles/test_iniconfig.py.part' saved
>>> py3-iniconfig: Fetching https://files.pythonhosted.org/packages/source/i/iniconfig/iniconfig-2.1.0.tar.gz
>>> py3-iniconfig: Fetching https://github.com/pytest-dev/iniconfig/raw/v2.1.0/testing/test_iniconfig.py
>>> py3-iniconfig: Checking sha512sums...
iniconfig-2.1.0.tar.gz: OK
test_iniconfig.py: OK
unittest_tests.patch: OK
>>> py3-iniconfig: Unpacking /var/cache/distfiles/iniconfig-2.1.0.tar.gz...
>>> py3-iniconfig: unittest_tests.patch
patching file test_iniconfig.py
2025-05-16 20:37:02,263 gpep517 INFO Building wheel via backend hatchling.build
2025-05-16 20:37:02,409 gpep517 INFO The backend produced .dist/iniconfig-2.1.0-py3-none-any.whl
iniconfig-2.1.0-py3-none-any.whl
test_ParseError (test_iniconfig.TestIniConfig.test_ParseError) ... ok
test_api_import (test_iniconfig.TestIniConfig.test_api_import) ... ok
test_config_contains (test_iniconfig.TestIniConfig.test_config_contains) ... ok
test_config_iter (test_iniconfig.TestIniConfig.test_config_iter) ... ok
test_continuation_cant_be_after_section (test_iniconfig.TestIniConfig.test_continuation_cant_be_after_section) ... ok
test_continuation_needs_perceeding_token (test_iniconfig.TestIniConfig.test_continuation_needs_perceeding_token) ... ok
test_error_on_weird_lines (test_iniconfig.TestIniConfig.test_error_on_weird_lines) ... ok
test_example_pypirc (test_iniconfig.TestIniConfig.test_example_pypirc) ... ok
test_iniconfig_duplicate_key_fails (test_iniconfig.TestIniConfig.test_iniconfig_duplicate_key_fails) ... ok
test_iniconfig_from_file (test_iniconfig.TestIniConfig.test_iniconfig_from_file) ... ok
test_iniconfig_get_convert (test_iniconfig.TestIniConfig.test_iniconfig_get_convert) ... ok
test_iniconfig_get_missing (test_iniconfig.TestIniConfig.test_iniconfig_get_missing) ... ok
test_iniconfig_lineof (test_iniconfig.TestIniConfig.test_iniconfig_lineof) ... ok
test_iniconfig_section_duplicate_fails (test_iniconfig.TestIniConfig.test_iniconfig_section_duplicate_fails) ... ok
test_iniconfig_section_first (test_iniconfig.TestIniConfig.test_iniconfig_section_first) ... ok
test_iscommentline_true (test_iniconfig.TestIniConfig.test_iscommentline_true) ... ok
test_iter_file_order (test_iniconfig.TestIniConfig.test_iter_file_order) ... ok
test_missing_section (test_iniconfig.TestIniConfig.test_missing_section) ... ok
test_parse_empty (test_iniconfig.TestIniConfig.test_parse_empty) ... ok
test_section_cant_be_empty (test_iniconfig.TestIniConfig.test_section_cant_be_empty) ... ok
test_section_get (test_iniconfig.TestIniConfig.test_section_get) ... ok
test_section_getitem (test_iniconfig.TestIniConfig.test_section_getitem) ... ok
test_section_iter (test_iniconfig.TestIniConfig.test_section_iter) ... ok
test_tokenize (test_iniconfig.TestIniConfig.test_tokenize) ... ok

----------------------------------------------------------------------
Ran 24 tests in 0.003s

OK
>>> py3-iniconfig: Entering fakeroot...
>>> py3-iniconfig-pyc*: Running split function pyc...
'usr/lib/python3.12/site-packages/iniconfig/__pycache__' -> '/home/packager/aports/main/py3-iniconfig/pkg/py3-iniconfig-pyc/usr/lib/python3.12/site-packages/iniconfig/__pycache__'
>>> py3-iniconfig-pyc*: Preparing subpackage py3-iniconfig-pyc...
>>> py3-iniconfig-pyc*: Running postcheck for py3-iniconfig-pyc
>>> py3-iniconfig*: Running postcheck for py3-iniconfig
>>> py3-iniconfig*: Preparing package py3-iniconfig...
>>> py3-iniconfig-pyc*: Tracing dependencies...
	python3~3.12
>>> py3-iniconfig-pyc*: Package size: 13.7 KB
>>> py3-iniconfig-pyc*: Compressing data...
>>> py3-iniconfig-pyc*: Create checksum...
pigz: not found
>>> py3-iniconfig-pyc*: Create py3-iniconfig-pyc-2.1.0-r0.apk
>>> py3-iniconfig*: Tracing dependencies...
	python3~3.12
>>> py3-iniconfig*: Package size: 13.1 KB
>>> py3-iniconfig*: Compressing data...
>>> py3-iniconfig*: Create checksum...
pigz: not found
>>> py3-iniconfig*: Create py3-iniconfig-2.1.0-r0.apk
>>> py3-iniconfig: Build complete at Fri, 16 May 2025 20:37:03 +0000 elapsed time 0h 0m 4s
>>> py3-iniconfig: Cleaning up srcdir
>>> py3-iniconfig: Cleaning up pkgdir
>>> py3-iniconfig: Uninstalling dependencies...
(1/40) Purging .makedepends-py3-iniconfig (20250516.203700)
(2/40) Purging py3-gpep517-pyc (19-r0)
(3/40) Purging py3-gpep517 (19-r0)
(4/40) Purging py3-installer-pyc (0.7.0-r2)
(5/40) Purging py3-installer (0.7.0-r2)
(6/40) Purging py3-wheel-pyc (0.46.1-r0)
(7/40) Purging py3-wheel (0.46.1-r0)
(8/40) Purging py3-py-pyc (1.11.0-r4)
(9/40) Purging py3-py (1.11.0-r4)
(10/40) Purging py3-hatch-vcs-pyc (0.4.0-r2)
(11/40) Purging py3-hatch-vcs (0.4.0-r2)
(12/40) Purging py3-setuptools_scm-pyc (8.2.0-r0)
(13/40) Purging py3-setuptools_scm (8.2.0-r0)
(14/40) Purging py3-setuptools-pyc (80.3.1-r0)
(15/40) Purging py3-setuptools (80.3.1-r0)
(16/40) Purging py3-hatchling-pyc (1.27.0-r0)
(17/40) Purging py3-hatchling (1.27.0-r0)
(18/40) Purging py3-editables-pyc (0.5-r2)
(19/40) Purging py3-editables (0.5-r2)
(20/40) Purging py3-packaging-pyc (25.0-r0)
(21/40) Purging py3-packaging (25.0-r0)
(22/40) Purging py3-parsing-pyc (3.2.3-r0)
(23/40) Purging py3-parsing (3.2.3-r0)
(24/40) Purging py3-pathspec-pyc (0.12.1-r2)
(25/40) Purging py3-pathspec (0.12.1-r2)
(26/40) Purging py3-pluggy-pyc (1.5.0-r0)
(27/40) Purging py3-pluggy (1.5.0-r0)
(28/40) Purging py3-trove-classifiers-pyc (2025.1.15.22-r0)
(29/40) Purging py3-trove-classifiers (2025.1.15.22-r0)
(30/40) Purging python3-pyc (3.12.10-r0)
(31/40) Purging python3-pycache-pyc0 (3.12.10-r0)
(32/40) Purging pyc (3.12.10-r0)
(33/40) Purging python3 (3.12.10-r0)
(34/40) Purging gdbm (1.24-r0)
(35/40) Purging libbz2 (1.0.8-r6)
(36/40) Purging libffi (3.4.7-r0)
(37/40) Purging libpanelw (6.5_p20250503-r0)
(38/40) Purging mpdecimal (4.0.0-r0)
(39/40) Purging sqlite-libs (3.49.2-r0)
(40/40) Purging xz-libs (5.6.3-r1)
Executing busybox-1.37.0-r12.trigger
OK: 259 MiB in 74 packages
>>> py3-iniconfig: Updating the main/x86_64 repository index...
>>> py3-iniconfig: Signing the index...
pigz: not found
