pigz: not found
>>> acf-dnscache: Building main/acf-dnscache 0.6.0-r4 (using abuild 3.14.1-r4) started Fri, 23 May 2025 01:53:10 +0000
>>> acf-dnscache: Validating /home/packager/aports/main/acf-dnscache/APKBUILD...
>>> acf-dnscache: Analyzing dependencies...
>>> acf-dnscache: Installing for build: build-base acf-core lua-posix dnscache
(1/16) Installing acf-jquery (0.4.3-r2)
(2/16) Installing lua-subprocess (0_git20230625-r1)
(3/16) Installing acf-lib (0.11.1-r0)
(4/16) Installing acf-skins (0.6.0-r3)
(5/16) Installing haserl-lua5.4 (0.9.36-r4)
(6/16) Installing acf-lib-lua5.4 (0.11.1-r0)
(7/16) Installing lua5.4-subprocess (0_git20230625-r1)
(8/16) Installing lua5.4-bit32 (5.3.0-r6)
(9/16) Installing lua5.4-posix (36.3-r0)
(10/16) Installing lua5.4-md5 (1.3-r2)
(11/16) Installing lua-json4 (1.0.1-r0)
(12/16) Installing acf-core (0.24.1-r0)
(13/16) Installing lua-posix (36.3-r0)
(14/16) Installing djbdns-common (1.05-r54)
(15/16) Installing dnscache (1.05-r54)
Executing dnscache-1.05-r54.pre-install
(16/16) Installing .makedepends-acf-dnscache (20250523.015315)
Executing busybox-1.37.0-r12.trigger
OK: 315 MiB in 130 packages
>>> acf-dnscache: Cleaning up srcdir
>>> acf-dnscache: Cleaning up pkgdir
>>> acf-dnscache: Cleaning up tmpdir
>>> acf-dnscache: Fetching https://gitlab.alpinelinux.org/acf/acf-dnscache/-/archive/v0.6.0/acf-dnscache-v0.6.0.tar.gz
Connecting to gitlab.alpinelinux.org (172.105.69.85:443)
saving to '/var/cache/distfiles/acf-dnscache-v0.6.0.tar.gz.part'
acf-dnscache-v0.6.0. 100% |********************************|  3967  0:00:00 ETA
'/var/cache/distfiles/acf-dnscache-v0.6.0.tar.gz.part' saved
>>> acf-dnscache: Fetching https://gitlab.alpinelinux.org/acf/acf-dnscache/-/archive/v0.6.0/acf-dnscache-v0.6.0.tar.gz
>>> acf-dnscache: Checking sha512sums...
acf-dnscache-v0.6.0.tar.gz: OK
>>> acf-dnscache: Unpacking /var/cache/distfiles/acf-dnscache-v0.6.0.tar.gz...
>>> acf-dnscache: Entering fakeroot...
mkdir -p "/home/packager/aports/main/acf-dnscache/pkg/acf-dnscache//usr/share/acf/app/dnscache"
cp -a dnscache*  "/home/packager/aports/main/acf-dnscache/pkg/acf-dnscache//usr/share/acf/app/dnscache"
>>> acf-dnscache*: Running postcheck for acf-dnscache
>>> acf-dnscache*: Preparing package acf-dnscache...
>>> acf-dnscache*: Tracing dependencies...
libfakeroot internal error: payload not recognized!
	acf-core
	lua-posix
	dnscache
>>> acf-dnscache*: Package size: 11.7 KB
>>> acf-dnscache*: Compressing data...
>>> acf-dnscache*: Create checksum...
libfakeroot internal error: payload not recognized!
pigz: not found
>>> acf-dnscache*: Create acf-dnscache-0.6.0-r4.apk
>>> acf-dnscache: Build complete at Fri, 23 May 2025 01:53:19 +0000 elapsed time 0h 0m 9s
>>> acf-dnscache: Cleaning up srcdir
>>> acf-dnscache: Cleaning up pkgdir
>>> acf-dnscache: Uninstalling dependencies...
(1/16) Purging .makedepends-acf-dnscache (20250523.015315)
(2/16) Purging acf-core (0.24.1-r0)
(3/16) Purging acf-jquery (0.4.3-r2)
(4/16) Purging acf-lib-lua5.4 (0.11.1-r0)
(5/16) Purging acf-lib (0.11.1-r0)
(6/16) Purging lua-subprocess (0_git20230625-r1)
(7/16) Purging acf-skins (0.6.0-r3)
(8/16) Purging haserl-lua5.4 (0.9.36-r4)
(9/16) Purging lua5.4-posix (36.3-r0)
(10/16) Purging lua5.4-bit32 (5.3.0-r6)
(11/16) Purging lua5.4-md5 (1.3-r2)
(12/16) Purging lua-json4 (1.0.1-r0)
(13/16) Purging lua5.4-subprocess (0_git20230625-r1)
(14/16) Purging lua-posix (36.3-r0)
(15/16) Purging dnscache (1.05-r54)
(16/16) Purging djbdns-common (1.05-r54)
Executing busybox-1.37.0-r12.trigger
OK: 313 MiB in 114 packages
>>> acf-dnscache: Updating the main/x86_64 repository index...
>>> acf-dnscache: Signing the index...
pigz: not found
