pigz: not found
>>> perl-mail-domainkeys: Building main/perl-mail-domainkeys 1.0-r5 (using abuild 3.14.1-r4) started Sun, 18 May 2025 09:39:24 +0000
>>> perl-mail-domainkeys: Validating /home/packager/aports/main/perl-mail-domainkeys/APKBUILD...
>>> perl-mail-domainkeys: Analyzing dependencies...
>>> perl-mail-domainkeys: Installing for build: build-base perl perl-crypt-openssl-rsa perl-mailtools perl-net-dns
(1/14) Installing libbz2 (1.0.8-r6)
(2/14) Installing perl (5.40.2-r0)
(3/14) Installing perl-crypt-openssl-random (0.17-r0)
(4/14) Installing perl-crypt-openssl-rsa (0.33-r4)
(5/14) Installing perl-timedate (2.33-r4)
(6/14) Installing perl-mailtools (2.22-r0)
(7/14) Installing perl-digest-sha1 (2.13-r19)
(8/14) Installing perl-digest-md5 (2.59-r2)
(9/14) Installing perl-digest-hmac (1.05-r0)
(10/14) Installing perl-net-dns (1.49-r0)
(11/14) Installing .makedepends-perl-mail-domainkeys (20250518.093926)
(12/14) Installing perl-error (0.17030-r0)
(13/14) Installing perl-git (2.47.2-r0)
(14/14) Installing git-perl (2.47.2-r0)
Executing busybox-1.37.0-r12.trigger
OK: 298 MiB in 95 packages
>>> perl-mail-domainkeys: Cleaning up srcdir
>>> perl-mail-domainkeys: Cleaning up pkgdir
>>> perl-mail-domainkeys: Cleaning up tmpdir
>>> perl-mail-domainkeys: Fetching https://cpan.metacpan.org/authors/id/A/AN/ANTHONYU/Mail-DomainKeys-1.0.tar.gz
Connecting to cpan.metacpan.org (146.75.122.217:443)
saving to '/var/cache/distfiles/Mail-DomainKeys-1.0.tar.gz.part'
Mail-DomainKeys-1.0. 100% |********************************|  9663  0:00:00 ETA
'/var/cache/distfiles/Mail-DomainKeys-1.0.tar.gz.part' saved
>>> perl-mail-domainkeys: Fetching https://cpan.metacpan.org/authors/id/A/AN/ANTHONYU/Mail-DomainKeys-1.0.tar.gz
>>> perl-mail-domainkeys: Checking sha512sums...
Mail-DomainKeys-1.0.tar.gz: OK
>>> perl-mail-domainkeys: Unpacking /var/cache/distfiles/Mail-DomainKeys-1.0.tar.gz...

You appear to be directly connected to the Internet.  I have some tests
that try to query live nameservers.
	
Do you want to enable these tests? [y] y
Checking if your kit is complete...
Looks good
Generating a Unix-style Makefile
Writing Makefile for Mail::DomainKeys
Writing MYMETA.yml and MYMETA.json
cp lib/Mail/DomainKeys/Signature.pm blib/lib/Mail/DomainKeys/Signature.pm
cp lib/Mail/DomainKeys/Key/Public.pm blib/lib/Mail/DomainKeys/Key/Public.pm
cp lib/Mail/DomainKeys/Message.pm blib/lib/Mail/DomainKeys/Message.pm
cp lib/Mail/DomainKeys/Key/Private.pm blib/lib/Mail/DomainKeys/Key/Private.pm
cp lib/Mail/DomainKeys.pm blib/lib/Mail/DomainKeys.pm
cp lib/Mail/DomainKeys/Key.pm blib/lib/Mail/DomainKeys/Key.pm
cp lib/Mail/DomainKeys/Header.pm blib/lib/Mail/DomainKeys/Header.pm
cp lib/Mail/DomainKeys/Policy.pm blib/lib/Mail/DomainKeys/Policy.pm
Manifying 1 pod document
PERL_DL_NONLAZY=1 "/usr/bin/perl" "-MExtUtils::Command::MM" "-MTest::Harness" "-e" "undef *Test::Harness::Switches; test_harness(0, 'blib/lib', 'blib/arch')" t/*.t
t/crverifynofws.t ... ok
t/crverifysimple.t .. ok
t/fetchpublickey.t .. ok
t/noverifynofws.t ... ok
t/noverifysimple.t .. ok
t/parsesignature.t .. ok
t/verifynofws.t ..... ok
t/verifysimple.t .... ok
All tests successful.
Files=8, Tests=52,  1 wallclock secs ( 0.04 usr  0.01 sys +  0.95 cusr  0.18 csys =  1.18 CPU)
Result: PASS
>>> perl-mail-domainkeys: Entering fakeroot...
Manifying 1 pod document
Appending installation info to /home/packager/aports/main/perl-mail-domainkeys/pkg/perl-mail-domainkeys/usr/lib/perl5/core_perl/perllocal.pod
Installing /home/packager/aports/main/perl-mail-domainkeys/pkg/perl-mail-domainkeys/usr/share/perl5/vendor_perl/Mail/DomainKeys.pm
Installing /home/packager/aports/main/perl-mail-domainkeys/pkg/perl-mail-domainkeys/usr/share/perl5/vendor_perl/Mail/DomainKeys/Header.pm
Installing /home/packager/aports/main/perl-mail-domainkeys/pkg/perl-mail-domainkeys/usr/share/perl5/vendor_perl/Mail/DomainKeys/Policy.pm
Installing /home/packager/aports/main/perl-mail-domainkeys/pkg/perl-mail-domainkeys/usr/share/perl5/vendor_perl/Mail/DomainKeys/Message.pm
Installing /home/packager/aports/main/perl-mail-domainkeys/pkg/perl-mail-domainkeys/usr/share/perl5/vendor_perl/Mail/DomainKeys/Signature.pm
Installing /home/packager/aports/main/perl-mail-domainkeys/pkg/perl-mail-domainkeys/usr/share/perl5/vendor_perl/Mail/DomainKeys/Key.pm
Installing /home/packager/aports/main/perl-mail-domainkeys/pkg/perl-mail-domainkeys/usr/share/perl5/vendor_perl/Mail/DomainKeys/Key/Private.pm
Installing /home/packager/aports/main/perl-mail-domainkeys/pkg/perl-mail-domainkeys/usr/share/perl5/vendor_perl/Mail/DomainKeys/Key/Public.pm
Installing /home/packager/aports/main/perl-mail-domainkeys/pkg/perl-mail-domainkeys/usr/share/man/man3/Mail::DomainKeys.3pm
>>> perl-mail-domainkeys-doc*: Running split function doc...
'usr/share/man' -> '/home/packager/aports/main/perl-mail-domainkeys/pkg/perl-mail-domainkeys-doc/usr/share/man'
>>> perl-mail-domainkeys-doc*: Preparing subpackage perl-mail-domainkeys-doc...
>>> perl-mail-domainkeys-doc*: Running postcheck for perl-mail-domainkeys-doc
>>> perl-mail-domainkeys*: Running postcheck for perl-mail-domainkeys
>>> perl-mail-domainkeys*: Preparing package perl-mail-domainkeys...
>>> perl-mail-domainkeys-doc*: Tracing dependencies...
>>> perl-mail-domainkeys-doc*: Package size: 2.0 KB
>>> perl-mail-domainkeys-doc*: Compressing data...
>>> perl-mail-domainkeys-doc*: Create checksum...
pigz: not found
>>> perl-mail-domainkeys-doc*: Create perl-mail-domainkeys-doc-1.0-r5.apk
>>> perl-mail-domainkeys*: Tracing dependencies...
	perl
>>> perl-mail-domainkeys*: Package size: 25.6 KB
>>> perl-mail-domainkeys*: Compressing data...
>>> perl-mail-domainkeys*: Create checksum...
pigz: not found
>>> perl-mail-domainkeys*: Create perl-mail-domainkeys-1.0-r5.apk
>>> perl-mail-domainkeys: Build complete at Sun, 18 May 2025 09:39:29 +0000 elapsed time 0h 0m 5s
>>> perl-mail-domainkeys: Cleaning up srcdir
>>> perl-mail-domainkeys: Cleaning up pkgdir
>>> perl-mail-domainkeys: Uninstalling dependencies...
(1/14) Purging .makedepends-perl-mail-domainkeys (20250518.093926)
(2/14) Purging perl-crypt-openssl-rsa (0.33-r4)
(3/14) Purging perl-crypt-openssl-random (0.17-r0)
(4/14) Purging perl-mailtools (2.22-r0)
(5/14) Purging perl-timedate (2.33-r4)
(6/14) Purging perl-net-dns (1.49-r0)
(7/14) Purging perl-digest-hmac (1.05-r0)
(8/14) Purging perl-digest-sha1 (2.13-r19)
(9/14) Purging perl-digest-md5 (2.59-r2)
(10/14) Purging git-perl (2.47.2-r0)
(11/14) Purging perl-git (2.47.2-r0)
(12/14) Purging perl-error (0.17030-r0)
(13/14) Purging perl (5.40.2-r0)
(14/14) Purging libbz2 (1.0.8-r6)
Executing busybox-1.37.0-r12.trigger
OK: 261 MiB in 81 packages
>>> perl-mail-domainkeys: Updating the main/x86_64 repository index...
>>> perl-mail-domainkeys: Signing the index...
pigz: not found
