pigz: not found
>>> libdrm: Building main/libdrm 2.4.124-r0 (using abuild 3.14.1-r4) started Fri, 23 May 2025 16:48:57 +0000
>>> libdrm: Validating /home/packager/aports/main/libdrm/APKBUILD...
>>> libdrm: Analyzing dependencies...
>>> libdrm: Installing for build: build-base linux-headers meson eudev-dev libpciaccess-dev xmlto
(1/30) Installing samurai (1.2-r6)
(2/30) Installing libffi (3.4.7-r0)
(3/30) Installing gdbm (1.24-r0)
(4/30) Installing xz-libs (5.6.3-r1)
(5/30) Installing mpdecimal (4.0.0-r0)
(6/30) Installing sqlite-libs (3.49.2-r0)
(7/30) Installing python3 (3.12.10-r1)
(8/30) Installing python3-pycache-pyc0 (3.12.10-r1)
(9/30) Installing pyc (3.12.10-r1)
(10/30) Installing meson-pyc (1.6.1-r4)
(11/30) Installing python3-pyc (3.12.10-r1)
(12/30) Installing meson (1.6.1-r4)
(13/30) Installing eudev-libs (3.2.14-r5)
(14/30) Installing eudev-dev (3.2.14-r5)
(15/30) Installing hwdata-pci (0.394-r0)
(16/30) Installing libpciaccess (0.18.1-r0)
(17/30) Installing libpciaccess-dev (0.18.1-r0)
(18/30) Installing libgcrypt (1.10.3-r1)
(19/30) Installing libxml2 (2.13.4-r6)
(20/30) Installing libxslt (1.1.42-r2)
(21/30) Installing perl-yaml-syck (1.34-r5)
(22/30) Installing perl-test-pod (1.52-r4)
(23/30) Installing libxml2-utils (2.13.4-r6)
(24/30) Installing docbook-xml (4.5-r10)
Executing docbook-xml-4.5-r10.post-install
(25/30) Installing docbook-xsl-ns (1.79.2-r11)
Executing docbook-xsl-ns-1.79.2-r11.post-install
(26/30) Installing docbook-xsl-nons (1.79.2-r11)
Executing docbook-xsl-nons-1.79.2-r11.post-install
(27/30) Installing docbook-xsl (1.79.2-r11)
(28/30) Installing xmlto (0.0.29-r0)
(29/30) Installing .makedepends-libdrm (20250523.164859)
(30/30) Installing abuild-meson (1.6.1-r4)
Executing busybox-1.37.0-r12.trigger
OK: 641 MiB in 162 packages
>>> libdrm: Cleaning up srcdir
>>> libdrm: Cleaning up pkgdir
>>> libdrm: Cleaning up tmpdir
>>> libdrm: Fetching https://gitlab.freedesktop.org/mesa/drm/-/archive/libdrm-2.4.124/drm-libdrm-2.4.124.tar.gz
Connecting to gitlab.freedesktop.org (151.101.3.52:443)
Connecting to gitlab.freedesktop.org (151.101.195.52:443)
saving to '/var/cache/distfiles/drm-libdrm-2.4.124.tar.gz.part'
drm-libdrm-2.4.124.t 100% |********************************|  656k  0:00:00 ETA
'/var/cache/distfiles/drm-libdrm-2.4.124.tar.gz.part' saved
>>> libdrm: Fetching https://gitlab.freedesktop.org/mesa/drm/-/archive/libdrm-2.4.124/drm-libdrm-2.4.124.tar.gz
>>> libdrm: Checking sha512sums...
drm-libdrm-2.4.124.tar.gz: FAILED
sha512sum: WARNING: 1 computed checksum did NOT match
Because the remote file above failed the sha512sum check it will be renamed.
Rebuilding will cause it to re-download which in some cases may fix the problem.
Renaming: drm-libdrm-2.4.124.tar.gz to drm-libdrm-2.4.124.tar.gz.448178e7
>>> ERROR: libdrm: unpack failed
>>> libdrm: Uninstalling dependencies...
(1/30) Purging .makedepends-libdrm (20250523.164859)
(2/30) Purging eudev-dev (3.2.14-r5)
(3/30) Purging eudev-libs (3.2.14-r5)
(4/30) Purging libpciaccess-dev (0.18.1-r0)
(5/30) Purging libpciaccess (0.18.1-r0)
(6/30) Purging hwdata-pci (0.394-r0)
(7/30) Purging xmlto (0.0.29-r0)
(8/30) Purging perl-yaml-syck (1.34-r5)
(9/30) Purging perl-test-pod (1.52-r4)
(10/30) Purging docbook-xsl (1.79.2-r11)
(11/30) Purging docbook-xsl-ns (1.79.2-r11)
Executing docbook-xsl-ns-1.79.2-r11.pre-deinstall
(12/30) Purging docbook-xsl-nons (1.79.2-r11)
Executing docbook-xsl-nons-1.79.2-r11.pre-deinstall
(13/30) Purging docbook-xml (4.5-r10)
Executing docbook-xml-4.5-r10.pre-deinstall
(14/30) Purging libxml2-utils (2.13.4-r6)
(15/30) Purging libxslt (1.1.42-r2)
(16/30) Purging abuild-meson (1.6.1-r4)
(17/30) Purging meson-pyc (1.6.1-r4)
(18/30) Purging meson (1.6.1-r4)
(19/30) Purging samurai (1.2-r6)
(20/30) Purging python3-pyc (3.12.10-r1)
(21/30) Purging python3-pycache-pyc0 (3.12.10-r1)
(22/30) Purging pyc (3.12.10-r1)
(23/30) Purging python3 (3.12.10-r1)
(24/30) Purging gdbm (1.24-r0)
(25/30) Purging libffi (3.4.7-r0)
(26/30) Purging libgcrypt (1.10.3-r1)
(27/30) Purging libxml2 (2.13.4-r6)
(28/30) Purging mpdecimal (4.0.0-r0)
(29/30) Purging sqlite-libs (3.49.2-r0)
(30/30) Purging xz-libs (5.6.3-r1)
Executing busybox-1.37.0-r12.trigger
OK: 564 MiB in 132 packages
