pigz: not found
>>> usbutils: Building main/usbutils 018-r0 (using abuild 3.14.1-r4) started Fri, 23 May 2025 16:27:40 +0000
>>> usbutils: Validating /home/packager/aports/main/usbutils/APKBUILD...
>>> usbutils: Analyzing dependencies...
>>> usbutils: Installing for build: build-base hwdata-usb libusb-dev eudev-dev linux-headers meson
(1/19) Installing hwdata-usb (0.394-r0)
(2/19) Installing libusb (1.0.27-r0)
(3/19) Installing libusb-dev (1.0.27-r0)
(4/19) Installing eudev-libs (3.2.14-r5)
(5/19) Installing eudev-dev (3.2.14-r5)
(6/19) Installing samurai (1.2-r6)
(7/19) Installing libffi (3.4.7-r0)
(8/19) Installing gdbm (1.24-r0)
(9/19) Installing xz-libs (5.6.3-r1)
(10/19) Installing mpdecimal (4.0.0-r0)
(11/19) Installing sqlite-libs (3.49.2-r0)
(12/19) Installing python3 (3.12.10-r1)
(13/19) Installing python3-pycache-pyc0 (3.12.10-r1)
(14/19) Installing pyc (3.12.10-r1)
(15/19) Installing meson-pyc (1.6.1-r4)
(16/19) Installing python3-pyc (3.12.10-r1)
(17/19) Installing meson (1.6.1-r4)
(18/19) Installing .makedepends-usbutils (20250523.162743)
(19/19) Installing abuild-meson (1.6.1-r4)
Executing busybox-1.37.0-r12.trigger
OK: 609 MiB in 151 packages
>>> usbutils: Cleaning up srcdir
>>> usbutils: Cleaning up pkgdir
>>> usbutils: Cleaning up tmpdir
>>> usbutils: Fetching usbutils-018.tar.gz::https://github.com/gregkh/usbutils/archive/refs/tags/v018.tar.gz
Connecting to github.com (140.82.121.4:443)
Connecting to codeload.github.com (140.82.121.10:443)
saving to '/var/cache/distfiles/usbutils-018.tar.gz.part'
usbutils-018.tar.gz. 100% |********************************|  143k  0:00:00 ETA
'/var/cache/distfiles/usbutils-018.tar.gz.part' saved
>>> usbutils: Fetching usbutils-018.tar.gz::https://github.com/gregkh/usbutils/archive/refs/tags/v018.tar.gz
>>> usbutils: Checking sha512sums...
usbutils-018.tar.gz: OK
>>> usbutils: Unpacking /var/cache/distfiles/usbutils-018.tar.gz...
The Meson build system
Version: 1.6.1
Source dir: /home/packager/aports/main/usbutils/src/usbutils-018
Build dir: /home/packager/aports/main/usbutils/src/usbutils-018/output
Build type: native build
Project name: usbutils
Project version: 018

meson.build:4:0: ERROR: Compiler gcc cannot compile programs.

A full log can be found at /home/packager/aports/main/usbutils/src/usbutils-018/output/meson-logs/meson-log.txt
>>> ERROR: usbutils: build failed
>>> usbutils: Uninstalling dependencies...
(1/19) Purging .makedepends-usbutils (20250523.162743)
(2/19) Purging hwdata-usb (0.394-r0)
(3/19) Purging libusb-dev (1.0.27-r0)
(4/19) Purging libusb (1.0.27-r0)
(5/19) Purging eudev-dev (3.2.14-r5)
(6/19) Purging eudev-libs (3.2.14-r5)
(7/19) Purging abuild-meson (1.6.1-r4)
(8/19) Purging meson-pyc (1.6.1-r4)
(9/19) Purging meson (1.6.1-r4)
(10/19) Purging samurai (1.2-r6)
(11/19) Purging python3-pyc (3.12.10-r1)
(12/19) Purging python3-pycache-pyc0 (3.12.10-r1)
(13/19) Purging pyc (3.12.10-r1)
(14/19) Purging python3 (3.12.10-r1)
(15/19) Purging gdbm (1.24-r0)
(16/19) Purging libffi (3.4.7-r0)
(17/19) Purging mpdecimal (4.0.0-r0)
(18/19) Purging sqlite-libs (3.49.2-r0)
(19/19) Purging xz-libs (5.6.3-r1)
Executing busybox-1.37.0-r12.trigger
OK: 564 MiB in 132 packages
