>>> cifs-utils: Validating /home/packager/oily-pine/main/cifs-utils/APKBUILD...
>>> cifs-utils: Cleaning up srcdir
>>> cifs-utils: Cleaning up pkgdir
>>> cifs-utils: Cleaning up tmpdir
>>> cifs-utils: Fetching https://ftp.samba.org/pub/linux-cifs/cifs-utils/cifs-utils-7.3.tar.bz2
  % Total    % Received % Xferd  Average Speed   Time    Time     Time  Current
                                 Dload  Upload   Total   Spent    Left  Speed
  0     0    0     0    0     0      0      0 --:--:-- --:--:-- --:--:--     0100  413k  100  413k    0     0  1647k      0 --:--:-- --:--:-- --:--:-- 1655k
>>> cifs-utils: Fetching https://ftp.samba.org/pub/linux-cifs/cifs-utils/cifs-utils-7.3.tar.bz2
>>> cifs-utils: Checking sha512sums...
cifs-utils-7.3.tar.bz2: OK
musl-fix-includes.patch: OK
musl-fix-u_char.patch: OK
musl-fix-timeval.patch: OK
xattr_size_max.patch: OK
fix-implicit-basename.patch: OK
cifs.upcall.request-key.conf: OK
>>> cifs-utils: Preparing build chroot...
fetch http://dl-cdn.alpinelinux.org/alpine/edge/main/x86_64/APKINDEX.tar.gz
(1/158) Installing musl (1.2.5-r10)
(2/158) Installing libcrypto3 (3.5.0-r0)
(3/158) Installing ca-certificates-bundle (20241121-r2)
(4/158) Installing libssl3 (3.5.0-r0)
(5/158) Installing zlib (1.3.1-r2)
(6/158) Installing libapk2 (2.14.9-r2)
(7/158) Installing apk-tools (2.14.9-r2)
(8/158) Installing libcap2 (2.76-r0)
(9/158) Installing libcap-getcap (2.76-r0)
(10/158) Installing fakeroot (1.37.1.1-r0)
(11/158) Installing scanelf (1.3.8-r1)
(12/158) Installing musl-utils (1.2.5-r10)
(13/158) Installing libgcc (14.3.0-r1)
(14/158) Installing libstdc++ (14.3.0-r1)
(15/158) Installing lzip (1.25-r0)
(16/158) Installing openssl (3.5.0-r0)
(17/158) Installing patch (2.8-r0)
(18/158) Installing pkgconf (2.4.3-r0)
(19/158) Installing acl-libs (2.3.2-r1)
(20/158) Installing tar (1.35-r3)
(21/158) Installing busybox (1.37.0-r18)
Executing busybox-1.37.0-r18.post-install
(22/158) Installing ssl_client (1.37.0-r18)
(23/158) Installing busybox-binsh (1.37.0-r18)
(24/158) Installing abuild (3.15.0-r0)
Executing abuild-3.15.0-r0.pre-install
(25/158) Installing abuild-sudo (3.15.0-r0)
(26/158) Installing alpine-baselayout-data (3.7.0-r0)
(27/158) Installing alpine-baselayout (3.7.0-r0)
Executing alpine-baselayout-3.7.0-r0.pre-install
Executing alpine-baselayout-3.7.0-r0.post-install
(28/158) Installing bridge (1.5-r5)
(29/158) Installing ifupdown-ng (0.12.1-r7)
(30/158) Installing openrc-user (0.62.2-r2)
(31/158) Installing openrc (0.62.2-r2)
Executing openrc-0.62.2-r2.post-install
(32/158) Installing mdev-conf (4.8-r0)
(33/158) Installing busybox-mdev-openrc (1.37.0-r18)
(34/158) Installing alpine-conf (3.20.0-r0)
(35/158) Installing alpine-keys (2.5-r0)
(36/158) Installing alpine-release (3.22.0-r0)
(37/158) Installing busybox-openrc (1.37.0-r18)
(38/158) Installing busybox-suid (1.37.0-r18)
(39/158) Installing alpine-base (3.22.0-r0)
(40/158) Installing m4 (1.4.20-r0)
(41/158) Installing libbz2 (1.0.8-r6)
(42/158) Installing perl (5.40.2-r0)
(43/158) Installing autoconf (2.72-r1)
(44/158) Installing automake (1.18-r0)
(45/158) Installing jansson (2.14.1-r0)
(46/158) Installing zstd-libs (1.5.7-r0)
(47/158) Installing binutils (2.44-r0)
(48/158) Installing libmagic (5.46-r2)
(49/158) Installing file (5.46-r2)
(50/158) Installing libgomp (14.3.0-r1)
(51/158) Installing libatomic (14.3.0-r1)
(52/158) Installing gmp (6.3.0-r3)
(53/158) Installing isl26 (0.26-r1)
(54/158) Installing mpfr4 (4.2.1_p1-r0)
(55/158) Installing mpc1 (1.3.1-r1)
(56/158) Installing gcc (14.3.0-r1)
(57/158) Installing libstdc++-dev (14.3.0-r1)
(58/158) Installing musl-dev (1.2.5-r10)
(59/158) Installing g++ (14.3.0-r1)
(60/158) Installing make (4.4.1-r3)
(61/158) Installing fortify-headers (1.1-r5)
(62/158) Installing build-base (0.5-r3)
(63/158) Installing brotli-libs (1.1.0-r2)
(64/158) Installing c-ares (1.34.5-r0)
(65/158) Installing libunistring (1.3-r0)
(66/158) Installing libidn2 (2.3.7-r0)
(67/158) Installing nghttp2-libs (1.65.0-r0)
(68/158) Installing libpsl (0.21.5-r3)
(69/158) Installing libcurl (8.14.0-r2)
(70/158) Installing libexpat (2.7.1-r0)
(71/158) Installing pcre2 (10.43-r1)
(72/158) Installing git (2.49.0-r0)
(73/158) Installing git-init-template (2.49.0-r0)
(74/158) Installing perl-error (0.17030-r0)
(75/158) Installing perl-git (2.49.0-r0)
(76/158) Installing git-perl (2.49.0-r0)
(77/158) Installing keyutils-libs (1.6.3-r4)
(78/158) Installing keyutils-dev (1.6.3-r4)
(79/158) Installing libeconf (0.6.3-r0)
(80/158) Installing libblkid (2.41-r9)
(81/158) Installing libuuid (2.41-r9)
(82/158) Installing libfdisk (2.41-r9)
(83/158) Installing sqlite-libs (3.50.0-r0)
(84/158) Installing liblastlog2 (2.41-r9)
(85/158) Installing libmount (2.41-r9)
(86/158) Installing libsmartcols (2.41-r9)
(87/158) Installing ncurses-terminfo-base (6.5_p20250503-r0)
(88/158) Installing libncursesw (6.5_p20250503-r0)
(89/158) Installing readline (8.2.13-r1)
(90/158) Installing sqlite (3.50.0-r0)
(91/158) Installing sqlite-dev (3.50.0-r0)
(92/158) Installing util-linux-dev (2.41-r9)
(93/158) Installing gawk (5.3.2-r1)
(94/158) Installing libcom_err (1.47.2-r2)
(95/158) Installing e2fsprogs-libs (1.47.2-r2)
(96/158) Installing e2fsprogs-dev (1.47.2-r2)
(97/158) Installing libffi (3.4.8-r0)
(98/158) Installing libintl (0.24.1-r0)
(99/158) Installing glib (2.84.2-r1)
(100/158) Installing libverto (0.3.2-r2)
(101/158) Installing libverto-glib (0.3.2-r2)
(102/158) Installing libev (4.33-r1)
(103/158) Installing libverto-libev (0.3.2-r2)
(104/158) Installing libevent (2.1.12-r8)
(105/158) Installing libverto-libevent (0.3.2-r2)
(106/158) Installing libverto-dev (0.3.2-r2)
(107/158) Installing krb5-conf (1.0-r2)
(108/158) Installing krb5-libs (1.21.3-r0)
(109/158) Installing gdbm (1.24-r0)
(110/158) Installing libsasl (2.1.28-r8)
(111/158) Installing libldap (2.6.8-r0)
(112/158) Installing krb5-server-ldap (1.21.3-r0)
(113/158) Installing krb5-dev (1.21.3-r0)
(114/158) Installing linux-headers (6.14.2-r0)
(115/158) Installing libcap-ng (0.8.5-r0)
(116/158) Installing libcap-ng-dev (0.8.5-r0)
(117/158) Installing xz-libs (5.8.1-r0)
(118/158) Installing mpdecimal (4.0.1-r0)
(119/158) Installing libpanelw (6.5_p20250503-r0)
(120/158) Installing python3 (3.12.10-r1)
(121/158) Installing python3-pycache-pyc0 (3.12.10-r1)
(122/158) Installing pyc (3.12.10-r1)
(123/158) Installing py3-docutils-pyc (0.21.2-r0)
(124/158) Installing python3-pyc (3.12.10-r1)
(125/158) Installing py3-docutils (0.21.2-r0)
(126/158) Installing nettle (3.10.1-r0)
(127/158) Installing libtasn1 (4.20.0-r0)
(128/158) Installing p11-kit (0.25.5-r2)
(129/158) Installing gnutls (3.8.8-r0)
(130/158) Installing icu-data-en (76.1-r0)
Executing icu-data-en-76.1-r0.post-install
*
* If you need ICU with non-English locales and legacy charset support, install
* package icu-data-full.
*
(131/158) Installing icu-libs (76.1-r0)
(132/158) Installing talloc (2.4.2-r1)
(133/158) Installing tevent (0.16.1-r0)
(134/158) Installing samba-util-libs (4.21.4-r4)
(135/158) Installing lmdb (0.9.33-r0)
(136/158) Installing tdb-libs (1.4.12-r0)
(137/158) Installing ldb (4.21.4-r4)
(138/158) Installing libwbclient (4.21.4-r4)
(139/158) Installing popt (1.19-r4)
(140/158) Installing samba-libs (4.21.4-r4)
(141/158) Installing libsmbclient (4.21.4-r4)
(142/158) Installing py3-talloc (2.4.2-r1)
(143/158) Installing talloc-dev (2.4.2-r1)
(144/158) Installing tdb-dev (1.4.12-r0)
(145/158) Installing tevent-dev (0.16.1-r0)
(146/158) Installing skalibs-libs (2.14.4.0-r0)
(147/158) Installing utmps-libs (0.1.3.1-r0)
(148/158) Installing linux-pam (1.7.0-r4)
(149/158) Installing libauth-samba (4.21.4-r4)
(150/158) Installing samba-client-libs (4.21.4-r4)
(151/158) Installing dbus-libs (1.16.2-r1)
(152/158) Installing avahi-libs (0.8-r20)
(153/158) Installing samba-common-server-libs (4.21.4-r4)
(154/158) Installing samba-server-libs (4.21.4-r4)
(155/158) Installing py3-ldb (4.21.4-r4)
(156/158) Installing samba-libs-py3 (4.21.4-r4)
(157/158) Installing samba-dc-libs (4.21.4-r4)
(158/158) Installing samba-dev (4.21.4-r4)
Executing busybox-1.37.0-r18.trigger
Executing glib-2.84.2-r1.trigger
OK: 402 MiB in 158 packages
>>> cifs-utils: Fetching https://ftp.samba.org/pub/linux-cifs/cifs-utils/cifs-utils-7.3.tar.bz2
>>> cifs-utils: Checking sha512sums...
cifs-utils-7.3.tar.bz2: OK
musl-fix-includes.patch: OK
musl-fix-u_char.patch: OK
musl-fix-timeval.patch: OK
xattr_size_max.patch: OK
fix-implicit-basename.patch: OK
cifs.upcall.request-key.conf: OK
>>> cifs-utils: Unpacking /var/cache/distfiles/cifs-utils-7.3.tar.bz2...
>>> cifs-utils: musl-fix-includes.patch
patching file mount.h
>>> cifs-utils: musl-fix-u_char.patch
patching file cldap_ping.c
Hunk #1 succeeded at 70 (offset 1 line).
>>> cifs-utils: musl-fix-timeval.patch
patching file cldap_ping.c
Hunk #1 succeeded at 25 (offset 1 line).
>>> cifs-utils: xattr_size_max.patch
patching file getcifsacl.c
Hunk #1 succeeded at 41 with fuzz 2 (offset 3 lines).
patching file setcifsacl.c
Hunk #1 succeeded at 56 with fuzz 2 (offset 17 lines).
>>> cifs-utils: fix-implicit-basename.patch
patching file cifscreds.c
patching file getcifsacl.c
Hunk #1 succeeded at 40 with fuzz 2 (offset 2 lines).
patching file mount.cifs.c
patching file setcifsacl.c
Hunk #1 succeeded at 51 with fuzz 2 (offset 2 lines).
>>> cifs-utils: Updating ./config.sub
configure.ac:76: warning: The macro 'AC_HELP_STRING' is obsolete.
configure.ac:76: You should run autoupdate.
./lib/autoconf/general.m4:204: AC_HELP_STRING is expanded from...
./lib/autoconf/general.m4:1553: AC_ARG_WITH is expanded from...
configure.ac:76: the top level
checking for a BSD-compatible install... /usr/bin/install -c
checking whether sleep supports fractional seconds... yes
checking filesystem timestamp resolution... 2
checking whether build environment is sane... yes
checking for a race-free mkdir -p... /bin/mkdir -p
checking for gawk... gawk
checking whether make sets $(MAKE)... yes
checking whether make supports nested variables... yes
checking xargs -n works... yes
checking whether UID '1000' is supported by ustar format... yes
checking whether GID '1000' is supported by ustar format... yes
checking how to create a ustar tar archive... gnutar
checking for x86_64-alpine-linux-musl-gcc... cc
checking whether the C compiler works... yes
checking for C compiler default output file name... a.out
checking for suffix of executables... 
checking whether we are cross compiling... no
checking for suffix of object files... o
checking whether the compiler supports GNU C... yes
checking whether cc accepts -g... yes
checking for cc option to enable C11 features... none needed
checking whether cc understands -c and -o together... yes
checking whether make supports the include directive... yes (GNU style)
checking dependency style of cc... gcc3
checking for stdio.h... yes
checking for stdlib.h... yes
checking for string.h... yes
checking for inttypes.h... yes
checking for stdint.h... yes
checking for strings.h... yes
checking for sys/stat.h... yes
checking for sys/types.h... yes
checking for unistd.h... yes
checking for wchar.h... yes
checking for minix/config.h... no
checking whether it is safe to define __EXTENSIONS__... yes
checking whether _XOPEN_SOURCE should be defined... no
checking for a sed that does not truncate output... /bin/sed
checking for _Bool... yes
checking for stdbool.h that conforms to C99 or later... yes
checking for uid_t... yes
checking for gid_t... yes
checking for off_t... yes
checking for pid_t... yes
checking for size_t... yes
checking for ptrdiff_t... yes
checking for ssize_t... yes
checking for uint32_t... yes
checking for uint8_t... yes
checking for library containing getmntent... none required
checking build system type... x86_64-alpine-linux-musl
checking host system type... x86_64-alpine-linux-musl
checking whether lstat correctly handles trailing slash... yes
checking for GNU libc compatible malloc... yes
checking for GNU libc compatible realloc... yes
checking for working strnlen... yes
checking for alarm... yes
checking for atexit... yes
checking for endpwent... yes
checking for getmntent... (cached) yes
checking for getpass... yes
checking for gettimeofday... yes
checking for inet_ntop... yes
checking for memset... yes
checking for realpath... yes
checking for setenv... yes
checking for strchr... yes
checking for strcmp... yes
checking for strdup... yes
checking for strerror... yes
checking for strncasecmp... yes
checking for strndup... yes
checking for strpbrk... yes
checking for strrchr... yes
checking for strstr... yes
checking for strtol... yes
checking for strtoul... yes
checking for tolower... yes
checking for uname... yes
checking for clock_gettime... yes
checking for arpa/inet.h... yes
checking for ctype.h... yes
checking for fcntl.h... yes
checking for inttypes.h... (cached) yes
checking for limits.h... yes
checking for mntent.h... yes
checking for netdb.h... yes
checking for stddef.h... yes
checking for stdint.h... (cached) yes
checking for stdbool.h... (cached) yes
checking for stdlib.h... (cached) yes
checking for stdio.h... (cached) yes
checking for errno.h... yes
checking for string.h... (cached) yes
checking for strings.h... (cached) yes
checking for sys/mount.h... yes
checking for sys/param.h... yes
checking for sys/socket.h... yes
checking for sys/time.h... yes
checking for syslog.h... yes
checking for unistd.h... (cached) yes
checking for sys/fsuid.h... yes
checking for setfsuid... yes
checking for talloc.h... yes
checking for talloc_init in -ltalloc... yes
checking for krb5.h... yes
checking for krb5/krb5.h... yes
checking for keyvalue in krb5_keyblock... no
checking for keyutils.h... yes
checking for krb5_init_context in -lkrb5... yes
checking for library containing gss_init_sec_context... -lgssapi_krb5
checking for x86_64-alpine-linux-musl-pkg-config... no
checking for pkg-config... /usr/bin/pkg-config
checking pkg-config is at least version 0.9.0... yes
checking for wbclient... yes
checking for wbcSidsToUnixIds in -lwbclient... yes
checking for sys/xattr.h... yes
checking whether WBC_ID_TYPE_BOTH enum value is defined... yes
checking for keyutils.h... (cached) yes
checking for security/pam_appl.h... no
configure: WARNING: security/pam_appl.h not found, consider installing pam-devel. Disabling cifscreds PAM module.
checking for krb5_auth_con_getsendsubkey... yes
checking for krb5_principal_get_realm... no
checking for krb5_free_unparsed_name... yes
checking for krb5_auth_con_setaddrs... yes
checking for krb5_auth_con_set_req_cksumtype... yes
checking for krb5_free_string... yes
checking for rst2man-3.6... no
checking for rst2man-3.4... no
checking for rst2man-3... no
checking for rst2man.py... no
checking for rst2man... rst2man
checking for cc options needed to detect all undeclared functions... none needed
checking whether krb5_auth_con_set_req_cksumtype is declared... yes
checking for cap-ng.h... yes
checking for capng_clear in -lcap-ng... yes
checking whether to use libcap-ng... checking whether CAPNG_AMBIENT is declared... yes
yes
checking that generated files are newer than configure... done
configure: creating ./config.status
config.status: creating Makefile
config.status: creating contrib/Makefile
config.status: creating contrib/request-key.d/Makefile
config.status: creating config.h
config.status: executing depfiles commands
make  all-recursive
make[1]: Entering directory '/tmp/src/cifs-utils-7.3'
Making all in contrib
make[2]: Entering directory '/tmp/src/cifs-utils-7.3/contrib'
Making all in request-key.d
make[3]: Entering directory '/tmp/src/cifs-utils-7.3/contrib/request-key.d'
/bin/sed 's,[@]sbindir@,/usr/sbin,' ./cifs.idmap.conf.in > cifs.idmap.conf-t && mv cifs.idmap.conf-t cifs.idmap.conf
/bin/sed 's,[@]sbindir@,/usr/sbin,' ./cifs.spnego.conf.in > cifs.spnego.conf-t && mv cifs.spnego.conf-t cifs.spnego.conf
make[3]: Leaving directory '/tmp/src/cifs-utils-7.3/contrib/request-key.d'
make[3]: Entering directory '/tmp/src/cifs-utils-7.3/contrib'
make[3]: Nothing to be done for 'all-am'.
make[3]: Leaving directory '/tmp/src/cifs-utils-7.3/contrib'
make[2]: Leaving directory '/tmp/src/cifs-utils-7.3/contrib'
make[2]: Entering directory '/tmp/src/cifs-utils-7.3'
cc -DHAVE_CONFIG_H -I.     -Os -fstack-clash-protection -Wformat -Werror=format-security -fno-plt -MT cifscreds.o -MD -MP -MF .deps/cifscreds.Tpo -c -o cifscreds.o cifscreds.c
cc -DHAVE_CONFIG_H -I.     -Os -fstack-clash-protection -Wformat -Werror=format-security -fno-plt -MT cifskey.o -MD -MP -MF .deps/cifskey.Tpo -c -o cifskey.o cifskey.c
cc -DHAVE_CONFIG_H -I.     -Os -fstack-clash-protection -Wformat -Werror=format-security -fno-plt -MT data_blob.o -MD -MP -MF .deps/data_blob.Tpo -c -o data_blob.o data_blob.c
cc -DHAVE_CONFIG_H -I.     -Os -fstack-clash-protection -Wformat -Werror=format-security -fno-plt -MT asn1.o -MD -MP -MF .deps/asn1.Tpo -c -o asn1.o asn1.c
cc -DHAVE_CONFIG_H -I.     -Os -fstack-clash-protection -Wformat -Werror=format-security -fno-plt -MT cldap_ping.o -MD -MP -MF .deps/cldap_ping.Tpo -c -o cldap_ping.o cldap_ping.c
cc -DHAVE_CONFIG_H -I.     -Os -fstack-clash-protection -Wformat -Werror=format-security -fno-plt -MT resolve_host.o -MD -MP -MF .deps/resolve_host.Tpo -c -o resolve_host.o resolve_host.c
cc -DHAVE_CONFIG_H -I.     -Os -fstack-clash-protection -Wformat -Werror=format-security -fno-plt -MT util.o -MD -MP -MF .deps/util.Tpo -c -o util.o util.c
cc -DHAVE_CONFIG_H -I.     -Os -fstack-clash-protection -Wformat -Werror=format-security -fno-plt -MT getcifsacl.o -MD -MP -MF .deps/getcifsacl.Tpo -c -o getcifsacl.o getcifsacl.c
cc -DHAVE_CONFIG_H -I.     -Os -fstack-clash-protection -Wformat -Werror=format-security -fno-plt -MT idmap_plugin.o -MD -MP -MF .deps/idmap_plugin.Tpo -c -o idmap_plugin.o idmap_plugin.c
cc -DHAVE_CONFIG_H -I.     -Os -fstack-clash-protection -Wformat -Werror=format-security -fno-plt -MT setcifsacl.o -MD -MP -MF .deps/setcifsacl.Tpo -c -o setcifsacl.o setcifsacl.c
cc -DHAVE_CONFIG_H -Os -fstack-clash-protection -Wformat -Werror=format-security -fno-plt  -I/usr/include/samba-4.0 -DHAVE_IMMEDIATE_STRUCTURES=1 -Wl,--as-needed,-O1,--sort-common -Wl,-z,pack-relative-relocs -shared -fpic -o idmapwb.so idmapwb.c -lwbclient
cc -DHAVE_CONFIG_H -I.     -Os -fstack-clash-protection -Wformat -Werror=format-security -fno-plt -MT mount.cifs.o -MD -MP -MF .deps/mount.cifs.Tpo -c -o mount.cifs.o mount.cifs.c
cc -DHAVE_CONFIG_H -I.     -Os -fstack-clash-protection -Wformat -Werror=format-security -fno-plt -MT mtab.o -MD -MP -MF .deps/mtab.Tpo -c -o mtab.o mtab.c
cc -DHAVE_CONFIG_H -I.     -Os -fstack-clash-protection -Wformat -Werror=format-security -fno-plt -MT cifs.upcall.o -MD -MP -MF .deps/cifs.upcall.Tpo -c -o cifs.upcall.o cifs.upcall.c
cc -DHAVE_CONFIG_H -I.     -Os -fstack-clash-protection -Wformat -Werror=format-security -fno-plt -MT spnego.o -MD -MP -MF .deps/spnego.Tpo -c -o spnego.o spnego.c
cc -DHAVE_CONFIG_H -I.     -Os -fstack-clash-protection -Wformat -Werror=format-security -fno-plt -MT cifs.idmap.o -MD -MP -MF .deps/cifs.idmap.Tpo -c -o cifs.idmap.o cifs.idmap.c
mv -f .deps/cifskey.Tpo .deps/cifskey.Po
rst2man --syntax-highlight=none mount.cifs.rst mount.cifs.8
mv -f .deps/util.Tpo .deps/util.Po
/bin/sed 's,[@]sbindir@,/usr/sbin,' ./cifs.upcall.rst.in > cifs.upcall.rst-t && mv cifs.upcall.rst-t cifs.upcall.rst
rst2man --syntax-highlight=none cifscreds.rst cifscreds.1
mv -f .deps/idmap_plugin.Tpo .deps/idmap_plugin.Po
/bin/sed -e 's,[@]sbindir@,/usr/sbin,' -e 's,[@]pluginpath@,/etc/cifs-utils/idmap-plugin,' ./cifs.idmap.rst.in > cifs.idmap.rst-t && mv cifs.idmap.rst-t cifs.idmap.rst
/bin/sed 's,[@]pluginpath@,/etc/cifs-utils/idmap-plugin,' ./getcifsacl.rst.in > getcifsacl.rst-t && mv getcifsacl.rst-t getcifsacl.rst
/bin/sed 's,[@]pluginpath@,/etc/cifs-utils/idmap-plugin,' ./setcifsacl.rst.in > setcifsacl.rst-t && mv setcifsacl.rst-t setcifsacl.rst
rst2man --syntax-highlight=none smbinfo.rst smbinfo.1
mv -f .deps/spnego.Tpo .deps/spnego.Po
rst2man --syntax-highlight=none smb2-quota.rst smb2-quota.1
mv -f .deps/data_blob.Tpo .deps/data_blob.Po
/bin/sed 's,[@]pluginpath@,/etc/cifs-utils/idmap-plugin,' ./idmapwb.rst.in > idmapwb.rst-t && mv idmapwb.rst-t idmapwb.rst
rst2man --syntax-highlight=none cifs.upcall.rst cifs.upcall.8
mv -f .deps/mtab.Tpo .deps/mtab.Po
rst2man --syntax-highlight=none cifs.idmap.rst cifs.idmap.8
mv -f .deps/cldap_ping.Tpo .deps/cldap_ping.Po
rst2man --syntax-highlight=none getcifsacl.rst getcifsacl.1
mv -f .deps/cifs.idmap.Tpo .deps/cifs.idmap.Po
rst2man --syntax-highlight=none setcifsacl.rst setcifsacl.1
rst2man --syntax-highlight=none idmapwb.rst idmapwb.8
mv -f .deps/resolve_host.Tpo .deps/resolve_host.Po
cc  -Os -fstack-clash-protection -Wformat -Werror=format-security -fno-plt  -Wl,--as-needed,-O1,--sort-common -Wl,-z,pack-relative-relocs -o cifs.idmap cifs.idmap.o idmap_plugin.o -lkeyutils -ldl -ltalloc 
mv -f .deps/asn1.Tpo .deps/asn1.Po
mv -f .deps/getcifsacl.Tpo .deps/getcifsacl.Po
cc  -Os -fstack-clash-protection -Wformat -Werror=format-security -fno-plt  -Wl,--as-needed,-O1,--sort-common -Wl,-z,pack-relative-relocs -o getcifsacl getcifsacl.o idmap_plugin.o -ldl -ltalloc 
mv -f .deps/cifscreds.Tpo .deps/cifscreds.Po
cc  -Os -fstack-clash-protection -Wformat -Werror=format-security -fno-plt  -Wl,--as-needed,-O1,--sort-common -Wl,-z,pack-relative-relocs -o cifscreds cifscreds.o cifskey.o data_blob.o asn1.o cldap_ping.o resolve_host.o util.o -lkeyutils -ltalloc -lresolv -ltalloc 
mv -f .deps/setcifsacl.Tpo .deps/setcifsacl.Po
cc  -Os -fstack-clash-protection -Wformat -Werror=format-security -fno-plt  -Wl,--as-needed,-O1,--sort-common -Wl,-z,pack-relative-relocs -o setcifsacl setcifsacl.o idmap_plugin.o -ldl -ltalloc 
mv -f .deps/cifs.upcall.Tpo .deps/cifs.upcall.Po
cc  -Os -fstack-clash-protection -Wformat -Werror=format-security -fno-plt  -Wl,--as-needed,-O1,--sort-common -Wl,-z,pack-relative-relocs -o cifs.upcall cifs.upcall.o data_blob.o asn1.o spnego.o -ltalloc -lkeyutils -lgssapi_krb5 -lkrb5 -lcap-ng -ltalloc 
mv -f .deps/mount.cifs.Tpo .deps/mount.cifs.Po
cc  -Os -fstack-clash-protection -Wformat -Werror=format-security -fno-plt  -Wl,--as-needed,-O1,--sort-common -Wl,-z,pack-relative-relocs -o mount.cifs mount.cifs.o mtab.o data_blob.o asn1.o cldap_ping.o resolve_host.o util.o  -lcap-ng  -ltalloc -lresolv -ltalloc 
make[2]: Leaving directory '/tmp/src/cifs-utils-7.3'
make[1]: Leaving directory '/tmp/src/cifs-utils-7.3'
Making check in contrib
make[1]: Entering directory '/tmp/src/cifs-utils-7.3/contrib'
Making check in request-key.d
make[2]: Entering directory '/tmp/src/cifs-utils-7.3/contrib/request-key.d'
make[2]: Nothing to be done for 'check'.
make[2]: Leaving directory '/tmp/src/cifs-utils-7.3/contrib/request-key.d'
make[2]: Entering directory '/tmp/src/cifs-utils-7.3/contrib'
make[2]: Nothing to be done for 'check-am'.
make[2]: Leaving directory '/tmp/src/cifs-utils-7.3/contrib'
make[1]: Leaving directory '/tmp/src/cifs-utils-7.3/contrib'
make[1]: Entering directory '/tmp/src/cifs-utils-7.3'
make[1]: Leaving directory '/tmp/src/cifs-utils-7.3'
>>> cifs-utils: Entering fakeroot...
Making install in contrib
make[1]: Entering directory '/tmp/src/cifs-utils-7.3/contrib'
Making install in request-key.d
make[2]: Entering directory '/tmp/src/cifs-utils-7.3/contrib/request-key.d'
make[3]: Entering directory '/tmp/src/cifs-utils-7.3/contrib/request-key.d'
make[3]: Nothing to be done for 'install-exec-am'.
make[3]: Nothing to be done for 'install-data-am'.
make[3]: Leaving directory '/tmp/src/cifs-utils-7.3/contrib/request-key.d'
make[2]: Leaving directory '/tmp/src/cifs-utils-7.3/contrib/request-key.d'
make[2]: Entering directory '/tmp/src/cifs-utils-7.3/contrib'
make[3]: Entering directory '/tmp/src/cifs-utils-7.3/contrib'
make[3]: Nothing to be done for 'install-exec-am'.
make[3]: Nothing to be done for 'install-data-am'.
make[3]: Leaving directory '/tmp/src/cifs-utils-7.3/contrib'
make[2]: Leaving directory '/tmp/src/cifs-utils-7.3/contrib'
make[1]: Leaving directory '/tmp/src/cifs-utils-7.3/contrib'
make[1]: Entering directory '/tmp/src/cifs-utils-7.3'
make[2]: Entering directory '/tmp/src/cifs-utils-7.3'
 /bin/mkdir -p '/tmp/pkg/cifs-utils/usr/bin'
 /usr/bin/install -c smbinfo smb2-quota '/tmp/pkg/cifs-utils/usr/bin'
 /bin/mkdir -p '/tmp/pkg/cifs-utils/usr/include'
 /usr/bin/install -c -m 644 cifsidmap.h '/tmp/pkg/cifs-utils/usr/include'
 /bin/mkdir -p '/tmp/pkg/cifs-utils/usr/share/man/man1'
 /bin/mkdir -p '/tmp/pkg/cifs-utils/usr/share/man/man8'
 /bin/mkdir -p '/tmp/pkg/cifs-utils/usr/lib/cifs-utils'
 /bin/mkdir -p '/tmp/pkg/cifs-utils/usr/bin'
 /bin/mkdir -p '/tmp/pkg/cifs-utils/sbin'
 /bin/mkdir -p '/tmp/pkg/cifs-utils/usr/sbin'
  /usr/bin/install -c idmapwb.so '/tmp/pkg/cifs-utils/usr/lib/cifs-utils'
 /usr/bin/install -c -m 644 mount.cifs.8 cifs.upcall.8 cifs.idmap.8 idmapwb.8 '/tmp/pkg/cifs-utils/usr/share/man/man8'
  /usr/bin/install -c mount.cifs '/tmp/pkg/cifs-utils/sbin'
 /usr/bin/install -c -m 644 cifscreds.1 getcifsacl.1 setcifsacl.1 smbinfo.1 smb2-quota.1 '/tmp/pkg/cifs-utils/usr/share/man/man1'
  /usr/bin/install -c cifscreds getcifsacl setcifsacl '/tmp/pkg/cifs-utils/usr/bin'
  /usr/bin/install -c cifs.upcall cifs.idmap '/tmp/pkg/cifs-utils/usr/sbin'
make  install-data-hook
make  install-exec-hook
make[3]: Entering directory '/tmp/src/cifs-utils-7.3'
( cd /tmp/pkg/cifs-utils/usr/share/man/man8 && ln -sf mount.cifs.8 mount.smb3.8)
make[3]: Leaving directory '/tmp/src/cifs-utils-7.3'
make[3]: Entering directory '/tmp/src/cifs-utils-7.3'
 /bin/mkdir -p '/tmp/pkg/cifs-utils/usr/sbin'
  /usr/bin/install -c cifs.upcall cifs.idmap '/tmp/pkg/cifs-utils/usr/sbin'
(cd /tmp/pkg/cifs-utils/sbin && ln -sf mount.cifs mount.smb3)
make[3]: Leaving directory '/tmp/src/cifs-utils-7.3'
make[2]: Leaving directory '/tmp/src/cifs-utils-7.3'
make[1]: Leaving directory '/tmp/src/cifs-utils-7.3'
>>> cifs-utils-doc*: Running split function doc...
'usr/share/man' -> '/tmp/pkg/cifs-utils-doc/usr/share/man'
>>> cifs-utils-doc*: Preparing subpackage cifs-utils-doc...
>>> cifs-utils-doc*: Running postcheck for cifs-utils-doc
>>> cifs-utils-dev*: Running split function dev...
'usr/include' -> '/tmp/pkg/cifs-utils-dev/usr/include'
>>> cifs-utils-dev*: Preparing subpackage cifs-utils-dev...
>>> cifs-utils-dev*: Stripping binaries
>>> cifs-utils-dev*: Running postcheck for cifs-utils-dev
>>> cifs-utils*: Running postcheck for cifs-utils
>>> WARNING: cifs-utils*: Packages must not put anything under /sbin, use /usr/bin instead
>>> cifs-utils*: Preparing package cifs-utils...
>>> cifs-utils*: Stripping binaries
>>> cifs-utils-dev*: Scanning shared objects
>>> cifs-utils-doc*: Scanning shared objects
>>> cifs-utils*: Scanning shared objects
>>> cifs-utils-dev*: Tracing dependencies...
>>> cifs-utils-dev*: Package size: 6.0 KB
>>> cifs-utils-dev*: Compressing data...
>>> cifs-utils-dev*: Create checksum...
>>> cifs-utils-dev*: Create cifs-utils-dev-7.3-r0.apk
>>> cifs-utils-doc*: Tracing dependencies...
>>> cifs-utils-doc*: Package size: 27.6 KB
>>> cifs-utils-doc*: Compressing data...
>>> cifs-utils-doc*: Create checksum...
>>> cifs-utils-doc*: Create cifs-utils-doc-7.3-r0.apk
>>> cifs-utils*: Tracing dependencies...
	so:libc.musl-x86_64.so.1
	so:libcap-ng.so.0
	so:libgssapi_krb5.so.2
	so:libkeyutils.so.1
	so:libkrb5.so.3
	so:libtalloc.so.2
	so:libwbclient.so.0
>>> cifs-utils*: Package size: 109.2 KB
>>> cifs-utils*: Compressing data...
>>> cifs-utils*: Create checksum...
>>> cifs-utils*: Create cifs-utils-7.3-r0.apk
>>> cifs-utils: Updating the main/x86_64 repository index...
>>> cifs-utils: Signing the index...
>>> cifs-utils: Cleaning up srcdir
>>> cifs-utils: Cleaning up build chroot
>>> cifs-utils: Cleaning up pkgdir
