>>> lua-lxc: Validating /home/packager/oily-pine/main/lua-lxc/APKBUILD...
>>> lua-lxc: Cleaning up srcdir
>>> lua-lxc: Cleaning up pkgdir
>>> lua-lxc: Cleaning up tmpdir
>>> lua-lxc: Fetching https://linuxcontainers.org/downloads/lxc/lua-lxc-3.0.2.tar.gz
  % Total    % Received % Xferd  Average Speed   Time    Time     Time  Current
                                 Dload  Upload   Total   Spent    Left  Speed
  0     0    0     0    0     0      0      0 --:--:-- --:--:-- --:--:--     0 10  345k   10 36573    0     0  66291      0  0:00:05 --:--:--  0:00:05 66255100  345k  100  345k    0     0   425k      0 --:--:-- --:--:-- --:--:--  425k
>>> lua-lxc: Fetching https://linuxcontainers.org/downloads/lxc/lua-lxc-3.0.2.tar.gz
>>> lua-lxc: Checking sha512sums...
lua-lxc-3.0.2.tar.gz: OK
>>> lua-lxc: Preparing build chroot...
fetch http://dl-cdn.alpinelinux.org/alpine/edge/main/x86_64/APKINDEX.tar.gz
(1/102) Installing musl (1.2.5-r10)
(2/102) Installing libcrypto3 (3.5.0-r0)
(3/102) Installing ca-certificates-bundle (20241121-r2)
(4/102) Installing libssl3 (3.5.0-r0)
(5/102) Installing zlib (1.3.1-r2)
(6/102) Installing libapk2 (2.14.9-r2)
(7/102) Installing apk-tools (2.14.9-r2)
(8/102) Installing libcap2 (2.76-r0)
(9/102) Installing libcap-getcap (2.76-r0)
(10/102) Installing fakeroot (1.37.1.1-r0)
(11/102) Installing scanelf (1.3.8-r1)
(12/102) Installing musl-utils (1.2.5-r10)
(13/102) Installing libgcc (14.3.0-r1)
(14/102) Installing libstdc++ (14.3.0-r1)
(15/102) Installing lzip (1.25-r0)
(16/102) Installing openssl (3.5.0-r0)
(17/102) Installing patch (2.8-r0)
(18/102) Installing pkgconf (2.4.3-r0)
(19/102) Installing acl-libs (2.3.2-r1)
(20/102) Installing tar (1.35-r3)
(21/102) Installing busybox (1.37.0-r18)
Executing busybox-1.37.0-r18.post-install
(22/102) Installing ssl_client (1.37.0-r18)
(23/102) Installing busybox-binsh (1.37.0-r18)
(24/102) Installing abuild (3.15.0-r0)
Executing abuild-3.15.0-r0.pre-install
(25/102) Installing abuild-sudo (3.15.0-r0)
(26/102) Installing alpine-baselayout-data (3.7.0-r0)
(27/102) Installing alpine-baselayout (3.7.0-r0)
Executing alpine-baselayout-3.7.0-r0.pre-install
Executing alpine-baselayout-3.7.0-r0.post-install
(28/102) Installing bridge (1.5-r5)
(29/102) Installing ifupdown-ng (0.12.1-r7)
(30/102) Installing openrc-user (0.62.2-r2)
(31/102) Installing openrc (0.62.2-r2)
Executing openrc-0.62.2-r2.post-install
(32/102) Installing mdev-conf (4.8-r0)
(33/102) Installing busybox-mdev-openrc (1.37.0-r18)
(34/102) Installing alpine-conf (3.20.0-r0)
(35/102) Installing alpine-keys (2.5-r0)
(36/102) Installing alpine-release (3.22.0-r0)
(37/102) Installing busybox-openrc (1.37.0-r18)
(38/102) Installing busybox-suid (1.37.0-r18)
(39/102) Installing alpine-base (3.22.0-r0)
(40/102) Installing m4 (1.4.20-r0)
(41/102) Installing libbz2 (1.0.8-r6)
(42/102) Installing perl (5.40.2-r0)
(43/102) Installing autoconf (2.72-r1)
(44/102) Installing automake (1.18-r0)
(45/102) Installing jansson (2.14.1-r0)
(46/102) Installing zstd-libs (1.5.7-r0)
(47/102) Installing binutils (2.44-r0)
(48/102) Installing libmagic (5.46-r2)
(49/102) Installing file (5.46-r2)
(50/102) Installing libgomp (14.3.0-r1)
(51/102) Installing libatomic (14.3.0-r1)
(52/102) Installing gmp (6.3.0-r3)
(53/102) Installing isl26 (0.26-r1)
(54/102) Installing mpfr4 (4.2.1_p1-r0)
(55/102) Installing mpc1 (1.3.1-r1)
(56/102) Installing gcc (14.3.0-r1)
(57/102) Installing libstdc++-dev (14.3.0-r1)
(58/102) Installing musl-dev (1.2.5-r10)
(59/102) Installing g++ (14.3.0-r1)
(60/102) Installing make (4.4.1-r3)
(61/102) Installing fortify-headers (1.1-r5)
(62/102) Installing build-base (0.5-r3)
(63/102) Installing brotli-libs (1.1.0-r2)
(64/102) Installing c-ares (1.34.5-r0)
(65/102) Installing libunistring (1.3-r0)
(66/102) Installing libidn2 (2.3.7-r0)
(67/102) Installing nghttp2-libs (1.65.0-r0)
(68/102) Installing libpsl (0.21.5-r3)
(69/102) Installing libcurl (8.14.0-r2)
(70/102) Installing libexpat (2.7.1-r0)
(71/102) Installing pcre2 (10.43-r1)
(72/102) Installing git (2.49.0-r0)
(73/102) Installing git-init-template (2.49.0-r0)
(74/102) Installing perl-error (0.17030-r0)
(75/102) Installing perl-git (2.49.0-r0)
(76/102) Installing git-perl (2.49.0-r0)
(77/102) Installing libltdl (2.5.4-r1)
(78/102) Installing libtool (2.5.4-r1)
(79/102) Installing lua5.1-libs (5.1.5-r13)
(80/102) Installing lua5.1 (5.1.5-r13)
(81/102) Installing lua5.1-dev (5.1.5-r13)
(82/102) Installing lua5.2-libs (5.2.4-r13)
(83/102) Installing lua5.2 (5.2.4-r13)
(84/102) Installing lua5.2-dev (5.2.4-r13)
(85/102) Installing linenoise (1.0-r5)
(86/102) Installing lua5.3-libs (5.3.6-r6)
(87/102) Installing lua5.3 (5.3.6-r6)
(88/102) Installing lua5.3-dev (5.3.6-r6)
(89/102) Installing lua5.4-libs (5.4.7-r0)
(90/102) Installing ncurses-terminfo-base (6.5_p20250503-r0)
(91/102) Installing libncursesw (6.5_p20250503-r0)
(92/102) Installing readline (8.2.13-r1)
(93/102) Installing lua5.4 (5.4.7-r0)
(94/102) Installing lua5.4-dev (5.4.7-r0)
(95/102) Installing dbus-libs (1.16.2-r1)
(96/102) Installing libseccomp (2.6.0-r0)
(97/102) Installing lxc-libs (6.0.4-r0)
(98/102) Installing dbus-dev (1.16.2-r1)
(99/102) Installing linux-headers (6.14.2-r0)
(100/102) Installing libcap-dev (2.76-r0)
(101/102) Installing libseccomp-dev (2.6.0-r0)
(102/102) Installing lxc-dev (6.0.4-r0)
Executing busybox-1.37.0-r18.trigger
OK: 316 MiB in 102 packages
>>> lua-lxc: Fetching https://linuxcontainers.org/downloads/lxc/lua-lxc-3.0.2.tar.gz
>>> lua-lxc: Checking sha512sums...
lua-lxc-3.0.2.tar.gz: OK
>>> lua-lxc: Unpacking /var/cache/distfiles/lua-lxc-3.0.2.tar.gz...
>>> lua-lxc: Updating ./config/config.sub
+ test -d autom4te.cache
+ libtoolize
libtoolize: putting auxiliary files in AC_CONFIG_AUX_DIR, 'config'.
libtoolize: linking file 'config/ltmain.sh'
libtoolize: putting macros in 'config'.
libtoolize: linking file 'config/libtool.m4'
libtoolize: linking file 'config/ltoptions.m4'
libtoolize: linking file 'config/ltversion.m4'
libtoolize: Consider adding 'AC_CONFIG_MACRO_DIRS([config])' to configure.ac,
libtoolize: and rerunning libtoolize and aclocal.
+ aclocal -I config
+ autoheader
+ autoconf
configure.ac:15: warning: The macro 'AC_GNU_SOURCE' is obsolete.
configure.ac:15: You should run autoupdate.
./lib/autoconf/specific.m4:489: AC_GNU_SOURCE is expanded from...
configure.ac:15: the top level
configure.ac:42: warning: The macro 'AC_HELP_STRING' is obsolete.
configure.ac:42: You should run autoupdate.
./lib/autoconf/general.m4:204: AC_HELP_STRING is expanded from...
./lib/autoconf/general.m4:1534: AC_ARG_ENABLE is expanded from...
configure.ac:42: the top level
configure.ac:48: warning: The macro 'AC_HELP_STRING' is obsolete.
configure.ac:48: You should run autoupdate.
./lib/autoconf/general.m4:204: AC_HELP_STRING is expanded from...
./lib/autoconf/general.m4:1534: AC_ARG_ENABLE is expanded from...
configure.ac:48: the top level
configure.ac:101: warning: The macro 'AC_PROG_GCC_TRADITIONAL' is obsolete.
configure.ac:101: You should run autoupdate.
./lib/autoconf/c.m4:1676: AC_PROG_GCC_TRADITIONAL is expanded from...
configure.ac:101: the top level
+ automake --add-missing --copy
checking for x86_64-alpine-linux-musl-pkg-config... no
checking for pkg-config... /usr/bin/pkg-config
checking pkg-config is at least version 0.9.0... yes
checking for a BSD-compatible install... /usr/bin/install -c
checking whether sleep supports fractional seconds... yes
checking filesystem timestamp resolution... 2
checking whether build environment is sane... yes
checking for a race-free mkdir -p... /bin/mkdir -p
checking for gawk... no
checking for mawk... no
checking for nawk... no
checking for awk... awk
checking whether make sets $(MAKE)... yes
checking whether make supports nested variables... yes
checking xargs -n works... yes
checking whether UID '1000' is supported by ustar format... yes
checking whether GID '1000' is supported by ustar format... yes
checking how to create a ustar tar archive... gnutar
checking build system type... x86_64-alpine-linux-musl
checking host system type... x86_64-alpine-linux-musl
checking whether make supports the include directive... yes (GNU style)
checking for x86_64-alpine-linux-musl-gcc... cc
checking whether the C compiler works... yes
checking for C compiler default output file name... a.out
checking for suffix of executables... 
checking whether we are cross compiling... no
checking for suffix of object files... o
checking whether the compiler supports GNU C... yes
checking whether cc accepts -g... yes
checking for cc option to enable C11 features... none needed
checking whether cc understands -c and -o together... yes
checking dependency style of cc... gcc3
checking for stdio.h... yes
checking for stdlib.h... yes
checking for string.h... yes
checking for inttypes.h... yes
checking for stdint.h... yes
checking for strings.h... yes
checking for sys/stat.h... yes
checking for sys/types.h... yes
checking for unistd.h... yes
checking for wchar.h... yes
checking for minix/config.h... no
checking whether it is safe to define __EXTENSIONS__... yes
checking whether _XOPEN_SOURCE should be defined... no
checking how to print strings... printf
checking for a sed that does not truncate output... /bin/sed
checking for grep that handles long lines and -e... /bin/grep
checking for egrep... /bin/grep -E
checking for fgrep... /bin/grep -F
checking for ld used by cc... /usr/x86_64-alpine-linux-musl/bin/ld
checking if the linker (/usr/x86_64-alpine-linux-musl/bin/ld) is GNU ld... yes
checking for BSD- or MS-compatible name lister (nm)... /usr/bin/nm -B
checking the name lister (/usr/bin/nm -B) interface... BSD nm
checking whether ln -s works... yes
checking the maximum length of command line arguments... 98304
checking how to convert x86_64-alpine-linux-musl file names to x86_64-alpine-linux-musl format... func_convert_file_noop
checking how to convert x86_64-alpine-linux-musl file names to toolchain format... func_convert_file_noop
checking for /usr/x86_64-alpine-linux-musl/bin/ld option to reload object files... -r
checking for file... file
checking for x86_64-alpine-linux-musl-objdump... no
checking for objdump... objdump
checking how to recognize dependent libraries... pass_all
checking for x86_64-alpine-linux-musl-dlltool... no
checking for dlltool... no
checking how to associate runtime and link libraries... printf %s\n
checking for x86_64-alpine-linux-musl-ranlib... no
checking for ranlib... ranlib
checking for x86_64-alpine-linux-musl-ar... no
checking for ar... ar
checking for archiver @FILE support... @
checking for x86_64-alpine-linux-musl-strip... no
checking for strip... strip
checking command to parse /usr/bin/nm -B output from cc object... ok
checking for sysroot... no
checking for a working dd... /bin/dd
checking how to truncate binary pipes... /bin/dd bs=4096 count=1
checking for x86_64-alpine-linux-musl-mt... no
checking for mt... no
checking if : is a manifest tool... no
checking for dlfcn.h... yes
checking for objdir... .libs
checking if cc supports -fno-rtti -fno-exceptions... no
checking for cc option to produce PIC... -fPIC -DPIC
checking if cc PIC flag -fPIC -DPIC works... yes
checking if cc static flag -static works... yes
checking if cc supports -c -o file.o... yes
checking if cc supports -c -o file.o... (cached) yes
checking whether the cc linker (/usr/x86_64-alpine-linux-musl/bin/ld -m elf_x86_64) supports shared libraries... yes
checking whether -lc should be explicitly linked in... no
checking dynamic linker characteristics... GNU/Linux ld.so
checking how to hardcode library paths into programs... immediate
checking whether stripping libraries is possible... yes
checking if libtool supports shared libraries... yes
checking whether to build shared libraries... yes
checking whether to build static libraries... yes
./configure: line 14104: xno: not found
checking for lua... yes
checking Lua version... 5.1
checking for a sed that does not truncate output... (cached) /bin/sed
checking that generated files are newer than configure... done
configure: creating ./config.status
config.status: creating Makefile
config.status: creating src/Makefile
config.status: creating src/config.h
config.status: executing depfiles commands
config.status: executing libtool commands
config.status: executing default commands

----------------------------
Environment:
 - compiler: cc
 - with_lua_pc: no

CDPATH="${ZSH_VERSION+.}:" && cd . && /bin/sh '/tmp/src/lua5.1/config/missing' aclocal-1.18 -I config
CDPATH="${ZSH_VERSION+.}:" && cd . && /bin/sh '/tmp/src/lua5.1/config/missing' autoconf
 cd . && /bin/sh /tmp/src/lua5.1/config/missing automake-1.18 --gnu
configure.ac:15: warning: The macro 'AC_GNU_SOURCE' is obsolete.
configure.ac:15: You should run autoupdate.
./lib/autoconf/specific.m4:489: AC_GNU_SOURCE is expanded from...
configure.ac:15: the top level
configure.ac:42: warning: The macro 'AC_HELP_STRING' is obsolete.
configure.ac:42: You should run autoupdate.
./lib/autoconf/general.m4:204: AC_HELP_STRING is expanded from...
./lib/autoconf/general.m4:1534: AC_ARG_ENABLE is expanded from...
configure.ac:42: the top level
configure.ac:48: warning: The macro 'AC_HELP_STRING' is obsolete.
configure.ac:48: You should run autoupdate.
./lib/autoconf/general.m4:204: AC_HELP_STRING is expanded from...
./lib/autoconf/general.m4:1534: AC_ARG_ENABLE is expanded from...
configure.ac:48: the top level
configure.ac:101: warning: The macro 'AC_PROG_GCC_TRADITIONAL' is obsolete.
configure.ac:101: You should run autoupdate.
./lib/autoconf/c.m4:1676: AC_PROG_GCC_TRADITIONAL is expanded from...
configure.ac:101: the top level
/bin/sh ./config.status --recheck
running CONFIG_SHELL=/bin/sh /bin/sh ./configure --build=x86_64-alpine-linux-musl --host=x86_64-alpine-linux-musl --prefix=/usr --sysconfdir=/etc --mandir=/usr/share/man --localstatedir=/var build_alias=x86_64-alpine-linux-musl host_alias=x86_64-alpine-linux-musl CC=cc CFLAGS=-Os -fstack-clash-protection -Wformat -Werror=format-security -fno-plt LDFLAGS=-Wl,--as-needed,-O1,--sort-common -Wl,-z,pack-relative-relocs LUA_VERSION=5.1 --no-create --no-recursion
checking for x86_64-alpine-linux-musl-pkg-config... no
checking for pkg-config... /usr/bin/pkg-config
checking pkg-config is at least version 0.9.0... yes
checking for a BSD-compatible install... /usr/bin/install -c
checking whether sleep supports fractional seconds... yes
checking filesystem timestamp resolution... 2
checking whether build environment is sane... yes
checking for a race-free mkdir -p... /bin/mkdir -p
checking for gawk... no
checking for mawk... no
checking for nawk... no
checking for awk... awk
checking whether make sets $(MAKE)... yes
checking whether make supports nested variables... yes
checking xargs -n works... yes
checking whether UID '1000' is supported by ustar format... yes
checking whether GID '1000' is supported by ustar format... yes
checking how to create a ustar tar archive... gnutar
checking build system type... x86_64-alpine-linux-musl
checking host system type... x86_64-alpine-linux-musl
checking whether make supports the include directive... yes (GNU style)
checking for x86_64-alpine-linux-musl-gcc... cc
checking whether the C compiler works... yes
checking for C compiler default output file name... a.out
checking for suffix of executables... 
checking whether we are cross compiling... no
checking for suffix of object files... o
checking whether the compiler supports GNU C... yes
checking whether cc accepts -g... yes
checking for cc option to enable C11 features... none needed
checking whether cc understands -c and -o together... yes
checking dependency style of cc... gcc3
checking for stdio.h... yes
checking for stdlib.h... yes
checking for string.h... yes
checking for inttypes.h... yes
checking for stdint.h... yes
checking for strings.h... yes
checking for sys/stat.h... yes
checking for sys/types.h... yes
checking for unistd.h... yes
checking for wchar.h... yes
checking for minix/config.h... no
checking whether it is safe to define __EXTENSIONS__... yes
checking whether _XOPEN_SOURCE should be defined... no
checking how to print strings... printf
checking for a sed that does not truncate output... /bin/sed
checking for grep that handles long lines and -e... /bin/grep
checking for egrep... /bin/grep -E
checking for fgrep... /bin/grep -F
checking for ld used by cc... /usr/x86_64-alpine-linux-musl/bin/ld
checking if the linker (/usr/x86_64-alpine-linux-musl/bin/ld) is GNU ld... yes
checking for BSD- or MS-compatible name lister (nm)... /usr/bin/nm -B
checking the name lister (/usr/bin/nm -B) interface... BSD nm
checking whether ln -s works... yes
checking the maximum length of command line arguments... 98304
checking how to convert x86_64-alpine-linux-musl file names to x86_64-alpine-linux-musl format... func_convert_file_noop
checking how to convert x86_64-alpine-linux-musl file names to toolchain format... func_convert_file_noop
checking for /usr/x86_64-alpine-linux-musl/bin/ld option to reload object files... -r
checking for file... file
checking for x86_64-alpine-linux-musl-objdump... no
checking for objdump... objdump
checking how to recognize dependent libraries... pass_all
checking for x86_64-alpine-linux-musl-dlltool... no
checking for dlltool... no
checking how to associate runtime and link libraries... printf %s\n
checking for x86_64-alpine-linux-musl-ranlib... no
checking for ranlib... ranlib
checking for x86_64-alpine-linux-musl-ar... no
checking for ar... ar
checking for archiver @FILE support... @
checking for x86_64-alpine-linux-musl-strip... no
checking for strip... strip
checking command to parse /usr/bin/nm -B output from cc object... ok
checking for sysroot... no
checking for a working dd... /bin/dd
checking how to truncate binary pipes... /bin/dd bs=4096 count=1
checking for x86_64-alpine-linux-musl-mt... no
checking for mt... no
checking if : is a manifest tool... no
checking for dlfcn.h... yes
checking for objdir... .libs
checking if cc supports -fno-rtti -fno-exceptions... no
checking for cc option to produce PIC... -fPIC -DPIC
checking if cc PIC flag -fPIC -DPIC works... yes
checking if cc static flag -static works... yes
checking if cc supports -c -o file.o... yes
checking if cc supports -c -o file.o... (cached) yes
checking whether the cc linker (/usr/x86_64-alpine-linux-musl/bin/ld -m elf_x86_64) supports shared libraries... yes
checking whether -lc should be explicitly linked in... no
checking dynamic linker characteristics... GNU/Linux ld.so
checking how to hardcode library paths into programs... immediate
checking whether stripping libraries is possible... yes
checking if libtool supports shared libraries... yes
checking whether to build shared libraries... yes
checking whether to build static libraries... yes
./configure: line 14104: xno: not found
checking for lua... yes
checking Lua version... 5.1
checking for a sed that does not truncate output... (cached) /bin/sed
checking that generated files are newer than configure... done
configure: creating ./config.status

----------------------------
Environment:
 - compiler: cc
 - with_lua_pc: no

 /bin/sh ./config.status
config.status: creating Makefile
config.status: creating src/Makefile
config.status: creating src/config.h
config.status: src/config.h is unchanged
config.status: executing depfiles commands
config.status: executing libtool commands
config.status: executing default commands
Making all in src
make[1]: Entering directory '/tmp/src/lua5.1/src'
(CDPATH="${ZSH_VERSION+.}:" && cd .. && /bin/sh '/tmp/src/lua5.1/config/missing' autoheader)
rm -f stamp-h1
touch config.h.in
rm -f stamp-h1
cd .. && /bin/sh ./config.status src/config.h
config.status: creating src/config.h
config.status: src/config.h is unchanged
make  all-am
make[2]: Entering directory '/tmp/src/lua5.1/src'
/bin/sh ../libtool  --tag=CC   --mode=compile cc -DHAVE_CONFIG_H -I.    -fPIC -DPIC -I../src -I../src  -DVERSION=\"3.0.2\" -DLXCPATH=\"\" -Os -fstack-clash-protection -Wformat -Werror=format-security -fno-plt -Wall -Werror -MT libcore_la-core.lo -MD -MP -MF .deps/libcore_la-core.Tpo -c -o libcore_la-core.lo `test -f 'core.c' || echo './'`core.c
libtool: compile:  cc -DHAVE_CONFIG_H -I. -fPIC -DPIC -I../src -I../src "-DVERSION=\"3.0.2\"" "-DLXCPATH=\"\"" -Os -fstack-clash-protection -Wformat -Werror=format-security -fno-plt -Wall -Werror -MT libcore_la-core.lo -MD -MP -MF .deps/libcore_la-core.Tpo -c core.c  -fPIC -DPIC -o .libs/libcore_la-core.o
libtool: compile:  cc -DHAVE_CONFIG_H -I. -fPIC -DPIC -I../src -I../src "-DVERSION=\"3.0.2\"" "-DLXCPATH=\"\"" -Os -fstack-clash-protection -Wformat -Werror=format-security -fno-plt -Wall -Werror -MT libcore_la-core.lo -MD -MP -MF .deps/libcore_la-core.Tpo -c core.c -o libcore_la-core.o >/dev/null 2>&1
mv -f .deps/libcore_la-core.Tpo .deps/libcore_la-core.Plo
/bin/sh ../libtool  --tag=CC   --mode=link cc -fPIC -DPIC -I../src -I../src  -DVERSION=\"3.0.2\" -DLXCPATH=\"\" -Os -fstack-clash-protection -Wformat -Werror=format-security -fno-plt -Wall -Werror -shared -L../ -Wl,-soname,core.so.3 -Wl,--as-needed,-O1,--sort-common -Wl,-z,pack-relative-relocs -o libcore.la -rpath /usr/lib libcore_la-core.lo -llxc 
libtool: link: cc -shared  -fPIC -DPIC  .libs/libcore_la-core.o   -L../ -llxc  -Os -Werror=format-security -Werror -Wl,-soname -Wl,core.so.3 -Wl,--as-needed -Wl,-O1 -Wl,--sort-common -Wl,-z -Wl,pack-relative-relocs   -Wl,-soname -Wl,libcore.so.0 -o .libs/libcore.so.0.0.0
libtool: link: (cd ".libs" && rm -f "libcore.so.0" && ln -s "libcore.so.0.0.0" "libcore.so.0")
libtool: link: (cd ".libs" && rm -f "libcore.so" && ln -s "libcore.so.0.0.0" "libcore.so")
libtool: link: ( cd ".libs" && rm -f "libcore.la" && ln -s "../libcore.la" "libcore.la" )
make[2]: Leaving directory '/tmp/src/lua5.1/src'
make[1]: Leaving directory '/tmp/src/lua5.1/src'
make[1]: Entering directory '/tmp/src/lua5.1'
make[1]: Nothing to be done for 'all-am'.
make[1]: Leaving directory '/tmp/src/lua5.1'
checking for x86_64-alpine-linux-musl-pkg-config... no
checking for pkg-config... /usr/bin/pkg-config
checking pkg-config is at least version 0.9.0... yes
checking for a BSD-compatible install... /usr/bin/install -c
checking whether sleep supports fractional seconds... yes
checking filesystem timestamp resolution... 2
checking whether build environment is sane... yes
checking for a race-free mkdir -p... /bin/mkdir -p
checking for gawk... no
checking for mawk... no
checking for nawk... no
checking for awk... awk
checking whether make sets $(MAKE)... yes
checking whether make supports nested variables... yes
checking xargs -n works... yes
checking whether UID '1000' is supported by ustar format... yes
checking whether GID '1000' is supported by ustar format... yes
checking how to create a ustar tar archive... gnutar
checking build system type... x86_64-alpine-linux-musl
checking host system type... x86_64-alpine-linux-musl
checking whether make supports the include directive... yes (GNU style)
checking for x86_64-alpine-linux-musl-gcc... cc
checking whether the C compiler works... yes
checking for C compiler default output file name... a.out
checking for suffix of executables... 
checking whether we are cross compiling... no
checking for suffix of object files... o
checking whether the compiler supports GNU C... yes
checking whether cc accepts -g... yes
checking for cc option to enable C11 features... none needed
checking whether cc understands -c and -o together... yes
checking dependency style of cc... gcc3
checking for stdio.h... yes
checking for stdlib.h... yes
checking for string.h... yes
checking for inttypes.h... yes
checking for stdint.h... yes
checking for strings.h... yes
checking for sys/stat.h... yes
checking for sys/types.h... yes
checking for unistd.h... yes
checking for wchar.h... yes
checking for minix/config.h... no
checking whether it is safe to define __EXTENSIONS__... yes
checking whether _XOPEN_SOURCE should be defined... no
checking how to print strings... printf
checking for a sed that does not truncate output... /bin/sed
checking for grep that handles long lines and -e... /bin/grep
checking for egrep... /bin/grep -E
checking for fgrep... /bin/grep -F
checking for ld used by cc... /usr/x86_64-alpine-linux-musl/bin/ld
checking if the linker (/usr/x86_64-alpine-linux-musl/bin/ld) is GNU ld... yes
checking for BSD- or MS-compatible name lister (nm)... /usr/bin/nm -B
checking the name lister (/usr/bin/nm -B) interface... BSD nm
checking whether ln -s works... yes
checking the maximum length of command line arguments... 98304
checking how to convert x86_64-alpine-linux-musl file names to x86_64-alpine-linux-musl format... func_convert_file_noop
checking how to convert x86_64-alpine-linux-musl file names to toolchain format... func_convert_file_noop
checking for /usr/x86_64-alpine-linux-musl/bin/ld option to reload object files... -r
checking for file... file
checking for x86_64-alpine-linux-musl-objdump... no
checking for objdump... objdump
checking how to recognize dependent libraries... pass_all
checking for x86_64-alpine-linux-musl-dlltool... no
checking for dlltool... no
checking how to associate runtime and link libraries... printf %s\n
checking for x86_64-alpine-linux-musl-ranlib... no
checking for ranlib... ranlib
checking for x86_64-alpine-linux-musl-ar... no
checking for ar... ar
checking for archiver @FILE support... @
checking for x86_64-alpine-linux-musl-strip... no
checking for strip... strip
checking command to parse /usr/bin/nm -B output from cc object... ok
checking for sysroot... no
checking for a working dd... /bin/dd
checking how to truncate binary pipes... /bin/dd bs=4096 count=1
checking for x86_64-alpine-linux-musl-mt... no
checking for mt... no
checking if : is a manifest tool... no
checking for dlfcn.h... yes
checking for objdir... .libs
checking if cc supports -fno-rtti -fno-exceptions... no
checking for cc option to produce PIC... -fPIC -DPIC
checking if cc PIC flag -fPIC -DPIC works... yes
checking if cc static flag -static works... yes
checking if cc supports -c -o file.o... yes
checking if cc supports -c -o file.o... (cached) yes
checking whether the cc linker (/usr/x86_64-alpine-linux-musl/bin/ld -m elf_x86_64) supports shared libraries... yes
checking whether -lc should be explicitly linked in... no
checking dynamic linker characteristics... GNU/Linux ld.so
checking how to hardcode library paths into programs... immediate
checking whether stripping libraries is possible... yes
checking if libtool supports shared libraries... yes
checking whether to build shared libraries... yes
checking whether to build static libraries... yes
./configure: line 14104: xno: not found
checking for lua... yes
checking Lua version... 5.2
checking for a sed that does not truncate output... (cached) /bin/sed
checking that generated files are newer than configure... done
configure: creating ./config.status
config.status: creating Makefile
config.status: creating src/Makefile
config.status: creating src/config.h
config.status: executing depfiles commands
config.status: executing libtool commands
config.status: executing default commands

----------------------------
Environment:
 - compiler: cc
 - with_lua_pc: no

CDPATH="${ZSH_VERSION+.}:" && cd . && /bin/sh '/tmp/src/lua5.2/config/missing' aclocal-1.18 -I config
CDPATH="${ZSH_VERSION+.}:" && cd . && /bin/sh '/tmp/src/lua5.2/config/missing' autoconf
 cd . && /bin/sh /tmp/src/lua5.2/config/missing automake-1.18 --gnu
configure.ac:15: warning: The macro 'AC_GNU_SOURCE' is obsolete.
configure.ac:15: You should run autoupdate.
./lib/autoconf/specific.m4:489: AC_GNU_SOURCE is expanded from...
configure.ac:15: the top level
configure.ac:42: warning: The macro 'AC_HELP_STRING' is obsolete.
configure.ac:42: You should run autoupdate.
./lib/autoconf/general.m4:204: AC_HELP_STRING is expanded from...
./lib/autoconf/general.m4:1534: AC_ARG_ENABLE is expanded from...
configure.ac:42: the top level
configure.ac:48: warning: The macro 'AC_HELP_STRING' is obsolete.
configure.ac:48: You should run autoupdate.
./lib/autoconf/general.m4:204: AC_HELP_STRING is expanded from...
./lib/autoconf/general.m4:1534: AC_ARG_ENABLE is expanded from...
configure.ac:48: the top level
configure.ac:101: warning: The macro 'AC_PROG_GCC_TRADITIONAL' is obsolete.
configure.ac:101: You should run autoupdate.
./lib/autoconf/c.m4:1676: AC_PROG_GCC_TRADITIONAL is expanded from...
configure.ac:101: the top level
/bin/sh ./config.status --recheck
running CONFIG_SHELL=/bin/sh /bin/sh ./configure --build=x86_64-alpine-linux-musl --host=x86_64-alpine-linux-musl --prefix=/usr --sysconfdir=/etc --mandir=/usr/share/man --localstatedir=/var build_alias=x86_64-alpine-linux-musl host_alias=x86_64-alpine-linux-musl CC=cc CFLAGS=-Os -fstack-clash-protection -Wformat -Werror=format-security -fno-plt LDFLAGS=-Wl,--as-needed,-O1,--sort-common -Wl,-z,pack-relative-relocs LUA_VERSION=5.2 --no-create --no-recursion
checking for x86_64-alpine-linux-musl-pkg-config... no
checking for pkg-config... /usr/bin/pkg-config
checking pkg-config is at least version 0.9.0... yes
checking for a BSD-compatible install... /usr/bin/install -c
checking whether sleep supports fractional seconds... yes
checking filesystem timestamp resolution... 2
checking whether build environment is sane... yes
checking for a race-free mkdir -p... /bin/mkdir -p
checking for gawk... no
checking for mawk... no
checking for nawk... no
checking for awk... awk
checking whether make sets $(MAKE)... yes
checking whether make supports nested variables... yes
checking xargs -n works... yes
checking whether UID '1000' is supported by ustar format... yes
checking whether GID '1000' is supported by ustar format... yes
checking how to create a ustar tar archive... gnutar
checking build system type... x86_64-alpine-linux-musl
checking host system type... x86_64-alpine-linux-musl
checking whether make supports the include directive... yes (GNU style)
checking for x86_64-alpine-linux-musl-gcc... cc
checking whether the C compiler works... yes
checking for C compiler default output file name... a.out
checking for suffix of executables... 
checking whether we are cross compiling... no
checking for suffix of object files... o
checking whether the compiler supports GNU C... yes
checking whether cc accepts -g... yes
checking for cc option to enable C11 features... none needed
checking whether cc understands -c and -o together... yes
checking dependency style of cc... gcc3
checking for stdio.h... yes
checking for stdlib.h... yes
checking for string.h... yes
checking for inttypes.h... yes
checking for stdint.h... yes
checking for strings.h... yes
checking for sys/stat.h... yes
checking for sys/types.h... yes
checking for unistd.h... yes
checking for wchar.h... yes
checking for minix/config.h... no
checking whether it is safe to define __EXTENSIONS__... yes
checking whether _XOPEN_SOURCE should be defined... no
checking how to print strings... printf
checking for a sed that does not truncate output... /bin/sed
checking for grep that handles long lines and -e... /bin/grep
checking for egrep... /bin/grep -E
checking for fgrep... /bin/grep -F
checking for ld used by cc... /usr/x86_64-alpine-linux-musl/bin/ld
checking if the linker (/usr/x86_64-alpine-linux-musl/bin/ld) is GNU ld... yes
checking for BSD- or MS-compatible name lister (nm)... /usr/bin/nm -B
checking the name lister (/usr/bin/nm -B) interface... BSD nm
checking whether ln -s works... yes
checking the maximum length of command line arguments... 98304
checking how to convert x86_64-alpine-linux-musl file names to x86_64-alpine-linux-musl format... func_convert_file_noop
checking how to convert x86_64-alpine-linux-musl file names to toolchain format... func_convert_file_noop
checking for /usr/x86_64-alpine-linux-musl/bin/ld option to reload object files... -r
checking for file... file
checking for x86_64-alpine-linux-musl-objdump... no
checking for objdump... objdump
checking how to recognize dependent libraries... pass_all
checking for x86_64-alpine-linux-musl-dlltool... no
checking for dlltool... no
checking how to associate runtime and link libraries... printf %s\n
checking for x86_64-alpine-linux-musl-ranlib... no
checking for ranlib... ranlib
checking for x86_64-alpine-linux-musl-ar... no
checking for ar... ar
checking for archiver @FILE support... @
checking for x86_64-alpine-linux-musl-strip... no
checking for strip... strip
checking command to parse /usr/bin/nm -B output from cc object... ok
checking for sysroot... no
checking for a working dd... /bin/dd
checking how to truncate binary pipes... /bin/dd bs=4096 count=1
checking for x86_64-alpine-linux-musl-mt... no
checking for mt... no
checking if : is a manifest tool... no
checking for dlfcn.h... yes
checking for objdir... .libs
checking if cc supports -fno-rtti -fno-exceptions... no
checking for cc option to produce PIC... -fPIC -DPIC
checking if cc PIC flag -fPIC -DPIC works... yes
checking if cc static flag -static works... yes
checking if cc supports -c -o file.o... yes
checking if cc supports -c -o file.o... (cached) yes
checking whether the cc linker (/usr/x86_64-alpine-linux-musl/bin/ld -m elf_x86_64) supports shared libraries... yes
checking whether -lc should be explicitly linked in... no
checking dynamic linker characteristics... GNU/Linux ld.so
checking how to hardcode library paths into programs... immediate
checking whether stripping libraries is possible... yes
checking if libtool supports shared libraries... yes
checking whether to build shared libraries... yes
checking whether to build static libraries... yes
./configure: line 14104: xno: not found
checking for lua... yes
checking Lua version... 5.2
checking for a sed that does not truncate output... (cached) /bin/sed
checking that generated files are newer than configure... done
configure: creating ./config.status

----------------------------
Environment:
 - compiler: cc
 - with_lua_pc: no

 /bin/sh ./config.status
config.status: creating Makefile
config.status: creating src/Makefile
config.status: creating src/config.h
config.status: src/config.h is unchanged
config.status: executing depfiles commands
config.status: executing libtool commands
config.status: executing default commands
Making all in src
make[1]: Entering directory '/tmp/src/lua5.2/src'
(CDPATH="${ZSH_VERSION+.}:" && cd .. && /bin/sh '/tmp/src/lua5.2/config/missing' autoheader)
rm -f stamp-h1
touch config.h.in
rm -f stamp-h1
cd .. && /bin/sh ./config.status src/config.h
config.status: creating src/config.h
config.status: src/config.h is unchanged
make  all-am
make[2]: Entering directory '/tmp/src/lua5.2/src'
/bin/sh ../libtool  --tag=CC   --mode=compile cc -DHAVE_CONFIG_H -I.    -fPIC -DPIC -I../src -I../src  -DVERSION=\"3.0.2\" -DLXCPATH=\"\" -Os -fstack-clash-protection -Wformat -Werror=format-security -fno-plt -Wall -Werror -MT libcore_la-core.lo -MD -MP -MF .deps/libcore_la-core.Tpo -c -o libcore_la-core.lo `test -f 'core.c' || echo './'`core.c
libtool: compile:  cc -DHAVE_CONFIG_H -I. -fPIC -DPIC -I../src -I../src "-DVERSION=\"3.0.2\"" "-DLXCPATH=\"\"" -Os -fstack-clash-protection -Wformat -Werror=format-security -fno-plt -Wall -Werror -MT libcore_la-core.lo -MD -MP -MF .deps/libcore_la-core.Tpo -c core.c  -fPIC -DPIC -o .libs/libcore_la-core.o
libtool: compile:  cc -DHAVE_CONFIG_H -I. -fPIC -DPIC -I../src -I../src "-DVERSION=\"3.0.2\"" "-DLXCPATH=\"\"" -Os -fstack-clash-protection -Wformat -Werror=format-security -fno-plt -Wall -Werror -MT libcore_la-core.lo -MD -MP -MF .deps/libcore_la-core.Tpo -c core.c -o libcore_la-core.o >/dev/null 2>&1
mv -f .deps/libcore_la-core.Tpo .deps/libcore_la-core.Plo
/bin/sh ../libtool  --tag=CC   --mode=link cc -fPIC -DPIC -I../src -I../src  -DVERSION=\"3.0.2\" -DLXCPATH=\"\" -Os -fstack-clash-protection -Wformat -Werror=format-security -fno-plt -Wall -Werror -shared -L../ -Wl,-soname,core.so.3 -Wl,--as-needed,-O1,--sort-common -Wl,-z,pack-relative-relocs -o libcore.la -rpath /usr/lib libcore_la-core.lo -llxc 
libtool: link: cc -shared  -fPIC -DPIC  .libs/libcore_la-core.o   -L../ -llxc  -Os -Werror=format-security -Werror -Wl,-soname -Wl,core.so.3 -Wl,--as-needed -Wl,-O1 -Wl,--sort-common -Wl,-z -Wl,pack-relative-relocs   -Wl,-soname -Wl,libcore.so.0 -o .libs/libcore.so.0.0.0
libtool: link: (cd ".libs" && rm -f "libcore.so.0" && ln -s "libcore.so.0.0.0" "libcore.so.0")
libtool: link: (cd ".libs" && rm -f "libcore.so" && ln -s "libcore.so.0.0.0" "libcore.so")
libtool: link: ( cd ".libs" && rm -f "libcore.la" && ln -s "../libcore.la" "libcore.la" )
make[2]: Leaving directory '/tmp/src/lua5.2/src'
make[1]: Leaving directory '/tmp/src/lua5.2/src'
make[1]: Entering directory '/tmp/src/lua5.2'
make[1]: Nothing to be done for 'all-am'.
make[1]: Leaving directory '/tmp/src/lua5.2'
checking for x86_64-alpine-linux-musl-pkg-config... no
checking for pkg-config... /usr/bin/pkg-config
checking pkg-config is at least version 0.9.0... yes
checking for a BSD-compatible install... /usr/bin/install -c
checking whether sleep supports fractional seconds... yes
checking filesystem timestamp resolution... 2
checking whether build environment is sane... yes
checking for a race-free mkdir -p... /bin/mkdir -p
checking for gawk... no
checking for mawk... no
checking for nawk... no
checking for awk... awk
checking whether make sets $(MAKE)... yes
checking whether make supports nested variables... yes
checking xargs -n works... yes
checking whether UID '1000' is supported by ustar format... yes
checking whether GID '1000' is supported by ustar format... yes
checking how to create a ustar tar archive... gnutar
checking build system type... x86_64-alpine-linux-musl
checking host system type... x86_64-alpine-linux-musl
checking whether make supports the include directive... yes (GNU style)
checking for x86_64-alpine-linux-musl-gcc... cc
checking whether the C compiler works... yes
checking for C compiler default output file name... a.out
checking for suffix of executables... 
checking whether we are cross compiling... no
checking for suffix of object files... o
checking whether the compiler supports GNU C... yes
checking whether cc accepts -g... yes
checking for cc option to enable C11 features... none needed
checking whether cc understands -c and -o together... yes
checking dependency style of cc... gcc3
checking for stdio.h... yes
checking for stdlib.h... yes
checking for string.h... yes
checking for inttypes.h... yes
checking for stdint.h... yes
checking for strings.h... yes
checking for sys/stat.h... yes
checking for sys/types.h... yes
checking for unistd.h... yes
checking for wchar.h... yes
checking for minix/config.h... no
checking whether it is safe to define __EXTENSIONS__... yes
checking whether _XOPEN_SOURCE should be defined... no
checking how to print strings... printf
checking for a sed that does not truncate output... /bin/sed
checking for grep that handles long lines and -e... /bin/grep
checking for egrep... /bin/grep -E
checking for fgrep... /bin/grep -F
checking for ld used by cc... /usr/x86_64-alpine-linux-musl/bin/ld
checking if the linker (/usr/x86_64-alpine-linux-musl/bin/ld) is GNU ld... yes
checking for BSD- or MS-compatible name lister (nm)... /usr/bin/nm -B
checking the name lister (/usr/bin/nm -B) interface... BSD nm
checking whether ln -s works... yes
checking the maximum length of command line arguments... 98304
checking how to convert x86_64-alpine-linux-musl file names to x86_64-alpine-linux-musl format... func_convert_file_noop
checking how to convert x86_64-alpine-linux-musl file names to toolchain format... func_convert_file_noop
checking for /usr/x86_64-alpine-linux-musl/bin/ld option to reload object files... -r
checking for file... file
checking for x86_64-alpine-linux-musl-objdump... no
checking for objdump... objdump
checking how to recognize dependent libraries... pass_all
checking for x86_64-alpine-linux-musl-dlltool... no
checking for dlltool... no
checking how to associate runtime and link libraries... printf %s\n
checking for x86_64-alpine-linux-musl-ranlib... no
checking for ranlib... ranlib
checking for x86_64-alpine-linux-musl-ar... no
checking for ar... ar
checking for archiver @FILE support... @
checking for x86_64-alpine-linux-musl-strip... no
checking for strip... strip
checking command to parse /usr/bin/nm -B output from cc object... ok
checking for sysroot... no
checking for a working dd... /bin/dd
checking how to truncate binary pipes... /bin/dd bs=4096 count=1
checking for x86_64-alpine-linux-musl-mt... no
checking for mt... no
checking if : is a manifest tool... no
checking for dlfcn.h... yes
checking for objdir... .libs
checking if cc supports -fno-rtti -fno-exceptions... no
checking for cc option to produce PIC... -fPIC -DPIC
checking if cc PIC flag -fPIC -DPIC works... yes
checking if cc static flag -static works... yes
checking if cc supports -c -o file.o... yes
checking if cc supports -c -o file.o... (cached) yes
checking whether the cc linker (/usr/x86_64-alpine-linux-musl/bin/ld -m elf_x86_64) supports shared libraries... yes
checking whether -lc should be explicitly linked in... no
checking dynamic linker characteristics... GNU/Linux ld.so
checking how to hardcode library paths into programs... immediate
checking whether stripping libraries is possible... yes
checking if libtool supports shared libraries... yes
checking whether to build shared libraries... yes
checking whether to build static libraries... yes
./configure: line 14104: xno: not found
checking for lua... yes
checking Lua version... 5.3
checking for a sed that does not truncate output... (cached) /bin/sed
checking that generated files are newer than configure... done
configure: creating ./config.status
config.status: creating Makefile
config.status: creating src/Makefile
config.status: creating src/config.h
config.status: executing depfiles commands
config.status: executing libtool commands
config.status: executing default commands

----------------------------
Environment:
 - compiler: cc
 - with_lua_pc: no

Making all in src
make[1]: Entering directory '/tmp/src/lua5.3/src'
make  all-am
make[2]: Entering directory '/tmp/src/lua5.3/src'
/bin/sh ../libtool  --tag=CC   --mode=compile cc -DHAVE_CONFIG_H -I.    -fPIC -DPIC -I../src -I../src  -DVERSION=\"3.0.2\" -DLXCPATH=\"\" -Os -fstack-clash-protection -Wformat -Werror=format-security -fno-plt -Wall -Werror -MT libcore_la-core.lo -MD -MP -MF .deps/libcore_la-core.Tpo -c -o libcore_la-core.lo `test -f 'core.c' || echo './'`core.c
libtool: compile:  cc -DHAVE_CONFIG_H -I. -fPIC -DPIC -I../src -I../src "-DVERSION=\"3.0.2\"" "-DLXCPATH=\"\"" -Os -fstack-clash-protection -Wformat -Werror=format-security -fno-plt -Wall -Werror -MT libcore_la-core.lo -MD -MP -MF .deps/libcore_la-core.Tpo -c core.c  -fPIC -DPIC -o .libs/libcore_la-core.o
libtool: compile:  cc -DHAVE_CONFIG_H -I. -fPIC -DPIC -I../src -I../src "-DVERSION=\"3.0.2\"" "-DLXCPATH=\"\"" -Os -fstack-clash-protection -Wformat -Werror=format-security -fno-plt -Wall -Werror -MT libcore_la-core.lo -MD -MP -MF .deps/libcore_la-core.Tpo -c core.c -o libcore_la-core.o >/dev/null 2>&1
mv -f .deps/libcore_la-core.Tpo .deps/libcore_la-core.Plo
/bin/sh ../libtool  --tag=CC   --mode=link cc -fPIC -DPIC -I../src -I../src  -DVERSION=\"3.0.2\" -DLXCPATH=\"\" -Os -fstack-clash-protection -Wformat -Werror=format-security -fno-plt -Wall -Werror -shared -L../ -Wl,-soname,core.so.3 -Wl,--as-needed,-O1,--sort-common -Wl,-z,pack-relative-relocs -o libcore.la -rpath /usr/lib libcore_la-core.lo -llxc 
libtool: link: cc -shared  -fPIC -DPIC  .libs/libcore_la-core.o   -L../ -llxc  -Os -Werror=format-security -Werror -Wl,-soname -Wl,core.so.3 -Wl,--as-needed -Wl,-O1 -Wl,--sort-common -Wl,-z -Wl,pack-relative-relocs   -Wl,-soname -Wl,libcore.so.0 -o .libs/libcore.so.0.0.0
libtool: link: (cd ".libs" && rm -f "libcore.so.0" && ln -s "libcore.so.0.0.0" "libcore.so.0")
libtool: link: (cd ".libs" && rm -f "libcore.so" && ln -s "libcore.so.0.0.0" "libcore.so")
libtool: link: ( cd ".libs" && rm -f "libcore.la" && ln -s "../libcore.la" "libcore.la" )
make[2]: Leaving directory '/tmp/src/lua5.3/src'
make[1]: Leaving directory '/tmp/src/lua5.3/src'
make[1]: Entering directory '/tmp/src/lua5.3'
make[1]: Nothing to be done for 'all-am'.
make[1]: Leaving directory '/tmp/src/lua5.3'
checking for x86_64-alpine-linux-musl-pkg-config... no
checking for pkg-config... /usr/bin/pkg-config
checking pkg-config is at least version 0.9.0... yes
checking for a BSD-compatible install... /usr/bin/install -c
checking whether sleep supports fractional seconds... yes
checking filesystem timestamp resolution... 2
checking whether build environment is sane... yes
checking for a race-free mkdir -p... /bin/mkdir -p
checking for gawk... no
checking for mawk... no
checking for nawk... no
checking for awk... awk
checking whether make sets $(MAKE)... yes
checking whether make supports nested variables... yes
checking xargs -n works... yes
checking whether UID '1000' is supported by ustar format... yes
checking whether GID '1000' is supported by ustar format... yes
checking how to create a ustar tar archive... gnutar
checking build system type... x86_64-alpine-linux-musl
checking host system type... x86_64-alpine-linux-musl
checking whether make supports the include directive... yes (GNU style)
checking for x86_64-alpine-linux-musl-gcc... cc
checking whether the C compiler works... yes
checking for C compiler default output file name... a.out
checking for suffix of executables... 
checking whether we are cross compiling... no
checking for suffix of object files... o
checking whether the compiler supports GNU C... yes
checking whether cc accepts -g... yes
checking for cc option to enable C11 features... none needed
checking whether cc understands -c and -o together... yes
checking dependency style of cc... gcc3
checking for stdio.h... yes
checking for stdlib.h... yes
checking for string.h... yes
checking for inttypes.h... yes
checking for stdint.h... yes
checking for strings.h... yes
checking for sys/stat.h... yes
checking for sys/types.h... yes
checking for unistd.h... yes
checking for wchar.h... yes
checking for minix/config.h... no
checking whether it is safe to define __EXTENSIONS__... yes
checking whether _XOPEN_SOURCE should be defined... no
checking how to print strings... printf
checking for a sed that does not truncate output... /bin/sed
checking for grep that handles long lines and -e... /bin/grep
checking for egrep... /bin/grep -E
checking for fgrep... /bin/grep -F
checking for ld used by cc... /usr/x86_64-alpine-linux-musl/bin/ld
checking if the linker (/usr/x86_64-alpine-linux-musl/bin/ld) is GNU ld... yes
checking for BSD- or MS-compatible name lister (nm)... /usr/bin/nm -B
checking the name lister (/usr/bin/nm -B) interface... BSD nm
checking whether ln -s works... yes
checking the maximum length of command line arguments... 98304
checking how to convert x86_64-alpine-linux-musl file names to x86_64-alpine-linux-musl format... func_convert_file_noop
checking how to convert x86_64-alpine-linux-musl file names to toolchain format... func_convert_file_noop
checking for /usr/x86_64-alpine-linux-musl/bin/ld option to reload object files... -r
checking for file... file
checking for x86_64-alpine-linux-musl-objdump... no
checking for objdump... objdump
checking how to recognize dependent libraries... pass_all
checking for x86_64-alpine-linux-musl-dlltool... no
checking for dlltool... no
checking how to associate runtime and link libraries... printf %s\n
checking for x86_64-alpine-linux-musl-ranlib... no
checking for ranlib... ranlib
checking for x86_64-alpine-linux-musl-ar... no
checking for ar... ar
checking for archiver @FILE support... @
checking for x86_64-alpine-linux-musl-strip... no
checking for strip... strip
checking command to parse /usr/bin/nm -B output from cc object... ok
checking for sysroot... no
checking for a working dd... /bin/dd
checking how to truncate binary pipes... /bin/dd bs=4096 count=1
checking for x86_64-alpine-linux-musl-mt... no
checking for mt... no
checking if : is a manifest tool... no
checking for dlfcn.h... yes
checking for objdir... .libs
checking if cc supports -fno-rtti -fno-exceptions... no
checking for cc option to produce PIC... -fPIC -DPIC
checking if cc PIC flag -fPIC -DPIC works... yes
checking if cc static flag -static works... yes
checking if cc supports -c -o file.o... yes
checking if cc supports -c -o file.o... (cached) yes
checking whether the cc linker (/usr/x86_64-alpine-linux-musl/bin/ld -m elf_x86_64) supports shared libraries... yes
checking whether -lc should be explicitly linked in... no
checking dynamic linker characteristics... GNU/Linux ld.so
checking how to hardcode library paths into programs... immediate
checking whether stripping libraries is possible... yes
checking if libtool supports shared libraries... yes
checking whether to build shared libraries... yes
checking whether to build static libraries... yes
./configure: line 14104: xno: not found
checking for lua... yes
checking Lua version... 5.4
checking for a sed that does not truncate output... (cached) /bin/sed
checking that generated files are newer than configure... done
configure: creating ./config.status
config.status: creating Makefile
config.status: creating src/Makefile
config.status: creating src/config.h
config.status: executing depfiles commands
config.status: executing libtool commands
config.status: executing default commands

----------------------------
Environment:
 - compiler: cc
 - with_lua_pc: no

CDPATH="${ZSH_VERSION+.}:" && cd . && /bin/sh '/tmp/src/lua5.4/config/missing' aclocal-1.18 -I config
CDPATH="${ZSH_VERSION+.}:" && cd . && /bin/sh '/tmp/src/lua5.4/config/missing' autoconf
 cd . && /bin/sh /tmp/src/lua5.4/config/missing automake-1.18 --gnu
configure.ac:15: warning: The macro 'AC_GNU_SOURCE' is obsolete.
configure.ac:15: You should run autoupdate.
./lib/autoconf/specific.m4:489: AC_GNU_SOURCE is expanded from...
configure.ac:15: the top level
configure.ac:42: warning: The macro 'AC_HELP_STRING' is obsolete.
configure.ac:42: You should run autoupdate.
./lib/autoconf/general.m4:204: AC_HELP_STRING is expanded from...
./lib/autoconf/general.m4:1534: AC_ARG_ENABLE is expanded from...
configure.ac:42: the top level
configure.ac:48: warning: The macro 'AC_HELP_STRING' is obsolete.
configure.ac:48: You should run autoupdate.
./lib/autoconf/general.m4:204: AC_HELP_STRING is expanded from...
./lib/autoconf/general.m4:1534: AC_ARG_ENABLE is expanded from...
configure.ac:48: the top level
configure.ac:101: warning: The macro 'AC_PROG_GCC_TRADITIONAL' is obsolete.
configure.ac:101: You should run autoupdate.
./lib/autoconf/c.m4:1676: AC_PROG_GCC_TRADITIONAL is expanded from...
configure.ac:101: the top level
/bin/sh ./config.status --recheck
running CONFIG_SHELL=/bin/sh /bin/sh ./configure --build=x86_64-alpine-linux-musl --host=x86_64-alpine-linux-musl --prefix=/usr --sysconfdir=/etc --mandir=/usr/share/man --localstatedir=/var build_alias=x86_64-alpine-linux-musl host_alias=x86_64-alpine-linux-musl CC=cc CFLAGS=-Os -fstack-clash-protection -Wformat -Werror=format-security -fno-plt LDFLAGS=-Wl,--as-needed,-O1,--sort-common -Wl,-z,pack-relative-relocs LUA_VERSION=5.4 --no-create --no-recursion
checking for x86_64-alpine-linux-musl-pkg-config... no
checking for pkg-config... /usr/bin/pkg-config
checking pkg-config is at least version 0.9.0... yes
checking for a BSD-compatible install... /usr/bin/install -c
checking whether sleep supports fractional seconds... yes
checking filesystem timestamp resolution... 2
checking whether build environment is sane... yes
checking for a race-free mkdir -p... /bin/mkdir -p
checking for gawk... no
checking for mawk... no
checking for nawk... no
checking for awk... awk
checking whether make sets $(MAKE)... yes
checking whether make supports nested variables... yes
checking xargs -n works... yes
checking whether UID '1000' is supported by ustar format... yes
checking whether GID '1000' is supported by ustar format... yes
checking how to create a ustar tar archive... gnutar
checking build system type... x86_64-alpine-linux-musl
checking host system type... x86_64-alpine-linux-musl
checking whether make supports the include directive... yes (GNU style)
checking for x86_64-alpine-linux-musl-gcc... cc
checking whether the C compiler works... yes
checking for C compiler default output file name... a.out
checking for suffix of executables... 
checking whether we are cross compiling... no
checking for suffix of object files... o
checking whether the compiler supports GNU C... yes
checking whether cc accepts -g... yes
checking for cc option to enable C11 features... none needed
checking whether cc understands -c and -o together... yes
checking dependency style of cc... gcc3
checking for stdio.h... yes
checking for stdlib.h... yes
checking for string.h... yes
checking for inttypes.h... yes
checking for stdint.h... yes
checking for strings.h... yes
checking for sys/stat.h... yes
checking for sys/types.h... yes
checking for unistd.h... yes
checking for wchar.h... yes
checking for minix/config.h... no
checking whether it is safe to define __EXTENSIONS__... yes
checking whether _XOPEN_SOURCE should be defined... no
checking how to print strings... printf
checking for a sed that does not truncate output... /bin/sed
checking for grep that handles long lines and -e... /bin/grep
checking for egrep... /bin/grep -E
checking for fgrep... /bin/grep -F
checking for ld used by cc... /usr/x86_64-alpine-linux-musl/bin/ld
checking if the linker (/usr/x86_64-alpine-linux-musl/bin/ld) is GNU ld... yes
checking for BSD- or MS-compatible name lister (nm)... /usr/bin/nm -B
checking the name lister (/usr/bin/nm -B) interface... BSD nm
checking whether ln -s works... yes
checking the maximum length of command line arguments... 98304
checking how to convert x86_64-alpine-linux-musl file names to x86_64-alpine-linux-musl format... func_convert_file_noop
checking how to convert x86_64-alpine-linux-musl file names to toolchain format... func_convert_file_noop
checking for /usr/x86_64-alpine-linux-musl/bin/ld option to reload object files... -r
checking for file... file
checking for x86_64-alpine-linux-musl-objdump... no
checking for objdump... objdump
checking how to recognize dependent libraries... pass_all
checking for x86_64-alpine-linux-musl-dlltool... no
checking for dlltool... no
checking how to associate runtime and link libraries... printf %s\n
checking for x86_64-alpine-linux-musl-ranlib... no
checking for ranlib... ranlib
checking for x86_64-alpine-linux-musl-ar... no
checking for ar... ar
checking for archiver @FILE support... @
checking for x86_64-alpine-linux-musl-strip... no
checking for strip... strip
checking command to parse /usr/bin/nm -B output from cc object... ok
checking for sysroot... no
checking for a working dd... /bin/dd
checking how to truncate binary pipes... /bin/dd bs=4096 count=1
checking for x86_64-alpine-linux-musl-mt... no
checking for mt... no
checking if : is a manifest tool... no
checking for dlfcn.h... yes
checking for objdir... .libs
checking if cc supports -fno-rtti -fno-exceptions... no
checking for cc option to produce PIC... -fPIC -DPIC
checking if cc PIC flag -fPIC -DPIC works... yes
checking if cc static flag -static works... yes
checking if cc supports -c -o file.o... yes
checking if cc supports -c -o file.o... (cached) yes
checking whether the cc linker (/usr/x86_64-alpine-linux-musl/bin/ld -m elf_x86_64) supports shared libraries... yes
checking whether -lc should be explicitly linked in... no
checking dynamic linker characteristics... GNU/Linux ld.so
checking how to hardcode library paths into programs... immediate
checking whether stripping libraries is possible... yes
checking if libtool supports shared libraries... yes
checking whether to build shared libraries... yes
checking whether to build static libraries... yes
./configure: line 14104: xno: not found
checking for lua... yes
checking Lua version... 5.4
checking for a sed that does not truncate output... (cached) /bin/sed
checking that generated files are newer than configure... done
configure: creating ./config.status

----------------------------
Environment:
 - compiler: cc
 - with_lua_pc: no

 /bin/sh ./config.status
config.status: creating Makefile
config.status: creating src/Makefile
config.status: creating src/config.h
config.status: src/config.h is unchanged
config.status: executing depfiles commands
config.status: executing libtool commands
config.status: executing default commands
Making all in src
make[1]: Entering directory '/tmp/src/lua5.4/src'
(CDPATH="${ZSH_VERSION+.}:" && cd .. && /bin/sh '/tmp/src/lua5.4/config/missing' autoheader)
rm -f stamp-h1
touch config.h.in
rm -f stamp-h1
cd .. && /bin/sh ./config.status src/config.h
config.status: creating src/config.h
config.status: src/config.h is unchanged
make  all-am
make[2]: Entering directory '/tmp/src/lua5.4/src'
/bin/sh ../libtool  --tag=CC   --mode=compile cc -DHAVE_CONFIG_H -I.    -fPIC -DPIC -I../src -I../src  -DVERSION=\"3.0.2\" -DLXCPATH=\"\" -Os -fstack-clash-protection -Wformat -Werror=format-security -fno-plt -Wall -Werror -MT libcore_la-core.lo -MD -MP -MF .deps/libcore_la-core.Tpo -c -o libcore_la-core.lo `test -f 'core.c' || echo './'`core.c
libtool: compile:  cc -DHAVE_CONFIG_H -I. -fPIC -DPIC -I../src -I../src "-DVERSION=\"3.0.2\"" "-DLXCPATH=\"\"" -Os -fstack-clash-protection -Wformat -Werror=format-security -fno-plt -Wall -Werror -MT libcore_la-core.lo -MD -MP -MF .deps/libcore_la-core.Tpo -c core.c  -fPIC -DPIC -o .libs/libcore_la-core.o
libtool: compile:  cc -DHAVE_CONFIG_H -I. -fPIC -DPIC -I../src -I../src "-DVERSION=\"3.0.2\"" "-DLXCPATH=\"\"" -Os -fstack-clash-protection -Wformat -Werror=format-security -fno-plt -Wall -Werror -MT libcore_la-core.lo -MD -MP -MF .deps/libcore_la-core.Tpo -c core.c -o libcore_la-core.o >/dev/null 2>&1
mv -f .deps/libcore_la-core.Tpo .deps/libcore_la-core.Plo
/bin/sh ../libtool  --tag=CC   --mode=link cc -fPIC -DPIC -I../src -I../src  -DVERSION=\"3.0.2\" -DLXCPATH=\"\" -Os -fstack-clash-protection -Wformat -Werror=format-security -fno-plt -Wall -Werror -shared -L../ -Wl,-soname,core.so.3 -Wl,--as-needed,-O1,--sort-common -Wl,-z,pack-relative-relocs -o libcore.la -rpath /usr/lib libcore_la-core.lo -llxc 
libtool: link: cc -shared  -fPIC -DPIC  .libs/libcore_la-core.o   -L../ -llxc  -Os -Werror=format-security -Werror -Wl,-soname -Wl,core.so.3 -Wl,--as-needed -Wl,-O1 -Wl,--sort-common -Wl,-z -Wl,pack-relative-relocs   -Wl,-soname -Wl,libcore.so.0 -o .libs/libcore.so.0.0.0
libtool: link: (cd ".libs" && rm -f "libcore.so.0" && ln -s "libcore.so.0.0.0" "libcore.so.0")
libtool: link: (cd ".libs" && rm -f "libcore.so" && ln -s "libcore.so.0.0.0" "libcore.so")
libtool: link: ( cd ".libs" && rm -f "libcore.la" && ln -s "../libcore.la" "libcore.la" )
make[2]: Leaving directory '/tmp/src/lua5.4/src'
make[1]: Leaving directory '/tmp/src/lua5.4/src'
make[1]: Entering directory '/tmp/src/lua5.4'
make[1]: Nothing to be done for 'all-am'.
make[1]: Leaving directory '/tmp/src/lua5.4'
>>> lua-lxc: Running check for Lua 5.1
Making check in src
make[1]: Entering directory '/tmp/src/lua5.1/src'
make[1]: Leaving directory '/tmp/src/lua5.1/src'
make[1]: Entering directory '/tmp/src/lua5.1'
make[1]: Nothing to be done for 'check-am'.
make[1]: Leaving directory '/tmp/src/lua5.1'
>>> lua-lxc: Running check for Lua 5.2
Making check in src
make[1]: Entering directory '/tmp/src/lua5.2/src'
make[1]: Leaving directory '/tmp/src/lua5.2/src'
make[1]: Entering directory '/tmp/src/lua5.2'
make[1]: Nothing to be done for 'check-am'.
make[1]: Leaving directory '/tmp/src/lua5.2'
>>> lua-lxc: Running check for Lua 5.3
Making check in src
make[1]: Entering directory '/tmp/src/lua5.3/src'
make[1]: Leaving directory '/tmp/src/lua5.3/src'
make[1]: Entering directory '/tmp/src/lua5.3'
make[1]: Nothing to be done for 'check-am'.
make[1]: Leaving directory '/tmp/src/lua5.3'
>>> lua-lxc: Running check for Lua 5.4
Making check in src
make[1]: Entering directory '/tmp/src/lua5.4/src'
make[1]: Leaving directory '/tmp/src/lua5.4/src'
make[1]: Entering directory '/tmp/src/lua5.4'
make[1]: Nothing to be done for 'check-am'.
make[1]: Leaving directory '/tmp/src/lua5.4'
>>> lua-lxc: Entering fakeroot...
>>> lua5.1-lxc*: Running split function _subpackage...
Making install in src
make[1]: Entering directory '/tmp/src/lua5.1/src'
make[2]: Entering directory '/tmp/src/lua5.1/src'
 /bin/mkdir -p '/tmp/pkg/lua5.1-lxc/usr/lib'
 /bin/mkdir -p '/tmp/pkg/lua5.1-lxc/usr/share/lua/5.1'
 /bin/sh ../libtool   --mode=install /usr/bin/install -c   libcore.la '/tmp/pkg/lua5.1-lxc/usr/lib'
 /usr/bin/install -c -m 644 lxc.lua '/tmp/pkg/lua5.1-lxc/usr/share/lua/5.1'
libtool: install: /usr/bin/install -c .libs/libcore.so.0.0.0 /tmp/pkg/lua5.1-lxc/usr/lib/libcore.so.0.0.0
libtool: install: (cd /tmp/pkg/lua5.1-lxc/usr/lib && { ln -s -f libcore.so.0.0.0 libcore.so.0 || { rm -f libcore.so.0 && ln -s libcore.so.0.0.0 libcore.so.0; }; })
libtool: install: (cd /tmp/pkg/lua5.1-lxc/usr/lib && { ln -s -f libcore.so.0.0.0 libcore.so || { rm -f libcore.so && ln -s libcore.so.0.0.0 libcore.so; }; })
libtool: install: /usr/bin/install -c .libs/libcore.lai /tmp/pkg/lua5.1-lxc/usr/lib/libcore.la
libtool: warning: remember to run 'libtool --finish /usr/lib'
mkdir -p /tmp/pkg/lua5.1-lxc/usr/lib/lua/5.1/lxc/
mv /tmp/pkg/lua5.1-lxc/usr/lib/libcore.so.0.0.0 /tmp/pkg/lua5.1-lxc/usr/lib/lua/5.1/lxc/core.so
rm /tmp/pkg/lua5.1-lxc/usr/lib/libcore.*
make[2]: Leaving directory '/tmp/src/lua5.1/src'
make[1]: Leaving directory '/tmp/src/lua5.1/src'
make[1]: Entering directory '/tmp/src/lua5.1'
make[2]: Entering directory '/tmp/src/lua5.1'
make[2]: Nothing to be done for 'install-exec-am'.
/bin/mkdir -p /tmp/pkg/lua5.1-lxc
/bin/mkdir -p /tmp/pkg/lua5.1-lxc/var/cache/lxc
make[2]: Leaving directory '/tmp/src/lua5.1'
make[1]: Leaving directory '/tmp/src/lua5.1'
>>> lua5.1-lxc*: Preparing subpackage lua5.1-lxc...
>>> lua5.1-lxc*: Stripping binaries
>>> lua5.1-lxc*: Running postcheck for lua5.1-lxc
>>> lua5.2-lxc*: Running split function _subpackage...
Making install in src
make[1]: Entering directory '/tmp/src/lua5.2/src'
make[2]: Entering directory '/tmp/src/lua5.2/src'
 /bin/mkdir -p '/tmp/pkg/lua5.2-lxc/usr/share/lua/5.2'
 /bin/mkdir -p '/tmp/pkg/lua5.2-lxc/usr/lib'
 /bin/sh ../libtool   --mode=install /usr/bin/install -c   libcore.la '/tmp/pkg/lua5.2-lxc/usr/lib'
 /usr/bin/install -c -m 644 lxc.lua '/tmp/pkg/lua5.2-lxc/usr/share/lua/5.2'
libtool: install: /usr/bin/install -c .libs/libcore.so.0.0.0 /tmp/pkg/lua5.2-lxc/usr/lib/libcore.so.0.0.0
libtool: install: (cd /tmp/pkg/lua5.2-lxc/usr/lib && { ln -s -f libcore.so.0.0.0 libcore.so.0 || { rm -f libcore.so.0 && ln -s libcore.so.0.0.0 libcore.so.0; }; })
libtool: install: (cd /tmp/pkg/lua5.2-lxc/usr/lib && { ln -s -f libcore.so.0.0.0 libcore.so || { rm -f libcore.so && ln -s libcore.so.0.0.0 libcore.so; }; })
libtool: install: /usr/bin/install -c .libs/libcore.lai /tmp/pkg/lua5.2-lxc/usr/lib/libcore.la
libtool: warning: remember to run 'libtool --finish /usr/lib'
mkdir -p /tmp/pkg/lua5.2-lxc/usr/lib/lua/5.2/lxc/
mv /tmp/pkg/lua5.2-lxc/usr/lib/libcore.so.0.0.0 /tmp/pkg/lua5.2-lxc/usr/lib/lua/5.2/lxc/core.so
rm /tmp/pkg/lua5.2-lxc/usr/lib/libcore.*
make[2]: Leaving directory '/tmp/src/lua5.2/src'
make[1]: Leaving directory '/tmp/src/lua5.2/src'
make[1]: Entering directory '/tmp/src/lua5.2'
make[2]: Entering directory '/tmp/src/lua5.2'
make[2]: Nothing to be done for 'install-exec-am'.
/bin/mkdir -p /tmp/pkg/lua5.2-lxc
/bin/mkdir -p /tmp/pkg/lua5.2-lxc/var/cache/lxc
make[2]: Leaving directory '/tmp/src/lua5.2'
make[1]: Leaving directory '/tmp/src/lua5.2'
>>> lua5.2-lxc*: Preparing subpackage lua5.2-lxc...
>>> lua5.2-lxc*: Stripping binaries
>>> lua5.2-lxc*: Running postcheck for lua5.2-lxc
>>> lua5.3-lxc*: Running split function _subpackage...
Making install in src
make[1]: Entering directory '/tmp/src/lua5.3/src'
make[2]: Entering directory '/tmp/src/lua5.3/src'
 /bin/mkdir -p '/tmp/pkg/lua5.3-lxc/usr/lib'
 /bin/mkdir -p '/tmp/pkg/lua5.3-lxc/usr/share/lua/5.3'
 /bin/sh ../libtool   --mode=install /usr/bin/install -c   libcore.la '/tmp/pkg/lua5.3-lxc/usr/lib'
 /usr/bin/install -c -m 644 lxc.lua '/tmp/pkg/lua5.3-lxc/usr/share/lua/5.3'
libtool: install: /usr/bin/install -c .libs/libcore.so.0.0.0 /tmp/pkg/lua5.3-lxc/usr/lib/libcore.so.0.0.0
libtool: install: (cd /tmp/pkg/lua5.3-lxc/usr/lib && { ln -s -f libcore.so.0.0.0 libcore.so.0 || { rm -f libcore.so.0 && ln -s libcore.so.0.0.0 libcore.so.0; }; })
libtool: install: (cd /tmp/pkg/lua5.3-lxc/usr/lib && { ln -s -f libcore.so.0.0.0 libcore.so || { rm -f libcore.so && ln -s libcore.so.0.0.0 libcore.so; }; })
libtool: install: /usr/bin/install -c .libs/libcore.lai /tmp/pkg/lua5.3-lxc/usr/lib/libcore.la
libtool: warning: remember to run 'libtool --finish /usr/lib'
mkdir -p /tmp/pkg/lua5.3-lxc/usr/lib/lua/5.3/lxc/
mv /tmp/pkg/lua5.3-lxc/usr/lib/libcore.so.0.0.0 /tmp/pkg/lua5.3-lxc/usr/lib/lua/5.3/lxc/core.so
rm /tmp/pkg/lua5.3-lxc/usr/lib/libcore.*
make[2]: Leaving directory '/tmp/src/lua5.3/src'
make[1]: Leaving directory '/tmp/src/lua5.3/src'
make[1]: Entering directory '/tmp/src/lua5.3'
make[2]: Entering directory '/tmp/src/lua5.3'
make[2]: Nothing to be done for 'install-exec-am'.
/bin/mkdir -p /tmp/pkg/lua5.3-lxc
/bin/mkdir -p /tmp/pkg/lua5.3-lxc/var/cache/lxc
make[2]: Leaving directory '/tmp/src/lua5.3'
make[1]: Leaving directory '/tmp/src/lua5.3'
>>> lua5.3-lxc*: Preparing subpackage lua5.3-lxc...
>>> lua5.3-lxc*: Stripping binaries
>>> lua5.3-lxc*: Running postcheck for lua5.3-lxc
>>> lua5.4-lxc*: Running split function _subpackage...
Making install in src
make[1]: Entering directory '/tmp/src/lua5.4/src'
make[2]: Entering directory '/tmp/src/lua5.4/src'
 /bin/mkdir -p '/tmp/pkg/lua5.4-lxc/usr/lib'
 /bin/mkdir -p '/tmp/pkg/lua5.4-lxc/usr/share/lua/5.4'
 /bin/sh ../libtool   --mode=install /usr/bin/install -c   libcore.la '/tmp/pkg/lua5.4-lxc/usr/lib'
 /usr/bin/install -c -m 644 lxc.lua '/tmp/pkg/lua5.4-lxc/usr/share/lua/5.4'
libtool: install: /usr/bin/install -c .libs/libcore.so.0.0.0 /tmp/pkg/lua5.4-lxc/usr/lib/libcore.so.0.0.0
libtool: install: (cd /tmp/pkg/lua5.4-lxc/usr/lib && { ln -s -f libcore.so.0.0.0 libcore.so.0 || { rm -f libcore.so.0 && ln -s libcore.so.0.0.0 libcore.so.0; }; })
libtool: install: (cd /tmp/pkg/lua5.4-lxc/usr/lib && { ln -s -f libcore.so.0.0.0 libcore.so || { rm -f libcore.so && ln -s libcore.so.0.0.0 libcore.so; }; })
libtool: install: /usr/bin/install -c .libs/libcore.lai /tmp/pkg/lua5.4-lxc/usr/lib/libcore.la
libtool: warning: remember to run 'libtool --finish /usr/lib'
mkdir -p /tmp/pkg/lua5.4-lxc/usr/lib/lua/5.4/lxc/
mv /tmp/pkg/lua5.4-lxc/usr/lib/libcore.so.0.0.0 /tmp/pkg/lua5.4-lxc/usr/lib/lua/5.4/lxc/core.so
rm /tmp/pkg/lua5.4-lxc/usr/lib/libcore.*
make[2]: Leaving directory '/tmp/src/lua5.4/src'
make[1]: Leaving directory '/tmp/src/lua5.4/src'
make[1]: Entering directory '/tmp/src/lua5.4'
make[2]: Entering directory '/tmp/src/lua5.4'
make[2]: Nothing to be done for 'install-exec-am'.
/bin/mkdir -p /tmp/pkg/lua5.4-lxc
/bin/mkdir -p /tmp/pkg/lua5.4-lxc/var/cache/lxc
make[2]: Leaving directory '/tmp/src/lua5.4'
make[1]: Leaving directory '/tmp/src/lua5.4'
>>> lua5.4-lxc*: Preparing subpackage lua5.4-lxc...
>>> lua5.4-lxc*: Stripping binaries
>>> lua5.4-lxc*: Running postcheck for lua5.4-lxc
>>> lua-lxc*: Running postcheck for lua-lxc
>>> lua-lxc*: Preparing package lua-lxc...
>>> lua-lxc*: Stripping binaries
>>> WARNING: lua-lxc*: No arch specific binaries found so arch should probably be set to "noarch"
>>> lua-lxc*: Scanning shared objects
>>> lua5.1-lxc*: Scanning shared objects
>>> lua5.2-lxc*: Scanning shared objects
>>> lua5.3-lxc*: Scanning shared objects
>>> lua5.4-lxc*: Scanning shared objects
>>> lua-lxc*: Tracing dependencies...
>>> lua-lxc*: Package size: 0.0 
>>> lua-lxc*: Compressing data...
>>> lua-lxc*: Create checksum...
>>> lua-lxc*: Create lua-lxc-3.0.2-r2.apk
>>> lua5.1-lxc*: Tracing dependencies...
	so:libc.musl-x86_64.so.1
	so:liblxc.so.1
>>> lua5.1-lxc*: Package size: 28.4 KB
>>> lua5.1-lxc*: Compressing data...
>>> lua5.1-lxc*: Create checksum...
>>> lua5.1-lxc*: Create lua5.1-lxc-3.0.2-r2.apk
>>> lua5.2-lxc*: Tracing dependencies...
	so:libc.musl-x86_64.so.1
	so:liblxc.so.1
>>> lua5.2-lxc*: Package size: 28.4 KB
>>> lua5.2-lxc*: Compressing data...
>>> lua5.2-lxc*: Create checksum...
>>> lua5.2-lxc*: Create lua5.2-lxc-3.0.2-r2.apk
>>> lua5.3-lxc*: Tracing dependencies...
	so:libc.musl-x86_64.so.1
	so:liblxc.so.1
>>> lua5.3-lxc*: Package size: 28.4 KB
>>> lua5.3-lxc*: Compressing data...
>>> lua5.3-lxc*: Create checksum...
>>> lua5.3-lxc*: Create lua5.3-lxc-3.0.2-r2.apk
>>> lua5.4-lxc*: Tracing dependencies...
	so:libc.musl-x86_64.so.1
	so:liblxc.so.1
>>> lua5.4-lxc*: Package size: 28.4 KB
>>> lua5.4-lxc*: Compressing data...
>>> lua5.4-lxc*: Create checksum...
>>> lua5.4-lxc*: Create lua5.4-lxc-3.0.2-r2.apk
>>> lua-lxc: Updating the main/x86_64 repository index...
>>> lua-lxc: Signing the index...
>>> lua-lxc: Cleaning up srcdir
>>> lua-lxc: Cleaning up build chroot
>>> lua-lxc: Cleaning up pkgdir
