>>> ncdu: Validating /home/packager/oily-pine/main/ncdu/APKBUILD...
>>> ncdu: Cleaning up srcdir
>>> ncdu: Cleaning up pkgdir
>>> ncdu: Cleaning up tmpdir
>>> ncdu: Fetching https://dev.yorhel.nl/download/ncdu-1.22.tar.gz
  % Total    % Received % Xferd  Average Speed   Time    Time     Time  Current
                                 Dload  Upload   Total   Spent    Left  Speed
  0     0    0     0    0     0      0      0 --:--:-- --:--:-- --:--:--     0 62  153k   62 98268    0     0   382k      0 --:--:-- --:--:-- --:--:--  382k100  153k  100  153k    0     0   609k      0 --:--:-- --:--:-- --:--:--  609k
>>> ncdu: Fetching https://dev.yorhel.nl/download/ncdu-1.22.tar.gz
>>> ncdu: Checking sha512sums...
ncdu-1.22.tar.gz: OK
>>> ncdu: Preparing build chroot...
fetch http://dl-cdn.alpinelinux.org/alpine/edge/main/x86_64/APKINDEX.tar.gz
(1/76) Installing musl (1.2.5-r10)
(2/76) Installing libcrypto3 (3.5.0-r0)
(3/76) Installing ca-certificates-bundle (20241121-r2)
(4/76) Installing libssl3 (3.5.0-r0)
(5/76) Installing zlib (1.3.1-r2)
(6/76) Installing libapk2 (2.14.9-r2)
(7/76) Installing apk-tools (2.14.9-r2)
(8/76) Installing libcap2 (2.76-r0)
(9/76) Installing libcap-getcap (2.76-r0)
(10/76) Installing fakeroot (1.37.1.1-r0)
(11/76) Installing scanelf (1.3.8-r1)
(12/76) Installing musl-utils (1.2.5-r10)
(13/76) Installing libgcc (14.3.0-r1)
(14/76) Installing libstdc++ (14.3.0-r1)
(15/76) Installing lzip (1.25-r0)
(16/76) Installing openssl (3.5.0-r0)
(17/76) Installing patch (2.8-r0)
(18/76) Installing pkgconf (2.4.3-r0)
(19/76) Installing acl-libs (2.3.2-r1)
(20/76) Installing tar (1.35-r3)
(21/76) Installing busybox (1.37.0-r18)
Executing busybox-1.37.0-r18.post-install
(22/76) Installing ssl_client (1.37.0-r18)
(23/76) Installing busybox-binsh (1.37.0-r18)
(24/76) Installing abuild (3.15.0-r0)
Executing abuild-3.15.0-r0.pre-install
(25/76) Installing abuild-sudo (3.15.0-r0)
(26/76) Installing alpine-baselayout-data (3.7.0-r0)
(27/76) Installing alpine-baselayout (3.7.0-r0)
Executing alpine-baselayout-3.7.0-r0.pre-install
Executing alpine-baselayout-3.7.0-r0.post-install
(28/76) Installing bridge (1.5-r5)
(29/76) Installing ifupdown-ng (0.12.1-r7)
(30/76) Installing openrc-user (0.62.2-r2)
(31/76) Installing openrc (0.62.2-r2)
Executing openrc-0.62.2-r2.post-install
(32/76) Installing mdev-conf (4.8-r0)
(33/76) Installing busybox-mdev-openrc (1.37.0-r18)
(34/76) Installing alpine-conf (3.20.0-r0)
(35/76) Installing alpine-keys (2.5-r0)
(36/76) Installing alpine-release (3.22.0-r0)
(37/76) Installing busybox-openrc (1.37.0-r18)
(38/76) Installing busybox-suid (1.37.0-r18)
(39/76) Installing alpine-base (3.22.0-r0)
(40/76) Installing jansson (2.14.1-r0)
(41/76) Installing zstd-libs (1.5.7-r0)
(42/76) Installing binutils (2.44-r0)
(43/76) Installing libmagic (5.46-r2)
(44/76) Installing file (5.46-r2)
(45/76) Installing libgomp (14.3.0-r1)
(46/76) Installing libatomic (14.3.0-r1)
(47/76) Installing gmp (6.3.0-r3)
(48/76) Installing isl26 (0.26-r1)
(49/76) Installing mpfr4 (4.2.1_p1-r0)
(50/76) Installing mpc1 (1.3.1-r1)
(51/76) Installing gcc (14.3.0-r1)
(52/76) Installing libstdc++-dev (14.3.0-r1)
(53/76) Installing musl-dev (1.2.5-r10)
(54/76) Installing g++ (14.3.0-r1)
(55/76) Installing make (4.4.1-r3)
(56/76) Installing fortify-headers (1.1-r5)
(57/76) Installing build-base (0.5-r3)
(58/76) Installing brotli-libs (1.1.0-r2)
(59/76) Installing c-ares (1.34.5-r0)
(60/76) Installing libunistring (1.3-r0)
(61/76) Installing libidn2 (2.3.7-r0)
(62/76) Installing nghttp2-libs (1.65.0-r0)
(63/76) Installing libpsl (0.21.5-r3)
(64/76) Installing libcurl (8.14.0-r2)
(65/76) Installing libexpat (2.7.1-r0)
(66/76) Installing pcre2 (10.43-r1)
(67/76) Installing git (2.49.0-r0)
(68/76) Installing git-init-template (2.49.0-r0)
(69/76) Installing linux-headers (6.14.2-r0)
(70/76) Installing ncurses-terminfo-base (6.5_p20250503-r0)
(71/76) Installing libncursesw (6.5_p20250503-r0)
(72/76) Installing libformw (6.5_p20250503-r0)
(73/76) Installing libmenuw (6.5_p20250503-r0)
(74/76) Installing libpanelw (6.5_p20250503-r0)
(75/76) Installing libncurses++ (6.5_p20250503-r0)
(76/76) Installing ncurses-dev (6.5_p20250503-r0)
Executing busybox-1.37.0-r18.trigger
OK: 266 MiB in 76 packages
>>> ncdu: Fetching https://dev.yorhel.nl/download/ncdu-1.22.tar.gz
>>> ncdu: Checking sha512sums...
ncdu-1.22.tar.gz: OK
>>> ncdu: Unpacking /var/cache/distfiles/ncdu-1.22.tar.gz...
checking for a BSD-compatible install... /usr/bin/install -c
checking whether sleep supports fractional seconds... yes
checking filesystem timestamp resolution... 2
checking whether build environment is sane... yes
checking for a race-free mkdir -p... /bin/mkdir -p
checking for gawk... no
checking for mawk... no
checking for nawk... no
checking for awk... awk
checking whether make sets $(MAKE)... yes
checking whether make supports nested variables... yes
checking xargs -n works... yes
checking whether make supports the include directive... yes (GNU style)
checking for x86_64-alpine-linux-musl-gcc... cc
checking whether the C compiler works... yes
checking for C compiler default output file name... a.out
checking for suffix of executables... 
checking whether we are cross compiling... no
checking for suffix of object files... o
checking whether the compiler supports GNU C... yes
checking whether cc accepts -g... yes
checking for cc option to enable C11 features... none needed
checking whether cc understands -c and -o together... yes
checking dependency style of cc... gcc3
checking for stdio.h... yes
checking for stdlib.h... yes
checking for string.h... yes
checking for inttypes.h... yes
checking for stdint.h... yes
checking for strings.h... yes
checking for sys/stat.h... yes
checking for sys/types.h... yes
checking for unistd.h... yes
checking for wchar.h... yes
checking for minix/config.h... no
checking whether it is safe to define __EXTENSIONS__... yes
checking whether _XOPEN_SOURCE should be defined... no
checking for x86_64-alpine-linux-musl-gcc... (cached) cc
checking whether the compiler supports GNU C... (cached) yes
checking whether cc accepts -g... (cached) yes
checking for cc option to enable C11 features... (cached) none needed
checking whether cc understands -c and -o together... (cached) yes
checking dependency style of cc... (cached) gcc3
checking for x86_64-alpine-linux-musl-ranlib... no
checking for ranlib... ranlib
checking for x86_64-alpine-linux-musl-pkg-config... no
checking for pkg-config... /usr/bin/pkg-config
checking pkg-config is at least version 0.9.0... yes
checking for limits.h... yes
checking for sys/time.h... yes
checking for sys/types.h... (cached) yes
checking for sys/stat.h... (cached) yes
checking for dirent.h... yes
checking for unistd.h... (cached) yes
checking for fnmatch.h... yes
checking for ncurses.h... yes
checking for locale.h... yes
checking for sys/statfs.h... yes
checking for linux/magic.h... yes
checking for int64_t... yes
checking for uint64_t... yes
checking for cc option to enable large file support... none needed
checking for struct stat.st_blocks... yes
checking for inline... inline
checking for flexible array members... yes
checking for getcwd... yes
checking for gettimeofday... yes
checking for fnmatch... yes
checking for chdir... yes
checking for rmdir... yes
checking for unlink... yes
checking for lstat... yes
checking for system... yes
checking for getenv... yes
checking for statfs... yes
checking for sys/attr.h... no
checking for getattrlist... no
checking for cc options needed to detect all undeclared functions... none needed
checking whether ATTR_CMNEXT_NOFIRMLINKPATH is declared... no
checking for ncursesw... yes
configure: Using /bin/sh as the default shell if $SHELL is not set
checking that generated files are newer than configure... done
configure: creating ./config.status
config.status: creating Makefile
config.status: creating config.h
config.status: executing depfiles commands
make  all-am
make[1]: Entering directory '/tmp/src/ncdu-1.22'
depbase=`echo src/browser.o | sed 's|[^/]*$|.deps/&|;s|\.o$||'`;\
cc -DHAVE_CONFIG_H -I.  -I./deps   -Os -fstack-clash-protection -Wformat -Werror=format-security -fno-plt -MT src/browser.o -MD -MP -MF $depbase.Tpo -c -o src/browser.o src/browser.c &&\
mv -f $depbase.Tpo $depbase.Po
depbase=`echo src/delete.o | sed 's|[^/]*$|.deps/&|;s|\.o$||'`;\
cc -DHAVE_CONFIG_H -I.  -I./deps   -Os -fstack-clash-protection -Wformat -Werror=format-security -fno-plt -MT src/delete.o -MD -MP -MF $depbase.Tpo -c -o src/delete.o src/delete.c &&\
mv -f $depbase.Tpo $depbase.Po
depbase=`echo src/dirlist.o | sed 's|[^/]*$|.deps/&|;s|\.o$||'`;\
cc -DHAVE_CONFIG_H -I.  -I./deps   -Os -fstack-clash-protection -Wformat -Werror=format-security -fno-plt -MT src/dirlist.o -MD -MP -MF $depbase.Tpo -c -o src/dirlist.o src/dirlist.c &&\
mv -f $depbase.Tpo $depbase.Po
depbase=`echo src/dir_common.o | sed 's|[^/]*$|.deps/&|;s|\.o$||'`;\
cc -DHAVE_CONFIG_H -I.  -I./deps   -Os -fstack-clash-protection -Wformat -Werror=format-security -fno-plt -MT src/dir_common.o -MD -MP -MF $depbase.Tpo -c -o src/dir_common.o src/dir_common.c &&\
mv -f $depbase.Tpo $depbase.Po
depbase=`echo src/dir_export.o | sed 's|[^/]*$|.deps/&|;s|\.o$||'`;\
cc -DHAVE_CONFIG_H -I.  -I./deps   -Os -fstack-clash-protection -Wformat -Werror=format-security -fno-plt -MT src/dir_export.o -MD -MP -MF $depbase.Tpo -c -o src/dir_export.o src/dir_export.c &&\
mv -f $depbase.Tpo $depbase.Po
depbase=`echo src/dir_import.o | sed 's|[^/]*$|.deps/&|;s|\.o$||'`;\
cc -DHAVE_CONFIG_H -I.  -I./deps   -Os -fstack-clash-protection -Wformat -Werror=format-security -fno-plt -MT src/dir_import.o -MD -MP -MF $depbase.Tpo -c -o src/dir_import.o src/dir_import.c &&\
mv -f $depbase.Tpo $depbase.Po
depbase=`echo src/dir_mem.o | sed 's|[^/]*$|.deps/&|;s|\.o$||'`;\
cc -DHAVE_CONFIG_H -I.  -I./deps   -Os -fstack-clash-protection -Wformat -Werror=format-security -fno-plt -MT src/dir_mem.o -MD -MP -MF $depbase.Tpo -c -o src/dir_mem.o src/dir_mem.c &&\
mv -f $depbase.Tpo $depbase.Po
depbase=`echo src/dir_scan.o | sed 's|[^/]*$|.deps/&|;s|\.o$||'`;\
cc -DHAVE_CONFIG_H -I.  -I./deps   -Os -fstack-clash-protection -Wformat -Werror=format-security -fno-plt -MT src/dir_scan.o -MD -MP -MF $depbase.Tpo -c -o src/dir_scan.o src/dir_scan.c &&\
mv -f $depbase.Tpo $depbase.Po
depbase=`echo src/exclude.o | sed 's|[^/]*$|.deps/&|;s|\.o$||'`;\
cc -DHAVE_CONFIG_H -I.  -I./deps   -Os -fstack-clash-protection -Wformat -Werror=format-security -fno-plt -MT src/exclude.o -MD -MP -MF $depbase.Tpo -c -o src/exclude.o src/exclude.c &&\
mv -f $depbase.Tpo $depbase.Po
depbase=`echo src/help.o | sed 's|[^/]*$|.deps/&|;s|\.o$||'`;\
cc -DHAVE_CONFIG_H -I.  -I./deps   -Os -fstack-clash-protection -Wformat -Werror=format-security -fno-plt -MT src/help.o -MD -MP -MF $depbase.Tpo -c -o src/help.o src/help.c &&\
mv -f $depbase.Tpo $depbase.Po
depbase=`echo src/shell.o | sed 's|[^/]*$|.deps/&|;s|\.o$||'`;\
cc -DHAVE_CONFIG_H -I.  -I./deps   -Os -fstack-clash-protection -Wformat -Werror=format-security -fno-plt -MT src/shell.o -MD -MP -MF $depbase.Tpo -c -o src/shell.o src/shell.c &&\
mv -f $depbase.Tpo $depbase.Po
depbase=`echo src/quit.o | sed 's|[^/]*$|.deps/&|;s|\.o$||'`;\
cc -DHAVE_CONFIG_H -I.  -I./deps   -Os -fstack-clash-protection -Wformat -Werror=format-security -fno-plt -MT src/quit.o -MD -MP -MF $depbase.Tpo -c -o src/quit.o src/quit.c &&\
mv -f $depbase.Tpo $depbase.Po
depbase=`echo src/main.o | sed 's|[^/]*$|.deps/&|;s|\.o$||'`;\
cc -DHAVE_CONFIG_H -I.  -I./deps   -Os -fstack-clash-protection -Wformat -Werror=format-security -fno-plt -MT src/main.o -MD -MP -MF $depbase.Tpo -c -o src/main.o src/main.c &&\
mv -f $depbase.Tpo $depbase.Po
depbase=`echo src/path.o | sed 's|[^/]*$|.deps/&|;s|\.o$||'`;\
cc -DHAVE_CONFIG_H -I.  -I./deps   -Os -fstack-clash-protection -Wformat -Werror=format-security -fno-plt -MT src/path.o -MD -MP -MF $depbase.Tpo -c -o src/path.o src/path.c &&\
mv -f $depbase.Tpo $depbase.Po
depbase=`echo src/util.o | sed 's|[^/]*$|.deps/&|;s|\.o$||'`;\
cc -DHAVE_CONFIG_H -I.  -I./deps   -Os -fstack-clash-protection -Wformat -Werror=format-security -fno-plt -MT src/util.o -MD -MP -MF $depbase.Tpo -c -o src/util.o src/util.c &&\
mv -f $depbase.Tpo $depbase.Po
depbase=`echo deps/strnatcmp.o | sed 's|[^/]*$|.deps/&|;s|\.o$||'`;\
cc -DHAVE_CONFIG_H -I.  -I./deps   -Os -fstack-clash-protection -Wformat -Werror=format-security -fno-plt -MT deps/strnatcmp.o -MD -MP -MF $depbase.Tpo -c -o deps/strnatcmp.o deps/strnatcmp.c &&\
mv -f $depbase.Tpo $depbase.Po
src/dir_mem.c: In function 'item':
src/dir_mem.c:131:5: warning: argument 1 null where non-null expected [-Wnonnull]
  131 |     memcpy(dir_ext_ptr(item), ext, sizeof(struct dir_ext));
      |     ^~~~~~
In file included from src/global.h:33,
                 from src/dir_mem.c:26:
/usr/include/fortify/string.h:40:27: note: in a call to function 'memcpy' declared 'nonnull'
   40 | _FORTIFY_FN(memcpy) void *memcpy(void * _FORTIFY_POS0 __od,
      |                           ^~~~~~
cc  -Os -fstack-clash-protection -Wformat -Werror=format-security -fno-plt  -Wl,--as-needed,-O1,--sort-common -Wl,-z,pack-relative-relocs -o ncdu src/browser.o src/delete.o src/dirlist.o src/dir_common.o src/dir_export.o src/dir_import.o src/dir_mem.o src/dir_scan.o src/exclude.o src/help.o src/shell.o src/quit.o src/main.o src/path.o src/util.o deps/strnatcmp.o  -lncursesw
make[1]: Leaving directory '/tmp/src/ncdu-1.22'
>>> ncdu: Entering fakeroot...
make[1]: Entering directory '/tmp/src/ncdu-1.22'
 /bin/mkdir -p '/tmp/pkg/ncdu/usr/bin'
 /bin/mkdir -p '/tmp/pkg/ncdu/usr/share/man/man1'
  /usr/bin/install -c ncdu '/tmp/pkg/ncdu/usr/bin'
 /usr/bin/install -c -m 644 ncdu.1 '/tmp/pkg/ncdu/usr/share/man/man1'
make[1]: Leaving directory '/tmp/src/ncdu-1.22'
>>> ncdu-doc*: Running split function doc...
'usr/share/man' -> '/tmp/pkg/ncdu-doc/usr/share/man'
>>> ncdu-doc*: Preparing subpackage ncdu-doc...
>>> ncdu-doc*: Running postcheck for ncdu-doc
>>> ncdu*: Running postcheck for ncdu
>>> ncdu*: Preparing package ncdu...
>>> ncdu*: Stripping binaries
>>> ncdu-doc*: Scanning shared objects
>>> ncdu*: Scanning shared objects
>>> ncdu-doc*: Tracing dependencies...
>>> ncdu-doc*: Package size: 6.0 KB
>>> ncdu-doc*: Compressing data...
>>> ncdu-doc*: Create checksum...
>>> ncdu-doc*: Create ncdu-doc-1.22-r0.apk
>>> ncdu*: Tracing dependencies...
	so:libc.musl-x86_64.so.1
	so:libncursesw.so.6
>>> ncdu*: Package size: 70.2 KB
>>> ncdu*: Compressing data...
>>> ncdu*: Create checksum...
>>> ncdu*: Create ncdu-1.22-r0.apk
>>> ncdu: Updating the main/x86_64 repository index...
>>> ncdu: Signing the index...
>>> ncdu: Cleaning up srcdir
>>> ncdu: Cleaning up build chroot
>>> ncdu: Cleaning up pkgdir
