pigz: not found
>>> build-base: Building main/build-base 0.5-r3 (using abuild 3.14.1-r4) started Sat, 17 May 2025 22:27:31 +0000
>>> build-base: Validating /home/packager/aports/main/build-base/APKBUILD...
>>> build-base: Analyzing dependencies...
>>> build-base: Installing for build: binutils file gcc g++ make libc-dev fortify-headers patch
(1/1) Installing .makedepends-build-base (20250517.222732)
OK: 260 MiB in 82 packages
>>> build-base: Cleaning up srcdir
>>> build-base: Cleaning up pkgdir
>>> build-base: Cleaning up tmpdir
>>> build-base: Entering fakeroot...
>>> build-base*: Running postcheck for build-base
>>> build-base*: Preparing package build-base...
>>> build-base*: Tracing dependencies...
	binutils
	file
	gcc
	g++
	make
	libc-dev
	fortify-headers
	patch
>>> build-base*: Package size: 0.0 
>>> build-base*: Compressing data...
>>> build-base*: Create checksum...
pigz: not found
>>> build-base*: Create build-base-0.5-r3.apk
>>> build-base: Build complete at Sat, 17 May 2025 22:27:33 +0000 elapsed time 0h 0m 2s
>>> build-base: Cleaning up srcdir
>>> build-base: Cleaning up pkgdir
>>> build-base: Uninstalling dependencies...
(1/1) Purging .makedepends-build-base (20250517.222732)
OK: 260 MiB in 81 packages
>>> build-base: Updating the main/x86_64 repository index...
>>> build-base: Signing the index...
pigz: not found
