pigz: not found
>>> dmvpn: Building main/dmvpn 1.4.1-r0 (using abuild 3.14.1-r4) started Fri, 23 May 2025 02:43:27 +0000
>>> dmvpn: Validating /home/packager/aports/main/dmvpn/APKBUILD...
>>> dmvpn: Analyzing dependencies...
>>> dmvpn: Installing for build: build-base augeas bind-tools lua5.2 lua5.2-cqueues lua5.2-lyaml lua5.2-ossl lua5.2-posix lua5.2-struct quagga strongswan tunnel lua-asn1 lighttpd lua5.2-sql-sqlite3 lua5.2-stringy
(1/49) Installing xz-libs (5.6.3-r1)
(2/49) Installing libxml2 (2.13.4-r6)
(3/49) Installing augeas-libs (1.12.0-r6)
(4/49) Installing augeas (1.12.0-r6)
(5/49) Installing fstrm (0.6.1-r4)
(6/49) Installing krb5-conf (1.0-r2)
(7/49) Installing libcom_err (1.47.1-r1)
(8/49) Installing keyutils-libs (1.6.3-r4)
(9/49) Installing libverto (0.3.2-r2)
(10/49) Installing krb5-libs (1.21.3-r0)
(11/49) Installing json-c (0.18-r0)
(12/49) Installing protobuf-c (1.5.0-r2)
(13/49) Installing libuv (1.49.2-r0)
(14/49) Installing bind-libs (9.18.37-r0)
(15/49) Installing bind-tools (9.18.37-r0)
(16/49) Installing lua5.2-libs (5.2.4-r13)
(17/49) Installing lua5.2 (5.2.4-r13)
(18/49) Installing lua5.2-cqueues (20200726-r6)
(19/49) Installing lua-stdlib-debug (1.0.1-r1)
(20/49) Installing lua-stdlib-normalize (2.0.3-r1)
(21/49) Installing yaml (0.2.5-r2)
(22/49) Installing lua5.2-lyaml (6.2.8-r1)
(23/49) Installing lua5.2-ossl (20220711-r3)
(24/49) Installing lua5.2-posix (36.3-r0)
(25/49) Installing lua5.2-struct (0.2-r4)
(26/49) Installing libelf (0.191-r0)
(27/49) Installing libmnl (1.0.5-r2)
(28/49) Installing iproute2-minimal (6.11.0-r0)
(29/49) Installing libxtables (1.8.11-r1)
(30/49) Installing iproute2-tc (6.11.0-r0)
(31/49) Installing iproute2-ss (6.11.0-r0)
(32/49) Installing iproute2 (6.11.0-r0)
Executing iproute2-6.11.0-r0.post-install
(33/49) Installing net-snmp-libs (5.9.4-r1)
(34/49) Installing net-snmp-agent-libs (5.9.4-r1)
(35/49) Installing quagga (1.2.4-r10)
Executing quagga-1.2.4-r10.pre-install
Executing quagga-1.2.4-r10.post-install
(36/49) Installing sqlite-libs (3.49.2-r0)
(37/49) Installing strongswan (5.9.14-r0)
Executing strongswan-5.9.14-r0.pre-install
(38/49) Installing tunnel (1.1-r0)
(39/49) Installing lua-stringy (0.5.1-r3)
(40/49) Installing lua5.2-stringy (0.5.1-r3)
(41/49) Installing lua-asn1 (2.2.0-r1)
(42/49) Installing libdbi (0.9.0-r5)
(43/49) Installing gdbm (1.24-r0)
(44/49) Installing libsasl (2.1.28-r8)
(45/49) Installing libldap (2.6.8-r0)
(46/49) Installing lighttpd (1.4.79-r0)
Executing lighttpd-1.4.79-r0.pre-install
(47/49) Installing lua5.2-sql-sqlite3 (2.6.0-r5)
(48/49) Installing .makedepends-dmvpn (20250523.024329)
(49/49) Installing lua5.4-stringy (0.5.1-r3)
Executing busybox-1.37.0-r12.trigger
OK: 340 MiB in 163 packages
>>> dmvpn: Cleaning up srcdir
>>> dmvpn: Cleaning up pkgdir
>>> dmvpn: Cleaning up tmpdir
>>> dmvpn: Fetching dmvpn-1.4.1.tar.bz2::https://gitlab.alpinelinux.org/alpine/dmvpn-tools/-/archive/v1.4.1/dmvpn-tools-v1.4.1.tar.bz2
Connecting to gitlab.alpinelinux.org (172.105.69.85:443)
saving to '/var/cache/distfiles/dmvpn-1.4.1.tar.bz2.part'
dmvpn-1.4.1.tar.bz2. 100% |********************************| 19459  0:00:00 ETA
'/var/cache/distfiles/dmvpn-1.4.1.tar.bz2.part' saved
>>> dmvpn: Fetching dmvpn-1.4.1.tar.bz2::https://gitlab.alpinelinux.org/alpine/dmvpn-tools/-/archive/v1.4.1/dmvpn-tools-v1.4.1.tar.bz2
>>> dmvpn: Checking sha512sums...
dmvpn-1.4.1.tar.bz2: OK
dmvpn-ca.insync: OK
>>> dmvpn: Unpacking /var/cache/distfiles/dmvpn-1.4.1.tar.bz2...
>>> dmvpn: Entering fakeroot...
>>> dmvpn-ca*: Running split function ca...
>>> dmvpn-ca*: Preparing subpackage dmvpn-ca...
>>> dmvpn-ca*: Running postcheck for dmvpn-ca
>>> dmvpn-crl-dp*: Running split function dp...
>>> dmvpn-crl-dp*: Preparing subpackage dmvpn-crl-dp...
>>> dmvpn-crl-dp*: Running postcheck for dmvpn-crl-dp
>>> lua-dmvpn*: Running split function dmvpn...
>>> lua-dmvpn*: Preparing subpackage lua-dmvpn...
>>> lua-dmvpn*: Running postcheck for lua-dmvpn
>>> dmvpn-openrc*: Running split function openrc...
renamed 'etc/init.d' -> '/home/packager/aports/main/dmvpn/pkg/dmvpn-openrc/etc/init.d'
>>> dmvpn-openrc*: Preparing subpackage dmvpn-openrc...
>>> dmvpn-openrc*: Running postcheck for dmvpn-openrc
>>> dmvpn*: Running postcheck for dmvpn
>>> dmvpn*: Preparing package dmvpn...
>>> dmvpn-ca*: Tracing dependencies...
	lua5.2
	lua5.2-lyaml
	lua5.2-ossl
	lua5.2-posix
	lua5.2-sql-sqlite3
	lua5.2-stringy
	lua-asn1
	lua-dmvpn
>>> dmvpn-ca*: Package size: 31.8 KB
>>> dmvpn-ca*: Compressing data...
>>> dmvpn-ca*: Create checksum...
pigz: not found
>>> dmvpn-ca*: Create dmvpn-ca-1.4.1-r0.apk
>>> dmvpn-crl-dp*: Tracing dependencies...
	lighttpd
>>> dmvpn-crl-dp*: Package size: 537.0 B
>>> dmvpn-crl-dp*: Compressing data...
>>> dmvpn-crl-dp*: Create checksum...
pigz: not found
>>> dmvpn-crl-dp*: Create dmvpn-crl-dp-1.4.1-r0.apk
>>> dmvpn-openrc*: Tracing dependencies...
>>> dmvpn-openrc*: Package size: 349.0 B
>>> dmvpn-openrc*: Compressing data...
>>> dmvpn-openrc*: Create checksum...
pigz: not found
>>> dmvpn-openrc*: Create dmvpn-openrc-1.4.1-r0.apk
>>> dmvpn*: Tracing dependencies...
	augeas
	bind-tools
	lua5.2
	lua5.2-cqueues
	lua5.2-lyaml
	lua5.2-ossl
	lua5.2-posix
	lua5.2-struct
	lua-dmvpn
	quagga
	strongswan
	tunnel
>>> dmvpn*: Package size: 18.4 KB
>>> dmvpn*: Compressing data...
>>> dmvpn*: Create checksum...
libfakeroot internal error: payload not recognized!
pigz: not found
>>> dmvpn*: Create dmvpn-1.4.1-r0.apk
>>> lua-dmvpn*: Tracing dependencies...
	lua-asn1
>>> lua-dmvpn*: Package size: 1.5 KB
>>> lua-dmvpn*: Compressing data...
>>> lua-dmvpn*: Create checksum...
pigz: not found
>>> lua-dmvpn*: Create lua-dmvpn-1.4.1-r0.apk
>>> dmvpn: Build complete at Fri, 23 May 2025 02:43:39 +0000 elapsed time 0h 0m 12s
>>> dmvpn: Cleaning up srcdir
>>> dmvpn: Cleaning up pkgdir
>>> dmvpn: Uninstalling dependencies...
(1/49) Purging .makedepends-dmvpn (20250523.024329)
(2/49) Purging augeas (1.12.0-r6)
(3/49) Purging bind-tools (9.18.37-r0)
(4/49) Purging lua5.2-cqueues (20200726-r6)
(5/49) Purging lua5.2-lyaml (6.2.8-r1)
(6/49) Purging lua5.2-ossl (20220711-r3)
(7/49) Purging lua5.2-posix (36.3-r0)
(8/49) Purging lua5.2-struct (0.2-r4)
(9/49) Purging quagga (1.2.4-r10)
(10/49) Purging strongswan (5.9.14-r0)
(11/49) Purging iproute2 (6.11.0-r0)
(12/49) Purging iproute2-minimal (6.11.0-r0)
(13/49) Purging iproute2-tc (6.11.0-r0)
(14/49) Purging iproute2-ss (6.11.0-r0)
(15/49) Purging tunnel (1.1-r0)
(16/49) Purging lua-asn1 (2.2.0-r1)
(17/49) Purging lua5.4-stringy (0.5.1-r3)
(18/49) Purging lua-stringy (0.5.1-r3)
(19/49) Purging lighttpd (1.4.79-r0)
(20/49) Purging lua5.2-sql-sqlite3 (2.6.0-r5)
(21/49) Purging lua5.2-stringy (0.5.1-r3)
(22/49) Purging lua-stdlib-normalize (2.0.3-r1)
(23/49) Purging lua-stdlib-debug (1.0.1-r1)
(24/49) Purging lua5.2 (5.2.4-r13)
(25/49) Purging augeas-libs (1.12.0-r6)
(26/49) Purging bind-libs (9.18.37-r0)
(27/49) Purging fstrm (0.6.1-r4)
(28/49) Purging json-c (0.18-r0)
(29/49) Purging krb5-libs (1.21.3-r0)
(30/49) Purging krb5-conf (1.0-r2)
(31/49) Purging libcom_err (1.47.1-r1)
(32/49) Purging libdbi (0.9.0-r5)
(33/49) Purging libelf (0.191-r0)
(34/49) Purging libldap (2.6.8-r0)
(35/49) Purging libmnl (1.0.5-r2)
(36/49) Purging libsasl (2.1.28-r8)
(37/49) Purging libuv (1.49.2-r0)
(38/49) Purging libverto (0.3.2-r2)
(39/49) Purging libxml2 (2.13.4-r6)
(40/49) Purging libxtables (1.8.11-r1)
(41/49) Purging lua5.2-libs (5.2.4-r13)
(42/49) Purging net-snmp-agent-libs (5.9.4-r1)
(43/49) Purging net-snmp-libs (5.9.4-r1)
(44/49) Purging protobuf-c (1.5.0-r2)
(45/49) Purging sqlite-libs (3.49.2-r0)
(46/49) Purging xz-libs (5.6.3-r1)
(47/49) Purging yaml (0.2.5-r2)
(48/49) Purging gdbm (1.24-r0)
(49/49) Purging keyutils-libs (1.6.3-r4)
Executing busybox-1.37.0-r12.trigger
OK: 313 MiB in 114 packages
>>> dmvpn: Updating the main/x86_64 repository index...
>>> dmvpn: Signing the index...
pigz: not found
