pigz: not found
>>> acf-gross: Building main/acf-gross 0.6.0-r4 (using abuild 3.14.1-r4) started Fri, 23 May 2025 03:25:24 +0000
>>> acf-gross: Validating /home/packager/aports/main/acf-gross/APKBUILD...
>>> acf-gross: Analyzing dependencies...
>>> acf-gross: Installing for build: build-base acf-core gross
(1/14) Installing acf-jquery (0.4.3-r2)
(2/14) Installing lua-subprocess (0_git20230625-r1)
(3/14) Installing acf-lib (0.11.1-r0)
(4/14) Installing acf-skins (0.6.0-r3)
(5/14) Installing haserl-lua5.4 (0.9.36-r4)
(6/14) Installing acf-lib-lua5.4 (0.11.1-r0)
(7/14) Installing lua5.4-subprocess (0_git20230625-r1)
(8/14) Installing lua5.4-bit32 (5.3.0-r6)
(9/14) Installing lua5.4-posix (36.3-r0)
(10/14) Installing lua5.4-md5 (1.3-r2)
(11/14) Installing lua-json4 (1.0.1-r0)
(12/14) Installing acf-core (0.24.1-r0)
(13/14) Installing gross (1.0.4-r0)
Executing gross-1.0.4-r0.pre-install
(14/14) Installing .makedepends-acf-gross (20250523.032528)
Executing busybox-1.37.0-r12.trigger
OK: 315 MiB in 128 packages
>>> acf-gross: Cleaning up srcdir
>>> acf-gross: Cleaning up pkgdir
>>> acf-gross: Cleaning up tmpdir
>>> acf-gross: Fetching https://gitlab.alpinelinux.org/acf/acf-gross/-/archive/v0.6.0/acf-gross-v0.6.0.tar.gz
Connecting to gitlab.alpinelinux.org (172.105.69.85:443)
saving to '/var/cache/distfiles/acf-gross-v0.6.0.tar.gz.part'
acf-gross-v0.6.0.tar 100% |********************************|  1906  0:00:00 ETA
'/var/cache/distfiles/acf-gross-v0.6.0.tar.gz.part' saved
>>> acf-gross: Fetching https://gitlab.alpinelinux.org/acf/acf-gross/-/archive/v0.6.0/acf-gross-v0.6.0.tar.gz
>>> acf-gross: Checking sha512sums...
acf-gross-v0.6.0.tar.gz: OK
>>> acf-gross: Unpacking /var/cache/distfiles/acf-gross-v0.6.0.tar.gz...
>>> acf-gross: Entering fakeroot...
mkdir -p "/home/packager/aports/main/acf-gross/pkg/acf-gross//usr/share/acf/app/gross"
cp -a gross*  "/home/packager/aports/main/acf-gross/pkg/acf-gross//usr/share/acf/app/gross"
>>> acf-gross*: Running postcheck for acf-gross
>>> acf-gross*: Preparing package acf-gross...
>>> acf-gross*: Tracing dependencies...
	acf-core
	gross
>>> acf-gross*: Package size: 2.8 KB
>>> acf-gross*: Compressing data...
>>> acf-gross*: Create checksum...
pigz: not found
>>> acf-gross*: Create acf-gross-0.6.0-r4.apk
>>> acf-gross: Build complete at Fri, 23 May 2025 03:25:32 +0000 elapsed time 0h 0m 8s
>>> acf-gross: Cleaning up srcdir
>>> acf-gross: Cleaning up pkgdir
>>> acf-gross: Uninstalling dependencies...
(1/14) Purging .makedepends-acf-gross (20250523.032528)
(2/14) Purging acf-core (0.24.1-r0)
(3/14) Purging acf-jquery (0.4.3-r2)
(4/14) Purging acf-lib-lua5.4 (0.11.1-r0)
(5/14) Purging acf-lib (0.11.1-r0)
(6/14) Purging lua-subprocess (0_git20230625-r1)
(7/14) Purging acf-skins (0.6.0-r3)
(8/14) Purging haserl-lua5.4 (0.9.36-r4)
(9/14) Purging lua5.4-posix (36.3-r0)
(10/14) Purging lua5.4-bit32 (5.3.0-r6)
(11/14) Purging lua5.4-md5 (1.3-r2)
(12/14) Purging lua-json4 (1.0.1-r0)
(13/14) Purging lua5.4-subprocess (0_git20230625-r1)
(14/14) Purging gross (1.0.4-r0)
Executing busybox-1.37.0-r12.trigger
OK: 313 MiB in 114 packages
>>> acf-gross: Updating the main/x86_64 repository index...
>>> acf-gross: Signing the index...
pigz: not found
