>>> radvd: Validating /home/packager/oily-pine/main/radvd/APKBUILD...
>>> radvd: Cleaning up srcdir
>>> radvd: Cleaning up pkgdir
>>> radvd: Cleaning up tmpdir
>>> radvd: Fetching http://www.litech.org/radvd/dist/radvd-2.20.tar.xz
  % Total    % Received % Xferd  Average Speed   Time    Time     Time  Current
                                 Dload  Upload   Total   Spent    Left  Speed
  0     0    0     0    0     0      0      0 --:--:-- --:--:-- --:--:--     0100   332  100   332    0     0    885      0 --:--:-- --:--:-- --:--:--   887
100   162  100   162    0     0    292      0 --:--:-- --:--:-- --:--:--   292
  0     0    0     0    0     0      0      0 --:--:-- --:--:-- --:--:--     0100  184k  100  184k    0     0   212k      0 --:--:-- --:--:-- --:--:-- 6825k
>>> radvd: Fetching http://www.litech.org/radvd/dist/radvd-2.20.tar.xz
>>> radvd: Checking sha512sums...
radvd-2.20.tar.xz: OK
radvd.initd: OK
radvd.confd: OK
>>> radvd: Preparing build chroot...
fetch http://dl-cdn.alpinelinux.org/alpine/edge/main/x86_64/APKINDEX.tar.gz
(1/81) Installing musl (1.2.5-r10)
(2/81) Installing libcrypto3 (3.5.0-r0)
(3/81) Installing ca-certificates-bundle (20241121-r2)
(4/81) Installing libssl3 (3.5.0-r0)
(5/81) Installing zlib (1.3.1-r2)
(6/81) Installing libapk2 (2.14.9-r2)
(7/81) Installing apk-tools (2.14.9-r2)
(8/81) Installing libcap2 (2.76-r0)
(9/81) Installing libcap-getcap (2.76-r0)
(10/81) Installing fakeroot (1.37.1.1-r0)
(11/81) Installing scanelf (1.3.8-r1)
(12/81) Installing musl-utils (1.2.5-r10)
(13/81) Installing libgcc (14.3.0-r1)
(14/81) Installing libstdc++ (14.3.0-r1)
(15/81) Installing lzip (1.25-r0)
(16/81) Installing openssl (3.5.0-r0)
(17/81) Installing patch (2.8-r0)
(18/81) Installing pkgconf (2.4.3-r0)
(19/81) Installing acl-libs (2.3.2-r1)
(20/81) Installing tar (1.35-r3)
(21/81) Installing busybox (1.37.0-r18)
Executing busybox-1.37.0-r18.post-install
(22/81) Installing ssl_client (1.37.0-r18)
(23/81) Installing busybox-binsh (1.37.0-r18)
(24/81) Installing abuild (3.15.0-r0)
Executing abuild-3.15.0-r0.pre-install
(25/81) Installing abuild-sudo (3.15.0-r0)
(26/81) Installing alpine-baselayout-data (3.7.0-r0)
(27/81) Installing alpine-baselayout (3.7.0-r0)
Executing alpine-baselayout-3.7.0-r0.pre-install
Executing alpine-baselayout-3.7.0-r0.post-install
(28/81) Installing bridge (1.5-r5)
(29/81) Installing ifupdown-ng (0.12.1-r7)
(30/81) Installing openrc-user (0.62.2-r2)
(31/81) Installing openrc (0.62.2-r2)
Executing openrc-0.62.2-r2.post-install
(32/81) Installing mdev-conf (4.8-r0)
(33/81) Installing busybox-mdev-openrc (1.37.0-r18)
(34/81) Installing alpine-conf (3.20.0-r0)
(35/81) Installing alpine-keys (2.5-r0)
(36/81) Installing alpine-release (3.22.0-r0)
(37/81) Installing busybox-openrc (1.37.0-r18)
(38/81) Installing busybox-suid (1.37.0-r18)
(39/81) Installing alpine-base (3.22.0-r0)
(40/81) Installing m4 (1.4.20-r0)
(41/81) Installing bison (3.8.2-r2)
(42/81) Installing jansson (2.14.1-r0)
(43/81) Installing zstd-libs (1.5.7-r0)
(44/81) Installing binutils (2.44-r0)
(45/81) Installing libmagic (5.46-r2)
(46/81) Installing file (5.46-r2)
(47/81) Installing libgomp (14.3.0-r1)
(48/81) Installing libatomic (14.3.0-r1)
(49/81) Installing gmp (6.3.0-r3)
(50/81) Installing isl26 (0.26-r1)
(51/81) Installing mpfr4 (4.2.1_p1-r0)
(52/81) Installing mpc1 (1.3.1-r1)
(53/81) Installing gcc (14.3.0-r1)
(54/81) Installing libstdc++-dev (14.3.0-r1)
(55/81) Installing musl-dev (1.2.5-r10)
(56/81) Installing g++ (14.3.0-r1)
(57/81) Installing make (4.4.1-r3)
(58/81) Installing fortify-headers (1.1-r5)
(59/81) Installing build-base (0.5-r3)
(60/81) Installing check (0.15.2-r5)
(61/81) Installing check-dev (0.15.2-r5)
(62/81) Installing flex (2.6.4-r7)
(63/81) Installing brotli-libs (1.1.0-r2)
(64/81) Installing c-ares (1.34.5-r0)
(65/81) Installing libunistring (1.3-r0)
(66/81) Installing libidn2 (2.3.7-r0)
(67/81) Installing nghttp2-libs (1.65.0-r0)
(68/81) Installing libpsl (0.21.5-r3)
(69/81) Installing libcurl (8.14.0-r2)
(70/81) Installing libexpat (2.7.1-r0)
(71/81) Installing pcre2 (10.43-r1)
(72/81) Installing git (2.49.0-r0)
(73/81) Installing git-init-template (2.49.0-r0)
(74/81) Installing bsd-compat-headers (0.7.2-r6)
(75/81) Installing linux-headers (6.14.2-r0)
(76/81) Installing libmd (1.1.0-r0)
(77/81) Installing libmd-dev (1.1.0-r0)
(78/81) Installing libbsd (0.12.2-r0)
(79/81) Installing libbsd-dev (0.12.2-r0)
(80/81) Installing libdaemon (0.14-r6)
(81/81) Installing libdaemon-dev (0.14-r6)
Executing busybox-1.37.0-r18.trigger
OK: 268 MiB in 81 packages
>>> radvd: Fetching http://www.litech.org/radvd/dist/radvd-2.20.tar.xz
>>> radvd: Checking sha512sums...
radvd-2.20.tar.xz: OK
radvd.initd: OK
radvd.confd: OK
>>> radvd: Unpacking /var/cache/distfiles/radvd-2.20.tar.xz...
>>> radvd: Updating ./config.sub
checking build system type... x86_64-alpine-linux-musl
checking host system type... x86_64-alpine-linux-musl
checking target system type... x86_64-alpine-linux-musl
checking for a BSD-compatible install... /usr/bin/install -c
checking whether build environment is sane... yes
checking for a thread-safe mkdir -p... ./install-sh -c -d
checking for gawk... no
checking for mawk... no
checking for nawk... no
checking for awk... awk
checking whether make sets $(MAKE)... yes
checking whether make supports nested variables... yes
checking whether make supports nested variables... (cached) yes
checking architecture... linux
checking whether make supports the include directive... yes (GNU style)
checking for x86_64-alpine-linux-musl-gcc... cc
checking whether the C compiler works... yes
checking for C compiler default output file name... a.out
checking for suffix of executables... 
checking whether we are cross compiling... no
checking for suffix of object files... o
checking whether we are using the GNU C compiler... yes
checking whether cc accepts -g... yes
checking for cc option to accept ISO C89... none needed
checking whether cc understands -c and -o together... yes
checking dependency style of cc... gcc3
checking for cc option to accept ISO C99... none needed
checking for x86_64-alpine-linux-musl-ranlib... no
checking for ranlib... ranlib
checking for x86_64-alpine-linux-musl-ar... no
checking for x86_64-alpine-linux-musl-lib... no
checking for x86_64-alpine-linux-musl-link... no
checking for ar... ar
checking the archiver (ar) interface... ar
checking for x86_64-alpine-linux-musl-pkg-config... no
checking for pkg-config... /usr/bin/pkg-config
checking pkg-config is at least version 0.9.0... yes
checking for check >= 0.9.4... yes
checking netlink... yes
checking for library containing clock_gettime... none required
checking for library containing strlcpy... none required
checking for rm... /bin/rm
checking for sed... /bin/sed
checking for ln... /bin/ln
checking for bison... bison -y
checking for flex... flex
checking lex output file root... lex.yy
checking lex library... none needed
checking whether yytext is a pointer... no
checking for tar... /bin/tar
checking for gzip... /bin/gzip
checking where to put logfile... /var/log/radvd.log
checking where to put pidfile... /run/radvd/radvd.pid
checking where to find configfile... /etc/radvd.conf
checking which syslog facility to use... LOG_DAEMON
checking for inet_ntop in -lc... yes
checking how to run the C preprocessor... cc -E
checking for grep that handles long lines and -e... /bin/grep
checking for egrep... /bin/grep -E
checking for ANSI C header files... yes
checking for sys/types.h... yes
checking for sys/stat.h... yes
checking for stdlib.h... yes
checking for string.h... yes
checking for memory.h... yes
checking for strings.h... yes
checking for inttypes.h... yes
checking for stdint.h... yes
checking for unistd.h... yes
checking getopt.h usability... yes
checking getopt.h presence... yes
checking for getopt.h... yes
checking ifaddrs.h usability... yes
checking ifaddrs.h presence... yes
checking for ifaddrs.h... yes
checking linux/if_arp.h usability... yes
checking linux/if_arp.h presence... yes
checking for linux/if_arp.h... yes
checking machine/limits.h usability... no
checking machine/limits.h presence... no
checking for machine/limits.h... no
checking machine/param.h usability... no
checking machine/param.h presence... no
checking for machine/param.h... no
checking net/if_arp.h usability... yes
checking net/if_arp.h presence... yes
checking for net/if_arp.h... yes
checking net/if_dl.h usability... no
checking net/if_dl.h presence... no
checking for net/if_dl.h... no
checking net/if_types.h usability... no
checking net/if_types.h presence... no
checking for net/if_types.h... no
checking sys/param.h usability... yes
checking sys/param.h presence... yes
checking for sys/param.h... yes
checking sys/sockio.h usability... no
checking sys/sockio.h presence... no
checking for sys/sockio.h... no
checking sys/time.h usability... yes
checking sys/time.h presence... yes
checking for sys/time.h... yes
checking time.h usability... yes
checking time.h presence... yes
checking for time.h... yes
checking whether time.h and sys/time.h may both be included... yes
checking whether struct sockaddr_in6 has sin6_scope_id... yes
checking whether struct in6_addr has u6_addrXX and defines s6_addrXX... yes
checking for getopt_long... yes
checking for ppoll... yes
checking for sysctl... no
checking for x86_64-alpine-linux-musl-pkg-config... /usr/bin/pkg-config
checking pkg-config is at least version 0.9.0... yes
checking that generated files are newer than configure... done
configure: creating ./config.status
config.status: creating Makefile
config.status: creating radvd.service
config.status: creating redhat/systemd/radvd.spec
config.status: creating redhat/SysV/radvd.spec
config.status: creating config.h
config.status: executing depfiles commands

Your build configuration:

	CPPFLAGS = 
	CFLAGS = -Os -fstack-clash-protection -Wformat -Werror=format-security -fno-plt
	LDFLAGS = -Wl,--as-needed,-O1,--sort-common -Wl,-z,pack-relative-relocs
	Arch = linux
	Extras: privsep-linux.o device-linux.o netlink.o
	prefix: /usr
	PID file: /run/radvd/radvd.pid
	Log file: /var/log/radvd.log
	Config file: /etc/radvd.conf
	Radvd version: 2.20

  YACC     gram.c
updating gram.h
make  all-am
make[1]: Entering directory '/tmp/src/radvd-2.20'
  CC       log.o
  CC       recv.o
  CC       socket.o
  CC       util.o
  CC       device-common.o
  CC       interface.o
  CC       process.o
  CC       radvd.o
  CC       send.o
  CC       timer.o
  CC       privsep-linux.o
  CC       device-linux.o
  CC       netlink.o
  CC       gram.o
  LEX      scanner.c
  CC       radvdump.o
In file included from /usr/include/bsd/sys/cdefs.h:54,
                 from /usr/include/bsd/string.h:39,
                 from includes.h:30,
                 from util.c:16:
/usr/include/sys/cdefs.h:4:2: warning: #warning usage of non-standard #include <sys/cdefs.h> is deprecated [-Wcpp]
    4 | #warning usage of non-standard #include <sys/cdefs.h> is deprecated
      |  ^~~~~~~
In file included from /usr/include/bsd/sys/cdefs.h:54,
                 from /usr/include/bsd/string.h:39,
                 from includes.h:30,
                 from log.c:16:
/usr/include/sys/cdefs.h:4:2: warning: #warning usage of non-standard #include <sys/cdefs.h> is deprecated [-Wcpp]
    4 | #warning usage of non-standard #include <sys/cdefs.h> is deprecated
      |  ^~~~~~~
In file included from /usr/include/bsd/sys/cdefs.h:54,
                 from /usr/include/bsd/string.h:39,
                 from includes.h:30,
                 from defaults.h:19,
                 from interface.c:16:
/usr/include/sys/cdefs.h:4:2: warning: #warning usage of non-standard #include <sys/cdefs.h> is deprecated [-Wcpp]
    4 | #warning usage of non-standard #include <sys/cdefs.h> is deprecated
      |  ^~~~~~~
In file included from /usr/include/bsd/sys/cdefs.h:54,
                 from /usr/include/bsd/string.h:39,
                 from includes.h:30,
                 from privsep-linux.c:18:
/usr/include/sys/cdefs.h:4:2: warning: #warning usage of non-standard #include <sys/cdefs.h> is deprecated [-Wcpp]
    4 | #warning usage of non-standard #include <sys/cdefs.h> is deprecated
      |  ^~~~~~~
In file included from /usr/include/bsd/sys/cdefs.h:54,
                 from /usr/include/bsd/string.h:39,
                 from includes.h:30,
                 from defaults.h:19,
                 from device-linux.c:16:
/usr/include/sys/cdefs.h:4:2: warning: #warning usage of non-standard #include <sys/cdefs.h> is deprecated [-Wcpp]
    4 | #warning usage of non-standard #include <sys/cdefs.h> is deprecated
      |  ^~~~~~~
In file included from /usr/include/bsd/sys/cdefs.h:54,
                 from /usr/include/bsd/string.h:39,
                 from includes.h:30,
                 from recv.c:17:
/usr/include/sys/cdefs.h:4:2: warning: #warning usage of non-standard #include <sys/cdefs.h> is deprecated [-Wcpp]
    4 | #warning usage of non-standard #include <sys/cdefs.h> is deprecated
      |  ^~~~~~~
In file included from /usr/include/bsd/sys/cdefs.h:54,
                 from /usr/include/bsd/string.h:39,
                 from includes.h:30,
                 from socket.c:17:
/usr/include/sys/cdefs.h:4:2: warning: #warning usage of non-standard #include <sys/cdefs.h> is deprecated [-Wcpp]
    4 | #warning usage of non-standard #include <sys/cdefs.h> is deprecated
      |  ^~~~~~~
In file included from /usr/include/bsd/sys/cdefs.h:54,
                 from /usr/include/bsd/string.h:39,
                 from includes.h:30,
                 from defaults.h:19,
                 from device-common.c:16:
/usr/include/sys/cdefs.h:4:2: warning: #warning usage of non-standard #include <sys/cdefs.h> is deprecated [-Wcpp]
    4 | #warning usage of non-standard #include <sys/cdefs.h> is deprecated
      |  ^~~~~~~
In file included from /usr/include/bsd/sys/cdefs.h:54,
                 from /usr/include/bsd/string.h:39,
                 from includes.h:30,
                 from gram.y:17:
/usr/include/sys/cdefs.h:4:2: warning: #warning usage of non-standard #include <sys/cdefs.h> is deprecated [-Wcpp]
    4 | #warning usage of non-standard #include <sys/cdefs.h> is deprecated
      |  ^~~~~~~
In file included from /usr/include/bsd/sys/cdefs.h:54,
                 from /usr/include/bsd/string.h:39,
                 from includes.h:30,
                 from process.c:17:
/usr/include/sys/cdefs.h:4:2: warning: #warning usage of non-standard #include <sys/cdefs.h> is deprecated [-Wcpp]
    4 | #warning usage of non-standard #include <sys/cdefs.h> is deprecated
      |  ^~~~~~~
In file included from /usr/include/bsd/sys/cdefs.h:54,
                 from /usr/include/bsd/string.h:39,
                 from includes.h:30,
                 from defaults.h:19,
                 from radvd.h:19,
                 from radvd.c:16:
/usr/include/sys/cdefs.h:4:2: warning: #warning usage of non-standard #include <sys/cdefs.h> is deprecated [-Wcpp]
    4 | #warning usage of non-standard #include <sys/cdefs.h> is deprecated
      |  ^~~~~~~
In file included from /usr/include/bsd/sys/cdefs.h:54,
                 from /usr/include/bsd/string.h:39,
                 from includes.h:30,
                 from defaults.h:19,
                 from radvd.h:19,
                 from timer.c:17:
/usr/include/sys/cdefs.h:4:2: warning: #warning usage of non-standard #include <sys/cdefs.h> is deprecated [-Wcpp]
    4 | #warning usage of non-standard #include <sys/cdefs.h> is deprecated
      |  ^~~~~~~
In file included from /usr/include/bsd/sys/cdefs.h:54,
                 from /usr/include/bsd/string.h:39,
                 from includes.h:30,
                 from send.c:17:
/usr/include/sys/cdefs.h:4:2: warning: #warning usage of non-standard #include <sys/cdefs.h> is deprecated [-Wcpp]
    4 | #warning usage of non-standard #include <sys/cdefs.h> is deprecated
      |  ^~~~~~~
In file included from /usr/include/bsd/sys/cdefs.h:54,
                 from /usr/include/bsd/string.h:39,
                 from includes.h:30,
                 from defaults.h:19,
                 from radvd.h:19,
                 from netlink.h:18,
                 from netlink.c:16:
/usr/include/sys/cdefs.h:4:2: warning: #warning usage of non-standard #include <sys/cdefs.h> is deprecated [-Wcpp]
    4 | #warning usage of non-standard #include <sys/cdefs.h> is deprecated
      |  ^~~~~~~
In file included from /usr/include/bsd/sys/cdefs.h:54,
                 from /usr/include/bsd/string.h:39,
                 from includes.h:30,
                 from defaults.h:19,
                 from radvd.h:19,
                 from radvdump.c:16:
/usr/include/sys/cdefs.h:4:2: warning: #warning usage of non-standard #include <sys/cdefs.h> is deprecated [-Wcpp]
    4 | #warning usage of non-standard #include <sys/cdefs.h> is deprecated
      |  ^~~~~~~
  GEN      radvd.8
  GEN      radvd.conf.5
  GEN      radvdump.8
  CC       scanner.o
In file included from /usr/include/bsd/sys/cdefs.h:54,
                 from /usr/include/bsd/string.h:39,
                 from includes.h:30,
                 from scanner.l:20:
/usr/include/sys/cdefs.h:4:2: warning: #warning usage of non-standard #include <sys/cdefs.h> is deprecated [-Wcpp]
    4 | #warning usage of non-standard #include <sys/cdefs.h> is deprecated
      |  ^~~~~~~
  CCLD     radvdump
  AR       libradvd-parser.a
ar: `u' modifier ignored since `D' is the default (see `U')
  CCLD     radvd
make[1]: Leaving directory '/tmp/src/radvd-2.20'
make: Entering directory '/tmp/src/radvd-2.20'
make  check_all
make[1]: Entering directory '/tmp/src/radvd-2.20'
  CC       check_all-device-common.o
  CC       check_all-interface.o
  CC       check_all-log.o
  CC       check_all-send.o
  CC       check_all-timer.o
  CC       check_all-util.o
  CC       test/check_all-print_safe_buffer.o
  CC       test/check_all-check.o
In file included from /usr/include/bsd/sys/cdefs.h:54,
                 from /usr/include/bsd/string.h:39,
                 from includes.h:30,
                 from defaults.h:19,
                 from device-common.c:16:
/usr/include/sys/cdefs.h:4:2: warning: #warning usage of non-standard #include <sys/cdefs.h> is deprecated [-Wcpp]
    4 | #warning usage of non-standard #include <sys/cdefs.h> is deprecated
      |  ^~~~~~~
In file included from /usr/include/bsd/sys/cdefs.h:54,
                 from /usr/include/bsd/string.h:39,
                 from includes.h:30,
                 from send.c:17:
/usr/include/sys/cdefs.h:4:2: warning: #warning usage of non-standard #include <sys/cdefs.h> is deprecated [-Wcpp]
    4 | #warning usage of non-standard #include <sys/cdefs.h> is deprecated
      |  ^~~~~~~
In file included from /usr/include/bsd/sys/cdefs.h:54,
                 from /usr/include/bsd/string.h:39,
                 from includes.h:30,
                 from util.c:16:
/usr/include/sys/cdefs.h:4:2: warning: #warning usage of non-standard #include <sys/cdefs.h> is deprecated [-Wcpp]
    4 | #warning usage of non-standard #include <sys/cdefs.h> is deprecated
      |  ^~~~~~~
In file included from /usr/include/bsd/sys/cdefs.h:54,
                 from /usr/include/bsd/string.h:39,
                 from includes.h:30,
                 from defaults.h:19,
                 from interface.c:16:
/usr/include/sys/cdefs.h:4:2: warning: #warning usage of non-standard #include <sys/cdefs.h> is deprecated [-Wcpp]
    4 | #warning usage of non-standard #include <sys/cdefs.h> is deprecated
      |  ^~~~~~~
In file included from /usr/include/bsd/sys/cdefs.h:54,
                 from /usr/include/bsd/string.h:39,
                 from includes.h:30,
                 from log.c:16:
/usr/include/sys/cdefs.h:4:2: warning: #warning usage of non-standard #include <sys/cdefs.h> is deprecated [-Wcpp]
    4 | #warning usage of non-standard #include <sys/cdefs.h> is deprecated
      |  ^~~~~~~
In file included from /usr/include/bsd/sys/cdefs.h:54,
                 from /usr/include/bsd/string.h:39,
                 from test/../includes.h:30,
                 from test/../defaults.h:19,
                 from test/../radvd.h:19,
                 from test/print_safe_buffer.h:5,
                 from test/print_safe_buffer.c:2:
/usr/include/sys/cdefs.h:4:2: warning: #warning usage of non-standard #include <sys/cdefs.h> is deprecated [-Wcpp]
    4 | #warning usage of non-standard #include <sys/cdefs.h> is deprecated
      |  ^~~~~~~
In file included from /usr/include/bsd/sys/cdefs.h:54,
                 from /usr/include/bsd/string.h:39,
                 from includes.h:30,
                 from defaults.h:19,
                 from radvd.h:19,
                 from timer.c:17:
/usr/include/sys/cdefs.h:4:2: warning: #warning usage of non-standard #include <sys/cdefs.h> is deprecated [-Wcpp]
    4 | #warning usage of non-standard #include <sys/cdefs.h> is deprecated
      |  ^~~~~~~
  CCLD     check_all
make[1]: Leaving directory '/tmp/src/radvd-2.20'
make  check-TESTS
make[1]: Entering directory '/tmp/src/radvd-2.20'
make[2]: Entering directory '/tmp/src/radvd-2.20'
PASS: check_all
============================================================================
Testsuite summary for radvd 2.20
============================================================================
# TOTAL: 1
# PASS:  1
# SKIP:  0
# XFAIL: 0
# FAIL:  0
# XPASS: 0
# ERROR: 0
============================================================================
make[2]: Leaving directory '/tmp/src/radvd-2.20'
make[1]: Leaving directory '/tmp/src/radvd-2.20'
make: Leaving directory '/tmp/src/radvd-2.20'
>>> radvd: Entering fakeroot...
make[1]: Entering directory '/tmp/src/radvd-2.20'
 ./install-sh -c -d '/tmp/pkg/radvd/usr/sbin'
  /usr/bin/install -c radvd radvdump '/tmp/pkg/radvd/usr/sbin'
 ./install-sh -c -d '/tmp/pkg/radvd/usr/share/man/man5'
 /usr/bin/install -c -m 644 radvd.conf.5 '/tmp/pkg/radvd/usr/share/man/man5'
 ./install-sh -c -d '/tmp/pkg/radvd/usr/share/man/man8'
 /usr/bin/install -c -m 644 radvd.8 radvdump.8 '/tmp/pkg/radvd/usr/share/man/man8'
make[1]: Leaving directory '/tmp/src/radvd-2.20'
>>> radvd-doc*: Running split function doc...
'usr/share/doc' -> '/tmp/pkg/radvd-doc/usr/share/doc'
'usr/share/man' -> '/tmp/pkg/radvd-doc/usr/share/man'
>>> radvd-doc*: Preparing subpackage radvd-doc...
>>> radvd-doc*: Running postcheck for radvd-doc
>>> radvd-openrc*: Running split function openrc...
'etc/conf.d' -> '/tmp/pkg/radvd-openrc/etc/conf.d'
'etc/init.d' -> '/tmp/pkg/radvd-openrc/etc/init.d'
>>> radvd-openrc*: Preparing subpackage radvd-openrc...
>>> radvd-openrc*: Running postcheck for radvd-openrc
>>> radvd*: Running postcheck for radvd
>>> radvd*: Preparing package radvd...
>>> radvd*: Stripping binaries
>>> radvd*: Script found. /bin/sh added as a dependency for radvd-2.20-r0.apk
>>> radvd*: Adding .pre-install
>>> radvd-doc*: Scanning shared objects
>>> radvd-openrc*: Scanning shared objects
>>> radvd*: Scanning shared objects
>>> radvd-doc*: Tracing dependencies...
>>> radvd-doc*: Package size: 15.3 KB
>>> radvd-doc*: Compressing data...
>>> radvd-doc*: Create checksum...
>>> radvd-doc*: Create radvd-doc-2.20-r0.apk
>>> radvd-openrc*: Tracing dependencies...
>>> radvd-openrc*: Package size: 1.4 KB
>>> radvd-openrc*: Compressing data...
>>> radvd-openrc*: Create checksum...
>>> radvd-openrc*: Create radvd-openrc-2.20-r0.apk
>>> radvd*: Tracing dependencies...
	/bin/sh
	so:libc.musl-x86_64.so.1
>>> radvd*: Package size: 117.3 KB
>>> radvd*: Compressing data...
>>> radvd*: Create checksum...
>>> radvd*: Create radvd-2.20-r0.apk
>>> radvd: Updating the main/x86_64 repository index...
>>> radvd: Signing the index...
>>> radvd: Cleaning up srcdir
>>> radvd: Cleaning up build chroot
>>> radvd: Cleaning up pkgdir
